2023-07-22T18:01:56.329312241Z
2023-07-22T18:01:56.329330979Z Flux username: flux
2023-07-22T18:01:56.329333555Z
2023-07-22T18:01:56.329335674Z Flux install root: /usr
2023-07-22T18:01:56.357759481Z flux user is already added.
2023-07-22T18:01:56.359326980Z flux user identifiers:
2023-07-22T18:01:56.359336243Z uid=1234(flux) gid=1234(flux) groups=1234(flux)
2023-07-22T18:01:56.359338719Z
2023-07-22T18:01:56.359341295Z As Flux prefix for flux commands: sudo -u flux -E PYTHONPATH=/opt/conda/lib/python3.10/site-packages -E PATH=/opt/conda/bin:/usr/local/sbin:/usr/local/bin:/usr/sbin:/usr/bin:/sbin:/bin -E LD_LIBRARY_PATH=/opt/conda/lib -E HOME=/home/flux
2023-07-22T18:01:56.363567603Z
2023-07-22T18:01:56.363579335Z 👋 Hello, I'm flux-sample-7
2023-07-22T18:01:56.363581893Z The main host is flux-sample-0
2023-07-22T18:01:56.363584056Z The working directory is /home/flux/examples/reaxff/HNS, contents include:
2023-07-22T18:01:56.364543719Z /home/flux/examples/reaxff/HNS:
2023-07-22T18:01:56.364555196Z README.txt	ffield.reax.hns  log.8Mar18.reaxc.hns.g++.1
2023-07-22T18:01:56.364557818Z data.hns-equil	in.reaxc.hns	 log.8Mar18.reaxc.hns.g++.4
2023-07-22T18:01:56.364708262Z End of file listing, if you see nothing above there are no files.
2023-07-22T18:01:56.365676209Z flux R encode --hosts=flux-sample-[0-7]
2023-07-22T18:01:56.376356957Z
2023-07-22T18:01:56.376366750Z 📦 Resources
2023-07-22T18:01:56.377757820Z {"version": 1, "execution": {"R_lite": [{"rank": "0-7", "children": {"core": "0-3"}}], "starttime": 0.0, "expiration": 0.0, "nodelist": ["flux-sample-[0-7]"]}}
2023-07-22T18:01:56.377762547Z
2023-07-22T18:01:56.377764913Z 🐸 Diagnostics: false
2023-07-22T18:01:56.377766915Z 🚩️ Flux Option Flags defined
2023-07-22T18:01:56.379657704Z
2023-07-22T18:01:56.379665761Z 🦊 Independent Minister of Privilege
2023-07-22T18:01:56.380326106Z [exec]
2023-07-22T18:01:56.380335614Z allowed-users = [ "flux", "root" ]
2023-07-22T18:01:56.380338541Z allowed-shells = [ "/usr/libexec/flux/flux-shell" ]
2023-07-22T18:01:56.380441185Z
2023-07-22T18:01:56.380451676Z 🐸 Broker Configuration
2023-07-22T18:01:56.381175140Z # Flux needs to know the path to the IMP executable
2023-07-22T18:01:56.381184504Z [exec]
2023-07-22T18:01:56.381189468Z imp = "/usr/libexec/flux/flux-imp"
2023-07-22T18:01:56.381191334Z
2023-07-22T18:01:56.381193239Z [access]
2023-07-22T18:01:56.381195448Z allow-guest-user = true
2023-07-22T18:01:56.381197565Z allow-root-owner = true
2023-07-22T18:01:56.381199439Z
2023-07-22T18:01:56.381201340Z # Point to resource definition generated with flux-R(1).
2023-07-22T18:01:56.381203474Z [resource]
2023-07-22T18:01:56.381205607Z path = "/etc/flux/system/R"
2023-07-22T18:01:56.381207402Z
2023-07-22T18:01:56.381209300Z [bootstrap]
2023-07-22T18:01:56.381211202Z curve_cert = "/etc/curve/curve.cert"
2023-07-22T18:01:56.381213101Z default_port = 8050
2023-07-22T18:01:56.381215122Z default_bind = "tcp://eth0:%p"
2023-07-22T18:01:56.381217232Z default_connect = "tcp://%h.flux-service.flux-operator.svc.cluster.local:%p"
2023-07-22T18:01:56.381219212Z hosts = [
2023-07-22T18:01:56.381221120Z 	{ host="flux-sample-[0-7]"},
2023-07-22T18:01:56.381223022Z ]
2023-07-22T18:01:56.381224903Z [archive]
2023-07-22T18:01:56.381226898Z dbpath = "/var/lib/flux/job-archive.sqlite"
2023-07-22T18:01:56.381228925Z period = "1m"
2023-07-22T18:01:56.432846075Z busytimeout = "50s"
2023-07-22T18:01:56.432856405Z 🧊️ State Directory:
2023-07-22T18:01:56.432858772Z total 0
2023-07-22T18:01:56.432860704Z
2023-07-22T18:01:56.434744980Z
2023-07-22T18:01:56.434759572Z 🔒️ Working directory permissions:
2023-07-22T18:01:56.434762166Z total 96
2023-07-22T18:01:56.434764479Z -rwxrwxrwx 1 flux root  2517 May 17 22:32 README.txt
2023-07-22T18:01:56.434766429Z -rwxrwxrwx 1 flux root 54692 May 17 22:32 data.hns-equil
2023-07-22T18:01:56.434768313Z -rwxrwxrwx 1 flux root 13576 May 17 22:32 ffield.reax.hns
2023-07-22T18:01:56.434770152Z -rwxrwxrwx 1 flux root   870 May 17 22:32 in.reaxc.hns
2023-07-22T18:01:56.434772330Z -rwxrwxrwx 1 flux root  4172 May 17 22:32 log.8Mar18.reaxc.hns.g++.1
2023-07-22T18:01:56.434774395Z -rwxrwxrwx 1 flux root  4168 May 17 22:32 log.8Mar18.reaxc.hns.g++.4
2023-07-22T18:01:56.434776213Z
2023-07-22T18:01:56.434778008Z
2023-07-22T18:01:56.434779895Z ✨ Curve certificate generated by helper pod
2023-07-22T18:01:56.435258322Z #   ****  Generated on 2023-04-26 22:54:42 by CZMQ  ****
2023-07-22T18:01:56.435278560Z #   ZeroMQ CURVE **Secret** Certificate
2023-07-22T18:01:56.435281041Z #   DO NOT PROVIDE THIS FILE TO OTHER USERS nor change its permissions.
2023-07-22T18:01:56.435283248Z
2023-07-22T18:01:56.435285260Z metadata
2023-07-22T18:01:56.435287258Z     name = "flux-cert-generator"
2023-07-22T18:01:56.435289198Z     keygen.hostname = "flux-sample-0"
2023-07-22T18:01:56.435291504Z curve
2023-07-22T18:01:56.435293544Z     public-key = "[@t](=2#jCZ)F38<%XC&<s2GL(rqP$en{1?]w1BC"
2023-07-22T18:01:56.435295568Z     secret-key = "D7BhhA$vhzxwNZ5r@+H<II01=<Al/@d][j#x:<]I"
2023-07-22T18:01:56.436745959Z
2023-07-22T18:01:56.436759149Z 🌀  flux start --wrap=strace,-e,network,-tt -o --config /etc/flux/config -Scron.directory=/etc/flux/system/cron.d   -Stbon.fanout=256   -Srundir=/run/flux    -Sstatedir=/var/lib/flux   -Slocal-uri=local:///run/flux/local -Stbon.connect_timeout=5s  -Stbon.zmqdebug=1  -Slog-stderr-level=6    -Slog-stderr-mode=local
2023-07-22T18:01:56.459353561Z 18:01:56.459242 socket(AF_NETLINK, SOCK_RAW, NETLINK_ROUTE) = 8
2023-07-22T18:01:56.459361263Z 18:01:56.459294 bind(8, {sa_family=AF_NETLINK, nl_pid=0, nl_groups=00000000}, 12) = 0
2023-07-22T18:01:56.459366278Z 18:01:56.459325 getsockname(8, {sa_family=AF_NETLINK, nl_pid=70, nl_groups=00000000}, [12]) = 0
2023-07-22T18:01:56.459814793Z 18:01:56.459352 sendto(8, {{len=20, type=RTM_GETADDR, flags=NLM_F_REQUEST|NLM_F_DUMP, seq=1690048916, pid=0}, {ifa_family=AF_UNSPEC, ...}}, 20, 0, {sa_family=AF_NETLINK, nl_pid=0, nl_groups=00000000}, 12) = 20
2023-07-22T18:01:56.459820558Z 18:01:56.459451 recvmsg(8, {msg_name={sa_family=AF_NETLINK, nl_pid=0, nl_groups=00000000}, msg_namelen=12, msg_iov=[{iov_base=[{{len=76, type=RTM_NEWADDR, flags=NLM_F_MULTI, seq=1690048916, pid=70}, {ifa_family=AF_INET, ifa_prefixlen=8, ifa_flags=IFA_F_PERMANENT, ifa_scope=RT_SCOPE_HOST, ifa_index=if_nametoindex("lo")}, [{{nla_len=8, nla_type=IFA_ADDRESS}, 127.0.0.1}, {{nla_len=8, nla_type=IFA_LOCAL}, 127.0.0.1}, {{nla_len=7, nla_type=IFA_LABEL}, "lo"}, {{nla_len=8, nla_type=IFA_FLAGS}, IFA_F_PERMANENT}, {{nla_len=20, nla_type=IFA_CACHEINFO}, {ifa_prefered=4294967295, ifa_valid=4294967295, cstamp=124223, tstamp=124223}}]}, {{len=88, type=RTM_NEWADDR, flags=NLM_F_MULTI, seq=1690048916, pid=70}, {ifa_family=AF_INET, ifa_prefixlen=24, ifa_flags=IFA_F_PERMANENT, ifa_scope=RT_SCOPE_UNIVERSE, ifa_index=if_nametoindex("eth0")}, [{{nla_len=8, nla_type=IFA_ADDRESS}, 10.116.3.29}, {{nla_len=8, nla_type=IFA_LOCAL}, 10.116.3.29}, {{nla_len=8, nla_type=IFA_BROADCAST}, 10.116.3.255}, {{nla_len=9, nla_type=IFA_LABEL}, "eth0"}, {{nla_len=8, nla_type=IFA_FLAGS}, IFA_F_PERMANENT}, {{nla_len=20, nla_type=IFA_CACHEINFO}, {ifa_prefered=4294967295, ifa_valid=4294967295, cstamp=124224, tstamp=124224}}]}], iov_len=4096}], msg_iovlen=1, msg_controllen=0, msg_flags=0}, 0) = 164
2023-07-22T18:01:56.459830593Z 18:01:56.459566 recvmsg(8, {msg_name={sa_family=AF_NETLINK, nl_pid=0, nl_groups=00000000}, msg_namelen=12, msg_iov=[{iov_base={{len=20, type=NLMSG_DONE, flags=NLM_F_MULTI, seq=1690048916, pid=70}, 0}, iov_len=4096}], msg_iovlen=1, msg_controllen=0, msg_flags=0}, 0) = 20
2023-07-22T18:01:56.459839036Z 18:01:56.459753 socket(AF_UNIX, SOCK_STREAM|SOCK_CLOEXEC|SOCK_NONBLOCK, 0) = 8
2023-07-22T18:01:56.459841463Z 18:01:56.459777 connect(8, {sa_family=AF_UNIX, sun_path="/var/run/nscd/socket"}, 110) = -1 ENOENT (No such file or directory)
2023-07-22T18:01:56.459925650Z 18:01:56.459817 socket(AF_UNIX, SOCK_STREAM|SOCK_CLOEXEC|SOCK_NONBLOCK, 0) = 8
2023-07-22T18:01:56.459933265Z 18:01:56.459839 connect(8, {sa_family=AF_UNIX, sun_path="/var/run/nscd/socket"}, 110) = -1 ENOENT (No such file or directory)
2023-07-22T18:01:56.460450292Z 18:01:56.460300 socket(AF_INET, SOCK_DGRAM|SOCK_CLOEXEC|SOCK_NONBLOCK, IPPROTO_IP) = 8
2023-07-22T18:01:56.460454490Z 18:01:56.460331 connect(8, {sa_family=AF_INET, sin_port=htons(53), sin_addr=inet_addr("10.120.0.10")}, 16) = 0
2023-07-22T18:01:56.460549515Z 18:01:56.460376 sendto(8, "\30\272\1\0\0\1\0\0\0\0\0\0\rflux-sample-0\fflux-"..., 76, MSG_NOSIGNAL, NULL, 0) = 76
2023-07-22T18:01:56.460738304Z 18:01:56.460629 recvfrom(8, "\30\272\205\200\0\1\0\1\0\0\0\0\rflux-sample-0\fflux-"..., 1024, 0, {sa_family=AF_INET, sin_port=htons(53), sin_addr=inet_addr("10.120.0.10")}, [28->16]) = 150
2023-07-22T18:01:56.462705388Z broker.info[7]: start: none->join 0.716332ms
2023-07-22T18:02:01.644101311Z broker.info[7]: parent-ready: join->init 5.18147s
2023-07-22T18:02:01.644424583Z 18:02:01.644106 socketpair(AF_UNIX, SOCK_STREAM|SOCK_CLOEXEC, 0, [22, 23]) = 0
2023-07-22T18:02:01.644445240Z 18:02:01.644376 socketpair(AF_UNIX, SOCK_STREAM, 0, [24, 25]) = 0
2023-07-22T18:02:01.644753723Z 18:02:01.644665 socketpair(AF_UNIX, SOCK_STREAM, 0, [26, 27]) = 0
2023-07-22T18:02:01.644921975Z 18:02:01.644825 socketpair(AF_UNIX, SOCK_STREAM, 0, [28, 29]) = 0
2023-07-22T18:02:01.659547472Z broker.info[7]: configuration updated
2023-07-22T18:02:01.725808831Z broker.info[7]: rc1.0: running /etc/flux/rc1.d/01-sched-fluxion
2023-07-22T18:02:01.732002841Z broker.info[7]: rc1.0: running /etc/flux/rc1.d/02-cron
2023-07-22T18:02:01.744796521Z broker.info[7]: rc1.0: /etc/flux/rc1 Exited (rc=0) 0.1s
2023-07-22T18:02:01.745379838Z broker.info[7]: rc1-success: init->quorum 0.101193s
2023-07-22T18:02:18.447615314Z broker.info[7]: quorum-full: quorum->run 16.7021s
2023-07-22T18:02:18.803276067Z 18:02:18.803090 socketpair(AF_UNIX, SOCK_STREAM|SOCK_CLOEXEC, 0, [22, 23]) = 0
2023-07-22T18:02:18.803319932Z 18:02:18.803213 socketpair(AF_UNIX, SOCK_STREAM, 0, [24, 25]) = 0
2023-07-22T18:02:18.803478215Z 18:02:18.803387 socketpair(AF_UNIX, SOCK_STREAM, 0, [26, 28]) = 0
2023-07-22T18:02:18.803650411Z 18:02:18.803551 socketpair(AF_UNIX, SOCK_STREAM, 0, [58, 59]) = 0
2023-07-22T18:02:18.803853247Z 18:02:18.803715 socketpair(AF_UNIX, SOCK_STREAM, 0, [60, 61]) = 0
2023-07-22T18:02:23.674526175Z broker.info[7]: shutdown: run->cleanup 5.22679s
2023-07-22T18:02:23.675255935Z broker.info[7]: cleanup-none: cleanup->shutdown 0.603121ms
2023-07-22T18:02:23.675837475Z broker.info[7]: children-none: shutdown->finalize 0.497838ms
2023-07-22T18:02:23.676029221Z 18:02:23.675907 socketpair(AF_UNIX, SOCK_STREAM|SOCK_CLOEXEC, 0, [22, 23]) = 0
2023-07-22T18:02:23.676109691Z 18:02:23.676010 socketpair(AF_UNIX, SOCK_STREAM, 0, [24, 25]) = 0
2023-07-22T18:02:23.676274368Z 18:02:23.676188 socketpair(AF_UNIX, SOCK_STREAM, 0, [26, 28]) = 0
2023-07-22T18:02:23.676435084Z 18:02:23.676340 socketpair(AF_UNIX, SOCK_STREAM, 0, [58, 59]) = 0
2023-07-22T18:02:23.686662755Z broker.info[7]: rc3.0: running /etc/flux/rc3.d/01-sched-fluxion
2023-07-22T18:02:23.748926575Z broker.info[7]: rc3.0: /etc/flux/rc3 Exited (rc=0) 0.1s
2023-07-22T18:02:23.749403241Z broker.info[7]: rc3-success: finalize->goodbye 73.4154ms
2023-07-22T18:02:23.749979760Z broker.info[7]: goodbye: goodbye->exit 0.496896ms
2023-07-22T18:02:23.753341174Z 18:02:23.753220 +++ exited with 0 +++
2023-07-22T18:02:23.753951475Z Return value for follower worker is 0
2023-07-22T18:02:23.753966444Z The follower worker exited cleanly. Goodbye!
