2023-07-22T18:03:35.381955189Z
2023-07-22T18:03:35.381978066Z Flux username: flux
2023-07-22T18:03:35.381980912Z
2023-07-22T18:03:35.381982923Z Flux install root: /usr
2023-07-22T18:03:35.409300994Z flux user is already added.
2023-07-22T18:03:35.410824950Z flux user identifiers:
2023-07-22T18:03:35.410836919Z uid=1234(flux) gid=1234(flux) groups=1234(flux)
2023-07-22T18:03:35.410839533Z
2023-07-22T18:03:35.410843614Z As Flux prefix for flux commands: sudo -u flux -E PYTHONPATH=/opt/conda/lib/python3.10/site-packages -E PATH=/opt/conda/bin:/usr/local/sbin:/usr/local/bin:/usr/sbin:/usr/bin:/sbin:/bin -E LD_LIBRARY_PATH=/opt/conda/lib -E HOME=/home/flux
2023-07-22T18:03:35.415049870Z
2023-07-22T18:03:35.415060393Z 👋 Hello, I'm flux-sample-4
2023-07-22T18:03:35.415063180Z The main host is flux-sample-0
2023-07-22T18:03:35.415068649Z The working directory is /home/flux/examples/reaxff/HNS, contents include:
2023-07-22T18:03:35.416000952Z /home/flux/examples/reaxff/HNS:
2023-07-22T18:03:35.416012249Z README.txt	ffield.reax.hns  log.8Mar18.reaxc.hns.g++.1
2023-07-22T18:03:35.416014821Z data.hns-equil	in.reaxc.hns	 log.8Mar18.reaxc.hns.g++.4
2023-07-22T18:03:35.416136288Z End of file listing, if you see nothing above there are no files.
2023-07-22T18:03:35.417078965Z flux R encode --hosts=flux-sample-[0-7]
2023-07-22T18:03:35.426244528Z
2023-07-22T18:03:35.426258644Z 📦 Resources
2023-07-22T18:03:35.426958696Z {"version": 1, "execution": {"R_lite": [{"rank": "0-7", "children": {"core": "0-3"}}], "starttime": 0.0, "expiration": 0.0, "nodelist": ["flux-sample-[0-7]"]}}
2023-07-22T18:03:35.427073319Z
2023-07-22T18:03:35.427078334Z 🐸 Diagnostics: false
2023-07-22T18:03:35.427177719Z 🚩️ Flux Option Flags defined
2023-07-22T18:03:35.429172176Z
2023-07-22T18:03:35.429181651Z 🦊 Independent Minister of Privilege
2023-07-22T18:03:35.429802302Z [exec]
2023-07-22T18:03:35.429805514Z allowed-users = [ "flux", "root" ]
2023-07-22T18:03:35.429808161Z allowed-shells = [ "/usr/libexec/flux/flux-shell" ]
2023-07-22T18:03:35.429929420Z
2023-07-22T18:03:35.429939569Z 🐸 Broker Configuration
2023-07-22T18:03:35.430588998Z # Flux needs to know the path to the IMP executable
2023-07-22T18:03:35.430598141Z [exec]
2023-07-22T18:03:35.430600870Z imp = "/usr/libexec/flux/flux-imp"
2023-07-22T18:03:35.430602896Z
2023-07-22T18:03:35.430604904Z [access]
2023-07-22T18:03:35.430607167Z allow-guest-user = true
2023-07-22T18:03:35.430609129Z allow-root-owner = true
2023-07-22T18:03:35.430610897Z
2023-07-22T18:03:35.430612967Z # Point to resource definition generated with flux-R(1).
2023-07-22T18:03:35.430615254Z [resource]
2023-07-22T18:03:35.430617349Z path = "/etc/flux/system/R"
2023-07-22T18:03:35.430619164Z
2023-07-22T18:03:35.430621161Z [bootstrap]
2023-07-22T18:03:35.430623150Z curve_cert = "/etc/curve/curve.cert"
2023-07-22T18:03:35.430625109Z default_port = 8050
2023-07-22T18:03:35.430627103Z default_bind = "tcp://eth0:%p"
2023-07-22T18:03:35.430629432Z default_connect = "tcp://%h.flux-service.flux-operator.svc.cluster.local:%p"
2023-07-22T18:03:35.430631298Z hosts = [
2023-07-22T18:03:35.430633133Z 	{ host="flux-sample-[0-7]"},
2023-07-22T18:03:35.430634929Z ]
2023-07-22T18:03:35.430636904Z [archive]
2023-07-22T18:03:35.430638934Z dbpath = "/var/lib/flux/job-archive.sqlite"
2023-07-22T18:03:35.430640904Z period = "1m"
2023-07-22T18:03:35.475164629Z busytimeout = "50s"
2023-07-22T18:03:35.475233510Z 🧊️ State Directory:
2023-07-22T18:03:35.475236885Z total 0
2023-07-22T18:03:35.475238972Z
2023-07-22T18:03:35.476613995Z
2023-07-22T18:03:35.476625285Z 🔒️ Working directory permissions:
2023-07-22T18:03:35.476627441Z total 96
2023-07-22T18:03:35.476629845Z -rwxrwxrwx 1 flux root  2517 May 17 22:32 README.txt
2023-07-22T18:03:35.476631906Z -rwxrwxrwx 1 flux root 54692 May 17 22:32 data.hns-equil
2023-07-22T18:03:35.476633899Z -rwxrwxrwx 1 flux root 13576 May 17 22:32 ffield.reax.hns
2023-07-22T18:03:35.476635893Z -rwxrwxrwx 1 flux root   870 May 17 22:32 in.reaxc.hns
2023-07-22T18:03:35.476638777Z -rwxrwxrwx 1 flux root  4172 May 17 22:32 log.8Mar18.reaxc.hns.g++.1
2023-07-22T18:03:35.476640802Z -rwxrwxrwx 1 flux root  4168 May 17 22:32 log.8Mar18.reaxc.hns.g++.4
2023-07-22T18:03:35.476642645Z
2023-07-22T18:03:35.476657947Z
2023-07-22T18:03:35.476660815Z ✨ Curve certificate generated by helper pod
2023-07-22T18:03:35.477368324Z #   ****  Generated on 2023-04-26 22:54:42 by CZMQ  ****
2023-07-22T18:03:35.477380599Z #   ZeroMQ CURVE **Secret** Certificate
2023-07-22T18:03:35.477383738Z #   DO NOT PROVIDE THIS FILE TO OTHER USERS nor change its permissions.
2023-07-22T18:03:35.477385845Z
2023-07-22T18:03:35.477387828Z metadata
2023-07-22T18:03:35.477390479Z     name = "flux-cert-generator"
2023-07-22T18:03:35.477392479Z     keygen.hostname = "flux-sample-0"
2023-07-22T18:03:35.477394467Z curve
2023-07-22T18:03:35.477396448Z     public-key = "[y69+o<Ab]-ZqKEqR0D4KC@D3@-$U}Q34bRPmG/w"
2023-07-22T18:03:35.477398423Z     secret-key = "zA?Dqg.{)E]#D1qr.2yCj{n9O!Z0t/G#ttto}*Zh"
2023-07-22T18:03:35.478526314Z
2023-07-22T18:03:35.478541511Z 🌀  flux start --wrap=strace,-e,network,-tt -o --config /etc/flux/config -Scron.directory=/etc/flux/system/cron.d   -Stbon.fanout=256   -Srundir=/run/flux    -Sstatedir=/var/lib/flux   -Slocal-uri=local:///run/flux/local -Stbon.connect_timeout=5s  -Stbon.zmqdebug=1  -Slog-stderr-level=6    -Slog-stderr-mode=local
2023-07-22T18:03:35.503085085Z 18:03:35.502981 socket(AF_NETLINK, SOCK_RAW, NETLINK_ROUTE) = 8
2023-07-22T18:03:35.503186371Z 18:03:35.503069 bind(8, {sa_family=AF_NETLINK, nl_pid=0, nl_groups=00000000}, 12) = 0
2023-07-22T18:03:35.503237945Z 18:03:35.503149 getsockname(8, {sa_family=AF_NETLINK, nl_pid=70, nl_groups=00000000}, [12]) = 0
2023-07-22T18:03:35.503384871Z 18:03:35.503247 sendto(8, {{len=20, type=RTM_GETADDR, flags=NLM_F_REQUEST|NLM_F_DUMP, seq=1690049015, pid=0}, {ifa_family=AF_UNSPEC, ...}}, 20, 0, {sa_family=AF_NETLINK, nl_pid=0, nl_groups=00000000}, 12) = 20
2023-07-22T18:03:35.503611677Z 18:03:35.503382 recvmsg(8, {msg_name={sa_family=AF_NETLINK, nl_pid=0, nl_groups=00000000}, msg_namelen=12, msg_iov=[{iov_base=[{{len=76, type=RTM_NEWADDR, flags=NLM_F_MULTI, seq=1690049015, pid=70}, {ifa_family=AF_INET, ifa_prefixlen=8, ifa_flags=IFA_F_PERMANENT, ifa_scope=RT_SCOPE_HOST, ifa_index=if_nametoindex("lo")}, [{{nla_len=8, nla_type=IFA_ADDRESS}, 127.0.0.1}, {{nla_len=8, nla_type=IFA_LOCAL}, 127.0.0.1}, {{nla_len=7, nla_type=IFA_LABEL}, "lo"}, {{nla_len=8, nla_type=IFA_FLAGS}, IFA_F_PERMANENT}, {{nla_len=20, nla_type=IFA_CACHEINFO}, {ifa_prefered=4294967295, ifa_valid=4294967295, cstamp=134603, tstamp=134603}}]}, {{len=88, type=RTM_NEWADDR, flags=NLM_F_MULTI, seq=1690049015, pid=70}, {ifa_family=AF_INET, ifa_prefixlen=24, ifa_flags=IFA_F_PERMANENT, ifa_scope=RT_SCOPE_UNIVERSE, ifa_index=if_nametoindex("eth0")}, [{{nla_len=8, nla_type=IFA_ADDRESS}, 10.116.0.36}, {{nla_len=8, nla_type=IFA_LOCAL}, 10.116.0.36}, {{nla_len=8, nla_type=IFA_BROADCAST}, 10.116.0.255}, {{nla_len=9, nla_type=IFA_LABEL}, "eth0"}, {{nla_len=8, nla_type=IFA_FLAGS}, IFA_F_PERMANENT}, {{nla_len=20, nla_type=IFA_CACHEINFO}, {ifa_prefered=4294967295, ifa_valid=4294967295, cstamp=134605, tstamp=134605}}]}], iov_len=4096}], msg_iovlen=1, msg_controllen=0, msg_flags=0}, 0) = 164
2023-07-22T18:03:35.503618426Z 18:03:35.503542 recvmsg(8, {msg_name={sa_family=AF_NETLINK, nl_pid=0, nl_groups=00000000}, msg_namelen=12, msg_iov=[{iov_base={{len=20, type=NLMSG_DONE, flags=NLM_F_MULTI, seq=1690049015, pid=70}, 0}, iov_len=4096}], msg_iovlen=1, msg_controllen=0, msg_flags=0}, 0) = 20
2023-07-22T18:03:35.503967643Z 18:03:35.503910 socket(AF_UNIX, SOCK_STREAM|SOCK_CLOEXEC|SOCK_NONBLOCK, 0) = 8
2023-07-22T18:03:35.504070185Z 18:03:35.503969 connect(8, {sa_family=AF_UNIX, sun_path="/var/run/nscd/socket"}, 110) = -1 ENOENT (No such file or directory)
2023-07-22T18:03:35.504107939Z 18:03:35.504053 socket(AF_UNIX, SOCK_STREAM|SOCK_CLOEXEC|SOCK_NONBLOCK, 0) = 8
2023-07-22T18:03:35.504153974Z 18:03:35.504089 connect(8, {sa_family=AF_UNIX, sun_path="/var/run/nscd/socket"}, 110) = -1 ENOENT (No such file or directory)
2023-07-22T18:03:35.505003619Z 18:03:35.504951 socket(AF_INET, SOCK_DGRAM|SOCK_CLOEXEC|SOCK_NONBLOCK, IPPROTO_IP) = 8
2023-07-22T18:03:35.505099664Z 18:03:35.505000 connect(8, {sa_family=AF_INET, sin_port=htons(53), sin_addr=inet_addr("10.120.0.10")}, 16) = 0
2023-07-22T18:03:35.505219827Z 18:03:35.505108 sendto(8, "\6\357\1\0\0\1\0\0\0\0\0\0\rflux-sample-0\fflux-"..., 76, MSG_NOSIGNAL, NULL, 0) = 76
2023-07-22T18:03:35.505496205Z 18:03:35.505404 recvfrom(8, "\6\357\205\200\0\1\0\1\0\0\0\0\rflux-sample-0\fflux-"..., 1024, 0, {sa_family=AF_INET, sin_port=htons(53), sin_addr=inet_addr("10.120.0.10")}, [28->16]) = 150
2023-07-22T18:03:35.508671708Z broker.info[4]: start: none->join 1.25073ms
2023-07-22T18:03:56.122320318Z broker.info[4]: parent-ready: join->init 20.6136s
2023-07-22T18:03:56.122503272Z 18:03:56.122353 socketpair(AF_UNIX, SOCK_STREAM|SOCK_CLOEXEC, 0, [22, 23]) = 0
2023-07-22T18:03:56.122534329Z 18:03:56.122453 socketpair(AF_UNIX, SOCK_STREAM, 0, [24, 25]) = 0
2023-07-22T18:03:56.122702180Z 18:03:56.122633 socketpair(AF_UNIX, SOCK_STREAM, 0, [26, 27]) = 0
2023-07-22T18:03:56.122835824Z 18:03:56.122767 socketpair(AF_UNIX, SOCK_STREAM, 0, [28, 29]) = 0
2023-07-22T18:03:56.137416903Z broker.info[4]: configuration updated
2023-07-22T18:03:56.202994927Z broker.info[4]: rc1.0: running /etc/flux/rc1.d/01-sched-fluxion
2023-07-22T18:03:56.209105771Z broker.info[4]: rc1.0: running /etc/flux/rc1.d/02-cron
2023-07-22T18:03:56.221586373Z broker.info[4]: rc1.0: /etc/flux/rc1 Exited (rc=0) 0.1s
2023-07-22T18:03:56.222068727Z broker.info[4]: rc1-success: init->quorum 99.6516ms
2023-07-22T18:03:57.838048658Z broker.info[4]: quorum-full: quorum->run 1.61578s
2023-07-22T18:03:58.178001192Z 18:03:58.177833 socketpair(AF_UNIX, SOCK_STREAM|SOCK_CLOEXEC, 0, [22, 23]) = 0
2023-07-22T18:03:58.178042464Z 18:03:58.177945 socketpair(AF_UNIX, SOCK_STREAM, 0, [24, 25]) = 0
2023-07-22T18:03:58.178170877Z 18:03:58.178098 socketpair(AF_UNIX, SOCK_STREAM, 0, [26, 28]) = 0
2023-07-22T18:03:58.178305815Z 18:03:58.178230 socketpair(AF_UNIX, SOCK_STREAM, 0, [58, 59]) = 0
2023-07-22T18:03:58.178593220Z 18:03:58.178517 socketpair(AF_UNIX, SOCK_STREAM, 0, [60, 61]) = 0
2023-07-22T18:04:02.717785327Z broker.info[4]: shutdown: run->cleanup 4.87965s
2023-07-22T18:04:02.718626633Z broker.info[4]: cleanup-none: cleanup->shutdown 0.746273ms
2023-07-22T18:04:02.719202817Z broker.info[4]: children-none: shutdown->finalize 0.491374ms
2023-07-22T18:04:02.719383729Z 18:04:02.719255 socketpair(AF_UNIX, SOCK_STREAM|SOCK_CLOEXEC, 0, [22, 23]) = 0
2023-07-22T18:04:02.719555078Z 18:04:02.719374 socketpair(AF_UNIX, SOCK_STREAM, 0, [24, 25]) = 0
2023-07-22T18:04:02.719742392Z 18:04:02.719537 socketpair(AF_UNIX, SOCK_STREAM, 0, [26, 28]) = 0
2023-07-22T18:04:02.719937283Z 18:04:02.719855 socketpair(AF_UNIX, SOCK_STREAM, 0, [58, 59]) = 0
2023-07-22T18:04:02.733187496Z broker.info[4]: rc3.0: running /etc/flux/rc3.d/01-sched-fluxion
2023-07-22T18:04:02.794503856Z broker.info[4]: rc3.0: /etc/flux/rc3 Exited (rc=0) 0.1s
2023-07-22T18:04:02.794788967Z broker.info[4]: rc3-success: finalize->goodbye 75.4604ms
2023-07-22T18:04:02.795396025Z broker.info[4]: goodbye: goodbye->exit 0.494708ms
2023-07-22T18:04:02.798715166Z 18:04:02.798640 +++ exited with 0 +++
2023-07-22T18:04:02.799355207Z Return value for follower worker is 0
2023-07-22T18:04:02.799609839Z The follower worker exited cleanly. Goodbye!
