2023-07-22T17:55:54.110092026Z
2023-07-22T17:55:54.110118144Z Flux username: flux
2023-07-22T17:55:54.110236644Z
2023-07-22T17:55:54.110251355Z Flux install root: /usr
2023-07-22T17:55:54.138419429Z flux user is already added.
2023-07-22T17:55:54.139967240Z flux user identifiers:
2023-07-22T17:55:54.139978566Z uid=1234(flux) gid=1234(flux) groups=1234(flux)
2023-07-22T17:55:54.139981124Z
2023-07-22T17:55:54.139985596Z As Flux prefix for flux commands: sudo -u flux -E PYTHONPATH=/opt/conda/lib/python3.10/site-packages -E PATH=/opt/conda/bin:/usr/local/sbin:/usr/local/bin:/usr/sbin:/usr/bin:/sbin:/bin -E LD_LIBRARY_PATH=/opt/conda/lib -E HOME=/home/flux
2023-07-22T17:55:54.144098215Z
2023-07-22T17:55:54.144106158Z ðŸ‘‹ Hello, I'm flux-sample-7
2023-07-22T17:55:54.144111047Z The main host is flux-sample-0
2023-07-22T17:55:54.144143169Z The working directory is /home/flux/examples/reaxff/HNS, contents include:
2023-07-22T17:55:54.145051913Z /home/flux/examples/reaxff/HNS:
2023-07-22T17:55:54.145076512Z README.txt	ffield.reax.hns  log.8Mar18.reaxc.hns.g++.1
2023-07-22T17:55:54.145079527Z data.hns-equil	in.reaxc.hns	 log.8Mar18.reaxc.hns.g++.4
2023-07-22T17:55:54.145218483Z End of file listing, if you see nothing above there are no files.
2023-07-22T17:55:54.146204798Z flux R encode --hosts=flux-sample-[0-7]
2023-07-22T17:55:54.155311117Z
2023-07-22T17:55:54.155321971Z ðŸ“¦ Resources
2023-07-22T17:55:54.156019582Z {"version": 1, "execution": {"R_lite": [{"rank": "0-7", "children": {"core": "0-3"}}], "starttime": 0.0, "expiration": 0.0, "nodelist": ["flux-sample-[0-7]"]}}
2023-07-22T17:55:54.156135082Z
2023-07-22T17:55:54.156140083Z ðŸ¸ Diagnostics: false
2023-07-22T17:55:54.156195834Z ðŸš©ï¸ Flux Option Flags defined
2023-07-22T17:55:54.158197116Z
2023-07-22T17:55:54.158209334Z ðŸ¦Š Independent Minister of Privilege
2023-07-22T17:55:54.158868119Z [exec]
2023-07-22T17:55:54.158875890Z allowed-users = [ "flux", "root" ]
2023-07-22T17:55:54.158878749Z allowed-shells = [ "/usr/libexec/flux/flux-shell" ]
2023-07-22T17:55:54.158986436Z
2023-07-22T17:55:54.158991177Z ðŸ¸ Broker Configuration
2023-07-22T17:55:54.159610097Z # Flux needs to know the path to the IMP executable
2023-07-22T17:55:54.159614144Z [exec]
2023-07-22T17:55:54.159616624Z imp = "/usr/libexec/flux/flux-imp"
2023-07-22T17:55:54.159618624Z
2023-07-22T17:55:54.159620733Z [access]
2023-07-22T17:55:54.159622974Z allow-guest-user = true
2023-07-22T17:55:54.159624975Z allow-root-owner = true
2023-07-22T17:55:54.159626888Z
2023-07-22T17:55:54.159629170Z # Point to resource definition generated with flux-R(1).
2023-07-22T17:55:54.159631488Z [resource]
2023-07-22T17:55:54.159633984Z path = "/etc/flux/system/R"
2023-07-22T17:55:54.159635891Z
2023-07-22T17:55:54.159637785Z [bootstrap]
2023-07-22T17:55:54.159639684Z curve_cert = "/etc/curve/curve.cert"
2023-07-22T17:55:54.159641550Z default_port = 8050
2023-07-22T17:55:54.159643520Z default_bind = "tcp://eth0:%p"
2023-07-22T17:55:54.159646331Z default_connect = "tcp://%h.flux-service.flux-operator.svc.cluster.local:%p"
2023-07-22T17:55:54.159648334Z hosts = [
2023-07-22T17:55:54.159650390Z 	{ host="flux-sample-[0-7]"},
2023-07-22T17:55:54.159652206Z ]
2023-07-22T17:55:54.159654090Z [archive]
2023-07-22T17:55:54.159655999Z dbpath = "/var/lib/flux/job-archive.sqlite"
2023-07-22T17:55:54.159657823Z period = "1m"
2023-07-22T17:55:54.203525276Z busytimeout = "50s"
2023-07-22T17:55:54.203537936Z ðŸ§Šï¸ State Directory:
2023-07-22T17:55:54.203540451Z total 0
2023-07-22T17:55:54.203542388Z
2023-07-22T17:55:54.205025076Z
2023-07-22T17:55:54.205045143Z ðŸ”’ï¸ Working directory permissions:
2023-07-22T17:55:54.205052764Z total 96
2023-07-22T17:55:54.205055338Z -rwxrwxrwx 1 flux root  2517 May 17 22:32 README.txt
2023-07-22T17:55:54.205057329Z -rwxrwxrwx 1 flux root 54692 May 17 22:32 data.hns-equil
2023-07-22T17:55:54.205059384Z -rwxrwxrwx 1 flux root 13576 May 17 22:32 ffield.reax.hns
2023-07-22T17:55:54.205061349Z -rwxrwxrwx 1 flux root   870 May 17 22:32 in.reaxc.hns
2023-07-22T17:55:54.205063516Z -rwxrwxrwx 1 flux root  4172 May 17 22:32 log.8Mar18.reaxc.hns.g++.1
2023-07-22T17:55:54.205065408Z -rwxrwxrwx 1 flux root  4168 May 17 22:32 log.8Mar18.reaxc.hns.g++.4
2023-07-22T17:55:54.205067176Z
2023-07-22T17:55:54.205076774Z
2023-07-22T17:55:54.205079213Z âœ¨ Curve certificate generated by helper pod
2023-07-22T17:55:54.205707550Z #   ****  Generated on 2023-04-26 22:54:42 by CZMQ  ****
2023-07-22T17:55:54.205713045Z #   ZeroMQ CURVE **Secret** Certificate
2023-07-22T17:55:54.205715857Z #   DO NOT PROVIDE THIS FILE TO OTHER USERS nor change its permissions.
2023-07-22T17:55:54.205717934Z
2023-07-22T17:55:54.205720165Z metadata
2023-07-22T17:55:54.205722646Z     name = "flux-cert-generator"
2023-07-22T17:55:54.205724670Z     keygen.hostname = "flux-sample-0"
2023-07-22T17:55:54.205726705Z curve
2023-07-22T17:55:54.205728787Z     public-key = "%1gq/(>60ue8u#Qy}eT]w>8fA7sItIZ:&V8OhBHP"
2023-07-22T17:55:54.205730706Z     secret-key = "spgx7@z(VYQlrsMqM{(4cn:^N3B*@>HGqnIu5*C9"
2023-07-22T17:55:54.206815093Z
2023-07-22T17:55:54.206829147Z ðŸŒ€  flux start --wrap=strace,-e,network,-tt -o --config /etc/flux/config -Scron.directory=/etc/flux/system/cron.d   -Stbon.fanout=256   -Srundir=/run/flux    -Sstatedir=/var/lib/flux   -Slocal-uri=local:///run/flux/local -Stbon.connect_timeout=5s  -Stbon.zmqdebug=1  -Slog-stderr-level=6    -Slog-stderr-mode=local
2023-07-22T17:55:54.231489030Z 17:55:54.231392 socket(AF_NETLINK, SOCK_RAW, NETLINK_ROUTE) = 8
2023-07-22T17:55:54.231578441Z 17:55:54.231460 bind(8, {sa_family=AF_NETLINK, nl_pid=0, nl_groups=00000000}, 12) = 0
2023-07-22T17:55:54.231630382Z 17:55:54.231538 getsockname(8, {sa_family=AF_NETLINK, nl_pid=70, nl_groups=00000000}, [12]) = 0
2023-07-22T17:55:54.231770881Z 17:55:54.231603 sendto(8, {{len=20, type=RTM_GETADDR, flags=NLM_F_REQUEST|NLM_F_DUMP, seq=1690048554, pid=0}, {ifa_family=AF_UNSPEC, ...}}, 20, 0, {sa_family=AF_NETLINK, nl_pid=0, nl_groups=00000000}, 12) = 20
2023-07-22T17:55:54.231915873Z 17:55:54.231745 recvmsg(8, {msg_name={sa_family=AF_NETLINK, nl_pid=0, nl_groups=00000000}, msg_namelen=12, msg_iov=[{iov_base=[{{len=76, type=RTM_NEWADDR, flags=NLM_F_MULTI, seq=1690048554, pid=70}, {ifa_family=AF_INET, ifa_prefixlen=8, ifa_flags=IFA_F_PERMANENT, ifa_scope=RT_SCOPE_HOST, ifa_index=if_nametoindex("lo")}, [{{nla_len=8, nla_type=IFA_ADDRESS}, 127.0.0.1}, {{nla_len=8, nla_type=IFA_LOCAL}, 127.0.0.1}, {{nla_len=7, nla_type=IFA_LABEL}, "lo"}, {{nla_len=8, nla_type=IFA_FLAGS}, IFA_F_PERMANENT}, {{nla_len=20, nla_type=IFA_CACHEINFO}, {ifa_prefered=4294967295, ifa_valid=4294967295, cstamp=88475, tstamp=88475}}]}, {{len=88, type=RTM_NEWADDR, flags=NLM_F_MULTI, seq=1690048554, pid=70}, {ifa_family=AF_INET, ifa_prefixlen=24, ifa_flags=IFA_F_PERMANENT, ifa_scope=RT_SCOPE_UNIVERSE, ifa_index=if_nametoindex("eth0")}, [{{nla_len=8, nla_type=IFA_ADDRESS}, 10.116.0.22}, {{nla_len=8, nla_type=IFA_LOCAL}, 10.116.0.22}, {{nla_len=8, nla_type=IFA_BROADCAST}, 10.116.0.255}, {{nla_len=9, nla_type=IFA_LABEL}, "eth0"}, {{nla_len=8, nla_type=IFA_FLAGS}, IFA_F_PERMANENT}, {{nla_len=20, nla_type=IFA_CACHEINFO}, {ifa_prefered=4294967295, ifa_valid=4294967295, cstamp=88477, tstamp=88477}}]}], iov_len=4096}], msg_iovlen=1, msg_controllen=0, msg_flags=0}, 0) = 164
2023-07-22T17:55:54.231996124Z 17:55:54.231893 recvmsg(8, {msg_name={sa_family=AF_NETLINK, nl_pid=0, nl_groups=00000000}, msg_namelen=12, msg_iov=[{iov_base={{len=20, type=NLMSG_DONE, flags=NLM_F_MULTI, seq=1690048554, pid=70}, 0}, iov_len=4096}], msg_iovlen=1, msg_controllen=0, msg_flags=0}, 0) = 20
2023-07-22T17:55:54.232361943Z 17:55:54.232294 socket(AF_UNIX, SOCK_STREAM|SOCK_CLOEXEC|SOCK_NONBLOCK, 0) = 8
2023-07-22T17:55:54.232425964Z 17:55:54.232340 connect(8, {sa_family=AF_UNIX, sun_path="/var/run/nscd/socket"}, 110) = -1 ENOENT (No such file or directory)
2023-07-22T17:55:54.232511555Z 17:55:54.232460 socket(AF_UNIX, SOCK_STREAM|SOCK_CLOEXEC|SOCK_NONBLOCK, 0) = 8
2023-07-22T17:55:54.232567675Z 17:55:54.232500 connect(8, {sa_family=AF_UNIX, sun_path="/var/run/nscd/socket"}, 110) = -1 ENOENT (No such file or directory)
2023-07-22T17:55:54.233474325Z 17:55:54.233407 socket(AF_INET, SOCK_DGRAM|SOCK_CLOEXEC|SOCK_NONBLOCK, IPPROTO_IP) = 8
2023-07-22T17:55:54.233535169Z 17:55:54.233463 connect(8, {sa_family=AF_INET, sin_port=htons(53), sin_addr=inet_addr("10.120.0.10")}, 16) = 0
2023-07-22T17:55:54.233682653Z 17:55:54.233563 sendto(8, "\356\34\1\0\0\1\0\0\0\0\0\0\rflux-sample-0\fflux-"..., 76, MSG_NOSIGNAL, NULL, 0) = 76
2023-07-22T17:55:54.233928051Z 17:55:54.233835 recvfrom(8, "\356\34\205\200\0\1\0\1\0\0\0\0\rflux-sample-0\fflux-"..., 1024, 0, {sa_family=AF_INET, sin_port=htons(53), sin_addr=inet_addr("10.120.0.10")}, [28->16]) = 150
2023-07-22T17:55:54.237163528Z broker.info[7]: start: none->join 1.33943ms
2023-07-22T17:56:14.872754251Z broker.info[7]: parent-ready: join->init 20.6355s
2023-07-22T17:56:14.872814181Z 17:56:14.872721 socketpair(AF_UNIX, SOCK_STREAM|SOCK_CLOEXEC, 0, [22, 23]) = 0
2023-07-22T17:56:14.872923734Z 17:56:14.872807 socketpair(AF_UNIX, SOCK_STREAM, 0, [24, 25]) = 0
2023-07-22T17:56:14.873135472Z 17:56:14.872938 socketpair(AF_UNIX, SOCK_STREAM, 0, [26, 27]) = 0
2023-07-22T17:56:14.873143265Z 17:56:14.873071 socketpair(AF_UNIX, SOCK_STREAM, 0, [28, 29]) = 0
2023-07-22T17:56:14.887343605Z broker.info[7]: configuration updated
2023-07-22T17:56:14.952759603Z broker.info[7]: rc1.0: running /etc/flux/rc1.d/01-sched-fluxion
2023-07-22T17:56:14.958970107Z broker.info[7]: rc1.0: running /etc/flux/rc1.d/02-cron
2023-07-22T17:56:14.971363105Z broker.info[7]: rc1.0: /etc/flux/rc1 Exited (rc=0) 0.1s
2023-07-22T17:56:14.971815368Z broker.info[7]: rc1-success: init->quorum 99.0351ms
2023-07-22T17:56:16.089596101Z broker.info[7]: quorum-full: quorum->run 1.11754s
2023-07-22T17:56:16.448009326Z 17:56:16.447821 socketpair(AF_UNIX, SOCK_STREAM|SOCK_CLOEXEC, 0, [22, 23]) = 0
2023-07-22T17:56:16.448055939Z 17:56:16.447940 socketpair(AF_UNIX, SOCK_STREAM, 0, [24, 25]) = 0
2023-07-22T17:56:16.448406733Z 17:56:16.448288 socketpair(AF_UNIX, SOCK_STREAM, 0, [26, 28]) = 0
2023-07-22T17:56:16.448554526Z 17:56:16.448460 socketpair(AF_UNIX, SOCK_STREAM, 0, [58, 59]) = 0
2023-07-22T17:56:16.448687658Z 17:56:16.448615 socketpair(AF_UNIX, SOCK_STREAM, 0, [60, 61]) = 0
2023-07-22T17:56:21.740262685Z broker.info[7]: shutdown: run->cleanup 5.65063s
2023-07-22T17:56:21.741220363Z broker.info[7]: cleanup-none: cleanup->shutdown 0.663794ms
2023-07-22T17:56:21.742583365Z broker.info[7]: children-none: shutdown->finalize 1.29114ms
2023-07-22T17:56:21.743326936Z 17:56:21.742631 socketpair(AF_UNIX, SOCK_STREAM|SOCK_CLOEXEC, 0, [22, 23]) = 0
2023-07-22T17:56:21.743339895Z 17:56:21.742801 socketpair(AF_UNIX, SOCK_STREAM, 0, [24, 25]) = 0
2023-07-22T17:56:21.743342812Z 17:56:21.742942 socketpair(AF_UNIX, SOCK_STREAM, 0, [26, 28]) = 0
2023-07-22T17:56:21.743345047Z 17:56:21.743083 socketpair(AF_UNIX, SOCK_STREAM, 0, [58, 59]) = 0
2023-07-22T17:56:21.754099959Z broker.info[7]: rc3.0: running /etc/flux/rc3.d/01-sched-fluxion
2023-07-22T17:56:21.815684368Z broker.info[7]: rc3.0: /etc/flux/rc3 Exited (rc=0) 0.1s
2023-07-22T17:56:21.815965244Z broker.info[7]: rc3-success: finalize->goodbye 73.2471ms
2023-07-22T17:56:21.816531424Z broker.info[7]: goodbye: goodbye->exit 0.490964ms
2023-07-22T17:56:21.819936682Z 17:56:21.819843 +++ exited with 0 +++
2023-07-22T17:56:21.820569844Z Return value for follower worker is 0
2023-07-22T17:56:21.820579183Z The follower worker exited cleanly. Goodbye!
