2023-07-22T17:53:45.534513436Z
2023-07-22T17:53:45.535063846Z Flux username: flux
2023-07-22T17:53:45.535101226Z
2023-07-22T17:53:45.535104978Z Flux install root: /usr
2023-07-22T17:53:45.562633011Z flux user is already added.
2023-07-22T17:53:45.564209022Z flux user identifiers:
2023-07-22T17:53:45.564222551Z uid=1234(flux) gid=1234(flux) groups=1234(flux)
2023-07-22T17:53:45.564238653Z
2023-07-22T17:53:45.564252764Z As Flux prefix for flux commands: sudo -u flux -E PYTHONPATH=/opt/conda/lib/python3.10/site-packages -E PATH=/opt/conda/bin:/usr/local/sbin:/usr/local/bin:/usr/sbin:/usr/bin:/sbin:/bin -E LD_LIBRARY_PATH=/opt/conda/lib -E HOME=/home/flux
2023-07-22T17:53:45.568425633Z
2023-07-22T17:53:45.568437132Z ðŸ‘‹ Hello, I'm flux-sample-1
2023-07-22T17:53:45.568439969Z The main host is flux-sample-0
2023-07-22T17:53:45.568472113Z The working directory is /home/flux/examples/reaxff/HNS, contents include:
2023-07-22T17:53:45.569371537Z /home/flux/examples/reaxff/HNS:
2023-07-22T17:53:45.569382016Z README.txt	ffield.reax.hns  log.8Mar18.reaxc.hns.g++.1
2023-07-22T17:53:45.569384537Z data.hns-equil	in.reaxc.hns	 log.8Mar18.reaxc.hns.g++.4
2023-07-22T17:53:45.569491224Z End of file listing, if you see nothing above there are no files.
2023-07-22T17:53:45.570422304Z flux R encode --hosts=flux-sample-[0-7]
2023-07-22T17:53:45.579545755Z
2023-07-22T17:53:45.579551742Z ðŸ“¦ Resources
2023-07-22T17:53:45.580275907Z {"version": 1, "execution": {"R_lite": [{"rank": "0-7", "children": {"core": "0-3"}}], "starttime": 0.0, "expiration": 0.0, "nodelist": ["flux-sample-[0-7]"]}}
2023-07-22T17:53:45.580410396Z
2023-07-22T17:53:45.580413832Z ðŸ¸ Diagnostics: false
2023-07-22T17:53:45.580488105Z ðŸš©ï¸ Flux Option Flags defined
2023-07-22T17:53:45.582526295Z
2023-07-22T17:53:45.582535287Z ðŸ¦Š Independent Minister of Privilege
2023-07-22T17:53:45.583182053Z [exec]
2023-07-22T17:53:45.583192462Z allowed-users = [ "flux", "root" ]
2023-07-22T17:53:45.583195371Z allowed-shells = [ "/usr/libexec/flux/flux-shell" ]
2023-07-22T17:53:45.583289341Z
2023-07-22T17:53:45.583293428Z ðŸ¸ Broker Configuration
2023-07-22T17:53:45.583938835Z # Flux needs to know the path to the IMP executable
2023-07-22T17:53:45.583943212Z [exec]
2023-07-22T17:53:45.583945329Z imp = "/usr/libexec/flux/flux-imp"
2023-07-22T17:53:45.583947309Z
2023-07-22T17:53:45.583949460Z [access]
2023-07-22T17:53:45.583952155Z allow-guest-user = true
2023-07-22T17:53:45.583954524Z allow-root-owner = true
2023-07-22T17:53:45.583956431Z
2023-07-22T17:53:45.583958355Z # Point to resource definition generated with flux-R(1).
2023-07-22T17:53:45.583960459Z [resource]
2023-07-22T17:53:45.583962753Z path = "/etc/flux/system/R"
2023-07-22T17:53:45.583964538Z
2023-07-22T17:53:45.583966989Z [bootstrap]
2023-07-22T17:53:45.583969003Z curve_cert = "/etc/curve/curve.cert"
2023-07-22T17:53:45.583971018Z default_port = 8050
2023-07-22T17:53:45.583973164Z default_bind = "tcp://eth0:%p"
2023-07-22T17:53:45.583975595Z default_connect = "tcp://%h.flux-service.flux-operator.svc.cluster.local:%p"
2023-07-22T17:53:45.583977461Z hosts = [
2023-07-22T17:53:45.583979373Z 	{ host="flux-sample-[0-7]"},
2023-07-22T17:53:45.583981358Z ]
2023-07-22T17:53:45.583983352Z [archive]
2023-07-22T17:53:45.583985341Z dbpath = "/var/lib/flux/job-archive.sqlite"
2023-07-22T17:53:45.583987295Z period = "1m"
2023-07-22T17:53:45.628014500Z busytimeout = "50s"
2023-07-22T17:53:45.628072667Z ðŸ§Šï¸ State Directory:
2023-07-22T17:53:45.628075700Z total 0
2023-07-22T17:53:45.628077766Z
2023-07-22T17:53:45.629508843Z
2023-07-22T17:53:45.629533634Z ðŸ”’ï¸ Working directory permissions:
2023-07-22T17:53:45.629536559Z total 96
2023-07-22T17:53:45.629539409Z -rwxrwxrwx 1 flux root  2517 May 17 22:32 README.txt
2023-07-22T17:53:45.629541387Z -rwxrwxrwx 1 flux root 54692 May 17 22:32 data.hns-equil
2023-07-22T17:53:45.629546249Z -rwxrwxrwx 1 flux root 13576 May 17 22:32 ffield.reax.hns
2023-07-22T17:53:45.629548356Z -rwxrwxrwx 1 flux root   870 May 17 22:32 in.reaxc.hns
2023-07-22T17:53:45.629550898Z -rwxrwxrwx 1 flux root  4172 May 17 22:32 log.8Mar18.reaxc.hns.g++.1
2023-07-22T17:53:45.629552793Z -rwxrwxrwx 1 flux root  4168 May 17 22:32 log.8Mar18.reaxc.hns.g++.4
2023-07-22T17:53:45.629554731Z
2023-07-22T17:53:45.629590925Z
2023-07-22T17:53:45.629594524Z âœ¨ Curve certificate generated by helper pod
2023-07-22T17:53:45.630244168Z #   ****  Generated on 2023-04-26 22:54:42 by CZMQ  ****
2023-07-22T17:53:45.630248268Z #   ZeroMQ CURVE **Secret** Certificate
2023-07-22T17:53:45.630250328Z #   DO NOT PROVIDE THIS FILE TO OTHER USERS nor change its permissions.
2023-07-22T17:53:45.630252256Z
2023-07-22T17:53:45.630254203Z metadata
2023-07-22T17:53:45.630256547Z     name = "flux-cert-generator"
2023-07-22T17:53:45.630258504Z     keygen.hostname = "flux-sample-0"
2023-07-22T17:53:45.630260762Z curve
2023-07-22T17:53:45.630262802Z     public-key = "i>E#*=pY*d5Rm).R8tj$(bD@-EB]QQp/m1&Db%.x"
2023-07-22T17:53:45.630264849Z     secret-key = "hD$x$9b#m2pXHLXkBL.0yzs2az0N<oo#2R2xLy%&"
2023-07-22T17:53:45.631404448Z
2023-07-22T17:53:45.631417855Z ðŸŒ€  flux start --wrap=strace,-e,network,-tt -o --config /etc/flux/config -Scron.directory=/etc/flux/system/cron.d   -Stbon.fanout=256   -Srundir=/run/flux    -Sstatedir=/var/lib/flux   -Slocal-uri=local:///run/flux/local -Stbon.connect_timeout=5s  -Stbon.zmqdebug=1  -Slog-stderr-level=6    -Slog-stderr-mode=local
2023-07-22T17:53:45.656052333Z 17:53:45.655912 socket(AF_NETLINK, SOCK_RAW, NETLINK_ROUTE) = 8
2023-07-22T17:53:45.656324282Z 17:53:45.655987 bind(8, {sa_family=AF_NETLINK, nl_pid=0, nl_groups=00000000}, 12) = 0
2023-07-22T17:53:45.656360101Z 17:53:45.656294 getsockname(8, {sa_family=AF_NETLINK, nl_pid=70, nl_groups=00000000}, [12]) = 0
2023-07-22T17:53:45.656519449Z 17:53:45.656357 sendto(8, {{len=20, type=RTM_GETADDR, flags=NLM_F_REQUEST|NLM_F_DUMP, seq=1690048425, pid=0}, {ifa_family=AF_UNSPEC, ...}}, 20, 0, {sa_family=AF_NETLINK, nl_pid=0, nl_groups=00000000}, 12) = 20
2023-07-22T17:53:45.656660099Z 17:53:45.656506 recvmsg(8, {msg_name={sa_family=AF_NETLINK, nl_pid=0, nl_groups=00000000}, msg_namelen=12, msg_iov=[{iov_base=[{{len=76, type=RTM_NEWADDR, flags=NLM_F_MULTI, seq=1690048425, pid=70}, {ifa_family=AF_INET, ifa_prefixlen=8, ifa_flags=IFA_F_PERMANENT, ifa_scope=RT_SCOPE_HOST, ifa_index=if_nametoindex("lo")}, [{{nla_len=8, nla_type=IFA_ADDRESS}, 127.0.0.1}, {{nla_len=8, nla_type=IFA_LOCAL}, 127.0.0.1}, {{nla_len=7, nla_type=IFA_LABEL}, "lo"}, {{nla_len=8, nla_type=IFA_FLAGS}, IFA_F_PERMANENT}, {{nla_len=20, nla_type=IFA_CACHEINFO}, {ifa_prefered=4294967295, ifa_valid=4294967295, cstamp=75182, tstamp=75182}}]}, {{len=88, type=RTM_NEWADDR, flags=NLM_F_MULTI, seq=1690048425, pid=70}, {ifa_family=AF_INET, ifa_prefixlen=24, ifa_flags=IFA_F_PERMANENT, ifa_scope=RT_SCOPE_UNIVERSE, ifa_index=if_nametoindex("eth0")}, [{{nla_len=8, nla_type=IFA_ADDRESS}, 10.116.7.13}, {{nla_len=8, nla_type=IFA_LOCAL}, 10.116.7.13}, {{nla_len=8, nla_type=IFA_BROADCAST}, 10.116.7.255}, {{nla_len=9, nla_type=IFA_LABEL}, "eth0"}, {{nla_len=8, nla_type=IFA_FLAGS}, IFA_F_PERMANENT}, {{nla_len=20, nla_type=IFA_CACHEINFO}, {ifa_prefered=4294967295, ifa_valid=4294967295, cstamp=75183, tstamp=75183}}]}], iov_len=4096}], msg_iovlen=1, msg_controllen=0, msg_flags=0}, 0) = 164
2023-07-22T17:53:45.656754343Z 17:53:45.656649 recvmsg(8, {msg_name={sa_family=AF_NETLINK, nl_pid=0, nl_groups=00000000}, msg_namelen=12, msg_iov=[{iov_base={{len=20, type=NLMSG_DONE, flags=NLM_F_MULTI, seq=1690048425, pid=70}, 0}, iov_len=4096}], msg_iovlen=1, msg_controllen=0, msg_flags=0}, 0) = 20
2023-07-22T17:53:45.657130169Z 17:53:45.657072 socket(AF_UNIX, SOCK_STREAM|SOCK_CLOEXEC|SOCK_NONBLOCK, 0) = 8
2023-07-22T17:53:45.657219268Z 17:53:45.657123 connect(8, {sa_family=AF_UNIX, sun_path="/var/run/nscd/socket"}, 110) = -1 ENOENT (No such file or directory)
2023-07-22T17:53:45.657341883Z 17:53:45.657254 socket(AF_UNIX, SOCK_STREAM|SOCK_CLOEXEC|SOCK_NONBLOCK, 0) = 8
2023-07-22T17:53:45.657375884Z 17:53:45.657309 connect(8, {sa_family=AF_UNIX, sun_path="/var/run/nscd/socket"}, 110) = -1 ENOENT (No such file or directory)
2023-07-22T17:53:45.658271722Z 17:53:45.658222 socket(AF_INET, SOCK_DGRAM|SOCK_CLOEXEC|SOCK_NONBLOCK, IPPROTO_IP) = 8
2023-07-22T17:53:45.658346349Z 17:53:45.658284 connect(8, {sa_family=AF_INET, sin_port=htons(53), sin_addr=inet_addr("10.120.0.10")}, 16) = 0
2023-07-22T17:53:45.658723765Z 17:53:45.658372 sendto(8, "\6\372\1\0\0\1\0\0\0\0\0\0\rflux-sample-0\fflux-"..., 76, MSG_NOSIGNAL, NULL, 0) = 76
2023-07-22T17:53:45.660094240Z 17:53:45.660001 recvfrom(8, "\6\372\205\200\0\1\0\0\0\0\0\0\rflux-sample-0\fflux-"..., 1024, 0, {sa_family=AF_INET, sin_port=htons(53), sin_addr=inet_addr("10.120.0.10")}, [28->16]) = 76
2023-07-22T17:53:45.660178086Z 17:53:45.660118 socket(AF_INET, SOCK_DGRAM|SOCK_CLOEXEC|SOCK_NONBLOCK, IPPROTO_IP) = 8
2023-07-22T17:53:45.660258590Z 17:53:45.660190 connect(8, {sa_family=AF_INET, sin_port=htons(53), sin_addr=inet_addr("10.120.0.10")}, 16) = 0
2023-07-22T17:53:45.660505227Z 17:53:45.660266 sendto(8, "\244\241\1\0\0\1\0\0\0\0\0\0\rflux-sample-0\fflux-"..., 108, MSG_NOSIGNAL, NULL, 0) = 108
2023-07-22T17:53:45.660829493Z 17:53:45.660720 recvfrom(8, "\244\241\201\203\0\1\0\0\0\1\0\0\rflux-sample-0\fflux-"..., 1024, 0, {sa_family=AF_INET, sin_port=htons(53), sin_addr=inet_addr("10.120.0.10")}, [28->16]) = 201
2023-07-22T17:53:45.660902343Z 17:53:45.660834 socket(AF_INET, SOCK_DGRAM|SOCK_CLOEXEC|SOCK_NONBLOCK, IPPROTO_IP) = 8
2023-07-22T17:53:45.660944524Z 17:53:45.660883 connect(8, {sa_family=AF_INET, sin_port=htons(53), sin_addr=inet_addr("10.120.0.10")}, 16) = 0
2023-07-22T17:53:45.661179789Z 17:53:45.660985 sendto(8, "X\222\1\0\0\1\0\0\0\0\0\0\rflux-sample-0\fflux-"..., 94, MSG_NOSIGNAL, NULL, 0) = 94
2023-07-22T17:53:45.661425983Z 17:53:45.661356 recvfrom(8, "X\222\201\203\0\1\0\0\0\1\0\0\rflux-sample-0\fflux-"..., 1024, 0, {sa_family=AF_INET, sin_port=htons(53), sin_addr=inet_addr("10.120.0.10")}, [28->16]) = 187
2023-07-22T17:53:45.661504741Z 17:53:45.661452 socket(AF_INET, SOCK_DGRAM|SOCK_CLOEXEC|SOCK_NONBLOCK, IPPROTO_IP) = 8
2023-07-22T17:53:45.661566183Z 17:53:45.661503 connect(8, {sa_family=AF_INET, sin_port=htons(53), sin_addr=inet_addr("10.120.0.10")}, 16) = 0
2023-07-22T17:53:45.661744239Z 17:53:45.661574 sendto(8, "\354\314\1\0\0\1\0\0\0\0\0\0\rflux-sample-0\fflux-"..., 90, MSG_NOSIGNAL, NULL, 0) = 90
2023-07-22T17:53:45.662005527Z 17:53:45.661936 recvfrom(8, "\354\314\201\203\0\1\0\0\0\1\0\0\rflux-sample-0\fflux-"..., 1024, 0, {sa_family=AF_INET, sin_port=htons(53), sin_addr=inet_addr("10.120.0.10")}, [28->16]) = 183
2023-07-22T17:53:45.662086504Z 17:53:45.662037 socket(AF_INET, SOCK_DGRAM|SOCK_CLOEXEC|SOCK_NONBLOCK, IPPROTO_IP) = 8
2023-07-22T17:53:45.662118726Z 17:53:45.662078 connect(8, {sa_family=AF_INET, sin_port=htons(53), sin_addr=inet_addr("10.120.0.10")}, 16) = 0
2023-07-22T17:53:45.662234093Z 17:53:45.662136 sendto(8, "bu\1\0\0\1\0\0\0\0\0\0\rflux-sample-0\fflux-"..., 111, MSG_NOSIGNAL, NULL, 0) = 111
2023-07-22T17:53:45.665986876Z 17:53:45.665889 recvfrom(8, "bu\201\203\0\1\0\0\0\1\0\0\rflux-sample-0\fflux-"..., 1024, 0, {sa_family=AF_INET, sin_port=htons(53), sin_addr=inet_addr("10.120.0.10")}, [28->16]) = 221
2023-07-22T17:53:45.666044353Z 17:53:45.665987 socket(AF_INET, SOCK_DGRAM|SOCK_CLOEXEC|SOCK_NONBLOCK, IPPROTO_IP) = 8
2023-07-22T17:53:45.666122383Z 17:53:45.666025 connect(8, {sa_family=AF_INET, sin_port=htons(53), sin_addr=inet_addr("10.120.0.10")}, 16) = 0
2023-07-22T17:53:45.666176367Z 17:53:45.666113 sendto(8, "\372P\1\0\0\1\0\0\0\0\0\0\rflux-sample-0\fflux-"..., 97, MSG_NOSIGNAL, NULL, 0) = 97
2023-07-22T17:53:45.670367515Z 17:53:45.670298 recvfrom(8, "\372P\201\203\0\1\0\0\0\1\0\0\rflux-sample-0\fflux-"..., 1024, 0, {sa_family=AF_INET, sin_port=htons(53), sin_addr=inet_addr("10.120.0.10")}, [28->16]) = 202
2023-07-22T17:53:45.670451721Z 17:53:45.670409 socket(AF_INET, SOCK_DGRAM|SOCK_CLOEXEC|SOCK_NONBLOCK, IPPROTO_IP) = 8
2023-07-22T17:53:45.670527059Z 17:53:45.670469 connect(8, {sa_family=AF_INET, sin_port=htons(53), sin_addr=inet_addr("10.120.0.10")}, 16) = 0
2023-07-22T17:53:45.670638725Z 17:53:45.670549 sendto(8, "\200\206\1\0\0\1\0\0\0\0\0\0\rflux-sample-0\fflux-"..., 92, MSG_NOSIGNAL, NULL, 0) = 92
2023-07-22T17:53:45.674832496Z 17:53:45.674690 recvfrom(8, "\200\206\201\203\0\1\0\0\0\1\0\0\rflux-sample-0\fflux-"..., 1024, 0, {sa_family=AF_INET, sin_port=htons(53), sin_addr=inet_addr("10.120.0.10")}, [28->16]) = 197
2023-07-22T17:53:45.674964719Z broker.err[1]: Warning: unable to resolve upstream peer flux-sample-0.flux-service.flux-operator.svc.cluster.local: No address associated with hostname
2023-07-22T17:53:45.678305640Z broker.info[1]: start: none->join 1.41146ms
2023-07-22T17:53:50.761287465Z broker.info[1]: parent-ready: join->init 5.08282s
2023-07-22T17:53:50.761326870Z 17:53:50.761191 socketpair(AF_UNIX, SOCK_STREAM|SOCK_CLOEXEC, 0, [22, 23]) = 0
2023-07-22T17:53:50.761411456Z 17:53:50.761307 socketpair(AF_UNIX, SOCK_STREAM, 0, [24, 25]) = 0
2023-07-22T17:53:50.761581931Z 17:53:50.761483 socketpair(AF_UNIX, SOCK_STREAM, 0, [26, 27]) = 0
2023-07-22T17:53:50.761711166Z 17:53:50.761627 socketpair(AF_UNIX, SOCK_STREAM, 0, [28, 29]) = 0
2023-07-22T17:53:50.776393617Z broker.info[1]: configuration updated
2023-07-22T17:53:50.871597763Z broker.info[1]: rc1.0: running /etc/flux/rc1.d/01-sched-fluxion
2023-07-22T17:53:50.878333938Z broker.info[1]: rc1.0: running /etc/flux/rc1.d/02-cron
2023-07-22T17:53:50.891553075Z broker.info[1]: rc1.0: /etc/flux/rc1 Exited (rc=0) 0.1s
2023-07-22T17:53:50.892156010Z broker.info[1]: rc1-success: init->quorum 0.130885s
2023-07-22T17:54:06.853146649Z broker.info[1]: quorum-full: quorum->run 15.9608s
2023-07-22T17:54:07.192360018Z 17:54:07.192195 socketpair(AF_UNIX, SOCK_STREAM|SOCK_CLOEXEC, 0, [22, 23]) = 0
2023-07-22T17:54:07.192438650Z 17:54:07.192310 socketpair(AF_UNIX, SOCK_STREAM, 0, [24, 25]) = 0
2023-07-22T17:54:07.192646684Z 17:54:07.192498 socketpair(AF_UNIX, SOCK_STREAM, 0, [26, 28]) = 0
2023-07-22T17:54:07.192700933Z 17:54:07.192617 socketpair(AF_UNIX, SOCK_STREAM, 0, [58, 59]) = 0
2023-07-22T17:54:07.192825540Z 17:54:07.192743 socketpair(AF_UNIX, SOCK_STREAM, 0, [60, 61]) = 0
2023-07-22T17:54:12.041589524Z broker.info[1]: shutdown: run->cleanup 5.18831s
2023-07-22T17:54:12.042313523Z broker.info[1]: cleanup-none: cleanup->shutdown 0.583085ms
2023-07-22T17:54:12.042897445Z broker.info[1]: children-none: shutdown->finalize 0.474318ms
2023-07-22T17:54:12.043089427Z 17:54:12.042963 socketpair(AF_UNIX, SOCK_STREAM|SOCK_CLOEXEC, 0, [22, 23]) = 0
2023-07-22T17:54:12.043173809Z 17:54:12.043077 socketpair(AF_UNIX, SOCK_STREAM, 0, [24, 25]) = 0
2023-07-22T17:54:12.043368186Z 17:54:12.043264 socketpair(AF_UNIX, SOCK_STREAM, 0, [26, 28]) = 0
2023-07-22T17:54:12.043511169Z 17:54:12.043429 socketpair(AF_UNIX, SOCK_STREAM, 0, [58, 59]) = 0
2023-07-22T17:54:12.053781380Z broker.info[1]: rc3.0: running /etc/flux/rc3.d/01-sched-fluxion
2023-07-22T17:54:12.115162635Z broker.info[1]: rc3.0: /etc/flux/rc3 Exited (rc=0) 0.1s
2023-07-22T17:54:12.115425221Z broker.info[1]: rc3-success: finalize->goodbye 72.3781ms
2023-07-22T17:54:12.116107080Z broker.info[1]: goodbye: goodbye->exit 0.603119ms
2023-07-22T17:54:12.119428017Z 17:54:12.119337 +++ exited with 0 +++
2023-07-22T17:54:12.120100512Z Return value for follower worker is 0
2023-07-22T17:54:12.120114981Z The follower worker exited cleanly. Goodbye!
