2023-07-22T18:04:07.635682192Z
2023-07-22T18:04:07.636250068Z Flux username: flux
2023-07-22T18:04:07.636254258Z
2023-07-22T18:04:07.636256825Z Flux install root: /usr
2023-07-22T18:04:07.663475533Z flux user is already added.
2023-07-22T18:04:07.664963610Z flux user identifiers:
2023-07-22T18:04:07.664975395Z uid=1234(flux) gid=1234(flux) groups=1234(flux)
2023-07-22T18:04:07.664978364Z
2023-07-22T18:04:07.664982536Z As Flux prefix for flux commands: sudo -u flux -E PYTHONPATH=/opt/conda/lib/python3.10/site-packages -E PATH=/opt/conda/bin:/usr/local/sbin:/usr/local/bin:/usr/sbin:/usr/bin:/sbin:/bin -E LD_LIBRARY_PATH=/opt/conda/lib -E HOME=/home/flux
2023-07-22T18:04:07.669388373Z
2023-07-22T18:04:07.669400102Z 👋 Hello, I'm flux-sample-3
2023-07-22T18:04:07.669402580Z The main host is flux-sample-0
2023-07-22T18:04:07.669405193Z The working directory is /home/flux/examples/reaxff/HNS, contents include:
2023-07-22T18:04:07.670318642Z /home/flux/examples/reaxff/HNS:
2023-07-22T18:04:07.670331463Z README.txt	ffield.reax.hns  log.8Mar18.reaxc.hns.g++.1
2023-07-22T18:04:07.670334541Z data.hns-equil	in.reaxc.hns	 log.8Mar18.reaxc.hns.g++.4
2023-07-22T18:04:07.670455280Z End of file listing, if you see nothing above there are no files.
2023-07-22T18:04:07.671436219Z flux R encode --hosts=flux-sample-[0-7]
2023-07-22T18:04:07.680380529Z
2023-07-22T18:04:07.680388043Z 📦 Resources
2023-07-22T18:04:07.681154033Z {"version": 1, "execution": {"R_lite": [{"rank": "0-7", "children": {"core": "0-3"}}], "starttime": 0.0, "expiration": 0.0, "nodelist": ["flux-sample-[0-7]"]}}
2023-07-22T18:04:07.681251586Z
2023-07-22T18:04:07.681255692Z 🐸 Diagnostics: false
2023-07-22T18:04:07.681349289Z 🚩️ Flux Option Flags defined
2023-07-22T18:04:07.683438277Z
2023-07-22T18:04:07.683450380Z 🦊 Independent Minister of Privilege
2023-07-22T18:04:07.684101365Z [exec]
2023-07-22T18:04:07.684105962Z allowed-users = [ "flux", "root" ]
2023-07-22T18:04:07.684108321Z allowed-shells = [ "/usr/libexec/flux/flux-shell" ]
2023-07-22T18:04:07.684184306Z
2023-07-22T18:04:07.684188586Z 🐸 Broker Configuration
2023-07-22T18:04:07.684874237Z # Flux needs to know the path to the IMP executable
2023-07-22T18:04:07.684883427Z [exec]
2023-07-22T18:04:07.684886257Z imp = "/usr/libexec/flux/flux-imp"
2023-07-22T18:04:07.684888177Z
2023-07-22T18:04:07.684890279Z [access]
2023-07-22T18:04:07.684892566Z allow-guest-user = true
2023-07-22T18:04:07.684894562Z allow-root-owner = true
2023-07-22T18:04:07.684896496Z
2023-07-22T18:04:07.684898429Z # Point to resource definition generated with flux-R(1).
2023-07-22T18:04:07.684900503Z [resource]
2023-07-22T18:04:07.684902648Z path = "/etc/flux/system/R"
2023-07-22T18:04:07.684904473Z
2023-07-22T18:04:07.684906384Z [bootstrap]
2023-07-22T18:04:07.684908702Z curve_cert = "/etc/curve/curve.cert"
2023-07-22T18:04:07.684910555Z default_port = 8050
2023-07-22T18:04:07.684912530Z default_bind = "tcp://eth0:%p"
2023-07-22T18:04:07.684914753Z default_connect = "tcp://%h.flux-service.flux-operator.svc.cluster.local:%p"
2023-07-22T18:04:07.684916770Z hosts = [
2023-07-22T18:04:07.684918747Z 	{ host="flux-sample-[0-7]"},
2023-07-22T18:04:07.684920598Z ]
2023-07-22T18:04:07.684922596Z [archive]
2023-07-22T18:04:07.684924504Z dbpath = "/var/lib/flux/job-archive.sqlite"
2023-07-22T18:04:07.684926393Z period = "1m"
2023-07-22T18:04:07.727816277Z busytimeout = "50s"
2023-07-22T18:04:07.727829349Z 🧊️ State Directory:
2023-07-22T18:04:07.727832274Z total 0
2023-07-22T18:04:07.727835181Z
2023-07-22T18:04:07.729280386Z
2023-07-22T18:04:07.729297183Z 🔒️ Working directory permissions:
2023-07-22T18:04:07.729299880Z total 96
2023-07-22T18:04:07.729302603Z -rwxrwxrwx 1 flux root  2517 May 17 22:32 README.txt
2023-07-22T18:04:07.729304752Z -rwxrwxrwx 1 flux root 54692 May 17 22:32 data.hns-equil
2023-07-22T18:04:07.729306667Z -rwxrwxrwx 1 flux root 13576 May 17 22:32 ffield.reax.hns
2023-07-22T18:04:07.729308658Z -rwxrwxrwx 1 flux root   870 May 17 22:32 in.reaxc.hns
2023-07-22T18:04:07.729311318Z -rwxrwxrwx 1 flux root  4172 May 17 22:32 log.8Mar18.reaxc.hns.g++.1
2023-07-22T18:04:07.729313326Z -rwxrwxrwx 1 flux root  4168 May 17 22:32 log.8Mar18.reaxc.hns.g++.4
2023-07-22T18:04:07.729315131Z
2023-07-22T18:04:07.729319920Z
2023-07-22T18:04:07.729321938Z ✨ Curve certificate generated by helper pod
2023-07-22T18:04:07.729985036Z #   ****  Generated on 2023-04-26 22:54:42 by CZMQ  ****
2023-07-22T18:04:07.729992274Z #   ZeroMQ CURVE **Secret** Certificate
2023-07-22T18:04:07.729995373Z #   DO NOT PROVIDE THIS FILE TO OTHER USERS nor change its permissions.
2023-07-22T18:04:07.729997864Z
2023-07-22T18:04:07.730000540Z metadata
2023-07-22T18:04:07.730003468Z     name = "flux-cert-generator"
2023-07-22T18:04:07.730006102Z     keygen.hostname = "flux-sample-0"
2023-07-22T18:04:07.730008573Z curve
2023-07-22T18:04:07.730011110Z     public-key = "-6q:N/rdE8nbfMbp^i3-salDZIbr8*Uz#pzk]tO/"
2023-07-22T18:04:07.730013703Z     secret-key = "ELJGv?eafKg($Qwi]KoS=<&*9/}K@GdR?bM:^v7A"
2023-07-22T18:04:07.731139151Z
2023-07-22T18:04:07.731144664Z 🌀  flux start --wrap=strace,-e,network,-tt -o --config /etc/flux/config -Scron.directory=/etc/flux/system/cron.d   -Stbon.fanout=256   -Srundir=/run/flux    -Sstatedir=/var/lib/flux   -Slocal-uri=local:///run/flux/local -Stbon.connect_timeout=5s  -Stbon.zmqdebug=1  -Slog-stderr-level=6    -Slog-stderr-mode=local
2023-07-22T18:04:07.755596159Z 18:04:07.755500 socket(AF_NETLINK, SOCK_RAW, NETLINK_ROUTE) = 8
2023-07-22T18:04:07.755706145Z 18:04:07.755588 bind(8, {sa_family=AF_NETLINK, nl_pid=0, nl_groups=00000000}, 12) = 0
2023-07-22T18:04:07.755762221Z 18:04:07.755680 getsockname(8, {sa_family=AF_NETLINK, nl_pid=70, nl_groups=00000000}, [12]) = 0
2023-07-22T18:04:07.755889326Z 18:04:07.755734 sendto(8, {{len=20, type=RTM_GETADDR, flags=NLM_F_REQUEST|NLM_F_DUMP, seq=1690049047, pid=0}, {ifa_family=AF_UNSPEC, ...}}, 20, 0, {sa_family=AF_NETLINK, nl_pid=0, nl_groups=00000000}, 12) = 20
2023-07-22T18:04:07.756044200Z 18:04:07.755877 recvmsg(8, {msg_name={sa_family=AF_NETLINK, nl_pid=0, nl_groups=00000000}, msg_namelen=12, msg_iov=[{iov_base=[{{len=76, type=RTM_NEWADDR, flags=NLM_F_MULTI, seq=1690049047, pid=70}, {ifa_family=AF_INET, ifa_prefixlen=8, ifa_flags=IFA_F_PERMANENT, ifa_scope=RT_SCOPE_HOST, ifa_index=if_nametoindex("lo")}, [{{nla_len=8, nla_type=IFA_ADDRESS}, 127.0.0.1}, {{nla_len=8, nla_type=IFA_LOCAL}, 127.0.0.1}, {{nla_len=7, nla_type=IFA_LABEL}, "lo"}, {{nla_len=8, nla_type=IFA_FLAGS}, IFA_F_PERMANENT}, {{nla_len=20, nla_type=IFA_CACHEINFO}, {ifa_prefered=4294967295, ifa_valid=4294967295, cstamp=137375, tstamp=137375}}]}, {{len=88, type=RTM_NEWADDR, flags=NLM_F_MULTI, seq=1690049047, pid=70}, {ifa_family=AF_INET, ifa_prefixlen=24, ifa_flags=IFA_F_PERMANENT, ifa_scope=RT_SCOPE_UNIVERSE, ifa_index=if_nametoindex("eth0")}, [{{nla_len=8, nla_type=IFA_ADDRESS}, 10.116.5.32}, {{nla_len=8, nla_type=IFA_LOCAL}, 10.116.5.32}, {{nla_len=8, nla_type=IFA_BROADCAST}, 10.116.5.255}, {{nla_len=9, nla_type=IFA_LABEL}, "eth0"}, {{nla_len=8, nla_type=IFA_FLAGS}, IFA_F_PERMANENT}, {{nla_len=20, nla_type=IFA_CACHEINFO}, {ifa_prefered=4294967295, ifa_valid=4294967295, cstamp=137375, tstamp=137375}}]}], iov_len=4096}], msg_iovlen=1, msg_controllen=0, msg_flags=0}, 0) = 164
2023-07-22T18:04:07.756091047Z 18:04:07.756033 recvmsg(8, {msg_name={sa_family=AF_NETLINK, nl_pid=0, nl_groups=00000000}, msg_namelen=12, msg_iov=[{iov_base={{len=20, type=NLMSG_DONE, flags=NLM_F_MULTI, seq=1690049047, pid=70}, 0}, iov_len=4096}], msg_iovlen=1, msg_controllen=0, msg_flags=0}, 0) = 20
2023-07-22T18:04:07.756448164Z 18:04:07.756394 socket(AF_UNIX, SOCK_STREAM|SOCK_CLOEXEC|SOCK_NONBLOCK, 0) = 8
2023-07-22T18:04:07.756512703Z 18:04:07.756431 connect(8, {sa_family=AF_UNIX, sun_path="/var/run/nscd/socket"}, 110) = -1 ENOENT (No such file or directory)
2023-07-22T18:04:07.756605094Z 18:04:07.756522 socket(AF_UNIX, SOCK_STREAM|SOCK_CLOEXEC|SOCK_NONBLOCK, 0) = 8
2023-07-22T18:04:07.756612061Z 18:04:07.756568 connect(8, {sa_family=AF_UNIX, sun_path="/var/run/nscd/socket"}, 110) = -1 ENOENT (No such file or directory)
2023-07-22T18:04:07.757488255Z 18:04:07.757436 socket(AF_INET, SOCK_DGRAM|SOCK_CLOEXEC|SOCK_NONBLOCK, IPPROTO_IP) = 8
2023-07-22T18:04:07.757568945Z 18:04:07.757482 connect(8, {sa_family=AF_INET, sin_port=htons(53), sin_addr=inet_addr("10.120.0.10")}, 16) = 0
2023-07-22T18:04:07.757923813Z 18:04:07.757580 sendto(8, "\214\6\1\0\0\1\0\0\0\0\0\0\rflux-sample-0\fflux-"..., 76, MSG_NOSIGNAL, NULL, 0) = 76
2023-07-22T18:04:07.758006641Z 18:04:07.757928 recvfrom(8, "\214\6\205\200\0\1\0\1\0\0\0\0\rflux-sample-0\fflux-"..., 1024, 0, {sa_family=AF_INET, sin_port=htons(53), sin_addr=inet_addr("10.120.0.10")}, [28->16]) = 150
2023-07-22T18:04:07.761575471Z broker.info[3]: start: none->join 1.48678ms
2023-07-22T18:04:23.271427148Z broker.info[3]: parent-ready: join->init 15.5097s
2023-07-22T18:04:23.271485363Z 18:04:23.271351 socketpair(AF_UNIX, SOCK_STREAM|SOCK_CLOEXEC, 0, [22, 23]) = 0
2023-07-22T18:04:23.271537044Z 18:04:23.271465 socketpair(AF_UNIX, SOCK_STREAM, 0, [24, 25]) = 0
2023-07-22T18:04:23.271715144Z 18:04:23.271610 socketpair(AF_UNIX, SOCK_STREAM, 0, [26, 27]) = 0
2023-07-22T18:04:23.271828474Z 18:04:23.271749 socketpair(AF_UNIX, SOCK_STREAM, 0, [28, 29]) = 0
2023-07-22T18:04:23.286458837Z broker.info[3]: configuration updated
2023-07-22T18:04:23.352185274Z broker.info[3]: rc1.0: running /etc/flux/rc1.d/01-sched-fluxion
2023-07-22T18:04:23.358258170Z broker.info[3]: rc1.0: running /etc/flux/rc1.d/02-cron
2023-07-22T18:04:23.370940787Z broker.info[3]: rc1.0: /etc/flux/rc1 Exited (rc=0) 0.1s
2023-07-22T18:04:23.371459669Z broker.info[3]: rc1-success: init->quorum 0.100042s
2023-07-22T18:04:30.156646307Z broker.info[3]: quorum-full: quorum->run 6.78497s
2023-07-22T18:04:30.497314864Z 18:04:30.497174 socketpair(AF_UNIX, SOCK_STREAM|SOCK_CLOEXEC, 0, [22, 23]) = 0
2023-07-22T18:04:30.497402288Z 18:04:30.497290 socketpair(AF_UNIX, SOCK_STREAM, 0, [24, 25]) = 0
2023-07-22T18:04:30.497529200Z 18:04:30.497453 socketpair(AF_UNIX, SOCK_STREAM, 0, [26, 28]) = 0
2023-07-22T18:04:30.497681340Z 18:04:30.497588 socketpair(AF_UNIX, SOCK_STREAM, 0, [58, 59]) = 0
2023-07-22T18:04:30.497835780Z 18:04:30.497753 socketpair(AF_UNIX, SOCK_STREAM, 0, [60, 61]) = 0
2023-07-22T18:04:35.382907235Z broker.info[3]: shutdown: run->cleanup 5.22619s
2023-07-22T18:04:35.383618785Z broker.info[3]: cleanup-none: cleanup->shutdown 0.588002ms
2023-07-22T18:04:35.384195921Z broker.info[3]: children-none: shutdown->finalize 0.461539ms
2023-07-22T18:04:35.384510981Z 18:04:35.384349 socketpair(AF_UNIX, SOCK_STREAM|SOCK_CLOEXEC, 0, [22, 23]) = 0
2023-07-22T18:04:35.384576910Z 18:04:35.384467 socketpair(AF_UNIX, SOCK_STREAM, 0, [24, 25]) = 0
2023-07-22T18:04:35.384699361Z 18:04:35.384635 socketpair(AF_UNIX, SOCK_STREAM, 0, [26, 28]) = 0
2023-07-22T18:04:35.384837088Z 18:04:35.384774 socketpair(AF_UNIX, SOCK_STREAM, 0, [58, 59]) = 0
2023-07-22T18:04:35.395082991Z broker.info[3]: rc3.0: running /etc/flux/rc3.d/01-sched-fluxion
2023-07-22T18:04:35.455214779Z broker.info[3]: rc3.0: /etc/flux/rc3 Exited (rc=0) 0.1s
2023-07-22T18:04:35.455489044Z broker.info[3]: rc3-success: finalize->goodbye 71.0811ms
2023-07-22T18:04:35.456110984Z broker.info[3]: goodbye: goodbye->exit 0.493919ms
2023-07-22T18:04:35.459474655Z 18:04:35.459389 +++ exited with 0 +++
2023-07-22T18:04:35.460126892Z Return value for follower worker is 0
2023-07-22T18:04:35.460140460Z The follower worker exited cleanly. Goodbye!
