2023-07-22T18:00:17.201013276Z
2023-07-22T18:00:17.201040425Z Flux username: flux
2023-07-22T18:00:17.201072623Z
2023-07-22T18:00:17.201082207Z Flux install root: /usr
2023-07-22T18:00:17.229232075Z flux user is already added.
2023-07-22T18:00:17.230694113Z flux user identifiers:
2023-07-22T18:00:17.230708077Z uid=1234(flux) gid=1234(flux) groups=1234(flux)
2023-07-22T18:00:17.230734355Z
2023-07-22T18:00:17.230738089Z As Flux prefix for flux commands: sudo -u flux -E PYTHONPATH=/opt/conda/lib/python3.10/site-packages -E PATH=/opt/conda/bin:/usr/local/sbin:/usr/local/bin:/usr/sbin:/usr/bin:/sbin:/bin -E LD_LIBRARY_PATH=/opt/conda/lib -E HOME=/home/flux
2023-07-22T18:00:17.234839727Z
2023-07-22T18:00:17.234851349Z ðŸ‘‹ Hello, I'm flux-sample-7
2023-07-22T18:00:17.234853843Z The main host is flux-sample-0
2023-07-22T18:00:17.234859284Z The working directory is /home/flux/examples/reaxff/HNS, contents include:
2023-07-22T18:00:17.235817376Z /home/flux/examples/reaxff/HNS:
2023-07-22T18:00:17.235827696Z README.txt	ffield.reax.hns  log.8Mar18.reaxc.hns.g++.1
2023-07-22T18:00:17.235830828Z data.hns-equil	in.reaxc.hns	 log.8Mar18.reaxc.hns.g++.4
2023-07-22T18:00:17.235985886Z End of file listing, if you see nothing above there are no files.
2023-07-22T18:00:17.236945834Z flux R encode --hosts=flux-sample-[0-7]
2023-07-22T18:00:17.245949174Z
2023-07-22T18:00:17.245960516Z ðŸ“¦ Resources
2023-07-22T18:00:17.246659279Z {"version": 1, "execution": {"R_lite": [{"rank": "0-7", "children": {"core": "0-3"}}], "starttime": 0.0, "expiration": 0.0, "nodelist": ["flux-sample-[0-7]"]}}
2023-07-22T18:00:17.246767594Z
2023-07-22T18:00:17.246778100Z ðŸ¸ Diagnostics: false
2023-07-22T18:00:17.246844197Z ðŸš©ï¸ Flux Option Flags defined
2023-07-22T18:00:17.248795015Z
2023-07-22T18:00:17.248799725Z ðŸ¦Š Independent Minister of Privilege
2023-07-22T18:00:17.249452522Z [exec]
2023-07-22T18:00:17.249456981Z allowed-users = [ "flux", "root" ]
2023-07-22T18:00:17.249459262Z allowed-shells = [ "/usr/libexec/flux/flux-shell" ]
2023-07-22T18:00:17.249571435Z
2023-07-22T18:00:17.249575223Z ðŸ¸ Broker Configuration
2023-07-22T18:00:17.250321668Z # Flux needs to know the path to the IMP executable
2023-07-22T18:00:17.250330985Z [exec]
2023-07-22T18:00:17.250333696Z imp = "/usr/libexec/flux/flux-imp"
2023-07-22T18:00:17.250335731Z
2023-07-22T18:00:17.250337593Z [access]
2023-07-22T18:00:17.250339883Z allow-guest-user = true
2023-07-22T18:00:17.250341867Z allow-root-owner = true
2023-07-22T18:00:17.250343658Z
2023-07-22T18:00:17.250345493Z # Point to resource definition generated with flux-R(1).
2023-07-22T18:00:17.250347509Z [resource]
2023-07-22T18:00:17.250349661Z path = "/etc/flux/system/R"
2023-07-22T18:00:17.250351797Z
2023-07-22T18:00:17.250353732Z [bootstrap]
2023-07-22T18:00:17.250355672Z curve_cert = "/etc/curve/curve.cert"
2023-07-22T18:00:17.250357537Z default_port = 8050
2023-07-22T18:00:17.250359377Z default_bind = "tcp://eth0:%p"
2023-07-22T18:00:17.250361703Z default_connect = "tcp://%h.flux-service.flux-operator.svc.cluster.local:%p"
2023-07-22T18:00:17.250363610Z hosts = [
2023-07-22T18:00:17.250365580Z 	{ host="flux-sample-[0-7]"},
2023-07-22T18:00:17.250367563Z ]
2023-07-22T18:00:17.250369519Z [archive]
2023-07-22T18:00:17.250371451Z dbpath = "/var/lib/flux/job-archive.sqlite"
2023-07-22T18:00:17.250373301Z period = "1m"
2023-07-22T18:00:17.294367142Z busytimeout = "50s"
2023-07-22T18:00:17.294379655Z ðŸ§Šï¸ State Directory:
2023-07-22T18:00:17.294382083Z total 0
2023-07-22T18:00:17.294384147Z
2023-07-22T18:00:17.295949758Z
2023-07-22T18:00:17.295971139Z ðŸ”’ï¸ Working directory permissions:
2023-07-22T18:00:17.295973958Z total 96
2023-07-22T18:00:17.295976507Z -rwxrwxrwx 1 flux root  2517 May 17 22:32 README.txt
2023-07-22T18:00:17.295978491Z -rwxrwxrwx 1 flux root 54692 May 17 22:32 data.hns-equil
2023-07-22T18:00:17.295980365Z -rwxrwxrwx 1 flux root 13576 May 17 22:32 ffield.reax.hns
2023-07-22T18:00:17.295982312Z -rwxrwxrwx 1 flux root   870 May 17 22:32 in.reaxc.hns
2023-07-22T18:00:17.295984476Z -rwxrwxrwx 1 flux root  4172 May 17 22:32 log.8Mar18.reaxc.hns.g++.1
2023-07-22T18:00:17.295986663Z -rwxrwxrwx 1 flux root  4168 May 17 22:32 log.8Mar18.reaxc.hns.g++.4
2023-07-22T18:00:17.295988378Z
2023-07-22T18:00:17.295997645Z
2023-07-22T18:00:17.296000096Z âœ¨ Curve certificate generated by helper pod
2023-07-22T18:00:17.296678719Z #   ****  Generated on 2023-04-26 22:54:42 by CZMQ  ****
2023-07-22T18:00:17.296682406Z #   ZeroMQ CURVE **Secret** Certificate
2023-07-22T18:00:17.296689630Z #   DO NOT PROVIDE THIS FILE TO OTHER USERS nor change its permissions.
2023-07-22T18:00:17.296691834Z
2023-07-22T18:00:17.296693849Z metadata
2023-07-22T18:00:17.296695998Z     name = "flux-cert-generator"
2023-07-22T18:00:17.296698047Z     keygen.hostname = "flux-sample-0"
2023-07-22T18:00:17.296699968Z curve
2023-07-22T18:00:17.296701939Z     public-key = "mwpTfh3@&sEU[#3*%OQ/g/+YmE%a+vJ[^:-8%uPM"
2023-07-22T18:00:17.296704039Z     secret-key = "*J3rzI!2Ks0D#O8jp)zYZ-e>*Pjqb%)BAfgU@b-&"
2023-07-22T18:00:17.297842639Z
2023-07-22T18:00:17.297850531Z ðŸŒ€  flux start --wrap=strace,-e,network,-tt -o --config /etc/flux/config -Scron.directory=/etc/flux/system/cron.d   -Stbon.fanout=256   -Srundir=/run/flux    -Sstatedir=/var/lib/flux   -Slocal-uri=local:///run/flux/local -Stbon.connect_timeout=5s  -Stbon.zmqdebug=1  -Slog-stderr-level=6    -Slog-stderr-mode=local
2023-07-22T18:00:17.323590723Z 18:00:17.323488 socket(AF_NETLINK, SOCK_RAW, NETLINK_ROUTE) = 8
2023-07-22T18:00:17.323628752Z 18:00:17.323561 bind(8, {sa_family=AF_NETLINK, nl_pid=0, nl_groups=00000000}, 12) = 0
2023-07-22T18:00:17.323645304Z 18:00:17.323603 getsockname(8, {sa_family=AF_NETLINK, nl_pid=70, nl_groups=00000000}, [12]) = 0
2023-07-22T18:00:17.323794470Z 18:00:17.323637 sendto(8, {{len=20, type=RTM_GETADDR, flags=NLM_F_REQUEST|NLM_F_DUMP, seq=1690048817, pid=0}, {ifa_family=AF_UNSPEC, ...}}, 20, 0, {sa_family=AF_NETLINK, nl_pid=0, nl_groups=00000000}, 12) = 20
2023-07-22T18:00:17.323979025Z 18:00:17.323782 recvmsg(8, {msg_name={sa_family=AF_NETLINK, nl_pid=0, nl_groups=00000000}, msg_namelen=12, msg_iov=[{iov_base=[{{len=76, type=RTM_NEWADDR, flags=NLM_F_MULTI, seq=1690048817, pid=70}, {ifa_family=AF_INET, ifa_prefixlen=8, ifa_flags=IFA_F_PERMANENT, ifa_scope=RT_SCOPE_HOST, ifa_index=if_nametoindex("lo")}, [{{nla_len=8, nla_type=IFA_ADDRESS}, 127.0.0.1}, {{nla_len=8, nla_type=IFA_LOCAL}, 127.0.0.1}, {{nla_len=7, nla_type=IFA_LABEL}, "lo"}, {{nla_len=8, nla_type=IFA_FLAGS}, IFA_F_PERMANENT}, {{nla_len=20, nla_type=IFA_CACHEINFO}, {ifa_prefered=4294967295, ifa_valid=4294967295, cstamp=114793, tstamp=114793}}]}, {{len=88, type=RTM_NEWADDR, flags=NLM_F_MULTI, seq=1690048817, pid=70}, {ifa_family=AF_INET, ifa_prefixlen=24, ifa_flags=IFA_F_PERMANENT, ifa_scope=RT_SCOPE_UNIVERSE, ifa_index=if_nametoindex("eth0")}, [{{nla_len=8, nla_type=IFA_ADDRESS}, 10.116.1.26}, {{nla_len=8, nla_type=IFA_LOCAL}, 10.116.1.26}, {{nla_len=8, nla_type=IFA_BROADCAST}, 10.116.1.255}, {{nla_len=9, nla_type=IFA_LABEL}, "eth0"}, {{nla_len=8, nla_type=IFA_FLAGS}, IFA_F_PERMANENT}, {{nla_len=20, nla_type=IFA_CACHEINFO}, {ifa_prefered=4294967295, ifa_valid=4294967295, cstamp=114795, tstamp=114795}}]}], iov_len=4096}], msg_iovlen=1, msg_controllen=0, msg_flags=0}, 0) = 164
2023-07-22T18:00:17.324077860Z 18:00:17.323953 recvmsg(8, {msg_name={sa_family=AF_NETLINK, nl_pid=0, nl_groups=00000000}, msg_namelen=12, msg_iov=[{iov_base={{len=20, type=NLMSG_DONE, flags=NLM_F_MULTI, seq=1690048817, pid=70}, 0}, iov_len=4096}], msg_iovlen=1, msg_controllen=0, msg_flags=0}, 0) = 20
2023-07-22T18:00:17.324470210Z 18:00:17.324408 socket(AF_UNIX, SOCK_STREAM|SOCK_CLOEXEC|SOCK_NONBLOCK, 0) = 8
2023-07-22T18:00:17.324564000Z 18:00:17.324455 connect(8, {sa_family=AF_UNIX, sun_path="/var/run/nscd/socket"}, 110) = -1 ENOENT (No such file or directory)
2023-07-22T18:00:17.324598221Z 18:00:17.324536 socket(AF_UNIX, SOCK_STREAM|SOCK_CLOEXEC|SOCK_NONBLOCK, 0) = 8
2023-07-22T18:00:17.324675035Z 18:00:17.324613 connect(8, {sa_family=AF_UNIX, sun_path="/var/run/nscd/socket"}, 110) = -1 ENOENT (No such file or directory)
2023-07-22T18:00:17.325566242Z 18:00:17.325513 socket(AF_INET, SOCK_DGRAM|SOCK_CLOEXEC|SOCK_NONBLOCK, IPPROTO_IP) = 8
2023-07-22T18:00:17.325656830Z 18:00:17.325554 connect(8, {sa_family=AF_INET, sin_port=htons(53), sin_addr=inet_addr("10.120.0.10")}, 16) = 0
2023-07-22T18:00:17.325799780Z 18:00:17.325657 sendto(8, "\6U\1\0\0\1\0\0\0\0\0\0\rflux-sample-0\fflux-"..., 76, MSG_NOSIGNAL, NULL, 0) = 76
2023-07-22T18:00:17.326056782Z 18:00:17.325939 recvfrom(8, "\6U\205\200\0\1\0\1\0\0\0\0\rflux-sample-0\fflux-"..., 1024, 0, {sa_family=AF_INET, sin_port=htons(53), sin_addr=inet_addr("10.120.0.10")}, [28->16]) = 150
2023-07-22T18:00:17.329349894Z broker.info[7]: start: none->join 1.28857ms
2023-07-22T18:00:32.830432547Z broker.info[7]: parent-ready: join->init 15.5009s
2023-07-22T18:00:32.830677262Z 18:00:32.830403 socketpair(AF_UNIX, SOCK_STREAM|SOCK_CLOEXEC, 0, [22, 23]) = 0
2023-07-22T18:00:32.830689050Z 18:00:32.830519 socketpair(AF_UNIX, SOCK_STREAM, 0, [24, 25]) = 0
2023-07-22T18:00:32.830758432Z 18:00:32.830657 socketpair(AF_UNIX, SOCK_STREAM, 0, [26, 27]) = 0
2023-07-22T18:00:32.830899451Z 18:00:32.830806 socketpair(AF_UNIX, SOCK_STREAM, 0, [28, 29]) = 0
2023-07-22T18:00:32.845926731Z broker.info[7]: configuration updated
2023-07-22T18:00:32.913574008Z broker.info[7]: rc1.0: running /etc/flux/rc1.d/01-sched-fluxion
2023-07-22T18:00:32.919912377Z broker.info[7]: rc1.0: running /etc/flux/rc1.d/02-cron
2023-07-22T18:00:32.932316405Z broker.info[7]: rc1.0: /etc/flux/rc1 Exited (rc=0) 0.1s
2023-07-22T18:00:32.932847973Z broker.info[7]: rc1-success: init->quorum 0.102353s
2023-07-22T18:00:39.837094956Z broker.info[7]: quorum-full: quorum->run 6.90405s
2023-07-22T18:00:40.179268329Z 18:00:40.179111 socketpair(AF_UNIX, SOCK_STREAM|SOCK_CLOEXEC, 0, [22, 23]) = 0
2023-07-22T18:00:40.179483892Z 18:00:40.179244 socketpair(AF_UNIX, SOCK_STREAM, 0, [24, 25]) = 0
2023-07-22T18:00:40.179605934Z 18:00:40.179414 socketpair(AF_UNIX, SOCK_STREAM, 0, [26, 28]) = 0
2023-07-22T18:00:40.179691306Z 18:00:40.179582 socketpair(AF_UNIX, SOCK_STREAM, 0, [58, 59]) = 0
2023-07-22T18:00:40.179818061Z 18:00:40.179752 socketpair(AF_UNIX, SOCK_STREAM, 0, [60, 61]) = 0
2023-07-22T18:00:44.789820686Z broker.info[7]: shutdown: run->cleanup 4.95257s
2023-07-22T18:00:44.790533796Z broker.info[7]: cleanup-none: cleanup->shutdown 0.534655ms
2023-07-22T18:00:44.791100514Z broker.info[7]: children-none: shutdown->finalize 0.488294ms
2023-07-22T18:00:44.791347601Z 18:00:44.791208 socketpair(AF_UNIX, SOCK_STREAM|SOCK_CLOEXEC, 0, [22, 23]) = 0
2023-07-22T18:00:44.791420539Z 18:00:44.791308 socketpair(AF_UNIX, SOCK_STREAM, 0, [24, 25]) = 0
2023-07-22T18:00:44.791594659Z 18:00:44.791503 socketpair(AF_UNIX, SOCK_STREAM, 0, [26, 28]) = 0
2023-07-22T18:00:44.791861763Z 18:00:44.791768 socketpair(AF_UNIX, SOCK_STREAM, 0, [58, 59]) = 0
2023-07-22T18:00:44.802349851Z broker.info[7]: rc3.0: running /etc/flux/rc3.d/01-sched-fluxion
2023-07-22T18:00:44.863726633Z broker.info[7]: rc3.0: /etc/flux/rc3 Exited (rc=0) 0.1s
2023-07-22T18:00:44.864121119Z broker.info[7]: rc3-success: finalize->goodbye 72.8444ms
2023-07-22T18:00:44.864749763Z broker.info[7]: goodbye: goodbye->exit 0.487403ms
2023-07-22T18:00:44.867940045Z 18:00:44.867854 +++ exited with 0 +++
2023-07-22T18:00:44.868549854Z Return value for follower worker is 0
2023-07-22T18:00:44.868560765Z The follower worker exited cleanly. Goodbye!
