2023-07-22T18:05:17.862413582Z
2023-07-22T18:05:17.863025462Z Flux username: flux
2023-07-22T18:05:17.863036081Z
2023-07-22T18:05:17.863038550Z Flux install root: /usr
2023-07-22T18:05:17.890378109Z flux user is already added.
2023-07-22T18:05:17.891913064Z flux user identifiers:
2023-07-22T18:05:17.891923498Z uid=1234(flux) gid=1234(flux) groups=1234(flux)
2023-07-22T18:05:17.891925598Z
2023-07-22T18:05:17.891928048Z As Flux prefix for flux commands: sudo -u flux -E PYTHONPATH=/opt/conda/lib/python3.10/site-packages -E PATH=/opt/conda/bin:/usr/local/sbin:/usr/local/bin:/usr/sbin:/usr/bin:/sbin:/bin -E LD_LIBRARY_PATH=/opt/conda/lib -E HOME=/home/flux
2023-07-22T18:05:17.896144757Z
2023-07-22T18:05:17.896157935Z ðŸ‘‹ Hello, I'm flux-sample-3
2023-07-22T18:05:17.896160587Z The main host is flux-sample-0
2023-07-22T18:05:17.896164126Z The working directory is /home/flux/examples/reaxff/HNS, contents include:
2023-07-22T18:05:17.897078068Z /home/flux/examples/reaxff/HNS:
2023-07-22T18:05:17.897089258Z README.txt	ffield.reax.hns  log.8Mar18.reaxc.hns.g++.1
2023-07-22T18:05:17.897091830Z data.hns-equil	in.reaxc.hns	 log.8Mar18.reaxc.hns.g++.4
2023-07-22T18:05:17.897215346Z End of file listing, if you see nothing above there are no files.
2023-07-22T18:05:17.898163278Z flux R encode --hosts=flux-sample-[0-7]
2023-07-22T18:05:17.907255442Z
2023-07-22T18:05:17.907267369Z ðŸ“¦ Resources
2023-07-22T18:05:17.907986811Z {"version": 1, "execution": {"R_lite": [{"rank": "0-7", "children": {"core": "0-3"}}], "starttime": 0.0, "expiration": 0.0, "nodelist": ["flux-sample-[0-7]"]}}
2023-07-22T18:05:17.908101065Z
2023-07-22T18:05:17.908105298Z ðŸ¸ Diagnostics: false
2023-07-22T18:05:17.908166383Z ðŸš©ï¸ Flux Option Flags defined
2023-07-22T18:05:17.910206371Z
2023-07-22T18:05:17.910215415Z ðŸ¦Š Independent Minister of Privilege
2023-07-22T18:05:17.910864336Z [exec]
2023-07-22T18:05:17.910874309Z allowed-users = [ "flux", "root" ]
2023-07-22T18:05:17.910877312Z allowed-shells = [ "/usr/libexec/flux/flux-shell" ]
2023-07-22T18:05:17.910958815Z
2023-07-22T18:05:17.910970259Z ðŸ¸ Broker Configuration
2023-07-22T18:05:17.911598083Z # Flux needs to know the path to the IMP executable
2023-07-22T18:05:17.911607898Z [exec]
2023-07-22T18:05:17.911610783Z imp = "/usr/libexec/flux/flux-imp"
2023-07-22T18:05:17.911612648Z
2023-07-22T18:05:17.911614634Z [access]
2023-07-22T18:05:17.911616899Z allow-guest-user = true
2023-07-22T18:05:17.911619025Z allow-root-owner = true
2023-07-22T18:05:17.911620876Z
2023-07-22T18:05:17.911622980Z # Point to resource definition generated with flux-R(1).
2023-07-22T18:05:17.911632946Z [resource]
2023-07-22T18:05:17.911635672Z path = "/etc/flux/system/R"
2023-07-22T18:05:17.911637472Z
2023-07-22T18:05:17.911639297Z [bootstrap]
2023-07-22T18:05:17.911641208Z curve_cert = "/etc/curve/curve.cert"
2023-07-22T18:05:17.911643142Z default_port = 8050
2023-07-22T18:05:17.911645132Z default_bind = "tcp://eth0:%p"
2023-07-22T18:05:17.911647510Z default_connect = "tcp://%h.flux-service.flux-operator.svc.cluster.local:%p"
2023-07-22T18:05:17.911649506Z hosts = [
2023-07-22T18:05:17.911651437Z 	{ host="flux-sample-[0-7]"},
2023-07-22T18:05:17.911653408Z ]
2023-07-22T18:05:17.911655214Z [archive]
2023-07-22T18:05:17.911657163Z dbpath = "/var/lib/flux/job-archive.sqlite"
2023-07-22T18:05:17.911659108Z period = "1m"
2023-07-22T18:05:17.956630243Z busytimeout = "50s"
2023-07-22T18:05:17.956643312Z ðŸ§Šï¸ State Directory:
2023-07-22T18:05:17.956645772Z total 0
2023-07-22T18:05:17.956647875Z
2023-07-22T18:05:17.958109217Z
2023-07-22T18:05:17.958129717Z ðŸ”’ï¸ Working directory permissions:
2023-07-22T18:05:17.958132446Z total 96
2023-07-22T18:05:17.958134954Z -rwxrwxrwx 1 flux root  2517 May 17 22:32 README.txt
2023-07-22T18:05:17.958137146Z -rwxrwxrwx 1 flux root 54692 May 17 22:32 data.hns-equil
2023-07-22T18:05:17.958139178Z -rwxrwxrwx 1 flux root 13576 May 17 22:32 ffield.reax.hns
2023-07-22T18:05:17.958141171Z -rwxrwxrwx 1 flux root   870 May 17 22:32 in.reaxc.hns
2023-07-22T18:05:17.958143565Z -rwxrwxrwx 1 flux root  4172 May 17 22:32 log.8Mar18.reaxc.hns.g++.1
2023-07-22T18:05:17.958145510Z -rwxrwxrwx 1 flux root  4168 May 17 22:32 log.8Mar18.reaxc.hns.g++.4
2023-07-22T18:05:17.958147378Z
2023-07-22T18:05:17.958162814Z
2023-07-22T18:05:17.958175057Z âœ¨ Curve certificate generated by helper pod
2023-07-22T18:05:17.958803188Z #   ****  Generated on 2023-04-26 22:54:42 by CZMQ  ****
2023-07-22T18:05:17.958808782Z #   ZeroMQ CURVE **Secret** Certificate
2023-07-22T18:05:17.958811377Z #   DO NOT PROVIDE THIS FILE TO OTHER USERS nor change its permissions.
2023-07-22T18:05:17.958813313Z
2023-07-22T18:05:17.958815364Z metadata
2023-07-22T18:05:17.958817851Z     name = "flux-cert-generator"
2023-07-22T18:05:17.958819741Z     keygen.hostname = "flux-sample-0"
2023-07-22T18:05:17.958821651Z curve
2023-07-22T18:05:17.958823622Z     public-key = "Y@)008/8Om&)YzrZU[QuN2DLKj$&Mq-Kh.1y-{Je"
2023-07-22T18:05:17.958825503Z     secret-key = "b$BBvc/w-F&=eA9q(RcRPLm%!Sek6jO2>Ywg@/%X"
2023-07-22T18:05:17.959936113Z
2023-07-22T18:05:17.959947749Z ðŸŒ€  flux start --wrap=strace,-e,network,-tt -o --config /etc/flux/config -Scron.directory=/etc/flux/system/cron.d   -Stbon.fanout=256   -Srundir=/run/flux    -Sstatedir=/var/lib/flux   -Slocal-uri=local:///run/flux/local -Stbon.connect_timeout=5s  -Stbon.zmqdebug=1  -Slog-stderr-level=6    -Slog-stderr-mode=local
2023-07-22T18:05:17.984985728Z 18:05:17.984893 socket(AF_NETLINK, SOCK_RAW, NETLINK_ROUTE) = 8
2023-07-22T18:05:17.985044986Z 18:05:17.984960 bind(8, {sa_family=AF_NETLINK, nl_pid=0, nl_groups=00000000}, 12) = 0
2023-07-22T18:05:17.985174411Z 18:05:17.985030 getsockname(8, {sa_family=AF_NETLINK, nl_pid=70, nl_groups=00000000}, [12]) = 0
2023-07-22T18:05:17.985228816Z 18:05:17.985079 sendto(8, {{len=20, type=RTM_GETADDR, flags=NLM_F_REQUEST|NLM_F_DUMP, seq=1690049117, pid=0}, {ifa_family=AF_UNSPEC, ...}}, 20, 0, {sa_family=AF_NETLINK, nl_pid=0, nl_groups=00000000}, 12) = 20
2023-07-22T18:05:17.985391760Z 18:05:17.985228 recvmsg(8, {msg_name={sa_family=AF_NETLINK, nl_pid=0, nl_groups=00000000}, msg_namelen=12, msg_iov=[{iov_base=[{{len=76, type=RTM_NEWADDR, flags=NLM_F_MULTI, seq=1690049117, pid=70}, {ifa_family=AF_INET, ifa_prefixlen=8, ifa_flags=IFA_F_PERMANENT, ifa_scope=RT_SCOPE_HOST, ifa_index=if_nametoindex("lo")}, [{{nla_len=8, nla_type=IFA_ADDRESS}, 127.0.0.1}, {{nla_len=8, nla_type=IFA_LOCAL}, 127.0.0.1}, {{nla_len=7, nla_type=IFA_LABEL}, "lo"}, {{nla_len=8, nla_type=IFA_FLAGS}, IFA_F_PERMANENT}, {{nla_len=20, nla_type=IFA_CACHEINFO}, {ifa_prefered=4294967295, ifa_valid=4294967295, cstamp=144801, tstamp=144801}}]}, {{len=88, type=RTM_NEWADDR, flags=NLM_F_MULTI, seq=1690049117, pid=70}, {ifa_family=AF_INET, ifa_prefixlen=24, ifa_flags=IFA_F_PERMANENT, ifa_scope=RT_SCOPE_UNIVERSE, ifa_index=if_nametoindex("eth0")}, [{{nla_len=8, nla_type=IFA_ADDRESS}, 10.116.4.35}, {{nla_len=8, nla_type=IFA_LOCAL}, 10.116.4.35}, {{nla_len=8, nla_type=IFA_BROADCAST}, 10.116.4.255}, {{nla_len=9, nla_type=IFA_LABEL}, "eth0"}, {{nla_len=8, nla_type=IFA_FLAGS}, IFA_F_PERMANENT}, {{nla_len=20, nla_type=IFA_CACHEINFO}, {ifa_prefered=4294967295, ifa_valid=4294967295, cstamp=144803, tstamp=144803}}]}], iov_len=4096}], msg_iovlen=1, msg_controllen=0, msg_flags=0}, 0) = 164
2023-07-22T18:05:17.985477603Z 18:05:17.985373 recvmsg(8, {msg_name={sa_family=AF_NETLINK, nl_pid=0, nl_groups=00000000}, msg_namelen=12, msg_iov=[{iov_base={{len=20, type=NLMSG_DONE, flags=NLM_F_MULTI, seq=1690049117, pid=70}, 0}, iov_len=4096}], msg_iovlen=1, msg_controllen=0, msg_flags=0}, 0) = 20
2023-07-22T18:05:17.985822196Z 18:05:17.985764 socket(AF_UNIX, SOCK_STREAM|SOCK_CLOEXEC|SOCK_NONBLOCK, 0) = 8
2023-07-22T18:05:17.985903923Z 18:05:17.985820 connect(8, {sa_family=AF_UNIX, sun_path="/var/run/nscd/socket"}, 110) = -1 ENOENT (No such file or directory)
2023-07-22T18:05:17.985973711Z 18:05:17.985905 socket(AF_UNIX, SOCK_STREAM|SOCK_CLOEXEC|SOCK_NONBLOCK, 0) = 8
2023-07-22T18:05:17.986050527Z 18:05:17.985953 connect(8, {sa_family=AF_UNIX, sun_path="/var/run/nscd/socket"}, 110) = -1 ENOENT (No such file or directory)
2023-07-22T18:05:17.986934756Z 18:05:17.986887 socket(AF_INET, SOCK_DGRAM|SOCK_CLOEXEC|SOCK_NONBLOCK, IPPROTO_IP) = 8
2023-07-22T18:05:17.987034756Z 18:05:17.986935 connect(8, {sa_family=AF_INET, sin_port=htons(53), sin_addr=inet_addr("10.120.0.10")}, 16) = 0
2023-07-22T18:05:17.987185188Z 18:05:17.987034 sendto(8, "B.\1\0\0\1\0\0\0\0\0\0\rflux-sample-0\fflux-"..., 76, MSG_NOSIGNAL, NULL, 0) = 76
2023-07-22T18:05:17.987430119Z 18:05:17.987338 recvfrom(8, "B.\205\200\0\1\0\1\0\0\0\0\rflux-sample-0\fflux-"..., 1024, 0, {sa_family=AF_INET, sin_port=htons(53), sin_addr=inet_addr("10.120.0.10")}, [28->16]) = 150
2023-07-22T18:05:17.990734736Z broker.info[3]: start: none->join 1.33092ms
2023-07-22T18:05:33.457041826Z broker.info[3]: parent-ready: join->init 15.4662s
2023-07-22T18:05:33.457168881Z 18:05:33.457037 socketpair(AF_UNIX, SOCK_STREAM|SOCK_CLOEXEC, 0, [22, 23]) = 0
2023-07-22T18:05:33.457219218Z 18:05:33.457134 socketpair(AF_UNIX, SOCK_STREAM, 0, [24, 25]) = 0
2023-07-22T18:05:33.457391699Z 18:05:33.457298 socketpair(AF_UNIX, SOCK_STREAM, 0, [26, 27]) = 0
2023-07-22T18:05:33.457529650Z 18:05:33.457459 socketpair(AF_UNIX, SOCK_STREAM, 0, [28, 29]) = 0
2023-07-22T18:05:33.472241055Z broker.info[3]: configuration updated
2023-07-22T18:05:33.538714854Z broker.info[3]: rc1.0: running /etc/flux/rc1.d/01-sched-fluxion
2023-07-22T18:05:33.545089639Z broker.info[3]: rc1.0: running /etc/flux/rc1.d/02-cron
2023-07-22T18:05:33.558256166Z broker.info[3]: rc1.0: /etc/flux/rc1 Exited (rc=0) 0.1s
2023-07-22T18:05:33.558838706Z broker.info[3]: rc1-success: init->quorum 0.101723s
2023-07-22T18:05:38.588268794Z broker.info[3]: quorum-full: quorum->run 5.0293s
2023-07-22T18:05:38.935677426Z 18:05:38.935505 socketpair(AF_UNIX, SOCK_STREAM|SOCK_CLOEXEC, 0, [22, 23]) = 0
2023-07-22T18:05:38.935737314Z 18:05:38.935634 socketpair(AF_UNIX, SOCK_STREAM, 0, [24, 25]) = 0
2023-07-22T18:05:38.935885122Z 18:05:38.935774 socketpair(AF_UNIX, SOCK_STREAM, 0, [26, 28]) = 0
2023-07-22T18:05:38.936014392Z 18:05:38.935931 socketpair(AF_UNIX, SOCK_STREAM, 0, [58, 59]) = 0
2023-07-22T18:05:38.936179359Z 18:05:38.936080 socketpair(AF_UNIX, SOCK_STREAM, 0, [60, 61]) = 0
2023-07-22T18:05:43.604992301Z broker.info[3]: shutdown: run->cleanup 5.01653s
2023-07-22T18:05:43.605646124Z broker.info[3]: cleanup-none: cleanup->shutdown 0.590194ms
2023-07-22T18:05:43.606203686Z broker.info[3]: children-none: shutdown->finalize 0.474268ms
2023-07-22T18:05:43.606383787Z 18:05:43.606264 socketpair(AF_UNIX, SOCK_STREAM|SOCK_CLOEXEC, 0, [22, 23]) = 0
2023-07-22T18:05:43.606483711Z 18:05:43.606370 socketpair(AF_UNIX, SOCK_STREAM, 0, [24, 25]) = 0
2023-07-22T18:05:43.606671231Z 18:05:43.606544 socketpair(AF_UNIX, SOCK_STREAM, 0, [26, 28]) = 0
2023-07-22T18:05:43.606832198Z 18:05:43.606747 socketpair(AF_UNIX, SOCK_STREAM, 0, [58, 59]) = 0
2023-07-22T18:05:43.617202794Z broker.info[3]: rc3.0: running /etc/flux/rc3.d/01-sched-fluxion
2023-07-22T18:05:43.678235364Z broker.info[3]: rc3.0: /etc/flux/rc3 Exited (rc=0) 0.1s
2023-07-22T18:05:43.678501880Z broker.info[3]: rc3-success: finalize->goodbye 72.1723ms
2023-07-22T18:05:43.679093720Z broker.info[3]: goodbye: goodbye->exit 0.482692ms
2023-07-22T18:05:43.682470338Z 18:05:43.682381 +++ exited with 0 +++
2023-07-22T18:05:43.683124190Z Return value for follower worker is 0
2023-07-22T18:05:43.683133269Z The follower worker exited cleanly. Goodbye!
