2023-07-22T18:08:36.794677537Z
2023-07-22T18:08:36.794704634Z Flux username: flux
2023-07-22T18:08:36.794716774Z
2023-07-22T18:08:36.794719315Z Flux install root: /usr
2023-07-22T18:08:36.822655739Z flux user is already added.
2023-07-22T18:08:36.824136034Z flux user identifiers:
2023-07-22T18:08:36.824141280Z uid=1234(flux) gid=1234(flux) groups=1234(flux)
2023-07-22T18:08:36.824143352Z
2023-07-22T18:08:36.824146015Z As Flux prefix for flux commands: sudo -u flux -E PYTHONPATH=/opt/conda/lib/python3.10/site-packages -E PATH=/opt/conda/bin:/usr/local/sbin:/usr/local/bin:/usr/sbin:/usr/bin:/sbin:/bin -E LD_LIBRARY_PATH=/opt/conda/lib -E HOME=/home/flux
2023-07-22T18:08:36.828315532Z
2023-07-22T18:08:36.828327608Z 👋 Hello, I'm flux-sample-4
2023-07-22T18:08:36.828330191Z The main host is flux-sample-0
2023-07-22T18:08:36.828357940Z The working directory is /home/flux/examples/reaxff/HNS, contents include:
2023-07-22T18:08:36.829368170Z /home/flux/examples/reaxff/HNS:
2023-07-22T18:08:36.829378443Z README.txt	ffield.reax.hns  log.8Mar18.reaxc.hns.g++.1
2023-07-22T18:08:36.829380867Z data.hns-equil	in.reaxc.hns	 log.8Mar18.reaxc.hns.g++.4
2023-07-22T18:08:36.829413646Z End of file listing, if you see nothing above there are no files.
2023-07-22T18:08:36.830358871Z flux R encode --hosts=flux-sample-[0-7]
2023-07-22T18:08:36.839448265Z
2023-07-22T18:08:36.839459542Z 📦 Resources
2023-07-22T18:08:36.840166118Z {"version": 1, "execution": {"R_lite": [{"rank": "0-7", "children": {"core": "0-3"}}], "starttime": 0.0, "expiration": 0.0, "nodelist": ["flux-sample-[0-7]"]}}
2023-07-22T18:08:36.840274645Z
2023-07-22T18:08:36.840284510Z 🐸 Diagnostics: false
2023-07-22T18:08:36.840326765Z 🚩️ Flux Option Flags defined
2023-07-22T18:08:36.842320530Z
2023-07-22T18:08:36.842328876Z 🦊 Independent Minister of Privilege
2023-07-22T18:08:36.842976921Z [exec]
2023-07-22T18:08:36.842981533Z allowed-users = [ "flux", "root" ]
2023-07-22T18:08:36.842984113Z allowed-shells = [ "/usr/libexec/flux/flux-shell" ]
2023-07-22T18:08:36.843063184Z
2023-07-22T18:08:36.843066383Z 🐸 Broker Configuration
2023-07-22T18:08:36.843727179Z # Flux needs to know the path to the IMP executable
2023-07-22T18:08:36.843730791Z [exec]
2023-07-22T18:08:36.843733153Z imp = "/usr/libexec/flux/flux-imp"
2023-07-22T18:08:36.843735018Z
2023-07-22T18:08:36.843737002Z [access]
2023-07-22T18:08:36.843739295Z allow-guest-user = true
2023-07-22T18:08:36.843741275Z allow-root-owner = true
2023-07-22T18:08:36.843743139Z
2023-07-22T18:08:36.843747038Z # Point to resource definition generated with flux-R(1).
2023-07-22T18:08:36.843749279Z [resource]
2023-07-22T18:08:36.843751808Z path = "/etc/flux/system/R"
2023-07-22T18:08:36.843753723Z
2023-07-22T18:08:36.843755737Z [bootstrap]
2023-07-22T18:08:36.843757755Z curve_cert = "/etc/curve/curve.cert"
2023-07-22T18:08:36.843759682Z default_port = 8050
2023-07-22T18:08:36.843761659Z default_bind = "tcp://eth0:%p"
2023-07-22T18:08:36.843763975Z default_connect = "tcp://%h.flux-service.flux-operator.svc.cluster.local:%p"
2023-07-22T18:08:36.843766044Z hosts = [
2023-07-22T18:08:36.843768050Z 	{ host="flux-sample-[0-7]"},
2023-07-22T18:08:36.843769977Z ]
2023-07-22T18:08:36.843771984Z [archive]
2023-07-22T18:08:36.843773937Z dbpath = "/var/lib/flux/job-archive.sqlite"
2023-07-22T18:08:36.843775802Z period = "1m"
2023-07-22T18:08:36.887649646Z busytimeout = "50s"
2023-07-22T18:08:36.887663461Z 🧊️ State Directory:
2023-07-22T18:08:36.887669563Z total 0
2023-07-22T18:08:36.887671838Z
2023-07-22T18:08:36.889197963Z
2023-07-22T18:08:36.889208826Z 🔒️ Working directory permissions:
2023-07-22T18:08:36.889211107Z total 96
2023-07-22T18:08:36.889213775Z -rwxrwxrwx 1 flux root  2517 May 17 22:32 README.txt
2023-07-22T18:08:36.889215846Z -rwxrwxrwx 1 flux root 54692 May 17 22:32 data.hns-equil
2023-07-22T18:08:36.889217955Z -rwxrwxrwx 1 flux root 13576 May 17 22:32 ffield.reax.hns
2023-07-22T18:08:36.889219983Z -rwxrwxrwx 1 flux root   870 May 17 22:32 in.reaxc.hns
2023-07-22T18:08:36.889222255Z -rwxrwxrwx 1 flux root  4172 May 17 22:32 log.8Mar18.reaxc.hns.g++.1
2023-07-22T18:08:36.889224121Z -rwxrwxrwx 1 flux root  4168 May 17 22:32 log.8Mar18.reaxc.hns.g++.4
2023-07-22T18:08:36.889226064Z
2023-07-22T18:08:36.889241274Z
2023-07-22T18:08:36.889254593Z ✨ Curve certificate generated by helper pod
2023-07-22T18:08:36.889915548Z #   ****  Generated on 2023-04-26 22:54:42 by CZMQ  ****
2023-07-22T18:08:36.889919563Z #   ZeroMQ CURVE **Secret** Certificate
2023-07-22T18:08:36.889926851Z #   DO NOT PROVIDE THIS FILE TO OTHER USERS nor change its permissions.
2023-07-22T18:08:36.889928837Z
2023-07-22T18:08:36.889930927Z metadata
2023-07-22T18:08:36.889932932Z     name = "flux-cert-generator"
2023-07-22T18:08:36.889934869Z     keygen.hostname = "flux-sample-0"
2023-07-22T18:08:36.889936896Z curve
2023-07-22T18:08:36.889938896Z     public-key = "C%GTco0$NYbSPoG7SR)ZUhUT2PlH1<iAmBGs7{XB"
2023-07-22T18:08:36.889940948Z     secret-key = "??+/s=UNTMJV78mx:RdfMFh}R<f{g9Zt?buR4&[z"
2023-07-22T18:08:36.891009080Z
2023-07-22T18:08:36.891014654Z 🌀  flux start --wrap=strace,-e,network,-tt -o --config /etc/flux/config -Scron.directory=/etc/flux/system/cron.d   -Stbon.fanout=256   -Srundir=/run/flux    -Sstatedir=/var/lib/flux   -Slocal-uri=local:///run/flux/local -Stbon.connect_timeout=5s  -Stbon.zmqdebug=1  -Slog-stderr-level=6    -Slog-stderr-mode=local
2023-07-22T18:08:36.915674905Z 18:08:36.915551 socket(AF_NETLINK, SOCK_RAW, NETLINK_ROUTE) = 8
2023-07-22T18:08:36.915699611Z 18:08:36.915609 bind(8, {sa_family=AF_NETLINK, nl_pid=0, nl_groups=00000000}, 12) = 0
2023-07-22T18:08:36.915749234Z 18:08:36.915680 getsockname(8, {sa_family=AF_NETLINK, nl_pid=70, nl_groups=00000000}, [12]) = 0
2023-07-22T18:08:36.915937448Z 18:08:36.915755 sendto(8, {{len=20, type=RTM_GETADDR, flags=NLM_F_REQUEST|NLM_F_DUMP, seq=1690049316, pid=0}, {ifa_family=AF_UNSPEC, ...}}, 20, 0, {sa_family=AF_NETLINK, nl_pid=0, nl_groups=00000000}, 12) = 20
2023-07-22T18:08:36.916059402Z 18:08:36.915882 recvmsg(8, {msg_name={sa_family=AF_NETLINK, nl_pid=0, nl_groups=00000000}, msg_namelen=12, msg_iov=[{iov_base=[{{len=76, type=RTM_NEWADDR, flags=NLM_F_MULTI, seq=1690049316, pid=70}, {ifa_family=AF_INET, ifa_prefixlen=8, ifa_flags=IFA_F_PERMANENT, ifa_scope=RT_SCOPE_HOST, ifa_index=if_nametoindex("lo")}, [{{nla_len=8, nla_type=IFA_ADDRESS}, 127.0.0.1}, {{nla_len=8, nla_type=IFA_LOCAL}, 127.0.0.1}, {{nla_len=7, nla_type=IFA_LABEL}, "lo"}, {{nla_len=8, nla_type=IFA_FLAGS}, IFA_F_PERMANENT}, {{nla_len=20, nla_type=IFA_CACHEINFO}, {ifa_prefered=4294967295, ifa_valid=4294967295, cstamp=164694, tstamp=164694}}]}, {{len=88, type=RTM_NEWADDR, flags=NLM_F_MULTI, seq=1690049316, pid=70}, {ifa_family=AF_INET, ifa_prefixlen=24, ifa_flags=IFA_F_PERMANENT, ifa_scope=RT_SCOPE_UNIVERSE, ifa_index=if_nametoindex("eth0")}, [{{nla_len=8, nla_type=IFA_ADDRESS}, 10.116.4.41}, {{nla_len=8, nla_type=IFA_LOCAL}, 10.116.4.41}, {{nla_len=8, nla_type=IFA_BROADCAST}, 10.116.4.255}, {{nla_len=9, nla_type=IFA_LABEL}, "eth0"}, {{nla_len=8, nla_type=IFA_FLAGS}, IFA_F_PERMANENT}, {{nla_len=20, nla_type=IFA_CACHEINFO}, {ifa_prefered=4294967295, ifa_valid=4294967295, cstamp=164695, tstamp=164695}}]}], iov_len=4096}], msg_iovlen=1, msg_controllen=0, msg_flags=0}, 0) = 164
2023-07-22T18:08:36.916108649Z 18:08:36.916027 recvmsg(8, {msg_name={sa_family=AF_NETLINK, nl_pid=0, nl_groups=00000000}, msg_namelen=12, msg_iov=[{iov_base={{len=20, type=NLMSG_DONE, flags=NLM_F_MULTI, seq=1690049316, pid=70}, 0}, iov_len=4096}], msg_iovlen=1, msg_controllen=0, msg_flags=0}, 0) = 20
2023-07-22T18:08:36.916467043Z 18:08:36.916407 socket(AF_UNIX, SOCK_STREAM|SOCK_CLOEXEC|SOCK_NONBLOCK, 0) = 8
2023-07-22T18:08:36.916534518Z 18:08:36.916457 connect(8, {sa_family=AF_UNIX, sun_path="/var/run/nscd/socket"}, 110) = -1 ENOENT (No such file or directory)
2023-07-22T18:08:36.916611601Z 18:08:36.916558 socket(AF_UNIX, SOCK_STREAM|SOCK_CLOEXEC|SOCK_NONBLOCK, 0) = 8
2023-07-22T18:08:36.916709372Z 18:08:36.916602 connect(8, {sa_family=AF_UNIX, sun_path="/var/run/nscd/socket"}, 110) = -1 ENOENT (No such file or directory)
2023-07-22T18:08:36.917585298Z 18:08:36.917526 socket(AF_INET, SOCK_DGRAM|SOCK_CLOEXEC|SOCK_NONBLOCK, IPPROTO_IP) = 8
2023-07-22T18:08:36.917637061Z 18:08:36.917574 connect(8, {sa_family=AF_INET, sin_port=htons(53), sin_addr=inet_addr("10.120.0.10")}, 16) = 0
2023-07-22T18:08:36.917978085Z 18:08:36.917674 sendto(8, "`\264\1\0\0\1\0\0\0\0\0\0\rflux-sample-0\fflux-"..., 76, MSG_NOSIGNAL, NULL, 0) = 76
2023-07-22T18:08:36.918095642Z 18:08:36.918006 recvfrom(8, "`\264\205\200\0\1\0\1\0\0\0\0\rflux-sample-0\fflux-"..., 1024, 0, {sa_family=AF_INET, sin_port=htons(53), sin_addr=inet_addr("10.120.0.10")}, [28->16]) = 150
2023-07-22T18:08:36.921512959Z broker.info[4]: start: none->join 1.30045ms
2023-07-22T18:08:47.191593843Z broker.info[4]: parent-ready: join->init 10.2699s
2023-07-22T18:08:47.191665163Z 18:08:47.191529 socketpair(AF_UNIX, SOCK_STREAM|SOCK_CLOEXEC, 0, [22, 23]) = 0
2023-07-22T18:08:47.191741521Z 18:08:47.191647 socketpair(AF_UNIX, SOCK_STREAM, 0, [24, 25]) = 0
2023-07-22T18:08:47.191895856Z 18:08:47.191794 socketpair(AF_UNIX, SOCK_STREAM, 0, [26, 27]) = 0
2023-07-22T18:08:47.192018342Z 18:08:47.191935 socketpair(AF_UNIX, SOCK_STREAM, 0, [28, 29]) = 0
2023-07-22T18:08:47.206584837Z broker.info[4]: configuration updated
2023-07-22T18:08:47.270852511Z broker.info[4]: rc1.0: running /etc/flux/rc1.d/01-sched-fluxion
2023-07-22T18:08:47.276997775Z broker.info[4]: rc1.0: running /etc/flux/rc1.d/02-cron
2023-07-22T18:08:47.289801225Z broker.info[4]: rc1.0: /etc/flux/rc1 Exited (rc=0) 0.1s
2023-07-22T18:08:47.290234342Z broker.info[4]: rc1-success: init->quorum 98.6307ms
2023-07-22T18:08:57.847654368Z broker.info[4]: quorum-full: quorum->run 10.5573s
2023-07-22T18:08:58.198651846Z 18:08:58.198485 socketpair(AF_UNIX, SOCK_STREAM|SOCK_CLOEXEC, 0, [22, 23]) = 0
2023-07-22T18:08:58.198922792Z 18:08:58.198612 socketpair(AF_UNIX, SOCK_STREAM, 0, [24, 25]) = 0
2023-07-22T18:08:58.198937225Z 18:08:58.198732 socketpair(AF_UNIX, SOCK_STREAM, 0, [26, 28]) = 0
2023-07-22T18:08:58.198948165Z 18:08:58.198870 socketpair(AF_UNIX, SOCK_STREAM, 0, [58, 59]) = 0
2023-07-22T18:08:58.199098282Z 18:08:58.198994 socketpair(AF_UNIX, SOCK_STREAM, 0, [60, 61]) = 0
2023-07-22T18:09:02.725924848Z broker.info[4]: shutdown: run->cleanup 4.87807s
2023-07-22T18:09:02.726458555Z broker.info[4]: cleanup-none: cleanup->shutdown 0.558155ms
2023-07-22T18:09:02.727089486Z broker.info[4]: children-none: shutdown->finalize 0.508851ms
2023-07-22T18:09:02.727252557Z 18:09:02.727155 socketpair(AF_UNIX, SOCK_STREAM|SOCK_CLOEXEC, 0, [22, 23]) = 0
2023-07-22T18:09:02.727351488Z 18:09:02.727244 socketpair(AF_UNIX, SOCK_STREAM, 0, [24, 25]) = 0
2023-07-22T18:09:02.727498282Z 18:09:02.727430 socketpair(AF_UNIX, SOCK_STREAM, 0, [26, 28]) = 0
2023-07-22T18:09:02.727665027Z 18:09:02.727567 socketpair(AF_UNIX, SOCK_STREAM, 0, [58, 59]) = 0
2023-07-22T18:09:02.737985669Z broker.info[4]: rc3.0: running /etc/flux/rc3.d/01-sched-fluxion
2023-07-22T18:09:02.798194101Z broker.info[4]: rc3.0: /etc/flux/rc3 Exited (rc=0) 0.1s
2023-07-22T18:09:02.798611867Z broker.info[4]: rc3-success: finalize->goodbye 71.3792ms
2023-07-22T18:09:02.799185169Z broker.info[4]: goodbye: goodbye->exit 0.495179ms
2023-07-22T18:09:02.802564307Z 18:09:02.802487 +++ exited with 0 +++
2023-07-22T18:09:02.803193926Z Return value for follower worker is 0
2023-07-22T18:09:02.803203362Z The follower worker exited cleanly. Goodbye!
