2023-07-22T17:52:07.345401808Z
2023-07-22T17:52:07.345428469Z Flux username: flux
2023-07-22T17:52:07.345459364Z
2023-07-22T17:52:07.345462608Z Flux install root: /usr
2023-07-22T17:52:07.373809213Z flux user is already added.
2023-07-22T17:52:07.375349888Z flux user identifiers:
2023-07-22T17:52:07.375364789Z uid=1234(flux) gid=1234(flux) groups=1234(flux)
2023-07-22T17:52:07.375367277Z
2023-07-22T17:52:07.375373175Z As Flux prefix for flux commands: sudo -u flux -E PYTHONPATH=/opt/conda/lib/python3.10/site-packages -E PATH=/opt/conda/bin:/usr/local/sbin:/usr/local/bin:/usr/sbin:/usr/bin:/sbin:/bin -E LD_LIBRARY_PATH=/opt/conda/lib -E HOME=/home/flux
2023-07-22T17:52:07.379602869Z
2023-07-22T17:52:07.379615861Z 👋 Hello, I'm flux-sample-7
2023-07-22T17:52:07.379618574Z The main host is flux-sample-0
2023-07-22T17:52:07.379621420Z The working directory is /home/flux/examples/reaxff/HNS, contents include:
2023-07-22T17:52:07.380558066Z /home/flux/examples/reaxff/HNS:
2023-07-22T17:52:07.380568035Z README.txt	ffield.reax.hns  log.8Mar18.reaxc.hns.g++.1
2023-07-22T17:52:07.380570531Z data.hns-equil	in.reaxc.hns	 log.8Mar18.reaxc.hns.g++.4
2023-07-22T17:52:07.380690813Z End of file listing, if you see nothing above there are no files.
2023-07-22T17:52:07.381639425Z flux R encode --hosts=flux-sample-[0-7]
2023-07-22T17:52:07.390812486Z
2023-07-22T17:52:07.390817596Z 📦 Resources
2023-07-22T17:52:07.391520993Z {"version": 1, "execution": {"R_lite": [{"rank": "0-7", "children": {"core": "0-3"}}], "starttime": 0.0, "expiration": 0.0, "nodelist": ["flux-sample-[0-7]"]}}
2023-07-22T17:52:07.391633468Z
2023-07-22T17:52:07.391638107Z 🐸 Diagnostics: false
2023-07-22T17:52:07.391705596Z 🚩️ Flux Option Flags defined
2023-07-22T17:52:07.393702193Z
2023-07-22T17:52:07.393714090Z 🦊 Independent Minister of Privilege
2023-07-22T17:52:07.394406316Z [exec]
2023-07-22T17:52:07.394420768Z allowed-users = [ "flux", "root" ]
2023-07-22T17:52:07.394423386Z allowed-shells = [ "/usr/libexec/flux/flux-shell" ]
2023-07-22T17:52:07.394566654Z
2023-07-22T17:52:07.394572443Z 🐸 Broker Configuration
2023-07-22T17:52:07.395208497Z # Flux needs to know the path to the IMP executable
2023-07-22T17:52:07.395218597Z [exec]
2023-07-22T17:52:07.395221387Z imp = "/usr/libexec/flux/flux-imp"
2023-07-22T17:52:07.395223323Z
2023-07-22T17:52:07.395225250Z [access]
2023-07-22T17:52:07.395227310Z allow-guest-user = true
2023-07-22T17:52:07.395229249Z allow-root-owner = true
2023-07-22T17:52:07.395231114Z
2023-07-22T17:52:07.395233061Z # Point to resource definition generated with flux-R(1).
2023-07-22T17:52:07.395235117Z [resource]
2023-07-22T17:52:07.395237435Z path = "/etc/flux/system/R"
2023-07-22T17:52:07.395239211Z
2023-07-22T17:52:07.395241105Z [bootstrap]
2023-07-22T17:52:07.395243103Z curve_cert = "/etc/curve/curve.cert"
2023-07-22T17:52:07.395244924Z default_port = 8050
2023-07-22T17:52:07.395246876Z default_bind = "tcp://eth0:%p"
2023-07-22T17:52:07.395249083Z default_connect = "tcp://%h.flux-service.flux-operator.svc.cluster.local:%p"
2023-07-22T17:52:07.395250981Z hosts = [
2023-07-22T17:52:07.395253043Z 	{ host="flux-sample-[0-7]"},
2023-07-22T17:52:07.395254937Z ]
2023-07-22T17:52:07.395256883Z [archive]
2023-07-22T17:52:07.395266879Z dbpath = "/var/lib/flux/job-archive.sqlite"
2023-07-22T17:52:07.395269590Z period = "1m"
2023-07-22T17:52:07.440331828Z busytimeout = "50s"
2023-07-22T17:52:07.440344712Z 🧊️ State Directory:
2023-07-22T17:52:07.440347513Z total 0
2023-07-22T17:52:07.440349497Z
2023-07-22T17:52:07.441721770Z
2023-07-22T17:52:07.441732252Z 🔒️ Working directory permissions:
2023-07-22T17:52:07.441734638Z total 96
2023-07-22T17:52:07.441737359Z -rwxrwxrwx 1 flux root  2517 May 17 22:32 README.txt
2023-07-22T17:52:07.441739390Z -rwxrwxrwx 1 flux root 54692 May 17 22:32 data.hns-equil
2023-07-22T17:52:07.441741333Z -rwxrwxrwx 1 flux root 13576 May 17 22:32 ffield.reax.hns
2023-07-22T17:52:07.441743327Z -rwxrwxrwx 1 flux root   870 May 17 22:32 in.reaxc.hns
2023-07-22T17:52:07.441745792Z -rwxrwxrwx 1 flux root  4172 May 17 22:32 log.8Mar18.reaxc.hns.g++.1
2023-07-22T17:52:07.441747812Z -rwxrwxrwx 1 flux root  4168 May 17 22:32 log.8Mar18.reaxc.hns.g++.4
2023-07-22T17:52:07.441749522Z
2023-07-22T17:52:07.441765198Z
2023-07-22T17:52:07.441780199Z ✨ Curve certificate generated by helper pod
2023-07-22T17:52:07.442449806Z #   ****  Generated on 2023-04-26 22:54:42 by CZMQ  ****
2023-07-22T17:52:07.442525226Z #   ZeroMQ CURVE **Secret** Certificate
2023-07-22T17:52:07.442529149Z #   DO NOT PROVIDE THIS FILE TO OTHER USERS nor change its permissions.
2023-07-22T17:52:07.442531313Z
2023-07-22T17:52:07.442533461Z metadata
2023-07-22T17:52:07.442535802Z     name = "flux-cert-generator"
2023-07-22T17:52:07.442537687Z     keygen.hostname = "flux-sample-0"
2023-07-22T17:52:07.442539570Z curve
2023-07-22T17:52:07.442544115Z     public-key = "r6bha8goUu<n/c$6$H9}>Z%O<WhVZ)}NujyWK10!"
2023-07-22T17:52:07.442546138Z     secret-key = "(Rt*&VDhzD6apx.A6Z19]QXTUouQ:@6{@mGL?ra!"
2023-07-22T17:52:07.443594270Z
2023-07-22T17:52:07.443605961Z 🌀  flux start --wrap=strace,-e,network,-tt -o --config /etc/flux/config -Scron.directory=/etc/flux/system/cron.d   -Stbon.fanout=256   -Srundir=/run/flux    -Sstatedir=/var/lib/flux   -Slocal-uri=local:///run/flux/local -Stbon.connect_timeout=5s  -Stbon.zmqdebug=1  -Slog-stderr-level=6    -Slog-stderr-mode=local
2023-07-22T17:52:07.468037168Z 17:52:07.467917 socket(AF_NETLINK, SOCK_RAW, NETLINK_ROUTE) = 8
2023-07-22T17:52:07.468068103Z 17:52:07.467978 bind(8, {sa_family=AF_NETLINK, nl_pid=0, nl_groups=00000000}, 12) = 0
2023-07-22T17:52:07.468127329Z 17:52:07.468050 getsockname(8, {sa_family=AF_NETLINK, nl_pid=70, nl_groups=00000000}, [12]) = 0
2023-07-22T17:52:07.468213202Z 17:52:07.468088 sendto(8, {{len=20, type=RTM_GETADDR, flags=NLM_F_REQUEST|NLM_F_DUMP, seq=1690048327, pid=0}, {ifa_family=AF_UNSPEC, ...}}, 20, 0, {sa_family=AF_NETLINK, nl_pid=0, nl_groups=00000000}, 12) = 20
2023-07-22T17:52:07.468352256Z 17:52:07.468204 recvmsg(8, {msg_name={sa_family=AF_NETLINK, nl_pid=0, nl_groups=00000000}, msg_namelen=12, msg_iov=[{iov_base=[{{len=76, type=RTM_NEWADDR, flags=NLM_F_MULTI, seq=1690048327, pid=70}, {ifa_family=AF_INET, ifa_prefixlen=8, ifa_flags=IFA_F_PERMANENT, ifa_scope=RT_SCOPE_HOST, ifa_index=if_nametoindex("lo")}, [{{nla_len=8, nla_type=IFA_ADDRESS}, 127.0.0.1}, {{nla_len=8, nla_type=IFA_LOCAL}, 127.0.0.1}, {{nla_len=7, nla_type=IFA_LABEL}, "lo"}, {{nla_len=8, nla_type=IFA_FLAGS}, IFA_F_PERMANENT}, {{nla_len=20, nla_type=IFA_CACHEINFO}, {ifa_prefered=4294967295, ifa_valid=4294967295, cstamp=65799, tstamp=65799}}]}, {{len=88, type=RTM_NEWADDR, flags=NLM_F_MULTI, seq=1690048327, pid=70}, {ifa_family=AF_INET, ifa_prefixlen=24, ifa_flags=IFA_F_PERMANENT, ifa_scope=RT_SCOPE_UNIVERSE, ifa_index=if_nametoindex("eth0")}, [{{nla_len=8, nla_type=IFA_ADDRESS}, 10.116.0.15}, {{nla_len=8, nla_type=IFA_LOCAL}, 10.116.0.15}, {{nla_len=8, nla_type=IFA_BROADCAST}, 10.116.0.255}, {{nla_len=9, nla_type=IFA_LABEL}, "eth0"}, {{nla_len=8, nla_type=IFA_FLAGS}, IFA_F_PERMANENT}, {{nla_len=20, nla_type=IFA_CACHEINFO}, {ifa_prefered=4294967295, ifa_valid=4294967295, cstamp=65801, tstamp=65801}}]}], iov_len=4096}], msg_iovlen=1, msg_controllen=0, msg_flags=0}, 0) = 164
2023-07-22T17:52:07.468436811Z 17:52:07.468338 recvmsg(8, {msg_name={sa_family=AF_NETLINK, nl_pid=0, nl_groups=00000000}, msg_namelen=12, msg_iov=[{iov_base={{len=20, type=NLMSG_DONE, flags=NLM_F_MULTI, seq=1690048327, pid=70}, 0}, iov_len=4096}], msg_iovlen=1, msg_controllen=0, msg_flags=0}, 0) = 20
2023-07-22T17:52:07.468814256Z 17:52:07.468752 socket(AF_UNIX, SOCK_STREAM|SOCK_CLOEXEC|SOCK_NONBLOCK, 0) = 8
2023-07-22T17:52:07.468927517Z 17:52:07.468830 connect(8, {sa_family=AF_UNIX, sun_path="/var/run/nscd/socket"}, 110) = -1 ENOENT (No such file or directory)
2023-07-22T17:52:07.469037470Z 17:52:07.468948 socket(AF_UNIX, SOCK_STREAM|SOCK_CLOEXEC|SOCK_NONBLOCK, 0) = 8
2023-07-22T17:52:07.469108548Z 17:52:07.469024 connect(8, {sa_family=AF_UNIX, sun_path="/var/run/nscd/socket"}, 110) = -1 ENOENT (No such file or directory)
2023-07-22T17:52:07.470004623Z 17:52:07.469930 socket(AF_INET, SOCK_DGRAM|SOCK_CLOEXEC|SOCK_NONBLOCK, IPPROTO_IP) = 8
2023-07-22T17:52:07.470038326Z 17:52:07.469974 connect(8, {sa_family=AF_INET, sin_port=htons(53), sin_addr=inet_addr("10.120.0.10")}, 16) = 0
2023-07-22T17:52:07.470181906Z 17:52:07.470061 sendto(8, " \311\1\0\0\1\0\0\0\0\0\0\rflux-sample-0\fflux-"..., 76, MSG_NOSIGNAL, NULL, 0) = 76
2023-07-22T17:52:07.470400272Z 17:52:07.470339 recvfrom(8, " \311\205\200\0\1\0\1\0\0\0\0\rflux-sample-0\fflux-"..., 1024, 0, {sa_family=AF_INET, sin_port=htons(53), sin_addr=inet_addr("10.120.0.10")}, [28->16]) = 150
2023-07-22T17:52:07.473695744Z broker.info[7]: start: none->join 1.34811ms
2023-07-22T17:52:28.108078631Z broker.info[7]: parent-ready: join->init 20.6343s
2023-07-22T17:52:28.108187114Z 17:52:28.108081 socketpair(AF_UNIX, SOCK_STREAM|SOCK_CLOEXEC, 0, [22, 23]) = 0
2023-07-22T17:52:28.108257416Z 17:52:28.108171 socketpair(AF_UNIX, SOCK_STREAM, 0, [24, 25]) = 0
2023-07-22T17:52:28.108421291Z 17:52:28.108357 socketpair(AF_UNIX, SOCK_STREAM, 0, [26, 27]) = 0
2023-07-22T17:52:28.108535412Z 17:52:28.108481 socketpair(AF_UNIX, SOCK_STREAM, 0, [28, 29]) = 0
2023-07-22T17:52:28.123126748Z broker.info[7]: configuration updated
2023-07-22T17:52:28.187466174Z broker.info[7]: rc1.0: running /etc/flux/rc1.d/01-sched-fluxion
2023-07-22T17:52:28.193540350Z broker.info[7]: rc1.0: running /etc/flux/rc1.d/02-cron
2023-07-22T17:52:28.205601024Z broker.info[7]: rc1.0: /etc/flux/rc1 Exited (rc=0) 0.1s
2023-07-22T17:52:28.206119060Z broker.info[7]: rc1-success: init->quorum 97.9121ms
2023-07-22T17:52:29.503633879Z broker.info[7]: quorum-full: quorum->run 1.29742s
2023-07-22T17:52:29.845617755Z 17:52:29.845391 socketpair(AF_UNIX, SOCK_STREAM|SOCK_CLOEXEC, 0, [22, 23]) = 0
2023-07-22T17:52:29.845646706Z 17:52:29.845507 socketpair(AF_UNIX, SOCK_STREAM, 0, [24, 25]) = 0
2023-07-22T17:52:29.845784160Z 17:52:29.845690 socketpair(AF_UNIX, SOCK_STREAM, 0, [26, 28]) = 0
2023-07-22T17:52:29.845901980Z 17:52:29.845831 socketpair(AF_UNIX, SOCK_STREAM, 0, [58, 59]) = 0
2023-07-22T17:52:29.846092858Z 17:52:29.845983 socketpair(AF_UNIX, SOCK_STREAM, 0, [60, 61]) = 0
2023-07-22T17:52:34.487034556Z broker.info[7]: shutdown: run->cleanup 4.98325s
2023-07-22T17:52:34.487716683Z broker.info[7]: cleanup-none: cleanup->shutdown 0.604363ms
2023-07-22T17:52:34.488273326Z broker.info[7]: children-none: shutdown->finalize 0.478299ms
2023-07-22T17:52:34.488469606Z 17:52:34.488352 socketpair(AF_UNIX, SOCK_STREAM|SOCK_CLOEXEC, 0, [22, 23]) = 0
2023-07-22T17:52:34.488579946Z 17:52:34.488489 socketpair(AF_UNIX, SOCK_STREAM, 0, [24, 25]) = 0
2023-07-22T17:52:34.488731485Z 17:52:34.488651 socketpair(AF_UNIX, SOCK_STREAM, 0, [26, 28]) = 0
2023-07-22T17:52:34.488892194Z 17:52:34.488813 socketpair(AF_UNIX, SOCK_STREAM, 0, [58, 59]) = 0
2023-07-22T17:52:34.499136811Z broker.info[7]: rc3.0: running /etc/flux/rc3.d/01-sched-fluxion
2023-07-22T17:52:34.559701598Z broker.info[7]: rc3.0: /etc/flux/rc3 Exited (rc=0) 0.1s
2023-07-22T17:52:34.559910161Z broker.info[7]: rc3-success: finalize->goodbye 71.4885ms
2023-07-22T17:52:34.560466045Z broker.info[7]: goodbye: goodbye->exit 0.478275ms
2023-07-22T17:52:34.563903752Z 17:52:34.563801 +++ exited with 0 +++
2023-07-22T17:52:34.564538355Z Return value for follower worker is 0
2023-07-22T17:52:34.564552635Z The follower worker exited cleanly. Goodbye!
