2023-07-22T17:52:06.717529149Z
2023-07-22T17:52:06.717554289Z Flux username: flux
2023-07-22T17:52:06.717598037Z
2023-07-22T17:52:06.717602306Z Flux install root: /usr
2023-07-22T17:52:06.745989582Z flux user is already added.
2023-07-22T17:52:06.747634696Z flux user identifiers:
2023-07-22T17:52:06.747656034Z uid=1234(flux) gid=1234(flux) groups=1234(flux)
2023-07-22T17:52:06.747658708Z
2023-07-22T17:52:06.747665801Z As Flux prefix for flux commands: sudo -u flux -E PYTHONPATH=/opt/conda/lib/python3.10/site-packages -E PATH=/opt/conda/bin:/usr/local/sbin:/usr/local/bin:/usr/sbin:/usr/bin:/sbin:/bin -E LD_LIBRARY_PATH=/opt/conda/lib -E HOME=/home/flux
2023-07-22T17:52:06.751971402Z
2023-07-22T17:52:06.751986833Z 👋 Hello, I'm flux-sample-2
2023-07-22T17:52:06.751989511Z The main host is flux-sample-0
2023-07-22T17:52:06.751992233Z The working directory is /home/flux/examples/reaxff/HNS, contents include:
2023-07-22T17:52:06.752905365Z /home/flux/examples/reaxff/HNS:
2023-07-22T17:52:06.752915796Z README.txt	ffield.reax.hns  log.8Mar18.reaxc.hns.g++.1
2023-07-22T17:52:06.752918381Z data.hns-equil	in.reaxc.hns	 log.8Mar18.reaxc.hns.g++.4
2023-07-22T17:52:06.753066791Z End of file listing, if you see nothing above there are no files.
2023-07-22T17:52:06.754044237Z flux R encode --hosts=flux-sample-[0-7]
2023-07-22T17:52:06.763358004Z
2023-07-22T17:52:06.763369019Z 📦 Resources
2023-07-22T17:52:06.764095355Z {"version": 1, "execution": {"R_lite": [{"rank": "0-7", "children": {"core": "0-3"}}], "starttime": 0.0, "expiration": 0.0, "nodelist": ["flux-sample-[0-7]"]}}
2023-07-22T17:52:06.764195130Z
2023-07-22T17:52:06.764200942Z 🐸 Diagnostics: false
2023-07-22T17:52:06.764262933Z 🚩️ Flux Option Flags defined
2023-07-22T17:52:06.766367578Z
2023-07-22T17:52:06.766378155Z 🦊 Independent Minister of Privilege
2023-07-22T17:52:06.767055572Z [exec]
2023-07-22T17:52:06.767065809Z allowed-users = [ "flux", "root" ]
2023-07-22T17:52:06.767068589Z allowed-shells = [ "/usr/libexec/flux/flux-shell" ]
2023-07-22T17:52:06.767140930Z
2023-07-22T17:52:06.767146215Z 🐸 Broker Configuration
2023-07-22T17:52:06.767786780Z # Flux needs to know the path to the IMP executable
2023-07-22T17:52:06.767923795Z [exec]
2023-07-22T17:52:06.767928211Z imp = "/usr/libexec/flux/flux-imp"
2023-07-22T17:52:06.767930131Z
2023-07-22T17:52:06.767932147Z [access]
2023-07-22T17:52:06.767934875Z allow-guest-user = true
2023-07-22T17:52:06.767936913Z allow-root-owner = true
2023-07-22T17:52:06.767938751Z
2023-07-22T17:52:06.767940673Z # Point to resource definition generated with flux-R(1).
2023-07-22T17:52:06.767942848Z [resource]
2023-07-22T17:52:06.767945257Z path = "/etc/flux/system/R"
2023-07-22T17:52:06.767947053Z
2023-07-22T17:52:06.767948940Z [bootstrap]
2023-07-22T17:52:06.767959073Z curve_cert = "/etc/curve/curve.cert"
2023-07-22T17:52:06.767961609Z default_port = 8050
2023-07-22T17:52:06.767963613Z default_bind = "tcp://eth0:%p"
2023-07-22T17:52:06.767966307Z default_connect = "tcp://%h.flux-service.flux-operator.svc.cluster.local:%p"
2023-07-22T17:52:06.767968242Z hosts = [
2023-07-22T17:52:06.767970180Z 	{ host="flux-sample-[0-7]"},
2023-07-22T17:52:06.767972571Z ]
2023-07-22T17:52:06.767974584Z [archive]
2023-07-22T17:52:06.767976717Z dbpath = "/var/lib/flux/job-archive.sqlite"
2023-07-22T17:52:06.767978837Z period = "1m"
2023-07-22T17:52:06.814674259Z busytimeout = "50s"
2023-07-22T17:52:06.814689501Z 🧊️ State Directory:
2023-07-22T17:52:06.814691977Z total 0
2023-07-22T17:52:06.814693928Z
2023-07-22T17:52:06.816250698Z
2023-07-22T17:52:06.816265218Z 🔒️ Working directory permissions:
2023-07-22T17:52:06.816267530Z total 96
2023-07-22T17:52:06.816270157Z -rwxrwxrwx 1 flux root  2517 May 17 22:32 README.txt
2023-07-22T17:52:06.816272241Z -rwxrwxrwx 1 flux root 54692 May 17 22:32 data.hns-equil
2023-07-22T17:52:06.816274166Z -rwxrwxrwx 1 flux root 13576 May 17 22:32 ffield.reax.hns
2023-07-22T17:52:06.816276170Z -rwxrwxrwx 1 flux root   870 May 17 22:32 in.reaxc.hns
2023-07-22T17:52:06.816278505Z -rwxrwxrwx 1 flux root  4172 May 17 22:32 log.8Mar18.reaxc.hns.g++.1
2023-07-22T17:52:06.816280541Z -rwxrwxrwx 1 flux root  4168 May 17 22:32 log.8Mar18.reaxc.hns.g++.4
2023-07-22T17:52:06.816282324Z
2023-07-22T17:52:06.816286442Z
2023-07-22T17:52:06.816288466Z ✨ Curve certificate generated by helper pod
2023-07-22T17:52:06.817014736Z #   ****  Generated on 2023-04-26 22:54:42 by CZMQ  ****
2023-07-22T17:52:06.817018079Z #   ZeroMQ CURVE **Secret** Certificate
2023-07-22T17:52:06.817020862Z #   DO NOT PROVIDE THIS FILE TO OTHER USERS nor change its permissions.
2023-07-22T17:52:06.817023005Z
2023-07-22T17:52:06.817025132Z metadata
2023-07-22T17:52:06.817027667Z     name = "flux-cert-generator"
2023-07-22T17:52:06.817029784Z     keygen.hostname = "flux-sample-0"
2023-07-22T17:52:06.817031898Z curve
2023-07-22T17:52:06.817033947Z     public-key = "r6bha8goUu<n/c$6$H9}>Z%O<WhVZ)}NujyWK10!"
2023-07-22T17:52:06.817036066Z     secret-key = "(Rt*&VDhzD6apx.A6Z19]QXTUouQ:@6{@mGL?ra!"
2023-07-22T17:52:06.818241808Z
2023-07-22T17:52:06.818259899Z 🌀  flux start --wrap=strace,-e,network,-tt -o --config /etc/flux/config -Scron.directory=/etc/flux/system/cron.d   -Stbon.fanout=256   -Srundir=/run/flux    -Sstatedir=/var/lib/flux   -Slocal-uri=local:///run/flux/local -Stbon.connect_timeout=5s  -Stbon.zmqdebug=1  -Slog-stderr-level=6    -Slog-stderr-mode=local
2023-07-22T17:52:06.843698973Z 17:52:06.843555 socket(AF_NETLINK, SOCK_RAW, NETLINK_ROUTE) = 8
2023-07-22T17:52:06.843756515Z 17:52:06.843652 bind(8, {sa_family=AF_NETLINK, nl_pid=0, nl_groups=00000000}, 12) = 0
2023-07-22T17:52:06.843833511Z 17:52:06.843719 getsockname(8, {sa_family=AF_NETLINK, nl_pid=70, nl_groups=00000000}, [12]) = 0
2023-07-22T17:52:06.843964299Z 17:52:06.843805 sendto(8, {{len=20, type=RTM_GETADDR, flags=NLM_F_REQUEST|NLM_F_DUMP, seq=1690048326, pid=0}, {ifa_family=AF_UNSPEC, ...}}, 20, 0, {sa_family=AF_NETLINK, nl_pid=0, nl_groups=00000000}, 12) = 20
2023-07-22T17:52:06.844172057Z 17:52:06.843960 recvmsg(8, {msg_name={sa_family=AF_NETLINK, nl_pid=0, nl_groups=00000000}, msg_namelen=12, msg_iov=[{iov_base=[{{len=76, type=RTM_NEWADDR, flags=NLM_F_MULTI, seq=1690048326, pid=70}, {ifa_family=AF_INET, ifa_prefixlen=8, ifa_flags=IFA_F_PERMANENT, ifa_scope=RT_SCOPE_HOST, ifa_index=if_nametoindex("lo")}, [{{nla_len=8, nla_type=IFA_ADDRESS}, 127.0.0.1}, {{nla_len=8, nla_type=IFA_LOCAL}, 127.0.0.1}, {{nla_len=7, nla_type=IFA_LABEL}, "lo"}, {{nla_len=8, nla_type=IFA_FLAGS}, IFA_F_PERMANENT}, {{nla_len=20, nla_type=IFA_CACHEINFO}, {ifa_prefered=4294967295, ifa_valid=4294967295, cstamp=65695, tstamp=65695}}]}, {{len=88, type=RTM_NEWADDR, flags=NLM_F_MULTI, seq=1690048326, pid=70}, {ifa_family=AF_INET, ifa_prefixlen=24, ifa_flags=IFA_F_PERMANENT, ifa_scope=RT_SCOPE_UNIVERSE, ifa_index=if_nametoindex("eth0")}, [{{nla_len=8, nla_type=IFA_ADDRESS}, 10.116.6.10}, {{nla_len=8, nla_type=IFA_LOCAL}, 10.116.6.10}, {{nla_len=8, nla_type=IFA_BROADCAST}, 10.116.6.255}, {{nla_len=9, nla_type=IFA_LABEL}, "eth0"}, {{nla_len=8, nla_type=IFA_FLAGS}, IFA_F_PERMANENT}, {{nla_len=20, nla_type=IFA_CACHEINFO}, {ifa_prefered=4294967295, ifa_valid=4294967295, cstamp=65696, tstamp=65696}}]}], iov_len=4096}], msg_iovlen=1, msg_controllen=0, msg_flags=0}, 0) = 164
2023-07-22T17:52:06.844268477Z 17:52:06.844152 recvmsg(8, {msg_name={sa_family=AF_NETLINK, nl_pid=0, nl_groups=00000000}, msg_namelen=12, msg_iov=[{iov_base={{len=20, type=NLMSG_DONE, flags=NLM_F_MULTI, seq=1690048326, pid=70}, 0}, iov_len=4096}], msg_iovlen=1, msg_controllen=0, msg_flags=0}, 0) = 20
2023-07-22T17:52:06.844664000Z 17:52:06.844555 socket(AF_UNIX, SOCK_STREAM|SOCK_CLOEXEC|SOCK_NONBLOCK, 0) = 8
2023-07-22T17:52:06.844670309Z 17:52:06.844598 connect(8, {sa_family=AF_UNIX, sun_path="/var/run/nscd/socket"}, 110) = -1 ENOENT (No such file or directory)
2023-07-22T17:52:06.844733289Z 17:52:06.844676 socket(AF_UNIX, SOCK_STREAM|SOCK_CLOEXEC|SOCK_NONBLOCK, 0) = 8
2023-07-22T17:52:06.844794450Z 17:52:06.844744 connect(8, {sa_family=AF_UNIX, sun_path="/var/run/nscd/socket"}, 110) = -1 ENOENT (No such file or directory)
2023-07-22T17:52:06.845715597Z 17:52:06.845653 socket(AF_INET, SOCK_DGRAM|SOCK_CLOEXEC|SOCK_NONBLOCK, IPPROTO_IP) = 8
2023-07-22T17:52:06.845795751Z 17:52:06.845720 connect(8, {sa_family=AF_INET, sin_port=htons(53), sin_addr=inet_addr("10.120.0.10")}, 16) = 0
2023-07-22T17:52:06.846189387Z 17:52:06.845806 sendto(8, "H\r\1\0\0\1\0\0\0\0\0\0\rflux-sample-0\fflux-"..., 76, MSG_NOSIGNAL, NULL, 0) = 76
2023-07-22T17:52:06.847470140Z 17:52:06.847398 recvfrom(8, "H\r\205\200\0\1\0\0\0\0\0\0\rflux-sample-0\fflux-"..., 1024, 0, {sa_family=AF_INET, sin_port=htons(53), sin_addr=inet_addr("10.120.0.10")}, [28->16]) = 76
2023-07-22T17:52:06.847583199Z 17:52:06.847528 socket(AF_INET, SOCK_DGRAM|SOCK_CLOEXEC|SOCK_NONBLOCK, IPPROTO_IP) = 8
2023-07-22T17:52:06.847625273Z 17:52:06.847579 connect(8, {sa_family=AF_INET, sin_port=htons(53), sin_addr=inet_addr("10.120.0.10")}, 16) = 0
2023-07-22T17:52:06.847740882Z 17:52:06.847640 sendto(8, "f\274\1\0\0\1\0\0\0\0\0\0\rflux-sample-0\fflux-"..., 108, MSG_NOSIGNAL, NULL, 0) = 108
2023-07-22T17:52:06.848212609Z 17:52:06.848139 recvfrom(8, "f\274\201\203\0\1\0\0\0\1\0\0\rflux-sample-0\fflux-"..., 1024, 0, {sa_family=AF_INET, sin_port=htons(53), sin_addr=inet_addr("10.120.0.10")}, [28->16]) = 201
2023-07-22T17:52:06.848302387Z 17:52:06.848235 socket(AF_INET, SOCK_DGRAM|SOCK_CLOEXEC|SOCK_NONBLOCK, IPPROTO_IP) = 8
2023-07-22T17:52:06.848363346Z 17:52:06.848279 connect(8, {sa_family=AF_INET, sin_port=htons(53), sin_addr=inet_addr("10.120.0.10")}, 16) = 0
2023-07-22T17:52:06.848442912Z 17:52:06.848354 sendto(8, "\372:\1\0\0\1\0\0\0\0\0\0\rflux-sample-0\fflux-"..., 94, MSG_NOSIGNAL, NULL, 0) = 94
2023-07-22T17:52:06.848811979Z 17:52:06.848713 recvfrom(8, "\372:\201\203\0\1\0\0\0\1\0\0\rflux-sample-0\fflux-"..., 1024, 0, {sa_family=AF_INET, sin_port=htons(53), sin_addr=inet_addr("10.120.0.10")}, [28->16]) = 187
2023-07-22T17:52:06.848922259Z 17:52:06.848830 socket(AF_INET, SOCK_DGRAM|SOCK_CLOEXEC|SOCK_NONBLOCK, IPPROTO_IP) = 8
2023-07-22T17:52:06.848934822Z 17:52:06.848873 connect(8, {sa_family=AF_INET, sin_port=htons(53), sin_addr=inet_addr("10.120.0.10")}, 16) = 0
2023-07-22T17:52:06.849061674Z 17:52:06.848954 sendto(8, "\322`\1\0\0\1\0\0\0\0\0\0\rflux-sample-0\fflux-"..., 90, MSG_NOSIGNAL, NULL, 0) = 90
2023-07-22T17:52:06.849457089Z 17:52:06.849360 recvfrom(8, "\322`\201\203\0\1\0\0\0\1\0\0\rflux-sample-0\fflux-"..., 1024, 0, {sa_family=AF_INET, sin_port=htons(53), sin_addr=inet_addr("10.120.0.10")}, [28->16]) = 183
2023-07-22T17:52:06.849519173Z 17:52:06.849477 socket(AF_INET, SOCK_DGRAM|SOCK_CLOEXEC|SOCK_NONBLOCK, IPPROTO_IP) = 8
2023-07-22T17:52:06.849595110Z 17:52:06.849533 connect(8, {sa_family=AF_INET, sin_port=htons(53), sin_addr=inet_addr("10.120.0.10")}, 16) = 0
2023-07-22T17:52:06.849717053Z 17:52:06.849614 sendto(8, "^\374\1\0\0\1\0\0\0\0\0\0\rflux-sample-0\fflux-"..., 111, MSG_NOSIGNAL, NULL, 0) = 111
2023-07-22T17:52:06.853536229Z 17:52:06.853469 recvfrom(8, "^\374\201\203\0\1\0\0\0\1\0\0\rflux-sample-0\fflux-"..., 1024, 0, {sa_family=AF_INET, sin_port=htons(53), sin_addr=inet_addr("10.120.0.10")}, [28->16]) = 221
2023-07-22T17:52:06.853627012Z 17:52:06.853579 socket(AF_INET, SOCK_DGRAM|SOCK_CLOEXEC|SOCK_NONBLOCK, IPPROTO_IP) = 8
2023-07-22T17:52:06.853771619Z 17:52:06.853614 connect(8, {sa_family=AF_INET, sin_port=htons(53), sin_addr=inet_addr("10.120.0.10")}, 16) = 0
2023-07-22T17:52:06.853928092Z 17:52:06.853714 sendto(8, "X\21\1\0\0\1\0\0\0\0\0\0\rflux-sample-0\fflux-"..., 97, MSG_NOSIGNAL, NULL, 0) = 97
2023-07-22T17:52:06.858401655Z 17:52:06.858318 recvfrom(8, "X\21\201\203\0\1\0\0\0\1\0\0\rflux-sample-0\fflux-"..., 1024, 0, {sa_family=AF_INET, sin_port=htons(53), sin_addr=inet_addr("10.120.0.10")}, [28->16]) = 202
2023-07-22T17:52:06.858543172Z 17:52:06.858454 socket(AF_INET, SOCK_DGRAM|SOCK_CLOEXEC|SOCK_NONBLOCK, IPPROTO_IP) = 8
2023-07-22T17:52:06.858573880Z 17:52:06.858503 connect(8, {sa_family=AF_INET, sin_port=htons(53), sin_addr=inet_addr("10.120.0.10")}, 16) = 0
2023-07-22T17:52:06.858658614Z 17:52:06.858586 sendto(8, "\202\247\1\0\0\1\0\0\0\0\0\0\rflux-sample-0\fflux-"..., 92, MSG_NOSIGNAL, NULL, 0) = 92
2023-07-22T17:52:06.862952809Z 17:52:06.862870 recvfrom(8, "\202\247\201\203\0\1\0\0\0\1\0\0\rflux-sample-0\fflux-"..., 1024, 0, {sa_family=AF_INET, sin_port=htons(53), sin_addr=inet_addr("10.120.0.10")}, [28->16]) = 197
2023-07-22T17:52:06.863106708Z broker.err[2]: Warning: unable to resolve upstream peer flux-sample-0.flux-service.flux-operator.svc.cluster.local: No address associated with hostname
2023-07-22T17:52:06.866643856Z broker.info[2]: start: none->join 1.42897ms
2023-07-22T17:52:11.918954521Z broker.info[2]: parent-ready: join->init 5.05218s
2023-07-22T17:52:11.919044664Z 17:52:11.918917 socketpair(AF_UNIX, SOCK_STREAM|SOCK_CLOEXEC, 0, [22, 23]) = 0
2023-07-22T17:52:11.919352545Z 17:52:11.919015 socketpair(AF_UNIX, SOCK_STREAM, 0, [24, 25]) = 0
2023-07-22T17:52:11.919506710Z 17:52:11.919406 socketpair(AF_UNIX, SOCK_STREAM, 0, [26, 27]) = 0
2023-07-22T17:52:11.919634995Z 17:52:11.919562 socketpair(AF_UNIX, SOCK_STREAM, 0, [28, 29]) = 0
2023-07-22T17:52:11.934316972Z broker.info[2]: configuration updated
2023-07-22T17:52:12.002808413Z broker.info[2]: rc1.0: running /etc/flux/rc1.d/01-sched-fluxion
2023-07-22T17:52:12.009435653Z broker.info[2]: rc1.0: running /etc/flux/rc1.d/02-cron
2023-07-22T17:52:12.022885014Z broker.info[2]: rc1.0: /etc/flux/rc1 Exited (rc=0) 0.1s
2023-07-22T17:52:12.023364687Z broker.info[2]: rc1-success: init->quorum 0.104383s
2023-07-22T17:52:29.503636494Z broker.info[2]: quorum-full: quorum->run 17.4801s
2023-07-22T17:52:29.838674919Z 17:52:29.838457 socketpair(AF_UNIX, SOCK_STREAM|SOCK_CLOEXEC, 0, [22, 23]) = 0
2023-07-22T17:52:29.838714055Z 17:52:29.838589 socketpair(AF_UNIX, SOCK_STREAM, 0, [24, 25]) = 0
2023-07-22T17:52:29.838877962Z 17:52:29.838777 socketpair(AF_UNIX, SOCK_STREAM, 0, [26, 28]) = 0
2023-07-22T17:52:29.839012656Z 17:52:29.838917 socketpair(AF_UNIX, SOCK_STREAM, 0, [58, 59]) = 0
2023-07-22T17:52:29.839215121Z 17:52:29.839161 socketpair(AF_UNIX, SOCK_STREAM, 0, [60, 61]) = 0
2023-07-22T17:52:34.487057725Z broker.info[2]: shutdown: run->cleanup 4.98324s
2023-07-22T17:52:34.487934169Z broker.info[2]: cleanup-none: cleanup->shutdown 0.757627ms
2023-07-22T17:52:34.488629579Z broker.info[2]: children-none: shutdown->finalize 0.61957ms
2023-07-22T17:52:34.488900317Z 17:52:34.488764 socketpair(AF_UNIX, SOCK_STREAM|SOCK_CLOEXEC, 0, [22, 23]) = 0
2023-07-22T17:52:34.489042939Z 17:52:34.488879 socketpair(AF_UNIX, SOCK_STREAM, 0, [24, 25]) = 0
2023-07-22T17:52:34.489172047Z 17:52:34.489059 socketpair(AF_UNIX, SOCK_STREAM, 0, [26, 28]) = 0
2023-07-22T17:52:34.489346512Z 17:52:34.489290 socketpair(AF_UNIX, SOCK_STREAM, 0, [58, 59]) = 0
2023-07-22T17:52:34.499561372Z broker.info[2]: rc3.0: running /etc/flux/rc3.d/01-sched-fluxion
2023-07-22T17:52:34.567348078Z broker.info[2]: rc3.0: /etc/flux/rc3 Exited (rc=0) 0.1s
2023-07-22T17:52:34.567802359Z broker.info[2]: rc3-success: finalize->goodbye 78.9712ms
2023-07-22T17:52:34.568454406Z broker.info[2]: goodbye: goodbye->exit 0.480907ms
2023-07-22T17:52:34.572058812Z 17:52:34.571967 +++ exited with 0 +++
2023-07-22T17:52:34.572708579Z Return value for follower worker is 0
2023-07-22T17:52:34.572723334Z The follower worker exited cleanly. Goodbye!
