2023-07-22T18:00:51.183711772Z
2023-07-22T18:00:51.183732307Z Flux username: flux
2023-07-22T18:00:51.183734865Z
2023-07-22T18:00:51.183736916Z Flux install root: /usr
2023-07-22T18:00:51.206998856Z flux user is already added.
2023-07-22T18:00:51.208528436Z flux user identifiers:
2023-07-22T18:00:51.208544042Z uid=1234(flux) gid=1234(flux) groups=1234(flux)
2023-07-22T18:00:51.208550385Z
2023-07-22T18:00:51.208563795Z As Flux prefix for flux commands: sudo -u flux -E PYTHONPATH=/opt/conda/lib/python3.10/site-packages -E PATH=/opt/conda/bin:/usr/local/sbin:/usr/local/bin:/usr/sbin:/usr/bin:/sbin:/bin -E LD_LIBRARY_PATH=/opt/conda/lib -E HOME=/home/flux
2023-07-22T18:00:51.212618891Z
2023-07-22T18:00:51.212637785Z 👋 Hello, I'm flux-sample-5
2023-07-22T18:00:51.212641123Z The main host is flux-sample-0
2023-07-22T18:00:51.212672645Z The working directory is /home/flux/examples/reaxff/HNS, contents include:
2023-07-22T18:00:51.213562219Z /home/flux/examples/reaxff/HNS:
2023-07-22T18:00:51.213571910Z README.txt	ffield.reax.hns  log.8Mar18.reaxc.hns.g++.1
2023-07-22T18:00:51.213574444Z data.hns-equil	in.reaxc.hns	 log.8Mar18.reaxc.hns.g++.4
2023-07-22T18:00:51.213706384Z End of file listing, if you see nothing above there are no files.
2023-07-22T18:00:51.214628932Z flux R encode --hosts=flux-sample-[0-7]
2023-07-22T18:00:51.223649071Z
2023-07-22T18:00:51.223655761Z 📦 Resources
2023-07-22T18:00:51.224337878Z {"version": 1, "execution": {"R_lite": [{"rank": "0-7", "children": {"core": "0-3"}}], "starttime": 0.0, "expiration": 0.0, "nodelist": ["flux-sample-[0-7]"]}}
2023-07-22T18:00:51.224435306Z
2023-07-22T18:00:51.224438735Z 🐸 Diagnostics: false
2023-07-22T18:00:51.224509986Z 🚩️ Flux Option Flags defined
2023-07-22T18:00:51.226432339Z
2023-07-22T18:00:51.226439897Z 🦊 Independent Minister of Privilege
2023-07-22T18:00:51.227095987Z [exec]
2023-07-22T18:00:51.227103959Z allowed-users = [ "flux", "root" ]
2023-07-22T18:00:51.227109014Z allowed-shells = [ "/usr/libexec/flux/flux-shell" ]
2023-07-22T18:00:51.227200801Z
2023-07-22T18:00:51.227211952Z 🐸 Broker Configuration
2023-07-22T18:00:51.227903490Z # Flux needs to know the path to the IMP executable
2023-07-22T18:00:51.227907633Z [exec]
2023-07-22T18:00:51.227910052Z imp = "/usr/libexec/flux/flux-imp"
2023-07-22T18:00:51.227911914Z
2023-07-22T18:00:51.227914041Z [access]
2023-07-22T18:00:51.227916165Z allow-guest-user = true
2023-07-22T18:00:51.227918667Z allow-root-owner = true
2023-07-22T18:00:51.227920570Z
2023-07-22T18:00:51.227922721Z # Point to resource definition generated with flux-R(1).
2023-07-22T18:00:51.227924692Z [resource]
2023-07-22T18:00:51.227927014Z path = "/etc/flux/system/R"
2023-07-22T18:00:51.227928812Z
2023-07-22T18:00:51.227930741Z [bootstrap]
2023-07-22T18:00:51.227932840Z curve_cert = "/etc/curve/curve.cert"
2023-07-22T18:00:51.227934701Z default_port = 8050
2023-07-22T18:00:51.227936619Z default_bind = "tcp://eth0:%p"
2023-07-22T18:00:51.227939010Z default_connect = "tcp://%h.flux-service.flux-operator.svc.cluster.local:%p"
2023-07-22T18:00:51.227941013Z hosts = [
2023-07-22T18:00:51.227943015Z 	{ host="flux-sample-[0-7]"},
2023-07-22T18:00:51.227944943Z ]
2023-07-22T18:00:51.227946926Z [archive]
2023-07-22T18:00:51.227948834Z dbpath = "/var/lib/flux/job-archive.sqlite"
2023-07-22T18:00:51.227950732Z period = "1m"
2023-07-22T18:00:51.271561685Z busytimeout = "50s"
2023-07-22T18:00:51.271574007Z 🧊️ State Directory:
2023-07-22T18:00:51.271576476Z total 0
2023-07-22T18:00:51.271578558Z
2023-07-22T18:00:51.272979709Z
2023-07-22T18:00:51.273003187Z 🔒️ Working directory permissions:
2023-07-22T18:00:51.273006088Z total 96
2023-07-22T18:00:51.273008976Z -rwxrwxrwx 1 flux root  2517 May 17 22:32 README.txt
2023-07-22T18:00:51.273010961Z -rwxrwxrwx 1 flux root 54692 May 17 22:32 data.hns-equil
2023-07-22T18:00:51.273012861Z -rwxrwxrwx 1 flux root 13576 May 17 22:32 ffield.reax.hns
2023-07-22T18:00:51.273014701Z -rwxrwxrwx 1 flux root   870 May 17 22:32 in.reaxc.hns
2023-07-22T18:00:51.273017105Z -rwxrwxrwx 1 flux root  4172 May 17 22:32 log.8Mar18.reaxc.hns.g++.1
2023-07-22T18:00:51.273019163Z -rwxrwxrwx 1 flux root  4168 May 17 22:32 log.8Mar18.reaxc.hns.g++.4
2023-07-22T18:00:51.273020925Z
2023-07-22T18:00:51.273060104Z
2023-07-22T18:00:51.273063050Z ✨ Curve certificate generated by helper pod
2023-07-22T18:00:51.273688438Z #   ****  Generated on 2023-04-26 22:54:42 by CZMQ  ****
2023-07-22T18:00:51.273699398Z #   ZeroMQ CURVE **Secret** Certificate
2023-07-22T18:00:51.273702119Z #   DO NOT PROVIDE THIS FILE TO OTHER USERS nor change its permissions.
2023-07-22T18:00:51.273704163Z
2023-07-22T18:00:51.273706255Z metadata
2023-07-22T18:00:51.273708665Z     name = "flux-cert-generator"
2023-07-22T18:00:51.273710614Z     keygen.hostname = "flux-sample-0"
2023-07-22T18:00:51.273712552Z curve
2023-07-22T18:00:51.273714573Z     public-key = "zNjmh-mh7d/):mq%7F7h*4vBEfWFtPa!&BR34P{k"
2023-07-22T18:00:51.273716510Z     secret-key = "cir5udcK.p+[Mt^EN.Gd/EIfOXUN6C0@D<&n2b0L"
2023-07-22T18:00:51.274823546Z
2023-07-22T18:00:51.274834833Z 🌀  flux start --wrap=strace,-e,network,-tt -o --config /etc/flux/config -Scron.directory=/etc/flux/system/cron.d   -Stbon.fanout=256   -Srundir=/run/flux    -Sstatedir=/var/lib/flux   -Slocal-uri=local:///run/flux/local -Stbon.connect_timeout=5s  -Stbon.zmqdebug=1  -Slog-stderr-level=6    -Slog-stderr-mode=local
2023-07-22T18:00:51.299465111Z 18:00:51.299305 socket(AF_NETLINK, SOCK_RAW, NETLINK_ROUTE) = 8
2023-07-22T18:00:51.299480612Z 18:00:51.299379 bind(8, {sa_family=AF_NETLINK, nl_pid=0, nl_groups=00000000}, 12) = 0
2023-07-22T18:00:51.299558396Z 18:00:51.299443 getsockname(8, {sa_family=AF_NETLINK, nl_pid=70, nl_groups=00000000}, [12]) = 0
2023-07-22T18:00:51.299713266Z 18:00:51.299540 sendto(8, {{len=20, type=RTM_GETADDR, flags=NLM_F_REQUEST|NLM_F_DUMP, seq=1690048851, pid=0}, {ifa_family=AF_UNSPEC, ...}}, 20, 0, {sa_family=AF_NETLINK, nl_pid=0, nl_groups=00000000}, 12) = 20
2023-07-22T18:00:51.299906058Z 18:00:51.299680 recvmsg(8, {msg_name={sa_family=AF_NETLINK, nl_pid=0, nl_groups=00000000}, msg_namelen=12, msg_iov=[{iov_base=[{{len=76, type=RTM_NEWADDR, flags=NLM_F_MULTI, seq=1690048851, pid=70}, {ifa_family=AF_INET, ifa_prefixlen=8, ifa_flags=IFA_F_PERMANENT, ifa_scope=RT_SCOPE_HOST, ifa_index=if_nametoindex("lo")}, [{{nla_len=8, nla_type=IFA_ADDRESS}, 127.0.0.1}, {{nla_len=8, nla_type=IFA_LOCAL}, 127.0.0.1}, {{nla_len=7, nla_type=IFA_LABEL}, "lo"}, {{nla_len=8, nla_type=IFA_FLAGS}, IFA_F_PERMANENT}, {{nla_len=20, nla_type=IFA_CACHEINFO}, {ifa_prefered=4294967295, ifa_valid=4294967295, cstamp=118132, tstamp=118132}}]}, {{len=88, type=RTM_NEWADDR, flags=NLM_F_MULTI, seq=1690048851, pid=70}, {ifa_family=AF_INET, ifa_prefixlen=24, ifa_flags=IFA_F_PERMANENT, ifa_scope=RT_SCOPE_UNIVERSE, ifa_index=if_nametoindex("eth0")}, [{{nla_len=8, nla_type=IFA_ADDRESS}, 10.116.4.27}, {{nla_len=8, nla_type=IFA_LOCAL}, 10.116.4.27}, {{nla_len=8, nla_type=IFA_BROADCAST}, 10.116.4.255}, {{nla_len=9, nla_type=IFA_LABEL}, "eth0"}, {{nla_len=8, nla_type=IFA_FLAGS}, IFA_F_PERMANENT}, {{nla_len=20, nla_type=IFA_CACHEINFO}, {ifa_prefered=4294967295, ifa_valid=4294967295, cstamp=118134, tstamp=118134}}]}], iov_len=4096}], msg_iovlen=1, msg_controllen=0, msg_flags=0}, 0) = 164
2023-07-22T18:00:51.300140457Z 18:00:51.299918 recvmsg(8, {msg_name={sa_family=AF_NETLINK, nl_pid=0, nl_groups=00000000}, msg_namelen=12, msg_iov=[{iov_base={{len=20, type=NLMSG_DONE, flags=NLM_F_MULTI, seq=1690048851, pid=70}, 0}, iov_len=4096}], msg_iovlen=1, msg_controllen=0, msg_flags=0}, 0) = 20
2023-07-22T18:00:51.300556926Z 18:00:51.300401 socket(AF_UNIX, SOCK_STREAM|SOCK_CLOEXEC|SOCK_NONBLOCK, 0) = 8
2023-07-22T18:00:51.300570927Z 18:00:51.300475 connect(8, {sa_family=AF_UNIX, sun_path="/var/run/nscd/socket"}, 110) = -1 ENOENT (No such file or directory)
2023-07-22T18:00:51.300620221Z 18:00:51.300561 socket(AF_UNIX, SOCK_STREAM|SOCK_CLOEXEC|SOCK_NONBLOCK, 0) = 8
2023-07-22T18:00:51.300670344Z 18:00:51.300609 connect(8, {sa_family=AF_UNIX, sun_path="/var/run/nscd/socket"}, 110) = -1 ENOENT (No such file or directory)
2023-07-22T18:00:51.301533921Z 18:00:51.301485 socket(AF_INET, SOCK_DGRAM|SOCK_CLOEXEC|SOCK_NONBLOCK, IPPROTO_IP) = 8
2023-07-22T18:00:51.301587484Z 18:00:51.301535 connect(8, {sa_family=AF_INET, sin_port=htons(53), sin_addr=inet_addr("10.120.0.10")}, 16) = 0
2023-07-22T18:00:51.301814486Z 18:00:51.301613 sendto(8, "t\335\1\0\0\1\0\0\0\0\0\0\rflux-sample-0\fflux-"..., 76, MSG_NOSIGNAL, NULL, 0) = 76
2023-07-22T18:00:51.301998166Z 18:00:51.301939 recvfrom(8, "t\335\205\200\0\1\0\1\0\0\0\0\rflux-sample-0\fflux-"..., 1024, 0, {sa_family=AF_INET, sin_port=htons(53), sin_addr=inet_addr("10.120.0.10")}, [28->16]) = 150
2023-07-22T18:00:51.305285898Z broker.info[5]: start: none->join 1.31531ms
2023-07-22T18:01:11.916769722Z broker.info[5]: parent-ready: join->init 20.6114s
2023-07-22T18:01:11.916883717Z 18:01:11.916777 socketpair(AF_UNIX, SOCK_STREAM|SOCK_CLOEXEC, 0, [22, 23]) = 0
2023-07-22T18:01:11.916942800Z 18:01:11.916864 socketpair(AF_UNIX, SOCK_STREAM, 0, [24, 25]) = 0
2023-07-22T18:01:11.917072989Z 18:01:11.916978 socketpair(AF_UNIX, SOCK_STREAM, 0, [26, 27]) = 0
2023-07-22T18:01:11.917194460Z 18:01:11.917119 socketpair(AF_UNIX, SOCK_STREAM, 0, [28, 29]) = 0
2023-07-22T18:01:11.931886348Z broker.info[5]: configuration updated
2023-07-22T18:01:11.997806831Z broker.info[5]: rc1.0: running /etc/flux/rc1.d/01-sched-fluxion
2023-07-22T18:01:12.004246458Z broker.info[5]: rc1.0: running /etc/flux/rc1.d/02-cron
2023-07-22T18:01:12.017723232Z broker.info[5]: rc1.0: /etc/flux/rc1 Exited (rc=0) 0.1s
2023-07-22T18:01:12.018180306Z broker.info[5]: rc1-success: init->quorum 0.101333s
2023-07-22T18:01:12.226315637Z broker.info[5]: quorum-full: quorum->run 0.207987s
2023-07-22T18:01:12.562112075Z 18:01:12.561963 socketpair(AF_UNIX, SOCK_STREAM|SOCK_CLOEXEC, 0, [22, 23]) = 0
2023-07-22T18:01:12.562209323Z 18:01:12.562103 socketpair(AF_UNIX, SOCK_STREAM, 0, [24, 25]) = 0
2023-07-22T18:01:12.562388922Z 18:01:12.562308 socketpair(AF_UNIX, SOCK_STREAM, 0, [26, 28]) = 0
2023-07-22T18:01:12.562528694Z 18:01:12.562457 socketpair(AF_UNIX, SOCK_STREAM, 0, [58, 59]) = 0
2023-07-22T18:01:12.562807838Z 18:01:12.562743 socketpair(AF_UNIX, SOCK_STREAM, 0, [60, 61]) = 0
2023-07-22T18:01:19.089372784Z broker.info[5]: shutdown: run->cleanup 6.86287s
2023-07-22T18:01:19.090079879Z broker.info[5]: cleanup-none: cleanup->shutdown 0.550371ms
2023-07-22T18:01:19.090707881Z broker.info[5]: children-none: shutdown->finalize 0.485463ms
2023-07-22T18:01:19.090980507Z 18:01:19.090873 socketpair(AF_UNIX, SOCK_STREAM|SOCK_CLOEXEC, 0, [22, 23]) = 0
2023-07-22T18:01:19.091128236Z 18:01:19.090994 socketpair(AF_UNIX, SOCK_STREAM, 0, [24, 25]) = 0
2023-07-22T18:01:19.091265065Z 18:01:19.091181 socketpair(AF_UNIX, SOCK_STREAM, 0, [26, 28]) = 0
2023-07-22T18:01:19.091459706Z 18:01:19.091379 socketpair(AF_UNIX, SOCK_STREAM, 0, [58, 59]) = 0
2023-07-22T18:01:19.101710251Z broker.info[5]: rc3.0: running /etc/flux/rc3.d/01-sched-fluxion
2023-07-22T18:01:19.162219004Z broker.info[5]: rc3.0: /etc/flux/rc3 Exited (rc=0) 0.1s
2023-07-22T18:01:19.162545832Z broker.info[5]: rc3-success: finalize->goodbye 71.5906ms
2023-07-22T18:01:19.163101555Z broker.info[5]: goodbye: goodbye->exit 0.495283ms
2023-07-22T18:01:19.166301049Z 18:01:19.166225 +++ exited with 0 +++
2023-07-22T18:01:19.166978829Z Return value for follower worker is 0
2023-07-22T18:01:19.166993878Z The follower worker exited cleanly. Goodbye!
