2023-07-22T17:55:19.801300803Z
2023-07-22T17:55:19.801327149Z Flux username: flux
2023-07-22T17:55:19.801361348Z
2023-07-22T17:55:19.801374630Z Flux install root: /usr
2023-07-22T17:55:19.829626576Z flux user is already added.
2023-07-22T17:55:19.831252129Z flux user identifiers:
2023-07-22T17:55:19.831262984Z uid=1234(flux) gid=1234(flux) groups=1234(flux)
2023-07-22T17:55:19.831265260Z
2023-07-22T17:55:19.831275915Z As Flux prefix for flux commands: sudo -u flux -E PYTHONPATH=/opt/conda/lib/python3.10/site-packages -E PATH=/opt/conda/bin:/usr/local/sbin:/usr/local/bin:/usr/sbin:/usr/bin:/sbin:/bin -E LD_LIBRARY_PATH=/opt/conda/lib -E HOME=/home/flux
2023-07-22T17:55:19.835610561Z
2023-07-22T17:55:19.835629339Z ðŸ‘‹ Hello, I'm flux-sample-4
2023-07-22T17:55:19.835631858Z The main host is flux-sample-0
2023-07-22T17:55:19.835634549Z The working directory is /home/flux/examples/reaxff/HNS, contents include:
2023-07-22T17:55:19.836557115Z /home/flux/examples/reaxff/HNS:
2023-07-22T17:55:19.836562157Z README.txt	ffield.reax.hns  log.8Mar18.reaxc.hns.g++.1
2023-07-22T17:55:19.836564268Z data.hns-equil	in.reaxc.hns	 log.8Mar18.reaxc.hns.g++.4
2023-07-22T17:55:19.836710516Z End of file listing, if you see nothing above there are no files.
2023-07-22T17:55:19.837673852Z flux R encode --hosts=flux-sample-[0-7]
2023-07-22T17:55:19.846899243Z
2023-07-22T17:55:19.846911668Z ðŸ“¦ Resources
2023-07-22T17:55:19.847627718Z {"version": 1, "execution": {"R_lite": [{"rank": "0-7", "children": {"core": "0-3"}}], "starttime": 0.0, "expiration": 0.0, "nodelist": ["flux-sample-[0-7]"]}}
2023-07-22T17:55:19.847737631Z
2023-07-22T17:55:19.847743378Z ðŸ¸ Diagnostics: false
2023-07-22T17:55:19.847813478Z ðŸš©ï¸ Flux Option Flags defined
2023-07-22T17:55:19.849853326Z
2023-07-22T17:55:19.849863167Z ðŸ¦Š Independent Minister of Privilege
2023-07-22T17:55:19.850520061Z [exec]
2023-07-22T17:55:19.850524769Z allowed-users = [ "flux", "root" ]
2023-07-22T17:55:19.850527242Z allowed-shells = [ "/usr/libexec/flux/flux-shell" ]
2023-07-22T17:55:19.850625506Z
2023-07-22T17:55:19.850631285Z ðŸ¸ Broker Configuration
2023-07-22T17:55:19.851264708Z # Flux needs to know the path to the IMP executable
2023-07-22T17:55:19.851268493Z [exec]
2023-07-22T17:55:19.851271110Z imp = "/usr/libexec/flux/flux-imp"
2023-07-22T17:55:19.851273132Z
2023-07-22T17:55:19.851275176Z [access]
2023-07-22T17:55:19.851277609Z allow-guest-user = true
2023-07-22T17:55:19.851279685Z allow-root-owner = true
2023-07-22T17:55:19.851281476Z
2023-07-22T17:55:19.851283621Z # Point to resource definition generated with flux-R(1).
2023-07-22T17:55:19.851285726Z [resource]
2023-07-22T17:55:19.851288168Z path = "/etc/flux/system/R"
2023-07-22T17:55:19.851289934Z
2023-07-22T17:55:19.851291753Z [bootstrap]
2023-07-22T17:55:19.851293716Z curve_cert = "/etc/curve/curve.cert"
2023-07-22T17:55:19.851295537Z default_port = 8050
2023-07-22T17:55:19.851297352Z default_bind = "tcp://eth0:%p"
2023-07-22T17:55:19.851299836Z default_connect = "tcp://%h.flux-service.flux-operator.svc.cluster.local:%p"
2023-07-22T17:55:19.851301806Z hosts = [
2023-07-22T17:55:19.851303761Z 	{ host="flux-sample-[0-7]"},
2023-07-22T17:55:19.851305696Z ]
2023-07-22T17:55:19.851307564Z [archive]
2023-07-22T17:55:19.851309448Z dbpath = "/var/lib/flux/job-archive.sqlite"
2023-07-22T17:55:19.851311388Z period = "1m"
2023-07-22T17:55:19.897050510Z busytimeout = "50s"
2023-07-22T17:55:19.897066401Z ðŸ§Šï¸ State Directory:
2023-07-22T17:55:19.897069058Z total 0
2023-07-22T17:55:19.897071263Z
2023-07-22T17:55:19.898524507Z
2023-07-22T17:55:19.898546208Z ðŸ”’ï¸ Working directory permissions:
2023-07-22T17:55:19.898549412Z total 96
2023-07-22T17:55:19.898552103Z -rwxrwxrwx 1 flux root  2517 May 17 22:32 README.txt
2023-07-22T17:55:19.898554071Z -rwxrwxrwx 1 flux root 54692 May 17 22:32 data.hns-equil
2023-07-22T17:55:19.898556186Z -rwxrwxrwx 1 flux root 13576 May 17 22:32 ffield.reax.hns
2023-07-22T17:55:19.898558091Z -rwxrwxrwx 1 flux root   870 May 17 22:32 in.reaxc.hns
2023-07-22T17:55:19.898560495Z -rwxrwxrwx 1 flux root  4172 May 17 22:32 log.8Mar18.reaxc.hns.g++.1
2023-07-22T17:55:19.898562535Z -rwxrwxrwx 1 flux root  4168 May 17 22:32 log.8Mar18.reaxc.hns.g++.4
2023-07-22T17:55:19.898564273Z
2023-07-22T17:55:19.898573952Z
2023-07-22T17:55:19.898576589Z âœ¨ Curve certificate generated by helper pod
2023-07-22T17:55:19.899265967Z #   ****  Generated on 2023-04-26 22:54:42 by CZMQ  ****
2023-07-22T17:55:19.899272095Z #   ZeroMQ CURVE **Secret** Certificate
2023-07-22T17:55:19.899274660Z #   DO NOT PROVIDE THIS FILE TO OTHER USERS nor change its permissions.
2023-07-22T17:55:19.899277083Z
2023-07-22T17:55:19.899279126Z metadata
2023-07-22T17:55:19.899281577Z     name = "flux-cert-generator"
2023-07-22T17:55:19.899283600Z     keygen.hostname = "flux-sample-0"
2023-07-22T17:55:19.899285652Z curve
2023-07-22T17:55:19.899287651Z     public-key = "lPoVPYGjy3p3G*IyT4HiIBK479AG&uN*bHd=PJQ>"
2023-07-22T17:55:19.899289689Z     secret-key = "d6y<n@cv^TFioSDF$.g@OB=p#COzTUQVul2u2*3e"
2023-07-22T17:55:19.900404711Z
2023-07-22T17:55:19.900416582Z ðŸŒ€  flux start --wrap=strace,-e,network,-tt -o --config /etc/flux/config -Scron.directory=/etc/flux/system/cron.d   -Stbon.fanout=256   -Srundir=/run/flux    -Sstatedir=/var/lib/flux   -Slocal-uri=local:///run/flux/local -Stbon.connect_timeout=5s  -Stbon.zmqdebug=1  -Slog-stderr-level=6    -Slog-stderr-mode=local
2023-07-22T17:55:19.925412305Z 17:55:19.925256 socket(AF_NETLINK, SOCK_RAW, NETLINK_ROUTE) = 8
2023-07-22T17:55:19.925525537Z 17:55:19.925400 bind(8, {sa_family=AF_NETLINK, nl_pid=0, nl_groups=00000000}, 12) = 0
2023-07-22T17:55:19.925574058Z 17:55:19.925490 getsockname(8, {sa_family=AF_NETLINK, nl_pid=70, nl_groups=00000000}, [12]) = 0
2023-07-22T17:55:19.925720482Z 17:55:19.925570 sendto(8, {{len=20, type=RTM_GETADDR, flags=NLM_F_REQUEST|NLM_F_DUMP, seq=1690048519, pid=0}, {ifa_family=AF_UNSPEC, ...}}, 20, 0, {sa_family=AF_NETLINK, nl_pid=0, nl_groups=00000000}, 12) = 20
2023-07-22T17:55:19.925886132Z 17:55:19.925699 recvmsg(8, {msg_name={sa_family=AF_NETLINK, nl_pid=0, nl_groups=00000000}, msg_namelen=12, msg_iov=[{iov_base=[{{len=76, type=RTM_NEWADDR, flags=NLM_F_MULTI, seq=1690048519, pid=70}, {ifa_family=AF_INET, ifa_prefixlen=8, ifa_flags=IFA_F_PERMANENT, ifa_scope=RT_SCOPE_HOST, ifa_index=if_nametoindex("lo")}, [{{nla_len=8, nla_type=IFA_ADDRESS}, 127.0.0.1}, {{nla_len=8, nla_type=IFA_LOCAL}, 127.0.0.1}, {{nla_len=7, nla_type=IFA_LABEL}, "lo"}, {{nla_len=8, nla_type=IFA_FLAGS}, IFA_F_PERMANENT}, {{nla_len=20, nla_type=IFA_CACHEINFO}, {ifa_prefered=4294967295, ifa_valid=4294967295, cstamp=85002, tstamp=85002}}]}, {{len=88, type=RTM_NEWADDR, flags=NLM_F_MULTI, seq=1690048519, pid=70}, {ifa_family=AF_INET, ifa_prefixlen=24, ifa_flags=IFA_F_PERMANENT, ifa_scope=RT_SCOPE_UNIVERSE, ifa_index=if_nametoindex("eth0")}, [{{nla_len=8, nla_type=IFA_ADDRESS}, 10.116.6.16}, {{nla_len=8, nla_type=IFA_LOCAL}, 10.116.6.16}, {{nla_len=8, nla_type=IFA_BROADCAST}, 10.116.6.255}, {{nla_len=9, nla_type=IFA_LABEL}, "eth0"}, {{nla_len=8, nla_type=IFA_FLAGS}, IFA_F_PERMANENT}, {{nla_len=20, nla_type=IFA_CACHEINFO}, {ifa_prefered=4294967295, ifa_valid=4294967295, cstamp=85004, tstamp=85004}}]}], iov_len=4096}], msg_iovlen=1, msg_controllen=0, msg_flags=0}, 0) = 164
2023-07-22T17:55:19.925985422Z 17:55:19.925864 recvmsg(8, {msg_name={sa_family=AF_NETLINK, nl_pid=0, nl_groups=00000000}, msg_namelen=12, msg_iov=[{iov_base={{len=20, type=NLMSG_DONE, flags=NLM_F_MULTI, seq=1690048519, pid=70}, 0}, iov_len=4096}], msg_iovlen=1, msg_controllen=0, msg_flags=0}, 0) = 20
2023-07-22T17:55:19.926343634Z 17:55:19.926266 socket(AF_UNIX, SOCK_STREAM|SOCK_CLOEXEC|SOCK_NONBLOCK, 0) = 8
2023-07-22T17:55:19.926410696Z 17:55:19.926324 connect(8, {sa_family=AF_UNIX, sun_path="/var/run/nscd/socket"}, 110) = -1 ENOENT (No such file or directory)
2023-07-22T17:55:19.926457927Z 17:55:19.926413 socket(AF_UNIX, SOCK_STREAM|SOCK_CLOEXEC|SOCK_NONBLOCK, 0) = 8
2023-07-22T17:55:19.926511307Z 17:55:19.926453 connect(8, {sa_family=AF_UNIX, sun_path="/var/run/nscd/socket"}, 110) = -1 ENOENT (No such file or directory)
2023-07-22T17:55:19.927364959Z 17:55:19.927316 socket(AF_INET, SOCK_DGRAM|SOCK_CLOEXEC|SOCK_NONBLOCK, IPPROTO_IP) = 8
2023-07-22T17:55:19.927453899Z 17:55:19.927371 connect(8, {sa_family=AF_INET, sin_port=htons(53), sin_addr=inet_addr("10.120.0.10")}, 16) = 0
2023-07-22T17:55:19.927769113Z 17:55:19.927480 sendto(8, "^Y\1\0\0\1\0\0\0\0\0\0\rflux-sample-0\fflux-"..., 76, MSG_NOSIGNAL, NULL, 0) = 76
2023-07-22T17:55:19.927856455Z 17:55:19.927798 recvfrom(8, "^Y\205\200\0\1\0\1\0\0\0\0\rflux-sample-0\fflux-"..., 1024, 0, {sa_family=AF_INET, sin_port=htons(53), sin_addr=inet_addr("10.120.0.10")}, [28->16]) = 150
2023-07-22T17:55:19.931252346Z broker.info[4]: start: none->join 1.38123ms
2023-07-22T17:55:25.072796932Z broker.info[4]: parent-ready: join->init 5.1414s
2023-07-22T17:55:25.073084219Z 17:55:25.072767 socketpair(AF_UNIX, SOCK_STREAM|SOCK_CLOEXEC, 0, [22, 23]) = 0
2023-07-22T17:55:25.073096220Z 17:55:25.072887 socketpair(AF_UNIX, SOCK_STREAM, 0, [24, 25]) = 0
2023-07-22T17:55:25.073102795Z 17:55:25.073026 socketpair(AF_UNIX, SOCK_STREAM, 0, [26, 27]) = 0
2023-07-22T17:55:25.073392038Z 17:55:25.073329 socketpair(AF_UNIX, SOCK_STREAM, 0, [28, 29]) = 0
2023-07-22T17:55:25.088392729Z broker.info[4]: configuration updated
2023-07-22T17:55:25.159759413Z broker.info[4]: rc1.0: running /etc/flux/rc1.d/01-sched-fluxion
2023-07-22T17:55:25.166756044Z broker.info[4]: rc1.0: running /etc/flux/rc1.d/02-cron
2023-07-22T17:55:25.180846229Z broker.info[4]: rc1.0: /etc/flux/rc1 Exited (rc=0) 0.1s
2023-07-22T17:55:25.181349630Z broker.info[4]: rc1-success: init->quorum 0.108525s
2023-07-22T17:55:42.716058332Z broker.info[4]: quorum-full: quorum->run 17.5345s
2023-07-22T17:55:43.056389721Z 17:55:43.056210 socketpair(AF_UNIX, SOCK_STREAM|SOCK_CLOEXEC, 0, [22, 23]) = 0
2023-07-22T17:55:43.056621126Z 17:55:43.056317 socketpair(AF_UNIX, SOCK_STREAM, 0, [24, 25]) = 0
2023-07-22T17:55:43.056663551Z 17:55:43.056485 socketpair(AF_UNIX, SOCK_STREAM, 0, [26, 28]) = 0
2023-07-22T17:55:43.056876985Z 17:55:43.056626 socketpair(AF_UNIX, SOCK_STREAM, 0, [58, 59]) = 0
2023-07-22T17:55:43.057034343Z 17:55:43.056936 socketpair(AF_UNIX, SOCK_STREAM, 0, [60, 61]) = 0
2023-07-22T17:55:49.545330370Z broker.info[4]: shutdown: run->cleanup 6.82911s
2023-07-22T17:55:49.546033754Z broker.info[4]: cleanup-none: cleanup->shutdown 0.597566ms
2023-07-22T17:55:49.546543971Z broker.info[4]: children-none: shutdown->finalize 0.476771ms
2023-07-22T17:55:49.546739974Z 17:55:49.546603 socketpair(AF_UNIX, SOCK_STREAM|SOCK_CLOEXEC, 0, [22, 23]) = 0
2023-07-22T17:55:49.546811420Z 17:55:49.546703 socketpair(AF_UNIX, SOCK_STREAM, 0, [24, 25]) = 0
2023-07-22T17:55:49.546980435Z 17:55:49.546872 socketpair(AF_UNIX, SOCK_STREAM, 0, [26, 28]) = 0
2023-07-22T17:55:49.547152723Z 17:55:49.547061 socketpair(AF_UNIX, SOCK_STREAM, 0, [58, 59]) = 0
2023-07-22T17:55:49.557433194Z broker.info[4]: rc3.0: running /etc/flux/rc3.d/01-sched-fluxion
2023-07-22T17:55:49.623804858Z broker.info[4]: rc3.0: /etc/flux/rc3 Exited (rc=0) 0.1s
2023-07-22T17:55:49.624173581Z broker.info[4]: rc3-success: finalize->goodbye 77.5035ms
2023-07-22T17:55:49.624875672Z broker.info[4]: goodbye: goodbye->exit 0.462178ms
2023-07-22T17:55:49.628304817Z 17:55:49.628205 +++ exited with 0 +++
2023-07-22T17:55:49.628930200Z Return value for follower worker is 0
2023-07-22T17:55:49.628944728Z The follower worker exited cleanly. Goodbye!
