2023-07-22T18:09:07.658336688Z
2023-07-22T18:09:07.658363285Z Flux username: flux
2023-07-22T18:09:07.658395721Z
2023-07-22T18:09:07.658399257Z Flux install root: /usr
2023-07-22T18:09:07.687174854Z flux user is already added.
2023-07-22T18:09:07.688804356Z flux user identifiers:
2023-07-22T18:09:07.688810597Z uid=1234(flux) gid=1234(flux) groups=1234(flux)
2023-07-22T18:09:07.688812686Z
2023-07-22T18:09:07.688815495Z As Flux prefix for flux commands: sudo -u flux -E PYTHONPATH=/opt/conda/lib/python3.10/site-packages -E PATH=/opt/conda/bin:/usr/local/sbin:/usr/local/bin:/usr/sbin:/usr/bin:/sbin:/bin -E LD_LIBRARY_PATH=/opt/conda/lib -E HOME=/home/flux
2023-07-22T18:09:07.693139153Z
2023-07-22T18:09:07.693151982Z ðŸ‘‹ Hello, I'm flux-sample-4
2023-07-22T18:09:07.693154506Z The main host is flux-sample-0
2023-07-22T18:09:07.693156822Z The working directory is /home/flux/examples/reaxff/HNS, contents include:
2023-07-22T18:09:07.694117898Z /home/flux/examples/reaxff/HNS:
2023-07-22T18:09:07.694123722Z README.txt	ffield.reax.hns  log.8Mar18.reaxc.hns.g++.1
2023-07-22T18:09:07.694126013Z data.hns-equil	in.reaxc.hns	 log.8Mar18.reaxc.hns.g++.4
2023-07-22T18:09:07.694250630Z End of file listing, if you see nothing above there are no files.
2023-07-22T18:09:07.695305724Z flux R encode --hosts=flux-sample-[0-7]
2023-07-22T18:09:07.704337985Z
2023-07-22T18:09:07.704353690Z ðŸ“¦ Resources
2023-07-22T18:09:07.705058143Z {"version": 1, "execution": {"R_lite": [{"rank": "0-7", "children": {"core": "0-3"}}], "starttime": 0.0, "expiration": 0.0, "nodelist": ["flux-sample-[0-7]"]}}
2023-07-22T18:09:07.705158177Z
2023-07-22T18:09:07.705170887Z ðŸ¸ Diagnostics: false
2023-07-22T18:09:07.705233435Z ðŸš©ï¸ Flux Option Flags defined
2023-07-22T18:09:07.707219034Z
2023-07-22T18:09:07.707224322Z ðŸ¦Š Independent Minister of Privilege
2023-07-22T18:09:07.707896468Z [exec]
2023-07-22T18:09:07.707902648Z allowed-users = [ "flux", "root" ]
2023-07-22T18:09:07.707905353Z allowed-shells = [ "/usr/libexec/flux/flux-shell" ]
2023-07-22T18:09:07.707978211Z
2023-07-22T18:09:07.707982510Z ðŸ¸ Broker Configuration
2023-07-22T18:09:07.708660645Z # Flux needs to know the path to the IMP executable
2023-07-22T18:09:07.708666049Z [exec]
2023-07-22T18:09:07.708668165Z imp = "/usr/libexec/flux/flux-imp"
2023-07-22T18:09:07.708670031Z
2023-07-22T18:09:07.708672126Z [access]
2023-07-22T18:09:07.708674606Z allow-guest-user = true
2023-07-22T18:09:07.708676932Z allow-root-owner = true
2023-07-22T18:09:07.708678765Z
2023-07-22T18:09:07.708680636Z # Point to resource definition generated with flux-R(1).
2023-07-22T18:09:07.708682687Z [resource]
2023-07-22T18:09:07.708684861Z path = "/etc/flux/system/R"
2023-07-22T18:09:07.708686608Z
2023-07-22T18:09:07.708688428Z [bootstrap]
2023-07-22T18:09:07.708690415Z curve_cert = "/etc/curve/curve.cert"
2023-07-22T18:09:07.708692305Z default_port = 8050
2023-07-22T18:09:07.708694246Z default_bind = "tcp://eth0:%p"
2023-07-22T18:09:07.708696391Z default_connect = "tcp://%h.flux-service.flux-operator.svc.cluster.local:%p"
2023-07-22T18:09:07.708698476Z hosts = [
2023-07-22T18:09:07.708700275Z 	{ host="flux-sample-[0-7]"},
2023-07-22T18:09:07.708702148Z ]
2023-07-22T18:09:07.708704101Z [archive]
2023-07-22T18:09:07.708706283Z dbpath = "/var/lib/flux/job-archive.sqlite"
2023-07-22T18:09:07.708708375Z period = "1m"
2023-07-22T18:09:07.754457271Z busytimeout = "50s"
2023-07-22T18:09:07.754467416Z ðŸ§Šï¸ State Directory:
2023-07-22T18:09:07.754469866Z total 0
2023-07-22T18:09:07.754472015Z
2023-07-22T18:09:07.755888556Z
2023-07-22T18:09:07.755901203Z ðŸ”’ï¸ Working directory permissions:
2023-07-22T18:09:07.755903516Z total 96
2023-07-22T18:09:07.755906606Z -rwxrwxrwx 1 flux root  2517 May 17 22:32 README.txt
2023-07-22T18:09:07.755908820Z -rwxrwxrwx 1 flux root 54692 May 17 22:32 data.hns-equil
2023-07-22T18:09:07.755910912Z -rwxrwxrwx 1 flux root 13576 May 17 22:32 ffield.reax.hns
2023-07-22T18:09:07.755912863Z -rwxrwxrwx 1 flux root   870 May 17 22:32 in.reaxc.hns
2023-07-22T18:09:07.755915707Z -rwxrwxrwx 1 flux root  4172 May 17 22:32 log.8Mar18.reaxc.hns.g++.1
2023-07-22T18:09:07.755917808Z -rwxrwxrwx 1 flux root  4168 May 17 22:32 log.8Mar18.reaxc.hns.g++.4
2023-07-22T18:09:07.755919562Z
2023-07-22T18:09:07.755942396Z
2023-07-22T18:09:07.755945838Z âœ¨ Curve certificate generated by helper pod
2023-07-22T18:09:07.756617915Z #   ****  Generated on 2023-04-26 22:54:42 by CZMQ  ****
2023-07-22T18:09:07.756635197Z #   ZeroMQ CURVE **Secret** Certificate
2023-07-22T18:09:07.756639450Z #   DO NOT PROVIDE THIS FILE TO OTHER USERS nor change its permissions.
2023-07-22T18:09:07.756641695Z
2023-07-22T18:09:07.756643689Z metadata
2023-07-22T18:09:07.756646624Z     name = "flux-cert-generator"
2023-07-22T18:09:07.756648731Z     keygen.hostname = "flux-sample-0"
2023-07-22T18:09:07.756650764Z curve
2023-07-22T18:09:07.756652743Z     public-key = "&hoPK(AV-X.l{]075gcjcQ36?hA(osL%o3Iv=//$"
2023-07-22T18:09:07.756654723Z     secret-key = "BpDfsa:J2%CkAt+PQE.7il=:ah4TSH[qu=gDI!kW"
2023-07-22T18:09:07.757785205Z
2023-07-22T18:09:07.757843039Z ðŸŒ€  flux start --wrap=strace,-e,network,-tt -o --config /etc/flux/config -Scron.directory=/etc/flux/system/cron.d   -Stbon.fanout=256   -Srundir=/run/flux    -Sstatedir=/var/lib/flux   -Slocal-uri=local:///run/flux/local -Stbon.connect_timeout=5s  -Stbon.zmqdebug=1  -Slog-stderr-level=6    -Slog-stderr-mode=local
2023-07-22T18:09:07.782276141Z 18:09:07.782166 socket(AF_NETLINK, SOCK_RAW, NETLINK_ROUTE) = 8
2023-07-22T18:09:07.782364429Z 18:09:07.782257 bind(8, {sa_family=AF_NETLINK, nl_pid=0, nl_groups=00000000}, 12) = 0
2023-07-22T18:09:07.782424936Z 18:09:07.782314 getsockname(8, {sa_family=AF_NETLINK, nl_pid=70, nl_groups=00000000}, [12]) = 0
2023-07-22T18:09:07.782542934Z 18:09:07.782382 sendto(8, {{len=20, type=RTM_GETADDR, flags=NLM_F_REQUEST|NLM_F_DUMP, seq=1690049347, pid=0}, {ifa_family=AF_UNSPEC, ...}}, 20, 0, {sa_family=AF_NETLINK, nl_pid=0, nl_groups=00000000}, 12) = 20
2023-07-22T18:09:07.782724763Z 18:09:07.782522 recvmsg(8, {msg_name={sa_family=AF_NETLINK, nl_pid=0, nl_groups=00000000}, msg_namelen=12, msg_iov=[{iov_base=[{{len=76, type=RTM_NEWADDR, flags=NLM_F_MULTI, seq=1690049347, pid=70}, {ifa_family=AF_INET, ifa_prefixlen=8, ifa_flags=IFA_F_PERMANENT, ifa_scope=RT_SCOPE_HOST, ifa_index=if_nametoindex("lo")}, [{{nla_len=8, nla_type=IFA_ADDRESS}, 127.0.0.1}, {{nla_len=8, nla_type=IFA_LOCAL}, 127.0.0.1}, {{nla_len=7, nla_type=IFA_LABEL}, "lo"}, {{nla_len=8, nla_type=IFA_FLAGS}, IFA_F_PERMANENT}, {{nla_len=20, nla_type=IFA_CACHEINFO}, {ifa_prefered=4294967295, ifa_valid=4294967295, cstamp=167779, tstamp=167779}}]}, {{len=88, type=RTM_NEWADDR, flags=NLM_F_MULTI, seq=1690049347, pid=70}, {ifa_family=AF_INET, ifa_prefixlen=24, ifa_flags=IFA_F_PERMANENT, ifa_scope=RT_SCOPE_UNIVERSE, ifa_index=if_nametoindex("eth0")}, [{{nla_len=8, nla_type=IFA_ADDRESS}, 10.116.4.42}, {{nla_len=8, nla_type=IFA_LOCAL}, 10.116.4.42}, {{nla_len=8, nla_type=IFA_BROADCAST}, 10.116.4.255}, {{nla_len=9, nla_type=IFA_LABEL}, "eth0"}, {{nla_len=8, nla_type=IFA_FLAGS}, IFA_F_PERMANENT}, {{nla_len=20, nla_type=IFA_CACHEINFO}, {ifa_prefered=4294967295, ifa_valid=4294967295, cstamp=167780, tstamp=167780}}]}], iov_len=4096}], msg_iovlen=1, msg_controllen=0, msg_flags=0}, 0) = 164
2023-07-22T18:09:07.782787304Z 18:09:07.782710 recvmsg(8, {msg_name={sa_family=AF_NETLINK, nl_pid=0, nl_groups=00000000}, msg_namelen=12, msg_iov=[{iov_base={{len=20, type=NLMSG_DONE, flags=NLM_F_MULTI, seq=1690049347, pid=70}, 0}, iov_len=4096}], msg_iovlen=1, msg_controllen=0, msg_flags=0}, 0) = 20
2023-07-22T18:09:07.783143081Z 18:09:07.783087 socket(AF_UNIX, SOCK_STREAM|SOCK_CLOEXEC|SOCK_NONBLOCK, 0) = 8
2023-07-22T18:09:07.783205528Z 18:09:07.783128 connect(8, {sa_family=AF_UNIX, sun_path="/var/run/nscd/socket"}, 110) = -1 ENOENT (No such file or directory)
2023-07-22T18:09:07.783304593Z 18:09:07.783226 socket(AF_UNIX, SOCK_STREAM|SOCK_CLOEXEC|SOCK_NONBLOCK, 0) = 8
2023-07-22T18:09:07.783349218Z 18:09:07.783262 connect(8, {sa_family=AF_UNIX, sun_path="/var/run/nscd/socket"}, 110) = -1 ENOENT (No such file or directory)
2023-07-22T18:09:07.784251576Z 18:09:07.784173 socket(AF_INET, SOCK_DGRAM|SOCK_CLOEXEC|SOCK_NONBLOCK, IPPROTO_IP) = 8
2023-07-22T18:09:07.784339158Z 18:09:07.784247 connect(8, {sa_family=AF_INET, sin_port=htons(53), sin_addr=inet_addr("10.120.0.10")}, 16) = 0
2023-07-22T18:09:07.784457770Z 18:09:07.784326 sendto(8, "\246T\1\0\0\1\0\0\0\0\0\0\rflux-sample-0\fflux-"..., 76, MSG_NOSIGNAL, NULL, 0) = 76
2023-07-22T18:09:07.784775130Z 18:09:07.784655 recvfrom(8, "\246T\205\200\0\1\0\1\0\0\0\0\rflux-sample-0\fflux-"..., 1024, 0, {sa_family=AF_INET, sin_port=htons(53), sin_addr=inet_addr("10.120.0.10")}, [28->16]) = 150
2023-07-22T18:09:07.788116866Z broker.info[4]: start: none->join 1.31744ms
2023-07-22T18:09:18.145791725Z broker.info[4]: parent-ready: join->init 10.3575s
2023-07-22T18:09:18.146077362Z 18:09:18.145803 socketpair(AF_UNIX, SOCK_STREAM|SOCK_CLOEXEC, 0, [22, 23]) = 0
2023-07-22T18:09:18.146091211Z 18:09:18.145903 socketpair(AF_UNIX, SOCK_STREAM, 0, [24, 25]) = 0
2023-07-22T18:09:18.146248861Z 18:09:18.146030 socketpair(AF_UNIX, SOCK_STREAM, 0, [26, 27]) = 0
2023-07-22T18:09:18.146400773Z 18:09:18.146191 socketpair(AF_UNIX, SOCK_STREAM, 0, [28, 29]) = 0
2023-07-22T18:09:18.160831997Z broker.info[4]: configuration updated
2023-07-22T18:09:18.226663741Z broker.info[4]: rc1.0: running /etc/flux/rc1.d/01-sched-fluxion
2023-07-22T18:09:18.233109186Z broker.info[4]: rc1.0: running /etc/flux/rc1.d/02-cron
2023-07-22T18:09:18.246275904Z broker.info[4]: rc1.0: /etc/flux/rc1 Exited (rc=0) 0.1s
2023-07-22T18:09:18.246766733Z broker.info[4]: rc1-success: init->quorum 0.100863s
2023-07-22T18:09:30.510546680Z broker.info[4]: quorum-full: quorum->run 12.2636s
2023-07-22T18:09:30.850071520Z 18:09:30.849873 socketpair(AF_UNIX, SOCK_STREAM|SOCK_CLOEXEC, 0, [22, 23]) = 0
2023-07-22T18:09:30.850116305Z 18:09:30.849977 socketpair(AF_UNIX, SOCK_STREAM, 0, [24, 25]) = 0
2023-07-22T18:09:30.850352882Z 18:09:30.850135 socketpair(AF_UNIX, SOCK_STREAM, 0, [26, 28]) = 0
2023-07-22T18:09:30.850376587Z 18:09:30.850250 socketpair(AF_UNIX, SOCK_STREAM, 0, [58, 59]) = 0
2023-07-22T18:09:30.850435090Z 18:09:30.850381 socketpair(AF_UNIX, SOCK_STREAM, 0, [60, 61]) = 0
2023-07-22T18:09:36.229982106Z broker.info[4]: shutdown: run->cleanup 5.71925s
2023-07-22T18:09:36.230687231Z broker.info[4]: cleanup-none: cleanup->shutdown 0.559171ms
2023-07-22T18:09:36.231240347Z broker.info[4]: children-none: shutdown->finalize 0.502449ms
2023-07-22T18:09:36.231522238Z 18:09:36.231402 socketpair(AF_UNIX, SOCK_STREAM|SOCK_CLOEXEC, 0, [22, 23]) = 0
2023-07-22T18:09:36.231619919Z 18:09:36.231512 socketpair(AF_UNIX, SOCK_STREAM, 0, [24, 25]) = 0
2023-07-22T18:09:36.231771977Z 18:09:36.231675 socketpair(AF_UNIX, SOCK_STREAM, 0, [26, 28]) = 0
2023-07-22T18:09:36.231881536Z 18:09:36.231821 socketpair(AF_UNIX, SOCK_STREAM, 0, [58, 59]) = 0
2023-07-22T18:09:36.242105340Z broker.info[4]: rc3.0: running /etc/flux/rc3.d/01-sched-fluxion
2023-07-22T18:09:36.304580229Z broker.info[4]: rc3.0: /etc/flux/rc3 Exited (rc=0) 0.1s
2023-07-22T18:09:36.304864423Z broker.info[4]: rc3-success: finalize->goodbye 73.3928ms
2023-07-22T18:09:36.305435084Z broker.info[4]: goodbye: goodbye->exit 0.48371ms
2023-07-22T18:09:36.308807023Z 18:09:36.308718 +++ exited with 0 +++
2023-07-22T18:09:36.309510988Z Return value for follower worker is 0
2023-07-22T18:09:36.309522576Z The follower worker exited cleanly. Goodbye!
