2023-07-22T18:06:23.531166402Z
2023-07-22T18:06:23.531181982Z Flux username: flux
2023-07-22T18:06:23.531187738Z
2023-07-22T18:06:23.531190075Z Flux install root: /usr
2023-07-22T18:06:23.559691627Z flux user is already added.
2023-07-22T18:06:23.561313788Z flux user identifiers:
2023-07-22T18:06:23.561325968Z uid=1234(flux) gid=1234(flux) groups=1234(flux)
2023-07-22T18:06:23.561328361Z
2023-07-22T18:06:23.561330897Z As Flux prefix for flux commands: sudo -u flux -E PYTHONPATH=/opt/conda/lib/python3.10/site-packages -E PATH=/opt/conda/bin:/usr/local/sbin:/usr/local/bin:/usr/sbin:/usr/bin:/sbin:/bin -E LD_LIBRARY_PATH=/opt/conda/lib -E HOME=/home/flux
2023-07-22T18:06:23.565664044Z
2023-07-22T18:06:23.565678342Z ðŸ‘‹ Hello, I'm flux-sample-7
2023-07-22T18:06:23.565680823Z The main host is flux-sample-0
2023-07-22T18:06:23.565683384Z The working directory is /home/flux/examples/reaxff/HNS, contents include:
2023-07-22T18:06:23.566621120Z /home/flux/examples/reaxff/HNS:
2023-07-22T18:06:23.566631855Z README.txt	ffield.reax.hns  log.8Mar18.reaxc.hns.g++.1
2023-07-22T18:06:23.566634875Z data.hns-equil	in.reaxc.hns	 log.8Mar18.reaxc.hns.g++.4
2023-07-22T18:06:23.566753781Z End of file listing, if you see nothing above there are no files.
2023-07-22T18:06:23.567700183Z flux R encode --hosts=flux-sample-[0-7]
2023-07-22T18:06:23.576850737Z
2023-07-22T18:06:23.576861944Z ðŸ“¦ Resources
2023-07-22T18:06:23.577588077Z {"version": 1, "execution": {"R_lite": [{"rank": "0-7", "children": {"core": "0-3"}}], "starttime": 0.0, "expiration": 0.0, "nodelist": ["flux-sample-[0-7]"]}}
2023-07-22T18:06:23.577708097Z
2023-07-22T18:06:23.577712698Z ðŸ¸ Diagnostics: false
2023-07-22T18:06:23.577777018Z ðŸš©ï¸ Flux Option Flags defined
2023-07-22T18:06:23.579883730Z
2023-07-22T18:06:23.579893500Z ðŸ¦Š Independent Minister of Privilege
2023-07-22T18:06:23.580562341Z [exec]
2023-07-22T18:06:23.580567124Z allowed-users = [ "flux", "root" ]
2023-07-22T18:06:23.580569580Z allowed-shells = [ "/usr/libexec/flux/flux-shell" ]
2023-07-22T18:06:23.580663860Z
2023-07-22T18:06:23.580675673Z ðŸ¸ Broker Configuration
2023-07-22T18:06:23.581326507Z # Flux needs to know the path to the IMP executable
2023-07-22T18:06:23.581330915Z [exec]
2023-07-22T18:06:23.581333713Z imp = "/usr/libexec/flux/flux-imp"
2023-07-22T18:06:23.581335556Z
2023-07-22T18:06:23.581337555Z [access]
2023-07-22T18:06:23.581339812Z allow-guest-user = true
2023-07-22T18:06:23.581341990Z allow-root-owner = true
2023-07-22T18:06:23.581343996Z
2023-07-22T18:06:23.581346026Z # Point to resource definition generated with flux-R(1).
2023-07-22T18:06:23.581348138Z [resource]
2023-07-22T18:06:23.581350376Z path = "/etc/flux/system/R"
2023-07-22T18:06:23.581352078Z
2023-07-22T18:06:23.581353990Z [bootstrap]
2023-07-22T18:06:23.581355905Z curve_cert = "/etc/curve/curve.cert"
2023-07-22T18:06:23.581357761Z default_port = 8050
2023-07-22T18:06:23.581359770Z default_bind = "tcp://eth0:%p"
2023-07-22T18:06:23.581362082Z default_connect = "tcp://%h.flux-service.flux-operator.svc.cluster.local:%p"
2023-07-22T18:06:23.581363980Z hosts = [
2023-07-22T18:06:23.581365932Z 	{ host="flux-sample-[0-7]"},
2023-07-22T18:06:23.581367730Z ]
2023-07-22T18:06:23.581369623Z [archive]
2023-07-22T18:06:23.581371550Z dbpath = "/var/lib/flux/job-archive.sqlite"
2023-07-22T18:06:23.581373422Z period = "1m"
2023-07-22T18:06:23.627701729Z busytimeout = "50s"
2023-07-22T18:06:23.627718660Z ðŸ§Šï¸ State Directory:
2023-07-22T18:06:23.627721169Z total 0
2023-07-22T18:06:23.627723152Z
2023-07-22T18:06:23.629214868Z
2023-07-22T18:06:23.629228631Z ðŸ”’ï¸ Working directory permissions:
2023-07-22T18:06:23.629230897Z total 96
2023-07-22T18:06:23.629233436Z -rwxrwxrwx 1 flux root  2517 May 17 22:32 README.txt
2023-07-22T18:06:23.629235410Z -rwxrwxrwx 1 flux root 54692 May 17 22:32 data.hns-equil
2023-07-22T18:06:23.629237904Z -rwxrwxrwx 1 flux root 13576 May 17 22:32 ffield.reax.hns
2023-07-22T18:06:23.629240005Z -rwxrwxrwx 1 flux root   870 May 17 22:32 in.reaxc.hns
2023-07-22T18:06:23.629242417Z -rwxrwxrwx 1 flux root  4172 May 17 22:32 log.8Mar18.reaxc.hns.g++.1
2023-07-22T18:06:23.629244393Z -rwxrwxrwx 1 flux root  4168 May 17 22:32 log.8Mar18.reaxc.hns.g++.4
2023-07-22T18:06:23.629246228Z
2023-07-22T18:06:23.629255988Z
2023-07-22T18:06:23.629258184Z âœ¨ Curve certificate generated by helper pod
2023-07-22T18:06:23.629990397Z #   ****  Generated on 2023-04-26 22:54:42 by CZMQ  ****
2023-07-22T18:06:23.630065581Z #   ZeroMQ CURVE **Secret** Certificate
2023-07-22T18:06:23.630070392Z #   DO NOT PROVIDE THIS FILE TO OTHER USERS nor change its permissions.
2023-07-22T18:06:23.630072669Z
2023-07-22T18:06:23.630074803Z metadata
2023-07-22T18:06:23.630077380Z     name = "flux-cert-generator"
2023-07-22T18:06:23.630079408Z     keygen.hostname = "flux-sample-0"
2023-07-22T18:06:23.630081396Z curve
2023-07-22T18:06:23.630083645Z     public-key = "OAAZ^dwbW}9-Gwy*z]K&/pvfv@c3{6>n<I?SW-uU"
2023-07-22T18:06:23.630085621Z     secret-key = "1I*DM8Xf{rr3[<F=ll}iXMW$#RRuau6CKT#v<DI}"
2023-07-22T18:06:23.631142290Z
2023-07-22T18:06:23.631146950Z ðŸŒ€  flux start --wrap=strace,-e,network,-tt -o --config /etc/flux/config -Scron.directory=/etc/flux/system/cron.d   -Stbon.fanout=256   -Srundir=/run/flux    -Sstatedir=/var/lib/flux   -Slocal-uri=local:///run/flux/local -Stbon.connect_timeout=5s  -Stbon.zmqdebug=1  -Slog-stderr-level=6    -Slog-stderr-mode=local
2023-07-22T18:06:23.656372309Z 18:06:23.656208 socket(AF_NETLINK, SOCK_RAW, NETLINK_ROUTE) = 8
2023-07-22T18:06:23.656399104Z 18:06:23.656298 bind(8, {sa_family=AF_NETLINK, nl_pid=0, nl_groups=00000000}, 12) = 0
2023-07-22T18:06:23.656474202Z 18:06:23.656356 getsockname(8, {sa_family=AF_NETLINK, nl_pid=70, nl_groups=00000000}, [12]) = 0
2023-07-22T18:06:23.656623110Z 18:06:23.656436 sendto(8, {{len=20, type=RTM_GETADDR, flags=NLM_F_REQUEST|NLM_F_DUMP, seq=1690049183, pid=0}, {ifa_family=AF_UNSPEC, ...}}, 20, 0, {sa_family=AF_NETLINK, nl_pid=0, nl_groups=00000000}, 12) = 20
2023-07-22T18:06:23.656782032Z 18:06:23.656619 recvmsg(8, {msg_name={sa_family=AF_NETLINK, nl_pid=0, nl_groups=00000000}, msg_namelen=12, msg_iov=[{iov_base=[{{len=76, type=RTM_NEWADDR, flags=NLM_F_MULTI, seq=1690049183, pid=70}, {ifa_family=AF_INET, ifa_prefixlen=8, ifa_flags=IFA_F_PERMANENT, ifa_scope=RT_SCOPE_HOST, ifa_index=if_nametoindex("lo")}, [{{nla_len=8, nla_type=IFA_ADDRESS}, 127.0.0.1}, {{nla_len=8, nla_type=IFA_LOCAL}, 127.0.0.1}, {{nla_len=7, nla_type=IFA_LABEL}, "lo"}, {{nla_len=8, nla_type=IFA_FLAGS}, IFA_F_PERMANENT}, {{nla_len=20, nla_type=IFA_CACHEINFO}, {ifa_prefered=4294967295, ifa_valid=4294967295, cstamp=151375, tstamp=151375}}]}, {{len=88, type=RTM_NEWADDR, flags=NLM_F_MULTI, seq=1690049183, pid=70}, {ifa_family=AF_INET, ifa_prefixlen=24, ifa_flags=IFA_F_PERMANENT, ifa_scope=RT_SCOPE_UNIVERSE, ifa_index=if_nametoindex("eth0")}, [{{nla_len=8, nla_type=IFA_ADDRESS}, 10.116.6.41}, {{nla_len=8, nla_type=IFA_LOCAL}, 10.116.6.41}, {{nla_len=8, nla_type=IFA_BROADCAST}, 10.116.6.255}, {{nla_len=9, nla_type=IFA_LABEL}, "eth0"}, {{nla_len=8, nla_type=IFA_FLAGS}, IFA_F_PERMANENT}, {{nla_len=20, nla_type=IFA_CACHEINFO}, {ifa_prefered=4294967295, ifa_valid=4294967295, cstamp=151376, tstamp=151376}}]}], iov_len=4096}], msg_iovlen=1, msg_controllen=0, msg_flags=0}, 0) = 164
2023-07-22T18:06:23.656829380Z 18:06:23.656760 recvmsg(8, {msg_name={sa_family=AF_NETLINK, nl_pid=0, nl_groups=00000000}, msg_namelen=12, msg_iov=[{iov_base={{len=20, type=NLMSG_DONE, flags=NLM_F_MULTI, seq=1690049183, pid=70}, 0}, iov_len=4096}], msg_iovlen=1, msg_controllen=0, msg_flags=0}, 0) = 20
2023-07-22T18:06:23.657212736Z 18:06:23.657156 socket(AF_UNIX, SOCK_STREAM|SOCK_CLOEXEC|SOCK_NONBLOCK, 0) = 8
2023-07-22T18:06:23.657321271Z 18:06:23.657230 connect(8, {sa_family=AF_UNIX, sun_path="/var/run/nscd/socket"}, 110) = -1 ENOENT (No such file or directory)
2023-07-22T18:06:23.657391504Z 18:06:23.657321 socket(AF_UNIX, SOCK_STREAM|SOCK_CLOEXEC|SOCK_NONBLOCK, 0) = 8
2023-07-22T18:06:23.657490399Z 18:06:23.657403 connect(8, {sa_family=AF_UNIX, sun_path="/var/run/nscd/socket"}, 110) = -1 ENOENT (No such file or directory)
2023-07-22T18:06:23.658367002Z 18:06:23.658313 socket(AF_INET, SOCK_DGRAM|SOCK_CLOEXEC|SOCK_NONBLOCK, IPPROTO_IP) = 8
2023-07-22T18:06:23.658441149Z 18:06:23.658369 connect(8, {sa_family=AF_INET, sin_port=htons(53), sin_addr=inet_addr("10.120.0.10")}, 16) = 0
2023-07-22T18:06:23.658764483Z 18:06:23.658435 sendto(8, "\232\230\1\0\0\1\0\0\0\0\0\0\rflux-sample-0\fflux-"..., 76, MSG_NOSIGNAL, NULL, 0) = 76
2023-07-22T18:06:23.658963361Z 18:06:23.658811 recvfrom(8, "\232\230\205\200\0\1\0\1\0\0\0\0\rflux-sample-0\fflux-"..., 1024, 0, {sa_family=AF_INET, sin_port=htons(53), sin_addr=inet_addr("10.120.0.10")}, [28->16]) = 150
2023-07-22T18:06:23.662201231Z broker.info[7]: start: none->join 1.32664ms
2023-07-22T18:06:28.807319359Z broker.info[7]: parent-ready: join->init 5.14495s
2023-07-22T18:06:28.807430339Z 18:06:28.807259 socketpair(AF_UNIX, SOCK_STREAM|SOCK_CLOEXEC, 0, [22, 23]) = 0
2023-07-22T18:06:28.807472786Z 18:06:28.807363 socketpair(AF_UNIX, SOCK_STREAM, 0, [24, 25]) = 0
2023-07-22T18:06:28.807586986Z 18:06:28.807528 socketpair(AF_UNIX, SOCK_STREAM, 0, [26, 27]) = 0
2023-07-22T18:06:28.807734793Z 18:06:28.807624 socketpair(AF_UNIX, SOCK_STREAM, 0, [28, 29]) = 0
2023-07-22T18:06:28.822744770Z broker.info[7]: configuration updated
2023-07-22T18:06:28.890027804Z broker.info[7]: rc1.0: running /etc/flux/rc1.d/01-sched-fluxion
2023-07-22T18:06:28.896463200Z broker.info[7]: rc1.0: running /etc/flux/rc1.d/02-cron
2023-07-22T18:06:28.909757429Z broker.info[7]: rc1.0: /etc/flux/rc1 Exited (rc=0) 0.1s
2023-07-22T18:06:28.910192973Z broker.info[7]: rc1-success: init->quorum 0.102862s
2023-07-22T18:06:44.515713172Z broker.info[7]: quorum-full: quorum->run 15.6052s
2023-07-22T18:06:44.858224761Z 18:06:44.858061 socketpair(AF_UNIX, SOCK_STREAM|SOCK_CLOEXEC, 0, [22, 23]) = 0
2023-07-22T18:06:44.858270934Z 18:06:44.858171 socketpair(AF_UNIX, SOCK_STREAM, 0, [24, 25]) = 0
2023-07-22T18:06:44.858392409Z 18:06:44.858313 socketpair(AF_UNIX, SOCK_STREAM, 0, [26, 28]) = 0
2023-07-22T18:06:44.858474366Z 18:06:44.858422 socketpair(AF_UNIX, SOCK_STREAM, 0, [58, 59]) = 0
2023-07-22T18:06:44.858554371Z 18:06:44.858496 socketpair(AF_UNIX, SOCK_STREAM, 0, [60, 61]) = 0
2023-07-22T18:06:50.826873890Z broker.info[7]: shutdown: run->cleanup 6.31103s
2023-07-22T18:06:50.827574561Z broker.info[7]: cleanup-none: cleanup->shutdown 0.586824ms
2023-07-22T18:06:50.828168541Z broker.info[7]: children-none: shutdown->finalize 0.525466ms
2023-07-22T18:06:50.828357888Z 18:06:50.828243 socketpair(AF_UNIX, SOCK_STREAM|SOCK_CLOEXEC, 0, [22, 23]) = 0
2023-07-22T18:06:50.828457810Z 18:06:50.828348 socketpair(AF_UNIX, SOCK_STREAM, 0, [24, 25]) = 0
2023-07-22T18:06:50.828623080Z 18:06:50.828542 socketpair(AF_UNIX, SOCK_STREAM, 0, [26, 28]) = 0
2023-07-22T18:06:50.828775089Z 18:06:50.828696 socketpair(AF_UNIX, SOCK_STREAM, 0, [58, 59]) = 0
2023-07-22T18:06:50.839293313Z broker.info[7]: rc3.0: running /etc/flux/rc3.d/01-sched-fluxion
2023-07-22T18:06:50.901479922Z broker.info[7]: rc3.0: /etc/flux/rc3 Exited (rc=0) 0.1s
2023-07-22T18:06:50.901737437Z broker.info[7]: rc3-success: finalize->goodbye 73.4111ms
2023-07-22T18:06:50.902316769Z broker.info[7]: goodbye: goodbye->exit 0.503218ms
2023-07-22T18:06:50.905652680Z 18:06:50.905568 +++ exited with 0 +++
2023-07-22T18:06:50.906284686Z Return value for follower worker is 0
2023-07-22T18:06:50.906293073Z The follower worker exited cleanly. Goodbye!
