2023-07-22T18:05:49.235280689Z
2023-07-22T18:05:49.235297808Z Flux username: flux
2023-07-22T18:05:49.235303743Z
2023-07-22T18:05:49.235305969Z Flux install root: /usr
2023-07-22T18:05:49.265288133Z flux user is already added.
2023-07-22T18:05:49.267486690Z flux user identifiers:
2023-07-22T18:05:49.267504878Z uid=1234(flux) gid=1234(flux) groups=1234(flux)
2023-07-22T18:05:49.267507367Z
2023-07-22T18:05:49.267510095Z As Flux prefix for flux commands: sudo -u flux -E PYTHONPATH=/opt/conda/lib/python3.10/site-packages -E PATH=/opt/conda/bin:/usr/local/sbin:/usr/local/bin:/usr/sbin:/usr/bin:/sbin:/bin -E LD_LIBRARY_PATH=/opt/conda/lib -E HOME=/home/flux
2023-07-22T18:05:49.275314041Z
2023-07-22T18:05:49.275330219Z ðŸ‘‹ Hello, I'm flux-sample-7
2023-07-22T18:05:49.275332786Z The main host is flux-sample-0
2023-07-22T18:05:49.275335062Z The working directory is /home/flux/examples/reaxff/HNS, contents include:
2023-07-22T18:05:49.275337216Z /home/flux/examples/reaxff/HNS:
2023-07-22T18:05:49.275339382Z README.txt	ffield.reax.hns  log.8Mar18.reaxc.hns.g++.1
2023-07-22T18:05:49.275341322Z data.hns-equil	in.reaxc.hns	 log.8Mar18.reaxc.hns.g++.4
2023-07-22T18:05:49.275343387Z End of file listing, if you see nothing above there are no files.
2023-07-22T18:05:49.275345369Z flux R encode --hosts=flux-sample-[0-7]
2023-07-22T18:05:49.286638309Z
2023-07-22T18:05:49.286656521Z ðŸ“¦ Resources
2023-07-22T18:05:49.287396770Z {"version": 1, "execution": {"R_lite": [{"rank": "0-7", "children": {"core": "0-3"}}], "starttime": 0.0, "expiration": 0.0, "nodelist": ["flux-sample-[0-7]"]}}
2023-07-22T18:05:49.287512099Z
2023-07-22T18:05:49.287516662Z ðŸ¸ Diagnostics: false
2023-07-22T18:05:49.287581216Z ðŸš©ï¸ Flux Option Flags defined
2023-07-22T18:05:49.289629248Z
2023-07-22T18:05:49.289634914Z ðŸ¦Š Independent Minister of Privilege
2023-07-22T18:05:49.290335116Z [exec]
2023-07-22T18:05:49.290340124Z allowed-users = [ "flux", "root" ]
2023-07-22T18:05:49.290342837Z allowed-shells = [ "/usr/libexec/flux/flux-shell" ]
2023-07-22T18:05:49.290411017Z
2023-07-22T18:05:49.290414857Z ðŸ¸ Broker Configuration
2023-07-22T18:05:49.291085294Z # Flux needs to know the path to the IMP executable
2023-07-22T18:05:49.291100019Z [exec]
2023-07-22T18:05:49.291102769Z imp = "/usr/libexec/flux/flux-imp"
2023-07-22T18:05:49.291104616Z
2023-07-22T18:05:49.291106606Z [access]
2023-07-22T18:05:49.291109404Z allow-guest-user = true
2023-07-22T18:05:49.291111523Z allow-root-owner = true
2023-07-22T18:05:49.291113352Z
2023-07-22T18:05:49.291115250Z # Point to resource definition generated with flux-R(1).
2023-07-22T18:05:49.291117379Z [resource]
2023-07-22T18:05:49.291119698Z path = "/etc/flux/system/R"
2023-07-22T18:05:49.291121499Z
2023-07-22T18:05:49.291123332Z [bootstrap]
2023-07-22T18:05:49.291125385Z curve_cert = "/etc/curve/curve.cert"
2023-07-22T18:05:49.291127398Z default_port = 8050
2023-07-22T18:05:49.291129293Z default_bind = "tcp://eth0:%p"
2023-07-22T18:05:49.291131482Z default_connect = "tcp://%h.flux-service.flux-operator.svc.cluster.local:%p"
2023-07-22T18:05:49.291136085Z hosts = [
2023-07-22T18:05:49.291137954Z 	{ host="flux-sample-[0-7]"},
2023-07-22T18:05:49.291139864Z ]
2023-07-22T18:05:49.291141736Z [archive]
2023-07-22T18:05:49.291143751Z dbpath = "/var/lib/flux/job-archive.sqlite"
2023-07-22T18:05:49.291145756Z period = "1m"
2023-07-22T18:05:49.336463268Z busytimeout = "50s"
2023-07-22T18:05:49.336477918Z ðŸ§Šï¸ State Directory:
2023-07-22T18:05:49.336480638Z total 0
2023-07-22T18:05:49.336482703Z
2023-07-22T18:05:49.337873037Z
2023-07-22T18:05:49.337885901Z ðŸ”’ï¸ Working directory permissions:
2023-07-22T18:05:49.337888254Z total 96
2023-07-22T18:05:49.337891240Z -rwxrwxrwx 1 flux root  2517 May 17 22:32 README.txt
2023-07-22T18:05:49.337893322Z -rwxrwxrwx 1 flux root 54692 May 17 22:32 data.hns-equil
2023-07-22T18:05:49.337895286Z -rwxrwxrwx 1 flux root 13576 May 17 22:32 ffield.reax.hns
2023-07-22T18:05:49.337897160Z -rwxrwxrwx 1 flux root   870 May 17 22:32 in.reaxc.hns
2023-07-22T18:05:49.337899483Z -rwxrwxrwx 1 flux root  4172 May 17 22:32 log.8Mar18.reaxc.hns.g++.1
2023-07-22T18:05:49.337901400Z -rwxrwxrwx 1 flux root  4168 May 17 22:32 log.8Mar18.reaxc.hns.g++.4
2023-07-22T18:05:49.337903188Z
2023-07-22T18:05:49.337910922Z
2023-07-22T18:05:49.337913279Z âœ¨ Curve certificate generated by helper pod
2023-07-22T18:05:49.338606913Z #   ****  Generated on 2023-04-26 22:54:42 by CZMQ  ****
2023-07-22T18:05:49.338618725Z #   ZeroMQ CURVE **Secret** Certificate
2023-07-22T18:05:49.338621451Z #   DO NOT PROVIDE THIS FILE TO OTHER USERS nor change its permissions.
2023-07-22T18:05:49.338623907Z
2023-07-22T18:05:49.338642442Z metadata
2023-07-22T18:05:49.338645250Z     name = "flux-cert-generator"
2023-07-22T18:05:49.338647204Z     keygen.hostname = "flux-sample-0"
2023-07-22T18:05:49.338649171Z curve
2023-07-22T18:05:49.338651158Z     public-key = "a--uA8l?F2-Nf=:)bi-9z%}zw7Xo>jqu<FDG>R[z"
2023-07-22T18:05:49.338653119Z     secret-key = "6Lk5nJ-!%zXUlN!HYWiQ6g{](VI#*^!d)u#vmN8]"
2023-07-22T18:05:49.339782485Z
2023-07-22T18:05:49.339796857Z ðŸŒ€  flux start --wrap=strace,-e,network,-tt -o --config /etc/flux/config -Scron.directory=/etc/flux/system/cron.d   -Stbon.fanout=256   -Srundir=/run/flux    -Sstatedir=/var/lib/flux   -Slocal-uri=local:///run/flux/local -Stbon.connect_timeout=5s  -Stbon.zmqdebug=1  -Slog-stderr-level=6    -Slog-stderr-mode=local
2023-07-22T18:05:49.365147874Z 18:05:49.365002 socket(AF_NETLINK, SOCK_RAW, NETLINK_ROUTE) = 8
2023-07-22T18:05:49.365179456Z 18:05:49.365105 bind(8, {sa_family=AF_NETLINK, nl_pid=0, nl_groups=00000000}, 12) = 0
2023-07-22T18:05:49.365222911Z 18:05:49.365153 getsockname(8, {sa_family=AF_NETLINK, nl_pid=71, nl_groups=00000000}, [12]) = 0
2023-07-22T18:05:49.365398628Z 18:05:49.365252 sendto(8, {{len=20, type=RTM_GETADDR, flags=NLM_F_REQUEST|NLM_F_DUMP, seq=1690049149, pid=0}, {ifa_family=AF_UNSPEC, ...}}, 20, 0, {sa_family=AF_NETLINK, nl_pid=0, nl_groups=00000000}, 12) = 20
2023-07-22T18:05:49.365591722Z 18:05:49.365395 recvmsg(8, {msg_name={sa_family=AF_NETLINK, nl_pid=0, nl_groups=00000000}, msg_namelen=12, msg_iov=[{iov_base=[{{len=76, type=RTM_NEWADDR, flags=NLM_F_MULTI, seq=1690049149, pid=71}, {ifa_family=AF_INET, ifa_prefixlen=8, ifa_flags=IFA_F_PERMANENT, ifa_scope=RT_SCOPE_HOST, ifa_index=if_nametoindex("lo")}, [{{nla_len=8, nla_type=IFA_ADDRESS}, 127.0.0.1}, {{nla_len=8, nla_type=IFA_LOCAL}, 127.0.0.1}, {{nla_len=7, nla_type=IFA_LABEL}, "lo"}, {{nla_len=8, nla_type=IFA_FLAGS}, IFA_F_PERMANENT}, {{nla_len=20, nla_type=IFA_CACHEINFO}, {ifa_prefered=4294967295, ifa_valid=4294967295, cstamp=147947, tstamp=147947}}]}, {{len=88, type=RTM_NEWADDR, flags=NLM_F_MULTI, seq=1690049149, pid=71}, {ifa_family=AF_INET, ifa_prefixlen=24, ifa_flags=IFA_F_PERMANENT, ifa_scope=RT_SCOPE_UNIVERSE, ifa_index=if_nametoindex("eth0")}, [{{nla_len=8, nla_type=IFA_ADDRESS}, 10.116.6.39}, {{nla_len=8, nla_type=IFA_LOCAL}, 10.116.6.39}, {{nla_len=8, nla_type=IFA_BROADCAST}, 10.116.6.255}, {{nla_len=9, nla_type=IFA_LABEL}, "eth0"}, {{nla_len=8, nla_type=IFA_FLAGS}, IFA_F_PERMANENT}, {{nla_len=20, nla_type=IFA_CACHEINFO}, {ifa_prefered=4294967295, ifa_valid=4294967295, cstamp=147948, tstamp=147948}}]}], iov_len=4096}], msg_iovlen=1, msg_controllen=0, msg_flags=0}, 0) = 164
2023-07-22T18:05:49.365631125Z 18:05:49.365575 recvmsg(8, {msg_name={sa_family=AF_NETLINK, nl_pid=0, nl_groups=00000000}, msg_namelen=12, msg_iov=[{iov_base={{len=20, type=NLMSG_DONE, flags=NLM_F_MULTI, seq=1690049149, pid=71}, 0}, iov_len=4096}], msg_iovlen=1, msg_controllen=0, msg_flags=0}, 0) = 20
2023-07-22T18:05:49.366016890Z 18:05:49.365963 socket(AF_UNIX, SOCK_STREAM|SOCK_CLOEXEC|SOCK_NONBLOCK, 0) = 8
2023-07-22T18:05:49.366094013Z 18:05:49.366005 connect(8, {sa_family=AF_UNIX, sun_path="/var/run/nscd/socket"}, 110) = -1 ENOENT (No such file or directory)
2023-07-22T18:05:49.366170639Z 18:05:49.366120 socket(AF_UNIX, SOCK_STREAM|SOCK_CLOEXEC|SOCK_NONBLOCK, 0) = 8
2023-07-22T18:05:49.366276544Z 18:05:49.366193 connect(8, {sa_family=AF_UNIX, sun_path="/var/run/nscd/socket"}, 110) = -1 ENOENT (No such file or directory)
2023-07-22T18:05:49.367187394Z 18:05:49.367122 socket(AF_INET, SOCK_DGRAM|SOCK_CLOEXEC|SOCK_NONBLOCK, IPPROTO_IP) = 8
2023-07-22T18:05:49.367232727Z 18:05:49.367171 connect(8, {sa_family=AF_INET, sin_port=htons(53), sin_addr=inet_addr("10.120.0.10")}, 16) = 0
2023-07-22T18:05:49.367381654Z 18:05:49.367253 sendto(8, "\332\262\1\0\0\1\0\0\0\0\0\0\rflux-sample-0\fflux-"..., 76, MSG_NOSIGNAL, NULL, 0) = 76
2023-07-22T18:05:49.367612949Z 18:05:49.367541 recvfrom(8, "\332\262\205\200\0\1\0\1\0\0\0\0\rflux-sample-0\fflux-"..., 1024, 0, {sa_family=AF_INET, sin_port=htons(53), sin_addr=inet_addr("10.120.0.10")}, [28->16]) = 150
2023-07-22T18:05:49.371198489Z broker.info[7]: start: none->join 1.36523ms
2023-07-22T18:05:54.563283931Z broker.info[7]: parent-ready: join->init 5.19196s
2023-07-22T18:05:54.563362526Z 18:05:54.563260 socketpair(AF_UNIX, SOCK_STREAM|SOCK_CLOEXEC, 0, [22, 23]) = 0
2023-07-22T18:05:54.563435317Z 18:05:54.563347 socketpair(AF_UNIX, SOCK_STREAM, 0, [24, 25]) = 0
2023-07-22T18:05:54.563571913Z 18:05:54.563460 socketpair(AF_UNIX, SOCK_STREAM, 0, [26, 27]) = 0
2023-07-22T18:05:54.563779224Z 18:05:54.563586 socketpair(AF_UNIX, SOCK_STREAM, 0, [28, 29]) = 0
2023-07-22T18:05:54.579378621Z broker.info[7]: configuration updated
2023-07-22T18:05:54.648314802Z broker.info[7]: rc1.0: running /etc/flux/rc1.d/01-sched-fluxion
2023-07-22T18:05:54.654883671Z broker.info[7]: rc1.0: running /etc/flux/rc1.d/02-cron
2023-07-22T18:05:54.668549422Z broker.info[7]: rc1.0: /etc/flux/rc1 Exited (rc=0) 0.1s
2023-07-22T18:05:54.669017961Z broker.info[7]: rc1-success: init->quorum 0.10568s
2023-07-22T18:06:11.672267785Z broker.info[7]: quorum-full: quorum->run 17.0031s
2023-07-22T18:06:12.011470466Z 18:06:12.011304 socketpair(AF_UNIX, SOCK_STREAM|SOCK_CLOEXEC, 0, [22, 23]) = 0
2023-07-22T18:06:12.011688465Z 18:06:12.011420 socketpair(AF_UNIX, SOCK_STREAM, 0, [24, 25]) = 0
2023-07-22T18:06:12.011700218Z 18:06:12.011564 socketpair(AF_UNIX, SOCK_STREAM, 0, [26, 28]) = 0
2023-07-22T18:06:12.011800875Z 18:06:12.011711 socketpair(AF_UNIX, SOCK_STREAM, 0, [58, 59]) = 0
2023-07-22T18:06:12.011916028Z 18:06:12.011817 socketpair(AF_UNIX, SOCK_STREAM, 0, [60, 61]) = 0
2023-07-22T18:06:18.477525796Z broker.info[7]: shutdown: run->cleanup 6.80517s
2023-07-22T18:06:18.478218967Z broker.info[7]: cleanup-none: cleanup->shutdown 0.610521ms
2023-07-22T18:06:18.478770071Z broker.info[7]: children-none: shutdown->finalize 0.48186ms
2023-07-22T18:06:18.478989997Z 18:06:18.478862 socketpair(AF_UNIX, SOCK_STREAM|SOCK_CLOEXEC, 0, [22, 23]) = 0
2023-07-22T18:06:18.479114525Z 18:06:18.479008 socketpair(AF_UNIX, SOCK_STREAM, 0, [24, 25]) = 0
2023-07-22T18:06:18.479266602Z 18:06:18.479202 socketpair(AF_UNIX, SOCK_STREAM, 0, [26, 28]) = 0
2023-07-22T18:06:18.479400735Z 18:06:18.479318 socketpair(AF_UNIX, SOCK_STREAM, 0, [58, 59]) = 0
2023-07-22T18:06:18.489846771Z broker.info[7]: rc3.0: running /etc/flux/rc3.d/01-sched-fluxion
2023-07-22T18:06:18.554885176Z broker.info[7]: rc3.0: /etc/flux/rc3 Exited (rc=0) 0.1s
2023-07-22T18:06:18.555221339Z broker.info[7]: rc3-success: finalize->goodbye 76.2683ms
2023-07-22T18:06:18.555776060Z broker.info[7]: goodbye: goodbye->exit 0.486211ms
2023-07-22T18:06:18.559199255Z 18:06:18.559112 +++ exited with 0 +++
2023-07-22T18:06:18.559872551Z Return value for follower worker is 0
2023-07-22T18:06:18.559880501Z The follower worker exited cleanly. Goodbye!
