2023-07-22T17:55:21.694807688Z
2023-07-22T17:55:21.695416283Z Flux username: flux
2023-07-22T17:55:21.695422856Z
2023-07-22T17:55:21.695425205Z Flux install root: /usr
2023-07-22T17:55:21.722524746Z flux user is already added.
2023-07-22T17:55:21.724061078Z flux user identifiers:
2023-07-22T17:55:21.724066396Z uid=1234(flux) gid=1234(flux) groups=1234(flux)
2023-07-22T17:55:21.724085550Z
2023-07-22T17:55:21.724098012Z As Flux prefix for flux commands: sudo -u flux -E PYTHONPATH=/opt/conda/lib/python3.10/site-packages -E PATH=/opt/conda/bin:/usr/local/sbin:/usr/local/bin:/usr/sbin:/usr/bin:/sbin:/bin -E LD_LIBRARY_PATH=/opt/conda/lib -E HOME=/home/flux
2023-07-22T17:55:21.728268734Z
2023-07-22T17:55:21.728280790Z ðŸ‘‹ Hello, I'm flux-sample-5
2023-07-22T17:55:21.728283628Z The main host is flux-sample-0
2023-07-22T17:55:21.728290013Z The working directory is /home/flux/examples/reaxff/HNS, contents include:
2023-07-22T17:55:21.729193961Z /home/flux/examples/reaxff/HNS:
2023-07-22T17:55:21.729198305Z README.txt	ffield.reax.hns  log.8Mar18.reaxc.hns.g++.1
2023-07-22T17:55:21.729200576Z data.hns-equil	in.reaxc.hns	 log.8Mar18.reaxc.hns.g++.4
2023-07-22T17:55:21.729335366Z End of file listing, if you see nothing above there are no files.
2023-07-22T17:55:21.730296006Z flux R encode --hosts=flux-sample-[0-7]
2023-07-22T17:55:21.739474931Z
2023-07-22T17:55:21.739487048Z ðŸ“¦ Resources
2023-07-22T17:55:21.740170604Z {"version": 1, "execution": {"R_lite": [{"rank": "0-7", "children": {"core": "0-3"}}], "starttime": 0.0, "expiration": 0.0, "nodelist": ["flux-sample-[0-7]"]}}
2023-07-22T17:55:21.740284333Z
2023-07-22T17:55:21.740294174Z ðŸ¸ Diagnostics: false
2023-07-22T17:55:21.740342252Z ðŸš©ï¸ Flux Option Flags defined
2023-07-22T17:55:21.742341078Z
2023-07-22T17:55:21.742349965Z ðŸ¦Š Independent Minister of Privilege
2023-07-22T17:55:21.742982550Z [exec]
2023-07-22T17:55:21.742987327Z allowed-users = [ "flux", "root" ]
2023-07-22T17:55:21.742989926Z allowed-shells = [ "/usr/libexec/flux/flux-shell" ]
2023-07-22T17:55:21.743085150Z
2023-07-22T17:55:21.743089523Z ðŸ¸ Broker Configuration
2023-07-22T17:55:21.743798341Z # Flux needs to know the path to the IMP executable
2023-07-22T17:55:21.743808337Z [exec]
2023-07-22T17:55:21.743811073Z imp = "/usr/libexec/flux/flux-imp"
2023-07-22T17:55:21.743812975Z
2023-07-22T17:55:21.743814901Z [access]
2023-07-22T17:55:21.743817157Z allow-guest-user = true
2023-07-22T17:55:21.743819314Z allow-root-owner = true
2023-07-22T17:55:21.743821210Z
2023-07-22T17:55:21.743823184Z # Point to resource definition generated with flux-R(1).
2023-07-22T17:55:21.743825315Z [resource]
2023-07-22T17:55:21.743827377Z path = "/etc/flux/system/R"
2023-07-22T17:55:21.743829204Z
2023-07-22T17:55:21.743831023Z [bootstrap]
2023-07-22T17:55:21.743832962Z curve_cert = "/etc/curve/curve.cert"
2023-07-22T17:55:21.743834995Z default_port = 8050
2023-07-22T17:55:21.743836966Z default_bind = "tcp://eth0:%p"
2023-07-22T17:55:21.743839191Z default_connect = "tcp://%h.flux-service.flux-operator.svc.cluster.local:%p"
2023-07-22T17:55:21.743841162Z hosts = [
2023-07-22T17:55:21.743842987Z 	{ host="flux-sample-[0-7]"},
2023-07-22T17:55:21.743844815Z ]
2023-07-22T17:55:21.743846672Z [archive]
2023-07-22T17:55:21.743848562Z dbpath = "/var/lib/flux/job-archive.sqlite"
2023-07-22T17:55:21.743850631Z period = "1m"
2023-07-22T17:55:21.786360716Z busytimeout = "50s"
2023-07-22T17:55:21.786402392Z ðŸ§Šï¸ State Directory:
2023-07-22T17:55:21.786405512Z total 0
2023-07-22T17:55:21.786407430Z
2023-07-22T17:55:21.787822079Z
2023-07-22T17:55:21.787841172Z ðŸ”’ï¸ Working directory permissions:
2023-07-22T17:55:21.787843976Z total 96
2023-07-22T17:55:21.787846503Z -rwxrwxrwx 1 flux root  2517 May 17 22:32 README.txt
2023-07-22T17:55:21.787848501Z -rwxrwxrwx 1 flux root 54692 May 17 22:32 data.hns-equil
2023-07-22T17:55:21.787850481Z -rwxrwxrwx 1 flux root 13576 May 17 22:32 ffield.reax.hns
2023-07-22T17:55:21.787852479Z -rwxrwxrwx 1 flux root   870 May 17 22:32 in.reaxc.hns
2023-07-22T17:55:21.787854651Z -rwxrwxrwx 1 flux root  4172 May 17 22:32 log.8Mar18.reaxc.hns.g++.1
2023-07-22T17:55:21.787856609Z -rwxrwxrwx 1 flux root  4168 May 17 22:32 log.8Mar18.reaxc.hns.g++.4
2023-07-22T17:55:21.787858447Z
2023-07-22T17:55:21.787863848Z
2023-07-22T17:55:21.787865951Z âœ¨ Curve certificate generated by helper pod
2023-07-22T17:55:21.788502102Z #   ****  Generated on 2023-04-26 22:54:42 by CZMQ  ****
2023-07-22T17:55:21.788507574Z #   ZeroMQ CURVE **Secret** Certificate
2023-07-22T17:55:21.788510048Z #   DO NOT PROVIDE THIS FILE TO OTHER USERS nor change its permissions.
2023-07-22T17:55:21.788512060Z
2023-07-22T17:55:21.788514261Z metadata
2023-07-22T17:55:21.788516871Z     name = "flux-cert-generator"
2023-07-22T17:55:21.788518900Z     keygen.hostname = "flux-sample-0"
2023-07-22T17:55:21.788520879Z curve
2023-07-22T17:55:21.788522951Z     public-key = "lPoVPYGjy3p3G*IyT4HiIBK479AG&uN*bHd=PJQ>"
2023-07-22T17:55:21.788524900Z     secret-key = "d6y<n@cv^TFioSDF$.g@OB=p#COzTUQVul2u2*3e"
2023-07-22T17:55:21.789605185Z
2023-07-22T17:55:21.789611621Z ðŸŒ€  flux start --wrap=strace,-e,network,-tt -o --config /etc/flux/config -Scron.directory=/etc/flux/system/cron.d   -Stbon.fanout=256   -Srundir=/run/flux    -Sstatedir=/var/lib/flux   -Slocal-uri=local:///run/flux/local -Stbon.connect_timeout=5s  -Stbon.zmqdebug=1  -Slog-stderr-level=6    -Slog-stderr-mode=local
2023-07-22T17:55:21.814021246Z 17:55:21.813921 socket(AF_NETLINK, SOCK_RAW, NETLINK_ROUTE) = 8
2023-07-22T17:55:21.814048962Z 17:55:21.813979 bind(8, {sa_family=AF_NETLINK, nl_pid=0, nl_groups=00000000}, 12) = 0
2023-07-22T17:55:21.814129526Z 17:55:21.814033 getsockname(8, {sa_family=AF_NETLINK, nl_pid=70, nl_groups=00000000}, [12]) = 0
2023-07-22T17:55:21.814223382Z 17:55:21.814082 sendto(8, {{len=20, type=RTM_GETADDR, flags=NLM_F_REQUEST|NLM_F_DUMP, seq=1690048521, pid=0}, {ifa_family=AF_UNSPEC, ...}}, 20, 0, {sa_family=AF_NETLINK, nl_pid=0, nl_groups=00000000}, 12) = 20
2023-07-22T17:55:21.814379641Z 17:55:21.814191 recvmsg(8, {msg_name={sa_family=AF_NETLINK, nl_pid=0, nl_groups=00000000}, msg_namelen=12, msg_iov=[{iov_base=[{{len=76, type=RTM_NEWADDR, flags=NLM_F_MULTI, seq=1690048521, pid=70}, {ifa_family=AF_INET, ifa_prefixlen=8, ifa_flags=IFA_F_PERMANENT, ifa_scope=RT_SCOPE_HOST, ifa_index=if_nametoindex("lo")}, [{{nla_len=8, nla_type=IFA_ADDRESS}, 127.0.0.1}, {{nla_len=8, nla_type=IFA_LOCAL}, 127.0.0.1}, {{nla_len=7, nla_type=IFA_LABEL}, "lo"}, {{nla_len=8, nla_type=IFA_FLAGS}, IFA_F_PERMANENT}, {{nla_len=20, nla_type=IFA_CACHEINFO}, {ifa_prefered=4294967295, ifa_valid=4294967295, cstamp=85233, tstamp=85233}}]}, {{len=88, type=RTM_NEWADDR, flags=NLM_F_MULTI, seq=1690048521, pid=70}, {ifa_family=AF_INET, ifa_prefixlen=24, ifa_flags=IFA_F_PERMANENT, ifa_scope=RT_SCOPE_UNIVERSE, ifa_index=if_nametoindex("eth0")}, [{{nla_len=8, nla_type=IFA_ADDRESS}, 10.116.2.17}, {{nla_len=8, nla_type=IFA_LOCAL}, 10.116.2.17}, {{nla_len=8, nla_type=IFA_BROADCAST}, 10.116.2.255}, {{nla_len=9, nla_type=IFA_LABEL}, "eth0"}, {{nla_len=8, nla_type=IFA_FLAGS}, IFA_F_PERMANENT}, {{nla_len=20, nla_type=IFA_CACHEINFO}, {ifa_prefered=4294967295, ifa_valid=4294967295, cstamp=85235, tstamp=85235}}]}], iov_len=4096}], msg_iovlen=1, msg_controllen=0, msg_flags=0}, 0) = 164
2023-07-22T17:55:21.814424933Z 17:55:21.814352 recvmsg(8, {msg_name={sa_family=AF_NETLINK, nl_pid=0, nl_groups=00000000}, msg_namelen=12, msg_iov=[{iov_base={{len=20, type=NLMSG_DONE, flags=NLM_F_MULTI, seq=1690048521, pid=70}, 0}, iov_len=4096}], msg_iovlen=1, msg_controllen=0, msg_flags=0}, 0) = 20
2023-07-22T17:55:21.814812493Z 17:55:21.814739 socket(AF_UNIX, SOCK_STREAM|SOCK_CLOEXEC|SOCK_NONBLOCK, 0) = 8
2023-07-22T17:55:21.814876029Z 17:55:21.814792 connect(8, {sa_family=AF_UNIX, sun_path="/var/run/nscd/socket"}, 110) = -1 ENOENT (No such file or directory)
2023-07-22T17:55:21.815084022Z 17:55:21.815015 socket(AF_UNIX, SOCK_STREAM|SOCK_CLOEXEC|SOCK_NONBLOCK, 0) = 8
2023-07-22T17:55:21.815166839Z 17:55:21.815064 connect(8, {sa_family=AF_UNIX, sun_path="/var/run/nscd/socket"}, 110) = -1 ENOENT (No such file or directory)
2023-07-22T17:55:21.816063960Z 17:55:21.815966 socket(AF_INET, SOCK_DGRAM|SOCK_CLOEXEC|SOCK_NONBLOCK, IPPROTO_IP) = 8
2023-07-22T17:55:21.816138572Z 17:55:21.816029 connect(8, {sa_family=AF_INET, sin_port=htons(53), sin_addr=inet_addr("10.120.0.10")}, 16) = 0
2023-07-22T17:55:21.816488508Z 17:55:21.816152 sendto(8, "\216\353\1\0\0\1\0\0\0\0\0\0\rflux-sample-0\fflux-"..., 76, MSG_NOSIGNAL, NULL, 0) = 76
2023-07-22T17:55:21.816615717Z 17:55:21.816509 recvfrom(8, "\216\353\205\200\0\1\0\1\0\0\0\0\rflux-sample-0\fflux-"..., 1024, 0, {sa_family=AF_INET, sin_port=htons(53), sin_addr=inet_addr("10.120.0.10")}, [28->16]) = 150
2023-07-22T17:55:21.819973453Z broker.info[5]: start: none->join 1.34472ms
2023-07-22T17:55:42.468714240Z broker.info[5]: parent-ready: join->init 20.6486s
2023-07-22T17:55:42.468756584Z 17:55:42.468669 socketpair(AF_UNIX, SOCK_STREAM|SOCK_CLOEXEC, 0, [22, 23]) = 0
2023-07-22T17:55:42.468980575Z 17:55:42.468758 socketpair(AF_UNIX, SOCK_STREAM, 0, [24, 25]) = 0
2023-07-22T17:55:42.469002815Z 17:55:42.468914 socketpair(AF_UNIX, SOCK_STREAM, 0, [26, 27]) = 0
2023-07-22T17:55:42.469120547Z 17:55:42.469057 socketpair(AF_UNIX, SOCK_STREAM, 0, [28, 29]) = 0
2023-07-22T17:55:42.483868560Z broker.info[5]: configuration updated
2023-07-22T17:55:42.548370181Z broker.info[5]: rc1.0: running /etc/flux/rc1.d/01-sched-fluxion
2023-07-22T17:55:42.554442675Z broker.info[5]: rc1.0: running /etc/flux/rc1.d/02-cron
2023-07-22T17:55:42.567550072Z broker.info[5]: rc1.0: /etc/flux/rc1 Exited (rc=0) 0.1s
2023-07-22T17:55:42.567901701Z broker.info[5]: rc1-success: init->quorum 99.155ms
2023-07-22T17:55:42.716035494Z broker.info[5]: quorum-full: quorum->run 0.147967s
2023-07-22T17:55:43.057629009Z 17:55:43.057470 socketpair(AF_UNIX, SOCK_STREAM|SOCK_CLOEXEC, 0, [22, 23]) = 0
2023-07-22T17:55:43.057755041Z 17:55:43.057620 socketpair(AF_UNIX, SOCK_STREAM, 0, [24, 25]) = 0
2023-07-22T17:55:43.057902995Z 17:55:43.057797 socketpair(AF_UNIX, SOCK_STREAM, 0, [26, 28]) = 0
2023-07-22T17:55:43.058045515Z 17:55:43.057951 socketpair(AF_UNIX, SOCK_STREAM, 0, [58, 59]) = 0
2023-07-22T17:55:43.058165242Z 17:55:43.058119 socketpair(AF_UNIX, SOCK_STREAM, 0, [60, 61]) = 0
2023-07-22T17:55:49.545571048Z broker.info[5]: shutdown: run->cleanup 6.82945s
2023-07-22T17:55:49.546270697Z broker.info[5]: cleanup-none: cleanup->shutdown 0.582318ms
2023-07-22T17:55:49.546887918Z broker.info[5]: children-none: shutdown->finalize 0.493928ms
2023-07-22T17:55:49.547084909Z 17:55:49.546963 socketpair(AF_UNIX, SOCK_STREAM|SOCK_CLOEXEC, 0, [22, 23]) = 0
2023-07-22T17:55:49.547250242Z 17:55:49.547088 socketpair(AF_UNIX, SOCK_STREAM, 0, [24, 25]) = 0
2023-07-22T17:55:49.547429067Z 17:55:49.547337 socketpair(AF_UNIX, SOCK_STREAM, 0, [26, 28]) = 0
2023-07-22T17:55:49.547590456Z 17:55:49.547498 socketpair(AF_UNIX, SOCK_STREAM, 0, [58, 59]) = 0
2023-07-22T17:55:49.557915601Z broker.info[5]: rc3.0: running /etc/flux/rc3.d/01-sched-fluxion
2023-07-22T17:55:49.618844013Z broker.info[5]: rc3.0: /etc/flux/rc3 Exited (rc=0) 0.1s
2023-07-22T17:55:49.619159455Z broker.info[5]: rc3-success: finalize->goodbye 72.131ms
2023-07-22T17:55:49.619742163Z broker.info[5]: goodbye: goodbye->exit 0.479103ms
2023-07-22T17:55:49.623149028Z 17:55:49.623074 +++ exited with 0 +++
2023-07-22T17:55:49.623787615Z Return value for follower worker is 0
2023-07-22T17:55:49.623801003Z The follower worker exited cleanly. Goodbye!
