2023-05-17T05:18:29.933599028Z
2023-05-17T05:18:29.933700925Z Flux username: flux
2023-05-17T05:18:29.933708649Z
2023-05-17T05:18:29.933713657Z Flux install root: /usr
2023-05-17T05:18:29.982679336Z flux user is already added.
2023-05-17T05:18:29.986184899Z flux user identifiers:
2023-05-17T05:18:29.986206698Z uid=1234(flux) gid=1234(flux) groups=1234(flux)
2023-05-17T05:18:29.986357901Z
2023-05-17T05:18:29.986374516Z As Flux prefix for flux commands: sudo -u flux -E PYTHONPATH= -E PATH=/usr/local/sbin:/usr/local/bin:/usr/sbin:/usr/bin:/sbin:/bin -E LD_LIBRARY_PATH= -E HOME=/home/flux
2023-05-17T05:18:29.996292496Z Host updating script not available yet, waiting...
2023-05-17T05:18:31.002838198Z Host updating script not available yet, waiting...
2023-05-17T05:18:32.011759068Z # Kubernetes-managed hosts file.
2023-05-17T05:18:32.011802931Z 127.0.0.1	localhost
2023-05-17T05:18:32.011809768Z ::1	localhost ip6-localhost ip6-loopback
2023-05-17T05:18:32.011815838Z fe00::0	ip6-localnet
2023-05-17T05:18:32.011821622Z fe00::0	ip6-mcastprefix
2023-05-17T05:18:32.011827541Z fe00::1	ip6-allnodes
2023-05-17T05:18:32.011832942Z fe00::2	ip6-allrouters
2023-05-17T05:18:32.011839302Z 10.24.0.22	flux-sample-2.flux-service.flux-operator.svc.cluster.local	flux-sample-2
2023-05-17T05:18:32.011844846Z 10.24.2.29 flux-sample-0.flux-service.flux-operator.svc.cluster.local flux-sample-0
2023-05-17T05:18:32.011850707Z 10.24.3.22 flux-sample-1.flux-service.flux-operator.svc.cluster.local flux-sample-1
2023-05-17T05:18:32.011856642Z 10.24.0.22 flux-sample-2.flux-service.flux-operator.svc.cluster.local flux-sample-2
2023-05-17T05:18:32.011863872Z 10.24.1.28 flux-sample-3.flux-service.flux-operator.svc.cluster.local flux-sample-3
2023-05-17T05:18:32.015422927Z
2023-05-17T05:18:32.015457621Z 👋 Hello, I'm flux-sample-2
2023-05-17T05:18:32.015648836Z The main host is flux-sample-0
2023-05-17T05:18:32.015830187Z The working directory is /opt, contents include:
2023-05-17T05:18:32.018074976Z /opt:
2023-05-17T05:18:32.018443208Z End of file listing, if you see nothing above there are no files.
2023-05-17T05:18:32.020582831Z flux R encode --hosts=flux-sample-[0-3]
2023-05-17T05:18:32.046832434Z
2023-05-17T05:18:32.046896114Z 📦 Resources
2023-05-17T05:18:32.048225950Z {"version": 1, "execution": {"R_lite": [{"rank": "0-3", "children": {"core": "0"}}], "starttime": 0.0, "expiration": 0.0, "nodelist": ["flux-sample-[0-3]"]}}
2023-05-17T05:18:32.048376223Z
2023-05-17T05:18:32.048389915Z 🐸 Diagnostics: false
2023-05-17T05:18:32.052592284Z
2023-05-17T05:18:32.052675332Z 🦊 Independent Minister of Privilege
2023-05-17T05:18:32.053955595Z [exec]
2023-05-17T05:18:32.053979608Z allowed-users = [ "flux", "root" ]
2023-05-17T05:18:32.053999883Z allowed-shells = [ "/usr/libexec/flux/flux-shell" ]
2023-05-17T05:18:32.054227856Z
2023-05-17T05:18:32.054256068Z 🐸 Broker Configuration
2023-05-17T05:18:32.055863576Z # Flux needs to know the path to the IMP executable
2023-05-17T05:18:32.055887345Z [exec]
2023-05-17T05:18:32.055894647Z imp = "/usr/libexec/flux/flux-imp"
2023-05-17T05:18:32.055910284Z
2023-05-17T05:18:32.055918212Z [access]
2023-05-17T05:18:32.055925852Z allow-guest-user = true
2023-05-17T05:18:32.055931557Z allow-root-owner = true
2023-05-17T05:18:32.055936765Z
2023-05-17T05:18:32.055942295Z # Point to resource definition generated with flux-R(1).
2023-05-17T05:18:32.055947750Z [resource]
2023-05-17T05:18:32.055953974Z path = "/etc/flux/system/R"
2023-05-17T05:18:32.055959092Z
2023-05-17T05:18:32.055967715Z [bootstrap]
2023-05-17T05:18:32.055974545Z curve_cert = "/etc/curve/curve.cert"
2023-05-17T05:18:32.055994729Z default_port = 8050
2023-05-17T05:18:32.056000223Z default_bind = "tcp://eth0:%p"
2023-05-17T05:18:32.056005807Z default_connect = "tcp://%h.flux-service.flux-operator.svc.cluster.local:%p"
2023-05-17T05:18:32.056010961Z hosts = [
2023-05-17T05:18:32.056016200Z 	{ host="flux-sample-[0-3]"},
2023-05-17T05:18:32.056021468Z ]
2023-05-17T05:18:32.056029223Z
2023-05-17T05:18:32.056042433Z [archive]
2023-05-17T05:18:32.056048696Z dbpath = "/var/lib/flux/job-archive.sqlite"
2023-05-17T05:18:32.056053771Z period = "1m"
2023-05-17T05:18:32.125281515Z busytimeout = "50s"
2023-05-17T05:18:32.125319248Z 🧊️ State Directory:
2023-05-17T05:18:32.125329106Z total 0
2023-05-17T05:18:32.125336091Z
2023-05-17T05:18:32.128090445Z
2023-05-17T05:18:32.128126074Z 🔒️ Working directory permissions:
2023-05-17T05:18:32.128135550Z total 0
2023-05-17T05:18:32.128142513Z
2023-05-17T05:18:32.128213853Z
2023-05-17T05:18:32.128227793Z ✨ Curve certificate generated by helper pod
2023-05-17T05:18:32.129912840Z #   ****  Generated on 2023-04-26 22:54:42 by CZMQ  ****
2023-05-17T05:18:32.129935708Z #   ZeroMQ CURVE **Secret** Certificate
2023-05-17T05:18:32.129951793Z #   DO NOT PROVIDE THIS FILE TO OTHER USERS nor change its permissions.
2023-05-17T05:18:32.129957765Z
2023-05-17T05:18:32.129962932Z metadata
2023-05-17T05:18:32.129969687Z     name = "flux-cert-generator"
2023-05-17T05:18:32.129975305Z     keygen.hostname = "flux-sample-0"
2023-05-17T05:18:32.129980865Z curve
2023-05-17T05:18:32.129986539Z     public-key = "1#soUhS[-.xArnJ%5z<J[!jB{]8/HPEZY1tgVQy]"
2023-05-17T05:18:32.129997742Z     secret-key = "OFR].T&qhewwf8[ymE?e+tgf1G5n<0H9&ZY2f*oM"
2023-05-17T05:18:32.132319856Z
2023-05-17T05:18:32.132477785Z 🌀  flux start --wrap=strace,-e,network,-tt -o --config /etc/flux/config -Scron.directory=/etc/flux/system/cron.d   -Stbon.fanout=256   -Srundir=/run/flux    -Sstatedir=/var/lib/flux   -Slocal-uri=local:///run/flux/local -Stbon.connect_timeout=5s  -Stbon.zmqdebug=1  -Slog-stderr-level=6    -Slog-stderr-mode=local
2023-05-17T05:18:32.174085589Z 05:18:32.173541 socket(AF_NETLINK, SOCK_RAW|SOCK_CLOEXEC, NETLINK_ROUTE) = 8
2023-05-17T05:18:32.174771598Z 05:18:32.174413 bind(8, {sa_family=AF_NETLINK, nl_pid=0, nl_groups=00000000}, 12) = 0
2023-05-17T05:18:32.175288278Z 05:18:32.175011 getsockname(8, {sa_family=AF_NETLINK, nl_pid=87, nl_groups=00000000}, [12]) = 0
2023-05-17T05:18:32.175944638Z 05:18:32.175479 sendto(8, {{len=20, type=RTM_GETADDR, flags=NLM_F_REQUEST|NLM_F_DUMP, seq=1684300712, pid=0}, {ifa_family=AF_UNSPEC, ...}}, 20, 0, {sa_family=AF_NETLINK, nl_pid=0, nl_groups=00000000}, 12) = 20
2023-05-17T05:18:32.176731881Z 05:18:32.176162 recvmsg(8, {msg_name={sa_family=AF_NETLINK, nl_pid=0, nl_groups=00000000}, msg_namelen=12, msg_iov=[{iov_base=[{{len=76, type=RTM_NEWADDR, flags=NLM_F_MULTI, seq=1684300712, pid=87}, {ifa_family=AF_INET, ifa_prefixlen=8, ifa_flags=IFA_F_PERMANENT, ifa_scope=RT_SCOPE_HOST, ifa_index=if_nametoindex("lo")}, [{{nla_len=8, nla_type=IFA_ADDRESS}, inet_addr("127.0.0.1")}, {{nla_len=8, nla_type=IFA_LOCAL}, inet_addr("127.0.0.1")}, {{nla_len=7, nla_type=IFA_LABEL}, "lo"}, {{nla_len=8, nla_type=IFA_FLAGS}, IFA_F_PERMANENT}, {{nla_len=20, nla_type=IFA_CACHEINFO}, {ifa_prefered=4294967295, ifa_valid=4294967295, cstamp=472074, tstamp=472074}}]}, {{len=88, type=RTM_NEWADDR, flags=NLM_F_MULTI, seq=1684300712, pid=87}, {ifa_family=AF_INET, ifa_prefixlen=24, ifa_flags=IFA_F_PERMANENT, ifa_scope=RT_SCOPE_UNIVERSE, ifa_index=if_nametoindex("eth0")}, [{{nla_len=8, nla_type=IFA_ADDRESS}, inet_addr("10.24.0.22")}, {{nla_len=8, nla_type=IFA_LOCAL}, inet_addr("10.24.0.22")}, {{nla_len=8, nla_type=IFA_BROADCAST}, inet_addr("10.24.0.255")}, {{nla_len=9, nla_type=IFA_LABEL}, "eth0"}, {{nla_len=8, nla_type=IFA_FLAGS}, IFA_F_PERMANENT}, {{nla_len=20, nla_type=IFA_CACHEINFO}, {ifa_prefered=4294967295, ifa_valid=4294967295, cstamp=472076, tstamp=472076}}]}], iov_len=4096}], msg_iovlen=1, msg_controllen=0, msg_flags=0}, 0) = 164
2023-05-17T05:18:32.177163642Z 05:18:32.176849 recvmsg(8, {msg_name={sa_family=AF_NETLINK, nl_pid=0, nl_groups=00000000}, msg_namelen=12, msg_iov=[{iov_base={{len=20, type=NLMSG_DONE, flags=NLM_F_MULTI, seq=1684300712, pid=87}, 0}, iov_len=4096}], msg_iovlen=1, msg_controllen=0, msg_flags=0}, 0) = 20
2023-05-17T05:18:32.178414200Z 05:18:32.178162 socket(AF_UNIX, SOCK_STREAM|SOCK_CLOEXEC|SOCK_NONBLOCK, 0) = 8
2023-05-17T05:18:32.178943211Z 05:18:32.178482 connect(8, {sa_family=AF_UNIX, sun_path="/var/run/nscd/socket"}, 110) = -1 ENOENT (No such file or directory)
2023-05-17T05:18:32.179088426Z 05:18:32.178889 socket(AF_UNIX, SOCK_STREAM|SOCK_CLOEXEC|SOCK_NONBLOCK, 0) = 8
2023-05-17T05:18:32.179174164Z 05:18:32.178975 connect(8, {sa_family=AF_UNIX, sun_path="/var/run/nscd/socket"}, 110) = -1 ENOENT (No such file or directory)
2023-05-17T05:18:32.184111687Z broker.info[2]: start: none->join 1.83613ms
2023-05-17T05:18:32.484879502Z broker.info[2]: parent-ready: join->init 0.300378s
2023-05-17T05:18:32.485332178Z 05:18:32.484913 socketpair(AF_UNIX, SOCK_STREAM|SOCK_CLOEXEC, 0, [22, 23]) = 0
2023-05-17T05:18:32.485462774Z 05:18:32.485187 socketpair(AF_UNIX, SOCK_STREAM, 0, [24, 25]) = 0
2023-05-17T05:18:32.485761775Z 05:18:32.485460 socketpair(AF_UNIX, SOCK_STREAM, 0, [26, 27]) = 0
2023-05-17T05:18:32.485922317Z 05:18:32.485756 socketpair(AF_UNIX, SOCK_STREAM, 0, [28, 29]) = 0
2023-05-17T05:18:32.509713559Z broker.info[2]: configuration updated
2023-05-17T05:18:32.622855923Z broker.info[2]: rc1.0: running /etc/flux/rc1.d/01-sched-fluxion
2023-05-17T05:18:32.633571636Z broker.info[2]: rc1.0: running /etc/flux/rc1.d/02-cron
2023-05-17T05:18:32.654034797Z broker.info[2]: rc1.0: /etc/flux/rc1 Exited (rc=0) 0.2s
2023-05-17T05:18:32.654915871Z broker.info[2]: rc1-success: init->quorum 0.169787s
2023-05-17T05:18:32.871632123Z broker.info[2]: quorum-full: quorum->run 0.216378s
2023-05-17T05:18:39.315434936Z broker.info[2]: shutdown: run->cleanup 6.44335s
2023-05-17T05:18:39.316487854Z broker.info[2]: cleanup-none: cleanup->shutdown 0.903751ms
2023-05-17T05:18:39.317582904Z broker.info[2]: children-none: shutdown->finalize 0.979414ms
2023-05-17T05:18:39.318344936Z 05:18:39.317971 socketpair(AF_UNIX, SOCK_STREAM|SOCK_CLOEXEC, 0, [22, 23]) = 0
2023-05-17T05:18:39.318596816Z 05:18:39.318255 socketpair(AF_UNIX, SOCK_STREAM, 0, [24, 25]) = 0
2023-05-17T05:18:39.318804614Z 05:18:39.318625 socketpair(AF_UNIX, SOCK_STREAM, 0, [26, 28]) = 0
2023-05-17T05:18:39.319004926Z 05:18:39.318837 socketpair(AF_UNIX, SOCK_STREAM, 0, [58, 59]) = 0
2023-05-17T05:18:39.334995214Z broker.info[2]: rc3.0: running /etc/flux/rc3.d/01-sched-fluxion
2023-05-17T05:18:39.436973489Z broker.info[2]: rc3.0: /etc/flux/rc3 Exited (rc=0) 0.1s
2023-05-17T05:18:39.439881900Z broker.info[2]: rc3-success: finalize->goodbye 0.12177s
2023-05-17T05:18:39.441779092Z broker.info[2]: goodbye: goodbye->exit 1.14715ms
2023-05-17T05:18:39.448959046Z 05:18:39.448717 +++ exited with 0 +++
2023-05-17T05:18:39.450176337Z Return value for follower worker is 0
2023-05-17T05:18:39.450306705Z The follower worker exited cleanly. Goodbye!
