2023-05-17T05:28:52.628120098Z
2023-05-17T05:28:52.628171225Z Flux username: flux
2023-05-17T05:28:52.628263916Z
2023-05-17T05:28:52.628275032Z Flux install root: /usr
2023-05-17T05:28:52.677531087Z flux user is already added.
2023-05-17T05:28:52.680615678Z flux user identifiers:
2023-05-17T05:28:52.680643154Z uid=1234(flux) gid=1234(flux) groups=1234(flux)
2023-05-17T05:28:52.680757299Z
2023-05-17T05:28:52.680774328Z As Flux prefix for flux commands: sudo -u flux -E PYTHONPATH= -E PATH=/usr/local/sbin:/usr/local/bin:/usr/sbin:/usr/bin:/sbin:/bin -E LD_LIBRARY_PATH= -E HOME=/home/flux
2023-05-17T05:28:52.688627448Z Host updating script not available yet, waiting...
2023-05-17T05:28:53.694005151Z Host updating script not available yet, waiting...
2023-05-17T05:28:54.702332532Z # Kubernetes-managed hosts file.
2023-05-17T05:28:54.702382193Z 127.0.0.1	localhost
2023-05-17T05:28:54.702414741Z ::1	localhost ip6-localhost ip6-loopback
2023-05-17T05:28:54.702425026Z fe00::0	ip6-localnet
2023-05-17T05:28:54.702433738Z fe00::0	ip6-mcastprefix
2023-05-17T05:28:54.702442435Z fe00::1	ip6-allnodes
2023-05-17T05:28:54.702449301Z fe00::2	ip6-allrouters
2023-05-17T05:28:54.702456965Z 10.24.1.36	flux-sample-3.flux-service.flux-operator.svc.cluster.local	flux-sample-3
2023-05-17T05:28:54.702464312Z 10.24.2.37 flux-sample-0.flux-service.flux-operator.svc.cluster.local flux-sample-0
2023-05-17T05:28:54.702471660Z 10.24.3.30 flux-sample-1.flux-service.flux-operator.svc.cluster.local flux-sample-1
2023-05-17T05:28:54.702501599Z 10.24.0.30 flux-sample-2.flux-service.flux-operator.svc.cluster.local flux-sample-2
2023-05-17T05:28:54.702511396Z 10.24.1.36 flux-sample-3.flux-service.flux-operator.svc.cluster.local flux-sample-3
2023-05-17T05:28:54.706908967Z
2023-05-17T05:28:54.706951436Z 👋 Hello, I'm flux-sample-3
2023-05-17T05:28:54.707118275Z The main host is flux-sample-0
2023-05-17T05:28:54.707130620Z The working directory is /opt, contents include:
2023-05-17T05:28:54.709027589Z /opt:
2023-05-17T05:28:54.709294479Z End of file listing, if you see nothing above there are no files.
2023-05-17T05:28:54.711110658Z flux R encode --hosts=flux-sample-[0-3]
2023-05-17T05:28:54.735365042Z
2023-05-17T05:28:54.735411719Z 📦 Resources
2023-05-17T05:28:54.736855218Z {"version": 1, "execution": {"R_lite": [{"rank": "0-3", "children": {"core": "0"}}], "starttime": 0.0, "expiration": 0.0, "nodelist": ["flux-sample-[0-3]"]}}
2023-05-17T05:28:54.737193634Z
2023-05-17T05:28:54.737212329Z 🐸 Diagnostics: false
2023-05-17T05:28:54.741102000Z
2023-05-17T05:28:54.741142371Z 🦊 Independent Minister of Privilege
2023-05-17T05:28:54.742370487Z [exec]
2023-05-17T05:28:54.742399503Z allowed-users = [ "flux", "root" ]
2023-05-17T05:28:54.742408115Z allowed-shells = [ "/usr/libexec/flux/flux-shell" ]
2023-05-17T05:28:54.742761115Z
2023-05-17T05:28:54.742785843Z 🐸 Broker Configuration
2023-05-17T05:28:54.744178378Z # Flux needs to know the path to the IMP executable
2023-05-17T05:28:54.744205191Z [exec]
2023-05-17T05:28:54.744213431Z imp = "/usr/libexec/flux/flux-imp"
2023-05-17T05:28:54.744218538Z
2023-05-17T05:28:54.744224029Z [access]
2023-05-17T05:28:54.744230177Z allow-guest-user = true
2023-05-17T05:28:54.744235794Z allow-root-owner = true
2023-05-17T05:28:54.744240778Z
2023-05-17T05:28:54.744248852Z # Point to resource definition generated with flux-R(1).
2023-05-17T05:28:54.744255319Z [resource]
2023-05-17T05:28:54.744261513Z path = "/etc/flux/system/R"
2023-05-17T05:28:54.744266600Z
2023-05-17T05:28:54.744271986Z [bootstrap]
2023-05-17T05:28:54.744277802Z curve_cert = "/etc/curve/curve.cert"
2023-05-17T05:28:54.744295662Z default_port = 8050
2023-05-17T05:28:54.744301476Z default_bind = "tcp://eth0:%p"
2023-05-17T05:28:54.744309970Z default_connect = "tcp://%h.flux-service.flux-operator.svc.cluster.local:%p"
2023-05-17T05:28:54.744316314Z hosts = [
2023-05-17T05:28:54.744321829Z 	{ host="flux-sample-[0-3]"},
2023-05-17T05:28:54.744327116Z ]
2023-05-17T05:28:54.744332261Z
2023-05-17T05:28:54.744337784Z [archive]
2023-05-17T05:28:54.744343078Z dbpath = "/var/lib/flux/job-archive.sqlite"
2023-05-17T05:28:54.744348022Z period = "1m"
2023-05-17T05:28:54.814082048Z busytimeout = "50s"
2023-05-17T05:28:54.814120275Z 🧊️ State Directory:
2023-05-17T05:28:54.814127568Z total 0
2023-05-17T05:28:54.814133446Z
2023-05-17T05:28:54.816649022Z
2023-05-17T05:28:54.816687161Z 🔒️ Working directory permissions:
2023-05-17T05:28:54.816695144Z total 0
2023-05-17T05:28:54.816700247Z
2023-05-17T05:28:54.816704648Z
2023-05-17T05:28:54.816709591Z ✨ Curve certificate generated by helper pod
2023-05-17T05:28:54.818145330Z #   ****  Generated on 2023-04-26 22:54:42 by CZMQ  ****
2023-05-17T05:28:54.818176816Z #   ZeroMQ CURVE **Secret** Certificate
2023-05-17T05:28:54.818184838Z #   DO NOT PROVIDE THIS FILE TO OTHER USERS nor change its permissions.
2023-05-17T05:28:54.818190401Z
2023-05-17T05:28:54.818195579Z metadata
2023-05-17T05:28:54.818201194Z     name = "flux-cert-generator"
2023-05-17T05:28:54.818208730Z     keygen.hostname = "flux-sample-0"
2023-05-17T05:28:54.818215993Z curve
2023-05-17T05:28:54.818221899Z     public-key = "f3{v?K*cWs6wgLP)$vbZ^yfe]rjT6pFjhe}<!9I9"
2023-05-17T05:28:54.818227379Z     secret-key = "exZ>inbPWLlDTYw@=$$dHoKP70/wVJjqJCROIKg<"
2023-05-17T05:28:54.820230730Z
2023-05-17T05:28:54.820264218Z 🌀  flux start --wrap=strace,-e,network,-tt -o --config /etc/flux/config -Scron.directory=/etc/flux/system/cron.d   -Stbon.fanout=256   -Srundir=/run/flux    -Sstatedir=/var/lib/flux   -Slocal-uri=local:///run/flux/local -Stbon.connect_timeout=5s  -Stbon.zmqdebug=1  -Slog-stderr-level=6    -Slog-stderr-mode=local
2023-05-17T05:28:54.865364866Z 05:28:54.865009 socket(AF_NETLINK, SOCK_RAW|SOCK_CLOEXEC, NETLINK_ROUTE) = 8
2023-05-17T05:28:54.865690823Z 05:28:54.865413 bind(8, {sa_family=AF_NETLINK, nl_pid=0, nl_groups=00000000}, 12) = 0
2023-05-17T05:28:54.865856298Z 05:28:54.865617 getsockname(8, {sa_family=AF_NETLINK, nl_pid=87, nl_groups=00000000}, [12]) = 0
2023-05-17T05:28:54.866541858Z 05:28:54.865746 sendto(8, {{len=20, type=RTM_GETADDR, flags=NLM_F_REQUEST|NLM_F_DUMP, seq=1684301334, pid=0}, {ifa_family=AF_UNSPEC, ...}}, 20, 0, {sa_family=AF_NETLINK, nl_pid=0, nl_groups=00000000}, 12) = 20
2023-05-17T05:28:54.867243706Z 05:28:54.866479 recvmsg(8, {msg_name={sa_family=AF_NETLINK, nl_pid=0, nl_groups=00000000}, msg_namelen=12, msg_iov=[{iov_base=[{{len=76, type=RTM_NEWADDR, flags=NLM_F_MULTI, seq=1684301334, pid=87}, {ifa_family=AF_INET, ifa_prefixlen=8, ifa_flags=IFA_F_PERMANENT, ifa_scope=RT_SCOPE_HOST, ifa_index=if_nametoindex("lo")}, [{{nla_len=8, nla_type=IFA_ADDRESS}, inet_addr("127.0.0.1")}, {{nla_len=8, nla_type=IFA_LOCAL}, inet_addr("127.0.0.1")}, {{nla_len=7, nla_type=IFA_LABEL}, "lo"}, {{nla_len=8, nla_type=IFA_FLAGS}, IFA_F_PERMANENT}, {{nla_len=20, nla_type=IFA_CACHEINFO}, {ifa_prefered=4294967295, ifa_valid=4294967295, cstamp=534388, tstamp=534388}}]}, {{len=88, type=RTM_NEWADDR, flags=NLM_F_MULTI, seq=1684301334, pid=87}, {ifa_family=AF_INET, ifa_prefixlen=24, ifa_flags=IFA_F_PERMANENT, ifa_scope=RT_SCOPE_UNIVERSE, ifa_index=if_nametoindex("eth0")}, [{{nla_len=8, nla_type=IFA_ADDRESS}, inet_addr("10.24.1.36")}, {{nla_len=8, nla_type=IFA_LOCAL}, inet_addr("10.24.1.36")}, {{nla_len=8, nla_type=IFA_BROADCAST}, inet_addr("10.24.1.255")}, {{nla_len=9, nla_type=IFA_LABEL}, "eth0"}, {{nla_len=8, nla_type=IFA_FLAGS}, IFA_F_PERMANENT}, {{nla_len=20, nla_type=IFA_CACHEINFO}, {ifa_prefered=4294967295, ifa_valid=4294967295, cstamp=534391, tstamp=534391}}]}], iov_len=4096}], msg_iovlen=1, msg_controllen=0, msg_flags=0}, 0) = 164
2023-05-17T05:28:54.867447219Z 05:28:54.867190 recvmsg(8, {msg_name={sa_family=AF_NETLINK, nl_pid=0, nl_groups=00000000}, msg_namelen=12, msg_iov=[{iov_base={{len=20, type=NLMSG_DONE, flags=NLM_F_MULTI, seq=1684301334, pid=87}, 0}, iov_len=4096}], msg_iovlen=1, msg_controllen=0, msg_flags=0}, 0) = 20
2023-05-17T05:28:54.868443151Z 05:28:54.868265 socket(AF_UNIX, SOCK_STREAM|SOCK_CLOEXEC|SOCK_NONBLOCK, 0) = 8
2023-05-17T05:28:54.868822213Z 05:28:54.868461 connect(8, {sa_family=AF_UNIX, sun_path="/var/run/nscd/socket"}, 110) = -1 ENOENT (No such file or directory)
2023-05-17T05:28:54.869115570Z 05:28:54.868934 socket(AF_UNIX, SOCK_STREAM|SOCK_CLOEXEC|SOCK_NONBLOCK, 0) = 8
2023-05-17T05:28:54.869640129Z 05:28:54.869023 connect(8, {sa_family=AF_UNIX, sun_path="/var/run/nscd/socket"}, 110) = -1 ENOENT (No such file or directory)
2023-05-17T05:28:54.875046038Z broker.info[3]: start: none->join 1.83638ms
2023-05-17T05:28:55.706791036Z broker.info[3]: parent-ready: join->init 0.831026s
2023-05-17T05:28:55.707304242Z 05:28:55.706739 socketpair(AF_UNIX, SOCK_STREAM|SOCK_CLOEXEC, 0, [22, 23]) = 0
2023-05-17T05:28:55.707513588Z 05:28:55.706980 socketpair(AF_UNIX, SOCK_STREAM, 0, [24, 25]) = 0
2023-05-17T05:28:55.707803686Z 05:28:55.707168 socketpair(AF_UNIX, SOCK_STREAM, 0, [26, 27]) = 0
2023-05-17T05:28:55.707825498Z 05:28:55.707350 socketpair(AF_UNIX, SOCK_STREAM, 0, [28, 29]) = 0
2023-05-17T05:28:55.730406855Z broker.info[3]: configuration updated
2023-05-17T05:28:55.853281359Z broker.info[3]: rc1.0: running /etc/flux/rc1.d/01-sched-fluxion
2023-05-17T05:28:55.863529426Z broker.info[3]: rc1.0: running /etc/flux/rc1.d/02-cron
2023-05-17T05:28:55.885844466Z broker.info[3]: rc1.0: /etc/flux/rc1 Exited (rc=0) 0.2s
2023-05-17T05:28:55.886304719Z broker.info[3]: rc1-success: init->quorum 0.179456s
2023-05-17T05:28:56.092685566Z broker.info[3]: quorum-full: quorum->run 0.206114s
2023-05-17T05:28:56.680636585Z 05:28:56.680197 socketpair(AF_UNIX, SOCK_STREAM|SOCK_CLOEXEC, 0, [22, 23]) = 0
2023-05-17T05:28:56.680888993Z 05:28:56.680415 socketpair(AF_UNIX, SOCK_STREAM, 0, [24, 25]) = 0
2023-05-17T05:28:56.680918869Z 05:28:56.680637 socketpair(AF_UNIX, SOCK_STREAM, 0, [26, 28]) = 0
2023-05-17T05:28:56.681078336Z 05:28:56.680897 socketpair(AF_UNIX, SOCK_STREAM, 0, [58, 59]) = 0
2023-05-17T05:29:02.552218855Z broker.info[3]: shutdown: run->cleanup 6.45927s
2023-05-17T05:29:02.554551320Z broker.info[3]: cleanup-none: cleanup->shutdown 1.38177ms
2023-05-17T05:29:02.556330563Z broker.info[3]: children-none: shutdown->finalize 1.13228ms
2023-05-17T05:29:02.557030192Z 05:29:02.556682 socketpair(AF_UNIX, SOCK_STREAM|SOCK_CLOEXEC, 0, [22, 23]) = 0
2023-05-17T05:29:02.557319761Z 05:29:02.557071 socketpair(AF_UNIX, SOCK_STREAM, 0, [24, 25]) = 0
2023-05-17T05:29:02.557800876Z 05:29:02.557542 socketpair(AF_UNIX, SOCK_STREAM, 0, [26, 28]) = 0
2023-05-17T05:29:02.558289003Z 05:29:02.558008 socketpair(AF_UNIX, SOCK_STREAM, 0, [58, 59]) = 0
2023-05-17T05:29:02.580366369Z broker.info[3]: rc3.0: running /etc/flux/rc3.d/01-sched-fluxion
2023-05-17T05:29:02.704831778Z broker.info[3]: rc3.0: /etc/flux/rc3 Exited (rc=0) 0.1s
2023-05-17T05:29:02.706326512Z broker.info[3]: rc3-success: finalize->goodbye 0.149439s
2023-05-17T05:29:02.708391928Z broker.info[3]: goodbye: goodbye->exit 1.24446ms
2023-05-17T05:29:02.717168999Z 05:29:02.716962 +++ exited with 0 +++
2023-05-17T05:29:02.718512975Z Return value for follower worker is 0
2023-05-17T05:29:02.718662588Z The follower worker exited cleanly. Goodbye!
