2023-05-17T05:27:15.191942652Z
2023-05-17T05:27:15.191991792Z Flux username: flux
2023-05-17T05:27:15.192010967Z
2023-05-17T05:27:15.192017435Z Flux install root: /usr
2023-05-17T05:27:15.259180665Z flux user is already added.
2023-05-17T05:27:15.262870882Z flux user identifiers:
2023-05-17T05:27:15.262901367Z uid=1234(flux) gid=1234(flux) groups=1234(flux)
2023-05-17T05:27:15.263052731Z
2023-05-17T05:27:15.263068264Z As Flux prefix for flux commands: sudo -u flux -E PYTHONPATH= -E PATH=/usr/local/sbin:/usr/local/bin:/usr/sbin:/usr/bin:/sbin:/bin -E LD_LIBRARY_PATH= -E HOME=/home/flux
2023-05-17T05:27:15.273381696Z Host updating script not available yet, waiting...
2023-05-17T05:27:16.279092870Z Host updating script not available yet, waiting...
2023-05-17T05:27:17.287429610Z # Kubernetes-managed hosts file.
2023-05-17T05:27:17.287475393Z 127.0.0.1	localhost
2023-05-17T05:27:17.287485877Z ::1	localhost ip6-localhost ip6-loopback
2023-05-17T05:27:17.287493709Z fe00::0	ip6-localnet
2023-05-17T05:27:17.287501459Z fe00::0	ip6-mcastprefix
2023-05-17T05:27:17.287508913Z fe00::1	ip6-allnodes
2023-05-17T05:27:17.287517894Z fe00::2	ip6-allrouters
2023-05-17T05:27:17.287533546Z 10.24.1.35	flux-sample-3.flux-service.flux-operator.svc.cluster.local	flux-sample-3
2023-05-17T05:27:17.287544211Z 10.24.2.36 flux-sample-0.flux-service.flux-operator.svc.cluster.local flux-sample-0
2023-05-17T05:27:17.287551925Z 10.24.3.29 flux-sample-1.flux-service.flux-operator.svc.cluster.local flux-sample-1
2023-05-17T05:27:17.287559839Z 10.24.0.29 flux-sample-2.flux-service.flux-operator.svc.cluster.local flux-sample-2
2023-05-17T05:27:17.287567837Z 10.24.1.35 flux-sample-3.flux-service.flux-operator.svc.cluster.local flux-sample-3
2023-05-17T05:27:17.291695262Z
2023-05-17T05:27:17.291761880Z ðŸ‘‹ Hello, I'm flux-sample-3
2023-05-17T05:27:17.291783106Z The main host is flux-sample-0
2023-05-17T05:27:17.291882426Z The working directory is /opt, contents include:
2023-05-17T05:27:17.294196699Z /opt:
2023-05-17T05:27:17.294776182Z End of file listing, if you see nothing above there are no files.
2023-05-17T05:27:17.296758087Z flux R encode --hosts=flux-sample-[0-3]
2023-05-17T05:27:17.322488487Z
2023-05-17T05:27:17.322557270Z ðŸ“¦ Resources
2023-05-17T05:27:17.324006058Z {"version": 1, "execution": {"R_lite": [{"rank": "0-3", "children": {"core": "0"}}], "starttime": 0.0, "expiration": 0.0, "nodelist": ["flux-sample-[0-3]"]}}
2023-05-17T05:27:17.324226107Z
2023-05-17T05:27:17.324243295Z ðŸ¸ Diagnostics: false
2023-05-17T05:27:17.328357761Z
2023-05-17T05:27:17.328411899Z ðŸ¦Š Independent Minister of Privilege
2023-05-17T05:27:17.329681407Z [exec]
2023-05-17T05:27:17.329727983Z allowed-users = [ "flux", "root" ]
2023-05-17T05:27:17.329739262Z allowed-shells = [ "/usr/libexec/flux/flux-shell" ]
2023-05-17T05:27:17.329901772Z
2023-05-17T05:27:17.329917879Z ðŸ¸ Broker Configuration
2023-05-17T05:27:17.331278315Z # Flux needs to know the path to the IMP executable
2023-05-17T05:27:17.331303046Z [exec]
2023-05-17T05:27:17.331334752Z imp = "/usr/libexec/flux/flux-imp"
2023-05-17T05:27:17.331343398Z
2023-05-17T05:27:17.331350767Z [access]
2023-05-17T05:27:17.331358475Z allow-guest-user = true
2023-05-17T05:27:17.331366129Z allow-root-owner = true
2023-05-17T05:27:17.331374843Z
2023-05-17T05:27:17.331383077Z # Point to resource definition generated with flux-R(1).
2023-05-17T05:27:17.331390338Z [resource]
2023-05-17T05:27:17.331397895Z path = "/etc/flux/system/R"
2023-05-17T05:27:17.331404792Z
2023-05-17T05:27:17.331411971Z [bootstrap]
2023-05-17T05:27:17.331418802Z curve_cert = "/etc/curve/curve.cert"
2023-05-17T05:27:17.331442766Z default_port = 8050
2023-05-17T05:27:17.331452113Z default_bind = "tcp://eth0:%p"
2023-05-17T05:27:17.331460413Z default_connect = "tcp://%h.flux-service.flux-operator.svc.cluster.local:%p"
2023-05-17T05:27:17.331467687Z hosts = [
2023-05-17T05:27:17.331475441Z 	{ host="flux-sample-[0-3]"},
2023-05-17T05:27:17.331483197Z ]
2023-05-17T05:27:17.331490422Z
2023-05-17T05:27:17.331498289Z [archive]
2023-05-17T05:27:17.331506079Z dbpath = "/var/lib/flux/job-archive.sqlite"
2023-05-17T05:27:17.331515869Z period = "1m"
2023-05-17T05:27:17.402396219Z busytimeout = "50s"
2023-05-17T05:27:17.402445159Z ðŸ§Šï¸ State Directory:
2023-05-17T05:27:17.402455593Z total 0
2023-05-17T05:27:17.402463294Z
2023-05-17T05:27:17.405273909Z
2023-05-17T05:27:17.405306441Z ðŸ”’ï¸ Working directory permissions:
2023-05-17T05:27:17.405350855Z total 0
2023-05-17T05:27:17.405360023Z
2023-05-17T05:27:17.405487666Z
2023-05-17T05:27:17.405499966Z âœ¨ Curve certificate generated by helper pod
2023-05-17T05:27:17.407783946Z #   ****  Generated on 2023-04-26 22:54:42 by CZMQ  ****
2023-05-17T05:27:17.407815301Z #   ZeroMQ CURVE **Secret** Certificate
2023-05-17T05:27:17.407824677Z #   DO NOT PROVIDE THIS FILE TO OTHER USERS nor change its permissions.
2023-05-17T05:27:17.407832470Z
2023-05-17T05:27:17.407841602Z metadata
2023-05-17T05:27:17.407897590Z     name = "flux-cert-generator"
2023-05-17T05:27:17.407905952Z     keygen.hostname = "flux-sample-0"
2023-05-17T05:27:17.407912986Z curve
2023-05-17T05:27:17.407922248Z     public-key = "N#-XIAf{t-t6H$yb?o>U:17YMe?fZ@m}!uFN]Xt."
2023-05-17T05:27:17.407930393Z     secret-key = "v]4w*s65yfT>IS&xkA4UhMO)PTxC91!#Ip1OW3z&"
2023-05-17T05:27:17.410779129Z
2023-05-17T05:27:17.410810001Z ðŸŒ€  flux start --wrap=strace,-e,network,-tt -o --config /etc/flux/config -Scron.directory=/etc/flux/system/cron.d   -Stbon.fanout=256   -Srundir=/run/flux    -Sstatedir=/var/lib/flux   -Slocal-uri=local:///run/flux/local -Stbon.connect_timeout=5s  -Stbon.zmqdebug=1  -Slog-stderr-level=6    -Slog-stderr-mode=local
2023-05-17T05:27:17.455082302Z 05:27:17.454658 socket(AF_NETLINK, SOCK_RAW|SOCK_CLOEXEC, NETLINK_ROUTE) = 8
2023-05-17T05:27:17.455644529Z 05:27:17.455184 bind(8, {sa_family=AF_NETLINK, nl_pid=0, nl_groups=00000000}, 12) = 0
2023-05-17T05:27:17.456092359Z 05:27:17.455716 getsockname(8, {sa_family=AF_NETLINK, nl_pid=87, nl_groups=00000000}, [12]) = 0
2023-05-17T05:27:17.456722897Z 05:27:17.456155 sendto(8, {{len=20, type=RTM_GETADDR, flags=NLM_F_REQUEST|NLM_F_DUMP, seq=1684301237, pid=0}, {ifa_family=AF_UNSPEC, ...}}, 20, 0, {sa_family=AF_NETLINK, nl_pid=0, nl_groups=00000000}, 12) = 20
2023-05-17T05:27:17.457321793Z 05:27:17.456640 recvmsg(8, {msg_name={sa_family=AF_NETLINK, nl_pid=0, nl_groups=00000000}, msg_namelen=12, msg_iov=[{iov_base=[{{len=76, type=RTM_NEWADDR, flags=NLM_F_MULTI, seq=1684301237, pid=87}, {ifa_family=AF_INET, ifa_prefixlen=8, ifa_flags=IFA_F_PERMANENT, ifa_scope=RT_SCOPE_HOST, ifa_index=if_nametoindex("lo")}, [{{nla_len=8, nla_type=IFA_ADDRESS}, inet_addr("127.0.0.1")}, {{nla_len=8, nla_type=IFA_LOCAL}, inet_addr("127.0.0.1")}, {{nla_len=7, nla_type=IFA_LABEL}, "lo"}, {{nla_len=8, nla_type=IFA_FLAGS}, IFA_F_PERMANENT}, {{nla_len=20, nla_type=IFA_CACHEINFO}, {ifa_prefered=4294967295, ifa_valid=4294967295, cstamp=524642, tstamp=524642}}]}, {{len=88, type=RTM_NEWADDR, flags=NLM_F_MULTI, seq=1684301237, pid=87}, {ifa_family=AF_INET, ifa_prefixlen=24, ifa_flags=IFA_F_PERMANENT, ifa_scope=RT_SCOPE_UNIVERSE, ifa_index=if_nametoindex("eth0")}, [{{nla_len=8, nla_type=IFA_ADDRESS}, inet_addr("10.24.1.35")}, {{nla_len=8, nla_type=IFA_LOCAL}, inet_addr("10.24.1.35")}, {{nla_len=8, nla_type=IFA_BROADCAST}, inet_addr("10.24.1.255")}, {{nla_len=9, nla_type=IFA_LABEL}, "eth0"}, {{nla_len=8, nla_type=IFA_FLAGS}, IFA_F_PERMANENT}, {{nla_len=20, nla_type=IFA_CACHEINFO}, {ifa_prefered=4294967295, ifa_valid=4294967295, cstamp=524645, tstamp=524645}}]}], iov_len=4096}], msg_iovlen=1, msg_controllen=0, msg_flags=0}, 0) = 164
2023-05-17T05:27:17.457487555Z 05:27:17.457211 recvmsg(8, {msg_name={sa_family=AF_NETLINK, nl_pid=0, nl_groups=00000000}, msg_namelen=12, msg_iov=[{iov_base={{len=20, type=NLMSG_DONE, flags=NLM_F_MULTI, seq=1684301237, pid=87}, 0}, iov_len=4096}], msg_iovlen=1, msg_controllen=0, msg_flags=0}, 0) = 20
2023-05-17T05:27:17.458332307Z 05:27:17.458071 socket(AF_UNIX, SOCK_STREAM|SOCK_CLOEXEC|SOCK_NONBLOCK, 0) = 8
2023-05-17T05:27:17.458653931Z 05:27:17.458367 connect(8, {sa_family=AF_UNIX, sun_path="/var/run/nscd/socket"}, 110) = -1 ENOENT (No such file or directory)
2023-05-17T05:27:17.458834693Z 05:27:17.458648 socket(AF_UNIX, SOCK_STREAM|SOCK_CLOEXEC|SOCK_NONBLOCK, 0) = 8
2023-05-17T05:27:17.458999499Z 05:27:17.458778 connect(8, {sa_family=AF_UNIX, sun_path="/var/run/nscd/socket"}, 110) = -1 ENOENT (No such file or directory)
2023-05-17T05:27:17.465882845Z broker.info[3]: start: none->join 4.51982ms
2023-05-17T05:27:18.125997660Z broker.info[3]: parent-ready: join->init 0.659884s
2023-05-17T05:27:18.126301565Z 05:27:18.126047 socketpair(AF_UNIX, SOCK_STREAM|SOCK_CLOEXEC, 0, [22, 23]) = 0
2023-05-17T05:27:18.126504707Z 05:27:18.126327 socketpair(AF_UNIX, SOCK_STREAM, 0, [24, 25]) = 0
2023-05-17T05:27:18.126832178Z 05:27:18.126634 socketpair(AF_UNIX, SOCK_STREAM, 0, [26, 27]) = 0
2023-05-17T05:27:18.127036616Z 05:27:18.126841 socketpair(AF_UNIX, SOCK_STREAM, 0, [28, 29]) = 0
2023-05-17T05:27:18.150585671Z broker.info[3]: configuration updated
2023-05-17T05:27:18.271182019Z broker.info[3]: rc1.0: running /etc/flux/rc1.d/01-sched-fluxion
2023-05-17T05:27:18.282840261Z broker.info[3]: rc1.0: running /etc/flux/rc1.d/02-cron
2023-05-17T05:27:18.302909287Z broker.info[3]: rc1.0: /etc/flux/rc1 Exited (rc=0) 0.2s
2023-05-17T05:27:18.303446604Z broker.info[3]: rc1-success: init->quorum 0.177223s
2023-05-17T05:28:40.173240985Z broker.info[3]: quorum-full: quorum->run 1.36449m
2023-05-17T05:28:40.776961914Z 05:28:40.776363 socketpair(AF_UNIX, SOCK_STREAM|SOCK_CLOEXEC, 0, [22, 23]) = 0
2023-05-17T05:28:40.777649994Z 05:28:40.776840 socketpair(AF_UNIX, SOCK_STREAM, 0, [24, 25]) = 0
2023-05-17T05:28:40.778064685Z 05:28:40.777776 socketpair(AF_UNIX, SOCK_STREAM, 0, [26, 28]) = 0
2023-05-17T05:28:40.778484058Z 05:28:40.778257 socketpair(AF_UNIX, SOCK_STREAM, 0, [58, 59]) = 0
2023-05-17T05:28:46.638431194Z broker.info[3]: shutdown: run->cleanup 6.46453s
2023-05-17T05:28:46.639962227Z broker.info[3]: cleanup-none: cleanup->shutdown 1.17348ms
2023-05-17T05:28:46.641111048Z broker.info[3]: children-none: shutdown->finalize 1.1127ms
2023-05-17T05:28:46.641978051Z 05:28:46.641156 socketpair(AF_UNIX, SOCK_STREAM|SOCK_CLOEXEC, 0, [22, 23]) = 0
2023-05-17T05:28:46.642394686Z 05:28:46.641361 socketpair(AF_UNIX, SOCK_STREAM, 0, [24, 25]) = 0
2023-05-17T05:28:46.642486630Z 05:28:46.641662 socketpair(AF_UNIX, SOCK_STREAM, 0, [26, 28]) = 0
2023-05-17T05:28:46.642508800Z 05:28:46.641975 socketpair(AF_UNIX, SOCK_STREAM, 0, [58, 59]) = 0
2023-05-17T05:28:46.662238207Z broker.info[3]: rc3.0: running /etc/flux/rc3.d/01-sched-fluxion
2023-05-17T05:28:46.788086605Z broker.info[3]: rc3.0: /etc/flux/rc3 Exited (rc=0) 0.1s
2023-05-17T05:28:46.789345864Z broker.info[3]: rc3-success: finalize->goodbye 0.147992s
2023-05-17T05:28:46.791194647Z broker.info[3]: goodbye: goodbye->exit 1.03612ms
2023-05-17T05:28:46.800127994Z 05:28:46.799888 +++ exited with 0 +++
2023-05-17T05:28:46.802070340Z Return value for follower worker is 0
2023-05-17T05:28:46.802212987Z The follower worker exited cleanly. Goodbye!
