2023-05-17T05:24:02.071130535Z
2023-05-17T05:24:02.071553832Z Flux username: flux
2023-05-17T05:24:02.071564492Z
2023-05-17T05:24:02.071570218Z Flux install root: /usr
2023-05-17T05:24:02.118820785Z flux user is already added.
2023-05-17T05:24:02.121438282Z flux user identifiers:
2023-05-17T05:24:02.121464713Z uid=1234(flux) gid=1234(flux) groups=1234(flux)
2023-05-17T05:24:02.121609316Z
2023-05-17T05:24:02.121620903Z As Flux prefix for flux commands: sudo -u flux -E PYTHONPATH= -E PATH=/usr/local/sbin:/usr/local/bin:/usr/sbin:/usr/bin:/sbin:/bin -E LD_LIBRARY_PATH= -E HOME=/home/flux
2023-05-17T05:24:02.130146169Z Host updating script not available yet, waiting...
2023-05-17T05:24:03.135509428Z Host updating script not available yet, waiting...
2023-05-17T05:24:04.143647661Z # Kubernetes-managed hosts file.
2023-05-17T05:24:04.143687728Z 127.0.0.1	localhost
2023-05-17T05:24:04.143695907Z ::1	localhost ip6-localhost ip6-loopback
2023-05-17T05:24:04.143701900Z fe00::0	ip6-localnet
2023-05-17T05:24:04.143707485Z fe00::0	ip6-mcastprefix
2023-05-17T05:24:04.143712650Z fe00::1	ip6-allnodes
2023-05-17T05:24:04.143718650Z fe00::2	ip6-allrouters
2023-05-17T05:24:04.143725230Z 10.24.1.33	flux-sample-3.flux-service.flux-operator.svc.cluster.local	flux-sample-3
2023-05-17T05:24:04.143730436Z 10.24.2.34 flux-sample-0.flux-service.flux-operator.svc.cluster.local flux-sample-0
2023-05-17T05:24:04.143738907Z 10.24.3.27 flux-sample-1.flux-service.flux-operator.svc.cluster.local flux-sample-1
2023-05-17T05:24:04.143745454Z 10.24.0.27 flux-sample-2.flux-service.flux-operator.svc.cluster.local flux-sample-2
2023-05-17T05:24:04.143751632Z 10.24.1.33 flux-sample-3.flux-service.flux-operator.svc.cluster.local flux-sample-3
2023-05-17T05:24:04.146808557Z
2023-05-17T05:24:04.146844195Z ðŸ‘‹ Hello, I'm flux-sample-3
2023-05-17T05:24:04.146852067Z The main host is flux-sample-0
2023-05-17T05:24:04.146894435Z The working directory is /opt, contents include:
2023-05-17T05:24:04.148680492Z /opt:
2023-05-17T05:24:04.148908105Z End of file listing, if you see nothing above there are no files.
2023-05-17T05:24:04.151263178Z flux R encode --hosts=flux-sample-[0-3]
2023-05-17T05:24:04.177368208Z
2023-05-17T05:24:04.177433124Z ðŸ“¦ Resources
2023-05-17T05:24:04.178875619Z {"version": 1, "execution": {"R_lite": [{"rank": "0-3", "children": {"core": "0"}}], "starttime": 0.0, "expiration": 0.0, "nodelist": ["flux-sample-[0-3]"]}}
2023-05-17T05:24:04.179029127Z
2023-05-17T05:24:04.179156928Z ðŸ¸ Diagnostics: false
2023-05-17T05:24:04.184551967Z
2023-05-17T05:24:04.184588888Z ðŸ¦Š Independent Minister of Privilege
2023-05-17T05:24:04.186144543Z [exec]
2023-05-17T05:24:04.186174667Z allowed-users = [ "flux", "root" ]
2023-05-17T05:24:04.186184644Z allowed-shells = [ "/usr/libexec/flux/flux-shell" ]
2023-05-17T05:24:04.186461738Z
2023-05-17T05:24:04.186486623Z ðŸ¸ Broker Configuration
2023-05-17T05:24:04.188029383Z # Flux needs to know the path to the IMP executable
2023-05-17T05:24:04.188055105Z [exec]
2023-05-17T05:24:04.188064562Z imp = "/usr/libexec/flux/flux-imp"
2023-05-17T05:24:04.188071458Z
2023-05-17T05:24:04.188078478Z [access]
2023-05-17T05:24:04.188086071Z allow-guest-user = true
2023-05-17T05:24:04.188093295Z allow-root-owner = true
2023-05-17T05:24:04.188101484Z
2023-05-17T05:24:04.188114933Z # Point to resource definition generated with flux-R(1).
2023-05-17T05:24:04.188122511Z [resource]
2023-05-17T05:24:04.188130860Z path = "/etc/flux/system/R"
2023-05-17T05:24:04.188137480Z
2023-05-17T05:24:04.188144292Z [bootstrap]
2023-05-17T05:24:04.188151808Z curve_cert = "/etc/curve/curve.cert"
2023-05-17T05:24:04.188188631Z default_port = 8050
2023-05-17T05:24:04.188198568Z default_bind = "tcp://eth0:%p"
2023-05-17T05:24:04.188208154Z default_connect = "tcp://%h.flux-service.flux-operator.svc.cluster.local:%p"
2023-05-17T05:24:04.188215386Z hosts = [
2023-05-17T05:24:04.188222739Z 	{ host="flux-sample-[0-3]"},
2023-05-17T05:24:04.188230033Z ]
2023-05-17T05:24:04.188237128Z
2023-05-17T05:24:04.188244421Z [archive]
2023-05-17T05:24:04.188251822Z dbpath = "/var/lib/flux/job-archive.sqlite"
2023-05-17T05:24:04.188260700Z period = "1m"
2023-05-17T05:24:04.259233323Z busytimeout = "50s"
2023-05-17T05:24:04.259285905Z ðŸ§Šï¸ State Directory:
2023-05-17T05:24:04.259294516Z total 0
2023-05-17T05:24:04.259299843Z
2023-05-17T05:24:04.261618564Z
2023-05-17T05:24:04.261662387Z ðŸ”’ï¸ Working directory permissions:
2023-05-17T05:24:04.261670714Z total 0
2023-05-17T05:24:04.261675769Z
2023-05-17T05:24:04.261680559Z
2023-05-17T05:24:04.261685683Z âœ¨ Curve certificate generated by helper pod
2023-05-17T05:24:04.262903164Z #   ****  Generated on 2023-04-26 22:54:42 by CZMQ  ****
2023-05-17T05:24:04.262926471Z #   ZeroMQ CURVE **Secret** Certificate
2023-05-17T05:24:04.262933687Z #   DO NOT PROVIDE THIS FILE TO OTHER USERS nor change its permissions.
2023-05-17T05:24:04.262939192Z
2023-05-17T05:24:04.262944667Z metadata
2023-05-17T05:24:04.262951266Z     name = "flux-cert-generator"
2023-05-17T05:24:04.262956655Z     keygen.hostname = "flux-sample-0"
2023-05-17T05:24:04.262964482Z curve
2023-05-17T05:24:04.262970858Z     public-key = "[wEe3-sKYlJwaGdwepQc8^Jfj@TZvwy*IJK{VPzo"
2023-05-17T05:24:04.262976364Z     secret-key = "3zI]Pi91&kM?36sNXsZn[88-+ort5vz]SsTp^+q6"
2023-05-17T05:24:04.265122212Z
2023-05-17T05:24:04.265151787Z ðŸŒ€  flux start --wrap=strace,-e,network,-tt -o --config /etc/flux/config -Scron.directory=/etc/flux/system/cron.d   -Stbon.fanout=256   -Srundir=/run/flux    -Sstatedir=/var/lib/flux   -Slocal-uri=local:///run/flux/local -Stbon.connect_timeout=5s  -Stbon.zmqdebug=1  -Slog-stderr-level=6    -Slog-stderr-mode=local
2023-05-17T05:24:04.312120315Z 05:24:04.311791 socket(AF_NETLINK, SOCK_RAW|SOCK_CLOEXEC, NETLINK_ROUTE) = 8
2023-05-17T05:24:04.312524332Z 05:24:04.312196 bind(8, {sa_family=AF_NETLINK, nl_pid=0, nl_groups=00000000}, 12) = 0
2023-05-17T05:24:04.312919499Z 05:24:04.312619 getsockname(8, {sa_family=AF_NETLINK, nl_pid=87, nl_groups=00000000}, [12]) = 0
2023-05-17T05:24:04.313434263Z 05:24:04.312990 sendto(8, {{len=20, type=RTM_GETADDR, flags=NLM_F_REQUEST|NLM_F_DUMP, seq=1684301044, pid=0}, {ifa_family=AF_UNSPEC, ...}}, 20, 0, {sa_family=AF_NETLINK, nl_pid=0, nl_groups=00000000}, 12) = 20
2023-05-17T05:24:04.313977387Z 05:24:04.313379 recvmsg(8, {msg_name={sa_family=AF_NETLINK, nl_pid=0, nl_groups=00000000}, msg_namelen=12, msg_iov=[{iov_base=[{{len=76, type=RTM_NEWADDR, flags=NLM_F_MULTI, seq=1684301044, pid=87}, {ifa_family=AF_INET, ifa_prefixlen=8, ifa_flags=IFA_F_PERMANENT, ifa_scope=RT_SCOPE_HOST, ifa_index=if_nametoindex("lo")}, [{{nla_len=8, nla_type=IFA_ADDRESS}, inet_addr("127.0.0.1")}, {{nla_len=8, nla_type=IFA_LOCAL}, inet_addr("127.0.0.1")}, {{nla_len=7, nla_type=IFA_LABEL}, "lo"}, {{nla_len=8, nla_type=IFA_FLAGS}, IFA_F_PERMANENT}, {{nla_len=20, nla_type=IFA_CACHEINFO}, {ifa_prefered=4294967295, ifa_valid=4294967295, cstamp=505331, tstamp=505331}}]}, {{len=88, type=RTM_NEWADDR, flags=NLM_F_MULTI, seq=1684301044, pid=87}, {ifa_family=AF_INET, ifa_prefixlen=24, ifa_flags=IFA_F_PERMANENT, ifa_scope=RT_SCOPE_UNIVERSE, ifa_index=if_nametoindex("eth0")}, [{{nla_len=8, nla_type=IFA_ADDRESS}, inet_addr("10.24.1.33")}, {{nla_len=8, nla_type=IFA_LOCAL}, inet_addr("10.24.1.33")}, {{nla_len=8, nla_type=IFA_BROADCAST}, inet_addr("10.24.1.255")}, {{nla_len=9, nla_type=IFA_LABEL}, "eth0"}, {{nla_len=8, nla_type=IFA_FLAGS}, IFA_F_PERMANENT}, {{nla_len=20, nla_type=IFA_CACHEINFO}, {ifa_prefered=4294967295, ifa_valid=4294967295, cstamp=505335, tstamp=505335}}]}], iov_len=4096}], msg_iovlen=1, msg_controllen=0, msg_flags=0}, 0) = 164
2023-05-17T05:24:04.314185208Z 05:24:04.313907 recvmsg(8, {msg_name={sa_family=AF_NETLINK, nl_pid=0, nl_groups=00000000}, msg_namelen=12, msg_iov=[{iov_base={{len=20, type=NLMSG_DONE, flags=NLM_F_MULTI, seq=1684301044, pid=87}, 0}, iov_len=4096}], msg_iovlen=1, msg_controllen=0, msg_flags=0}, 0) = 20
2023-05-17T05:24:04.314997284Z 05:24:04.314712 socket(AF_UNIX, SOCK_STREAM|SOCK_CLOEXEC|SOCK_NONBLOCK, 0) = 8
2023-05-17T05:24:04.315058112Z 05:24:04.314820 connect(8, {sa_family=AF_UNIX, sun_path="/var/run/nscd/socket"}, 110) = -1 ENOENT (No such file or directory)
2023-05-17T05:24:04.315186785Z 05:24:04.315021 socket(AF_UNIX, SOCK_STREAM|SOCK_CLOEXEC|SOCK_NONBLOCK, 0) = 8
2023-05-17T05:24:04.315352817Z 05:24:04.315146 connect(8, {sa_family=AF_UNIX, sun_path="/var/run/nscd/socket"}, 110) = -1 ENOENT (No such file or directory)
2023-05-17T05:24:04.324176364Z broker.info[3]: start: none->join 2.47747ms
2023-05-17T05:25:24.608768531Z broker.info[3]: parent-ready: join->init 1.33809m
2023-05-17T05:25:24.609507871Z 05:25:24.609100 socketpair(AF_UNIX, SOCK_STREAM|SOCK_CLOEXEC, 0, [22, 23]) = 0
2023-05-17T05:25:24.609796459Z 05:25:24.609569 socketpair(AF_UNIX, SOCK_STREAM, 0, [24, 25]) = 0
2023-05-17T05:25:24.610315758Z 05:25:24.610037 socketpair(AF_UNIX, SOCK_STREAM, 0, [26, 27]) = 0
2023-05-17T05:25:24.610872801Z 05:25:24.610465 socketpair(AF_UNIX, SOCK_STREAM, 0, [28, 29]) = 0
2023-05-17T05:25:24.634488776Z broker.info[3]: configuration updated
2023-05-17T05:25:24.752239109Z broker.info[3]: rc1.0: running /etc/flux/rc1.d/01-sched-fluxion
2023-05-17T05:25:24.762486881Z broker.info[3]: rc1.0: running /etc/flux/rc1.d/02-cron
2023-05-17T05:25:24.784799262Z broker.info[3]: rc1.0: /etc/flux/rc1 Exited (rc=0) 0.2s
2023-05-17T05:25:24.785350432Z broker.info[3]: rc1-success: init->quorum 0.176068s
2023-05-17T05:25:24.995621500Z broker.info[3]: quorum-full: quorum->run 0.209775s
2023-05-17T05:25:25.633100348Z 05:25:25.632657 socketpair(AF_UNIX, SOCK_STREAM|SOCK_CLOEXEC, 0, [22, 23]) = 0
2023-05-17T05:25:25.633405703Z 05:25:25.633047 socketpair(AF_UNIX, SOCK_STREAM, 0, [24, 25]) = 0
2023-05-17T05:25:25.633924151Z 05:25:25.633596 socketpair(AF_UNIX, SOCK_STREAM, 0, [26, 28]) = 0
2023-05-17T05:25:25.634407082Z 05:25:25.634125 socketpair(AF_UNIX, SOCK_STREAM, 0, [58, 59]) = 0
2023-05-17T05:25:31.455515666Z broker.info[3]: shutdown: run->cleanup 6.45968s
2023-05-17T05:25:31.457838965Z broker.info[3]: cleanup-none: cleanup->shutdown 1.7219ms
2023-05-17T05:25:31.459130965Z broker.info[3]: children-none: shutdown->finalize 1.35199ms
2023-05-17T05:25:31.460290605Z 05:25:31.459170 socketpair(AF_UNIX, SOCK_STREAM|SOCK_CLOEXEC, 0, [22, 23]) = 0
2023-05-17T05:25:31.460377420Z 05:25:31.459359 socketpair(AF_UNIX, SOCK_STREAM, 0, [24, 25]) = 0
2023-05-17T05:25:31.460405173Z 05:25:31.459626 socketpair(AF_UNIX, SOCK_STREAM, 0, [26, 28]) = 0
2023-05-17T05:25:31.460463649Z 05:25:31.459894 socketpair(AF_UNIX, SOCK_STREAM, 0, [58, 59]) = 0
2023-05-17T05:25:31.477980338Z broker.info[3]: rc3.0: running /etc/flux/rc3.d/01-sched-fluxion
2023-05-17T05:25:31.611127672Z broker.info[3]: rc3.0: /etc/flux/rc3 Exited (rc=0) 0.1s
2023-05-17T05:25:31.612462793Z broker.info[3]: rc3-success: finalize->goodbye 0.153133s
2023-05-17T05:25:31.614624104Z broker.info[3]: goodbye: goodbye->exit 1.75751ms
2023-05-17T05:25:31.625902900Z 05:25:31.625629 +++ exited with 0 +++
2023-05-17T05:25:31.627241018Z Return value for follower worker is 0
2023-05-17T05:25:31.627411049Z The follower worker exited cleanly. Goodbye!
