2023-05-17T05:18:45.053891422Z
2023-05-17T05:18:45.053953499Z Flux username: flux
2023-05-17T05:18:45.053960867Z
2023-05-17T05:18:45.053966058Z Flux install root: /usr
2023-05-17T05:18:45.103114883Z flux user is already added.
2023-05-17T05:18:45.106749318Z flux user identifiers:
2023-05-17T05:18:45.106912359Z uid=1234(flux) gid=1234(flux) groups=1234(flux)
2023-05-17T05:18:45.106924598Z
2023-05-17T05:18:45.106932274Z As Flux prefix for flux commands: sudo -u flux -E PYTHONPATH= -E PATH=/usr/local/sbin:/usr/local/bin:/usr/sbin:/usr/bin:/sbin:/bin -E LD_LIBRARY_PATH= -E HOME=/home/flux
2023-05-17T05:18:45.114994502Z Host updating script not available yet, waiting...
2023-05-17T05:18:46.120972756Z Host updating script not available yet, waiting...
2023-05-17T05:18:47.128533186Z Host updating script not available yet, waiting...
2023-05-17T05:18:48.136277143Z Host updating script not available yet, waiting...
2023-05-17T05:18:49.143040929Z Host updating script not available yet, waiting...
2023-05-17T05:18:50.149180072Z Host updating script not available yet, waiting...
2023-05-17T05:18:51.154815554Z Host updating script not available yet, waiting...
2023-05-17T05:18:52.160768019Z Host updating script not available yet, waiting...
2023-05-17T05:18:53.166074504Z Host updating script not available yet, waiting...
2023-05-17T05:18:54.172272248Z Host updating script not available yet, waiting...
2023-05-17T05:18:55.177843719Z Host updating script not available yet, waiting...
2023-05-17T05:18:56.183311563Z Host updating script not available yet, waiting...
2023-05-17T05:18:57.191015466Z Host updating script not available yet, waiting...
2023-05-17T05:18:58.197374055Z Host updating script not available yet, waiting...
2023-05-17T05:18:59.203049603Z Host updating script not available yet, waiting...
2023-05-17T05:19:00.208833674Z Host updating script not available yet, waiting...
2023-05-17T05:19:01.214893472Z Host updating script not available yet, waiting...
2023-05-17T05:19:02.220283368Z Host updating script not available yet, waiting...
2023-05-17T05:19:03.225812908Z Host updating script not available yet, waiting...
2023-05-17T05:19:04.231125140Z Host updating script not available yet, waiting...
2023-05-17T05:19:05.236970309Z Host updating script not available yet, waiting...
2023-05-17T05:19:06.242216494Z Host updating script not available yet, waiting...
2023-05-17T05:19:07.248260513Z Host updating script not available yet, waiting...
2023-05-17T05:19:08.254488706Z Host updating script not available yet, waiting...
2023-05-17T05:19:09.260579736Z Host updating script not available yet, waiting...
2023-05-17T05:19:10.266720833Z Host updating script not available yet, waiting...
2023-05-17T05:19:11.272728069Z Host updating script not available yet, waiting...
2023-05-17T05:19:12.278306180Z Host updating script not available yet, waiting...
2023-05-17T05:19:13.284584773Z Host updating script not available yet, waiting...
2023-05-17T05:19:14.289706610Z Host updating script not available yet, waiting...
2023-05-17T05:19:15.295283642Z Host updating script not available yet, waiting...
2023-05-17T05:19:16.300653749Z Host updating script not available yet, waiting...
2023-05-17T05:19:17.308718802Z Host updating script not available yet, waiting...
2023-05-17T05:19:18.314526974Z Host updating script not available yet, waiting...
2023-05-17T05:19:19.320745506Z Host updating script not available yet, waiting...
2023-05-17T05:19:20.328710612Z Host updating script not available yet, waiting...
2023-05-17T05:19:21.333344537Z Host updating script not available yet, waiting...
2023-05-17T05:19:22.340100251Z Host updating script not available yet, waiting...
2023-05-17T05:19:23.352545026Z Host updating script not available yet, waiting...
2023-05-17T05:19:24.356531634Z Host updating script not available yet, waiting...
2023-05-17T05:19:25.362526707Z Host updating script not available yet, waiting...
2023-05-17T05:19:26.368467429Z Host updating script not available yet, waiting...
2023-05-17T05:19:27.375398263Z Host updating script not available yet, waiting...
2023-05-17T05:19:28.381717604Z Host updating script not available yet, waiting...
2023-05-17T05:19:29.387281695Z Host updating script not available yet, waiting...
2023-05-17T05:19:30.392502466Z Host updating script not available yet, waiting...
2023-05-17T05:19:31.397828807Z Host updating script not available yet, waiting...
2023-05-17T05:19:32.403961665Z Host updating script not available yet, waiting...
2023-05-17T05:19:33.409800580Z Host updating script not available yet, waiting...
2023-05-17T05:19:34.415699587Z Host updating script not available yet, waiting...
2023-05-17T05:19:35.421768307Z Host updating script not available yet, waiting...
2023-05-17T05:19:36.427088453Z Host updating script not available yet, waiting...
2023-05-17T05:19:37.432679560Z Host updating script not available yet, waiting...
2023-05-17T05:19:38.438495109Z Host updating script not available yet, waiting...
2023-05-17T05:19:39.444547486Z Host updating script not available yet, waiting...
2023-05-17T05:19:40.450114381Z Host updating script not available yet, waiting...
2023-05-17T05:19:41.455559427Z Host updating script not available yet, waiting...
2023-05-17T05:19:42.462221745Z Host updating script not available yet, waiting...
2023-05-17T05:19:43.466660906Z Host updating script not available yet, waiting...
2023-05-17T05:19:44.471866337Z Host updating script not available yet, waiting...
2023-05-17T05:19:45.477674724Z Host updating script not available yet, waiting...
2023-05-17T05:19:46.483588516Z Host updating script not available yet, waiting...
2023-05-17T05:19:47.489513796Z Host updating script not available yet, waiting...
2023-05-17T05:19:48.495702428Z Host updating script not available yet, waiting...
2023-05-17T05:19:49.503767552Z Host updating script not available yet, waiting...
2023-05-17T05:19:50.509438744Z Host updating script not available yet, waiting...
2023-05-17T05:19:51.515776464Z Host updating script not available yet, waiting...
2023-05-17T05:19:52.521552257Z Host updating script not available yet, waiting...
2023-05-17T05:19:53.527408824Z Host updating script not available yet, waiting...
2023-05-17T05:19:54.533133751Z Host updating script not available yet, waiting...
2023-05-17T05:19:55.539330150Z Host updating script not available yet, waiting...
2023-05-17T05:19:56.544751410Z Host updating script not available yet, waiting...
2023-05-17T05:19:57.550876831Z Host updating script not available yet, waiting...
2023-05-17T05:19:58.557346718Z Host updating script not available yet, waiting...
2023-05-17T05:19:59.563346839Z Host updating script not available yet, waiting...
2023-05-17T05:20:00.571851053Z # Kubernetes-managed hosts file.
2023-05-17T05:20:00.571898412Z 127.0.0.1	localhost
2023-05-17T05:20:00.571910318Z ::1	localhost ip6-localhost ip6-loopback
2023-05-17T05:20:00.571916802Z fe00::0	ip6-localnet
2023-05-17T05:20:00.571923592Z fe00::0	ip6-mcastprefix
2023-05-17T05:20:00.571929699Z fe00::1	ip6-allnodes
2023-05-17T05:20:00.571934861Z fe00::2	ip6-allrouters
2023-05-17T05:20:00.571941196Z 10.24.0.23	flux-sample-2.flux-service.flux-operator.svc.cluster.local	flux-sample-2
2023-05-17T05:20:00.571947912Z 10.24.2.30 flux-sample-0.flux-service.flux-operator.svc.cluster.local flux-sample-0
2023-05-17T05:20:00.571975516Z 10.24.3.23 flux-sample-1.flux-service.flux-operator.svc.cluster.local flux-sample-1
2023-05-17T05:20:00.571984130Z 10.24.0.23 flux-sample-2.flux-service.flux-operator.svc.cluster.local flux-sample-2
2023-05-17T05:20:00.571991289Z 10.24.1.29 flux-sample-3.flux-service.flux-operator.svc.cluster.local flux-sample-3
2023-05-17T05:20:00.575350833Z
2023-05-17T05:20:00.575435350Z ðŸ‘‹ Hello, I'm flux-sample-2
2023-05-17T05:20:00.575443514Z The main host is flux-sample-0
2023-05-17T05:20:00.575449660Z The working directory is /opt, contents include:
2023-05-17T05:20:00.577509918Z /opt:
2023-05-17T05:20:00.577865441Z End of file listing, if you see nothing above there are no files.
2023-05-17T05:20:00.581724216Z flux R encode --hosts=flux-sample-[0-3]
2023-05-17T05:20:00.608031556Z
2023-05-17T05:20:00.608084525Z ðŸ“¦ Resources
2023-05-17T05:20:00.609904105Z {"version": 1, "execution": {"R_lite": [{"rank": "0-3", "children": {"core": "0"}}], "starttime": 0.0, "expiration": 0.0, "nodelist": ["flux-sample-[0-3]"]}}
2023-05-17T05:20:00.610219832Z
2023-05-17T05:20:00.610239881Z ðŸ¸ Diagnostics: false
2023-05-17T05:20:00.615026812Z
2023-05-17T05:20:00.615057268Z ðŸ¦Š Independent Minister of Privilege
2023-05-17T05:20:00.616377636Z [exec]
2023-05-17T05:20:00.616403461Z allowed-users = [ "flux", "root" ]
2023-05-17T05:20:00.616412739Z allowed-shells = [ "/usr/libexec/flux/flux-shell" ]
2023-05-17T05:20:00.616843453Z
2023-05-17T05:20:00.616871074Z ðŸ¸ Broker Configuration
2023-05-17T05:20:00.618264826Z # Flux needs to know the path to the IMP executable
2023-05-17T05:20:00.618292016Z [exec]
2023-05-17T05:20:00.618300155Z imp = "/usr/libexec/flux/flux-imp"
2023-05-17T05:20:00.618305568Z
2023-05-17T05:20:00.618310571Z [access]
2023-05-17T05:20:00.618316650Z allow-guest-user = true
2023-05-17T05:20:00.618322206Z allow-root-owner = true
2023-05-17T05:20:00.618327610Z
2023-05-17T05:20:00.618335755Z # Point to resource definition generated with flux-R(1).
2023-05-17T05:20:00.618342551Z [resource]
2023-05-17T05:20:00.618349465Z path = "/etc/flux/system/R"
2023-05-17T05:20:00.618362452Z
2023-05-17T05:20:00.618368232Z [bootstrap]
2023-05-17T05:20:00.618373986Z curve_cert = "/etc/curve/curve.cert"
2023-05-17T05:20:00.618379124Z default_port = 8050
2023-05-17T05:20:00.618384352Z default_bind = "tcp://eth0:%p"
2023-05-17T05:20:00.618393016Z default_connect = "tcp://%h.flux-service.flux-operator.svc.cluster.local:%p"
2023-05-17T05:20:00.618399550Z hosts = [
2023-05-17T05:20:00.618404893Z 	{ host="flux-sample-[0-3]"},
2023-05-17T05:20:00.618410276Z ]
2023-05-17T05:20:00.618415023Z
2023-05-17T05:20:00.618420393Z [archive]
2023-05-17T05:20:00.618425811Z dbpath = "/var/lib/flux/job-archive.sqlite"
2023-05-17T05:20:00.618431092Z period = "1m"
2023-05-17T05:20:00.691194388Z busytimeout = "50s"
2023-05-17T05:20:00.691239689Z ðŸ§Šï¸ State Directory:
2023-05-17T05:20:00.691248513Z total 0
2023-05-17T05:20:00.691254145Z
2023-05-17T05:20:00.693827807Z
2023-05-17T05:20:00.693863214Z ðŸ”’ï¸ Working directory permissions:
2023-05-17T05:20:00.693871210Z total 0
2023-05-17T05:20:00.693997098Z
2023-05-17T05:20:00.694007281Z
2023-05-17T05:20:00.694023753Z âœ¨ Curve certificate generated by helper pod
2023-05-17T05:20:00.695525017Z #   ****  Generated on 2023-04-26 22:54:42 by CZMQ  ****
2023-05-17T05:20:00.695585846Z #   ZeroMQ CURVE **Secret** Certificate
2023-05-17T05:20:00.695598052Z #   DO NOT PROVIDE THIS FILE TO OTHER USERS nor change its permissions.
2023-05-17T05:20:00.695604446Z
2023-05-17T05:20:00.695672607Z metadata
2023-05-17T05:20:00.695679852Z     name = "flux-cert-generator"
2023-05-17T05:20:00.695685328Z     keygen.hostname = "flux-sample-0"
2023-05-17T05:20:00.695690744Z curve
2023-05-17T05:20:00.695718227Z     public-key = "8RuGo:0!u%s7v0k1/{Xf/S>B&/IlWeFYErg:Y(22"
2023-05-17T05:20:00.695727172Z     secret-key = "m%t(Hr?}s1*!A%I0UE8a/ckZUyM)^V6k!$y?^^e#"
2023-05-17T05:20:00.698020741Z
2023-05-17T05:20:00.698055437Z ðŸŒ€  flux start --wrap=strace,-e,network,-tt -o --config /etc/flux/config -Scron.directory=/etc/flux/system/cron.d   -Stbon.fanout=256   -Srundir=/run/flux    -Sstatedir=/var/lib/flux   -Slocal-uri=local:///run/flux/local -Stbon.connect_timeout=5s  -Stbon.zmqdebug=1  -Slog-stderr-level=6    -Slog-stderr-mode=local
2023-05-17T05:20:00.745351439Z 05:20:00.744933 socket(AF_NETLINK, SOCK_RAW|SOCK_CLOEXEC, NETLINK_ROUTE) = 8
2023-05-17T05:20:00.745498533Z 05:20:00.745175 bind(8, {sa_family=AF_NETLINK, nl_pid=0, nl_groups=00000000}, 12) = 0
2023-05-17T05:20:00.745511068Z 05:20:00.745335 getsockname(8, {sa_family=AF_NETLINK, nl_pid=452, nl_groups=00000000}, [12]) = 0
2023-05-17T05:20:00.745946865Z 05:20:00.745446 sendto(8, {{len=20, type=RTM_GETADDR, flags=NLM_F_REQUEST|NLM_F_DUMP, seq=1684300800, pid=0}, {ifa_family=AF_UNSPEC, ...}}, 20, 0, {sa_family=AF_NETLINK, nl_pid=0, nl_groups=00000000}, 12) = 20
2023-05-17T05:20:00.746240793Z 05:20:00.745817 recvmsg(8, {msg_name={sa_family=AF_NETLINK, nl_pid=0, nl_groups=00000000}, msg_namelen=12, msg_iov=[{iov_base=[{{len=76, type=RTM_NEWADDR, flags=NLM_F_MULTI, seq=1684300800, pid=452}, {ifa_family=AF_INET, ifa_prefixlen=8, ifa_flags=IFA_F_PERMANENT, ifa_scope=RT_SCOPE_HOST, ifa_index=if_nametoindex("lo")}, [{{nla_len=8, nla_type=IFA_ADDRESS}, inet_addr("127.0.0.1")}, {{nla_len=8, nla_type=IFA_LOCAL}, inet_addr("127.0.0.1")}, {{nla_len=7, nla_type=IFA_LABEL}, "lo"}, {{nla_len=8, nla_type=IFA_FLAGS}, IFA_F_PERMANENT}, {{nla_len=20, nla_type=IFA_CACHEINFO}, {ifa_prefered=4294967295, ifa_valid=4294967295, cstamp=473583, tstamp=473583}}]}, {{len=88, type=RTM_NEWADDR, flags=NLM_F_MULTI, seq=1684300800, pid=452}, {ifa_family=AF_INET, ifa_prefixlen=24, ifa_flags=IFA_F_PERMANENT, ifa_scope=RT_SCOPE_UNIVERSE, ifa_index=if_nametoindex("eth0")}, [{{nla_len=8, nla_type=IFA_ADDRESS}, inet_addr("10.24.0.23")}, {{nla_len=8, nla_type=IFA_LOCAL}, inet_addr("10.24.0.23")}, {{nla_len=8, nla_type=IFA_BROADCAST}, inet_addr("10.24.0.255")}, {{nla_len=9, nla_type=IFA_LABEL}, "eth0"}, {{nla_len=8, nla_type=IFA_FLAGS}, IFA_F_PERMANENT}, {{nla_len=20, nla_type=IFA_CACHEINFO}, {ifa_prefered=4294967295, ifa_valid=4294967295, cstamp=473586, tstamp=473586}}]}], iov_len=4096}], msg_iovlen=1, msg_controllen=0, msg_flags=0}, 0) = 164
2023-05-17T05:20:00.746330167Z 05:20:00.746131 recvmsg(8, {msg_name={sa_family=AF_NETLINK, nl_pid=0, nl_groups=00000000}, msg_namelen=12, msg_iov=[{iov_base={{len=20, type=NLMSG_DONE, flags=NLM_F_MULTI, seq=1684300800, pid=452}, 0}, iov_len=4096}], msg_iovlen=1, msg_controllen=0, msg_flags=0}, 0) = 20
2023-05-17T05:20:00.747087305Z 05:20:00.746800 socket(AF_UNIX, SOCK_STREAM|SOCK_CLOEXEC|SOCK_NONBLOCK, 0) = 8
2023-05-17T05:20:00.747294273Z 05:20:00.746948 connect(8, {sa_family=AF_UNIX, sun_path="/var/run/nscd/socket"}, 110) = -1 ENOENT (No such file or directory)
2023-05-17T05:20:00.747481077Z 05:20:00.747167 socket(AF_UNIX, SOCK_STREAM|SOCK_CLOEXEC|SOCK_NONBLOCK, 0) = 8
2023-05-17T05:20:00.747506776Z 05:20:00.747270 connect(8, {sa_family=AF_UNIX, sun_path="/var/run/nscd/socket"}, 110) = -1 ENOENT (No such file or directory)
2023-05-17T05:20:00.752751381Z broker.info[2]: start: none->join 1.90682ms
2023-05-17T05:20:08.771668338Z broker.info[2]: parent-ready: join->init 8.01844s
2023-05-17T05:20:08.772538537Z 05:20:08.771878 socketpair(AF_UNIX, SOCK_STREAM|SOCK_CLOEXEC, 0, [22, 23]) = 0
2023-05-17T05:20:08.772965952Z 05:20:08.772253 socketpair(AF_UNIX, SOCK_STREAM, 0, [24, 25]) = 0
2023-05-17T05:20:08.773401192Z 05:20:08.772761 socketpair(AF_UNIX, SOCK_STREAM, 0, [26, 27]) = 0
2023-05-17T05:20:08.773633347Z 05:20:08.773193 socketpair(AF_UNIX, SOCK_STREAM, 0, [28, 29]) = 0
2023-05-17T05:20:08.796392411Z broker.info[2]: configuration updated
2023-05-17T05:20:08.926829015Z broker.info[2]: rc1.0: running /etc/flux/rc1.d/01-sched-fluxion
2023-05-17T05:20:08.937962683Z broker.info[2]: rc1.0: running /etc/flux/rc1.d/02-cron
2023-05-17T05:20:08.961522159Z broker.info[2]: rc1.0: /etc/flux/rc1 Exited (rc=0) 0.2s
2023-05-17T05:20:08.963092923Z broker.info[2]: rc1-success: init->quorum 0.191066s
2023-05-17T05:20:09.171433120Z broker.info[2]: quorum-full: quorum->run 0.207623s
2023-05-17T05:20:15.613937606Z broker.info[2]: shutdown: run->cleanup 6.44111s
2023-05-17T05:20:15.614886078Z broker.info[2]: cleanup-none: cleanup->shutdown 0.920323ms
2023-05-17T05:20:15.615644174Z broker.info[2]: children-none: shutdown->finalize 0.676869ms
2023-05-17T05:20:15.616013321Z 05:20:15.615285 socketpair(AF_UNIX, SOCK_STREAM|SOCK_CLOEXEC, 0, [22, 23]) = 0
2023-05-17T05:20:15.616203891Z 05:20:15.615468 socketpair(AF_UNIX, SOCK_STREAM, 0, [24, 25]) = 0
2023-05-17T05:20:15.616386854Z 05:20:15.615687 socketpair(AF_UNIX, SOCK_STREAM, 0, [26, 28]) = 0
2023-05-17T05:20:15.616542577Z 05:20:15.615870 socketpair(AF_UNIX, SOCK_STREAM, 0, [58, 59]) = 0
2023-05-17T05:20:15.633695515Z broker.info[2]: rc3.0: running /etc/flux/rc3.d/01-sched-fluxion
2023-05-17T05:20:15.738677836Z broker.info[2]: rc3.0: /etc/flux/rc3 Exited (rc=0) 0.1s
2023-05-17T05:20:15.739005191Z broker.info[2]: rc3-success: finalize->goodbye 0.123568s
2023-05-17T05:20:15.739880536Z broker.info[2]: goodbye: goodbye->exit 0.593579ms
2023-05-17T05:20:15.748067443Z 05:20:15.747866 +++ exited with 0 +++
2023-05-17T05:20:15.749690191Z Return value for follower worker is 0
2023-05-17T05:20:15.749808313Z The follower worker exited cleanly. Goodbye!
