2023-05-17T05:12:37.783214307Z
2023-05-17T05:12:37.783280958Z Flux username: flux
2023-05-17T05:12:37.783289761Z
2023-05-17T05:12:37.783295797Z Flux install root: /usr
2023-05-17T05:12:37.831528404Z flux user is already added.
2023-05-17T05:12:37.835208813Z flux user identifiers:
2023-05-17T05:12:37.835243008Z uid=1234(flux) gid=1234(flux) groups=1234(flux)
2023-05-17T05:12:37.835249217Z
2023-05-17T05:12:37.835259266Z As Flux prefix for flux commands: sudo -u flux -E PYTHONPATH= -E PATH=/usr/local/sbin:/usr/local/bin:/usr/sbin:/usr/bin:/sbin:/bin -E LD_LIBRARY_PATH= -E HOME=/home/flux
2023-05-17T05:12:37.843889367Z Host updating script not available yet, waiting...
2023-05-17T05:12:38.849885135Z Host updating script not available yet, waiting...
2023-05-17T05:12:39.857782985Z # Kubernetes-managed hosts file.
2023-05-17T05:12:39.857844841Z 127.0.0.1	localhost
2023-05-17T05:12:39.857855164Z ::1	localhost ip6-localhost ip6-loopback
2023-05-17T05:12:39.857861747Z fe00::0	ip6-localnet
2023-05-17T05:12:39.857867082Z fe00::0	ip6-mcastprefix
2023-05-17T05:12:39.857965681Z fe00::1	ip6-allnodes
2023-05-17T05:12:39.857974788Z fe00::2	ip6-allrouters
2023-05-17T05:12:39.857982998Z 10.24.0.16	flux-sample-2.flux-service.flux-operator.svc.cluster.local	flux-sample-2
2023-05-17T05:12:39.857988916Z 10.24.2.23 flux-sample-0.flux-service.flux-operator.svc.cluster.local flux-sample-0
2023-05-17T05:12:39.857994174Z 10.24.3.16 flux-sample-1.flux-service.flux-operator.svc.cluster.local flux-sample-1
2023-05-17T05:12:39.857999713Z 10.24.0.16 flux-sample-2.flux-service.flux-operator.svc.cluster.local flux-sample-2
2023-05-17T05:12:39.858005745Z 10.24.1.22 flux-sample-3.flux-service.flux-operator.svc.cluster.local flux-sample-3
2023-05-17T05:12:39.861164857Z
2023-05-17T05:12:39.861230234Z ðŸ‘‹ Hello, I'm flux-sample-2
2023-05-17T05:12:39.861240514Z The main host is flux-sample-0
2023-05-17T05:12:39.861578693Z The working directory is /opt, contents include:
2023-05-17T05:12:39.863470768Z /opt:
2023-05-17T05:12:39.863825759Z End of file listing, if you see nothing above there are no files.
2023-05-17T05:12:39.865484085Z flux R encode --hosts=flux-sample-[0-3]
2023-05-17T05:12:39.891894181Z
2023-05-17T05:12:39.891956308Z ðŸ“¦ Resources
2023-05-17T05:12:39.893651561Z {"version": 1, "execution": {"R_lite": [{"rank": "0-3", "children": {"core": "0"}}], "starttime": 0.0, "expiration": 0.0, "nodelist": ["flux-sample-[0-3]"]}}
2023-05-17T05:12:39.893977599Z
2023-05-17T05:12:39.893998891Z ðŸ¸ Diagnostics: false
2023-05-17T05:12:39.898310048Z
2023-05-17T05:12:39.898342965Z ðŸ¦Š Independent Minister of Privilege
2023-05-17T05:12:39.899664258Z [exec]
2023-05-17T05:12:39.899689836Z allowed-users = [ "flux", "root" ]
2023-05-17T05:12:39.899697647Z allowed-shells = [ "/usr/libexec/flux/flux-shell" ]
2023-05-17T05:12:39.900016304Z
2023-05-17T05:12:39.900037614Z ðŸ¸ Broker Configuration
2023-05-17T05:12:39.901447205Z # Flux needs to know the path to the IMP executable
2023-05-17T05:12:39.901469277Z [exec]
2023-05-17T05:12:39.901476471Z imp = "/usr/libexec/flux/flux-imp"
2023-05-17T05:12:39.901481800Z
2023-05-17T05:12:39.901487588Z [access]
2023-05-17T05:12:39.901493940Z allow-guest-user = true
2023-05-17T05:12:39.901499344Z allow-root-owner = true
2023-05-17T05:12:39.901506983Z
2023-05-17T05:12:39.901513631Z # Point to resource definition generated with flux-R(1).
2023-05-17T05:12:39.901519901Z [resource]
2023-05-17T05:12:39.901525583Z path = "/etc/flux/system/R"
2023-05-17T05:12:39.901530652Z
2023-05-17T05:12:39.901535664Z [bootstrap]
2023-05-17T05:12:39.901541148Z curve_cert = "/etc/curve/curve.cert"
2023-05-17T05:12:39.901559603Z default_port = 8050
2023-05-17T05:12:39.901568416Z default_bind = "tcp://eth0:%p"
2023-05-17T05:12:39.901576439Z default_connect = "tcp://%h.flux-service.flux-operator.svc.cluster.local:%p"
2023-05-17T05:12:39.901580878Z hosts = [
2023-05-17T05:12:39.901584888Z 	{ host="flux-sample-[0-3]"},
2023-05-17T05:12:39.901588484Z ]
2023-05-17T05:12:39.901591943Z
2023-05-17T05:12:39.901596889Z [archive]
2023-05-17T05:12:39.901601848Z dbpath = "/var/lib/flux/job-archive.sqlite"
2023-05-17T05:12:39.901636136Z period = "1m"
2023-05-17T05:12:39.969954064Z busytimeout = "50s"
2023-05-17T05:12:39.969992285Z ðŸ§Šï¸ State Directory:
2023-05-17T05:12:39.970000323Z total 0
2023-05-17T05:12:39.970006103Z
2023-05-17T05:12:39.973352618Z
2023-05-17T05:12:39.973392479Z ðŸ”’ï¸ Working directory permissions:
2023-05-17T05:12:39.973400166Z total 0
2023-05-17T05:12:39.973405339Z
2023-05-17T05:12:39.973410543Z
2023-05-17T05:12:39.973418266Z âœ¨ Curve certificate generated by helper pod
2023-05-17T05:12:39.975061277Z #   ****  Generated on 2023-04-26 22:54:42 by CZMQ  ****
2023-05-17T05:12:39.975086109Z #   ZeroMQ CURVE **Secret** Certificate
2023-05-17T05:12:39.975095096Z #   DO NOT PROVIDE THIS FILE TO OTHER USERS nor change its permissions.
2023-05-17T05:12:39.975100891Z
2023-05-17T05:12:39.975105759Z metadata
2023-05-17T05:12:39.975111751Z     name = "flux-cert-generator"
2023-05-17T05:12:39.975117219Z     keygen.hostname = "flux-sample-0"
2023-05-17T05:12:39.975122952Z curve
2023-05-17T05:12:39.975128399Z     public-key = "Q]v$Y)r(6.N7lY3T^XviS8Mdeo/1KXZP6I})wl*v"
2023-05-17T05:12:39.975136571Z     secret-key = "GsZoVa:VIpcT[TS}qO348pe[DM@J^0VeaeKf*wg2"
2023-05-17T05:12:39.984267697Z
2023-05-17T05:12:39.984310556Z ðŸŒ€  flux start --wrap=strace,-e,network,-tt -o --config /etc/flux/config -Scron.directory=/etc/flux/system/cron.d   -Stbon.fanout=256   -Srundir=/run/flux    -Sstatedir=/var/lib/flux   -Slocal-uri=local:///run/flux/local -Stbon.connect_timeout=5s  -Stbon.zmqdebug=1  -Slog-stderr-level=6    -Slog-stderr-mode=local
2023-05-17T05:12:40.024272619Z 05:12:40.023676 socket(AF_NETLINK, SOCK_RAW|SOCK_CLOEXEC, NETLINK_ROUTE) = 8
2023-05-17T05:12:40.024308788Z 05:12:40.023825 bind(8, {sa_family=AF_NETLINK, nl_pid=0, nl_groups=00000000}, 12) = 0
2023-05-17T05:12:40.024316339Z 05:12:40.023907 getsockname(8, {sa_family=AF_NETLINK, nl_pid=87, nl_groups=00000000}, [12]) = 0
2023-05-17T05:12:40.024733827Z 05:12:40.023966 sendto(8, {{len=20, type=RTM_GETADDR, flags=NLM_F_REQUEST|NLM_F_DUMP, seq=1684300360, pid=0}, {ifa_family=AF_UNSPEC, ...}}, 20, 0, {sa_family=AF_NETLINK, nl_pid=0, nl_groups=00000000}, 12) = 20
2023-05-17T05:12:40.025429299Z 05:12:40.024807 recvmsg(8, {msg_name={sa_family=AF_NETLINK, nl_pid=0, nl_groups=00000000}, msg_namelen=12, msg_iov=[{iov_base=[{{len=76, type=RTM_NEWADDR, flags=NLM_F_MULTI, seq=1684300360, pid=87}, {ifa_family=AF_INET, ifa_prefixlen=8, ifa_flags=IFA_F_PERMANENT, ifa_scope=RT_SCOPE_HOST, ifa_index=if_nametoindex("lo")}, [{{nla_len=8, nla_type=IFA_ADDRESS}, inet_addr("127.0.0.1")}, {{nla_len=8, nla_type=IFA_LOCAL}, inet_addr("127.0.0.1")}, {{nla_len=7, nla_type=IFA_LABEL}, "lo"}, {{nla_len=8, nla_type=IFA_FLAGS}, IFA_F_PERMANENT}, {{nla_len=20, nla_type=IFA_CACHEINFO}, {ifa_prefered=4294967295, ifa_valid=4294967295, cstamp=436844, tstamp=436844}}]}, {{len=88, type=RTM_NEWADDR, flags=NLM_F_MULTI, seq=1684300360, pid=87}, {ifa_family=AF_INET, ifa_prefixlen=24, ifa_flags=IFA_F_PERMANENT, ifa_scope=RT_SCOPE_UNIVERSE, ifa_index=if_nametoindex("eth0")}, [{{nla_len=8, nla_type=IFA_ADDRESS}, inet_addr("10.24.0.16")}, {{nla_len=8, nla_type=IFA_LOCAL}, inet_addr("10.24.0.16")}, {{nla_len=8, nla_type=IFA_BROADCAST}, inet_addr("10.24.0.255")}, {{nla_len=9, nla_type=IFA_LABEL}, "eth0"}, {{nla_len=8, nla_type=IFA_FLAGS}, IFA_F_PERMANENT}, {{nla_len=20, nla_type=IFA_CACHEINFO}, {ifa_prefered=4294967295, ifa_valid=4294967295, cstamp=436847, tstamp=436847}}]}], iov_len=4096}], msg_iovlen=1, msg_controllen=0, msg_flags=0}, 0) = 164
2023-05-17T05:12:40.025898495Z 05:12:40.025528 recvmsg(8, {msg_name={sa_family=AF_NETLINK, nl_pid=0, nl_groups=00000000}, msg_namelen=12, msg_iov=[{iov_base={{len=20, type=NLMSG_DONE, flags=NLM_F_MULTI, seq=1684300360, pid=87}, 0}, iov_len=4096}], msg_iovlen=1, msg_controllen=0, msg_flags=0}, 0) = 20
2023-05-17T05:12:40.026781442Z 05:12:40.026444 socket(AF_UNIX, SOCK_STREAM|SOCK_CLOEXEC|SOCK_NONBLOCK, 0) = 8
2023-05-17T05:12:40.027197496Z 05:12:40.026693 connect(8, {sa_family=AF_UNIX, sun_path="/var/run/nscd/socket"}, 110) = -1 ENOENT (No such file or directory)
2023-05-17T05:12:40.027639582Z 05:12:40.027305 socket(AF_UNIX, SOCK_STREAM|SOCK_CLOEXEC|SOCK_NONBLOCK, 0) = 8
2023-05-17T05:12:40.027982244Z 05:12:40.027701 connect(8, {sa_family=AF_UNIX, sun_path="/var/run/nscd/socket"}, 110) = -1 ENOENT (No such file or directory)
2023-05-17T05:12:40.034174515Z broker.info[2]: start: none->join 2.7641ms
2023-05-17T05:12:40.273855157Z broker.info[2]: parent-ready: join->init 0.238984s
2023-05-17T05:12:40.274099953Z 05:12:40.273774 socketpair(AF_UNIX, SOCK_STREAM|SOCK_CLOEXEC, 0, [22, 23]) = 0
2023-05-17T05:12:40.274372481Z 05:12:40.274053 socketpair(AF_UNIX, SOCK_STREAM, 0, [24, 25]) = 0
2023-05-17T05:12:40.274578227Z 05:12:40.274353 socketpair(AF_UNIX, SOCK_STREAM, 0, [26, 27]) = 0
2023-05-17T05:12:40.274846388Z 05:12:40.274642 socketpair(AF_UNIX, SOCK_STREAM, 0, [28, 29]) = 0
2023-05-17T05:12:40.296437167Z broker.info[2]: configuration updated
2023-05-17T05:12:40.423803469Z broker.info[2]: rc1.0: running /etc/flux/rc1.d/01-sched-fluxion
2023-05-17T05:12:40.434159844Z broker.info[2]: rc1.0: running /etc/flux/rc1.d/02-cron
2023-05-17T05:12:40.455884350Z broker.info[2]: rc1.0: /etc/flux/rc1 Exited (rc=0) 0.2s
2023-05-17T05:12:40.456622833Z broker.info[2]: rc1-success: init->quorum 0.182605s
2023-05-17T05:12:40.661355266Z broker.info[2]: quorum-full: quorum->run 0.204566s
2023-05-17T05:12:47.057861554Z broker.info[2]: shutdown: run->cleanup 6.39629s
2023-05-17T05:12:47.058967733Z broker.info[2]: cleanup-none: cleanup->shutdown 0.858924ms
2023-05-17T05:12:47.060467356Z broker.info[2]: children-none: shutdown->finalize 1.03002ms
2023-05-17T05:12:47.061117405Z 05:12:47.060711 socketpair(AF_UNIX, SOCK_STREAM|SOCK_CLOEXEC, 0, [22, 23]) = 0
2023-05-17T05:12:47.061522140Z 05:12:47.061204 socketpair(AF_UNIX, SOCK_STREAM, 0, [24, 25]) = 0
2023-05-17T05:12:47.061949196Z 05:12:47.061726 socketpair(AF_UNIX, SOCK_STREAM, 0, [26, 28]) = 0
2023-05-17T05:12:47.062255828Z 05:12:47.062033 socketpair(AF_UNIX, SOCK_STREAM, 0, [58, 59]) = 0
2023-05-17T05:12:47.078118372Z broker.info[2]: rc3.0: running /etc/flux/rc3.d/01-sched-fluxion
2023-05-17T05:12:47.202002596Z broker.info[2]: rc3.0: /etc/flux/rc3 Exited (rc=0) 0.1s
2023-05-17T05:12:47.202837195Z broker.info[2]: rc3-success: finalize->goodbye 0.141954s
2023-05-17T05:12:47.203867392Z broker.info[2]: goodbye: goodbye->exit 0.643824ms
2023-05-17T05:12:47.210931202Z 05:12:47.210765 +++ exited with 0 +++
2023-05-17T05:12:47.212483840Z Return value for follower worker is 0
2023-05-17T05:12:47.212586303Z The follower worker exited cleanly. Goodbye!
