2023-05-17T05:17:57.735015697Z
2023-05-17T05:17:57.735077694Z Flux username: flux
2023-05-17T05:17:57.735084631Z
2023-05-17T05:17:57.735090133Z Flux install root: /usr
2023-05-17T05:17:57.785020177Z flux user is already added.
2023-05-17T05:17:57.787855927Z flux user identifiers:
2023-05-17T05:17:57.787890790Z uid=1234(flux) gid=1234(flux) groups=1234(flux)
2023-05-17T05:17:57.787898048Z
2023-05-17T05:17:57.787906666Z As Flux prefix for flux commands: sudo -u flux -E PYTHONPATH= -E PATH=/usr/local/sbin:/usr/local/bin:/usr/sbin:/usr/bin:/sbin:/bin -E LD_LIBRARY_PATH= -E HOME=/home/flux
2023-05-17T05:17:57.795945659Z Host updating script not available yet, waiting...
2023-05-17T05:17:58.801417706Z Host updating script not available yet, waiting...
2023-05-17T05:17:59.809192590Z # Kubernetes-managed hosts file.
2023-05-17T05:17:59.809270468Z 127.0.0.1	localhost
2023-05-17T05:17:59.809282306Z ::1	localhost ip6-localhost ip6-loopback
2023-05-17T05:17:59.809288342Z fe00::0	ip6-localnet
2023-05-17T05:17:59.809294309Z fe00::0	ip6-mcastprefix
2023-05-17T05:17:59.809299868Z fe00::1	ip6-allnodes
2023-05-17T05:17:59.809305000Z fe00::2	ip6-allrouters
2023-05-17T05:17:59.809327725Z 10.24.2.27	flux-sample-0.flux-service.flux-operator.svc.cluster.local	flux-sample-0
2023-05-17T05:17:59.809336035Z 10.24.2.27 flux-sample-0.flux-service.flux-operator.svc.cluster.local flux-sample-0
2023-05-17T05:17:59.809341784Z 10.24.3.20 flux-sample-1.flux-service.flux-operator.svc.cluster.local flux-sample-1
2023-05-17T05:17:59.809346997Z 10.24.0.20 flux-sample-2.flux-service.flux-operator.svc.cluster.local flux-sample-2
2023-05-17T05:17:59.809352831Z 10.24.1.26 flux-sample-3.flux-service.flux-operator.svc.cluster.local flux-sample-3
2023-05-17T05:17:59.813141983Z
2023-05-17T05:17:59.813183032Z 👋 Hello, I'm flux-sample-0
2023-05-17T05:17:59.813263792Z The main host is flux-sample-0
2023-05-17T05:17:59.813379424Z The working directory is /opt, contents include:
2023-05-17T05:17:59.815406608Z /opt:
2023-05-17T05:17:59.815641493Z End of file listing, if you see nothing above there are no files.
2023-05-17T05:17:59.817493945Z flux R encode --hosts=flux-sample-[0-3]
2023-05-17T05:17:59.842698384Z
2023-05-17T05:17:59.842757755Z 📦 Resources
2023-05-17T05:17:59.844311017Z {"version": 1, "execution": {"R_lite": [{"rank": "0-3", "children": {"core": "0"}}], "starttime": 0.0, "expiration": 0.0, "nodelist": ["flux-sample-[0-3]"]}}
2023-05-17T05:17:59.844602304Z
2023-05-17T05:17:59.844619830Z 🐸 Diagnostics: false
2023-05-17T05:17:59.849155403Z
2023-05-17T05:17:59.849188878Z 🦊 Independent Minister of Privilege
2023-05-17T05:17:59.850621255Z [exec]
2023-05-17T05:17:59.850647684Z allowed-users = [ "flux", "root" ]
2023-05-17T05:17:59.850654933Z allowed-shells = [ "/usr/libexec/flux/flux-shell" ]
2023-05-17T05:17:59.851032580Z
2023-05-17T05:17:59.851058821Z 🐸 Broker Configuration
2023-05-17T05:17:59.852408140Z # Flux needs to know the path to the IMP executable
2023-05-17T05:17:59.852430990Z [exec]
2023-05-17T05:17:59.852439410Z imp = "/usr/libexec/flux/flux-imp"
2023-05-17T05:17:59.852444832Z
2023-05-17T05:17:59.852450112Z [access]
2023-05-17T05:17:59.852455915Z allow-guest-user = true
2023-05-17T05:17:59.852481265Z allow-root-owner = true
2023-05-17T05:17:59.852487005Z
2023-05-17T05:17:59.852492616Z # Point to resource definition generated with flux-R(1).
2023-05-17T05:17:59.852498183Z [resource]
2023-05-17T05:17:59.852504370Z path = "/etc/flux/system/R"
2023-05-17T05:17:59.852509119Z
2023-05-17T05:17:59.852513999Z [bootstrap]
2023-05-17T05:17:59.852519514Z curve_cert = "/etc/curve/curve.cert"
2023-05-17T05:17:59.852558873Z default_port = 8050
2023-05-17T05:17:59.852566207Z default_bind = "tcp://eth0:%p"
2023-05-17T05:17:59.852572913Z default_connect = "tcp://%h.flux-service.flux-operator.svc.cluster.local:%p"
2023-05-17T05:17:59.852579423Z hosts = [
2023-05-17T05:17:59.852584971Z 	{ host="flux-sample-[0-3]"},
2023-05-17T05:17:59.852590166Z ]
2023-05-17T05:17:59.852598190Z
2023-05-17T05:17:59.852606257Z [archive]
2023-05-17T05:17:59.852612014Z dbpath = "/var/lib/flux/job-archive.sqlite"
2023-05-17T05:17:59.852618015Z period = "1m"
2023-05-17T05:17:59.925653840Z busytimeout = "50s"
2023-05-17T05:17:59.925705717Z 🧊️ State Directory:
2023-05-17T05:17:59.925714028Z total 0
2023-05-17T05:17:59.925719650Z
2023-05-17T05:17:59.928625351Z
2023-05-17T05:17:59.928659920Z 🔒️ Working directory permissions:
2023-05-17T05:17:59.928666479Z total 0
2023-05-17T05:17:59.928674350Z
2023-05-17T05:17:59.928680589Z
2023-05-17T05:17:59.928686156Z ✨ Curve certificate generated by helper pod
2023-05-17T05:17:59.930578761Z #   ****  Generated on 2023-04-26 22:54:42 by CZMQ  ****
2023-05-17T05:17:59.930646674Z #   ZeroMQ CURVE **Secret** Certificate
2023-05-17T05:17:59.930657597Z #   DO NOT PROVIDE THIS FILE TO OTHER USERS nor change its permissions.
2023-05-17T05:17:59.930664199Z
2023-05-17T05:17:59.930669781Z metadata
2023-05-17T05:17:59.930675865Z     name = "flux-cert-generator"
2023-05-17T05:17:59.930681128Z     keygen.hostname = "flux-sample-0"
2023-05-17T05:17:59.930697138Z curve
2023-05-17T05:17:59.930702816Z     public-key = "Mwd7s6J<EO1>C*{.hpkYoX!T$4:[b2zc1>a73+o4"
2023-05-17T05:17:59.930711486Z     secret-key = ")i<4*(bD^xRR%QdwN[0xdl=n2.QxpUH3r]hjU06]"
2023-05-17T05:17:59.933364786Z Extra command arguments are: sleep 5
2023-05-17T05:17:59.933540804Z
2023-05-17T05:17:59.933668667Z 🌀 Submit Mode: flux start --wrap=strace,-e,network,-tt -o --config /etc/flux/config -Scron.directory=/etc/flux/system/cron.d   -Stbon.fanout=256   -Srundir=/run/flux    -Sstatedir=/var/lib/flux   -Slocal-uri=local:///run/flux/local -Stbon.connect_timeout=5s  -Stbon.zmqdebug=1  -Slog-stderr-level=6    -Slog-stderr-mode=local  flux submit  -n 1 --quiet  --watch sleep 5
2023-05-17T05:17:59.971152492Z 05:17:59.970729 socket(AF_NETLINK, SOCK_RAW|SOCK_CLOEXEC, NETLINK_ROUTE) = 16
2023-05-17T05:17:59.971191096Z 05:17:59.970915 bind(16, {sa_family=AF_NETLINK, nl_pid=0, nl_groups=00000000}, 12) = 0
2023-05-17T05:17:59.971306687Z 05:17:59.971092 getsockname(16, {sa_family=AF_NETLINK, nl_pid=87, nl_groups=00000000}, [12]) = 0
2023-05-17T05:17:59.971703807Z 05:17:59.971204 sendto(16, {{len=20, type=RTM_GETLINK, flags=NLM_F_REQUEST|NLM_F_DUMP, seq=1684300679, pid=0}, {ifi_family=AF_UNSPEC, ...}}, 20, 0, {sa_family=AF_NETLINK, nl_pid=0, nl_groups=00000000}, 12) = 20
2023-05-17T05:17:59.972591073Z 05:17:59.971603 recvmsg(16, {msg_name={sa_family=AF_NETLINK, nl_pid=0, nl_groups=00000000}, msg_namelen=12, msg_iov=[{iov_base=[{{len=1336, type=RTM_NEWLINK, flags=NLM_F_MULTI, seq=1684300679, pid=87}, {ifi_family=AF_UNSPEC, ifi_type=ARPHRD_LOOPBACK, ifi_index=if_nametoindex("lo"), ifi_flags=IFF_UP|IFF_LOOPBACK|IFF_RUNNING|IFF_LOWER_UP, ifi_change=0}, [{{nla_len=7, nla_type=IFLA_IFNAME}, "lo"}, {{nla_len=8, nla_type=IFLA_TXQLEN}, 1000}, {{nla_len=5, nla_type=IFLA_OPERSTATE}, 0}, {{nla_len=5, nla_type=IFLA_LINKMODE}, 0}, {{nla_len=8, nla_type=IFLA_MTU}, 65536}, {{nla_len=8, nla_type=IFLA_MIN_MTU}, 0}, {{nla_len=8, nla_type=IFLA_MAX_MTU}, 0}, {{nla_len=8, nla_type=IFLA_GROUP}, 0}, {{nla_len=8, nla_type=IFLA_PROMISCUITY}, 0}, {{nla_len=8, nla_type=IFLA_NUM_TX_QUEUES}, 1}, {{nla_len=8, nla_type=IFLA_GSO_MAX_SEGS}, 65535}, {{nla_len=8, nla_type=IFLA_GSO_MAX_SIZE}, 65536}, {{nla_len=8, nla_type=IFLA_NUM_RX_QUEUES}, 1}, {{nla_len=5, nla_type=IFLA_CARRIER}, 1}, {{nla_len=12, nla_type=IFLA_QDISC}, "noqueue"}, {{nla_len=8, nla_type=IFLA_CARRIER_CHANGES}, 0}, {{nla_len=8, nla_type=IFLA_CARRIER_UP_COUNT}, 0}, {{nla_len=8, nla_type=IFLA_CARRIER_DOWN_COUNT}, 0}, {{nla_len=5, nla_type=IFLA_PROTO_DOWN}, 0}, {{nla_len=36, nla_type=IFLA_MAP}, {mem_start=0, mem_end=0, base_addr=0, irq=0, dma=0, port=0}}, {{nla_len=10, nla_type=IFLA_ADDRESS}, "\x00\x00\x00\x00\x00\x00"}, {{nla_len=10, nla_type=IFLA_BROADCAST}, "\x00\x00\x00\x00\x00\x00"}, {{nla_len=196, nla_type=IFLA_STATS64}, {rx_packets=0, tx_packets=0, rx_bytes=0, tx_bytes=0, rx_errors=0, tx_errors=0, rx_dropped=0, tx_dropped=0, multicast=0, collisions=0, rx_length_errors=0, rx_over_errors=0, rx_crc_errors=0, rx_frame_errors=0, rx_fifo_errors=0, rx_missed_errors=0, tx_aborted_errors=0, tx_carrier_errors=0, tx_fifo_errors=0, tx_heartbeat_errors=0, tx_window_errors=0, rx_compressed=0, tx_compressed=0, rx_nohandler=0}}, {{nla_len=100, nla_type=IFLA_STATS}, {rx_packets=0, tx_packets=0, rx_bytes=0, tx_bytes=0, rx_errors=0, tx_errors=0, rx_dropped=0, tx_dropped=0, multicast=0, collisions=0, rx_length_errors=0, rx_over_errors=0, rx_crc_errors=0, rx_frame_errors=0, rx_fifo_errors=0, rx_missed_errors=0, tx_aborted_errors=0, tx_carrier_errors=0, tx_fifo_errors=0, tx_heartbeat_errors=0, tx_window_errors=0, rx_compressed=0, tx_compressed=0, rx_nohandler=0}}, {{nla_len=12, nla_type=IFLA_XDP}, {{nla_len=5, nla_type=IFLA_XDP_ATTACHED}, XDP_ATTACHED_NONE}}, {{nla_len=780, nla_type=IFLA_AF_SPEC}, [{{nla_len=136, nla_type=AF_INET}, {{nla_len=132, nla_type=IFLA_INET_CONF}, [[IPV4_DEVCONF_FORWARDING-1] = 1, [IPV4_DEVCONF_MC_FORWARDING-1] = 0, [IPV4_DEVCONF_PROXY_ARP-1] = 0, [IPV4_DEVCONF_ACCEPT_REDIRECTS-1] = 0, [IPV4_DEVCONF_SECURE_REDIRECTS-1] = 1, [IPV4_DEVCONF_SEND_REDIRECTS-1] = 0, [IPV4_DEVCONF_SHARED_MEDIA-1] = 1, [IPV4_DEVCONF_RP_FILTER-1] = 1, [IPV4_DEVCONF_ACCEPT_SOURCE_ROUTE-1] = 0, [IPV4_DEVCONF_BOOTP_RELAY-1] = 0, [IPV4_DEVCONF_LOG_MARTIANS-1] = 1, [IPV4_DEVCONF_TAG-1] = 0, [IPV4_DEVCONF_ARPFILTER-1] = 0, [IPV4_DEVCONF_MEDIUM_ID-1] = 0, [IPV4_DEVCONF_NOXFRM-1] = 1, [IPV4_DEVCONF_NOPOLICY-1] = 1, [IPV4_DEVCONF_FORCE_IGMP_VERSION-1] = 0, [IPV4_DEVCONF_ARP_ANNOUNCE-1] = 0, [IPV4_DEVCONF_ARP_IGNORE-1] = 0, [IPV4_DEVCONF_PROMOTE_SECONDARIES-1] = 0, [IPV4_DEVCONF_ARP_ACCEPT-1] = 0, [IPV4_DEVCONF_ARP_NOTIFY-1] = 0, [IPV4_DEVCONF_ACCEPT_LOCAL-1] = 0, [IPV4_DEVCONF_SRC_VMARK-1] = 0, [IPV4_DEVCONF_PROXY_ARP_PVLAN-1] = 0, [IPV4_DEVCONF_ROUTE_LOCALNET-1] = 0, [IPV4_DEVCONF_IGMPV2_UNSOLICITED_REPORT_INTERVAL-1] = 10000, [IPV4_DEVCONF_IGMPV3_UNSOLICITED_REPORT_INTERVAL-1] = 1000, [IPV4_DEVCONF_IGNORE_ROUTES_WITH_LINKDOWN-1] = 0, [IPV4_DEVCONF_DROP_UNICAST_IN_L2_MULTICAST-1] = 0, [IPV4_DEVCONF_DROP_GRATUITOUS_ARP-1] = 0, [IPV4_DEVCONF_BC_FORWARDING-1] = 0]}}, {{nla_len=640, nla_type=AF_INET6}, [{{nla_len=8, nla_type=IFLA_INET6_FLAGS}, 0}, {{nla_len=20, nla_type=IFLA_INET6_CACHEINFO}, {max_reasm_len=65535, tstamp=468917, reachable_time=32882, retrans_time=1000}}, {{nla_len=228, nla_type=IFLA_INET6_CONF}, [[DEVCONF_FORWARDING] = 0, [DEVCONF_HOPLIMIT] = 64, [DEVCONF_MTU6] = 65536, [DEVCONF_ACCEPT_RA] = 1, [DEVCONF_ACCEPT_REDIRECTS] = 1, [DEVCONF_AUTOCONF] = 1, [DEVCONF_DAD_TRANSMITS] = 1, [DEVCONF_RTR_SOLICITS] = -1, [DEVCONF_RTR_SOLICIT_INTERVAL] = 4000, [DEVCONF_RTR_SOLICIT_DELAY] = 1000, [DEVCONF_USE_TEMPADDR] = -1, [DEVCONF_TEMP_VALID_LFT] = 604800, [DEVCONF_TEMP_PREFERED_LFT] = 86400, [DEVCONF_REGEN_MAX_RETRY] = 3, [DEVCONF_MAX_DESYNC_FACTOR] = 600, [DEVCONF_MAX_ADDRESSES] = 16, [DEVCONF_FORCE_MLD_VERSION] = 0, [DEVCONF_ACCEPT_RA_DEFRTR] = 1, [DEVCONF_ACCEPT_RA_PINFO] = 1, [DEVCONF_ACCEPT_RA_RTR_PREF] = 0, [DEVCONF_RTR_PROBE_INTERVAL] = 0, [DEVCONF_ACCEPT_RA_RT_INFO_MAX_PLEN] = 0, [DEVCONF_PROXY_NDP] = 0, [DEVCONF_OPTIMISTIC_DAD] = 0, [DEVCONF_ACCEPT_SOURCE_ROUTE] = 0, [DEVCONF_MC_FORWARDING] = 0, [DEVCONF_DISABLE_IPV6] = 1, [DEVCONF_ACCEPT_DAD] = -1, [DEVCONF_FORCE_TLLAO] = 0, [DEVCONF_NDISC_NOTIFY] = 0, [DEVCONF_MLDV1_UNSOLICITED_REPORT_INTERVAL] = 10000, [DEVCONF_MLDV2_UNSOLICITED_REPORT_INTERVAL] = 1000, ...]}, {{nla_len=300, nla_type=IFLA_INET6_STATS}, [[IPSTATS_MIB_NUM] = 37, [IPSTATS_MIB_INPKTS] = 0, [IPSTATS_MIB_INOCTETS] = 0, [IPSTATS_MIB_INDELIVERS] = 0, [IPSTATS_MIB_OUTFORWDATAGRAMS] = 0, [IPSTATS_MIB_OUTPKTS] = 0, [IPSTATS_MIB_OUTOCTETS] = 0, [IPSTATS_MIB_INHDRERRORS] = 0, [IPSTATS_MIB_INTOOBIGERRORS] = 0, [IPSTATS_MIB_INNOROUTES] = 0, [IPSTATS_MIB_INADDRERRORS] = 0, [IPSTATS_MIB_INUNKNOWNPROTOS] = 0, [IPSTATS_MIB_INTRUNCATEDPKTS] = 0, [IPSTATS_MIB_INDISCARDS] = 0, [IPSTATS_MIB_OUTDISCARDS] = 0, [IPSTATS_MIB_OUTNOROUTES] = 0, [IPSTATS_MIB_REASMTIMEOUT] = 0, [IPSTATS_MIB_REASMREQDS] = 0, [IPSTATS_MIB_REASMOKS] = 0, [IPSTATS_MIB_REASMFAILS] = 0, [IPSTATS_MIB_FRAGOKS] = 0, [IPSTATS_MIB_FRAGFAILS] = 0, [IPSTATS_MIB_FRAGCREATES] = 0, [IPSTATS_MIB_INMCASTPKTS] = 0, [IPSTATS_MIB_OUTMCASTPKTS] = 0, [IPSTATS_MIB_INBCASTPKTS] = 0, [IPSTATS_MIB_OUTBCASTPKTS] = 0, [IPSTATS_MIB_INMCASTOCTETS] = 0, [IPSTATS_MIB_OUTMCASTOCTETS] = 0, [IPSTATS_MIB_INBCASTOCTETS] = 0, [IPSTATS_MIB_OUTBCASTOCTETS] = 0, [IPSTATS_MIB_CSUMERRORS] = 0, ...]}, {{nla_len=52, nla_type=IFLA_INET6_ICMP6STATS}, [[ICMP6_MIB_NUM] = 6, [ICMP6_MIB_INMSGS] = 0, [ICMP6_MIB_INERRORS] = 0, [ICMP6_MIB_OUTMSGS] = 0, [ICMP6_MIB_OUTERRORS] = 0, [ICMP6_MIB_CSUMERRORS] = 0]}, {{nla_len=20, nla_type=IFLA_INET6_TOKEN}, inet_pton(AF_INET6, "::")}, {{nla_len=5, nla_type=IFLA_INET6_ADDR_GEN_MODE}, IN6_ADDR_GEN_MODE_EUI64}]}]}]}, {{len=1372, type=RTM_NEWLINK, flags=NLM_F_MULTI, seq=1684300679, pid=87}, {ifi_family=AF_UNSPEC, ifi_type=ARPHRD_ETHER, ifi_index=if_nametoindex("eth0"), ifi_flags=IFF_UP|IFF_BROADCAST|IFF_RUNNING|IFF_MULTICAST|IFF_LOWER_UP, ifi_change=0}, [{{nla_len=9, nla_type=IFLA_IFNAME}, "eth0"}, {{nla_len=8, nla_type=IFLA_TXQLEN}, 0}, {{nla_len=5, nla_type=IFLA_OPERSTATE}, 6}, {{nla_len=5, nla_type=IFLA_LINKMODE}, 0}, {{nla_len=8, nla_type=IFLA_MTU}, 1460}, {{nla_len=8, nla_type=IFLA_MIN_MTU}, 68}, {{nla_len=8, nla_type=IFLA_MAX_MTU}, 65535}, {{nla_len=8, nla_type=IFLA_GROUP}, 0}, {{nla_len=8, nla_type=IFLA_PROMISCUITY}, 0}, {{nla_len=8, nla_type=IFLA_NUM_TX_QUEUES}, 2}, {{nla_len=8, nla_type=IFLA_GSO_MAX_SEGS}, 65535}, {{nla_len=8, nla_type=IFLA_GSO_MAX_SIZE}, 65536}, {{nla_len=8, nla_type=IFLA_NUM_RX_QUEUES}, 2}, {{nla_len=5, nla_type=IFLA_CARRIER}, 1}, {{nla_len=12, nla_type=IFLA_QDISC}, "noqueue"}, {{nla_len=8, nla_type=IFLA_CARRIER_CHANGES}, 2}, {{nla_len=8, nla_type=IFLA_CARRIER_UP_COUNT}, 1}, {{nla_len=8, nla_type=IFLA_CARRIER_DOWN_COUNT}, 1}, {{nla_len=5, nla_type=IFLA_PROTO_DOWN}, 0}, {{nla_len=36, nla_type=IFLA_MAP}, {mem_start=0, mem_end=0, base_addr=0, irq=0, dma=0, port=0}}, {{nla_len=10, nla_type=IFLA_ADDRESS}, "\x52\xcb\xeb\x7e\x6a\x7f"}, {{nla_len=10, nla_type=IFLA_BROADCAST}, "\xff\xff\xff\xff\xff\xff"}, {{nla_len=196, nla_type=IFLA_STATS64}, {rx_packets=5, tx_packets=3, rx_bytes=446, tx_bytes=222, rx_errors=0, tx_errors=0, rx_dropped=0, tx_dropped=0, multicast=0, collisions=0, rx_length_errors=0, rx_over_errors=0, rx_crc_errors=0, rx_frame_errors=0, rx_fifo_errors=0, rx_missed_errors=0, tx_aborted_errors=0, tx_carrier_errors=0, tx_fifo_errors=0, tx_heartbeat_errors=0, tx_window_errors=0, rx_compressed=0, tx_compressed=0, rx_nohandler=0}}, {{nla_len=100, nla_type=IFLA_STATS}, {rx_packets=5, tx_packets=3, rx_bytes=446, tx_bytes=222, rx_errors=0, tx_errors=0, rx_dropped=0, tx_dropped=0, multicast=0, collisions=0, rx_length_errors=0, rx_over_errors=0, rx_crc_errors=0, rx_frame_errors=0, rx_fifo_errors=0, rx_missed_errors=0, tx_aborted_errors=0, tx_carrier_errors=0, tx_fifo_errors=0, tx_heartbeat_errors=0, tx_window_errors=0, rx_compressed=0, tx_compressed=0, rx_nohandler=0}}, {{nla_len=12, nla_type=IFLA_XDP}, {{nla_len=5, nla_type=IFLA_XDP_ATTACHED}, XDP_ATTACHED_NONE}}, {{nla_len=16, nla_type=IFLA_LINKINFO}, {{nla_len=9, nla_type=IFLA_INFO_KIND}, "veth"}}, {{nla_len=8, nla_type=IFLA_LINK_NETNSID}, 0}, {{nla_len=8, nla_type=IFLA_LINK}, 31}, {{nla_len=780, nla_type=IFLA_AF_SPEC}, [{{nla_len=136, nla_type=AF_INET}, {{nla_len=132, nla_type=IFLA_INET_CONF}, [[IPV4_DEVCONF_FORWARDING-1] = 1, [IPV4_DEVCONF_MC_FORWARDING-1] = 0, [IPV4_DEVCONF_PROXY_ARP-1] = 0, [IPV4_DEVCONF_ACCEPT_REDIRECTS-1] = 0, [IPV4_DEVCONF_SECURE_REDIRECTS-1] = 1, [IPV4_DEVCONF_SEND_REDIRECTS-1] = 0, [IPV4_DEVCONF_SHARED_MEDIA-1] = 1, [IPV4_DEVCONF_RP_FILTER-1] = 1, [IPV4_DEVCONF_ACCEPT_SOURCE_ROUTE-1] = 0, [IPV4_DEVCONF_BOOTP_RELAY-1] = 0, [IPV4_DEVCONF_LOG_MARTIANS-1] = 1, [IPV4_DEVCONF_TAG-1] = 0, [IPV4_DEVCONF_ARPFILTER-1] = 0, [IPV4_DEVCONF_MEDIUM_ID-1] = 0, [IPV4_DEVCONF_NOXFRM-1] = 0, [IPV4_DEVCONF_NOPOLICY-1] = 0, [IPV4_DEVCONF_FORCE_IGMP_VERSION-1] = 0, [IPV4_DEVCONF_ARP_ANNOUNCE-1] = 0, [IPV4_DEVCONF_ARP_IGNORE-1] = 0, [IPV4_DEVCONF_PROMOTE_SECONDARIES-1] = 0, [IPV4_DEVCONF_ARP_ACCEPT-1] = 0, [IPV4_DEVCONF_ARP_NOTIFY-1] = 0, [IPV4_DEVCONF_ACCEPT_LOCAL-1] = 0, [IPV4_DEVCONF_SRC_VMARK-1] = 0, [IPV4_DEVCONF_PROXY_ARP_PVLAN-1] = 0, [IPV4_DEVCONF_ROUTE_LOCALNET-1] = 0, [IPV4_DEVCONF_IGMPV2_UNSOLICITED_REPORT_INTERVAL-1] = 10000, [IPV4_DEVCONF_IGMPV3_UNSOLICITED_REPORT_INTERVAL-1] = 1000, [IPV4_DEVCONF_IGNORE_ROUTES_WITH_LINKDOWN-1] = 0, [IPV4_DEVCONF_DROP_UNICAST_IN_L2_MULTICAST-1] = 0, [IPV4_DEVCONF_DROP_GRATUITOUS_ARP-1] = 0, [IPV4_DEVCONF_BC_FORWARDING-1] = 0]}}, {{nla_len=640, nla_type=AF_INET6}, [{{nla_len=8, nla_type=IFLA_INET6_FLAGS}, 0}, {{nla_len=20, nla_type=IFLA_INET6_CACHEINFO}, {max_reasm_len=65535, tstamp=468917, reachable_time=36544, retrans_time=1000}}, {{nla_len=228, nla_type=IFLA_INET6_CONF}, [[DEVCONF_FORWARDING] = 0, [DEVCONF_HOPLIMIT] = 64, [DEVCONF_MTU6] = 1460, [DEVCONF_ACCEPT_RA] = 1, [DEVCONF_ACCEPT_REDIRECTS] = 1, [DEVCONF_AUTOCONF] = 1, [DEVCONF_DAD_TRANSMITS] = 1, [DEVCONF_RTR_SOLICITS] = -1, [DEVCONF_RTR_SOLICIT_INTERVAL] = 4000, [DEVCONF_RTR_SOLICIT_DELAY] = 1000, [DEVCONF_USE_TEMPADDR] = 0, [DEVCONF_TEMP_VALID_LFT] = 604800, [DEVCONF_TEMP_PREFERED_LFT] = 86400, [DEVCONF_REGEN_MAX_RETRY] = 3, [DEVCONF_MAX_DESYNC_FACTOR] = 600, [DEVCONF_MAX_ADDRESSES] = 16, [DEVCONF_FORCE_MLD_VERSION] = 0, [DEVCONF_ACCEPT_RA_DEFRTR] = 1, [DEVCONF_ACCEPT_RA_PINFO] = 1, [DEVCONF_ACCEPT_RA_RTR_PREF] = 0, [DEVCONF_RTR_PROBE_INTERVAL] = 0, [DEVCONF_ACCEPT_RA_RT_INFO_MAX_PLEN] = 0, [DEVCONF_PROXY_NDP] = 0, [DEVCONF_OPTIMISTIC_DAD] = 0, [DEVCONF_ACCEPT_SOURCE_ROUTE] = 0, [DEVCONF_MC_FORWARDING] = 0, [DEVCONF_DISABLE_IPV6] = 1, [DEVCONF_ACCEPT_DAD] = 1, [DEVCONF_FORCE_TLLAO] = 0, [DEVCONF_NDISC_NOTIFY] = 0, [DEVCONF_MLDV1_UNSOLICITED_REPORT_INTERVAL] = 10000, [DEVCONF_MLDV2_UNSOLICITED_REPORT_INTERVAL] = 1000, ...]}, {{nla_len=300, nla_type=IFLA_INET6_STATS}, [[IPSTATS_MIB_NUM] = 37, [IPSTATS_MIB_INPKTS] = 5, [IPSTATS_MIB_INOCTETS] = 376, [IPSTATS_MIB_INDELIVERS] = 0, [IPSTATS_MIB_OUTFORWDATAGRAMS] = 0, [IPSTATS_MIB_OUTPKTS] = 2, [IPSTATS_MIB_OUTOCTETS] = 152, [IPSTATS_MIB_INHDRERRORS] = 0, [IPSTATS_MIB_INTOOBIGERRORS] = 0, [IPSTATS_MIB_INNOROUTES] = 0, [IPSTATS_MIB_INADDRERRORS] = 0, [IPSTATS_MIB_INUNKNOWNPROTOS] = 0, [IPSTATS_MIB_INTRUNCATEDPKTS] = 0, [IPSTATS_MIB_INDISCARDS] = 2, [IPSTATS_MIB_OUTDISCARDS] = 0, [IPSTATS_MIB_OUTNOROUTES] = 0, [IPSTATS_MIB_REASMTIMEOUT] = 0, [IPSTATS_MIB_REASMREQDS] = 0, [IPSTATS_MIB_REASMOKS] = 0, [IPSTATS_MIB_REASMFAILS] = 0, [IPSTATS_MIB_FRAGOKS] = 0, [IPSTATS_MIB_FRAGFAILS] = 0, [IPSTATS_MIB_FRAGCREATES] = 0, [IPSTATS_MIB_INMCASTPKTS] = 3, [IPSTATS_MIB_OUTMCASTPKTS] = 2, [IPSTATS_MIB_INBCASTPKTS] = 0, [IPSTATS_MIB_OUTBCASTPKTS] = 0, [IPSTATS_MIB_INMCASTOCTETS] = 224, [IPSTATS_MIB_OUTMCASTOCTETS] = 152, [IPSTATS_MIB_INBCASTOCTETS] = 0, [IPSTATS_MIB_OUTBCASTOCTETS] = 0, [IPSTATS_MIB_CSUMERRORS] = 0, ...]}, {{nla_len=52, nla_type=IFLA_INET6_ICMP6STATS}, [[ICMP6_MIB_NUM] = 6, [ICMP6_MIB_INMSGS] = 0, [ICMP6_MIB_INERRORS] = 0, [ICMP6_MIB_OUTMSGS] = 2, [ICMP6_MIB_OUTERRORS] = 0, [ICMP6_MIB_CSUMERRORS] = 0]}, {{nla_len=20, nla_type=IFLA_INET6_TOKEN}, inet_pton(AF_INET6, "::")}, {{nla_len=5, nla_type=IFLA_INET6_ADDR_GEN_MODE}, IN6_ADDR_GEN_MODE_EUI64}]}]}]}], iov_len=4096}], msg_iovlen=1, msg_controllen=0, msg_flags=0}, 0) = 2708
2023-05-17T05:17:59.972796828Z 05:17:59.972538 recvmsg(16, {msg_name={sa_family=AF_NETLINK, nl_pid=0, nl_groups=00000000}, msg_namelen=12, msg_iov=[{iov_base={{len=20, type=NLMSG_DONE, flags=NLM_F_MULTI, seq=1684300679, pid=87}, 0}, iov_len=4096}], msg_iovlen=1, msg_controllen=0, msg_flags=0}, 0) = 20
2023-05-17T05:17:59.972985579Z 05:17:59.972722 sendto(16, {{len=20, type=RTM_GETADDR, flags=NLM_F_REQUEST|NLM_F_DUMP, seq=1684300680, pid=0}, {ifa_family=AF_UNSPEC, ...}}, 20, 0, {sa_family=AF_NETLINK, nl_pid=0, nl_groups=00000000}, 12) = 20
2023-05-17T05:17:59.973351485Z 05:17:59.972887 recvmsg(16, {msg_name={sa_family=AF_NETLINK, nl_pid=0, nl_groups=00000000}, msg_namelen=12, msg_iov=[{iov_base=[{{len=76, type=RTM_NEWADDR, flags=NLM_F_MULTI, seq=1684300680, pid=87}, {ifa_family=AF_INET, ifa_prefixlen=8, ifa_flags=IFA_F_PERMANENT, ifa_scope=RT_SCOPE_HOST, ifa_index=if_nametoindex("lo")}, [{{nla_len=8, nla_type=IFA_ADDRESS}, inet_addr("127.0.0.1")}, {{nla_len=8, nla_type=IFA_LOCAL}, inet_addr("127.0.0.1")}, {{nla_len=7, nla_type=IFA_LABEL}, "lo"}, {{nla_len=8, nla_type=IFA_FLAGS}, IFA_F_PERMANENT}, {{nla_len=20, nla_type=IFA_CACHEINFO}, {ifa_prefered=4294967295, ifa_valid=4294967295, cstamp=468856, tstamp=468856}}]}, {{len=88, type=RTM_NEWADDR, flags=NLM_F_MULTI, seq=1684300680, pid=87}, {ifa_family=AF_INET, ifa_prefixlen=24, ifa_flags=IFA_F_PERMANENT, ifa_scope=RT_SCOPE_UNIVERSE, ifa_index=if_nametoindex("eth0")}, [{{nla_len=8, nla_type=IFA_ADDRESS}, inet_addr("10.24.2.27")}, {{nla_len=8, nla_type=IFA_LOCAL}, inet_addr("10.24.2.27")}, {{nla_len=8, nla_type=IFA_BROADCAST}, inet_addr("10.24.2.255")}, {{nla_len=9, nla_type=IFA_LABEL}, "eth0"}, {{nla_len=8, nla_type=IFA_FLAGS}, IFA_F_PERMANENT}, {{nla_len=20, nla_type=IFA_CACHEINFO}, {ifa_prefered=4294967295, ifa_valid=4294967295, cstamp=468860, tstamp=468860}}]}], iov_len=4096}], msg_iovlen=1, msg_controllen=0, msg_flags=0}, 0) = 164
2023-05-17T05:17:59.973464703Z 05:17:59.973243 recvmsg(16, {msg_name={sa_family=AF_NETLINK, nl_pid=0, nl_groups=00000000}, msg_namelen=12, msg_iov=[{iov_base={{len=20, type=NLMSG_DONE, flags=NLM_F_MULTI, seq=1684300680, pid=87}, 0}, iov_len=4096}], msg_iovlen=1, msg_controllen=0, msg_flags=0}, 0) = 20
2023-05-17T05:17:59.973714439Z 05:17:59.973517 socket(AF_INET, SOCK_STREAM|SOCK_CLOEXEC, IPPROTO_TCP) = 16
2023-05-17T05:17:59.973812382Z 05:17:59.973665 setsockopt(16, SOL_SOCKET, SO_REUSEADDR, [1], 4) = 0
2023-05-17T05:17:59.973965779Z 05:17:59.973767 bind(16, {sa_family=AF_INET, sin_port=htons(8050), sin_addr=inet_addr("10.24.2.27")}, 16) = 0
2023-05-17T05:17:59.974099551Z 05:17:59.973876 listen(16, 100)         = 0
2023-05-17T05:17:59.974201399Z 05:17:59.974011 getsockname(16, {sa_family=AF_INET, sin_port=htons(8050), sin_addr=inet_addr("10.24.2.27")}, [128->16]) = 0
2023-05-17T05:17:59.974525766Z 05:17:59.974376 getsockname(16, {sa_family=AF_INET, sin_port=htons(8050), sin_addr=inet_addr("10.24.2.27")}, [128->16]) = 0
2023-05-17T05:17:59.977518400Z broker.info[0]: start: none->join 2.05387ms
2023-05-17T05:17:59.978002708Z broker.info[0]: parent-none: join->init 0.437749ms
2023-05-17T05:17:59.978127898Z 05:17:59.977918 socketpair(AF_UNIX, SOCK_STREAM|SOCK_CLOEXEC, 0, [20, 21]) = 0
2023-05-17T05:17:59.978217355Z 05:17:59.978055 socketpair(AF_UNIX, SOCK_STREAM, 0, [22, 23]) = 0
2023-05-17T05:17:59.978495719Z 05:17:59.978331 socketpair(AF_UNIX, SOCK_STREAM, 0, [19, 24]) = 0
2023-05-17T05:17:59.978795910Z 05:17:59.978629 socketpair(AF_UNIX, SOCK_STREAM, 0, [25, 26]) = 0
2023-05-17T05:18:00.171114290Z cron.info[0]: synchronizing cron tasks to event heartbeat.pulse
2023-05-17T05:18:00.217248737Z job-manager.info[0]: restart: 0 jobs
2023-05-17T05:18:00.222143530Z job-manager.info[0]: restart: 0 running jobs
2023-05-17T05:18:00.222196754Z job-manager.info[0]: restart: checkpoint.job-manager not found
2023-05-17T05:18:00.371662030Z broker.info[0]: rc1.0: running /etc/flux/rc1.d/01-sched-fluxion
2023-05-17T05:18:00.411830126Z sched-fluxion-resource.info[0]: version 0.27.0-17-g97e99929
2023-05-17T05:18:00.420585233Z sched-fluxion-resource.warning[0]: create_reader: allowlist unsupported
2023-05-17T05:18:00.423081146Z sched-fluxion-resource.info[0]: populate_resource_db: loaded resources from core's resource.acquire
2023-05-17T05:18:00.431926683Z sched-fluxion-qmanager.info[0]: version 0.27.0-17-g97e99929
2023-05-17T05:18:00.440349101Z broker.info[0]: rc1.0: running /etc/flux/rc1.d/02-cron
2023-05-17T05:18:00.642727658Z broker.info[0]: rc1.0: /etc/flux/rc1 Exited (rc=0) 0.7s
2023-05-17T05:18:00.643713007Z broker.info[0]: rc1-success: init->quorum 0.665572s
2023-05-17T05:18:00.747682333Z broker.info[0]: online: flux-sample-0 (ranks 0)
2023-05-17T05:18:01.020374750Z broker.info[0]: online: flux-sample-[0-3] (ranks 0-3)
2023-05-17T05:18:01.020983107Z broker.info[0]: quorum-full: quorum->run 0.377038s
2023-05-17T05:18:01.021216536Z 05:18:01.020718 socketpair(AF_UNIX, SOCK_STREAM|SOCK_CLOEXEC, 0, [19, 20]) = 0
2023-05-17T05:18:01.188820537Z 05:18:01.188531 socketpair(AF_UNIX, SOCK_STREAM|SOCK_CLOEXEC, 0, [25, 114]) = 0
2023-05-17T05:18:01.189750361Z 05:18:01.189394 socketpair(AF_UNIX, SOCK_STREAM, 0, [115, 116]) = 0
2023-05-17T05:18:01.190276187Z 05:18:01.189991 socketpair(AF_UNIX, SOCK_STREAM, 0, [117, 118]) = 0
2023-05-17T05:18:01.191214355Z 05:18:01.190873 socketpair(AF_UNIX, SOCK_STREAM, 0, [119, 120]) = 0
2023-05-17T05:18:06.981876551Z broker.info[0]: rc2.0: flux submit -n 1 --quiet --watch sleep 5 Exited (rc=0) 6.0s
2023-05-17T05:18:06.984793375Z broker.info[0]: rc2-success: run->cleanup 5.96383s
2023-05-17T05:18:06.986111981Z 05:18:06.984900 socketpair(AF_UNIX, SOCK_STREAM|SOCK_CLOEXEC, 0, [19, 20]) = 0
2023-05-17T05:18:06.987436537Z 05:18:06.986403 socketpair(AF_UNIX, SOCK_STREAM, 0, [21, 22]) = 0
2023-05-17T05:18:06.988978400Z 05:18:06.988659 socketpair(AF_UNIX, SOCK_STREAM, 0, [23, 25]) = 0
2023-05-17T05:18:06.990254861Z 05:18:06.989897 socketpair(AF_UNIX, SOCK_STREAM, 0, [114, 115]) = 0
2023-05-17T05:18:07.143280105Z broker.info[0]: cleanup.0: flux queue stop --quiet --all --nocheckpoint Exited (rc=0) 0.1s
2023-05-17T05:18:07.145071929Z 05:18:07.143762 socketpair(AF_UNIX, SOCK_STREAM|SOCK_CLOEXEC, 0, [22, 25]) = 0
2023-05-17T05:18:07.146376751Z 05:18:07.146084 socketpair(AF_UNIX, SOCK_STREAM, 0, [115, 116]) = 0
2023-05-17T05:18:07.147846399Z 05:18:07.147545 socketpair(AF_UNIX, SOCK_STREAM, 0, [117, 118]) = 0
2023-05-17T05:18:07.148930633Z 05:18:07.148748 socketpair(AF_UNIX, SOCK_STREAM, 0, [119, 120]) = 0
2023-05-17T05:18:07.320296223Z broker.info[0]: cleanup.1: flux cancel --user=all --quiet --states RUN Exited (rc=0) 0.2s
2023-05-17T05:18:07.322146338Z 05:18:07.321785 socketpair(AF_UNIX, SOCK_STREAM|SOCK_CLOEXEC, 0, [19, 20]) = 0
2023-05-17T05:18:07.323378878Z 05:18:07.322125 socketpair(AF_UNIX, SOCK_STREAM, 0, [21, 23]) = 0
2023-05-17T05:18:07.324822046Z 05:18:07.324523 socketpair(AF_UNIX, SOCK_STREAM, 0, [114, 116]) = 0
2023-05-17T05:18:07.326079638Z 05:18:07.325803 socketpair(AF_UNIX, SOCK_STREAM, 0, [118, 120]) = 0
2023-05-17T05:18:07.486317090Z broker.info[0]: cleanup.2: flux queue idle --quiet Exited (rc=0) 0.2s
2023-05-17T05:18:07.489168839Z broker.info[0]: cleanup-success: cleanup->shutdown 0.504223s
2023-05-17T05:18:07.658323817Z broker.info[0]: online: flux-sample-[0-1,3] (ranks 0-1,3)
2023-05-17T05:18:07.668195363Z broker.info[0]: children-complete: shutdown->finalize 0.178864s
2023-05-17T05:18:07.670236720Z 05:18:07.669847 socketpair(AF_UNIX, SOCK_STREAM|SOCK_CLOEXEC, 0, [16, 19]) = 0
2023-05-17T05:18:07.671195371Z 05:18:07.670342 socketpair(AF_UNIX, SOCK_STREAM, 0, [20, 21]) = 0
2023-05-17T05:18:07.672690350Z 05:18:07.672439 socketpair(AF_UNIX, SOCK_STREAM, 0, [22, 23]) = 0
2023-05-17T05:18:07.674134263Z 05:18:07.673756 socketpair(AF_UNIX, SOCK_STREAM, 0, [25, 57]) = 0
2023-05-17T05:18:07.703237909Z broker.info[0]: rc3.0: running /etc/flux/rc3.d/01-sched-fluxion
2023-05-17T05:18:08.068920128Z broker.info[0]: rc3.0: /etc/flux/rc3 Exited (rc=0) 0.4s
2023-05-17T05:18:08.076099801Z broker.info[0]: rc3-success: finalize->goodbye 0.406422s
2023-05-17T05:18:08.078991643Z broker.info[0]: goodbye: goodbye->exit 4.05973ms
2023-05-17T05:18:08.091413170Z 05:18:08.091173 +++ exited with 0 +++
