2023-05-17T05:24:01.954932500Z
2023-05-17T05:24:01.955030150Z Flux username: flux
2023-05-17T05:24:01.955039223Z
2023-05-17T05:24:01.955044537Z Flux install root: /usr
2023-05-17T05:24:02.003446439Z flux user is already added.
2023-05-17T05:24:02.006047634Z flux user identifiers:
2023-05-17T05:24:02.006077732Z uid=1234(flux) gid=1234(flux) groups=1234(flux)
2023-05-17T05:24:02.006236790Z
2023-05-17T05:24:02.006250443Z As Flux prefix for flux commands: sudo -u flux -E PYTHONPATH= -E PATH=/usr/local/sbin:/usr/local/bin:/usr/sbin:/usr/bin:/sbin:/bin -E LD_LIBRARY_PATH= -E HOME=/home/flux
2023-05-17T05:24:02.015349198Z Host updating script not available yet, waiting...
2023-05-17T05:24:03.020766979Z Host updating script not available yet, waiting...
2023-05-17T05:24:04.026388013Z Host updating script not available yet, waiting...
2023-05-17T05:24:05.033544565Z Host updating script not available yet, waiting...
2023-05-17T05:24:06.039124141Z Host updating script not available yet, waiting...
2023-05-17T05:24:07.046469615Z Host updating script not available yet, waiting...
2023-05-17T05:24:08.052762015Z Host updating script not available yet, waiting...
2023-05-17T05:24:09.058436566Z Host updating script not available yet, waiting...
2023-05-17T05:24:10.064514874Z Host updating script not available yet, waiting...
2023-05-17T05:24:11.071167122Z Host updating script not available yet, waiting...
2023-05-17T05:24:12.077519671Z Host updating script not available yet, waiting...
2023-05-17T05:24:13.083913866Z Host updating script not available yet, waiting...
2023-05-17T05:24:14.090350555Z Host updating script not available yet, waiting...
2023-05-17T05:24:15.097601849Z Host updating script not available yet, waiting...
2023-05-17T05:24:16.106467391Z Host updating script not available yet, waiting...
2023-05-17T05:24:17.111740914Z Host updating script not available yet, waiting...
2023-05-17T05:24:18.118409464Z Host updating script not available yet, waiting...
2023-05-17T05:24:19.126086987Z Host updating script not available yet, waiting...
2023-05-17T05:24:20.133018009Z Host updating script not available yet, waiting...
2023-05-17T05:24:21.139055284Z Host updating script not available yet, waiting...
2023-05-17T05:24:22.145191657Z Host updating script not available yet, waiting...
2023-05-17T05:24:23.153876530Z Host updating script not available yet, waiting...
2023-05-17T05:24:24.161828432Z Host updating script not available yet, waiting...
2023-05-17T05:24:25.168069085Z Host updating script not available yet, waiting...
2023-05-17T05:24:26.174438584Z Host updating script not available yet, waiting...
2023-05-17T05:24:27.180841652Z Host updating script not available yet, waiting...
2023-05-17T05:24:28.188422248Z Host updating script not available yet, waiting...
2023-05-17T05:24:29.195625585Z Host updating script not available yet, waiting...
2023-05-17T05:24:30.202148498Z Host updating script not available yet, waiting...
2023-05-17T05:24:31.208729442Z Host updating script not available yet, waiting...
2023-05-17T05:24:32.215804262Z Host updating script not available yet, waiting...
2023-05-17T05:24:33.224130756Z Host updating script not available yet, waiting...
2023-05-17T05:24:34.228970146Z Host updating script not available yet, waiting...
2023-05-17T05:24:35.236228989Z Host updating script not available yet, waiting...
2023-05-17T05:24:36.243588964Z Host updating script not available yet, waiting...
2023-05-17T05:24:37.250851416Z Host updating script not available yet, waiting...
2023-05-17T05:24:38.257752766Z Host updating script not available yet, waiting...
2023-05-17T05:24:39.264078244Z Host updating script not available yet, waiting...
2023-05-17T05:24:40.270821644Z Host updating script not available yet, waiting...
2023-05-17T05:24:41.279729215Z Host updating script not available yet, waiting...
2023-05-17T05:24:42.285748775Z Host updating script not available yet, waiting...
2023-05-17T05:24:43.303786374Z Host updating script not available yet, waiting...
2023-05-17T05:24:44.307727199Z Host updating script not available yet, waiting...
2023-05-17T05:24:45.314207817Z Host updating script not available yet, waiting...
2023-05-17T05:24:46.320884945Z Host updating script not available yet, waiting...
2023-05-17T05:24:47.326490464Z Host updating script not available yet, waiting...
2023-05-17T05:24:48.332423212Z Host updating script not available yet, waiting...
2023-05-17T05:24:49.338298337Z Host updating script not available yet, waiting...
2023-05-17T05:24:50.345177185Z Host updating script not available yet, waiting...
2023-05-17T05:24:51.351566504Z Host updating script not available yet, waiting...
2023-05-17T05:24:52.358471715Z Host updating script not available yet, waiting...
2023-05-17T05:24:53.373181936Z Host updating script not available yet, waiting...
2023-05-17T05:24:54.379574762Z Host updating script not available yet, waiting...
2023-05-17T05:24:55.385571506Z Host updating script not available yet, waiting...
2023-05-17T05:24:56.392163455Z Host updating script not available yet, waiting...
2023-05-17T05:24:57.398870042Z Host updating script not available yet, waiting...
2023-05-17T05:24:58.404851884Z Host updating script not available yet, waiting...
2023-05-17T05:24:59.411161961Z Host updating script not available yet, waiting...
2023-05-17T05:25:00.418169010Z Host updating script not available yet, waiting...
2023-05-17T05:25:01.425058508Z Host updating script not available yet, waiting...
2023-05-17T05:25:02.431142506Z Host updating script not available yet, waiting...
2023-05-17T05:25:03.439471211Z Host updating script not available yet, waiting...
2023-05-17T05:25:04.443731029Z Host updating script not available yet, waiting...
2023-05-17T05:25:05.449554400Z Host updating script not available yet, waiting...
2023-05-17T05:25:06.456452960Z Host updating script not available yet, waiting...
2023-05-17T05:25:07.462265917Z Host updating script not available yet, waiting...
2023-05-17T05:25:08.468527481Z Host updating script not available yet, waiting...
2023-05-17T05:25:09.476942018Z Host updating script not available yet, waiting...
2023-05-17T05:25:10.483160839Z Host updating script not available yet, waiting...
2023-05-17T05:25:11.489615066Z Host updating script not available yet, waiting...
2023-05-17T05:25:12.495158262Z Host updating script not available yet, waiting...
2023-05-17T05:25:13.503382606Z Host updating script not available yet, waiting...
2023-05-17T05:25:14.507247236Z Host updating script not available yet, waiting...
2023-05-17T05:25:15.514038700Z Host updating script not available yet, waiting...
2023-05-17T05:25:16.520333081Z Host updating script not available yet, waiting...
2023-05-17T05:25:17.527146701Z Host updating script not available yet, waiting...
2023-05-17T05:25:18.533984173Z Host updating script not available yet, waiting...
2023-05-17T05:25:19.543137065Z # Kubernetes-managed hosts file.
2023-05-17T05:25:19.543198631Z 127.0.0.1	localhost
2023-05-17T05:25:19.543211751Z ::1	localhost ip6-localhost ip6-loopback
2023-05-17T05:25:19.543220253Z fe00::0	ip6-localnet
2023-05-17T05:25:19.543227165Z fe00::0	ip6-mcastprefix
2023-05-17T05:25:19.543233621Z fe00::1	ip6-allnodes
2023-05-17T05:25:19.543239760Z fe00::2	ip6-allrouters
2023-05-17T05:25:19.543742003Z 10.24.2.34	flux-sample-0.flux-service.flux-operator.svc.cluster.local	flux-sample-0
2023-05-17T05:25:19.543801531Z 10.24.2.34 flux-sample-0.flux-service.flux-operator.svc.cluster.local flux-sample-0
2023-05-17T05:25:19.543810195Z 10.24.3.27 flux-sample-1.flux-service.flux-operator.svc.cluster.local flux-sample-1
2023-05-17T05:25:19.543816949Z 10.24.0.27 flux-sample-2.flux-service.flux-operator.svc.cluster.local flux-sample-2
2023-05-17T05:25:19.543823729Z 10.24.1.33 flux-sample-3.flux-service.flux-operator.svc.cluster.local flux-sample-3
2023-05-17T05:25:19.549868574Z
2023-05-17T05:25:19.550318402Z ðŸ‘‹ Hello, I'm flux-sample-0
2023-05-17T05:25:19.550495009Z The main host is flux-sample-0
2023-05-17T05:25:19.550508964Z The working directory is /opt, contents include:
2023-05-17T05:25:19.553612970Z /opt:
2023-05-17T05:25:19.554318141Z End of file listing, if you see nothing above there are no files.
2023-05-17T05:25:19.556804010Z flux R encode --hosts=flux-sample-[0-3]
2023-05-17T05:25:19.584179068Z
2023-05-17T05:25:19.584898344Z ðŸ“¦ Resources
2023-05-17T05:25:19.588665460Z {"version": 1, "execution": {"R_lite": [{"rank": "0-3", "children": {"core": "0"}}], "starttime": 0.0, "expiration": 0.0, "nodelist": ["flux-sample-[0-3]"]}}
2023-05-17T05:25:19.589376791Z
2023-05-17T05:25:19.589762418Z ðŸ¸ Diagnostics: false
2023-05-17T05:25:19.595227031Z
2023-05-17T05:25:19.595270916Z ðŸ¦Š Independent Minister of Privilege
2023-05-17T05:25:19.597200020Z [exec]
2023-05-17T05:25:19.597651387Z allowed-users = [ "flux", "root" ]
2023-05-17T05:25:19.597677152Z allowed-shells = [ "/usr/libexec/flux/flux-shell" ]
2023-05-17T05:25:19.597697018Z
2023-05-17T05:25:19.597706703Z ðŸ¸ Broker Configuration
2023-05-17T05:25:19.600523914Z # Flux needs to know the path to the IMP executable
2023-05-17T05:25:19.600824713Z [exec]
2023-05-17T05:25:19.600898760Z imp = "/usr/libexec/flux/flux-imp"
2023-05-17T05:25:19.600911130Z
2023-05-17T05:25:19.600918948Z [access]
2023-05-17T05:25:19.600926676Z allow-guest-user = true
2023-05-17T05:25:19.601004268Z allow-root-owner = true
2023-05-17T05:25:19.601015711Z
2023-05-17T05:25:19.601023275Z # Point to resource definition generated with flux-R(1).
2023-05-17T05:25:19.601029898Z [resource]
2023-05-17T05:25:19.601039802Z path = "/etc/flux/system/R"
2023-05-17T05:25:19.601047751Z
2023-05-17T05:25:19.601054956Z [bootstrap]
2023-05-17T05:25:19.601061663Z curve_cert = "/etc/curve/curve.cert"
2023-05-17T05:25:19.601086447Z default_port = 8050
2023-05-17T05:25:19.601096816Z default_bind = "tcp://eth0:%p"
2023-05-17T05:25:19.601104876Z default_connect = "tcp://%h.flux-service.flux-operator.svc.cluster.local:%p"
2023-05-17T05:25:19.601111392Z hosts = [
2023-05-17T05:25:19.601118228Z 	{ host="flux-sample-[0-3]"},
2023-05-17T05:25:19.601124773Z ]
2023-05-17T05:25:19.601130597Z
2023-05-17T05:25:19.601137159Z [archive]
2023-05-17T05:25:19.601143748Z dbpath = "/var/lib/flux/job-archive.sqlite"
2023-05-17T05:25:19.601169460Z period = "1m"
2023-05-17T05:25:19.673262279Z busytimeout = "50s"
2023-05-17T05:25:19.673326957Z ðŸ§Šï¸ State Directory:
2023-05-17T05:25:19.673339591Z total 0
2023-05-17T05:25:19.673346454Z
2023-05-17T05:25:19.678537916Z
2023-05-17T05:25:19.678888020Z ðŸ”’ï¸ Working directory permissions:
2023-05-17T05:25:19.678940731Z total 0
2023-05-17T05:25:19.679989683Z
2023-05-17T05:25:19.680461054Z
2023-05-17T05:25:19.680482687Z âœ¨ Curve certificate generated by helper pod
2023-05-17T05:25:19.682665851Z #   ****  Generated on 2023-04-26 22:54:42 by CZMQ  ****
2023-05-17T05:25:19.682994756Z #   ZeroMQ CURVE **Secret** Certificate
2023-05-17T05:25:19.683065956Z #   DO NOT PROVIDE THIS FILE TO OTHER USERS nor change its permissions.
2023-05-17T05:25:19.683086410Z
2023-05-17T05:25:19.683094068Z metadata
2023-05-17T05:25:19.683101161Z     name = "flux-cert-generator"
2023-05-17T05:25:19.683107790Z     keygen.hostname = "flux-sample-0"
2023-05-17T05:25:19.683117586Z curve
2023-05-17T05:25:19.683126366Z     public-key = "[wEe3-sKYlJwaGdwepQc8^Jfj@TZvwy*IJK{VPzo"
2023-05-17T05:25:19.683133563Z     secret-key = "3zI]Pi91&kM?36sNXsZn[88-+ort5vz]SsTp^+q6"
2023-05-17T05:25:19.686196219Z Extra command arguments are: sleep 5
2023-05-17T05:25:19.687023857Z
2023-05-17T05:25:19.687238998Z ðŸŒ€ Submit Mode: flux start --wrap=strace,-e,network,-tt -o --config /etc/flux/config -Scron.directory=/etc/flux/system/cron.d   -Stbon.fanout=256   -Srundir=/run/flux    -Sstatedir=/var/lib/flux   -Slocal-uri=local:///run/flux/local -Stbon.connect_timeout=5s  -Stbon.zmqdebug=1  -Slog-stderr-level=6    -Slog-stderr-mode=local  flux submit  -n 1 --quiet  --watch sleep 5
2023-05-17T05:25:19.733862295Z 05:25:19.733541 socket(AF_NETLINK, SOCK_RAW|SOCK_CLOEXEC, NETLINK_ROUTE) = 16
2023-05-17T05:25:19.735344437Z 05:25:19.733743 bind(16, {sa_family=AF_NETLINK, nl_pid=0, nl_groups=00000000}, 12) = 0
2023-05-17T05:25:19.735432245Z 05:25:19.734025 getsockname(16, {sa_family=AF_NETLINK, nl_pid=462, nl_groups=00000000}, [12]) = 0
2023-05-17T05:25:19.735826028Z 05:25:19.734177 sendto(16, {{len=20, type=RTM_GETLINK, flags=NLM_F_REQUEST|NLM_F_DUMP, seq=1684301119, pid=0}, {ifi_family=AF_UNSPEC, ...}}, 20, 0, {sa_family=AF_NETLINK, nl_pid=0, nl_groups=00000000}, 12) = 20
2023-05-17T05:25:19.735987621Z 05:25:19.734584 recvmsg(16, {msg_name={sa_family=AF_NETLINK, nl_pid=0, nl_groups=00000000}, msg_namelen=12, msg_iov=[{iov_base=[{{len=1336, type=RTM_NEWLINK, flags=NLM_F_MULTI, seq=1684301119, pid=462}, {ifi_family=AF_UNSPEC, ifi_type=ARPHRD_LOOPBACK, ifi_index=if_nametoindex("lo"), ifi_flags=IFF_UP|IFF_LOOPBACK|IFF_RUNNING|IFF_LOWER_UP, ifi_change=0}, [{{nla_len=7, nla_type=IFLA_IFNAME}, "lo"}, {{nla_len=8, nla_type=IFLA_TXQLEN}, 1000}, {{nla_len=5, nla_type=IFLA_OPERSTATE}, 0}, {{nla_len=5, nla_type=IFLA_LINKMODE}, 0}, {{nla_len=8, nla_type=IFLA_MTU}, 65536}, {{nla_len=8, nla_type=IFLA_MIN_MTU}, 0}, {{nla_len=8, nla_type=IFLA_MAX_MTU}, 0}, {{nla_len=8, nla_type=IFLA_GROUP}, 0}, {{nla_len=8, nla_type=IFLA_PROMISCUITY}, 0}, {{nla_len=8, nla_type=IFLA_NUM_TX_QUEUES}, 1}, {{nla_len=8, nla_type=IFLA_GSO_MAX_SEGS}, 65535}, {{nla_len=8, nla_type=IFLA_GSO_MAX_SIZE}, 65536}, {{nla_len=8, nla_type=IFLA_NUM_RX_QUEUES}, 1}, {{nla_len=5, nla_type=IFLA_CARRIER}, 1}, {{nla_len=12, nla_type=IFLA_QDISC}, "noqueue"}, {{nla_len=8, nla_type=IFLA_CARRIER_CHANGES}, 0}, {{nla_len=8, nla_type=IFLA_CARRIER_UP_COUNT}, 0}, {{nla_len=8, nla_type=IFLA_CARRIER_DOWN_COUNT}, 0}, {{nla_len=5, nla_type=IFLA_PROTO_DOWN}, 0}, {{nla_len=36, nla_type=IFLA_MAP}, {mem_start=0, mem_end=0, base_addr=0, irq=0, dma=0, port=0}}, {{nla_len=10, nla_type=IFLA_ADDRESS}, "\x00\x00\x00\x00\x00\x00"}, {{nla_len=10, nla_type=IFLA_BROADCAST}, "\x00\x00\x00\x00\x00\x00"}, {{nla_len=196, nla_type=IFLA_STATS64}, {rx_packets=0, tx_packets=0, rx_bytes=0, tx_bytes=0, rx_errors=0, tx_errors=0, rx_dropped=0, tx_dropped=0, multicast=0, collisions=0, rx_length_errors=0, rx_over_errors=0, rx_crc_errors=0, rx_frame_errors=0, rx_fifo_errors=0, rx_missed_errors=0, tx_aborted_errors=0, tx_carrier_errors=0, tx_fifo_errors=0, tx_heartbeat_errors=0, tx_window_errors=0, rx_compressed=0, tx_compressed=0, rx_nohandler=0}}, {{nla_len=100, nla_type=IFLA_STATS}, {rx_packets=0, tx_packets=0, rx_bytes=0, tx_bytes=0, rx_errors=0, tx_errors=0, rx_dropped=0, tx_dropped=0, multicast=0, collisions=0, rx_length_errors=0, rx_over_errors=0, rx_crc_errors=0, rx_frame_errors=0, rx_fifo_errors=0, rx_missed_errors=0, tx_aborted_errors=0, tx_carrier_errors=0, tx_fifo_errors=0, tx_heartbeat_errors=0, tx_window_errors=0, rx_compressed=0, tx_compressed=0, rx_nohandler=0}}, {{nla_len=12, nla_type=IFLA_XDP}, {{nla_len=5, nla_type=IFLA_XDP_ATTACHED}, XDP_ATTACHED_NONE}}, {{nla_len=780, nla_type=IFLA_AF_SPEC}, [{{nla_len=136, nla_type=AF_INET}, {{nla_len=132, nla_type=IFLA_INET_CONF}, [[IPV4_DEVCONF_FORWARDING-1] = 1, [IPV4_DEVCONF_MC_FORWARDING-1] = 0, [IPV4_DEVCONF_PROXY_ARP-1] = 0, [IPV4_DEVCONF_ACCEPT_REDIRECTS-1] = 0, [IPV4_DEVCONF_SECURE_REDIRECTS-1] = 1, [IPV4_DEVCONF_SEND_REDIRECTS-1] = 0, [IPV4_DEVCONF_SHARED_MEDIA-1] = 1, [IPV4_DEVCONF_RP_FILTER-1] = 1, [IPV4_DEVCONF_ACCEPT_SOURCE_ROUTE-1] = 0, [IPV4_DEVCONF_BOOTP_RELAY-1] = 0, [IPV4_DEVCONF_LOG_MARTIANS-1] = 1, [IPV4_DEVCONF_TAG-1] = 0, [IPV4_DEVCONF_ARPFILTER-1] = 0, [IPV4_DEVCONF_MEDIUM_ID-1] = 0, [IPV4_DEVCONF_NOXFRM-1] = 1, [IPV4_DEVCONF_NOPOLICY-1] = 1, [IPV4_DEVCONF_FORCE_IGMP_VERSION-1] = 0, [IPV4_DEVCONF_ARP_ANNOUNCE-1] = 0, [IPV4_DEVCONF_ARP_IGNORE-1] = 0, [IPV4_DEVCONF_PROMOTE_SECONDARIES-1] = 0, [IPV4_DEVCONF_ARP_ACCEPT-1] = 0, [IPV4_DEVCONF_ARP_NOTIFY-1] = 0, [IPV4_DEVCONF_ACCEPT_LOCAL-1] = 0, [IPV4_DEVCONF_SRC_VMARK-1] = 0, [IPV4_DEVCONF_PROXY_ARP_PVLAN-1] = 0, [IPV4_DEVCONF_ROUTE_LOCALNET-1] = 0, [IPV4_DEVCONF_IGMPV2_UNSOLICITED_REPORT_INTERVAL-1] = 10000, [IPV4_DEVCONF_IGMPV3_UNSOLICITED_REPORT_INTERVAL-1] = 1000, [IPV4_DEVCONF_IGNORE_ROUTES_WITH_LINKDOWN-1] = 0, [IPV4_DEVCONF_DROP_UNICAST_IN_L2_MULTICAST-1] = 0, [IPV4_DEVCONF_DROP_GRATUITOUS_ARP-1] = 0, [IPV4_DEVCONF_BC_FORWARDING-1] = 0]}}, {{nla_len=640, nla_type=AF_INET6}, [{{nla_len=8, nla_type=IFLA_INET6_FLAGS}, 0}, {{nla_len=20, nla_type=IFLA_INET6_CACHEINFO}, {max_reasm_len=65535, tstamp=505340, reachable_time=41351, retrans_time=1000}}, {{nla_len=228, nla_type=IFLA_INET6_CONF}, [[DEVCONF_FORWARDING] = 0, [DEVCONF_HOPLIMIT] = 64, [DEVCONF_MTU6] = 65536, [DEVCONF_ACCEPT_RA] = 1, [DEVCONF_ACCEPT_REDIRECTS] = 1, [DEVCONF_AUTOCONF] = 1, [DEVCONF_DAD_TRANSMITS] = 1, [DEVCONF_RTR_SOLICITS] = -1, [DEVCONF_RTR_SOLICIT_INTERVAL] = 4000, [DEVCONF_RTR_SOLICIT_DELAY] = 1000, [DEVCONF_USE_TEMPADDR] = -1, [DEVCONF_TEMP_VALID_LFT] = 604800, [DEVCONF_TEMP_PREFERED_LFT] = 86400, [DEVCONF_REGEN_MAX_RETRY] = 3, [DEVCONF_MAX_DESYNC_FACTOR] = 600, [DEVCONF_MAX_ADDRESSES] = 16, [DEVCONF_FORCE_MLD_VERSION] = 0, [DEVCONF_ACCEPT_RA_DEFRTR] = 1, [DEVCONF_ACCEPT_RA_PINFO] = 1, [DEVCONF_ACCEPT_RA_RTR_PREF] = 0, [DEVCONF_RTR_PROBE_INTERVAL] = 0, [DEVCONF_ACCEPT_RA_RT_INFO_MAX_PLEN] = 0, [DEVCONF_PROXY_NDP] = 0, [DEVCONF_OPTIMISTIC_DAD] = 0, [DEVCONF_ACCEPT_SOURCE_ROUTE] = 0, [DEVCONF_MC_FORWARDING] = 0, [DEVCONF_DISABLE_IPV6] = 1, [DEVCONF_ACCEPT_DAD] = -1, [DEVCONF_FORCE_TLLAO] = 0, [DEVCONF_NDISC_NOTIFY] = 0, [DEVCONF_MLDV1_UNSOLICITED_REPORT_INTERVAL] = 10000, [DEVCONF_MLDV2_UNSOLICITED_REPORT_INTERVAL] = 1000, ...]}, {{nla_len=300, nla_type=IFLA_INET6_STATS}, [[IPSTATS_MIB_NUM] = 37, [IPSTATS_MIB_INPKTS] = 0, [IPSTATS_MIB_INOCTETS] = 0, [IPSTATS_MIB_INDELIVERS] = 0, [IPSTATS_MIB_OUTFORWDATAGRAMS] = 0, [IPSTATS_MIB_OUTPKTS] = 0, [IPSTATS_MIB_OUTOCTETS] = 0, [IPSTATS_MIB_INHDRERRORS] = 0, [IPSTATS_MIB_INTOOBIGERRORS] = 0, [IPSTATS_MIB_INNOROUTES] = 0, [IPSTATS_MIB_INADDRERRORS] = 0, [IPSTATS_MIB_INUNKNOWNPROTOS] = 0, [IPSTATS_MIB_INTRUNCATEDPKTS] = 0, [IPSTATS_MIB_INDISCARDS] = 0, [IPSTATS_MIB_OUTDISCARDS] = 0, [IPSTATS_MIB_OUTNOROUTES] = 0, [IPSTATS_MIB_REASMTIMEOUT] = 0, [IPSTATS_MIB_REASMREQDS] = 0, [IPSTATS_MIB_REASMOKS] = 0, [IPSTATS_MIB_REASMFAILS] = 0, [IPSTATS_MIB_FRAGOKS] = 0, [IPSTATS_MIB_FRAGFAILS] = 0, [IPSTATS_MIB_FRAGCREATES] = 0, [IPSTATS_MIB_INMCASTPKTS] = 0, [IPSTATS_MIB_OUTMCASTPKTS] = 0, [IPSTATS_MIB_INBCASTPKTS] = 0, [IPSTATS_MIB_OUTBCASTPKTS] = 0, [IPSTATS_MIB_INMCASTOCTETS] = 0, [IPSTATS_MIB_OUTMCASTOCTETS] = 0, [IPSTATS_MIB_INBCASTOCTETS] = 0, [IPSTATS_MIB_OUTBCASTOCTETS] = 0, [IPSTATS_MIB_CSUMERRORS] = 0, ...]}, {{nla_len=52, nla_type=IFLA_INET6_ICMP6STATS}, [[ICMP6_MIB_NUM] = 6, [ICMP6_MIB_INMSGS] = 0, [ICMP6_MIB_INERRORS] = 0, [ICMP6_MIB_OUTMSGS] = 0, [ICMP6_MIB_OUTERRORS] = 0, [ICMP6_MIB_CSUMERRORS] = 0]}, {{nla_len=20, nla_type=IFLA_INET6_TOKEN}, inet_pton(AF_INET6, "::")}, {{nla_len=5, nla_type=IFLA_INET6_ADDR_GEN_MODE}, IN6_ADDR_GEN_MODE_EUI64}]}]}]}, {{len=1372, type=RTM_NEWLINK, flags=NLM_F_MULTI, seq=1684301119, pid=462}, {ifi_family=AF_UNSPEC, ifi_type=ARPHRD_ETHER, ifi_index=if_nametoindex("eth0"), ifi_flags=IFF_UP|IFF_BROADCAST|IFF_RUNNING|IFF_MULTICAST|IFF_LOWER_UP, ifi_change=0}, [{{nla_len=9, nla_type=IFLA_IFNAME}, "eth0"}, {{nla_len=8, nla_type=IFLA_TXQLEN}, 0}, {{nla_len=5, nla_type=IFLA_OPERSTATE}, 6}, {{nla_len=5, nla_type=IFLA_LINKMODE}, 0}, {{nla_len=8, nla_type=IFLA_MTU}, 1460}, {{nla_len=8, nla_type=IFLA_MIN_MTU}, 68}, {{nla_len=8, nla_type=IFLA_MAX_MTU}, 65535}, {{nla_len=8, nla_type=IFLA_GROUP}, 0}, {{nla_len=8, nla_type=IFLA_PROMISCUITY}, 0}, {{nla_len=8, nla_type=IFLA_NUM_TX_QUEUES}, 2}, {{nla_len=8, nla_type=IFLA_GSO_MAX_SEGS}, 65535}, {{nla_len=8, nla_type=IFLA_GSO_MAX_SIZE}, 65536}, {{nla_len=8, nla_type=IFLA_NUM_RX_QUEUES}, 2}, {{nla_len=5, nla_type=IFLA_CARRIER}, 1}, {{nla_len=12, nla_type=IFLA_QDISC}, "noqueue"}, {{nla_len=8, nla_type=IFLA_CARRIER_CHANGES}, 2}, {{nla_len=8, nla_type=IFLA_CARRIER_UP_COUNT}, 1}, {{nla_len=8, nla_type=IFLA_CARRIER_DOWN_COUNT}, 1}, {{nla_len=5, nla_type=IFLA_PROTO_DOWN}, 0}, {{nla_len=36, nla_type=IFLA_MAP}, {mem_start=0, mem_end=0, base_addr=0, irq=0, dma=0, port=0}}, {{nla_len=10, nla_type=IFLA_ADDRESS}, "\x66\x0e\xc2\x7f\xd2\x57"}, {{nla_len=10, nla_type=IFLA_BROADCAST}, "\xff\xff\xff\xff\xff\xff"}, {{nla_len=196, nla_type=IFLA_STATS64}, {rx_packets=1525, tx_packets=1524, rx_bytes=112798, tx_bytes=82340, rx_errors=0, tx_errors=0, rx_dropped=0, tx_dropped=0, multicast=0, collisions=0, rx_length_errors=0, rx_over_errors=0, rx_crc_errors=0, rx_frame_errors=0, rx_fifo_errors=0, rx_missed_errors=0, tx_aborted_errors=0, tx_carrier_errors=0, tx_fifo_errors=0, tx_heartbeat_errors=0, tx_window_errors=0, rx_compressed=0, tx_compressed=0, rx_nohandler=0}}, {{nla_len=100, nla_type=IFLA_STATS}, {rx_packets=1525, tx_packets=1524, rx_bytes=112798, tx_bytes=82340, rx_errors=0, tx_errors=0, rx_dropped=0, tx_dropped=0, multicast=0, collisions=0, rx_length_errors=0, rx_over_errors=0, rx_crc_errors=0, rx_frame_errors=0, rx_fifo_errors=0, rx_missed_errors=0, tx_aborted_errors=0, tx_carrier_errors=0, tx_fifo_errors=0, tx_heartbeat_errors=0, tx_window_errors=0, rx_compressed=0, tx_compressed=0, rx_nohandler=0}}, {{nla_len=12, nla_type=IFLA_XDP}, {{nla_len=5, nla_type=IFLA_XDP_ATTACHED}, XDP_ATTACHED_NONE}}, {{nla_len=16, nla_type=IFLA_LINKINFO}, {{nla_len=9, nla_type=IFLA_INFO_KIND}, "veth"}}, {{nla_len=8, nla_type=IFLA_LINK_NETNSID}, 0}, {{nla_len=8, nla_type=IFLA_LINK}, 38}, {{nla_len=780, nla_type=IFLA_AF_SPEC}, [{{nla_len=136, nla_type=AF_INET}, {{nla_len=132, nla_type=IFLA_INET_CONF}, [[IPV4_DEVCONF_FORWARDING-1] = 1, [IPV4_DEVCONF_MC_FORWARDING-1] = 0, [IPV4_DEVCONF_PROXY_ARP-1] = 0, [IPV4_DEVCONF_ACCEPT_REDIRECTS-1] = 0, [IPV4_DEVCONF_SECURE_REDIRECTS-1] = 1, [IPV4_DEVCONF_SEND_REDIRECTS-1] = 0, [IPV4_DEVCONF_SHARED_MEDIA-1] = 1, [IPV4_DEVCONF_RP_FILTER-1] = 1, [IPV4_DEVCONF_ACCEPT_SOURCE_ROUTE-1] = 0, [IPV4_DEVCONF_BOOTP_RELAY-1] = 0, [IPV4_DEVCONF_LOG_MARTIANS-1] = 1, [IPV4_DEVCONF_TAG-1] = 0, [IPV4_DEVCONF_ARPFILTER-1] = 0, [IPV4_DEVCONF_MEDIUM_ID-1] = 0, [IPV4_DEVCONF_NOXFRM-1] = 0, [IPV4_DEVCONF_NOPOLICY-1] = 0, [IPV4_DEVCONF_FORCE_IGMP_VERSION-1] = 0, [IPV4_DEVCONF_ARP_ANNOUNCE-1] = 0, [IPV4_DEVCONF_ARP_IGNORE-1] = 0, [IPV4_DEVCONF_PROMOTE_SECONDARIES-1] = 0, [IPV4_DEVCONF_ARP_ACCEPT-1] = 0, [IPV4_DEVCONF_ARP_NOTIFY-1] = 0, [IPV4_DEVCONF_ACCEPT_LOCAL-1] = 0, [IPV4_DEVCONF_SRC_VMARK-1] = 0, [IPV4_DEVCONF_PROXY_ARP_PVLAN-1] = 0, [IPV4_DEVCONF_ROUTE_LOCALNET-1] = 0, [IPV4_DEVCONF_IGMPV2_UNSOLICITED_REPORT_INTERVAL-1] = 10000, [IPV4_DEVCONF_IGMPV3_UNSOLICITED_REPORT_INTERVAL-1] = 1000, [IPV4_DEVCONF_IGNORE_ROUTES_WITH_LINKDOWN-1] = 0, [IPV4_DEVCONF_DROP_UNICAST_IN_L2_MULTICAST-1] = 0, [IPV4_DEVCONF_DROP_GRATUITOUS_ARP-1] = 0, [IPV4_DEVCONF_BC_FORWARDING-1] = 0]}}, {{nla_len=640, nla_type=AF_INET6}, [{{nla_len=8, nla_type=IFLA_INET6_FLAGS}, 0}, {{nla_len=20, nla_type=IFLA_INET6_CACHEINFO}, {max_reasm_len=65535, tstamp=505340, reachable_time=37779, retrans_time=1000}}, {{nla_len=228, nla_type=IFLA_INET6_CONF}, [[DEVCONF_FORWARDING] = 0, [DEVCONF_HOPLIMIT] = 64, [DEVCONF_MTU6] = 1460, [DEVCONF_ACCEPT_RA] = 1, [DEVCONF_ACCEPT_REDIRECTS] = 1, [DEVCONF_AUTOCONF] = 1, [DEVCONF_DAD_TRANSMITS] = 1, [DEVCONF_RTR_SOLICITS] = -1, [DEVCONF_RTR_SOLICIT_INTERVAL] = 4000, [DEVCONF_RTR_SOLICIT_DELAY] = 1000, [DEVCONF_USE_TEMPADDR] = 0, [DEVCONF_TEMP_VALID_LFT] = 604800, [DEVCONF_TEMP_PREFERED_LFT] = 86400, [DEVCONF_REGEN_MAX_RETRY] = 3, [DEVCONF_MAX_DESYNC_FACTOR] = 600, [DEVCONF_MAX_ADDRESSES] = 16, [DEVCONF_FORCE_MLD_VERSION] = 0, [DEVCONF_ACCEPT_RA_DEFRTR] = 1, [DEVCONF_ACCEPT_RA_PINFO] = 1, [DEVCONF_ACCEPT_RA_RTR_PREF] = 0, [DEVCONF_RTR_PROBE_INTERVAL] = 0, [DEVCONF_ACCEPT_RA_RT_INFO_MAX_PLEN] = 0, [DEVCONF_PROXY_NDP] = 0, [DEVCONF_OPTIMISTIC_DAD] = 0, [DEVCONF_ACCEPT_SOURCE_ROUTE] = 0, [DEVCONF_MC_FORWARDING] = 0, [DEVCONF_DISABLE_IPV6] = 1, [DEVCONF_ACCEPT_DAD] = 1, [DEVCONF_FORCE_TLLAO] = 0, [DEVCONF_NDISC_NOTIFY] = 0, [DEVCONF_MLDV1_UNSOLICITED_REPORT_INTERVAL] = 10000, [DEVCONF_MLDV2_UNSOLICITED_REPORT_INTERVAL] = 1000, ...]}, {{nla_len=300, nla_type=IFLA_INET6_STATS}, [[IPSTATS_MIB_NUM] = 37, [IPSTATS_MIB_INPKTS] = 5, [IPSTATS_MIB_INOCTETS] = 376, [IPSTATS_MIB_INDELIVERS] = 0, [IPSTATS_MIB_OUTFORWDATAGRAMS] = 0, [IPSTATS_MIB_OUTPKTS] = 3, [IPSTATS_MIB_OUTOCTETS] = 224, [IPSTATS_MIB_INHDRERRORS] = 0, [IPSTATS_MIB_INTOOBIGERRORS] = 0, [IPSTATS_MIB_INNOROUTES] = 0, [IPSTATS_MIB_INADDRERRORS] = 0, [IPSTATS_MIB_INUNKNOWNPROTOS] = 0, [IPSTATS_MIB_INTRUNCATEDPKTS] = 0, [IPSTATS_MIB_INDISCARDS] = 4, [IPSTATS_MIB_OUTDISCARDS] = 0, [IPSTATS_MIB_OUTNOROUTES] = 0, [IPSTATS_MIB_REASMTIMEOUT] = 0, [IPSTATS_MIB_REASMREQDS] = 0, [IPSTATS_MIB_REASMOKS] = 0, [IPSTATS_MIB_REASMFAILS] = 0, [IPSTATS_MIB_FRAGOKS] = 0, [IPSTATS_MIB_FRAGFAILS] = 0, [IPSTATS_MIB_FRAGCREATES] = 0, [IPSTATS_MIB_INMCASTPKTS] = 1, [IPSTATS_MIB_OUTMCASTPKTS] = 3, [IPSTATS_MIB_INBCASTPKTS] = 0, [IPSTATS_MIB_OUTBCASTPKTS] = 0, [IPSTATS_MIB_INMCASTOCTETS] = 76, [IPSTATS_MIB_OUTMCASTOCTETS] = 224, [IPSTATS_MIB_INBCASTOCTETS] = 0, [IPSTATS_MIB_OUTBCASTOCTETS] = 0, [IPSTATS_MIB_CSUMERRORS] = 0, ...]}, {{nla_len=52, nla_type=IFLA_INET6_ICMP6STATS}, [[ICMP6_MIB_NUM] = 6, [ICMP6_MIB_INMSGS] = 0, [ICMP6_MIB_INERRORS] = 0, [ICMP6_MIB_OUTMSGS] = 3, [ICMP6_MIB_OUTERRORS] = 0, [ICMP6_MIB_CSUMERRORS] = 0]}, {{nla_len=20, nla_type=IFLA_INET6_TOKEN}, inet_pton(AF_INET6, "::")}, {{nla_len=5, nla_type=IFLA_INET6_ADDR_GEN_MODE}, IN6_ADDR_GEN_MODE_EUI64}]}]}]}], iov_len=4096}], msg_iovlen=1, msg_controllen=0, msg_flags=0}, 0) = 2708
2023-05-17T05:25:19.736636030Z 05:25:19.735606 recvmsg(16, {msg_name={sa_family=AF_NETLINK, nl_pid=0, nl_groups=00000000}, msg_namelen=12, msg_iov=[{iov_base={{len=20, type=NLMSG_DONE, flags=NLM_F_MULTI, seq=1684301119, pid=462}, 0}, iov_len=4096}], msg_iovlen=1, msg_controllen=0, msg_flags=0}, 0) = 20
2023-05-17T05:25:19.736660888Z 05:25:19.735795 sendto(16, {{len=20, type=RTM_GETADDR, flags=NLM_F_REQUEST|NLM_F_DUMP, seq=1684301120, pid=0}, {ifa_family=AF_UNSPEC, ...}}, 20, 0, {sa_family=AF_NETLINK, nl_pid=0, nl_groups=00000000}, 12) = 20
2023-05-17T05:25:19.737055919Z 05:25:19.736070 recvmsg(16, {msg_name={sa_family=AF_NETLINK, nl_pid=0, nl_groups=00000000}, msg_namelen=12, msg_iov=[{iov_base=[{{len=76, type=RTM_NEWADDR, flags=NLM_F_MULTI, seq=1684301120, pid=462}, {ifa_family=AF_INET, ifa_prefixlen=8, ifa_flags=IFA_F_PERMANENT, ifa_scope=RT_SCOPE_HOST, ifa_index=if_nametoindex("lo")}, [{{nla_len=8, nla_type=IFA_ADDRESS}, inet_addr("127.0.0.1")}, {{nla_len=8, nla_type=IFA_LOCAL}, inet_addr("127.0.0.1")}, {{nla_len=7, nla_type=IFA_LABEL}, "lo"}, {{nla_len=8, nla_type=IFA_FLAGS}, IFA_F_PERMANENT}, {{nla_len=20, nla_type=IFA_CACHEINFO}, {ifa_prefered=4294967295, ifa_valid=4294967295, cstamp=505277, tstamp=505277}}]}, {{len=88, type=RTM_NEWADDR, flags=NLM_F_MULTI, seq=1684301120, pid=462}, {ifa_family=AF_INET, ifa_prefixlen=24, ifa_flags=IFA_F_PERMANENT, ifa_scope=RT_SCOPE_UNIVERSE, ifa_index=if_nametoindex("eth0")}, [{{nla_len=8, nla_type=IFA_ADDRESS}, inet_addr("10.24.2.34")}, {{nla_len=8, nla_type=IFA_LOCAL}, inet_addr("10.24.2.34")}, {{nla_len=8, nla_type=IFA_BROADCAST}, inet_addr("10.24.2.255")}, {{nla_len=9, nla_type=IFA_LABEL}, "eth0"}, {{nla_len=8, nla_type=IFA_FLAGS}, IFA_F_PERMANENT}, {{nla_len=20, nla_type=IFA_CACHEINFO}, {ifa_prefered=4294967295, ifa_valid=4294967295, cstamp=505280, tstamp=505280}}]}], iov_len=4096}], msg_iovlen=1, msg_controllen=0, msg_flags=0}, 0) = 164
2023-05-17T05:25:19.737165877Z 05:25:19.736383 recvmsg(16, {msg_name={sa_family=AF_NETLINK, nl_pid=0, nl_groups=00000000}, msg_namelen=12, msg_iov=[{iov_base={{len=20, type=NLMSG_DONE, flags=NLM_F_MULTI, seq=1684301120, pid=462}, 0}, iov_len=4096}], msg_iovlen=1, msg_controllen=0, msg_flags=0}, 0) = 20
2023-05-17T05:25:19.737316252Z 05:25:19.736640 socket(AF_INET, SOCK_STREAM|SOCK_CLOEXEC, IPPROTO_TCP) = 16
2023-05-17T05:25:19.737330722Z 05:25:19.736786 setsockopt(16, SOL_SOCKET, SO_REUSEADDR, [1], 4) = 0
2023-05-17T05:25:19.737344945Z 05:25:19.736900 bind(16, {sa_family=AF_INET, sin_port=htons(8050), sin_addr=inet_addr("10.24.2.34")}, 16) = 0
2023-05-17T05:25:19.737352118Z 05:25:19.737061 listen(16, 100)         = 0
2023-05-17T05:25:19.737359898Z 05:25:19.737159 getsockname(16, {sa_family=AF_INET, sin_port=htons(8050), sin_addr=inet_addr("10.24.2.34")}, [128->16]) = 0
2023-05-17T05:25:19.737598557Z 05:25:19.737448 getsockname(16, {sa_family=AF_INET, sin_port=htons(8050), sin_addr=inet_addr("10.24.2.34")}, [128->16]) = 0
2023-05-17T05:25:19.741417405Z broker.info[0]: start: none->join 2.54576ms
2023-05-17T05:25:19.742714375Z broker.info[0]: parent-none: join->init 0.59557ms
2023-05-17T05:25:19.743067008Z 05:25:19.741936 socketpair(AF_UNIX, SOCK_STREAM|SOCK_CLOEXEC, 0, [18, 19]) = 0
2023-05-17T05:25:19.743117864Z 05:25:19.742101 socketpair(AF_UNIX, SOCK_STREAM, 0, [20, 21]) = 0
2023-05-17T05:25:19.743129386Z 05:25:19.742370 socketpair(AF_UNIX, SOCK_STREAM, 0, [22, 23]) = 0
2023-05-17T05:25:19.743151729Z 05:25:19.742725 socketpair(AF_UNIX, SOCK_STREAM, 0, [24, 25]) = 0
2023-05-17T05:25:21.074651905Z cron.info[0]: synchronizing cron tasks to event heartbeat.pulse
2023-05-17T05:25:21.427105399Z job-manager.info[0]: restart: 0 jobs
2023-05-17T05:25:21.429322323Z job-manager.info[0]: restart: 0 running jobs
2023-05-17T05:25:21.432519834Z job-manager.info[0]: restart: checkpoint.job-manager not found
2023-05-17T05:25:24.345397992Z broker.info[0]: rc1.0: running /etc/flux/rc1.d/01-sched-fluxion
2023-05-17T05:25:24.372991331Z sched-fluxion-resource.info[0]: version 0.27.0-17-g97e99929
2023-05-17T05:25:24.380088293Z sched-fluxion-resource.warning[0]: create_reader: allowlist unsupported
2023-05-17T05:25:24.385106393Z sched-fluxion-resource.info[0]: populate_resource_db: loaded resources from core's resource.acquire
2023-05-17T05:25:24.397540147Z sched-fluxion-qmanager.info[0]: version 0.27.0-17-g97e99929
2023-05-17T05:25:24.416353700Z broker.info[0]: rc1.0: running /etc/flux/rc1.d/02-cron
2023-05-17T05:25:24.604022230Z broker.info[0]: rc1.0: /etc/flux/rc1 Exited (rc=0) 4.9s
2023-05-17T05:25:24.605742863Z broker.info[0]: rc1-success: init->quorum 4.86266s
2023-05-17T05:25:24.708871618Z broker.info[0]: online: flux-sample-0 (ranks 0)
2023-05-17T05:25:24.986015307Z broker.info[0]: online: flux-sample-[0-3] (ranks 0-3)
2023-05-17T05:25:24.987534538Z broker.info[0]: quorum-full: quorum->run 0.382112s
2023-05-17T05:25:24.988125309Z 05:25:24.986976 socketpair(AF_UNIX, SOCK_STREAM|SOCK_CLOEXEC, 0, [18, 19]) = 0
2023-05-17T05:25:25.191616193Z 05:25:25.191193 socketpair(AF_UNIX, SOCK_STREAM|SOCK_CLOEXEC, 0, [30, 114]) = 0
2023-05-17T05:25:25.191797714Z 05:25:25.191388 socketpair(AF_UNIX, SOCK_STREAM, 0, [115, 116]) = 0
2023-05-17T05:25:25.193478762Z 05:25:25.191642 socketpair(AF_UNIX, SOCK_STREAM, 0, [117, 118]) = 0
2023-05-17T05:25:25.194657194Z 05:25:25.192435 socketpair(AF_UNIX, SOCK_STREAM, 0, [119, 120]) = 0
2023-05-17T05:25:30.967355466Z broker.info[0]: rc2.0: flux submit -n 1 --quiet --watch sleep 5 Exited (rc=0) 6.0s
2023-05-17T05:25:30.970763393Z broker.info[0]: rc2-success: run->cleanup 5.98359s
2023-05-17T05:25:30.972298011Z 05:25:30.970722 socketpair(AF_UNIX, SOCK_STREAM|SOCK_CLOEXEC, 0, [18, 19]) = 0
2023-05-17T05:25:30.973576237Z 05:25:30.972367 socketpair(AF_UNIX, SOCK_STREAM, 0, [20, 22]) = 0
2023-05-17T05:25:30.975081446Z 05:25:30.974802 socketpair(AF_UNIX, SOCK_STREAM, 0, [24, 30]) = 0
2023-05-17T05:25:30.976062885Z 05:25:30.975494 socketpair(AF_UNIX, SOCK_STREAM, 0, [114, 115]) = 0
2023-05-17T05:25:31.123091533Z broker.info[0]: cleanup.0: flux queue stop --quiet --all --nocheckpoint Exited (rc=0) 0.1s
2023-05-17T05:25:31.124973713Z 05:25:31.123998 socketpair(AF_UNIX, SOCK_STREAM|SOCK_CLOEXEC, 0, [22, 30]) = 0
2023-05-17T05:25:31.126273684Z 05:25:31.125816 socketpair(AF_UNIX, SOCK_STREAM, 0, [115, 116]) = 0
2023-05-17T05:25:31.127805176Z 05:25:31.127589 socketpair(AF_UNIX, SOCK_STREAM, 0, [117, 118]) = 0
2023-05-17T05:25:31.129170227Z 05:25:31.128801 socketpair(AF_UNIX, SOCK_STREAM, 0, [119, 120]) = 0
2023-05-17T05:25:31.291614538Z broker.info[0]: cleanup.1: flux cancel --user=all --quiet --states RUN Exited (rc=0) 0.2s
2023-05-17T05:25:31.293513183Z 05:25:31.293143 socketpair(AF_UNIX, SOCK_STREAM|SOCK_CLOEXEC, 0, [18, 19]) = 0
2023-05-17T05:25:31.295132475Z 05:25:31.293571 socketpair(AF_UNIX, SOCK_STREAM, 0, [20, 24]) = 0
2023-05-17T05:25:31.295400127Z 05:25:31.295189 socketpair(AF_UNIX, SOCK_STREAM, 0, [114, 116]) = 0
2023-05-17T05:25:31.295693137Z 05:25:31.295469 socketpair(AF_UNIX, SOCK_STREAM, 0, [118, 120]) = 0
2023-05-17T05:25:31.448377051Z broker.info[0]: cleanup.2: flux queue idle --quiet Exited (rc=0) 0.1s
2023-05-17T05:25:31.450719458Z broker.info[0]: cleanup-success: cleanup->shutdown 0.479875s
2023-05-17T05:25:31.616453882Z broker.info[0]: online: flux-sample-[0,2-3] (ranks 0,2-3)
2023-05-17T05:25:31.628429621Z broker.info[0]: children-complete: shutdown->finalize 0.177518s
2023-05-17T05:25:31.630322050Z 05:25:31.628549 socketpair(AF_UNIX, SOCK_STREAM|SOCK_CLOEXEC, 0, [18, 19]) = 0
2023-05-17T05:25:31.630352884Z 05:25:31.628773 socketpair(AF_UNIX, SOCK_STREAM, 0, [20, 22]) = 0
2023-05-17T05:25:31.630364912Z 05:25:31.628975 socketpair(AF_UNIX, SOCK_STREAM, 0, [24, 26]) = 0
2023-05-17T05:25:31.630373091Z 05:25:31.629164 socketpair(AF_UNIX, SOCK_STREAM, 0, [29, 30]) = 0
2023-05-17T05:25:31.658397473Z broker.info[0]: rc3.0: running /etc/flux/rc3.d/01-sched-fluxion
2023-05-17T05:25:32.064723158Z broker.info[0]: rc3.0: /etc/flux/rc3 Exited (rc=0) 0.4s
2023-05-17T05:25:32.065661425Z broker.info[0]: rc3-success: finalize->goodbye 0.437006s
2023-05-17T05:25:32.067593355Z broker.info[0]: goodbye: goodbye->exit 1.68768ms
2023-05-17T05:25:32.074581762Z 05:25:32.074385 +++ exited with 0 +++
