2023-05-18T07:33:08.875185457Z
2023-05-18T07:33:08.875492643Z Flux username: flux
2023-05-18T07:33:08.875529476Z
2023-05-18T07:33:08.875536917Z Flux install root: /usr
2023-05-18T07:33:08.925235973Z flux user is already added.
2023-05-18T07:33:08.928126274Z flux user identifiers:
2023-05-18T07:33:08.928149479Z uid=1234(flux) gid=1234(flux) groups=1234(flux)
2023-05-18T07:33:08.928283193Z
2023-05-18T07:33:08.928416064Z As Flux prefix for flux commands: sudo -u flux -E PYTHONPATH=/opt/conda/lib/python3.10/site-packages -E PATH=/opt/conda/bin:/usr/local/sbin:/usr/local/bin:/usr/sbin:/usr/bin:/sbin:/bin -E LD_LIBRARY_PATH=/opt/conda/lib -E HOME=/home/flux
2023-05-18T07:33:08.936351859Z
2023-05-18T07:33:08.936375889Z ðŸ‘‹ Hello, I'm flux-sample-1
2023-05-18T07:33:08.936519686Z The main host is flux-sample-0
2023-05-18T07:33:08.936650633Z The working directory is /home/flux/examples/reaxff/HNS, contents include:
2023-05-18T07:33:08.938414405Z /home/flux/examples/reaxff/HNS:
2023-05-18T07:33:08.938502381Z README.txt	ffield.reax.hns  log.8Mar18.reaxc.hns.g++.1
2023-05-18T07:33:08.938512633Z data.hns-equil	in.reaxc.hns	 log.8Mar18.reaxc.hns.g++.4
2023-05-18T07:33:08.938740041Z End of file listing, if you see nothing above there are no files.
2023-05-18T07:33:08.940555394Z flux R encode --hosts=flux-sample-[0-3]
2023-05-18T07:33:08.954644662Z
2023-05-18T07:33:08.954671785Z ðŸ“¦ Resources
2023-05-18T07:33:08.956199953Z {"version": 1, "execution": {"R_lite": [{"rank": "0-3", "children": {"core": "0"}}], "starttime": 0.0, "expiration": 0.0, "nodelist": ["flux-sample-[0-3]"]}}
2023-05-18T07:33:08.956439280Z
2023-05-18T07:33:08.956455933Z ðŸ¸ Diagnostics: false
2023-05-18T07:33:08.956634638Z ðŸš©ï¸ Flux Option Flags defined
2023-05-18T07:33:08.960448098Z
2023-05-18T07:33:08.960472245Z ðŸ¦Š Independent Minister of Privilege
2023-05-18T07:33:08.961836446Z [exec]
2023-05-18T07:33:08.961856652Z allowed-users = [ "flux", "root" ]
2023-05-18T07:33:08.961865255Z allowed-shells = [ "/usr/libexec/flux/flux-shell" ]
2023-05-18T07:33:08.962078101Z
2023-05-18T07:33:08.962095328Z ðŸ¸ Broker Configuration
2023-05-18T07:33:08.963567810Z # Flux needs to know the path to the IMP executable
2023-05-18T07:33:08.963586881Z [exec]
2023-05-18T07:33:08.963647578Z imp = "/usr/libexec/flux/flux-imp"
2023-05-18T07:33:08.963789378Z
2023-05-18T07:33:08.963799470Z [access]
2023-05-18T07:33:08.963806957Z allow-guest-user = true
2023-05-18T07:33:08.963813970Z allow-root-owner = true
2023-05-18T07:33:08.963821761Z
2023-05-18T07:33:08.963829467Z # Point to resource definition generated with flux-R(1).
2023-05-18T07:33:08.963836148Z [resource]
2023-05-18T07:33:08.963843499Z path = "/etc/flux/system/R"
2023-05-18T07:33:08.963849594Z
2023-05-18T07:33:08.963865490Z [bootstrap]
2023-05-18T07:33:08.963872484Z curve_cert = "/etc/curve/curve.cert"
2023-05-18T07:33:08.963880573Z default_port = 8050
2023-05-18T07:33:08.963887965Z default_bind = "tcp://eth0:%p"
2023-05-18T07:33:08.963895650Z default_connect = "tcp://%h.flux-service.flux-operator.svc.cluster.local:%p"
2023-05-18T07:33:08.963902407Z hosts = [
2023-05-18T07:33:08.963908877Z 	{ host="flux-sample-[0-3]"},
2023-05-18T07:33:08.963915975Z ]
2023-05-18T07:33:08.963922079Z
2023-05-18T07:33:08.963928609Z [archive]
2023-05-18T07:33:08.963936607Z dbpath = "/var/lib/flux/job-archive.sqlite"
2023-05-18T07:33:08.963944317Z period = "1m"
2023-05-18T07:33:09.040434250Z busytimeout = "50s"
2023-05-18T07:33:09.040459595Z ðŸ§Šï¸ State Directory:
2023-05-18T07:33:09.040466645Z total 0
2023-05-18T07:33:09.040472032Z
2023-05-18T07:33:09.043963027Z
2023-05-18T07:33:09.043987495Z ðŸ”’ï¸ Working directory permissions:
2023-05-18T07:33:09.043993412Z total 96
2023-05-18T07:33:09.043998998Z -rwxrwxrwx 1 flux root  2517 May 17 22:32 README.txt
2023-05-18T07:33:09.044003770Z -rwxrwxrwx 1 flux root 54692 May 17 22:32 data.hns-equil
2023-05-18T07:33:09.044008485Z -rwxrwxrwx 1 flux root 13576 May 17 22:32 ffield.reax.hns
2023-05-18T07:33:09.044015949Z -rwxrwxrwx 1 flux root   870 May 17 22:32 in.reaxc.hns
2023-05-18T07:33:09.044023188Z -rwxrwxrwx 1 flux root  4172 May 17 22:32 log.8Mar18.reaxc.hns.g++.1
2023-05-18T07:33:09.044214050Z -rwxrwxrwx 1 flux root  4168 May 17 22:32 log.8Mar18.reaxc.hns.g++.4
2023-05-18T07:33:09.044266230Z
2023-05-18T07:33:09.044271315Z
2023-05-18T07:33:09.044276281Z âœ¨ Curve certificate generated by helper pod
2023-05-18T07:33:09.045762922Z #   ****  Generated on 2023-04-26 22:54:42 by CZMQ  ****
2023-05-18T07:33:09.045780201Z #   ZeroMQ CURVE **Secret** Certificate
2023-05-18T07:33:09.045786958Z #   DO NOT PROVIDE THIS FILE TO OTHER USERS nor change its permissions.
2023-05-18T07:33:09.045791890Z
2023-05-18T07:33:09.045797042Z metadata
2023-05-18T07:33:09.045802142Z     name = "flux-cert-generator"
2023-05-18T07:33:09.045806926Z     keygen.hostname = "flux-sample-0"
2023-05-18T07:33:09.045811400Z curve
2023-05-18T07:33:09.045816424Z     public-key = "i$:k-2M>13]r:wj}3*BV+e!Vyc:/6C@xMiGZcv9S"
2023-05-18T07:33:09.045823856Z     secret-key = "/-OPzYm7%w<l)QsV%eq+Mx$5-ymMrd80M{af&coB"
2023-05-18T07:33:09.047743237Z
2023-05-18T07:33:09.047763566Z ðŸŒ€  flux start --wrap=strace,-e,network,-tt -o --config /etc/flux/config -Scron.directory=/etc/flux/system/cron.d   -Stbon.fanout=256   -Srundir=/run/flux    -Sstatedir=/var/lib/flux   -Slocal-uri=local:///run/flux/local -Stbon.connect_timeout=1s  -Stbon.zmqdebug=1  -Slog-stderr-level=6    -Slog-stderr-mode=local
2023-05-18T07:33:09.079714950Z 07:33:09.079467 socket(AF_NETLINK, SOCK_RAW, NETLINK_ROUTE) = 8
2023-05-18T07:33:09.079877291Z 07:33:09.079649 bind(8, {sa_family=AF_NETLINK, nl_pid=0, nl_groups=00000000}, 12) = 0
2023-05-18T07:33:09.079888792Z 07:33:09.079759 getsockname(8, {sa_family=AF_NETLINK, nl_pid=70, nl_groups=00000000}, [12]) = 0
2023-05-18T07:33:09.080250630Z 07:33:09.079840 sendto(8, {{len=20, type=RTM_GETADDR, flags=NLM_F_REQUEST|NLM_F_DUMP, seq=1684395189, pid=0}, {ifa_family=AF_UNSPEC, ...}}, 20, 0, {sa_family=AF_NETLINK, nl_pid=0, nl_groups=00000000}, 12) = 20
2023-05-18T07:33:09.080560510Z 07:33:09.080198 recvmsg(8, {msg_name={sa_family=AF_NETLINK, nl_pid=0, nl_groups=00000000}, msg_namelen=12, msg_iov=[{iov_base=[{{len=76, type=RTM_NEWADDR, flags=NLM_F_MULTI, seq=1684395189, pid=70}, {ifa_family=AF_INET, ifa_prefixlen=8, ifa_flags=IFA_F_PERMANENT, ifa_scope=RT_SCOPE_HOST, ifa_index=if_nametoindex("lo")}, [{{nla_len=8, nla_type=IFA_ADDRESS}, 127.0.0.1}, {{nla_len=8, nla_type=IFA_LOCAL}, 127.0.0.1}, {{nla_len=7, nla_type=IFA_LABEL}, "lo"}, {{nla_len=8, nla_type=IFA_FLAGS}, IFA_F_PERMANENT}, {{nla_len=20, nla_type=IFA_CACHEINFO}, {ifa_prefered=4294967295, ifa_valid=4294967295, cstamp=93147, tstamp=93147}}]}, {{len=88, type=RTM_NEWADDR, flags=NLM_F_MULTI, seq=1684395189, pid=70}, {ifa_family=AF_INET, ifa_prefixlen=24, ifa_flags=IFA_F_PERMANENT, ifa_scope=RT_SCOPE_UNIVERSE, ifa_index=if_nametoindex("eth0")}, [{{nla_len=8, nla_type=IFA_ADDRESS}, 10.24.3.21}, {{nla_len=8, nla_type=IFA_LOCAL}, 10.24.3.21}, {{nla_len=8, nla_type=IFA_BROADCAST}, 10.24.3.255}, {{nla_len=9, nla_type=IFA_LABEL}, "eth0"}, {{nla_len=8, nla_type=IFA_FLAGS}, IFA_F_PERMANENT}, {{nla_len=20, nla_type=IFA_CACHEINFO}, {ifa_prefered=4294967295, ifa_valid=4294967295, cstamp=93150, tstamp=93150}}]}], iov_len=4096}], msg_iovlen=1, msg_controllen=0, msg_flags=0}, 0) = 164
2023-05-18T07:33:09.080681237Z 07:33:09.080523 recvmsg(8, {msg_name={sa_family=AF_NETLINK, nl_pid=0, nl_groups=00000000}, msg_namelen=12, msg_iov=[{iov_base={{len=20, type=NLMSG_DONE, flags=NLM_F_MULTI, seq=1684395189, pid=70}, 0}, iov_len=4096}], msg_iovlen=1, msg_controllen=0, msg_flags=0}, 0) = 20
2023-05-18T07:33:09.081208015Z 07:33:09.081085 socket(AF_UNIX, SOCK_STREAM|SOCK_CLOEXEC|SOCK_NONBLOCK, 0) = 8
2023-05-18T07:33:09.081296457Z 07:33:09.081165 connect(8, {sa_family=AF_UNIX, sun_path="/var/run/nscd/socket"}, 110) = -1 ENOENT (No such file or directory)
2023-05-18T07:33:09.081489902Z 07:33:09.081284 socket(AF_UNIX, SOCK_STREAM|SOCK_CLOEXEC|SOCK_NONBLOCK, 0) = 8
2023-05-18T07:33:09.081500934Z 07:33:09.081353 connect(8, {sa_family=AF_UNIX, sun_path="/var/run/nscd/socket"}, 110) = -1 ENOENT (No such file or directory)
2023-05-18T07:33:09.082960822Z 07:33:09.082810 socket(AF_INET, SOCK_DGRAM|SOCK_CLOEXEC|SOCK_NONBLOCK, IPPROTO_IP) = 8
2023-05-18T07:33:09.083079484Z 07:33:09.082908 connect(8, {sa_family=AF_INET, sin_port=htons(53), sin_addr=inet_addr("169.254.169.254")}, 16) = 0
2023-05-18T07:33:09.083509060Z 07:33:09.083032 sendto(8, "2{\1\0\0\1\0\0\0\0\0\0\rflux-sample-0\fflux-"..., 76, MSG_NOSIGNAL, NULL, 0) = 76
2023-05-18T07:33:09.086412263Z 07:33:09.086223 recvfrom(8, "2{\201\200\0\1\0\1\0\0\0\0\rflux-sample-0\fflux-"..., 1024, 0, {sa_family=AF_INET, sin_port=htons(53), sin_addr=inet_addr("169.254.169.254")}, [28->16]) = 92
2023-05-18T07:33:09.091069893Z broker.info[1]: start: none->join 1.63483ms
2023-05-18T07:33:11.423214921Z broker.info[1]: parent-ready: join->init 2.33196s
2023-05-18T07:33:11.423494381Z 07:33:11.423263 socketpair(AF_UNIX, SOCK_STREAM|SOCK_CLOEXEC, 0, [22, 23]) = 0
2023-05-18T07:33:11.423646617Z 07:33:11.423481 socketpair(AF_UNIX, SOCK_STREAM, 0, [24, 25]) = 0
2023-05-18T07:33:11.423887862Z 07:33:11.423732 socketpair(AF_UNIX, SOCK_STREAM, 0, [26, 27]) = 0
2023-05-18T07:33:11.424190972Z 07:33:11.424008 socketpair(AF_UNIX, SOCK_STREAM, 0, [28, 29]) = 0
2023-05-18T07:33:11.449869401Z broker.info[1]: configuration updated
2023-05-18T07:33:11.590635758Z broker.info[1]: rc1.0: running /etc/flux/rc1.d/01-sched-fluxion
2023-05-18T07:33:11.603217602Z broker.info[1]: rc1.0: running /etc/flux/rc1.d/02-cron
2023-05-18T07:33:11.629480077Z broker.info[1]: rc1.0: /etc/flux/rc1 Exited (rc=0) 0.2s
2023-05-18T07:33:11.630358270Z broker.info[1]: rc1-success: init->quorum 0.206956s
2023-05-18T07:33:11.970675528Z broker.info[1]: quorum-full: quorum->run 0.33999s
2023-05-18T07:33:22.722984150Z broker.info[1]: shutdown: run->cleanup 10.7519s
2023-05-18T07:33:22.725657897Z broker.info[1]: cleanup-none: cleanup->shutdown 1.80558ms
2023-05-18T07:33:22.726806774Z broker.info[1]: children-none: shutdown->finalize 0.998586ms
2023-05-18T07:33:22.727223305Z 07:33:22.726822 socketpair(AF_UNIX, SOCK_STREAM|SOCK_CLOEXEC, 0, [22, 23]) = 0
2023-05-18T07:33:22.727347826Z 07:33:22.727149 socketpair(AF_UNIX, SOCK_STREAM, 0, [24, 25]) = 0
2023-05-18T07:33:22.727712946Z 07:33:22.727491 socketpair(AF_UNIX, SOCK_STREAM, 0, [26, 28]) = 0
2023-05-18T07:33:22.728122572Z 07:33:22.727835 socketpair(AF_UNIX, SOCK_STREAM, 0, [58, 59]) = 0
2023-05-18T07:33:22.746376914Z broker.info[1]: rc3.0: running /etc/flux/rc3.d/01-sched-fluxion
2023-05-18T07:33:22.869069934Z broker.info[1]: rc3.0: /etc/flux/rc3 Exited (rc=0) 0.1s
2023-05-18T07:33:22.870372959Z broker.info[1]: rc3-success: finalize->goodbye 0.143364s
2023-05-18T07:33:22.872138243Z broker.info[1]: goodbye: goodbye->exit 1.18454ms
2023-05-18T07:33:22.879904852Z 07:33:22.879747 +++ exited with 0 +++
2023-05-18T07:33:22.881003790Z Return value for follower worker is 0
2023-05-18T07:33:22.881133020Z The follower worker exited cleanly. Goodbye!
