2023-05-18T12:36:01.539894638Z
2023-05-18T12:36:01.539946259Z Flux username: flux
2023-05-18T12:36:01.539955366Z
2023-05-18T12:36:01.539962317Z Flux install root: /usr
2023-05-18T12:36:01.586297325Z flux user is already added.
2023-05-18T12:36:01.588913191Z flux user identifiers:
2023-05-18T12:36:01.588938832Z uid=1234(flux) gid=1234(flux) groups=1234(flux)
2023-05-18T12:36:01.589116369Z
2023-05-18T12:36:01.589129842Z As Flux prefix for flux commands: sudo -u flux -E PYTHONPATH=/opt/conda/lib/python3.10/site-packages -E PATH=/opt/conda/bin:/usr/local/sbin:/usr/local/bin:/usr/sbin:/usr/bin:/sbin:/bin -E LD_LIBRARY_PATH=/opt/conda/lib -E HOME=/home/flux
2023-05-18T12:36:01.596864801Z
2023-05-18T12:36:01.596891735Z ðŸ‘‹ Hello, I'm flux-sample-1
2023-05-18T12:36:01.597040619Z The main host is flux-sample-0
2023-05-18T12:36:01.597053000Z The working directory is /home/flux/examples/reaxff/HNS, contents include:
2023-05-18T12:36:01.598699150Z /home/flux/examples/reaxff/HNS:
2023-05-18T12:36:01.598808230Z README.txt	ffield.reax.hns  log.8Mar18.reaxc.hns.g++.1
2023-05-18T12:36:01.598832084Z data.hns-equil	in.reaxc.hns	 log.8Mar18.reaxc.hns.g++.4
2023-05-18T12:36:01.598951555Z End of file listing, if you see nothing above there are no files.
2023-05-18T12:36:01.600734892Z flux R encode --hosts=flux-sample-[0-3]
2023-05-18T12:36:01.614499712Z
2023-05-18T12:36:01.614563591Z ðŸ“¦ Resources
2023-05-18T12:36:01.617408245Z {"version": 1, "execution": {"R_lite": [{"rank": "0-3", "children": {"core": "0"}}], "starttime": 0.0, "expiration": 0.0, "nodelist": ["flux-sample-[0-3]"]}}
2023-05-18T12:36:01.618514740Z
2023-05-18T12:36:01.618536138Z ðŸ¸ Diagnostics: false
2023-05-18T12:36:01.618543156Z ðŸš©ï¸ Flux Option Flags defined
2023-05-18T12:36:01.626947421Z
2023-05-18T12:36:01.627150884Z ðŸ¦Š Independent Minister of Privilege
2023-05-18T12:36:01.627367550Z [exec]
2023-05-18T12:36:01.627604907Z allowed-users = [ "flux", "root" ]
2023-05-18T12:36:01.627806631Z allowed-shells = [ "/usr/libexec/flux/flux-shell" ]
2023-05-18T12:36:01.627976105Z
2023-05-18T12:36:01.628127139Z ðŸ¸ Broker Configuration
2023-05-18T12:36:01.628314290Z # Flux needs to know the path to the IMP executable
2023-05-18T12:36:01.628492801Z [exec]
2023-05-18T12:36:01.628654100Z imp = "/usr/libexec/flux/flux-imp"
2023-05-18T12:36:01.628821750Z
2023-05-18T12:36:01.628968500Z [access]
2023-05-18T12:36:01.629121006Z allow-guest-user = true
2023-05-18T12:36:01.629296045Z allow-root-owner = true
2023-05-18T12:36:01.629455375Z
2023-05-18T12:36:01.629596118Z # Point to resource definition generated with flux-R(1).
2023-05-18T12:36:01.629609460Z [resource]
2023-05-18T12:36:01.629616944Z path = "/etc/flux/system/R"
2023-05-18T12:36:01.629622554Z
2023-05-18T12:36:01.629628199Z [bootstrap]
2023-05-18T12:36:01.629634199Z curve_cert = "/etc/curve/curve.cert"
2023-05-18T12:36:01.629640186Z default_port = 8050
2023-05-18T12:36:01.629647887Z default_bind = "tcp://eth0:%p"
2023-05-18T12:36:01.629655282Z default_connect = "tcp://%h.flux-service.flux-operator.svc.cluster.local:%p"
2023-05-18T12:36:01.629670774Z hosts = [
2023-05-18T12:36:01.629676863Z 	{ host="flux-sample-[0-3]"},
2023-05-18T12:36:01.629682788Z ]
2023-05-18T12:36:01.629688256Z
2023-05-18T12:36:01.629701446Z [archive]
2023-05-18T12:36:01.629709645Z dbpath = "/var/lib/flux/job-archive.sqlite"
2023-05-18T12:36:01.629716435Z period = "1m"
2023-05-18T12:36:01.704971223Z busytimeout = "50s"
2023-05-18T12:36:01.705002977Z ðŸ§Šï¸ State Directory:
2023-05-18T12:36:01.705010888Z total 0
2023-05-18T12:36:01.705016485Z
2023-05-18T12:36:01.708840430Z
2023-05-18T12:36:01.708871902Z ðŸ”’ï¸ Working directory permissions:
2023-05-18T12:36:01.708881956Z total 96
2023-05-18T12:36:01.708889353Z -rwxrwxrwx 1 flux root  2517 May 17 22:32 README.txt
2023-05-18T12:36:01.708895044Z -rwxrwxrwx 1 flux root 54692 May 17 22:32 data.hns-equil
2023-05-18T12:36:01.708900353Z -rwxrwxrwx 1 flux root 13576 May 17 22:32 ffield.reax.hns
2023-05-18T12:36:01.708905421Z -rwxrwxrwx 1 flux root   870 May 17 22:32 in.reaxc.hns
2023-05-18T12:36:01.708911975Z -rwxrwxrwx 1 flux root  4172 May 17 22:32 log.8Mar18.reaxc.hns.g++.1
2023-05-18T12:36:01.708921013Z -rwxrwxrwx 1 flux root  4168 May 17 22:32 log.8Mar18.reaxc.hns.g++.4
2023-05-18T12:36:01.708926271Z
2023-05-18T12:36:01.709069157Z
2023-05-18T12:36:01.709081714Z âœ¨ Curve certificate generated by helper pod
2023-05-18T12:36:01.710545545Z #   ****  Generated on 2023-04-26 22:54:42 by CZMQ  ****
2023-05-18T12:36:01.710567620Z #   ZeroMQ CURVE **Secret** Certificate
2023-05-18T12:36:01.710578417Z #   DO NOT PROVIDE THIS FILE TO OTHER USERS nor change its permissions.
2023-05-18T12:36:01.710584804Z
2023-05-18T12:36:01.710590196Z metadata
2023-05-18T12:36:01.710595971Z     name = "flux-cert-generator"
2023-05-18T12:36:01.710601411Z     keygen.hostname = "flux-sample-0"
2023-05-18T12:36:01.710606873Z curve
2023-05-18T12:36:01.710612588Z     public-key = ">9BKuMH97YpuqJ${yWv#sf.-40BNzE!q:7Oy8/YZ"
2023-05-18T12:36:01.710617981Z     secret-key = "6uATVV)}brsYrTWR=eWF&B03AC9$qzy*$b+y>2?Z"
2023-05-18T12:36:01.712623034Z
2023-05-18T12:36:01.712650430Z ðŸŒ€  flux start --wrap=strace,-e,network,-tt -o --config /etc/flux/config -Scron.directory=/etc/flux/system/cron.d   -Stbon.fanout=256   -Srundir=/run/flux    -Sstatedir=/var/lib/flux   -Slocal-uri=local:///run/flux/local -Stbon.connect_timeout=2s  -Stbon.zmqdebug=1  -Slog-stderr-level=6    -Slog-stderr-mode=local
2023-05-18T12:36:01.754247040Z 12:36:01.753985 socket(AF_NETLINK, SOCK_RAW, NETLINK_ROUTE) = 8
2023-05-18T12:36:01.754497771Z 12:36:01.754330 bind(8, {sa_family=AF_NETLINK, nl_pid=0, nl_groups=00000000}, 12) = 0
2023-05-18T12:36:01.754609191Z 12:36:01.754446 getsockname(8, {sa_family=AF_NETLINK, nl_pid=70, nl_groups=00000000}, [12]) = 0
2023-05-18T12:36:01.754929663Z 12:36:01.754551 sendto(8, {{len=20, type=RTM_GETADDR, flags=NLM_F_REQUEST|NLM_F_DUMP, seq=1684413361, pid=0}, {ifa_family=AF_UNSPEC, ...}}, 20, 0, {sa_family=AF_NETLINK, nl_pid=0, nl_groups=00000000}, 12) = 20
2023-05-18T12:36:01.755271454Z 12:36:01.754837 recvmsg(8, {msg_name={sa_family=AF_NETLINK, nl_pid=0, nl_groups=00000000}, msg_namelen=12, msg_iov=[{iov_base=[{{len=76, type=RTM_NEWADDR, flags=NLM_F_MULTI, seq=1684413361, pid=70}, {ifa_family=AF_INET, ifa_prefixlen=8, ifa_flags=IFA_F_PERMANENT, ifa_scope=RT_SCOPE_HOST, ifa_index=if_nametoindex("lo")}, [{{nla_len=8, nla_type=IFA_ADDRESS}, 127.0.0.1}, {{nla_len=8, nla_type=IFA_LOCAL}, 127.0.0.1}, {{nla_len=7, nla_type=IFA_LABEL}, "lo"}, {{nla_len=8, nla_type=IFA_FLAGS}, IFA_F_PERMANENT}, {{nla_len=20, nla_type=IFA_CACHEINFO}, {ifa_prefered=4294967295, ifa_valid=4294967295, cstamp=1910679, tstamp=1910679}}]}, {{len=88, type=RTM_NEWADDR, flags=NLM_F_MULTI, seq=1684413361, pid=70}, {ifa_family=AF_INET, ifa_prefixlen=24, ifa_flags=IFA_F_PERMANENT, ifa_scope=RT_SCOPE_UNIVERSE, ifa_index=if_nametoindex("eth0")}, [{{nla_len=8, nla_type=IFA_ADDRESS}, 10.24.0.29}, {{nla_len=8, nla_type=IFA_LOCAL}, 10.24.0.29}, {{nla_len=8, nla_type=IFA_BROADCAST}, 10.24.0.255}, {{nla_len=9, nla_type=IFA_LABEL}, "eth0"}, {{nla_len=8, nla_type=IFA_FLAGS}, IFA_F_PERMANENT}, {{nla_len=20, nla_type=IFA_CACHEINFO}, {ifa_prefered=4294967295, ifa_valid=4294967295, cstamp=1910682, tstamp=1910682}}]}], iov_len=4096}], msg_iovlen=1, msg_controllen=0, msg_flags=0}, 0) = 164
2023-05-18T12:36:01.755397131Z 12:36:01.755190 recvmsg(8, {msg_name={sa_family=AF_NETLINK, nl_pid=0, nl_groups=00000000}, msg_namelen=12, msg_iov=[{iov_base={{len=20, type=NLMSG_DONE, flags=NLM_F_MULTI, seq=1684413361, pid=70}, 0}, iov_len=4096}], msg_iovlen=1, msg_controllen=0, msg_flags=0}, 0) = 20
2023-05-18T12:36:01.756107567Z 12:36:01.755863 socket(AF_UNIX, SOCK_STREAM|SOCK_CLOEXEC|SOCK_NONBLOCK, 0) = 8
2023-05-18T12:36:01.756289794Z 12:36:01.755951 connect(8, {sa_family=AF_UNIX, sun_path="/var/run/nscd/socket"}, 110) = -1 ENOENT (No such file or directory)
2023-05-18T12:36:01.756368336Z 12:36:01.756080 socket(AF_UNIX, SOCK_STREAM|SOCK_CLOEXEC|SOCK_NONBLOCK, 0) = 8
2023-05-18T12:36:01.756412332Z 12:36:01.756191 connect(8, {sa_family=AF_UNIX, sun_path="/var/run/nscd/socket"}, 110) = -1 ENOENT (No such file or directory)
2023-05-18T12:36:01.757795520Z 12:36:01.757649 socket(AF_INET, SOCK_DGRAM|SOCK_CLOEXEC|SOCK_NONBLOCK, IPPROTO_IP) = 8
2023-05-18T12:36:01.757881876Z 12:36:01.757747 connect(8, {sa_family=AF_INET, sin_port=htons(53), sin_addr=inet_addr("169.254.169.254")}, 16) = 0
2023-05-18T12:36:01.758304809Z 12:36:01.757912 sendto(8, "s;\1\0\0\1\0\0\0\0\0\0\rflux-sample-0\fflux-"..., 76, MSG_NOSIGNAL, NULL, 0) = 76
2023-05-18T12:36:01.761349989Z 12:36:01.761140 recvfrom(8, "s;\201\203\0\1\0\0\0\1\0\0\rflux-sample-0\fflux-"..., 1024, 0, {sa_family=AF_INET, sin_port=htons(53), sin_addr=inet_addr("169.254.169.254")}, [28->16]) = 172
2023-05-18T12:36:01.761586923Z 12:36:01.761384 socket(AF_INET, SOCK_DGRAM|SOCK_CLOEXEC|SOCK_NONBLOCK, IPPROTO_IP) = 8
2023-05-18T12:36:01.761657981Z 12:36:01.761504 connect(8, {sa_family=AF_INET, sin_port=htons(53), sin_addr=inet_addr("169.254.169.254")}, 16) = 0
2023-05-18T12:36:01.761901463Z 12:36:01.761644 sendto(8, "\303S\1\0\0\1\0\0\0\0\0\0\rflux-sample-0\fflux-"..., 108, MSG_NOSIGNAL, NULL, 0) = 108
2023-05-18T12:36:01.765068400Z 12:36:01.764861 recvfrom(8, "\303S\201\203\0\1\0\0\0\1\0\0\rflux-sample-0\fflux-"..., 1024, 0, {sa_family=AF_INET, sin_port=htons(53), sin_addr=inet_addr("169.254.169.254")}, [28->16]) = 204
2023-05-18T12:36:01.765265261Z 12:36:01.765068 socket(AF_INET, SOCK_DGRAM|SOCK_CLOEXEC|SOCK_NONBLOCK, IPPROTO_IP) = 8
2023-05-18T12:36:01.765345393Z 12:36:01.765199 connect(8, {sa_family=AF_INET, sin_port=htons(53), sin_addr=inet_addr("169.254.169.254")}, 16) = 0
2023-05-18T12:36:01.765593802Z 12:36:01.765365 sendto(8, "O\245\1\0\0\1\0\0\0\0\0\0\rflux-sample-0\fflux-"..., 94, MSG_NOSIGNAL, NULL, 0) = 94
2023-05-18T12:36:01.768315482Z 12:36:01.768054 recvfrom(8, "O\245\201\203\0\1\0\0\0\1\0\0\rflux-sample-0\fflux-"..., 1024, 0, {sa_family=AF_INET, sin_port=htons(53), sin_addr=inet_addr("169.254.169.254")}, [28->16]) = 190
2023-05-18T12:36:01.768471680Z 12:36:01.768347 socket(AF_INET, SOCK_DGRAM|SOCK_CLOEXEC|SOCK_NONBLOCK, IPPROTO_IP) = 8
2023-05-18T12:36:01.768594709Z 12:36:01.768450 connect(8, {sa_family=AF_INET, sin_port=htons(53), sin_addr=inet_addr("169.254.169.254")}, 16) = 0
2023-05-18T12:36:01.768868229Z 12:36:01.768630 sendto(8, "8\377\1\0\0\1\0\0\0\0\0\0\rflux-sample-0\fflux-"..., 90, MSG_NOSIGNAL, NULL, 0) = 90
2023-05-18T12:36:01.771859761Z 12:36:01.771628 recvfrom(8, "8\377\201\203\0\1\0\0\0\1\0\0\rflux-sample-0\fflux-"..., 1024, 0, {sa_family=AF_INET, sin_port=htons(53), sin_addr=inet_addr("169.254.169.254")}, [28->16]) = 186
2023-05-18T12:36:01.772026228Z 12:36:01.771841 socket(AF_INET, SOCK_DGRAM|SOCK_CLOEXEC|SOCK_NONBLOCK, IPPROTO_IP) = 8
2023-05-18T12:36:01.772433684Z 12:36:01.771951 connect(8, {sa_family=AF_INET, sin_port=htons(53), sin_addr=inet_addr("169.254.169.254")}, 16) = 0
2023-05-18T12:36:01.772667282Z 12:36:01.772379 sendto(8, "\nI\1\0\0\1\0\0\0\0\0\0\rflux-sample-0\fflux-"..., 111, MSG_NOSIGNAL, NULL, 0) = 111
2023-05-18T12:36:01.777382325Z 12:36:01.777150 recvfrom(8, "\nI\201\203\0\1\0\0\0\1\0\0\rflux-sample-0\fflux-"..., 1024, 0, {sa_family=AF_INET, sin_port=htons(53), sin_addr=inet_addr("169.254.169.254")}, [28->16]) = 205
2023-05-18T12:36:01.777587657Z 12:36:01.777414 socket(AF_INET, SOCK_DGRAM|SOCK_CLOEXEC|SOCK_NONBLOCK, IPPROTO_IP) = 8
2023-05-18T12:36:01.777610837Z 12:36:01.777482 connect(8, {sa_family=AF_INET, sin_port=htons(53), sin_addr=inet_addr("169.254.169.254")}, 16) = 0
2023-05-18T12:36:01.777774407Z 12:36:01.777579 sendto(8, "\325\344\1\0\0\1\0\0\0\0\0\0\rflux-sample-0\fflux-"..., 97, MSG_NOSIGNAL, NULL, 0) = 97
2023-05-18T12:36:01.783821616Z 12:36:01.783581 recvfrom(8, "\325\344\201\203\0\1\0\0\0\1\0\0\rflux-sample-0\fflux-"..., 1024, 0, {sa_family=AF_INET, sin_port=htons(53), sin_addr=inet_addr("169.254.169.254")}, [28->16]) = 186
2023-05-18T12:36:01.783969180Z 12:36:01.783758 socket(AF_INET, SOCK_DGRAM|SOCK_CLOEXEC|SOCK_NONBLOCK, IPPROTO_IP) = 8
2023-05-18T12:36:01.784077081Z 12:36:01.783848 connect(8, {sa_family=AF_INET, sin_port=htons(53), sin_addr=inet_addr("169.254.169.254")}, 16) = 0
2023-05-18T12:36:01.784254834Z 12:36:01.784002 sendto(8, "\245x\1\0\0\1\0\0\0\0\0\0\rflux-sample-0\fflux-"..., 92, MSG_NOSIGNAL, NULL, 0) = 92
2023-05-18T12:36:01.789120126Z 12:36:01.788902 recvfrom(8, "\245x\201\203\0\1\0\0\0\1\0\0\rflux-sample-0\fflux-"..., 1024, 0, {sa_family=AF_INET, sin_port=htons(53), sin_addr=inet_addr("169.254.169.254")}, [28->16]) = 181
2023-05-18T12:36:01.789325281Z broker.err[1]: Warning: unable to resolve upstream peer flux-sample-0.flux-service.flux-operator.svc.cluster.local: Name or service not known
2023-05-18T12:36:01.795170103Z broker.info[1]: start: none->join 2.33781ms
2023-05-18T12:36:03.028333919Z broker.info[1]: parent-ready: join->init 1.233s
2023-05-18T12:36:03.028709435Z 12:36:03.028409 socketpair(AF_UNIX, SOCK_STREAM|SOCK_CLOEXEC, 0, [22, 23]) = 0
2023-05-18T12:36:03.029076422Z 12:36:03.028776 socketpair(AF_UNIX, SOCK_STREAM, 0, [24, 25]) = 0
2023-05-18T12:36:03.029523875Z 12:36:03.029223 socketpair(AF_UNIX, SOCK_STREAM, 0, [26, 27]) = 0
2023-05-18T12:36:03.030008563Z 12:36:03.029684 socketpair(AF_UNIX, SOCK_STREAM, 0, [28, 29]) = 0
2023-05-18T12:36:03.054102536Z broker.info[1]: configuration updated
2023-05-18T12:36:03.174694176Z broker.info[1]: rc1.0: running /etc/flux/rc1.d/01-sched-fluxion
2023-05-18T12:36:03.185959020Z broker.info[1]: rc1.0: running /etc/flux/rc1.d/02-cron
2023-05-18T12:36:03.208016261Z broker.info[1]: rc1.0: /etc/flux/rc1 Exited (rc=0) 0.2s
2023-05-18T12:36:03.208950234Z broker.info[1]: rc1-success: init->quorum 0.180401s
2023-05-18T12:36:03.504579712Z broker.info[1]: quorum-full: quorum->run 0.295194s
2023-05-18T12:36:15.095395554Z broker.info[1]: shutdown: run->cleanup 11.5906s
2023-05-18T12:36:15.097271406Z broker.info[1]: cleanup-none: cleanup->shutdown 1.12225ms
2023-05-18T12:36:15.098538177Z broker.info[1]: children-none: shutdown->finalize 0.985552ms
2023-05-18T12:36:15.098868777Z 12:36:15.098662 socketpair(AF_UNIX, SOCK_STREAM|SOCK_CLOEXEC, 0, [22, 23]) = 0
2023-05-18T12:36:15.098988500Z 12:36:15.098842 socketpair(AF_UNIX, SOCK_STREAM, 0, [24, 25]) = 0
2023-05-18T12:36:15.099173662Z 12:36:15.099032 socketpair(AF_UNIX, SOCK_STREAM, 0, [26, 28]) = 0
2023-05-18T12:36:15.099382883Z 12:36:15.099210 socketpair(AF_UNIX, SOCK_STREAM, 0, [58, 59]) = 0
2023-05-18T12:36:15.116787782Z broker.info[1]: rc3.0: running /etc/flux/rc3.d/01-sched-fluxion
2023-05-18T12:36:15.225045754Z broker.info[1]: rc3.0: /etc/flux/rc3 Exited (rc=0) 0.1s
2023-05-18T12:36:15.225699462Z broker.info[1]: rc3-success: finalize->goodbye 0.126869s
2023-05-18T12:36:15.226804992Z broker.info[1]: goodbye: goodbye->exit 0.889273ms
2023-05-18T12:36:15.233847035Z 12:36:15.233710 +++ exited with 0 +++
2023-05-18T12:36:15.234935881Z Return value for follower worker is 0
2023-05-18T12:36:15.234966627Z The follower worker exited cleanly. Goodbye!
