2023-05-18T07:39:23.773453561Z
2023-05-18T07:39:23.773492251Z Flux username: flux
2023-05-18T07:39:23.773499039Z
2023-05-18T07:39:23.773506739Z Flux install root: /usr
2023-05-18T07:39:23.819655493Z flux user is already added.
2023-05-18T07:39:23.822470977Z flux user identifiers:
2023-05-18T07:39:23.822495303Z uid=1234(flux) gid=1234(flux) groups=1234(flux)
2023-05-18T07:39:23.822556303Z
2023-05-18T07:39:23.822566076Z As Flux prefix for flux commands: sudo -u flux -E PYTHONPATH=/opt/conda/lib/python3.10/site-packages -E PATH=/opt/conda/bin:/usr/local/sbin:/usr/local/bin:/usr/sbin:/usr/bin:/sbin:/bin -E LD_LIBRARY_PATH=/opt/conda/lib -E HOME=/home/flux
2023-05-18T07:39:23.830658323Z
2023-05-18T07:39:23.830682159Z ðŸ‘‹ Hello, I'm flux-sample-2
2023-05-18T07:39:23.830802632Z The main host is flux-sample-0
2023-05-18T07:39:23.830930516Z The working directory is /home/flux/examples/reaxff/HNS, contents include:
2023-05-18T07:39:23.833245439Z /home/flux/examples/reaxff/HNS:
2023-05-18T07:39:23.833432784Z README.txt	ffield.reax.hns  log.8Mar18.reaxc.hns.g++.1
2023-05-18T07:39:23.833445869Z data.hns-equil	in.reaxc.hns	 log.8Mar18.reaxc.hns.g++.4
2023-05-18T07:39:23.833656428Z End of file listing, if you see nothing above there are no files.
2023-05-18T07:39:23.836604252Z flux R encode --hosts=flux-sample-[0-3]
2023-05-18T07:39:23.853041283Z
2023-05-18T07:39:23.853088920Z ðŸ“¦ Resources
2023-05-18T07:39:23.854764607Z {"version": 1, "execution": {"R_lite": [{"rank": "0-3", "children": {"core": "0"}}], "starttime": 0.0, "expiration": 0.0, "nodelist": ["flux-sample-[0-3]"]}}
2023-05-18T07:39:23.855100114Z
2023-05-18T07:39:23.855117202Z ðŸ¸ Diagnostics: false
2023-05-18T07:39:23.855355491Z ðŸš©ï¸ Flux Option Flags defined
2023-05-18T07:39:23.859447352Z
2023-05-18T07:39:23.859466437Z ðŸ¦Š Independent Minister of Privilege
2023-05-18T07:39:23.860661284Z [exec]
2023-05-18T07:39:23.860677138Z allowed-users = [ "flux", "root" ]
2023-05-18T07:39:23.860683358Z allowed-shells = [ "/usr/libexec/flux/flux-shell" ]
2023-05-18T07:39:23.860915685Z
2023-05-18T07:39:23.860930293Z ðŸ¸ Broker Configuration
2023-05-18T07:39:23.862153405Z # Flux needs to know the path to the IMP executable
2023-05-18T07:39:23.862168984Z [exec]
2023-05-18T07:39:23.862175110Z imp = "/usr/libexec/flux/flux-imp"
2023-05-18T07:39:23.862181670Z
2023-05-18T07:39:23.862187480Z [access]
2023-05-18T07:39:23.862192474Z allow-guest-user = true
2023-05-18T07:39:23.862197188Z allow-root-owner = true
2023-05-18T07:39:23.862201565Z
2023-05-18T07:39:23.862206710Z # Point to resource definition generated with flux-R(1).
2023-05-18T07:39:23.862211575Z [resource]
2023-05-18T07:39:23.862216755Z path = "/etc/flux/system/R"
2023-05-18T07:39:23.862223417Z
2023-05-18T07:39:23.862229910Z [bootstrap]
2023-05-18T07:39:23.862235531Z curve_cert = "/etc/curve/curve.cert"
2023-05-18T07:39:23.862240562Z default_port = 8050
2023-05-18T07:39:23.862245329Z default_bind = "tcp://eth0:%p"
2023-05-18T07:39:23.862254650Z default_connect = "tcp://%h.flux-service.flux-operator.svc.cluster.local:%p"
2023-05-18T07:39:23.862259413Z hosts = [
2023-05-18T07:39:23.862263962Z 	{ host="flux-sample-[0-3]"},
2023-05-18T07:39:23.862270848Z ]
2023-05-18T07:39:23.862275980Z
2023-05-18T07:39:23.862280742Z [archive]
2023-05-18T07:39:23.862285567Z dbpath = "/var/lib/flux/job-archive.sqlite"
2023-05-18T07:39:23.862290232Z period = "1m"
2023-05-18T07:39:23.944358250Z busytimeout = "50s"
2023-05-18T07:39:23.944384928Z ðŸ§Šï¸ State Directory:
2023-05-18T07:39:23.944391340Z total 0
2023-05-18T07:39:23.944396571Z
2023-05-18T07:39:23.947268760Z
2023-05-18T07:39:23.947291646Z ðŸ”’ï¸ Working directory permissions:
2023-05-18T07:39:23.947297371Z total 96
2023-05-18T07:39:23.947439708Z -rwxrwxrwx 1 flux root  2517 May 17 22:32 README.txt
2023-05-18T07:39:23.947450585Z -rwxrwxrwx 1 flux root 54692 May 17 22:32 data.hns-equil
2023-05-18T07:39:23.947456200Z -rwxrwxrwx 1 flux root 13576 May 17 22:32 ffield.reax.hns
2023-05-18T07:39:23.947461158Z -rwxrwxrwx 1 flux root   870 May 17 22:32 in.reaxc.hns
2023-05-18T07:39:23.947466533Z -rwxrwxrwx 1 flux root  4172 May 17 22:32 log.8Mar18.reaxc.hns.g++.1
2023-05-18T07:39:23.947471467Z -rwxrwxrwx 1 flux root  4168 May 17 22:32 log.8Mar18.reaxc.hns.g++.4
2023-05-18T07:39:23.947476513Z
2023-05-18T07:39:23.947481029Z
2023-05-18T07:39:23.947546582Z âœ¨ Curve certificate generated by helper pod
2023-05-18T07:39:23.949189523Z #   ****  Generated on 2023-04-26 22:54:42 by CZMQ  ****
2023-05-18T07:39:23.949207779Z #   ZeroMQ CURVE **Secret** Certificate
2023-05-18T07:39:23.949214779Z #   DO NOT PROVIDE THIS FILE TO OTHER USERS nor change its permissions.
2023-05-18T07:39:23.949219819Z
2023-05-18T07:39:23.949224755Z metadata
2023-05-18T07:39:23.949229790Z     name = "flux-cert-generator"
2023-05-18T07:39:23.949234685Z     keygen.hostname = "flux-sample-0"
2023-05-18T07:39:23.949239204Z curve
2023-05-18T07:39:23.949245856Z     public-key = "zfX=VHEafhqkL!P0@3>JZzLm-oRl9i!H$scwRTX@"
2023-05-18T07:39:23.949252636Z     secret-key = "Sf058nQ+6J9oF]J-+)Vo4<0n(YaPy</Bmz>xU.)<"
2023-05-18T07:39:23.951870442Z
2023-05-18T07:39:23.952036023Z ðŸŒ€  flux start --wrap=strace,-e,network,-tt -o --config /etc/flux/config -Scron.directory=/etc/flux/system/cron.d   -Stbon.fanout=256   -Srundir=/run/flux    -Sstatedir=/var/lib/flux   -Slocal-uri=local:///run/flux/local -Stbon.connect_timeout=2s  -Stbon.zmqdebug=1  -Slog-stderr-level=6    -Slog-stderr-mode=local
2023-05-18T07:39:23.994814801Z 07:39:23.994521 socket(AF_NETLINK, SOCK_RAW, NETLINK_ROUTE) = 8
2023-05-18T07:39:23.994998421Z 07:39:23.994712 bind(8, {sa_family=AF_NETLINK, nl_pid=0, nl_groups=00000000}, 12) = 0
2023-05-18T07:39:23.995010934Z 07:39:23.994856 getsockname(8, {sa_family=AF_NETLINK, nl_pid=70, nl_groups=00000000}, [12]) = 0
2023-05-18T07:39:23.995341621Z 07:39:23.994962 sendto(8, {{len=20, type=RTM_GETADDR, flags=NLM_F_REQUEST|NLM_F_DUMP, seq=1684395563, pid=0}, {ifa_family=AF_UNSPEC, ...}}, 20, 0, {sa_family=AF_NETLINK, nl_pid=0, nl_groups=00000000}, 12) = 20
2023-05-18T07:39:23.995708391Z 07:39:23.995254 recvmsg(8, {msg_name={sa_family=AF_NETLINK, nl_pid=0, nl_groups=00000000}, msg_namelen=12, msg_iov=[{iov_base=[{{len=76, type=RTM_NEWADDR, flags=NLM_F_MULTI, seq=1684395563, pid=70}, {ifa_family=AF_INET, ifa_prefixlen=8, ifa_flags=IFA_F_PERMANENT, ifa_scope=RT_SCOPE_HOST, ifa_index=if_nametoindex("lo")}, [{{nla_len=8, nla_type=IFA_ADDRESS}, 127.0.0.1}, {{nla_len=8, nla_type=IFA_LOCAL}, 127.0.0.1}, {{nla_len=7, nla_type=IFA_LABEL}, "lo"}, {{nla_len=8, nla_type=IFA_FLAGS}, IFA_F_PERMANENT}, {{nla_len=20, nla_type=IFA_CACHEINFO}, {ifa_prefered=4294967295, ifa_valid=4294967295, cstamp=130635, tstamp=130635}}]}, {{len=88, type=RTM_NEWADDR, flags=NLM_F_MULTI, seq=1684395563, pid=70}, {ifa_family=AF_INET, ifa_prefixlen=24, ifa_flags=IFA_F_PERMANENT, ifa_scope=RT_SCOPE_UNIVERSE, ifa_index=if_nametoindex("eth0")}, [{{nla_len=8, nla_type=IFA_ADDRESS}, 10.24.3.40}, {{nla_len=8, nla_type=IFA_LOCAL}, 10.24.3.40}, {{nla_len=8, nla_type=IFA_BROADCAST}, 10.24.3.255}, {{nla_len=9, nla_type=IFA_LABEL}, "eth0"}, {{nla_len=8, nla_type=IFA_FLAGS}, IFA_F_PERMANENT}, {{nla_len=20, nla_type=IFA_CACHEINFO}, {ifa_prefered=4294967295, ifa_valid=4294967295, cstamp=130638, tstamp=130638}}]}], iov_len=4096}], msg_iovlen=1, msg_controllen=0, msg_flags=0}, 0) = 164
2023-05-18T07:39:23.995727451Z 07:39:23.995567 recvmsg(8, {msg_name={sa_family=AF_NETLINK, nl_pid=0, nl_groups=00000000}, msg_namelen=12, msg_iov=[{iov_base={{len=20, type=NLMSG_DONE, flags=NLM_F_MULTI, seq=1684395563, pid=70}, 0}, iov_len=4096}], msg_iovlen=1, msg_controllen=0, msg_flags=0}, 0) = 20
2023-05-18T07:39:23.996440302Z 07:39:23.996312 socket(AF_UNIX, SOCK_STREAM|SOCK_CLOEXEC|SOCK_NONBLOCK, 0) = 8
2023-05-18T07:39:23.996603962Z 07:39:23.996422 connect(8, {sa_family=AF_UNIX, sun_path="/var/run/nscd/socket"}, 110) = -1 ENOENT (No such file or directory)
2023-05-18T07:39:23.996791111Z 07:39:23.996617 socket(AF_UNIX, SOCK_STREAM|SOCK_CLOEXEC|SOCK_NONBLOCK, 0) = 8
2023-05-18T07:39:23.996870973Z 07:39:23.996713 connect(8, {sa_family=AF_UNIX, sun_path="/var/run/nscd/socket"}, 110) = -1 ENOENT (No such file or directory)
2023-05-18T07:39:23.999089188Z 07:39:23.998615 socket(AF_INET, SOCK_DGRAM|SOCK_CLOEXEC|SOCK_NONBLOCK, IPPROTO_IP) = 8
2023-05-18T07:39:23.999107651Z 07:39:23.998836 connect(8, {sa_family=AF_INET, sin_port=htons(53), sin_addr=inet_addr("169.254.169.254")}, 16) = 0
2023-05-18T07:39:23.999361494Z 07:39:23.998969 sendto(8, "\351\"\1\0\0\1\0\0\0\0\0\0\rflux-sample-0\fflux-"..., 76, MSG_NOSIGNAL, NULL, 0) = 76
2023-05-18T07:39:24.003465735Z 07:39:24.003140 recvfrom(8, "\351\"\201\200\0\1\0\1\0\0\0\0\rflux-sample-0\fflux-"..., 1024, 0, {sa_family=AF_INET, sin_port=htons(53), sin_addr=inet_addr("169.254.169.254")}, [28->16]) = 92
2023-05-18T07:39:24.010221726Z broker.info[2]: start: none->join 1.79026ms
2023-05-18T07:39:26.215222603Z broker.info[2]: parent-ready: join->init 2.20464s
2023-05-18T07:39:26.215767496Z 07:39:26.215443 socketpair(AF_UNIX, SOCK_STREAM|SOCK_CLOEXEC, 0, [22, 23]) = 0
2023-05-18T07:39:26.216039070Z 07:39:26.215783 socketpair(AF_UNIX, SOCK_STREAM, 0, [24, 25]) = 0
2023-05-18T07:39:26.216424443Z 07:39:26.216197 socketpair(AF_UNIX, SOCK_STREAM, 0, [26, 27]) = 0
2023-05-18T07:39:26.216872531Z 07:39:26.216565 socketpair(AF_UNIX, SOCK_STREAM, 0, [28, 29]) = 0
2023-05-18T07:39:26.246674590Z broker.info[2]: configuration updated
2023-05-18T07:39:26.365183177Z broker.info[2]: rc1.0: running /etc/flux/rc1.d/01-sched-fluxion
2023-05-18T07:39:26.385667049Z broker.info[2]: rc1.0: running /etc/flux/rc1.d/02-cron
2023-05-18T07:39:26.412400301Z broker.info[2]: rc1.0: /etc/flux/rc1 Exited (rc=0) 0.2s
2023-05-18T07:39:26.413792236Z broker.info[2]: rc1-success: init->quorum 0.19819s
2023-05-18T07:39:26.573751059Z broker.info[2]: quorum-full: quorum->run 0.159659s
2023-05-18T07:39:37.335359364Z broker.info[2]: shutdown: run->cleanup 10.7614s
2023-05-18T07:39:37.337272237Z broker.info[2]: cleanup-none: cleanup->shutdown 1.14868ms
2023-05-18T07:39:37.339173369Z broker.info[2]: children-none: shutdown->finalize 1.19496ms
2023-05-18T07:39:37.340013321Z 07:39:37.339600 socketpair(AF_UNIX, SOCK_STREAM|SOCK_CLOEXEC, 0, [22, 23]) = 0
2023-05-18T07:39:37.340476811Z 07:39:37.340127 socketpair(AF_UNIX, SOCK_STREAM, 0, [24, 25]) = 0
2023-05-18T07:39:37.340922839Z 07:39:37.340678 socketpair(AF_UNIX, SOCK_STREAM, 0, [26, 28]) = 0
2023-05-18T07:39:37.341364154Z 07:39:37.341087 socketpair(AF_UNIX, SOCK_STREAM, 0, [58, 59]) = 0
2023-05-18T07:39:37.359741477Z broker.info[2]: rc3.0: running /etc/flux/rc3.d/01-sched-fluxion
2023-05-18T07:39:37.489913488Z broker.info[2]: rc3.0: /etc/flux/rc3 Exited (rc=0) 0.1s
2023-05-18T07:39:37.491762372Z broker.info[2]: rc3-success: finalize->goodbye 0.151812s
2023-05-18T07:39:37.493502268Z broker.info[2]: goodbye: goodbye->exit 0.997479ms
2023-05-18T07:39:37.503396439Z 07:39:37.503192 +++ exited with 0 +++
2023-05-18T07:39:37.505435294Z Return value for follower worker is 0
2023-05-18T07:39:37.505656224Z The follower worker exited cleanly. Goodbye!
