2023-05-18T07:49:33.427755258Z
2023-05-18T07:49:33.428169737Z Flux username: flux
2023-05-18T07:49:33.428201668Z
2023-05-18T07:49:33.428209756Z Flux install root: /usr
2023-05-18T07:49:33.470189308Z flux user is already added.
2023-05-18T07:49:33.473351462Z flux user identifiers:
2023-05-18T07:49:33.473372635Z uid=1234(flux) gid=1234(flux) groups=1234(flux)
2023-05-18T07:49:33.473452586Z
2023-05-18T07:49:33.473462610Z As Flux prefix for flux commands: sudo -u flux -E PYTHONPATH=/opt/conda/lib/python3.10/site-packages -E PATH=/opt/conda/bin:/usr/local/sbin:/usr/local/bin:/usr/sbin:/usr/bin:/sbin:/bin -E LD_LIBRARY_PATH=/opt/conda/lib -E HOME=/home/flux
2023-05-18T07:49:33.480672763Z
2023-05-18T07:49:33.480692326Z ðŸ‘‹ Hello, I'm flux-sample-3
2023-05-18T07:49:33.480802524Z The main host is flux-sample-0
2023-05-18T07:49:33.480813874Z The working directory is /home/flux/examples/reaxff/HNS, contents include:
2023-05-18T07:49:33.482610970Z /home/flux/examples/reaxff/HNS:
2023-05-18T07:49:33.482627405Z README.txt	ffield.reax.hns  log.8Mar18.reaxc.hns.g++.1
2023-05-18T07:49:33.482633145Z data.hns-equil	in.reaxc.hns	 log.8Mar18.reaxc.hns.g++.4
2023-05-18T07:49:33.484521511Z End of file listing, if you see nothing above there are no files.
2023-05-18T07:49:33.485997337Z flux R encode --hosts=flux-sample-[0-3]
2023-05-18T07:49:33.498977178Z
2023-05-18T07:49:33.498995686Z ðŸ“¦ Resources
2023-05-18T07:49:33.500489147Z {"version": 1, "execution": {"R_lite": [{"rank": "0-3", "children": {"core": "0"}}], "starttime": 0.0, "expiration": 0.0, "nodelist": ["flux-sample-[0-3]"]}}
2023-05-18T07:49:33.500811525Z
2023-05-18T07:49:33.500826722Z ðŸ¸ Diagnostics: false
2023-05-18T07:49:33.501104345Z ðŸš©ï¸ Flux Option Flags defined
2023-05-18T07:49:33.505064013Z
2023-05-18T07:49:33.505081866Z ðŸ¦Š Independent Minister of Privilege
2023-05-18T07:49:33.506338789Z [exec]
2023-05-18T07:49:33.506355154Z allowed-users = [ "flux", "root" ]
2023-05-18T07:49:33.506360877Z allowed-shells = [ "/usr/libexec/flux/flux-shell" ]
2023-05-18T07:49:33.506569480Z
2023-05-18T07:49:33.506581982Z ðŸ¸ Broker Configuration
2023-05-18T07:49:33.507918972Z # Flux needs to know the path to the IMP executable
2023-05-18T07:49:33.507937184Z [exec]
2023-05-18T07:49:33.507943202Z imp = "/usr/libexec/flux/flux-imp"
2023-05-18T07:49:33.508027717Z
2023-05-18T07:49:33.508055945Z [access]
2023-05-18T07:49:33.508063146Z allow-guest-user = true
2023-05-18T07:49:33.508068076Z allow-root-owner = true
2023-05-18T07:49:33.508072682Z
2023-05-18T07:49:33.508077866Z # Point to resource definition generated with flux-R(1).
2023-05-18T07:49:33.508081968Z [resource]
2023-05-18T07:49:33.508085400Z path = "/etc/flux/system/R"
2023-05-18T07:49:33.508090582Z
2023-05-18T07:49:33.508098515Z [bootstrap]
2023-05-18T07:49:33.508102510Z curve_cert = "/etc/curve/curve.cert"
2023-05-18T07:49:33.508105839Z default_port = 8050
2023-05-18T07:49:33.508109175Z default_bind = "tcp://eth0:%p"
2023-05-18T07:49:33.508112998Z default_connect = "tcp://%h.flux-service.flux-operator.svc.cluster.local:%p"
2023-05-18T07:49:33.508116326Z hosts = [
2023-05-18T07:49:33.508119534Z 	{ host="flux-sample-[0-3]"},
2023-05-18T07:49:33.508125001Z ]
2023-05-18T07:49:33.508129404Z
2023-05-18T07:49:33.508132953Z [archive]
2023-05-18T07:49:33.508136270Z dbpath = "/var/lib/flux/job-archive.sqlite"
2023-05-18T07:49:33.508139497Z period = "1m"
2023-05-18T07:49:33.582482870Z busytimeout = "50s"
2023-05-18T07:49:33.582513969Z ðŸ§Šï¸ State Directory:
2023-05-18T07:49:33.582521507Z total 0
2023-05-18T07:49:33.582527159Z
2023-05-18T07:49:33.585864814Z
2023-05-18T07:49:33.585895571Z ðŸ”’ï¸ Working directory permissions:
2023-05-18T07:49:33.585903431Z total 96
2023-05-18T07:49:33.585909749Z -rwxrwxrwx 1 flux root  2517 May 17 22:32 README.txt
2023-05-18T07:49:33.585915381Z -rwxrwxrwx 1 flux root 54692 May 17 22:32 data.hns-equil
2023-05-18T07:49:33.585924634Z -rwxrwxrwx 1 flux root 13576 May 17 22:32 ffield.reax.hns
2023-05-18T07:49:33.585930384Z -rwxrwxrwx 1 flux root   870 May 17 22:32 in.reaxc.hns
2023-05-18T07:49:33.585936257Z -rwxrwxrwx 1 flux root  4172 May 17 22:32 log.8Mar18.reaxc.hns.g++.1
2023-05-18T07:49:33.585941607Z -rwxrwxrwx 1 flux root  4168 May 17 22:32 log.8Mar18.reaxc.hns.g++.4
2023-05-18T07:49:33.585949189Z
2023-05-18T07:49:33.586098184Z
2023-05-18T07:49:33.586113783Z âœ¨ Curve certificate generated by helper pod
2023-05-18T07:49:33.587589009Z #   ****  Generated on 2023-04-26 22:54:42 by CZMQ  ****
2023-05-18T07:49:33.587611197Z #   ZeroMQ CURVE **Secret** Certificate
2023-05-18T07:49:33.587619146Z #   DO NOT PROVIDE THIS FILE TO OTHER USERS nor change its permissions.
2023-05-18T07:49:33.587625046Z
2023-05-18T07:49:33.587630411Z metadata
2023-05-18T07:49:33.587635939Z     name = "flux-cert-generator"
2023-05-18T07:49:33.587641334Z     keygen.hostname = "flux-sample-0"
2023-05-18T07:49:33.587646815Z curve
2023-05-18T07:49:33.587652025Z     public-key = "9zqNKTFy*utZ+[fl>y@04idUI<}Y}stamNK6l/H+"
2023-05-18T07:49:33.587659657Z     secret-key = "E<I*?F(?FjyY$Tti7oD2y%(.dj.Y#QI[EX:o<$L+"
2023-05-18T07:49:33.589691977Z
2023-05-18T07:49:33.589718201Z ðŸŒ€  flux start --wrap=strace,-e,network,-tt -o --config /etc/flux/config -Scron.directory=/etc/flux/system/cron.d   -Stbon.fanout=256   -Srundir=/run/flux    -Sstatedir=/var/lib/flux   -Slocal-uri=local:///run/flux/local -Stbon.connect_timeout=3s  -Stbon.zmqdebug=1  -Slog-stderr-level=6    -Slog-stderr-mode=local
2023-05-18T07:49:33.630289099Z 07:49:33.630066 socket(AF_NETLINK, SOCK_RAW, NETLINK_ROUTE) = 8
2023-05-18T07:49:33.630418709Z 07:49:33.630225 bind(8, {sa_family=AF_NETLINK, nl_pid=0, nl_groups=00000000}, 12) = 0
2023-05-18T07:49:33.630558092Z 07:49:33.630390 getsockname(8, {sa_family=AF_NETLINK, nl_pid=70, nl_groups=00000000}, [12]) = 0
2023-05-18T07:49:33.630911952Z 07:49:33.630542 sendto(8, {{len=20, type=RTM_GETADDR, flags=NLM_F_REQUEST|NLM_F_DUMP, seq=1684396173, pid=0}, {ifa_family=AF_UNSPEC, ...}}, 20, 0, {sa_family=AF_NETLINK, nl_pid=0, nl_groups=00000000}, 12) = 20
2023-05-18T07:49:33.631438558Z 07:49:33.630883 recvmsg(8, {msg_name={sa_family=AF_NETLINK, nl_pid=0, nl_groups=00000000}, msg_namelen=12, msg_iov=[{iov_base=[{{len=76, type=RTM_NEWADDR, flags=NLM_F_MULTI, seq=1684396173, pid=70}, {ifa_family=AF_INET, ifa_prefixlen=8, ifa_flags=IFA_F_PERMANENT, ifa_scope=RT_SCOPE_HOST, ifa_index=if_nametoindex("lo")}, [{{nla_len=8, nla_type=IFA_ADDRESS}, 127.0.0.1}, {{nla_len=8, nla_type=IFA_LOCAL}, 127.0.0.1}, {{nla_len=7, nla_type=IFA_LABEL}, "lo"}, {{nla_len=8, nla_type=IFA_FLAGS}, IFA_F_PERMANENT}, {{nla_len=20, nla_type=IFA_CACHEINFO}, {ifa_prefered=4294967295, ifa_valid=4294967295, cstamp=191871, tstamp=191871}}]}, {{len=88, type=RTM_NEWADDR, flags=NLM_F_MULTI, seq=1684396173, pid=70}, {ifa_family=AF_INET, ifa_prefixlen=24, ifa_flags=IFA_F_PERMANENT, ifa_scope=RT_SCOPE_UNIVERSE, ifa_index=if_nametoindex("eth0")}, [{{nla_len=8, nla_type=IFA_ADDRESS}, 10.24.0.76}, {{nla_len=8, nla_type=IFA_LOCAL}, 10.24.0.76}, {{nla_len=8, nla_type=IFA_BROADCAST}, 10.24.0.255}, {{nla_len=9, nla_type=IFA_LABEL}, "eth0"}, {{nla_len=8, nla_type=IFA_FLAGS}, IFA_F_PERMANENT}, {{nla_len=20, nla_type=IFA_CACHEINFO}, {ifa_prefered=4294967295, ifa_valid=4294967295, cstamp=191874, tstamp=191874}}]}], iov_len=4096}], msg_iovlen=1, msg_controllen=0, msg_flags=0}, 0) = 164
2023-05-18T07:49:33.631583762Z 07:49:33.631313 recvmsg(8, {msg_name={sa_family=AF_NETLINK, nl_pid=0, nl_groups=00000000}, msg_namelen=12, msg_iov=[{iov_base={{len=20, type=NLMSG_DONE, flags=NLM_F_MULTI, seq=1684396173, pid=70}, 0}, iov_len=4096}], msg_iovlen=1, msg_controllen=0, msg_flags=0}, 0) = 20
2023-05-18T07:49:33.632176517Z 07:49:33.631971 socket(AF_UNIX, SOCK_STREAM|SOCK_CLOEXEC|SOCK_NONBLOCK, 0) = 8
2023-05-18T07:49:33.632204008Z 07:49:33.632045 connect(8, {sa_family=AF_UNIX, sun_path="/var/run/nscd/socket"}, 110) = -1 ENOENT (No such file or directory)
2023-05-18T07:49:33.632425656Z 07:49:33.632191 socket(AF_UNIX, SOCK_STREAM|SOCK_CLOEXEC|SOCK_NONBLOCK, 0) = 8
2023-05-18T07:49:33.632536592Z 07:49:33.632322 connect(8, {sa_family=AF_UNIX, sun_path="/var/run/nscd/socket"}, 110) = -1 ENOENT (No such file or directory)
2023-05-18T07:49:33.634280685Z 07:49:33.634062 socket(AF_INET, SOCK_DGRAM|SOCK_CLOEXEC|SOCK_NONBLOCK, IPPROTO_IP) = 8
2023-05-18T07:49:33.634508538Z 07:49:33.634288 connect(8, {sa_family=AF_INET, sin_port=htons(53), sin_addr=inet_addr("169.254.169.254")}, 16) = 0
2023-05-18T07:49:33.634821500Z 07:49:33.634486 sendto(8, "\304\r\1\0\0\1\0\0\0\0\0\0\rflux-sample-0\fflux-"..., 76, MSG_NOSIGNAL, NULL, 0) = 76
2023-05-18T07:49:33.638162058Z 07:49:33.637869 recvfrom(8, "\304\r\201\200\0\1\0\1\0\0\0\0\rflux-sample-0\fflux-"..., 1024, 0, {sa_family=AF_INET, sin_port=htons(53), sin_addr=inet_addr("169.254.169.254")}, [28->16]) = 92
2023-05-18T07:49:33.643539013Z broker.info[3]: start: none->join 1.58279ms
2023-05-18T07:49:36.767736172Z broker.info[3]: parent-ready: join->init 3.12403s
2023-05-18T07:49:36.768255074Z 07:49:36.767933 socketpair(AF_UNIX, SOCK_STREAM|SOCK_CLOEXEC, 0, [22, 23]) = 0
2023-05-18T07:49:36.768511976Z 07:49:36.768351 socketpair(AF_UNIX, SOCK_STREAM, 0, [24, 25]) = 0
2023-05-18T07:49:36.768988057Z 07:49:36.768683 socketpair(AF_UNIX, SOCK_STREAM, 0, [26, 27]) = 0
2023-05-18T07:49:36.769260610Z 07:49:36.769014 socketpair(AF_UNIX, SOCK_STREAM, 0, [28, 29]) = 0
2023-05-18T07:49:36.793002310Z broker.info[3]: configuration updated
2023-05-18T07:49:36.902642929Z broker.info[3]: rc1.0: running /etc/flux/rc1.d/01-sched-fluxion
2023-05-18T07:49:36.913074449Z broker.info[3]: rc1.0: running /etc/flux/rc1.d/02-cron
2023-05-18T07:49:36.937427930Z broker.info[3]: rc1.0: /etc/flux/rc1 Exited (rc=0) 0.2s
2023-05-18T07:49:36.938385046Z broker.info[3]: rc1-success: init->quorum 0.170258s
2023-05-18T07:49:37.153938875Z broker.info[3]: quorum-full: quorum->run 0.215197s
2023-05-18T07:49:37.791410136Z 07:49:37.791054 socketpair(AF_UNIX, SOCK_STREAM|SOCK_CLOEXEC, 0, [22, 23]) = 0
2023-05-18T07:49:37.791568174Z 07:49:37.791215 socketpair(AF_UNIX, SOCK_STREAM, 0, [24, 25]) = 0
2023-05-18T07:49:37.791591334Z 07:49:37.791430 socketpair(AF_UNIX, SOCK_STREAM, 0, [26, 28]) = 0
2023-05-18T07:49:37.791785603Z 07:49:37.791623 socketpair(AF_UNIX, SOCK_STREAM, 0, [58, 59]) = 0
2023-05-18T07:49:47.815830594Z broker.info[3]: shutdown: run->cleanup 10.6617s
2023-05-18T07:49:47.817703211Z broker.info[3]: cleanup-none: cleanup->shutdown 1.07858ms
2023-05-18T07:49:47.819225102Z broker.info[3]: children-none: shutdown->finalize 0.928421ms
2023-05-18T07:49:47.819884728Z 07:49:47.819634 socketpair(AF_UNIX, SOCK_STREAM|SOCK_CLOEXEC, 0, [22, 23]) = 0
2023-05-18T07:49:47.820351972Z 07:49:47.819887 socketpair(AF_UNIX, SOCK_STREAM, 0, [24, 25]) = 0
2023-05-18T07:49:47.820742787Z 07:49:47.820557 socketpair(AF_UNIX, SOCK_STREAM, 0, [26, 28]) = 0
2023-05-18T07:49:47.821147640Z 07:49:47.820893 socketpair(AF_UNIX, SOCK_STREAM, 0, [58, 59]) = 0
2023-05-18T07:49:47.838358425Z broker.info[3]: rc3.0: running /etc/flux/rc3.d/01-sched-fluxion
2023-05-18T07:49:47.957491430Z broker.info[3]: rc3.0: /etc/flux/rc3 Exited (rc=0) 0.1s
2023-05-18T07:49:47.958592157Z broker.info[3]: rc3-success: finalize->goodbye 0.138789s
2023-05-18T07:49:47.960196350Z broker.info[3]: goodbye: goodbye->exit 0.983073ms
2023-05-18T07:49:47.967961860Z 07:49:47.967816 +++ exited with 0 +++
2023-05-18T07:49:47.969211438Z Return value for follower worker is 0
2023-05-18T07:49:47.969310214Z The follower worker exited cleanly. Goodbye!
