2023-05-18T08:49:45.990132507Z
2023-05-18T08:49:45.990768429Z Flux username: flux
2023-05-18T08:49:45.990780931Z
2023-05-18T08:49:45.990786851Z Flux install root: /usr
2023-05-18T08:49:46.033788019Z flux user is already added.
2023-05-18T08:49:46.036490161Z flux user identifiers:
2023-05-18T08:49:46.036510142Z uid=1234(flux) gid=1234(flux) groups=1234(flux)
2023-05-18T08:49:46.036621318Z
2023-05-18T08:49:46.036633257Z As Flux prefix for flux commands: sudo -u flux -E PYTHONPATH=/opt/conda/lib/python3.10/site-packages -E PATH=/opt/conda/bin:/usr/local/sbin:/usr/local/bin:/usr/sbin:/usr/bin:/sbin:/bin -E LD_LIBRARY_PATH=/opt/conda/lib -E HOME=/home/flux
2023-05-18T08:49:46.044548541Z
2023-05-18T08:49:46.044569504Z 👋 Hello, I'm flux-sample-3
2023-05-18T08:49:46.044723575Z The main host is flux-sample-0
2023-05-18T08:49:46.044734111Z The working directory is /home/flux/examples/reaxff/HNS, contents include:
2023-05-18T08:49:46.046294204Z /home/flux/examples/reaxff/HNS:
2023-05-18T08:49:46.046371961Z README.txt	ffield.reax.hns  log.8Mar18.reaxc.hns.g++.1
2023-05-18T08:49:46.046381887Z data.hns-equil	in.reaxc.hns	 log.8Mar18.reaxc.hns.g++.4
2023-05-18T08:49:46.046671963Z End of file listing, if you see nothing above there are no files.
2023-05-18T08:49:46.048461260Z flux R encode --hosts=flux-sample-[0-3]
2023-05-18T08:49:46.061760601Z
2023-05-18T08:49:46.068348599Z 📦 Resources
2023-05-18T08:49:46.068364660Z {"version": 1, "execution": {"R_lite": [{"rank": "0-3", "children": {"core": "0"}}], "starttime": 0.0, "expiration": 0.0, "nodelist": ["flux-sample-[0-3]"]}}
2023-05-18T08:49:46.068370112Z
2023-05-18T08:49:46.068375355Z 🐸 Diagnostics: false
2023-05-18T08:49:46.068380862Z 🚩️ Flux Option Flags defined
2023-05-18T08:49:46.069963027Z
2023-05-18T08:49:46.070007570Z 🦊 Independent Minister of Privilege
2023-05-18T08:49:46.071501384Z [exec]
2023-05-18T08:49:46.071517020Z allowed-users = [ "flux", "root" ]
2023-05-18T08:49:46.071523596Z allowed-shells = [ "/usr/libexec/flux/flux-shell" ]
2023-05-18T08:49:46.071728433Z
2023-05-18T08:49:46.071742936Z 🐸 Broker Configuration
2023-05-18T08:49:46.073287793Z # Flux needs to know the path to the IMP executable
2023-05-18T08:49:46.073303489Z [exec]
2023-05-18T08:49:46.073311307Z imp = "/usr/libexec/flux/flux-imp"
2023-05-18T08:49:46.073317184Z
2023-05-18T08:49:46.073322099Z [access]
2023-05-18T08:49:46.073327520Z allow-guest-user = true
2023-05-18T08:49:46.073337928Z allow-root-owner = true
2023-05-18T08:49:46.073342509Z
2023-05-18T08:49:46.073347419Z # Point to resource definition generated with flux-R(1).
2023-05-18T08:49:46.073352184Z [resource]
2023-05-18T08:49:46.073359660Z path = "/etc/flux/system/R"
2023-05-18T08:49:46.073365632Z
2023-05-18T08:49:46.073371087Z [bootstrap]
2023-05-18T08:49:46.073376069Z curve_cert = "/etc/curve/curve.cert"
2023-05-18T08:49:46.073380710Z default_port = 8050
2023-05-18T08:49:46.073385383Z default_bind = "tcp://eth0:%p"
2023-05-18T08:49:46.073390800Z default_connect = "tcp://%h.flux-service.flux-operator.svc.cluster.local:%p"
2023-05-18T08:49:46.073395472Z hosts = [
2023-05-18T08:49:46.073402600Z 	{ host="flux-sample-[0-3]"},
2023-05-18T08:49:46.073408628Z ]
2023-05-18T08:49:46.073413365Z
2023-05-18T08:49:46.073418322Z [archive]
2023-05-18T08:49:46.073423042Z dbpath = "/var/lib/flux/job-archive.sqlite"
2023-05-18T08:49:46.073427822Z period = "1m"
2023-05-18T08:49:46.151162943Z busytimeout = "50s"
2023-05-18T08:49:46.151197921Z 🧊️ State Directory:
2023-05-18T08:49:46.151203925Z total 0
2023-05-18T08:49:46.151208699Z
2023-05-18T08:49:46.154584178Z
2023-05-18T08:49:46.154608386Z 🔒️ Working directory permissions:
2023-05-18T08:49:46.154614163Z total 96
2023-05-18T08:49:46.154619671Z -rwxrwxrwx 1 flux root  2517 May 17 22:32 README.txt
2023-05-18T08:49:46.154624431Z -rwxrwxrwx 1 flux root 54692 May 17 22:32 data.hns-equil
2023-05-18T08:49:46.154722288Z -rwxrwxrwx 1 flux root 13576 May 17 22:32 ffield.reax.hns
2023-05-18T08:49:46.154770183Z -rwxrwxrwx 1 flux root   870 May 17 22:32 in.reaxc.hns
2023-05-18T08:49:46.154870332Z -rwxrwxrwx 1 flux root  4172 May 17 22:32 log.8Mar18.reaxc.hns.g++.1
2023-05-18T08:49:46.154881580Z -rwxrwxrwx 1 flux root  4168 May 17 22:32 log.8Mar18.reaxc.hns.g++.4
2023-05-18T08:49:46.154886446Z
2023-05-18T08:49:46.155042890Z
2023-05-18T08:49:46.155056267Z ✨ Curve certificate generated by helper pod
2023-05-18T08:49:46.156596571Z #   ****  Generated on 2023-04-26 22:54:42 by CZMQ  ****
2023-05-18T08:49:46.156618645Z #   ZeroMQ CURVE **Secret** Certificate
2023-05-18T08:49:46.156627070Z #   DO NOT PROVIDE THIS FILE TO OTHER USERS nor change its permissions.
2023-05-18T08:49:46.156633886Z
2023-05-18T08:49:46.156640608Z metadata
2023-05-18T08:49:46.156647948Z     name = "flux-cert-generator"
2023-05-18T08:49:46.156654946Z     keygen.hostname = "flux-sample-0"
2023-05-18T08:49:46.156663151Z curve
2023-05-18T08:49:46.156671480Z     public-key = "zHhzChh.oWO{!q@eRH7r<.)cpIZ^Dxnv5GFSTkTU"
2023-05-18T08:49:46.156678632Z     secret-key = "t95b52f$^zVY4j*eL}$wfDu)$etB^qgyWLS0{tGX"
2023-05-18T08:49:46.158737074Z
2023-05-18T08:49:46.158767301Z 🌀  flux start --wrap=strace,-e,network,-tt -o --config /etc/flux/config -Scron.directory=/etc/flux/system/cron.d   -Stbon.fanout=256   -Srundir=/run/flux    -Sstatedir=/var/lib/flux   -Slocal-uri=local:///run/flux/local   -Stbon.zmqdebug=1  -Slog-stderr-level=6    -Slog-stderr-mode=local
2023-05-18T08:49:46.199911202Z 08:49:46.199678 socket(AF_NETLINK, SOCK_RAW, NETLINK_ROUTE) = 8
2023-05-18T08:49:46.200181615Z 08:49:46.199928 bind(8, {sa_family=AF_NETLINK, nl_pid=0, nl_groups=00000000}, 12) = 0
2023-05-18T08:49:46.200328323Z 08:49:46.200108 getsockname(8, {sa_family=AF_NETLINK, nl_pid=70, nl_groups=00000000}, [12]) = 0
2023-05-18T08:49:46.200609172Z 08:49:46.200260 sendto(8, {{len=20, type=RTM_GETADDR, flags=NLM_F_REQUEST|NLM_F_DUMP, seq=1684399786, pid=0}, {ifa_family=AF_UNSPEC, ...}}, 20, 0, {sa_family=AF_NETLINK, nl_pid=0, nl_groups=00000000}, 12) = 20
2023-05-18T08:49:46.200989402Z 08:49:46.200524 recvmsg(8, {msg_name={sa_family=AF_NETLINK, nl_pid=0, nl_groups=00000000}, msg_namelen=12, msg_iov=[{iov_base=[{{len=76, type=RTM_NEWADDR, flags=NLM_F_MULTI, seq=1684399786, pid=70}, {ifa_family=AF_INET, ifa_prefixlen=8, ifa_flags=IFA_F_PERMANENT, ifa_scope=RT_SCOPE_HOST, ifa_index=if_nametoindex("lo")}, [{{nla_len=8, nla_type=IFA_ADDRESS}, 127.0.0.1}, {{nla_len=8, nla_type=IFA_LOCAL}, 127.0.0.1}, {{nla_len=7, nla_type=IFA_LABEL}, "lo"}, {{nla_len=8, nla_type=IFA_FLAGS}, IFA_F_PERMANENT}, {{nla_len=20, nla_type=IFA_CACHEINFO}, {ifa_prefered=4294967295, ifa_valid=4294967295, cstamp=553125, tstamp=553125}}]}, {{len=88, type=RTM_NEWADDR, flags=NLM_F_MULTI, seq=1684399786, pid=70}, {ifa_family=AF_INET, ifa_prefixlen=24, ifa_flags=IFA_F_PERMANENT, ifa_scope=RT_SCOPE_UNIVERSE, ifa_index=if_nametoindex("eth0")}, [{{nla_len=8, nla_type=IFA_ADDRESS}, 10.24.0.221}, {{nla_len=8, nla_type=IFA_LOCAL}, 10.24.0.221}, {{nla_len=8, nla_type=IFA_BROADCAST}, 10.24.0.255}, {{nla_len=9, nla_type=IFA_LABEL}, "eth0"}, {{nla_len=8, nla_type=IFA_FLAGS}, IFA_F_PERMANENT}, {{nla_len=20, nla_type=IFA_CACHEINFO}, {ifa_prefered=4294967295, ifa_valid=4294967295, cstamp=553129, tstamp=553129}}]}], iov_len=4096}], msg_iovlen=1, msg_controllen=0, msg_flags=0}, 0) = 164
2023-05-18T08:49:46.201102707Z 08:49:46.200846 recvmsg(8, {msg_name={sa_family=AF_NETLINK, nl_pid=0, nl_groups=00000000}, msg_namelen=12, msg_iov=[{iov_base={{len=20, type=NLMSG_DONE, flags=NLM_F_MULTI, seq=1684399786, pid=70}, 0}, iov_len=4096}], msg_iovlen=1, msg_controllen=0, msg_flags=0}, 0) = 20
2023-05-18T08:49:46.202069050Z 08:49:46.201793 socket(AF_UNIX, SOCK_STREAM|SOCK_CLOEXEC|SOCK_NONBLOCK, 0) = 8
2023-05-18T08:49:46.202190003Z 08:49:46.201916 connect(8, {sa_family=AF_UNIX, sun_path="/var/run/nscd/socket"}, 110) = -1 ENOENT (No such file or directory)
2023-05-18T08:49:46.202332672Z 08:49:46.202114 socket(AF_UNIX, SOCK_STREAM|SOCK_CLOEXEC|SOCK_NONBLOCK, 0) = 8
2023-05-18T08:49:46.202435511Z 08:49:46.202218 connect(8, {sa_family=AF_UNIX, sun_path="/var/run/nscd/socket"}, 110) = -1 ENOENT (No such file or directory)
2023-05-18T08:49:46.204406927Z 08:49:46.204116 socket(AF_INET, SOCK_DGRAM|SOCK_CLOEXEC|SOCK_NONBLOCK, IPPROTO_IP) = 8
2023-05-18T08:49:46.204424704Z 08:49:46.204223 connect(8, {sa_family=AF_INET, sin_port=htons(53), sin_addr=inet_addr("169.254.169.254")}, 16) = 0
2023-05-18T08:49:46.204689855Z 08:49:46.204375 sendto(8, "C\246\1\0\0\1\0\0\0\0\0\0\rflux-sample-0\fflux-"..., 76, MSG_NOSIGNAL, NULL, 0) = 76
2023-05-18T08:49:46.207874153Z 08:49:46.207599 recvfrom(8, "C\246\201\200\0\1\0\1\0\0\0\0\rflux-sample-0\fflux-"..., 1024, 0, {sa_family=AF_INET, sin_port=htons(53), sin_addr=inet_addr("169.254.169.254")}, [28->16]) = 92
2023-05-18T08:49:46.213630427Z broker.info[3]: start: none->join 1.68352ms
2023-05-18T08:50:16.372099817Z broker.info[3]: parent-ready: join->init 30.1583s
2023-05-18T08:50:16.372745771Z 08:50:16.372307 socketpair(AF_UNIX, SOCK_STREAM|SOCK_CLOEXEC, 0, [22, 23]) = 0
2023-05-18T08:50:16.373002997Z 08:50:16.372531 socketpair(AF_UNIX, SOCK_STREAM, 0, [24, 25]) = 0
2023-05-18T08:50:16.373307748Z 08:50:16.372936 socketpair(AF_UNIX, SOCK_STREAM, 0, [26, 27]) = 0
2023-05-18T08:50:16.373601113Z 08:50:16.373376 socketpair(AF_UNIX, SOCK_STREAM, 0, [28, 29]) = 0
2023-05-18T08:50:16.397828617Z broker.info[3]: configuration updated
2023-05-18T08:50:16.510148811Z broker.info[3]: rc1.0: running /etc/flux/rc1.d/01-sched-fluxion
2023-05-18T08:50:16.520558507Z broker.info[3]: rc1.0: running /etc/flux/rc1.d/02-cron
2023-05-18T08:50:16.542779015Z broker.info[3]: rc1.0: /etc/flux/rc1 Exited (rc=0) 0.2s
2023-05-18T08:50:16.549420467Z broker.info[3]: rc1-success: init->quorum 0.177062s
2023-05-18T08:50:18.230481284Z broker.info[3]: quorum-full: quorum->run 1.68049s
2023-05-18T08:50:18.830318212Z 08:50:18.829974 socketpair(AF_UNIX, SOCK_STREAM|SOCK_CLOEXEC, 0, [22, 23]) = 0
2023-05-18T08:50:18.830513027Z 08:50:18.830299 socketpair(AF_UNIX, SOCK_STREAM, 0, [24, 25]) = 0
2023-05-18T08:50:18.830785003Z 08:50:18.830617 socketpair(AF_UNIX, SOCK_STREAM, 0, [26, 28]) = 0
2023-05-18T08:50:18.831313735Z 08:50:18.830965 socketpair(AF_UNIX, SOCK_STREAM, 0, [58, 59]) = 0
2023-05-18T08:50:29.065326587Z broker.info[3]: shutdown: run->cleanup 10.8345s
2023-05-18T08:50:29.067025482Z broker.info[3]: cleanup-none: cleanup->shutdown 1.36196ms
2023-05-18T08:50:29.068310099Z broker.info[3]: children-none: shutdown->finalize 0.942692ms
2023-05-18T08:50:29.068777264Z 08:50:29.068563 socketpair(AF_UNIX, SOCK_STREAM|SOCK_CLOEXEC, 0, [22, 23]) = 0
2023-05-18T08:50:29.069365922Z 08:50:29.068843 socketpair(AF_UNIX, SOCK_STREAM, 0, [24, 25]) = 0
2023-05-18T08:50:29.069681186Z 08:50:29.069182 socketpair(AF_UNIX, SOCK_STREAM, 0, [26, 28]) = 0
2023-05-18T08:50:29.069877902Z 08:50:29.069474 socketpair(AF_UNIX, SOCK_STREAM, 0, [58, 59]) = 0
2023-05-18T08:50:29.089332693Z broker.info[3]: rc3.0: running /etc/flux/rc3.d/01-sched-fluxion
2023-05-18T08:50:29.202112135Z broker.info[3]: rc3.0: /etc/flux/rc3 Exited (rc=0) 0.1s
2023-05-18T08:50:29.203324139Z broker.info[3]: rc3-success: finalize->goodbye 0.134559s
2023-05-18T08:50:29.204884888Z broker.info[3]: goodbye: goodbye->exit 0.995551ms
2023-05-18T08:50:29.212603338Z 08:50:29.212434 +++ exited with 0 +++
2023-05-18T08:50:29.213820437Z Return value for follower worker is 0
2023-05-18T08:50:29.213846530Z The follower worker exited cleanly. Goodbye!
