2023-05-18T12:45:24.623300411Z
2023-05-18T12:45:24.623341211Z Flux username: flux
2023-05-18T12:45:24.623347353Z
2023-05-18T12:45:24.623355363Z Flux install root: /usr
2023-05-18T12:45:24.680675378Z flux user is already added.
2023-05-18T12:45:24.684340722Z flux user identifiers:
2023-05-18T12:45:24.684362331Z uid=1234(flux) gid=1234(flux) groups=1234(flux)
2023-05-18T12:45:24.684458343Z
2023-05-18T12:45:24.684468855Z As Flux prefix for flux commands: sudo -u flux -E PYTHONPATH=/opt/conda/lib/python3.10/site-packages -E PATH=/opt/conda/bin:/usr/local/sbin:/usr/local/bin:/usr/sbin:/usr/bin:/sbin:/bin -E LD_LIBRARY_PATH=/opt/conda/lib -E HOME=/home/flux
2023-05-18T12:45:24.693095260Z
2023-05-18T12:45:24.693116100Z 👋 Hello, I'm flux-sample-2
2023-05-18T12:45:24.693122501Z The main host is flux-sample-0
2023-05-18T12:45:24.693211346Z The working directory is /home/flux/examples/reaxff/HNS, contents include:
2023-05-18T12:45:24.695299709Z /home/flux/examples/reaxff/HNS:
2023-05-18T12:45:24.695317715Z README.txt	ffield.reax.hns  log.8Mar18.reaxc.hns.g++.1
2023-05-18T12:45:24.695323332Z data.hns-equil	in.reaxc.hns	 log.8Mar18.reaxc.hns.g++.4
2023-05-18T12:45:24.695575293Z End of file listing, if you see nothing above there are no files.
2023-05-18T12:45:24.697700880Z flux R encode --hosts=flux-sample-[0-3]
2023-05-18T12:45:24.717266899Z
2023-05-18T12:45:24.717286632Z 📦 Resources
2023-05-18T12:45:24.718754096Z {"version": 1, "execution": {"R_lite": [{"rank": "0-3", "children": {"core": "0"}}], "starttime": 0.0, "expiration": 0.0, "nodelist": ["flux-sample-[0-3]"]}}
2023-05-18T12:45:24.719049835Z
2023-05-18T12:45:24.719164974Z 🐸 Diagnostics: false
2023-05-18T12:45:24.719516021Z 🚩️ Flux Option Flags defined
2023-05-18T12:45:24.723790177Z
2023-05-18T12:45:24.723892712Z 🦊 Independent Minister of Privilege
2023-05-18T12:45:24.727536996Z [exec]
2023-05-18T12:45:24.727552907Z allowed-users = [ "flux", "root" ]
2023-05-18T12:45:24.727559444Z allowed-shells = [ "/usr/libexec/flux/flux-shell" ]
2023-05-18T12:45:24.727896685Z
2023-05-18T12:45:24.728018576Z 🐸 Broker Configuration
2023-05-18T12:45:24.730590291Z # Flux needs to know the path to the IMP executable
2023-05-18T12:45:24.730607500Z [exec]
2023-05-18T12:45:24.730614040Z imp = "/usr/libexec/flux/flux-imp"
2023-05-18T12:45:24.730618964Z
2023-05-18T12:45:24.730623789Z [access]
2023-05-18T12:45:24.730638138Z allow-guest-user = true
2023-05-18T12:45:24.730643096Z allow-root-owner = true
2023-05-18T12:45:24.730647632Z
2023-05-18T12:45:24.730654586Z # Point to resource definition generated with flux-R(1).
2023-05-18T12:45:24.730661014Z [resource]
2023-05-18T12:45:24.730666562Z path = "/etc/flux/system/R"
2023-05-18T12:45:24.730671230Z
2023-05-18T12:45:24.730676048Z [bootstrap]
2023-05-18T12:45:24.730680852Z curve_cert = "/etc/curve/curve.cert"
2023-05-18T12:45:24.730685800Z default_port = 8050
2023-05-18T12:45:24.730690996Z default_bind = "tcp://eth0:%p"
2023-05-18T12:45:24.730698400Z default_connect = "tcp://%h.flux-service.flux-operator.svc.cluster.local:%p"
2023-05-18T12:45:24.730704092Z hosts = [
2023-05-18T12:45:24.730709506Z 	{ host="flux-sample-[0-3]"},
2023-05-18T12:45:24.730714370Z ]
2023-05-18T12:45:24.730718910Z
2023-05-18T12:45:24.730727269Z [archive]
2023-05-18T12:45:24.730732338Z dbpath = "/var/lib/flux/job-archive.sqlite"
2023-05-18T12:45:24.730736964Z period = "1m"
2023-05-18T12:45:24.833491473Z busytimeout = "50s"
2023-05-18T12:45:24.833515686Z 🧊️ State Directory:
2023-05-18T12:45:24.833531013Z total 0
2023-05-18T12:45:24.833536300Z
2023-05-18T12:45:24.837006739Z
2023-05-18T12:45:24.837030384Z 🔒️ Working directory permissions:
2023-05-18T12:45:24.837036391Z total 96
2023-05-18T12:45:24.837041894Z -rwxrwxrwx 1 flux root  2517 May 17 22:32 README.txt
2023-05-18T12:45:24.837046660Z -rwxrwxrwx 1 flux root 54692 May 17 22:32 data.hns-equil
2023-05-18T12:45:24.837051712Z -rwxrwxrwx 1 flux root 13576 May 17 22:32 ffield.reax.hns
2023-05-18T12:45:24.837056583Z -rwxrwxrwx 1 flux root   870 May 17 22:32 in.reaxc.hns
2023-05-18T12:45:24.837064275Z -rwxrwxrwx 1 flux root  4172 May 17 22:32 log.8Mar18.reaxc.hns.g++.1
2023-05-18T12:45:24.837070407Z -rwxrwxrwx 1 flux root  4168 May 17 22:32 log.8Mar18.reaxc.hns.g++.4
2023-05-18T12:45:24.837074982Z
2023-05-18T12:45:24.837263229Z
2023-05-18T12:45:24.837277578Z ✨ Curve certificate generated by helper pod
2023-05-18T12:45:24.838729213Z #   ****  Generated on 2023-04-26 22:54:42 by CZMQ  ****
2023-05-18T12:45:24.838745695Z #   ZeroMQ CURVE **Secret** Certificate
2023-05-18T12:45:24.838751436Z #   DO NOT PROVIDE THIS FILE TO OTHER USERS nor change its permissions.
2023-05-18T12:45:24.838756351Z
2023-05-18T12:45:24.838761223Z metadata
2023-05-18T12:45:24.838766381Z     name = "flux-cert-generator"
2023-05-18T12:45:24.838773417Z     keygen.hostname = "flux-sample-0"
2023-05-18T12:45:24.838779232Z curve
2023-05-18T12:45:24.838784263Z     public-key = "[g^OD7dWt4r%E}@iYrfZC0t#[B7o<ElT(N1^G)o6"
2023-05-18T12:45:24.838796758Z     secret-key = "WhU^MC*us}}rwcuHZSq9&cdeVx.DTWl{nKAF[JH}"
2023-05-18T12:45:24.841299598Z
2023-05-18T12:45:24.841319291Z 🌀  flux start --wrap=strace,-e,network,-tt -o --config /etc/flux/config -Scron.directory=/etc/flux/system/cron.d   -Stbon.fanout=256   -Srundir=/run/flux    -Sstatedir=/var/lib/flux   -Slocal-uri=local:///run/flux/local -Stbon.connect_timeout=4s  -Stbon.zmqdebug=1  -Slog-stderr-level=6    -Slog-stderr-mode=local
2023-05-18T12:45:24.881958538Z 12:45:24.881818 socket(AF_NETLINK, SOCK_RAW, NETLINK_ROUTE) = 8
2023-05-18T12:45:24.882103099Z 12:45:24.882017 bind(8, {sa_family=AF_NETLINK, nl_pid=0, nl_groups=00000000}, 12) = 0
2023-05-18T12:45:24.882246592Z 12:45:24.882149 getsockname(8, {sa_family=AF_NETLINK, nl_pid=70, nl_groups=00000000}, [12]) = 0
2023-05-18T12:45:24.882605634Z 12:45:24.882308 sendto(8, {{len=20, type=RTM_GETADDR, flags=NLM_F_REQUEST|NLM_F_DUMP, seq=1684413924, pid=0}, {ifa_family=AF_UNSPEC, ...}}, 20, 0, {sa_family=AF_NETLINK, nl_pid=0, nl_groups=00000000}, 12) = 20
2023-05-18T12:45:24.883004495Z 12:45:24.882645 recvmsg(8, {msg_name={sa_family=AF_NETLINK, nl_pid=0, nl_groups=00000000}, msg_namelen=12, msg_iov=[{iov_base=[{{len=76, type=RTM_NEWADDR, flags=NLM_F_MULTI, seq=1684413924, pid=70}, {ifa_family=AF_INET, ifa_prefixlen=8, ifa_flags=IFA_F_PERMANENT, ifa_scope=RT_SCOPE_HOST, ifa_index=if_nametoindex("lo")}, [{{nla_len=8, nla_type=IFA_ADDRESS}, 127.0.0.1}, {{nla_len=8, nla_type=IFA_LOCAL}, 127.0.0.1}, {{nla_len=7, nla_type=IFA_LABEL}, "lo"}, {{nla_len=8, nla_type=IFA_FLAGS}, IFA_F_PERMANENT}, {{nla_len=20, nla_type=IFA_CACHEINFO}, {ifa_prefered=4294967295, ifa_valid=4294967295, cstamp=1966990, tstamp=1966990}}]}, {{len=88, type=RTM_NEWADDR, flags=NLM_F_MULTI, seq=1684413924, pid=70}, {ifa_family=AF_INET, ifa_prefixlen=24, ifa_flags=IFA_F_PERMANENT, ifa_scope=RT_SCOPE_UNIVERSE, ifa_index=if_nametoindex("eth0")}, [{{nla_len=8, nla_type=IFA_ADDRESS}, 10.24.0.57}, {{nla_len=8, nla_type=IFA_LOCAL}, 10.24.0.57}, {{nla_len=8, nla_type=IFA_BROADCAST}, 10.24.0.255}, {{nla_len=9, nla_type=IFA_LABEL}, "eth0"}, {{nla_len=8, nla_type=IFA_FLAGS}, IFA_F_PERMANENT}, {{nla_len=20, nla_type=IFA_CACHEINFO}, {ifa_prefered=4294967295, ifa_valid=4294967295, cstamp=1966993, tstamp=1966993}}]}], iov_len=4096}], msg_iovlen=1, msg_controllen=0, msg_flags=0}, 0) = 164
2023-05-18T12:45:24.883133945Z 12:45:24.882967 recvmsg(8, {msg_name={sa_family=AF_NETLINK, nl_pid=0, nl_groups=00000000}, msg_namelen=12, msg_iov=[{iov_base={{len=20, type=NLMSG_DONE, flags=NLM_F_MULTI, seq=1684413924, pid=70}, 0}, iov_len=4096}], msg_iovlen=1, msg_controllen=0, msg_flags=0}, 0) = 20
2023-05-18T12:45:24.883647204Z 12:45:24.883516 socket(AF_UNIX, SOCK_STREAM|SOCK_CLOEXEC|SOCK_NONBLOCK, 0) = 8
2023-05-18T12:45:24.883950602Z 12:45:24.883600 connect(8, {sa_family=AF_UNIX, sun_path="/var/run/nscd/socket"}, 110) = -1 ENOENT (No such file or directory)
2023-05-18T12:45:24.883964339Z 12:45:24.883715 socket(AF_UNIX, SOCK_STREAM|SOCK_CLOEXEC|SOCK_NONBLOCK, 0) = 8
2023-05-18T12:45:24.883972770Z 12:45:24.883781 connect(8, {sa_family=AF_UNIX, sun_path="/var/run/nscd/socket"}, 110) = -1 ENOENT (No such file or directory)
2023-05-18T12:45:24.885250005Z 12:45:24.885104 socket(AF_INET, SOCK_DGRAM|SOCK_CLOEXEC|SOCK_NONBLOCK, IPPROTO_IP) = 8
2023-05-18T12:45:24.885377175Z 12:45:24.885190 connect(8, {sa_family=AF_INET, sin_port=htons(53), sin_addr=inet_addr("169.254.169.254")}, 16) = 0
2023-05-18T12:45:24.885647701Z 12:45:24.885323 sendto(8, "\326\202\1\0\0\1\0\0\0\0\0\0\rflux-sample-0\fflux-"..., 76, MSG_NOSIGNAL, NULL, 0) = 76
2023-05-18T12:45:24.888697378Z 12:45:24.888492 recvfrom(8, "\326\202\201\203\0\1\0\0\0\1\0\0\rflux-sample-0\fflux-"..., 1024, 0, {sa_family=AF_INET, sin_port=htons(53), sin_addr=inet_addr("169.254.169.254")}, [28->16]) = 172
2023-05-18T12:45:24.888899610Z 12:45:24.888731 socket(AF_INET, SOCK_DGRAM|SOCK_CLOEXEC|SOCK_NONBLOCK, IPPROTO_IP) = 8
2023-05-18T12:45:24.888988989Z 12:45:24.888858 connect(8, {sa_family=AF_INET, sin_port=htons(53), sin_addr=inet_addr("169.254.169.254")}, 16) = 0
2023-05-18T12:45:24.889261899Z 12:45:24.889030 sendto(8, "\17\270\1\0\0\1\0\0\0\0\0\0\rflux-sample-0\fflux-"..., 108, MSG_NOSIGNAL, NULL, 0) = 108
2023-05-18T12:45:24.892599083Z 12:45:24.892398 recvfrom(8, "\17\270\201\203\0\1\0\0\0\1\0\0\rflux-sample-0\fflux-"..., 1024, 0, {sa_family=AF_INET, sin_port=htons(53), sin_addr=inet_addr("169.254.169.254")}, [28->16]) = 204
2023-05-18T12:45:24.892778187Z 12:45:24.892655 socket(AF_INET, SOCK_DGRAM|SOCK_CLOEXEC|SOCK_NONBLOCK, IPPROTO_IP) = 8
2023-05-18T12:45:24.892874271Z 12:45:24.892739 connect(8, {sa_family=AF_INET, sin_port=htons(53), sin_addr=inet_addr("169.254.169.254")}, 16) = 0
2023-05-18T12:45:24.893116235Z 12:45:24.892900 sendto(8, "M+\1\0\0\1\0\0\0\0\0\0\rflux-sample-0\fflux-"..., 94, MSG_NOSIGNAL, NULL, 0) = 94
2023-05-18T12:45:24.897168829Z 12:45:24.896994 recvfrom(8, "M+\201\203\0\1\0\0\0\1\0\0\rflux-sample-0\fflux-"..., 1024, 0, {sa_family=AF_INET, sin_port=htons(53), sin_addr=inet_addr("169.254.169.254")}, [28->16]) = 190
2023-05-18T12:45:24.897333169Z 12:45:24.897180 socket(AF_INET, SOCK_DGRAM|SOCK_CLOEXEC|SOCK_NONBLOCK, IPPROTO_IP) = 8
2023-05-18T12:45:24.897460876Z 12:45:24.897294 connect(8, {sa_family=AF_INET, sin_port=htons(53), sin_addr=inet_addr("169.254.169.254")}, 16) = 0
2023-05-18T12:45:24.897666164Z 12:45:24.897468 sendto(8, "bF\1\0\0\1\0\0\0\0\0\0\rflux-sample-0\fflux-"..., 90, MSG_NOSIGNAL, NULL, 0) = 90
2023-05-18T12:45:24.900955898Z 12:45:24.900757 recvfrom(8, "bF\201\203\0\1\0\0\0\1\0\0\rflux-sample-0\fflux-"..., 1024, 0, {sa_family=AF_INET, sin_port=htons(53), sin_addr=inet_addr("169.254.169.254")}, [28->16]) = 186
2023-05-18T12:45:24.901104305Z 12:45:24.900950 socket(AF_INET, SOCK_DGRAM|SOCK_CLOEXEC|SOCK_NONBLOCK, IPPROTO_IP) = 8
2023-05-18T12:45:24.901210401Z 12:45:24.901077 connect(8, {sa_family=AF_INET, sin_port=htons(53), sin_addr=inet_addr("169.254.169.254")}, 16) = 0
2023-05-18T12:45:24.901423281Z 12:45:24.901226 sendto(8, "\200\253\1\0\0\1\0\0\0\0\0\0\rflux-sample-0\fflux-"..., 111, MSG_NOSIGNAL, NULL, 0) = 111
2023-05-18T12:45:24.906386651Z 12:45:24.906200 recvfrom(8, "\200\253\201\203\0\1\0\0\0\1\0\0\rflux-sample-0\fflux-"..., 1024, 0, {sa_family=AF_INET, sin_port=htons(53), sin_addr=inet_addr("169.254.169.254")}, [28->16]) = 205
2023-05-18T12:45:24.906551664Z 12:45:24.906403 socket(AF_INET, SOCK_DGRAM|SOCK_CLOEXEC|SOCK_NONBLOCK, IPPROTO_IP) = 8
2023-05-18T12:45:24.906685788Z 12:45:24.906522 connect(8, {sa_family=AF_INET, sin_port=htons(53), sin_addr=inet_addr("169.254.169.254")}, 16) = 0
2023-05-18T12:45:24.906892948Z 12:45:24.906681 sendto(8, "\274\346\1\0\0\1\0\0\0\0\0\0\rflux-sample-0\fflux-"..., 97, MSG_NOSIGNAL, NULL, 0) = 97
2023-05-18T12:45:24.911612800Z 12:45:24.911411 recvfrom(8, "\274\346\201\203\0\1\0\0\0\1\0\0\rflux-sample-0\fflux-"..., 1024, 0, {sa_family=AF_INET, sin_port=htons(53), sin_addr=inet_addr("169.254.169.254")}, [28->16]) = 186
2023-05-18T12:45:24.911840410Z 12:45:24.911694 socket(AF_INET, SOCK_DGRAM|SOCK_CLOEXEC|SOCK_NONBLOCK, IPPROTO_IP) = 8
2023-05-18T12:45:24.911978510Z 12:45:24.911822 connect(8, {sa_family=AF_INET, sin_port=htons(53), sin_addr=inet_addr("169.254.169.254")}, 16) = 0
2023-05-18T12:45:24.912264171Z 12:45:24.912045 sendto(8, "\340\237\1\0\0\1\0\0\0\0\0\0\rflux-sample-0\fflux-"..., 92, MSG_NOSIGNAL, NULL, 0) = 92
2023-05-18T12:45:24.918009326Z 12:45:24.917834 recvfrom(8, "\340\237\201\203\0\1\0\0\0\1\0\0\rflux-sample-0\fflux-"..., 1024, 0, {sa_family=AF_INET, sin_port=htons(53), sin_addr=inet_addr("169.254.169.254")}, [28->16]) = 181
2023-05-18T12:45:24.918253682Z broker.err[2]: Warning: unable to resolve upstream peer flux-sample-0.flux-service.flux-operator.svc.cluster.local: Name or service not known
2023-05-18T12:45:24.923102858Z broker.info[2]: start: none->join 1.99843ms
2023-05-18T12:45:25.880460174Z broker.info[2]: parent-ready: join->init 0.957152s
2023-05-18T12:45:25.880826890Z 12:45:25.880546 socketpair(AF_UNIX, SOCK_STREAM|SOCK_CLOEXEC, 0, [22, 23]) = 0
2023-05-18T12:45:25.881084170Z 12:45:25.880839 socketpair(AF_UNIX, SOCK_STREAM, 0, [24, 25]) = 0
2023-05-18T12:45:25.881488510Z 12:45:25.881201 socketpair(AF_UNIX, SOCK_STREAM, 0, [26, 27]) = 0
2023-05-18T12:45:25.881852048Z 12:45:25.881601 socketpair(AF_UNIX, SOCK_STREAM, 0, [28, 29]) = 0
2023-05-18T12:45:25.906218399Z broker.info[2]: configuration updated
2023-05-18T12:45:26.022286206Z broker.info[2]: rc1.0: running /etc/flux/rc1.d/01-sched-fluxion
2023-05-18T12:45:26.033251800Z broker.info[2]: rc1.0: running /etc/flux/rc1.d/02-cron
2023-05-18T12:45:26.061205430Z broker.info[2]: rc1.0: /etc/flux/rc1 Exited (rc=0) 0.2s
2023-05-18T12:45:26.062336083Z broker.info[2]: rc1-success: init->quorum 0.181603s
2023-05-18T12:45:26.512927870Z broker.info[2]: quorum-full: quorum->run 0.449882s
2023-05-18T12:45:38.073659969Z broker.info[2]: shutdown: run->cleanup 11.5608s
2023-05-18T12:45:38.075285371Z broker.info[2]: cleanup-none: cleanup->shutdown 1.47609ms
2023-05-18T12:45:38.076661045Z broker.info[2]: children-none: shutdown->finalize 1.09926ms
2023-05-18T12:45:38.077486057Z 12:45:38.076693 socketpair(AF_UNIX, SOCK_STREAM|SOCK_CLOEXEC, 0, [22, 23]) = 0
2023-05-18T12:45:38.077678374Z 12:45:38.076898 socketpair(AF_UNIX, SOCK_STREAM, 0, [24, 25]) = 0
2023-05-18T12:45:38.077999253Z 12:45:38.077165 socketpair(AF_UNIX, SOCK_STREAM, 0, [26, 28]) = 0
2023-05-18T12:45:38.078174969Z 12:45:38.077815 socketpair(AF_UNIX, SOCK_STREAM, 0, [58, 59]) = 0
2023-05-18T12:45:38.095393544Z broker.info[2]: rc3.0: running /etc/flux/rc3.d/01-sched-fluxion
2023-05-18T12:45:38.204094736Z broker.info[2]: rc3.0: /etc/flux/rc3 Exited (rc=0) 0.1s
2023-05-18T12:45:38.205215207Z broker.info[2]: rc3-success: finalize->goodbye 0.128364s
2023-05-18T12:45:38.206710044Z broker.info[2]: goodbye: goodbye->exit 1.00562ms
2023-05-18T12:45:38.214284996Z 12:45:38.214107 +++ exited with 0 +++
2023-05-18T12:45:38.215397520Z Return value for follower worker is 0
2023-05-18T12:45:38.215420713Z The follower worker exited cleanly. Goodbye!
