2023-05-18T08:36:16.953677712Z
2023-05-18T08:36:16.953713364Z Flux username: flux
2023-05-18T08:36:16.953719708Z
2023-05-18T08:36:16.953734314Z Flux install root: /usr
2023-05-18T08:36:16.998399614Z flux user is already added.
2023-05-18T08:36:17.001287160Z flux user identifiers:
2023-05-18T08:36:17.001324001Z uid=1234(flux) gid=1234(flux) groups=1234(flux)
2023-05-18T08:36:17.001329873Z
2023-05-18T08:36:17.001338790Z As Flux prefix for flux commands: sudo -u flux -E PYTHONPATH=/opt/conda/lib/python3.10/site-packages -E PATH=/opt/conda/bin:/usr/local/sbin:/usr/local/bin:/usr/sbin:/usr/bin:/sbin:/bin -E LD_LIBRARY_PATH=/opt/conda/lib -E HOME=/home/flux
2023-05-18T08:36:17.008480676Z
2023-05-18T08:36:17.008522583Z ðŸ‘‹ Hello, I'm flux-sample-1
2023-05-18T08:36:17.008708903Z The main host is flux-sample-0
2023-05-18T08:36:17.008720700Z The working directory is /home/flux/examples/reaxff/HNS, contents include:
2023-05-18T08:36:17.010681858Z /home/flux/examples/reaxff/HNS:
2023-05-18T08:36:17.010820535Z README.txt	ffield.reax.hns  log.8Mar18.reaxc.hns.g++.1
2023-05-18T08:36:17.010839952Z data.hns-equil	in.reaxc.hns	 log.8Mar18.reaxc.hns.g++.4
2023-05-18T08:36:17.010936943Z End of file listing, if you see nothing above there are no files.
2023-05-18T08:36:17.013269904Z flux R encode --hosts=flux-sample-[0-3]
2023-05-18T08:36:17.027859957Z
2023-05-18T08:36:17.027888452Z ðŸ“¦ Resources
2023-05-18T08:36:17.029729250Z {"version": 1, "execution": {"R_lite": [{"rank": "0-3", "children": {"core": "0"}}], "starttime": 0.0, "expiration": 0.0, "nodelist": ["flux-sample-[0-3]"]}}
2023-05-18T08:36:17.030007845Z
2023-05-18T08:36:17.030022923Z ðŸ¸ Diagnostics: false
2023-05-18T08:36:17.030243365Z ðŸš©ï¸ Flux Option Flags defined
2023-05-18T08:36:17.034495459Z
2023-05-18T08:36:17.034514867Z ðŸ¦Š Independent Minister of Privilege
2023-05-18T08:36:17.035731196Z [exec]
2023-05-18T08:36:17.035747977Z allowed-users = [ "flux", "root" ]
2023-05-18T08:36:17.035754232Z allowed-shells = [ "/usr/libexec/flux/flux-shell" ]
2023-05-18T08:36:17.035946624Z
2023-05-18T08:36:17.035960592Z ðŸ¸ Broker Configuration
2023-05-18T08:36:17.037290132Z # Flux needs to know the path to the IMP executable
2023-05-18T08:36:17.037305952Z [exec]
2023-05-18T08:36:17.037311552Z imp = "/usr/libexec/flux/flux-imp"
2023-05-18T08:36:17.037316196Z
2023-05-18T08:36:17.037320956Z [access]
2023-05-18T08:36:17.037326269Z allow-guest-user = true
2023-05-18T08:36:17.037330865Z allow-root-owner = true
2023-05-18T08:36:17.037337618Z
2023-05-18T08:36:17.037344361Z # Point to resource definition generated with flux-R(1).
2023-05-18T08:36:17.037359134Z [resource]
2023-05-18T08:36:17.037364977Z path = "/etc/flux/system/R"
2023-05-18T08:36:17.037369432Z
2023-05-18T08:36:17.037374279Z [bootstrap]
2023-05-18T08:36:17.037378953Z curve_cert = "/etc/curve/curve.cert"
2023-05-18T08:36:17.037383952Z default_port = 8050
2023-05-18T08:36:17.037390722Z default_bind = "tcp://eth0:%p"
2023-05-18T08:36:17.037397228Z default_connect = "tcp://%h.flux-service.flux-operator.svc.cluster.local:%p"
2023-05-18T08:36:17.037402246Z hosts = [
2023-05-18T08:36:17.037407327Z 	{ host="flux-sample-[0-3]"},
2023-05-18T08:36:17.037411917Z ]
2023-05-18T08:36:17.037416492Z
2023-05-18T08:36:17.037420768Z [archive]
2023-05-18T08:36:17.037426077Z dbpath = "/var/lib/flux/job-archive.sqlite"
2023-05-18T08:36:17.037433038Z period = "1m"
2023-05-18T08:36:17.126091505Z busytimeout = "50s"
2023-05-18T08:36:17.126118876Z ðŸ§Šï¸ State Directory:
2023-05-18T08:36:17.126125891Z total 0
2023-05-18T08:36:17.126131275Z
2023-05-18T08:36:17.129791215Z
2023-05-18T08:36:17.129819253Z ðŸ”’ï¸ Working directory permissions:
2023-05-18T08:36:17.129826186Z total 96
2023-05-18T08:36:17.129937408Z -rwxrwxrwx 1 flux root  2517 May 17 22:32 README.txt
2023-05-18T08:36:17.129953557Z -rwxrwxrwx 1 flux root 54692 May 17 22:32 data.hns-equil
2023-05-18T08:36:17.129959124Z -rwxrwxrwx 1 flux root 13576 May 17 22:32 ffield.reax.hns
2023-05-18T08:36:17.129964134Z -rwxrwxrwx 1 flux root   870 May 17 22:32 in.reaxc.hns
2023-05-18T08:36:17.129969350Z -rwxrwxrwx 1 flux root  4172 May 17 22:32 log.8Mar18.reaxc.hns.g++.1
2023-05-18T08:36:17.129974160Z -rwxrwxrwx 1 flux root  4168 May 17 22:32 log.8Mar18.reaxc.hns.g++.4
2023-05-18T08:36:17.129978312Z
2023-05-18T08:36:17.129982875Z
2023-05-18T08:36:17.129990068Z âœ¨ Curve certificate generated by helper pod
2023-05-18T08:36:17.131514833Z #   ****  Generated on 2023-04-26 22:54:42 by CZMQ  ****
2023-05-18T08:36:17.132001699Z #   ZeroMQ CURVE **Secret** Certificate
2023-05-18T08:36:17.132013833Z #   DO NOT PROVIDE THIS FILE TO OTHER USERS nor change its permissions.
2023-05-18T08:36:17.132019907Z
2023-05-18T08:36:17.132024685Z metadata
2023-05-18T08:36:17.132029579Z     name = "flux-cert-generator"
2023-05-18T08:36:17.132034083Z     keygen.hostname = "flux-sample-0"
2023-05-18T08:36:17.132041652Z curve
2023-05-18T08:36:17.132048754Z     public-key = "hJKsZ7/E.-=qiut]*JO-8oS.rC}BA-tS)KE?*TPv"
2023-05-18T08:36:17.132081787Z     secret-key = "U[6*mx(QknaH5[^mD^ZCA98J-b>om&Prh!)&F@{W"
2023-05-18T08:36:17.134167922Z
2023-05-18T08:36:17.134218078Z ðŸŒ€  flux start --wrap=strace,-e,network,-tt -o --config /etc/flux/config -Scron.directory=/etc/flux/system/cron.d   -Stbon.fanout=256   -Srundir=/run/flux    -Sstatedir=/var/lib/flux   -Slocal-uri=local:///run/flux/local -Stbon.connect_timeout=9s  -Stbon.zmqdebug=1  -Slog-stderr-level=6    -Slog-stderr-mode=local
2023-05-18T08:36:17.171482142Z 08:36:17.171122 socket(AF_NETLINK, SOCK_RAW, NETLINK_ROUTE) = 8
2023-05-18T08:36:17.171508412Z 08:36:17.171264 bind(8, {sa_family=AF_NETLINK, nl_pid=0, nl_groups=00000000}, 12) = 0
2023-05-18T08:36:17.171636239Z 08:36:17.171368 getsockname(8, {sa_family=AF_NETLINK, nl_pid=70, nl_groups=00000000}, [12]) = 0
2023-05-18T08:36:17.171893582Z 08:36:17.171474 sendto(8, {{len=20, type=RTM_GETADDR, flags=NLM_F_REQUEST|NLM_F_DUMP, seq=1684398977, pid=0}, {ifa_family=AF_UNSPEC, ...}}, 20, 0, {sa_family=AF_NETLINK, nl_pid=0, nl_groups=00000000}, 12) = 20
2023-05-18T08:36:17.172506881Z 08:36:17.171766 recvmsg(8, {msg_name={sa_family=AF_NETLINK, nl_pid=0, nl_groups=00000000}, msg_namelen=12, msg_iov=[{iov_base=[{{len=76, type=RTM_NEWADDR, flags=NLM_F_MULTI, seq=1684398977, pid=70}, {ifa_family=AF_INET, ifa_prefixlen=8, ifa_flags=IFA_F_PERMANENT, ifa_scope=RT_SCOPE_HOST, ifa_index=if_nametoindex("lo")}, [{{nla_len=8, nla_type=IFA_ADDRESS}, 127.0.0.1}, {{nla_len=8, nla_type=IFA_LOCAL}, 127.0.0.1}, {{nla_len=7, nla_type=IFA_LABEL}, "lo"}, {{nla_len=8, nla_type=IFA_FLAGS}, IFA_F_PERMANENT}, {{nla_len=20, nla_type=IFA_CACHEINFO}, {ifa_prefered=4294967295, ifa_valid=4294967295, cstamp=471949, tstamp=471949}}]}, {{len=88, type=RTM_NEWADDR, flags=NLM_F_MULTI, seq=1684398977, pid=70}, {ifa_family=AF_INET, ifa_prefixlen=24, ifa_flags=IFA_F_PERMANENT, ifa_scope=RT_SCOPE_UNIVERSE, ifa_index=if_nametoindex("eth0")}, [{{nla_len=8, nla_type=IFA_ADDRESS}, 10.24.3.188}, {{nla_len=8, nla_type=IFA_LOCAL}, 10.24.3.188}, {{nla_len=8, nla_type=IFA_BROADCAST}, 10.24.3.255}, {{nla_len=9, nla_type=IFA_LABEL}, "eth0"}, {{nla_len=8, nla_type=IFA_FLAGS}, IFA_F_PERMANENT}, {{nla_len=20, nla_type=IFA_CACHEINFO}, {ifa_prefered=4294967295, ifa_valid=4294967295, cstamp=471954, tstamp=471954}}]}], iov_len=4096}], msg_iovlen=1, msg_controllen=0, msg_flags=0}, 0) = 164
2023-05-18T08:36:17.172523362Z 08:36:17.172260 recvmsg(8, {msg_name={sa_family=AF_NETLINK, nl_pid=0, nl_groups=00000000}, msg_namelen=12, msg_iov=[{iov_base={{len=20, type=NLMSG_DONE, flags=NLM_F_MULTI, seq=1684398977, pid=70}, 0}, iov_len=4096}], msg_iovlen=1, msg_controllen=0, msg_flags=0}, 0) = 20
2023-05-18T08:36:17.173182548Z 08:36:17.172938 socket(AF_UNIX, SOCK_STREAM|SOCK_CLOEXEC|SOCK_NONBLOCK, 0) = 8
2023-05-18T08:36:17.173313675Z 08:36:17.173025 connect(8, {sa_family=AF_UNIX, sun_path="/var/run/nscd/socket"}, 110) = -1 ENOENT (No such file or directory)
2023-05-18T08:36:17.173427831Z 08:36:17.173222 socket(AF_UNIX, SOCK_STREAM|SOCK_CLOEXEC|SOCK_NONBLOCK, 0) = 8
2023-05-18T08:36:17.173546631Z 08:36:17.173307 connect(8, {sa_family=AF_UNIX, sun_path="/var/run/nscd/socket"}, 110) = -1 ENOENT (No such file or directory)
2023-05-18T08:36:17.175105017Z 08:36:17.174851 socket(AF_INET, SOCK_DGRAM|SOCK_CLOEXEC|SOCK_NONBLOCK, IPPROTO_IP) = 8
2023-05-18T08:36:17.175402948Z 08:36:17.174944 connect(8, {sa_family=AF_INET, sin_port=htons(53), sin_addr=inet_addr("169.254.169.254")}, 16) = 0
2023-05-18T08:36:17.175521125Z 08:36:17.175130 sendto(8, "\306=\1\0\0\1\0\0\0\0\0\0\rflux-sample-0\fflux-"..., 76, MSG_NOSIGNAL, NULL, 0) = 76
2023-05-18T08:36:17.180337407Z 08:36:17.180031 recvfrom(8, "\306=\201\200\0\1\0\1\0\0\0\0\rflux-sample-0\fflux-"..., 1024, 0, {sa_family=AF_INET, sin_port=htons(53), sin_addr=inet_addr("169.254.169.254")}, [28->16]) = 92
2023-05-18T08:36:17.185822145Z broker.info[1]: start: none->join 2.84899ms
2023-05-18T08:36:26.353988572Z broker.info[1]: parent-ready: join->init 9.16802s
2023-05-18T08:36:26.354593193Z 08:36:26.354251 socketpair(AF_UNIX, SOCK_STREAM|SOCK_CLOEXEC, 0, [22, 23]) = 0
2023-05-18T08:36:26.354718897Z 08:36:26.354551 socketpair(AF_UNIX, SOCK_STREAM, 0, [24, 25]) = 0
2023-05-18T08:36:26.355043749Z 08:36:26.354840 socketpair(AF_UNIX, SOCK_STREAM, 0, [26, 27]) = 0
2023-05-18T08:36:26.355307893Z 08:36:26.355097 socketpair(AF_UNIX, SOCK_STREAM, 0, [28, 29]) = 0
2023-05-18T08:36:26.380186023Z broker.info[1]: configuration updated
2023-05-18T08:36:26.523474757Z broker.info[1]: rc1.0: running /etc/flux/rc1.d/01-sched-fluxion
2023-05-18T08:36:26.535275983Z broker.info[1]: rc1.0: running /etc/flux/rc1.d/02-cron
2023-05-18T08:36:26.558509272Z broker.info[1]: rc1.0: /etc/flux/rc1 Exited (rc=0) 0.2s
2023-05-18T08:36:26.559355144Z broker.info[1]: rc1-success: init->quorum 0.204953s
2023-05-18T08:36:26.724451385Z broker.info[1]: quorum-full: quorum->run 0.164676s
2023-05-18T08:36:37.694348509Z broker.info[1]: shutdown: run->cleanup 10.9695s
2023-05-18T08:36:37.695262377Z broker.info[1]: cleanup-none: cleanup->shutdown 0.86066ms
2023-05-18T08:36:37.696662990Z broker.info[1]: children-none: shutdown->finalize 1.08387ms
2023-05-18T08:36:37.697045251Z 08:36:37.696707 socketpair(AF_UNIX, SOCK_STREAM|SOCK_CLOEXEC, 0, [22, 23]) = 0
2023-05-18T08:36:37.697299099Z 08:36:37.696975 socketpair(AF_UNIX, SOCK_STREAM, 0, [24, 25]) = 0
2023-05-18T08:36:37.697473103Z 08:36:37.697295 socketpair(AF_UNIX, SOCK_STREAM, 0, [26, 28]) = 0
2023-05-18T08:36:37.697663541Z 08:36:37.697499 socketpair(AF_UNIX, SOCK_STREAM, 0, [58, 59]) = 0
2023-05-18T08:36:37.716434839Z broker.info[1]: rc3.0: running /etc/flux/rc3.d/01-sched-fluxion
2023-05-18T08:36:37.861148206Z broker.info[1]: rc3.0: /etc/flux/rc3 Exited (rc=0) 0.2s
2023-05-18T08:36:37.862385554Z broker.info[1]: rc3-success: finalize->goodbye 0.165508s
2023-05-18T08:36:37.864390571Z broker.info[1]: goodbye: goodbye->exit 1.39534ms
2023-05-18T08:36:37.873240292Z 08:36:37.873068 +++ exited with 0 +++
2023-05-18T08:36:37.874519363Z Return value for follower worker is 0
2023-05-18T08:36:37.874646374Z The follower worker exited cleanly. Goodbye!
