2023-05-18T08:43:10.823332136Z
2023-05-18T08:43:10.823491289Z Flux username: flux
2023-05-18T08:43:10.823501572Z
2023-05-18T08:43:10.823521118Z Flux install root: /usr
2023-05-18T08:43:10.868706849Z flux user is already added.
2023-05-18T08:43:10.872681957Z flux user identifiers:
2023-05-18T08:43:10.872708902Z uid=1234(flux) gid=1234(flux) groups=1234(flux)
2023-05-18T08:43:10.872895734Z
2023-05-18T08:43:10.872921483Z As Flux prefix for flux commands: sudo -u flux -E PYTHONPATH=/opt/conda/lib/python3.10/site-packages -E PATH=/opt/conda/bin:/usr/local/sbin:/usr/local/bin:/usr/sbin:/usr/bin:/sbin:/bin -E LD_LIBRARY_PATH=/opt/conda/lib -E HOME=/home/flux
2023-05-18T08:43:10.880870450Z
2023-05-18T08:43:10.880893226Z ðŸ‘‹ Hello, I'm flux-sample-3
2023-05-18T08:43:10.881010918Z The main host is flux-sample-0
2023-05-18T08:43:10.881023977Z The working directory is /home/flux/examples/reaxff/HNS, contents include:
2023-05-18T08:43:10.882906469Z /home/flux/examples/reaxff/HNS:
2023-05-18T08:43:10.883078822Z README.txt	ffield.reax.hns  log.8Mar18.reaxc.hns.g++.1
2023-05-18T08:43:10.883091867Z data.hns-equil	in.reaxc.hns	 log.8Mar18.reaxc.hns.g++.4
2023-05-18T08:43:10.883347729Z End of file listing, if you see nothing above there are no files.
2023-05-18T08:43:10.885194627Z flux R encode --hosts=flux-sample-[0-3]
2023-05-18T08:43:10.899111273Z
2023-05-18T08:43:10.899132865Z ðŸ“¦ Resources
2023-05-18T08:43:10.900514332Z {"version": 1, "execution": {"R_lite": [{"rank": "0-3", "children": {"core": "0"}}], "starttime": 0.0, "expiration": 0.0, "nodelist": ["flux-sample-[0-3]"]}}
2023-05-18T08:43:10.900829863Z
2023-05-18T08:43:10.900848434Z ðŸ¸ Diagnostics: false
2023-05-18T08:43:10.901123620Z ðŸš©ï¸ Flux Option Flags defined
2023-05-18T08:43:10.905647593Z
2023-05-18T08:43:10.905676725Z ðŸ¦Š Independent Minister of Privilege
2023-05-18T08:43:10.907002697Z [exec]
2023-05-18T08:43:10.907020062Z allowed-users = [ "flux", "root" ]
2023-05-18T08:43:10.907027816Z allowed-shells = [ "/usr/libexec/flux/flux-shell" ]
2023-05-18T08:43:10.907225855Z
2023-05-18T08:43:10.907256600Z ðŸ¸ Broker Configuration
2023-05-18T08:43:10.908646840Z # Flux needs to know the path to the IMP executable
2023-05-18T08:43:10.908672663Z [exec]
2023-05-18T08:43:10.908681344Z imp = "/usr/libexec/flux/flux-imp"
2023-05-18T08:43:10.908687707Z
2023-05-18T08:43:10.908694262Z [access]
2023-05-18T08:43:10.908701220Z allow-guest-user = true
2023-05-18T08:43:10.908709276Z allow-root-owner = true
2023-05-18T08:43:10.908716161Z
2023-05-18T08:43:10.908722827Z # Point to resource definition generated with flux-R(1).
2023-05-18T08:43:10.908730128Z [resource]
2023-05-18T08:43:10.908737850Z path = "/etc/flux/system/R"
2023-05-18T08:43:10.908744575Z
2023-05-18T08:43:10.908751537Z [bootstrap]
2023-05-18T08:43:10.908758515Z curve_cert = "/etc/curve/curve.cert"
2023-05-18T08:43:10.908766531Z default_port = 8050
2023-05-18T08:43:10.908773739Z default_bind = "tcp://eth0:%p"
2023-05-18T08:43:10.908781102Z default_connect = "tcp://%h.flux-service.flux-operator.svc.cluster.local:%p"
2023-05-18T08:43:10.908787751Z hosts = [
2023-05-18T08:43:10.908794207Z 	{ host="flux-sample-[0-3]"},
2023-05-18T08:43:10.908800865Z ]
2023-05-18T08:43:10.908807102Z
2023-05-18T08:43:10.908811379Z [archive]
2023-05-18T08:43:10.908817042Z dbpath = "/var/lib/flux/job-archive.sqlite"
2023-05-18T08:43:10.908823195Z period = "1m"
2023-05-18T08:43:10.982301230Z busytimeout = "50s"
2023-05-18T08:43:10.982323766Z ðŸ§Šï¸ State Directory:
2023-05-18T08:43:10.982330450Z total 0
2023-05-18T08:43:10.982335148Z
2023-05-18T08:43:10.987053568Z
2023-05-18T08:43:10.987073520Z ðŸ”’ï¸ Working directory permissions:
2023-05-18T08:43:10.987081835Z total 96
2023-05-18T08:43:10.987194647Z -rwxrwxrwx 1 flux root  2517 May 17 22:32 README.txt
2023-05-18T08:43:10.987203346Z -rwxrwxrwx 1 flux root 54692 May 17 22:32 data.hns-equil
2023-05-18T08:43:10.987208254Z -rwxrwxrwx 1 flux root 13576 May 17 22:32 ffield.reax.hns
2023-05-18T08:43:10.987213014Z -rwxrwxrwx 1 flux root   870 May 17 22:32 in.reaxc.hns
2023-05-18T08:43:10.987220485Z -rwxrwxrwx 1 flux root  4172 May 17 22:32 log.8Mar18.reaxc.hns.g++.1
2023-05-18T08:43:10.987226278Z -rwxrwxrwx 1 flux root  4168 May 17 22:32 log.8Mar18.reaxc.hns.g++.4
2023-05-18T08:43:10.987251957Z
2023-05-18T08:43:10.987338157Z
2023-05-18T08:43:10.987348062Z âœ¨ Curve certificate generated by helper pod
2023-05-18T08:43:10.988863603Z #   ****  Generated on 2023-04-26 22:54:42 by CZMQ  ****
2023-05-18T08:43:10.988878966Z #   ZeroMQ CURVE **Secret** Certificate
2023-05-18T08:43:10.988886108Z #   DO NOT PROVIDE THIS FILE TO OTHER USERS nor change its permissions.
2023-05-18T08:43:10.988893630Z
2023-05-18T08:43:10.988899642Z metadata
2023-05-18T08:43:10.988904998Z     name = "flux-cert-generator"
2023-05-18T08:43:10.988909579Z     keygen.hostname = "flux-sample-0"
2023-05-18T08:43:10.988914224Z curve
2023-05-18T08:43:10.988918777Z     public-key = "okJp6aZf*@Qc}.&ZVOCqd)gY$iRKkDNHZ47Xy9+T"
2023-05-18T08:43:10.988923343Z     secret-key = "xO&Dd5Zs:i[h4Koep.CeR$TG(]mw?4I(3zCIC./V"
2023-05-18T08:43:10.991299285Z
2023-05-18T08:43:10.991315721Z ðŸŒ€  flux start --wrap=strace,-e,network,-tt -o --config /etc/flux/config -Scron.directory=/etc/flux/system/cron.d   -Stbon.fanout=256   -Srundir=/run/flux    -Sstatedir=/var/lib/flux   -Slocal-uri=local:///run/flux/local -Stbon.connect_timeout=10s  -Stbon.zmqdebug=1  -Slog-stderr-level=6    -Slog-stderr-mode=local
2023-05-18T08:43:11.032337140Z 08:43:11.032106 socket(AF_NETLINK, SOCK_RAW, NETLINK_ROUTE) = 8
2023-05-18T08:43:11.032814062Z 08:43:11.032425 bind(8, {sa_family=AF_NETLINK, nl_pid=0, nl_groups=00000000}, 12) = 0
2023-05-18T08:43:11.033128390Z 08:43:11.032708 getsockname(8, {sa_family=AF_NETLINK, nl_pid=70, nl_groups=00000000}, [12]) = 0
2023-05-18T08:43:11.033653294Z 08:43:11.033204 sendto(8, {{len=20, type=RTM_GETADDR, flags=NLM_F_REQUEST|NLM_F_DUMP, seq=1684399391, pid=0}, {ifa_family=AF_UNSPEC, ...}}, 20, 0, {sa_family=AF_NETLINK, nl_pid=0, nl_groups=00000000}, 12) = 20
2023-05-18T08:43:11.034227270Z 08:43:11.033713 recvmsg(8, {msg_name={sa_family=AF_NETLINK, nl_pid=0, nl_groups=00000000}, msg_namelen=12, msg_iov=[{iov_base=[{{len=76, type=RTM_NEWADDR, flags=NLM_F_MULTI, seq=1684399391, pid=70}, {ifa_family=AF_INET, ifa_prefixlen=8, ifa_flags=IFA_F_PERMANENT, ifa_scope=RT_SCOPE_HOST, ifa_index=if_nametoindex("lo")}, [{{nla_len=8, nla_type=IFA_ADDRESS}, 127.0.0.1}, {{nla_len=8, nla_type=IFA_LOCAL}, 127.0.0.1}, {{nla_len=7, nla_type=IFA_LABEL}, "lo"}, {{nla_len=8, nla_type=IFA_FLAGS}, IFA_F_PERMANENT}, {{nla_len=20, nla_type=IFA_CACHEINFO}, {ifa_prefered=4294967295, ifa_valid=4294967295, cstamp=513609, tstamp=513609}}]}, {{len=88, type=RTM_NEWADDR, flags=NLM_F_MULTI, seq=1684399391, pid=70}, {ifa_family=AF_INET, ifa_prefixlen=24, ifa_flags=IFA_F_PERMANENT, ifa_scope=RT_SCOPE_UNIVERSE, ifa_index=if_nametoindex("eth0")}, [{{nla_len=8, nla_type=IFA_ADDRESS}, 10.24.0.209}, {{nla_len=8, nla_type=IFA_LOCAL}, 10.24.0.209}, {{nla_len=8, nla_type=IFA_BROADCAST}, 10.24.0.255}, {{nla_len=9, nla_type=IFA_LABEL}, "eth0"}, {{nla_len=8, nla_type=IFA_FLAGS}, IFA_F_PERMANENT}, {{nla_len=20, nla_type=IFA_CACHEINFO}, {ifa_prefered=4294967295, ifa_valid=4294967295, cstamp=513612, tstamp=513612}}]}], iov_len=4096}], msg_iovlen=1, msg_controllen=0, msg_flags=0}, 0) = 164
2023-05-18T08:43:11.034624763Z 08:43:11.034332 recvmsg(8, {msg_name={sa_family=AF_NETLINK, nl_pid=0, nl_groups=00000000}, msg_namelen=12, msg_iov=[{iov_base={{len=20, type=NLMSG_DONE, flags=NLM_F_MULTI, seq=1684399391, pid=70}, 0}, iov_len=4096}], msg_iovlen=1, msg_controllen=0, msg_flags=0}, 0) = 20
2023-05-18T08:43:11.035435655Z 08:43:11.035193 socket(AF_UNIX, SOCK_STREAM|SOCK_CLOEXEC|SOCK_NONBLOCK, 0) = 8
2023-05-18T08:43:11.035458929Z 08:43:11.035298 connect(8, {sa_family=AF_UNIX, sun_path="/var/run/nscd/socket"}, 110) = -1 ENOENT (No such file or directory)
2023-05-18T08:43:11.035652577Z 08:43:11.035431 socket(AF_UNIX, SOCK_STREAM|SOCK_CLOEXEC|SOCK_NONBLOCK, 0) = 8
2023-05-18T08:43:11.035672783Z 08:43:11.035504 connect(8, {sa_family=AF_UNIX, sun_path="/var/run/nscd/socket"}, 110) = -1 ENOENT (No such file or directory)
2023-05-18T08:43:11.037118268Z 08:43:11.036967 socket(AF_INET, SOCK_DGRAM|SOCK_CLOEXEC|SOCK_NONBLOCK, IPPROTO_IP) = 8
2023-05-18T08:43:11.037214441Z 08:43:11.037065 connect(8, {sa_family=AF_INET, sin_port=htons(53), sin_addr=inet_addr("169.254.169.254")}, 16) = 0
2023-05-18T08:43:11.037651098Z 08:43:11.037224 sendto(8, "H\233\1\0\0\1\0\0\0\0\0\0\rflux-sample-0\fflux-"..., 76, MSG_NOSIGNAL, NULL, 0) = 76
2023-05-18T08:43:11.041401671Z 08:43:11.041169 recvfrom(8, "H\233\201\200\0\1\0\1\0\0\0\0\rflux-sample-0\fflux-"..., 1024, 0, {sa_family=AF_INET, sin_port=htons(53), sin_addr=inet_addr("169.254.169.254")}, [28->16]) = 92
2023-05-18T08:43:11.047008934Z broker.info[3]: start: none->join 2.20224ms
2023-05-18T08:43:21.194074080Z broker.info[3]: parent-ready: join->init 10.1469s
2023-05-18T08:43:21.194778475Z 08:43:21.194066 socketpair(AF_UNIX, SOCK_STREAM|SOCK_CLOEXEC, 0, [22, 23]) = 0
2023-05-18T08:43:21.194808090Z 08:43:21.194184 socketpair(AF_UNIX, SOCK_STREAM, 0, [24, 25]) = 0
2023-05-18T08:43:21.194814783Z 08:43:21.194396 socketpair(AF_UNIX, SOCK_STREAM, 0, [26, 27]) = 0
2023-05-18T08:43:21.194837424Z 08:43:21.194562 socketpair(AF_UNIX, SOCK_STREAM, 0, [28, 29]) = 0
2023-05-18T08:43:21.218601449Z broker.info[3]: configuration updated
2023-05-18T08:43:21.383393663Z broker.info[3]: rc1.0: running /etc/flux/rc1.d/01-sched-fluxion
2023-05-18T08:43:21.398328549Z broker.info[3]: rc1.0: running /etc/flux/rc1.d/02-cron
2023-05-18T08:43:21.431418252Z broker.info[3]: rc1.0: /etc/flux/rc1 Exited (rc=0) 0.2s
2023-05-18T08:43:21.431458680Z broker.info[3]: rc1-success: init->quorum 0.235319s
2023-05-18T08:43:21.645840802Z broker.info[3]: quorum-full: quorum->run 0.21584s
2023-05-18T08:43:22.262801731Z 08:43:22.262426 socketpair(AF_UNIX, SOCK_STREAM|SOCK_CLOEXEC, 0, [22, 23]) = 0
2023-05-18T08:43:22.263722649Z 08:43:22.262569 socketpair(AF_UNIX, SOCK_STREAM, 0, [24, 25]) = 0
2023-05-18T08:43:22.263989330Z 08:43:22.262795 socketpair(AF_UNIX, SOCK_STREAM, 0, [26, 28]) = 0
2023-05-18T08:43:22.264160474Z 08:43:22.262969 socketpair(AF_UNIX, SOCK_STREAM, 0, [58, 59]) = 0
2023-05-18T08:43:32.391515607Z broker.info[3]: shutdown: run->cleanup 10.7454s
2023-05-18T08:43:32.392907539Z broker.info[3]: cleanup-none: cleanup->shutdown 1.17703ms
2023-05-18T08:43:32.394376158Z broker.info[3]: children-none: shutdown->finalize 1.11757ms
2023-05-18T08:43:32.394902755Z 08:43:32.394269 socketpair(AF_UNIX, SOCK_STREAM|SOCK_CLOEXEC, 0, [22, 23]) = 0
2023-05-18T08:43:32.394940932Z 08:43:32.394503 socketpair(AF_UNIX, SOCK_STREAM, 0, [24, 25]) = 0
2023-05-18T08:43:32.394958436Z 08:43:32.394759 socketpair(AF_UNIX, SOCK_STREAM, 0, [26, 28]) = 0
2023-05-18T08:43:32.395640941Z 08:43:32.395076 socketpair(AF_UNIX, SOCK_STREAM, 0, [58, 59]) = 0
2023-05-18T08:43:32.413045675Z broker.info[3]: rc3.0: running /etc/flux/rc3.d/01-sched-fluxion
2023-05-18T08:43:32.528975445Z broker.info[3]: rc3.0: /etc/flux/rc3 Exited (rc=0) 0.1s
2023-05-18T08:43:32.530318432Z broker.info[3]: rc3-success: finalize->goodbye 0.135801s
2023-05-18T08:43:32.532289350Z broker.info[3]: goodbye: goodbye->exit 1.06811ms
2023-05-18T08:43:32.541915030Z 08:43:32.541720 +++ exited with 0 +++
2023-05-18T08:43:32.543325369Z Return value for follower worker is 0
2023-05-18T08:43:32.543461059Z The follower worker exited cleanly. Goodbye!
