2023-05-18T08:37:11.159444779Z
2023-05-18T08:37:11.159488659Z Flux username: flux
2023-05-18T08:37:11.159555060Z
2023-05-18T08:37:11.159564192Z Flux install root: /usr
2023-05-18T08:37:11.207865192Z flux user is already added.
2023-05-18T08:37:11.210901763Z flux user identifiers:
2023-05-18T08:37:11.210934524Z uid=1234(flux) gid=1234(flux) groups=1234(flux)
2023-05-18T08:37:11.210940541Z
2023-05-18T08:37:11.210946096Z As Flux prefix for flux commands: sudo -u flux -E PYTHONPATH=/opt/conda/lib/python3.10/site-packages -E PATH=/opt/conda/bin:/usr/local/sbin:/usr/local/bin:/usr/sbin:/usr/bin:/sbin:/bin -E LD_LIBRARY_PATH=/opt/conda/lib -E HOME=/home/flux
2023-05-18T08:37:11.218662156Z
2023-05-18T08:37:11.218701922Z 👋 Hello, I'm flux-sample-2
2023-05-18T08:37:11.218969534Z The main host is flux-sample-0
2023-05-18T08:37:11.218985228Z The working directory is /home/flux/examples/reaxff/HNS, contents include:
2023-05-18T08:37:11.220858697Z /home/flux/examples/reaxff/HNS:
2023-05-18T08:37:11.221037220Z README.txt	ffield.reax.hns  log.8Mar18.reaxc.hns.g++.1
2023-05-18T08:37:11.221050741Z data.hns-equil	in.reaxc.hns	 log.8Mar18.reaxc.hns.g++.4
2023-05-18T08:37:11.221160546Z End of file listing, if you see nothing above there are no files.
2023-05-18T08:37:11.223467897Z flux R encode --hosts=flux-sample-[0-3]
2023-05-18T08:37:11.238709995Z
2023-05-18T08:37:11.238758106Z 📦 Resources
2023-05-18T08:37:11.240235911Z {"version": 1, "execution": {"R_lite": [{"rank": "0-3", "children": {"core": "0"}}], "starttime": 0.0, "expiration": 0.0, "nodelist": ["flux-sample-[0-3]"]}}
2023-05-18T08:37:11.240466654Z
2023-05-18T08:37:11.240481726Z 🐸 Diagnostics: false
2023-05-18T08:37:11.240623866Z 🚩️ Flux Option Flags defined
2023-05-18T08:37:11.244462855Z
2023-05-18T08:37:11.244487619Z 🦊 Independent Minister of Privilege
2023-05-18T08:37:11.245828598Z [exec]
2023-05-18T08:37:11.245847632Z allowed-users = [ "flux", "root" ]
2023-05-18T08:37:11.245856119Z allowed-shells = [ "/usr/libexec/flux/flux-shell" ]
2023-05-18T08:37:11.245998943Z
2023-05-18T08:37:11.246011741Z 🐸 Broker Configuration
2023-05-18T08:37:11.247216886Z # Flux needs to know the path to the IMP executable
2023-05-18T08:37:11.247235606Z [exec]
2023-05-18T08:37:11.247241981Z imp = "/usr/libexec/flux/flux-imp"
2023-05-18T08:37:11.247246681Z
2023-05-18T08:37:11.247251647Z [access]
2023-05-18T08:37:11.247271175Z allow-guest-user = true
2023-05-18T08:37:11.247276124Z allow-root-owner = true
2023-05-18T08:37:11.247280432Z
2023-05-18T08:37:11.247285120Z # Point to resource definition generated with flux-R(1).
2023-05-18T08:37:11.247289973Z [resource]
2023-05-18T08:37:11.247295105Z path = "/etc/flux/system/R"
2023-05-18T08:37:11.247299507Z
2023-05-18T08:37:11.247306530Z [bootstrap]
2023-05-18T08:37:11.247312428Z curve_cert = "/etc/curve/curve.cert"
2023-05-18T08:37:11.247317382Z default_port = 8050
2023-05-18T08:37:11.247322340Z default_bind = "tcp://eth0:%p"
2023-05-18T08:37:11.247327490Z default_connect = "tcp://%h.flux-service.flux-operator.svc.cluster.local:%p"
2023-05-18T08:37:11.247332412Z hosts = [
2023-05-18T08:37:11.247337081Z 	{ host="flux-sample-[0-3]"},
2023-05-18T08:37:11.247341853Z ]
2023-05-18T08:37:11.247348377Z
2023-05-18T08:37:11.247354530Z [archive]
2023-05-18T08:37:11.247359285Z dbpath = "/var/lib/flux/job-archive.sqlite"
2023-05-18T08:37:11.247364066Z period = "1m"
2023-05-18T08:37:11.333273515Z busytimeout = "50s"
2023-05-18T08:37:11.333301124Z 🧊️ State Directory:
2023-05-18T08:37:11.333308021Z total 0
2023-05-18T08:37:11.333312671Z
2023-05-18T08:37:11.336429697Z
2023-05-18T08:37:11.336457634Z 🔒️ Working directory permissions:
2023-05-18T08:37:11.336465677Z total 96
2023-05-18T08:37:11.336473471Z -rwxrwxrwx 1 flux root  2517 May 17 22:32 README.txt
2023-05-18T08:37:11.336478545Z -rwxrwxrwx 1 flux root 54692 May 17 22:32 data.hns-equil
2023-05-18T08:37:11.336483578Z -rwxrwxrwx 1 flux root 13576 May 17 22:32 ffield.reax.hns
2023-05-18T08:37:11.336488642Z -rwxrwxrwx 1 flux root   870 May 17 22:32 in.reaxc.hns
2023-05-18T08:37:11.336493846Z -rwxrwxrwx 1 flux root  4172 May 17 22:32 log.8Mar18.reaxc.hns.g++.1
2023-05-18T08:37:11.336498526Z -rwxrwxrwx 1 flux root  4168 May 17 22:32 log.8Mar18.reaxc.hns.g++.4
2023-05-18T08:37:11.336519524Z
2023-05-18T08:37:11.336604573Z
2023-05-18T08:37:11.336715092Z ✨ Curve certificate generated by helper pod
2023-05-18T08:37:11.338449783Z #   ****  Generated on 2023-04-26 22:54:42 by CZMQ  ****
2023-05-18T08:37:11.338469765Z #   ZeroMQ CURVE **Secret** Certificate
2023-05-18T08:37:11.338486009Z #   DO NOT PROVIDE THIS FILE TO OTHER USERS nor change its permissions.
2023-05-18T08:37:11.338491822Z
2023-05-18T08:37:11.338497396Z metadata
2023-05-18T08:37:11.338502849Z     name = "flux-cert-generator"
2023-05-18T08:37:11.338507712Z     keygen.hostname = "flux-sample-0"
2023-05-18T08:37:11.338512562Z curve
2023-05-18T08:37:11.338521363Z     public-key = "P}6HWS:XBNo[nuIa}WZi2nTgZJmiQ#aPGOCCI0u["
2023-05-18T08:37:11.338527173Z     secret-key = "mi-xd%gBP7mYp}rcOW.PR@<$s0<p%s:6vGLY+m?y"
2023-05-18T08:37:11.341764702Z
2023-05-18T08:37:11.341797811Z 🌀  flux start --wrap=strace,-e,network,-tt -o --config /etc/flux/config -Scron.directory=/etc/flux/system/cron.d   -Stbon.fanout=256   -Srundir=/run/flux    -Sstatedir=/var/lib/flux   -Slocal-uri=local:///run/flux/local -Stbon.connect_timeout=9s  -Stbon.zmqdebug=1  -Slog-stderr-level=6    -Slog-stderr-mode=local
2023-05-18T08:37:11.388670903Z 08:37:11.388397 socket(AF_NETLINK, SOCK_RAW, NETLINK_ROUTE) = 8
2023-05-18T08:37:11.388903560Z 08:37:11.388628 bind(8, {sa_family=AF_NETLINK, nl_pid=0, nl_groups=00000000}, 12) = 0
2023-05-18T08:37:11.389197875Z 08:37:11.388842 getsockname(8, {sa_family=AF_NETLINK, nl_pid=71, nl_groups=00000000}, [12]) = 0
2023-05-18T08:37:11.389608934Z 08:37:11.389237 sendto(8, {{len=20, type=RTM_GETADDR, flags=NLM_F_REQUEST|NLM_F_DUMP, seq=1684399031, pid=0}, {ifa_family=AF_UNSPEC, ...}}, 20, 0, {sa_family=AF_NETLINK, nl_pid=0, nl_groups=00000000}, 12) = 20
2023-05-18T08:37:11.390117077Z 08:37:11.389602 recvmsg(8, {msg_name={sa_family=AF_NETLINK, nl_pid=0, nl_groups=00000000}, msg_namelen=12, msg_iov=[{iov_base=[{{len=76, type=RTM_NEWADDR, flags=NLM_F_MULTI, seq=1684399031, pid=71}, {ifa_family=AF_INET, ifa_prefixlen=8, ifa_flags=IFA_F_PERMANENT, ifa_scope=RT_SCOPE_HOST, ifa_index=if_nametoindex("lo")}, [{{nla_len=8, nla_type=IFA_ADDRESS}, 127.0.0.1}, {{nla_len=8, nla_type=IFA_LOCAL}, 127.0.0.1}, {{nla_len=7, nla_type=IFA_LABEL}, "lo"}, {{nla_len=8, nla_type=IFA_FLAGS}, IFA_F_PERMANENT}, {{nla_len=20, nla_type=IFA_CACHEINFO}, {ifa_prefered=4294967295, ifa_valid=4294967295, cstamp=477431, tstamp=477431}}]}, {{len=88, type=RTM_NEWADDR, flags=NLM_F_MULTI, seq=1684399031, pid=71}, {ifa_family=AF_INET, ifa_prefixlen=24, ifa_flags=IFA_F_PERMANENT, ifa_scope=RT_SCOPE_UNIVERSE, ifa_index=if_nametoindex("eth0")}, [{{nla_len=8, nla_type=IFA_ADDRESS}, 10.24.1.190}, {{nla_len=8, nla_type=IFA_LOCAL}, 10.24.1.190}, {{nla_len=8, nla_type=IFA_BROADCAST}, 10.24.1.255}, {{nla_len=9, nla_type=IFA_LABEL}, "eth0"}, {{nla_len=8, nla_type=IFA_FLAGS}, IFA_F_PERMANENT}, {{nla_len=20, nla_type=IFA_CACHEINFO}, {ifa_prefered=4294967295, ifa_valid=4294967295, cstamp=477434, tstamp=477434}}]}], iov_len=4096}], msg_iovlen=1, msg_controllen=0, msg_flags=0}, 0) = 164
2023-05-18T08:37:11.390397132Z 08:37:11.390052 recvmsg(8, {msg_name={sa_family=AF_NETLINK, nl_pid=0, nl_groups=00000000}, msg_namelen=12, msg_iov=[{iov_base={{len=20, type=NLMSG_DONE, flags=NLM_F_MULTI, seq=1684399031, pid=71}, 0}, iov_len=4096}], msg_iovlen=1, msg_controllen=0, msg_flags=0}, 0) = 20
2023-05-18T08:37:11.391328671Z 08:37:11.391090 socket(AF_UNIX, SOCK_STREAM|SOCK_CLOEXEC|SOCK_NONBLOCK, 0) = 8
2023-05-18T08:37:11.391480582Z 08:37:11.391228 connect(8, {sa_family=AF_UNIX, sun_path="/var/run/nscd/socket"}, 110) = -1 ENOENT (No such file or directory)
2023-05-18T08:37:11.391683083Z 08:37:11.391447 socket(AF_UNIX, SOCK_STREAM|SOCK_CLOEXEC|SOCK_NONBLOCK, 0) = 8
2023-05-18T08:37:11.391695116Z 08:37:11.391533 connect(8, {sa_family=AF_UNIX, sun_path="/var/run/nscd/socket"}, 110) = -1 ENOENT (No such file or directory)
2023-05-18T08:37:11.394027834Z 08:37:11.393666 socket(AF_INET, SOCK_DGRAM|SOCK_CLOEXEC|SOCK_NONBLOCK, IPPROTO_IP) = 8
2023-05-18T08:37:11.394398395Z 08:37:11.393929 connect(8, {sa_family=AF_INET, sin_port=htons(53), sin_addr=inet_addr("169.254.169.254")}, 16) = 0
2023-05-18T08:37:11.395196465Z 08:37:11.394536 sendto(8, "\341\375\1\0\0\1\0\0\0\0\0\0\rflux-sample-0\fflux-"..., 76, MSG_NOSIGNAL, NULL, 0) = 76
2023-05-18T08:37:11.398821046Z 08:37:11.398431 recvfrom(8, "\341\375\201\200\0\1\0\1\0\0\0\0\rflux-sample-0\fflux-"..., 1024, 0, {sa_family=AF_INET, sin_port=htons(53), sin_addr=inet_addr("169.254.169.254")}, [28->16]) = 92
2023-05-18T08:37:11.404778211Z broker.info[2]: start: none->join 1.81457ms
2023-05-18T08:37:20.536522072Z broker.info[2]: parent-ready: join->init 9.13132s
2023-05-18T08:37:20.537100348Z 08:37:20.536373 socketpair(AF_UNIX, SOCK_STREAM|SOCK_CLOEXEC, 0, [22, 23]) = 0
2023-05-18T08:37:20.537124610Z 08:37:20.536525 socketpair(AF_UNIX, SOCK_STREAM, 0, [24, 25]) = 0
2023-05-18T08:37:20.537438521Z 08:37:20.536764 socketpair(AF_UNIX, SOCK_STREAM, 0, [26, 27]) = 0
2023-05-18T08:37:20.537458697Z 08:37:20.536944 socketpair(AF_UNIX, SOCK_STREAM, 0, [28, 29]) = 0
2023-05-18T08:37:20.564523120Z broker.info[2]: configuration updated
2023-05-18T08:37:20.705565519Z broker.info[2]: rc1.0: running /etc/flux/rc1.d/01-sched-fluxion
2023-05-18T08:37:20.717502864Z broker.info[2]: rc1.0: running /etc/flux/rc1.d/02-cron
2023-05-18T08:37:20.747797481Z broker.info[2]: rc1.0: /etc/flux/rc1 Exited (rc=0) 0.2s
2023-05-18T08:37:20.748285555Z broker.info[2]: rc1-success: init->quorum 0.211739s
2023-05-18T08:37:21.089046432Z broker.info[2]: quorum-full: quorum->run 0.340427s
2023-05-18T08:37:31.897632178Z broker.info[2]: shutdown: run->cleanup 10.8084s
2023-05-18T08:37:31.899609041Z broker.info[2]: cleanup-none: cleanup->shutdown 1.1608ms
2023-05-18T08:37:31.901295447Z broker.info[2]: children-none: shutdown->finalize 1.02192ms
2023-05-18T08:37:31.901966441Z 08:37:31.901504 socketpair(AF_UNIX, SOCK_STREAM|SOCK_CLOEXEC, 0, [22, 23]) = 0
2023-05-18T08:37:31.902146911Z 08:37:31.901930 socketpair(AF_UNIX, SOCK_STREAM, 0, [24, 25]) = 0
2023-05-18T08:37:31.902396411Z 08:37:31.902204 socketpair(AF_UNIX, SOCK_STREAM, 0, [26, 28]) = 0
2023-05-18T08:37:31.902692079Z 08:37:31.902457 socketpair(AF_UNIX, SOCK_STREAM, 0, [58, 59]) = 0
2023-05-18T08:37:31.920944640Z broker.info[2]: rc3.0: running /etc/flux/rc3.d/01-sched-fluxion
2023-05-18T08:37:32.057381345Z broker.info[2]: rc3.0: /etc/flux/rc3 Exited (rc=0) 0.2s
2023-05-18T08:37:32.058613006Z broker.info[2]: rc3-success: finalize->goodbye 0.156975s
2023-05-18T08:37:32.060310548Z broker.info[2]: goodbye: goodbye->exit 1.19904ms
2023-05-18T08:37:32.068462526Z 08:37:32.068256 +++ exited with 0 +++
2023-05-18T08:37:32.069995778Z Return value for follower worker is 0
2023-05-18T08:37:32.070162374Z The follower worker exited cleanly. Goodbye!
