2023-05-18T08:52:10.231048276Z
2023-05-18T08:52:10.231335534Z Flux username: flux
2023-05-18T08:52:10.231345778Z
2023-05-18T08:52:10.231351325Z Flux install root: /usr
2023-05-18T08:52:10.276065534Z flux user is already added.
2023-05-18T08:52:10.279935747Z flux user identifiers:
2023-05-18T08:52:10.279962668Z uid=1234(flux) gid=1234(flux) groups=1234(flux)
2023-05-18T08:52:10.280071068Z
2023-05-18T08:52:10.280136961Z As Flux prefix for flux commands: sudo -u flux -E PYTHONPATH=/opt/conda/lib/python3.10/site-packages -E PATH=/opt/conda/bin:/usr/local/sbin:/usr/local/bin:/usr/sbin:/usr/bin:/sbin:/bin -E LD_LIBRARY_PATH=/opt/conda/lib -E HOME=/home/flux
2023-05-18T08:52:10.288263737Z
2023-05-18T08:52:10.288293100Z 👋 Hello, I'm flux-sample-1
2023-05-18T08:52:10.288447772Z The main host is flux-sample-0
2023-05-18T08:52:10.288459594Z The working directory is /home/flux/examples/reaxff/HNS, contents include:
2023-05-18T08:52:10.290117833Z /home/flux/examples/reaxff/HNS:
2023-05-18T08:52:10.290219436Z README.txt	ffield.reax.hns  log.8Mar18.reaxc.hns.g++.1
2023-05-18T08:52:10.290229273Z data.hns-equil	in.reaxc.hns	 log.8Mar18.reaxc.hns.g++.4
2023-05-18T08:52:10.290457596Z End of file listing, if you see nothing above there are no files.
2023-05-18T08:52:10.292994817Z flux R encode --hosts=flux-sample-[0-3]
2023-05-18T08:52:10.307143733Z
2023-05-18T08:52:10.307182017Z 📦 Resources
2023-05-18T08:52:10.308539980Z {"version": 1, "execution": {"R_lite": [{"rank": "0-3", "children": {"core": "0"}}], "starttime": 0.0, "expiration": 0.0, "nodelist": ["flux-sample-[0-3]"]}}
2023-05-18T08:52:10.308766905Z
2023-05-18T08:52:10.308781506Z 🐸 Diagnostics: false
2023-05-18T08:52:10.308941838Z 🚩️ Flux Option Flags defined
2023-05-18T08:52:10.312887655Z
2023-05-18T08:52:10.312913576Z 🦊 Independent Minister of Privilege
2023-05-18T08:52:10.314290304Z [exec]
2023-05-18T08:52:10.314310369Z allowed-users = [ "flux", "root" ]
2023-05-18T08:52:10.314319263Z allowed-shells = [ "/usr/libexec/flux/flux-shell" ]
2023-05-18T08:52:10.314497681Z
2023-05-18T08:52:10.314643671Z 🐸 Broker Configuration
2023-05-18T08:52:10.316559431Z # Flux needs to know the path to the IMP executable
2023-05-18T08:52:10.316578039Z [exec]
2023-05-18T08:52:10.316585163Z imp = "/usr/libexec/flux/flux-imp"
2023-05-18T08:52:10.316590336Z
2023-05-18T08:52:10.316594741Z [access]
2023-05-18T08:52:10.316612176Z allow-guest-user = true
2023-05-18T08:52:10.316618104Z allow-root-owner = true
2023-05-18T08:52:10.316622511Z
2023-05-18T08:52:10.316627722Z # Point to resource definition generated with flux-R(1).
2023-05-18T08:52:10.316632541Z [resource]
2023-05-18T08:52:10.316637692Z path = "/etc/flux/system/R"
2023-05-18T08:52:10.316642546Z
2023-05-18T08:52:10.316647478Z [bootstrap]
2023-05-18T08:52:10.316654490Z curve_cert = "/etc/curve/curve.cert"
2023-05-18T08:52:10.316660634Z default_port = 8050
2023-05-18T08:52:10.316665908Z default_bind = "tcp://eth0:%p"
2023-05-18T08:52:10.316671303Z default_connect = "tcp://%h.flux-service.flux-operator.svc.cluster.local:%p"
2023-05-18T08:52:10.316676097Z hosts = [
2023-05-18T08:52:10.316680828Z 	{ host="flux-sample-[0-3]"},
2023-05-18T08:52:10.316686146Z ]
2023-05-18T08:52:10.316690381Z
2023-05-18T08:52:10.316697046Z [archive]
2023-05-18T08:52:10.316703345Z dbpath = "/var/lib/flux/job-archive.sqlite"
2023-05-18T08:52:10.316708503Z period = "1m"
2023-05-18T08:52:10.405156475Z busytimeout = "50s"
2023-05-18T08:52:10.405185315Z 🧊️ State Directory:
2023-05-18T08:52:10.405191164Z total 0
2023-05-18T08:52:10.405195848Z
2023-05-18T08:52:10.409469770Z
2023-05-18T08:52:10.409495970Z 🔒️ Working directory permissions:
2023-05-18T08:52:10.409502107Z total 96
2023-05-18T08:52:10.409506397Z -rwxrwxrwx 1 flux root  2517 May 17 22:32 README.txt
2023-05-18T08:52:10.409509579Z -rwxrwxrwx 1 flux root 54692 May 17 22:32 data.hns-equil
2023-05-18T08:52:10.409512780Z -rwxrwxrwx 1 flux root 13576 May 17 22:32 ffield.reax.hns
2023-05-18T08:52:10.409516498Z -rwxrwxrwx 1 flux root   870 May 17 22:32 in.reaxc.hns
2023-05-18T08:52:10.409522288Z -rwxrwxrwx 1 flux root  4172 May 17 22:32 log.8Mar18.reaxc.hns.g++.1
2023-05-18T08:52:10.409527283Z -rwxrwxrwx 1 flux root  4168 May 17 22:32 log.8Mar18.reaxc.hns.g++.4
2023-05-18T08:52:10.409530830Z
2023-05-18T08:52:10.409672532Z
2023-05-18T08:52:10.409685812Z ✨ Curve certificate generated by helper pod
2023-05-18T08:52:10.412121928Z #   ****  Generated on 2023-04-26 22:54:42 by CZMQ  ****
2023-05-18T08:52:10.412140600Z #   ZeroMQ CURVE **Secret** Certificate
2023-05-18T08:52:10.412146940Z #   DO NOT PROVIDE THIS FILE TO OTHER USERS nor change its permissions.
2023-05-18T08:52:10.412152123Z
2023-05-18T08:52:10.412157264Z metadata
2023-05-18T08:52:10.412163496Z     name = "flux-cert-generator"
2023-05-18T08:52:10.412316032Z     keygen.hostname = "flux-sample-0"
2023-05-18T08:52:10.412346413Z curve
2023-05-18T08:52:10.412353833Z     public-key = "dZK(y<CN@gHc1{E?v8SJ-jVAapm8V&4SCa1=uc&O"
2023-05-18T08:52:10.412359005Z     secret-key = "9MJl{Lts=YpnB+Vo@y1TUVn.L!lUMFtzU]a}=Tb4"
2023-05-18T08:52:10.414768697Z
2023-05-18T08:52:10.414801164Z 🌀  flux start --wrap=strace,-e,network,-tt -o --config /etc/flux/config -Scron.directory=/etc/flux/system/cron.d   -Stbon.fanout=256   -Srundir=/run/flux    -Sstatedir=/var/lib/flux   -Slocal-uri=local:///run/flux/local   -Stbon.zmqdebug=1  -Slog-stderr-level=6    -Slog-stderr-mode=local
2023-05-18T08:52:10.448974439Z 08:52:10.448701 socket(AF_NETLINK, SOCK_RAW, NETLINK_ROUTE) = 8
2023-05-18T08:52:10.449115091Z 08:52:10.448831 bind(8, {sa_family=AF_NETLINK, nl_pid=0, nl_groups=00000000}, 12) = 0
2023-05-18T08:52:10.449238579Z 08:52:10.449115 getsockname(8, {sa_family=AF_NETLINK, nl_pid=69, nl_groups=00000000}, [12]) = 0
2023-05-18T08:52:10.449533259Z 08:52:10.449212 sendto(8, {{len=20, type=RTM_GETADDR, flags=NLM_F_REQUEST|NLM_F_DUMP, seq=1684399930, pid=0}, {ifa_family=AF_UNSPEC, ...}}, 20, 0, {sa_family=AF_NETLINK, nl_pid=0, nl_groups=00000000}, 12) = 20
2023-05-18T08:52:10.449796983Z 08:52:10.449448 recvmsg(8, {msg_name={sa_family=AF_NETLINK, nl_pid=0, nl_groups=00000000}, msg_namelen=12, msg_iov=[{iov_base=[{{len=76, type=RTM_NEWADDR, flags=NLM_F_MULTI, seq=1684399930, pid=69}, {ifa_family=AF_INET, ifa_prefixlen=8, ifa_flags=IFA_F_PERMANENT, ifa_scope=RT_SCOPE_HOST, ifa_index=if_nametoindex("lo")}, [{{nla_len=8, nla_type=IFA_ADDRESS}, 127.0.0.1}, {{nla_len=8, nla_type=IFA_LOCAL}, 127.0.0.1}, {{nla_len=7, nla_type=IFA_LABEL}, "lo"}, {{nla_len=8, nla_type=IFA_FLAGS}, IFA_F_PERMANENT}, {{nla_len=20, nla_type=IFA_CACHEINFO}, {ifa_prefered=4294967295, ifa_valid=4294967295, cstamp=567275, tstamp=567275}}]}, {{len=88, type=RTM_NEWADDR, flags=NLM_F_MULTI, seq=1684399930, pid=69}, {ifa_family=AF_INET, ifa_prefixlen=24, ifa_flags=IFA_F_PERMANENT, ifa_scope=RT_SCOPE_UNIVERSE, ifa_index=if_nametoindex("eth0")}, [{{nla_len=8, nla_type=IFA_ADDRESS}, 10.24.3.218}, {{nla_len=8, nla_type=IFA_LOCAL}, 10.24.3.218}, {{nla_len=8, nla_type=IFA_BROADCAST}, 10.24.3.255}, {{nla_len=9, nla_type=IFA_LABEL}, "eth0"}, {{nla_len=8, nla_type=IFA_FLAGS}, IFA_F_PERMANENT}, {{nla_len=20, nla_type=IFA_CACHEINFO}, {ifa_prefered=4294967295, ifa_valid=4294967295, cstamp=567279, tstamp=567279}}]}], iov_len=4096}], msg_iovlen=1, msg_controllen=0, msg_flags=0}, 0) = 164
2023-05-18T08:52:10.449886715Z 08:52:10.449754 recvmsg(8, {msg_name={sa_family=AF_NETLINK, nl_pid=0, nl_groups=00000000}, msg_namelen=12, msg_iov=[{iov_base={{len=20, type=NLMSG_DONE, flags=NLM_F_MULTI, seq=1684399930, pid=69}, 0}, iov_len=4096}], msg_iovlen=1, msg_controllen=0, msg_flags=0}, 0) = 20
2023-05-18T08:52:10.450457381Z 08:52:10.450318 socket(AF_UNIX, SOCK_STREAM|SOCK_CLOEXEC|SOCK_NONBLOCK, 0) = 8
2023-05-18T08:52:10.450547486Z 08:52:10.450403 connect(8, {sa_family=AF_UNIX, sun_path="/var/run/nscd/socket"}, 110) = -1 ENOENT (No such file or directory)
2023-05-18T08:52:10.450666988Z 08:52:10.450522 socket(AF_UNIX, SOCK_STREAM|SOCK_CLOEXEC|SOCK_NONBLOCK, 0) = 8
2023-05-18T08:52:10.450743375Z 08:52:10.450589 connect(8, {sa_family=AF_UNIX, sun_path="/var/run/nscd/socket"}, 110) = -1 ENOENT (No such file or directory)
2023-05-18T08:52:10.452108466Z 08:52:10.451885 socket(AF_INET, SOCK_DGRAM|SOCK_CLOEXEC|SOCK_NONBLOCK, IPPROTO_IP) = 8
2023-05-18T08:52:10.452253271Z 08:52:10.452002 connect(8, {sa_family=AF_INET, sin_port=htons(53), sin_addr=inet_addr("169.254.169.254")}, 16) = 0
2023-05-18T08:52:10.452511916Z 08:52:10.452140 sendto(8, "*\21\1\0\0\1\0\0\0\0\0\0\rflux-sample-0\fflux-"..., 76, MSG_NOSIGNAL, NULL, 0) = 76
2023-05-18T08:52:10.456250269Z 08:52:10.456027 recvfrom(8, "*\21\201\200\0\1\0\1\0\0\0\0\rflux-sample-0\fflux-"..., 1024, 0, {sa_family=AF_INET, sin_port=htons(53), sin_addr=inet_addr("169.254.169.254")}, [28->16]) = 92
2023-05-18T08:52:10.460494689Z broker.info[1]: start: none->join 1.79619ms
2023-05-18T08:52:11.030662667Z broker.info[1]: parent-ready: join->init 0.569736s
2023-05-18T08:52:11.030730083Z 08:52:11.030361 socketpair(AF_UNIX, SOCK_STREAM|SOCK_CLOEXEC, 0, [22, 23]) = 0
2023-05-18T08:52:11.030849781Z 08:52:11.030522 socketpair(AF_UNIX, SOCK_STREAM, 0, [24, 25]) = 0
2023-05-18T08:52:11.030866873Z 08:52:11.030721 socketpair(AF_UNIX, SOCK_STREAM, 0, [26, 27]) = 0
2023-05-18T08:52:11.031072664Z 08:52:11.030919 socketpair(AF_UNIX, SOCK_STREAM, 0, [28, 29]) = 0
2023-05-18T08:52:11.056434929Z broker.info[1]: configuration updated
2023-05-18T08:52:11.183122694Z broker.info[1]: rc1.0: running /etc/flux/rc1.d/01-sched-fluxion
2023-05-18T08:52:11.207274123Z broker.info[1]: rc1.0: running /etc/flux/rc1.d/02-cron
2023-05-18T08:52:11.233151835Z broker.info[1]: rc1.0: /etc/flux/rc1 Exited (rc=0) 0.2s
2023-05-18T08:52:11.234232384Z broker.info[1]: rc1-success: init->quorum 0.203695s
2023-05-18T08:52:40.952838396Z broker.info[1]: quorum-full: quorum->run 29.7182s
2023-05-18T08:52:51.587332630Z broker.info[1]: shutdown: run->cleanup 10.634s
2023-05-18T08:52:51.589422931Z broker.info[1]: cleanup-none: cleanup->shutdown 1.21344ms
2023-05-18T08:52:51.590998763Z broker.info[1]: children-none: shutdown->finalize 1.09319ms
2023-05-18T08:52:51.591731789Z 08:52:51.591433 socketpair(AF_UNIX, SOCK_STREAM|SOCK_CLOEXEC, 0, [22, 23]) = 0
2023-05-18T08:52:51.592102654Z 08:52:51.591814 socketpair(AF_UNIX, SOCK_STREAM, 0, [24, 25]) = 0
2023-05-18T08:52:51.592437922Z 08:52:51.592253 socketpair(AF_UNIX, SOCK_STREAM, 0, [26, 28]) = 0
2023-05-18T08:52:51.592742489Z 08:52:51.592568 socketpair(AF_UNIX, SOCK_STREAM, 0, [58, 59]) = 0
2023-05-18T08:52:51.610545006Z broker.info[1]: rc3.0: running /etc/flux/rc3.d/01-sched-fluxion
2023-05-18T08:52:51.747201901Z broker.info[1]: rc3.0: /etc/flux/rc3 Exited (rc=0) 0.2s
2023-05-18T08:52:51.748461710Z broker.info[1]: rc3-success: finalize->goodbye 0.156867s
2023-05-18T08:52:51.750420761Z broker.info[1]: goodbye: goodbye->exit 1.28739ms
2023-05-18T08:52:51.758347635Z 08:52:51.758196 +++ exited with 0 +++
2023-05-18T08:52:51.759893818Z Return value for follower worker is 0
2023-05-18T08:52:51.759920323Z The follower worker exited cleanly. Goodbye!
