2023-05-18T13:28:19.830418770Z
2023-05-18T13:28:19.830468976Z Flux username: flux
2023-05-18T13:28:19.830475450Z
2023-05-18T13:28:19.830480565Z Flux install root: /usr
2023-05-18T13:28:19.881847747Z flux user is already added.
2023-05-18T13:28:19.884852450Z flux user identifiers:
2023-05-18T13:28:19.884883829Z uid=1234(flux) gid=1234(flux) groups=1234(flux)
2023-05-18T13:28:19.885019394Z
2023-05-18T13:28:19.885033409Z As Flux prefix for flux commands: sudo -u flux -E PYTHONPATH=/opt/conda/lib/python3.10/site-packages -E PATH=/opt/conda/bin:/usr/local/sbin:/usr/local/bin:/usr/sbin:/usr/bin:/sbin:/bin -E LD_LIBRARY_PATH=/opt/conda/lib -E HOME=/home/flux
2023-05-18T13:28:19.893356461Z
2023-05-18T13:28:19.893394253Z ðŸ‘‹ Hello, I'm flux-sample-3
2023-05-18T13:28:19.893563480Z The main host is flux-sample-0
2023-05-18T13:28:19.893575924Z The working directory is /home/flux/examples/reaxff/HNS, contents include:
2023-05-18T13:28:19.895172882Z /home/flux/examples/reaxff/HNS:
2023-05-18T13:28:19.895298757Z README.txt	ffield.reax.hns  log.8Mar18.reaxc.hns.g++.1
2023-05-18T13:28:19.895311219Z data.hns-equil	in.reaxc.hns	 log.8Mar18.reaxc.hns.g++.4
2023-05-18T13:28:19.895504527Z End of file listing, if you see nothing above there are no files.
2023-05-18T13:28:19.897265936Z flux R encode --hosts=flux-sample-[0-3]
2023-05-18T13:28:19.911410432Z
2023-05-18T13:28:19.911444511Z ðŸ“¦ Resources
2023-05-18T13:28:19.913001924Z {"version": 1, "execution": {"R_lite": [{"rank": "0-3", "children": {"core": "0"}}], "starttime": 0.0, "expiration": 0.0, "nodelist": ["flux-sample-[0-3]"]}}
2023-05-18T13:28:19.913254504Z
2023-05-18T13:28:19.913270601Z ðŸ¸ Diagnostics: false
2023-05-18T13:28:19.913417905Z ðŸš©ï¸ Flux Option Flags defined
2023-05-18T13:28:19.917399087Z
2023-05-18T13:28:19.917428761Z ðŸ¦Š Independent Minister of Privilege
2023-05-18T13:28:19.918774023Z [exec]
2023-05-18T13:28:19.918792497Z allowed-users = [ "flux", "root" ]
2023-05-18T13:28:19.918798308Z allowed-shells = [ "/usr/libexec/flux/flux-shell" ]
2023-05-18T13:28:19.918961669Z
2023-05-18T13:28:19.918975689Z ðŸ¸ Broker Configuration
2023-05-18T13:28:19.920213894Z # Flux needs to know the path to the IMP executable
2023-05-18T13:28:19.920232750Z [exec]
2023-05-18T13:28:19.920239023Z imp = "/usr/libexec/flux/flux-imp"
2023-05-18T13:28:19.920244268Z
2023-05-18T13:28:19.920260523Z [access]
2023-05-18T13:28:19.920266828Z allow-guest-user = true
2023-05-18T13:28:19.920273875Z allow-root-owner = true
2023-05-18T13:28:19.920279401Z
2023-05-18T13:28:19.920284032Z # Point to resource definition generated with flux-R(1).
2023-05-18T13:28:19.920288979Z [resource]
2023-05-18T13:28:19.920294015Z path = "/etc/flux/system/R"
2023-05-18T13:28:19.920298364Z
2023-05-18T13:28:19.920302823Z [bootstrap]
2023-05-18T13:28:19.920308043Z curve_cert = "/etc/curve/curve.cert"
2023-05-18T13:28:19.920315346Z default_port = 8050
2023-05-18T13:28:19.920321421Z default_bind = "tcp://eth0:%p"
2023-05-18T13:28:19.920327659Z default_connect = "tcp://%h.flux-service.flux-operator.svc.cluster.local:%p"
2023-05-18T13:28:19.920332338Z hosts = [
2023-05-18T13:28:19.920337521Z 	{ host="flux-sample-[0-3]"},
2023-05-18T13:28:19.920342376Z ]
2023-05-18T13:28:19.920346949Z
2023-05-18T13:28:19.920351668Z [archive]
2023-05-18T13:28:19.920358522Z dbpath = "/var/lib/flux/job-archive.sqlite"
2023-05-18T13:28:19.920364239Z period = "1m"
2023-05-18T13:28:20.004417519Z busytimeout = "50s"
2023-05-18T13:28:20.004448047Z ðŸ§Šï¸ State Directory:
2023-05-18T13:28:20.004454272Z total 0
2023-05-18T13:28:20.004459262Z
2023-05-18T13:28:20.007618278Z
2023-05-18T13:28:20.007707284Z ðŸ”’ï¸ Working directory permissions:
2023-05-18T13:28:20.007717842Z total 96
2023-05-18T13:28:20.007726357Z -rwxrwxrwx 1 flux root  2517 May 17 22:32 README.txt
2023-05-18T13:28:20.007732486Z -rwxrwxrwx 1 flux root 54692 May 17 22:32 data.hns-equil
2023-05-18T13:28:20.007737223Z -rwxrwxrwx 1 flux root 13576 May 17 22:32 ffield.reax.hns
2023-05-18T13:28:20.007743092Z -rwxrwxrwx 1 flux root   870 May 17 22:32 in.reaxc.hns
2023-05-18T13:28:20.007748877Z -rwxrwxrwx 1 flux root  4172 May 17 22:32 log.8Mar18.reaxc.hns.g++.1
2023-05-18T13:28:20.007855141Z -rwxrwxrwx 1 flux root  4168 May 17 22:32 log.8Mar18.reaxc.hns.g++.4
2023-05-18T13:28:20.007867591Z
2023-05-18T13:28:20.007874888Z
2023-05-18T13:28:20.007881878Z âœ¨ Curve certificate generated by helper pod
2023-05-18T13:28:20.009829091Z #   ****  Generated on 2023-04-26 22:54:42 by CZMQ  ****
2023-05-18T13:28:20.009850480Z #   ZeroMQ CURVE **Secret** Certificate
2023-05-18T13:28:20.009858316Z #   DO NOT PROVIDE THIS FILE TO OTHER USERS nor change its permissions.
2023-05-18T13:28:20.009863665Z
2023-05-18T13:28:20.009868430Z metadata
2023-05-18T13:28:20.009876178Z     name = "flux-cert-generator"
2023-05-18T13:28:20.009882836Z     keygen.hostname = "flux-sample-0"
2023-05-18T13:28:20.009887920Z curve
2023-05-18T13:28:20.009893305Z     public-key = "@vvCH)7/@(V*jSqNQ&7YZdrom@7AEq/v&02sLG0E"
2023-05-18T13:28:20.009898138Z     secret-key = "CZ{-Jxwm2KtW3iX0Xb4IxWCswGQn[nZYZl8qDJN["
2023-05-18T13:28:20.014579316Z
2023-05-18T13:28:20.014621577Z ðŸŒ€  flux start --wrap=strace,-e,network,-tt -o --config /etc/flux/config -Scron.directory=/etc/flux/system/cron.d   -Stbon.fanout=256   -Srundir=/run/flux    -Sstatedir=/var/lib/flux   -Slocal-uri=local:///run/flux/local -Stbon.connect_timeout=10s  -Stbon.zmqdebug=1  -Slog-stderr-level=6    -Slog-stderr-mode=local
2023-05-18T13:28:20.057478791Z 13:28:20.057082 socket(AF_NETLINK, SOCK_RAW, NETLINK_ROUTE) = 8
2023-05-18T13:28:20.057751843Z 13:28:20.057387 bind(8, {sa_family=AF_NETLINK, nl_pid=0, nl_groups=00000000}, 12) = 0
2023-05-18T13:28:20.058024449Z 13:28:20.057789 getsockname(8, {sa_family=AF_NETLINK, nl_pid=70, nl_groups=00000000}, [12]) = 0
2023-05-18T13:28:20.058374633Z 13:28:20.057994 sendto(8, {{len=20, type=RTM_GETADDR, flags=NLM_F_REQUEST|NLM_F_DUMP, seq=1684416500, pid=0}, {ifa_family=AF_UNSPEC, ...}}, 20, 0, {sa_family=AF_NETLINK, nl_pid=0, nl_groups=00000000}, 12) = 20
2023-05-18T13:28:20.058899442Z 13:28:20.058399 recvmsg(8, {msg_name={sa_family=AF_NETLINK, nl_pid=0, nl_groups=00000000}, msg_namelen=12, msg_iov=[{iov_base=[{{len=76, type=RTM_NEWADDR, flags=NLM_F_MULTI, seq=1684416500, pid=70}, {ifa_family=AF_INET, ifa_prefixlen=8, ifa_flags=IFA_F_PERMANENT, ifa_scope=RT_SCOPE_HOST, ifa_index=if_nametoindex("lo")}, [{{nla_len=8, nla_type=IFA_ADDRESS}, 127.0.0.1}, {{nla_len=8, nla_type=IFA_LOCAL}, 127.0.0.1}, {{nla_len=7, nla_type=IFA_LABEL}, "lo"}, {{nla_len=8, nla_type=IFA_FLAGS}, IFA_F_PERMANENT}, {{nla_len=20, nla_type=IFA_CACHEINFO}, {ifa_prefered=4294967295, ifa_valid=4294967295, cstamp=2224253, tstamp=2224253}}]}, {{len=88, type=RTM_NEWADDR, flags=NLM_F_MULTI, seq=1684416500, pid=70}, {ifa_family=AF_INET, ifa_prefixlen=24, ifa_flags=IFA_F_PERMANENT, ifa_scope=RT_SCOPE_UNIVERSE, ifa_index=if_nametoindex("eth0")}, [{{nla_len=8, nla_type=IFA_ADDRESS}, 10.24.2.99}, {{nla_len=8, nla_type=IFA_LOCAL}, 10.24.2.99}, {{nla_len=8, nla_type=IFA_BROADCAST}, 10.24.2.255}, {{nla_len=9, nla_type=IFA_LABEL}, "eth0"}, {{nla_len=8, nla_type=IFA_FLAGS}, IFA_F_PERMANENT}, {{nla_len=20, nla_type=IFA_CACHEINFO}, {ifa_prefered=4294967295, ifa_valid=4294967295, cstamp=2224257, tstamp=2224257}}]}], iov_len=4096}], msg_iovlen=1, msg_controllen=0, msg_flags=0}, 0) = 164
2023-05-18T13:28:20.059071748Z 13:28:20.058806 recvmsg(8, {msg_name={sa_family=AF_NETLINK, nl_pid=0, nl_groups=00000000}, msg_namelen=12, msg_iov=[{iov_base={{len=20, type=NLMSG_DONE, flags=NLM_F_MULTI, seq=1684416500, pid=70}, 0}, iov_len=4096}], msg_iovlen=1, msg_controllen=0, msg_flags=0}, 0) = 20
2023-05-18T13:28:20.059796498Z 13:28:20.059546 socket(AF_UNIX, SOCK_STREAM|SOCK_CLOEXEC|SOCK_NONBLOCK, 0) = 8
2023-05-18T13:28:20.059918420Z 13:28:20.059642 connect(8, {sa_family=AF_UNIX, sun_path="/var/run/nscd/socket"}, 110) = -1 ENOENT (No such file or directory)
2023-05-18T13:28:20.060111510Z 13:28:20.059883 socket(AF_UNIX, SOCK_STREAM|SOCK_CLOEXEC|SOCK_NONBLOCK, 0) = 8
2023-05-18T13:28:20.060199038Z 13:28:20.059990 connect(8, {sa_family=AF_UNIX, sun_path="/var/run/nscd/socket"}, 110) = -1 ENOENT (No such file or directory)
2023-05-18T13:28:20.061619634Z 13:28:20.061425 socket(AF_INET, SOCK_DGRAM|SOCK_CLOEXEC|SOCK_NONBLOCK, IPPROTO_IP) = 8
2023-05-18T13:28:20.061851299Z 13:28:20.061666 connect(8, {sa_family=AF_INET, sin_port=htons(53), sin_addr=inet_addr("169.254.169.254")}, 16) = 0
2023-05-18T13:28:20.062355870Z 13:28:20.061948 sendto(8, "N&\1\0\0\1\0\0\0\0\0\0\rflux-sample-0\fflux-"..., 76, MSG_NOSIGNAL, NULL, 0) = 76
2023-05-18T13:28:20.067364949Z 13:28:20.066964 recvfrom(8, "N&\201\203\0\1\0\0\0\1\0\0\rflux-sample-0\fflux-"..., 1024, 0, {sa_family=AF_INET, sin_port=htons(53), sin_addr=inet_addr("169.254.169.254")}, [28->16]) = 172
2023-05-18T13:28:20.067527989Z 13:28:20.067298 socket(AF_INET, SOCK_DGRAM|SOCK_CLOEXEC|SOCK_NONBLOCK, IPPROTO_IP) = 8
2023-05-18T13:28:20.067680834Z 13:28:20.067392 connect(8, {sa_family=AF_INET, sin_port=htons(53), sin_addr=inet_addr("169.254.169.254")}, 16) = 0
2023-05-18T13:28:20.068013951Z 13:28:20.067635 sendto(8, "z;\1\0\0\1\0\0\0\0\0\0\rflux-sample-0\fflux-"..., 108, MSG_NOSIGNAL, NULL, 0) = 108
2023-05-18T13:28:20.071783818Z 13:28:20.071459 recvfrom(8, "z;\201\203\0\1\0\0\0\1\0\0\rflux-sample-0\fflux-"..., 1024, 0, {sa_family=AF_INET, sin_port=htons(53), sin_addr=inet_addr("169.254.169.254")}, [28->16]) = 204
2023-05-18T13:28:20.071879693Z 13:28:20.071692 socket(AF_INET, SOCK_DGRAM|SOCK_CLOEXEC|SOCK_NONBLOCK, IPPROTO_IP) = 8
2023-05-18T13:28:20.071955727Z 13:28:20.071832 connect(8, {sa_family=AF_INET, sin_port=htons(53), sin_addr=inet_addr("169.254.169.254")}, 16) = 0
2023-05-18T13:28:20.072253646Z 13:28:20.072003 sendto(8, "\201f\1\0\0\1\0\0\0\0\0\0\rflux-sample-0\fflux-"..., 94, MSG_NOSIGNAL, NULL, 0) = 94
2023-05-18T13:28:20.075732858Z 13:28:20.075343 recvfrom(8, "\201f\201\203\0\1\0\0\0\1\0\0\rflux-sample-0\fflux-"..., 1024, 0, {sa_family=AF_INET, sin_port=htons(53), sin_addr=inet_addr("169.254.169.254")}, [28->16]) = 190
2023-05-18T13:28:20.076225592Z 13:28:20.075938 socket(AF_INET, SOCK_DGRAM|SOCK_CLOEXEC|SOCK_NONBLOCK, IPPROTO_IP) = 8
2023-05-18T13:28:20.076715361Z 13:28:20.076252 connect(8, {sa_family=AF_INET, sin_port=htons(53), sin_addr=inet_addr("169.254.169.254")}, 16) = 0
2023-05-18T13:28:20.077084718Z 13:28:20.076751 sendto(8, "\247\6\1\0\0\1\0\0\0\0\0\0\rflux-sample-0\fflux-"..., 90, MSG_NOSIGNAL, NULL, 0) = 90
2023-05-18T13:28:20.081259811Z 13:28:20.080914 recvfrom(8, "\247\6\201\203\0\1\0\0\0\1\0\0\rflux-sample-0\fflux-"..., 1024, 0, {sa_family=AF_INET, sin_port=htons(53), sin_addr=inet_addr("169.254.169.254")}, [28->16]) = 186
2023-05-18T13:28:20.081594351Z 13:28:20.081395 socket(AF_INET, SOCK_DGRAM|SOCK_CLOEXEC|SOCK_NONBLOCK, IPPROTO_IP) = 8
2023-05-18T13:28:20.081609762Z 13:28:20.081482 connect(8, {sa_family=AF_INET, sin_port=htons(53), sin_addr=inet_addr("169.254.169.254")}, 16) = 0
2023-05-18T13:28:20.081846673Z 13:28:20.081590 sendto(8, "}\341\1\0\0\1\0\0\0\0\0\0\rflux-sample-0\fflux-"..., 111, MSG_NOSIGNAL, NULL, 0) = 111
2023-05-18T13:28:20.087863237Z 13:28:20.087540 recvfrom(8, "}\341\201\203\0\1\0\0\0\1\0\0\rflux-sample-0\fflux-"..., 1024, 0, {sa_family=AF_INET, sin_port=htons(53), sin_addr=inet_addr("169.254.169.254")}, [28->16]) = 205
2023-05-18T13:28:20.088023539Z 13:28:20.087793 socket(AF_INET, SOCK_DGRAM|SOCK_CLOEXEC|SOCK_NONBLOCK, IPPROTO_IP) = 8
2023-05-18T13:28:20.088096172Z 13:28:20.087885 connect(8, {sa_family=AF_INET, sin_port=htons(53), sin_addr=inet_addr("169.254.169.254")}, 16) = 0
2023-05-18T13:28:20.089816034Z 13:28:20.088054 sendto(8, "\313s\1\0\0\1\0\0\0\0\0\0\rflux-sample-0\fflux-"..., 97, MSG_NOSIGNAL, NULL, 0) = 97
2023-05-18T13:28:20.094685588Z 13:28:20.094344 recvfrom(8, "\313s\201\203\0\1\0\0\0\1\0\0\rflux-sample-0\fflux-"..., 1024, 0, {sa_family=AF_INET, sin_port=htons(53), sin_addr=inet_addr("169.254.169.254")}, [28->16]) = 186
2023-05-18T13:28:20.094864106Z 13:28:20.094719 socket(AF_INET, SOCK_DGRAM|SOCK_CLOEXEC|SOCK_NONBLOCK, IPPROTO_IP) = 8
2023-05-18T13:28:20.094980429Z 13:28:20.094842 connect(8, {sa_family=AF_INET, sin_port=htons(53), sin_addr=inet_addr("169.254.169.254")}, 16) = 0
2023-05-18T13:28:20.095234074Z 13:28:20.094984 sendto(8, "\177\216\1\0\0\1\0\0\0\0\0\0\rflux-sample-0\fflux-"..., 92, MSG_NOSIGNAL, NULL, 0) = 92
2023-05-18T13:28:20.099286442Z 13:28:20.098967 recvfrom(8, "\177\216\201\203\0\1\0\0\0\1\0\0\rflux-sample-0\fflux-"..., 1024, 0, {sa_family=AF_INET, sin_port=htons(53), sin_addr=inet_addr("169.254.169.254")}, [28->16]) = 181
2023-05-18T13:28:20.099625346Z broker.err[3]: Warning: unable to resolve upstream peer flux-sample-0.flux-service.flux-operator.svc.cluster.local: Name or service not known
2023-05-18T13:28:20.106972702Z broker.info[3]: start: none->join 2.78428ms
2023-05-18T13:28:22.041167270Z broker.info[3]: parent-ready: join->init 1.9334s
2023-05-18T13:28:22.041719749Z 13:28:22.040729 socketpair(AF_UNIX, SOCK_STREAM|SOCK_CLOEXEC, 0, [22, 23]) = 0
2023-05-18T13:28:22.041942279Z 13:28:22.040891 socketpair(AF_UNIX, SOCK_STREAM, 0, [24, 25]) = 0
2023-05-18T13:28:22.042335060Z 13:28:22.041091 socketpair(AF_UNIX, SOCK_STREAM, 0, [26, 27]) = 0
2023-05-18T13:28:22.043235801Z 13:28:22.042001 socketpair(AF_UNIX, SOCK_STREAM, 0, [28, 29]) = 0
2023-05-18T13:28:22.069276551Z broker.info[3]: configuration updated
2023-05-18T13:28:22.215318309Z broker.info[3]: rc1.0: running /etc/flux/rc1.d/01-sched-fluxion
2023-05-18T13:28:22.227384742Z broker.info[3]: rc1.0: running /etc/flux/rc1.d/02-cron
2023-05-18T13:28:22.258957172Z broker.info[3]: rc1.0: /etc/flux/rc1 Exited (rc=0) 0.2s
2023-05-18T13:28:22.259873868Z broker.info[3]: rc1-success: init->quorum 0.218905s
2023-05-18T13:28:22.475555070Z broker.info[3]: quorum-full: quorum->run 0.215169s
2023-05-18T13:28:23.095296696Z 13:28:23.094975 socketpair(AF_UNIX, SOCK_STREAM|SOCK_CLOEXEC, 0, [22, 23]) = 0
2023-05-18T13:28:23.095786958Z 13:28:23.095142 socketpair(AF_UNIX, SOCK_STREAM, 0, [24, 25]) = 0
2023-05-18T13:28:23.096014823Z 13:28:23.095475 socketpair(AF_UNIX, SOCK_STREAM, 0, [26, 28]) = 0
2023-05-18T13:28:23.096240179Z 13:28:23.095809 socketpair(AF_UNIX, SOCK_STREAM, 0, [58, 59]) = 0
2023-05-18T13:28:34.231500731Z broker.info[3]: shutdown: run->cleanup 11.7557s
2023-05-18T13:28:34.233755363Z broker.info[3]: cleanup-none: cleanup->shutdown 1.37977ms
2023-05-18T13:28:34.235478373Z broker.info[3]: children-none: shutdown->finalize 1.14748ms
2023-05-18T13:28:34.236135789Z 13:28:34.235839 socketpair(AF_UNIX, SOCK_STREAM|SOCK_CLOEXEC, 0, [22, 23]) = 0
2023-05-18T13:28:34.236366007Z 13:28:34.236122 socketpair(AF_UNIX, SOCK_STREAM, 0, [24, 25]) = 0
2023-05-18T13:28:34.236829117Z 13:28:34.236550 socketpair(AF_UNIX, SOCK_STREAM, 0, [26, 28]) = 0
2023-05-18T13:28:34.237475823Z 13:28:34.237126 socketpair(AF_UNIX, SOCK_STREAM, 0, [58, 59]) = 0
2023-05-18T13:28:34.256113205Z broker.info[3]: rc3.0: running /etc/flux/rc3.d/01-sched-fluxion
2023-05-18T13:28:34.394043883Z broker.info[3]: rc3.0: /etc/flux/rc3 Exited (rc=0) 0.2s
2023-05-18T13:28:34.395304478Z broker.info[3]: rc3-success: finalize->goodbye 0.159288s
2023-05-18T13:28:34.396986890Z broker.info[3]: goodbye: goodbye->exit 1.00205ms
2023-05-18T13:28:34.405487083Z 13:28:34.405228 +++ exited with 0 +++
2023-05-18T13:28:34.406937689Z Return value for follower worker is 0
2023-05-18T13:28:34.406966820Z The follower worker exited cleanly. Goodbye!
