2023-05-18T08:46:54.439311490Z
2023-05-18T08:46:54.440247527Z Flux username: flux
2023-05-18T08:46:54.440260962Z
2023-05-18T08:46:54.440268819Z Flux install root: /usr
2023-05-18T08:46:54.486514497Z flux user is already added.
2023-05-18T08:46:54.489353052Z flux user identifiers:
2023-05-18T08:46:54.489377088Z uid=1234(flux) gid=1234(flux) groups=1234(flux)
2023-05-18T08:46:54.489508368Z
2023-05-18T08:46:54.489521590Z As Flux prefix for flux commands: sudo -u flux -E PYTHONPATH=/opt/conda/lib/python3.10/site-packages -E PATH=/opt/conda/bin:/usr/local/sbin:/usr/local/bin:/usr/sbin:/usr/bin:/sbin:/bin -E LD_LIBRARY_PATH=/opt/conda/lib -E HOME=/home/flux
2023-05-18T08:46:54.500591409Z
2023-05-18T08:46:54.500616931Z 👋 Hello, I'm flux-sample-1
2023-05-18T08:46:54.500623484Z The main host is flux-sample-0
2023-05-18T08:46:54.500637958Z The working directory is /home/flux/examples/reaxff/HNS, contents include:
2023-05-18T08:46:54.502479476Z /home/flux/examples/reaxff/HNS:
2023-05-18T08:46:54.502772939Z README.txt	ffield.reax.hns  log.8Mar18.reaxc.hns.g++.1
2023-05-18T08:46:54.502797784Z data.hns-equil	in.reaxc.hns	 log.8Mar18.reaxc.hns.g++.4
2023-05-18T08:46:54.502982962Z End of file listing, if you see nothing above there are no files.
2023-05-18T08:46:54.505311633Z flux R encode --hosts=flux-sample-[0-3]
2023-05-18T08:46:54.523990793Z
2023-05-18T08:46:54.524015574Z 📦 Resources
2023-05-18T08:46:54.525128519Z {"version": 1, "execution": {"R_lite": [{"rank": "0-3", "children": {"core": "0"}}], "starttime": 0.0, "expiration": 0.0, "nodelist": ["flux-sample-[0-3]"]}}
2023-05-18T08:46:54.525908739Z
2023-05-18T08:46:54.525926200Z 🐸 Diagnostics: false
2023-05-18T08:46:54.525932370Z 🚩️ Flux Option Flags defined
2023-05-18T08:46:54.529976626Z
2023-05-18T08:46:54.530005774Z 🦊 Independent Minister of Privilege
2023-05-18T08:46:54.531394974Z [exec]
2023-05-18T08:46:54.531411565Z allowed-users = [ "flux", "root" ]
2023-05-18T08:46:54.531417742Z allowed-shells = [ "/usr/libexec/flux/flux-shell" ]
2023-05-18T08:46:54.531678937Z
2023-05-18T08:46:54.531693985Z 🐸 Broker Configuration
2023-05-18T08:46:54.532977871Z # Flux needs to know the path to the IMP executable
2023-05-18T08:46:54.532994082Z [exec]
2023-05-18T08:46:54.532999792Z imp = "/usr/libexec/flux/flux-imp"
2023-05-18T08:46:54.533004628Z
2023-05-18T08:46:54.533009171Z [access]
2023-05-18T08:46:54.533016558Z allow-guest-user = true
2023-05-18T08:46:54.533022367Z allow-root-owner = true
2023-05-18T08:46:54.533026997Z
2023-05-18T08:46:54.533032476Z # Point to resource definition generated with flux-R(1).
2023-05-18T08:46:54.533037485Z [resource]
2023-05-18T08:46:54.533042745Z path = "/etc/flux/system/R"
2023-05-18T08:46:54.533047107Z
2023-05-18T08:46:54.533068485Z [bootstrap]
2023-05-18T08:46:54.533075307Z curve_cert = "/etc/curve/curve.cert"
2023-05-18T08:46:54.533080262Z default_port = 8050
2023-05-18T08:46:54.533085072Z default_bind = "tcp://eth0:%p"
2023-05-18T08:46:54.533090762Z default_connect = "tcp://%h.flux-service.flux-operator.svc.cluster.local:%p"
2023-05-18T08:46:54.533095653Z hosts = [
2023-05-18T08:46:54.533103923Z 	{ host="flux-sample-[0-3]"},
2023-05-18T08:46:54.533108902Z ]
2023-05-18T08:46:54.533115474Z
2023-05-18T08:46:54.533121158Z [archive]
2023-05-18T08:46:54.533126140Z dbpath = "/var/lib/flux/job-archive.sqlite"
2023-05-18T08:46:54.533131405Z period = "1m"
2023-05-18T08:46:54.614589065Z busytimeout = "50s"
2023-05-18T08:46:54.614613905Z 🧊️ State Directory:
2023-05-18T08:46:54.614620004Z total 0
2023-05-18T08:46:54.614626878Z
2023-05-18T08:46:54.618548926Z
2023-05-18T08:46:54.619194217Z 🔒️ Working directory permissions:
2023-05-18T08:46:54.619397071Z total 96
2023-05-18T08:46:54.619410421Z -rwxrwxrwx 1 flux root  2517 May 17 22:32 README.txt
2023-05-18T08:46:54.619503160Z -rwxrwxrwx 1 flux root 54692 May 17 22:32 data.hns-equil
2023-05-18T08:46:54.619513543Z -rwxrwxrwx 1 flux root 13576 May 17 22:32 ffield.reax.hns
2023-05-18T08:46:54.619520815Z -rwxrwxrwx 1 flux root   870 May 17 22:32 in.reaxc.hns
2023-05-18T08:46:54.619527472Z -rwxrwxrwx 1 flux root  4172 May 17 22:32 log.8Mar18.reaxc.hns.g++.1
2023-05-18T08:46:54.619532518Z -rwxrwxrwx 1 flux root  4168 May 17 22:32 log.8Mar18.reaxc.hns.g++.4
2023-05-18T08:46:54.619537281Z
2023-05-18T08:46:54.619569307Z
2023-05-18T08:46:54.619578058Z ✨ Curve certificate generated by helper pod
2023-05-18T08:46:54.621291612Z #   ****  Generated on 2023-04-26 22:54:42 by CZMQ  ****
2023-05-18T08:46:54.621309172Z #   ZeroMQ CURVE **Secret** Certificate
2023-05-18T08:46:54.621315342Z #   DO NOT PROVIDE THIS FILE TO OTHER USERS nor change its permissions.
2023-05-18T08:46:54.621338192Z
2023-05-18T08:46:54.621345475Z metadata
2023-05-18T08:46:54.621353243Z     name = "flux-cert-generator"
2023-05-18T08:46:54.621359550Z     keygen.hostname = "flux-sample-0"
2023-05-18T08:46:54.621364764Z curve
2023-05-18T08:46:54.621370117Z     public-key = "cx}[o1<?EwX.OTcI?TW%=fswIBunm{gh=8k)/u:g"
2023-05-18T08:46:54.621375235Z     secret-key = "<je{VIh!n%@tERWV{9+ts:8nNZh#mQ]U*LDlRxhE"
2023-05-18T08:46:54.623978789Z
2023-05-18T08:46:54.624001640Z 🌀  flux start --wrap=strace,-e,network,-tt -o --config /etc/flux/config -Scron.directory=/etc/flux/system/cron.d   -Stbon.fanout=256   -Srundir=/run/flux    -Sstatedir=/var/lib/flux   -Slocal-uri=local:///run/flux/local -Stbon.connect_timeout=10s  -Stbon.zmqdebug=1  -Slog-stderr-level=6    -Slog-stderr-mode=local
2023-05-18T08:46:54.664625956Z 08:46:54.664205 socket(AF_NETLINK, SOCK_RAW, NETLINK_ROUTE) = 8
2023-05-18T08:46:54.664666543Z 08:46:54.664401 bind(8, {sa_family=AF_NETLINK, nl_pid=0, nl_groups=00000000}, 12) = 0
2023-05-18T08:46:54.664672318Z 08:46:54.664484 getsockname(8, {sa_family=AF_NETLINK, nl_pid=70, nl_groups=00000000}, [12]) = 0
2023-05-18T08:46:54.664893925Z 08:46:54.664564 sendto(8, {{len=20, type=RTM_GETADDR, flags=NLM_F_REQUEST|NLM_F_DUMP, seq=1684399614, pid=0}, {ifa_family=AF_UNSPEC, ...}}, 20, 0, {sa_family=AF_NETLINK, nl_pid=0, nl_groups=00000000}, 12) = 20
2023-05-18T08:46:54.665291638Z 08:46:54.664806 recvmsg(8, {msg_name={sa_family=AF_NETLINK, nl_pid=0, nl_groups=00000000}, msg_namelen=12, msg_iov=[{iov_base=[{{len=76, type=RTM_NEWADDR, flags=NLM_F_MULTI, seq=1684399614, pid=70}, {ifa_family=AF_INET, ifa_prefixlen=8, ifa_flags=IFA_F_PERMANENT, ifa_scope=RT_SCOPE_HOST, ifa_index=if_nametoindex("lo")}, [{{nla_len=8, nla_type=IFA_ADDRESS}, 127.0.0.1}, {{nla_len=8, nla_type=IFA_LOCAL}, 127.0.0.1}, {{nla_len=7, nla_type=IFA_LABEL}, "lo"}, {{nla_len=8, nla_type=IFA_FLAGS}, IFA_F_PERMANENT}, {{nla_len=20, nla_type=IFA_CACHEINFO}, {ifa_prefered=4294967295, ifa_valid=4294967295, cstamp=535704, tstamp=535704}}]}, {{len=88, type=RTM_NEWADDR, flags=NLM_F_MULTI, seq=1684399614, pid=70}, {ifa_family=AF_INET, ifa_prefixlen=24, ifa_flags=IFA_F_PERMANENT, ifa_scope=RT_SCOPE_UNIVERSE, ifa_index=if_nametoindex("eth0")}, [{{nla_len=8, nla_type=IFA_ADDRESS}, 10.24.3.211}, {{nla_len=8, nla_type=IFA_LOCAL}, 10.24.3.211}, {{nla_len=8, nla_type=IFA_BROADCAST}, 10.24.3.255}, {{nla_len=9, nla_type=IFA_LABEL}, "eth0"}, {{nla_len=8, nla_type=IFA_FLAGS}, IFA_F_PERMANENT}, {{nla_len=20, nla_type=IFA_CACHEINFO}, {ifa_prefered=4294967295, ifa_valid=4294967295, cstamp=535707, tstamp=535707}}]}], iov_len=4096}], msg_iovlen=1, msg_controllen=0, msg_flags=0}, 0) = 164
2023-05-18T08:46:54.665320660Z 08:46:54.665129 recvmsg(8, {msg_name={sa_family=AF_NETLINK, nl_pid=0, nl_groups=00000000}, msg_namelen=12, msg_iov=[{iov_base={{len=20, type=NLMSG_DONE, flags=NLM_F_MULTI, seq=1684399614, pid=70}, 0}, iov_len=4096}], msg_iovlen=1, msg_controllen=0, msg_flags=0}, 0) = 20
2023-05-18T08:46:54.665860378Z 08:46:54.665649 socket(AF_UNIX, SOCK_STREAM|SOCK_CLOEXEC|SOCK_NONBLOCK, 0) = 8
2023-05-18T08:46:54.666101467Z 08:46:54.665723 connect(8, {sa_family=AF_UNIX, sun_path="/var/run/nscd/socket"}, 110) = -1 ENOENT (No such file or directory)
2023-05-18T08:46:54.666156329Z 08:46:54.665845 socket(AF_UNIX, SOCK_STREAM|SOCK_CLOEXEC|SOCK_NONBLOCK, 0) = 8
2023-05-18T08:46:54.666164838Z 08:46:54.665915 connect(8, {sa_family=AF_UNIX, sun_path="/var/run/nscd/socket"}, 110) = -1 ENOENT (No such file or directory)
2023-05-18T08:46:54.667264188Z 08:46:54.667120 socket(AF_INET, SOCK_DGRAM|SOCK_CLOEXEC|SOCK_NONBLOCK, IPPROTO_IP) = 8
2023-05-18T08:46:54.667360043Z 08:46:54.667235 connect(8, {sa_family=AF_INET, sin_port=htons(53), sin_addr=inet_addr("169.254.169.254")}, 16) = 0
2023-05-18T08:46:54.667688812Z 08:46:54.667365 sendto(8, "\304m\1\0\0\1\0\0\0\0\0\0\rflux-sample-0\fflux-"..., 76, MSG_NOSIGNAL, NULL, 0) = 76
2023-05-18T08:46:54.671848980Z 08:46:54.671535 recvfrom(8, "\304m\201\200\0\1\0\1\0\0\0\0\rflux-sample-0\fflux-"..., 1024, 0, {sa_family=AF_INET, sin_port=htons(53), sin_addr=inet_addr("169.254.169.254")}, [28->16]) = 92
2023-05-18T08:46:54.678226850Z broker.info[1]: start: none->join 1.73379ms
2023-05-18T08:47:04.809824841Z broker.info[1]: parent-ready: join->init 10.131s
2023-05-18T08:47:04.810027048Z 08:47:04.809520 socketpair(AF_UNIX, SOCK_STREAM|SOCK_CLOEXEC, 0, [22, 23]) = 0
2023-05-18T08:47:04.810040461Z 08:47:04.809677 socketpair(AF_UNIX, SOCK_STREAM, 0, [24, 25]) = 0
2023-05-18T08:47:04.810088558Z 08:47:04.809889 socketpair(AF_UNIX, SOCK_STREAM, 0, [26, 27]) = 0
2023-05-18T08:47:04.810627905Z 08:47:04.810095 socketpair(AF_UNIX, SOCK_STREAM, 0, [28, 29]) = 0
2023-05-18T08:47:04.836754537Z broker.info[1]: configuration updated
2023-05-18T08:47:04.966525308Z broker.info[1]: rc1.0: running /etc/flux/rc1.d/01-sched-fluxion
2023-05-18T08:47:04.979184277Z broker.info[1]: rc1.0: running /etc/flux/rc1.d/02-cron
2023-05-18T08:47:05.017158586Z broker.info[1]: rc1.0: /etc/flux/rc1 Exited (rc=0) 0.2s
2023-05-18T08:47:05.017863177Z broker.info[1]: rc1-success: init->quorum 0.208174s
2023-05-18T08:47:05.232184898Z broker.info[1]: quorum-full: quorum->run 0.213889s
2023-05-18T08:47:16.028510285Z broker.info[1]: shutdown: run->cleanup 10.7962s
2023-05-18T08:47:16.030361521Z broker.info[1]: cleanup-none: cleanup->shutdown 1.08827ms
2023-05-18T08:47:16.031812549Z broker.info[1]: children-none: shutdown->finalize 0.951056ms
2023-05-18T08:47:16.032508169Z 08:47:16.032268 socketpair(AF_UNIX, SOCK_STREAM|SOCK_CLOEXEC, 0, [22, 23]) = 0
2023-05-18T08:47:16.032742640Z 08:47:16.032568 socketpair(AF_UNIX, SOCK_STREAM, 0, [24, 25]) = 0
2023-05-18T08:47:16.033171209Z 08:47:16.032937 socketpair(AF_UNIX, SOCK_STREAM, 0, [26, 28]) = 0
2023-05-18T08:47:16.033529070Z 08:47:16.033384 socketpair(AF_UNIX, SOCK_STREAM, 0, [58, 59]) = 0
2023-05-18T08:47:16.051276398Z broker.info[1]: rc3.0: running /etc/flux/rc3.d/01-sched-fluxion
2023-05-18T08:47:16.169828270Z broker.info[1]: rc3.0: /etc/flux/rc3 Exited (rc=0) 0.1s
2023-05-18T08:47:16.171194711Z broker.info[1]: rc3-success: finalize->goodbye 0.138773s
2023-05-18T08:47:16.172963548Z broker.info[1]: goodbye: goodbye->exit 1.14635ms
2023-05-18T08:47:16.181546870Z 08:47:16.181356 +++ exited with 0 +++
2023-05-18T08:47:16.182742732Z Return value for follower worker is 0
2023-05-18T08:47:16.182878329Z The follower worker exited cleanly. Goodbye!
