2023-05-18T12:26:50.191645713Z
2023-05-18T12:26:50.191774347Z Flux username: flux
2023-05-18T12:26:50.191780660Z
2023-05-18T12:26:50.191786281Z Flux install root: /usr
2023-05-18T12:26:50.242238921Z flux user is already added.
2023-05-18T12:26:50.245297356Z flux user identifiers:
2023-05-18T12:26:50.245340031Z uid=1234(flux) gid=1234(flux) groups=1234(flux)
2023-05-18T12:26:50.245345726Z
2023-05-18T12:26:50.245354291Z As Flux prefix for flux commands: sudo -u flux -E PYTHONPATH=/opt/conda/lib/python3.10/site-packages -E PATH=/opt/conda/bin:/usr/local/sbin:/usr/local/bin:/usr/sbin:/usr/bin:/sbin:/bin -E LD_LIBRARY_PATH=/opt/conda/lib -E HOME=/home/flux
2023-05-18T12:26:50.253317995Z
2023-05-18T12:26:50.253369191Z ðŸ‘‹ Hello, I'm flux-sample-3
2023-05-18T12:26:50.253563583Z The main host is flux-sample-0
2023-05-18T12:26:50.253575806Z The working directory is /home/flux/examples/reaxff/HNS, contents include:
2023-05-18T12:26:50.255569814Z /home/flux/examples/reaxff/HNS:
2023-05-18T12:26:50.255777271Z README.txt	ffield.reax.hns  log.8Mar18.reaxc.hns.g++.1
2023-05-18T12:26:50.255790696Z data.hns-equil	in.reaxc.hns	 log.8Mar18.reaxc.hns.g++.4
2023-05-18T12:26:50.255940568Z End of file listing, if you see nothing above there are no files.
2023-05-18T12:26:50.258213159Z flux R encode --hosts=flux-sample-[0-3]
2023-05-18T12:26:50.272784362Z
2023-05-18T12:26:50.272819539Z ðŸ“¦ Resources
2023-05-18T12:26:50.274707209Z {"version": 1, "execution": {"R_lite": [{"rank": "0-3", "children": {"core": "0"}}], "starttime": 0.0, "expiration": 0.0, "nodelist": ["flux-sample-[0-3]"]}}
2023-05-18T12:26:50.275014442Z
2023-05-18T12:26:50.275031210Z ðŸ¸ Diagnostics: false
2023-05-18T12:26:50.275239851Z ðŸš©ï¸ Flux Option Flags defined
2023-05-18T12:26:50.280165829Z
2023-05-18T12:26:50.280203151Z ðŸ¦Š Independent Minister of Privilege
2023-05-18T12:26:50.281575356Z [exec]
2023-05-18T12:26:50.281827764Z allowed-users = [ "flux", "root" ]
2023-05-18T12:26:50.281844175Z allowed-shells = [ "/usr/libexec/flux/flux-shell" ]
2023-05-18T12:26:50.282448500Z
2023-05-18T12:26:50.282479222Z ðŸ¸ Broker Configuration
2023-05-18T12:26:50.283929903Z # Flux needs to know the path to the IMP executable
2023-05-18T12:26:50.283951987Z [exec]
2023-05-18T12:26:50.283959044Z imp = "/usr/libexec/flux/flux-imp"
2023-05-18T12:26:50.283963899Z
2023-05-18T12:26:50.283970894Z [access]
2023-05-18T12:26:50.283977812Z allow-guest-user = true
2023-05-18T12:26:50.283983213Z allow-root-owner = true
2023-05-18T12:26:50.283987685Z
2023-05-18T12:26:50.283992557Z # Point to resource definition generated with flux-R(1).
2023-05-18T12:26:50.283997288Z [resource]
2023-05-18T12:26:50.284002643Z path = "/etc/flux/system/R"
2023-05-18T12:26:50.284007859Z
2023-05-18T12:26:50.284015667Z [bootstrap]
2023-05-18T12:26:50.284022017Z curve_cert = "/etc/curve/curve.cert"
2023-05-18T12:26:50.284027031Z default_port = 8050
2023-05-18T12:26:50.284031779Z default_bind = "tcp://eth0:%p"
2023-05-18T12:26:50.284037283Z default_connect = "tcp://%h.flux-service.flux-operator.svc.cluster.local:%p"
2023-05-18T12:26:50.284041959Z hosts = [
2023-05-18T12:26:50.284046400Z 	{ host="flux-sample-[0-3]"},
2023-05-18T12:26:50.284051280Z ]
2023-05-18T12:26:50.284057785Z
2023-05-18T12:26:50.284063983Z [archive]
2023-05-18T12:26:50.284105039Z dbpath = "/var/lib/flux/job-archive.sqlite"
2023-05-18T12:26:50.284110973Z period = "1m"
2023-05-18T12:26:50.378118915Z busytimeout = "50s"
2023-05-18T12:26:50.378149034Z ðŸ§Šï¸ State Directory:
2023-05-18T12:26:50.378159609Z total 0
2023-05-18T12:26:50.378164517Z
2023-05-18T12:26:50.382172513Z
2023-05-18T12:26:50.382203037Z ðŸ”’ï¸ Working directory permissions:
2023-05-18T12:26:50.382209144Z total 96
2023-05-18T12:26:50.382233094Z -rwxrwxrwx 1 flux root  2517 May 17 22:32 README.txt
2023-05-18T12:26:50.382240748Z -rwxrwxrwx 1 flux root 54692 May 17 22:32 data.hns-equil
2023-05-18T12:26:50.382245915Z -rwxrwxrwx 1 flux root 13576 May 17 22:32 ffield.reax.hns
2023-05-18T12:26:50.382251329Z -rwxrwxrwx 1 flux root   870 May 17 22:32 in.reaxc.hns
2023-05-18T12:26:50.382256978Z -rwxrwxrwx 1 flux root  4172 May 17 22:32 log.8Mar18.reaxc.hns.g++.1
2023-05-18T12:26:50.382262274Z -rwxrwxrwx 1 flux root  4168 May 17 22:32 log.8Mar18.reaxc.hns.g++.4
2023-05-18T12:26:50.382266826Z
2023-05-18T12:26:50.382273182Z
2023-05-18T12:26:50.382279109Z âœ¨ Curve certificate generated by helper pod
2023-05-18T12:26:50.383857779Z #   ****  Generated on 2023-04-26 22:54:42 by CZMQ  ****
2023-05-18T12:26:50.383878603Z #   ZeroMQ CURVE **Secret** Certificate
2023-05-18T12:26:50.383885101Z #   DO NOT PROVIDE THIS FILE TO OTHER USERS nor change its permissions.
2023-05-18T12:26:50.383903029Z
2023-05-18T12:26:50.383909512Z metadata
2023-05-18T12:26:50.383915349Z     name = "flux-cert-generator"
2023-05-18T12:26:50.383920222Z     keygen.hostname = "flux-sample-0"
2023-05-18T12:26:50.383925495Z curve
2023-05-18T12:26:50.383930450Z     public-key = "MKchm}YtGtKm.M[hc=@7QO.@Z*=-.J)Pf=]&]*zC"
2023-05-18T12:26:50.383935207Z     secret-key = "+rw7U%6(R-g1khN82TP6G!qI7ZM[5.c%!Dm87Rn@"
2023-05-18T12:26:50.385923677Z
2023-05-18T12:26:50.385950647Z ðŸŒ€  flux start --wrap=strace,-e,network,-tt -o --config /etc/flux/config -Scron.directory=/etc/flux/system/cron.d   -Stbon.fanout=256   -Srundir=/run/flux    -Sstatedir=/var/lib/flux   -Slocal-uri=local:///run/flux/local -Stbon.connect_timeout=1s  -Stbon.zmqdebug=1  -Slog-stderr-level=6    -Slog-stderr-mode=local
2023-05-18T12:26:50.434359835Z 12:26:50.434076 socket(AF_NETLINK, SOCK_RAW, NETLINK_ROUTE) = 8
2023-05-18T12:26:50.434706082Z 12:26:50.434456 bind(8, {sa_family=AF_NETLINK, nl_pid=0, nl_groups=00000000}, 12) = 0
2023-05-18T12:26:50.434885294Z 12:26:50.434648 getsockname(8, {sa_family=AF_NETLINK, nl_pid=71, nl_groups=00000000}, [12]) = 0
2023-05-18T12:26:50.435190939Z 12:26:50.434816 sendto(8, {{len=20, type=RTM_GETADDR, flags=NLM_F_REQUEST|NLM_F_DUMP, seq=1684412810, pid=0}, {ifa_family=AF_UNSPEC, ...}}, 20, 0, {sa_family=AF_NETLINK, nl_pid=0, nl_groups=00000000}, 12) = 20
2023-05-18T12:26:50.435564392Z 12:26:50.435089 recvmsg(8, {msg_name={sa_family=AF_NETLINK, nl_pid=0, nl_groups=00000000}, msg_namelen=12, msg_iov=[{iov_base=[{{len=76, type=RTM_NEWADDR, flags=NLM_F_MULTI, seq=1684412810, pid=71}, {ifa_family=AF_INET, ifa_prefixlen=8, ifa_flags=IFA_F_PERMANENT, ifa_scope=RT_SCOPE_HOST, ifa_index=if_nametoindex("lo")}, [{{nla_len=8, nla_type=IFA_ADDRESS}, 127.0.0.1}, {{nla_len=8, nla_type=IFA_LOCAL}, 127.0.0.1}, {{nla_len=7, nla_type=IFA_LABEL}, "lo"}, {{nla_len=8, nla_type=IFA_FLAGS}, IFA_F_PERMANENT}, {{nla_len=20, nla_type=IFA_CACHEINFO}, {ifa_prefered=4294967295, ifa_valid=4294967295, cstamp=1855303, tstamp=1855303}}]}, {{len=88, type=RTM_NEWADDR, flags=NLM_F_MULTI, seq=1684412810, pid=71}, {ifa_family=AF_INET, ifa_prefixlen=24, ifa_flags=IFA_F_PERMANENT, ifa_scope=RT_SCOPE_UNIVERSE, ifa_index=if_nametoindex("eth0")}, [{{nla_len=8, nla_type=IFA_ADDRESS}, 10.24.2.251}, {{nla_len=8, nla_type=IFA_LOCAL}, 10.24.2.251}, {{nla_len=8, nla_type=IFA_BROADCAST}, 10.24.2.255}, {{nla_len=9, nla_type=IFA_LABEL}, "eth0"}, {{nla_len=8, nla_type=IFA_FLAGS}, IFA_F_PERMANENT}, {{nla_len=20, nla_type=IFA_CACHEINFO}, {ifa_prefered=4294967295, ifa_valid=4294967295, cstamp=1855303, tstamp=1855303}}]}], iov_len=4096}], msg_iovlen=1, msg_controllen=0, msg_flags=0}, 0) = 164
2023-05-18T12:26:50.435719011Z 12:26:50.435435 recvmsg(8, {msg_name={sa_family=AF_NETLINK, nl_pid=0, nl_groups=00000000}, msg_namelen=12, msg_iov=[{iov_base={{len=20, type=NLMSG_DONE, flags=NLM_F_MULTI, seq=1684412810, pid=71}, 0}, iov_len=4096}], msg_iovlen=1, msg_controllen=0, msg_flags=0}, 0) = 20
2023-05-18T12:26:50.436339978Z 12:26:50.436157 socket(AF_UNIX, SOCK_STREAM|SOCK_CLOEXEC|SOCK_NONBLOCK, 0) = 8
2023-05-18T12:26:50.436596602Z 12:26:50.436372 connect(8, {sa_family=AF_UNIX, sun_path="/var/run/nscd/socket"}, 110) = -1 ENOENT (No such file or directory)
2023-05-18T12:26:50.436812587Z 12:26:50.436703 socket(AF_UNIX, SOCK_STREAM|SOCK_CLOEXEC|SOCK_NONBLOCK, 0) = 8
2023-05-18T12:26:50.437026782Z 12:26:50.436858 connect(8, {sa_family=AF_UNIX, sun_path="/var/run/nscd/socket"}, 110) = -1 ENOENT (No such file or directory)
2023-05-18T12:26:50.440246095Z 12:26:50.440032 socket(AF_INET, SOCK_DGRAM|SOCK_CLOEXEC|SOCK_NONBLOCK, IPPROTO_IP) = 8
2023-05-18T12:26:50.440338554Z 12:26:50.440178 connect(8, {sa_family=AF_INET, sin_port=htons(53), sin_addr=inet_addr("169.254.169.254")}, 16) = 0
2023-05-18T12:26:50.440817153Z 12:26:50.440360 sendto(8, ":Q\1\0\0\1\0\0\0\0\0\0\rflux-sample-0\fflux-"..., 76, MSG_NOSIGNAL, NULL, 0) = 76
2023-05-18T12:26:50.444247094Z 12:26:50.443866 recvfrom(8, ":Q\201\203\0\1\0\0\0\1\0\0\rflux-sample-0\fflux-"..., 1024, 0, {sa_family=AF_INET, sin_port=htons(53), sin_addr=inet_addr("169.254.169.254")}, [28->16]) = 172
2023-05-18T12:26:50.444565810Z 12:26:50.444329 socket(AF_INET, SOCK_DGRAM|SOCK_CLOEXEC|SOCK_NONBLOCK, IPPROTO_IP) = 8
2023-05-18T12:26:50.444584860Z 12:26:50.444443 connect(8, {sa_family=AF_INET, sin_port=htons(53), sin_addr=inet_addr("169.254.169.254")}, 16) = 0
2023-05-18T12:26:50.444832290Z 12:26:50.444582 sendto(8, "\10j\1\0\0\1\0\0\0\0\0\0\rflux-sample-0\fflux-"..., 108, MSG_NOSIGNAL, NULL, 0) = 108
2023-05-18T12:26:50.449013853Z 12:26:50.448717 recvfrom(8, "\10j\201\203\0\1\0\0\0\1\0\0\rflux-sample-0\fflux-"..., 1024, 0, {sa_family=AF_INET, sin_port=htons(53), sin_addr=inet_addr("169.254.169.254")}, [28->16]) = 204
2023-05-18T12:26:50.449139116Z 12:26:50.448954 socket(AF_INET, SOCK_DGRAM|SOCK_CLOEXEC|SOCK_NONBLOCK, IPPROTO_IP) = 8
2023-05-18T12:26:50.449230314Z 12:26:50.449060 connect(8, {sa_family=AF_INET, sin_port=htons(53), sin_addr=inet_addr("169.254.169.254")}, 16) = 0
2023-05-18T12:26:50.449462964Z 12:26:50.449208 sendto(8, "X\247\1\0\0\1\0\0\0\0\0\0\rflux-sample-0\fflux-"..., 94, MSG_NOSIGNAL, NULL, 0) = 94
2023-05-18T12:26:50.452446294Z 12:26:50.452064 recvfrom(8, "X\247\201\203\0\1\0\0\0\1\0\0\rflux-sample-0\fflux-"..., 1024, 0, {sa_family=AF_INET, sin_port=htons(53), sin_addr=inet_addr("169.254.169.254")}, [28->16]) = 190
2023-05-18T12:26:50.452576194Z 12:26:50.452289 socket(AF_INET, SOCK_DGRAM|SOCK_CLOEXEC|SOCK_NONBLOCK, IPPROTO_IP) = 8
2023-05-18T12:26:50.452702764Z 12:26:50.452379 connect(8, {sa_family=AF_INET, sin_port=htons(53), sin_addr=inet_addr("169.254.169.254")}, 16) = 0
2023-05-18T12:26:50.452820049Z 12:26:50.452553 sendto(8, "\363\253\1\0\0\1\0\0\0\0\0\0\rflux-sample-0\fflux-"..., 90, MSG_NOSIGNAL, NULL, 0) = 90
2023-05-18T12:26:50.456567502Z 12:26:50.456174 recvfrom(8, "\363\253\201\203\0\1\0\0\0\1\0\0\rflux-sample-0\fflux-"..., 1024, 0, {sa_family=AF_INET, sin_port=htons(53), sin_addr=inet_addr("169.254.169.254")}, [28->16]) = 186
2023-05-18T12:26:50.456845193Z 12:26:50.456626 socket(AF_INET, SOCK_DGRAM|SOCK_CLOEXEC|SOCK_NONBLOCK, IPPROTO_IP) = 8
2023-05-18T12:26:50.456978926Z 12:26:50.456810 connect(8, {sa_family=AF_INET, sin_port=htons(53), sin_addr=inet_addr("169.254.169.254")}, 16) = 0
2023-05-18T12:26:50.457243988Z 12:26:50.456939 sendto(8, "_\317\1\0\0\1\0\0\0\0\0\0\rflux-sample-0\fflux-"..., 111, MSG_NOSIGNAL, NULL, 0) = 111
2023-05-18T12:26:50.463092485Z 12:26:50.462692 recvfrom(8, "_\317\201\203\0\1\0\0\0\1\0\0\rflux-sample-0\fflux-"..., 1024, 0, {sa_family=AF_INET, sin_port=htons(53), sin_addr=inet_addr("169.254.169.254")}, [28->16]) = 205
2023-05-18T12:26:50.463556912Z 12:26:50.463289 socket(AF_INET, SOCK_DGRAM|SOCK_CLOEXEC|SOCK_NONBLOCK, IPPROTO_IP) = 8
2023-05-18T12:26:50.463762575Z 12:26:50.463522 connect(8, {sa_family=AF_INET, sin_port=htons(53), sin_addr=inet_addr("169.254.169.254")}, 16) = 0
2023-05-18T12:26:50.464136501Z 12:26:50.463856 sendto(8, "\322X\1\0\0\1\0\0\0\0\0\0\rflux-sample-0\fflux-"..., 97, MSG_NOSIGNAL, NULL, 0) = 97
2023-05-18T12:26:50.469530444Z 12:26:50.469107 recvfrom(8, "\322X\201\203\0\1\0\0\0\1\0\0\rflux-sample-0\fflux-"..., 1024, 0, {sa_family=AF_INET, sin_port=htons(53), sin_addr=inet_addr("169.254.169.254")}, [28->16]) = 186
2023-05-18T12:26:50.469712899Z 12:26:50.469451 socket(AF_INET, SOCK_DGRAM|SOCK_CLOEXEC|SOCK_NONBLOCK, IPPROTO_IP) = 8
2023-05-18T12:26:50.469727746Z 12:26:50.469525 connect(8, {sa_family=AF_INET, sin_port=htons(53), sin_addr=inet_addr("169.254.169.254")}, 16) = 0
2023-05-18T12:26:50.469960529Z 12:26:50.469676 sendto(8, "\363\304\1\0\0\1\0\0\0\0\0\0\rflux-sample-0\fflux-"..., 92, MSG_NOSIGNAL, NULL, 0) = 92
2023-05-18T12:26:50.475591909Z 12:26:50.475144 recvfrom(8, "\363\304\201\203\0\1\0\0\0\1\0\0\rflux-sample-0\fflux-"..., 1024, 0, {sa_family=AF_INET, sin_port=htons(53), sin_addr=inet_addr("169.254.169.254")}, [28->16]) = 181
2023-05-18T12:26:50.475748326Z broker.err[3]: Warning: unable to resolve upstream peer flux-sample-0.flux-service.flux-operator.svc.cluster.local: Name or service not known
2023-05-18T12:26:50.485723996Z broker.info[3]: start: none->join 2.30433ms
2023-05-18T12:26:52.227317454Z broker.info[3]: parent-ready: join->init 1.74399s
2023-05-18T12:26:52.227721995Z 12:26:52.227070 socketpair(AF_UNIX, SOCK_STREAM|SOCK_CLOEXEC, 0, [22, 23]) = 0
2023-05-18T12:26:52.228180078Z 12:26:52.227225 socketpair(AF_UNIX, SOCK_STREAM, 0, [24, 25]) = 0
2023-05-18T12:26:52.228387037Z 12:26:52.227472 socketpair(AF_UNIX, SOCK_STREAM, 0, [26, 27]) = 0
2023-05-18T12:26:52.228571945Z 12:26:52.227645 socketpair(AF_UNIX, SOCK_STREAM, 0, [28, 29]) = 0
2023-05-18T12:26:52.255432380Z broker.info[3]: configuration updated
2023-05-18T12:26:52.390601224Z broker.info[3]: rc1.0: running /etc/flux/rc1.d/01-sched-fluxion
2023-05-18T12:26:52.402994227Z broker.info[3]: rc1.0: running /etc/flux/rc1.d/02-cron
2023-05-18T12:26:52.429357063Z broker.info[3]: rc1.0: /etc/flux/rc1 Exited (rc=0) 0.2s
2023-05-18T12:26:52.430359562Z broker.info[3]: rc1-success: init->quorum 0.203023s
2023-05-18T12:26:52.553246478Z broker.info[3]: quorum-full: quorum->run 0.122506s
2023-05-18T12:26:53.177821679Z 12:26:53.177431 socketpair(AF_UNIX, SOCK_STREAM|SOCK_CLOEXEC, 0, [22, 23]) = 0
2023-05-18T12:26:53.178397216Z 12:26:53.177616 socketpair(AF_UNIX, SOCK_STREAM, 0, [24, 25]) = 0
2023-05-18T12:26:53.178626497Z 12:26:53.177810 socketpair(AF_UNIX, SOCK_STREAM, 0, [26, 28]) = 0
2023-05-18T12:26:53.178849523Z 12:26:53.178044 socketpair(AF_UNIX, SOCK_STREAM, 0, [58, 59]) = 0
2023-05-18T12:27:03.970109874Z broker.info[3]: shutdown: run->cleanup 11.4167s
2023-05-18T12:27:03.972126683Z broker.info[3]: cleanup-none: cleanup->shutdown 1.16846ms
2023-05-18T12:27:03.973790746Z broker.info[3]: children-none: shutdown->finalize 0.973813ms
2023-05-18T12:27:03.974599136Z 12:27:03.974300 socketpair(AF_UNIX, SOCK_STREAM|SOCK_CLOEXEC, 0, [22, 23]) = 0
2023-05-18T12:27:03.974954913Z 12:27:03.974714 socketpair(AF_UNIX, SOCK_STREAM, 0, [24, 25]) = 0
2023-05-18T12:27:03.975440407Z 12:27:03.975135 socketpair(AF_UNIX, SOCK_STREAM, 0, [26, 28]) = 0
2023-05-18T12:27:03.976003027Z 12:27:03.975688 socketpair(AF_UNIX, SOCK_STREAM, 0, [58, 59]) = 0
2023-05-18T12:27:03.995692530Z broker.info[3]: rc3.0: running /etc/flux/rc3.d/01-sched-fluxion
2023-05-18T12:27:04.133124386Z broker.info[3]: rc3.0: /etc/flux/rc3 Exited (rc=0) 0.2s
2023-05-18T12:27:04.134438997Z broker.info[3]: rc3-success: finalize->goodbye 0.159953s
2023-05-18T12:27:04.142826487Z broker.info[3]: goodbye: goodbye->exit 7.65822ms
2023-05-18T12:27:04.154843624Z 12:27:04.154570 +++ exited with 0 +++
2023-05-18T12:27:04.156266712Z Return value for follower worker is 0
2023-05-18T12:27:04.156394415Z The follower worker exited cleanly. Goodbye!
