2023-05-18T12:53:01.824113387Z
2023-05-18T12:53:01.824149796Z Flux username: flux
2023-05-18T12:53:01.824156576Z
2023-05-18T12:53:01.824171532Z Flux install root: /usr
2023-05-18T12:53:01.873144040Z flux user is already added.
2023-05-18T12:53:01.875823200Z flux user identifiers:
2023-05-18T12:53:01.875842565Z uid=1234(flux) gid=1234(flux) groups=1234(flux)
2023-05-18T12:53:01.875848417Z
2023-05-18T12:53:01.875854283Z As Flux prefix for flux commands: sudo -u flux -E PYTHONPATH=/opt/conda/lib/python3.10/site-packages -E PATH=/opt/conda/bin:/usr/local/sbin:/usr/local/bin:/usr/sbin:/usr/bin:/sbin:/bin -E LD_LIBRARY_PATH=/opt/conda/lib -E HOME=/home/flux
2023-05-18T12:53:01.882704096Z
2023-05-18T12:53:01.882724435Z ðŸ‘‹ Hello, I'm flux-sample-1
2023-05-18T12:53:01.882875094Z The main host is flux-sample-0
2023-05-18T12:53:01.882887309Z The working directory is /home/flux/examples/reaxff/HNS, contents include:
2023-05-18T12:53:01.884833496Z /home/flux/examples/reaxff/HNS:
2023-05-18T12:53:01.884998011Z README.txt	ffield.reax.hns  log.8Mar18.reaxc.hns.g++.1
2023-05-18T12:53:01.885010453Z data.hns-equil	in.reaxc.hns	 log.8Mar18.reaxc.hns.g++.4
2023-05-18T12:53:01.885118032Z End of file listing, if you see nothing above there are no files.
2023-05-18T12:53:01.887214515Z flux R encode --hosts=flux-sample-[0-3]
2023-05-18T12:53:01.900611598Z
2023-05-18T12:53:01.900634542Z ðŸ“¦ Resources
2023-05-18T12:53:01.902143114Z {"version": 1, "execution": {"R_lite": [{"rank": "0-3", "children": {"core": "0"}}], "starttime": 0.0, "expiration": 0.0, "nodelist": ["flux-sample-[0-3]"]}}
2023-05-18T12:53:01.902442542Z
2023-05-18T12:53:01.902459685Z ðŸ¸ Diagnostics: false
2023-05-18T12:53:01.902671583Z ðŸš©ï¸ Flux Option Flags defined
2023-05-18T12:53:01.907286703Z
2023-05-18T12:53:01.907305321Z ðŸ¦Š Independent Minister of Privilege
2023-05-18T12:53:01.908567698Z [exec]
2023-05-18T12:53:01.908584263Z allowed-users = [ "flux", "root" ]
2023-05-18T12:53:01.908590590Z allowed-shells = [ "/usr/libexec/flux/flux-shell" ]
2023-05-18T12:53:01.908780124Z
2023-05-18T12:53:01.908793641Z ðŸ¸ Broker Configuration
2023-05-18T12:53:01.910081458Z # Flux needs to know the path to the IMP executable
2023-05-18T12:53:01.910098341Z [exec]
2023-05-18T12:53:01.910104228Z imp = "/usr/libexec/flux/flux-imp"
2023-05-18T12:53:01.910108866Z
2023-05-18T12:53:01.910113482Z [access]
2023-05-18T12:53:01.910120955Z allow-guest-user = true
2023-05-18T12:53:01.910126416Z allow-root-owner = true
2023-05-18T12:53:01.910130823Z
2023-05-18T12:53:01.910135537Z # Point to resource definition generated with flux-R(1).
2023-05-18T12:53:01.910140218Z [resource]
2023-05-18T12:53:01.910150451Z path = "/etc/flux/system/R"
2023-05-18T12:53:01.910154736Z
2023-05-18T12:53:01.910161650Z [bootstrap]
2023-05-18T12:53:01.910176340Z curve_cert = "/etc/curve/curve.cert"
2023-05-18T12:53:01.910181563Z default_port = 8050
2023-05-18T12:53:01.910186127Z default_bind = "tcp://eth0:%p"
2023-05-18T12:53:01.910191366Z default_connect = "tcp://%h.flux-service.flux-operator.svc.cluster.local:%p"
2023-05-18T12:53:01.910196170Z hosts = [
2023-05-18T12:53:01.910200844Z 	{ host="flux-sample-[0-3]"},
2023-05-18T12:53:01.910205869Z ]
2023-05-18T12:53:01.910212304Z
2023-05-18T12:53:01.910218043Z [archive]
2023-05-18T12:53:01.910223076Z dbpath = "/var/lib/flux/job-archive.sqlite"
2023-05-18T12:53:01.910227901Z period = "1m"
2023-05-18T12:53:01.989223843Z busytimeout = "50s"
2023-05-18T12:53:01.989277616Z ðŸ§Šï¸ State Directory:
2023-05-18T12:53:01.989285677Z total 0
2023-05-18T12:53:01.989300556Z
2023-05-18T12:53:01.991914260Z
2023-05-18T12:53:01.991945623Z ðŸ”’ï¸ Working directory permissions:
2023-05-18T12:53:01.991951890Z total 96
2023-05-18T12:53:01.991957520Z -rwxrwxrwx 1 flux root  2517 May 17 22:32 README.txt
2023-05-18T12:53:01.991962326Z -rwxrwxrwx 1 flux root 54692 May 17 22:32 data.hns-equil
2023-05-18T12:53:01.991966984Z -rwxrwxrwx 1 flux root 13576 May 17 22:32 ffield.reax.hns
2023-05-18T12:53:01.991973966Z -rwxrwxrwx 1 flux root   870 May 17 22:32 in.reaxc.hns
2023-05-18T12:53:01.991980560Z -rwxrwxrwx 1 flux root  4172 May 17 22:32 log.8Mar18.reaxc.hns.g++.1
2023-05-18T12:53:01.992056295Z -rwxrwxrwx 1 flux root  4168 May 17 22:32 log.8Mar18.reaxc.hns.g++.4
2023-05-18T12:53:01.992064876Z
2023-05-18T12:53:01.992070768Z
2023-05-18T12:53:01.992170717Z âœ¨ Curve certificate generated by helper pod
2023-05-18T12:53:01.993682341Z #   ****  Generated on 2023-04-26 22:54:42 by CZMQ  ****
2023-05-18T12:53:01.993698810Z #   ZeroMQ CURVE **Secret** Certificate
2023-05-18T12:53:01.993705924Z #   DO NOT PROVIDE THIS FILE TO OTHER USERS nor change its permissions.
2023-05-18T12:53:01.993711038Z
2023-05-18T12:53:01.993715907Z metadata
2023-05-18T12:53:01.993730123Z     name = "flux-cert-generator"
2023-05-18T12:53:01.993735116Z     keygen.hostname = "flux-sample-0"
2023-05-18T12:53:01.993739696Z curve
2023-05-18T12:53:01.993746859Z     public-key = "mO!>6]!@8O.c%ZGWB8aT9W^Jz^bB&h8&.(>&Cu1t"
2023-05-18T12:53:01.993752944Z     secret-key = "(f[G>nGcUND$b3F[Qfzgxdhu6-E9uwI<5%R)m=>6"
2023-05-18T12:53:01.996125113Z
2023-05-18T12:53:01.996144048Z ðŸŒ€  flux start --wrap=strace,-e,network,-tt -o --config /etc/flux/config -Scron.directory=/etc/flux/system/cron.d   -Stbon.fanout=256   -Srundir=/run/flux    -Sstatedir=/var/lib/flux   -Slocal-uri=local:///run/flux/local -Stbon.connect_timeout=5s  -Stbon.zmqdebug=1  -Slog-stderr-level=6    -Slog-stderr-mode=local
2023-05-18T12:53:02.034693391Z 12:53:02.034381 socket(AF_NETLINK, SOCK_RAW, NETLINK_ROUTE) = 8
2023-05-18T12:53:02.035046359Z 12:53:02.034763 bind(8, {sa_family=AF_NETLINK, nl_pid=0, nl_groups=00000000}, 12) = 0
2023-05-18T12:53:02.035264072Z 12:53:02.035013 getsockname(8, {sa_family=AF_NETLINK, nl_pid=70, nl_groups=00000000}, [12]) = 0
2023-05-18T12:53:02.035509909Z 12:53:02.035140 sendto(8, {{len=20, type=RTM_GETADDR, flags=NLM_F_REQUEST|NLM_F_DUMP, seq=1684414382, pid=0}, {ifa_family=AF_UNSPEC, ...}}, 20, 0, {sa_family=AF_NETLINK, nl_pid=0, nl_groups=00000000}, 12) = 20
2023-05-18T12:53:02.035791256Z 12:53:02.035409 recvmsg(8, {msg_name={sa_family=AF_NETLINK, nl_pid=0, nl_groups=00000000}, msg_namelen=12, msg_iov=[{iov_base=[{{len=76, type=RTM_NEWADDR, flags=NLM_F_MULTI, seq=1684414382, pid=70}, {ifa_family=AF_INET, ifa_prefixlen=8, ifa_flags=IFA_F_PERMANENT, ifa_scope=RT_SCOPE_HOST, ifa_index=if_nametoindex("lo")}, [{{nla_len=8, nla_type=IFA_ADDRESS}, 127.0.0.1}, {{nla_len=8, nla_type=IFA_LOCAL}, 127.0.0.1}, {{nla_len=7, nla_type=IFA_LABEL}, "lo"}, {{nla_len=8, nla_type=IFA_FLAGS}, IFA_F_PERMANENT}, {{nla_len=20, nla_type=IFA_CACHEINFO}, {ifa_prefered=4294967295, ifa_valid=4294967295, cstamp=2012708, tstamp=2012708}}]}, {{len=88, type=RTM_NEWADDR, flags=NLM_F_MULTI, seq=1684414382, pid=70}, {ifa_family=AF_INET, ifa_prefixlen=24, ifa_flags=IFA_F_PERMANENT, ifa_scope=RT_SCOPE_UNIVERSE, ifa_index=if_nametoindex("eth0")}, [{{nla_len=8, nla_type=IFA_ADDRESS}, 10.24.0.79}, {{nla_len=8, nla_type=IFA_LOCAL}, 10.24.0.79}, {{nla_len=8, nla_type=IFA_BROADCAST}, 10.24.0.255}, {{nla_len=9, nla_type=IFA_LABEL}, "eth0"}, {{nla_len=8, nla_type=IFA_FLAGS}, IFA_F_PERMANENT}, {{nla_len=20, nla_type=IFA_CACHEINFO}, {ifa_prefered=4294967295, ifa_valid=4294967295, cstamp=2012712, tstamp=2012712}}]}], iov_len=4096}], msg_iovlen=1, msg_controllen=0, msg_flags=0}, 0) = 164
2023-05-18T12:53:02.035915531Z 12:53:02.035692 recvmsg(8, {msg_name={sa_family=AF_NETLINK, nl_pid=0, nl_groups=00000000}, msg_namelen=12, msg_iov=[{iov_base={{len=20, type=NLMSG_DONE, flags=NLM_F_MULTI, seq=1684414382, pid=70}, 0}, iov_len=4096}], msg_iovlen=1, msg_controllen=0, msg_flags=0}, 0) = 20
2023-05-18T12:53:02.036424044Z 12:53:02.036219 socket(AF_UNIX, SOCK_STREAM|SOCK_CLOEXEC|SOCK_NONBLOCK, 0) = 8
2023-05-18T12:53:02.036602007Z 12:53:02.036305 connect(8, {sa_family=AF_UNIX, sun_path="/var/run/nscd/socket"}, 110) = -1 ENOENT (No such file or directory)
2023-05-18T12:53:02.036614127Z 12:53:02.036412 socket(AF_UNIX, SOCK_STREAM|SOCK_CLOEXEC|SOCK_NONBLOCK, 0) = 8
2023-05-18T12:53:02.036619830Z 12:53:02.036465 connect(8, {sa_family=AF_UNIX, sun_path="/var/run/nscd/socket"}, 110) = -1 ENOENT (No such file or directory)
2023-05-18T12:53:02.037937546Z 12:53:02.037743 socket(AF_INET, SOCK_DGRAM|SOCK_CLOEXEC|SOCK_NONBLOCK, IPPROTO_IP) = 8
2023-05-18T12:53:02.038263033Z 12:53:02.037835 connect(8, {sa_family=AF_INET, sin_port=htons(53), sin_addr=inet_addr("169.254.169.254")}, 16) = 0
2023-05-18T12:53:02.038278835Z 12:53:02.037958 sendto(8, "\212z\1\0\0\1\0\0\0\0\0\0\rflux-sample-0\fflux-"..., 76, MSG_NOSIGNAL, NULL, 0) = 76
2023-05-18T12:53:02.042259832Z 12:53:02.042054 recvfrom(8, "\212z\201\200\0\1\0\1\0\0\0\0\rflux-sample-0\fflux-"..., 1024, 0, {sa_family=AF_INET, sin_port=htons(53), sin_addr=inet_addr("169.254.169.254")}, [28->16]) = 92
2023-05-18T12:53:02.046765142Z broker.info[1]: start: none->join 1.91878ms
2023-05-18T12:53:07.171765114Z broker.info[1]: parent-ready: join->init 5.12484s
2023-05-18T12:53:07.171974679Z 12:53:07.171761 socketpair(AF_UNIX, SOCK_STREAM|SOCK_CLOEXEC, 0, [22, 23]) = 0
2023-05-18T12:53:07.172130286Z 12:53:07.171878 socketpair(AF_UNIX, SOCK_STREAM, 0, [24, 25]) = 0
2023-05-18T12:53:07.172287288Z 12:53:07.172105 socketpair(AF_UNIX, SOCK_STREAM, 0, [26, 27]) = 0
2023-05-18T12:53:07.172468377Z 12:53:07.172312 socketpair(AF_UNIX, SOCK_STREAM, 0, [28, 29]) = 0
2023-05-18T12:53:07.196682925Z broker.info[1]: configuration updated
2023-05-18T12:53:07.309994805Z broker.info[1]: rc1.0: running /etc/flux/rc1.d/01-sched-fluxion
2023-05-18T12:53:07.320855165Z broker.info[1]: rc1.0: running /etc/flux/rc1.d/02-cron
2023-05-18T12:53:07.351290644Z broker.info[1]: rc1.0: /etc/flux/rc1 Exited (rc=0) 0.2s
2023-05-18T12:53:07.351897562Z broker.info[1]: rc1-success: init->quorum 0.179955s
2023-05-18T12:53:08.221314075Z broker.info[1]: quorum-full: quorum->run 0.868961s
2023-05-18T12:53:19.752486901Z broker.info[1]: shutdown: run->cleanup 11.5255s
2023-05-18T12:53:19.752536250Z broker.info[1]: cleanup-none: cleanup->shutdown 1.21541ms
2023-05-18T12:53:19.752543672Z broker.info[1]: children-none: shutdown->finalize 0.992144ms
2023-05-18T12:53:19.752551012Z 12:53:19.749593 socketpair(AF_UNIX, SOCK_STREAM|SOCK_CLOEXEC, 0, [22, 23]) = 0
2023-05-18T12:53:19.752556599Z 12:53:19.749768 socketpair(AF_UNIX, SOCK_STREAM, 0, [24, 25]) = 0
2023-05-18T12:53:19.752563947Z 12:53:19.750011 socketpair(AF_UNIX, SOCK_STREAM, 0, [26, 28]) = 0
2023-05-18T12:53:19.752571087Z 12:53:19.750243 socketpair(AF_UNIX, SOCK_STREAM, 0, [58, 59]) = 0
2023-05-18T12:53:19.772445027Z broker.info[1]: rc3.0: running /etc/flux/rc3.d/01-sched-fluxion
2023-05-18T12:53:19.894267783Z broker.info[1]: rc3.0: /etc/flux/rc3 Exited (rc=0) 0.1s
2023-05-18T12:53:19.894825323Z broker.info[1]: rc3-success: finalize->goodbye 0.145053s
2023-05-18T12:53:19.895879414Z broker.info[1]: goodbye: goodbye->exit 0.878103ms
2023-05-18T12:53:19.902656168Z 12:53:19.902516 +++ exited with 0 +++
2023-05-18T12:53:19.903823773Z Return value for follower worker is 0
2023-05-18T12:53:19.903929669Z The follower worker exited cleanly. Goodbye!
