2023-05-18T13:33:30.758483031Z
2023-05-18T13:33:30.758555724Z Flux username: flux
2023-05-18T13:33:30.758563418Z
2023-05-18T13:33:30.758571230Z Flux install root: /usr
2023-05-18T13:33:30.808686353Z flux user is already added.
2023-05-18T13:33:30.812048124Z flux user identifiers:
2023-05-18T13:33:30.812083328Z uid=1234(flux) gid=1234(flux) groups=1234(flux)
2023-05-18T13:33:30.812089314Z
2023-05-18T13:33:30.812098613Z As Flux prefix for flux commands: sudo -u flux -E PYTHONPATH=/opt/conda/lib/python3.10/site-packages -E PATH=/opt/conda/bin:/usr/local/sbin:/usr/local/bin:/usr/sbin:/usr/bin:/sbin:/bin -E LD_LIBRARY_PATH=/opt/conda/lib -E HOME=/home/flux
2023-05-18T13:33:30.820514523Z
2023-05-18T13:33:30.820549722Z ðŸ‘‹ Hello, I'm flux-sample-3
2023-05-18T13:33:30.820737597Z The main host is flux-sample-0
2023-05-18T13:33:30.820751558Z The working directory is /home/flux/examples/reaxff/HNS, contents include:
2023-05-18T13:33:30.822344886Z /home/flux/examples/reaxff/HNS:
2023-05-18T13:33:30.822446804Z README.txt	ffield.reax.hns  log.8Mar18.reaxc.hns.g++.1
2023-05-18T13:33:30.822456885Z data.hns-equil	in.reaxc.hns	 log.8Mar18.reaxc.hns.g++.4
2023-05-18T13:33:30.822692038Z End of file listing, if you see nothing above there are no files.
2023-05-18T13:33:30.824441746Z flux R encode --hosts=flux-sample-[0-3]
2023-05-18T13:33:30.839785112Z
2023-05-18T13:33:30.839822175Z ðŸ“¦ Resources
2023-05-18T13:33:30.841695584Z {"version": 1, "execution": {"R_lite": [{"rank": "0-3", "children": {"core": "0"}}], "starttime": 0.0, "expiration": 0.0, "nodelist": ["flux-sample-[0-3]"]}}
2023-05-18T13:33:30.842068388Z
2023-05-18T13:33:30.842087925Z ðŸ¸ Diagnostics: false
2023-05-18T13:33:30.842344912Z ðŸš©ï¸ Flux Option Flags defined
2023-05-18T13:33:30.847533621Z
2023-05-18T13:33:30.847568511Z ðŸ¦Š Independent Minister of Privilege
2023-05-18T13:33:30.849228000Z [exec]
2023-05-18T13:33:30.849258089Z allowed-users = [ "flux", "root" ]
2023-05-18T13:33:30.849265739Z allowed-shells = [ "/usr/libexec/flux/flux-shell" ]
2023-05-18T13:33:30.849638471Z
2023-05-18T13:33:30.849669221Z ðŸ¸ Broker Configuration
2023-05-18T13:33:30.851123620Z # Flux needs to know the path to the IMP executable
2023-05-18T13:33:30.851147606Z [exec]
2023-05-18T13:33:30.851154002Z imp = "/usr/libexec/flux/flux-imp"
2023-05-18T13:33:30.851158784Z
2023-05-18T13:33:30.851163079Z [access]
2023-05-18T13:33:30.851168595Z allow-guest-user = true
2023-05-18T13:33:30.851173578Z allow-root-owner = true
2023-05-18T13:33:30.851180073Z
2023-05-18T13:33:30.851186551Z # Point to resource definition generated with flux-R(1).
2023-05-18T13:33:30.851191649Z [resource]
2023-05-18T13:33:30.851196825Z path = "/etc/flux/system/R"
2023-05-18T13:33:30.851201453Z
2023-05-18T13:33:30.851206345Z [bootstrap]
2023-05-18T13:33:30.851211218Z curve_cert = "/etc/curve/curve.cert"
2023-05-18T13:33:30.851215977Z default_port = 8050
2023-05-18T13:33:30.851223039Z default_bind = "tcp://eth0:%p"
2023-05-18T13:33:30.851229662Z default_connect = "tcp://%h.flux-service.flux-operator.svc.cluster.local:%p"
2023-05-18T13:33:30.851234595Z hosts = [
2023-05-18T13:33:30.851239101Z 	{ host="flux-sample-[0-3]"},
2023-05-18T13:33:30.851243348Z ]
2023-05-18T13:33:30.851246433Z
2023-05-18T13:33:30.851249530Z [archive]
2023-05-18T13:33:30.851252832Z dbpath = "/var/lib/flux/job-archive.sqlite"
2023-05-18T13:33:30.851258065Z period = "1m"
2023-05-18T13:33:30.973254552Z busytimeout = "50s"
2023-05-18T13:33:30.973297687Z ðŸ§Šï¸ State Directory:
2023-05-18T13:33:30.973304280Z total 0
2023-05-18T13:33:30.973311949Z
2023-05-18T13:33:30.976793185Z
2023-05-18T13:33:30.976838122Z ðŸ”’ï¸ Working directory permissions:
2023-05-18T13:33:30.976845582Z total 96
2023-05-18T13:33:30.976851382Z -rwxrwxrwx 1 flux root  2517 May 17 22:32 README.txt
2023-05-18T13:33:30.976856150Z -rwxrwxrwx 1 flux root 54692 May 17 22:32 data.hns-equil
2023-05-18T13:33:30.976861573Z -rwxrwxrwx 1 flux root 13576 May 17 22:32 ffield.reax.hns
2023-05-18T13:33:30.976868655Z -rwxrwxrwx 1 flux root   870 May 17 22:32 in.reaxc.hns
2023-05-18T13:33:30.976875014Z -rwxrwxrwx 1 flux root  4172 May 17 22:32 log.8Mar18.reaxc.hns.g++.1
2023-05-18T13:33:30.976880244Z -rwxrwxrwx 1 flux root  4168 May 17 22:32 log.8Mar18.reaxc.hns.g++.4
2023-05-18T13:33:30.976885046Z
2023-05-18T13:33:30.976973946Z
2023-05-18T13:33:30.976987389Z âœ¨ Curve certificate generated by helper pod
2023-05-18T13:33:30.978747796Z #   ****  Generated on 2023-04-26 22:54:42 by CZMQ  ****
2023-05-18T13:33:30.978770725Z #   ZeroMQ CURVE **Secret** Certificate
2023-05-18T13:33:30.978776865Z #   DO NOT PROVIDE THIS FILE TO OTHER USERS nor change its permissions.
2023-05-18T13:33:30.978781544Z
2023-05-18T13:33:30.978786573Z metadata
2023-05-18T13:33:30.978792568Z     name = "flux-cert-generator"
2023-05-18T13:33:30.978800122Z     keygen.hostname = "flux-sample-0"
2023-05-18T13:33:30.978806541Z curve
2023-05-18T13:33:30.978811798Z     public-key = "tN@P>]CuijN0cIi0{nC$qnUqIZ12E)TR1Q%xvU3!"
2023-05-18T13:33:30.978817057Z     secret-key = "}[j(yxgUT>v3zY-LnItlM*S(DF>?m7H4Q.>.Uwub"
2023-05-18T13:33:30.981213878Z
2023-05-18T13:33:30.981243065Z ðŸŒ€  flux start --wrap=strace,-e,network,-tt -o --config /etc/flux/config -Scron.directory=/etc/flux/system/cron.d   -Stbon.fanout=256   -Srundir=/run/flux    -Sstatedir=/var/lib/flux   -Slocal-uri=local:///run/flux/local -Stbon.connect_timeout=10s  -Stbon.zmqdebug=1  -Slog-stderr-level=6    -Slog-stderr-mode=local
2023-05-18T13:33:31.023025034Z 13:33:31.022736 socket(AF_NETLINK, SOCK_RAW, NETLINK_ROUTE) = 8
2023-05-18T13:33:31.023237800Z 13:33:31.022911 bind(8, {sa_family=AF_NETLINK, nl_pid=0, nl_groups=00000000}, 12) = 0
2023-05-18T13:33:31.023339820Z 13:33:31.023148 getsockname(8, {sa_family=AF_NETLINK, nl_pid=70, nl_groups=00000000}, [12]) = 0
2023-05-18T13:33:31.025818606Z 13:33:31.023273 sendto(8, {{len=20, type=RTM_GETADDR, flags=NLM_F_REQUEST|NLM_F_DUMP, seq=1684416811, pid=0}, {ifa_family=AF_UNSPEC, ...}}, 20, 0, {sa_family=AF_NETLINK, nl_pid=0, nl_groups=00000000}, 12) = 20
2023-05-18T13:33:31.025855121Z 13:33:31.023534 recvmsg(8, {msg_name={sa_family=AF_NETLINK, nl_pid=0, nl_groups=00000000}, msg_namelen=12, msg_iov=[{iov_base=[{{len=76, type=RTM_NEWADDR, flags=NLM_F_MULTI, seq=1684416811, pid=70}, {ifa_family=AF_INET, ifa_prefixlen=8, ifa_flags=IFA_F_PERMANENT, ifa_scope=RT_SCOPE_HOST, ifa_index=if_nametoindex("lo")}, [{{nla_len=8, nla_type=IFA_ADDRESS}, 127.0.0.1}, {{nla_len=8, nla_type=IFA_LOCAL}, 127.0.0.1}, {{nla_len=7, nla_type=IFA_LABEL}, "lo"}, {{nla_len=8, nla_type=IFA_FLAGS}, IFA_F_PERMANENT}, {{nla_len=20, nla_type=IFA_CACHEINFO}, {ifa_prefered=4294967295, ifa_valid=4294967295, cstamp=2255385, tstamp=2255385}}]}, {{len=88, type=RTM_NEWADDR, flags=NLM_F_MULTI, seq=1684416811, pid=70}, {ifa_family=AF_INET, ifa_prefixlen=24, ifa_flags=IFA_F_PERMANENT, ifa_scope=RT_SCOPE_UNIVERSE, ifa_index=if_nametoindex("eth0")}, [{{nla_len=8, nla_type=IFA_ADDRESS}, 10.24.2.127}, {{nla_len=8, nla_type=IFA_LOCAL}, 10.24.2.127}, {{nla_len=8, nla_type=IFA_BROADCAST}, 10.24.2.255}, {{nla_len=9, nla_type=IFA_LABEL}, "eth0"}, {{nla_len=8, nla_type=IFA_FLAGS}, IFA_F_PERMANENT}, {{nla_len=20, nla_type=IFA_CACHEINFO}, {ifa_prefered=4294967295, ifa_valid=4294967295, cstamp=2255391, tstamp=2255391}}]}], iov_len=4096}], msg_iovlen=1, msg_controllen=0, msg_flags=0}, 0) = 164
2023-05-18T13:33:31.025866334Z 13:33:31.023889 recvmsg(8, {msg_name={sa_family=AF_NETLINK, nl_pid=0, nl_groups=00000000}, msg_namelen=12, msg_iov=[{iov_base={{len=20, type=NLMSG_DONE, flags=NLM_F_MULTI, seq=1684416811, pid=70}, 0}, iov_len=4096}], msg_iovlen=1, msg_controllen=0, msg_flags=0}, 0) = 20
2023-05-18T13:33:31.025897544Z 13:33:31.024459 socket(AF_UNIX, SOCK_STREAM|SOCK_CLOEXEC|SOCK_NONBLOCK, 0) = 8
2023-05-18T13:33:31.025903411Z 13:33:31.024528 connect(8, {sa_family=AF_UNIX, sun_path="/var/run/nscd/socket"}, 110) = -1 ENOENT (No such file or directory)
2023-05-18T13:33:31.025908036Z 13:33:31.024648 socket(AF_UNIX, SOCK_STREAM|SOCK_CLOEXEC|SOCK_NONBLOCK, 0) = 8
2023-05-18T13:33:31.025912746Z 13:33:31.024730 connect(8, {sa_family=AF_UNIX, sun_path="/var/run/nscd/socket"}, 110) = -1 ENOENT (No such file or directory)
2023-05-18T13:33:31.026351193Z 13:33:31.026086 socket(AF_INET, SOCK_DGRAM|SOCK_CLOEXEC|SOCK_NONBLOCK, IPPROTO_IP) = 8
2023-05-18T13:33:31.026366319Z 13:33:31.026171 connect(8, {sa_family=AF_INET, sin_port=htons(53), sin_addr=inet_addr("169.254.169.254")}, 16) = 0
2023-05-18T13:33:31.026693369Z 13:33:31.026288 sendto(8, "W\211\1\0\0\1\0\0\0\0\0\0\rflux-sample-0\fflux-"..., 76, MSG_NOSIGNAL, NULL, 0) = 76
2023-05-18T13:33:31.031737439Z 13:33:31.031302 recvfrom(8, "W\211\201\203\0\1\0\0\0\1\0\0\rflux-sample-0\fflux-"..., 1024, 0, {sa_family=AF_INET, sin_port=htons(53), sin_addr=inet_addr("169.254.169.254")}, [28->16]) = 172
2023-05-18T13:33:31.031775551Z 13:33:31.031556 socket(AF_INET, SOCK_DGRAM|SOCK_CLOEXEC|SOCK_NONBLOCK, IPPROTO_IP) = 8
2023-05-18T13:33:31.031868722Z 13:33:31.031627 connect(8, {sa_family=AF_INET, sin_port=htons(53), sin_addr=inet_addr("169.254.169.254")}, 16) = 0
2023-05-18T13:33:31.031961523Z 13:33:31.031755 sendto(8, "\366\203\1\0\0\1\0\0\0\0\0\0\rflux-sample-0\fflux-"..., 108, MSG_NOSIGNAL, NULL, 0) = 108
2023-05-18T13:33:31.036416632Z 13:33:31.035912 recvfrom(8, "\366\203\201\203\0\1\0\0\0\1\0\0\rflux-sample-0\fflux-"..., 1024, 0, {sa_family=AF_INET, sin_port=htons(53), sin_addr=inet_addr("169.254.169.254")}, [28->16]) = 204
2023-05-18T13:33:31.036510759Z 13:33:31.036171 socket(AF_INET, SOCK_DGRAM|SOCK_CLOEXEC|SOCK_NONBLOCK, IPPROTO_IP) = 8
2023-05-18T13:33:31.036534685Z 13:33:31.036268 connect(8, {sa_family=AF_INET, sin_port=htons(53), sin_addr=inet_addr("169.254.169.254")}, 16) = 0
2023-05-18T13:33:31.036643307Z 13:33:31.036411 sendto(8, "\17\217\1\0\0\1\0\0\0\0\0\0\rflux-sample-0\fflux-"..., 94, MSG_NOSIGNAL, NULL, 0) = 94
2023-05-18T13:33:31.040802374Z 13:33:31.040255 recvfrom(8, "\17\217\201\203\0\1\0\0\0\1\0\0\rflux-sample-0\fflux-"..., 1024, 0, {sa_family=AF_INET, sin_port=htons(53), sin_addr=inet_addr("169.254.169.254")}, [28->16]) = 190
2023-05-18T13:33:31.040993666Z 13:33:31.040578 socket(AF_INET, SOCK_DGRAM|SOCK_CLOEXEC|SOCK_NONBLOCK, IPPROTO_IP) = 8
2023-05-18T13:33:31.041010551Z 13:33:31.040689 connect(8, {sa_family=AF_INET, sin_port=htons(53), sin_addr=inet_addr("169.254.169.254")}, 16) = 0
2023-05-18T13:33:31.041025135Z 13:33:31.040808 sendto(8, "\2021\1\0\0\1\0\0\0\0\0\0\rflux-sample-0\fflux-"..., 90, MSG_NOSIGNAL, NULL, 0) = 90
2023-05-18T13:33:31.045706960Z 13:33:31.045016 recvfrom(8, "\2021\201\203\0\1\0\0\0\1\0\0\rflux-sample-0\fflux-"..., 1024, 0, {sa_family=AF_INET, sin_port=htons(53), sin_addr=inet_addr("169.254.169.254")}, [28->16]) = 186
2023-05-18T13:33:31.045841959Z 13:33:31.045393 socket(AF_INET, SOCK_DGRAM|SOCK_CLOEXEC|SOCK_NONBLOCK, IPPROTO_IP) = 8
2023-05-18T13:33:31.045861403Z 13:33:31.045510 connect(8, {sa_family=AF_INET, sin_port=htons(53), sin_addr=inet_addr("169.254.169.254")}, 16) = 0
2023-05-18T13:33:31.046015249Z 13:33:31.045642 sendto(8, "\253\371\1\0\0\1\0\0\0\0\0\0\rflux-sample-0\fflux-"..., 111, MSG_NOSIGNAL, NULL, 0) = 111
2023-05-18T13:33:31.052636591Z 13:33:31.052239 recvfrom(8, "\253\371\201\203\0\1\0\0\0\1\0\0\rflux-sample-0\fflux-"..., 1024, 0, {sa_family=AF_INET, sin_port=htons(53), sin_addr=inet_addr("169.254.169.254")}, [28->16]) = 205
2023-05-18T13:33:31.053265892Z 13:33:31.052744 socket(AF_INET, SOCK_DGRAM|SOCK_CLOEXEC|SOCK_NONBLOCK, IPPROTO_IP) = 8
2023-05-18T13:33:31.053389324Z 13:33:31.052863 connect(8, {sa_family=AF_INET, sin_port=htons(53), sin_addr=inet_addr("169.254.169.254")}, 16) = 0
2023-05-18T13:33:31.053496142Z 13:33:31.052999 sendto(8, "\257\357\1\0\0\1\0\0\0\0\0\0\rflux-sample-0\fflux-"..., 97, MSG_NOSIGNAL, NULL, 0) = 97
2023-05-18T13:33:31.059312191Z 13:33:31.058706 recvfrom(8, "\257\357\201\203\0\1\0\0\0\1\0\0\rflux-sample-0\fflux-"..., 1024, 0, {sa_family=AF_INET, sin_port=htons(53), sin_addr=inet_addr("169.254.169.254")}, [28->16]) = 186
2023-05-18T13:33:31.059701043Z 13:33:31.059480 socket(AF_INET, SOCK_DGRAM|SOCK_CLOEXEC|SOCK_NONBLOCK, IPPROTO_IP) = 8
2023-05-18T13:33:31.059952403Z 13:33:31.059779 connect(8, {sa_family=AF_INET, sin_port=htons(53), sin_addr=inet_addr("169.254.169.254")}, 16) = 0
2023-05-18T13:33:31.060563186Z 13:33:31.060069 sendto(8, "\336u\1\0\0\1\0\0\0\0\0\0\rflux-sample-0\fflux-"..., 92, MSG_NOSIGNAL, NULL, 0) = 92
2023-05-18T13:33:31.067699220Z 13:33:31.067299 recvfrom(8, "\336u\201\203\0\1\0\0\0\1\0\0\rflux-sample-0\fflux-"..., 1024, 0, {sa_family=AF_INET, sin_port=htons(53), sin_addr=inet_addr("169.254.169.254")}, [28->16]) = 181
2023-05-18T13:33:31.068170084Z broker.err[3]: Warning: unable to resolve upstream peer flux-sample-0.flux-service.flux-operator.svc.cluster.local: Name or service not known
2023-05-18T13:33:31.074804574Z broker.info[3]: start: none->join 2.11618ms
2023-05-18T13:33:32.143386408Z broker.info[3]: parent-ready: join->init 1.06442s
2023-05-18T13:33:32.143519536Z 13:33:32.139249 socketpair(AF_UNIX, SOCK_STREAM|SOCK_CLOEXEC, 0, [22, 23]) = 0
2023-05-18T13:33:32.143529972Z 13:33:32.139474 socketpair(AF_UNIX, SOCK_STREAM, 0, [24, 25]) = 0
2023-05-18T13:33:32.143536443Z 13:33:32.139719 socketpair(AF_UNIX, SOCK_STREAM, 0, [26, 27]) = 0
2023-05-18T13:33:32.144164219Z 13:33:32.139939 socketpair(AF_UNIX, SOCK_STREAM, 0, [28, 29]) = 0
2023-05-18T13:33:32.169683798Z broker.info[3]: configuration updated
2023-05-18T13:33:32.311055910Z broker.info[3]: rc1.0: running /etc/flux/rc1.d/01-sched-fluxion
2023-05-18T13:33:32.323544037Z broker.info[3]: rc1.0: running /etc/flux/rc1.d/02-cron
2023-05-18T13:33:32.360218482Z broker.info[3]: rc1.0: /etc/flux/rc1 Exited (rc=0) 0.2s
2023-05-18T13:33:32.362117256Z broker.info[3]: rc1-success: init->quorum 0.222604s
2023-05-18T13:33:32.559276715Z broker.info[3]: quorum-full: quorum->run 0.196266s
2023-05-18T13:33:33.157682241Z 13:33:33.157233 socketpair(AF_UNIX, SOCK_STREAM|SOCK_CLOEXEC, 0, [22, 23]) = 0
2023-05-18T13:33:33.158116669Z 13:33:33.157560 socketpair(AF_UNIX, SOCK_STREAM, 0, [24, 25]) = 0
2023-05-18T13:33:33.158570272Z 13:33:33.158402 socketpair(AF_UNIX, SOCK_STREAM, 0, [26, 28]) = 0
2023-05-18T13:33:33.158781271Z 13:33:33.158619 socketpair(AF_UNIX, SOCK_STREAM, 0, [58, 59]) = 0
2023-05-18T13:33:44.428348428Z broker.info[3]: shutdown: run->cleanup 11.8687s
2023-05-18T13:33:44.430320042Z broker.info[3]: cleanup-none: cleanup->shutdown 1.15236ms
2023-05-18T13:33:44.431577388Z broker.info[3]: children-none: shutdown->finalize 0.990065ms
2023-05-18T13:33:44.431965980Z 13:33:44.431714 socketpair(AF_UNIX, SOCK_STREAM|SOCK_CLOEXEC, 0, [22, 23]) = 0
2023-05-18T13:33:44.432283353Z 13:33:44.432000 socketpair(AF_UNIX, SOCK_STREAM, 0, [24, 25]) = 0
2023-05-18T13:33:44.432538769Z 13:33:44.432314 socketpair(AF_UNIX, SOCK_STREAM, 0, [26, 28]) = 0
2023-05-18T13:33:44.432893130Z 13:33:44.432687 socketpair(AF_UNIX, SOCK_STREAM, 0, [58, 59]) = 0
2023-05-18T13:33:44.454812471Z broker.info[3]: rc3.0: running /etc/flux/rc3.d/01-sched-fluxion
2023-05-18T13:33:44.601071510Z broker.info[3]: rc3.0: /etc/flux/rc3 Exited (rc=0) 0.2s
2023-05-18T13:33:44.602019298Z broker.info[3]: rc3-success: finalize->goodbye 0.170099s
2023-05-18T13:33:44.603398122Z broker.info[3]: goodbye: goodbye->exit 1.07249ms
2023-05-18T13:33:44.612319261Z 13:33:44.612071 +++ exited with 0 +++
2023-05-18T13:33:44.613884499Z Return value for follower worker is 0
2023-05-18T13:33:44.613913123Z The follower worker exited cleanly. Goodbye!
