2023-05-18T08:11:10.265871790Z
2023-05-18T08:11:10.266035192Z Flux username: flux
2023-05-18T08:11:10.266053805Z
2023-05-18T08:11:10.266059346Z Flux install root: /usr
2023-05-18T08:11:10.310937805Z flux user is already added.
2023-05-18T08:11:10.314165778Z flux user identifiers:
2023-05-18T08:11:10.314185040Z uid=1234(flux) gid=1234(flux) groups=1234(flux)
2023-05-18T08:11:10.314190634Z
2023-05-18T08:11:10.314198697Z As Flux prefix for flux commands: sudo -u flux -E PYTHONPATH=/opt/conda/lib/python3.10/site-packages -E PATH=/opt/conda/bin:/usr/local/sbin:/usr/local/bin:/usr/sbin:/usr/bin:/sbin:/bin -E LD_LIBRARY_PATH=/opt/conda/lib -E HOME=/home/flux
2023-05-18T08:11:10.322165143Z
2023-05-18T08:11:10.322193298Z ðŸ‘‹ Hello, I'm flux-sample-3
2023-05-18T08:11:10.322199720Z The main host is flux-sample-0
2023-05-18T08:11:10.322205148Z The working directory is /home/flux/examples/reaxff/HNS, contents include:
2023-05-18T08:11:10.325392488Z /home/flux/examples/reaxff/HNS:
2023-05-18T08:11:10.325409721Z README.txt	ffield.reax.hns  log.8Mar18.reaxc.hns.g++.1
2023-05-18T08:11:10.325415365Z data.hns-equil	in.reaxc.hns	 log.8Mar18.reaxc.hns.g++.4
2023-05-18T08:11:10.325902583Z End of file listing, if you see nothing above there are no files.
2023-05-18T08:11:10.327877036Z flux R encode --hosts=flux-sample-[0-3]
2023-05-18T08:11:10.342433550Z
2023-05-18T08:11:10.342453920Z ðŸ“¦ Resources
2023-05-18T08:11:10.344927396Z {"version": 1, "execution": {"R_lite": [{"rank": "0-3", "children": {"core": "0"}}], "starttime": 0.0, "expiration": 0.0, "nodelist": ["flux-sample-[0-3]"]}}
2023-05-18T08:11:10.344948076Z
2023-05-18T08:11:10.344956615Z ðŸ¸ Diagnostics: false
2023-05-18T08:11:10.344974144Z ðŸš©ï¸ Flux Option Flags defined
2023-05-18T08:11:10.347950858Z
2023-05-18T08:11:10.347971172Z ðŸ¦Š Independent Minister of Privilege
2023-05-18T08:11:10.349635558Z [exec]
2023-05-18T08:11:10.349653511Z allowed-users = [ "flux", "root" ]
2023-05-18T08:11:10.349661479Z allowed-shells = [ "/usr/libexec/flux/flux-shell" ]
2023-05-18T08:11:10.349899871Z
2023-05-18T08:11:10.349915036Z ðŸ¸ Broker Configuration
2023-05-18T08:11:10.351588275Z # Flux needs to know the path to the IMP executable
2023-05-18T08:11:10.351606898Z [exec]
2023-05-18T08:11:10.351616101Z imp = "/usr/libexec/flux/flux-imp"
2023-05-18T08:11:10.351623175Z
2023-05-18T08:11:10.351629695Z [access]
2023-05-18T08:11:10.351636523Z allow-guest-user = true
2023-05-18T08:11:10.351643078Z allow-root-owner = true
2023-05-18T08:11:10.351649179Z
2023-05-18T08:11:10.351656007Z # Point to resource definition generated with flux-R(1).
2023-05-18T08:11:10.351662980Z [resource]
2023-05-18T08:11:10.351671556Z path = "/etc/flux/system/R"
2023-05-18T08:11:10.351679424Z
2023-05-18T08:11:10.351686273Z [bootstrap]
2023-05-18T08:11:10.351700665Z curve_cert = "/etc/curve/curve.cert"
2023-05-18T08:11:10.351707503Z default_port = 8050
2023-05-18T08:11:10.351714032Z default_bind = "tcp://eth0:%p"
2023-05-18T08:11:10.351720952Z default_connect = "tcp://%h.flux-service.flux-operator.svc.cluster.local:%p"
2023-05-18T08:11:10.351727529Z hosts = [
2023-05-18T08:11:10.351735759Z 	{ host="flux-sample-[0-3]"},
2023-05-18T08:11:10.351744168Z ]
2023-05-18T08:11:10.351750800Z
2023-05-18T08:11:10.351757762Z [archive]
2023-05-18T08:11:10.351764349Z dbpath = "/var/lib/flux/job-archive.sqlite"
2023-05-18T08:11:10.351770850Z period = "1m"
2023-05-18T08:11:10.430080296Z busytimeout = "50s"
2023-05-18T08:11:10.430109924Z ðŸ§Šï¸ State Directory:
2023-05-18T08:11:10.430118403Z total 0
2023-05-18T08:11:10.430124210Z
2023-05-18T08:11:10.432805213Z
2023-05-18T08:11:10.432835687Z ðŸ”’ï¸ Working directory permissions:
2023-05-18T08:11:10.432842047Z total 96
2023-05-18T08:11:10.432847736Z -rwxrwxrwx 1 flux root  2517 May 17 22:32 README.txt
2023-05-18T08:11:10.432852812Z -rwxrwxrwx 1 flux root 54692 May 17 22:32 data.hns-equil
2023-05-18T08:11:10.432857647Z -rwxrwxrwx 1 flux root 13576 May 17 22:32 ffield.reax.hns
2023-05-18T08:11:10.432862347Z -rwxrwxrwx 1 flux root   870 May 17 22:32 in.reaxc.hns
2023-05-18T08:11:10.432932300Z -rwxrwxrwx 1 flux root  4172 May 17 22:32 log.8Mar18.reaxc.hns.g++.1
2023-05-18T08:11:10.432941489Z -rwxrwxrwx 1 flux root  4168 May 17 22:32 log.8Mar18.reaxc.hns.g++.4
2023-05-18T08:11:10.432946433Z
2023-05-18T08:11:10.433031231Z
2023-05-18T08:11:10.433041283Z âœ¨ Curve certificate generated by helper pod
2023-05-18T08:11:10.434576637Z #   ****  Generated on 2023-04-26 22:54:42 by CZMQ  ****
2023-05-18T08:11:10.434593863Z #   ZeroMQ CURVE **Secret** Certificate
2023-05-18T08:11:10.434599706Z #   DO NOT PROVIDE THIS FILE TO OTHER USERS nor change its permissions.
2023-05-18T08:11:10.434604665Z
2023-05-18T08:11:10.434626719Z metadata
2023-05-18T08:11:10.434634726Z     name = "flux-cert-generator"
2023-05-18T08:11:10.434641328Z     keygen.hostname = "flux-sample-0"
2023-05-18T08:11:10.434646635Z curve
2023-05-18T08:11:10.434651975Z     public-key = "Z@eNAA#V:O&t%SNCT3cOtKjHoX/gw=KuEQ(}q%O+"
2023-05-18T08:11:10.434657083Z     secret-key = "tPP{v]p7KLp=1?3@HJQ&&xCahc[B4QxPBBe!PdEU"
2023-05-18T08:11:10.437298046Z
2023-05-18T08:11:10.437317504Z ðŸŒ€  flux start --wrap=strace,-e,network,-tt -o --config /etc/flux/config -Scron.directory=/etc/flux/system/cron.d   -Stbon.fanout=256   -Srundir=/run/flux    -Sstatedir=/var/lib/flux   -Slocal-uri=local:///run/flux/local -Stbon.connect_timeout=6s  -Stbon.zmqdebug=1  -Slog-stderr-level=6    -Slog-stderr-mode=local
2023-05-18T08:11:10.482724948Z 08:11:10.482421 socket(AF_NETLINK, SOCK_RAW, NETLINK_ROUTE) = 8
2023-05-18T08:11:10.483073165Z 08:11:10.482814 bind(8, {sa_family=AF_NETLINK, nl_pid=0, nl_groups=00000000}, 12) = 0
2023-05-18T08:11:10.483553217Z 08:11:10.483264 getsockname(8, {sa_family=AF_NETLINK, nl_pid=71, nl_groups=00000000}, [12]) = 0
2023-05-18T08:11:10.483986474Z 08:11:10.483621 sendto(8, {{len=20, type=RTM_GETADDR, flags=NLM_F_REQUEST|NLM_F_DUMP, seq=1684397470, pid=0}, {ifa_family=AF_UNSPEC, ...}}, 20, 0, {sa_family=AF_NETLINK, nl_pid=0, nl_groups=00000000}, 12) = 20
2023-05-18T08:11:10.484345070Z 08:11:10.483876 recvmsg(8, {msg_name={sa_family=AF_NETLINK, nl_pid=0, nl_groups=00000000}, msg_namelen=12, msg_iov=[{iov_base=[{{len=76, type=RTM_NEWADDR, flags=NLM_F_MULTI, seq=1684397470, pid=71}, {ifa_family=AF_INET, ifa_prefixlen=8, ifa_flags=IFA_F_PERMANENT, ifa_scope=RT_SCOPE_HOST, ifa_index=if_nametoindex("lo")}, [{{nla_len=8, nla_type=IFA_ADDRESS}, 127.0.0.1}, {{nla_len=8, nla_type=IFA_LOCAL}, 127.0.0.1}, {{nla_len=7, nla_type=IFA_LABEL}, "lo"}, {{nla_len=8, nla_type=IFA_FLAGS}, IFA_F_PERMANENT}, {{nla_len=20, nla_type=IFA_CACHEINFO}, {ifa_prefered=4294967295, ifa_valid=4294967295, cstamp=321551, tstamp=321551}}]}, {{len=88, type=RTM_NEWADDR, flags=NLM_F_MULTI, seq=1684397470, pid=71}, {ifa_family=AF_INET, ifa_prefixlen=24, ifa_flags=IFA_F_PERMANENT, ifa_scope=RT_SCOPE_UNIVERSE, ifa_index=if_nametoindex("eth0")}, [{{nla_len=8, nla_type=IFA_ADDRESS}, 10.24.0.134}, {{nla_len=8, nla_type=IFA_LOCAL}, 10.24.0.134}, {{nla_len=8, nla_type=IFA_BROADCAST}, 10.24.0.255}, {{nla_len=9, nla_type=IFA_LABEL}, "eth0"}, {{nla_len=8, nla_type=IFA_FLAGS}, IFA_F_PERMANENT}, {{nla_len=20, nla_type=IFA_CACHEINFO}, {ifa_prefered=4294967295, ifa_valid=4294967295, cstamp=321553, tstamp=321553}}]}], iov_len=4096}], msg_iovlen=1, msg_controllen=0, msg_flags=0}, 0) = 164
2023-05-18T08:11:10.484611824Z 08:11:10.484415 recvmsg(8, {msg_name={sa_family=AF_NETLINK, nl_pid=0, nl_groups=00000000}, msg_namelen=12, msg_iov=[{iov_base={{len=20, type=NLMSG_DONE, flags=NLM_F_MULTI, seq=1684397470, pid=71}, 0}, iov_len=4096}], msg_iovlen=1, msg_controllen=0, msg_flags=0}, 0) = 20
2023-05-18T08:11:10.485169832Z 08:11:10.485032 socket(AF_UNIX, SOCK_STREAM|SOCK_CLOEXEC|SOCK_NONBLOCK, 0) = 8
2023-05-18T08:11:10.485389551Z 08:11:10.485151 connect(8, {sa_family=AF_UNIX, sun_path="/var/run/nscd/socket"}, 110) = -1 ENOENT (No such file or directory)
2023-05-18T08:11:10.485595117Z 08:11:10.485403 socket(AF_UNIX, SOCK_STREAM|SOCK_CLOEXEC|SOCK_NONBLOCK, 0) = 8
2023-05-18T08:11:10.485730842Z 08:11:10.485497 connect(8, {sa_family=AF_UNIX, sun_path="/var/run/nscd/socket"}, 110) = -1 ENOENT (No such file or directory)
2023-05-18T08:11:10.487140364Z 08:11:10.486950 socket(AF_INET, SOCK_DGRAM|SOCK_CLOEXEC|SOCK_NONBLOCK, IPPROTO_IP) = 8
2023-05-18T08:11:10.487219408Z 08:11:10.487024 connect(8, {sa_family=AF_INET, sin_port=htons(53), sin_addr=inet_addr("169.254.169.254")}, 16) = 0
2023-05-18T08:11:10.487579057Z 08:11:10.487269 sendto(8, "\252\215\1\0\0\1\0\0\0\0\0\0\rflux-sample-0\fflux-"..., 76, MSG_NOSIGNAL, NULL, 0) = 76
2023-05-18T08:11:10.492164386Z 08:11:10.490603 recvfrom(8, "\252\215\201\200\0\1\0\1\0\0\0\0\rflux-sample-0\fflux-"..., 1024, 0, {sa_family=AF_INET, sin_port=htons(53), sin_addr=inet_addr("169.254.169.254")}, [28->16]) = 92
2023-05-18T08:11:10.499466149Z broker.info[3]: start: none->join 2.10739ms
2023-05-18T08:11:10.510479149Z broker.info[3]: parent-ready: join->init 10.9545ms
2023-05-18T08:11:10.510698211Z 08:11:10.510472 socketpair(AF_UNIX, SOCK_STREAM|SOCK_CLOEXEC, 0, [22, 23]) = 0
2023-05-18T08:11:10.510803140Z 08:11:10.510604 socketpair(AF_UNIX, SOCK_STREAM, 0, [24, 25]) = 0
2023-05-18T08:11:10.511097322Z 08:11:10.510860 socketpair(AF_UNIX, SOCK_STREAM, 0, [26, 27]) = 0
2023-05-18T08:11:10.511312279Z 08:11:10.511097 socketpair(AF_UNIX, SOCK_STREAM, 0, [28, 29]) = 0
2023-05-18T08:11:10.533825923Z broker.info[3]: configuration updated
2023-05-18T08:11:10.710634247Z broker.info[3]: rc1.0: running /etc/flux/rc1.d/01-sched-fluxion
2023-05-18T08:11:10.724362370Z broker.info[3]: rc1.0: running /etc/flux/rc1.d/02-cron
2023-05-18T08:11:10.757363408Z broker.info[3]: rc1.0: /etc/flux/rc1 Exited (rc=0) 0.2s
2023-05-18T08:11:10.758992393Z broker.info[3]: rc1-success: init->quorum 0.247316s
2023-05-18T08:11:11.382382441Z broker.info[3]: quorum-full: quorum->run 0.624003s
2023-05-18T08:11:12.013934921Z 08:11:12.013624 socketpair(AF_UNIX, SOCK_STREAM|SOCK_CLOEXEC, 0, [22, 23]) = 0
2023-05-18T08:11:12.014443468Z 08:11:12.013886 socketpair(AF_UNIX, SOCK_STREAM, 0, [24, 25]) = 0
2023-05-18T08:11:12.014848437Z 08:11:12.014643 socketpair(AF_UNIX, SOCK_STREAM, 0, [26, 28]) = 0
2023-05-18T08:11:12.015045480Z 08:11:12.014895 socketpair(AF_UNIX, SOCK_STREAM, 0, [58, 59]) = 0
2023-05-18T08:11:21.981825562Z broker.info[3]: shutdown: run->cleanup 10.5993s
2023-05-18T08:11:21.983563213Z broker.info[3]: cleanup-none: cleanup->shutdown 1.44905ms
2023-05-18T08:11:21.984999639Z broker.info[3]: children-none: shutdown->finalize 1.15366ms
2023-05-18T08:11:21.985441099Z 08:11:21.985178 socketpair(AF_UNIX, SOCK_STREAM|SOCK_CLOEXEC, 0, [22, 23]) = 0
2023-05-18T08:11:21.985795861Z 08:11:21.985474 socketpair(AF_UNIX, SOCK_STREAM, 0, [24, 25]) = 0
2023-05-18T08:11:21.986345830Z 08:11:21.985884 socketpair(AF_UNIX, SOCK_STREAM, 0, [26, 28]) = 0
2023-05-18T08:11:21.986896706Z 08:11:21.986192 socketpair(AF_UNIX, SOCK_STREAM, 0, [58, 59]) = 0
2023-05-18T08:11:22.007452619Z broker.info[3]: rc3.0: running /etc/flux/rc3.d/01-sched-fluxion
2023-05-18T08:11:22.127605624Z broker.info[3]: rc3.0: /etc/flux/rc3 Exited (rc=0) 0.1s
2023-05-18T08:11:22.128765983Z broker.info[3]: rc3-success: finalize->goodbye 0.143538s
2023-05-18T08:11:22.130301575Z broker.info[3]: goodbye: goodbye->exit 0.940347ms
2023-05-18T08:11:22.138822750Z 08:11:22.138651 +++ exited with 0 +++
2023-05-18T08:11:22.140147266Z Return value for follower worker is 0
2023-05-18T08:11:22.140171034Z The follower worker exited cleanly. Goodbye!
