2023-05-18T12:24:49.474259765Z
2023-05-18T12:24:49.474313991Z Flux username: flux
2023-05-18T12:24:49.474320684Z
2023-05-18T12:24:49.474325702Z Flux install root: /usr
2023-05-18T12:24:49.519796963Z flux user is already added.
2023-05-18T12:24:49.523561342Z flux user identifiers:
2023-05-18T12:24:49.523589414Z uid=1234(flux) gid=1234(flux) groups=1234(flux)
2023-05-18T12:24:49.523766114Z
2023-05-18T12:24:49.523891355Z As Flux prefix for flux commands: sudo -u flux -E PYTHONPATH=/opt/conda/lib/python3.10/site-packages -E PATH=/opt/conda/bin:/usr/local/sbin:/usr/local/bin:/usr/sbin:/usr/bin:/sbin:/bin -E LD_LIBRARY_PATH=/opt/conda/lib -E HOME=/home/flux
2023-05-18T12:24:49.531752491Z
2023-05-18T12:24:49.531780283Z ðŸ‘‹ Hello, I'm flux-sample-2
2023-05-18T12:24:49.531906273Z The main host is flux-sample-0
2023-05-18T12:24:49.532095835Z The working directory is /home/flux/examples/reaxff/HNS, contents include:
2023-05-18T12:24:49.533890554Z /home/flux/examples/reaxff/HNS:
2023-05-18T12:24:49.533990741Z README.txt	ffield.reax.hns  log.8Mar18.reaxc.hns.g++.1
2023-05-18T12:24:49.534001303Z data.hns-equil	in.reaxc.hns	 log.8Mar18.reaxc.hns.g++.4
2023-05-18T12:24:49.534282457Z End of file listing, if you see nothing above there are no files.
2023-05-18T12:24:49.536090110Z flux R encode --hosts=flux-sample-[0-3]
2023-05-18T12:24:49.550195290Z
2023-05-18T12:24:49.550221640Z ðŸ“¦ Resources
2023-05-18T12:24:49.551633647Z {"version": 1, "execution": {"R_lite": [{"rank": "0-3", "children": {"core": "0"}}], "starttime": 0.0, "expiration": 0.0, "nodelist": ["flux-sample-[0-3]"]}}
2023-05-18T12:24:49.551867673Z
2023-05-18T12:24:49.551882784Z ðŸ¸ Diagnostics: false
2023-05-18T12:24:49.552085742Z ðŸš©ï¸ Flux Option Flags defined
2023-05-18T12:24:49.555612860Z
2023-05-18T12:24:49.555631234Z ðŸ¦Š Independent Minister of Privilege
2023-05-18T12:24:49.556901838Z [exec]
2023-05-18T12:24:49.556917952Z allowed-users = [ "flux", "root" ]
2023-05-18T12:24:49.556924391Z allowed-shells = [ "/usr/libexec/flux/flux-shell" ]
2023-05-18T12:24:49.557136526Z
2023-05-18T12:24:49.557151188Z ðŸ¸ Broker Configuration
2023-05-18T12:24:49.558387490Z # Flux needs to know the path to the IMP executable
2023-05-18T12:24:49.558403348Z [exec]
2023-05-18T12:24:49.558411746Z imp = "/usr/libexec/flux/flux-imp"
2023-05-18T12:24:49.558418223Z
2023-05-18T12:24:49.558423196Z [access]
2023-05-18T12:24:49.558428938Z allow-guest-user = true
2023-05-18T12:24:49.558433967Z allow-root-owner = true
2023-05-18T12:24:49.558438572Z
2023-05-18T12:24:49.558442913Z # Point to resource definition generated with flux-R(1).
2023-05-18T12:24:49.558447857Z [resource]
2023-05-18T12:24:49.558455497Z path = "/etc/flux/system/R"
2023-05-18T12:24:49.558461406Z
2023-05-18T12:24:49.558466405Z [bootstrap]
2023-05-18T12:24:49.558472046Z curve_cert = "/etc/curve/curve.cert"
2023-05-18T12:24:49.558476679Z default_port = 8050
2023-05-18T12:24:49.558481147Z default_bind = "tcp://eth0:%p"
2023-05-18T12:24:49.558486224Z default_connect = "tcp://%h.flux-service.flux-operator.svc.cluster.local:%p"
2023-05-18T12:24:49.558491334Z hosts = [
2023-05-18T12:24:49.558498345Z 	{ host="flux-sample-[0-3]"},
2023-05-18T12:24:49.558504848Z ]
2023-05-18T12:24:49.558509190Z
2023-05-18T12:24:49.558514042Z [archive]
2023-05-18T12:24:49.558518758Z dbpath = "/var/lib/flux/job-archive.sqlite"
2023-05-18T12:24:49.558524200Z period = "1m"
2023-05-18T12:24:49.641714772Z busytimeout = "50s"
2023-05-18T12:24:49.641741413Z ðŸ§Šï¸ State Directory:
2023-05-18T12:24:49.641747859Z total 0
2023-05-18T12:24:49.641752771Z
2023-05-18T12:24:49.644774372Z
2023-05-18T12:24:49.644801583Z ðŸ”’ï¸ Working directory permissions:
2023-05-18T12:24:49.644807571Z total 96
2023-05-18T12:24:49.644813464Z -rwxrwxrwx 1 flux root  2517 May 17 22:32 README.txt
2023-05-18T12:24:49.644820607Z -rwxrwxrwx 1 flux root 54692 May 17 22:32 data.hns-equil
2023-05-18T12:24:49.644826857Z -rwxrwxrwx 1 flux root 13576 May 17 22:32 ffield.reax.hns
2023-05-18T12:24:49.644831659Z -rwxrwxrwx 1 flux root   870 May 17 22:32 in.reaxc.hns
2023-05-18T12:24:49.644837816Z -rwxrwxrwx 1 flux root  4172 May 17 22:32 log.8Mar18.reaxc.hns.g++.1
2023-05-18T12:24:49.644842778Z -rwxrwxrwx 1 flux root  4168 May 17 22:32 log.8Mar18.reaxc.hns.g++.4
2023-05-18T12:24:49.644954044Z
2023-05-18T12:24:49.644964940Z
2023-05-18T12:24:49.644971686Z âœ¨ Curve certificate generated by helper pod
2023-05-18T12:24:49.647204873Z #   ****  Generated on 2023-04-26 22:54:42 by CZMQ  ****
2023-05-18T12:24:49.647225191Z #   ZeroMQ CURVE **Secret** Certificate
2023-05-18T12:24:49.647232208Z #   DO NOT PROVIDE THIS FILE TO OTHER USERS nor change its permissions.
2023-05-18T12:24:49.647246205Z
2023-05-18T12:24:49.647251359Z metadata
2023-05-18T12:24:49.647257151Z     name = "flux-cert-generator"
2023-05-18T12:24:49.647266578Z     keygen.hostname = "flux-sample-0"
2023-05-18T12:24:49.647271542Z curve
2023-05-18T12:24:49.647276391Z     public-key = "XbEAXyA2ftx2!O*w-6[%DKn{T!lq[S)My}Bqua{y"
2023-05-18T12:24:49.647281327Z     secret-key = "GDJ1JoFmR)gmA0cFD>Z5vmx+GZgJ#&b&UzEfSZl["
2023-05-18T12:24:49.650023099Z
2023-05-18T12:24:49.650045843Z ðŸŒ€  flux start --wrap=strace,-e,network,-tt -o --config /etc/flux/config -Scron.directory=/etc/flux/system/cron.d   -Stbon.fanout=256   -Srundir=/run/flux    -Sstatedir=/var/lib/flux   -Slocal-uri=local:///run/flux/local -Stbon.connect_timeout=1s  -Stbon.zmqdebug=1  -Slog-stderr-level=6    -Slog-stderr-mode=local
2023-05-18T12:24:49.683354478Z 12:24:49.682968 socket(AF_NETLINK, SOCK_RAW, NETLINK_ROUTE) = 8
2023-05-18T12:24:49.683504704Z 12:24:49.683231 bind(8, {sa_family=AF_NETLINK, nl_pid=0, nl_groups=00000000}, 12) = 0
2023-05-18T12:24:49.683648325Z 12:24:49.683402 getsockname(8, {sa_family=AF_NETLINK, nl_pid=69, nl_groups=00000000}, [12]) = 0
2023-05-18T12:24:49.683993135Z 12:24:49.683550 sendto(8, {{len=20, type=RTM_GETADDR, flags=NLM_F_REQUEST|NLM_F_DUMP, seq=1684412689, pid=0}, {ifa_family=AF_UNSPEC, ...}}, 20, 0, {sa_family=AF_NETLINK, nl_pid=0, nl_groups=00000000}, 12) = 20
2023-05-18T12:24:49.684327495Z 12:24:49.683914 recvmsg(8, {msg_name={sa_family=AF_NETLINK, nl_pid=0, nl_groups=00000000}, msg_namelen=12, msg_iov=[{iov_base=[{{len=76, type=RTM_NEWADDR, flags=NLM_F_MULTI, seq=1684412689, pid=69}, {ifa_family=AF_INET, ifa_prefixlen=8, ifa_flags=IFA_F_PERMANENT, ifa_scope=RT_SCOPE_HOST, ifa_index=if_nametoindex("lo")}, [{{nla_len=8, nla_type=IFA_ADDRESS}, 127.0.0.1}, {{nla_len=8, nla_type=IFA_LOCAL}, 127.0.0.1}, {{nla_len=7, nla_type=IFA_LABEL}, "lo"}, {{nla_len=8, nla_type=IFA_FLAGS}, IFA_F_PERMANENT}, {{nla_len=20, nla_type=IFA_CACHEINFO}, {ifa_prefered=4294967295, ifa_valid=4294967295, cstamp=1843205, tstamp=1843205}}]}, {{len=88, type=RTM_NEWADDR, flags=NLM_F_MULTI, seq=1684412689, pid=69}, {ifa_family=AF_INET, ifa_prefixlen=24, ifa_flags=IFA_F_PERMANENT, ifa_scope=RT_SCOPE_UNIVERSE, ifa_index=if_nametoindex("eth0")}, [{{nla_len=8, nla_type=IFA_ADDRESS}, 10.24.3.235}, {{nla_len=8, nla_type=IFA_LOCAL}, 10.24.3.235}, {{nla_len=8, nla_type=IFA_BROADCAST}, 10.24.3.255}, {{nla_len=9, nla_type=IFA_LABEL}, "eth0"}, {{nla_len=8, nla_type=IFA_FLAGS}, IFA_F_PERMANENT}, {{nla_len=20, nla_type=IFA_CACHEINFO}, {ifa_prefered=4294967295, ifa_valid=4294967295, cstamp=1843207, tstamp=1843207}}]}], iov_len=4096}], msg_iovlen=1, msg_controllen=0, msg_flags=0}, 0) = 164
2023-05-18T12:24:49.684570153Z 12:24:49.684356 recvmsg(8, {msg_name={sa_family=AF_NETLINK, nl_pid=0, nl_groups=00000000}, msg_namelen=12, msg_iov=[{iov_base={{len=20, type=NLMSG_DONE, flags=NLM_F_MULTI, seq=1684412689, pid=69}, 0}, iov_len=4096}], msg_iovlen=1, msg_controllen=0, msg_flags=0}, 0) = 20
2023-05-18T12:24:49.685234349Z 12:24:49.685022 socket(AF_UNIX, SOCK_STREAM|SOCK_CLOEXEC|SOCK_NONBLOCK, 0) = 8
2023-05-18T12:24:49.685355859Z 12:24:49.685181 connect(8, {sa_family=AF_UNIX, sun_path="/var/run/nscd/socket"}, 110) = -1 ENOENT (No such file or directory)
2023-05-18T12:24:49.685575576Z 12:24:49.685401 socket(AF_UNIX, SOCK_STREAM|SOCK_CLOEXEC|SOCK_NONBLOCK, 0) = 8
2023-05-18T12:24:49.685756127Z 12:24:49.685571 connect(8, {sa_family=AF_UNIX, sun_path="/var/run/nscd/socket"}, 110) = -1 ENOENT (No such file or directory)
2023-05-18T12:24:49.687187337Z 12:24:49.686965 socket(AF_INET, SOCK_DGRAM|SOCK_CLOEXEC|SOCK_NONBLOCK, IPPROTO_IP) = 8
2023-05-18T12:24:49.687387423Z 12:24:49.687183 connect(8, {sa_family=AF_INET, sin_port=htons(53), sin_addr=inet_addr("169.254.169.254")}, 16) = 0
2023-05-18T12:24:49.687840372Z 12:24:49.687429 sendto(8, "5\237\1\0\0\1\0\0\0\0\0\0\rflux-sample-0\fflux-"..., 76, MSG_NOSIGNAL, NULL, 0) = 76
2023-05-18T12:24:49.691642914Z 12:24:49.691028 recvfrom(8, "5\237\201\203\0\1\0\0\0\1\0\0\rflux-sample-0\fflux-"..., 1024, 0, {sa_family=AF_INET, sin_port=htons(53), sin_addr=inet_addr("169.254.169.254")}, [28->16]) = 172
2023-05-18T12:24:49.692013916Z 12:24:49.691737 socket(AF_INET, SOCK_DGRAM|SOCK_CLOEXEC|SOCK_NONBLOCK, IPPROTO_IP) = 8
2023-05-18T12:24:49.692257192Z 12:24:49.691913 connect(8, {sa_family=AF_INET, sin_port=htons(53), sin_addr=inet_addr("169.254.169.254")}, 16) = 0
2023-05-18T12:24:49.692535242Z 12:24:49.692238 sendto(8, "`#\1\0\0\1\0\0\0\0\0\0\rflux-sample-0\fflux-"..., 108, MSG_NOSIGNAL, NULL, 0) = 108
2023-05-18T12:24:49.696345845Z 12:24:49.696042 recvfrom(8, "`#\201\203\0\1\0\0\0\1\0\0\rflux-sample-0\fflux-"..., 1024, 0, {sa_family=AF_INET, sin_port=htons(53), sin_addr=inet_addr("169.254.169.254")}, [28->16]) = 204
2023-05-18T12:24:49.696587782Z 12:24:49.696371 socket(AF_INET, SOCK_DGRAM|SOCK_CLOEXEC|SOCK_NONBLOCK, IPPROTO_IP) = 8
2023-05-18T12:24:49.696697781Z 12:24:49.696502 connect(8, {sa_family=AF_INET, sin_port=htons(53), sin_addr=inet_addr("169.254.169.254")}, 16) = 0
2023-05-18T12:24:49.696996752Z 12:24:49.696708 sendto(8, "\313\265\1\0\0\1\0\0\0\0\0\0\rflux-sample-0\fflux-"..., 94, MSG_NOSIGNAL, NULL, 0) = 94
2023-05-18T12:24:49.699902415Z 12:24:49.699603 recvfrom(8, "\313\265\201\203\0\1\0\0\0\1\0\0\rflux-sample-0\fflux-"..., 1024, 0, {sa_family=AF_INET, sin_port=htons(53), sin_addr=inet_addr("169.254.169.254")}, [28->16]) = 190
2023-05-18T12:24:49.700154549Z 12:24:49.699919 socket(AF_INET, SOCK_DGRAM|SOCK_CLOEXEC|SOCK_NONBLOCK, IPPROTO_IP) = 8
2023-05-18T12:24:49.700594945Z 12:24:49.700029 connect(8, {sa_family=AF_INET, sin_port=htons(53), sin_addr=inet_addr("169.254.169.254")}, 16) = 0
2023-05-18T12:24:49.700610513Z 12:24:49.700297 sendto(8, "\224\220\1\0\0\1\0\0\0\0\0\0\rflux-sample-0\fflux-"..., 90, MSG_NOSIGNAL, NULL, 0) = 90
2023-05-18T12:24:49.704228540Z 12:24:49.703932 recvfrom(8, "\224\220\201\203\0\1\0\0\0\1\0\0\rflux-sample-0\fflux-"..., 1024, 0, {sa_family=AF_INET, sin_port=htons(53), sin_addr=inet_addr("169.254.169.254")}, [28->16]) = 186
2023-05-18T12:24:49.704445733Z 12:24:49.704281 socket(AF_INET, SOCK_DGRAM|SOCK_CLOEXEC|SOCK_NONBLOCK, IPPROTO_IP) = 8
2023-05-18T12:24:49.704692930Z 12:24:49.704426 connect(8, {sa_family=AF_INET, sin_port=htons(53), sin_addr=inet_addr("169.254.169.254")}, 16) = 0
2023-05-18T12:24:49.705069862Z 12:24:49.704721 sendto(8, "c\v\1\0\0\1\0\0\0\0\0\0\rflux-sample-0\fflux-"..., 111, MSG_NOSIGNAL, NULL, 0) = 111
2023-05-18T12:24:49.710590828Z 12:24:49.710316 recvfrom(8, "c\v\201\203\0\1\0\0\0\1\0\0\rflux-sample-0\fflux-"..., 1024, 0, {sa_family=AF_INET, sin_port=htons(53), sin_addr=inet_addr("169.254.169.254")}, [28->16]) = 205
2023-05-18T12:24:49.710746829Z 12:24:49.710544 socket(AF_INET, SOCK_DGRAM|SOCK_CLOEXEC|SOCK_NONBLOCK, IPPROTO_IP) = 8
2023-05-18T12:24:49.710833461Z 12:24:49.710637 connect(8, {sa_family=AF_INET, sin_port=htons(53), sin_addr=inet_addr("169.254.169.254")}, 16) = 0
2023-05-18T12:24:49.711042455Z 12:24:49.710787 sendto(8, "#\23\1\0\0\1\0\0\0\0\0\0\rflux-sample-0\fflux-"..., 97, MSG_NOSIGNAL, NULL, 0) = 97
2023-05-18T12:24:49.716887806Z 12:24:49.716576 recvfrom(8, "#\23\201\203\0\1\0\0\0\1\0\0\rflux-sample-0\fflux-"..., 1024, 0, {sa_family=AF_INET, sin_port=htons(53), sin_addr=inet_addr("169.254.169.254")}, [28->16]) = 186
2023-05-18T12:24:49.717084087Z 12:24:49.716953 socket(AF_INET, SOCK_DGRAM|SOCK_CLOEXEC|SOCK_NONBLOCK, IPPROTO_IP) = 8
2023-05-18T12:24:49.717314218Z 12:24:49.717141 connect(8, {sa_family=AF_INET, sin_port=htons(53), sin_addr=inet_addr("169.254.169.254")}, 16) = 0
2023-05-18T12:24:49.717587133Z 12:24:49.717350 sendto(8, " \355\1\0\0\1\0\0\0\0\0\0\rflux-sample-0\fflux-"..., 92, MSG_NOSIGNAL, NULL, 0) = 92
2023-05-18T12:24:49.725408867Z 12:24:49.725150 recvfrom(8, " \355\201\203\0\1\0\0\0\1\0\0\rflux-sample-0\fflux-"..., 1024, 0, {sa_family=AF_INET, sin_port=htons(53), sin_addr=inet_addr("169.254.169.254")}, [28->16]) = 181
2023-05-18T12:24:49.725641287Z broker.err[2]: Warning: unable to resolve upstream peer flux-sample-0.flux-service.flux-operator.svc.cluster.local: Name or service not known
2023-05-18T12:24:49.731463335Z broker.info[2]: start: none->join 1.76941ms
2023-05-18T12:24:50.545304048Z broker.info[2]: parent-ready: join->init 0.813273s
2023-05-18T12:24:50.545910986Z 12:24:50.544941 socketpair(AF_UNIX, SOCK_STREAM|SOCK_CLOEXEC, 0, [22, 23]) = 0
2023-05-18T12:24:50.546124813Z 12:24:50.545117 socketpair(AF_UNIX, SOCK_STREAM, 0, [24, 25]) = 0
2023-05-18T12:24:50.546371804Z 12:24:50.545317 socketpair(AF_UNIX, SOCK_STREAM, 0, [26, 27]) = 0
2023-05-18T12:24:50.546546386Z 12:24:50.545503 socketpair(AF_UNIX, SOCK_STREAM, 0, [28, 29]) = 0
2023-05-18T12:24:50.570672112Z broker.info[2]: configuration updated
2023-05-18T12:24:50.705155349Z broker.info[2]: rc1.0: running /etc/flux/rc1.d/01-sched-fluxion
2023-05-18T12:24:50.717040286Z broker.info[2]: rc1.0: running /etc/flux/rc1.d/02-cron
2023-05-18T12:24:50.744306801Z broker.info[2]: rc1.0: /etc/flux/rc1 Exited (rc=0) 0.2s
2023-05-18T12:24:50.745517495Z broker.info[2]: rc1-success: init->quorum 0.200413s
2023-05-18T12:24:51.553925982Z broker.info[2]: quorum-full: quorum->run 0.807892s
2023-05-18T12:25:03.151707715Z broker.info[2]: shutdown: run->cleanup 11.5973s
2023-05-18T12:25:03.154402371Z broker.info[2]: cleanup-none: cleanup->shutdown 1.70697ms
2023-05-18T12:25:03.155632312Z broker.info[2]: children-none: shutdown->finalize 1.26873ms
2023-05-18T12:25:03.156601779Z 12:25:03.155971 socketpair(AF_UNIX, SOCK_STREAM|SOCK_CLOEXEC, 0, [22, 23]) = 0
2023-05-18T12:25:03.156874273Z 12:25:03.156577 socketpair(AF_UNIX, SOCK_STREAM, 0, [24, 25]) = 0
2023-05-18T12:25:03.157524052Z 12:25:03.157228 socketpair(AF_UNIX, SOCK_STREAM, 0, [26, 28]) = 0
2023-05-18T12:25:03.158123424Z 12:25:03.157525 socketpair(AF_UNIX, SOCK_STREAM, 0, [58, 59]) = 0
2023-05-18T12:25:03.176097418Z broker.info[2]: rc3.0: running /etc/flux/rc3.d/01-sched-fluxion
2023-05-18T12:25:03.323086980Z broker.info[2]: rc3.0: /etc/flux/rc3 Exited (rc=0) 0.2s
2023-05-18T12:25:03.324274381Z broker.info[2]: rc3-success: finalize->goodbye 0.16832s
2023-05-18T12:25:03.325435988Z broker.info[2]: goodbye: goodbye->exit 0.890809ms
2023-05-18T12:25:03.333424045Z 12:25:03.333257 +++ exited with 0 +++
2023-05-18T12:25:03.334861382Z Return value for follower worker is 0
2023-05-18T12:25:03.335014936Z The follower worker exited cleanly. Goodbye!
