2023-05-18T12:24:29.663740848Z
2023-05-18T12:24:29.664555683Z Flux username: flux
2023-05-18T12:24:29.664584688Z
2023-05-18T12:24:29.664592791Z Flux install root: /usr
2023-05-18T12:24:29.714727259Z flux user is already added.
2023-05-18T12:24:29.717680365Z flux user identifiers:
2023-05-18T12:24:29.717701688Z uid=1234(flux) gid=1234(flux) groups=1234(flux)
2023-05-18T12:24:29.717707565Z
2023-05-18T12:24:29.717713390Z As Flux prefix for flux commands: sudo -u flux -E PYTHONPATH=/opt/conda/lib/python3.10/site-packages -E PATH=/opt/conda/bin:/usr/local/sbin:/usr/local/bin:/usr/sbin:/usr/bin:/sbin:/bin -E LD_LIBRARY_PATH=/opt/conda/lib -E HOME=/home/flux
2023-05-18T12:24:29.725519166Z
2023-05-18T12:24:29.725555390Z 👋 Hello, I'm flux-sample-1
2023-05-18T12:24:29.725673417Z The main host is flux-sample-0
2023-05-18T12:24:29.725684579Z The working directory is /home/flux/examples/reaxff/HNS, contents include:
2023-05-18T12:24:29.727882159Z /home/flux/examples/reaxff/HNS:
2023-05-18T12:24:29.728002151Z README.txt	ffield.reax.hns  log.8Mar18.reaxc.hns.g++.1
2023-05-18T12:24:29.728014422Z data.hns-equil	in.reaxc.hns	 log.8Mar18.reaxc.hns.g++.4
2023-05-18T12:24:29.728296947Z End of file listing, if you see nothing above there are no files.
2023-05-18T12:24:29.730574236Z flux R encode --hosts=flux-sample-[0-3]
2023-05-18T12:24:29.745145286Z
2023-05-18T12:24:29.745174236Z 📦 Resources
2023-05-18T12:24:29.746557166Z {"version": 1, "execution": {"R_lite": [{"rank": "0-3", "children": {"core": "0"}}], "starttime": 0.0, "expiration": 0.0, "nodelist": ["flux-sample-[0-3]"]}}
2023-05-18T12:24:29.746806259Z
2023-05-18T12:24:29.746821183Z 🐸 Diagnostics: false
2023-05-18T12:24:29.747005466Z 🚩️ Flux Option Flags defined
2023-05-18T12:24:29.752074719Z
2023-05-18T12:24:29.752099065Z 🦊 Independent Minister of Privilege
2023-05-18T12:24:29.753553743Z [exec]
2023-05-18T12:24:29.753570544Z allowed-users = [ "flux", "root" ]
2023-05-18T12:24:29.753576564Z allowed-shells = [ "/usr/libexec/flux/flux-shell" ]
2023-05-18T12:24:29.754288808Z
2023-05-18T12:24:29.754306255Z 🐸 Broker Configuration
2023-05-18T12:24:29.756451158Z # Flux needs to know the path to the IMP executable
2023-05-18T12:24:29.756469069Z [exec]
2023-05-18T12:24:29.756477360Z imp = "/usr/libexec/flux/flux-imp"
2023-05-18T12:24:29.756483016Z
2023-05-18T12:24:29.756487778Z [access]
2023-05-18T12:24:29.756493127Z allow-guest-user = true
2023-05-18T12:24:29.756497577Z allow-root-owner = true
2023-05-18T12:24:29.756501947Z
2023-05-18T12:24:29.756506918Z # Point to resource definition generated with flux-R(1).
2023-05-18T12:24:29.756511900Z [resource]
2023-05-18T12:24:29.756519691Z path = "/etc/flux/system/R"
2023-05-18T12:24:29.756525383Z
2023-05-18T12:24:29.756530449Z [bootstrap]
2023-05-18T12:24:29.756535348Z curve_cert = "/etc/curve/curve.cert"
2023-05-18T12:24:29.756540019Z default_port = 8050
2023-05-18T12:24:29.756544399Z default_bind = "tcp://eth0:%p"
2023-05-18T12:24:29.756549835Z default_connect = "tcp://%h.flux-service.flux-operator.svc.cluster.local:%p"
2023-05-18T12:24:29.756554387Z hosts = [
2023-05-18T12:24:29.756561356Z 	{ host="flux-sample-[0-3]"},
2023-05-18T12:24:29.756567897Z ]
2023-05-18T12:24:29.756572739Z
2023-05-18T12:24:29.756577432Z [archive]
2023-05-18T12:24:29.756581779Z dbpath = "/var/lib/flux/job-archive.sqlite"
2023-05-18T12:24:29.756586581Z period = "1m"
2023-05-18T12:24:29.843268364Z busytimeout = "50s"
2023-05-18T12:24:29.843305761Z 🧊️ State Directory:
2023-05-18T12:24:29.843313020Z total 0
2023-05-18T12:24:29.843318393Z
2023-05-18T12:24:29.846164588Z
2023-05-18T12:24:29.846191031Z 🔒️ Working directory permissions:
2023-05-18T12:24:29.846197878Z total 96
2023-05-18T12:24:29.846203519Z -rwxrwxrwx 1 flux root  2517 May 17 22:32 README.txt
2023-05-18T12:24:29.846219847Z -rwxrwxrwx 1 flux root 54692 May 17 22:32 data.hns-equil
2023-05-18T12:24:29.846225443Z -rwxrwxrwx 1 flux root 13576 May 17 22:32 ffield.reax.hns
2023-05-18T12:24:29.846230610Z -rwxrwxrwx 1 flux root   870 May 17 22:32 in.reaxc.hns
2023-05-18T12:24:29.846238420Z -rwxrwxrwx 1 flux root  4172 May 17 22:32 log.8Mar18.reaxc.hns.g++.1
2023-05-18T12:24:29.846286230Z -rwxrwxrwx 1 flux root  4168 May 17 22:32 log.8Mar18.reaxc.hns.g++.4
2023-05-18T12:24:29.846292140Z
2023-05-18T12:24:29.846296714Z
2023-05-18T12:24:29.846301444Z ✨ Curve certificate generated by helper pod
2023-05-18T12:24:29.848038613Z #   ****  Generated on 2023-04-26 22:54:42 by CZMQ  ****
2023-05-18T12:24:29.848113660Z #   ZeroMQ CURVE **Secret** Certificate
2023-05-18T12:24:29.848124163Z #   DO NOT PROVIDE THIS FILE TO OTHER USERS nor change its permissions.
2023-05-18T12:24:29.848129298Z
2023-05-18T12:24:29.848134011Z metadata
2023-05-18T12:24:29.848139221Z     name = "flux-cert-generator"
2023-05-18T12:24:29.848146178Z     keygen.hostname = "flux-sample-0"
2023-05-18T12:24:29.848152504Z curve
2023-05-18T12:24:29.848158205Z     public-key = "=Km&V@!TePATHpTt#iNiiXo%B<fGT@Q3!HHy:Qzs"
2023-05-18T12:24:29.848182432Z     secret-key = "{DuE7z]P9]U%65Df#LHCjW6MwJtZn*9a@FVGBwXV"
2023-05-18T12:24:29.851036317Z
2023-05-18T12:24:29.851087577Z 🌀  flux start --wrap=strace,-e,network,-tt -o --config /etc/flux/config -Scron.directory=/etc/flux/system/cron.d   -Stbon.fanout=256   -Srundir=/run/flux    -Sstatedir=/var/lib/flux   -Slocal-uri=local:///run/flux/local -Stbon.connect_timeout=1s  -Stbon.zmqdebug=1  -Slog-stderr-level=6    -Slog-stderr-mode=local
2023-05-18T12:24:29.886859801Z 12:24:29.886494 socket(AF_NETLINK, SOCK_RAW, NETLINK_ROUTE) = 8
2023-05-18T12:24:29.886886798Z 12:24:29.886605 bind(8, {sa_family=AF_NETLINK, nl_pid=0, nl_groups=00000000}, 12) = 0
2023-05-18T12:24:29.886893099Z 12:24:29.886673 getsockname(8, {sa_family=AF_NETLINK, nl_pid=70, nl_groups=00000000}, [12]) = 0
2023-05-18T12:24:29.887137393Z 12:24:29.886737 sendto(8, {{len=20, type=RTM_GETADDR, flags=NLM_F_REQUEST|NLM_F_DUMP, seq=1684412669, pid=0}, {ifa_family=AF_UNSPEC, ...}}, 20, 0, {sa_family=AF_NETLINK, nl_pid=0, nl_groups=00000000}, 12) = 20
2023-05-18T12:24:29.887534517Z 12:24:29.886965 recvmsg(8, {msg_name={sa_family=AF_NETLINK, nl_pid=0, nl_groups=00000000}, msg_namelen=12, msg_iov=[{iov_base=[{{len=76, type=RTM_NEWADDR, flags=NLM_F_MULTI, seq=1684412669, pid=70}, {ifa_family=AF_INET, ifa_prefixlen=8, ifa_flags=IFA_F_PERMANENT, ifa_scope=RT_SCOPE_HOST, ifa_index=if_nametoindex("lo")}, [{{nla_len=8, nla_type=IFA_ADDRESS}, 127.0.0.1}, {{nla_len=8, nla_type=IFA_LOCAL}, 127.0.0.1}, {{nla_len=7, nla_type=IFA_LABEL}, "lo"}, {{nla_len=8, nla_type=IFA_FLAGS}, IFA_F_PERMANENT}, {{nla_len=20, nla_type=IFA_CACHEINFO}, {ifa_prefered=4294967295, ifa_valid=4294967295, cstamp=1841221, tstamp=1841221}}]}, {{len=88, type=RTM_NEWADDR, flags=NLM_F_MULTI, seq=1684412669, pid=70}, {ifa_family=AF_INET, ifa_prefixlen=24, ifa_flags=IFA_F_PERMANENT, ifa_scope=RT_SCOPE_UNIVERSE, ifa_index=if_nametoindex("eth0")}, [{{nla_len=8, nla_type=IFA_ADDRESS}, 10.24.3.234}, {{nla_len=8, nla_type=IFA_LOCAL}, 10.24.3.234}, {{nla_len=8, nla_type=IFA_BROADCAST}, 10.24.3.255}, {{nla_len=9, nla_type=IFA_LABEL}, "eth0"}, {{nla_len=8, nla_type=IFA_FLAGS}, IFA_F_PERMANENT}, {{nla_len=20, nla_type=IFA_CACHEINFO}, {ifa_prefered=4294967295, ifa_valid=4294967295, cstamp=1841224, tstamp=1841224}}]}], iov_len=4096}], msg_iovlen=1, msg_controllen=0, msg_flags=0}, 0) = 164
2023-05-18T12:24:29.887553073Z 12:24:29.887279 recvmsg(8, {msg_name={sa_family=AF_NETLINK, nl_pid=0, nl_groups=00000000}, msg_namelen=12, msg_iov=[{iov_base={{len=20, type=NLMSG_DONE, flags=NLM_F_MULTI, seq=1684412669, pid=70}, 0}, iov_len=4096}], msg_iovlen=1, msg_controllen=0, msg_flags=0}, 0) = 20
2023-05-18T12:24:29.888072166Z 12:24:29.887813 socket(AF_UNIX, SOCK_STREAM|SOCK_CLOEXEC|SOCK_NONBLOCK, 0) = 8
2023-05-18T12:24:29.888089044Z 12:24:29.887893 connect(8, {sa_family=AF_UNIX, sun_path="/var/run/nscd/socket"}, 110) = -1 ENOENT (No such file or directory)
2023-05-18T12:24:29.888247080Z 12:24:29.888007 socket(AF_UNIX, SOCK_STREAM|SOCK_CLOEXEC|SOCK_NONBLOCK, 0) = 8
2023-05-18T12:24:29.888265950Z 12:24:29.888082 connect(8, {sa_family=AF_UNIX, sun_path="/var/run/nscd/socket"}, 110) = -1 ENOENT (No such file or directory)
2023-05-18T12:24:29.889966215Z 12:24:29.889634 socket(AF_INET, SOCK_DGRAM|SOCK_CLOEXEC|SOCK_NONBLOCK, IPPROTO_IP) = 8
2023-05-18T12:24:29.889987245Z 12:24:29.889716 connect(8, {sa_family=AF_INET, sin_port=htons(53), sin_addr=inet_addr("169.254.169.254")}, 16) = 0
2023-05-18T12:24:29.890244034Z 12:24:29.889831 sendto(8, "\312[\1\0\0\1\0\0\0\0\0\0\rflux-sample-0\fflux-"..., 76, MSG_NOSIGNAL, NULL, 0) = 76
2023-05-18T12:24:29.894154243Z 12:24:29.893913 recvfrom(8, "\312[\201\200\0\1\0\1\0\0\0\0\rflux-sample-0\fflux-"..., 1024, 0, {sa_family=AF_INET, sin_port=htons(53), sin_addr=inet_addr("169.254.169.254")}, [28->16]) = 92
2023-05-18T12:24:29.898738221Z broker.info[1]: start: none->join 1.70579ms
2023-05-18T12:24:30.714991248Z broker.info[1]: parent-ready: join->init 0.815645s
2023-05-18T12:24:30.715599241Z 12:24:30.714569 socketpair(AF_UNIX, SOCK_STREAM|SOCK_CLOEXEC, 0, [22, 23]) = 0
2023-05-18T12:24:30.715792541Z 12:24:30.714775 socketpair(AF_UNIX, SOCK_STREAM, 0, [24, 25]) = 0
2023-05-18T12:24:30.716007205Z 12:24:30.714987 socketpair(AF_UNIX, SOCK_STREAM, 0, [26, 27]) = 0
2023-05-18T12:24:30.719102250Z 12:24:30.715209 socketpair(AF_UNIX, SOCK_STREAM, 0, [28, 29]) = 0
2023-05-18T12:24:30.740629940Z broker.info[1]: configuration updated
2023-05-18T12:24:30.874822046Z broker.info[1]: rc1.0: running /etc/flux/rc1.d/01-sched-fluxion
2023-05-18T12:24:30.891534124Z broker.info[1]: rc1.0: running /etc/flux/rc1.d/02-cron
2023-05-18T12:24:30.926454691Z broker.info[1]: rc1.0: /etc/flux/rc1 Exited (rc=0) 0.2s
2023-05-18T12:24:30.927344659Z broker.info[1]: rc1-success: init->quorum 0.212671s
2023-05-18T12:24:31.675879542Z broker.info[1]: quorum-full: quorum->run 0.74814s
2023-05-18T12:24:43.399111865Z broker.info[1]: shutdown: run->cleanup 11.7226s
2023-05-18T12:24:43.399869738Z broker.info[1]: cleanup-none: cleanup->shutdown 0.762469ms
2023-05-18T12:24:43.400717549Z broker.info[1]: children-none: shutdown->finalize 0.800084ms
2023-05-18T12:24:43.401236076Z 12:24:43.400892 socketpair(AF_UNIX, SOCK_STREAM|SOCK_CLOEXEC, 0, [22, 23]) = 0
2023-05-18T12:24:43.401257470Z 12:24:43.401047 socketpair(AF_UNIX, SOCK_STREAM, 0, [24, 25]) = 0
2023-05-18T12:24:43.401584006Z 12:24:43.401254 socketpair(AF_UNIX, SOCK_STREAM, 0, [26, 28]) = 0
2023-05-18T12:24:43.401601697Z 12:24:43.401446 socketpair(AF_UNIX, SOCK_STREAM, 0, [58, 59]) = 0
2023-05-18T12:24:43.422471265Z broker.info[1]: rc3.0: running /etc/flux/rc3.d/01-sched-fluxion
2023-05-18T12:24:43.566700627Z broker.info[1]: rc3.0: /etc/flux/rc3 Exited (rc=0) 0.2s
2023-05-18T12:24:43.567908479Z broker.info[1]: rc3-success: finalize->goodbye 0.166859s
2023-05-18T12:24:43.569412414Z broker.info[1]: goodbye: goodbye->exit 0.974222ms
2023-05-18T12:24:43.578377141Z 12:24:43.578015 +++ exited with 0 +++
2023-05-18T12:24:43.580119615Z Return value for follower worker is 0
2023-05-18T12:24:43.580255886Z The follower worker exited cleanly. Goodbye!
