2023-05-18T08:09:41.126504303Z
2023-05-18T08:09:41.126549907Z Flux username: flux
2023-05-18T08:09:41.126556518Z
2023-05-18T08:09:41.126564119Z Flux install root: /usr
2023-05-18T08:09:41.169782784Z flux user is already added.
2023-05-18T08:09:41.172933417Z flux user identifiers:
2023-05-18T08:09:41.172956160Z uid=1234(flux) gid=1234(flux) groups=1234(flux)
2023-05-18T08:09:41.172961252Z
2023-05-18T08:09:41.172966881Z As Flux prefix for flux commands: sudo -u flux -E PYTHONPATH=/opt/conda/lib/python3.10/site-packages -E PATH=/opt/conda/bin:/usr/local/sbin:/usr/local/bin:/usr/sbin:/usr/bin:/sbin:/bin -E LD_LIBRARY_PATH=/opt/conda/lib -E HOME=/home/flux
2023-05-18T08:09:41.179566341Z
2023-05-18T08:09:41.179590463Z ðŸ‘‹ Hello, I'm flux-sample-3
2023-05-18T08:09:41.179712608Z The main host is flux-sample-0
2023-05-18T08:09:41.179793074Z The working directory is /home/flux/examples/reaxff/HNS, contents include:
2023-05-18T08:09:41.181987800Z /home/flux/examples/reaxff/HNS:
2023-05-18T08:09:41.182007801Z README.txt	ffield.reax.hns  log.8Mar18.reaxc.hns.g++.1
2023-05-18T08:09:41.182014738Z data.hns-equil	in.reaxc.hns	 log.8Mar18.reaxc.hns.g++.4
2023-05-18T08:09:41.182341359Z End of file listing, if you see nothing above there are no files.
2023-05-18T08:09:41.184539346Z flux R encode --hosts=flux-sample-[0-3]
2023-05-18T08:09:41.197917876Z
2023-05-18T08:09:41.197937679Z ðŸ“¦ Resources
2023-05-18T08:09:41.199634242Z {"version": 1, "execution": {"R_lite": [{"rank": "0-3", "children": {"core": "0"}}], "starttime": 0.0, "expiration": 0.0, "nodelist": ["flux-sample-[0-3]"]}}
2023-05-18T08:09:41.199852974Z
2023-05-18T08:09:41.199867116Z ðŸ¸ Diagnostics: false
2023-05-18T08:09:41.200037140Z ðŸš©ï¸ Flux Option Flags defined
2023-05-18T08:09:41.203899552Z
2023-05-18T08:09:41.203918958Z ðŸ¦Š Independent Minister of Privilege
2023-05-18T08:09:41.205176721Z [exec]
2023-05-18T08:09:41.205192562Z allowed-users = [ "flux", "root" ]
2023-05-18T08:09:41.205199031Z allowed-shells = [ "/usr/libexec/flux/flux-shell" ]
2023-05-18T08:09:41.205397933Z
2023-05-18T08:09:41.205412228Z ðŸ¸ Broker Configuration
2023-05-18T08:09:41.206567651Z # Flux needs to know the path to the IMP executable
2023-05-18T08:09:41.206582450Z [exec]
2023-05-18T08:09:41.206588168Z imp = "/usr/libexec/flux/flux-imp"
2023-05-18T08:09:41.206592842Z
2023-05-18T08:09:41.206597440Z [access]
2023-05-18T08:09:41.206602854Z allow-guest-user = true
2023-05-18T08:09:41.206609976Z allow-root-owner = true
2023-05-18T08:09:41.206615530Z
2023-05-18T08:09:41.206620441Z # Point to resource definition generated with flux-R(1).
2023-05-18T08:09:41.206625091Z [resource]
2023-05-18T08:09:41.206630501Z path = "/etc/flux/system/R"
2023-05-18T08:09:41.206635099Z
2023-05-18T08:09:41.206640114Z [bootstrap]
2023-05-18T08:09:41.206644585Z curve_cert = "/etc/curve/curve.cert"
2023-05-18T08:09:41.206651672Z default_port = 8050
2023-05-18T08:09:41.206657910Z default_bind = "tcp://eth0:%p"
2023-05-18T08:09:41.206663285Z default_connect = "tcp://%h.flux-service.flux-operator.svc.cluster.local:%p"
2023-05-18T08:09:41.206668166Z hosts = [
2023-05-18T08:09:41.206672806Z 	{ host="flux-sample-[0-3]"},
2023-05-18T08:09:41.206677440Z ]
2023-05-18T08:09:41.206681639Z
2023-05-18T08:09:41.206686422Z [archive]
2023-05-18T08:09:41.206693725Z dbpath = "/var/lib/flux/job-archive.sqlite"
2023-05-18T08:09:41.206700373Z period = "1m"
2023-05-18T08:09:41.279089374Z busytimeout = "50s"
2023-05-18T08:09:41.279113532Z ðŸ§Šï¸ State Directory:
2023-05-18T08:09:41.279119656Z total 0
2023-05-18T08:09:41.279124525Z
2023-05-18T08:09:41.281888037Z
2023-05-18T08:09:41.281909367Z ðŸ”’ï¸ Working directory permissions:
2023-05-18T08:09:41.281914870Z total 96
2023-05-18T08:09:41.281920585Z -rwxrwxrwx 1 flux root  2517 May 17 22:32 README.txt
2023-05-18T08:09:41.281925252Z -rwxrwxrwx 1 flux root 54692 May 17 22:32 data.hns-equil
2023-05-18T08:09:41.281929614Z -rwxrwxrwx 1 flux root 13576 May 17 22:32 ffield.reax.hns
2023-05-18T08:09:41.281937611Z -rwxrwxrwx 1 flux root   870 May 17 22:32 in.reaxc.hns
2023-05-18T08:09:41.281943974Z -rwxrwxrwx 1 flux root  4172 May 17 22:32 log.8Mar18.reaxc.hns.g++.1
2023-05-18T08:09:41.281949200Z -rwxrwxrwx 1 flux root  4168 May 17 22:32 log.8Mar18.reaxc.hns.g++.4
2023-05-18T08:09:41.281953722Z
2023-05-18T08:09:41.282101613Z
2023-05-18T08:09:41.282142019Z âœ¨ Curve certificate generated by helper pod
2023-05-18T08:09:41.283552446Z #   ****  Generated on 2023-04-26 22:54:42 by CZMQ  ****
2023-05-18T08:09:41.283570857Z #   ZeroMQ CURVE **Secret** Certificate
2023-05-18T08:09:41.283577548Z #   DO NOT PROVIDE THIS FILE TO OTHER USERS nor change its permissions.
2023-05-18T08:09:41.283584890Z
2023-05-18T08:09:41.283591277Z metadata
2023-05-18T08:09:41.283596818Z     name = "flux-cert-generator"
2023-05-18T08:09:41.283601587Z     keygen.hostname = "flux-sample-0"
2023-05-18T08:09:41.283606202Z curve
2023-05-18T08:09:41.283611079Z     public-key = "kK2as0ba^]5oc&(?/lPX{#WK$G4jobzG+xxH^*5)"
2023-05-18T08:09:41.283614446Z     secret-key = "AaN+AmGi2P.hx>-O-SeK.N?fDZ]4jg=Ja?R^yUo9"
2023-05-18T08:09:41.285507871Z
2023-05-18T08:09:41.285602275Z ðŸŒ€  flux start --wrap=strace,-e,network,-tt -o --config /etc/flux/config -Scron.directory=/etc/flux/system/cron.d   -Stbon.fanout=256   -Srundir=/run/flux    -Sstatedir=/var/lib/flux   -Slocal-uri=local:///run/flux/local -Stbon.connect_timeout=6s  -Stbon.zmqdebug=1  -Slog-stderr-level=6    -Slog-stderr-mode=local
2023-05-18T08:09:41.329704002Z 08:09:41.329378 socket(AF_NETLINK, SOCK_RAW, NETLINK_ROUTE) = 8
2023-05-18T08:09:41.330003204Z 08:09:41.329771 bind(8, {sa_family=AF_NETLINK, nl_pid=0, nl_groups=00000000}, 12) = 0
2023-05-18T08:09:41.330338403Z 08:09:41.330086 getsockname(8, {sa_family=AF_NETLINK, nl_pid=70, nl_groups=00000000}, [12]) = 0
2023-05-18T08:09:41.330834540Z 08:09:41.330411 sendto(8, {{len=20, type=RTM_GETADDR, flags=NLM_F_REQUEST|NLM_F_DUMP, seq=1684397381, pid=0}, {ifa_family=AF_UNSPEC, ...}}, 20, 0, {sa_family=AF_NETLINK, nl_pid=0, nl_groups=00000000}, 12) = 20
2023-05-18T08:09:41.331899475Z 08:09:41.330914 recvmsg(8, {msg_name={sa_family=AF_NETLINK, nl_pid=0, nl_groups=00000000}, msg_namelen=12, msg_iov=[{iov_base=[{{len=76, type=RTM_NEWADDR, flags=NLM_F_MULTI, seq=1684397381, pid=70}, {ifa_family=AF_INET, ifa_prefixlen=8, ifa_flags=IFA_F_PERMANENT, ifa_scope=RT_SCOPE_HOST, ifa_index=if_nametoindex("lo")}, [{{nla_len=8, nla_type=IFA_ADDRESS}, 127.0.0.1}, {{nla_len=8, nla_type=IFA_LOCAL}, 127.0.0.1}, {{nla_len=7, nla_type=IFA_LABEL}, "lo"}, {{nla_len=8, nla_type=IFA_FLAGS}, IFA_F_PERMANENT}, {{nla_len=20, nla_type=IFA_CACHEINFO}, {ifa_prefered=4294967295, ifa_valid=4294967295, cstamp=312639, tstamp=312639}}]}, {{len=88, type=RTM_NEWADDR, flags=NLM_F_MULTI, seq=1684397381, pid=70}, {ifa_family=AF_INET, ifa_prefixlen=24, ifa_flags=IFA_F_PERMANENT, ifa_scope=RT_SCOPE_UNIVERSE, ifa_index=if_nametoindex("eth0")}, [{{nla_len=8, nla_type=IFA_ADDRESS}, 10.24.0.130}, {{nla_len=8, nla_type=IFA_LOCAL}, 10.24.0.130}, {{nla_len=8, nla_type=IFA_BROADCAST}, 10.24.0.255}, {{nla_len=9, nla_type=IFA_LABEL}, "eth0"}, {{nla_len=8, nla_type=IFA_FLAGS}, IFA_F_PERMANENT}, {{nla_len=20, nla_type=IFA_CACHEINFO}, {ifa_prefered=4294967295, ifa_valid=4294967295, cstamp=312643, tstamp=312643}}]}], iov_len=4096}], msg_iovlen=1, msg_controllen=0, msg_flags=0}, 0) = 164
2023-05-18T08:09:41.332300728Z 08:09:41.331967 recvmsg(8, {msg_name={sa_family=AF_NETLINK, nl_pid=0, nl_groups=00000000}, msg_namelen=12, msg_iov=[{iov_base={{len=20, type=NLMSG_DONE, flags=NLM_F_MULTI, seq=1684397381, pid=70}, 0}, iov_len=4096}], msg_iovlen=1, msg_controllen=0, msg_flags=0}, 0) = 20
2023-05-18T08:09:41.333043426Z 08:09:41.332813 socket(AF_UNIX, SOCK_STREAM|SOCK_CLOEXEC|SOCK_NONBLOCK, 0) = 8
2023-05-18T08:09:41.333353764Z 08:09:41.333098 connect(8, {sa_family=AF_UNIX, sun_path="/var/run/nscd/socket"}, 110) = -1 ENOENT (No such file or directory)
2023-05-18T08:09:41.333672712Z 08:09:41.333442 socket(AF_UNIX, SOCK_STREAM|SOCK_CLOEXEC|SOCK_NONBLOCK, 0) = 8
2023-05-18T08:09:41.333963601Z 08:09:41.333728 connect(8, {sa_family=AF_UNIX, sun_path="/var/run/nscd/socket"}, 110) = -1 ENOENT (No such file or directory)
2023-05-18T08:09:41.335603099Z 08:09:41.335397 socket(AF_INET, SOCK_DGRAM|SOCK_CLOEXEC|SOCK_NONBLOCK, IPPROTO_IP) = 8
2023-05-18T08:09:41.335860994Z 08:09:41.335650 connect(8, {sa_family=AF_INET, sin_port=htons(53), sin_addr=inet_addr("169.254.169.254")}, 16) = 0
2023-05-18T08:09:41.336357412Z 08:09:41.335930 sendto(8, "<.\1\0\0\1\0\0\0\0\0\0\rflux-sample-0\fflux-"..., 76, MSG_NOSIGNAL, NULL, 0) = 76
2023-05-18T08:09:41.339590082Z 08:09:41.339384 recvfrom(8, "<.\201\200\0\1\0\1\0\0\0\0\rflux-sample-0\fflux-"..., 1024, 0, {sa_family=AF_INET, sin_port=htons(53), sin_addr=inet_addr("169.254.169.254")}, [28->16]) = 92
2023-05-18T08:09:41.345328155Z broker.info[3]: start: none->join 1.87472ms
2023-05-18T08:09:47.528204826Z broker.info[3]: parent-ready: join->init 6.1825s
2023-05-18T08:09:47.528461406Z 08:09:47.528089 socketpair(AF_UNIX, SOCK_STREAM|SOCK_CLOEXEC, 0, [22, 23]) = 0
2023-05-18T08:09:47.528595485Z 08:09:47.528275 socketpair(AF_UNIX, SOCK_STREAM, 0, [24, 25]) = 0
2023-05-18T08:09:47.528741387Z 08:09:47.528550 socketpair(AF_UNIX, SOCK_STREAM, 0, [26, 27]) = 0
2023-05-18T08:09:47.529004427Z 08:09:47.528790 socketpair(AF_UNIX, SOCK_STREAM, 0, [28, 29]) = 0
2023-05-18T08:09:47.555413909Z broker.info[3]: configuration updated
2023-05-18T08:09:47.673527798Z broker.info[3]: rc1.0: running /etc/flux/rc1.d/01-sched-fluxion
2023-05-18T08:09:47.684416057Z broker.info[3]: rc1.0: running /etc/flux/rc1.d/02-cron
2023-05-18T08:09:47.706281952Z broker.info[3]: rc1.0: /etc/flux/rc1 Exited (rc=0) 0.2s
2023-05-18T08:09:47.707644191Z broker.info[3]: rc1-success: init->quorum 0.179358s
2023-05-18T08:09:48.087806754Z broker.info[3]: quorum-full: quorum->run 0.379919s
2023-05-18T08:09:48.673782348Z 08:09:48.673410 socketpair(AF_UNIX, SOCK_STREAM|SOCK_CLOEXEC, 0, [22, 23]) = 0
2023-05-18T08:09:48.673987613Z 08:09:48.673593 socketpair(AF_UNIX, SOCK_STREAM, 0, [24, 25]) = 0
2023-05-18T08:09:48.674029820Z 08:09:48.673832 socketpair(AF_UNIX, SOCK_STREAM, 0, [26, 28]) = 0
2023-05-18T08:09:48.674421966Z 08:09:48.674072 socketpair(AF_UNIX, SOCK_STREAM, 0, [58, 59]) = 0
2023-05-18T08:09:58.931821026Z broker.info[3]: shutdown: run->cleanup 10.8438s
2023-05-18T08:09:58.933981564Z broker.info[3]: cleanup-none: cleanup->shutdown 1.22512ms
2023-05-18T08:09:58.935782111Z broker.info[3]: children-none: shutdown->finalize 1.07701ms
2023-05-18T08:09:58.936512961Z 08:09:58.936222 socketpair(AF_UNIX, SOCK_STREAM|SOCK_CLOEXEC, 0, [22, 23]) = 0
2023-05-18T08:09:58.936737741Z 08:09:58.936525 socketpair(AF_UNIX, SOCK_STREAM, 0, [24, 25]) = 0
2023-05-18T08:09:58.937109363Z 08:09:58.936910 socketpair(AF_UNIX, SOCK_STREAM, 0, [26, 28]) = 0
2023-05-18T08:09:58.937564003Z 08:09:58.937309 socketpair(AF_UNIX, SOCK_STREAM, 0, [58, 59]) = 0
2023-05-18T08:09:58.955826377Z broker.info[3]: rc3.0: running /etc/flux/rc3.d/01-sched-fluxion
2023-05-18T08:09:59.081647360Z broker.info[3]: rc3.0: /etc/flux/rc3 Exited (rc=0) 0.1s
2023-05-18T08:09:59.082803749Z broker.info[3]: rc3-success: finalize->goodbye 0.146428s
2023-05-18T08:09:59.086436612Z broker.info[3]: goodbye: goodbye->exit 3.02071ms
2023-05-18T08:09:59.098608068Z 08:09:59.098457 +++ exited with 0 +++
2023-05-18T08:09:59.100166054Z Return value for follower worker is 0
2023-05-18T08:09:59.100191160Z The follower worker exited cleanly. Goodbye!
