2023-05-18T12:25:51.794741961Z
2023-05-18T12:25:51.794802381Z Flux username: flux
2023-05-18T12:25:51.794809080Z
2023-05-18T12:25:51.794814747Z Flux install root: /usr
2023-05-18T12:25:51.843288287Z flux user is already added.
2023-05-18T12:25:51.846329310Z flux user identifiers:
2023-05-18T12:25:51.846359558Z uid=1234(flux) gid=1234(flux) groups=1234(flux)
2023-05-18T12:25:51.846501767Z
2023-05-18T12:25:51.846514045Z As Flux prefix for flux commands: sudo -u flux -E PYTHONPATH=/opt/conda/lib/python3.10/site-packages -E PATH=/opt/conda/bin:/usr/local/sbin:/usr/local/bin:/usr/sbin:/usr/bin:/sbin:/bin -E LD_LIBRARY_PATH=/opt/conda/lib -E HOME=/home/flux
2023-05-18T12:25:51.855351161Z
2023-05-18T12:25:51.855392927Z ðŸ‘‹ Hello, I'm flux-sample-3
2023-05-18T12:25:51.855540861Z The main host is flux-sample-0
2023-05-18T12:25:51.855552206Z The working directory is /home/flux/examples/reaxff/HNS, contents include:
2023-05-18T12:25:51.857339226Z /home/flux/examples/reaxff/HNS:
2023-05-18T12:25:51.857448326Z README.txt	ffield.reax.hns  log.8Mar18.reaxc.hns.g++.1
2023-05-18T12:25:51.857472977Z data.hns-equil	in.reaxc.hns	 log.8Mar18.reaxc.hns.g++.4
2023-05-18T12:25:51.857619392Z End of file listing, if you see nothing above there are no files.
2023-05-18T12:25:51.861831847Z flux R encode --hosts=flux-sample-[0-3]
2023-05-18T12:25:51.878432177Z
2023-05-18T12:25:51.878465262Z ðŸ“¦ Resources
2023-05-18T12:25:51.879560474Z {"version": 1, "execution": {"R_lite": [{"rank": "0-3", "children": {"core": "0"}}], "starttime": 0.0, "expiration": 0.0, "nodelist": ["flux-sample-[0-3]"]}}
2023-05-18T12:25:51.880346586Z
2023-05-18T12:25:51.880366936Z ðŸ¸ Diagnostics: false
2023-05-18T12:25:51.880373388Z ðŸš©ï¸ Flux Option Flags defined
2023-05-18T12:25:51.883999590Z
2023-05-18T12:25:51.884025371Z ðŸ¦Š Independent Minister of Privilege
2023-05-18T12:25:51.885379485Z [exec]
2023-05-18T12:25:51.885398964Z allowed-users = [ "flux", "root" ]
2023-05-18T12:25:51.885407843Z allowed-shells = [ "/usr/libexec/flux/flux-shell" ]
2023-05-18T12:25:51.885696794Z
2023-05-18T12:25:51.885714917Z ðŸ¸ Broker Configuration
2023-05-18T12:25:51.887276180Z # Flux needs to know the path to the IMP executable
2023-05-18T12:25:51.887293621Z [exec]
2023-05-18T12:25:51.887299646Z imp = "/usr/libexec/flux/flux-imp"
2023-05-18T12:25:51.887306556Z
2023-05-18T12:25:51.887312392Z [access]
2023-05-18T12:25:51.887318432Z allow-guest-user = true
2023-05-18T12:25:51.887323317Z allow-root-owner = true
2023-05-18T12:25:51.887327956Z
2023-05-18T12:25:51.887332584Z # Point to resource definition generated with flux-R(1).
2023-05-18T12:25:51.887336960Z [resource]
2023-05-18T12:25:51.887342143Z path = "/etc/flux/system/R"
2023-05-18T12:25:51.887348788Z
2023-05-18T12:25:51.887355022Z [bootstrap]
2023-05-18T12:25:51.887360556Z curve_cert = "/etc/curve/curve.cert"
2023-05-18T12:25:51.887366068Z default_port = 8050
2023-05-18T12:25:51.887371330Z default_bind = "tcp://eth0:%p"
2023-05-18T12:25:51.887376832Z default_connect = "tcp://%h.flux-service.flux-operator.svc.cluster.local:%p"
2023-05-18T12:25:51.887381978Z hosts = [
2023-05-18T12:25:51.887387035Z 	{ host="flux-sample-[0-3]"},
2023-05-18T12:25:51.887394075Z ]
2023-05-18T12:25:51.887399473Z
2023-05-18T12:25:51.887404323Z [archive]
2023-05-18T12:25:51.887409255Z dbpath = "/var/lib/flux/job-archive.sqlite"
2023-05-18T12:25:51.887414168Z period = "1m"
2023-05-18T12:25:51.981906473Z busytimeout = "50s"
2023-05-18T12:25:51.981938176Z ðŸ§Šï¸ State Directory:
2023-05-18T12:25:51.981944268Z total 0
2023-05-18T12:25:51.981949039Z
2023-05-18T12:25:51.984935913Z
2023-05-18T12:25:51.984966766Z ðŸ”’ï¸ Working directory permissions:
2023-05-18T12:25:51.984973248Z total 96
2023-05-18T12:25:51.984979162Z -rwxrwxrwx 1 flux root  2517 May 17 22:32 README.txt
2023-05-18T12:25:51.984984071Z -rwxrwxrwx 1 flux root 54692 May 17 22:32 data.hns-equil
2023-05-18T12:25:51.984989123Z -rwxrwxrwx 1 flux root 13576 May 17 22:32 ffield.reax.hns
2023-05-18T12:25:51.984993998Z -rwxrwxrwx 1 flux root   870 May 17 22:32 in.reaxc.hns
2023-05-18T12:25:51.985000015Z -rwxrwxrwx 1 flux root  4172 May 17 22:32 log.8Mar18.reaxc.hns.g++.1
2023-05-18T12:25:51.985007260Z -rwxrwxrwx 1 flux root  4168 May 17 22:32 log.8Mar18.reaxc.hns.g++.4
2023-05-18T12:25:51.985045923Z
2023-05-18T12:25:51.985053244Z
2023-05-18T12:25:51.985059499Z âœ¨ Curve certificate generated by helper pod
2023-05-18T12:25:51.986814106Z #   ****  Generated on 2023-04-26 22:54:42 by CZMQ  ****
2023-05-18T12:25:51.986839950Z #   ZeroMQ CURVE **Secret** Certificate
2023-05-18T12:25:51.986847079Z #   DO NOT PROVIDE THIS FILE TO OTHER USERS nor change its permissions.
2023-05-18T12:25:51.986852312Z
2023-05-18T12:25:51.986857398Z metadata
2023-05-18T12:25:51.986863093Z     name = "flux-cert-generator"
2023-05-18T12:25:51.986870085Z     keygen.hostname = "flux-sample-0"
2023-05-18T12:25:51.986876644Z curve
2023-05-18T12:25:51.986882456Z     public-key = "!!!bC5:-KA?iQV}?*VjHN{w#Hoa1NsbaRGuslf#1"
2023-05-18T12:25:51.986887299Z     secret-key = "zL.7)-n2]gj-$}RKP1I.ofh+T-LCrXdWgi2AL!QR"
2023-05-18T12:25:51.989381817Z
2023-05-18T12:25:51.989419038Z ðŸŒ€  flux start --wrap=strace,-e,network,-tt -o --config /etc/flux/config -Scron.directory=/etc/flux/system/cron.d   -Stbon.fanout=256   -Srundir=/run/flux    -Sstatedir=/var/lib/flux   -Slocal-uri=local:///run/flux/local -Stbon.connect_timeout=1s  -Stbon.zmqdebug=1  -Slog-stderr-level=6    -Slog-stderr-mode=local
2023-05-18T12:25:52.036318590Z 12:25:52.035905 socket(AF_NETLINK, SOCK_RAW, NETLINK_ROUTE) = 8
2023-05-18T12:25:52.036365027Z 12:25:52.036061 bind(8, {sa_family=AF_NETLINK, nl_pid=0, nl_groups=00000000}, 12) = 0
2023-05-18T12:25:52.036372577Z 12:25:52.036148 getsockname(8, {sa_family=AF_NETLINK, nl_pid=70, nl_groups=00000000}, [12]) = 0
2023-05-18T12:25:52.036618857Z 12:25:52.036228 sendto(8, {{len=20, type=RTM_GETADDR, flags=NLM_F_REQUEST|NLM_F_DUMP, seq=1684412752, pid=0}, {ifa_family=AF_UNSPEC, ...}}, 20, 0, {sa_family=AF_NETLINK, nl_pid=0, nl_groups=00000000}, 12) = 20
2023-05-18T12:25:52.037082708Z 12:25:52.036501 recvmsg(8, {msg_name={sa_family=AF_NETLINK, nl_pid=0, nl_groups=00000000}, msg_namelen=12, msg_iov=[{iov_base=[{{len=76, type=RTM_NEWADDR, flags=NLM_F_MULTI, seq=1684412752, pid=70}, {ifa_family=AF_INET, ifa_prefixlen=8, ifa_flags=IFA_F_PERMANENT, ifa_scope=RT_SCOPE_HOST, ifa_index=if_nametoindex("lo")}, [{{nla_len=8, nla_type=IFA_ADDRESS}, 127.0.0.1}, {{nla_len=8, nla_type=IFA_LOCAL}, 127.0.0.1}, {{nla_len=7, nla_type=IFA_LABEL}, "lo"}, {{nla_len=8, nla_type=IFA_FLAGS}, IFA_F_PERMANENT}, {{nla_len=20, nla_type=IFA_CACHEINFO}, {ifa_prefered=4294967295, ifa_valid=4294967295, cstamp=1849453, tstamp=1849453}}]}, {{len=88, type=RTM_NEWADDR, flags=NLM_F_MULTI, seq=1684412752, pid=70}, {ifa_family=AF_INET, ifa_prefixlen=24, ifa_flags=IFA_F_PERMANENT, ifa_scope=RT_SCOPE_UNIVERSE, ifa_index=if_nametoindex("eth0")}, [{{nla_len=8, nla_type=IFA_ADDRESS}, 10.24.2.245}, {{nla_len=8, nla_type=IFA_LOCAL}, 10.24.2.245}, {{nla_len=8, nla_type=IFA_BROADCAST}, 10.24.2.255}, {{nla_len=9, nla_type=IFA_LABEL}, "eth0"}, {{nla_len=8, nla_type=IFA_FLAGS}, IFA_F_PERMANENT}, {{nla_len=20, nla_type=IFA_CACHEINFO}, {ifa_prefered=4294967295, ifa_valid=4294967295, cstamp=1849456, tstamp=1849456}}]}], iov_len=4096}], msg_iovlen=1, msg_controllen=0, msg_flags=0}, 0) = 164
2023-05-18T12:25:52.037123784Z 12:25:52.036887 recvmsg(8, {msg_name={sa_family=AF_NETLINK, nl_pid=0, nl_groups=00000000}, msg_namelen=12, msg_iov=[{iov_base={{len=20, type=NLMSG_DONE, flags=NLM_F_MULTI, seq=1684412752, pid=70}, 0}, iov_len=4096}], msg_iovlen=1, msg_controllen=0, msg_flags=0}, 0) = 20
2023-05-18T12:25:52.037633025Z 12:25:52.037400 socket(AF_UNIX, SOCK_STREAM|SOCK_CLOEXEC|SOCK_NONBLOCK, 0) = 8
2023-05-18T12:25:52.037877234Z 12:25:52.037478 connect(8, {sa_family=AF_UNIX, sun_path="/var/run/nscd/socket"}, 110) = -1 ENOENT (No such file or directory)
2023-05-18T12:25:52.037890991Z 12:25:52.037618 socket(AF_UNIX, SOCK_STREAM|SOCK_CLOEXEC|SOCK_NONBLOCK, 0) = 8
2023-05-18T12:25:52.037902629Z 12:25:52.037709 connect(8, {sa_family=AF_UNIX, sun_path="/var/run/nscd/socket"}, 110) = -1 ENOENT (No such file or directory)
2023-05-18T12:25:52.039115720Z 12:25:52.038954 socket(AF_INET, SOCK_DGRAM|SOCK_CLOEXEC|SOCK_NONBLOCK, IPPROTO_IP) = 8
2023-05-18T12:25:52.039202239Z 12:25:52.039058 connect(8, {sa_family=AF_INET, sin_port=htons(53), sin_addr=inet_addr("169.254.169.254")}, 16) = 0
2023-05-18T12:25:52.039612875Z 12:25:52.039191 sendto(8, "\203\244\1\0\0\1\0\0\0\0\0\0\rflux-sample-0\fflux-"..., 76, MSG_NOSIGNAL, NULL, 0) = 76
2023-05-18T12:25:52.044042848Z 12:25:52.043754 recvfrom(8, "\203\244\201\203\0\1\0\0\0\1\0\0\rflux-sample-0\fflux-"..., 1024, 0, {sa_family=AF_INET, sin_port=htons(53), sin_addr=inet_addr("169.254.169.254")}, [28->16]) = 172
2023-05-18T12:25:52.044472589Z 12:25:52.044057 socket(AF_INET, SOCK_DGRAM|SOCK_CLOEXEC|SOCK_NONBLOCK, IPPROTO_IP) = 8
2023-05-18T12:25:52.044540411Z 12:25:52.044195 connect(8, {sa_family=AF_INET, sin_port=htons(53), sin_addr=inet_addr("169.254.169.254")}, 16) = 0
2023-05-18T12:25:52.044713964Z 12:25:52.044411 sendto(8, "F\35\1\0\0\1\0\0\0\0\0\0\rflux-sample-0\fflux-"..., 108, MSG_NOSIGNAL, NULL, 0) = 108
2023-05-18T12:25:52.048242712Z 12:25:52.047978 recvfrom(8, "F\35\201\203\0\1\0\0\0\1\0\0\rflux-sample-0\fflux-"..., 1024, 0, {sa_family=AF_INET, sin_port=htons(53), sin_addr=inet_addr("169.254.169.254")}, [28->16]) = 204
2023-05-18T12:25:52.048648160Z 12:25:52.048401 socket(AF_INET, SOCK_DGRAM|SOCK_CLOEXEC|SOCK_NONBLOCK, IPPROTO_IP) = 8
2023-05-18T12:25:52.048850245Z 12:25:52.048608 connect(8, {sa_family=AF_INET, sin_port=htons(53), sin_addr=inet_addr("169.254.169.254")}, 16) = 0
2023-05-18T12:25:52.049220544Z 12:25:52.048939 sendto(8, "t\255\1\0\0\1\0\0\0\0\0\0\rflux-sample-0\fflux-"..., 94, MSG_NOSIGNAL, NULL, 0) = 94
2023-05-18T12:25:52.052758396Z 12:25:52.052407 recvfrom(8, "t\255\201\203\0\1\0\0\0\1\0\0\rflux-sample-0\fflux-"..., 1024, 0, {sa_family=AF_INET, sin_port=htons(53), sin_addr=inet_addr("169.254.169.254")}, [28->16]) = 190
2023-05-18T12:25:52.053125294Z 12:25:52.052922 socket(AF_INET, SOCK_DGRAM|SOCK_CLOEXEC|SOCK_NONBLOCK, IPPROTO_IP) = 8
2023-05-18T12:25:52.053334303Z 12:25:52.053073 connect(8, {sa_family=AF_INET, sin_port=htons(53), sin_addr=inet_addr("169.254.169.254")}, 16) = 0
2023-05-18T12:25:52.053597025Z 12:25:52.053308 sendto(8, "\24~\1\0\0\1\0\0\0\0\0\0\rflux-sample-0\fflux-"..., 90, MSG_NOSIGNAL, NULL, 0) = 90
2023-05-18T12:25:52.057059589Z 12:25:52.056694 recvfrom(8, "\24~\201\203\0\1\0\0\0\1\0\0\rflux-sample-0\fflux-"..., 1024, 0, {sa_family=AF_INET, sin_port=htons(53), sin_addr=inet_addr("169.254.169.254")}, [28->16]) = 186
2023-05-18T12:25:52.057394373Z 12:25:52.057191 socket(AF_INET, SOCK_DGRAM|SOCK_CLOEXEC|SOCK_NONBLOCK, IPPROTO_IP) = 8
2023-05-18T12:25:52.057630106Z 12:25:52.057424 connect(8, {sa_family=AF_INET, sin_port=htons(53), sin_addr=inet_addr("169.254.169.254")}, 16) = 0
2023-05-18T12:25:52.057986939Z 12:25:52.057713 sendto(8, "\313\260\1\0\0\1\0\0\0\0\0\0\rflux-sample-0\fflux-"..., 111, MSG_NOSIGNAL, NULL, 0) = 111
2023-05-18T12:25:52.063773267Z 12:25:52.063397 recvfrom(8, "\313\260\201\203\0\1\0\0\0\1\0\0\rflux-sample-0\fflux-"..., 1024, 0, {sa_family=AF_INET, sin_port=htons(53), sin_addr=inet_addr("169.254.169.254")}, [28->16]) = 205
2023-05-18T12:25:52.064277011Z 12:25:52.064017 socket(AF_INET, SOCK_DGRAM|SOCK_CLOEXEC|SOCK_NONBLOCK, IPPROTO_IP) = 8
2023-05-18T12:25:52.064365051Z 12:25:52.064212 connect(8, {sa_family=AF_INET, sin_port=htons(53), sin_addr=inet_addr("169.254.169.254")}, 16) = 0
2023-05-18T12:25:52.064579453Z 12:25:52.064348 sendto(8, "\245\24\1\0\0\1\0\0\0\0\0\0\rflux-sample-0\fflux-"..., 97, MSG_NOSIGNAL, NULL, 0) = 97
2023-05-18T12:25:52.069083749Z 12:25:52.068761 recvfrom(8, "\245\24\201\203\0\1\0\0\0\1\0\0\rflux-sample-0\fflux-"..., 1024, 0, {sa_family=AF_INET, sin_port=htons(53), sin_addr=inet_addr("169.254.169.254")}, [28->16]) = 186
2023-05-18T12:25:52.069503347Z 12:25:52.069203 socket(AF_INET, SOCK_DGRAM|SOCK_CLOEXEC|SOCK_NONBLOCK, IPPROTO_IP) = 8
2023-05-18T12:25:52.069602738Z 12:25:52.069400 connect(8, {sa_family=AF_INET, sin_port=htons(53), sin_addr=inet_addr("169.254.169.254")}, 16) = 0
2023-05-18T12:25:52.069794568Z 12:25:52.069512 sendto(8, "/\241\1\0\0\1\0\0\0\0\0\0\rflux-sample-0\fflux-"..., 92, MSG_NOSIGNAL, NULL, 0) = 92
2023-05-18T12:25:52.073289072Z 12:25:52.072997 recvfrom(8, "/\241\201\203\0\1\0\0\0\1\0\0\rflux-sample-0\fflux-"..., 1024, 0, {sa_family=AF_INET, sin_port=htons(53), sin_addr=inet_addr("169.254.169.254")}, [28->16]) = 181
2023-05-18T12:25:52.073695501Z broker.err[3]: Warning: unable to resolve upstream peer flux-sample-0.flux-service.flux-operator.svc.cluster.local: Name or service not known
2023-05-18T12:25:52.079414631Z broker.info[3]: start: none->join 1.71229ms
2023-05-18T12:25:52.701552944Z broker.info[3]: parent-ready: join->init 0.621812s
2023-05-18T12:25:52.701752632Z 12:25:52.701432 socketpair(AF_UNIX, SOCK_STREAM|SOCK_CLOEXEC, 0, [22, 23]) = 0
2023-05-18T12:25:52.701768059Z 12:25:52.701573 socketpair(AF_UNIX, SOCK_STREAM, 0, [24, 25]) = 0
2023-05-18T12:25:52.701986656Z 12:25:52.701793 socketpair(AF_UNIX, SOCK_STREAM, 0, [26, 27]) = 0
2023-05-18T12:25:52.702144377Z 12:25:52.701976 socketpair(AF_UNIX, SOCK_STREAM, 0, [28, 29]) = 0
2023-05-18T12:25:52.729696775Z broker.info[3]: configuration updated
2023-05-18T12:25:52.870808167Z broker.info[3]: rc1.0: running /etc/flux/rc1.d/01-sched-fluxion
2023-05-18T12:25:52.884217445Z broker.info[3]: rc1.0: running /etc/flux/rc1.d/02-cron
2023-05-18T12:25:52.911164730Z broker.info[3]: rc1.0: /etc/flux/rc1 Exited (rc=0) 0.2s
2023-05-18T12:25:52.912158807Z broker.info[3]: rc1-success: init->quorum 0.210529s
2023-05-18T12:25:53.093221605Z broker.info[3]: quorum-full: quorum->run 0.18064s
2023-05-18T12:25:53.734801961Z 12:25:53.734225 socketpair(AF_UNIX, SOCK_STREAM|SOCK_CLOEXEC, 0, [22, 23]) = 0
2023-05-18T12:25:53.734942084Z 12:25:53.734487 socketpair(AF_UNIX, SOCK_STREAM, 0, [24, 25]) = 0
2023-05-18T12:25:53.735607784Z 12:25:53.735115 socketpair(AF_UNIX, SOCK_STREAM, 0, [26, 28]) = 0
2023-05-18T12:25:53.736049550Z 12:25:53.735340 socketpair(AF_UNIX, SOCK_STREAM, 0, [58, 59]) = 0
2023-05-18T12:26:04.852546601Z broker.info[3]: shutdown: run->cleanup 11.7585s
2023-05-18T12:26:04.854405278Z broker.info[3]: cleanup-none: cleanup->shutdown 1.61324ms
2023-05-18T12:26:04.855692542Z broker.info[3]: children-none: shutdown->finalize 1.14092ms
2023-05-18T12:26:04.856509719Z 12:26:04.855778 socketpair(AF_UNIX, SOCK_STREAM|SOCK_CLOEXEC, 0, [22, 23]) = 0
2023-05-18T12:26:04.856756848Z 12:26:04.855972 socketpair(AF_UNIX, SOCK_STREAM, 0, [24, 25]) = 0
2023-05-18T12:26:04.856909307Z 12:26:04.856227 socketpair(AF_UNIX, SOCK_STREAM, 0, [26, 28]) = 0
2023-05-18T12:26:04.856945806Z 12:26:04.856503 socketpair(AF_UNIX, SOCK_STREAM, 0, [58, 59]) = 0
2023-05-18T12:26:04.875575497Z broker.info[3]: rc3.0: running /etc/flux/rc3.d/01-sched-fluxion
2023-05-18T12:26:05.019200847Z broker.info[3]: rc3.0: /etc/flux/rc3 Exited (rc=0) 0.2s
2023-05-18T12:26:05.020636512Z broker.info[3]: rc3-success: finalize->goodbye 0.164664s
2023-05-18T12:26:05.022357324Z broker.info[3]: goodbye: goodbye->exit 1.0434ms
2023-05-18T12:26:05.032754139Z 12:26:05.032490 +++ exited with 0 +++
2023-05-18T12:26:05.034502961Z Return value for follower worker is 0
2023-05-18T12:26:05.034535480Z The follower worker exited cleanly. Goodbye!
