2023-05-18T08:13:04.166570369Z
2023-05-18T08:13:04.166611352Z Flux username: flux
2023-05-18T08:13:04.166617940Z
2023-05-18T08:13:04.166622843Z Flux install root: /usr
2023-05-18T08:13:04.221722004Z flux user is already added.
2023-05-18T08:13:04.225352872Z flux user identifiers:
2023-05-18T08:13:04.225376413Z uid=1234(flux) gid=1234(flux) groups=1234(flux)
2023-05-18T08:13:04.225482936Z
2023-05-18T08:13:04.225495237Z As Flux prefix for flux commands: sudo -u flux -E PYTHONPATH=/opt/conda/lib/python3.10/site-packages -E PATH=/opt/conda/bin:/usr/local/sbin:/usr/local/bin:/usr/sbin:/usr/bin:/sbin:/bin -E LD_LIBRARY_PATH=/opt/conda/lib -E HOME=/home/flux
2023-05-18T08:13:04.233655990Z
2023-05-18T08:13:04.233691984Z ðŸ‘‹ Hello, I'm flux-sample-2
2023-05-18T08:13:04.233895583Z The main host is flux-sample-0
2023-05-18T08:13:04.233911191Z The working directory is /home/flux/examples/reaxff/HNS, contents include:
2023-05-18T08:13:04.235851989Z /home/flux/examples/reaxff/HNS:
2023-05-18T08:13:04.236021017Z README.txt	ffield.reax.hns  log.8Mar18.reaxc.hns.g++.1
2023-05-18T08:13:04.236034502Z data.hns-equil	in.reaxc.hns	 log.8Mar18.reaxc.hns.g++.4
2023-05-18T08:13:04.236195277Z End of file listing, if you see nothing above there are no files.
2023-05-18T08:13:04.239038257Z flux R encode --hosts=flux-sample-[0-3]
2023-05-18T08:13:04.254201422Z
2023-05-18T08:13:04.254239327Z ðŸ“¦ Resources
2023-05-18T08:13:04.255986048Z {"version": 1, "execution": {"R_lite": [{"rank": "0-3", "children": {"core": "0"}}], "starttime": 0.0, "expiration": 0.0, "nodelist": ["flux-sample-[0-3]"]}}
2023-05-18T08:13:04.256468240Z
2023-05-18T08:13:04.256489033Z ðŸ¸ Diagnostics: false
2023-05-18T08:13:04.256641463Z ðŸš©ï¸ Flux Option Flags defined
2023-05-18T08:13:04.261462171Z
2023-05-18T08:13:04.261491114Z ðŸ¦Š Independent Minister of Privilege
2023-05-18T08:13:04.262787201Z [exec]
2023-05-18T08:13:04.262815295Z allowed-users = [ "flux", "root" ]
2023-05-18T08:13:04.262823155Z allowed-shells = [ "/usr/libexec/flux/flux-shell" ]
2023-05-18T08:13:04.263243121Z
2023-05-18T08:13:04.263266001Z ðŸ¸ Broker Configuration
2023-05-18T08:13:04.264613453Z # Flux needs to know the path to the IMP executable
2023-05-18T08:13:04.264634800Z [exec]
2023-05-18T08:13:04.264643433Z imp = "/usr/libexec/flux/flux-imp"
2023-05-18T08:13:04.264648789Z
2023-05-18T08:13:04.264654010Z [access]
2023-05-18T08:13:04.264662815Z allow-guest-user = true
2023-05-18T08:13:04.264669102Z allow-root-owner = true
2023-05-18T08:13:04.264673982Z
2023-05-18T08:13:04.264679152Z # Point to resource definition generated with flux-R(1).
2023-05-18T08:13:04.264684538Z [resource]
2023-05-18T08:13:04.264690894Z path = "/etc/flux/system/R"
2023-05-18T08:13:04.264696082Z
2023-05-18T08:13:04.264702119Z [bootstrap]
2023-05-18T08:13:04.264709893Z curve_cert = "/etc/curve/curve.cert"
2023-05-18T08:13:04.264716074Z default_port = 8050
2023-05-18T08:13:04.264721351Z default_bind = "tcp://eth0:%p"
2023-05-18T08:13:04.264727024Z default_connect = "tcp://%h.flux-service.flux-operator.svc.cluster.local:%p"
2023-05-18T08:13:04.264732344Z hosts = [
2023-05-18T08:13:04.264737440Z 	{ host="flux-sample-[0-3]"},
2023-05-18T08:13:04.264742598Z ]
2023-05-18T08:13:04.264747468Z
2023-05-18T08:13:04.264755234Z [archive]
2023-05-18T08:13:04.264761562Z dbpath = "/var/lib/flux/job-archive.sqlite"
2023-05-18T08:13:04.264767145Z period = "1m"
2023-05-18T08:13:04.352914189Z busytimeout = "50s"
2023-05-18T08:13:04.352952653Z ðŸ§Šï¸ State Directory:
2023-05-18T08:13:04.352960310Z total 0
2023-05-18T08:13:04.352966047Z
2023-05-18T08:13:04.356819989Z
2023-05-18T08:13:04.356875551Z ðŸ”’ï¸ Working directory permissions:
2023-05-18T08:13:04.356884892Z total 96
2023-05-18T08:13:04.356896370Z -rwxrwxrwx 1 flux root  2517 May 17 22:32 README.txt
2023-05-18T08:13:04.356903391Z -rwxrwxrwx 1 flux root 54692 May 17 22:32 data.hns-equil
2023-05-18T08:13:04.356909024Z -rwxrwxrwx 1 flux root 13576 May 17 22:32 ffield.reax.hns
2023-05-18T08:13:04.356914482Z -rwxrwxrwx 1 flux root   870 May 17 22:32 in.reaxc.hns
2023-05-18T08:13:04.356920356Z -rwxrwxrwx 1 flux root  4172 May 17 22:32 log.8Mar18.reaxc.hns.g++.1
2023-05-18T08:13:04.356925774Z -rwxrwxrwx 1 flux root  4168 May 17 22:32 log.8Mar18.reaxc.hns.g++.4
2023-05-18T08:13:04.356932172Z
2023-05-18T08:13:04.357113566Z
2023-05-18T08:13:04.357131432Z âœ¨ Curve certificate generated by helper pod
2023-05-18T08:13:04.360032525Z #   ****  Generated on 2023-04-26 22:54:42 by CZMQ  ****
2023-05-18T08:13:04.360085310Z #   ZeroMQ CURVE **Secret** Certificate
2023-05-18T08:13:04.360095540Z #   DO NOT PROVIDE THIS FILE TO OTHER USERS nor change its permissions.
2023-05-18T08:13:04.360100888Z
2023-05-18T08:13:04.360106022Z metadata
2023-05-18T08:13:04.360111591Z     name = "flux-cert-generator"
2023-05-18T08:13:04.360116169Z     keygen.hostname = "flux-sample-0"
2023-05-18T08:13:04.360121389Z curve
2023-05-18T08:13:04.360126726Z     public-key = "TQX+dBJC>FHmUHTrcXC)iE/^G&Ciyc<:t0O.otvT"
2023-05-18T08:13:04.360134846Z     secret-key = ":#89[dr-bLbP<wzIq>$Pj*Us+o8]&7C2uTY4@sct"
2023-05-18T08:13:04.362839353Z
2023-05-18T08:13:04.362874181Z ðŸŒ€  flux start --wrap=strace,-e,network,-tt -o --config /etc/flux/config -Scron.directory=/etc/flux/system/cron.d   -Stbon.fanout=256   -Srundir=/run/flux    -Sstatedir=/var/lib/flux   -Slocal-uri=local:///run/flux/local -Stbon.connect_timeout=7s  -Stbon.zmqdebug=1  -Slog-stderr-level=6    -Slog-stderr-mode=local
2023-05-18T08:13:04.408311548Z 08:13:04.407874 socket(AF_NETLINK, SOCK_RAW, NETLINK_ROUTE) = 8
2023-05-18T08:13:04.408358242Z 08:13:04.408028 bind(8, {sa_family=AF_NETLINK, nl_pid=0, nl_groups=00000000}, 12) = 0
2023-05-18T08:13:04.408372642Z 08:13:04.408135 getsockname(8, {sa_family=AF_NETLINK, nl_pid=70, nl_groups=00000000}, [12]) = 0
2023-05-18T08:13:04.408646929Z 08:13:04.408249 sendto(8, {{len=20, type=RTM_GETADDR, flags=NLM_F_REQUEST|NLM_F_DUMP, seq=1684397584, pid=0}, {ifa_family=AF_UNSPEC, ...}}, 20, 0, {sa_family=AF_NETLINK, nl_pid=0, nl_groups=00000000}, 12) = 20
2023-05-18T08:13:04.408971682Z 08:13:04.408577 recvmsg(8, {msg_name={sa_family=AF_NETLINK, nl_pid=0, nl_groups=00000000}, msg_namelen=12, msg_iov=[{iov_base=[{{len=76, type=RTM_NEWADDR, flags=NLM_F_MULTI, seq=1684397584, pid=70}, {ifa_family=AF_INET, ifa_prefixlen=8, ifa_flags=IFA_F_PERMANENT, ifa_scope=RT_SCOPE_HOST, ifa_index=if_nametoindex("lo")}, [{{nla_len=8, nla_type=IFA_ADDRESS}, 127.0.0.1}, {{nla_len=8, nla_type=IFA_LOCAL}, 127.0.0.1}, {{nla_len=7, nla_type=IFA_LABEL}, "lo"}, {{nla_len=8, nla_type=IFA_FLAGS}, IFA_F_PERMANENT}, {{nla_len=20, nla_type=IFA_CACHEINFO}, {ifa_prefered=4294967295, ifa_valid=4294967295, cstamp=332675, tstamp=332675}}]}, {{len=88, type=RTM_NEWADDR, flags=NLM_F_MULTI, seq=1684397584, pid=70}, {ifa_family=AF_INET, ifa_prefixlen=24, ifa_flags=IFA_F_PERMANENT, ifa_scope=RT_SCOPE_UNIVERSE, ifa_index=if_nametoindex("eth0")}, [{{nla_len=8, nla_type=IFA_ADDRESS}, 10.24.3.133}, {{nla_len=8, nla_type=IFA_LOCAL}, 10.24.3.133}, {{nla_len=8, nla_type=IFA_BROADCAST}, 10.24.3.255}, {{nla_len=9, nla_type=IFA_LABEL}, "eth0"}, {{nla_len=8, nla_type=IFA_FLAGS}, IFA_F_PERMANENT}, {{nla_len=20, nla_type=IFA_CACHEINFO}, {ifa_prefered=4294967295, ifa_valid=4294967295, cstamp=332678, tstamp=332678}}]}], iov_len=4096}], msg_iovlen=1, msg_controllen=0, msg_flags=0}, 0) = 164
2023-05-18T08:13:04.409170795Z 08:13:04.408944 recvmsg(8, {msg_name={sa_family=AF_NETLINK, nl_pid=0, nl_groups=00000000}, msg_namelen=12, msg_iov=[{iov_base={{len=20, type=NLMSG_DONE, flags=NLM_F_MULTI, seq=1684397584, pid=70}, 0}, iov_len=4096}], msg_iovlen=1, msg_controllen=0, msg_flags=0}, 0) = 20
2023-05-18T08:13:04.409769110Z 08:13:04.409639 socket(AF_UNIX, SOCK_STREAM|SOCK_CLOEXEC|SOCK_NONBLOCK, 0) = 8
2023-05-18T08:13:04.409872498Z 08:13:04.409727 connect(8, {sa_family=AF_UNIX, sun_path="/var/run/nscd/socket"}, 110) = -1 ENOENT (No such file or directory)
2023-05-18T08:13:04.410104642Z 08:13:04.409903 socket(AF_UNIX, SOCK_STREAM|SOCK_CLOEXEC|SOCK_NONBLOCK, 0) = 8
2023-05-18T08:13:04.410209770Z 08:13:04.410013 connect(8, {sa_family=AF_UNIX, sun_path="/var/run/nscd/socket"}, 110) = -1 ENOENT (No such file or directory)
2023-05-18T08:13:04.411839135Z 08:13:04.411707 socket(AF_INET, SOCK_DGRAM|SOCK_CLOEXEC|SOCK_NONBLOCK, IPPROTO_IP) = 8
2023-05-18T08:13:04.412013743Z 08:13:04.411801 connect(8, {sa_family=AF_INET, sin_port=htons(53), sin_addr=inet_addr("169.254.169.254")}, 16) = 0
2023-05-18T08:13:04.412379377Z 08:13:04.412037 sendto(8, "\322\301\1\0\0\1\0\0\0\0\0\0\rflux-sample-0\fflux-"..., 76, MSG_NOSIGNAL, NULL, 0) = 76
2023-05-18T08:13:04.416167512Z 08:13:04.415612 recvfrom(8, "\322\301\201\200\0\1\0\1\0\0\0\0\rflux-sample-0\fflux-"..., 1024, 0, {sa_family=AF_INET, sin_port=htons(53), sin_addr=inet_addr("169.254.169.254")}, [28->16]) = 92
2023-05-18T08:13:04.424198039Z broker.info[2]: start: none->join 2.94039ms
2023-05-18T08:13:11.619508476Z broker.info[2]: parent-ready: join->init 7.19455s
2023-05-18T08:13:11.619989868Z 08:13:11.619137 socketpair(AF_UNIX, SOCK_STREAM|SOCK_CLOEXEC, 0, [22, 23]) = 0
2023-05-18T08:13:11.620388793Z 08:13:11.619343 socketpair(AF_UNIX, SOCK_STREAM, 0, [24, 25]) = 0
2023-05-18T08:13:11.620827700Z 08:13:11.620071 socketpair(AF_UNIX, SOCK_STREAM, 0, [26, 27]) = 0
2023-05-18T08:13:11.621265215Z 08:13:11.620534 socketpair(AF_UNIX, SOCK_STREAM, 0, [28, 29]) = 0
2023-05-18T08:13:11.647984581Z broker.info[2]: configuration updated
2023-05-18T08:13:11.768300670Z broker.info[2]: rc1.0: running /etc/flux/rc1.d/01-sched-fluxion
2023-05-18T08:13:11.780023682Z broker.info[2]: rc1.0: running /etc/flux/rc1.d/02-cron
2023-05-18T08:13:11.815420415Z broker.info[2]: rc1.0: /etc/flux/rc1 Exited (rc=0) 0.2s
2023-05-18T08:13:11.816094270Z broker.info[2]: rc1-success: init->quorum 0.196789s
2023-05-18T08:13:12.031081375Z broker.info[2]: quorum-full: quorum->run 0.214755s
2023-05-18T08:13:22.716229360Z broker.info[2]: shutdown: run->cleanup 10.6842s
2023-05-18T08:13:22.717395372Z broker.info[2]: cleanup-none: cleanup->shutdown 1.0822ms
2023-05-18T08:13:22.718512916Z broker.info[2]: children-none: shutdown->finalize 0.867316ms
2023-05-18T08:13:22.718991085Z 08:13:22.718544 socketpair(AF_UNIX, SOCK_STREAM|SOCK_CLOEXEC, 0, [22, 23]) = 0
2023-05-18T08:13:22.719305497Z 08:13:22.718813 socketpair(AF_UNIX, SOCK_STREAM, 0, [24, 25]) = 0
2023-05-18T08:13:22.719585539Z 08:13:22.719173 socketpair(AF_UNIX, SOCK_STREAM, 0, [26, 28]) = 0
2023-05-18T08:13:22.719820948Z 08:13:22.719476 socketpair(AF_UNIX, SOCK_STREAM, 0, [58, 59]) = 0
2023-05-18T08:13:22.741530950Z broker.info[2]: rc3.0: running /etc/flux/rc3.d/01-sched-fluxion
2023-05-18T08:13:22.871765383Z broker.info[2]: rc3.0: /etc/flux/rc3 Exited (rc=0) 0.1s
2023-05-18T08:13:22.873724434Z broker.info[2]: rc3-success: finalize->goodbye 0.154863s
2023-05-18T08:13:22.875537126Z broker.info[2]: goodbye: goodbye->exit 1.03337ms
2023-05-18T08:13:22.884367566Z 08:13:22.884135 +++ exited with 0 +++
2023-05-18T08:13:22.885977252Z Return value for follower worker is 0
2023-05-18T08:13:22.886240796Z The follower worker exited cleanly. Goodbye!
