2023-05-18T12:25:51.073640875Z
2023-05-18T12:25:51.073862175Z Flux username: flux
2023-05-18T12:25:51.073885656Z
2023-05-18T12:25:51.073892286Z Flux install root: /usr
2023-05-18T12:25:51.131639580Z flux user is already added.
2023-05-18T12:25:51.134370201Z flux user identifiers:
2023-05-18T12:25:51.134392493Z uid=1234(flux) gid=1234(flux) groups=1234(flux)
2023-05-18T12:25:51.134531673Z
2023-05-18T12:25:51.134545578Z As Flux prefix for flux commands: sudo -u flux -E PYTHONPATH=/opt/conda/lib/python3.10/site-packages -E PATH=/opt/conda/bin:/usr/local/sbin:/usr/local/bin:/usr/sbin:/usr/bin:/sbin:/bin -E LD_LIBRARY_PATH=/opt/conda/lib -E HOME=/home/flux
2023-05-18T12:25:51.145181675Z
2023-05-18T12:25:51.145203498Z ðŸ‘‹ Hello, I'm flux-sample-1
2023-05-18T12:25:51.145210218Z The main host is flux-sample-0
2023-05-18T12:25:51.145215649Z The working directory is /home/flux/examples/reaxff/HNS, contents include:
2023-05-18T12:25:51.147371610Z /home/flux/examples/reaxff/HNS:
2023-05-18T12:25:51.147387944Z README.txt	ffield.reax.hns  log.8Mar18.reaxc.hns.g++.1
2023-05-18T12:25:51.147395853Z data.hns-equil	in.reaxc.hns	 log.8Mar18.reaxc.hns.g++.4
2023-05-18T12:25:51.147659387Z End of file listing, if you see nothing above there are no files.
2023-05-18T12:25:51.149959801Z flux R encode --hosts=flux-sample-[0-3]
2023-05-18T12:25:51.163743107Z
2023-05-18T12:25:51.163769175Z ðŸ“¦ Resources
2023-05-18T12:25:51.165211181Z {"version": 1, "execution": {"R_lite": [{"rank": "0-3", "children": {"core": "0"}}], "starttime": 0.0, "expiration": 0.0, "nodelist": ["flux-sample-[0-3]"]}}
2023-05-18T12:25:51.165552346Z
2023-05-18T12:25:51.165570699Z ðŸ¸ Diagnostics: false
2023-05-18T12:25:51.165776504Z ðŸš©ï¸ Flux Option Flags defined
2023-05-18T12:25:51.169784756Z
2023-05-18T12:25:51.169803343Z ðŸ¦Š Independent Minister of Privilege
2023-05-18T12:25:51.170995725Z [exec]
2023-05-18T12:25:51.171012035Z allowed-users = [ "flux", "root" ]
2023-05-18T12:25:51.171020231Z allowed-shells = [ "/usr/libexec/flux/flux-shell" ]
2023-05-18T12:25:51.171404712Z
2023-05-18T12:25:51.171421857Z ðŸ¸ Broker Configuration
2023-05-18T12:25:51.172565768Z # Flux needs to know the path to the IMP executable
2023-05-18T12:25:51.172581330Z [exec]
2023-05-18T12:25:51.172587790Z imp = "/usr/libexec/flux/flux-imp"
2023-05-18T12:25:51.172592440Z
2023-05-18T12:25:51.172597137Z [access]
2023-05-18T12:25:51.172602400Z allow-guest-user = true
2023-05-18T12:25:51.172607080Z allow-root-owner = true
2023-05-18T12:25:51.172612438Z
2023-05-18T12:25:51.172617169Z # Point to resource definition generated with flux-R(1).
2023-05-18T12:25:51.172620873Z [resource]
2023-05-18T12:25:51.172625466Z path = "/etc/flux/system/R"
2023-05-18T12:25:51.172629895Z
2023-05-18T12:25:51.172634691Z [bootstrap]
2023-05-18T12:25:51.172639485Z curve_cert = "/etc/curve/curve.cert"
2023-05-18T12:25:51.172644353Z default_port = 8050
2023-05-18T12:25:51.172651563Z default_bind = "tcp://eth0:%p"
2023-05-18T12:25:51.172666259Z default_connect = "tcp://%h.flux-service.flux-operator.svc.cluster.local:%p"
2023-05-18T12:25:51.172671928Z hosts = [
2023-05-18T12:25:51.172677026Z 	{ host="flux-sample-[0-3]"},
2023-05-18T12:25:51.172681744Z ]
2023-05-18T12:25:51.172686073Z
2023-05-18T12:25:51.172690727Z [archive]
2023-05-18T12:25:51.172695400Z dbpath = "/var/lib/flux/job-archive.sqlite"
2023-05-18T12:25:51.172702461Z period = "1m"
2023-05-18T12:25:51.246666975Z busytimeout = "50s"
2023-05-18T12:25:51.246691005Z ðŸ§Šï¸ State Directory:
2023-05-18T12:25:51.246696657Z total 0
2023-05-18T12:25:51.246700317Z
2023-05-18T12:25:51.250017922Z
2023-05-18T12:25:51.250041998Z ðŸ”’ï¸ Working directory permissions:
2023-05-18T12:25:51.250048087Z total 96
2023-05-18T12:25:51.250139201Z -rwxrwxrwx 1 flux root  2517 May 17 22:32 README.txt
2023-05-18T12:25:51.250160071Z -rwxrwxrwx 1 flux root 54692 May 17 22:32 data.hns-equil
2023-05-18T12:25:51.250165531Z -rwxrwxrwx 1 flux root 13576 May 17 22:32 ffield.reax.hns
2023-05-18T12:25:51.250170379Z -rwxrwxrwx 1 flux root   870 May 17 22:32 in.reaxc.hns
2023-05-18T12:25:51.250178047Z -rwxrwxrwx 1 flux root  4172 May 17 22:32 log.8Mar18.reaxc.hns.g++.1
2023-05-18T12:25:51.250184217Z -rwxrwxrwx 1 flux root  4168 May 17 22:32 log.8Mar18.reaxc.hns.g++.4
2023-05-18T12:25:51.250188555Z
2023-05-18T12:25:51.250193178Z
2023-05-18T12:25:51.250198345Z âœ¨ Curve certificate generated by helper pod
2023-05-18T12:25:51.251720946Z #   ****  Generated on 2023-04-26 22:54:42 by CZMQ  ****
2023-05-18T12:25:51.251739336Z #   ZeroMQ CURVE **Secret** Certificate
2023-05-18T12:25:51.251753381Z #   DO NOT PROVIDE THIS FILE TO OTHER USERS nor change its permissions.
2023-05-18T12:25:51.251758773Z
2023-05-18T12:25:51.251763597Z metadata
2023-05-18T12:25:51.251799340Z     name = "flux-cert-generator"
2023-05-18T12:25:51.251806664Z     keygen.hostname = "flux-sample-0"
2023-05-18T12:25:51.251811626Z curve
2023-05-18T12:25:51.251816535Z     public-key = "!!!bC5:-KA?iQV}?*VjHN{w#Hoa1NsbaRGuslf#1"
2023-05-18T12:25:51.251821416Z     secret-key = "zL.7)-n2]gj-$}RKP1I.ofh+T-LCrXdWgi2AL!QR"
2023-05-18T12:25:51.253617000Z
2023-05-18T12:25:51.253637553Z ðŸŒ€  flux start --wrap=strace,-e,network,-tt -o --config /etc/flux/config -Scron.directory=/etc/flux/system/cron.d   -Stbon.fanout=256   -Srundir=/run/flux    -Sstatedir=/var/lib/flux   -Slocal-uri=local:///run/flux/local -Stbon.connect_timeout=1s  -Stbon.zmqdebug=1  -Slog-stderr-level=6    -Slog-stderr-mode=local
2023-05-18T12:25:51.294107582Z 12:25:51.293763 socket(AF_NETLINK, SOCK_RAW, NETLINK_ROUTE) = 8
2023-05-18T12:25:51.294317587Z 12:25:51.294013 bind(8, {sa_family=AF_NETLINK, nl_pid=0, nl_groups=00000000}, 12) = 0
2023-05-18T12:25:51.294461466Z 12:25:51.294207 getsockname(8, {sa_family=AF_NETLINK, nl_pid=70, nl_groups=00000000}, [12]) = 0
2023-05-18T12:25:51.294735805Z 12:25:51.294415 sendto(8, {{len=20, type=RTM_GETADDR, flags=NLM_F_REQUEST|NLM_F_DUMP, seq=1684412751, pid=0}, {ifa_family=AF_UNSPEC, ...}}, 20, 0, {sa_family=AF_NETLINK, nl_pid=0, nl_groups=00000000}, 12) = 20
2023-05-18T12:25:51.295398861Z 12:25:51.294785 recvmsg(8, {msg_name={sa_family=AF_NETLINK, nl_pid=0, nl_groups=00000000}, msg_namelen=12, msg_iov=[{iov_base=[{{len=76, type=RTM_NEWADDR, flags=NLM_F_MULTI, seq=1684412751, pid=70}, {ifa_family=AF_INET, ifa_prefixlen=8, ifa_flags=IFA_F_PERMANENT, ifa_scope=RT_SCOPE_HOST, ifa_index=if_nametoindex("lo")}, [{{nla_len=8, nla_type=IFA_ADDRESS}, 127.0.0.1}, {{nla_len=8, nla_type=IFA_LOCAL}, 127.0.0.1}, {{nla_len=7, nla_type=IFA_LABEL}, "lo"}, {{nla_len=8, nla_type=IFA_FLAGS}, IFA_F_PERMANENT}, {{nla_len=20, nla_type=IFA_CACHEINFO}, {ifa_prefered=4294967295, ifa_valid=4294967295, cstamp=1849641, tstamp=1849641}}]}, {{len=88, type=RTM_NEWADDR, flags=NLM_F_MULTI, seq=1684412751, pid=70}, {ifa_family=AF_INET, ifa_prefixlen=24, ifa_flags=IFA_F_PERMANENT, ifa_scope=RT_SCOPE_UNIVERSE, ifa_index=if_nametoindex("eth0")}, [{{nla_len=8, nla_type=IFA_ADDRESS}, 10.24.0.244}, {{nla_len=8, nla_type=IFA_LOCAL}, 10.24.0.244}, {{nla_len=8, nla_type=IFA_BROADCAST}, 10.24.0.255}, {{nla_len=9, nla_type=IFA_LABEL}, "eth0"}, {{nla_len=8, nla_type=IFA_FLAGS}, IFA_F_PERMANENT}, {{nla_len=20, nla_type=IFA_CACHEINFO}, {ifa_prefered=4294967295, ifa_valid=4294967295, cstamp=1849643, tstamp=1849643}}]}], iov_len=4096}], msg_iovlen=1, msg_controllen=0, msg_flags=0}, 0) = 164
2023-05-18T12:25:51.295552070Z 12:25:51.295280 recvmsg(8, {msg_name={sa_family=AF_NETLINK, nl_pid=0, nl_groups=00000000}, msg_namelen=12, msg_iov=[{iov_base={{len=20, type=NLMSG_DONE, flags=NLM_F_MULTI, seq=1684412751, pid=70}, 0}, iov_len=4096}], msg_iovlen=1, msg_controllen=0, msg_flags=0}, 0) = 20
2023-05-18T12:25:51.296287877Z 12:25:51.296012 socket(AF_UNIX, SOCK_STREAM|SOCK_CLOEXEC|SOCK_NONBLOCK, 0) = 8
2023-05-18T12:25:51.296414989Z 12:25:51.296108 connect(8, {sa_family=AF_UNIX, sun_path="/var/run/nscd/socket"}, 110) = -1 ENOENT (No such file or directory)
2023-05-18T12:25:51.296548885Z 12:25:51.296351 socket(AF_UNIX, SOCK_STREAM|SOCK_CLOEXEC|SOCK_NONBLOCK, 0) = 8
2023-05-18T12:25:51.296665445Z 12:25:51.296451 connect(8, {sa_family=AF_UNIX, sun_path="/var/run/nscd/socket"}, 110) = -1 ENOENT (No such file or directory)
2023-05-18T12:25:51.299176033Z 12:25:51.298934 socket(AF_INET, SOCK_DGRAM|SOCK_CLOEXEC|SOCK_NONBLOCK, IPPROTO_IP) = 8
2023-05-18T12:25:51.299394954Z 12:25:51.299044 connect(8, {sa_family=AF_INET, sin_port=htons(53), sin_addr=inet_addr("169.254.169.254")}, 16) = 0
2023-05-18T12:25:51.299532288Z 12:25:51.299184 sendto(8, "}\260\1\0\0\1\0\0\0\0\0\0\rflux-sample-0\fflux-"..., 76, MSG_NOSIGNAL, NULL, 0) = 76
2023-05-18T12:25:51.302691829Z 12:25:51.302440 recvfrom(8, "}\260\201\203\0\1\0\0\0\1\0\0\rflux-sample-0\fflux-"..., 1024, 0, {sa_family=AF_INET, sin_port=htons(53), sin_addr=inet_addr("169.254.169.254")}, [28->16]) = 172
2023-05-18T12:25:51.302837860Z 12:25:51.302675 socket(AF_INET, SOCK_DGRAM|SOCK_CLOEXEC|SOCK_NONBLOCK, IPPROTO_IP) = 8
2023-05-18T12:25:51.302921749Z 12:25:51.302739 connect(8, {sa_family=AF_INET, sin_port=htons(53), sin_addr=inet_addr("169.254.169.254")}, 16) = 0
2023-05-18T12:25:51.303076814Z 12:25:51.302890 sendto(8, "\347:\1\0\0\1\0\0\0\0\0\0\rflux-sample-0\fflux-"..., 108, MSG_NOSIGNAL, NULL, 0) = 108
2023-05-18T12:25:51.306490866Z 12:25:51.306269 recvfrom(8, "\347:\201\203\0\1\0\0\0\1\0\0\rflux-sample-0\fflux-"..., 1024, 0, {sa_family=AF_INET, sin_port=htons(53), sin_addr=inet_addr("169.254.169.254")}, [28->16]) = 204
2023-05-18T12:25:51.306684596Z 12:25:51.306504 socket(AF_INET, SOCK_DGRAM|SOCK_CLOEXEC|SOCK_NONBLOCK, IPPROTO_IP) = 8
2023-05-18T12:25:51.306769788Z 12:25:51.306627 connect(8, {sa_family=AF_INET, sin_port=htons(53), sin_addr=inet_addr("169.254.169.254")}, 16) = 0
2023-05-18T12:25:51.307171043Z 12:25:51.306813 sendto(8, "\311^\1\0\0\1\0\0\0\0\0\0\rflux-sample-0\fflux-"..., 94, MSG_NOSIGNAL, NULL, 0) = 94
2023-05-18T12:25:51.310453099Z 12:25:51.310157 recvfrom(8, "\311^\201\203\0\1\0\0\0\1\0\0\rflux-sample-0\fflux-"..., 1024, 0, {sa_family=AF_INET, sin_port=htons(53), sin_addr=inet_addr("169.254.169.254")}, [28->16]) = 190
2023-05-18T12:25:51.310934116Z 12:25:51.310569 socket(AF_INET, SOCK_DGRAM|SOCK_CLOEXEC|SOCK_NONBLOCK, IPPROTO_IP) = 8
2023-05-18T12:25:51.311249237Z 12:25:51.310702 connect(8, {sa_family=AF_INET, sin_port=htons(53), sin_addr=inet_addr("169.254.169.254")}, 16) = 0
2023-05-18T12:25:51.311654957Z 12:25:51.311357 sendto(8, ">\25\1\0\0\1\0\0\0\0\0\0\rflux-sample-0\fflux-"..., 90, MSG_NOSIGNAL, NULL, 0) = 90
2023-05-18T12:25:51.313925655Z 12:25:51.313679 recvfrom(8, ">\25\201\203\0\1\0\0\0\1\0\0\rflux-sample-0\fflux-"..., 1024, 0, {sa_family=AF_INET, sin_port=htons(53), sin_addr=inet_addr("169.254.169.254")}, [28->16]) = 186
2023-05-18T12:25:51.314054701Z 12:25:51.313888 socket(AF_INET, SOCK_DGRAM|SOCK_CLOEXEC|SOCK_NONBLOCK, IPPROTO_IP) = 8
2023-05-18T12:25:51.314219343Z 12:25:51.313998 connect(8, {sa_family=AF_INET, sin_port=htons(53), sin_addr=inet_addr("169.254.169.254")}, 16) = 0
2023-05-18T12:25:51.314457178Z 12:25:51.314190 sendto(8, "\210\251\1\0\0\1\0\0\0\0\0\0\rflux-sample-0\fflux-"..., 111, MSG_NOSIGNAL, NULL, 0) = 111
2023-05-18T12:25:51.318688732Z 12:25:51.318432 recvfrom(8, "\210\251\201\203\0\1\0\0\0\1\0\0\rflux-sample-0\fflux-"..., 1024, 0, {sa_family=AF_INET, sin_port=htons(53), sin_addr=inet_addr("169.254.169.254")}, [28->16]) = 205
2023-05-18T12:25:51.318808382Z 12:25:51.318614 socket(AF_INET, SOCK_DGRAM|SOCK_CLOEXEC|SOCK_NONBLOCK, IPPROTO_IP) = 8
2023-05-18T12:25:51.318832774Z 12:25:51.318684 connect(8, {sa_family=AF_INET, sin_port=htons(53), sin_addr=inet_addr("169.254.169.254")}, 16) = 0
2023-05-18T12:25:51.319072027Z 12:25:51.318790 sendto(8, "D\177\1\0\0\1\0\0\0\0\0\0\rflux-sample-0\fflux-"..., 97, MSG_NOSIGNAL, NULL, 0) = 97
2023-05-18T12:25:51.323463255Z 12:25:51.323176 recvfrom(8, "D\177\201\203\0\1\0\0\0\1\0\0\rflux-sample-0\fflux-"..., 1024, 0, {sa_family=AF_INET, sin_port=htons(53), sin_addr=inet_addr("169.254.169.254")}, [28->16]) = 186
2023-05-18T12:25:51.323586322Z 12:25:51.323362 socket(AF_INET, SOCK_DGRAM|SOCK_CLOEXEC|SOCK_NONBLOCK, IPPROTO_IP) = 8
2023-05-18T12:25:51.323598182Z 12:25:51.323425 connect(8, {sa_family=AF_INET, sin_port=htons(53), sin_addr=inet_addr("169.254.169.254")}, 16) = 0
2023-05-18T12:25:51.323709294Z 12:25:51.323519 sendto(8, "\3550\1\0\0\1\0\0\0\0\0\0\rflux-sample-0\fflux-"..., 92, MSG_NOSIGNAL, NULL, 0) = 92
2023-05-18T12:25:51.327693628Z 12:25:51.327420 recvfrom(8, "\3550\201\203\0\1\0\0\0\1\0\0\rflux-sample-0\fflux-"..., 1024, 0, {sa_family=AF_INET, sin_port=htons(53), sin_addr=inet_addr("169.254.169.254")}, [28->16]) = 181
2023-05-18T12:25:51.327898771Z broker.err[1]: Warning: unable to resolve upstream peer flux-sample-0.flux-service.flux-operator.svc.cluster.local: Name or service not known
2023-05-18T12:25:51.335465499Z broker.info[1]: start: none->join 3.45659ms
2023-05-18T12:25:52.750623139Z broker.info[1]: parent-ready: join->init 1.4148s
2023-05-18T12:25:52.751209586Z 12:25:52.750602 socketpair(AF_UNIX, SOCK_STREAM|SOCK_CLOEXEC, 0, [22, 23]) = 0
2023-05-18T12:25:52.751267620Z 12:25:52.750778 socketpair(AF_UNIX, SOCK_STREAM, 0, [24, 25]) = 0
2023-05-18T12:25:52.751279064Z 12:25:52.750994 socketpair(AF_UNIX, SOCK_STREAM, 0, [26, 27]) = 0
2023-05-18T12:25:52.751832930Z 12:25:52.751602 socketpair(AF_UNIX, SOCK_STREAM, 0, [28, 29]) = 0
2023-05-18T12:25:52.777051725Z broker.info[1]: configuration updated
2023-05-18T12:25:52.896405111Z broker.info[1]: rc1.0: running /etc/flux/rc1.d/01-sched-fluxion
2023-05-18T12:25:52.908282627Z broker.info[1]: rc1.0: running /etc/flux/rc1.d/02-cron
2023-05-18T12:25:52.931923062Z broker.info[1]: rc1.0: /etc/flux/rc1 Exited (rc=0) 0.2s
2023-05-18T12:25:52.932818325Z broker.info[1]: rc1-success: init->quorum 0.18201s
2023-05-18T12:25:53.093424096Z broker.info[1]: quorum-full: quorum->run 0.160345s
2023-05-18T12:26:04.851190484Z broker.info[1]: shutdown: run->cleanup 11.7575s
2023-05-18T12:26:04.852835677Z broker.info[1]: cleanup-none: cleanup->shutdown 1.10781ms
2023-05-18T12:26:04.854182573Z broker.info[1]: children-none: shutdown->finalize 0.954141ms
2023-05-18T12:26:04.854600954Z 12:26:04.854347 socketpair(AF_UNIX, SOCK_STREAM|SOCK_CLOEXEC, 0, [22, 23]) = 0
2023-05-18T12:26:04.854845148Z 12:26:04.854619 socketpair(AF_UNIX, SOCK_STREAM, 0, [24, 25]) = 0
2023-05-18T12:26:04.855296501Z 12:26:04.854986 socketpair(AF_UNIX, SOCK_STREAM, 0, [26, 28]) = 0
2023-05-18T12:26:04.855617167Z 12:26:04.855376 socketpair(AF_UNIX, SOCK_STREAM, 0, [58, 59]) = 0
2023-05-18T12:26:04.873313423Z broker.info[1]: rc3.0: running /etc/flux/rc3.d/01-sched-fluxion
2023-05-18T12:26:04.993131981Z broker.info[1]: rc3.0: /etc/flux/rc3 Exited (rc=0) 0.1s
2023-05-18T12:26:04.994013435Z broker.info[1]: rc3-success: finalize->goodbye 0.139469s
2023-05-18T12:26:04.995056668Z broker.info[1]: goodbye: goodbye->exit 0.924065ms
2023-05-18T12:26:05.001901944Z 12:26:05.001772 +++ exited with 0 +++
2023-05-18T12:26:05.003327218Z Return value for follower worker is 0
2023-05-18T12:26:05.003431233Z The follower worker exited cleanly. Goodbye!
