2023-05-18T13:11:44.252183352Z
2023-05-18T13:11:44.252209292Z Flux username: flux
2023-05-18T13:11:44.252214221Z
2023-05-18T13:11:44.252217692Z Flux install root: /usr
2023-05-18T13:11:44.312523910Z flux user is already added.
2023-05-18T13:11:44.324929363Z flux user identifiers:
2023-05-18T13:11:44.324949908Z uid=1234(flux) gid=1234(flux) groups=1234(flux)
2023-05-18T13:11:44.324955689Z
2023-05-18T13:11:44.324963945Z As Flux prefix for flux commands: sudo -u flux -E PYTHONPATH=/opt/conda/lib/python3.10/site-packages -E PATH=/opt/conda/bin:/usr/local/sbin:/usr/local/bin:/usr/sbin:/usr/bin:/sbin:/bin -E LD_LIBRARY_PATH=/opt/conda/lib -E HOME=/home/flux
2023-05-18T13:11:44.326670135Z
2023-05-18T13:11:44.326688920Z 👋 Hello, I'm flux-sample-1
2023-05-18T13:11:44.326695098Z The main host is flux-sample-0
2023-05-18T13:11:44.326700568Z The working directory is /home/flux/examples/reaxff/HNS, contents include:
2023-05-18T13:11:44.328502705Z /home/flux/examples/reaxff/HNS:
2023-05-18T13:11:44.328520184Z README.txt	ffield.reax.hns  log.8Mar18.reaxc.hns.g++.1
2023-05-18T13:11:44.328525805Z data.hns-equil	in.reaxc.hns	 log.8Mar18.reaxc.hns.g++.4
2023-05-18T13:11:44.329219232Z End of file listing, if you see nothing above there are no files.
2023-05-18T13:11:44.332859480Z flux R encode --hosts=flux-sample-[0-3]
2023-05-18T13:11:44.355856349Z
2023-05-18T13:11:44.355875368Z 📦 Resources
2023-05-18T13:11:44.357288295Z {"version": 1, "execution": {"R_lite": [{"rank": "0-3", "children": {"core": "0"}}], "starttime": 0.0, "expiration": 0.0, "nodelist": ["flux-sample-[0-3]"]}}
2023-05-18T13:11:44.357989941Z
2023-05-18T13:11:44.358006128Z 🐸 Diagnostics: false
2023-05-18T13:11:44.358011889Z 🚩️ Flux Option Flags defined
2023-05-18T13:11:44.363880778Z
2023-05-18T13:11:44.363914285Z 🦊 Independent Minister of Privilege
2023-05-18T13:11:44.365523292Z [exec]
2023-05-18T13:11:44.365539139Z allowed-users = [ "flux", "root" ]
2023-05-18T13:11:44.365545130Z allowed-shells = [ "/usr/libexec/flux/flux-shell" ]
2023-05-18T13:11:44.365552055Z
2023-05-18T13:11:44.365558286Z 🐸 Broker Configuration
2023-05-18T13:11:44.370330082Z # Flux needs to know the path to the IMP executable
2023-05-18T13:11:44.370338046Z [exec]
2023-05-18T13:11:44.370345826Z imp = "/usr/libexec/flux/flux-imp"
2023-05-18T13:11:44.370352078Z
2023-05-18T13:11:44.370357164Z [access]
2023-05-18T13:11:44.370362081Z allow-guest-user = true
2023-05-18T13:11:44.370366951Z allow-root-owner = true
2023-05-18T13:11:44.370371545Z
2023-05-18T13:11:44.370376321Z # Point to resource definition generated with flux-R(1).
2023-05-18T13:11:44.370381529Z [resource]
2023-05-18T13:11:44.370388324Z path = "/etc/flux/system/R"
2023-05-18T13:11:44.370394217Z
2023-05-18T13:11:44.370399746Z [bootstrap]
2023-05-18T13:11:44.370404803Z curve_cert = "/etc/curve/curve.cert"
2023-05-18T13:11:44.370409935Z default_port = 8050
2023-05-18T13:11:44.370414342Z default_bind = "tcp://eth0:%p"
2023-05-18T13:11:44.370419563Z default_connect = "tcp://%h.flux-service.flux-operator.svc.cluster.local:%p"
2023-05-18T13:11:44.370423794Z hosts = [
2023-05-18T13:11:44.370430395Z 	{ host="flux-sample-[0-3]"},
2023-05-18T13:11:44.370436377Z ]
2023-05-18T13:11:44.370441142Z
2023-05-18T13:11:44.370446237Z [archive]
2023-05-18T13:11:44.370451339Z dbpath = "/var/lib/flux/job-archive.sqlite"
2023-05-18T13:11:44.370455692Z period = "1m"
2023-05-18T13:11:44.469212087Z busytimeout = "50s"
2023-05-18T13:11:44.469314939Z 🧊️ State Directory:
2023-05-18T13:11:44.469367929Z total 0
2023-05-18T13:11:44.469375815Z
2023-05-18T13:11:44.474087413Z
2023-05-18T13:11:44.476666897Z 🔒️ Working directory permissions:
2023-05-18T13:11:44.476685403Z total 96
2023-05-18T13:11:44.476693981Z -rwxrwxrwx 1 flux root  2517 May 17 22:32 README.txt
2023-05-18T13:11:44.476700862Z -rwxrwxrwx 1 flux root 54692 May 17 22:32 data.hns-equil
2023-05-18T13:11:44.476721669Z -rwxrwxrwx 1 flux root 13576 May 17 22:32 ffield.reax.hns
2023-05-18T13:11:44.476729168Z -rwxrwxrwx 1 flux root   870 May 17 22:32 in.reaxc.hns
2023-05-18T13:11:44.476736584Z -rwxrwxrwx 1 flux root  4172 May 17 22:32 log.8Mar18.reaxc.hns.g++.1
2023-05-18T13:11:44.476743891Z -rwxrwxrwx 1 flux root  4168 May 17 22:32 log.8Mar18.reaxc.hns.g++.4
2023-05-18T13:11:44.476750500Z
2023-05-18T13:11:44.476760576Z
2023-05-18T13:11:44.476770550Z ✨ Curve certificate generated by helper pod
2023-05-18T13:11:44.480426272Z #   ****  Generated on 2023-04-26 22:54:42 by CZMQ  ****
2023-05-18T13:11:44.480444142Z #   ZeroMQ CURVE **Secret** Certificate
2023-05-18T13:11:44.480450361Z #   DO NOT PROVIDE THIS FILE TO OTHER USERS nor change its permissions.
2023-05-18T13:11:44.480454973Z
2023-05-18T13:11:44.480460634Z metadata
2023-05-18T13:11:44.480466057Z     name = "flux-cert-generator"
2023-05-18T13:11:44.480480955Z     keygen.hostname = "flux-sample-0"
2023-05-18T13:11:44.480486185Z curve
2023-05-18T13:11:44.480491089Z     public-key = "Ka!.UY=GQx6#06eM/%GfTdbfcY!bKG@Dt@$4Q*B)"
2023-05-18T13:11:44.480495892Z     secret-key = "a5C5d<:LYK*+bKTGmEwLRCWdFi^kLEz.n1x6-NCG"
2023-05-18T13:11:44.485331252Z
2023-05-18T13:11:44.485350697Z 🌀  flux start --wrap=strace,-e,network,-tt -o --config /etc/flux/config -Scron.directory=/etc/flux/system/cron.d   -Stbon.fanout=256   -Srundir=/run/flux    -Sstatedir=/var/lib/flux   -Slocal-uri=local:///run/flux/local -Stbon.connect_timeout=8s  -Stbon.zmqdebug=1  -Slog-stderr-level=6    -Slog-stderr-mode=local
2023-05-18T13:11:44.525514426Z 13:11:44.525265 socket(AF_NETLINK, SOCK_RAW, NETLINK_ROUTE) = 8
2023-05-18T13:11:44.525536722Z 13:11:44.525378 bind(8, {sa_family=AF_NETLINK, nl_pid=0, nl_groups=00000000}, 12) = 0
2023-05-18T13:11:44.525621857Z 13:11:44.525458 getsockname(8, {sa_family=AF_NETLINK, nl_pid=69, nl_groups=00000000}, [12]) = 0
2023-05-18T13:11:44.525850662Z 13:11:44.525557 sendto(8, {{len=20, type=RTM_GETADDR, flags=NLM_F_REQUEST|NLM_F_DUMP, seq=1684415504, pid=0}, {ifa_family=AF_UNSPEC, ...}}, 20, 0, {sa_family=AF_NETLINK, nl_pid=0, nl_groups=00000000}, 12) = 20
2023-05-18T13:11:44.526183775Z 13:11:44.525807 recvmsg(8, {msg_name={sa_family=AF_NETLINK, nl_pid=0, nl_groups=00000000}, msg_namelen=12, msg_iov=[{iov_base=[{{len=76, type=RTM_NEWADDR, flags=NLM_F_MULTI, seq=1684415504, pid=69}, {ifa_family=AF_INET, ifa_prefixlen=8, ifa_flags=IFA_F_PERMANENT, ifa_scope=RT_SCOPE_HOST, ifa_index=if_nametoindex("lo")}, [{{nla_len=8, nla_type=IFA_ADDRESS}, 127.0.0.1}, {{nla_len=8, nla_type=IFA_LOCAL}, 127.0.0.1}, {{nla_len=7, nla_type=IFA_LABEL}, "lo"}, {{nla_len=8, nla_type=IFA_FLAGS}, IFA_F_PERMANENT}, {{nla_len=20, nla_type=IFA_CACHEINFO}, {ifa_prefered=4294967295, ifa_valid=4294967295, cstamp=2124933, tstamp=2124933}}]}, {{len=88, type=RTM_NEWADDR, flags=NLM_F_MULTI, seq=1684415504, pid=69}, {ifa_family=AF_INET, ifa_prefixlen=24, ifa_flags=IFA_F_PERMANENT, ifa_scope=RT_SCOPE_UNIVERSE, ifa_index=if_nametoindex("eth0")}, [{{nla_len=8, nla_type=IFA_ADDRESS}, 10.24.0.133}, {{nla_len=8, nla_type=IFA_LOCAL}, 10.24.0.133}, {{nla_len=8, nla_type=IFA_BROADCAST}, 10.24.0.255}, {{nla_len=9, nla_type=IFA_LABEL}, "eth0"}, {{nla_len=8, nla_type=IFA_FLAGS}, IFA_F_PERMANENT}, {{nla_len=20, nla_type=IFA_CACHEINFO}, {ifa_prefered=4294967295, ifa_valid=4294967295, cstamp=2124937, tstamp=2124937}}]}], iov_len=4096}], msg_iovlen=1, msg_controllen=0, msg_flags=0}, 0) = 164
2023-05-18T13:11:44.526341044Z 13:11:44.526130 recvmsg(8, {msg_name={sa_family=AF_NETLINK, nl_pid=0, nl_groups=00000000}, msg_namelen=12, msg_iov=[{iov_base={{len=20, type=NLMSG_DONE, flags=NLM_F_MULTI, seq=1684415504, pid=69}, 0}, iov_len=4096}], msg_iovlen=1, msg_controllen=0, msg_flags=0}, 0) = 20
2023-05-18T13:11:44.526934862Z 13:11:44.526744 socket(AF_UNIX, SOCK_STREAM|SOCK_CLOEXEC|SOCK_NONBLOCK, 0) = 8
2023-05-18T13:11:44.527031799Z 13:11:44.526845 connect(8, {sa_family=AF_UNIX, sun_path="/var/run/nscd/socket"}, 110) = -1 ENOENT (No such file or directory)
2023-05-18T13:11:44.527192686Z 13:11:44.526964 socket(AF_UNIX, SOCK_STREAM|SOCK_CLOEXEC|SOCK_NONBLOCK, 0) = 8
2023-05-18T13:11:44.527204670Z 13:11:44.527048 connect(8, {sa_family=AF_UNIX, sun_path="/var/run/nscd/socket"}, 110) = -1 ENOENT (No such file or directory)
2023-05-18T13:11:44.528560954Z 13:11:44.528422 socket(AF_INET, SOCK_DGRAM|SOCK_CLOEXEC|SOCK_NONBLOCK, IPPROTO_IP) = 8
2023-05-18T13:11:44.528666374Z 13:11:44.528508 connect(8, {sa_family=AF_INET, sin_port=htons(53), sin_addr=inet_addr("169.254.169.254")}, 16) = 0
2023-05-18T13:11:44.529035177Z 13:11:44.528649 sendto(8, "\324=\1\0\0\1\0\0\0\0\0\0\rflux-sample-0\fflux-"..., 76, MSG_NOSIGNAL, NULL, 0) = 76
2023-05-18T13:11:44.537900368Z 13:11:44.533549 recvfrom(8, "\324=\201\203\0\1\0\0\0\1\0\0\rflux-sample-0\fflux-"..., 1024, 0, {sa_family=AF_INET, sin_port=htons(53), sin_addr=inet_addr("169.254.169.254")}, [28->16]) = 172
2023-05-18T13:11:44.537918706Z 13:11:44.536156 socket(AF_INET, SOCK_DGRAM|SOCK_CLOEXEC|SOCK_NONBLOCK, IPPROTO_IP) = 8
2023-05-18T13:11:44.537959297Z 13:11:44.536458 connect(8, {sa_family=AF_INET, sin_port=htons(53), sin_addr=inet_addr("169.254.169.254")}, 16) = 0
2023-05-18T13:11:44.537968293Z 13:11:44.536709 sendto(8, "\356b\1\0\0\1\0\0\0\0\0\0\rflux-sample-0\fflux-"..., 108, MSG_NOSIGNAL, NULL, 0) = 108
2023-05-18T13:11:44.541336697Z 13:11:44.540444 recvfrom(8, "\356b\201\203\0\1\0\0\0\1\0\0\rflux-sample-0\fflux-"..., 1024, 0, {sa_family=AF_INET, sin_port=htons(53), sin_addr=inet_addr("169.254.169.254")}, [28->16]) = 204
2023-05-18T13:11:44.541353684Z 13:11:44.540684 socket(AF_INET, SOCK_DGRAM|SOCK_CLOEXEC|SOCK_NONBLOCK, IPPROTO_IP) = 8
2023-05-18T13:11:44.541361719Z 13:11:44.540788 connect(8, {sa_family=AF_INET, sin_port=htons(53), sin_addr=inet_addr("169.254.169.254")}, 16) = 0
2023-05-18T13:11:44.541368026Z 13:11:44.540976 sendto(8, "\313q\1\0\0\1\0\0\0\0\0\0\rflux-sample-0\fflux-"..., 94, MSG_NOSIGNAL, NULL, 0) = 94
2023-05-18T13:11:44.547270660Z 13:11:44.545327 recvfrom(8, "\313q\201\203\0\1\0\0\0\1\0\0\rflux-sample-0\fflux-"..., 1024, 0, {sa_family=AF_INET, sin_port=htons(53), sin_addr=inet_addr("169.254.169.254")}, [28->16]) = 190
2023-05-18T13:11:44.547289175Z 13:11:44.545551 socket(AF_INET, SOCK_DGRAM|SOCK_CLOEXEC|SOCK_NONBLOCK, IPPROTO_IP) = 8
2023-05-18T13:11:44.547295529Z 13:11:44.545675 connect(8, {sa_family=AF_INET, sin_port=htons(53), sin_addr=inet_addr("169.254.169.254")}, 16) = 0
2023-05-18T13:11:44.547301269Z 13:11:44.545847 sendto(8, "\0W\1\0\0\1\0\0\0\0\0\0\rflux-sample-0\fflux-"..., 90, MSG_NOSIGNAL, NULL, 0) = 90
2023-05-18T13:11:44.553366529Z 13:11:44.549833 recvfrom(8, "\0W\201\203\0\1\0\0\0\1\0\0\rflux-sample-0\fflux-"..., 1024, 0, {sa_family=AF_INET, sin_port=htons(53), sin_addr=inet_addr("169.254.169.254")}, [28->16]) = 186
2023-05-18T13:11:44.553408330Z 13:11:44.550017 socket(AF_INET, SOCK_DGRAM|SOCK_CLOEXEC|SOCK_NONBLOCK, IPPROTO_IP) = 8
2023-05-18T13:11:44.553415523Z 13:11:44.550099 connect(8, {sa_family=AF_INET, sin_port=htons(53), sin_addr=inet_addr("169.254.169.254")}, 16) = 0
2023-05-18T13:11:44.553420692Z 13:11:44.550213 sendto(8, "\t\360\1\0\0\1\0\0\0\0\0\0\rflux-sample-0\fflux-"..., 111, MSG_NOSIGNAL, NULL, 0) = 111
2023-05-18T13:11:44.561686425Z 13:11:44.560690 recvfrom(8, "\t\360\201\203\0\1\0\0\0\1\0\0\rflux-sample-0\fflux-"..., 1024, 0, {sa_family=AF_INET, sin_port=htons(53), sin_addr=inet_addr("169.254.169.254")}, [28->16]) = 205
2023-05-18T13:11:44.561712140Z 13:11:44.560888 socket(AF_INET, SOCK_DGRAM|SOCK_CLOEXEC|SOCK_NONBLOCK, IPPROTO_IP) = 8
2023-05-18T13:11:44.561718310Z 13:11:44.560980 connect(8, {sa_family=AF_INET, sin_port=htons(53), sin_addr=inet_addr("169.254.169.254")}, 16) = 0
2023-05-18T13:11:44.561734976Z 13:11:44.561181 sendto(8, "\304z\1\0\0\1\0\0\0\0\0\0\rflux-sample-0\fflux-"..., 97, MSG_NOSIGNAL, NULL, 0) = 97
2023-05-18T13:11:44.582472512Z 13:11:44.566200 recvfrom(8, "\304z\201\203\0\1\0\0\0\1\0\0\rflux-sample-0\fflux-"..., 1024, 0, {sa_family=AF_INET, sin_port=htons(53), sin_addr=inet_addr("169.254.169.254")}, [28->16]) = 186
2023-05-18T13:11:44.582496700Z 13:11:44.575941 socket(AF_INET, SOCK_DGRAM|SOCK_CLOEXEC|SOCK_NONBLOCK, IPPROTO_IP) = 8
2023-05-18T13:11:44.582504006Z 13:11:44.576074 connect(8, {sa_family=AF_INET, sin_port=htons(53), sin_addr=inet_addr("169.254.169.254")}, 16) = 0
2023-05-18T13:11:44.582509607Z 13:11:44.576389 sendto(8, "\231\275\1\0\0\1\0\0\0\0\0\0\rflux-sample-0\fflux-"..., 92, MSG_NOSIGNAL, NULL, 0) = 92
2023-05-18T13:11:44.591290712Z 13:11:44.586060 recvfrom(8, "\231\275\201\203\0\1\0\0\0\1\0\0\rflux-sample-0\fflux-"..., 1024, 0, {sa_family=AF_INET, sin_port=htons(53), sin_addr=inet_addr("169.254.169.254")}, [28->16]) = 181
2023-05-18T13:11:44.591316636Z broker.err[1]: Warning: unable to resolve upstream peer flux-sample-0.flux-service.flux-operator.svc.cluster.local: Name or service not known
2023-05-18T13:11:44.601635688Z broker.info[1]: start: none->join 7.83298ms
2023-05-18T13:11:47.110291193Z broker.info[1]: parent-ready: join->init 2.51112s
2023-05-18T13:11:47.110950658Z 13:11:47.110358 socketpair(AF_UNIX, SOCK_STREAM|SOCK_CLOEXEC, 0, [22, 23]) = 0
2023-05-18T13:11:47.110972190Z 13:11:47.110489 socketpair(AF_UNIX, SOCK_STREAM, 0, [24, 25]) = 0
2023-05-18T13:11:47.111370228Z 13:11:47.110979 socketpair(AF_UNIX, SOCK_STREAM, 0, [26, 27]) = 0
2023-05-18T13:11:47.111716041Z 13:11:47.111497 socketpair(AF_UNIX, SOCK_STREAM, 0, [28, 29]) = 0
2023-05-18T13:11:47.136115944Z broker.info[1]: configuration updated
2023-05-18T13:11:47.250615343Z broker.info[1]: rc1.0: running /etc/flux/rc1.d/01-sched-fluxion
2023-05-18T13:11:47.262439721Z broker.info[1]: rc1.0: running /etc/flux/rc1.d/02-cron
2023-05-18T13:11:47.284667869Z broker.info[1]: rc1.0: /etc/flux/rc1 Exited (rc=0) 0.2s
2023-05-18T13:11:47.285933943Z broker.info[1]: rc1-success: init->quorum 0.175399s
2023-05-18T13:11:47.445891720Z broker.info[1]: quorum-full: quorum->run 0.159628s
2023-05-18T13:11:59.048560993Z broker.info[1]: shutdown: run->cleanup 11.6022s
2023-05-18T13:11:59.050211362Z broker.info[1]: cleanup-none: cleanup->shutdown 1.31473ms
2023-05-18T13:11:59.051593869Z broker.info[1]: children-none: shutdown->finalize 1.13558ms
2023-05-18T13:11:59.052522339Z 13:11:59.051658 socketpair(AF_UNIX, SOCK_STREAM|SOCK_CLOEXEC, 0, [22, 23]) = 0
2023-05-18T13:11:59.052683768Z 13:11:59.051802 socketpair(AF_UNIX, SOCK_STREAM, 0, [24, 25]) = 0
2023-05-18T13:11:59.052712668Z 13:11:59.052094 socketpair(AF_UNIX, SOCK_STREAM, 0, [26, 28]) = 0
2023-05-18T13:11:59.052729300Z 13:11:59.052366 socketpair(AF_UNIX, SOCK_STREAM, 0, [58, 59]) = 0
2023-05-18T13:11:59.070203282Z broker.info[1]: rc3.0: running /etc/flux/rc3.d/01-sched-fluxion
2023-05-18T13:11:59.192696669Z broker.info[1]: rc3.0: /etc/flux/rc3 Exited (rc=0) 0.1s
2023-05-18T13:11:59.193814677Z broker.info[1]: rc3-success: finalize->goodbye 0.141965s
2023-05-18T13:11:59.195426440Z broker.info[1]: goodbye: goodbye->exit 1.04742ms
2023-05-18T13:11:59.202151487Z 13:11:59.201997 +++ exited with 0 +++
2023-05-18T13:11:59.203489466Z Return value for follower worker is 0
2023-05-18T13:11:59.203590515Z The follower worker exited cleanly. Goodbye!
