2023-05-18T08:04:36.622797820Z
2023-05-18T08:04:36.622849111Z Flux username: flux
2023-05-18T08:04:36.622855713Z
2023-05-18T08:04:36.622860891Z Flux install root: /usr
2023-05-18T08:04:36.667844931Z flux user is already added.
2023-05-18T08:04:36.671370772Z flux user identifiers:
2023-05-18T08:04:36.671405577Z uid=1234(flux) gid=1234(flux) groups=1234(flux)
2023-05-18T08:04:36.671412407Z
2023-05-18T08:04:36.671419458Z As Flux prefix for flux commands: sudo -u flux -E PYTHONPATH=/opt/conda/lib/python3.10/site-packages -E PATH=/opt/conda/bin:/usr/local/sbin:/usr/local/bin:/usr/sbin:/usr/bin:/sbin:/bin -E LD_LIBRARY_PATH=/opt/conda/lib -E HOME=/home/flux
2023-05-18T08:04:36.679453843Z
2023-05-18T08:04:36.679490222Z ðŸ‘‹ Hello, I'm flux-sample-1
2023-05-18T08:04:36.679641209Z The main host is flux-sample-0
2023-05-18T08:04:36.679797054Z The working directory is /home/flux/examples/reaxff/HNS, contents include:
2023-05-18T08:04:36.681620162Z /home/flux/examples/reaxff/HNS:
2023-05-18T08:04:36.681638240Z README.txt	ffield.reax.hns  log.8Mar18.reaxc.hns.g++.1
2023-05-18T08:04:36.681643991Z data.hns-equil	in.reaxc.hns	 log.8Mar18.reaxc.hns.g++.4
2023-05-18T08:04:36.681911651Z End of file listing, if you see nothing above there are no files.
2023-05-18T08:04:36.683757396Z flux R encode --hosts=flux-sample-[0-3]
2023-05-18T08:04:36.697467285Z
2023-05-18T08:04:36.697493397Z ðŸ“¦ Resources
2023-05-18T08:04:36.699035666Z {"version": 1, "execution": {"R_lite": [{"rank": "0-3", "children": {"core": "0"}}], "starttime": 0.0, "expiration": 0.0, "nodelist": ["flux-sample-[0-3]"]}}
2023-05-18T08:04:36.699414346Z
2023-05-18T08:04:36.699430871Z ðŸ¸ Diagnostics: false
2023-05-18T08:04:36.699595614Z ðŸš©ï¸ Flux Option Flags defined
2023-05-18T08:04:36.703642677Z
2023-05-18T08:04:36.703662461Z ðŸ¦Š Independent Minister of Privilege
2023-05-18T08:04:36.704876627Z [exec]
2023-05-18T08:04:36.704892704Z allowed-users = [ "flux", "root" ]
2023-05-18T08:04:36.704898969Z allowed-shells = [ "/usr/libexec/flux/flux-shell" ]
2023-05-18T08:04:36.705124706Z
2023-05-18T08:04:36.705141291Z ðŸ¸ Broker Configuration
2023-05-18T08:04:36.706681116Z # Flux needs to know the path to the IMP executable
2023-05-18T08:04:36.706697366Z [exec]
2023-05-18T08:04:36.706703259Z imp = "/usr/libexec/flux/flux-imp"
2023-05-18T08:04:36.706707856Z
2023-05-18T08:04:36.706712659Z [access]
2023-05-18T08:04:36.706718099Z allow-guest-user = true
2023-05-18T08:04:36.706722596Z allow-root-owner = true
2023-05-18T08:04:36.706727296Z
2023-05-18T08:04:36.706734356Z # Point to resource definition generated with flux-R(1).
2023-05-18T08:04:36.706740240Z [resource]
2023-05-18T08:04:36.706745978Z path = "/etc/flux/system/R"
2023-05-18T08:04:36.706750427Z
2023-05-18T08:04:36.706755034Z [bootstrap]
2023-05-18T08:04:36.706760299Z curve_cert = "/etc/curve/curve.cert"
2023-05-18T08:04:36.706765608Z default_port = 8050
2023-05-18T08:04:36.706770707Z default_bind = "tcp://eth0:%p"
2023-05-18T08:04:36.706778397Z default_connect = "tcp://%h.flux-service.flux-operator.svc.cluster.local:%p"
2023-05-18T08:04:36.706783988Z hosts = [
2023-05-18T08:04:36.706788847Z 	{ host="flux-sample-[0-3]"},
2023-05-18T08:04:36.706793589Z ]
2023-05-18T08:04:36.706797922Z
2023-05-18T08:04:36.706802700Z [archive]
2023-05-18T08:04:36.706811169Z dbpath = "/var/lib/flux/job-archive.sqlite"
2023-05-18T08:04:36.706815946Z period = "1m"
2023-05-18T08:04:36.786189057Z busytimeout = "50s"
2023-05-18T08:04:36.786215020Z ðŸ§Šï¸ State Directory:
2023-05-18T08:04:36.786221463Z total 0
2023-05-18T08:04:36.786228738Z
2023-05-18T08:04:36.790377418Z
2023-05-18T08:04:36.790407588Z ðŸ”’ï¸ Working directory permissions:
2023-05-18T08:04:36.790415858Z total 96
2023-05-18T08:04:36.790423294Z -rwxrwxrwx 1 flux root  2517 May 17 22:32 README.txt
2023-05-18T08:04:36.790428551Z -rwxrwxrwx 1 flux root 54692 May 17 22:32 data.hns-equil
2023-05-18T08:04:36.790433270Z -rwxrwxrwx 1 flux root 13576 May 17 22:32 ffield.reax.hns
2023-05-18T08:04:36.790438234Z -rwxrwxrwx 1 flux root   870 May 17 22:32 in.reaxc.hns
2023-05-18T08:04:36.790443984Z -rwxrwxrwx 1 flux root  4172 May 17 22:32 log.8Mar18.reaxc.hns.g++.1
2023-05-18T08:04:36.790448865Z -rwxrwxrwx 1 flux root  4168 May 17 22:32 log.8Mar18.reaxc.hns.g++.4
2023-05-18T08:04:36.790453278Z
2023-05-18T08:04:36.790572159Z
2023-05-18T08:04:36.790585254Z âœ¨ Curve certificate generated by helper pod
2023-05-18T08:04:36.792198400Z #   ****  Generated on 2023-04-26 22:54:42 by CZMQ  ****
2023-05-18T08:04:36.792223605Z #   ZeroMQ CURVE **Secret** Certificate
2023-05-18T08:04:36.792314426Z #   DO NOT PROVIDE THIS FILE TO OTHER USERS nor change its permissions.
2023-05-18T08:04:36.792323572Z
2023-05-18T08:04:36.792328796Z metadata
2023-05-18T08:04:36.792334356Z     name = "flux-cert-generator"
2023-05-18T08:04:36.792339518Z     keygen.hostname = "flux-sample-0"
2023-05-18T08:04:36.792344456Z curve
2023-05-18T08:04:36.792349916Z     public-key = "71h!#W%[H4lh^3v*k>jyzMNN9dJ^5yI[Xe-?RyjL"
2023-05-18T08:04:36.792354997Z     secret-key = "q)h2IGvcUUVW79Onz=id&b1eUfOdlrEPW8ESl.[u"
2023-05-18T08:04:36.794502499Z
2023-05-18T08:04:36.794522822Z ðŸŒ€  flux start --wrap=strace,-e,network,-tt -o --config /etc/flux/config -Scron.directory=/etc/flux/system/cron.d   -Stbon.fanout=256   -Srundir=/run/flux    -Sstatedir=/var/lib/flux   -Slocal-uri=local:///run/flux/local -Stbon.connect_timeout=5s  -Stbon.zmqdebug=1  -Slog-stderr-level=6    -Slog-stderr-mode=local
2023-05-18T08:04:36.838845345Z 08:04:36.838551 socket(AF_NETLINK, SOCK_RAW, NETLINK_ROUTE) = 8
2023-05-18T08:04:36.838995596Z 08:04:36.838737 bind(8, {sa_family=AF_NETLINK, nl_pid=0, nl_groups=00000000}, 12) = 0
2023-05-18T08:04:36.839005945Z 08:04:36.838871 getsockname(8, {sa_family=AF_NETLINK, nl_pid=70, nl_groups=00000000}, [12]) = 0
2023-05-18T08:04:36.839470093Z 08:04:36.838979 sendto(8, {{len=20, type=RTM_GETADDR, flags=NLM_F_REQUEST|NLM_F_DUMP, seq=1684397076, pid=0}, {ifa_family=AF_UNSPEC, ...}}, 20, 0, {sa_family=AF_NETLINK, nl_pid=0, nl_groups=00000000}, 12) = 20
2023-05-18T08:04:36.839787570Z 08:04:36.839318 recvmsg(8, {msg_name={sa_family=AF_NETLINK, nl_pid=0, nl_groups=00000000}, msg_namelen=12, msg_iov=[{iov_base=[{{len=76, type=RTM_NEWADDR, flags=NLM_F_MULTI, seq=1684397076, pid=70}, {ifa_family=AF_INET, ifa_prefixlen=8, ifa_flags=IFA_F_PERMANENT, ifa_scope=RT_SCOPE_HOST, ifa_index=if_nametoindex("lo")}, [{{nla_len=8, nla_type=IFA_ADDRESS}, 127.0.0.1}, {{nla_len=8, nla_type=IFA_LOCAL}, 127.0.0.1}, {{nla_len=7, nla_type=IFA_LABEL}, "lo"}, {{nla_len=8, nla_type=IFA_FLAGS}, IFA_F_PERMANENT}, {{nla_len=20, nla_type=IFA_CACHEINFO}, {ifa_prefered=4294967295, ifa_valid=4294967295, cstamp=281905, tstamp=281905}}]}, {{len=88, type=RTM_NEWADDR, flags=NLM_F_MULTI, seq=1684397076, pid=70}, {ifa_family=AF_INET, ifa_prefixlen=24, ifa_flags=IFA_F_PERMANENT, ifa_scope=RT_SCOPE_UNIVERSE, ifa_index=if_nametoindex("eth0")}, [{{nla_len=8, nla_type=IFA_ADDRESS}, 10.24.3.111}, {{nla_len=8, nla_type=IFA_LOCAL}, 10.24.3.111}, {{nla_len=8, nla_type=IFA_BROADCAST}, 10.24.3.255}, {{nla_len=9, nla_type=IFA_LABEL}, "eth0"}, {{nla_len=8, nla_type=IFA_FLAGS}, IFA_F_PERMANENT}, {{nla_len=20, nla_type=IFA_CACHEINFO}, {ifa_prefered=4294967295, ifa_valid=4294967295, cstamp=281907, tstamp=281907}}]}], iov_len=4096}], msg_iovlen=1, msg_controllen=0, msg_flags=0}, 0) = 164
2023-05-18T08:04:36.839915169Z 08:04:36.839664 recvmsg(8, {msg_name={sa_family=AF_NETLINK, nl_pid=0, nl_groups=00000000}, msg_namelen=12, msg_iov=[{iov_base={{len=20, type=NLMSG_DONE, flags=NLM_F_MULTI, seq=1684397076, pid=70}, 0}, iov_len=4096}], msg_iovlen=1, msg_controllen=0, msg_flags=0}, 0) = 20
2023-05-18T08:04:36.840971424Z 08:04:36.840717 socket(AF_UNIX, SOCK_STREAM|SOCK_CLOEXEC|SOCK_NONBLOCK, 0) = 8
2023-05-18T08:04:36.841107007Z 08:04:36.840921 connect(8, {sa_family=AF_UNIX, sun_path="/var/run/nscd/socket"}, 110) = -1 ENOENT (No such file or directory)
2023-05-18T08:04:36.841259925Z 08:04:36.841114 socket(AF_UNIX, SOCK_STREAM|SOCK_CLOEXEC|SOCK_NONBLOCK, 0) = 8
2023-05-18T08:04:36.841362409Z 08:04:36.841222 connect(8, {sa_family=AF_UNIX, sun_path="/var/run/nscd/socket"}, 110) = -1 ENOENT (No such file or directory)
2023-05-18T08:04:36.843427803Z 08:04:36.843204 socket(AF_INET, SOCK_DGRAM|SOCK_CLOEXEC|SOCK_NONBLOCK, IPPROTO_IP) = 8
2023-05-18T08:04:36.843523845Z 08:04:36.843348 connect(8, {sa_family=AF_INET, sin_port=htons(53), sin_addr=inet_addr("169.254.169.254")}, 16) = 0
2023-05-18T08:04:36.843924094Z 08:04:36.843558 sendto(8, "\320\6\1\0\0\1\0\0\0\0\0\0\rflux-sample-0\fflux-"..., 76, MSG_NOSIGNAL, NULL, 0) = 76
2023-05-18T08:04:36.847760567Z 08:04:36.847521 recvfrom(8, "\320\6\201\200\0\1\0\1\0\0\0\0\rflux-sample-0\fflux-"..., 1024, 0, {sa_family=AF_INET, sin_port=htons(53), sin_addr=inet_addr("169.254.169.254")}, [28->16]) = 92
2023-05-18T08:04:36.854537042Z broker.info[1]: start: none->join 2.96339ms
2023-05-18T08:04:42.024624327Z broker.info[1]: parent-ready: join->init 5.16991s
2023-05-18T08:04:42.024968437Z 08:04:42.024585 socketpair(AF_UNIX, SOCK_STREAM|SOCK_CLOEXEC, 0, [22, 23]) = 0
2023-05-18T08:04:42.025124872Z 08:04:42.024746 socketpair(AF_UNIX, SOCK_STREAM, 0, [24, 25]) = 0
2023-05-18T08:04:42.025143299Z 08:04:42.024949 socketpair(AF_UNIX, SOCK_STREAM, 0, [26, 27]) = 0
2023-05-18T08:04:42.025305716Z 08:04:42.025160 socketpair(AF_UNIX, SOCK_STREAM, 0, [28, 29]) = 0
2023-05-18T08:04:42.050358560Z broker.info[1]: configuration updated
2023-05-18T08:04:42.170933676Z broker.info[1]: rc1.0: running /etc/flux/rc1.d/01-sched-fluxion
2023-05-18T08:04:42.184777571Z broker.info[1]: rc1.0: running /etc/flux/rc1.d/02-cron
2023-05-18T08:04:42.220837783Z broker.info[1]: rc1.0: /etc/flux/rc1 Exited (rc=0) 0.2s
2023-05-18T08:04:42.222216446Z broker.info[1]: rc1-success: init->quorum 0.197413s
2023-05-18T08:04:42.716314096Z broker.info[1]: quorum-full: quorum->run 0.493141s
2023-05-18T08:04:53.344495726Z broker.info[1]: shutdown: run->cleanup 10.628s
2023-05-18T08:04:53.346194610Z broker.info[1]: cleanup-none: cleanup->shutdown 1.42336ms
2023-05-18T08:04:53.347624681Z broker.info[1]: children-none: shutdown->finalize 0.905809ms
2023-05-18T08:04:53.348201491Z 08:04:53.347604 socketpair(AF_UNIX, SOCK_STREAM|SOCK_CLOEXEC, 0, [22, 23]) = 0
2023-05-18T08:04:53.349236127Z 08:04:53.347806 socketpair(AF_UNIX, SOCK_STREAM, 0, [24, 25]) = 0
2023-05-18T08:04:53.349259562Z 08:04:53.348082 socketpair(AF_UNIX, SOCK_STREAM, 0, [26, 28]) = 0
2023-05-18T08:04:53.349267022Z 08:04:53.348285 socketpair(AF_UNIX, SOCK_STREAM, 0, [58, 59]) = 0
2023-05-18T08:04:53.366375054Z broker.info[1]: rc3.0: running /etc/flux/rc3.d/01-sched-fluxion
2023-05-18T08:04:53.485575693Z broker.info[1]: rc3.0: /etc/flux/rc3 Exited (rc=0) 0.1s
2023-05-18T08:04:53.486695770Z broker.info[1]: rc3-success: finalize->goodbye 0.138959s
2023-05-18T08:04:53.488115053Z broker.info[1]: goodbye: goodbye->exit 0.982811ms
2023-05-18T08:04:53.507778168Z 08:04:53.507597 +++ exited with 0 +++
2023-05-18T08:04:53.509477592Z Return value for follower worker is 0
2023-05-18T08:04:53.509615989Z The follower worker exited cleanly. Goodbye!
