2023-05-18T13:29:10.731210449Z
2023-05-18T13:29:10.731275700Z Flux username: flux
2023-05-18T13:29:10.731287036Z
2023-05-18T13:29:10.731294782Z Flux install root: /usr
2023-05-18T13:29:10.777038249Z flux user is already added.
2023-05-18T13:29:10.780775961Z flux user identifiers:
2023-05-18T13:29:10.780800361Z uid=1234(flux) gid=1234(flux) groups=1234(flux)
2023-05-18T13:29:10.780984064Z
2023-05-18T13:29:10.780998521Z As Flux prefix for flux commands: sudo -u flux -E PYTHONPATH=/opt/conda/lib/python3.10/site-packages -E PATH=/opt/conda/bin:/usr/local/sbin:/usr/local/bin:/usr/sbin:/usr/bin:/sbin:/bin -E LD_LIBRARY_PATH=/opt/conda/lib -E HOME=/home/flux
2023-05-18T13:29:10.789471667Z
2023-05-18T13:29:10.789496024Z ðŸ‘‹ Hello, I'm flux-sample-1
2023-05-18T13:29:10.789641843Z The main host is flux-sample-0
2023-05-18T13:29:10.789663715Z The working directory is /home/flux/examples/reaxff/HNS, contents include:
2023-05-18T13:29:10.791363683Z /home/flux/examples/reaxff/HNS:
2023-05-18T13:29:10.791384663Z README.txt	ffield.reax.hns  log.8Mar18.reaxc.hns.g++.1
2023-05-18T13:29:10.791392252Z data.hns-equil	in.reaxc.hns	 log.8Mar18.reaxc.hns.g++.4
2023-05-18T13:29:10.791716703Z End of file listing, if you see nothing above there are no files.
2023-05-18T13:29:10.793751556Z flux R encode --hosts=flux-sample-[0-3]
2023-05-18T13:29:10.808073292Z
2023-05-18T13:29:10.808094424Z ðŸ“¦ Resources
2023-05-18T13:29:10.809519914Z {"version": 1, "execution": {"R_lite": [{"rank": "0-3", "children": {"core": "0"}}], "starttime": 0.0, "expiration": 0.0, "nodelist": ["flux-sample-[0-3]"]}}
2023-05-18T13:29:10.809850447Z
2023-05-18T13:29:10.809869402Z ðŸ¸ Diagnostics: false
2023-05-18T13:29:10.810140034Z ðŸš©ï¸ Flux Option Flags defined
2023-05-18T13:29:10.815068284Z
2023-05-18T13:29:10.815089231Z ðŸ¦Š Independent Minister of Privilege
2023-05-18T13:29:10.816383976Z [exec]
2023-05-18T13:29:10.816402945Z allowed-users = [ "flux", "root" ]
2023-05-18T13:29:10.816411702Z allowed-shells = [ "/usr/libexec/flux/flux-shell" ]
2023-05-18T13:29:10.816634979Z
2023-05-18T13:29:10.816650252Z ðŸ¸ Broker Configuration
2023-05-18T13:29:10.818034774Z # Flux needs to know the path to the IMP executable
2023-05-18T13:29:10.818052991Z [exec]
2023-05-18T13:29:10.818060722Z imp = "/usr/libexec/flux/flux-imp"
2023-05-18T13:29:10.818067216Z
2023-05-18T13:29:10.818073896Z [access]
2023-05-18T13:29:10.818081086Z allow-guest-user = true
2023-05-18T13:29:10.818087747Z allow-root-owner = true
2023-05-18T13:29:10.818093900Z
2023-05-18T13:29:10.818102257Z # Point to resource definition generated with flux-R(1).
2023-05-18T13:29:10.818110696Z [resource]
2023-05-18T13:29:10.818118587Z path = "/etc/flux/system/R"
2023-05-18T13:29:10.818263390Z
2023-05-18T13:29:10.818283946Z [bootstrap]
2023-05-18T13:29:10.818290499Z curve_cert = "/etc/curve/curve.cert"
2023-05-18T13:29:10.818295807Z default_port = 8050
2023-05-18T13:29:10.818300845Z default_bind = "tcp://eth0:%p"
2023-05-18T13:29:10.818306210Z default_connect = "tcp://%h.flux-service.flux-operator.svc.cluster.local:%p"
2023-05-18T13:29:10.818313493Z hosts = [
2023-05-18T13:29:10.818319671Z 	{ host="flux-sample-[0-3]"},
2023-05-18T13:29:10.818324361Z ]
2023-05-18T13:29:10.818328790Z
2023-05-18T13:29:10.818333369Z [archive]
2023-05-18T13:29:10.818338156Z dbpath = "/var/lib/flux/job-archive.sqlite"
2023-05-18T13:29:10.818342810Z period = "1m"
2023-05-18T13:29:10.892375111Z busytimeout = "50s"
2023-05-18T13:29:10.892399538Z ðŸ§Šï¸ State Directory:
2023-05-18T13:29:10.892405683Z total 0
2023-05-18T13:29:10.892410411Z
2023-05-18T13:29:10.895039627Z
2023-05-18T13:29:10.895063773Z ðŸ”’ï¸ Working directory permissions:
2023-05-18T13:29:10.895069981Z total 96
2023-05-18T13:29:10.895075228Z -rwxrwxrwx 1 flux root  2517 May 17 22:32 README.txt
2023-05-18T13:29:10.895082620Z -rwxrwxrwx 1 flux root 54692 May 17 22:32 data.hns-equil
2023-05-18T13:29:10.895089274Z -rwxrwxrwx 1 flux root 13576 May 17 22:32 ffield.reax.hns
2023-05-18T13:29:10.895094991Z -rwxrwxrwx 1 flux root   870 May 17 22:32 in.reaxc.hns
2023-05-18T13:29:10.895100037Z -rwxrwxrwx 1 flux root  4172 May 17 22:32 log.8Mar18.reaxc.hns.g++.1
2023-05-18T13:29:10.895105017Z -rwxrwxrwx 1 flux root  4168 May 17 22:32 log.8Mar18.reaxc.hns.g++.4
2023-05-18T13:29:10.895109250Z
2023-05-18T13:29:10.895196415Z
2023-05-18T13:29:10.895218164Z âœ¨ Curve certificate generated by helper pod
2023-05-18T13:29:10.896718052Z #   ****  Generated on 2023-04-26 22:54:42 by CZMQ  ****
2023-05-18T13:29:10.896741923Z #   ZeroMQ CURVE **Secret** Certificate
2023-05-18T13:29:10.896747814Z #   DO NOT PROVIDE THIS FILE TO OTHER USERS nor change its permissions.
2023-05-18T13:29:10.896752695Z
2023-05-18T13:29:10.896757474Z metadata
2023-05-18T13:29:10.896764846Z     name = "flux-cert-generator"
2023-05-18T13:29:10.896771356Z     keygen.hostname = "flux-sample-0"
2023-05-18T13:29:10.896776567Z curve
2023-05-18T13:29:10.896781458Z     public-key = "8+Q{SH9n4)^necGGm1d5Ec+$^U6(Klak>:Q5v2RW"
2023-05-18T13:29:10.896786219Z     secret-key = "}lnH3EX5YkB?gM79SBYAH3%k0-swJQrK6>36<+J^"
2023-05-18T13:29:10.899145148Z
2023-05-18T13:29:10.899171747Z ðŸŒ€  flux start --wrap=strace,-e,network,-tt -o --config /etc/flux/config -Scron.directory=/etc/flux/system/cron.d   -Stbon.fanout=256   -Srundir=/run/flux    -Sstatedir=/var/lib/flux   -Slocal-uri=local:///run/flux/local -Stbon.connect_timeout=10s  -Stbon.zmqdebug=1  -Slog-stderr-level=6    -Slog-stderr-mode=local
2023-05-18T13:29:10.938965402Z 13:29:10.938705 socket(AF_NETLINK, SOCK_RAW, NETLINK_ROUTE) = 8
2023-05-18T13:29:10.939205644Z 13:29:10.938894 bind(8, {sa_family=AF_NETLINK, nl_pid=0, nl_groups=00000000}, 12) = 0
2023-05-18T13:29:10.939469767Z 13:29:10.939265 getsockname(8, {sa_family=AF_NETLINK, nl_pid=70, nl_groups=00000000}, [12]) = 0
2023-05-18T13:29:10.939699098Z 13:29:10.939347 sendto(8, {{len=20, type=RTM_GETADDR, flags=NLM_F_REQUEST|NLM_F_DUMP, seq=1684416550, pid=0}, {ifa_family=AF_UNSPEC, ...}}, 20, 0, {sa_family=AF_NETLINK, nl_pid=0, nl_groups=00000000}, 12) = 20
2023-05-18T13:29:10.939977785Z 13:29:10.939577 recvmsg(8, {msg_name={sa_family=AF_NETLINK, nl_pid=0, nl_groups=00000000}, msg_namelen=12, msg_iov=[{iov_base=[{{len=76, type=RTM_NEWADDR, flags=NLM_F_MULTI, seq=1684416550, pid=70}, {ifa_family=AF_INET, ifa_prefixlen=8, ifa_flags=IFA_F_PERMANENT, ifa_scope=RT_SCOPE_HOST, ifa_index=if_nametoindex("lo")}, [{{nla_len=8, nla_type=IFA_ADDRESS}, 127.0.0.1}, {{nla_len=8, nla_type=IFA_LOCAL}, 127.0.0.1}, {{nla_len=7, nla_type=IFA_LABEL}, "lo"}, {{nla_len=8, nla_type=IFA_FLAGS}, IFA_F_PERMANENT}, {{nla_len=20, nla_type=IFA_CACHEINFO}, {ifa_prefered=4294967295, ifa_valid=4294967295, cstamp=2229595, tstamp=2229595}}]}, {{len=88, type=RTM_NEWADDR, flags=NLM_F_MULTI, seq=1684416550, pid=70}, {ifa_family=AF_INET, ifa_prefixlen=24, ifa_flags=IFA_F_PERMANENT, ifa_scope=RT_SCOPE_UNIVERSE, ifa_index=if_nametoindex("eth0")}, [{{nla_len=8, nla_type=IFA_ADDRESS}, 10.24.0.178}, {{nla_len=8, nla_type=IFA_LOCAL}, 10.24.0.178}, {{nla_len=8, nla_type=IFA_BROADCAST}, 10.24.0.255}, {{nla_len=9, nla_type=IFA_LABEL}, "eth0"}, {{nla_len=8, nla_type=IFA_FLAGS}, IFA_F_PERMANENT}, {{nla_len=20, nla_type=IFA_CACHEINFO}, {ifa_prefered=4294967295, ifa_valid=4294967295, cstamp=2229598, tstamp=2229598}}]}], iov_len=4096}], msg_iovlen=1, msg_controllen=0, msg_flags=0}, 0) = 164
2023-05-18T13:29:10.940105656Z 13:29:10.939876 recvmsg(8, {msg_name={sa_family=AF_NETLINK, nl_pid=0, nl_groups=00000000}, msg_namelen=12, msg_iov=[{iov_base={{len=20, type=NLMSG_DONE, flags=NLM_F_MULTI, seq=1684416550, pid=70}, 0}, iov_len=4096}], msg_iovlen=1, msg_controllen=0, msg_flags=0}, 0) = 20
2023-05-18T13:29:10.940749479Z 13:29:10.940563 socket(AF_UNIX, SOCK_STREAM|SOCK_CLOEXEC|SOCK_NONBLOCK, 0) = 8
2023-05-18T13:29:10.940917460Z 13:29:10.940687 connect(8, {sa_family=AF_UNIX, sun_path="/var/run/nscd/socket"}, 110) = -1 ENOENT (No such file or directory)
2023-05-18T13:29:10.941134440Z 13:29:10.940946 socket(AF_UNIX, SOCK_STREAM|SOCK_CLOEXEC|SOCK_NONBLOCK, 0) = 8
2023-05-18T13:29:10.941283302Z 13:29:10.941092 connect(8, {sa_family=AF_UNIX, sun_path="/var/run/nscd/socket"}, 110) = -1 ENOENT (No such file or directory)
2023-05-18T13:29:10.943261127Z 13:29:10.943110 socket(AF_INET, SOCK_DGRAM|SOCK_CLOEXEC|SOCK_NONBLOCK, IPPROTO_IP) = 8
2023-05-18T13:29:10.943354335Z 13:29:10.943197 connect(8, {sa_family=AF_INET, sin_port=htons(53), sin_addr=inet_addr("169.254.169.254")}, 16) = 0
2023-05-18T13:29:10.943702056Z 13:29:10.943350 sendto(8, "O\217\1\0\0\1\0\0\0\0\0\0\rflux-sample-0\fflux-"..., 76, MSG_NOSIGNAL, NULL, 0) = 76
2023-05-18T13:29:10.948075726Z 13:29:10.947869 recvfrom(8, "O\217\201\203\0\1\0\0\0\1\0\0\rflux-sample-0\fflux-"..., 1024, 0, {sa_family=AF_INET, sin_port=htons(53), sin_addr=inet_addr("169.254.169.254")}, [28->16]) = 172
2023-05-18T13:29:10.948222512Z 13:29:10.948068 socket(AF_INET, SOCK_DGRAM|SOCK_CLOEXEC|SOCK_NONBLOCK, IPPROTO_IP) = 8
2023-05-18T13:29:10.948341590Z 13:29:10.948159 connect(8, {sa_family=AF_INET, sin_port=htons(53), sin_addr=inet_addr("169.254.169.254")}, 16) = 0
2023-05-18T13:29:10.948596528Z 13:29:10.948315 sendto(8, "\376\325\1\0\0\1\0\0\0\0\0\0\rflux-sample-0\fflux-"..., 108, MSG_NOSIGNAL, NULL, 0) = 108
2023-05-18T13:29:10.951416382Z 13:29:10.951186 recvfrom(8, "\376\325\201\203\0\1\0\0\0\1\0\0\rflux-sample-0\fflux-"..., 1024, 0, {sa_family=AF_INET, sin_port=htons(53), sin_addr=inet_addr("169.254.169.254")}, [28->16]) = 204
2023-05-18T13:29:10.951567127Z 13:29:10.951388 socket(AF_INET, SOCK_DGRAM|SOCK_CLOEXEC|SOCK_NONBLOCK, IPPROTO_IP) = 8
2023-05-18T13:29:10.951642214Z 13:29:10.951480 connect(8, {sa_family=AF_INET, sin_port=htons(53), sin_addr=inet_addr("169.254.169.254")}, 16) = 0
2023-05-18T13:29:10.951862053Z 13:29:10.951639 sendto(8, "\10`\1\0\0\1\0\0\0\0\0\0\rflux-sample-0\fflux-"..., 94, MSG_NOSIGNAL, NULL, 0) = 94
2023-05-18T13:29:10.955597209Z 13:29:10.955312 recvfrom(8, "\10`\201\203\0\1\0\0\0\1\0\0\rflux-sample-0\fflux-"..., 1024, 0, {sa_family=AF_INET, sin_port=htons(53), sin_addr=inet_addr("169.254.169.254")}, [28->16]) = 190
2023-05-18T13:29:10.955887378Z 13:29:10.955719 socket(AF_INET, SOCK_DGRAM|SOCK_CLOEXEC|SOCK_NONBLOCK, IPPROTO_IP) = 8
2023-05-18T13:29:10.956129064Z 13:29:10.955922 connect(8, {sa_family=AF_INET, sin_port=htons(53), sin_addr=inet_addr("169.254.169.254")}, 16) = 0
2023-05-18T13:29:10.956610445Z 13:29:10.956288 sendto(8, "\300\353\1\0\0\1\0\0\0\0\0\0\rflux-sample-0\fflux-"..., 90, MSG_NOSIGNAL, NULL, 0) = 90
2023-05-18T13:29:10.960675157Z 13:29:10.960406 recvfrom(8, "\300\353\201\203\0\1\0\0\0\1\0\0\rflux-sample-0\fflux-"..., 1024, 0, {sa_family=AF_INET, sin_port=htons(53), sin_addr=inet_addr("169.254.169.254")}, [28->16]) = 186
2023-05-18T13:29:10.960975800Z 13:29:10.960778 socket(AF_INET, SOCK_DGRAM|SOCK_CLOEXEC|SOCK_NONBLOCK, IPPROTO_IP) = 8
2023-05-18T13:29:10.961138506Z 13:29:10.960895 connect(8, {sa_family=AF_INET, sin_port=htons(53), sin_addr=inet_addr("169.254.169.254")}, 16) = 0
2023-05-18T13:29:10.961437811Z 13:29:10.961085 sendto(8, "\266\261\1\0\0\1\0\0\0\0\0\0\rflux-sample-0\fflux-"..., 111, MSG_NOSIGNAL, NULL, 0) = 111
2023-05-18T13:29:10.968400181Z 13:29:10.968123 recvfrom(8, "\266\261\201\203\0\1\0\0\0\1\0\0\rflux-sample-0\fflux-"..., 1024, 0, {sa_family=AF_INET, sin_port=htons(53), sin_addr=inet_addr("169.254.169.254")}, [28->16]) = 205
2023-05-18T13:29:10.968609893Z 13:29:10.968428 socket(AF_INET, SOCK_DGRAM|SOCK_CLOEXEC|SOCK_NONBLOCK, IPPROTO_IP) = 8
2023-05-18T13:29:10.968691473Z 13:29:10.968522 connect(8, {sa_family=AF_INET, sin_port=htons(53), sin_addr=inet_addr("169.254.169.254")}, 16) = 0
2023-05-18T13:29:10.968868950Z 13:29:10.968669 sendto(8, "\346D\1\0\0\1\0\0\0\0\0\0\rflux-sample-0\fflux-"..., 97, MSG_NOSIGNAL, NULL, 0) = 97
2023-05-18T13:29:10.975339130Z 13:29:10.975124 recvfrom(8, "\346D\201\203\0\1\0\0\0\1\0\0\rflux-sample-0\fflux-"..., 1024, 0, {sa_family=AF_INET, sin_port=htons(53), sin_addr=inet_addr("169.254.169.254")}, [28->16]) = 186
2023-05-18T13:29:10.975559281Z 13:29:10.975345 socket(AF_INET, SOCK_DGRAM|SOCK_CLOEXEC|SOCK_NONBLOCK, IPPROTO_IP) = 8
2023-05-18T13:29:10.975570943Z 13:29:10.975446 connect(8, {sa_family=AF_INET, sin_port=htons(53), sin_addr=inet_addr("169.254.169.254")}, 16) = 0
2023-05-18T13:29:10.975976236Z 13:29:10.975555 sendto(8, "\310\f\1\0\0\1\0\0\0\0\0\0\rflux-sample-0\fflux-"..., 92, MSG_NOSIGNAL, NULL, 0) = 92
2023-05-18T13:29:10.982203149Z 13:29:10.981931 recvfrom(8, "\310\f\201\203\0\1\0\0\0\1\0\0\rflux-sample-0\fflux-"..., 1024, 0, {sa_family=AF_INET, sin_port=htons(53), sin_addr=inet_addr("169.254.169.254")}, [28->16]) = 181
2023-05-18T13:29:10.982518465Z broker.err[1]: Warning: unable to resolve upstream peer flux-sample-0.flux-service.flux-operator.svc.cluster.local: Name or service not known
2023-05-18T13:29:10.988247219Z broker.info[1]: start: none->join 1.62886ms
2023-05-18T13:29:11.557463823Z broker.info[1]: parent-ready: join->init 0.568811s
2023-05-18T13:29:11.557518041Z 13:29:11.557166 socketpair(AF_UNIX, SOCK_STREAM|SOCK_CLOEXEC, 0, [22, 23]) = 0
2023-05-18T13:29:11.557612066Z 13:29:11.557383 socketpair(AF_UNIX, SOCK_STREAM, 0, [24, 25]) = 0
2023-05-18T13:29:11.557788023Z 13:29:11.557618 socketpair(AF_UNIX, SOCK_STREAM, 0, [26, 27]) = 0
2023-05-18T13:29:11.558527516Z 13:29:11.557879 socketpair(AF_UNIX, SOCK_STREAM, 0, [28, 29]) = 0
2023-05-18T13:29:11.586907075Z broker.info[1]: configuration updated
2023-05-18T13:29:11.695497969Z broker.info[1]: rc1.0: running /etc/flux/rc1.d/01-sched-fluxion
2023-05-18T13:29:11.706311335Z broker.info[1]: rc1.0: running /etc/flux/rc1.d/02-cron
2023-05-18T13:29:11.727593406Z broker.info[1]: rc1.0: /etc/flux/rc1 Exited (rc=0) 0.2s
2023-05-18T13:29:11.728320073Z broker.info[1]: rc1-success: init->quorum 0.170967s
2023-05-18T13:29:12.799300150Z broker.info[1]: quorum-full: quorum->run 1.07071s
2023-05-18T13:29:24.282481436Z broker.info[1]: shutdown: run->cleanup 11.4825s
2023-05-18T13:29:24.283497551Z broker.info[1]: cleanup-none: cleanup->shutdown 1.1021ms
2023-05-18T13:29:24.285089908Z broker.info[1]: children-none: shutdown->finalize 1.37491ms
2023-05-18T13:29:24.285673851Z 13:29:24.285268 socketpair(AF_UNIX, SOCK_STREAM|SOCK_CLOEXEC, 0, [22, 23]) = 0
2023-05-18T13:29:24.285859866Z 13:29:24.285414 socketpair(AF_UNIX, SOCK_STREAM, 0, [24, 25]) = 0
2023-05-18T13:29:24.285934968Z 13:29:24.285682 socketpair(AF_UNIX, SOCK_STREAM, 0, [26, 28]) = 0
2023-05-18T13:29:24.286207621Z 13:29:24.285933 socketpair(AF_UNIX, SOCK_STREAM, 0, [58, 59]) = 0
2023-05-18T13:29:24.306858776Z broker.info[1]: rc3.0: running /etc/flux/rc3.d/01-sched-fluxion
2023-05-18T13:29:24.416754223Z broker.info[1]: rc3.0: /etc/flux/rc3 Exited (rc=0) 0.1s
2023-05-18T13:29:24.417914047Z broker.info[1]: rc3-success: finalize->goodbye 0.132485s
2023-05-18T13:29:24.419575774Z broker.info[1]: goodbye: goodbye->exit 1.03225ms
2023-05-18T13:29:24.427582346Z 13:29:24.427411 +++ exited with 0 +++
2023-05-18T13:29:24.429095142Z Return value for follower worker is 0
2023-05-18T13:29:24.429269441Z The follower worker exited cleanly. Goodbye!
