2023-05-18T13:18:58.188801250Z
2023-05-18T13:18:58.188870209Z Flux username: flux
2023-05-18T13:18:58.188878173Z
2023-05-18T13:18:58.188885487Z Flux install root: /usr
2023-05-18T13:18:58.235820115Z flux user is already added.
2023-05-18T13:18:58.239571413Z flux user identifiers:
2023-05-18T13:18:58.239605281Z uid=1234(flux) gid=1234(flux) groups=1234(flux)
2023-05-18T13:18:58.239767260Z
2023-05-18T13:18:58.239782252Z As Flux prefix for flux commands: sudo -u flux -E PYTHONPATH=/opt/conda/lib/python3.10/site-packages -E PATH=/opt/conda/bin:/usr/local/sbin:/usr/local/bin:/usr/sbin:/usr/bin:/sbin:/bin -E LD_LIBRARY_PATH=/opt/conda/lib -E HOME=/home/flux
2023-05-18T13:18:58.248059062Z
2023-05-18T13:18:58.248095083Z 👋 Hello, I'm flux-sample-3
2023-05-18T13:18:58.248239985Z The main host is flux-sample-0
2023-05-18T13:18:58.248399020Z The working directory is /home/flux/examples/reaxff/HNS, contents include:
2023-05-18T13:18:58.250340002Z /home/flux/examples/reaxff/HNS:
2023-05-18T13:18:58.250367006Z README.txt	ffield.reax.hns  log.8Mar18.reaxc.hns.g++.1
2023-05-18T13:18:58.250372409Z data.hns-equil	in.reaxc.hns	 log.8Mar18.reaxc.hns.g++.4
2023-05-18T13:18:58.250686641Z End of file listing, if you see nothing above there are no files.
2023-05-18T13:18:58.252754595Z flux R encode --hosts=flux-sample-[0-3]
2023-05-18T13:18:58.270444843Z
2023-05-18T13:18:58.270522859Z 📦 Resources
2023-05-18T13:18:58.272494586Z {"version": 1, "execution": {"R_lite": [{"rank": "0-3", "children": {"core": "0"}}], "starttime": 0.0, "expiration": 0.0, "nodelist": ["flux-sample-[0-3]"]}}
2023-05-18T13:18:58.272907460Z
2023-05-18T13:18:58.272926635Z 🐸 Diagnostics: false
2023-05-18T13:18:58.273084279Z 🚩️ Flux Option Flags defined
2023-05-18T13:18:58.277354181Z
2023-05-18T13:18:58.277377670Z 🦊 Independent Minister of Privilege
2023-05-18T13:18:58.278736293Z [exec]
2023-05-18T13:18:58.278755313Z allowed-users = [ "flux", "root" ]
2023-05-18T13:18:58.278762425Z allowed-shells = [ "/usr/libexec/flux/flux-shell" ]
2023-05-18T13:18:58.278889145Z
2023-05-18T13:18:58.278900791Z 🐸 Broker Configuration
2023-05-18T13:18:58.280475100Z # Flux needs to know the path to the IMP executable
2023-05-18T13:18:58.280488762Z [exec]
2023-05-18T13:18:58.280494373Z imp = "/usr/libexec/flux/flux-imp"
2023-05-18T13:18:58.280498950Z
2023-05-18T13:18:58.280503934Z [access]
2023-05-18T13:18:58.280511223Z allow-guest-user = true
2023-05-18T13:18:58.280516873Z allow-root-owner = true
2023-05-18T13:18:58.280522077Z
2023-05-18T13:18:58.280538477Z # Point to resource definition generated with flux-R(1).
2023-05-18T13:18:58.280543247Z [resource]
2023-05-18T13:18:58.280548249Z path = "/etc/flux/system/R"
2023-05-18T13:18:58.280554708Z
2023-05-18T13:18:58.280561053Z [bootstrap]
2023-05-18T13:18:58.280566485Z curve_cert = "/etc/curve/curve.cert"
2023-05-18T13:18:58.280571542Z default_port = 8050
2023-05-18T13:18:58.280576275Z default_bind = "tcp://eth0:%p"
2023-05-18T13:18:58.280581812Z default_connect = "tcp://%h.flux-service.flux-operator.svc.cluster.local:%p"
2023-05-18T13:18:58.280586500Z hosts = [
2023-05-18T13:18:58.280591548Z 	{ host="flux-sample-[0-3]"},
2023-05-18T13:18:58.280598081Z ]
2023-05-18T13:18:58.280603888Z
2023-05-18T13:18:58.280609424Z [archive]
2023-05-18T13:18:58.280614636Z dbpath = "/var/lib/flux/job-archive.sqlite"
2023-05-18T13:18:58.280619959Z period = "1m"
2023-05-18T13:18:58.366387924Z busytimeout = "50s"
2023-05-18T13:18:58.366416041Z 🧊️ State Directory:
2023-05-18T13:18:58.366422560Z total 0
2023-05-18T13:18:58.366427569Z
2023-05-18T13:18:58.369596889Z
2023-05-18T13:18:58.369626498Z 🔒️ Working directory permissions:
2023-05-18T13:18:58.369632275Z total 96
2023-05-18T13:18:58.369638364Z -rwxrwxrwx 1 flux root  2517 May 17 22:32 README.txt
2023-05-18T13:18:58.369643633Z -rwxrwxrwx 1 flux root 54692 May 17 22:32 data.hns-equil
2023-05-18T13:18:58.369774753Z -rwxrwxrwx 1 flux root 13576 May 17 22:32 ffield.reax.hns
2023-05-18T13:18:58.369883954Z -rwxrwxrwx 1 flux root   870 May 17 22:32 in.reaxc.hns
2023-05-18T13:18:58.370000022Z -rwxrwxrwx 1 flux root  4172 May 17 22:32 log.8Mar18.reaxc.hns.g++.1
2023-05-18T13:18:58.370010404Z -rwxrwxrwx 1 flux root  4168 May 17 22:32 log.8Mar18.reaxc.hns.g++.4
2023-05-18T13:18:58.370135107Z
2023-05-18T13:18:58.370264022Z
2023-05-18T13:18:58.370276326Z ✨ Curve certificate generated by helper pod
2023-05-18T13:18:58.372017737Z #   ****  Generated on 2023-04-26 22:54:42 by CZMQ  ****
2023-05-18T13:18:58.372037468Z #   ZeroMQ CURVE **Secret** Certificate
2023-05-18T13:18:58.372043463Z #   DO NOT PROVIDE THIS FILE TO OTHER USERS nor change its permissions.
2023-05-18T13:18:58.372048658Z
2023-05-18T13:18:58.372069128Z metadata
2023-05-18T13:18:58.372075461Z     name = "flux-cert-generator"
2023-05-18T13:18:58.372080428Z     keygen.hostname = "flux-sample-0"
2023-05-18T13:18:58.372085221Z curve
2023-05-18T13:18:58.372090115Z     public-key = "+0&lR:<e:6vV5cQJd:V8R+Wks[}]tT6x@zN]xUvn"
2023-05-18T13:18:58.372094948Z     secret-key = "N3k]p+E!yCfA*.b}J^MES43usm3lv#Ex2h9Kts1T"
2023-05-18T13:18:58.374791411Z
2023-05-18T13:18:58.374821945Z 🌀  flux start --wrap=strace,-e,network,-tt -o --config /etc/flux/config -Scron.directory=/etc/flux/system/cron.d   -Stbon.fanout=256   -Srundir=/run/flux    -Sstatedir=/var/lib/flux   -Slocal-uri=local:///run/flux/local -Stbon.connect_timeout=9s  -Stbon.zmqdebug=1  -Slog-stderr-level=6    -Slog-stderr-mode=local
2023-05-18T13:18:58.421412674Z 13:18:58.420998 socket(AF_NETLINK, SOCK_RAW, NETLINK_ROUTE) = 8
2023-05-18T13:18:58.421441038Z 13:18:58.421129 bind(8, {sa_family=AF_NETLINK, nl_pid=0, nl_groups=00000000}, 12) = 0
2023-05-18T13:18:58.421449499Z 13:18:58.421208 getsockname(8, {sa_family=AF_NETLINK, nl_pid=70, nl_groups=00000000}, [12]) = 0
2023-05-18T13:18:58.421731230Z 13:18:58.421282 sendto(8, {{len=20, type=RTM_GETADDR, flags=NLM_F_REQUEST|NLM_F_DUMP, seq=1684415938, pid=0}, {ifa_family=AF_UNSPEC, ...}}, 20, 0, {sa_family=AF_NETLINK, nl_pid=0, nl_groups=00000000}, 12) = 20
2023-05-18T13:18:58.422121472Z 13:18:58.421594 recvmsg(8, {msg_name={sa_family=AF_NETLINK, nl_pid=0, nl_groups=00000000}, msg_namelen=12, msg_iov=[{iov_base=[{{len=76, type=RTM_NEWADDR, flags=NLM_F_MULTI, seq=1684415938, pid=70}, {ifa_family=AF_INET, ifa_prefixlen=8, ifa_flags=IFA_F_PERMANENT, ifa_scope=RT_SCOPE_HOST, ifa_index=if_nametoindex("lo")}, [{{nla_len=8, nla_type=IFA_ADDRESS}, 127.0.0.1}, {{nla_len=8, nla_type=IFA_LOCAL}, 127.0.0.1}, {{nla_len=7, nla_type=IFA_LABEL}, "lo"}, {{nla_len=8, nla_type=IFA_FLAGS}, IFA_F_PERMANENT}, {{nla_len=20, nla_type=IFA_CACHEINFO}, {ifa_prefered=4294967295, ifa_valid=4294967295, cstamp=2168115, tstamp=2168115}}]}, {{len=88, type=RTM_NEWADDR, flags=NLM_F_MULTI, seq=1684415938, pid=70}, {ifa_family=AF_INET, ifa_prefixlen=24, ifa_flags=IFA_F_PERMANENT, ifa_scope=RT_SCOPE_UNIVERSE, ifa_index=if_nametoindex("eth0")}, [{{nla_len=8, nla_type=IFA_ADDRESS}, 10.24.2.51}, {{nla_len=8, nla_type=IFA_LOCAL}, 10.24.2.51}, {{nla_len=8, nla_type=IFA_BROADCAST}, 10.24.2.255}, {{nla_len=9, nla_type=IFA_LABEL}, "eth0"}, {{nla_len=8, nla_type=IFA_FLAGS}, IFA_F_PERMANENT}, {{nla_len=20, nla_type=IFA_CACHEINFO}, {ifa_prefered=4294967295, ifa_valid=4294967295, cstamp=2168120, tstamp=2168120}}]}], iov_len=4096}], msg_iovlen=1, msg_controllen=0, msg_flags=0}, 0) = 164
2023-05-18T13:18:58.422140755Z 13:18:58.421923 recvmsg(8, {msg_name={sa_family=AF_NETLINK, nl_pid=0, nl_groups=00000000}, msg_namelen=12, msg_iov=[{iov_base={{len=20, type=NLMSG_DONE, flags=NLM_F_MULTI, seq=1684415938, pid=70}, 0}, iov_len=4096}], msg_iovlen=1, msg_controllen=0, msg_flags=0}, 0) = 20
2023-05-18T13:18:58.422912863Z 13:18:58.422492 socket(AF_UNIX, SOCK_STREAM|SOCK_CLOEXEC|SOCK_NONBLOCK, 0) = 8
2023-05-18T13:18:58.422930923Z 13:18:58.422578 connect(8, {sa_family=AF_UNIX, sun_path="/var/run/nscd/socket"}, 110) = -1 ENOENT (No such file or directory)
2023-05-18T13:18:58.422972561Z 13:18:58.422718 socket(AF_UNIX, SOCK_STREAM|SOCK_CLOEXEC|SOCK_NONBLOCK, 0) = 8
2023-05-18T13:18:58.422982018Z 13:18:58.422784 connect(8, {sa_family=AF_UNIX, sun_path="/var/run/nscd/socket"}, 110) = -1 ENOENT (No such file or directory)
2023-05-18T13:18:58.424615050Z 13:18:58.424325 socket(AF_INET, SOCK_DGRAM|SOCK_CLOEXEC|SOCK_NONBLOCK, IPPROTO_IP) = 8
2023-05-18T13:18:58.424635654Z 13:18:58.424403 connect(8, {sa_family=AF_INET, sin_port=htons(53), sin_addr=inet_addr("169.254.169.254")}, 16) = 0
2023-05-18T13:18:58.424917257Z 13:18:58.424535 sendto(8, "@\265\1\0\0\1\0\0\0\0\0\0\rflux-sample-0\fflux-"..., 76, MSG_NOSIGNAL, NULL, 0) = 76
2023-05-18T13:18:58.428876434Z 13:18:58.428532 recvfrom(8, "@\265\201\203\0\1\0\0\0\1\0\0\rflux-sample-0\fflux-"..., 1024, 0, {sa_family=AF_INET, sin_port=htons(53), sin_addr=inet_addr("169.254.169.254")}, [28->16]) = 172
2023-05-18T13:18:58.429103212Z 13:18:58.428814 socket(AF_INET, SOCK_DGRAM|SOCK_CLOEXEC|SOCK_NONBLOCK, IPPROTO_IP) = 8
2023-05-18T13:18:58.429117868Z 13:18:58.428883 connect(8, {sa_family=AF_INET, sin_port=htons(53), sin_addr=inet_addr("169.254.169.254")}, 16) = 0
2023-05-18T13:18:58.429258763Z 13:18:58.428982 sendto(8, "\324F\1\0\0\1\0\0\0\0\0\0\rflux-sample-0\fflux-"..., 108, MSG_NOSIGNAL, NULL, 0) = 108
2023-05-18T13:18:58.433322982Z 13:18:58.433048 recvfrom(8, "\324F\201\203\0\1\0\0\0\1\0\0\rflux-sample-0\fflux-"..., 1024, 0, {sa_family=AF_INET, sin_port=htons(53), sin_addr=inet_addr("169.254.169.254")}, [28->16]) = 204
2023-05-18T13:18:58.433549027Z 13:18:58.433245 socket(AF_INET, SOCK_DGRAM|SOCK_CLOEXEC|SOCK_NONBLOCK, IPPROTO_IP) = 8
2023-05-18T13:18:58.433564163Z 13:18:58.433312 connect(8, {sa_family=AF_INET, sin_port=htons(53), sin_addr=inet_addr("169.254.169.254")}, 16) = 0
2023-05-18T13:18:58.433840135Z 13:18:58.433408 sendto(8, "Z\335\1\0\0\1\0\0\0\0\0\0\rflux-sample-0\fflux-"..., 94, MSG_NOSIGNAL, NULL, 0) = 94
2023-05-18T13:18:58.436522557Z 13:18:58.436287 recvfrom(8, "Z\335\201\203\0\1\0\0\0\1\0\0\rflux-sample-0\fflux-"..., 1024, 0, {sa_family=AF_INET, sin_port=htons(53), sin_addr=inet_addr("169.254.169.254")}, [28->16]) = 190
2023-05-18T13:18:58.436766330Z 13:18:58.436511 socket(AF_INET, SOCK_DGRAM|SOCK_CLOEXEC|SOCK_NONBLOCK, IPPROTO_IP) = 8
2023-05-18T13:18:58.436785242Z 13:18:58.436591 connect(8, {sa_family=AF_INET, sin_port=htons(53), sin_addr=inet_addr("169.254.169.254")}, 16) = 0
2023-05-18T13:18:58.436956940Z 13:18:58.436730 sendto(8, "n:\1\0\0\1\0\0\0\0\0\0\rflux-sample-0\fflux-"..., 90, MSG_NOSIGNAL, NULL, 0) = 90
2023-05-18T13:18:58.440294595Z 13:18:58.440060 recvfrom(8, "n:\201\203\0\1\0\0\0\1\0\0\rflux-sample-0\fflux-"..., 1024, 0, {sa_family=AF_INET, sin_port=htons(53), sin_addr=inet_addr("169.254.169.254")}, [28->16]) = 186
2023-05-18T13:18:58.440734776Z 13:18:58.440258 socket(AF_INET, SOCK_DGRAM|SOCK_CLOEXEC|SOCK_NONBLOCK, IPPROTO_IP) = 8
2023-05-18T13:18:58.440752174Z 13:18:58.440332 connect(8, {sa_family=AF_INET, sin_port=htons(53), sin_addr=inet_addr("169.254.169.254")}, 16) = 0
2023-05-18T13:18:58.440762975Z 13:18:58.440443 sendto(8, "\345\355\1\0\0\1\0\0\0\0\0\0\rflux-sample-0\fflux-"..., 111, MSG_NOSIGNAL, NULL, 0) = 111
2023-05-18T13:18:58.446511322Z 13:18:58.446019 recvfrom(8, "\345\355\201\203\0\1\0\0\0\1\0\0\rflux-sample-0\fflux-"..., 1024, 0, {sa_family=AF_INET, sin_port=htons(53), sin_addr=inet_addr("169.254.169.254")}, [28->16]) = 205
2023-05-18T13:18:58.446868764Z 13:18:58.446557 socket(AF_INET, SOCK_DGRAM|SOCK_CLOEXEC|SOCK_NONBLOCK, IPPROTO_IP) = 8
2023-05-18T13:18:58.446886432Z 13:18:58.446745 connect(8, {sa_family=AF_INET, sin_port=htons(53), sin_addr=inet_addr("169.254.169.254")}, 16) = 0
2023-05-18T13:18:58.448756746Z 13:18:58.446878 sendto(8, "\32\354\1\0\0\1\0\0\0\0\0\0\rflux-sample-0\fflux-"..., 97, MSG_NOSIGNAL, NULL, 0) = 97
2023-05-18T13:18:58.455442238Z 13:18:58.454919 recvfrom(8, "\32\354\201\203\0\1\0\0\0\1\0\0\rflux-sample-0\fflux-"..., 1024, 0, {sa_family=AF_INET, sin_port=htons(53), sin_addr=inet_addr("169.254.169.254")}, [28->16]) = 186
2023-05-18T13:18:58.455471865Z 13:18:58.455278 socket(AF_INET, SOCK_DGRAM|SOCK_CLOEXEC|SOCK_NONBLOCK, IPPROTO_IP) = 8
2023-05-18T13:18:58.455682368Z 13:18:58.455392 connect(8, {sa_family=AF_INET, sin_port=htons(53), sin_addr=inet_addr("169.254.169.254")}, 16) = 0
2023-05-18T13:18:58.455920220Z 13:18:58.455572 sendto(8, "\263\370\1\0\0\1\0\0\0\0\0\0\rflux-sample-0\fflux-"..., 92, MSG_NOSIGNAL, NULL, 0) = 92
2023-05-18T13:18:58.461515216Z 13:18:58.461027 recvfrom(8, "\263\370\201\203\0\1\0\0\0\1\0\0\rflux-sample-0\fflux-"..., 1024, 0, {sa_family=AF_INET, sin_port=htons(53), sin_addr=inet_addr("169.254.169.254")}, [28->16]) = 181
2023-05-18T13:18:58.461785791Z broker.err[3]: Warning: unable to resolve upstream peer flux-sample-0.flux-service.flux-operator.svc.cluster.local: Name or service not known
2023-05-18T13:18:58.469787761Z broker.info[3]: start: none->join 2.74605ms
2023-05-18T13:18:59.053744323Z broker.info[3]: parent-ready: join->init 0.583448s
2023-05-18T13:18:59.054144168Z 13:18:59.053777 socketpair(AF_UNIX, SOCK_STREAM|SOCK_CLOEXEC, 0, [22, 23]) = 0
2023-05-18T13:18:59.054354619Z 13:18:59.054125 socketpair(AF_UNIX, SOCK_STREAM, 0, [24, 25]) = 0
2023-05-18T13:18:59.055106608Z 13:18:59.054858 socketpair(AF_UNIX, SOCK_STREAM, 0, [26, 27]) = 0
2023-05-18T13:18:59.055221210Z 13:18:59.055084 socketpair(AF_UNIX, SOCK_STREAM, 0, [28, 29]) = 0
2023-05-18T13:18:59.080872460Z broker.info[3]: configuration updated
2023-05-18T13:18:59.209463581Z broker.info[3]: rc1.0: running /etc/flux/rc1.d/01-sched-fluxion
2023-05-18T13:18:59.221987143Z broker.info[3]: rc1.0: running /etc/flux/rc1.d/02-cron
2023-05-18T13:18:59.258566665Z broker.info[3]: rc1.0: /etc/flux/rc1 Exited (rc=0) 0.2s
2023-05-18T13:18:59.259266734Z broker.info[3]: rc1-success: init->quorum 0.205309s
2023-05-18T13:18:59.421895495Z broker.info[3]: quorum-full: quorum->run 0.162279s
2023-05-18T13:19:00.036867049Z 13:19:00.032350 socketpair(AF_UNIX, SOCK_STREAM|SOCK_CLOEXEC, 0, [22, 23]) = 0
2023-05-18T13:19:00.036954716Z 13:19:00.032501 socketpair(AF_UNIX, SOCK_STREAM, 0, [24, 25]) = 0
2023-05-18T13:19:00.036963631Z 13:19:00.032700 socketpair(AF_UNIX, SOCK_STREAM, 0, [26, 28]) = 0
2023-05-18T13:19:00.036969492Z 13:19:00.032878 socketpair(AF_UNIX, SOCK_STREAM, 0, [58, 59]) = 0
2023-05-18T13:19:11.072441944Z broker.info[3]: shutdown: run->cleanup 11.6503s
2023-05-18T13:19:11.074479934Z broker.info[3]: cleanup-none: cleanup->shutdown 1.1153ms
2023-05-18T13:19:11.076039914Z broker.info[3]: children-none: shutdown->finalize 1.00244ms
2023-05-18T13:19:11.076833339Z 13:19:11.076450 socketpair(AF_UNIX, SOCK_STREAM|SOCK_CLOEXEC, 0, [22, 23]) = 0
2023-05-18T13:19:11.077223243Z 13:19:11.076740 socketpair(AF_UNIX, SOCK_STREAM, 0, [24, 25]) = 0
2023-05-18T13:19:11.077780463Z 13:19:11.077548 socketpair(AF_UNIX, SOCK_STREAM, 0, [26, 28]) = 0
2023-05-18T13:19:11.078134786Z 13:19:11.077986 socketpair(AF_UNIX, SOCK_STREAM, 0, [58, 59]) = 0
2023-05-18T13:19:11.099388762Z broker.info[3]: rc3.0: running /etc/flux/rc3.d/01-sched-fluxion
2023-05-18T13:19:11.232275389Z broker.info[3]: rc3.0: /etc/flux/rc3 Exited (rc=0) 0.2s
2023-05-18T13:19:11.233848739Z broker.info[3]: rc3-success: finalize->goodbye 0.157115s
2023-05-18T13:19:11.235715455Z broker.info[3]: goodbye: goodbye->exit 0.998762ms
2023-05-18T13:19:11.250233041Z 13:19:11.249989 +++ exited with 0 +++
2023-05-18T13:19:11.251949800Z Return value for follower worker is 0
2023-05-18T13:19:11.252038809Z The follower worker exited cleanly. Goodbye!
