2023-05-18T08:13:30.483273949Z
2023-05-18T08:13:30.483330216Z Flux username: flux
2023-05-18T08:13:30.483337593Z
2023-05-18T08:13:30.483343035Z Flux install root: /usr
2023-05-18T08:13:30.534138396Z flux user is already added.
2023-05-18T08:13:30.537890744Z flux user identifiers:
2023-05-18T08:13:30.537919871Z uid=1234(flux) gid=1234(flux) groups=1234(flux)
2023-05-18T08:13:30.537934839Z
2023-05-18T08:13:30.537940804Z As Flux prefix for flux commands: sudo -u flux -E PYTHONPATH=/opt/conda/lib/python3.10/site-packages -E PATH=/opt/conda/bin:/usr/local/sbin:/usr/local/bin:/usr/sbin:/usr/bin:/sbin:/bin -E LD_LIBRARY_PATH=/opt/conda/lib -E HOME=/home/flux
2023-05-18T08:13:30.545602180Z
2023-05-18T08:13:30.545629887Z ðŸ‘‹ Hello, I'm flux-sample-2
2023-05-18T08:13:30.545638640Z The main host is flux-sample-0
2023-05-18T08:13:30.545781490Z The working directory is /home/flux/examples/reaxff/HNS, contents include:
2023-05-18T08:13:30.547682589Z /home/flux/examples/reaxff/HNS:
2023-05-18T08:13:30.547796619Z README.txt	ffield.reax.hns  log.8Mar18.reaxc.hns.g++.1
2023-05-18T08:13:30.547808440Z data.hns-equil	in.reaxc.hns	 log.8Mar18.reaxc.hns.g++.4
2023-05-18T08:13:30.548102753Z End of file listing, if you see nothing above there are no files.
2023-05-18T08:13:30.549961469Z flux R encode --hosts=flux-sample-[0-3]
2023-05-18T08:13:30.564382318Z
2023-05-18T08:13:30.564416437Z ðŸ“¦ Resources
2023-05-18T08:13:30.566514047Z {"version": 1, "execution": {"R_lite": [{"rank": "0-3", "children": {"core": "0"}}], "starttime": 0.0, "expiration": 0.0, "nodelist": ["flux-sample-[0-3]"]}}
2023-05-18T08:13:30.566847038Z
2023-05-18T08:13:30.566866383Z ðŸ¸ Diagnostics: false
2023-05-18T08:13:30.567024043Z ðŸš©ï¸ Flux Option Flags defined
2023-05-18T08:13:30.571482813Z
2023-05-18T08:13:30.571508067Z ðŸ¦Š Independent Minister of Privilege
2023-05-18T08:13:30.572834928Z [exec]
2023-05-18T08:13:30.572853935Z allowed-users = [ "flux", "root" ]
2023-05-18T08:13:30.572860727Z allowed-shells = [ "/usr/libexec/flux/flux-shell" ]
2023-05-18T08:13:30.573033389Z
2023-05-18T08:13:30.573046655Z ðŸ¸ Broker Configuration
2023-05-18T08:13:30.574281338Z # Flux needs to know the path to the IMP executable
2023-05-18T08:13:30.574297965Z [exec]
2023-05-18T08:13:30.574310069Z imp = "/usr/libexec/flux/flux-imp"
2023-05-18T08:13:30.574316269Z
2023-05-18T08:13:30.574321308Z [access]
2023-05-18T08:13:30.574326530Z allow-guest-user = true
2023-05-18T08:13:30.574331598Z allow-root-owner = true
2023-05-18T08:13:30.574335894Z
2023-05-18T08:13:30.574340809Z # Point to resource definition generated with flux-R(1).
2023-05-18T08:13:30.574345574Z [resource]
2023-05-18T08:13:30.574353176Z path = "/etc/flux/system/R"
2023-05-18T08:13:30.574359949Z
2023-05-18T08:13:30.574365129Z [bootstrap]
2023-05-18T08:13:30.574369856Z curve_cert = "/etc/curve/curve.cert"
2023-05-18T08:13:30.574374917Z default_port = 8050
2023-05-18T08:13:30.574379731Z default_bind = "tcp://eth0:%p"
2023-05-18T08:13:30.574384925Z default_connect = "tcp://%h.flux-service.flux-operator.svc.cluster.local:%p"
2023-05-18T08:13:30.574389797Z hosts = [
2023-05-18T08:13:30.574396594Z 	{ host="flux-sample-[0-3]"},
2023-05-18T08:13:30.574402773Z ]
2023-05-18T08:13:30.574408138Z
2023-05-18T08:13:30.574413031Z [archive]
2023-05-18T08:13:30.574418401Z dbpath = "/var/lib/flux/job-archive.sqlite"
2023-05-18T08:13:30.574423371Z period = "1m"
2023-05-18T08:13:30.658487433Z busytimeout = "50s"
2023-05-18T08:13:30.658524971Z ðŸ§Šï¸ State Directory:
2023-05-18T08:13:30.658532158Z total 0
2023-05-18T08:13:30.658537299Z
2023-05-18T08:13:30.661640102Z
2023-05-18T08:13:30.661686717Z ðŸ”’ï¸ Working directory permissions:
2023-05-18T08:13:30.661693793Z total 96
2023-05-18T08:13:30.661699973Z -rwxrwxrwx 1 flux root  2517 May 17 22:32 README.txt
2023-05-18T08:13:30.661705593Z -rwxrwxrwx 1 flux root 54692 May 17 22:32 data.hns-equil
2023-05-18T08:13:30.661711097Z -rwxrwxrwx 1 flux root 13576 May 17 22:32 ffield.reax.hns
2023-05-18T08:13:30.661716207Z -rwxrwxrwx 1 flux root   870 May 17 22:32 in.reaxc.hns
2023-05-18T08:13:30.661724994Z -rwxrwxrwx 1 flux root  4172 May 17 22:32 log.8Mar18.reaxc.hns.g++.1
2023-05-18T08:13:30.661754591Z -rwxrwxrwx 1 flux root  4168 May 17 22:32 log.8Mar18.reaxc.hns.g++.4
2023-05-18T08:13:30.661762554Z
2023-05-18T08:13:30.661767305Z
2023-05-18T08:13:30.661772172Z âœ¨ Curve certificate generated by helper pod
2023-05-18T08:13:30.663185099Z #   ****  Generated on 2023-04-26 22:54:42 by CZMQ  ****
2023-05-18T08:13:30.663223288Z #   ZeroMQ CURVE **Secret** Certificate
2023-05-18T08:13:30.663230505Z #   DO NOT PROVIDE THIS FILE TO OTHER USERS nor change its permissions.
2023-05-18T08:13:30.663236078Z
2023-05-18T08:13:30.663241296Z metadata
2023-05-18T08:13:30.663247241Z     name = "flux-cert-generator"
2023-05-18T08:13:30.663255104Z     keygen.hostname = "flux-sample-0"
2023-05-18T08:13:30.663261401Z curve
2023-05-18T08:13:30.663266803Z     public-key = "fsz3ssc[le!ed8c!Kz1k3N3v$+-Apa9L.mCGcLzK"
2023-05-18T08:13:30.663271984Z     secret-key = "!!xy85eR-qR]Jc2oCyx>odP[6yuQgBWLXI^BYx:Y"
2023-05-18T08:13:30.665327565Z
2023-05-18T08:13:30.665358639Z ðŸŒ€  flux start --wrap=strace,-e,network,-tt -o --config /etc/flux/config -Scron.directory=/etc/flux/system/cron.d   -Stbon.fanout=256   -Srundir=/run/flux    -Sstatedir=/var/lib/flux   -Slocal-uri=local:///run/flux/local -Stbon.connect_timeout=7s  -Stbon.zmqdebug=1  -Slog-stderr-level=6    -Slog-stderr-mode=local
2023-05-18T08:13:30.709192907Z 08:13:30.708761 socket(AF_NETLINK, SOCK_RAW, NETLINK_ROUTE) = 8
2023-05-18T08:13:30.709845094Z 08:13:30.709515 bind(8, {sa_family=AF_NETLINK, nl_pid=0, nl_groups=00000000}, 12) = 0
2023-05-18T08:13:30.710351211Z 08:13:30.710072 getsockname(8, {sa_family=AF_NETLINK, nl_pid=70, nl_groups=00000000}, [12]) = 0
2023-05-18T08:13:30.711006487Z 08:13:30.710561 sendto(8, {{len=20, type=RTM_GETADDR, flags=NLM_F_REQUEST|NLM_F_DUMP, seq=1684397610, pid=0}, {ifa_family=AF_UNSPEC, ...}}, 20, 0, {sa_family=AF_NETLINK, nl_pid=0, nl_groups=00000000}, 12) = 20
2023-05-18T08:13:30.711708309Z 08:13:30.711233 recvmsg(8, {msg_name={sa_family=AF_NETLINK, nl_pid=0, nl_groups=00000000}, msg_namelen=12, msg_iov=[{iov_base=[{{len=76, type=RTM_NEWADDR, flags=NLM_F_MULTI, seq=1684397610, pid=70}, {ifa_family=AF_INET, ifa_prefixlen=8, ifa_flags=IFA_F_PERMANENT, ifa_scope=RT_SCOPE_HOST, ifa_index=if_nametoindex("lo")}, [{{nla_len=8, nla_type=IFA_ADDRESS}, 127.0.0.1}, {{nla_len=8, nla_type=IFA_LOCAL}, 127.0.0.1}, {{nla_len=7, nla_type=IFA_LABEL}, "lo"}, {{nla_len=8, nla_type=IFA_FLAGS}, IFA_F_PERMANENT}, {{nla_len=20, nla_type=IFA_CACHEINFO}, {ifa_prefered=4294967295, ifa_valid=4294967295, cstamp=335367, tstamp=335367}}]}, {{len=88, type=RTM_NEWADDR, flags=NLM_F_MULTI, seq=1684397610, pid=70}, {ifa_family=AF_INET, ifa_prefixlen=24, ifa_flags=IFA_F_PERMANENT, ifa_scope=RT_SCOPE_UNIVERSE, ifa_index=if_nametoindex("eth0")}, [{{nla_len=8, nla_type=IFA_ADDRESS}, 10.24.1.134}, {{nla_len=8, nla_type=IFA_LOCAL}, 10.24.1.134}, {{nla_len=8, nla_type=IFA_BROADCAST}, 10.24.1.255}, {{nla_len=9, nla_type=IFA_LABEL}, "eth0"}, {{nla_len=8, nla_type=IFA_FLAGS}, IFA_F_PERMANENT}, {{nla_len=20, nla_type=IFA_CACHEINFO}, {ifa_prefered=4294967295, ifa_valid=4294967295, cstamp=335369, tstamp=335369}}]}], iov_len=4096}], msg_iovlen=1, msg_controllen=0, msg_flags=0}, 0) = 164
2023-05-18T08:13:30.712325295Z 08:13:30.712065 recvmsg(8, {msg_name={sa_family=AF_NETLINK, nl_pid=0, nl_groups=00000000}, msg_namelen=12, msg_iov=[{iov_base={{len=20, type=NLMSG_DONE, flags=NLM_F_MULTI, seq=1684397610, pid=70}, 0}, iov_len=4096}], msg_iovlen=1, msg_controllen=0, msg_flags=0}, 0) = 20
2023-05-18T08:13:30.713112756Z 08:13:30.712806 socket(AF_UNIX, SOCK_STREAM|SOCK_CLOEXEC|SOCK_NONBLOCK, 0) = 8
2023-05-18T08:13:30.713291958Z 08:13:30.713050 connect(8, {sa_family=AF_UNIX, sun_path="/var/run/nscd/socket"}, 110) = -1 ENOENT (No such file or directory)
2023-05-18T08:13:30.713636813Z 08:13:30.713406 socket(AF_UNIX, SOCK_STREAM|SOCK_CLOEXEC|SOCK_NONBLOCK, 0) = 8
2023-05-18T08:13:30.714022496Z 08:13:30.713718 connect(8, {sa_family=AF_UNIX, sun_path="/var/run/nscd/socket"}, 110) = -1 ENOENT (No such file or directory)
2023-05-18T08:13:30.716178703Z 08:13:30.715940 socket(AF_INET, SOCK_DGRAM|SOCK_CLOEXEC|SOCK_NONBLOCK, IPPROTO_IP) = 8
2023-05-18T08:13:30.716486702Z 08:13:30.716231 connect(8, {sa_family=AF_INET, sin_port=htons(53), sin_addr=inet_addr("169.254.169.254")}, 16) = 0
2023-05-18T08:13:30.717010948Z 08:13:30.716591 sendto(8, "ii\1\0\0\1\0\0\0\0\0\0\rflux-sample-0\fflux-"..., 76, MSG_NOSIGNAL, NULL, 0) = 76
2023-05-18T08:13:30.720848367Z 08:13:30.720529 recvfrom(8, "ii\201\200\0\1\0\1\0\0\0\0\rflux-sample-0\fflux-"..., 1024, 0, {sa_family=AF_INET, sin_port=htons(53), sin_addr=inet_addr("169.254.169.254")}, [28->16]) = 92
2023-05-18T08:13:30.726417201Z broker.info[2]: start: none->join 1.96594ms
2023-05-18T08:13:30.737298765Z broker.info[2]: parent-ready: join->init 10.7314ms
2023-05-18T08:13:30.737663396Z 08:13:30.737387 socketpair(AF_UNIX, SOCK_STREAM|SOCK_CLOEXEC, 0, [22, 23]) = 0
2023-05-18T08:13:30.737983278Z 08:13:30.737727 socketpair(AF_UNIX, SOCK_STREAM, 0, [24, 25]) = 0
2023-05-18T08:13:30.738385742Z 08:13:30.738167 socketpair(AF_UNIX, SOCK_STREAM, 0, [26, 27]) = 0
2023-05-18T08:13:30.738692478Z 08:13:30.738572 socketpair(AF_UNIX, SOCK_STREAM, 0, [28, 29]) = 0
2023-05-18T08:13:30.761364047Z broker.info[2]: configuration updated
2023-05-18T08:13:30.907792163Z broker.info[2]: rc1.0: running /etc/flux/rc1.d/01-sched-fluxion
2023-05-18T08:13:30.922792474Z broker.info[2]: rc1.0: running /etc/flux/rc1.d/02-cron
2023-05-18T08:13:30.952383451Z broker.info[2]: rc1.0: /etc/flux/rc1 Exited (rc=0) 0.2s
2023-05-18T08:13:30.953093938Z broker.info[2]: rc1-success: init->quorum 0.215714s
2023-05-18T08:13:36.934588038Z broker.info[2]: quorum-full: quorum->run 5.98132s
2023-05-18T08:13:47.602681435Z broker.info[2]: shutdown: run->cleanup 10.6676s
2023-05-18T08:13:47.603947176Z broker.info[2]: cleanup-none: cleanup->shutdown 0.974792ms
2023-05-18T08:13:47.604955595Z broker.info[2]: children-none: shutdown->finalize 0.804331ms
2023-05-18T08:13:47.605571339Z 08:13:47.605289 socketpair(AF_UNIX, SOCK_STREAM|SOCK_CLOEXEC, 0, [22, 23]) = 0
2023-05-18T08:13:47.605844362Z 08:13:47.605573 socketpair(AF_UNIX, SOCK_STREAM, 0, [24, 25]) = 0
2023-05-18T08:13:47.606037874Z 08:13:47.605889 socketpair(AF_UNIX, SOCK_STREAM, 0, [26, 28]) = 0
2023-05-18T08:13:47.606340637Z 08:13:47.606082 socketpair(AF_UNIX, SOCK_STREAM, 0, [58, 59]) = 0
2023-05-18T08:13:47.626626428Z broker.info[2]: rc3.0: running /etc/flux/rc3.d/01-sched-fluxion
2023-05-18T08:13:47.764805561Z broker.info[2]: rc3.0: /etc/flux/rc3 Exited (rc=0) 0.2s
2023-05-18T08:13:47.765177788Z broker.info[2]: rc3-success: finalize->goodbye 0.159708s
2023-05-18T08:13:47.766465361Z broker.info[2]: goodbye: goodbye->exit 1.18812ms
2023-05-18T08:13:47.773453146Z 08:13:47.773205 +++ exited with 0 +++
2023-05-18T08:13:47.774973364Z Return value for follower worker is 0
2023-05-18T08:13:47.775000303Z The follower worker exited cleanly. Goodbye!
