2023-05-18T07:52:20.188041394Z
2023-05-18T07:52:20.188937782Z Flux username: flux
2023-05-18T07:52:20.188964555Z
2023-05-18T07:52:20.188973316Z Flux install root: /usr
2023-05-18T07:52:20.234913228Z flux user is already added.
2023-05-18T07:52:20.237868794Z flux user identifiers:
2023-05-18T07:52:20.237900503Z uid=1234(flux) gid=1234(flux) groups=1234(flux)
2023-05-18T07:52:20.237908152Z
2023-05-18T07:52:20.237914540Z As Flux prefix for flux commands: sudo -u flux -E PYTHONPATH=/opt/conda/lib/python3.10/site-packages -E PATH=/opt/conda/bin:/usr/local/sbin:/usr/local/bin:/usr/sbin:/usr/bin:/sbin:/bin -E LD_LIBRARY_PATH=/opt/conda/lib -E HOME=/home/flux
2023-05-18T07:52:20.245227735Z
2023-05-18T07:52:20.245262468Z 👋 Hello, I'm flux-sample-1
2023-05-18T07:52:20.245460571Z The main host is flux-sample-0
2023-05-18T07:52:20.245693989Z The working directory is /home/flux/examples/reaxff/HNS, contents include:
2023-05-18T07:52:20.247526530Z /home/flux/examples/reaxff/HNS:
2023-05-18T07:52:20.247666971Z README.txt	ffield.reax.hns  log.8Mar18.reaxc.hns.g++.1
2023-05-18T07:52:20.247681132Z data.hns-equil	in.reaxc.hns	 log.8Mar18.reaxc.hns.g++.4
2023-05-18T07:52:20.248115139Z End of file listing, if you see nothing above there are no files.
2023-05-18T07:52:20.250503204Z flux R encode --hosts=flux-sample-[0-3]
2023-05-18T07:52:20.265187436Z
2023-05-18T07:52:20.265226760Z 📦 Resources
2023-05-18T07:52:20.267357074Z {"version": 1, "execution": {"R_lite": [{"rank": "0-3", "children": {"core": "0"}}], "starttime": 0.0, "expiration": 0.0, "nodelist": ["flux-sample-[0-3]"]}}
2023-05-18T07:52:20.267634384Z
2023-05-18T07:52:20.267662181Z 🐸 Diagnostics: false
2023-05-18T07:52:20.267909770Z 🚩️ Flux Option Flags defined
2023-05-18T07:52:20.272439890Z
2023-05-18T07:52:20.272469910Z 🦊 Independent Minister of Privilege
2023-05-18T07:52:20.274101653Z [exec]
2023-05-18T07:52:20.274128946Z allowed-users = [ "flux", "root" ]
2023-05-18T07:52:20.274136338Z allowed-shells = [ "/usr/libexec/flux/flux-shell" ]
2023-05-18T07:52:20.274430077Z
2023-05-18T07:52:20.274452559Z 🐸 Broker Configuration
2023-05-18T07:52:20.275783758Z # Flux needs to know the path to the IMP executable
2023-05-18T07:52:20.275806000Z [exec]
2023-05-18T07:52:20.275815168Z imp = "/usr/libexec/flux/flux-imp"
2023-05-18T07:52:20.275821237Z
2023-05-18T07:52:20.275827010Z [access]
2023-05-18T07:52:20.275833546Z allow-guest-user = true
2023-05-18T07:52:20.275838900Z allow-root-owner = true
2023-05-18T07:52:20.275843524Z
2023-05-18T07:52:20.275848968Z # Point to resource definition generated with flux-R(1).
2023-05-18T07:52:20.275854702Z [resource]
2023-05-18T07:52:20.275863302Z path = "/etc/flux/system/R"
2023-05-18T07:52:20.275870018Z
2023-05-18T07:52:20.275875861Z [bootstrap]
2023-05-18T07:52:20.275881449Z curve_cert = "/etc/curve/curve.cert"
2023-05-18T07:52:20.275886801Z default_port = 8050
2023-05-18T07:52:20.275891753Z default_bind = "tcp://eth0:%p"
2023-05-18T07:52:20.275897448Z default_connect = "tcp://%h.flux-service.flux-operator.svc.cluster.local:%p"
2023-05-18T07:52:20.275902694Z hosts = [
2023-05-18T07:52:20.275910809Z 	{ host="flux-sample-[0-3]"},
2023-05-18T07:52:20.275917540Z ]
2023-05-18T07:52:20.275922826Z
2023-05-18T07:52:20.275928442Z [archive]
2023-05-18T07:52:20.275933482Z dbpath = "/var/lib/flux/job-archive.sqlite"
2023-05-18T07:52:20.275938834Z period = "1m"
2023-05-18T07:52:20.355717143Z busytimeout = "50s"
2023-05-18T07:52:20.355758945Z 🧊️ State Directory:
2023-05-18T07:52:20.355768751Z total 0
2023-05-18T07:52:20.355778032Z
2023-05-18T07:52:20.360305209Z
2023-05-18T07:52:20.360343673Z 🔒️ Working directory permissions:
2023-05-18T07:52:20.360352239Z total 96
2023-05-18T07:52:20.360358618Z -rwxrwxrwx 1 flux root  2517 May 17 22:32 README.txt
2023-05-18T07:52:20.360367343Z -rwxrwxrwx 1 flux root 54692 May 17 22:32 data.hns-equil
2023-05-18T07:52:20.360373502Z -rwxrwxrwx 1 flux root 13576 May 17 22:32 ffield.reax.hns
2023-05-18T07:52:20.360388994Z -rwxrwxrwx 1 flux root   870 May 17 22:32 in.reaxc.hns
2023-05-18T07:52:20.360474807Z -rwxrwxrwx 1 flux root  4172 May 17 22:32 log.8Mar18.reaxc.hns.g++.1
2023-05-18T07:52:20.360496430Z -rwxrwxrwx 1 flux root  4168 May 17 22:32 log.8Mar18.reaxc.hns.g++.4
2023-05-18T07:52:20.360503411Z
2023-05-18T07:52:20.360508583Z
2023-05-18T07:52:20.361086055Z ✨ Curve certificate generated by helper pod
2023-05-18T07:52:20.362480438Z #   ****  Generated on 2023-04-26 22:54:42 by CZMQ  ****
2023-05-18T07:52:20.362501775Z #   ZeroMQ CURVE **Secret** Certificate
2023-05-18T07:52:20.362509110Z #   DO NOT PROVIDE THIS FILE TO OTHER USERS nor change its permissions.
2023-05-18T07:52:20.362514819Z
2023-05-18T07:52:20.362520461Z metadata
2023-05-18T07:52:20.362526380Z     name = "flux-cert-generator"
2023-05-18T07:52:20.362534126Z     keygen.hostname = "flux-sample-0"
2023-05-18T07:52:20.362540991Z curve
2023-05-18T07:52:20.362547035Z     public-key = ".C)jD+!/:JV@KalxB)G1Be(=6V}-BbZPK&moeN5W"
2023-05-18T07:52:20.362552670Z     secret-key = "(aLs4p?utXv(K6#.QKYk7XYozEb$lknj^aN+9k<p"
2023-05-18T07:52:20.364597258Z
2023-05-18T07:52:20.364625024Z 🌀  flux start --wrap=strace,-e,network,-tt -o --config /etc/flux/config -Scron.directory=/etc/flux/system/cron.d   -Stbon.fanout=256   -Srundir=/run/flux    -Sstatedir=/var/lib/flux   -Slocal-uri=local:///run/flux/local -Stbon.connect_timeout=4s  -Stbon.zmqdebug=1  -Slog-stderr-level=6    -Slog-stderr-mode=local
2023-05-18T07:52:20.409492677Z 07:52:20.409039 socket(AF_NETLINK, SOCK_RAW, NETLINK_ROUTE) = 8
2023-05-18T07:52:20.409842582Z 07:52:20.409579 bind(8, {sa_family=AF_NETLINK, nl_pid=0, nl_groups=00000000}, 12) = 0
2023-05-18T07:52:20.410183610Z 07:52:20.409905 getsockname(8, {sa_family=AF_NETLINK, nl_pid=70, nl_groups=00000000}, [12]) = 0
2023-05-18T07:52:20.410704766Z 07:52:20.410256 sendto(8, {{len=20, type=RTM_GETADDR, flags=NLM_F_REQUEST|NLM_F_DUMP, seq=1684396340, pid=0}, {ifa_family=AF_UNSPEC, ...}}, 20, 0, {sa_family=AF_NETLINK, nl_pid=0, nl_groups=00000000}, 12) = 20
2023-05-18T07:52:20.411445279Z 07:52:20.410771 recvmsg(8, {msg_name={sa_family=AF_NETLINK, nl_pid=0, nl_groups=00000000}, msg_namelen=12, msg_iov=[{iov_base=[{{len=76, type=RTM_NEWADDR, flags=NLM_F_MULTI, seq=1684396340, pid=70}, {ifa_family=AF_INET, ifa_prefixlen=8, ifa_flags=IFA_F_PERMANENT, ifa_scope=RT_SCOPE_HOST, ifa_index=if_nametoindex("lo")}, [{{nla_len=8, nla_type=IFA_ADDRESS}, 127.0.0.1}, {{nla_len=8, nla_type=IFA_LOCAL}, 127.0.0.1}, {{nla_len=7, nla_type=IFA_LABEL}, "lo"}, {{nla_len=8, nla_type=IFA_FLAGS}, IFA_F_PERMANENT}, {{nla_len=20, nla_type=IFA_CACHEINFO}, {ifa_prefered=4294967295, ifa_valid=4294967295, cstamp=208273, tstamp=208273}}]}, {{len=88, type=RTM_NEWADDR, flags=NLM_F_MULTI, seq=1684396340, pid=70}, {ifa_family=AF_INET, ifa_prefixlen=24, ifa_flags=IFA_F_PERMANENT, ifa_scope=RT_SCOPE_UNIVERSE, ifa_index=if_nametoindex("eth0")}, [{{nla_len=8, nla_type=IFA_ADDRESS}, 10.24.3.78}, {{nla_len=8, nla_type=IFA_LOCAL}, 10.24.3.78}, {{nla_len=8, nla_type=IFA_BROADCAST}, 10.24.3.255}, {{nla_len=9, nla_type=IFA_LABEL}, "eth0"}, {{nla_len=8, nla_type=IFA_FLAGS}, IFA_F_PERMANENT}, {{nla_len=20, nla_type=IFA_CACHEINFO}, {ifa_prefered=4294967295, ifa_valid=4294967295, cstamp=208277, tstamp=208277}}]}], iov_len=4096}], msg_iovlen=1, msg_controllen=0, msg_flags=0}, 0) = 164
2023-05-18T07:52:20.411840001Z 07:52:20.411535 recvmsg(8, {msg_name={sa_family=AF_NETLINK, nl_pid=0, nl_groups=00000000}, msg_namelen=12, msg_iov=[{iov_base={{len=20, type=NLMSG_DONE, flags=NLM_F_MULTI, seq=1684396340, pid=70}, 0}, iov_len=4096}], msg_iovlen=1, msg_controllen=0, msg_flags=0}, 0) = 20
2023-05-18T07:52:20.412681189Z 07:52:20.412444 socket(AF_UNIX, SOCK_STREAM|SOCK_CLOEXEC|SOCK_NONBLOCK, 0) = 8
2023-05-18T07:52:20.413029816Z 07:52:20.412762 connect(8, {sa_family=AF_UNIX, sun_path="/var/run/nscd/socket"}, 110) = -1 ENOENT (No such file or directory)
2023-05-18T07:52:20.413418215Z 07:52:20.413182 socket(AF_UNIX, SOCK_STREAM|SOCK_CLOEXEC|SOCK_NONBLOCK, 0) = 8
2023-05-18T07:52:20.413749395Z 07:52:20.413495 connect(8, {sa_family=AF_UNIX, sun_path="/var/run/nscd/socket"}, 110) = -1 ENOENT (No such file or directory)
2023-05-18T07:52:20.415180587Z 07:52:20.414941 socket(AF_INET, SOCK_DGRAM|SOCK_CLOEXEC|SOCK_NONBLOCK, IPPROTO_IP) = 8
2023-05-18T07:52:20.415517614Z 07:52:20.415275 connect(8, {sa_family=AF_INET, sin_port=htons(53), sin_addr=inet_addr("169.254.169.254")}, 16) = 0
2023-05-18T07:52:20.416020869Z 07:52:20.415652 sendto(8, ":Y\1\0\0\1\0\0\0\0\0\0\rflux-sample-0\fflux-"..., 76, MSG_NOSIGNAL, NULL, 0) = 76
2023-05-18T07:52:20.420103232Z 07:52:20.419688 recvfrom(8, ":Y\201\200\0\1\0\1\0\0\0\0\rflux-sample-0\fflux-"..., 1024, 0, {sa_family=AF_INET, sin_port=htons(53), sin_addr=inet_addr("169.254.169.254")}, [28->16]) = 92
2023-05-18T07:52:20.426280094Z broker.info[1]: start: none->join 2.28205ms
2023-05-18T07:52:24.571095625Z broker.info[1]: parent-ready: join->init 4.14418s
2023-05-18T07:52:24.571569417Z 07:52:24.571163 socketpair(AF_UNIX, SOCK_STREAM|SOCK_CLOEXEC, 0, [22, 23]) = 0
2023-05-18T07:52:24.572005597Z 07:52:24.571669 socketpair(AF_UNIX, SOCK_STREAM, 0, [24, 25]) = 0
2023-05-18T07:52:24.572472743Z 07:52:24.572211 socketpair(AF_UNIX, SOCK_STREAM, 0, [26, 27]) = 0
2023-05-18T07:52:24.572839802Z 07:52:24.572562 socketpair(AF_UNIX, SOCK_STREAM, 0, [28, 29]) = 0
2023-05-18T07:52:24.598578649Z broker.info[1]: configuration updated
2023-05-18T07:52:24.721490943Z broker.info[1]: rc1.0: running /etc/flux/rc1.d/01-sched-fluxion
2023-05-18T07:52:24.733447991Z broker.info[1]: rc1.0: running /etc/flux/rc1.d/02-cron
2023-05-18T07:52:24.757242417Z broker.info[1]: rc1.0: /etc/flux/rc1 Exited (rc=0) 0.2s
2023-05-18T07:52:24.758417052Z broker.info[1]: rc1-success: init->quorum 0.187094s
2023-05-18T07:52:25.065994704Z broker.info[1]: quorum-full: quorum->run 0.306943s
2023-05-18T07:52:35.563271126Z broker.info[1]: shutdown: run->cleanup 10.4967s
2023-05-18T07:52:35.565269630Z broker.info[1]: cleanup-none: cleanup->shutdown 1.21214ms
2023-05-18T07:52:35.566731478Z broker.info[1]: children-none: shutdown->finalize 1.05017ms
2023-05-18T07:52:35.567432320Z 07:52:35.567031 socketpair(AF_UNIX, SOCK_STREAM|SOCK_CLOEXEC, 0, [22, 23]) = 0
2023-05-18T07:52:35.567790898Z 07:52:35.567505 socketpair(AF_UNIX, SOCK_STREAM, 0, [24, 25]) = 0
2023-05-18T07:52:35.568333088Z 07:52:35.568023 socketpair(AF_UNIX, SOCK_STREAM, 0, [26, 28]) = 0
2023-05-18T07:52:35.568804096Z 07:52:35.568515 socketpair(AF_UNIX, SOCK_STREAM, 0, [58, 59]) = 0
2023-05-18T07:52:35.586835606Z broker.info[1]: rc3.0: running /etc/flux/rc3.d/01-sched-fluxion
2023-05-18T07:52:35.733010620Z broker.info[1]: rc3.0: /etc/flux/rc3 Exited (rc=0) 0.2s
2023-05-18T07:52:35.733772516Z broker.info[1]: rc3-success: finalize->goodbye 0.166559s
2023-05-18T07:52:35.735240980Z broker.info[1]: goodbye: goodbye->exit 0.74238ms
2023-05-18T07:52:35.741646049Z 07:52:35.741480 +++ exited with 0 +++
2023-05-18T07:52:35.743173067Z Return value for follower worker is 0
2023-05-18T07:52:35.743311197Z The follower worker exited cleanly. Goodbye!
