2023-05-18T07:43:20.574507036Z
2023-05-18T07:43:20.574581603Z Flux username: flux
2023-05-18T07:43:20.574591276Z
2023-05-18T07:43:20.574597501Z Flux install root: /usr
2023-05-18T07:43:20.618765509Z flux user is already added.
2023-05-18T07:43:20.621650050Z flux user identifiers:
2023-05-18T07:43:20.621677918Z uid=1234(flux) gid=1234(flux) groups=1234(flux)
2023-05-18T07:43:20.621823714Z
2023-05-18T07:43:20.621835961Z As Flux prefix for flux commands: sudo -u flux -E PYTHONPATH=/opt/conda/lib/python3.10/site-packages -E PATH=/opt/conda/bin:/usr/local/sbin:/usr/local/bin:/usr/sbin:/usr/bin:/sbin:/bin -E LD_LIBRARY_PATH=/opt/conda/lib -E HOME=/home/flux
2023-05-18T07:43:20.630456689Z
2023-05-18T07:43:20.630487125Z ðŸ‘‹ Hello, I'm flux-sample-1
2023-05-18T07:43:20.630604821Z The main host is flux-sample-0
2023-05-18T07:43:20.630615002Z The working directory is /home/flux/examples/reaxff/HNS, contents include:
2023-05-18T07:43:20.632284626Z /home/flux/examples/reaxff/HNS:
2023-05-18T07:43:20.632304481Z README.txt	ffield.reax.hns  log.8Mar18.reaxc.hns.g++.1
2023-05-18T07:43:20.632310611Z data.hns-equil	in.reaxc.hns	 log.8Mar18.reaxc.hns.g++.4
2023-05-18T07:43:20.632617157Z End of file listing, if you see nothing above there are no files.
2023-05-18T07:43:20.635135877Z flux R encode --hosts=flux-sample-[0-3]
2023-05-18T07:43:20.652187422Z
2023-05-18T07:43:20.652214481Z ðŸ“¦ Resources
2023-05-18T07:43:20.653746639Z {"version": 1, "execution": {"R_lite": [{"rank": "0-3", "children": {"core": "0"}}], "starttime": 0.0, "expiration": 0.0, "nodelist": ["flux-sample-[0-3]"]}}
2023-05-18T07:43:20.654135883Z
2023-05-18T07:43:20.654152955Z ðŸ¸ Diagnostics: false
2023-05-18T07:43:20.654277484Z ðŸš©ï¸ Flux Option Flags defined
2023-05-18T07:43:20.658452019Z
2023-05-18T07:43:20.658470028Z ðŸ¦Š Independent Minister of Privilege
2023-05-18T07:43:20.659661040Z [exec]
2023-05-18T07:43:20.659677032Z allowed-users = [ "flux", "root" ]
2023-05-18T07:43:20.659683777Z allowed-shells = [ "/usr/libexec/flux/flux-shell" ]
2023-05-18T07:43:20.659878588Z
2023-05-18T07:43:20.659891709Z ðŸ¸ Broker Configuration
2023-05-18T07:43:20.661216923Z # Flux needs to know the path to the IMP executable
2023-05-18T07:43:20.661232993Z [exec]
2023-05-18T07:43:20.661238760Z imp = "/usr/libexec/flux/flux-imp"
2023-05-18T07:43:20.661243533Z
2023-05-18T07:43:20.661248396Z [access]
2023-05-18T07:43:20.661254478Z allow-guest-user = true
2023-05-18T07:43:20.661259197Z allow-root-owner = true
2023-05-18T07:43:20.661265755Z
2023-05-18T07:43:20.661271593Z # Point to resource definition generated with flux-R(1).
2023-05-18T07:43:20.661276417Z [resource]
2023-05-18T07:43:20.661281853Z path = "/etc/flux/system/R"
2023-05-18T07:43:20.661286497Z
2023-05-18T07:43:20.661291413Z [bootstrap]
2023-05-18T07:43:20.661296476Z curve_cert = "/etc/curve/curve.cert"
2023-05-18T07:43:20.661301697Z default_port = 8050
2023-05-18T07:43:20.661308758Z default_bind = "tcp://eth0:%p"
2023-05-18T07:43:20.661314769Z default_connect = "tcp://%h.flux-service.flux-operator.svc.cluster.local:%p"
2023-05-18T07:43:20.661319573Z hosts = [
2023-05-18T07:43:20.661324166Z 	{ host="flux-sample-[0-3]"},
2023-05-18T07:43:20.661328827Z ]
2023-05-18T07:43:20.661449265Z
2023-05-18T07:43:20.661467353Z [archive]
2023-05-18T07:43:20.661473531Z dbpath = "/var/lib/flux/job-archive.sqlite"
2023-05-18T07:43:20.661478563Z period = "1m"
2023-05-18T07:43:20.739042316Z busytimeout = "50s"
2023-05-18T07:43:20.739088056Z ðŸ§Šï¸ State Directory:
2023-05-18T07:43:20.739095065Z total 0
2023-05-18T07:43:20.739102341Z
2023-05-18T07:43:20.741819738Z
2023-05-18T07:43:20.741850828Z ðŸ”’ï¸ Working directory permissions:
2023-05-18T07:43:20.741857507Z total 96
2023-05-18T07:43:20.741865582Z -rwxrwxrwx 1 flux root  2517 May 17 22:32 README.txt
2023-05-18T07:43:20.741871571Z -rwxrwxrwx 1 flux root 54692 May 17 22:32 data.hns-equil
2023-05-18T07:43:20.741876636Z -rwxrwxrwx 1 flux root 13576 May 17 22:32 ffield.reax.hns
2023-05-18T07:43:20.741881756Z -rwxrwxrwx 1 flux root   870 May 17 22:32 in.reaxc.hns
2023-05-18T07:43:20.741886760Z -rwxrwxrwx 1 flux root  4172 May 17 22:32 log.8Mar18.reaxc.hns.g++.1
2023-05-18T07:43:20.741891464Z -rwxrwxrwx 1 flux root  4168 May 17 22:32 log.8Mar18.reaxc.hns.g++.4
2023-05-18T07:43:20.741896441Z
2023-05-18T07:43:20.742028711Z
2023-05-18T07:43:20.742040497Z âœ¨ Curve certificate generated by helper pod
2023-05-18T07:43:20.743540355Z #   ****  Generated on 2023-04-26 22:54:42 by CZMQ  ****
2023-05-18T07:43:20.743557065Z #   ZeroMQ CURVE **Secret** Certificate
2023-05-18T07:43:20.743563489Z #   DO NOT PROVIDE THIS FILE TO OTHER USERS nor change its permissions.
2023-05-18T07:43:20.743568786Z
2023-05-18T07:43:20.743573815Z metadata
2023-05-18T07:43:20.743579392Z     name = "flux-cert-generator"
2023-05-18T07:43:20.743584535Z     keygen.hostname = "flux-sample-0"
2023-05-18T07:43:20.743589719Z curve
2023-05-18T07:43:20.743594557Z     public-key = "8j>3y3cuQ[*5uj6Rzfc!}%D4pj+Go&Hz[3eG%]&Z"
2023-05-18T07:43:20.743601446Z     secret-key = "rS?5U6mFsph1S.B4$N/f)b+=Px0>]G{yb4g<$i3L"
2023-05-18T07:43:20.745887329Z
2023-05-18T07:43:20.746012955Z ðŸŒ€  flux start --wrap=strace,-e,network,-tt -o --config /etc/flux/config -Scron.directory=/etc/flux/system/cron.d   -Stbon.fanout=256   -Srundir=/run/flux    -Sstatedir=/var/lib/flux   -Slocal-uri=local:///run/flux/local -Stbon.connect_timeout=3s  -Stbon.zmqdebug=1  -Slog-stderr-level=6    -Slog-stderr-mode=local
2023-05-18T07:43:20.788503144Z 07:43:20.788217 socket(AF_NETLINK, SOCK_RAW, NETLINK_ROUTE) = 8
2023-05-18T07:43:20.788849757Z 07:43:20.788522 bind(8, {sa_family=AF_NETLINK, nl_pid=0, nl_groups=00000000}, 12) = 0
2023-05-18T07:43:20.788983401Z 07:43:20.788764 getsockname(8, {sa_family=AF_NETLINK, nl_pid=70, nl_groups=00000000}, [12]) = 0
2023-05-18T07:43:20.789461425Z 07:43:20.789008 sendto(8, {{len=20, type=RTM_GETADDR, flags=NLM_F_REQUEST|NLM_F_DUMP, seq=1684395800, pid=0}, {ifa_family=AF_UNSPEC, ...}}, 20, 0, {sa_family=AF_NETLINK, nl_pid=0, nl_groups=00000000}, 12) = 20
2023-05-18T07:43:20.789883538Z 07:43:20.789354 recvmsg(8, {msg_name={sa_family=AF_NETLINK, nl_pid=0, nl_groups=00000000}, msg_namelen=12, msg_iov=[{iov_base=[{{len=76, type=RTM_NEWADDR, flags=NLM_F_MULTI, seq=1684395800, pid=70}, {ifa_family=AF_INET, ifa_prefixlen=8, ifa_flags=IFA_F_PERMANENT, ifa_scope=RT_SCOPE_HOST, ifa_index=if_nametoindex("lo")}, [{{nla_len=8, nla_type=IFA_ADDRESS}, 127.0.0.1}, {{nla_len=8, nla_type=IFA_LOCAL}, 127.0.0.1}, {{nla_len=7, nla_type=IFA_LABEL}, "lo"}, {{nla_len=8, nla_type=IFA_FLAGS}, IFA_F_PERMANENT}, {{nla_len=20, nla_type=IFA_CACHEINFO}, {ifa_prefered=4294967295, ifa_valid=4294967295, cstamp=154312, tstamp=154312}}]}, {{len=88, type=RTM_NEWADDR, flags=NLM_F_MULTI, seq=1684395800, pid=70}, {ifa_family=AF_INET, ifa_prefixlen=24, ifa_flags=IFA_F_PERMANENT, ifa_scope=RT_SCOPE_UNIVERSE, ifa_index=if_nametoindex("eth0")}, [{{nla_len=8, nla_type=IFA_ADDRESS}, 10.24.3.52}, {{nla_len=8, nla_type=IFA_LOCAL}, 10.24.3.52}, {{nla_len=8, nla_type=IFA_BROADCAST}, 10.24.3.255}, {{nla_len=9, nla_type=IFA_LABEL}, "eth0"}, {{nla_len=8, nla_type=IFA_FLAGS}, IFA_F_PERMANENT}, {{nla_len=20, nla_type=IFA_CACHEINFO}, {ifa_prefered=4294967295, ifa_valid=4294967295, cstamp=154316, tstamp=154316}}]}], iov_len=4096}], msg_iovlen=1, msg_controllen=0, msg_flags=0}, 0) = 164
2023-05-18T07:43:20.790035710Z 07:43:20.789774 recvmsg(8, {msg_name={sa_family=AF_NETLINK, nl_pid=0, nl_groups=00000000}, msg_namelen=12, msg_iov=[{iov_base={{len=20, type=NLMSG_DONE, flags=NLM_F_MULTI, seq=1684395800, pid=70}, 0}, iov_len=4096}], msg_iovlen=1, msg_controllen=0, msg_flags=0}, 0) = 20
2023-05-18T07:43:20.790845205Z 07:43:20.790593 socket(AF_UNIX, SOCK_STREAM|SOCK_CLOEXEC|SOCK_NONBLOCK, 0) = 8
2023-05-18T07:43:20.790969345Z 07:43:20.790692 connect(8, {sa_family=AF_UNIX, sun_path="/var/run/nscd/socket"}, 110) = -1 ENOENT (No such file or directory)
2023-05-18T07:43:20.791098063Z 07:43:20.790900 socket(AF_UNIX, SOCK_STREAM|SOCK_CLOEXEC|SOCK_NONBLOCK, 0) = 8
2023-05-18T07:43:20.791344590Z 07:43:20.791020 connect(8, {sa_family=AF_UNIX, sun_path="/var/run/nscd/socket"}, 110) = -1 ENOENT (No such file or directory)
2023-05-18T07:43:20.793597504Z 07:43:20.793289 socket(AF_INET, SOCK_DGRAM|SOCK_CLOEXEC|SOCK_NONBLOCK, IPPROTO_IP) = 8
2023-05-18T07:43:20.794010912Z 07:43:20.793721 connect(8, {sa_family=AF_INET, sin_port=htons(53), sin_addr=inet_addr("169.254.169.254")}, 16) = 0
2023-05-18T07:43:20.794752922Z 07:43:20.794107 sendto(8, "\331\243\1\0\0\1\0\0\0\0\0\0\rflux-sample-0\fflux-"..., 76, MSG_NOSIGNAL, NULL, 0) = 76
2023-05-18T07:43:20.798201613Z 07:43:20.797827 recvfrom(8, "\331\243\201\200\0\1\0\1\0\0\0\0\rflux-sample-0\fflux-"..., 1024, 0, {sa_family=AF_INET, sin_port=htons(53), sin_addr=inet_addr("169.254.169.254")}, [28->16]) = 92
2023-05-18T07:43:20.803449221Z broker.info[1]: start: none->join 2.00009ms
2023-05-18T07:43:23.971559024Z broker.info[1]: parent-ready: join->init 3.16429s
2023-05-18T07:43:23.971628214Z 07:43:23.967895 socketpair(AF_UNIX, SOCK_STREAM|SOCK_CLOEXEC, 0, [22, 23]) = 0
2023-05-18T07:43:23.971640989Z 07:43:23.968018 socketpair(AF_UNIX, SOCK_STREAM, 0, [24, 25]) = 0
2023-05-18T07:43:23.971647743Z 07:43:23.968212 socketpair(AF_UNIX, SOCK_STREAM, 0, [26, 27]) = 0
2023-05-18T07:43:23.971653574Z 07:43:23.968385 socketpair(AF_UNIX, SOCK_STREAM, 0, [28, 29]) = 0
2023-05-18T07:43:23.994031232Z broker.info[1]: configuration updated
2023-05-18T07:43:24.127885115Z broker.info[1]: rc1.0: running /etc/flux/rc1.d/01-sched-fluxion
2023-05-18T07:43:24.139203529Z broker.info[1]: rc1.0: running /etc/flux/rc1.d/02-cron
2023-05-18T07:43:24.163005156Z broker.info[1]: rc1.0: /etc/flux/rc1 Exited (rc=0) 0.2s
2023-05-18T07:43:24.163661735Z broker.info[1]: rc1-success: init->quorum 0.195608s
2023-05-18T07:43:24.379900928Z broker.info[1]: quorum-full: quorum->run 0.215671s
2023-05-18T07:43:34.990231121Z broker.info[1]: shutdown: run->cleanup 10.6101s
2023-05-18T07:43:34.991663032Z broker.info[1]: cleanup-none: cleanup->shutdown 1.20986ms
2023-05-18T07:43:34.993111105Z broker.info[1]: children-none: shutdown->finalize 1.05854ms
2023-05-18T07:43:34.993419154Z 07:43:34.993129 socketpair(AF_UNIX, SOCK_STREAM|SOCK_CLOEXEC, 0, [22, 23]) = 0
2023-05-18T07:43:34.993610515Z 07:43:34.993350 socketpair(AF_UNIX, SOCK_STREAM, 0, [24, 25]) = 0
2023-05-18T07:43:34.994012725Z 07:43:34.993691 socketpair(AF_UNIX, SOCK_STREAM, 0, [26, 28]) = 0
2023-05-18T07:43:34.994476232Z 07:43:34.994254 socketpair(AF_UNIX, SOCK_STREAM, 0, [58, 59]) = 0
2023-05-18T07:43:35.013334001Z broker.info[1]: rc3.0: running /etc/flux/rc3.d/01-sched-fluxion
2023-05-18T07:43:35.159316525Z broker.info[1]: rc3.0: /etc/flux/rc3 Exited (rc=0) 0.2s
2023-05-18T07:43:35.160196923Z broker.info[1]: rc3-success: finalize->goodbye 0.166888s
2023-05-18T07:43:35.161499048Z broker.info[1]: goodbye: goodbye->exit 1.0908ms
2023-05-18T07:43:35.168476045Z 07:43:35.168122 +++ exited with 0 +++
2023-05-18T07:43:35.170023259Z Return value for follower worker is 0
2023-05-18T07:43:35.170071104Z The follower worker exited cleanly. Goodbye!
