2023-05-18T08:09:41.019309707Z
2023-05-18T08:09:41.019374742Z Flux username: flux
2023-05-18T08:09:41.019381820Z
2023-05-18T08:09:41.019387373Z Flux install root: /usr
2023-05-18T08:09:41.065078312Z flux user is already added.
2023-05-18T08:09:41.069024260Z flux user identifiers:
2023-05-18T08:09:41.069075700Z uid=1234(flux) gid=1234(flux) groups=1234(flux)
2023-05-18T08:09:41.069086538Z
2023-05-18T08:09:41.069092775Z As Flux prefix for flux commands: sudo -u flux -E PYTHONPATH=/opt/conda/lib/python3.10/site-packages -E PATH=/opt/conda/bin:/usr/local/sbin:/usr/local/bin:/usr/sbin:/usr/bin:/sbin:/bin -E LD_LIBRARY_PATH=/opt/conda/lib -E HOME=/home/flux
2023-05-18T08:09:41.076987680Z
2023-05-18T08:09:41.077016876Z ðŸ‘‹ Hello, I'm flux-sample-1
2023-05-18T08:09:41.077023464Z The main host is flux-sample-0
2023-05-18T08:09:41.077170482Z The working directory is /home/flux/examples/reaxff/HNS, contents include:
2023-05-18T08:09:41.078830063Z /home/flux/examples/reaxff/HNS:
2023-05-18T08:09:41.078864642Z README.txt	ffield.reax.hns  log.8Mar18.reaxc.hns.g++.1
2023-05-18T08:09:41.078870973Z data.hns-equil	in.reaxc.hns	 log.8Mar18.reaxc.hns.g++.4
2023-05-18T08:09:41.079286966Z End of file listing, if you see nothing above there are no files.
2023-05-18T08:09:41.080995103Z flux R encode --hosts=flux-sample-[0-3]
2023-05-18T08:09:41.095021886Z
2023-05-18T08:09:41.095114905Z ðŸ“¦ Resources
2023-05-18T08:09:41.096456913Z {"version": 1, "execution": {"R_lite": [{"rank": "0-3", "children": {"core": "0"}}], "starttime": 0.0, "expiration": 0.0, "nodelist": ["flux-sample-[0-3]"]}}
2023-05-18T08:09:41.096678053Z
2023-05-18T08:09:41.096692308Z ðŸ¸ Diagnostics: false
2023-05-18T08:09:41.096857087Z ðŸš©ï¸ Flux Option Flags defined
2023-05-18T08:09:41.100561784Z
2023-05-18T08:09:41.100583693Z ðŸ¦Š Independent Minister of Privilege
2023-05-18T08:09:41.101807567Z [exec]
2023-05-18T08:09:41.101823376Z allowed-users = [ "flux", "root" ]
2023-05-18T08:09:41.101829325Z allowed-shells = [ "/usr/libexec/flux/flux-shell" ]
2023-05-18T08:09:41.102021865Z
2023-05-18T08:09:41.102035158Z ðŸ¸ Broker Configuration
2023-05-18T08:09:41.104362303Z # Flux needs to know the path to the IMP executable
2023-05-18T08:09:41.104380997Z [exec]
2023-05-18T08:09:41.104390039Z imp = "/usr/libexec/flux/flux-imp"
2023-05-18T08:09:41.104395553Z
2023-05-18T08:09:41.104400441Z [access]
2023-05-18T08:09:41.104405602Z allow-guest-user = true
2023-05-18T08:09:41.104410223Z allow-root-owner = true
2023-05-18T08:09:41.104414614Z
2023-05-18T08:09:41.104419114Z # Point to resource definition generated with flux-R(1).
2023-05-18T08:09:41.104424163Z [resource]
2023-05-18T08:09:41.104431934Z path = "/etc/flux/system/R"
2023-05-18T08:09:41.104445121Z
2023-05-18T08:09:41.104450792Z [bootstrap]
2023-05-18T08:09:41.104455830Z curve_cert = "/etc/curve/curve.cert"
2023-05-18T08:09:41.104461554Z default_port = 8050
2023-05-18T08:09:41.104466346Z default_bind = "tcp://eth0:%p"
2023-05-18T08:09:41.104471728Z default_connect = "tcp://%h.flux-service.flux-operator.svc.cluster.local:%p"
2023-05-18T08:09:41.104476719Z hosts = [
2023-05-18T08:09:41.104484240Z 	{ host="flux-sample-[0-3]"},
2023-05-18T08:09:41.104490806Z ]
2023-05-18T08:09:41.104495946Z
2023-05-18T08:09:41.104500709Z [archive]
2023-05-18T08:09:41.104505758Z dbpath = "/var/lib/flux/job-archive.sqlite"
2023-05-18T08:09:41.104510555Z period = "1m"
2023-05-18T08:09:41.188831344Z busytimeout = "50s"
2023-05-18T08:09:41.188856514Z ðŸ§Šï¸ State Directory:
2023-05-18T08:09:41.188862131Z total 0
2023-05-18T08:09:41.188866862Z
2023-05-18T08:09:41.191673871Z
2023-05-18T08:09:41.191697216Z ðŸ”’ï¸ Working directory permissions:
2023-05-18T08:09:41.191702923Z total 96
2023-05-18T08:09:41.191708261Z -rwxrwxrwx 1 flux root  2517 May 17 22:32 README.txt
2023-05-18T08:09:41.191713263Z -rwxrwxrwx 1 flux root 54692 May 17 22:32 data.hns-equil
2023-05-18T08:09:41.191717815Z -rwxrwxrwx 1 flux root 13576 May 17 22:32 ffield.reax.hns
2023-05-18T08:09:41.191722234Z -rwxrwxrwx 1 flux root   870 May 17 22:32 in.reaxc.hns
2023-05-18T08:09:41.191729623Z -rwxrwxrwx 1 flux root  4172 May 17 22:32 log.8Mar18.reaxc.hns.g++.1
2023-05-18T08:09:41.191735750Z -rwxrwxrwx 1 flux root  4168 May 17 22:32 log.8Mar18.reaxc.hns.g++.4
2023-05-18T08:09:41.191740824Z
2023-05-18T08:09:41.191779971Z
2023-05-18T08:09:41.191866782Z âœ¨ Curve certificate generated by helper pod
2023-05-18T08:09:41.193492028Z #   ****  Generated on 2023-04-26 22:54:42 by CZMQ  ****
2023-05-18T08:09:41.193510694Z #   ZeroMQ CURVE **Secret** Certificate
2023-05-18T08:09:41.193516393Z #   DO NOT PROVIDE THIS FILE TO OTHER USERS nor change its permissions.
2023-05-18T08:09:41.193522136Z
2023-05-18T08:09:41.193526929Z metadata
2023-05-18T08:09:41.193532494Z     name = "flux-cert-generator"
2023-05-18T08:09:41.193537227Z     keygen.hostname = "flux-sample-0"
2023-05-18T08:09:41.193544191Z curve
2023-05-18T08:09:41.193549823Z     public-key = "kK2as0ba^]5oc&(?/lPX{#WK$G4jobzG+xxH^*5)"
2023-05-18T08:09:41.193554597Z     secret-key = "AaN+AmGi2P.hx>-O-SeK.N?fDZ]4jg=Ja?R^yUo9"
2023-05-18T08:09:41.196142613Z
2023-05-18T08:09:41.196170612Z ðŸŒ€  flux start --wrap=strace,-e,network,-tt -o --config /etc/flux/config -Scron.directory=/etc/flux/system/cron.d   -Stbon.fanout=256   -Srundir=/run/flux    -Sstatedir=/var/lib/flux   -Slocal-uri=local:///run/flux/local -Stbon.connect_timeout=6s  -Stbon.zmqdebug=1  -Slog-stderr-level=6    -Slog-stderr-mode=local
2023-05-18T08:09:41.234441951Z 08:09:41.234152 socket(AF_NETLINK, SOCK_RAW, NETLINK_ROUTE) = 8
2023-05-18T08:09:41.234706914Z 08:09:41.234483 bind(8, {sa_family=AF_NETLINK, nl_pid=0, nl_groups=00000000}, 12) = 0
2023-05-18T08:09:41.234929701Z 08:09:41.234728 getsockname(8, {sa_family=AF_NETLINK, nl_pid=70, nl_groups=00000000}, [12]) = 0
2023-05-18T08:09:41.235353525Z 08:09:41.234959 sendto(8, {{len=20, type=RTM_GETADDR, flags=NLM_F_REQUEST|NLM_F_DUMP, seq=1684397381, pid=0}, {ifa_family=AF_UNSPEC, ...}}, 20, 0, {sa_family=AF_NETLINK, nl_pid=0, nl_groups=00000000}, 12) = 20
2023-05-18T08:09:41.235898864Z 08:09:41.235389 recvmsg(8, {msg_name={sa_family=AF_NETLINK, nl_pid=0, nl_groups=00000000}, msg_namelen=12, msg_iov=[{iov_base=[{{len=76, type=RTM_NEWADDR, flags=NLM_F_MULTI, seq=1684397381, pid=70}, {ifa_family=AF_INET, ifa_prefixlen=8, ifa_flags=IFA_F_PERMANENT, ifa_scope=RT_SCOPE_HOST, ifa_index=if_nametoindex("lo")}, [{{nla_len=8, nla_type=IFA_ADDRESS}, 127.0.0.1}, {{nla_len=8, nla_type=IFA_LOCAL}, 127.0.0.1}, {{nla_len=7, nla_type=IFA_LABEL}, "lo"}, {{nla_len=8, nla_type=IFA_FLAGS}, IFA_F_PERMANENT}, {{nla_len=20, nla_type=IFA_CACHEINFO}, {ifa_prefered=4294967295, ifa_valid=4294967295, cstamp=312364, tstamp=312364}}]}, {{len=88, type=RTM_NEWADDR, flags=NLM_F_MULTI, seq=1684397381, pid=70}, {ifa_family=AF_INET, ifa_prefixlen=24, ifa_flags=IFA_F_PERMANENT, ifa_scope=RT_SCOPE_UNIVERSE, ifa_index=if_nametoindex("eth0")}, [{{nla_len=8, nla_type=IFA_ADDRESS}, 10.24.3.124}, {{nla_len=8, nla_type=IFA_LOCAL}, 10.24.3.124}, {{nla_len=8, nla_type=IFA_BROADCAST}, 10.24.3.255}, {{nla_len=9, nla_type=IFA_LABEL}, "eth0"}, {{nla_len=8, nla_type=IFA_FLAGS}, IFA_F_PERMANENT}, {{nla_len=20, nla_type=IFA_CACHEINFO}, {ifa_prefered=4294967295, ifa_valid=4294967295, cstamp=312367, tstamp=312367}}]}], iov_len=4096}], msg_iovlen=1, msg_controllen=0, msg_flags=0}, 0) = 164
2023-05-18T08:09:41.236343088Z 08:09:41.235990 recvmsg(8, {msg_name={sa_family=AF_NETLINK, nl_pid=0, nl_groups=00000000}, msg_namelen=12, msg_iov=[{iov_base={{len=20, type=NLMSG_DONE, flags=NLM_F_MULTI, seq=1684397381, pid=70}, 0}, iov_len=4096}], msg_iovlen=1, msg_controllen=0, msg_flags=0}, 0) = 20
2023-05-18T08:09:41.237078346Z 08:09:41.236862 socket(AF_UNIX, SOCK_STREAM|SOCK_CLOEXEC|SOCK_NONBLOCK, 0) = 8
2023-05-18T08:09:41.237461769Z 08:09:41.237109 connect(8, {sa_family=AF_UNIX, sun_path="/var/run/nscd/socket"}, 110) = -1 ENOENT (No such file or directory)
2023-05-18T08:09:41.237573484Z 08:09:41.237372 socket(AF_UNIX, SOCK_STREAM|SOCK_CLOEXEC|SOCK_NONBLOCK, 0) = 8
2023-05-18T08:09:41.237799091Z 08:09:41.237604 connect(8, {sa_family=AF_UNIX, sun_path="/var/run/nscd/socket"}, 110) = -1 ENOENT (No such file or directory)
2023-05-18T08:09:41.239354037Z 08:09:41.239146 socket(AF_INET, SOCK_DGRAM|SOCK_CLOEXEC|SOCK_NONBLOCK, IPPROTO_IP) = 8
2023-05-18T08:09:41.240005372Z 08:09:41.239378 connect(8, {sa_family=AF_INET, sin_port=htons(53), sin_addr=inet_addr("169.254.169.254")}, 16) = 0
2023-05-18T08:09:41.240016207Z 08:09:41.239649 sendto(8, "uX\1\0\0\1\0\0\0\0\0\0\rflux-sample-0\fflux-"..., 76, MSG_NOSIGNAL, NULL, 0) = 76
2023-05-18T08:09:41.244126515Z 08:09:41.243705 recvfrom(8, "uX\201\200\0\1\0\1\0\0\0\0\rflux-sample-0\fflux-"..., 1024, 0, {sa_family=AF_INET, sin_port=htons(53), sin_addr=inet_addr("169.254.169.254")}, [28->16]) = 92
2023-05-18T08:09:41.248764686Z broker.info[1]: start: none->join 1.95581ms
2023-05-18T08:09:47.404923972Z broker.info[1]: parent-ready: join->init 6.15587s
2023-05-18T08:09:47.405392725Z 08:09:47.405031 socketpair(AF_UNIX, SOCK_STREAM|SOCK_CLOEXEC, 0, [22, 23]) = 0
2023-05-18T08:09:47.405531136Z 08:09:47.405382 socketpair(AF_UNIX, SOCK_STREAM, 0, [24, 25]) = 0
2023-05-18T08:09:47.406004543Z 08:09:47.405743 socketpair(AF_UNIX, SOCK_STREAM, 0, [26, 27]) = 0
2023-05-18T08:09:47.406520663Z 08:09:47.406180 socketpair(AF_UNIX, SOCK_STREAM, 0, [28, 29]) = 0
2023-05-18T08:09:47.432543270Z broker.info[1]: configuration updated
2023-05-18T08:09:47.567435498Z broker.info[1]: rc1.0: running /etc/flux/rc1.d/01-sched-fluxion
2023-05-18T08:09:47.578986072Z broker.info[1]: rc1.0: running /etc/flux/rc1.d/02-cron
2023-05-18T08:09:47.609659361Z broker.info[1]: rc1.0: /etc/flux/rc1 Exited (rc=0) 0.2s
2023-05-18T08:09:47.610623484Z broker.info[1]: rc1-success: init->quorum 0.205429s
2023-05-18T08:09:48.088093864Z broker.info[1]: quorum-full: quorum->run 0.476905s
2023-05-18T08:09:58.931259914Z broker.info[1]: shutdown: run->cleanup 10.843s
2023-05-18T08:09:58.933181753Z broker.info[1]: cleanup-none: cleanup->shutdown 1.48275ms
2023-05-18T08:09:58.934556323Z broker.info[1]: children-none: shutdown->finalize 1.09754ms
2023-05-18T08:09:58.935402299Z 08:09:58.934669 socketpair(AF_UNIX, SOCK_STREAM|SOCK_CLOEXEC, 0, [22, 23]) = 0
2023-05-18T08:09:58.935760169Z 08:09:58.934884 socketpair(AF_UNIX, SOCK_STREAM, 0, [24, 25]) = 0
2023-05-18T08:09:58.935804360Z 08:09:58.935142 socketpair(AF_UNIX, SOCK_STREAM, 0, [26, 28]) = 0
2023-05-18T08:09:58.935917317Z 08:09:58.935387 socketpair(AF_UNIX, SOCK_STREAM, 0, [58, 59]) = 0
2023-05-18T08:09:58.954405730Z broker.info[1]: rc3.0: running /etc/flux/rc3.d/01-sched-fluxion
2023-05-18T08:09:59.077305764Z broker.info[1]: rc3.0: /etc/flux/rc3 Exited (rc=0) 0.1s
2023-05-18T08:09:59.078475192Z broker.info[1]: rc3-success: finalize->goodbye 0.143688s
2023-05-18T08:09:59.079999070Z broker.info[1]: goodbye: goodbye->exit 1.01525ms
2023-05-18T08:09:59.087995998Z 08:09:59.087808 +++ exited with 0 +++
2023-05-18T08:09:59.089483854Z Return value for follower worker is 0
2023-05-18T08:09:59.089666136Z The follower worker exited cleanly. Goodbye!
