2023-05-18T13:36:21.450311398Z
2023-05-18T13:36:21.450357926Z Flux username: flux
2023-05-18T13:36:21.450365505Z
2023-05-18T13:36:21.450371098Z Flux install root: /usr
2023-05-18T13:36:21.494593141Z flux user is already added.
2023-05-18T13:36:21.497925406Z flux user identifiers:
2023-05-18T13:36:21.497947880Z uid=1234(flux) gid=1234(flux) groups=1234(flux)
2023-05-18T13:36:21.498022600Z
2023-05-18T13:36:21.498032243Z As Flux prefix for flux commands: sudo -u flux -E PYTHONPATH=/opt/conda/lib/python3.10/site-packages -E PATH=/opt/conda/bin:/usr/local/sbin:/usr/local/bin:/usr/sbin:/usr/bin:/sbin:/bin -E LD_LIBRARY_PATH=/opt/conda/lib -E HOME=/home/flux
2023-05-18T13:36:21.505578273Z
2023-05-18T13:36:21.505600540Z 👋 Hello, I'm flux-sample-1
2023-05-18T13:36:21.505668571Z The main host is flux-sample-0
2023-05-18T13:36:21.505678203Z The working directory is /home/flux/examples/reaxff/HNS, contents include:
2023-05-18T13:36:21.507597905Z /home/flux/examples/reaxff/HNS:
2023-05-18T13:36:21.507619945Z README.txt	ffield.reax.hns  log.8Mar18.reaxc.hns.g++.1
2023-05-18T13:36:21.507627610Z data.hns-equil	in.reaxc.hns	 log.8Mar18.reaxc.hns.g++.4
2023-05-18T13:36:21.508291859Z End of file listing, if you see nothing above there are no files.
2023-05-18T13:36:21.510328241Z flux R encode --hosts=flux-sample-[0-3]
2023-05-18T13:36:21.523780891Z
2023-05-18T13:36:21.523802629Z 📦 Resources
2023-05-18T13:36:21.525579054Z {"version": 1, "execution": {"R_lite": [{"rank": "0-3", "children": {"core": "0"}}], "starttime": 0.0, "expiration": 0.0, "nodelist": ["flux-sample-[0-3]"]}}
2023-05-18T13:36:21.525951051Z
2023-05-18T13:36:21.525970047Z 🐸 Diagnostics: false
2023-05-18T13:36:21.526305222Z 🚩️ Flux Option Flags defined
2023-05-18T13:36:21.530546782Z
2023-05-18T13:36:21.530567623Z 🦊 Independent Minister of Privilege
2023-05-18T13:36:21.531858475Z [exec]
2023-05-18T13:36:21.531876731Z allowed-users = [ "flux", "root" ]
2023-05-18T13:36:21.531884575Z allowed-shells = [ "/usr/libexec/flux/flux-shell" ]
2023-05-18T13:36:21.532096078Z
2023-05-18T13:36:21.532112697Z 🐸 Broker Configuration
2023-05-18T13:36:21.533360912Z # Flux needs to know the path to the IMP executable
2023-05-18T13:36:21.533379102Z [exec]
2023-05-18T13:36:21.533386883Z imp = "/usr/libexec/flux/flux-imp"
2023-05-18T13:36:21.533393417Z
2023-05-18T13:36:21.533401487Z [access]
2023-05-18T13:36:21.533410043Z allow-guest-user = true
2023-05-18T13:36:21.533416941Z allow-root-owner = true
2023-05-18T13:36:21.533423102Z
2023-05-18T13:36:21.533429713Z # Point to resource definition generated with flux-R(1).
2023-05-18T13:36:21.533436250Z [resource]
2023-05-18T13:36:21.533443606Z path = "/etc/flux/system/R"
2023-05-18T13:36:21.533449998Z
2023-05-18T13:36:21.533457856Z [bootstrap]
2023-05-18T13:36:21.533465765Z curve_cert = "/etc/curve/curve.cert"
2023-05-18T13:36:21.533472840Z default_port = 8050
2023-05-18T13:36:21.533479926Z default_bind = "tcp://eth0:%p"
2023-05-18T13:36:21.533486986Z default_connect = "tcp://%h.flux-service.flux-operator.svc.cluster.local:%p"
2023-05-18T13:36:21.533493170Z hosts = [
2023-05-18T13:36:21.533500018Z 	{ host="flux-sample-[0-3]"},
2023-05-18T13:36:21.533506490Z ]
2023-05-18T13:36:21.533514037Z
2023-05-18T13:36:21.533522605Z [archive]
2023-05-18T13:36:21.533531162Z dbpath = "/var/lib/flux/job-archive.sqlite"
2023-05-18T13:36:21.533538009Z period = "1m"
2023-05-18T13:36:21.609531334Z busytimeout = "50s"
2023-05-18T13:36:21.609572871Z 🧊️ State Directory:
2023-05-18T13:36:21.609580782Z total 0
2023-05-18T13:36:21.609585940Z
2023-05-18T13:36:21.612311502Z
2023-05-18T13:36:21.612351096Z 🔒️ Working directory permissions:
2023-05-18T13:36:21.612367713Z total 96
2023-05-18T13:36:21.612373997Z -rwxrwxrwx 1 flux root  2517 May 17 22:32 README.txt
2023-05-18T13:36:21.612379201Z -rwxrwxrwx 1 flux root 54692 May 17 22:32 data.hns-equil
2023-05-18T13:36:21.612384563Z -rwxrwxrwx 1 flux root 13576 May 17 22:32 ffield.reax.hns
2023-05-18T13:36:21.612393926Z -rwxrwxrwx 1 flux root   870 May 17 22:32 in.reaxc.hns
2023-05-18T13:36:21.612402044Z -rwxrwxrwx 1 flux root  4172 May 17 22:32 log.8Mar18.reaxc.hns.g++.1
2023-05-18T13:36:21.612408848Z -rwxrwxrwx 1 flux root  4168 May 17 22:32 log.8Mar18.reaxc.hns.g++.4
2023-05-18T13:36:21.612413935Z
2023-05-18T13:36:21.612419185Z
2023-05-18T13:36:21.612424105Z ✨ Curve certificate generated by helper pod
2023-05-18T13:36:21.613758414Z #   ****  Generated on 2023-04-26 22:54:42 by CZMQ  ****
2023-05-18T13:36:21.613782708Z #   ZeroMQ CURVE **Secret** Certificate
2023-05-18T13:36:21.613790493Z #   DO NOT PROVIDE THIS FILE TO OTHER USERS nor change its permissions.
2023-05-18T13:36:21.613796037Z
2023-05-18T13:36:21.613812440Z metadata
2023-05-18T13:36:21.613820936Z     name = "flux-cert-generator"
2023-05-18T13:36:21.613827476Z     keygen.hostname = "flux-sample-0"
2023-05-18T13:36:21.613832883Z curve
2023-05-18T13:36:21.613838381Z     public-key = "+1<SEN30:l/{a7WPI8NZX$G*5fjDu=:W$/v6s}ZL"
2023-05-18T13:36:21.613843828Z     secret-key = "Of*yof}K0}sS$jnO%v5H2FpFG:O[c2pmC(sZ^=f["
2023-05-18T13:36:21.615845274Z
2023-05-18T13:36:21.615871169Z 🌀  flux start --wrap=strace,-e,network,-tt -o --config /etc/flux/config -Scron.directory=/etc/flux/system/cron.d   -Stbon.fanout=256   -Srundir=/run/flux    -Sstatedir=/var/lib/flux   -Slocal-uri=local:///run/flux/local   -Stbon.zmqdebug=1  -Slog-stderr-level=6    -Slog-stderr-mode=local
2023-05-18T13:36:21.656280362Z 13:36:21.656094 socket(AF_NETLINK, SOCK_RAW, NETLINK_ROUTE) = 8
2023-05-18T13:36:21.656415026Z 13:36:21.656199 bind(8, {sa_family=AF_NETLINK, nl_pid=0, nl_groups=00000000}, 12) = 0
2023-05-18T13:36:21.656508273Z 13:36:21.656322 getsockname(8, {sa_family=AF_NETLINK, nl_pid=70, nl_groups=00000000}, [12]) = 0
2023-05-18T13:36:21.656802962Z 13:36:21.656439 sendto(8, {{len=20, type=RTM_GETADDR, flags=NLM_F_REQUEST|NLM_F_DUMP, seq=1684416981, pid=0}, {ifa_family=AF_UNSPEC, ...}}, 20, 0, {sa_family=AF_NETLINK, nl_pid=0, nl_groups=00000000}, 12) = 20
2023-05-18T13:36:21.657115491Z 13:36:21.656716 recvmsg(8, {msg_name={sa_family=AF_NETLINK, nl_pid=0, nl_groups=00000000}, msg_namelen=12, msg_iov=[{iov_base=[{{len=76, type=RTM_NEWADDR, flags=NLM_F_MULTI, seq=1684416981, pid=70}, {ifa_family=AF_INET, ifa_prefixlen=8, ifa_flags=IFA_F_PERMANENT, ifa_scope=RT_SCOPE_HOST, ifa_index=if_nametoindex("lo")}, [{{nla_len=8, nla_type=IFA_ADDRESS}, 127.0.0.1}, {{nla_len=8, nla_type=IFA_LOCAL}, 127.0.0.1}, {{nla_len=7, nla_type=IFA_LABEL}, "lo"}, {{nla_len=8, nla_type=IFA_FLAGS}, IFA_F_PERMANENT}, {{nla_len=20, nla_type=IFA_CACHEINFO}, {ifa_prefered=4294967295, ifa_valid=4294967295, cstamp=2272670, tstamp=2272670}}]}, {{len=88, type=RTM_NEWADDR, flags=NLM_F_MULTI, seq=1684416981, pid=70}, {ifa_family=AF_INET, ifa_prefixlen=24, ifa_flags=IFA_F_PERMANENT, ifa_scope=RT_SCOPE_UNIVERSE, ifa_index=if_nametoindex("eth0")}, [{{nla_len=8, nla_type=IFA_ADDRESS}, 10.24.0.197}, {{nla_len=8, nla_type=IFA_LOCAL}, 10.24.0.197}, {{nla_len=8, nla_type=IFA_BROADCAST}, 10.24.0.255}, {{nla_len=9, nla_type=IFA_LABEL}, "eth0"}, {{nla_len=8, nla_type=IFA_FLAGS}, IFA_F_PERMANENT}, {{nla_len=20, nla_type=IFA_CACHEINFO}, {ifa_prefered=4294967295, ifa_valid=4294967295, cstamp=2272674, tstamp=2272674}}]}], iov_len=4096}], msg_iovlen=1, msg_controllen=0, msg_flags=0}, 0) = 164
2023-05-18T13:36:21.657254969Z 13:36:21.657075 recvmsg(8, {msg_name={sa_family=AF_NETLINK, nl_pid=0, nl_groups=00000000}, msg_namelen=12, msg_iov=[{iov_base={{len=20, type=NLMSG_DONE, flags=NLM_F_MULTI, seq=1684416981, pid=70}, 0}, iov_len=4096}], msg_iovlen=1, msg_controllen=0, msg_flags=0}, 0) = 20
2023-05-18T13:36:21.657950862Z 13:36:21.657709 socket(AF_UNIX, SOCK_STREAM|SOCK_CLOEXEC|SOCK_NONBLOCK, 0) = 8
2023-05-18T13:36:21.657967622Z 13:36:21.657792 connect(8, {sa_family=AF_UNIX, sun_path="/var/run/nscd/socket"}, 110) = -1 ENOENT (No such file or directory)
2023-05-18T13:36:21.658203241Z 13:36:21.657919 socket(AF_UNIX, SOCK_STREAM|SOCK_CLOEXEC|SOCK_NONBLOCK, 0) = 8
2023-05-18T13:36:21.658222282Z 13:36:21.658008 connect(8, {sa_family=AF_UNIX, sun_path="/var/run/nscd/socket"}, 110) = -1 ENOENT (No such file or directory)
2023-05-18T13:36:21.659350054Z 13:36:21.659200 socket(AF_INET, SOCK_DGRAM|SOCK_CLOEXEC|SOCK_NONBLOCK, IPPROTO_IP) = 8
2023-05-18T13:36:21.659437413Z 13:36:21.659294 connect(8, {sa_family=AF_INET, sin_port=htons(53), sin_addr=inet_addr("169.254.169.254")}, 16) = 0
2023-05-18T13:36:21.659740071Z 13:36:21.659463 sendto(8, "\231I\1\0\0\1\0\0\0\0\0\0\rflux-sample-0\fflux-"..., 76, MSG_NOSIGNAL, NULL, 0) = 76
2023-05-18T13:36:21.666694502Z 13:36:21.666504 recvfrom(8, "\231I\201\203\0\1\0\0\0\1\0\0\rflux-sample-0\fflux-"..., 1024, 0, {sa_family=AF_INET, sin_port=htons(53), sin_addr=inet_addr("169.254.169.254")}, [28->16]) = 172
2023-05-18T13:36:21.667081679Z 13:36:21.666846 socket(AF_INET, SOCK_DGRAM|SOCK_CLOEXEC|SOCK_NONBLOCK, IPPROTO_IP) = 8
2023-05-18T13:36:21.667297685Z 13:36:21.667061 connect(8, {sa_family=AF_INET, sin_port=htons(53), sin_addr=inet_addr("169.254.169.254")}, 16) = 0
2023-05-18T13:36:21.667629867Z 13:36:21.667329 sendto(8, "\233o\1\0\0\1\0\0\0\0\0\0\rflux-sample-0\fflux-"..., 108, MSG_NOSIGNAL, NULL, 0) = 108
2023-05-18T13:36:21.670227232Z 13:36:21.669994 recvfrom(8, "\233o\201\203\0\1\0\0\0\1\0\0\rflux-sample-0\fflux-"..., 1024, 0, {sa_family=AF_INET, sin_port=htons(53), sin_addr=inet_addr("169.254.169.254")}, [28->16]) = 204
2023-05-18T13:36:21.670510790Z 13:36:21.670294 socket(AF_INET, SOCK_DGRAM|SOCK_CLOEXEC|SOCK_NONBLOCK, IPPROTO_IP) = 8
2023-05-18T13:36:21.670606152Z 13:36:21.670404 connect(8, {sa_family=AF_INET, sin_port=htons(53), sin_addr=inet_addr("169.254.169.254")}, 16) = 0
2023-05-18T13:36:21.670720616Z 13:36:21.670548 sendto(8, "\317\223\1\0\0\1\0\0\0\0\0\0\rflux-sample-0\fflux-"..., 94, MSG_NOSIGNAL, NULL, 0) = 94
2023-05-18T13:36:21.673904948Z 13:36:21.673665 recvfrom(8, "\317\223\201\203\0\1\0\0\0\1\0\0\rflux-sample-0\fflux-"..., 1024, 0, {sa_family=AF_INET, sin_port=htons(53), sin_addr=inet_addr("169.254.169.254")}, [28->16]) = 190
2023-05-18T13:36:21.674096121Z 13:36:21.673894 socket(AF_INET, SOCK_DGRAM|SOCK_CLOEXEC|SOCK_NONBLOCK, IPPROTO_IP) = 8
2023-05-18T13:36:21.674108715Z 13:36:21.673972 connect(8, {sa_family=AF_INET, sin_port=htons(53), sin_addr=inet_addr("169.254.169.254")}, 16) = 0
2023-05-18T13:36:21.674280477Z 13:36:21.674080 sendto(8, "0\275\1\0\0\1\0\0\0\0\0\0\rflux-sample-0\fflux-"..., 90, MSG_NOSIGNAL, NULL, 0) = 90
2023-05-18T13:36:21.676398631Z 13:36:21.676216 recvfrom(8, "0\275\201\203\0\1\0\0\0\1\0\0\rflux-sample-0\fflux-"..., 1024, 0, {sa_family=AF_INET, sin_port=htons(53), sin_addr=inet_addr("169.254.169.254")}, [28->16]) = 186
2023-05-18T13:36:21.676640989Z 13:36:21.676425 socket(AF_INET, SOCK_DGRAM|SOCK_CLOEXEC|SOCK_NONBLOCK, IPPROTO_IP) = 8
2023-05-18T13:36:21.676720356Z 13:36:21.676541 connect(8, {sa_family=AF_INET, sin_port=htons(53), sin_addr=inet_addr("169.254.169.254")}, 16) = 0
2023-05-18T13:36:21.676929270Z 13:36:21.676687 sendto(8, "\302\257\1\0\0\1\0\0\0\0\0\0\rflux-sample-0\fflux-"..., 111, MSG_NOSIGNAL, NULL, 0) = 111
2023-05-18T13:36:21.685268650Z 13:36:21.684917 recvfrom(8, "\302\257\201\203\0\1\0\0\0\1\0\0\rflux-sample-0\fflux-"..., 1024, 0, {sa_family=AF_INET, sin_port=htons(53), sin_addr=inet_addr("169.254.169.254")}, [28->16]) = 205
2023-05-18T13:36:21.685462276Z 13:36:21.685172 socket(AF_INET, SOCK_DGRAM|SOCK_CLOEXEC|SOCK_NONBLOCK, IPPROTO_IP) = 8
2023-05-18T13:36:21.685478936Z 13:36:21.685262 connect(8, {sa_family=AF_INET, sin_port=htons(53), sin_addr=inet_addr("169.254.169.254")}, 16) = 0
2023-05-18T13:36:21.685633083Z 13:36:21.685389 sendto(8, "\266\220\1\0\0\1\0\0\0\0\0\0\rflux-sample-0\fflux-"..., 97, MSG_NOSIGNAL, NULL, 0) = 97
2023-05-18T13:36:21.691207923Z 13:36:21.690889 recvfrom(8, "\266\220\201\203\0\1\0\0\0\1\0\0\rflux-sample-0\fflux-"..., 1024, 0, {sa_family=AF_INET, sin_port=htons(53), sin_addr=inet_addr("169.254.169.254")}, [28->16]) = 186
2023-05-18T13:36:21.691403588Z 13:36:21.691191 socket(AF_INET, SOCK_DGRAM|SOCK_CLOEXEC|SOCK_NONBLOCK, IPPROTO_IP) = 8
2023-05-18T13:36:21.691499675Z 13:36:21.691283 connect(8, {sa_family=AF_INET, sin_port=htons(53), sin_addr=inet_addr("169.254.169.254")}, 16) = 0
2023-05-18T13:36:21.691736004Z 13:36:21.691430 sendto(8, "f\274\1\0\0\1\0\0\0\0\0\0\rflux-sample-0\fflux-"..., 92, MSG_NOSIGNAL, NULL, 0) = 92
2023-05-18T13:36:21.697060049Z 13:36:21.696802 recvfrom(8, "f\274\201\203\0\1\0\0\0\1\0\0\rflux-sample-0\fflux-"..., 1024, 0, {sa_family=AF_INET, sin_port=htons(53), sin_addr=inet_addr("169.254.169.254")}, [28->16]) = 181
2023-05-18T13:36:21.697287845Z broker.err[1]: Warning: unable to resolve upstream peer flux-sample-0.flux-service.flux-operator.svc.cluster.local: Name or service not known
2023-05-18T13:36:21.704216198Z broker.info[1]: start: none->join 2.34941ms
2023-05-18T13:36:23.427274339Z broker.info[1]: parent-ready: join->init 1.72285s
2023-05-18T13:36:23.427477082Z 13:36:23.427195 socketpair(AF_UNIX, SOCK_STREAM|SOCK_CLOEXEC, 0, [22, 23]) = 0
2023-05-18T13:36:23.427618518Z 13:36:23.427393 socketpair(AF_UNIX, SOCK_STREAM, 0, [24, 25]) = 0
2023-05-18T13:36:23.427895863Z 13:36:23.427681 socketpair(AF_UNIX, SOCK_STREAM, 0, [26, 27]) = 0
2023-05-18T13:36:23.428134019Z 13:36:23.427936 socketpair(AF_UNIX, SOCK_STREAM, 0, [28, 29]) = 0
2023-05-18T13:36:23.452869062Z broker.info[1]: configuration updated
2023-05-18T13:36:23.588612246Z broker.info[1]: rc1.0: running /etc/flux/rc1.d/01-sched-fluxion
2023-05-18T13:36:23.600819766Z broker.info[1]: rc1.0: running /etc/flux/rc1.d/02-cron
2023-05-18T13:36:23.624702225Z broker.info[1]: rc1.0: /etc/flux/rc1 Exited (rc=0) 0.2s
2023-05-18T13:36:23.625649222Z broker.info[1]: rc1-success: init->quorum 0.198249s
2023-05-18T13:36:24.010431870Z broker.info[1]: quorum-full: quorum->run 0.384179s
2023-05-18T13:36:36.112488253Z broker.info[1]: shutdown: run->cleanup 12.1021s
2023-05-18T13:36:36.114539060Z broker.info[1]: cleanup-none: cleanup->shutdown 1.76215ms
2023-05-18T13:36:36.116304781Z broker.info[1]: children-none: shutdown->finalize 1.29433ms
2023-05-18T13:36:36.116707327Z 13:36:36.116412 socketpair(AF_UNIX, SOCK_STREAM|SOCK_CLOEXEC, 0, [22, 23]) = 0
2023-05-18T13:36:36.116824176Z 13:36:36.116595 socketpair(AF_UNIX, SOCK_STREAM, 0, [24, 25]) = 0
2023-05-18T13:36:36.117217851Z 13:36:36.116878 socketpair(AF_UNIX, SOCK_STREAM, 0, [26, 28]) = 0
2023-05-18T13:36:36.117342888Z 13:36:36.117109 socketpair(AF_UNIX, SOCK_STREAM, 0, [58, 59]) = 0
2023-05-18T13:36:36.135998495Z broker.info[1]: rc3.0: running /etc/flux/rc3.d/01-sched-fluxion
2023-05-18T13:36:36.278456219Z broker.info[1]: rc3.0: /etc/flux/rc3 Exited (rc=0) 0.2s
2023-05-18T13:36:36.279090515Z broker.info[1]: rc3-success: finalize->goodbye 0.16254s
2023-05-18T13:36:36.280468849Z broker.info[1]: goodbye: goodbye->exit 0.699707ms
2023-05-18T13:36:36.287082879Z 13:36:36.286924 +++ exited with 0 +++
2023-05-18T13:36:36.288331771Z Return value for follower worker is 0
2023-05-18T13:36:36.288358446Z The follower worker exited cleanly. Goodbye!
