2023-05-18T12:59:00.574494637Z
2023-05-18T12:59:00.574545286Z Flux username: flux
2023-05-18T12:59:00.574553603Z
2023-05-18T12:59:00.574560949Z Flux install root: /usr
2023-05-18T12:59:00.619391214Z flux user is already added.
2023-05-18T12:59:00.622103132Z flux user identifiers:
2023-05-18T12:59:00.622124737Z uid=1234(flux) gid=1234(flux) groups=1234(flux)
2023-05-18T12:59:00.622312969Z
2023-05-18T12:59:00.622328854Z As Flux prefix for flux commands: sudo -u flux -E PYTHONPATH=/opt/conda/lib/python3.10/site-packages -E PATH=/opt/conda/bin:/usr/local/sbin:/usr/local/bin:/usr/sbin:/usr/bin:/sbin:/bin -E LD_LIBRARY_PATH=/opt/conda/lib -E HOME=/home/flux
2023-05-18T12:59:00.630440542Z
2023-05-18T12:59:00.630460547Z ðŸ‘‹ Hello, I'm flux-sample-1
2023-05-18T12:59:00.630584888Z The main host is flux-sample-0
2023-05-18T12:59:00.630595350Z The working directory is /home/flux/examples/reaxff/HNS, contents include:
2023-05-18T12:59:00.632218288Z /home/flux/examples/reaxff/HNS:
2023-05-18T12:59:00.632316530Z README.txt	ffield.reax.hns  log.8Mar18.reaxc.hns.g++.1
2023-05-18T12:59:00.632328796Z data.hns-equil	in.reaxc.hns	 log.8Mar18.reaxc.hns.g++.4
2023-05-18T12:59:00.632614143Z End of file listing, if you see nothing above there are no files.
2023-05-18T12:59:00.634618637Z flux R encode --hosts=flux-sample-[0-3]
2023-05-18T12:59:00.648525490Z
2023-05-18T12:59:00.648544463Z ðŸ“¦ Resources
2023-05-18T12:59:00.650110289Z {"version": 1, "execution": {"R_lite": [{"rank": "0-3", "children": {"core": "0"}}], "starttime": 0.0, "expiration": 0.0, "nodelist": ["flux-sample-[0-3]"]}}
2023-05-18T12:59:00.650371229Z
2023-05-18T12:59:00.650387014Z ðŸ¸ Diagnostics: false
2023-05-18T12:59:00.650534515Z ðŸš©ï¸ Flux Option Flags defined
2023-05-18T12:59:00.654644731Z
2023-05-18T12:59:00.654672247Z ðŸ¦Š Independent Minister of Privilege
2023-05-18T12:59:00.655839393Z [exec]
2023-05-18T12:59:00.655866643Z allowed-users = [ "flux", "root" ]
2023-05-18T12:59:00.655877229Z allowed-shells = [ "/usr/libexec/flux/flux-shell" ]
2023-05-18T12:59:00.656115331Z
2023-05-18T12:59:00.656130705Z ðŸ¸ Broker Configuration
2023-05-18T12:59:00.657442639Z # Flux needs to know the path to the IMP executable
2023-05-18T12:59:00.657457621Z [exec]
2023-05-18T12:59:00.657463979Z imp = "/usr/libexec/flux/flux-imp"
2023-05-18T12:59:00.657468518Z
2023-05-18T12:59:00.657473606Z [access]
2023-05-18T12:59:00.657481402Z allow-guest-user = true
2023-05-18T12:59:00.657487875Z allow-root-owner = true
2023-05-18T12:59:00.657492710Z
2023-05-18T12:59:00.657497880Z # Point to resource definition generated with flux-R(1).
2023-05-18T12:59:00.657502835Z [resource]
2023-05-18T12:59:00.657508605Z path = "/etc/flux/system/R"
2023-05-18T12:59:00.657513140Z
2023-05-18T12:59:00.657517640Z [bootstrap]
2023-05-18T12:59:00.657524690Z curve_cert = "/etc/curve/curve.cert"
2023-05-18T12:59:00.657530757Z default_port = 8050
2023-05-18T12:59:00.657535426Z default_bind = "tcp://eth0:%p"
2023-05-18T12:59:00.657540774Z default_connect = "tcp://%h.flux-service.flux-operator.svc.cluster.local:%p"
2023-05-18T12:59:00.657545563Z hosts = [
2023-05-18T12:59:00.657550314Z 	{ host="flux-sample-[0-3]"},
2023-05-18T12:59:00.657554830Z ]
2023-05-18T12:59:00.657559385Z
2023-05-18T12:59:00.657566306Z [archive]
2023-05-18T12:59:00.657572577Z dbpath = "/var/lib/flux/job-archive.sqlite"
2023-05-18T12:59:00.657577764Z period = "1m"
2023-05-18T12:59:00.731869132Z busytimeout = "50s"
2023-05-18T12:59:00.731891522Z ðŸ§Šï¸ State Directory:
2023-05-18T12:59:00.731898017Z total 0
2023-05-18T12:59:00.731902979Z
2023-05-18T12:59:00.734566865Z
2023-05-18T12:59:00.734588326Z ðŸ”’ï¸ Working directory permissions:
2023-05-18T12:59:00.734597150Z total 96
2023-05-18T12:59:00.734604390Z -rwxrwxrwx 1 flux root  2517 May 17 22:32 README.txt
2023-05-18T12:59:00.734609493Z -rwxrwxrwx 1 flux root 54692 May 17 22:32 data.hns-equil
2023-05-18T12:59:00.734614252Z -rwxrwxrwx 1 flux root 13576 May 17 22:32 ffield.reax.hns
2023-05-18T12:59:00.734619083Z -rwxrwxrwx 1 flux root   870 May 17 22:32 in.reaxc.hns
2023-05-18T12:59:00.734635202Z -rwxrwxrwx 1 flux root  4172 May 17 22:32 log.8Mar18.reaxc.hns.g++.1
2023-05-18T12:59:00.734723889Z -rwxrwxrwx 1 flux root  4168 May 17 22:32 log.8Mar18.reaxc.hns.g++.4
2023-05-18T12:59:00.734824022Z
2023-05-18T12:59:00.734972818Z
2023-05-18T12:59:00.734984212Z âœ¨ Curve certificate generated by helper pod
2023-05-18T12:59:00.736489797Z #   ****  Generated on 2023-04-26 22:54:42 by CZMQ  ****
2023-05-18T12:59:00.736507293Z #   ZeroMQ CURVE **Secret** Certificate
2023-05-18T12:59:00.736513741Z #   DO NOT PROVIDE THIS FILE TO OTHER USERS nor change its permissions.
2023-05-18T12:59:00.736518903Z
2023-05-18T12:59:00.736523802Z metadata
2023-05-18T12:59:00.736528932Z     name = "flux-cert-generator"
2023-05-18T12:59:00.736533459Z     keygen.hostname = "flux-sample-0"
2023-05-18T12:59:00.736538091Z curve
2023-05-18T12:59:00.736542913Z     public-key = "RvD>*:Jv+32&m.iI*[S*mDJUf9t!^7(khBNX.^lA"
2023-05-18T12:59:00.736550099Z     secret-key = "Q30LR+a-tIs37ul}HFM0GCXxEFs*NVc]Sg2/xAvU"
2023-05-18T12:59:00.738940905Z
2023-05-18T12:59:00.738961521Z ðŸŒ€  flux start --wrap=strace,-e,network,-tt -o --config /etc/flux/config -Scron.directory=/etc/flux/system/cron.d   -Stbon.fanout=256   -Srundir=/run/flux    -Sstatedir=/var/lib/flux   -Slocal-uri=local:///run/flux/local -Stbon.connect_timeout=6s  -Stbon.zmqdebug=1  -Slog-stderr-level=6    -Slog-stderr-mode=local
2023-05-18T12:59:00.779311180Z 12:59:00.779110 socket(AF_NETLINK, SOCK_RAW, NETLINK_ROUTE) = 8
2023-05-18T12:59:00.779419271Z 12:59:00.779258 bind(8, {sa_family=AF_NETLINK, nl_pid=0, nl_groups=00000000}, 12) = 0
2023-05-18T12:59:00.779506255Z 12:59:00.779345 getsockname(8, {sa_family=AF_NETLINK, nl_pid=70, nl_groups=00000000}, [12]) = 0
2023-05-18T12:59:00.779764303Z 12:59:00.779423 sendto(8, {{len=20, type=RTM_GETADDR, flags=NLM_F_REQUEST|NLM_F_DUMP, seq=1684414740, pid=0}, {ifa_family=AF_UNSPEC, ...}}, 20, 0, {sa_family=AF_NETLINK, nl_pid=0, nl_groups=00000000}, 12) = 20
2023-05-18T12:59:00.780057746Z 12:59:00.779656 recvmsg(8, {msg_name={sa_family=AF_NETLINK, nl_pid=0, nl_groups=00000000}, msg_namelen=12, msg_iov=[{iov_base=[{{len=76, type=RTM_NEWADDR, flags=NLM_F_MULTI, seq=1684414740, pid=70}, {ifa_family=AF_INET, ifa_prefixlen=8, ifa_flags=IFA_F_PERMANENT, ifa_scope=RT_SCOPE_HOST, ifa_index=if_nametoindex("lo")}, [{{nla_len=8, nla_type=IFA_ADDRESS}, 127.0.0.1}, {{nla_len=8, nla_type=IFA_LOCAL}, 127.0.0.1}, {{nla_len=7, nla_type=IFA_LABEL}, "lo"}, {{nla_len=8, nla_type=IFA_FLAGS}, IFA_F_PERMANENT}, {{nla_len=20, nla_type=IFA_CACHEINFO}, {ifa_prefered=4294967295, ifa_valid=4294967295, cstamp=2048586, tstamp=2048586}}]}, {{len=88, type=RTM_NEWADDR, flags=NLM_F_MULTI, seq=1684414740, pid=70}, {ifa_family=AF_INET, ifa_prefixlen=24, ifa_flags=IFA_F_PERMANENT, ifa_scope=RT_SCOPE_UNIVERSE, ifa_index=if_nametoindex("eth0")}, [{{nla_len=8, nla_type=IFA_ADDRESS}, 10.24.0.96}, {{nla_len=8, nla_type=IFA_LOCAL}, 10.24.0.96}, {{nla_len=8, nla_type=IFA_BROADCAST}, 10.24.0.255}, {{nla_len=9, nla_type=IFA_LABEL}, "eth0"}, {{nla_len=8, nla_type=IFA_FLAGS}, IFA_F_PERMANENT}, {{nla_len=20, nla_type=IFA_CACHEINFO}, {ifa_prefered=4294967295, ifa_valid=4294967295, cstamp=2048590, tstamp=2048590}}]}], iov_len=4096}], msg_iovlen=1, msg_controllen=0, msg_flags=0}, 0) = 164
2023-05-18T12:59:00.780155853Z 12:59:00.779949 recvmsg(8, {msg_name={sa_family=AF_NETLINK, nl_pid=0, nl_groups=00000000}, msg_namelen=12, msg_iov=[{iov_base={{len=20, type=NLMSG_DONE, flags=NLM_F_MULTI, seq=1684414740, pid=70}, 0}, iov_len=4096}], msg_iovlen=1, msg_controllen=0, msg_flags=0}, 0) = 20
2023-05-18T12:59:00.780805433Z 12:59:00.780600 socket(AF_UNIX, SOCK_STREAM|SOCK_CLOEXEC|SOCK_NONBLOCK, 0) = 8
2023-05-18T12:59:00.780925682Z 12:59:00.780699 connect(8, {sa_family=AF_UNIX, sun_path="/var/run/nscd/socket"}, 110) = -1 ENOENT (No such file or directory)
2023-05-18T12:59:00.780991867Z 12:59:00.780858 socket(AF_UNIX, SOCK_STREAM|SOCK_CLOEXEC|SOCK_NONBLOCK, 0) = 8
2023-05-18T12:59:00.781086246Z 12:59:00.780945 connect(8, {sa_family=AF_UNIX, sun_path="/var/run/nscd/socket"}, 110) = -1 ENOENT (No such file or directory)
2023-05-18T12:59:00.782943193Z 12:59:00.782806 socket(AF_INET, SOCK_DGRAM|SOCK_CLOEXEC|SOCK_NONBLOCK, IPPROTO_IP) = 8
2023-05-18T12:59:00.783129764Z 12:59:00.782956 connect(8, {sa_family=AF_INET, sin_port=htons(53), sin_addr=inet_addr("169.254.169.254")}, 16) = 0
2023-05-18T12:59:00.783569905Z 12:59:00.783162 sendto(8, ".0\1\0\0\1\0\0\0\0\0\0\rflux-sample-0\fflux-"..., 76, MSG_NOSIGNAL, NULL, 0) = 76
2023-05-18T12:59:00.787593301Z 12:59:00.787390 recvfrom(8, ".0\201\203\0\1\0\0\0\1\0\0\rflux-sample-0\fflux-"..., 1024, 0, {sa_family=AF_INET, sin_port=htons(53), sin_addr=inet_addr("169.254.169.254")}, [28->16]) = 172
2023-05-18T12:59:00.787782167Z 12:59:00.787618 socket(AF_INET, SOCK_DGRAM|SOCK_CLOEXEC|SOCK_NONBLOCK, IPPROTO_IP) = 8
2023-05-18T12:59:00.787865641Z 12:59:00.787707 connect(8, {sa_family=AF_INET, sin_port=htons(53), sin_addr=inet_addr("169.254.169.254")}, 16) = 0
2023-05-18T12:59:00.788074472Z 12:59:00.787842 sendto(8, "d\307\1\0\0\1\0\0\0\0\0\0\rflux-sample-0\fflux-"..., 108, MSG_NOSIGNAL, NULL, 0) = 108
2023-05-18T12:59:00.792647480Z 12:59:00.792361 recvfrom(8, "d\307\201\203\0\1\0\0\0\1\0\0\rflux-sample-0\fflux-"..., 1024, 0, {sa_family=AF_INET, sin_port=htons(53), sin_addr=inet_addr("169.254.169.254")}, [28->16]) = 204
2023-05-18T12:59:00.792831976Z 12:59:00.792665 socket(AF_INET, SOCK_DGRAM|SOCK_CLOEXEC|SOCK_NONBLOCK, IPPROTO_IP) = 8
2023-05-18T12:59:00.792911940Z 12:59:00.792769 connect(8, {sa_family=AF_INET, sin_port=htons(53), sin_addr=inet_addr("169.254.169.254")}, 16) = 0
2023-05-18T12:59:00.793109402Z 12:59:00.792893 sendto(8, "\370\202\1\0\0\1\0\0\0\0\0\0\rflux-sample-0\fflux-"..., 94, MSG_NOSIGNAL, NULL, 0) = 94
2023-05-18T12:59:00.797056547Z 12:59:00.796788 recvfrom(8, "\370\202\201\203\0\1\0\0\0\1\0\0\rflux-sample-0\fflux-"..., 1024, 0, {sa_family=AF_INET, sin_port=htons(53), sin_addr=inet_addr("169.254.169.254")}, [28->16]) = 190
2023-05-18T12:59:00.797170608Z 12:59:00.797006 socket(AF_INET, SOCK_DGRAM|SOCK_CLOEXEC|SOCK_NONBLOCK, IPPROTO_IP) = 8
2023-05-18T12:59:00.797290785Z 12:59:00.797092 connect(8, {sa_family=AF_INET, sin_port=htons(53), sin_addr=inet_addr("169.254.169.254")}, 16) = 0
2023-05-18T12:59:00.797491576Z 12:59:00.797255 sendto(8, "\324?\1\0\0\1\0\0\0\0\0\0\rflux-sample-0\fflux-"..., 90, MSG_NOSIGNAL, NULL, 0) = 90
2023-05-18T12:59:00.800348771Z 12:59:00.800090 recvfrom(8, "\324?\201\203\0\1\0\0\0\1\0\0\rflux-sample-0\fflux-"..., 1024, 0, {sa_family=AF_INET, sin_port=htons(53), sin_addr=inet_addr("169.254.169.254")}, [28->16]) = 186
2023-05-18T12:59:00.800721870Z 12:59:00.800467 socket(AF_INET, SOCK_DGRAM|SOCK_CLOEXEC|SOCK_NONBLOCK, IPPROTO_IP) = 8
2023-05-18T12:59:00.800984223Z 12:59:00.800740 connect(8, {sa_family=AF_INET, sin_port=htons(53), sin_addr=inet_addr("169.254.169.254")}, 16) = 0
2023-05-18T12:59:00.801379554Z 12:59:00.801084 sendto(8, "!>\1\0\0\1\0\0\0\0\0\0\rflux-sample-0\fflux-"..., 111, MSG_NOSIGNAL, NULL, 0) = 111
2023-05-18T12:59:00.806457949Z 12:59:00.806260 recvfrom(8, "!>\201\203\0\1\0\0\0\1\0\0\rflux-sample-0\fflux-"..., 1024, 0, {sa_family=AF_INET, sin_port=htons(53), sin_addr=inet_addr("169.254.169.254")}, [28->16]) = 205
2023-05-18T12:59:00.806678925Z 12:59:00.806575 socket(AF_INET, SOCK_DGRAM|SOCK_CLOEXEC|SOCK_NONBLOCK, IPPROTO_IP) = 8
2023-05-18T12:59:00.806920569Z 12:59:00.806735 connect(8, {sa_family=AF_INET, sin_port=htons(53), sin_addr=inet_addr("169.254.169.254")}, 16) = 0
2023-05-18T12:59:00.807271334Z 12:59:00.806982 sendto(8, "\313\225\1\0\0\1\0\0\0\0\0\0\rflux-sample-0\fflux-"..., 97, MSG_NOSIGNAL, NULL, 0) = 97
2023-05-18T12:59:00.813089515Z 12:59:00.812853 recvfrom(8, "\313\225\201\203\0\1\0\0\0\1\0\0\rflux-sample-0\fflux-"..., 1024, 0, {sa_family=AF_INET, sin_port=htons(53), sin_addr=inet_addr("169.254.169.254")}, [28->16]) = 186
2023-05-18T12:59:00.813198123Z 12:59:00.813033 socket(AF_INET, SOCK_DGRAM|SOCK_CLOEXEC|SOCK_NONBLOCK, IPPROTO_IP) = 8
2023-05-18T12:59:00.813314914Z 12:59:00.813096 connect(8, {sa_family=AF_INET, sin_port=htons(53), sin_addr=inet_addr("169.254.169.254")}, 16) = 0
2023-05-18T12:59:00.813426025Z 12:59:00.813210 sendto(8, "\332c\1\0\0\1\0\0\0\0\0\0\rflux-sample-0\fflux-"..., 92, MSG_NOSIGNAL, NULL, 0) = 92
2023-05-18T12:59:00.819716689Z 12:59:00.819349 recvfrom(8, "\332c\201\203\0\1\0\0\0\1\0\0\rflux-sample-0\fflux-"..., 1024, 0, {sa_family=AF_INET, sin_port=htons(53), sin_addr=inet_addr("169.254.169.254")}, [28->16]) = 181
2023-05-18T12:59:00.819840593Z broker.err[1]: Warning: unable to resolve upstream peer flux-sample-0.flux-service.flux-operator.svc.cluster.local: Name or service not known
2023-05-18T12:59:00.825722901Z broker.info[1]: start: none->join 2.46439ms
2023-05-18T12:59:02.128020850Z broker.info[1]: parent-ready: join->init 1.30198s
2023-05-18T12:59:02.128252806Z 12:59:02.127934 socketpair(AF_UNIX, SOCK_STREAM|SOCK_CLOEXEC, 0, [22, 23]) = 0
2023-05-18T12:59:02.128362242Z 12:59:02.128108 socketpair(AF_UNIX, SOCK_STREAM, 0, [24, 25]) = 0
2023-05-18T12:59:02.128617674Z 12:59:02.128400 socketpair(AF_UNIX, SOCK_STREAM, 0, [26, 27]) = 0
2023-05-18T12:59:02.128881423Z 12:59:02.128669 socketpair(AF_UNIX, SOCK_STREAM, 0, [28, 29]) = 0
2023-05-18T12:59:02.153478187Z broker.info[1]: configuration updated
2023-05-18T12:59:02.270781818Z broker.info[1]: rc1.0: running /etc/flux/rc1.d/01-sched-fluxion
2023-05-18T12:59:02.282373019Z broker.info[1]: rc1.0: running /etc/flux/rc1.d/02-cron
2023-05-18T12:59:02.303389221Z broker.info[1]: rc1.0: /etc/flux/rc1 Exited (rc=0) 0.2s
2023-05-18T12:59:02.304226377Z broker.info[1]: rc1-success: init->quorum 0.176104s
2023-05-18T12:59:02.723328570Z broker.info[1]: quorum-full: quorum->run 0.418669s
2023-05-18T12:59:14.625972701Z broker.info[1]: shutdown: run->cleanup 11.9021s
2023-05-18T12:59:14.626818845Z broker.info[1]: cleanup-none: cleanup->shutdown 0.916388ms
2023-05-18T12:59:14.627808404Z broker.info[1]: children-none: shutdown->finalize 0.664159ms
2023-05-18T12:59:14.628633233Z 12:59:14.628003 socketpair(AF_UNIX, SOCK_STREAM|SOCK_CLOEXEC, 0, [22, 23]) = 0
2023-05-18T12:59:14.628972165Z 12:59:14.628698 socketpair(AF_UNIX, SOCK_STREAM, 0, [24, 25]) = 0
2023-05-18T12:59:14.629166674Z 12:59:14.629013 socketpair(AF_UNIX, SOCK_STREAM, 0, [26, 28]) = 0
2023-05-18T12:59:14.629352375Z 12:59:14.629203 socketpair(AF_UNIX, SOCK_STREAM, 0, [58, 59]) = 0
2023-05-18T12:59:14.653323805Z broker.info[1]: rc3.0: running /etc/flux/rc3.d/01-sched-fluxion
2023-05-18T12:59:14.804602031Z broker.info[1]: rc3.0: /etc/flux/rc3 Exited (rc=0) 0.2s
2023-05-18T12:59:14.805660789Z broker.info[1]: rc3-success: finalize->goodbye 0.177491s
2023-05-18T12:59:14.807033878Z broker.info[1]: goodbye: goodbye->exit 0.816209ms
2023-05-18T12:59:14.813964797Z 12:59:14.813828 +++ exited with 0 +++
2023-05-18T12:59:14.815428378Z Return value for follower worker is 0
2023-05-18T12:59:14.815639354Z The follower worker exited cleanly. Goodbye!
