2023-05-18T08:25:24.370379207Z
2023-05-18T08:25:24.370416126Z Flux username: flux
2023-05-18T08:25:24.370714336Z
2023-05-18T08:25:24.370730704Z Flux install root: /usr
2023-05-18T08:25:24.432215580Z flux user is already added.
2023-05-18T08:25:24.436150845Z flux user identifiers:
2023-05-18T08:25:24.436305126Z uid=1234(flux) gid=1234(flux) groups=1234(flux)
2023-05-18T08:25:24.436376089Z
2023-05-18T08:25:24.436385893Z As Flux prefix for flux commands: sudo -u flux -E PYTHONPATH=/opt/conda/lib/python3.10/site-packages -E PATH=/opt/conda/bin:/usr/local/sbin:/usr/local/bin:/usr/sbin:/usr/bin:/sbin:/bin -E LD_LIBRARY_PATH=/opt/conda/lib -E HOME=/home/flux
2023-05-18T08:25:24.446838332Z
2023-05-18T08:25:24.446874169Z ðŸ‘‹ Hello, I'm flux-sample-2
2023-05-18T08:25:24.447004960Z The main host is flux-sample-0
2023-05-18T08:25:24.447016067Z The working directory is /home/flux/examples/reaxff/HNS, contents include:
2023-05-18T08:25:24.449150194Z /home/flux/examples/reaxff/HNS:
2023-05-18T08:25:24.449247748Z README.txt	ffield.reax.hns  log.8Mar18.reaxc.hns.g++.1
2023-05-18T08:25:24.449257893Z data.hns-equil	in.reaxc.hns	 log.8Mar18.reaxc.hns.g++.4
2023-05-18T08:25:24.449491709Z End of file listing, if you see nothing above there are no files.
2023-05-18T08:25:24.451862620Z flux R encode --hosts=flux-sample-[0-3]
2023-05-18T08:25:24.470720801Z
2023-05-18T08:25:24.470767894Z ðŸ“¦ Resources
2023-05-18T08:25:24.473008275Z {"version": 1, "execution": {"R_lite": [{"rank": "0-3", "children": {"core": "0"}}], "starttime": 0.0, "expiration": 0.0, "nodelist": ["flux-sample-[0-3]"]}}
2023-05-18T08:25:24.473333079Z
2023-05-18T08:25:24.473349925Z ðŸ¸ Diagnostics: false
2023-05-18T08:25:24.473605917Z ðŸš©ï¸ Flux Option Flags defined
2023-05-18T08:25:24.479017221Z
2023-05-18T08:25:24.479039231Z ðŸ¦Š Independent Minister of Privilege
2023-05-18T08:25:24.480589364Z [exec]
2023-05-18T08:25:24.480606273Z allowed-users = [ "flux", "root" ]
2023-05-18T08:25:24.480611951Z allowed-shells = [ "/usr/libexec/flux/flux-shell" ]
2023-05-18T08:25:24.480851416Z
2023-05-18T08:25:24.480867428Z ðŸ¸ Broker Configuration
2023-05-18T08:25:24.482431853Z # Flux needs to know the path to the IMP executable
2023-05-18T08:25:24.482448255Z [exec]
2023-05-18T08:25:24.482454203Z imp = "/usr/libexec/flux/flux-imp"
2023-05-18T08:25:24.482460808Z
2023-05-18T08:25:24.482466915Z [access]
2023-05-18T08:25:24.482473088Z allow-guest-user = true
2023-05-18T08:25:24.482478276Z allow-root-owner = true
2023-05-18T08:25:24.482482768Z
2023-05-18T08:25:24.482487600Z # Point to resource definition generated with flux-R(1).
2023-05-18T08:25:24.482492745Z [resource]
2023-05-18T08:25:24.482498219Z path = "/etc/flux/system/R"
2023-05-18T08:25:24.482504576Z
2023-05-18T08:25:24.482511338Z [bootstrap]
2023-05-18T08:25:24.482516520Z curve_cert = "/etc/curve/curve.cert"
2023-05-18T08:25:24.482521752Z default_port = 8050
2023-05-18T08:25:24.482526428Z default_bind = "tcp://eth0:%p"
2023-05-18T08:25:24.482532387Z default_connect = "tcp://%h.flux-service.flux-operator.svc.cluster.local:%p"
2023-05-18T08:25:24.482537097Z hosts = [
2023-05-18T08:25:24.482541919Z 	{ host="flux-sample-[0-3]"},
2023-05-18T08:25:24.482548880Z ]
2023-05-18T08:25:24.482554361Z
2023-05-18T08:25:24.482559121Z [archive]
2023-05-18T08:25:24.482563769Z dbpath = "/var/lib/flux/job-archive.sqlite"
2023-05-18T08:25:24.482568463Z period = "1m"
2023-05-18T08:25:24.584430155Z busytimeout = "50s"
2023-05-18T08:25:24.584456242Z ðŸ§Šï¸ State Directory:
2023-05-18T08:25:24.584462213Z total 0
2023-05-18T08:25:24.584573951Z
2023-05-18T08:25:24.588301277Z
2023-05-18T08:25:24.588432866Z ðŸ”’ï¸ Working directory permissions:
2023-05-18T08:25:24.588550238Z total 96
2023-05-18T08:25:24.588651151Z -rwxrwxrwx 1 flux root  2517 May 17 22:32 README.txt
2023-05-18T08:25:24.588823550Z -rwxrwxrwx 1 flux root 54692 May 17 22:32 data.hns-equil
2023-05-18T08:25:24.588971861Z -rwxrwxrwx 1 flux root 13576 May 17 22:32 ffield.reax.hns
2023-05-18T08:25:24.589087502Z -rwxrwxrwx 1 flux root   870 May 17 22:32 in.reaxc.hns
2023-05-18T08:25:24.589181859Z -rwxrwxrwx 1 flux root  4172 May 17 22:32 log.8Mar18.reaxc.hns.g++.1
2023-05-18T08:25:24.589291961Z -rwxrwxrwx 1 flux root  4168 May 17 22:32 log.8Mar18.reaxc.hns.g++.4
2023-05-18T08:25:24.589403106Z
2023-05-18T08:25:24.589644237Z
2023-05-18T08:25:24.589782463Z âœ¨ Curve certificate generated by helper pod
2023-05-18T08:25:24.591481605Z #   ****  Generated on 2023-04-26 22:54:42 by CZMQ  ****
2023-05-18T08:25:24.591498035Z #   ZeroMQ CURVE **Secret** Certificate
2023-05-18T08:25:24.591504201Z #   DO NOT PROVIDE THIS FILE TO OTHER USERS nor change its permissions.
2023-05-18T08:25:24.591509261Z
2023-05-18T08:25:24.591514704Z metadata
2023-05-18T08:25:24.591520117Z     name = "flux-cert-generator"
2023-05-18T08:25:24.591525204Z     keygen.hostname = "flux-sample-0"
2023-05-18T08:25:24.591532278Z curve
2023-05-18T08:25:24.591539022Z     public-key = "vg.ivC*8ibDX.0snh>h/FWqqP{?u&>bLYjQ[<kXQ"
2023-05-18T08:25:24.591544452Z     secret-key = "!T.R{MhGbbe(>D:0QyzA0^bKyk!t{V?RwA!3mQfG"
2023-05-18T08:25:24.594129948Z
2023-05-18T08:25:24.594337016Z ðŸŒ€  flux start --wrap=strace,-e,network,-tt -o --config /etc/flux/config -Scron.directory=/etc/flux/system/cron.d   -Stbon.fanout=256   -Srundir=/run/flux    -Sstatedir=/var/lib/flux   -Slocal-uri=local:///run/flux/local -Stbon.connect_timeout=8s  -Stbon.zmqdebug=1  -Slog-stderr-level=6    -Slog-stderr-mode=local
2023-05-18T08:25:24.646340934Z 08:25:24.645985 socket(AF_NETLINK, SOCK_RAW, NETLINK_ROUTE) = 8
2023-05-18T08:25:24.646383419Z 08:25:24.646146 bind(8, {sa_family=AF_NETLINK, nl_pid=0, nl_groups=00000000}, 12) = 0
2023-05-18T08:25:24.646616077Z 08:25:24.646277 getsockname(8, {sa_family=AF_NETLINK, nl_pid=70, nl_groups=00000000}, [12]) = 0
2023-05-18T08:25:24.647017064Z 08:25:24.646546 sendto(8, {{len=20, type=RTM_GETADDR, flags=NLM_F_REQUEST|NLM_F_DUMP, seq=1684398324, pid=0}, {ifa_family=AF_UNSPEC, ...}}, 20, 0, {sa_family=AF_NETLINK, nl_pid=0, nl_groups=00000000}, 12) = 20
2023-05-18T08:25:24.647541740Z 08:25:24.646907 recvmsg(8, {msg_name={sa_family=AF_NETLINK, nl_pid=0, nl_groups=00000000}, msg_namelen=12, msg_iov=[{iov_base=[{{len=76, type=RTM_NEWADDR, flags=NLM_F_MULTI, seq=1684398324, pid=70}, {ifa_family=AF_INET, ifa_prefixlen=8, ifa_flags=IFA_F_PERMANENT, ifa_scope=RT_SCOPE_HOST, ifa_index=if_nametoindex("lo")}, [{{nla_len=8, nla_type=IFA_ADDRESS}, 127.0.0.1}, {{nla_len=8, nla_type=IFA_LOCAL}, 127.0.0.1}, {{nla_len=7, nla_type=IFA_LABEL}, "lo"}, {{nla_len=8, nla_type=IFA_FLAGS}, IFA_F_PERMANENT}, {{nla_len=20, nla_type=IFA_CACHEINFO}, {ifa_prefered=4294967295, ifa_valid=4294967295, cstamp=406739, tstamp=406739}}]}, {{len=88, type=RTM_NEWADDR, flags=NLM_F_MULTI, seq=1684398324, pid=70}, {ifa_family=AF_INET, ifa_prefixlen=24, ifa_flags=IFA_F_PERMANENT, ifa_scope=RT_SCOPE_UNIVERSE, ifa_index=if_nametoindex("eth0")}, [{{nla_len=8, nla_type=IFA_ADDRESS}, 10.24.1.163}, {{nla_len=8, nla_type=IFA_LOCAL}, 10.24.1.163}, {{nla_len=8, nla_type=IFA_BROADCAST}, 10.24.1.255}, {{nla_len=9, nla_type=IFA_LABEL}, "eth0"}, {{nla_len=8, nla_type=IFA_FLAGS}, IFA_F_PERMANENT}, {{nla_len=20, nla_type=IFA_CACHEINFO}, {ifa_prefered=4294967295, ifa_valid=4294967295, cstamp=406741, tstamp=406741}}]}], iov_len=4096}], msg_iovlen=1, msg_controllen=0, msg_flags=0}, 0) = 164
2023-05-18T08:25:24.647675438Z 08:25:24.647400 recvmsg(8, {msg_name={sa_family=AF_NETLINK, nl_pid=0, nl_groups=00000000}, msg_namelen=12, msg_iov=[{iov_base={{len=20, type=NLMSG_DONE, flags=NLM_F_MULTI, seq=1684398324, pid=70}, 0}, iov_len=4096}], msg_iovlen=1, msg_controllen=0, msg_flags=0}, 0) = 20
2023-05-18T08:25:24.648510822Z 08:25:24.648290 socket(AF_UNIX, SOCK_STREAM|SOCK_CLOEXEC|SOCK_NONBLOCK, 0) = 8
2023-05-18T08:25:24.648634095Z 08:25:24.648388 connect(8, {sa_family=AF_UNIX, sun_path="/var/run/nscd/socket"}, 110) = -1 ENOENT (No such file or directory)
2023-05-18T08:25:24.648762712Z 08:25:24.648582 socket(AF_UNIX, SOCK_STREAM|SOCK_CLOEXEC|SOCK_NONBLOCK, 0) = 8
2023-05-18T08:25:24.648877894Z 08:25:24.648676 connect(8, {sa_family=AF_UNIX, sun_path="/var/run/nscd/socket"}, 110) = -1 ENOENT (No such file or directory)
2023-05-18T08:25:24.651070864Z 08:25:24.650744 socket(AF_INET, SOCK_DGRAM|SOCK_CLOEXEC|SOCK_NONBLOCK, IPPROTO_IP) = 8
2023-05-18T08:25:24.651094061Z 08:25:24.650855 connect(8, {sa_family=AF_INET, sin_port=htons(53), sin_addr=inet_addr("169.254.169.254")}, 16) = 0
2023-05-18T08:25:24.651482487Z 08:25:24.651040 sendto(8, "\353\253\1\0\0\1\0\0\0\0\0\0\rflux-sample-0\fflux-"..., 76, MSG_NOSIGNAL, NULL, 0) = 76
2023-05-18T08:25:24.655286418Z 08:25:24.654923 recvfrom(8, "\353\253\201\200\0\1\0\1\0\0\0\0\rflux-sample-0\fflux-"..., 1024, 0, {sa_family=AF_INET, sin_port=htons(53), sin_addr=inet_addr("169.254.169.254")}, [28->16]) = 92
2023-05-18T08:25:24.660389995Z broker.info[2]: start: none->join 1.62141ms
2023-05-18T08:25:32.845763854Z broker.info[2]: parent-ready: join->init 8.1852s
2023-05-18T08:25:32.846279796Z 08:25:32.845931 socketpair(AF_UNIX, SOCK_STREAM|SOCK_CLOEXEC, 0, [22, 23]) = 0
2023-05-18T08:25:32.846300945Z 08:25:32.846100 socketpair(AF_UNIX, SOCK_STREAM, 0, [24, 25]) = 0
2023-05-18T08:25:32.846478285Z 08:25:32.846309 socketpair(AF_UNIX, SOCK_STREAM, 0, [26, 27]) = 0
2023-05-18T08:25:32.846837652Z 08:25:32.846506 socketpair(AF_UNIX, SOCK_STREAM, 0, [28, 29]) = 0
2023-05-18T08:25:32.871538187Z broker.info[2]: configuration updated
2023-05-18T08:25:32.991053512Z broker.info[2]: rc1.0: running /etc/flux/rc1.d/01-sched-fluxion
2023-05-18T08:25:33.003982500Z broker.info[2]: rc1.0: running /etc/flux/rc1.d/02-cron
2023-05-18T08:25:33.037390418Z broker.info[2]: rc1.0: /etc/flux/rc1 Exited (rc=0) 0.2s
2023-05-18T08:25:33.038548328Z broker.info[2]: rc1-success: init->quorum 0.192436s
2023-05-18T08:25:33.254061028Z broker.info[2]: quorum-full: quorum->run 0.215024s
2023-05-18T08:25:43.913243521Z broker.info[2]: shutdown: run->cleanup 10.6589s
2023-05-18T08:25:43.914519032Z broker.info[2]: cleanup-none: cleanup->shutdown 0.963219ms
2023-05-18T08:25:43.915601288Z broker.info[2]: children-none: shutdown->finalize 0.826746ms
2023-05-18T08:25:43.916215636Z 08:25:43.915956 socketpair(AF_UNIX, SOCK_STREAM|SOCK_CLOEXEC, 0, [22, 23]) = 0
2023-05-18T08:25:43.916555116Z 08:25:43.916302 socketpair(AF_UNIX, SOCK_STREAM, 0, [24, 25]) = 0
2023-05-18T08:25:43.916918575Z 08:25:43.916699 socketpair(AF_UNIX, SOCK_STREAM, 0, [26, 28]) = 0
2023-05-18T08:25:43.917178336Z 08:25:43.916951 socketpair(AF_UNIX, SOCK_STREAM, 0, [58, 59]) = 0
2023-05-18T08:25:43.935086457Z broker.info[2]: rc3.0: running /etc/flux/rc3.d/01-sched-fluxion
2023-05-18T08:25:44.068230863Z broker.info[2]: rc3.0: /etc/flux/rc3 Exited (rc=0) 0.1s
2023-05-18T08:25:44.068955480Z broker.info[2]: rc3-success: finalize->goodbye 0.1528s
2023-05-18T08:25:44.070282657Z broker.info[2]: goodbye: goodbye->exit 1.03773ms
2023-05-18T08:25:44.077776414Z 08:25:44.077546 +++ exited with 0 +++
2023-05-18T08:25:44.079252117Z Return value for follower worker is 0
2023-05-18T08:25:44.079281752Z The follower worker exited cleanly. Goodbye!
