2023-05-18T12:53:47.092208714Z
2023-05-18T12:53:47.092255614Z Flux username: flux
2023-05-18T12:53:47.092262015Z
2023-05-18T12:53:47.092269217Z Flux install root: /usr
2023-05-18T12:53:47.159448373Z flux user is already added.
2023-05-18T12:53:47.164293931Z flux user identifiers:
2023-05-18T12:53:47.164496185Z uid=1234(flux) gid=1234(flux) groups=1234(flux)
2023-05-18T12:53:47.164779184Z
2023-05-18T12:53:47.164923309Z As Flux prefix for flux commands: sudo -u flux -E PYTHONPATH=/opt/conda/lib/python3.10/site-packages -E PATH=/opt/conda/bin:/usr/local/sbin:/usr/local/bin:/usr/sbin:/usr/bin:/sbin:/bin -E LD_LIBRARY_PATH=/opt/conda/lib -E HOME=/home/flux
2023-05-18T12:53:47.178847929Z
2023-05-18T12:53:47.178886577Z 👋 Hello, I'm flux-sample-3
2023-05-18T12:53:47.178894659Z The main host is flux-sample-0
2023-05-18T12:53:47.178901404Z The working directory is /home/flux/examples/reaxff/HNS, contents include:
2023-05-18T12:53:47.183993145Z /home/flux/examples/reaxff/HNS:
2023-05-18T12:53:47.184203573Z README.txt	ffield.reax.hns  log.8Mar18.reaxc.hns.g++.1
2023-05-18T12:53:47.184215609Z data.hns-equil	in.reaxc.hns	 log.8Mar18.reaxc.hns.g++.4
2023-05-18T12:53:47.184321651Z End of file listing, if you see nothing above there are no files.
2023-05-18T12:53:47.186631872Z flux R encode --hosts=flux-sample-[0-3]
2023-05-18T12:53:47.206271786Z
2023-05-18T12:53:47.206303723Z 📦 Resources
2023-05-18T12:53:47.208059640Z {"version": 1, "execution": {"R_lite": [{"rank": "0-3", "children": {"core": "0"}}], "starttime": 0.0, "expiration": 0.0, "nodelist": ["flux-sample-[0-3]"]}}
2023-05-18T12:53:47.208271574Z
2023-05-18T12:53:47.208286193Z 🐸 Diagnostics: false
2023-05-18T12:53:47.208438045Z 🚩️ Flux Option Flags defined
2023-05-18T12:53:47.213250920Z
2023-05-18T12:53:47.213278332Z 🦊 Independent Minister of Privilege
2023-05-18T12:53:47.214742998Z [exec]
2023-05-18T12:53:47.214763225Z allowed-users = [ "flux", "root" ]
2023-05-18T12:53:47.214770312Z allowed-shells = [ "/usr/libexec/flux/flux-shell" ]
2023-05-18T12:53:47.214964671Z
2023-05-18T12:53:47.214978678Z 🐸 Broker Configuration
2023-05-18T12:53:47.216456257Z # Flux needs to know the path to the IMP executable
2023-05-18T12:53:47.216474609Z [exec]
2023-05-18T12:53:47.216480888Z imp = "/usr/libexec/flux/flux-imp"
2023-05-18T12:53:47.216485661Z
2023-05-18T12:53:47.216493242Z [access]
2023-05-18T12:53:47.216500422Z allow-guest-user = true
2023-05-18T12:53:47.216505475Z allow-root-owner = true
2023-05-18T12:53:47.216510203Z
2023-05-18T12:53:47.216515328Z # Point to resource definition generated with flux-R(1).
2023-05-18T12:53:47.216520205Z [resource]
2023-05-18T12:53:47.216525939Z path = "/etc/flux/system/R"
2023-05-18T12:53:47.216530593Z
2023-05-18T12:53:47.216537668Z [bootstrap]
2023-05-18T12:53:47.216544207Z curve_cert = "/etc/curve/curve.cert"
2023-05-18T12:53:47.216549059Z default_port = 8050
2023-05-18T12:53:47.216553634Z default_bind = "tcp://eth0:%p"
2023-05-18T12:53:47.216558954Z default_connect = "tcp://%h.flux-service.flux-operator.svc.cluster.local:%p"
2023-05-18T12:53:47.216563905Z hosts = [
2023-05-18T12:53:47.216568535Z 	{ host="flux-sample-[0-3]"},
2023-05-18T12:53:47.216573375Z ]
2023-05-18T12:53:47.216579923Z
2023-05-18T12:53:47.216586325Z [archive]
2023-05-18T12:53:47.216591981Z dbpath = "/var/lib/flux/job-archive.sqlite"
2023-05-18T12:53:47.216596916Z period = "1m"
2023-05-18T12:53:47.327361120Z busytimeout = "50s"
2023-05-18T12:53:47.327390790Z 🧊️ State Directory:
2023-05-18T12:53:47.327397600Z total 0
2023-05-18T12:53:47.327402465Z
2023-05-18T12:53:47.331118727Z
2023-05-18T12:53:47.331184797Z 🔒️ Working directory permissions:
2023-05-18T12:53:47.331194237Z total 96
2023-05-18T12:53:47.331202616Z -rwxrwxrwx 1 flux root  2517 May 17 22:32 README.txt
2023-05-18T12:53:47.331207987Z -rwxrwxrwx 1 flux root 54692 May 17 22:32 data.hns-equil
2023-05-18T12:53:47.331357595Z -rwxrwxrwx 1 flux root 13576 May 17 22:32 ffield.reax.hns
2023-05-18T12:53:47.331366522Z -rwxrwxrwx 1 flux root   870 May 17 22:32 in.reaxc.hns
2023-05-18T12:53:47.331375200Z -rwxrwxrwx 1 flux root  4172 May 17 22:32 log.8Mar18.reaxc.hns.g++.1
2023-05-18T12:53:47.331381387Z -rwxrwxrwx 1 flux root  4168 May 17 22:32 log.8Mar18.reaxc.hns.g++.4
2023-05-18T12:53:47.331386482Z
2023-05-18T12:53:47.331391144Z
2023-05-18T12:53:47.331415520Z ✨ Curve certificate generated by helper pod
2023-05-18T12:53:47.333298934Z #   ****  Generated on 2023-04-26 22:54:42 by CZMQ  ****
2023-05-18T12:53:47.333323002Z #   ZeroMQ CURVE **Secret** Certificate
2023-05-18T12:53:47.333330123Z #   DO NOT PROVIDE THIS FILE TO OTHER USERS nor change its permissions.
2023-05-18T12:53:47.333335037Z
2023-05-18T12:53:47.333340450Z metadata
2023-05-18T12:53:47.333347146Z     name = "flux-cert-generator"
2023-05-18T12:53:47.333351835Z     keygen.hostname = "flux-sample-0"
2023-05-18T12:53:47.333358993Z curve
2023-05-18T12:53:47.333365542Z     public-key = "z.P-.d/y?Wjlk!n-}pu3^(X.8%2fhhBOi4N{Z}pR"
2023-05-18T12:53:47.333371118Z     secret-key = "R/0?k2$&vqbk9upYE^h%K3G%Ym<vN%)</>:2+rE:"
2023-05-18T12:53:47.337091435Z
2023-05-18T12:53:47.337254821Z 🌀  flux start --wrap=strace,-e,network,-tt -o --config /etc/flux/config -Scron.directory=/etc/flux/system/cron.d   -Stbon.fanout=256   -Srundir=/run/flux    -Sstatedir=/var/lib/flux   -Slocal-uri=local:///run/flux/local -Stbon.connect_timeout=5s  -Stbon.zmqdebug=1  -Slog-stderr-level=6    -Slog-stderr-mode=local
2023-05-18T12:53:47.383899425Z 12:53:47.383459 socket(AF_NETLINK, SOCK_RAW, NETLINK_ROUTE) = 8
2023-05-18T12:53:47.383937657Z 12:53:47.383594 bind(8, {sa_family=AF_NETLINK, nl_pid=0, nl_groups=00000000}, 12) = 0
2023-05-18T12:53:47.383968878Z 12:53:47.383684 getsockname(8, {sa_family=AF_NETLINK, nl_pid=70, nl_groups=00000000}, [12]) = 0
2023-05-18T12:53:47.384219098Z 12:53:47.383780 sendto(8, {{len=20, type=RTM_GETADDR, flags=NLM_F_REQUEST|NLM_F_DUMP, seq=1684414427, pid=0}, {ifa_family=AF_UNSPEC, ...}}, 20, 0, {sa_family=AF_NETLINK, nl_pid=0, nl_groups=00000000}, 12) = 20
2023-05-18T12:53:47.384599314Z 12:53:47.384081 recvmsg(8, {msg_name={sa_family=AF_NETLINK, nl_pid=0, nl_groups=00000000}, msg_namelen=12, msg_iov=[{iov_base=[{{len=76, type=RTM_NEWADDR, flags=NLM_F_MULTI, seq=1684414427, pid=70}, {ifa_family=AF_INET, ifa_prefixlen=8, ifa_flags=IFA_F_PERMANENT, ifa_scope=RT_SCOPE_HOST, ifa_index=if_nametoindex("lo")}, [{{nla_len=8, nla_type=IFA_ADDRESS}, 127.0.0.1}, {{nla_len=8, nla_type=IFA_LOCAL}, 127.0.0.1}, {{nla_len=7, nla_type=IFA_LABEL}, "lo"}, {{nla_len=8, nla_type=IFA_FLAGS}, IFA_F_PERMANENT}, {{nla_len=20, nla_type=IFA_CACHEINFO}, {ifa_prefered=4294967295, ifa_valid=4294967295, cstamp=2016972, tstamp=2016972}}]}, {{len=88, type=RTM_NEWADDR, flags=NLM_F_MULTI, seq=1684414427, pid=70}, {ifa_family=AF_INET, ifa_prefixlen=24, ifa_flags=IFA_F_PERMANENT, ifa_scope=RT_SCOPE_UNIVERSE, ifa_index=if_nametoindex("eth0")}, [{{nla_len=8, nla_type=IFA_ADDRESS}, 10.24.2.159}, {{nla_len=8, nla_type=IFA_LOCAL}, 10.24.2.159}, {{nla_len=8, nla_type=IFA_BROADCAST}, 10.24.2.255}, {{nla_len=9, nla_type=IFA_LABEL}, "eth0"}, {{nla_len=8, nla_type=IFA_FLAGS}, IFA_F_PERMANENT}, {{nla_len=20, nla_type=IFA_CACHEINFO}, {ifa_prefered=4294967295, ifa_valid=4294967295, cstamp=2016975, tstamp=2016975}}]}], iov_len=4096}], msg_iovlen=1, msg_controllen=0, msg_flags=0}, 0) = 164
2023-05-18T12:53:47.384726846Z 12:53:47.384452 recvmsg(8, {msg_name={sa_family=AF_NETLINK, nl_pid=0, nl_groups=00000000}, msg_namelen=12, msg_iov=[{iov_base={{len=20, type=NLMSG_DONE, flags=NLM_F_MULTI, seq=1684414427, pid=70}, 0}, iov_len=4096}], msg_iovlen=1, msg_controllen=0, msg_flags=0}, 0) = 20
2023-05-18T12:53:47.385313514Z 12:53:47.385112 socket(AF_UNIX, SOCK_STREAM|SOCK_CLOEXEC|SOCK_NONBLOCK, 0) = 8
2023-05-18T12:53:47.385415860Z 12:53:47.385188 connect(8, {sa_family=AF_UNIX, sun_path="/var/run/nscd/socket"}, 110) = -1 ENOENT (No such file or directory)
2023-05-18T12:53:47.385498262Z 12:53:47.385349 socket(AF_UNIX, SOCK_STREAM|SOCK_CLOEXEC|SOCK_NONBLOCK, 0) = 8
2023-05-18T12:53:47.385597175Z 12:53:47.385432 connect(8, {sa_family=AF_UNIX, sun_path="/var/run/nscd/socket"}, 110) = -1 ENOENT (No such file or directory)
2023-05-18T12:53:47.387181332Z 12:53:47.386886 socket(AF_INET, SOCK_DGRAM|SOCK_CLOEXEC|SOCK_NONBLOCK, IPPROTO_IP) = 8
2023-05-18T12:53:47.387199337Z 12:53:47.386963 connect(8, {sa_family=AF_INET, sin_port=htons(53), sin_addr=inet_addr("169.254.169.254")}, 16) = 0
2023-05-18T12:53:47.387495564Z 12:53:47.387123 sendto(8, "\315e\1\0\0\1\0\0\0\0\0\0\rflux-sample-0\fflux-"..., 76, MSG_NOSIGNAL, NULL, 0) = 76
2023-05-18T12:53:47.392822444Z 12:53:47.392299 recvfrom(8, "\315e\201\203\0\1\0\0\0\1\0\0\rflux-sample-0\fflux-"..., 1024, 0, {sa_family=AF_INET, sin_port=htons(53), sin_addr=inet_addr("169.254.169.254")}, [28->16]) = 172
2023-05-18T12:53:47.392955055Z 12:53:47.392761 socket(AF_INET, SOCK_DGRAM|SOCK_CLOEXEC|SOCK_NONBLOCK, IPPROTO_IP) = 8
2023-05-18T12:53:47.393073513Z 12:53:47.392867 connect(8, {sa_family=AF_INET, sin_port=htons(53), sin_addr=inet_addr("169.254.169.254")}, 16) = 0
2023-05-18T12:53:47.393482420Z 12:53:47.393051 sendto(8, "\210B\1\0\0\1\0\0\0\0\0\0\rflux-sample-0\fflux-"..., 108, MSG_NOSIGNAL, NULL, 0) = 108
2023-05-18T12:53:47.397004815Z 12:53:47.396706 recvfrom(8, "\210B\201\203\0\1\0\0\0\1\0\0\rflux-sample-0\fflux-"..., 1024, 0, {sa_family=AF_INET, sin_port=htons(53), sin_addr=inet_addr("169.254.169.254")}, [28->16]) = 204
2023-05-18T12:53:47.397116364Z 12:53:47.396956 socket(AF_INET, SOCK_DGRAM|SOCK_CLOEXEC|SOCK_NONBLOCK, IPPROTO_IP) = 8
2023-05-18T12:53:47.397219790Z 12:53:47.397054 connect(8, {sa_family=AF_INET, sin_port=htons(53), sin_addr=inet_addr("169.254.169.254")}, 16) = 0
2023-05-18T12:53:47.397480462Z 12:53:47.397236 sendto(8, "8\335\1\0\0\1\0\0\0\0\0\0\rflux-sample-0\fflux-"..., 94, MSG_NOSIGNAL, NULL, 0) = 94
2023-05-18T12:53:47.401305404Z 12:53:47.400957 recvfrom(8, "8\335\201\203\0\1\0\0\0\1\0\0\rflux-sample-0\fflux-"..., 1024, 0, {sa_family=AF_INET, sin_port=htons(53), sin_addr=inet_addr("169.254.169.254")}, [28->16]) = 190
2023-05-18T12:53:47.401426073Z 12:53:47.401186 socket(AF_INET, SOCK_DGRAM|SOCK_CLOEXEC|SOCK_NONBLOCK, IPPROTO_IP) = 8
2023-05-18T12:53:47.401542894Z 12:53:47.401310 connect(8, {sa_family=AF_INET, sin_port=htons(53), sin_addr=inet_addr("169.254.169.254")}, 16) = 0
2023-05-18T12:53:47.401844830Z 12:53:47.401563 sendto(8, "\3766\1\0\0\1\0\0\0\0\0\0\rflux-sample-0\fflux-"..., 90, MSG_NOSIGNAL, NULL, 0) = 90
2023-05-18T12:53:47.405431216Z 12:53:47.405131 recvfrom(8, "\3766\201\203\0\1\0\0\0\1\0\0\rflux-sample-0\fflux-"..., 1024, 0, {sa_family=AF_INET, sin_port=htons(53), sin_addr=inet_addr("169.254.169.254")}, [28->16]) = 186
2023-05-18T12:53:47.405545896Z 12:53:47.405312 socket(AF_INET, SOCK_DGRAM|SOCK_CLOEXEC|SOCK_NONBLOCK, IPPROTO_IP) = 8
2023-05-18T12:53:47.405556541Z 12:53:47.405376 connect(8, {sa_family=AF_INET, sin_port=htons(53), sin_addr=inet_addr("169.254.169.254")}, 16) = 0
2023-05-18T12:53:47.405819342Z 12:53:47.405556 sendto(8, "b!\1\0\0\1\0\0\0\0\0\0\rflux-sample-0\fflux-"..., 111, MSG_NOSIGNAL, NULL, 0) = 111
2023-05-18T12:53:47.411329695Z 12:53:47.411002 recvfrom(8, "b!\201\203\0\1\0\0\0\1\0\0\rflux-sample-0\fflux-"..., 1024, 0, {sa_family=AF_INET, sin_port=htons(53), sin_addr=inet_addr("169.254.169.254")}, [28->16]) = 205
2023-05-18T12:53:47.411464266Z 12:53:47.411225 socket(AF_INET, SOCK_DGRAM|SOCK_CLOEXEC|SOCK_NONBLOCK, IPPROTO_IP) = 8
2023-05-18T12:53:47.411559247Z 12:53:47.411362 connect(8, {sa_family=AF_INET, sin_port=htons(53), sin_addr=inet_addr("169.254.169.254")}, 16) = 0
2023-05-18T12:53:47.411836121Z 12:53:47.411542 sendto(8, "M\206\1\0\0\1\0\0\0\0\0\0\rflux-sample-0\fflux-"..., 97, MSG_NOSIGNAL, NULL, 0) = 97
2023-05-18T12:53:47.418618687Z 12:53:47.418257 recvfrom(8, "M\206\201\203\0\1\0\0\0\1\0\0\rflux-sample-0\fflux-"..., 1024, 0, {sa_family=AF_INET, sin_port=htons(53), sin_addr=inet_addr("169.254.169.254")}, [28->16]) = 186
2023-05-18T12:53:47.418750569Z 12:53:47.418580 socket(AF_INET, SOCK_DGRAM|SOCK_CLOEXEC|SOCK_NONBLOCK, IPPROTO_IP) = 8
2023-05-18T12:53:47.418845490Z 12:53:47.418692 connect(8, {sa_family=AF_INET, sin_port=htons(53), sin_addr=inet_addr("169.254.169.254")}, 16) = 0
2023-05-18T12:53:47.419160189Z 12:53:47.418826 sendto(8, "\213\346\1\0\0\1\0\0\0\0\0\0\rflux-sample-0\fflux-"..., 92, MSG_NOSIGNAL, NULL, 0) = 92
2023-05-18T12:53:47.423882458Z 12:53:47.423521 recvfrom(8, "\213\346\201\203\0\1\0\0\0\1\0\0\rflux-sample-0\fflux-"..., 1024, 0, {sa_family=AF_INET, sin_port=htons(53), sin_addr=inet_addr("169.254.169.254")}, [28->16]) = 181
2023-05-18T12:53:47.424045891Z broker.err[3]: Warning: unable to resolve upstream peer flux-sample-0.flux-service.flux-operator.svc.cluster.local: Name or service not known
2023-05-18T12:53:47.429782278Z broker.info[3]: start: none->join 2.54ms
2023-05-18T12:53:48.255413378Z broker.info[3]: parent-ready: join->init 0.824442s
2023-05-18T12:53:48.255885845Z 12:53:48.254406 socketpair(AF_UNIX, SOCK_STREAM|SOCK_CLOEXEC, 0, [22, 23]) = 0
2023-05-18T12:53:48.256116563Z 12:53:48.254778 socketpair(AF_UNIX, SOCK_STREAM, 0, [24, 25]) = 0
2023-05-18T12:53:48.256269620Z 12:53:48.255151 socketpair(AF_UNIX, SOCK_STREAM, 0, [26, 27]) = 0
2023-05-18T12:53:48.256412130Z 12:53:48.255578 socketpair(AF_UNIX, SOCK_STREAM, 0, [28, 29]) = 0
2023-05-18T12:53:48.284389609Z broker.info[3]: configuration updated
2023-05-18T12:53:48.426165796Z broker.info[3]: rc1.0: running /etc/flux/rc1.d/01-sched-fluxion
2023-05-18T12:53:48.440476967Z broker.info[3]: rc1.0: running /etc/flux/rc1.d/02-cron
2023-05-18T12:53:48.469469472Z broker.info[3]: rc1.0: /etc/flux/rc1 Exited (rc=0) 0.2s
2023-05-18T12:53:48.470792567Z broker.info[3]: rc1-success: init->quorum 0.216187s
2023-05-18T12:53:48.827765069Z broker.info[3]: quorum-full: quorum->run 0.35644s
2023-05-18T12:53:49.412917758Z 12:53:49.412376 socketpair(AF_UNIX, SOCK_STREAM|SOCK_CLOEXEC, 0, [22, 23]) = 0
2023-05-18T12:53:49.413457546Z 12:53:49.412556 socketpair(AF_UNIX, SOCK_STREAM, 0, [24, 25]) = 0
2023-05-18T12:53:49.413715742Z 12:53:49.412766 socketpair(AF_UNIX, SOCK_STREAM, 0, [26, 28]) = 0
2023-05-18T12:53:49.413923782Z 12:53:49.412947 socketpair(AF_UNIX, SOCK_STREAM, 0, [58, 59]) = 0
2023-05-18T12:54:00.337376594Z broker.info[3]: shutdown: run->cleanup 11.5088s
2023-05-18T12:54:00.338923441Z broker.info[3]: cleanup-none: cleanup->shutdown 1.69162ms
2023-05-18T12:54:00.340341298Z broker.info[3]: children-none: shutdown->finalize 1.10729ms
2023-05-18T12:54:00.341295684Z 12:54:00.340424 socketpair(AF_UNIX, SOCK_STREAM|SOCK_CLOEXEC, 0, [22, 23]) = 0
2023-05-18T12:54:00.341988447Z 12:54:00.340592 socketpair(AF_UNIX, SOCK_STREAM, 0, [24, 25]) = 0
2023-05-18T12:54:00.342555478Z 12:54:00.340859 socketpair(AF_UNIX, SOCK_STREAM, 0, [26, 28]) = 0
2023-05-18T12:54:00.343165555Z 12:54:00.341128 socketpair(AF_UNIX, SOCK_STREAM, 0, [58, 59]) = 0
2023-05-18T12:54:00.361357662Z broker.info[3]: rc3.0: running /etc/flux/rc3.d/01-sched-fluxion
2023-05-18T12:54:00.502563647Z broker.info[3]: rc3.0: /etc/flux/rc3 Exited (rc=0) 0.2s
2023-05-18T12:54:00.503909162Z broker.info[3]: rc3-success: finalize->goodbye 0.163303s
2023-05-18T12:54:00.505103223Z broker.info[3]: goodbye: goodbye->exit 1.05362ms
2023-05-18T12:54:00.513256553Z 12:54:00.513018 +++ exited with 0 +++
2023-05-18T12:54:00.515349049Z Return value for follower worker is 0
2023-05-18T12:54:00.515499460Z The follower worker exited cleanly. Goodbye!
