2023-05-18T08:36:43.911837077Z
2023-05-18T08:36:43.911882967Z Flux username: flux
2023-05-18T08:36:43.911889377Z
2023-05-18T08:36:43.911894511Z Flux install root: /usr
2023-05-18T08:36:43.963724530Z flux user is already added.
2023-05-18T08:36:43.966435202Z flux user identifiers:
2023-05-18T08:36:43.966456447Z uid=1234(flux) gid=1234(flux) groups=1234(flux)
2023-05-18T08:36:43.966461665Z
2023-05-18T08:36:43.966476615Z As Flux prefix for flux commands: sudo -u flux -E PYTHONPATH=/opt/conda/lib/python3.10/site-packages -E PATH=/opt/conda/bin:/usr/local/sbin:/usr/local/bin:/usr/sbin:/usr/bin:/sbin:/bin -E LD_LIBRARY_PATH=/opt/conda/lib -E HOME=/home/flux
2023-05-18T08:36:43.975019812Z
2023-05-18T08:36:43.975044075Z ðŸ‘‹ Hello, I'm flux-sample-1
2023-05-18T08:36:43.975087452Z The main host is flux-sample-0
2023-05-18T08:36:43.975097586Z The working directory is /home/flux/examples/reaxff/HNS, contents include:
2023-05-18T08:36:43.976391719Z /home/flux/examples/reaxff/HNS:
2023-05-18T08:36:43.976410506Z README.txt	ffield.reax.hns  log.8Mar18.reaxc.hns.g++.1
2023-05-18T08:36:43.976417085Z data.hns-equil	in.reaxc.hns	 log.8Mar18.reaxc.hns.g++.4
2023-05-18T08:36:43.976897252Z End of file listing, if you see nothing above there are no files.
2023-05-18T08:36:43.978843229Z flux R encode --hosts=flux-sample-[0-3]
2023-05-18T08:36:43.992478512Z
2023-05-18T08:36:43.992505107Z ðŸ“¦ Resources
2023-05-18T08:36:43.994124239Z {"version": 1, "execution": {"R_lite": [{"rank": "0-3", "children": {"core": "0"}}], "starttime": 0.0, "expiration": 0.0, "nodelist": ["flux-sample-[0-3]"]}}
2023-05-18T08:36:43.994289034Z
2023-05-18T08:36:43.994301597Z ðŸ¸ Diagnostics: false
2023-05-18T08:36:43.994477067Z ðŸš©ï¸ Flux Option Flags defined
2023-05-18T08:36:43.998838279Z
2023-05-18T08:36:43.998860013Z ðŸ¦Š Independent Minister of Privilege
2023-05-18T08:36:44.000111796Z [exec]
2023-05-18T08:36:44.000128679Z allowed-users = [ "flux", "root" ]
2023-05-18T08:36:44.000135088Z allowed-shells = [ "/usr/libexec/flux/flux-shell" ]
2023-05-18T08:36:44.000271680Z
2023-05-18T08:36:44.000284208Z ðŸ¸ Broker Configuration
2023-05-18T08:36:44.001472118Z # Flux needs to know the path to the IMP executable
2023-05-18T08:36:44.001488716Z [exec]
2023-05-18T08:36:44.001495184Z imp = "/usr/libexec/flux/flux-imp"
2023-05-18T08:36:44.001499593Z
2023-05-18T08:36:44.001506657Z [access]
2023-05-18T08:36:44.001513222Z allow-guest-user = true
2023-05-18T08:36:44.001518439Z allow-root-owner = true
2023-05-18T08:36:44.001523187Z
2023-05-18T08:36:44.001528141Z # Point to resource definition generated with flux-R(1).
2023-05-18T08:36:44.001533256Z [resource]
2023-05-18T08:36:44.001538438Z path = "/etc/flux/system/R"
2023-05-18T08:36:44.001542971Z
2023-05-18T08:36:44.001549996Z [bootstrap]
2023-05-18T08:36:44.001555809Z curve_cert = "/etc/curve/curve.cert"
2023-05-18T08:36:44.001560758Z default_port = 8050
2023-05-18T08:36:44.001565569Z default_bind = "tcp://eth0:%p"
2023-05-18T08:36:44.001571145Z default_connect = "tcp://%h.flux-service.flux-operator.svc.cluster.local:%p"
2023-05-18T08:36:44.001575780Z hosts = [
2023-05-18T08:36:44.001580408Z 	{ host="flux-sample-[0-3]"},
2023-05-18T08:36:44.001585284Z ]
2023-05-18T08:36:44.001591941Z
2023-05-18T08:36:44.001598027Z [archive]
2023-05-18T08:36:44.001603280Z dbpath = "/var/lib/flux/job-archive.sqlite"
2023-05-18T08:36:44.001608610Z period = "1m"
2023-05-18T08:36:44.086199006Z busytimeout = "50s"
2023-05-18T08:36:44.086235137Z ðŸ§Šï¸ State Directory:
2023-05-18T08:36:44.086246148Z total 0
2023-05-18T08:36:44.086315029Z
2023-05-18T08:36:44.089895372Z
2023-05-18T08:36:44.089923380Z ðŸ”’ï¸ Working directory permissions:
2023-05-18T08:36:44.089929870Z total 96
2023-05-18T08:36:44.089943798Z -rwxrwxrwx 1 flux root  2517 May 17 22:32 README.txt
2023-05-18T08:36:44.089955780Z -rwxrwxrwx 1 flux root 54692 May 17 22:32 data.hns-equil
2023-05-18T08:36:44.090018471Z -rwxrwxrwx 1 flux root 13576 May 17 22:32 ffield.reax.hns
2023-05-18T08:36:44.090044554Z -rwxrwxrwx 1 flux root   870 May 17 22:32 in.reaxc.hns
2023-05-18T08:36:44.090129223Z -rwxrwxrwx 1 flux root  4172 May 17 22:32 log.8Mar18.reaxc.hns.g++.1
2023-05-18T08:36:44.090240554Z -rwxrwxrwx 1 flux root  4168 May 17 22:32 log.8Mar18.reaxc.hns.g++.4
2023-05-18T08:36:44.090258241Z
2023-05-18T08:36:44.090344856Z
2023-05-18T08:36:44.090355321Z âœ¨ Curve certificate generated by helper pod
2023-05-18T08:36:44.091879280Z #   ****  Generated on 2023-04-26 22:54:42 by CZMQ  ****
2023-05-18T08:36:44.091897626Z #   ZeroMQ CURVE **Secret** Certificate
2023-05-18T08:36:44.091910517Z #   DO NOT PROVIDE THIS FILE TO OTHER USERS nor change its permissions.
2023-05-18T08:36:44.091917824Z
2023-05-18T08:36:44.091934071Z metadata
2023-05-18T08:36:44.091939719Z     name = "flux-cert-generator"
2023-05-18T08:36:44.091945193Z     keygen.hostname = "flux-sample-0"
2023-05-18T08:36:44.091950015Z curve
2023-05-18T08:36:44.091967590Z     public-key = "deb(]Pv:N?^(y9PDa@{-.KH1ZLF5]P6=/=cMx*$I"
2023-05-18T08:36:44.091975441Z     secret-key = "y4-d=:tcv{M:(gk+ULdMD)n#i&)WEGN0h*s[f0B!"
2023-05-18T08:36:44.094112651Z
2023-05-18T08:36:44.094131816Z ðŸŒ€  flux start --wrap=strace,-e,network,-tt -o --config /etc/flux/config -Scron.directory=/etc/flux/system/cron.d   -Stbon.fanout=256   -Srundir=/run/flux    -Sstatedir=/var/lib/flux   -Slocal-uri=local:///run/flux/local -Stbon.connect_timeout=9s  -Stbon.zmqdebug=1  -Slog-stderr-level=6    -Slog-stderr-mode=local
2023-05-18T08:36:44.133029337Z 08:36:44.132788 socket(AF_NETLINK, SOCK_RAW, NETLINK_ROUTE) = 8
2023-05-18T08:36:44.133345675Z 08:36:44.132896 bind(8, {sa_family=AF_NETLINK, nl_pid=0, nl_groups=00000000}, 12) = 0
2023-05-18T08:36:44.133371245Z 08:36:44.133166 getsockname(8, {sa_family=AF_NETLINK, nl_pid=71, nl_groups=00000000}, [12]) = 0
2023-05-18T08:36:44.133665065Z 08:36:44.133255 sendto(8, {{len=20, type=RTM_GETADDR, flags=NLM_F_REQUEST|NLM_F_DUMP, seq=1684399004, pid=0}, {ifa_family=AF_UNSPEC, ...}}, 20, 0, {sa_family=AF_NETLINK, nl_pid=0, nl_groups=00000000}, 12) = 20
2023-05-18T08:36:44.134159820Z 08:36:44.133682 recvmsg(8, {msg_name={sa_family=AF_NETLINK, nl_pid=0, nl_groups=00000000}, msg_namelen=12, msg_iov=[{iov_base=[{{len=76, type=RTM_NEWADDR, flags=NLM_F_MULTI, seq=1684399004, pid=71}, {ifa_family=AF_INET, ifa_prefixlen=8, ifa_flags=IFA_F_PERMANENT, ifa_scope=RT_SCOPE_HOST, ifa_index=if_nametoindex("lo")}, [{{nla_len=8, nla_type=IFA_ADDRESS}, 127.0.0.1}, {{nla_len=8, nla_type=IFA_LOCAL}, 127.0.0.1}, {{nla_len=7, nla_type=IFA_LABEL}, "lo"}, {{nla_len=8, nla_type=IFA_FLAGS}, IFA_F_PERMANENT}, {{nla_len=20, nla_type=IFA_CACHEINFO}, {ifa_prefered=4294967295, ifa_valid=4294967295, cstamp=474644, tstamp=474644}}]}, {{len=88, type=RTM_NEWADDR, flags=NLM_F_MULTI, seq=1684399004, pid=71}, {ifa_family=AF_INET, ifa_prefixlen=24, ifa_flags=IFA_F_PERMANENT, ifa_scope=RT_SCOPE_UNIVERSE, ifa_index=if_nametoindex("eth0")}, [{{nla_len=8, nla_type=IFA_ADDRESS}, 10.24.3.189}, {{nla_len=8, nla_type=IFA_LOCAL}, 10.24.3.189}, {{nla_len=8, nla_type=IFA_BROADCAST}, 10.24.3.255}, {{nla_len=9, nla_type=IFA_LABEL}, "eth0"}, {{nla_len=8, nla_type=IFA_FLAGS}, IFA_F_PERMANENT}, {{nla_len=20, nla_type=IFA_CACHEINFO}, {ifa_prefered=4294967295, ifa_valid=4294967295, cstamp=474648, tstamp=474648}}]}], iov_len=4096}], msg_iovlen=1, msg_controllen=0, msg_flags=0}, 0) = 164
2023-05-18T08:36:44.134333106Z 08:36:44.134000 recvmsg(8, {msg_name={sa_family=AF_NETLINK, nl_pid=0, nl_groups=00000000}, msg_namelen=12, msg_iov=[{iov_base={{len=20, type=NLMSG_DONE, flags=NLM_F_MULTI, seq=1684399004, pid=71}, 0}, iov_len=4096}], msg_iovlen=1, msg_controllen=0, msg_flags=0}, 0) = 20
2023-05-18T08:36:44.134708620Z 08:36:44.134563 socket(AF_UNIX, SOCK_STREAM|SOCK_CLOEXEC|SOCK_NONBLOCK, 0) = 8
2023-05-18T08:36:44.134841546Z 08:36:44.134639 connect(8, {sa_family=AF_UNIX, sun_path="/var/run/nscd/socket"}, 110) = -1 ENOENT (No such file or directory)
2023-05-18T08:36:44.134954122Z 08:36:44.134748 socket(AF_UNIX, SOCK_STREAM|SOCK_CLOEXEC|SOCK_NONBLOCK, 0) = 8
2023-05-18T08:36:44.134975667Z 08:36:44.134803 connect(8, {sa_family=AF_UNIX, sun_path="/var/run/nscd/socket"}, 110) = -1 ENOENT (No such file or directory)
2023-05-18T08:36:44.136422048Z 08:36:44.136147 socket(AF_INET, SOCK_DGRAM|SOCK_CLOEXEC|SOCK_NONBLOCK, IPPROTO_IP) = 8
2023-05-18T08:36:44.137109759Z 08:36:44.136223 connect(8, {sa_family=AF_INET, sin_port=htons(53), sin_addr=inet_addr("169.254.169.254")}, 16) = 0
2023-05-18T08:36:44.137164547Z 08:36:44.136340 sendto(8, "B\374\1\0\0\1\0\0\0\0\0\0\rflux-sample-0\fflux-"..., 76, MSG_NOSIGNAL, NULL, 0) = 76
2023-05-18T08:36:44.140441265Z 08:36:44.140152 recvfrom(8, "B\374\201\200\0\1\0\1\0\0\0\0\rflux-sample-0\fflux-"..., 1024, 0, {sa_family=AF_INET, sin_port=htons(53), sin_addr=inet_addr("169.254.169.254")}, [28->16]) = 92
2023-05-18T08:36:44.145453083Z broker.info[1]: start: none->join 2.09875ms
2023-05-18T08:36:53.361905699Z broker.info[1]: parent-ready: join->init 9.21628s
2023-05-18T08:36:53.362652261Z 08:36:53.361922 socketpair(AF_UNIX, SOCK_STREAM|SOCK_CLOEXEC, 0, [22, 23]) = 0
2023-05-18T08:36:53.362768120Z 08:36:53.362586 socketpair(AF_UNIX, SOCK_STREAM, 0, [24, 25]) = 0
2023-05-18T08:36:53.363168945Z 08:36:53.362941 socketpair(AF_UNIX, SOCK_STREAM, 0, [26, 27]) = 0
2023-05-18T08:36:53.363540193Z 08:36:53.363268 socketpair(AF_UNIX, SOCK_STREAM, 0, [28, 29]) = 0
2023-05-18T08:36:53.389196131Z broker.info[1]: configuration updated
2023-05-18T08:36:53.525137671Z broker.info[1]: rc1.0: running /etc/flux/rc1.d/01-sched-fluxion
2023-05-18T08:36:53.537422884Z broker.info[1]: rc1.0: running /etc/flux/rc1.d/02-cron
2023-05-18T08:36:53.560161411Z broker.info[1]: rc1.0: /etc/flux/rc1 Exited (rc=0) 0.2s
2023-05-18T08:36:53.560835577Z broker.info[1]: rc1-success: init->quorum 0.19872s
2023-05-18T08:36:54.594573056Z broker.info[1]: quorum-full: quorum->run 1.03321s
2023-05-18T08:37:05.243569392Z broker.info[1]: shutdown: run->cleanup 10.649s
2023-05-18T08:37:05.245243341Z broker.info[1]: cleanup-none: cleanup->shutdown 1.12851ms
2023-05-18T08:37:05.246386522Z broker.info[1]: children-none: shutdown->finalize 1.06566ms
2023-05-18T08:37:05.246662108Z 08:37:05.246255 socketpair(AF_UNIX, SOCK_STREAM|SOCK_CLOEXEC, 0, [22, 23]) = 0
2023-05-18T08:37:05.246678681Z 08:37:05.246413 socketpair(AF_UNIX, SOCK_STREAM, 0, [24, 25]) = 0
2023-05-18T08:37:05.246882644Z 08:37:05.246655 socketpair(AF_UNIX, SOCK_STREAM, 0, [26, 28]) = 0
2023-05-18T08:37:05.247134196Z 08:37:05.246885 socketpair(AF_UNIX, SOCK_STREAM, 0, [58, 59]) = 0
2023-05-18T08:37:05.267152099Z broker.info[1]: rc3.0: running /etc/flux/rc3.d/01-sched-fluxion
2023-05-18T08:37:05.384180074Z broker.info[1]: rc3.0: /etc/flux/rc3 Exited (rc=0) 0.1s
2023-05-18T08:37:05.385410299Z broker.info[1]: rc3-success: finalize->goodbye 0.139024s
2023-05-18T08:37:05.386906003Z broker.info[1]: goodbye: goodbye->exit 0.990526ms
2023-05-18T08:37:05.405385652Z 08:37:05.405144 +++ exited with 0 +++
2023-05-18T08:37:05.407027187Z Return value for follower worker is 0
2023-05-18T08:37:05.407339691Z The follower worker exited cleanly. Goodbye!
