2023-05-18T08:24:07.472388901Z
2023-05-18T08:24:07.472597655Z Flux username: flux
2023-05-18T08:24:07.472607275Z
2023-05-18T08:24:07.472612536Z Flux install root: /usr
2023-05-18T08:24:07.515878022Z flux user is already added.
2023-05-18T08:24:07.518753575Z flux user identifiers:
2023-05-18T08:24:07.518776247Z uid=1234(flux) gid=1234(flux) groups=1234(flux)
2023-05-18T08:24:07.518782100Z
2023-05-18T08:24:07.518788368Z As Flux prefix for flux commands: sudo -u flux -E PYTHONPATH=/opt/conda/lib/python3.10/site-packages -E PATH=/opt/conda/bin:/usr/local/sbin:/usr/local/bin:/usr/sbin:/usr/bin:/sbin:/bin -E LD_LIBRARY_PATH=/opt/conda/lib -E HOME=/home/flux
2023-05-18T08:24:07.527048209Z
2023-05-18T08:24:07.527091823Z ðŸ‘‹ Hello, I'm flux-sample-1
2023-05-18T08:24:07.527097830Z The main host is flux-sample-0
2023-05-18T08:24:07.527103244Z The working directory is /home/flux/examples/reaxff/HNS, contents include:
2023-05-18T08:24:07.529803460Z /home/flux/examples/reaxff/HNS:
2023-05-18T08:24:07.529922451Z README.txt	ffield.reax.hns  log.8Mar18.reaxc.hns.g++.1
2023-05-18T08:24:07.529933812Z data.hns-equil	in.reaxc.hns	 log.8Mar18.reaxc.hns.g++.4
2023-05-18T08:24:07.530939791Z End of file listing, if you see nothing above there are no files.
2023-05-18T08:24:07.533377255Z flux R encode --hosts=flux-sample-[0-3]
2023-05-18T08:24:07.547940794Z
2023-05-18T08:24:07.547967453Z ðŸ“¦ Resources
2023-05-18T08:24:07.550463277Z {"version": 1, "execution": {"R_lite": [{"rank": "0-3", "children": {"core": "0"}}], "starttime": 0.0, "expiration": 0.0, "nodelist": ["flux-sample-[0-3]"]}}
2023-05-18T08:24:07.551278112Z
2023-05-18T08:24:07.551459750Z ðŸ¸ Diagnostics: false
2023-05-18T08:24:07.551764654Z ðŸš©ï¸ Flux Option Flags defined
2023-05-18T08:24:07.555818651Z
2023-05-18T08:24:07.555837011Z ðŸ¦Š Independent Minister of Privilege
2023-05-18T08:24:07.557038974Z [exec]
2023-05-18T08:24:07.557078702Z allowed-users = [ "flux", "root" ]
2023-05-18T08:24:07.557087136Z allowed-shells = [ "/usr/libexec/flux/flux-shell" ]
2023-05-18T08:24:07.557276127Z
2023-05-18T08:24:07.557288753Z ðŸ¸ Broker Configuration
2023-05-18T08:24:07.558617883Z # Flux needs to know the path to the IMP executable
2023-05-18T08:24:07.558634470Z [exec]
2023-05-18T08:24:07.558640971Z imp = "/usr/libexec/flux/flux-imp"
2023-05-18T08:24:07.558646075Z
2023-05-18T08:24:07.558650672Z [access]
2023-05-18T08:24:07.558655992Z allow-guest-user = true
2023-05-18T08:24:07.558660658Z allow-root-owner = true
2023-05-18T08:24:07.558665003Z
2023-05-18T08:24:07.558671916Z # Point to resource definition generated with flux-R(1).
2023-05-18T08:24:07.558677524Z [resource]
2023-05-18T08:24:07.558682772Z path = "/etc/flux/system/R"
2023-05-18T08:24:07.558687401Z
2023-05-18T08:24:07.558691976Z [bootstrap]
2023-05-18T08:24:07.558696992Z curve_cert = "/etc/curve/curve.cert"
2023-05-18T08:24:07.558701894Z default_port = 8050
2023-05-18T08:24:07.558707288Z default_bind = "tcp://eth0:%p"
2023-05-18T08:24:07.558721829Z default_connect = "tcp://%h.flux-service.flux-operator.svc.cluster.local:%p"
2023-05-18T08:24:07.558727429Z hosts = [
2023-05-18T08:24:07.558732275Z 	{ host="flux-sample-[0-3]"},
2023-05-18T08:24:07.558737145Z ]
2023-05-18T08:24:07.558741488Z
2023-05-18T08:24:07.558746004Z [archive]
2023-05-18T08:24:07.558751148Z dbpath = "/var/lib/flux/job-archive.sqlite"
2023-05-18T08:24:07.558755770Z period = "1m"
2023-05-18T08:24:07.639551692Z busytimeout = "50s"
2023-05-18T08:24:07.639578218Z ðŸ§Šï¸ State Directory:
2023-05-18T08:24:07.639584807Z total 0
2023-05-18T08:24:07.639589548Z
2023-05-18T08:24:07.642438362Z
2023-05-18T08:24:07.642462066Z ðŸ”’ï¸ Working directory permissions:
2023-05-18T08:24:07.642467949Z total 96
2023-05-18T08:24:07.642473837Z -rwxrwxrwx 1 flux root  2517 May 17 22:32 README.txt
2023-05-18T08:24:07.642478981Z -rwxrwxrwx 1 flux root 54692 May 17 22:32 data.hns-equil
2023-05-18T08:24:07.642483962Z -rwxrwxrwx 1 flux root 13576 May 17 22:32 ffield.reax.hns
2023-05-18T08:24:07.642488584Z -rwxrwxrwx 1 flux root   870 May 17 22:32 in.reaxc.hns
2023-05-18T08:24:07.642493793Z -rwxrwxrwx 1 flux root  4172 May 17 22:32 log.8Mar18.reaxc.hns.g++.1
2023-05-18T08:24:07.642642969Z -rwxrwxrwx 1 flux root  4168 May 17 22:32 log.8Mar18.reaxc.hns.g++.4
2023-05-18T08:24:07.642653209Z
2023-05-18T08:24:07.642657764Z
2023-05-18T08:24:07.642663409Z âœ¨ Curve certificate generated by helper pod
2023-05-18T08:24:07.644152124Z #   ****  Generated on 2023-04-26 22:54:42 by CZMQ  ****
2023-05-18T08:24:07.644169257Z #   ZeroMQ CURVE **Secret** Certificate
2023-05-18T08:24:07.644174907Z #   DO NOT PROVIDE THIS FILE TO OTHER USERS nor change its permissions.
2023-05-18T08:24:07.644179988Z
2023-05-18T08:24:07.644185295Z metadata
2023-05-18T08:24:07.644192965Z     name = "flux-cert-generator"
2023-05-18T08:24:07.644198950Z     keygen.hostname = "flux-sample-0"
2023-05-18T08:24:07.644203978Z curve
2023-05-18T08:24:07.644208928Z     public-key = "FODU^3&&LXz{Ie&W&u=dMD8V+HUn(*73Qd{-VM)0"
2023-05-18T08:24:07.644213913Z     secret-key = "Bt.B[L/F@EdF}yjw*+lu%cJ[jLc=[^zv?^AkFRTY"
2023-05-18T08:24:07.652074250Z
2023-05-18T08:24:07.652095092Z ðŸŒ€  flux start --wrap=strace,-e,network,-tt -o --config /etc/flux/config -Scron.directory=/etc/flux/system/cron.d   -Stbon.fanout=256   -Srundir=/run/flux    -Sstatedir=/var/lib/flux   -Slocal-uri=local:///run/flux/local -Stbon.connect_timeout=8s  -Stbon.zmqdebug=1  -Slog-stderr-level=6    -Slog-stderr-mode=local
2023-05-18T08:24:07.695159258Z 08:24:07.694755 socket(AF_NETLINK, SOCK_RAW, NETLINK_ROUTE) = 8
2023-05-18T08:24:07.695190641Z 08:24:07.695017 bind(8, {sa_family=AF_NETLINK, nl_pid=0, nl_groups=00000000}, 12) = 0
2023-05-18T08:24:07.695443513Z 08:24:07.695274 getsockname(8, {sa_family=AF_NETLINK, nl_pid=71, nl_groups=00000000}, [12]) = 0
2023-05-18T08:24:07.695894455Z 08:24:07.695479 sendto(8, {{len=20, type=RTM_GETADDR, flags=NLM_F_REQUEST|NLM_F_DUMP, seq=1684398247, pid=0}, {ifa_family=AF_UNSPEC, ...}}, 20, 0, {sa_family=AF_NETLINK, nl_pid=0, nl_groups=00000000}, 12) = 20
2023-05-18T08:24:07.696316549Z 08:24:07.695784 recvmsg(8, {msg_name={sa_family=AF_NETLINK, nl_pid=0, nl_groups=00000000}, msg_namelen=12, msg_iov=[{iov_base=[{{len=76, type=RTM_NEWADDR, flags=NLM_F_MULTI, seq=1684398247, pid=71}, {ifa_family=AF_INET, ifa_prefixlen=8, ifa_flags=IFA_F_PERMANENT, ifa_scope=RT_SCOPE_HOST, ifa_index=if_nametoindex("lo")}, [{{nla_len=8, nla_type=IFA_ADDRESS}, 127.0.0.1}, {{nla_len=8, nla_type=IFA_LOCAL}, 127.0.0.1}, {{nla_len=7, nla_type=IFA_LABEL}, "lo"}, {{nla_len=8, nla_type=IFA_FLAGS}, IFA_F_PERMANENT}, {{nla_len=20, nla_type=IFA_CACHEINFO}, {ifa_prefered=4294967295, ifa_valid=4294967295, cstamp=399005, tstamp=399005}}]}, {{len=88, type=RTM_NEWADDR, flags=NLM_F_MULTI, seq=1684398247, pid=71}, {ifa_family=AF_INET, ifa_prefixlen=24, ifa_flags=IFA_F_PERMANENT, ifa_scope=RT_SCOPE_UNIVERSE, ifa_index=if_nametoindex("eth0")}, [{{nla_len=8, nla_type=IFA_ADDRESS}, 10.24.3.160}, {{nla_len=8, nla_type=IFA_LOCAL}, 10.24.3.160}, {{nla_len=8, nla_type=IFA_BROADCAST}, 10.24.3.255}, {{nla_len=9, nla_type=IFA_LABEL}, "eth0"}, {{nla_len=8, nla_type=IFA_FLAGS}, IFA_F_PERMANENT}, {{nla_len=20, nla_type=IFA_CACHEINFO}, {ifa_prefered=4294967295, ifa_valid=4294967295, cstamp=399009, tstamp=399009}}]}], iov_len=4096}], msg_iovlen=1, msg_controllen=0, msg_flags=0}, 0) = 164
2023-05-18T08:24:07.696336919Z 08:24:07.696162 recvmsg(8, {msg_name={sa_family=AF_NETLINK, nl_pid=0, nl_groups=00000000}, msg_namelen=12, msg_iov=[{iov_base={{len=20, type=NLMSG_DONE, flags=NLM_F_MULTI, seq=1684398247, pid=71}, 0}, iov_len=4096}], msg_iovlen=1, msg_controllen=0, msg_flags=0}, 0) = 20
2023-05-18T08:24:07.697117244Z 08:24:07.696926 socket(AF_UNIX, SOCK_STREAM|SOCK_CLOEXEC|SOCK_NONBLOCK, 0) = 8
2023-05-18T08:24:07.697290056Z 08:24:07.697134 connect(8, {sa_family=AF_UNIX, sun_path="/var/run/nscd/socket"}, 110) = -1 ENOENT (No such file or directory)
2023-05-18T08:24:07.697527856Z 08:24:07.697378 socket(AF_UNIX, SOCK_STREAM|SOCK_CLOEXEC|SOCK_NONBLOCK, 0) = 8
2023-05-18T08:24:07.697778596Z 08:24:07.697558 connect(8, {sa_family=AF_UNIX, sun_path="/var/run/nscd/socket"}, 110) = -1 ENOENT (No such file or directory)
2023-05-18T08:24:07.700963981Z 08:24:07.700575 socket(AF_INET, SOCK_DGRAM|SOCK_CLOEXEC|SOCK_NONBLOCK, IPPROTO_IP) = 8
2023-05-18T08:24:07.701115059Z 08:24:07.700773 connect(8, {sa_family=AF_INET, sin_port=htons(53), sin_addr=inet_addr("169.254.169.254")}, 16) = 0
2023-05-18T08:24:07.701522579Z 08:24:07.700993 sendto(8, "\336\372\1\0\0\1\0\0\0\0\0\0\rflux-sample-0\fflux-"..., 76, MSG_NOSIGNAL, NULL, 0) = 76
2023-05-18T08:24:07.706207303Z 08:24:07.705793 recvfrom(8, "\336\372\201\200\0\1\0\1\0\0\0\0\rflux-sample-0\fflux-"..., 1024, 0, {sa_family=AF_INET, sin_port=htons(53), sin_addr=inet_addr("169.254.169.254")}, [28->16]) = 92
2023-05-18T08:24:07.711712130Z broker.info[1]: start: none->join 1.80763ms
2023-05-18T08:24:15.835438101Z broker.info[1]: parent-ready: join->init 8.1215s
2023-05-18T08:24:15.835502959Z 08:24:15.833356 socketpair(AF_UNIX, SOCK_STREAM|SOCK_CLOEXEC, 0, [22, 23]) = 0
2023-05-18T08:24:15.835511435Z 08:24:15.833470 socketpair(AF_UNIX, SOCK_STREAM, 0, [24, 25]) = 0
2023-05-18T08:24:15.835517106Z 08:24:15.833636 socketpair(AF_UNIX, SOCK_STREAM, 0, [26, 27]) = 0
2023-05-18T08:24:15.835522311Z 08:24:15.833787 socketpair(AF_UNIX, SOCK_STREAM, 0, [28, 29]) = 0
2023-05-18T08:24:15.871062869Z broker.info[1]: configuration updated
2023-05-18T08:24:16.027883531Z broker.info[1]: rc1.0: running /etc/flux/rc1.d/01-sched-fluxion
2023-05-18T08:24:16.042632572Z broker.info[1]: rc1.0: running /etc/flux/rc1.d/02-cron
2023-05-18T08:24:16.074603452Z broker.info[1]: rc1.0: /etc/flux/rc1 Exited (rc=0) 0.2s
2023-05-18T08:24:16.075293645Z broker.info[1]: rc1-success: init->quorum 0.241783s
2023-05-18T08:24:16.291405571Z broker.info[1]: quorum-full: quorum->run 0.215848s
2023-05-18T08:24:26.913968293Z broker.info[1]: shutdown: run->cleanup 10.622s
2023-05-18T08:24:26.915438348Z broker.info[1]: cleanup-none: cleanup->shutdown 1.42746ms
2023-05-18T08:24:26.916923099Z broker.info[1]: children-none: shutdown->finalize 0.922282ms
2023-05-18T08:24:26.917505441Z 08:24:26.917163 socketpair(AF_UNIX, SOCK_STREAM|SOCK_CLOEXEC, 0, [22, 23]) = 0
2023-05-18T08:24:26.917529541Z 08:24:26.917348 socketpair(AF_UNIX, SOCK_STREAM, 0, [24, 25]) = 0
2023-05-18T08:24:26.917867183Z 08:24:26.917713 socketpair(AF_UNIX, SOCK_STREAM, 0, [26, 28]) = 0
2023-05-18T08:24:26.918247028Z 08:24:26.918096 socketpair(AF_UNIX, SOCK_STREAM, 0, [58, 59]) = 0
2023-05-18T08:24:26.936380550Z broker.info[1]: rc3.0: running /etc/flux/rc3.d/01-sched-fluxion
2023-05-18T08:24:27.057037586Z broker.info[1]: rc3.0: /etc/flux/rc3 Exited (rc=0) 0.1s
2023-05-18T08:24:27.058209539Z broker.info[1]: rc3-success: finalize->goodbye 0.140884s
2023-05-18T08:24:27.059752078Z broker.info[1]: goodbye: goodbye->exit 1.03426ms
2023-05-18T08:24:27.068384923Z 08:24:27.068111 +++ exited with 0 +++
2023-05-18T08:24:27.069913896Z Return value for follower worker is 0
2023-05-18T08:24:27.070030053Z The follower worker exited cleanly. Goodbye!
