2023-05-18T13:15:35.192998692Z
2023-05-18T13:15:35.193057797Z Flux username: flux
2023-05-18T13:15:35.193064430Z
2023-05-18T13:15:35.193070034Z Flux install root: /usr
2023-05-18T13:15:35.242181639Z flux user is already added.
2023-05-18T13:15:35.245243860Z flux user identifiers:
2023-05-18T13:15:35.245278834Z uid=1234(flux) gid=1234(flux) groups=1234(flux)
2023-05-18T13:15:35.245284720Z
2023-05-18T13:15:35.245290810Z As Flux prefix for flux commands: sudo -u flux -E PYTHONPATH=/opt/conda/lib/python3.10/site-packages -E PATH=/opt/conda/bin:/usr/local/sbin:/usr/local/bin:/usr/sbin:/usr/bin:/sbin:/bin -E LD_LIBRARY_PATH=/opt/conda/lib -E HOME=/home/flux
2023-05-18T13:15:35.253819936Z
2023-05-18T13:15:35.253877724Z ðŸ‘‹ Hello, I'm flux-sample-3
2023-05-18T13:15:35.254108569Z The main host is flux-sample-0
2023-05-18T13:15:35.254123789Z The working directory is /home/flux/examples/reaxff/HNS, contents include:
2023-05-18T13:15:35.256258914Z /home/flux/examples/reaxff/HNS:
2023-05-18T13:15:35.256403551Z README.txt	ffield.reax.hns  log.8Mar18.reaxc.hns.g++.1
2023-05-18T13:15:35.256416702Z data.hns-equil	in.reaxc.hns	 log.8Mar18.reaxc.hns.g++.4
2023-05-18T13:15:35.256574149Z End of file listing, if you see nothing above there are no files.
2023-05-18T13:15:35.259314193Z flux R encode --hosts=flux-sample-[0-3]
2023-05-18T13:15:35.274270304Z
2023-05-18T13:15:35.274302918Z ðŸ“¦ Resources
2023-05-18T13:15:35.275776373Z {"version": 1, "execution": {"R_lite": [{"rank": "0-3", "children": {"core": "0"}}], "starttime": 0.0, "expiration": 0.0, "nodelist": ["flux-sample-[0-3]"]}}
2023-05-18T13:15:35.275984402Z
2023-05-18T13:15:35.276009562Z ðŸ¸ Diagnostics: false
2023-05-18T13:15:35.276209845Z ðŸš©ï¸ Flux Option Flags defined
2023-05-18T13:15:35.280047809Z
2023-05-18T13:15:35.280075604Z ðŸ¦Š Independent Minister of Privilege
2023-05-18T13:15:35.281338208Z [exec]
2023-05-18T13:15:35.281358894Z allowed-users = [ "flux", "root" ]
2023-05-18T13:15:35.281364979Z allowed-shells = [ "/usr/libexec/flux/flux-shell" ]
2023-05-18T13:15:35.281519972Z
2023-05-18T13:15:35.281532355Z ðŸ¸ Broker Configuration
2023-05-18T13:15:35.285754723Z # Flux needs to know the path to the IMP executable
2023-05-18T13:15:35.285783975Z [exec]
2023-05-18T13:15:35.285790369Z imp = "/usr/libexec/flux/flux-imp"
2023-05-18T13:15:35.285795170Z
2023-05-18T13:15:35.285801987Z [access]
2023-05-18T13:15:35.285809196Z allow-guest-user = true
2023-05-18T13:15:35.285813921Z allow-root-owner = true
2023-05-18T13:15:35.285818270Z
2023-05-18T13:15:35.285855655Z # Point to resource definition generated with flux-R(1).
2023-05-18T13:15:35.285865273Z [resource]
2023-05-18T13:15:35.285870818Z path = "/etc/flux/system/R"
2023-05-18T13:15:35.285875385Z
2023-05-18T13:15:35.285880164Z [bootstrap]
2023-05-18T13:15:35.285885490Z curve_cert = "/etc/curve/curve.cert"
2023-05-18T13:15:35.285889956Z default_port = 8050
2023-05-18T13:15:35.285894412Z default_bind = "tcp://eth0:%p"
2023-05-18T13:15:35.285901494Z default_connect = "tcp://%h.flux-service.flux-operator.svc.cluster.local:%p"
2023-05-18T13:15:35.285908093Z hosts = [
2023-05-18T13:15:35.285912853Z 	{ host="flux-sample-[0-3]"},
2023-05-18T13:15:35.285917202Z ]
2023-05-18T13:15:35.285921453Z
2023-05-18T13:15:35.285926077Z [archive]
2023-05-18T13:15:35.285931049Z dbpath = "/var/lib/flux/job-archive.sqlite"
2023-05-18T13:15:35.285935534Z period = "1m"
2023-05-18T13:15:35.377827611Z busytimeout = "50s"
2023-05-18T13:15:35.377858137Z ðŸ§Šï¸ State Directory:
2023-05-18T13:15:35.377864020Z total 0
2023-05-18T13:15:35.377869548Z
2023-05-18T13:15:35.380864712Z
2023-05-18T13:15:35.380905216Z ðŸ”’ï¸ Working directory permissions:
2023-05-18T13:15:35.380911551Z total 96
2023-05-18T13:15:35.380917330Z -rwxrwxrwx 1 flux root  2517 May 17 22:32 README.txt
2023-05-18T13:15:35.380922188Z -rwxrwxrwx 1 flux root 54692 May 17 22:32 data.hns-equil
2023-05-18T13:15:35.380927189Z -rwxrwxrwx 1 flux root 13576 May 17 22:32 ffield.reax.hns
2023-05-18T13:15:35.380932122Z -rwxrwxrwx 1 flux root   870 May 17 22:32 in.reaxc.hns
2023-05-18T13:15:35.380938262Z -rwxrwxrwx 1 flux root  4172 May 17 22:32 log.8Mar18.reaxc.hns.g++.1
2023-05-18T13:15:35.380943381Z -rwxrwxrwx 1 flux root  4168 May 17 22:32 log.8Mar18.reaxc.hns.g++.4
2023-05-18T13:15:35.380949662Z
2023-05-18T13:15:35.380955842Z
2023-05-18T13:15:35.380960792Z âœ¨ Curve certificate generated by helper pod
2023-05-18T13:15:35.382323005Z #   ****  Generated on 2023-04-26 22:54:42 by CZMQ  ****
2023-05-18T13:15:35.382356430Z #   ZeroMQ CURVE **Secret** Certificate
2023-05-18T13:15:35.382363665Z #   DO NOT PROVIDE THIS FILE TO OTHER USERS nor change its permissions.
2023-05-18T13:15:35.382377735Z
2023-05-18T13:15:35.382383198Z metadata
2023-05-18T13:15:35.382390778Z     name = "flux-cert-generator"
2023-05-18T13:15:35.382396735Z     keygen.hostname = "flux-sample-0"
2023-05-18T13:15:35.382401573Z curve
2023-05-18T13:15:35.382406625Z     public-key = "1kLrw.)b-d=YC66qo2XxbqDuz4M4j+xLT&M4q$Fv"
2023-05-18T13:15:35.382411540Z     secret-key = "6>w{b4[g^J]lmHu+PXL84wJt)<%BhIi0c7NT&Rj3"
2023-05-18T13:15:35.384416369Z
2023-05-18T13:15:35.384454817Z ðŸŒ€  flux start --wrap=strace,-e,network,-tt -o --config /etc/flux/config -Scron.directory=/etc/flux/system/cron.d   -Stbon.fanout=256   -Srundir=/run/flux    -Sstatedir=/var/lib/flux   -Slocal-uri=local:///run/flux/local -Stbon.connect_timeout=8s  -Stbon.zmqdebug=1  -Slog-stderr-level=6    -Slog-stderr-mode=local
2023-05-18T13:15:35.424815955Z 13:15:35.424369 socket(AF_NETLINK, SOCK_RAW, NETLINK_ROUTE) = 8
2023-05-18T13:15:35.425197054Z 13:15:35.424899 bind(8, {sa_family=AF_NETLINK, nl_pid=0, nl_groups=00000000}, 12) = 0
2023-05-18T13:15:35.425931824Z 13:15:35.425224 getsockname(8, {sa_family=AF_NETLINK, nl_pid=70, nl_groups=00000000}, [12]) = 0
2023-05-18T13:15:35.426026808Z 13:15:35.425523 sendto(8, {{len=20, type=RTM_GETADDR, flags=NLM_F_REQUEST|NLM_F_DUMP, seq=1684415735, pid=0}, {ifa_family=AF_UNSPEC, ...}}, 20, 0, {sa_family=AF_NETLINK, nl_pid=0, nl_groups=00000000}, 12) = 20
2023-05-18T13:15:35.426563961Z 13:15:35.426064 recvmsg(8, {msg_name={sa_family=AF_NETLINK, nl_pid=0, nl_groups=00000000}, msg_namelen=12, msg_iov=[{iov_base=[{{len=76, type=RTM_NEWADDR, flags=NLM_F_MULTI, seq=1684415735, pid=70}, {ifa_family=AF_INET, ifa_prefixlen=8, ifa_flags=IFA_F_PERMANENT, ifa_scope=RT_SCOPE_HOST, ifa_index=if_nametoindex("lo")}, [{{nla_len=8, nla_type=IFA_ADDRESS}, 127.0.0.1}, {{nla_len=8, nla_type=IFA_LOCAL}, 127.0.0.1}, {{nla_len=7, nla_type=IFA_LABEL}, "lo"}, {{nla_len=8, nla_type=IFA_FLAGS}, IFA_F_PERMANENT}, {{nla_len=20, nla_type=IFA_CACHEINFO}, {ifa_prefered=4294967295, ifa_valid=4294967295, cstamp=2147839, tstamp=2147839}}]}, {{len=88, type=RTM_NEWADDR, flags=NLM_F_MULTI, seq=1684415735, pid=70}, {ifa_family=AF_INET, ifa_prefixlen=24, ifa_flags=IFA_F_PERMANENT, ifa_scope=RT_SCOPE_UNIVERSE, ifa_index=if_nametoindex("eth0")}, [{{nla_len=8, nla_type=IFA_ADDRESS}, 10.24.2.33}, {{nla_len=8, nla_type=IFA_LOCAL}, 10.24.2.33}, {{nla_len=8, nla_type=IFA_BROADCAST}, 10.24.2.255}, {{nla_len=9, nla_type=IFA_LABEL}, "eth0"}, {{nla_len=8, nla_type=IFA_FLAGS}, IFA_F_PERMANENT}, {{nla_len=20, nla_type=IFA_CACHEINFO}, {ifa_prefered=4294967295, ifa_valid=4294967295, cstamp=2147842, tstamp=2147842}}]}], iov_len=4096}], msg_iovlen=1, msg_controllen=0, msg_flags=0}, 0) = 164
2023-05-18T13:15:35.426981964Z 13:15:35.426626 recvmsg(8, {msg_name={sa_family=AF_NETLINK, nl_pid=0, nl_groups=00000000}, msg_namelen=12, msg_iov=[{iov_base={{len=20, type=NLMSG_DONE, flags=NLM_F_MULTI, seq=1684415735, pid=70}, 0}, iov_len=4096}], msg_iovlen=1, msg_controllen=0, msg_flags=0}, 0) = 20
2023-05-18T13:15:35.427542907Z 13:15:35.427413 socket(AF_UNIX, SOCK_STREAM|SOCK_CLOEXEC|SOCK_NONBLOCK, 0) = 8
2023-05-18T13:15:35.427891174Z 13:15:35.427622 connect(8, {sa_family=AF_UNIX, sun_path="/var/run/nscd/socket"}, 110) = -1 ENOENT (No such file or directory)
2023-05-18T13:15:35.428582870Z 13:15:35.427986 socket(AF_UNIX, SOCK_STREAM|SOCK_CLOEXEC|SOCK_NONBLOCK, 0) = 8
2023-05-18T13:15:35.428593223Z 13:15:35.428170 connect(8, {sa_family=AF_UNIX, sun_path="/var/run/nscd/socket"}, 110) = -1 ENOENT (No such file or directory)
2023-05-18T13:15:35.429812539Z 13:15:35.429521 socket(AF_INET, SOCK_DGRAM|SOCK_CLOEXEC|SOCK_NONBLOCK, IPPROTO_IP) = 8
2023-05-18T13:15:35.430097414Z 13:15:35.429882 connect(8, {sa_family=AF_INET, sin_port=htons(53), sin_addr=inet_addr("169.254.169.254")}, 16) = 0
2023-05-18T13:15:35.430622719Z 13:15:35.430185 sendto(8, "\276}\1\0\0\1\0\0\0\0\0\0\rflux-sample-0\fflux-"..., 76, MSG_NOSIGNAL, NULL, 0) = 76
2023-05-18T13:15:35.434895545Z 13:15:35.434376 recvfrom(8, "\276}\201\203\0\1\0\0\0\1\0\0\rflux-sample-0\fflux-"..., 1024, 0, {sa_family=AF_INET, sin_port=htons(53), sin_addr=inet_addr("169.254.169.254")}, [28->16]) = 172
2023-05-18T13:15:35.436041635Z 13:15:35.435176 socket(AF_INET, SOCK_DGRAM|SOCK_CLOEXEC|SOCK_NONBLOCK, IPPROTO_IP) = 8
2023-05-18T13:15:35.436079300Z 13:15:35.435390 connect(8, {sa_family=AF_INET, sin_port=htons(53), sin_addr=inet_addr("169.254.169.254")}, 16) = 0
2023-05-18T13:15:35.436289418Z 13:15:35.435671 sendto(8, "\212\331\1\0\0\1\0\0\0\0\0\0\rflux-sample-0\fflux-"..., 108, MSG_NOSIGNAL, NULL, 0) = 108
2023-05-18T13:15:35.443026571Z 13:15:35.442571 recvfrom(8, "\212\331\201\203\0\1\0\0\0\1\0\0\rflux-sample-0\fflux-"..., 1024, 0, {sa_family=AF_INET, sin_port=htons(53), sin_addr=inet_addr("169.254.169.254")}, [28->16]) = 204
2023-05-18T13:15:35.443388629Z 13:15:35.443110 socket(AF_INET, SOCK_DGRAM|SOCK_CLOEXEC|SOCK_NONBLOCK, IPPROTO_IP) = 8
2023-05-18T13:15:35.443536331Z 13:15:35.443366 connect(8, {sa_family=AF_INET, sin_port=htons(53), sin_addr=inet_addr("169.254.169.254")}, 16) = 0
2023-05-18T13:15:35.443981166Z 13:15:35.443530 sendto(8, "\276a\1\0\0\1\0\0\0\0\0\0\rflux-sample-0\fflux-"..., 94, MSG_NOSIGNAL, NULL, 0) = 94
2023-05-18T13:15:35.447638173Z 13:15:35.447387 recvfrom(8, "\276a\201\203\0\1\0\0\0\1\0\0\rflux-sample-0\fflux-"..., 1024, 0, {sa_family=AF_INET, sin_port=htons(53), sin_addr=inet_addr("169.254.169.254")}, [28->16]) = 190
2023-05-18T13:15:35.448356869Z 13:15:35.447870 socket(AF_INET, SOCK_DGRAM|SOCK_CLOEXEC|SOCK_NONBLOCK, IPPROTO_IP) = 8
2023-05-18T13:15:35.448648111Z 13:15:35.448293 connect(8, {sa_family=AF_INET, sin_port=htons(53), sin_addr=inet_addr("169.254.169.254")}, 16) = 0
2023-05-18T13:15:35.449015033Z 13:15:35.448681 sendto(8, "\0A\1\0\0\1\0\0\0\0\0\0\rflux-sample-0\fflux-"..., 90, MSG_NOSIGNAL, NULL, 0) = 90
2023-05-18T13:15:35.452453669Z 13:15:35.452125 recvfrom(8, "\0A\201\203\0\1\0\0\0\1\0\0\rflux-sample-0\fflux-"..., 1024, 0, {sa_family=AF_INET, sin_port=htons(53), sin_addr=inet_addr("169.254.169.254")}, [28->16]) = 186
2023-05-18T13:15:35.452703856Z 13:15:35.452354 socket(AF_INET, SOCK_DGRAM|SOCK_CLOEXEC|SOCK_NONBLOCK, IPPROTO_IP) = 8
2023-05-18T13:15:35.452721280Z 13:15:35.452467 connect(8, {sa_family=AF_INET, sin_port=htons(53), sin_addr=inet_addr("169.254.169.254")}, 16) = 0
2023-05-18T13:15:35.452979318Z 13:15:35.452710 sendto(8, "\237\16\1\0\0\1\0\0\0\0\0\0\rflux-sample-0\fflux-"..., 111, MSG_NOSIGNAL, NULL, 0) = 111
2023-05-18T13:15:35.459451280Z 13:15:35.459037 recvfrom(8, "\237\16\201\203\0\1\0\0\0\1\0\0\rflux-sample-0\fflux-"..., 1024, 0, {sa_family=AF_INET, sin_port=htons(53), sin_addr=inet_addr("169.254.169.254")}, [28->16]) = 205
2023-05-18T13:15:35.459621450Z 13:15:35.459401 socket(AF_INET, SOCK_DGRAM|SOCK_CLOEXEC|SOCK_NONBLOCK, IPPROTO_IP) = 8
2023-05-18T13:15:35.459752067Z 13:15:35.459504 connect(8, {sa_family=AF_INET, sin_port=htons(53), sin_addr=inet_addr("169.254.169.254")}, 16) = 0
2023-05-18T13:15:35.459931006Z 13:15:35.459643 sendto(8, "8\20\1\0\0\1\0\0\0\0\0\0\rflux-sample-0\fflux-"..., 97, MSG_NOSIGNAL, NULL, 0) = 97
2023-05-18T13:15:35.465490909Z 13:15:35.465068 recvfrom(8, "8\20\201\203\0\1\0\0\0\1\0\0\rflux-sample-0\fflux-"..., 1024, 0, {sa_family=AF_INET, sin_port=htons(53), sin_addr=inet_addr("169.254.169.254")}, [28->16]) = 186
2023-05-18T13:15:35.465779188Z 13:15:35.465530 socket(AF_INET, SOCK_DGRAM|SOCK_CLOEXEC|SOCK_NONBLOCK, IPPROTO_IP) = 8
2023-05-18T13:15:35.465887854Z 13:15:35.465672 connect(8, {sa_family=AF_INET, sin_port=htons(53), sin_addr=inet_addr("169.254.169.254")}, 16) = 0
2023-05-18T13:15:35.466227323Z 13:15:35.465918 sendto(8, "\3450\1\0\0\1\0\0\0\0\0\0\rflux-sample-0\fflux-"..., 92, MSG_NOSIGNAL, NULL, 0) = 92
2023-05-18T13:15:35.473208034Z 13:15:35.472864 recvfrom(8, "\3450\201\203\0\1\0\0\0\1\0\0\rflux-sample-0\fflux-"..., 1024, 0, {sa_family=AF_INET, sin_port=htons(53), sin_addr=inet_addr("169.254.169.254")}, [28->16]) = 181
2023-05-18T13:15:35.473509281Z broker.err[3]: Warning: unable to resolve upstream peer flux-sample-0.flux-service.flux-operator.svc.cluster.local: Name or service not known
2023-05-18T13:15:35.479008272Z broker.info[3]: start: none->join 2.0233ms
2023-05-18T13:15:36.867544400Z broker.info[3]: parent-ready: join->init 1.38835s
2023-05-18T13:15:36.867815059Z 13:15:36.867462 socketpair(AF_UNIX, SOCK_STREAM|SOCK_CLOEXEC, 0, [22, 23]) = 0
2023-05-18T13:15:36.867832584Z 13:15:36.867597 socketpair(AF_UNIX, SOCK_STREAM, 0, [24, 25]) = 0
2023-05-18T13:15:36.867977644Z 13:15:36.867819 socketpair(AF_UNIX, SOCK_STREAM, 0, [26, 27]) = 0
2023-05-18T13:15:36.868335874Z 13:15:36.868120 socketpair(AF_UNIX, SOCK_STREAM, 0, [28, 29]) = 0
2023-05-18T13:15:36.894435413Z broker.info[3]: configuration updated
2023-05-18T13:15:37.029629393Z broker.info[3]: rc1.0: running /etc/flux/rc1.d/01-sched-fluxion
2023-05-18T13:15:37.044379880Z broker.info[3]: rc1.0: running /etc/flux/rc1.d/02-cron
2023-05-18T13:15:37.073947995Z broker.info[3]: rc1.0: /etc/flux/rc1 Exited (rc=0) 0.2s
2023-05-18T13:15:37.074995266Z broker.info[3]: rc1-success: init->quorum 0.20735s
2023-05-18T13:15:37.291676409Z broker.info[3]: quorum-full: quorum->run 0.216297s
2023-05-18T13:15:37.929151648Z 13:15:37.928758 socketpair(AF_UNIX, SOCK_STREAM|SOCK_CLOEXEC, 0, [22, 23]) = 0
2023-05-18T13:15:37.929350789Z 13:15:37.929081 socketpair(AF_UNIX, SOCK_STREAM, 0, [24, 25]) = 0
2023-05-18T13:15:37.929619163Z 13:15:37.929374 socketpair(AF_UNIX, SOCK_STREAM, 0, [26, 28]) = 0
2023-05-18T13:15:37.929931365Z 13:15:37.929691 socketpair(AF_UNIX, SOCK_STREAM, 0, [58, 59]) = 0
2023-05-18T13:15:48.923294204Z broker.info[3]: shutdown: run->cleanup 11.6311s
2023-05-18T13:15:48.925362188Z broker.info[3]: cleanup-none: cleanup->shutdown 1.13239ms
2023-05-18T13:15:48.926586242Z broker.info[3]: children-none: shutdown->finalize 1.00735ms
2023-05-18T13:15:48.927150221Z 13:15:48.926754 socketpair(AF_UNIX, SOCK_STREAM|SOCK_CLOEXEC, 0, [22, 23]) = 0
2023-05-18T13:15:48.927206381Z 13:15:48.926993 socketpair(AF_UNIX, SOCK_STREAM, 0, [24, 25]) = 0
2023-05-18T13:15:48.927404307Z 13:15:48.927218 socketpair(AF_UNIX, SOCK_STREAM, 0, [26, 28]) = 0
2023-05-18T13:15:48.927636474Z 13:15:48.927459 socketpair(AF_UNIX, SOCK_STREAM, 0, [58, 59]) = 0
2023-05-18T13:15:48.946770755Z broker.info[3]: rc3.0: running /etc/flux/rc3.d/01-sched-fluxion
2023-05-18T13:15:49.091838887Z broker.info[3]: rc3.0: /etc/flux/rc3 Exited (rc=0) 0.2s
2023-05-18T13:15:49.093079729Z broker.info[3]: rc3-success: finalize->goodbye 0.166133s
2023-05-18T13:15:49.094576733Z broker.info[3]: goodbye: goodbye->exit 1.05529ms
2023-05-18T13:15:49.103280864Z 13:15:49.103061 +++ exited with 0 +++
2023-05-18T13:15:49.104776104Z Return value for follower worker is 0
2023-05-18T13:15:49.104957447Z The follower worker exited cleanly. Goodbye!
