2023-05-18T12:26:09.983208304Z
2023-05-18T12:26:09.983266768Z Flux username: flux
2023-05-18T12:26:09.983273542Z
2023-05-18T12:26:09.983281155Z Flux install root: /usr
2023-05-18T12:26:10.045343042Z flux user is already added.
2023-05-18T12:26:10.048555535Z flux user identifiers:
2023-05-18T12:26:10.048596561Z uid=1234(flux) gid=1234(flux) groups=1234(flux)
2023-05-18T12:26:10.048812919Z
2023-05-18T12:26:10.048983081Z As Flux prefix for flux commands: sudo -u flux -E PYTHONPATH=/opt/conda/lib/python3.10/site-packages -E PATH=/opt/conda/bin:/usr/local/sbin:/usr/local/bin:/usr/sbin:/usr/bin:/sbin:/bin -E LD_LIBRARY_PATH=/opt/conda/lib -E HOME=/home/flux
2023-05-18T12:26:10.060877025Z
2023-05-18T12:26:10.060915605Z ðŸ‘‹ Hello, I'm flux-sample-2
2023-05-18T12:26:10.061027113Z The main host is flux-sample-0
2023-05-18T12:26:10.061036484Z The working directory is /home/flux/examples/reaxff/HNS, contents include:
2023-05-18T12:26:10.063205157Z /home/flux/examples/reaxff/HNS:
2023-05-18T12:26:10.063282860Z README.txt	ffield.reax.hns  log.8Mar18.reaxc.hns.g++.1
2023-05-18T12:26:10.063292419Z data.hns-equil	in.reaxc.hns	 log.8Mar18.reaxc.hns.g++.4
2023-05-18T12:26:10.063656591Z End of file listing, if you see nothing above there are no files.
2023-05-18T12:26:10.066162454Z flux R encode --hosts=flux-sample-[0-3]
2023-05-18T12:26:10.080890310Z
2023-05-18T12:26:10.080919073Z ðŸ“¦ Resources
2023-05-18T12:26:10.082962349Z {"version": 1, "execution": {"R_lite": [{"rank": "0-3", "children": {"core": "0"}}], "starttime": 0.0, "expiration": 0.0, "nodelist": ["flux-sample-[0-3]"]}}
2023-05-18T12:26:10.083274349Z
2023-05-18T12:26:10.083293984Z ðŸ¸ Diagnostics: false
2023-05-18T12:26:10.083523169Z ðŸš©ï¸ Flux Option Flags defined
2023-05-18T12:26:10.087969404Z
2023-05-18T12:26:10.087992587Z ðŸ¦Š Independent Minister of Privilege
2023-05-18T12:26:10.089347631Z [exec]
2023-05-18T12:26:10.089365493Z allowed-users = [ "flux", "root" ]
2023-05-18T12:26:10.089372144Z allowed-shells = [ "/usr/libexec/flux/flux-shell" ]
2023-05-18T12:26:10.089579855Z
2023-05-18T12:26:10.089595174Z ðŸ¸ Broker Configuration
2023-05-18T12:26:10.090914342Z # Flux needs to know the path to the IMP executable
2023-05-18T12:26:10.090931131Z [exec]
2023-05-18T12:26:10.090937222Z imp = "/usr/libexec/flux/flux-imp"
2023-05-18T12:26:10.090942180Z
2023-05-18T12:26:10.090949503Z [access]
2023-05-18T12:26:10.090958886Z allow-guest-user = true
2023-05-18T12:26:10.090963800Z allow-root-owner = true
2023-05-18T12:26:10.090968271Z
2023-05-18T12:26:10.090973124Z # Point to resource definition generated with flux-R(1).
2023-05-18T12:26:10.090977891Z [resource]
2023-05-18T12:26:10.090983829Z path = "/etc/flux/system/R"
2023-05-18T12:26:10.090988520Z
2023-05-18T12:26:10.090995751Z [bootstrap]
2023-05-18T12:26:10.091001567Z curve_cert = "/etc/curve/curve.cert"
2023-05-18T12:26:10.091006436Z default_port = 8050
2023-05-18T12:26:10.091011103Z default_bind = "tcp://eth0:%p"
2023-05-18T12:26:10.091017792Z default_connect = "tcp://%h.flux-service.flux-operator.svc.cluster.local:%p"
2023-05-18T12:26:10.091022400Z hosts = [
2023-05-18T12:26:10.091027821Z 	{ host="flux-sample-[0-3]"},
2023-05-18T12:26:10.091032587Z ]
2023-05-18T12:26:10.091038880Z
2023-05-18T12:26:10.091045578Z [archive]
2023-05-18T12:26:10.091091111Z dbpath = "/var/lib/flux/job-archive.sqlite"
2023-05-18T12:26:10.091098832Z period = "1m"
2023-05-18T12:26:10.177600631Z busytimeout = "50s"
2023-05-18T12:26:10.177627110Z ðŸ§Šï¸ State Directory:
2023-05-18T12:26:10.177635773Z total 0
2023-05-18T12:26:10.177641668Z
2023-05-18T12:26:10.181189459Z
2023-05-18T12:26:10.181222254Z ðŸ”’ï¸ Working directory permissions:
2023-05-18T12:26:10.181228921Z total 96
2023-05-18T12:26:10.181234450Z -rwxrwxrwx 1 flux root  2517 May 17 22:32 README.txt
2023-05-18T12:26:10.181239910Z -rwxrwxrwx 1 flux root 54692 May 17 22:32 data.hns-equil
2023-05-18T12:26:10.181247261Z -rwxrwxrwx 1 flux root 13576 May 17 22:32 ffield.reax.hns
2023-05-18T12:26:10.181253353Z -rwxrwxrwx 1 flux root   870 May 17 22:32 in.reaxc.hns
2023-05-18T12:26:10.181259029Z -rwxrwxrwx 1 flux root  4172 May 17 22:32 log.8Mar18.reaxc.hns.g++.1
2023-05-18T12:26:10.181264942Z -rwxrwxrwx 1 flux root  4168 May 17 22:32 log.8Mar18.reaxc.hns.g++.4
2023-05-18T12:26:10.181269203Z
2023-05-18T12:26:10.181464251Z
2023-05-18T12:26:10.181476960Z âœ¨ Curve certificate generated by helper pod
2023-05-18T12:26:10.183036028Z #   ****  Generated on 2023-04-26 22:54:42 by CZMQ  ****
2023-05-18T12:26:10.183100148Z #   ZeroMQ CURVE **Secret** Certificate
2023-05-18T12:26:10.183109382Z #   DO NOT PROVIDE THIS FILE TO OTHER USERS nor change its permissions.
2023-05-18T12:26:10.183117313Z
2023-05-18T12:26:10.183123841Z metadata
2023-05-18T12:26:10.183129935Z     name = "flux-cert-generator"
2023-05-18T12:26:10.183135800Z     keygen.hostname = "flux-sample-0"
2023-05-18T12:26:10.183140534Z curve
2023-05-18T12:26:10.183145450Z     public-key = "8SNh&aKr9IC.9(VnRua0O15+4EIFfKWz^Xs/@k3R"
2023-05-18T12:26:10.183150631Z     secret-key = "IrZ0p+YbtMdYX$]1GY{0>!Jd.hPjNagOOAdasQ!f"
2023-05-18T12:26:10.185842844Z
2023-05-18T12:26:10.185867474Z ðŸŒ€  flux start --wrap=strace,-e,network,-tt -o --config /etc/flux/config -Scron.directory=/etc/flux/system/cron.d   -Stbon.fanout=256   -Srundir=/run/flux    -Sstatedir=/var/lib/flux   -Slocal-uri=local:///run/flux/local -Stbon.connect_timeout=1s  -Stbon.zmqdebug=1  -Slog-stderr-level=6    -Slog-stderr-mode=local
2023-05-18T12:26:10.223739997Z 12:26:10.223274 socket(AF_NETLINK, SOCK_RAW, NETLINK_ROUTE) = 8
2023-05-18T12:26:10.224088893Z 12:26:10.223803 bind(8, {sa_family=AF_NETLINK, nl_pid=0, nl_groups=00000000}, 12) = 0
2023-05-18T12:26:10.224463001Z 12:26:10.224148 getsockname(8, {sa_family=AF_NETLINK, nl_pid=70, nl_groups=00000000}, [12]) = 0
2023-05-18T12:26:10.225027683Z 12:26:10.224532 sendto(8, {{len=20, type=RTM_GETADDR, flags=NLM_F_REQUEST|NLM_F_DUMP, seq=1684412770, pid=0}, {ifa_family=AF_UNSPEC, ...}}, 20, 0, {sa_family=AF_NETLINK, nl_pid=0, nl_groups=00000000}, 12) = 20
2023-05-18T12:26:10.225697576Z 12:26:10.225100 recvmsg(8, {msg_name={sa_family=AF_NETLINK, nl_pid=0, nl_groups=00000000}, msg_namelen=12, msg_iov=[{iov_base=[{{len=76, type=RTM_NEWADDR, flags=NLM_F_MULTI, seq=1684412770, pid=70}, {ifa_family=AF_INET, ifa_prefixlen=8, ifa_flags=IFA_F_PERMANENT, ifa_scope=RT_SCOPE_HOST, ifa_index=if_nametoindex("lo")}, [{{nla_len=8, nla_type=IFA_ADDRESS}, 127.0.0.1}, {{nla_len=8, nla_type=IFA_LOCAL}, 127.0.0.1}, {{nla_len=7, nla_type=IFA_LABEL}, "lo"}, {{nla_len=8, nla_type=IFA_FLAGS}, IFA_F_PERMANENT}, {{nla_len=20, nla_type=IFA_CACHEINFO}, {ifa_prefered=4294967295, ifa_valid=4294967295, cstamp=1851252, tstamp=1851252}}]}, {{len=88, type=RTM_NEWADDR, flags=NLM_F_MULTI, seq=1684412770, pid=70}, {ifa_family=AF_INET, ifa_prefixlen=24, ifa_flags=IFA_F_PERMANENT, ifa_scope=RT_SCOPE_UNIVERSE, ifa_index=if_nametoindex("eth0")}, [{{nla_len=8, nla_type=IFA_ADDRESS}, 10.24.3.239}, {{nla_len=8, nla_type=IFA_LOCAL}, 10.24.3.239}, {{nla_len=8, nla_type=IFA_BROADCAST}, 10.24.3.255}, {{nla_len=9, nla_type=IFA_LABEL}, "eth0"}, {{nla_len=8, nla_type=IFA_FLAGS}, IFA_F_PERMANENT}, {{nla_len=20, nla_type=IFA_CACHEINFO}, {ifa_prefered=4294967295, ifa_valid=4294967295, cstamp=1851257, tstamp=1851257}}]}], iov_len=4096}], msg_iovlen=1, msg_controllen=0, msg_flags=0}, 0) = 164
2023-05-18T12:26:10.226100172Z 12:26:10.225780 recvmsg(8, {msg_name={sa_family=AF_NETLINK, nl_pid=0, nl_groups=00000000}, msg_namelen=12, msg_iov=[{iov_base={{len=20, type=NLMSG_DONE, flags=NLM_F_MULTI, seq=1684412770, pid=70}, 0}, iov_len=4096}], msg_iovlen=1, msg_controllen=0, msg_flags=0}, 0) = 20
2023-05-18T12:26:10.226971916Z 12:26:10.226737 socket(AF_UNIX, SOCK_STREAM|SOCK_CLOEXEC|SOCK_NONBLOCK, 0) = 8
2023-05-18T12:26:10.227461961Z 12:26:10.227023 connect(8, {sa_family=AF_UNIX, sun_path="/var/run/nscd/socket"}, 110) = -1 ENOENT (No such file or directory)
2023-05-18T12:26:10.227698598Z 12:26:10.227531 socket(AF_UNIX, SOCK_STREAM|SOCK_CLOEXEC|SOCK_NONBLOCK, 0) = 8
2023-05-18T12:26:10.228152819Z 12:26:10.227746 connect(8, {sa_family=AF_UNIX, sun_path="/var/run/nscd/socket"}, 110) = -1 ENOENT (No such file or directory)
2023-05-18T12:26:10.230121747Z 12:26:10.229829 socket(AF_INET, SOCK_DGRAM|SOCK_CLOEXEC|SOCK_NONBLOCK, IPPROTO_IP) = 8
2023-05-18T12:26:10.230391829Z 12:26:10.229928 connect(8, {sa_family=AF_INET, sin_port=htons(53), sin_addr=inet_addr("169.254.169.254")}, 16) = 0
2023-05-18T12:26:10.230605036Z 12:26:10.230141 sendto(8, "\335)\1\0\0\1\0\0\0\0\0\0\rflux-sample-0\fflux-"..., 76, MSG_NOSIGNAL, NULL, 0) = 76
2023-05-18T12:26:10.234340307Z 12:26:10.233934 recvfrom(8, "\335)\201\203\0\1\0\0\0\1\0\0\rflux-sample-0\fflux-"..., 1024, 0, {sa_family=AF_INET, sin_port=htons(53), sin_addr=inet_addr("169.254.169.254")}, [28->16]) = 172
2023-05-18T12:26:10.234634360Z 12:26:10.234448 socket(AF_INET, SOCK_DGRAM|SOCK_CLOEXEC|SOCK_NONBLOCK, IPPROTO_IP) = 8
2023-05-18T12:26:10.234896328Z 12:26:10.234650 connect(8, {sa_family=AF_INET, sin_port=htons(53), sin_addr=inet_addr("169.254.169.254")}, 16) = 0
2023-05-18T12:26:10.235298114Z 12:26:10.234940 sendto(8, "NO\1\0\0\1\0\0\0\0\0\0\rflux-sample-0\fflux-"..., 108, MSG_NOSIGNAL, NULL, 0) = 108
2023-05-18T12:26:10.238709748Z 12:26:10.238471 recvfrom(8, "NO\201\203\0\1\0\0\0\1\0\0\rflux-sample-0\fflux-"..., 1024, 0, {sa_family=AF_INET, sin_port=htons(53), sin_addr=inet_addr("169.254.169.254")}, [28->16]) = 204
2023-05-18T12:26:10.238794814Z 12:26:10.238663 socket(AF_INET, SOCK_DGRAM|SOCK_CLOEXEC|SOCK_NONBLOCK, IPPROTO_IP) = 8
2023-05-18T12:26:10.238969155Z 12:26:10.238757 connect(8, {sa_family=AF_INET, sin_port=htons(53), sin_addr=inet_addr("169.254.169.254")}, 16) = 0
2023-05-18T12:26:10.239169237Z 12:26:10.238922 sendto(8, "\32a\1\0\0\1\0\0\0\0\0\0\rflux-sample-0\fflux-"..., 94, MSG_NOSIGNAL, NULL, 0) = 94
2023-05-18T12:26:10.242259355Z 12:26:10.242017 recvfrom(8, "\32a\201\203\0\1\0\0\0\1\0\0\rflux-sample-0\fflux-"..., 1024, 0, {sa_family=AF_INET, sin_port=htons(53), sin_addr=inet_addr("169.254.169.254")}, [28->16]) = 190
2023-05-18T12:26:10.242368025Z 12:26:10.242227 socket(AF_INET, SOCK_DGRAM|SOCK_CLOEXEC|SOCK_NONBLOCK, IPPROTO_IP) = 8
2023-05-18T12:26:10.242528660Z 12:26:10.242320 connect(8, {sa_family=AF_INET, sin_port=htons(53), sin_addr=inet_addr("169.254.169.254")}, 16) = 0
2023-05-18T12:26:10.242719363Z 12:26:10.242483 sendto(8, "\367u\1\0\0\1\0\0\0\0\0\0\rflux-sample-0\fflux-"..., 90, MSG_NOSIGNAL, NULL, 0) = 90
2023-05-18T12:26:10.246071851Z 12:26:10.245801 recvfrom(8, "\367u\201\203\0\1\0\0\0\1\0\0\rflux-sample-0\fflux-"..., 1024, 0, {sa_family=AF_INET, sin_port=htons(53), sin_addr=inet_addr("169.254.169.254")}, [28->16]) = 186
2023-05-18T12:26:10.246340550Z 12:26:10.246197 socket(AF_INET, SOCK_DGRAM|SOCK_CLOEXEC|SOCK_NONBLOCK, IPPROTO_IP) = 8
2023-05-18T12:26:10.246512116Z 12:26:10.246369 connect(8, {sa_family=AF_INET, sin_port=htons(53), sin_addr=inet_addr("169.254.169.254")}, 16) = 0
2023-05-18T12:26:10.246885802Z 12:26:10.246597 sendto(8, "R&\1\0\0\1\0\0\0\0\0\0\rflux-sample-0\fflux-"..., 111, MSG_NOSIGNAL, NULL, 0) = 111
2023-05-18T12:26:10.252037572Z 12:26:10.251766 recvfrom(8, "R&\201\203\0\1\0\0\0\1\0\0\rflux-sample-0\fflux-"..., 1024, 0, {sa_family=AF_INET, sin_port=htons(53), sin_addr=inet_addr("169.254.169.254")}, [28->16]) = 205
2023-05-18T12:26:10.252251530Z 12:26:10.252096 socket(AF_INET, SOCK_DGRAM|SOCK_CLOEXEC|SOCK_NONBLOCK, IPPROTO_IP) = 8
2023-05-18T12:26:10.252426503Z 12:26:10.252218 connect(8, {sa_family=AF_INET, sin_port=htons(53), sin_addr=inet_addr("169.254.169.254")}, 16) = 0
2023-05-18T12:26:10.252682925Z 12:26:10.252453 sendto(8, ":\270\1\0\0\1\0\0\0\0\0\0\rflux-sample-0\fflux-"..., 97, MSG_NOSIGNAL, NULL, 0) = 97
2023-05-18T12:26:10.257825746Z 12:26:10.257480 recvfrom(8, ":\270\201\203\0\1\0\0\0\1\0\0\rflux-sample-0\fflux-"..., 1024, 0, {sa_family=AF_INET, sin_port=htons(53), sin_addr=inet_addr("169.254.169.254")}, [28->16]) = 186
2023-05-18T12:26:10.258205277Z 12:26:10.257991 socket(AF_INET, SOCK_DGRAM|SOCK_CLOEXEC|SOCK_NONBLOCK, IPPROTO_IP) = 8
2023-05-18T12:26:10.258391894Z 12:26:10.258211 connect(8, {sa_family=AF_INET, sin_port=htons(53), sin_addr=inet_addr("169.254.169.254")}, 16) = 0
2023-05-18T12:26:10.258782180Z 12:26:10.258443 sendto(8, "\3525\1\0\0\1\0\0\0\0\0\0\rflux-sample-0\fflux-"..., 92, MSG_NOSIGNAL, NULL, 0) = 92
2023-05-18T12:26:10.264035113Z 12:26:10.263774 recvfrom(8, "\3525\201\203\0\1\0\0\0\1\0\0\rflux-sample-0\fflux-"..., 1024, 0, {sa_family=AF_INET, sin_port=htons(53), sin_addr=inet_addr("169.254.169.254")}, [28->16]) = 181
2023-05-18T12:26:10.264267902Z broker.err[2]: Warning: unable to resolve upstream peer flux-sample-0.flux-service.flux-operator.svc.cluster.local: Name or service not known
2023-05-18T12:26:10.271984674Z broker.info[2]: start: none->join 2.45562ms
2023-05-18T12:26:11.145320144Z broker.info[2]: parent-ready: join->init 0.872671s
2023-05-18T12:26:11.145514416Z 12:26:11.144938 socketpair(AF_UNIX, SOCK_STREAM|SOCK_CLOEXEC, 0, [22, 23]) = 0
2023-05-18T12:26:11.145523858Z 12:26:11.145100 socketpair(AF_UNIX, SOCK_STREAM, 0, [24, 25]) = 0
2023-05-18T12:26:11.145542537Z 12:26:11.145354 socketpair(AF_UNIX, SOCK_STREAM, 0, [26, 27]) = 0
2023-05-18T12:26:11.145719998Z 12:26:11.145542 socketpair(AF_UNIX, SOCK_STREAM, 0, [28, 29]) = 0
2023-05-18T12:26:11.173435990Z broker.info[2]: configuration updated
2023-05-18T12:26:11.298631038Z broker.info[2]: rc1.0: running /etc/flux/rc1.d/01-sched-fluxion
2023-05-18T12:26:11.314498391Z broker.info[2]: rc1.0: running /etc/flux/rc1.d/02-cron
2023-05-18T12:26:11.341907238Z broker.info[2]: rc1.0: /etc/flux/rc1 Exited (rc=0) 0.2s
2023-05-18T12:26:11.343345836Z broker.info[2]: rc1-success: init->quorum 0.198115s
2023-05-18T12:26:11.673463243Z broker.info[2]: quorum-full: quorum->run 0.329329s
2023-05-18T12:26:23.294942147Z broker.info[2]: shutdown: run->cleanup 11.621s
2023-05-18T12:26:23.296405685Z broker.info[2]: cleanup-none: cleanup->shutdown 1.14411ms
2023-05-18T12:26:23.297817557Z broker.info[2]: children-none: shutdown->finalize 1.09035ms
2023-05-18T12:26:23.298326782Z 12:26:23.297738 socketpair(AF_UNIX, SOCK_STREAM|SOCK_CLOEXEC, 0, [22, 23]) = 0
2023-05-18T12:26:23.298511564Z 12:26:23.297985 socketpair(AF_UNIX, SOCK_STREAM, 0, [24, 25]) = 0
2023-05-18T12:26:23.298862860Z 12:26:23.298248 socketpair(AF_UNIX, SOCK_STREAM, 0, [26, 28]) = 0
2023-05-18T12:26:23.299021326Z 12:26:23.298421 socketpair(AF_UNIX, SOCK_STREAM, 0, [58, 59]) = 0
2023-05-18T12:26:23.319908039Z broker.info[2]: rc3.0: running /etc/flux/rc3.d/01-sched-fluxion
2023-05-18T12:26:23.459081038Z broker.info[2]: rc3.0: /etc/flux/rc3 Exited (rc=0) 0.2s
2023-05-18T12:26:23.460246141Z broker.info[2]: rc3-success: finalize->goodbye 0.162384s
2023-05-18T12:26:23.461771585Z broker.info[2]: goodbye: goodbye->exit 1.00184ms
2023-05-18T12:26:23.470290444Z 12:26:23.470049 +++ exited with 0 +++
2023-05-18T12:26:23.471797484Z Return value for follower worker is 0
2023-05-18T12:26:23.471980708Z The follower worker exited cleanly. Goodbye!
