2023-05-18T12:48:13.128588190Z
2023-05-18T12:48:13.128651210Z Flux username: flux
2023-05-18T12:48:13.128658296Z
2023-05-18T12:48:13.128663874Z Flux install root: /usr
2023-05-18T12:48:13.176728136Z flux user is already added.
2023-05-18T12:48:13.181179369Z flux user identifiers:
2023-05-18T12:48:13.181212363Z uid=1234(flux) gid=1234(flux) groups=1234(flux)
2023-05-18T12:48:13.181581821Z
2023-05-18T12:48:13.181607634Z As Flux prefix for flux commands: sudo -u flux -E PYTHONPATH=/opt/conda/lib/python3.10/site-packages -E PATH=/opt/conda/bin:/usr/local/sbin:/usr/local/bin:/usr/sbin:/usr/bin:/sbin:/bin -E LD_LIBRARY_PATH=/opt/conda/lib -E HOME=/home/flux
2023-05-18T12:48:13.193021677Z
2023-05-18T12:48:13.193113492Z ðŸ‘‹ Hello, I'm flux-sample-2
2023-05-18T12:48:13.193126250Z The main host is flux-sample-0
2023-05-18T12:48:13.193132443Z The working directory is /home/flux/examples/reaxff/HNS, contents include:
2023-05-18T12:48:13.194301904Z /home/flux/examples/reaxff/HNS:
2023-05-18T12:48:13.194321606Z README.txt	ffield.reax.hns  log.8Mar18.reaxc.hns.g++.1
2023-05-18T12:48:13.194328586Z data.hns-equil	in.reaxc.hns	 log.8Mar18.reaxc.hns.g++.4
2023-05-18T12:48:13.194803755Z End of file listing, if you see nothing above there are no files.
2023-05-18T12:48:13.197721000Z flux R encode --hosts=flux-sample-[0-3]
2023-05-18T12:48:13.219149271Z
2023-05-18T12:48:13.219187672Z ðŸ“¦ Resources
2023-05-18T12:48:13.220673157Z {"version": 1, "execution": {"R_lite": [{"rank": "0-3", "children": {"core": "0"}}], "starttime": 0.0, "expiration": 0.0, "nodelist": ["flux-sample-[0-3]"]}}
2023-05-18T12:48:13.220886430Z
2023-05-18T12:48:13.220901037Z ðŸ¸ Diagnostics: false
2023-05-18T12:48:13.221044576Z ðŸš©ï¸ Flux Option Flags defined
2023-05-18T12:48:13.225303184Z
2023-05-18T12:48:13.225326518Z ðŸ¦Š Independent Minister of Privilege
2023-05-18T12:48:13.227387711Z [exec]
2023-05-18T12:48:13.227408035Z allowed-users = [ "flux", "root" ]
2023-05-18T12:48:13.227415813Z allowed-shells = [ "/usr/libexec/flux/flux-shell" ]
2023-05-18T12:48:13.227578341Z
2023-05-18T12:48:13.227591471Z ðŸ¸ Broker Configuration
2023-05-18T12:48:13.229139223Z # Flux needs to know the path to the IMP executable
2023-05-18T12:48:13.229173226Z [exec]
2023-05-18T12:48:13.229180783Z imp = "/usr/libexec/flux/flux-imp"
2023-05-18T12:48:13.229185561Z
2023-05-18T12:48:13.229190242Z [access]
2023-05-18T12:48:13.229200162Z allow-guest-user = true
2023-05-18T12:48:13.229205127Z allow-root-owner = true
2023-05-18T12:48:13.229209311Z
2023-05-18T12:48:13.229216300Z # Point to resource definition generated with flux-R(1).
2023-05-18T12:48:13.229232985Z [resource]
2023-05-18T12:48:13.229238178Z path = "/etc/flux/system/R"
2023-05-18T12:48:13.229242538Z
2023-05-18T12:48:13.229247262Z [bootstrap]
2023-05-18T12:48:13.229252325Z curve_cert = "/etc/curve/curve.cert"
2023-05-18T12:48:13.229257221Z default_port = 8050
2023-05-18T12:48:13.229264381Z default_bind = "tcp://eth0:%p"
2023-05-18T12:48:13.229270692Z default_connect = "tcp://%h.flux-service.flux-operator.svc.cluster.local:%p"
2023-05-18T12:48:13.229275621Z hosts = [
2023-05-18T12:48:13.229280137Z 	{ host="flux-sample-[0-3]"},
2023-05-18T12:48:13.229284928Z ]
2023-05-18T12:48:13.229289382Z
2023-05-18T12:48:13.229294172Z [archive]
2023-05-18T12:48:13.229299498Z dbpath = "/var/lib/flux/job-archive.sqlite"
2023-05-18T12:48:13.229306704Z period = "1m"
2023-05-18T12:48:13.327465432Z busytimeout = "50s"
2023-05-18T12:48:13.327515549Z ðŸ§Šï¸ State Directory:
2023-05-18T12:48:13.327523559Z total 0
2023-05-18T12:48:13.327528985Z
2023-05-18T12:48:13.330377758Z
2023-05-18T12:48:13.330421058Z ðŸ”’ï¸ Working directory permissions:
2023-05-18T12:48:13.330428345Z total 96
2023-05-18T12:48:13.330437487Z -rwxrwxrwx 1 flux root  2517 May 17 22:32 README.txt
2023-05-18T12:48:13.330443774Z -rwxrwxrwx 1 flux root 54692 May 17 22:32 data.hns-equil
2023-05-18T12:48:13.330448867Z -rwxrwxrwx 1 flux root 13576 May 17 22:32 ffield.reax.hns
2023-05-18T12:48:13.330453913Z -rwxrwxrwx 1 flux root   870 May 17 22:32 in.reaxc.hns
2023-05-18T12:48:13.330459642Z -rwxrwxrwx 1 flux root  4172 May 17 22:32 log.8Mar18.reaxc.hns.g++.1
2023-05-18T12:48:13.330635033Z -rwxrwxrwx 1 flux root  4168 May 17 22:32 log.8Mar18.reaxc.hns.g++.4
2023-05-18T12:48:13.330646139Z
2023-05-18T12:48:13.330652637Z
2023-05-18T12:48:13.330658722Z âœ¨ Curve certificate generated by helper pod
2023-05-18T12:48:13.331926286Z #   ****  Generated on 2023-04-26 22:54:42 by CZMQ  ****
2023-05-18T12:48:13.331960924Z #   ZeroMQ CURVE **Secret** Certificate
2023-05-18T12:48:13.331978606Z #   DO NOT PROVIDE THIS FILE TO OTHER USERS nor change its permissions.
2023-05-18T12:48:13.331984092Z
2023-05-18T12:48:13.331989446Z metadata
2023-05-18T12:48:13.331995018Z     name = "flux-cert-generator"
2023-05-18T12:48:13.332002907Z     keygen.hostname = "flux-sample-0"
2023-05-18T12:48:13.332009442Z curve
2023-05-18T12:48:13.332015444Z     public-key = "{xo]Nyv%hh5yQ[ml(87)zF@cmqiy8{P4Y>oxKf[s"
2023-05-18T12:48:13.332020844Z     secret-key = "]k@Bw8h/khdDHY0@Uz<X6Y4=H]-{:ibn=1%*Jo$T"
2023-05-18T12:48:13.334489554Z
2023-05-18T12:48:13.334518831Z ðŸŒ€  flux start --wrap=strace,-e,network,-tt -o --config /etc/flux/config -Scron.directory=/etc/flux/system/cron.d   -Stbon.fanout=256   -Srundir=/run/flux    -Sstatedir=/var/lib/flux   -Slocal-uri=local:///run/flux/local -Stbon.connect_timeout=4s  -Stbon.zmqdebug=1  -Slog-stderr-level=6    -Slog-stderr-mode=local
2023-05-18T12:48:13.378484489Z 12:48:13.377822 socket(AF_NETLINK, SOCK_RAW, NETLINK_ROUTE) = 8
2023-05-18T12:48:13.378751005Z 12:48:13.378323 bind(8, {sa_family=AF_NETLINK, nl_pid=0, nl_groups=00000000}, 12) = 0
2023-05-18T12:48:13.378768751Z 12:48:13.378551 getsockname(8, {sa_family=AF_NETLINK, nl_pid=70, nl_groups=00000000}, [12]) = 0
2023-05-18T12:48:13.379105673Z 12:48:13.378728 sendto(8, {{len=20, type=RTM_GETADDR, flags=NLM_F_REQUEST|NLM_F_DUMP, seq=1684414093, pid=0}, {ifa_family=AF_UNSPEC, ...}}, 20, 0, {sa_family=AF_NETLINK, nl_pid=0, nl_groups=00000000}, 12) = 20
2023-05-18T12:48:13.379567927Z 12:48:13.379068 recvmsg(8, {msg_name={sa_family=AF_NETLINK, nl_pid=0, nl_groups=00000000}, msg_namelen=12, msg_iov=[{iov_base=[{{len=76, type=RTM_NEWADDR, flags=NLM_F_MULTI, seq=1684414093, pid=70}, {ifa_family=AF_INET, ifa_prefixlen=8, ifa_flags=IFA_F_PERMANENT, ifa_scope=RT_SCOPE_HOST, ifa_index=if_nametoindex("lo")}, [{{nla_len=8, nla_type=IFA_ADDRESS}, 127.0.0.1}, {{nla_len=8, nla_type=IFA_LOCAL}, 127.0.0.1}, {{nla_len=7, nla_type=IFA_LABEL}, "lo"}, {{nla_len=8, nla_type=IFA_FLAGS}, IFA_F_PERMANENT}, {{nla_len=20, nla_type=IFA_CACHEINFO}, {ifa_prefered=4294967295, ifa_valid=4294967295, cstamp=1983567, tstamp=1983567}}]}, {{len=88, type=RTM_NEWADDR, flags=NLM_F_MULTI, seq=1684414093, pid=70}, {ifa_family=AF_INET, ifa_prefixlen=24, ifa_flags=IFA_F_PERMANENT, ifa_scope=RT_SCOPE_UNIVERSE, ifa_index=if_nametoindex("eth0")}, [{{nla_len=8, nla_type=IFA_ADDRESS}, 10.24.3.54}, {{nla_len=8, nla_type=IFA_LOCAL}, 10.24.3.54}, {{nla_len=8, nla_type=IFA_BROADCAST}, 10.24.3.255}, {{nla_len=9, nla_type=IFA_LABEL}, "eth0"}, {{nla_len=8, nla_type=IFA_FLAGS}, IFA_F_PERMANENT}, {{nla_len=20, nla_type=IFA_CACHEINFO}, {ifa_prefered=4294967295, ifa_valid=4294967295, cstamp=1983570, tstamp=1983570}}]}], iov_len=4096}], msg_iovlen=1, msg_controllen=0, msg_flags=0}, 0) = 164
2023-05-18T12:48:13.379756748Z 12:48:13.379529 recvmsg(8, {msg_name={sa_family=AF_NETLINK, nl_pid=0, nl_groups=00000000}, msg_namelen=12, msg_iov=[{iov_base={{len=20, type=NLMSG_DONE, flags=NLM_F_MULTI, seq=1684414093, pid=70}, 0}, iov_len=4096}], msg_iovlen=1, msg_controllen=0, msg_flags=0}, 0) = 20
2023-05-18T12:48:13.380408223Z 12:48:13.380251 socket(AF_UNIX, SOCK_STREAM|SOCK_CLOEXEC|SOCK_NONBLOCK, 0) = 8
2023-05-18T12:48:13.380552183Z 12:48:13.380367 connect(8, {sa_family=AF_UNIX, sun_path="/var/run/nscd/socket"}, 110) = -1 ENOENT (No such file or directory)
2023-05-18T12:48:13.380749403Z 12:48:13.380589 socket(AF_UNIX, SOCK_STREAM|SOCK_CLOEXEC|SOCK_NONBLOCK, 0) = 8
2023-05-18T12:48:13.380956419Z 12:48:13.380707 connect(8, {sa_family=AF_UNIX, sun_path="/var/run/nscd/socket"}, 110) = -1 ENOENT (No such file or directory)
2023-05-18T12:48:13.382473447Z 12:48:13.382310 socket(AF_INET, SOCK_DGRAM|SOCK_CLOEXEC|SOCK_NONBLOCK, IPPROTO_IP) = 8
2023-05-18T12:48:13.382635673Z 12:48:13.382435 connect(8, {sa_family=AF_INET, sin_port=htons(53), sin_addr=inet_addr("169.254.169.254")}, 16) = 0
2023-05-18T12:48:13.383116832Z 12:48:13.382667 sendto(8, "\336\261\1\0\0\1\0\0\0\0\0\0\rflux-sample-0\fflux-"..., 76, MSG_NOSIGNAL, NULL, 0) = 76
2023-05-18T12:48:13.387704014Z 12:48:13.387472 recvfrom(8, "\336\261\201\203\0\1\0\0\0\1\0\0\rflux-sample-0\fflux-"..., 1024, 0, {sa_family=AF_INET, sin_port=htons(53), sin_addr=inet_addr("169.254.169.254")}, [28->16]) = 172
2023-05-18T12:48:13.387963446Z 12:48:13.387784 socket(AF_INET, SOCK_DGRAM|SOCK_CLOEXEC|SOCK_NONBLOCK, IPPROTO_IP) = 8
2023-05-18T12:48:13.388172355Z 12:48:13.387952 connect(8, {sa_family=AF_INET, sin_port=htons(53), sin_addr=inet_addr("169.254.169.254")}, 16) = 0
2023-05-18T12:48:13.388485853Z 12:48:13.388194 sendto(8, "\5r\1\0\0\1\0\0\0\0\0\0\rflux-sample-0\fflux-"..., 108, MSG_NOSIGNAL, NULL, 0) = 108
2023-05-18T12:48:13.393130366Z 12:48:13.392661 recvfrom(8, "\5r\201\203\0\1\0\0\0\1\0\0\rflux-sample-0\fflux-"..., 1024, 0, {sa_family=AF_INET, sin_port=htons(53), sin_addr=inet_addr("169.254.169.254")}, [28->16]) = 204
2023-05-18T12:48:13.393299060Z 12:48:13.393001 socket(AF_INET, SOCK_DGRAM|SOCK_CLOEXEC|SOCK_NONBLOCK, IPPROTO_IP) = 8
2023-05-18T12:48:13.393313119Z 12:48:13.393143 connect(8, {sa_family=AF_INET, sin_port=htons(53), sin_addr=inet_addr("169.254.169.254")}, 16) = 0
2023-05-18T12:48:13.393577024Z 12:48:13.393287 sendto(8, "\361u\1\0\0\1\0\0\0\0\0\0\rflux-sample-0\fflux-"..., 94, MSG_NOSIGNAL, NULL, 0) = 94
2023-05-18T12:48:13.398073388Z 12:48:13.397565 recvfrom(8, "\361u\201\203\0\1\0\0\0\1\0\0\rflux-sample-0\fflux-"..., 1024, 0, {sa_family=AF_INET, sin_port=htons(53), sin_addr=inet_addr("169.254.169.254")}, [28->16]) = 190
2023-05-18T12:48:13.398375538Z 12:48:13.397905 socket(AF_INET, SOCK_DGRAM|SOCK_CLOEXEC|SOCK_NONBLOCK, IPPROTO_IP) = 8
2023-05-18T12:48:13.398401750Z 12:48:13.398000 connect(8, {sa_family=AF_INET, sin_port=htons(53), sin_addr=inet_addr("169.254.169.254")}, 16) = 0
2023-05-18T12:48:13.398568536Z 12:48:13.398133 sendto(8, "i\241\1\0\0\1\0\0\0\0\0\0\rflux-sample-0\fflux-"..., 90, MSG_NOSIGNAL, NULL, 0) = 90
2023-05-18T12:48:13.401882013Z 12:48:13.401370 recvfrom(8, "i\241\201\203\0\1\0\0\0\1\0\0\rflux-sample-0\fflux-"..., 1024, 0, {sa_family=AF_INET, sin_port=htons(53), sin_addr=inet_addr("169.254.169.254")}, [28->16]) = 186
2023-05-18T12:48:13.402002733Z 12:48:13.401754 socket(AF_INET, SOCK_DGRAM|SOCK_CLOEXEC|SOCK_NONBLOCK, IPPROTO_IP) = 8
2023-05-18T12:48:13.402029293Z 12:48:13.401872 connect(8, {sa_family=AF_INET, sin_port=htons(53), sin_addr=inet_addr("169.254.169.254")}, 16) = 0
2023-05-18T12:48:13.402283635Z 12:48:13.401993 sendto(8, "@\237\1\0\0\1\0\0\0\0\0\0\rflux-sample-0\fflux-"..., 111, MSG_NOSIGNAL, NULL, 0) = 111
2023-05-18T12:48:13.409633287Z 12:48:13.409144 recvfrom(8, "@\237\201\203\0\1\0\0\0\1\0\0\rflux-sample-0\fflux-"..., 1024, 0, {sa_family=AF_INET, sin_port=htons(53), sin_addr=inet_addr("169.254.169.254")}, [28->16]) = 205
2023-05-18T12:48:13.409906430Z 12:48:13.409652 socket(AF_INET, SOCK_DGRAM|SOCK_CLOEXEC|SOCK_NONBLOCK, IPPROTO_IP) = 8
2023-05-18T12:48:13.410077413Z 12:48:13.409865 connect(8, {sa_family=AF_INET, sin_port=htons(53), sin_addr=inet_addr("169.254.169.254")}, 16) = 0
2023-05-18T12:48:13.410393673Z 12:48:13.410049 sendto(8, "\233\3\1\0\0\1\0\0\0\0\0\0\rflux-sample-0\fflux-"..., 97, MSG_NOSIGNAL, NULL, 0) = 97
2023-05-18T12:48:13.415520637Z 12:48:13.415284 recvfrom(8, "\233\3\201\203\0\1\0\0\0\1\0\0\rflux-sample-0\fflux-"..., 1024, 0, {sa_family=AF_INET, sin_port=htons(53), sin_addr=inet_addr("169.254.169.254")}, [28->16]) = 186
2023-05-18T12:48:13.415855162Z 12:48:13.415663 socket(AF_INET, SOCK_DGRAM|SOCK_CLOEXEC|SOCK_NONBLOCK, IPPROTO_IP) = 8
2023-05-18T12:48:13.415885418Z 12:48:13.415737 connect(8, {sa_family=AF_INET, sin_port=htons(53), sin_addr=inet_addr("169.254.169.254")}, 16) = 0
2023-05-18T12:48:13.416108841Z 12:48:13.415856 sendto(8, "\304\304\1\0\0\1\0\0\0\0\0\0\rflux-sample-0\fflux-"..., 92, MSG_NOSIGNAL, NULL, 0) = 92
2023-05-18T12:48:13.422329786Z 12:48:13.421748 recvfrom(8, "\304\304\201\203\0\1\0\0\0\1\0\0\rflux-sample-0\fflux-"..., 1024, 0, {sa_family=AF_INET, sin_port=htons(53), sin_addr=inet_addr("169.254.169.254")}, [28->16]) = 181
2023-05-18T12:48:13.422614917Z broker.err[2]: Warning: unable to resolve upstream peer flux-sample-0.flux-service.flux-operator.svc.cluster.local: Name or service not known
2023-05-18T12:48:13.428885076Z broker.info[2]: start: none->join 2.3309ms
2023-05-18T12:48:14.453672726Z broker.info[2]: parent-ready: join->init 1.02417s
2023-05-18T12:48:14.454336941Z 12:48:14.453343 socketpair(AF_UNIX, SOCK_STREAM|SOCK_CLOEXEC, 0, [22, 23]) = 0
2023-05-18T12:48:14.454573831Z 12:48:14.453489 socketpair(AF_UNIX, SOCK_STREAM, 0, [24, 25]) = 0
2023-05-18T12:48:14.454762192Z 12:48:14.453679 socketpair(AF_UNIX, SOCK_STREAM, 0, [26, 27]) = 0
2023-05-18T12:48:14.454944321Z 12:48:14.453864 socketpair(AF_UNIX, SOCK_STREAM, 0, [28, 29]) = 0
2023-05-18T12:48:14.480172234Z broker.info[2]: configuration updated
2023-05-18T12:48:14.620155432Z broker.info[2]: rc1.0: running /etc/flux/rc1.d/01-sched-fluxion
2023-05-18T12:48:14.632677855Z broker.info[2]: rc1.0: running /etc/flux/rc1.d/02-cron
2023-05-18T12:48:14.658407405Z broker.info[2]: rc1.0: /etc/flux/rc1 Exited (rc=0) 0.2s
2023-05-18T12:48:14.659695082Z broker.info[2]: rc1-success: init->quorum 0.206189s
2023-05-18T12:48:14.819794314Z broker.info[2]: quorum-full: quorum->run 0.159663s
2023-05-18T12:48:26.386588862Z broker.info[2]: shutdown: run->cleanup 11.5665s
2023-05-18T12:48:26.388355591Z broker.info[2]: cleanup-none: cleanup->shutdown 1.38924ms
2023-05-18T12:48:26.389858209Z broker.info[2]: children-none: shutdown->finalize 1.23721ms
2023-05-18T12:48:26.390452010Z 12:48:26.390089 socketpair(AF_UNIX, SOCK_STREAM|SOCK_CLOEXEC, 0, [22, 23]) = 0
2023-05-18T12:48:26.390744976Z 12:48:26.390414 socketpair(AF_UNIX, SOCK_STREAM, 0, [24, 25]) = 0
2023-05-18T12:48:26.391097975Z 12:48:26.390796 socketpair(AF_UNIX, SOCK_STREAM, 0, [26, 28]) = 0
2023-05-18T12:48:26.391375590Z 12:48:26.391117 socketpair(AF_UNIX, SOCK_STREAM, 0, [58, 59]) = 0
2023-05-18T12:48:26.410292342Z broker.info[2]: rc3.0: running /etc/flux/rc3.d/01-sched-fluxion
2023-05-18T12:48:26.543499646Z broker.info[2]: rc3.0: /etc/flux/rc3 Exited (rc=0) 0.1s
2023-05-18T12:48:26.545484958Z broker.info[2]: rc3-success: finalize->goodbye 0.15494s
2023-05-18T12:48:26.547369184Z broker.info[2]: goodbye: goodbye->exit 1.34451ms
2023-05-18T12:48:26.555618723Z 12:48:26.555438 +++ exited with 0 +++
2023-05-18T12:48:26.557025970Z Return value for follower worker is 0
2023-05-18T12:48:26.557189058Z The follower worker exited cleanly. Goodbye!
