2023-05-18T13:24:05.075196068Z
2023-05-18T13:24:05.075245124Z Flux username: flux
2023-05-18T13:24:05.075253048Z
2023-05-18T13:24:05.075259364Z Flux install root: /usr
2023-05-18T13:24:05.139800964Z flux user is already added.
2023-05-18T13:24:05.143252919Z flux user identifiers:
2023-05-18T13:24:05.143289585Z uid=1234(flux) gid=1234(flux) groups=1234(flux)
2023-05-18T13:24:05.143295889Z
2023-05-18T13:24:05.143301873Z As Flux prefix for flux commands: sudo -u flux -E PYTHONPATH=/opt/conda/lib/python3.10/site-packages -E PATH=/opt/conda/bin:/usr/local/sbin:/usr/local/bin:/usr/sbin:/usr/bin:/sbin:/bin -E LD_LIBRARY_PATH=/opt/conda/lib -E HOME=/home/flux
2023-05-18T13:24:05.151431155Z
2023-05-18T13:24:05.151458542Z ðŸ‘‹ Hello, I'm flux-sample-2
2023-05-18T13:24:05.151626022Z The main host is flux-sample-0
2023-05-18T13:24:05.151636713Z The working directory is /home/flux/examples/reaxff/HNS, contents include:
2023-05-18T13:24:05.153305057Z /home/flux/examples/reaxff/HNS:
2023-05-18T13:24:05.153403094Z README.txt	ffield.reax.hns  log.8Mar18.reaxc.hns.g++.1
2023-05-18T13:24:05.153413457Z data.hns-equil	in.reaxc.hns	 log.8Mar18.reaxc.hns.g++.4
2023-05-18T13:24:05.153602570Z End of file listing, if you see nothing above there are no files.
2023-05-18T13:24:05.155498747Z flux R encode --hosts=flux-sample-[0-3]
2023-05-18T13:24:05.169743888Z
2023-05-18T13:24:05.169773800Z ðŸ“¦ Resources
2023-05-18T13:24:05.173186428Z {"version": 1, "execution": {"R_lite": [{"rank": "0-3", "children": {"core": "0"}}], "starttime": 0.0, "expiration": 0.0, "nodelist": ["flux-sample-[0-3]"]}}
2023-05-18T13:24:05.173220031Z
2023-05-18T13:24:05.173240975Z ðŸ¸ Diagnostics: false
2023-05-18T13:24:05.173246927Z ðŸš©ï¸ Flux Option Flags defined
2023-05-18T13:24:05.175983400Z
2023-05-18T13:24:05.176003051Z ðŸ¦Š Independent Minister of Privilege
2023-05-18T13:24:05.177478223Z [exec]
2023-05-18T13:24:05.177494314Z allowed-users = [ "flux", "root" ]
2023-05-18T13:24:05.177500463Z allowed-shells = [ "/usr/libexec/flux/flux-shell" ]
2023-05-18T13:24:05.177645871Z
2023-05-18T13:24:05.177657364Z ðŸ¸ Broker Configuration
2023-05-18T13:24:05.179112794Z # Flux needs to know the path to the IMP executable
2023-05-18T13:24:05.179129252Z [exec]
2023-05-18T13:24:05.179136904Z imp = "/usr/libexec/flux/flux-imp"
2023-05-18T13:24:05.179143277Z
2023-05-18T13:24:05.179148414Z [access]
2023-05-18T13:24:05.179153936Z allow-guest-user = true
2023-05-18T13:24:05.179158305Z allow-root-owner = true
2023-05-18T13:24:05.179163132Z
2023-05-18T13:24:05.179168007Z # Point to resource definition generated with flux-R(1).
2023-05-18T13:24:05.179173129Z [resource]
2023-05-18T13:24:05.179180734Z path = "/etc/flux/system/R"
2023-05-18T13:24:05.179186201Z
2023-05-18T13:24:05.179191193Z [bootstrap]
2023-05-18T13:24:05.179196249Z curve_cert = "/etc/curve/curve.cert"
2023-05-18T13:24:05.179200817Z default_port = 8050
2023-05-18T13:24:05.179205560Z default_bind = "tcp://eth0:%p"
2023-05-18T13:24:05.179210842Z default_connect = "tcp://%h.flux-service.flux-operator.svc.cluster.local:%p"
2023-05-18T13:24:05.179215700Z hosts = [
2023-05-18T13:24:05.179222490Z 	{ host="flux-sample-[0-3]"},
2023-05-18T13:24:05.179228771Z ]
2023-05-18T13:24:05.179233564Z
2023-05-18T13:24:05.179238145Z [archive]
2023-05-18T13:24:05.179243230Z dbpath = "/var/lib/flux/job-archive.sqlite"
2023-05-18T13:24:05.179248144Z period = "1m"
2023-05-18T13:24:05.268301497Z busytimeout = "50s"
2023-05-18T13:24:05.268345286Z ðŸ§Šï¸ State Directory:
2023-05-18T13:24:05.268360826Z total 0
2023-05-18T13:24:05.268365729Z
2023-05-18T13:24:05.271980117Z
2023-05-18T13:24:05.272011893Z ðŸ”’ï¸ Working directory permissions:
2023-05-18T13:24:05.272042830Z total 96
2023-05-18T13:24:05.272081193Z -rwxrwxrwx 1 flux root  2517 May 17 22:32 README.txt
2023-05-18T13:24:05.272090248Z -rwxrwxrwx 1 flux root 54692 May 17 22:32 data.hns-equil
2023-05-18T13:24:05.272098395Z -rwxrwxrwx 1 flux root 13576 May 17 22:32 ffield.reax.hns
2023-05-18T13:24:05.272105760Z -rwxrwxrwx 1 flux root   870 May 17 22:32 in.reaxc.hns
2023-05-18T13:24:05.272140359Z -rwxrwxrwx 1 flux root  4172 May 17 22:32 log.8Mar18.reaxc.hns.g++.1
2023-05-18T13:24:05.272147264Z -rwxrwxrwx 1 flux root  4168 May 17 22:32 log.8Mar18.reaxc.hns.g++.4
2023-05-18T13:24:05.272152557Z
2023-05-18T13:24:05.272159710Z
2023-05-18T13:24:05.272167572Z âœ¨ Curve certificate generated by helper pod
2023-05-18T13:24:05.273731008Z #   ****  Generated on 2023-04-26 22:54:42 by CZMQ  ****
2023-05-18T13:24:05.273796089Z #   ZeroMQ CURVE **Secret** Certificate
2023-05-18T13:24:05.273805563Z #   DO NOT PROVIDE THIS FILE TO OTHER USERS nor change its permissions.
2023-05-18T13:24:05.273811870Z
2023-05-18T13:24:05.273817466Z metadata
2023-05-18T13:24:05.273823565Z     name = "flux-cert-generator"
2023-05-18T13:24:05.273828960Z     keygen.hostname = "flux-sample-0"
2023-05-18T13:24:05.273856538Z curve
2023-05-18T13:24:05.273866123Z     public-key = "uA(pzrFV2L?!J?B4FDuffn>5XEKIzN-d55}r:2&c"
2023-05-18T13:24:05.273871762Z     secret-key = "XQyRI1)Vj>CO%vy:vJ5/V(&d]v6l7%DCfo#C^suI"
2023-05-18T13:24:05.277015264Z
2023-05-18T13:24:05.277044769Z ðŸŒ€  flux start --wrap=strace,-e,network,-tt -o --config /etc/flux/config -Scron.directory=/etc/flux/system/cron.d   -Stbon.fanout=256   -Srundir=/run/flux    -Sstatedir=/var/lib/flux   -Slocal-uri=local:///run/flux/local -Stbon.connect_timeout=9s  -Stbon.zmqdebug=1  -Slog-stderr-level=6    -Slog-stderr-mode=local
2023-05-18T13:24:05.318163422Z 13:24:05.317688 socket(AF_NETLINK, SOCK_RAW, NETLINK_ROUTE) = 8
2023-05-18T13:24:05.318433913Z 13:24:05.318173 bind(8, {sa_family=AF_NETLINK, nl_pid=0, nl_groups=00000000}, 12) = 0
2023-05-18T13:24:05.318452686Z 13:24:05.318298 getsockname(8, {sa_family=AF_NETLINK, nl_pid=70, nl_groups=00000000}, [12]) = 0
2023-05-18T13:24:05.318747300Z 13:24:05.318373 sendto(8, {{len=20, type=RTM_GETADDR, flags=NLM_F_REQUEST|NLM_F_DUMP, seq=1684416245, pid=0}, {ifa_family=AF_UNSPEC, ...}}, 20, 0, {sa_family=AF_NETLINK, nl_pid=0, nl_groups=00000000}, 12) = 20
2023-05-18T13:24:05.319157384Z 13:24:05.318622 recvmsg(8, {msg_name={sa_family=AF_NETLINK, nl_pid=0, nl_groups=00000000}, msg_namelen=12, msg_iov=[{iov_base=[{{len=76, type=RTM_NEWADDR, flags=NLM_F_MULTI, seq=1684416245, pid=70}, {ifa_family=AF_INET, ifa_prefixlen=8, ifa_flags=IFA_F_PERMANENT, ifa_scope=RT_SCOPE_HOST, ifa_index=if_nametoindex("lo")}, [{{nla_len=8, nla_type=IFA_ADDRESS}, 127.0.0.1}, {{nla_len=8, nla_type=IFA_LOCAL}, 127.0.0.1}, {{nla_len=7, nla_type=IFA_LABEL}, "lo"}, {{nla_len=8, nla_type=IFA_FLAGS}, IFA_F_PERMANENT}, {{nla_len=20, nla_type=IFA_CACHEINFO}, {ifa_prefered=4294967295, ifa_valid=4294967295, cstamp=2198764, tstamp=2198764}}]}, {{len=88, type=RTM_NEWADDR, flags=NLM_F_MULTI, seq=1684416245, pid=70}, {ifa_family=AF_INET, ifa_prefixlen=24, ifa_flags=IFA_F_PERMANENT, ifa_scope=RT_SCOPE_UNIVERSE, ifa_index=if_nametoindex("eth0")}, [{{nla_len=8, nla_type=IFA_ADDRESS}, 10.24.3.154}, {{nla_len=8, nla_type=IFA_LOCAL}, 10.24.3.154}, {{nla_len=8, nla_type=IFA_BROADCAST}, 10.24.3.255}, {{nla_len=9, nla_type=IFA_LABEL}, "eth0"}, {{nla_len=8, nla_type=IFA_FLAGS}, IFA_F_PERMANENT}, {{nla_len=20, nla_type=IFA_CACHEINFO}, {ifa_prefered=4294967295, ifa_valid=4294967295, cstamp=2198767, tstamp=2198767}}]}], iov_len=4096}], msg_iovlen=1, msg_controllen=0, msg_flags=0}, 0) = 164
2023-05-18T13:24:05.319223626Z 13:24:05.318951 recvmsg(8, {msg_name={sa_family=AF_NETLINK, nl_pid=0, nl_groups=00000000}, msg_namelen=12, msg_iov=[{iov_base={{len=20, type=NLMSG_DONE, flags=NLM_F_MULTI, seq=1684416245, pid=70}, 0}, iov_len=4096}], msg_iovlen=1, msg_controllen=0, msg_flags=0}, 0) = 20
2023-05-18T13:24:05.319970995Z 13:24:05.319535 socket(AF_UNIX, SOCK_STREAM|SOCK_CLOEXEC|SOCK_NONBLOCK, 0) = 8
2023-05-18T13:24:05.319990513Z 13:24:05.319617 connect(8, {sa_family=AF_UNIX, sun_path="/var/run/nscd/socket"}, 110) = -1 ENOENT (No such file or directory)
2023-05-18T13:24:05.319998321Z 13:24:05.319749 socket(AF_UNIX, SOCK_STREAM|SOCK_CLOEXEC|SOCK_NONBLOCK, 0) = 8
2023-05-18T13:24:05.320004251Z 13:24:05.319818 connect(8, {sa_family=AF_UNIX, sun_path="/var/run/nscd/socket"}, 110) = -1 ENOENT (No such file or directory)
2023-05-18T13:24:05.321505400Z 13:24:05.321231 socket(AF_INET, SOCK_DGRAM|SOCK_CLOEXEC|SOCK_NONBLOCK, IPPROTO_IP) = 8
2023-05-18T13:24:05.321599651Z 13:24:05.321324 connect(8, {sa_family=AF_INET, sin_port=htons(53), sin_addr=inet_addr("169.254.169.254")}, 16) = 0
2023-05-18T13:24:05.321891929Z 13:24:05.321468 sendto(8, "\37\350\1\0\0\1\0\0\0\0\0\0\rflux-sample-0\fflux-"..., 76, MSG_NOSIGNAL, NULL, 0) = 76
2023-05-18T13:24:05.325215932Z 13:24:05.324767 recvfrom(8, "\37\350\201\200\0\1\0\1\0\0\0\0\rflux-sample-0\fflux-"..., 1024, 0, {sa_family=AF_INET, sin_port=htons(53), sin_addr=inet_addr("169.254.169.254")}, [28->16]) = 92
2023-05-18T13:24:05.331627306Z broker.info[2]: start: none->join 1.98132ms
2023-05-18T13:24:06.014749145Z broker.info[2]: parent-ready: join->init 0.682764s
2023-05-18T13:24:06.015601915Z 13:24:06.015291 socketpair(AF_UNIX, SOCK_STREAM|SOCK_CLOEXEC, 0, [22, 23]) = 0
2023-05-18T13:24:06.015959923Z 13:24:06.015693 socketpair(AF_UNIX, SOCK_STREAM, 0, [24, 25]) = 0
2023-05-18T13:24:06.016451707Z 13:24:06.016200 socketpair(AF_UNIX, SOCK_STREAM, 0, [26, 27]) = 0
2023-05-18T13:24:06.016877214Z 13:24:06.016622 socketpair(AF_UNIX, SOCK_STREAM, 0, [28, 29]) = 0
2023-05-18T13:24:06.041660126Z broker.info[2]: configuration updated
2023-05-18T13:24:06.172263988Z broker.info[2]: rc1.0: running /etc/flux/rc1.d/01-sched-fluxion
2023-05-18T13:24:06.185897866Z broker.info[2]: rc1.0: running /etc/flux/rc1.d/02-cron
2023-05-18T13:24:06.220136262Z broker.info[2]: rc1.0: /etc/flux/rc1 Exited (rc=0) 0.2s
2023-05-18T13:24:06.221279864Z broker.info[2]: rc1-success: init->quorum 0.205806s
2023-05-18T13:24:07.549836650Z broker.info[2]: quorum-full: quorum->run 1.32812s
2023-05-18T13:24:19.239101536Z broker.info[2]: shutdown: run->cleanup 11.6888s
2023-05-18T13:24:19.240172917Z broker.info[2]: cleanup-none: cleanup->shutdown 0.947442ms
2023-05-18T13:24:19.241910023Z broker.info[2]: children-none: shutdown->finalize 0.889149ms
2023-05-18T13:24:19.241946544Z 13:24:19.241320 socketpair(AF_UNIX, SOCK_STREAM|SOCK_CLOEXEC, 0, [22, 23]) = 0
2023-05-18T13:24:19.242021618Z 13:24:19.241504 socketpair(AF_UNIX, SOCK_STREAM, 0, [24, 25]) = 0
2023-05-18T13:24:19.242109928Z 13:24:19.241732 socketpair(AF_UNIX, SOCK_STREAM, 0, [26, 28]) = 0
2023-05-18T13:24:19.242129114Z 13:24:19.241948 socketpair(AF_UNIX, SOCK_STREAM, 0, [58, 59]) = 0
2023-05-18T13:24:19.263159091Z broker.info[2]: rc3.0: running /etc/flux/rc3.d/01-sched-fluxion
2023-05-18T13:24:19.388392961Z broker.info[2]: rc3.0: /etc/flux/rc3 Exited (rc=0) 0.1s
2023-05-18T13:24:19.389656039Z broker.info[2]: rc3-success: finalize->goodbye 0.148184s
2023-05-18T13:24:19.391720106Z broker.info[2]: goodbye: goodbye->exit 1.13017ms
2023-05-18T13:24:19.410304250Z 13:24:19.409908 +++ exited with 0 +++
2023-05-18T13:24:19.412253440Z Return value for follower worker is 0
2023-05-18T13:24:19.412447527Z The follower worker exited cleanly. Goodbye!
