2023-05-18T08:21:37.181991316Z
2023-05-18T08:21:37.182041203Z Flux username: flux
2023-05-18T08:21:37.182047992Z
2023-05-18T08:21:37.182077192Z Flux install root: /usr
2023-05-18T08:21:37.228190853Z flux user is already added.
2023-05-18T08:21:37.231898914Z flux user identifiers:
2023-05-18T08:21:37.231934931Z uid=1234(flux) gid=1234(flux) groups=1234(flux)
2023-05-18T08:21:37.232140903Z
2023-05-18T08:21:37.232158931Z As Flux prefix for flux commands: sudo -u flux -E PYTHONPATH=/opt/conda/lib/python3.10/site-packages -E PATH=/opt/conda/bin:/usr/local/sbin:/usr/local/bin:/usr/sbin:/usr/bin:/sbin:/bin -E LD_LIBRARY_PATH=/opt/conda/lib -E HOME=/home/flux
2023-05-18T08:21:37.240197656Z
2023-05-18T08:21:37.240231916Z 👋 Hello, I'm flux-sample-1
2023-05-18T08:21:37.240387110Z The main host is flux-sample-0
2023-05-18T08:21:37.240400241Z The working directory is /home/flux/examples/reaxff/HNS, contents include:
2023-05-18T08:21:37.242380164Z /home/flux/examples/reaxff/HNS:
2023-05-18T08:21:37.242491638Z README.txt	ffield.reax.hns  log.8Mar18.reaxc.hns.g++.1
2023-05-18T08:21:37.242503280Z data.hns-equil	in.reaxc.hns	 log.8Mar18.reaxc.hns.g++.4
2023-05-18T08:21:37.242986329Z End of file listing, if you see nothing above there are no files.
2023-05-18T08:21:37.244906877Z flux R encode --hosts=flux-sample-[0-3]
2023-05-18T08:21:37.260578515Z
2023-05-18T08:21:37.260617795Z 📦 Resources
2023-05-18T08:21:37.262143477Z {"version": 1, "execution": {"R_lite": [{"rank": "0-3", "children": {"core": "0"}}], "starttime": 0.0, "expiration": 0.0, "nodelist": ["flux-sample-[0-3]"]}}
2023-05-18T08:21:37.262496226Z
2023-05-18T08:21:37.262597002Z 🐸 Diagnostics: false
2023-05-18T08:21:37.262844692Z 🚩️ Flux Option Flags defined
2023-05-18T08:21:37.267227692Z
2023-05-18T08:21:37.267255184Z 🦊 Independent Minister of Privilege
2023-05-18T08:21:37.268648246Z [exec]
2023-05-18T08:21:37.268672568Z allowed-users = [ "flux", "root" ]
2023-05-18T08:21:37.268680111Z allowed-shells = [ "/usr/libexec/flux/flux-shell" ]
2023-05-18T08:21:37.269000767Z
2023-05-18T08:21:37.269021687Z 🐸 Broker Configuration
2023-05-18T08:21:37.270341620Z # Flux needs to know the path to the IMP executable
2023-05-18T08:21:37.270363183Z [exec]
2023-05-18T08:21:37.270370055Z imp = "/usr/libexec/flux/flux-imp"
2023-05-18T08:21:37.270375658Z
2023-05-18T08:21:37.270380853Z [access]
2023-05-18T08:21:37.270386645Z allow-guest-user = true
2023-05-18T08:21:37.270394409Z allow-root-owner = true
2023-05-18T08:21:37.270400762Z
2023-05-18T08:21:37.270406604Z # Point to resource definition generated with flux-R(1).
2023-05-18T08:21:37.270412190Z [resource]
2023-05-18T08:21:37.270418238Z path = "/etc/flux/system/R"
2023-05-18T08:21:37.270423790Z
2023-05-18T08:21:37.270428889Z [bootstrap]
2023-05-18T08:21:37.270434465Z curve_cert = "/etc/curve/curve.cert"
2023-05-18T08:21:37.270442540Z default_port = 8050
2023-05-18T08:21:37.270449430Z default_bind = "tcp://eth0:%p"
2023-05-18T08:21:37.270455749Z default_connect = "tcp://%h.flux-service.flux-operator.svc.cluster.local:%p"
2023-05-18T08:21:37.270462241Z hosts = [
2023-05-18T08:21:37.270467519Z 	{ host="flux-sample-[0-3]"},
2023-05-18T08:21:37.270472665Z ]
2023-05-18T08:21:37.270477420Z
2023-05-18T08:21:37.270482441Z [archive]
2023-05-18T08:21:37.270489998Z dbpath = "/var/lib/flux/job-archive.sqlite"
2023-05-18T08:21:37.270496461Z period = "1m"
2023-05-18T08:21:37.358466170Z busytimeout = "50s"
2023-05-18T08:21:37.358501259Z 🧊️ State Directory:
2023-05-18T08:21:37.358509263Z total 0
2023-05-18T08:21:37.358514939Z
2023-05-18T08:21:37.361577228Z
2023-05-18T08:21:37.361608754Z 🔒️ Working directory permissions:
2023-05-18T08:21:37.361617063Z total 96
2023-05-18T08:21:37.361623755Z -rwxrwxrwx 1 flux root  2517 May 17 22:32 README.txt
2023-05-18T08:21:37.361629188Z -rwxrwxrwx 1 flux root 54692 May 17 22:32 data.hns-equil
2023-05-18T08:21:37.361634644Z -rwxrwxrwx 1 flux root 13576 May 17 22:32 ffield.reax.hns
2023-05-18T08:21:37.361640036Z -rwxrwxrwx 1 flux root   870 May 17 22:32 in.reaxc.hns
2023-05-18T08:21:37.361805543Z -rwxrwxrwx 1 flux root  4172 May 17 22:32 log.8Mar18.reaxc.hns.g++.1
2023-05-18T08:21:37.361817507Z -rwxrwxrwx 1 flux root  4168 May 17 22:32 log.8Mar18.reaxc.hns.g++.4
2023-05-18T08:21:37.361823823Z
2023-05-18T08:21:37.361829054Z
2023-05-18T08:21:37.361834863Z ✨ Curve certificate generated by helper pod
2023-05-18T08:21:37.364151562Z #   ****  Generated on 2023-04-26 22:54:42 by CZMQ  ****
2023-05-18T08:21:37.364179079Z #   ZeroMQ CURVE **Secret** Certificate
2023-05-18T08:21:37.364197661Z #   DO NOT PROVIDE THIS FILE TO OTHER USERS nor change its permissions.
2023-05-18T08:21:37.364205464Z
2023-05-18T08:21:37.364212714Z metadata
2023-05-18T08:21:37.364220562Z     name = "flux-cert-generator"
2023-05-18T08:21:37.364228001Z     keygen.hostname = "flux-sample-0"
2023-05-18T08:21:37.364236876Z curve
2023-05-18T08:21:37.364244718Z     public-key = ")0&{82iLlD[D6@.VYaa(-^#4?at?hr6Sq7fw*C&6"
2023-05-18T08:21:37.364252578Z     secret-key = "R@iS0J^zTs{W4mZ*8e9p)en!y[e:.WSkwhWdPrD<"
2023-05-18T08:21:37.366849300Z
2023-05-18T08:21:37.366878919Z 🌀  flux start --wrap=strace,-e,network,-tt -o --config /etc/flux/config -Scron.directory=/etc/flux/system/cron.d   -Stbon.fanout=256   -Srundir=/run/flux    -Sstatedir=/var/lib/flux   -Slocal-uri=local:///run/flux/local -Stbon.connect_timeout=8s  -Stbon.zmqdebug=1  -Slog-stderr-level=6    -Slog-stderr-mode=local
2023-05-18T08:21:37.410194097Z 08:21:37.409882 socket(AF_NETLINK, SOCK_RAW, NETLINK_ROUTE) = 8
2023-05-18T08:21:37.410637988Z 08:21:37.410323 bind(8, {sa_family=AF_NETLINK, nl_pid=0, nl_groups=00000000}, 12) = 0
2023-05-18T08:21:37.411031272Z 08:21:37.410735 getsockname(8, {sa_family=AF_NETLINK, nl_pid=70, nl_groups=00000000}, [12]) = 0
2023-05-18T08:21:37.411549869Z 08:21:37.411192 sendto(8, {{len=20, type=RTM_GETADDR, flags=NLM_F_REQUEST|NLM_F_DUMP, seq=1684398097, pid=0}, {ifa_family=AF_UNSPEC, ...}}, 20, 0, {sa_family=AF_NETLINK, nl_pid=0, nl_groups=00000000}, 12) = 20
2023-05-18T08:21:37.412155318Z 08:21:37.411511 recvmsg(8, {msg_name={sa_family=AF_NETLINK, nl_pid=0, nl_groups=00000000}, msg_namelen=12, msg_iov=[{iov_base=[{{len=76, type=RTM_NEWADDR, flags=NLM_F_MULTI, seq=1684398097, pid=70}, {ifa_family=AF_INET, ifa_prefixlen=8, ifa_flags=IFA_F_PERMANENT, ifa_scope=RT_SCOPE_HOST, ifa_index=if_nametoindex("lo")}, [{{nla_len=8, nla_type=IFA_ADDRESS}, 127.0.0.1}, {{nla_len=8, nla_type=IFA_LOCAL}, 127.0.0.1}, {{nla_len=7, nla_type=IFA_LABEL}, "lo"}, {{nla_len=8, nla_type=IFA_FLAGS}, IFA_F_PERMANENT}, {{nla_len=20, nla_type=IFA_CACHEINFO}, {ifa_prefered=4294967295, ifa_valid=4294967295, cstamp=383984, tstamp=383984}}]}, {{len=88, type=RTM_NEWADDR, flags=NLM_F_MULTI, seq=1684398097, pid=70}, {ifa_family=AF_INET, ifa_prefixlen=24, ifa_flags=IFA_F_PERMANENT, ifa_scope=RT_SCOPE_UNIVERSE, ifa_index=if_nametoindex("eth0")}, [{{nla_len=8, nla_type=IFA_ADDRESS}, 10.24.3.154}, {{nla_len=8, nla_type=IFA_LOCAL}, 10.24.3.154}, {{nla_len=8, nla_type=IFA_BROADCAST}, 10.24.3.255}, {{nla_len=9, nla_type=IFA_LABEL}, "eth0"}, {{nla_len=8, nla_type=IFA_FLAGS}, IFA_F_PERMANENT}, {{nla_len=20, nla_type=IFA_CACHEINFO}, {ifa_prefered=4294967295, ifa_valid=4294967295, cstamp=383983, tstamp=383983}}]}], iov_len=4096}], msg_iovlen=1, msg_controllen=0, msg_flags=0}, 0) = 164
2023-05-18T08:21:37.412294656Z 08:21:37.412025 recvmsg(8, {msg_name={sa_family=AF_NETLINK, nl_pid=0, nl_groups=00000000}, msg_namelen=12, msg_iov=[{iov_base={{len=20, type=NLMSG_DONE, flags=NLM_F_MULTI, seq=1684398097, pid=70}, 0}, iov_len=4096}], msg_iovlen=1, msg_controllen=0, msg_flags=0}, 0) = 20
2023-05-18T08:21:37.413147025Z 08:21:37.412910 socket(AF_UNIX, SOCK_STREAM|SOCK_CLOEXEC|SOCK_NONBLOCK, 0) = 8
2023-05-18T08:21:37.413274048Z 08:21:37.413008 connect(8, {sa_family=AF_UNIX, sun_path="/var/run/nscd/socket"}, 110) = -1 ENOENT (No such file or directory)
2023-05-18T08:21:37.413477380Z 08:21:37.413334 socket(AF_UNIX, SOCK_STREAM|SOCK_CLOEXEC|SOCK_NONBLOCK, 0) = 8
2023-05-18T08:21:37.413693350Z 08:21:37.413438 connect(8, {sa_family=AF_UNIX, sun_path="/var/run/nscd/socket"}, 110) = -1 ENOENT (No such file or directory)
2023-05-18T08:21:37.415978522Z 08:21:37.415826 socket(AF_INET, SOCK_DGRAM|SOCK_CLOEXEC|SOCK_NONBLOCK, IPPROTO_IP) = 8
2023-05-18T08:21:37.416169018Z 08:21:37.415936 connect(8, {sa_family=AF_INET, sin_port=htons(53), sin_addr=inet_addr("169.254.169.254")}, 16) = 0
2023-05-18T08:21:37.416616321Z 08:21:37.416239 sendto(8, "gY\1\0\0\1\0\0\0\0\0\0\rflux-sample-0\fflux-"..., 76, MSG_NOSIGNAL, NULL, 0) = 76
2023-05-18T08:21:37.420170483Z 08:21:37.419957 recvfrom(8, "gY\201\200\0\1\0\1\0\0\0\0\rflux-sample-0\fflux-"..., 1024, 0, {sa_family=AF_INET, sin_port=htons(53), sin_addr=inet_addr("169.254.169.254")}, [28->16]) = 92
2023-05-18T08:21:37.426085019Z broker.info[1]: start: none->join 1.99059ms
2023-05-18T08:21:45.557411986Z broker.info[1]: parent-ready: join->init 8.13104s
2023-05-18T08:21:45.558029434Z 08:21:45.557310 socketpair(AF_UNIX, SOCK_STREAM|SOCK_CLOEXEC, 0, [22, 23]) = 0
2023-05-18T08:21:45.558265108Z 08:21:45.557451 socketpair(AF_UNIX, SOCK_STREAM, 0, [24, 25]) = 0
2023-05-18T08:21:45.558438250Z 08:21:45.557630 socketpair(AF_UNIX, SOCK_STREAM, 0, [26, 27]) = 0
2023-05-18T08:21:45.558602311Z 08:21:45.557793 socketpair(AF_UNIX, SOCK_STREAM, 0, [28, 29]) = 0
2023-05-18T08:21:45.581567596Z broker.info[1]: configuration updated
2023-05-18T08:21:45.718625184Z broker.info[1]: rc1.0: running /etc/flux/rc1.d/01-sched-fluxion
2023-05-18T08:21:45.735671903Z broker.info[1]: rc1.0: running /etc/flux/rc1.d/02-cron
2023-05-18T08:21:45.782397842Z broker.info[1]: rc1.0: /etc/flux/rc1 Exited (rc=0) 0.2s
2023-05-18T08:21:45.783329926Z broker.info[1]: rc1-success: init->quorum 0.225906s
2023-05-18T08:21:46.000314291Z broker.info[1]: quorum-full: quorum->run 0.216588s
2023-05-18T08:21:56.868081522Z broker.info[1]: shutdown: run->cleanup 10.8671s
2023-05-18T08:21:56.868984357Z broker.info[1]: cleanup-none: cleanup->shutdown 1.044ms
2023-05-18T08:21:56.870476196Z broker.info[1]: children-none: shutdown->finalize 1.20207ms
2023-05-18T08:21:56.870886587Z 08:21:56.870539 socketpair(AF_UNIX, SOCK_STREAM|SOCK_CLOEXEC, 0, [22, 23]) = 0
2023-05-18T08:21:56.870906958Z 08:21:56.870729 socketpair(AF_UNIX, SOCK_STREAM, 0, [24, 25]) = 0
2023-05-18T08:21:56.871286367Z 08:21:56.871002 socketpair(AF_UNIX, SOCK_STREAM, 0, [26, 28]) = 0
2023-05-18T08:21:56.871567812Z 08:21:56.871285 socketpair(AF_UNIX, SOCK_STREAM, 0, [58, 59]) = 0
2023-05-18T08:21:56.889599977Z broker.info[1]: rc3.0: running /etc/flux/rc3.d/01-sched-fluxion
2023-05-18T08:21:57.024332515Z broker.info[1]: rc3.0: /etc/flux/rc3 Exited (rc=0) 0.1s
2023-05-18T08:21:57.025177752Z broker.info[1]: rc3-success: finalize->goodbye 0.154435s
2023-05-18T08:21:57.026342085Z broker.info[1]: goodbye: goodbye->exit 0.981388ms
2023-05-18T08:21:57.033368055Z 08:21:57.033191 +++ exited with 0 +++
2023-05-18T08:21:57.034516569Z Return value for follower worker is 0
2023-05-18T08:21:57.034623981Z The follower worker exited cleanly. Goodbye!
