2023-05-18T13:39:28.742848835Z
2023-05-18T13:39:28.742891959Z Flux username: flux
2023-05-18T13:39:28.742898906Z
2023-05-18T13:39:28.742903916Z Flux install root: /usr
2023-05-18T13:39:28.788470223Z flux user is already added.
2023-05-18T13:39:28.792077644Z flux user identifiers:
2023-05-18T13:39:28.792108178Z uid=1234(flux) gid=1234(flux) groups=1234(flux)
2023-05-18T13:39:28.792114841Z
2023-05-18T13:39:28.792120398Z As Flux prefix for flux commands: sudo -u flux -E PYTHONPATH=/opt/conda/lib/python3.10/site-packages -E PATH=/opt/conda/bin:/usr/local/sbin:/usr/local/bin:/usr/sbin:/usr/bin:/sbin:/bin -E LD_LIBRARY_PATH=/opt/conda/lib -E HOME=/home/flux
2023-05-18T13:39:28.800706497Z
2023-05-18T13:39:28.800731439Z ðŸ‘‹ Hello, I'm flux-sample-1
2023-05-18T13:39:28.800740662Z The main host is flux-sample-0
2023-05-18T13:39:28.800747850Z The working directory is /home/flux/examples/reaxff/HNS, contents include:
2023-05-18T13:39:28.802667474Z /home/flux/examples/reaxff/HNS:
2023-05-18T13:39:28.802687340Z README.txt	ffield.reax.hns  log.8Mar18.reaxc.hns.g++.1
2023-05-18T13:39:28.802692821Z data.hns-equil	in.reaxc.hns	 log.8Mar18.reaxc.hns.g++.4
2023-05-18T13:39:28.802763176Z End of file listing, if you see nothing above there are no files.
2023-05-18T13:39:28.805791205Z flux R encode --hosts=flux-sample-[0-3]
2023-05-18T13:39:28.820405187Z
2023-05-18T13:39:28.820428277Z ðŸ“¦ Resources
2023-05-18T13:39:28.821506578Z {"version": 1, "execution": {"R_lite": [{"rank": "0-3", "children": {"core": "0"}}], "starttime": 0.0, "expiration": 0.0, "nodelist": ["flux-sample-[0-3]"]}}
2023-05-18T13:39:28.821765277Z
2023-05-18T13:39:28.821783394Z ðŸ¸ Diagnostics: false
2023-05-18T13:39:28.822068323Z ðŸš©ï¸ Flux Option Flags defined
2023-05-18T13:39:28.826485922Z
2023-05-18T13:39:28.826505862Z ðŸ¦Š Independent Minister of Privilege
2023-05-18T13:39:28.827777259Z [exec]
2023-05-18T13:39:28.827794844Z allowed-users = [ "flux", "root" ]
2023-05-18T13:39:28.827801294Z allowed-shells = [ "/usr/libexec/flux/flux-shell" ]
2023-05-18T13:39:28.827980425Z
2023-05-18T13:39:28.827995386Z ðŸ¸ Broker Configuration
2023-05-18T13:39:28.829149609Z # Flux needs to know the path to the IMP executable
2023-05-18T13:39:28.829174290Z [exec]
2023-05-18T13:39:28.829183643Z imp = "/usr/libexec/flux/flux-imp"
2023-05-18T13:39:28.829189871Z
2023-05-18T13:39:28.829194994Z [access]
2023-05-18T13:39:28.829200205Z allow-guest-user = true
2023-05-18T13:39:28.829205000Z allow-root-owner = true
2023-05-18T13:39:28.829209512Z
2023-05-18T13:39:28.829214320Z # Point to resource definition generated with flux-R(1).
2023-05-18T13:39:28.829219195Z [resource]
2023-05-18T13:39:28.829226681Z path = "/etc/flux/system/R"
2023-05-18T13:39:28.829245903Z
2023-05-18T13:39:28.829251280Z [bootstrap]
2023-05-18T13:39:28.829256331Z curve_cert = "/etc/curve/curve.cert"
2023-05-18T13:39:28.829261183Z default_port = 8050
2023-05-18T13:39:28.829265952Z default_bind = "tcp://eth0:%p"
2023-05-18T13:39:28.829270797Z default_connect = "tcp://%h.flux-service.flux-operator.svc.cluster.local:%p"
2023-05-18T13:39:28.829278229Z hosts = [
2023-05-18T13:39:28.829284927Z 	{ host="flux-sample-[0-3]"},
2023-05-18T13:39:28.829290157Z ]
2023-05-18T13:39:28.829294743Z
2023-05-18T13:39:28.829299632Z [archive]
2023-05-18T13:39:28.829304402Z dbpath = "/var/lib/flux/job-archive.sqlite"
2023-05-18T13:39:28.829309117Z period = "1m"
2023-05-18T13:39:28.910296304Z busytimeout = "50s"
2023-05-18T13:39:28.910323836Z ðŸ§Šï¸ State Directory:
2023-05-18T13:39:28.910332889Z total 0
2023-05-18T13:39:28.910339809Z
2023-05-18T13:39:28.914115452Z
2023-05-18T13:39:28.914141207Z ðŸ”’ï¸ Working directory permissions:
2023-05-18T13:39:28.914150539Z total 96
2023-05-18T13:39:28.914178815Z -rwxrwxrwx 1 flux root  2517 May 17 22:32 README.txt
2023-05-18T13:39:28.914186310Z -rwxrwxrwx 1 flux root 54692 May 17 22:32 data.hns-equil
2023-05-18T13:39:28.914193333Z -rwxrwxrwx 1 flux root 13576 May 17 22:32 ffield.reax.hns
2023-05-18T13:39:28.914199887Z -rwxrwxrwx 1 flux root   870 May 17 22:32 in.reaxc.hns
2023-05-18T13:39:28.914206905Z -rwxrwxrwx 1 flux root  4172 May 17 22:32 log.8Mar18.reaxc.hns.g++.1
2023-05-18T13:39:28.914213481Z -rwxrwxrwx 1 flux root  4168 May 17 22:32 log.8Mar18.reaxc.hns.g++.4
2023-05-18T13:39:28.914221126Z
2023-05-18T13:39:28.914329388Z
2023-05-18T13:39:28.914344915Z âœ¨ Curve certificate generated by helper pod
2023-05-18T13:39:28.915839792Z #   ****  Generated on 2023-04-26 22:54:42 by CZMQ  ****
2023-05-18T13:39:28.915858165Z #   ZeroMQ CURVE **Secret** Certificate
2023-05-18T13:39:28.915865983Z #   DO NOT PROVIDE THIS FILE TO OTHER USERS nor change its permissions.
2023-05-18T13:39:28.915874155Z
2023-05-18T13:39:28.915881432Z metadata
2023-05-18T13:39:28.915888636Z     name = "flux-cert-generator"
2023-05-18T13:39:28.915895297Z     keygen.hostname = "flux-sample-0"
2023-05-18T13:39:28.915901928Z curve
2023-05-18T13:39:28.915908567Z     public-key = "Ond4:j:m+v>7SbwpZWMqGTaIaF$T.n>r#.UB}1<{"
2023-05-18T13:39:28.915915284Z     secret-key = "E^0&f</&34g$EQ(dZ]?cC<illy%c*/cer@d8h^Xw"
2023-05-18T13:39:28.917909175Z
2023-05-18T13:39:28.917931967Z ðŸŒ€  flux start --wrap=strace,-e,network,-tt -o --config /etc/flux/config -Scron.directory=/etc/flux/system/cron.d   -Stbon.fanout=256   -Srundir=/run/flux    -Sstatedir=/var/lib/flux   -Slocal-uri=local:///run/flux/local   -Stbon.zmqdebug=1  -Slog-stderr-level=6    -Slog-stderr-mode=local
2023-05-18T13:39:28.959063638Z 13:39:28.958782 socket(AF_NETLINK, SOCK_RAW, NETLINK_ROUTE) = 8
2023-05-18T13:39:28.959318182Z 13:39:28.959097 bind(8, {sa_family=AF_NETLINK, nl_pid=0, nl_groups=00000000}, 12) = 0
2023-05-18T13:39:28.959538697Z 13:39:28.959263 getsockname(8, {sa_family=AF_NETLINK, nl_pid=69, nl_groups=00000000}, [12]) = 0
2023-05-18T13:39:28.959808244Z 13:39:28.959510 sendto(8, {{len=20, type=RTM_GETADDR, flags=NLM_F_REQUEST|NLM_F_DUMP, seq=1684417168, pid=0}, {ifa_family=AF_UNSPEC, ...}}, 20, 0, {sa_family=AF_NETLINK, nl_pid=0, nl_groups=00000000}, 12) = 20
2023-05-18T13:39:28.960310198Z 13:39:28.959824 recvmsg(8, {msg_name={sa_family=AF_NETLINK, nl_pid=0, nl_groups=00000000}, msg_namelen=12, msg_iov=[{iov_base=[{{len=76, type=RTM_NEWADDR, flags=NLM_F_MULTI, seq=1684417168, pid=69}, {ifa_family=AF_INET, ifa_prefixlen=8, ifa_flags=IFA_F_PERMANENT, ifa_scope=RT_SCOPE_HOST, ifa_index=if_nametoindex("lo")}, [{{nla_len=8, nla_type=IFA_ADDRESS}, 127.0.0.1}, {{nla_len=8, nla_type=IFA_LOCAL}, 127.0.0.1}, {{nla_len=7, nla_type=IFA_LABEL}, "lo"}, {{nla_len=8, nla_type=IFA_FLAGS}, IFA_F_PERMANENT}, {{nla_len=20, nla_type=IFA_CACHEINFO}, {ifa_prefered=4294967295, ifa_valid=4294967295, cstamp=2291404, tstamp=2291404}}]}, {{len=88, type=RTM_NEWADDR, flags=NLM_F_MULTI, seq=1684417168, pid=69}, {ifa_family=AF_INET, ifa_prefixlen=24, ifa_flags=IFA_F_PERMANENT, ifa_scope=RT_SCOPE_UNIVERSE, ifa_index=if_nametoindex("eth0")}, [{{nla_len=8, nla_type=IFA_ADDRESS}, 10.24.0.205}, {{nla_len=8, nla_type=IFA_LOCAL}, 10.24.0.205}, {{nla_len=8, nla_type=IFA_BROADCAST}, 10.24.0.255}, {{nla_len=9, nla_type=IFA_LABEL}, "eth0"}, {{nla_len=8, nla_type=IFA_FLAGS}, IFA_F_PERMANENT}, {{nla_len=20, nla_type=IFA_CACHEINFO}, {ifa_prefered=4294967295, ifa_valid=4294967295, cstamp=2291408, tstamp=2291408}}]}], iov_len=4096}], msg_iovlen=1, msg_controllen=0, msg_flags=0}, 0) = 164
2023-05-18T13:39:28.960435326Z 13:39:28.960228 recvmsg(8, {msg_name={sa_family=AF_NETLINK, nl_pid=0, nl_groups=00000000}, msg_namelen=12, msg_iov=[{iov_base={{len=20, type=NLMSG_DONE, flags=NLM_F_MULTI, seq=1684417168, pid=69}, 0}, iov_len=4096}], msg_iovlen=1, msg_controllen=0, msg_flags=0}, 0) = 20
2023-05-18T13:39:28.961148668Z 13:39:28.961050 socket(AF_UNIX, SOCK_STREAM|SOCK_CLOEXEC|SOCK_NONBLOCK, 0) = 8
2023-05-18T13:39:28.961386892Z 13:39:28.961211 connect(8, {sa_family=AF_UNIX, sun_path="/var/run/nscd/socket"}, 110) = -1 ENOENT (No such file or directory)
2023-05-18T13:39:28.961627469Z 13:39:28.961424 socket(AF_UNIX, SOCK_STREAM|SOCK_CLOEXEC|SOCK_NONBLOCK, 0) = 8
2023-05-18T13:39:28.961639650Z 13:39:28.961527 connect(8, {sa_family=AF_UNIX, sun_path="/var/run/nscd/socket"}, 110) = -1 ENOENT (No such file or directory)
2023-05-18T13:39:28.963625627Z 13:39:28.963456 socket(AF_INET, SOCK_DGRAM|SOCK_CLOEXEC|SOCK_NONBLOCK, IPPROTO_IP) = 8
2023-05-18T13:39:28.963857440Z 13:39:28.963645 connect(8, {sa_family=AF_INET, sin_port=htons(53), sin_addr=inet_addr("169.254.169.254")}, 16) = 0
2023-05-18T13:39:28.964182384Z 13:39:28.963845 sendto(8, "\340e\1\0\0\1\0\0\0\0\0\0\rflux-sample-0\fflux-"..., 76, MSG_NOSIGNAL, NULL, 0) = 76
2023-05-18T13:39:28.968015507Z 13:39:28.967343 recvfrom(8, "\340e\201\203\0\1\0\0\0\1\0\0\rflux-sample-0\fflux-"..., 1024, 0, {sa_family=AF_INET, sin_port=htons(53), sin_addr=inet_addr("169.254.169.254")}, [28->16]) = 172
2023-05-18T13:39:28.968136016Z 13:39:28.967850 socket(AF_INET, SOCK_DGRAM|SOCK_CLOEXEC|SOCK_NONBLOCK, IPPROTO_IP) = 8
2023-05-18T13:39:28.968148529Z 13:39:28.967945 connect(8, {sa_family=AF_INET, sin_port=htons(53), sin_addr=inet_addr("169.254.169.254")}, 16) = 0
2023-05-18T13:39:28.968463244Z 13:39:28.968150 sendto(8, "|\277\1\0\0\1\0\0\0\0\0\0\rflux-sample-0\fflux-"..., 108, MSG_NOSIGNAL, NULL, 0) = 108
2023-05-18T13:39:28.972746927Z 13:39:28.972464 recvfrom(8, "|\277\201\203\0\1\0\0\0\1\0\0\rflux-sample-0\fflux-"..., 1024, 0, {sa_family=AF_INET, sin_port=htons(53), sin_addr=inet_addr("169.254.169.254")}, [28->16]) = 204
2023-05-18T13:39:28.972965956Z 13:39:28.972785 socket(AF_INET, SOCK_DGRAM|SOCK_CLOEXEC|SOCK_NONBLOCK, IPPROTO_IP) = 8
2023-05-18T13:39:28.973164798Z 13:39:28.972942 connect(8, {sa_family=AF_INET, sin_port=htons(53), sin_addr=inet_addr("169.254.169.254")}, 16) = 0
2023-05-18T13:39:28.973448987Z 13:39:28.973188 sendto(8, "J{\1\0\0\1\0\0\0\0\0\0\rflux-sample-0\fflux-"..., 94, MSG_NOSIGNAL, NULL, 0) = 94
2023-05-18T13:39:28.976424210Z 13:39:28.976166 recvfrom(8, "J{\201\203\0\1\0\0\0\1\0\0\rflux-sample-0\fflux-"..., 1024, 0, {sa_family=AF_INET, sin_port=htons(53), sin_addr=inet_addr("169.254.169.254")}, [28->16]) = 190
2023-05-18T13:39:28.976683841Z 13:39:28.976501 socket(AF_INET, SOCK_DGRAM|SOCK_CLOEXEC|SOCK_NONBLOCK, IPPROTO_IP) = 8
2023-05-18T13:39:28.976808405Z 13:39:28.976647 connect(8, {sa_family=AF_INET, sin_port=htons(53), sin_addr=inet_addr("169.254.169.254")}, 16) = 0
2023-05-18T13:39:28.977015482Z 13:39:28.976804 sendto(8, "\3406\1\0\0\1\0\0\0\0\0\0\rflux-sample-0\fflux-"..., 90, MSG_NOSIGNAL, NULL, 0) = 90
2023-05-18T13:39:28.982401298Z 13:39:28.982140 recvfrom(8, "\3406\201\203\0\1\0\0\0\1\0\0\rflux-sample-0\fflux-"..., 1024, 0, {sa_family=AF_INET, sin_port=htons(53), sin_addr=inet_addr("169.254.169.254")}, [28->16]) = 186
2023-05-18T13:39:28.982512832Z 13:39:28.982320 socket(AF_INET, SOCK_DGRAM|SOCK_CLOEXEC|SOCK_NONBLOCK, IPPROTO_IP) = 8
2023-05-18T13:39:28.982523678Z 13:39:28.982382 connect(8, {sa_family=AF_INET, sin_port=htons(53), sin_addr=inet_addr("169.254.169.254")}, 16) = 0
2023-05-18T13:39:28.982697569Z 13:39:28.982479 sendto(8, "X\217\1\0\0\1\0\0\0\0\0\0\rflux-sample-0\fflux-"..., 111, MSG_NOSIGNAL, NULL, 0) = 111
2023-05-18T13:39:28.987117604Z 13:39:28.986885 recvfrom(8, "X\217\201\203\0\1\0\0\0\1\0\0\rflux-sample-0\fflux-"..., 1024, 0, {sa_family=AF_INET, sin_port=htons(53), sin_addr=inet_addr("169.254.169.254")}, [28->16]) = 205
2023-05-18T13:39:28.987257053Z 13:39:28.987034 socket(AF_INET, SOCK_DGRAM|SOCK_CLOEXEC|SOCK_NONBLOCK, IPPROTO_IP) = 8
2023-05-18T13:39:28.987280807Z 13:39:28.987096 connect(8, {sa_family=AF_INET, sin_port=htons(53), sin_addr=inet_addr("169.254.169.254")}, 16) = 0
2023-05-18T13:39:28.987466184Z 13:39:28.987204 sendto(8, "e\10\1\0\0\1\0\0\0\0\0\0\rflux-sample-0\fflux-"..., 97, MSG_NOSIGNAL, NULL, 0) = 97
2023-05-18T13:39:28.992566430Z 13:39:28.992310 recvfrom(8, "e\10\201\203\0\1\0\0\0\1\0\0\rflux-sample-0\fflux-"..., 1024, 0, {sa_family=AF_INET, sin_port=htons(53), sin_addr=inet_addr("169.254.169.254")}, [28->16]) = 186
2023-05-18T13:39:28.992686638Z 13:39:28.992573 socket(AF_INET, SOCK_DGRAM|SOCK_CLOEXEC|SOCK_NONBLOCK, IPPROTO_IP) = 8
2023-05-18T13:39:28.992778403Z 13:39:28.992652 connect(8, {sa_family=AF_INET, sin_port=htons(53), sin_addr=inet_addr("169.254.169.254")}, 16) = 0
2023-05-18T13:39:28.992989616Z 13:39:28.992759 sendto(8, "ZX\1\0\0\1\0\0\0\0\0\0\rflux-sample-0\fflux-"..., 92, MSG_NOSIGNAL, NULL, 0) = 92
2023-05-18T13:39:28.997209349Z 13:39:28.996958 recvfrom(8, "ZX\201\203\0\1\0\0\0\1\0\0\rflux-sample-0\fflux-"..., 1024, 0, {sa_family=AF_INET, sin_port=htons(53), sin_addr=inet_addr("169.254.169.254")}, [28->16]) = 181
2023-05-18T13:39:28.997485755Z broker.err[1]: Warning: unable to resolve upstream peer flux-sample-0.flux-service.flux-operator.svc.cluster.local: Name or service not known
2023-05-18T13:39:29.002532786Z broker.info[1]: start: none->join 1.64884ms
2023-05-18T13:39:29.729822439Z broker.info[1]: parent-ready: join->init 0.726888s
2023-05-18T13:39:29.729997157Z 13:39:29.729703 socketpair(AF_UNIX, SOCK_STREAM|SOCK_CLOEXEC, 0, [22, 23]) = 0
2023-05-18T13:39:29.730113709Z 13:39:29.729914 socketpair(AF_UNIX, SOCK_STREAM, 0, [24, 25]) = 0
2023-05-18T13:39:29.730480053Z 13:39:29.730222 socketpair(AF_UNIX, SOCK_STREAM, 0, [26, 27]) = 0
2023-05-18T13:39:29.730687838Z 13:39:29.730485 socketpair(AF_UNIX, SOCK_STREAM, 0, [28, 29]) = 0
2023-05-18T13:39:29.755344628Z broker.info[1]: configuration updated
2023-05-18T13:39:29.873263649Z broker.info[1]: rc1.0: running /etc/flux/rc1.d/01-sched-fluxion
2023-05-18T13:39:29.884422585Z broker.info[1]: rc1.0: running /etc/flux/rc1.d/02-cron
2023-05-18T13:39:29.907021378Z broker.info[1]: rc1.0: /etc/flux/rc1 Exited (rc=0) 0.2s
2023-05-18T13:39:29.908433894Z broker.info[1]: rc1-success: init->quorum 0.178533s
2023-05-18T13:39:30.123855271Z broker.info[1]: quorum-full: quorum->run 0.215076s
2023-05-18T13:39:41.688089690Z broker.info[1]: shutdown: run->cleanup 11.5636s
2023-05-18T13:39:41.689430318Z broker.info[1]: cleanup-none: cleanup->shutdown 1.35101ms
2023-05-18T13:39:41.690458144Z broker.info[1]: children-none: shutdown->finalize 0.816204ms
2023-05-18T13:39:41.690829955Z 13:39:41.690529 socketpair(AF_UNIX, SOCK_STREAM|SOCK_CLOEXEC, 0, [22, 23]) = 0
2023-05-18T13:39:41.691184715Z 13:39:41.690670 socketpair(AF_UNIX, SOCK_STREAM, 0, [24, 25]) = 0
2023-05-18T13:39:41.691421434Z 13:39:41.690849 socketpair(AF_UNIX, SOCK_STREAM, 0, [26, 28]) = 0
2023-05-18T13:39:41.691659162Z 13:39:41.691025 socketpair(AF_UNIX, SOCK_STREAM, 0, [58, 59]) = 0
2023-05-18T13:39:41.708903623Z broker.info[1]: rc3.0: running /etc/flux/rc3.d/01-sched-fluxion
2023-05-18T13:39:41.817173491Z broker.info[1]: rc3.0: /etc/flux/rc3 Exited (rc=0) 0.1s
2023-05-18T13:39:41.818304671Z broker.info[1]: rc3-success: finalize->goodbye 0.127599s
2023-05-18T13:39:41.819894869Z broker.info[1]: goodbye: goodbye->exit 1.02658ms
2023-05-18T13:39:41.827365136Z 13:39:41.827183 +++ exited with 0 +++
2023-05-18T13:39:41.828496029Z Return value for follower worker is 0
2023-05-18T13:39:41.828519474Z The follower worker exited cleanly. Goodbye!
