2023-05-18T08:38:06.677794740Z
2023-05-18T08:38:06.678294887Z Flux username: flux
2023-05-18T08:38:06.678307090Z
2023-05-18T08:38:06.678313082Z Flux install root: /usr
2023-05-18T08:38:06.719652013Z flux user is already added.
2023-05-18T08:38:06.722883949Z flux user identifiers:
2023-05-18T08:38:06.722921008Z uid=1234(flux) gid=1234(flux) groups=1234(flux)
2023-05-18T08:38:06.722926629Z
2023-05-18T08:38:06.722935564Z As Flux prefix for flux commands: sudo -u flux -E PYTHONPATH=/opt/conda/lib/python3.10/site-packages -E PATH=/opt/conda/bin:/usr/local/sbin:/usr/local/bin:/usr/sbin:/usr/bin:/sbin:/bin -E LD_LIBRARY_PATH=/opt/conda/lib -E HOME=/home/flux
2023-05-18T08:38:06.730291014Z
2023-05-18T08:38:06.730320542Z ðŸ‘‹ Hello, I'm flux-sample-2
2023-05-18T08:38:06.730326550Z The main host is flux-sample-0
2023-05-18T08:38:06.730483140Z The working directory is /home/flux/examples/reaxff/HNS, contents include:
2023-05-18T08:38:06.732784892Z /home/flux/examples/reaxff/HNS:
2023-05-18T08:38:06.732829556Z README.txt	ffield.reax.hns  log.8Mar18.reaxc.hns.g++.1
2023-05-18T08:38:06.732836286Z data.hns-equil	in.reaxc.hns	 log.8Mar18.reaxc.hns.g++.4
2023-05-18T08:38:06.733209617Z End of file listing, if you see nothing above there are no files.
2023-05-18T08:38:06.735892173Z flux R encode --hosts=flux-sample-[0-3]
2023-05-18T08:38:06.754093707Z
2023-05-18T08:38:06.754129703Z ðŸ“¦ Resources
2023-05-18T08:38:06.755765304Z {"version": 1, "execution": {"R_lite": [{"rank": "0-3", "children": {"core": "0"}}], "starttime": 0.0, "expiration": 0.0, "nodelist": ["flux-sample-[0-3]"]}}
2023-05-18T08:38:06.755996101Z
2023-05-18T08:38:06.756034942Z ðŸ¸ Diagnostics: false
2023-05-18T08:38:06.756239812Z ðŸš©ï¸ Flux Option Flags defined
2023-05-18T08:38:06.760944870Z
2023-05-18T08:38:06.760967559Z ðŸ¦Š Independent Minister of Privilege
2023-05-18T08:38:06.762372932Z [exec]
2023-05-18T08:38:06.762390257Z allowed-users = [ "flux", "root" ]
2023-05-18T08:38:06.762396604Z allowed-shells = [ "/usr/libexec/flux/flux-shell" ]
2023-05-18T08:38:06.762664474Z
2023-05-18T08:38:06.762680485Z ðŸ¸ Broker Configuration
2023-05-18T08:38:06.763990978Z # Flux needs to know the path to the IMP executable
2023-05-18T08:38:06.764008452Z [exec]
2023-05-18T08:38:06.764016729Z imp = "/usr/libexec/flux/flux-imp"
2023-05-18T08:38:06.764022458Z
2023-05-18T08:38:06.764027460Z [access]
2023-05-18T08:38:06.764033005Z allow-guest-user = true
2023-05-18T08:38:06.764038441Z allow-root-owner = true
2023-05-18T08:38:06.764043228Z
2023-05-18T08:38:06.764047900Z # Point to resource definition generated with flux-R(1).
2023-05-18T08:38:06.764053026Z [resource]
2023-05-18T08:38:06.764060829Z path = "/etc/flux/system/R"
2023-05-18T08:38:06.764067286Z
2023-05-18T08:38:06.764072235Z [bootstrap]
2023-05-18T08:38:06.764076977Z curve_cert = "/etc/curve/curve.cert"
2023-05-18T08:38:06.764081686Z default_port = 8050
2023-05-18T08:38:06.764086443Z default_bind = "tcp://eth0:%p"
2023-05-18T08:38:06.764091789Z default_connect = "tcp://%h.flux-service.flux-operator.svc.cluster.local:%p"
2023-05-18T08:38:06.764096453Z hosts = [
2023-05-18T08:38:06.764103859Z 	{ host="flux-sample-[0-3]"},
2023-05-18T08:38:06.764110044Z ]
2023-05-18T08:38:06.764114828Z
2023-05-18T08:38:06.764119601Z [archive]
2023-05-18T08:38:06.764124417Z dbpath = "/var/lib/flux/job-archive.sqlite"
2023-05-18T08:38:06.764129203Z period = "1m"
2023-05-18T08:38:06.852694463Z busytimeout = "50s"
2023-05-18T08:38:06.852723105Z ðŸ§Šï¸ State Directory:
2023-05-18T08:38:06.852729655Z total 0
2023-05-18T08:38:06.852772639Z
2023-05-18T08:38:06.856612896Z
2023-05-18T08:38:06.856641568Z ðŸ”’ï¸ Working directory permissions:
2023-05-18T08:38:06.856647876Z total 96
2023-05-18T08:38:06.856661372Z -rwxrwxrwx 1 flux root  2517 May 17 22:32 README.txt
2023-05-18T08:38:06.856675164Z -rwxrwxrwx 1 flux root 54692 May 17 22:32 data.hns-equil
2023-05-18T08:38:06.856681000Z -rwxrwxrwx 1 flux root 13576 May 17 22:32 ffield.reax.hns
2023-05-18T08:38:06.856688339Z -rwxrwxrwx 1 flux root   870 May 17 22:32 in.reaxc.hns
2023-05-18T08:38:06.856822346Z -rwxrwxrwx 1 flux root  4172 May 17 22:32 log.8Mar18.reaxc.hns.g++.1
2023-05-18T08:38:06.856840252Z -rwxrwxrwx 1 flux root  4168 May 17 22:32 log.8Mar18.reaxc.hns.g++.4
2023-05-18T08:38:06.856846141Z
2023-05-18T08:38:06.857015273Z
2023-05-18T08:38:06.857028628Z âœ¨ Curve certificate generated by helper pod
2023-05-18T08:38:06.858843619Z #   ****  Generated on 2023-04-26 22:54:42 by CZMQ  ****
2023-05-18T08:38:06.858861125Z #   ZeroMQ CURVE **Secret** Certificate
2023-05-18T08:38:06.858867237Z #   DO NOT PROVIDE THIS FILE TO OTHER USERS nor change its permissions.
2023-05-18T08:38:06.858872389Z
2023-05-18T08:38:06.858877348Z metadata
2023-05-18T08:38:06.858882584Z     name = "flux-cert-generator"
2023-05-18T08:38:06.858889450Z     keygen.hostname = "flux-sample-0"
2023-05-18T08:38:06.858895337Z curve
2023-05-18T08:38:06.858900360Z     public-key = "8d1FCDD0{?p2C>k63Du<u}Sm.trq+(pX:zpUC]9m"
2023-05-18T08:38:06.858905467Z     secret-key = "RQG?BO]+T=Ynfp%PHZ2uu18DS?lcs7B4@ls!mB}k"
2023-05-18T08:38:06.860963498Z
2023-05-18T08:38:06.860989640Z ðŸŒ€  flux start --wrap=strace,-e,network,-tt -o --config /etc/flux/config -Scron.directory=/etc/flux/system/cron.d   -Stbon.fanout=256   -Srundir=/run/flux    -Sstatedir=/var/lib/flux   -Slocal-uri=local:///run/flux/local -Stbon.connect_timeout=10s  -Stbon.zmqdebug=1  -Slog-stderr-level=6    -Slog-stderr-mode=local
2023-05-18T08:38:06.905056593Z 08:38:06.904459 socket(AF_NETLINK, SOCK_RAW, NETLINK_ROUTE) = 8
2023-05-18T08:38:06.905191216Z 08:38:06.904875 bind(8, {sa_family=AF_NETLINK, nl_pid=0, nl_groups=00000000}, 12) = 0
2023-05-18T08:38:06.905206292Z 08:38:06.905055 getsockname(8, {sa_family=AF_NETLINK, nl_pid=70, nl_groups=00000000}, [12]) = 0
2023-05-18T08:38:06.905613012Z 08:38:06.905217 sendto(8, {{len=20, type=RTM_GETADDR, flags=NLM_F_REQUEST|NLM_F_DUMP, seq=1684399086, pid=0}, {ifa_family=AF_UNSPEC, ...}}, 20, 0, {sa_family=AF_NETLINK, nl_pid=0, nl_groups=00000000}, 12) = 20
2023-05-18T08:38:06.906140475Z 08:38:06.905602 recvmsg(8, {msg_name={sa_family=AF_NETLINK, nl_pid=0, nl_groups=00000000}, msg_namelen=12, msg_iov=[{iov_base=[{{len=76, type=RTM_NEWADDR, flags=NLM_F_MULTI, seq=1684399086, pid=70}, {ifa_family=AF_INET, ifa_prefixlen=8, ifa_flags=IFA_F_PERMANENT, ifa_scope=RT_SCOPE_HOST, ifa_index=if_nametoindex("lo")}, [{{nla_len=8, nla_type=IFA_ADDRESS}, 127.0.0.1}, {{nla_len=8, nla_type=IFA_LOCAL}, 127.0.0.1}, {{nla_len=7, nla_type=IFA_LABEL}, "lo"}, {{nla_len=8, nla_type=IFA_FLAGS}, IFA_F_PERMANENT}, {{nla_len=20, nla_type=IFA_CACHEINFO}, {ifa_prefered=4294967295, ifa_valid=4294967295, cstamp=482941, tstamp=482941}}]}, {{len=88, type=RTM_NEWADDR, flags=NLM_F_MULTI, seq=1684399086, pid=70}, {ifa_family=AF_INET, ifa_prefixlen=24, ifa_flags=IFA_F_PERMANENT, ifa_scope=RT_SCOPE_UNIVERSE, ifa_index=if_nametoindex("eth0")}, [{{nla_len=8, nla_type=IFA_ADDRESS}, 10.24.1.192}, {{nla_len=8, nla_type=IFA_LOCAL}, 10.24.1.192}, {{nla_len=8, nla_type=IFA_BROADCAST}, 10.24.1.255}, {{nla_len=9, nla_type=IFA_LABEL}, "eth0"}, {{nla_len=8, nla_type=IFA_FLAGS}, IFA_F_PERMANENT}, {{nla_len=20, nla_type=IFA_CACHEINFO}, {ifa_prefered=4294967295, ifa_valid=4294967295, cstamp=482944, tstamp=482944}}]}], iov_len=4096}], msg_iovlen=1, msg_controllen=0, msg_flags=0}, 0) = 164
2023-05-18T08:38:06.906404107Z 08:38:06.906046 recvmsg(8, {msg_name={sa_family=AF_NETLINK, nl_pid=0, nl_groups=00000000}, msg_namelen=12, msg_iov=[{iov_base={{len=20, type=NLMSG_DONE, flags=NLM_F_MULTI, seq=1684399086, pid=70}, 0}, iov_len=4096}], msg_iovlen=1, msg_controllen=0, msg_flags=0}, 0) = 20
2023-05-18T08:38:06.907001835Z 08:38:06.906828 socket(AF_UNIX, SOCK_STREAM|SOCK_CLOEXEC|SOCK_NONBLOCK, 0) = 8
2023-05-18T08:38:06.907192199Z 08:38:06.907011 connect(8, {sa_family=AF_UNIX, sun_path="/var/run/nscd/socket"}, 110) = -1 ENOENT (No such file or directory)
2023-05-18T08:38:06.907360478Z 08:38:06.907214 socket(AF_UNIX, SOCK_STREAM|SOCK_CLOEXEC|SOCK_NONBLOCK, 0) = 8
2023-05-18T08:38:06.907567891Z 08:38:06.907375 connect(8, {sa_family=AF_UNIX, sun_path="/var/run/nscd/socket"}, 110) = -1 ENOENT (No such file or directory)
2023-05-18T08:38:06.909410299Z 08:38:06.909149 socket(AF_INET, SOCK_DGRAM|SOCK_CLOEXEC|SOCK_NONBLOCK, IPPROTO_IP) = 8
2023-05-18T08:38:06.909590885Z 08:38:06.909335 connect(8, {sa_family=AF_INET, sin_port=htons(53), sin_addr=inet_addr("169.254.169.254")}, 16) = 0
2023-05-18T08:38:06.910077581Z 08:38:06.909618 sendto(8, "\310\211\1\0\0\1\0\0\0\0\0\0\rflux-sample-0\fflux-"..., 76, MSG_NOSIGNAL, NULL, 0) = 76
2023-05-18T08:38:06.913771413Z 08:38:06.913520 recvfrom(8, "\310\211\201\200\0\1\0\1\0\0\0\0\rflux-sample-0\fflux-"..., 1024, 0, {sa_family=AF_INET, sin_port=htons(53), sin_addr=inet_addr("169.254.169.254")}, [28->16]) = 92
2023-05-18T08:38:06.919876755Z broker.info[2]: start: none->join 1.77215ms
2023-05-18T08:38:17.117509858Z broker.info[2]: parent-ready: join->init 10.1975s
2023-05-18T08:38:17.118384085Z 08:38:17.118024 socketpair(AF_UNIX, SOCK_STREAM|SOCK_CLOEXEC, 0, [22, 23]) = 0
2023-05-18T08:38:17.118610512Z 08:38:17.118397 socketpair(AF_UNIX, SOCK_STREAM, 0, [24, 25]) = 0
2023-05-18T08:38:17.122138506Z 08:38:17.120076 socketpair(AF_UNIX, SOCK_STREAM, 0, [26, 27]) = 0
2023-05-18T08:38:17.122173244Z 08:38:17.120286 socketpair(AF_UNIX, SOCK_STREAM, 0, [28, 29]) = 0
2023-05-18T08:38:17.149002426Z broker.info[2]: configuration updated
2023-05-18T08:38:17.280814678Z broker.info[2]: rc1.0: running /etc/flux/rc1.d/01-sched-fluxion
2023-05-18T08:38:17.292955169Z broker.info[2]: rc1.0: running /etc/flux/rc1.d/02-cron
2023-05-18T08:38:17.319592184Z broker.info[2]: rc1.0: /etc/flux/rc1 Exited (rc=0) 0.2s
2023-05-18T08:38:17.320380028Z broker.info[2]: rc1-success: init->quorum 0.20216s
2023-05-18T08:38:17.537900578Z broker.info[2]: quorum-full: quorum->run 0.217234s
2023-05-18T08:38:28.558930695Z broker.info[2]: shutdown: run->cleanup 11.0207s
2023-05-18T08:38:28.560183246Z broker.info[2]: cleanup-none: cleanup->shutdown 0.991828ms
2023-05-18T08:38:28.561533222Z broker.info[2]: children-none: shutdown->finalize 0.8257ms
2023-05-18T08:38:28.562171902Z 08:38:28.561346 socketpair(AF_UNIX, SOCK_STREAM|SOCK_CLOEXEC, 0, [22, 23]) = 0
2023-05-18T08:38:28.562549739Z 08:38:28.561586 socketpair(AF_UNIX, SOCK_STREAM, 0, [24, 25]) = 0
2023-05-18T08:38:28.562760969Z 08:38:28.561900 socketpair(AF_UNIX, SOCK_STREAM, 0, [26, 28]) = 0
2023-05-18T08:38:28.562967315Z 08:38:28.562152 socketpair(AF_UNIX, SOCK_STREAM, 0, [58, 59]) = 0
2023-05-18T08:38:28.581720436Z broker.info[2]: rc3.0: running /etc/flux/rc3.d/01-sched-fluxion
2023-05-18T08:38:28.704246601Z broker.info[2]: rc3.0: /etc/flux/rc3 Exited (rc=0) 0.1s
2023-05-18T08:38:28.704943247Z broker.info[2]: rc3-success: finalize->goodbye 0.143446s
2023-05-18T08:38:28.706106522Z broker.info[2]: goodbye: goodbye->exit 0.917134ms
2023-05-18T08:38:28.712967616Z 08:38:28.712779 +++ exited with 0 +++
2023-05-18T08:38:28.714593464Z Return value for follower worker is 0
2023-05-18T08:38:28.714771677Z The follower worker exited cleanly. Goodbye!
