2023-05-18T13:31:31.364964990Z
2023-05-18T13:31:31.364996060Z Flux username: flux
2023-05-18T13:31:31.365002262Z
2023-05-18T13:31:31.365007519Z Flux install root: /usr
2023-05-18T13:31:31.421987750Z flux user is already added.
2023-05-18T13:31:31.429957771Z flux user identifiers:
2023-05-18T13:31:31.430040024Z uid=1234(flux) gid=1234(flux) groups=1234(flux)
2023-05-18T13:31:31.430049168Z
2023-05-18T13:31:31.430056598Z As Flux prefix for flux commands: sudo -u flux -E PYTHONPATH=/opt/conda/lib/python3.10/site-packages -E PATH=/opt/conda/bin:/usr/local/sbin:/usr/local/bin:/usr/sbin:/usr/bin:/sbin:/bin -E LD_LIBRARY_PATH=/opt/conda/lib -E HOME=/home/flux
2023-05-18T13:31:31.438583224Z
2023-05-18T13:31:31.438686201Z ðŸ‘‹ Hello, I'm flux-sample-3
2023-05-18T13:31:31.438697783Z The main host is flux-sample-0
2023-05-18T13:31:31.438706228Z The working directory is /home/flux/examples/reaxff/HNS, contents include:
2023-05-18T13:31:31.440076264Z /home/flux/examples/reaxff/HNS:
2023-05-18T13:31:31.440144900Z README.txt	ffield.reax.hns  log.8Mar18.reaxc.hns.g++.1
2023-05-18T13:31:31.440154173Z data.hns-equil	in.reaxc.hns	 log.8Mar18.reaxc.hns.g++.4
2023-05-18T13:31:31.440765782Z End of file listing, if you see nothing above there are no files.
2023-05-18T13:31:31.442434360Z flux R encode --hosts=flux-sample-[0-3]
2023-05-18T13:31:31.470220475Z
2023-05-18T13:31:31.470297886Z ðŸ“¦ Resources
2023-05-18T13:31:31.471957430Z {"version": 1, "execution": {"R_lite": [{"rank": "0-3", "children": {"core": "0"}}], "starttime": 0.0, "expiration": 0.0, "nodelist": ["flux-sample-[0-3]"]}}
2023-05-18T13:31:31.472188030Z
2023-05-18T13:31:31.472202773Z ðŸ¸ Diagnostics: false
2023-05-18T13:31:31.472366299Z ðŸš©ï¸ Flux Option Flags defined
2023-05-18T13:31:31.477071826Z
2023-05-18T13:31:31.477096674Z ðŸ¦Š Independent Minister of Privilege
2023-05-18T13:31:31.478774181Z [exec]
2023-05-18T13:31:31.478797429Z allowed-users = [ "flux", "root" ]
2023-05-18T13:31:31.478806938Z allowed-shells = [ "/usr/libexec/flux/flux-shell" ]
2023-05-18T13:31:31.479099899Z
2023-05-18T13:31:31.479117178Z ðŸ¸ Broker Configuration
2023-05-18T13:31:31.480468082Z # Flux needs to know the path to the IMP executable
2023-05-18T13:31:31.480487393Z [exec]
2023-05-18T13:31:31.480493660Z imp = "/usr/libexec/flux/flux-imp"
2023-05-18T13:31:31.480498785Z
2023-05-18T13:31:31.480503424Z [access]
2023-05-18T13:31:31.480508947Z allow-guest-user = true
2023-05-18T13:31:31.480513820Z allow-root-owner = true
2023-05-18T13:31:31.480518322Z
2023-05-18T13:31:31.480525359Z # Point to resource definition generated with flux-R(1).
2023-05-18T13:31:31.480530857Z [resource]
2023-05-18T13:31:31.480536042Z path = "/etc/flux/system/R"
2023-05-18T13:31:31.480540754Z
2023-05-18T13:31:31.480546230Z [bootstrap]
2023-05-18T13:31:31.480551617Z curve_cert = "/etc/curve/curve.cert"
2023-05-18T13:31:31.480556518Z default_port = 8050
2023-05-18T13:31:31.480561327Z default_bind = "tcp://eth0:%p"
2023-05-18T13:31:31.480568792Z default_connect = "tcp://%h.flux-service.flux-operator.svc.cluster.local:%p"
2023-05-18T13:31:31.480574381Z hosts = [
2023-05-18T13:31:31.480579269Z 	{ host="flux-sample-[0-3]"},
2023-05-18T13:31:31.480584022Z ]
2023-05-18T13:31:31.480588405Z
2023-05-18T13:31:31.480593017Z [archive]
2023-05-18T13:31:31.480597812Z dbpath = "/var/lib/flux/job-archive.sqlite"
2023-05-18T13:31:31.480602528Z period = "1m"
2023-05-18T13:31:31.573215255Z busytimeout = "50s"
2023-05-18T13:31:31.573271692Z ðŸ§Šï¸ State Directory:
2023-05-18T13:31:31.573384812Z total 0
2023-05-18T13:31:31.573508677Z
2023-05-18T13:31:31.577463102Z
2023-05-18T13:31:31.577704853Z ðŸ”’ï¸ Working directory permissions:
2023-05-18T13:31:31.577724996Z total 96
2023-05-18T13:31:31.577851832Z -rwxrwxrwx 1 flux root  2517 May 17 22:32 README.txt
2023-05-18T13:31:31.577885373Z -rwxrwxrwx 1 flux root 54692 May 17 22:32 data.hns-equil
2023-05-18T13:31:31.577985213Z -rwxrwxrwx 1 flux root 13576 May 17 22:32 ffield.reax.hns
2023-05-18T13:31:31.578092682Z -rwxrwxrwx 1 flux root   870 May 17 22:32 in.reaxc.hns
2023-05-18T13:31:31.578242718Z -rwxrwxrwx 1 flux root  4172 May 17 22:32 log.8Mar18.reaxc.hns.g++.1
2023-05-18T13:31:31.578290668Z -rwxrwxrwx 1 flux root  4168 May 17 22:32 log.8Mar18.reaxc.hns.g++.4
2023-05-18T13:31:31.578349435Z
2023-05-18T13:31:31.578679767Z
2023-05-18T13:31:31.579365186Z âœ¨ Curve certificate generated by helper pod
2023-05-18T13:31:31.581520479Z #   ****  Generated on 2023-04-26 22:54:42 by CZMQ  ****
2023-05-18T13:31:31.581539490Z #   ZeroMQ CURVE **Secret** Certificate
2023-05-18T13:31:31.581545958Z #   DO NOT PROVIDE THIS FILE TO OTHER USERS nor change its permissions.
2023-05-18T13:31:31.581551267Z
2023-05-18T13:31:31.581556278Z metadata
2023-05-18T13:31:31.581579759Z     name = "flux-cert-generator"
2023-05-18T13:31:31.581587678Z     keygen.hostname = "flux-sample-0"
2023-05-18T13:31:31.581592767Z curve
2023-05-18T13:31:31.581597689Z     public-key = "(=9kHNc08/HOjWxv8+xriQymKIrTT]MH%amFBByZ"
2023-05-18T13:31:31.581602581Z     secret-key = "Hs9U!/RJu/aI@>@>X+xg%2yqPUXnus3J2Km^u-m{"
2023-05-18T13:31:31.584344526Z
2023-05-18T13:31:31.584382582Z ðŸŒ€  flux start --wrap=strace,-e,network,-tt -o --config /etc/flux/config -Scron.directory=/etc/flux/system/cron.d   -Stbon.fanout=256   -Srundir=/run/flux    -Sstatedir=/var/lib/flux   -Slocal-uri=local:///run/flux/local -Stbon.connect_timeout=10s  -Stbon.zmqdebug=1  -Slog-stderr-level=6    -Slog-stderr-mode=local
2023-05-18T13:31:31.627816495Z 13:31:31.627501 socket(AF_NETLINK, SOCK_RAW, NETLINK_ROUTE) = 8
2023-05-18T13:31:31.628073269Z 13:31:31.627839 bind(8, {sa_family=AF_NETLINK, nl_pid=0, nl_groups=00000000}, 12) = 0
2023-05-18T13:31:31.628386800Z 13:31:31.628116 getsockname(8, {sa_family=AF_NETLINK, nl_pid=70, nl_groups=00000000}, [12]) = 0
2023-05-18T13:31:31.628957205Z 13:31:31.628489 sendto(8, {{len=20, type=RTM_GETADDR, flags=NLM_F_REQUEST|NLM_F_DUMP, seq=1684416691, pid=0}, {ifa_family=AF_UNSPEC, ...}}, 20, 0, {sa_family=AF_NETLINK, nl_pid=0, nl_groups=00000000}, 12) = 20
2023-05-18T13:31:31.629751895Z 13:31:31.629037 recvmsg(8, {msg_name={sa_family=AF_NETLINK, nl_pid=0, nl_groups=00000000}, msg_namelen=12, msg_iov=[{iov_base=[{{len=76, type=RTM_NEWADDR, flags=NLM_F_MULTI, seq=1684416691, pid=70}, {ifa_family=AF_INET, ifa_prefixlen=8, ifa_flags=IFA_F_PERMANENT, ifa_scope=RT_SCOPE_HOST, ifa_index=if_nametoindex("lo")}, [{{nla_len=8, nla_type=IFA_ADDRESS}, 127.0.0.1}, {{nla_len=8, nla_type=IFA_LOCAL}, 127.0.0.1}, {{nla_len=7, nla_type=IFA_LABEL}, "lo"}, {{nla_len=8, nla_type=IFA_FLAGS}, IFA_F_PERMANENT}, {{nla_len=20, nla_type=IFA_CACHEINFO}, {ifa_prefered=4294967295, ifa_valid=4294967295, cstamp=2243414, tstamp=2243414}}]}, {{len=88, type=RTM_NEWADDR, flags=NLM_F_MULTI, seq=1684416691, pid=70}, {ifa_family=AF_INET, ifa_prefixlen=24, ifa_flags=IFA_F_PERMANENT, ifa_scope=RT_SCOPE_UNIVERSE, ifa_index=if_nametoindex("eth0")}, [{{nla_len=8, nla_type=IFA_ADDRESS}, 10.24.2.115}, {{nla_len=8, nla_type=IFA_LOCAL}, 10.24.2.115}, {{nla_len=8, nla_type=IFA_BROADCAST}, 10.24.2.255}, {{nla_len=9, nla_type=IFA_LABEL}, "eth0"}, {{nla_len=8, nla_type=IFA_FLAGS}, IFA_F_PERMANENT}, {{nla_len=20, nla_type=IFA_CACHEINFO}, {ifa_prefered=4294967295, ifa_valid=4294967295, cstamp=2243416, tstamp=2243416}}]}], iov_len=4096}], msg_iovlen=1, msg_controllen=0, msg_flags=0}, 0) = 164
2023-05-18T13:31:31.630129998Z 13:31:31.629835 recvmsg(8, {msg_name={sa_family=AF_NETLINK, nl_pid=0, nl_groups=00000000}, msg_namelen=12, msg_iov=[{iov_base={{len=20, type=NLMSG_DONE, flags=NLM_F_MULTI, seq=1684416691, pid=70}, 0}, iov_len=4096}], msg_iovlen=1, msg_controllen=0, msg_flags=0}, 0) = 20
2023-05-18T13:31:31.630833864Z 13:31:31.630645 socket(AF_UNIX, SOCK_STREAM|SOCK_CLOEXEC|SOCK_NONBLOCK, 0) = 8
2023-05-18T13:31:31.631172798Z 13:31:31.630889 connect(8, {sa_family=AF_UNIX, sun_path="/var/run/nscd/socket"}, 110) = -1 ENOENT (No such file or directory)
2023-05-18T13:31:31.631498189Z 13:31:31.631256 socket(AF_UNIX, SOCK_STREAM|SOCK_CLOEXEC|SOCK_NONBLOCK, 0) = 8
2023-05-18T13:31:31.631769089Z 13:31:31.631520 connect(8, {sa_family=AF_UNIX, sun_path="/var/run/nscd/socket"}, 110) = -1 ENOENT (No such file or directory)
2023-05-18T13:31:31.633223567Z 13:31:31.632988 socket(AF_INET, SOCK_DGRAM|SOCK_CLOEXEC|SOCK_NONBLOCK, IPPROTO_IP) = 8
2023-05-18T13:31:31.633606432Z 13:31:31.633306 connect(8, {sa_family=AF_INET, sin_port=htons(53), sin_addr=inet_addr("169.254.169.254")}, 16) = 0
2023-05-18T13:31:31.634129951Z 13:31:31.633708 sendto(8, "\2q\1\0\0\1\0\0\0\0\0\0\rflux-sample-0\fflux-"..., 76, MSG_NOSIGNAL, NULL, 0) = 76
2023-05-18T13:31:31.638801544Z 13:31:31.638453 recvfrom(8, "\2q\201\203\0\1\0\0\0\1\0\0\rflux-sample-0\fflux-"..., 1024, 0, {sa_family=AF_INET, sin_port=htons(53), sin_addr=inet_addr("169.254.169.254")}, [28->16]) = 172
2023-05-18T13:31:31.639209288Z 13:31:31.638981 socket(AF_INET, SOCK_DGRAM|SOCK_CLOEXEC|SOCK_NONBLOCK, IPPROTO_IP) = 8
2023-05-18T13:31:31.639462963Z 13:31:31.639215 connect(8, {sa_family=AF_INET, sin_port=htons(53), sin_addr=inet_addr("169.254.169.254")}, 16) = 0
2023-05-18T13:31:31.639844712Z 13:31:31.639503 sendto(8, "\211\256\1\0\0\1\0\0\0\0\0\0\rflux-sample-0\fflux-"..., 108, MSG_NOSIGNAL, NULL, 0) = 108
2023-05-18T13:31:31.644423237Z 13:31:31.644207 recvfrom(8, "\211\256\201\203\0\1\0\0\0\1\0\0\rflux-sample-0\fflux-"..., 1024, 0, {sa_family=AF_INET, sin_port=htons(53), sin_addr=inet_addr("169.254.169.254")}, [28->16]) = 204
2023-05-18T13:31:31.644916446Z 13:31:31.644683 socket(AF_INET, SOCK_DGRAM|SOCK_CLOEXEC|SOCK_NONBLOCK, IPPROTO_IP) = 8
2023-05-18T13:31:31.644937048Z 13:31:31.644762 connect(8, {sa_family=AF_INET, sin_port=htons(53), sin_addr=inet_addr("169.254.169.254")}, 16) = 0
2023-05-18T13:31:31.645185449Z 13:31:31.644884 sendto(8, "<\223\1\0\0\1\0\0\0\0\0\0\rflux-sample-0\fflux-"..., 94, MSG_NOSIGNAL, NULL, 0) = 94
2023-05-18T13:31:31.648822012Z 13:31:31.648442 recvfrom(8, "<\223\201\203\0\1\0\0\0\1\0\0\rflux-sample-0\fflux-"..., 1024, 0, {sa_family=AF_INET, sin_port=htons(53), sin_addr=inet_addr("169.254.169.254")}, [28->16]) = 190
2023-05-18T13:31:31.649101110Z 13:31:31.648754 socket(AF_INET, SOCK_DGRAM|SOCK_CLOEXEC|SOCK_NONBLOCK, IPPROTO_IP) = 8
2023-05-18T13:31:31.649199823Z 13:31:31.649004 connect(8, {sa_family=AF_INET, sin_port=htons(53), sin_addr=inet_addr("169.254.169.254")}, 16) = 0
2023-05-18T13:31:31.649511305Z 13:31:31.649228 sendto(8, "\203\254\1\0\0\1\0\0\0\0\0\0\rflux-sample-0\fflux-"..., 90, MSG_NOSIGNAL, NULL, 0) = 90
2023-05-18T13:31:31.652971074Z 13:31:31.652613 recvfrom(8, "\203\254\201\203\0\1\0\0\0\1\0\0\rflux-sample-0\fflux-"..., 1024, 0, {sa_family=AF_INET, sin_port=htons(53), sin_addr=inet_addr("169.254.169.254")}, [28->16]) = 186
2023-05-18T13:31:31.653146470Z 13:31:31.652865 socket(AF_INET, SOCK_DGRAM|SOCK_CLOEXEC|SOCK_NONBLOCK, IPPROTO_IP) = 8
2023-05-18T13:31:31.653162836Z 13:31:31.652980 connect(8, {sa_family=AF_INET, sin_port=htons(53), sin_addr=inet_addr("169.254.169.254")}, 16) = 0
2023-05-18T13:31:31.653342949Z 13:31:31.653101 sendto(8, "]\351\1\0\0\1\0\0\0\0\0\0\rflux-sample-0\fflux-"..., 111, MSG_NOSIGNAL, NULL, 0) = 111
2023-05-18T13:31:31.659276833Z 13:31:31.658925 recvfrom(8, "]\351\201\203\0\1\0\0\0\1\0\0\rflux-sample-0\fflux-"..., 1024, 0, {sa_family=AF_INET, sin_port=htons(53), sin_addr=inet_addr("169.254.169.254")}, [28->16]) = 205
2023-05-18T13:31:31.659521364Z 13:31:31.659159 socket(AF_INET, SOCK_DGRAM|SOCK_CLOEXEC|SOCK_NONBLOCK, IPPROTO_IP) = 8
2023-05-18T13:31:31.659537921Z 13:31:31.659255 connect(8, {sa_family=AF_INET, sin_port=htons(53), sin_addr=inet_addr("169.254.169.254")}, 16) = 0
2023-05-18T13:31:31.659769096Z 13:31:31.659408 sendto(8, "\4\372\1\0\0\1\0\0\0\0\0\0\rflux-sample-0\fflux-"..., 97, MSG_NOSIGNAL, NULL, 0) = 97
2023-05-18T13:31:31.666564934Z 13:31:31.666097 recvfrom(8, "\4\372\201\203\0\1\0\0\0\1\0\0\rflux-sample-0\fflux-"..., 1024, 0, {sa_family=AF_INET, sin_port=htons(53), sin_addr=inet_addr("169.254.169.254")}, [28->16]) = 186
2023-05-18T13:31:31.666751696Z 13:31:31.666476 socket(AF_INET, SOCK_DGRAM|SOCK_CLOEXEC|SOCK_NONBLOCK, IPPROTO_IP) = 8
2023-05-18T13:31:31.666827466Z 13:31:31.666628 connect(8, {sa_family=AF_INET, sin_port=htons(53), sin_addr=inet_addr("169.254.169.254")}, 16) = 0
2023-05-18T13:31:31.667146839Z 13:31:31.666827 sendto(8, "\211\200\1\0\0\1\0\0\0\0\0\0\rflux-sample-0\fflux-"..., 92, MSG_NOSIGNAL, NULL, 0) = 92
2023-05-18T13:31:31.673588871Z 13:31:31.673230 recvfrom(8, "\211\200\201\203\0\1\0\0\0\1\0\0\rflux-sample-0\fflux-"..., 1024, 0, {sa_family=AF_INET, sin_port=htons(53), sin_addr=inet_addr("169.254.169.254")}, [28->16]) = 181
2023-05-18T13:31:31.673840743Z broker.err[3]: Warning: unable to resolve upstream peer flux-sample-0.flux-service.flux-operator.svc.cluster.local: Name or service not known
2023-05-18T13:31:31.679274329Z broker.info[3]: start: none->join 1.75051ms
2023-05-18T13:31:32.284276991Z broker.info[3]: parent-ready: join->init 0.604629s
2023-05-18T13:31:32.284823991Z 13:31:32.284459 socketpair(AF_UNIX, SOCK_STREAM|SOCK_CLOEXEC, 0, [22, 23]) = 0
2023-05-18T13:31:32.285614719Z 13:31:32.285261 socketpair(AF_UNIX, SOCK_STREAM, 0, [24, 25]) = 0
2023-05-18T13:31:32.286238031Z 13:31:32.285848 socketpair(AF_UNIX, SOCK_STREAM, 0, [26, 27]) = 0
2023-05-18T13:31:32.286737952Z 13:31:32.286418 socketpair(AF_UNIX, SOCK_STREAM, 0, [28, 29]) = 0
2023-05-18T13:31:32.322165205Z broker.info[3]: configuration updated
2023-05-18T13:31:32.456800074Z broker.info[3]: rc1.0: running /etc/flux/rc1.d/01-sched-fluxion
2023-05-18T13:31:32.470814712Z broker.info[3]: rc1.0: running /etc/flux/rc1.d/02-cron
2023-05-18T13:31:32.496815387Z broker.info[3]: rc1.0: /etc/flux/rc1 Exited (rc=0) 0.2s
2023-05-18T13:31:32.498041435Z broker.info[3]: rc1-success: init->quorum 0.213171s
2023-05-18T13:31:32.652550764Z broker.info[3]: quorum-full: quorum->run 0.154407s
2023-05-18T13:31:33.275069313Z 13:31:33.274625 socketpair(AF_UNIX, SOCK_STREAM|SOCK_CLOEXEC, 0, [22, 23]) = 0
2023-05-18T13:31:33.275732544Z 13:31:33.274819 socketpair(AF_UNIX, SOCK_STREAM, 0, [24, 25]) = 0
2023-05-18T13:31:33.275980882Z 13:31:33.275046 socketpair(AF_UNIX, SOCK_STREAM, 0, [26, 28]) = 0
2023-05-18T13:31:33.276187892Z 13:31:33.275331 socketpair(AF_UNIX, SOCK_STREAM, 0, [58, 59]) = 0
2023-05-18T13:31:44.397353871Z broker.info[3]: shutdown: run->cleanup 11.7445s
2023-05-18T13:31:44.398603820Z broker.info[3]: cleanup-none: cleanup->shutdown 0.790059ms
2023-05-18T13:31:44.399701254Z broker.info[3]: children-none: shutdown->finalize 0.683649ms
2023-05-18T13:31:44.400513020Z 13:31:44.400239 socketpair(AF_UNIX, SOCK_STREAM|SOCK_CLOEXEC, 0, [22, 23]) = 0
2023-05-18T13:31:44.400769804Z 13:31:44.400566 socketpair(AF_UNIX, SOCK_STREAM, 0, [24, 25]) = 0
2023-05-18T13:31:44.401079316Z 13:31:44.400861 socketpair(AF_UNIX, SOCK_STREAM, 0, [26, 28]) = 0
2023-05-18T13:31:44.401303927Z 13:31:44.401103 socketpair(AF_UNIX, SOCK_STREAM, 0, [58, 59]) = 0
2023-05-18T13:31:44.426903976Z broker.info[3]: rc3.0: running /etc/flux/rc3.d/01-sched-fluxion
2023-05-18T13:31:44.567831956Z broker.info[3]: rc3.0: /etc/flux/rc3 Exited (rc=0) 0.2s
2023-05-18T13:31:44.568920187Z broker.info[3]: rc3-success: finalize->goodbye 0.168541s
2023-05-18T13:31:44.570428627Z broker.info[3]: goodbye: goodbye->exit 1.07977ms
2023-05-18T13:31:44.579608226Z 13:31:44.579384 +++ exited with 0 +++
2023-05-18T13:31:44.581110675Z Return value for follower worker is 0
2023-05-18T13:31:44.581137807Z The follower worker exited cleanly. Goodbye!
