2023-05-18T08:13:05.657991781Z
2023-05-18T08:13:05.658126872Z Flux username: flux
2023-05-18T08:13:05.658163772Z
2023-05-18T08:13:05.658171378Z Flux install root: /usr
2023-05-18T08:13:05.724478865Z flux user is already added.
2023-05-18T08:13:05.729299102Z flux user identifiers:
2023-05-18T08:13:05.729442358Z uid=1234(flux) gid=1234(flux) groups=1234(flux)
2023-05-18T08:13:05.729663127Z
2023-05-18T08:13:05.729821332Z As Flux prefix for flux commands: sudo -u flux -E PYTHONPATH=/opt/conda/lib/python3.10/site-packages -E PATH=/opt/conda/bin:/usr/local/sbin:/usr/local/bin:/usr/sbin:/usr/bin:/sbin:/bin -E LD_LIBRARY_PATH=/opt/conda/lib -E HOME=/home/flux
2023-05-18T08:13:05.742286297Z
2023-05-18T08:13:05.742312365Z ðŸ‘‹ Hello, I'm flux-sample-1
2023-05-18T08:13:05.742481945Z The main host is flux-sample-0
2023-05-18T08:13:05.742493565Z The working directory is /home/flux/examples/reaxff/HNS, contents include:
2023-05-18T08:13:05.744975085Z /home/flux/examples/reaxff/HNS:
2023-05-18T08:13:05.745099234Z README.txt	ffield.reax.hns  log.8Mar18.reaxc.hns.g++.1
2023-05-18T08:13:05.745111336Z data.hns-equil	in.reaxc.hns	 log.8Mar18.reaxc.hns.g++.4
2023-05-18T08:13:05.745270384Z End of file listing, if you see nothing above there are no files.
2023-05-18T08:13:05.747428263Z flux R encode --hosts=flux-sample-[0-3]
2023-05-18T08:13:05.768962294Z
2023-05-18T08:13:05.769143050Z ðŸ“¦ Resources
2023-05-18T08:13:05.770707264Z {"version": 1, "execution": {"R_lite": [{"rank": "0-3", "children": {"core": "0"}}], "starttime": 0.0, "expiration": 0.0, "nodelist": ["flux-sample-[0-3]"]}}
2023-05-18T08:13:05.770970532Z
2023-05-18T08:13:05.770988558Z ðŸ¸ Diagnostics: false
2023-05-18T08:13:05.771140665Z ðŸš©ï¸ Flux Option Flags defined
2023-05-18T08:13:05.775803462Z
2023-05-18T08:13:05.775826672Z ðŸ¦Š Independent Minister of Privilege
2023-05-18T08:13:05.777285147Z [exec]
2023-05-18T08:13:05.777302564Z allowed-users = [ "flux", "root" ]
2023-05-18T08:13:05.777309338Z allowed-shells = [ "/usr/libexec/flux/flux-shell" ]
2023-05-18T08:13:05.777504760Z
2023-05-18T08:13:05.777518729Z ðŸ¸ Broker Configuration
2023-05-18T08:13:05.778980136Z # Flux needs to know the path to the IMP executable
2023-05-18T08:13:05.778996466Z [exec]
2023-05-18T08:13:05.779002103Z imp = "/usr/libexec/flux/flux-imp"
2023-05-18T08:13:05.779008651Z
2023-05-18T08:13:05.779014960Z [access]
2023-05-18T08:13:05.779021676Z allow-guest-user = true
2023-05-18T08:13:05.779026843Z allow-root-owner = true
2023-05-18T08:13:05.779048293Z
2023-05-18T08:13:05.779057863Z # Point to resource definition generated with flux-R(1).
2023-05-18T08:13:05.779064903Z [resource]
2023-05-18T08:13:05.779071083Z path = "/etc/flux/system/R"
2023-05-18T08:13:05.779075679Z
2023-05-18T08:13:05.779080286Z [bootstrap]
2023-05-18T08:13:05.779085038Z curve_cert = "/etc/curve/curve.cert"
2023-05-18T08:13:05.779090168Z default_port = 8050
2023-05-18T08:13:05.779094791Z default_bind = "tcp://eth0:%p"
2023-05-18T08:13:05.779099986Z default_connect = "tcp://%h.flux-service.flux-operator.svc.cluster.local:%p"
2023-05-18T08:13:05.779106865Z hosts = [
2023-05-18T08:13:05.779113413Z 	{ host="flux-sample-[0-3]"},
2023-05-18T08:13:05.779136985Z ]
2023-05-18T08:13:05.779141562Z
2023-05-18T08:13:05.779146124Z [archive]
2023-05-18T08:13:05.779152851Z dbpath = "/var/lib/flux/job-archive.sqlite"
2023-05-18T08:13:05.779159100Z period = "1m"
2023-05-18T08:13:05.878040302Z busytimeout = "50s"
2023-05-18T08:13:05.878066892Z ðŸ§Šï¸ State Directory:
2023-05-18T08:13:05.878073285Z total 0
2023-05-18T08:13:05.878080201Z
2023-05-18T08:13:05.881475389Z
2023-05-18T08:13:05.881522382Z ðŸ”’ï¸ Working directory permissions:
2023-05-18T08:13:05.881530589Z total 96
2023-05-18T08:13:05.881536962Z -rwxrwxrwx 1 flux root  2517 May 17 22:32 README.txt
2023-05-18T08:13:05.881659203Z -rwxrwxrwx 1 flux root 54692 May 17 22:32 data.hns-equil
2023-05-18T08:13:05.881668777Z -rwxrwxrwx 1 flux root 13576 May 17 22:32 ffield.reax.hns
2023-05-18T08:13:05.881674268Z -rwxrwxrwx 1 flux root   870 May 17 22:32 in.reaxc.hns
2023-05-18T08:13:05.881679390Z -rwxrwxrwx 1 flux root  4172 May 17 22:32 log.8Mar18.reaxc.hns.g++.1
2023-05-18T08:13:05.881684200Z -rwxrwxrwx 1 flux root  4168 May 17 22:32 log.8Mar18.reaxc.hns.g++.4
2023-05-18T08:13:05.881688867Z
2023-05-18T08:13:05.881695374Z
2023-05-18T08:13:05.881701936Z âœ¨ Curve certificate generated by helper pod
2023-05-18T08:13:05.883487490Z #   ****  Generated on 2023-04-26 22:54:42 by CZMQ  ****
2023-05-18T08:13:05.883505386Z #   ZeroMQ CURVE **Secret** Certificate
2023-05-18T08:13:05.883513742Z #   DO NOT PROVIDE THIS FILE TO OTHER USERS nor change its permissions.
2023-05-18T08:13:05.883519603Z
2023-05-18T08:13:05.883524450Z metadata
2023-05-18T08:13:05.883529506Z     name = "flux-cert-generator"
2023-05-18T08:13:05.883534384Z     keygen.hostname = "flux-sample-0"
2023-05-18T08:13:05.883539006Z curve
2023-05-18T08:13:05.883543986Z     public-key = "TQX+dBJC>FHmUHTrcXC)iE/^G&Ciyc<:t0O.otvT"
2023-05-18T08:13:05.883549187Z     secret-key = ":#89[dr-bLbP<wzIq>$Pj*Us+o8]&7C2uTY4@sct"
2023-05-18T08:13:05.886528442Z
2023-05-18T08:13:05.886617978Z ðŸŒ€  flux start --wrap=strace,-e,network,-tt -o --config /etc/flux/config -Scron.directory=/etc/flux/system/cron.d   -Stbon.fanout=256   -Srundir=/run/flux    -Sstatedir=/var/lib/flux   -Slocal-uri=local:///run/flux/local -Stbon.connect_timeout=7s  -Stbon.zmqdebug=1  -Slog-stderr-level=6    -Slog-stderr-mode=local
2023-05-18T08:13:05.929899756Z 08:13:05.929464 socket(AF_NETLINK, SOCK_RAW, NETLINK_ROUTE) = 8
2023-05-18T08:13:05.930265132Z 08:13:05.929997 bind(8, {sa_family=AF_NETLINK, nl_pid=0, nl_groups=00000000}, 12) = 0
2023-05-18T08:13:05.930608675Z 08:13:05.930351 getsockname(8, {sa_family=AF_NETLINK, nl_pid=71, nl_groups=00000000}, [12]) = 0
2023-05-18T08:13:05.931139624Z 08:13:05.930687 sendto(8, {{len=20, type=RTM_GETADDR, flags=NLM_F_REQUEST|NLM_F_DUMP, seq=1684397585, pid=0}, {ifa_family=AF_UNSPEC, ...}}, 20, 0, {sa_family=AF_NETLINK, nl_pid=0, nl_groups=00000000}, 12) = 20
2023-05-18T08:13:05.931881487Z 08:13:05.931220 recvmsg(8, {msg_name={sa_family=AF_NETLINK, nl_pid=0, nl_groups=00000000}, msg_namelen=12, msg_iov=[{iov_base=[{{len=76, type=RTM_NEWADDR, flags=NLM_F_MULTI, seq=1684397585, pid=71}, {ifa_family=AF_INET, ifa_prefixlen=8, ifa_flags=IFA_F_PERMANENT, ifa_scope=RT_SCOPE_HOST, ifa_index=if_nametoindex("lo")}, [{{nla_len=8, nla_type=IFA_ADDRESS}, 127.0.0.1}, {{nla_len=8, nla_type=IFA_LOCAL}, 127.0.0.1}, {{nla_len=7, nla_type=IFA_LABEL}, "lo"}, {{nla_len=8, nla_type=IFA_FLAGS}, IFA_F_PERMANENT}, {{nla_len=20, nla_type=IFA_CACHEINFO}, {ifa_prefered=4294967295, ifa_valid=4294967295, cstamp=332880, tstamp=332880}}]}, {{len=88, type=RTM_NEWADDR, flags=NLM_F_MULTI, seq=1684397585, pid=71}, {ifa_family=AF_INET, ifa_prefixlen=24, ifa_flags=IFA_F_PERMANENT, ifa_scope=RT_SCOPE_UNIVERSE, ifa_index=if_nametoindex("eth0")}, [{{nla_len=8, nla_type=IFA_ADDRESS}, 10.24.1.133}, {{nla_len=8, nla_type=IFA_LOCAL}, 10.24.1.133}, {{nla_len=8, nla_type=IFA_BROADCAST}, 10.24.1.255}, {{nla_len=9, nla_type=IFA_LABEL}, "eth0"}, {{nla_len=8, nla_type=IFA_FLAGS}, IFA_F_PERMANENT}, {{nla_len=20, nla_type=IFA_CACHEINFO}, {ifa_prefered=4294967295, ifa_valid=4294967295, cstamp=332883, tstamp=332883}}]}], iov_len=4096}], msg_iovlen=1, msg_controllen=0, msg_flags=0}, 0) = 164
2023-05-18T08:13:05.932256998Z 08:13:05.931959 recvmsg(8, {msg_name={sa_family=AF_NETLINK, nl_pid=0, nl_groups=00000000}, msg_namelen=12, msg_iov=[{iov_base={{len=20, type=NLMSG_DONE, flags=NLM_F_MULTI, seq=1684397585, pid=71}, 0}, iov_len=4096}], msg_iovlen=1, msg_controllen=0, msg_flags=0}, 0) = 20
2023-05-18T08:13:05.933057877Z 08:13:05.932784 socket(AF_UNIX, SOCK_STREAM|SOCK_CLOEXEC|SOCK_NONBLOCK, 0) = 8
2023-05-18T08:13:05.933404263Z 08:13:05.933127 connect(8, {sa_family=AF_UNIX, sun_path="/var/run/nscd/socket"}, 110) = -1 ENOENT (No such file or directory)
2023-05-18T08:13:05.933764542Z 08:13:05.933507 socket(AF_UNIX, SOCK_STREAM|SOCK_CLOEXEC|SOCK_NONBLOCK, 0) = 8
2023-05-18T08:13:05.934111131Z 08:13:05.933831 connect(8, {sa_family=AF_UNIX, sun_path="/var/run/nscd/socket"}, 110) = -1 ENOENT (No such file or directory)
2023-05-18T08:13:05.935712625Z 08:13:05.935421 socket(AF_INET, SOCK_DGRAM|SOCK_CLOEXEC|SOCK_NONBLOCK, IPPROTO_IP) = 8
2023-05-18T08:13:05.936087187Z 08:13:05.935819 connect(8, {sa_family=AF_INET, sin_port=htons(53), sin_addr=inet_addr("169.254.169.254")}, 16) = 0
2023-05-18T08:13:05.936698820Z 08:13:05.936209 sendto(8, "n\310\1\0\0\1\0\0\0\0\0\0\rflux-sample-0\fflux-"..., 76, MSG_NOSIGNAL, NULL, 0) = 76
2023-05-18T08:13:05.941131908Z 08:13:05.940805 recvfrom(8, "n\310\201\200\0\1\0\1\0\0\0\0\rflux-sample-0\fflux-"..., 1024, 0, {sa_family=AF_INET, sin_port=htons(53), sin_addr=inet_addr("169.254.169.254")}, [28->16]) = 92
2023-05-18T08:13:05.946700302Z broker.info[1]: start: none->join 2.25571ms
2023-05-18T08:13:05.956783850Z broker.info[1]: parent-ready: join->init 9.41078ms
2023-05-18T08:13:05.957352317Z 08:13:05.957013 socketpair(AF_UNIX, SOCK_STREAM|SOCK_CLOEXEC, 0, [22, 23]) = 0
2023-05-18T08:13:05.957711278Z 08:13:05.957442 socketpair(AF_UNIX, SOCK_STREAM, 0, [24, 25]) = 0
2023-05-18T08:13:05.958160824Z 08:13:05.957889 socketpair(AF_UNIX, SOCK_STREAM, 0, [26, 27]) = 0
2023-05-18T08:13:05.958599849Z 08:13:05.958338 socketpair(AF_UNIX, SOCK_STREAM, 0, [28, 29]) = 0
2023-05-18T08:13:05.989948811Z broker.info[1]: configuration updated
2023-05-18T08:13:06.141354679Z broker.info[1]: rc1.0: running /etc/flux/rc1.d/01-sched-fluxion
2023-05-18T08:13:06.159022089Z broker.info[1]: rc1.0: running /etc/flux/rc1.d/02-cron
2023-05-18T08:13:06.192138503Z broker.info[1]: rc1.0: /etc/flux/rc1 Exited (rc=0) 0.2s
2023-05-18T08:13:06.194490174Z broker.info[1]: rc1-success: init->quorum 0.237295s
2023-05-18T08:13:12.031570094Z broker.info[1]: quorum-full: quorum->run 5.83645s
2023-05-18T08:13:22.715578183Z broker.info[1]: shutdown: run->cleanup 10.6835s
2023-05-18T08:13:22.717176295Z broker.info[1]: cleanup-none: cleanup->shutdown 1.28673ms
2023-05-18T08:13:22.718528727Z broker.info[1]: children-none: shutdown->finalize 1.01012ms
2023-05-18T08:13:22.719156842Z 08:13:22.718721 socketpair(AF_UNIX, SOCK_STREAM|SOCK_CLOEXEC, 0, [22, 23]) = 0
2023-05-18T08:13:22.719258872Z 08:13:22.719102 socketpair(AF_UNIX, SOCK_STREAM, 0, [24, 25]) = 0
2023-05-18T08:13:22.719640204Z 08:13:22.719397 socketpair(AF_UNIX, SOCK_STREAM, 0, [26, 28]) = 0
2023-05-18T08:13:22.720102131Z 08:13:22.719816 socketpair(AF_UNIX, SOCK_STREAM, 0, [58, 59]) = 0
2023-05-18T08:13:22.738725274Z broker.info[1]: rc3.0: running /etc/flux/rc3.d/01-sched-fluxion
2023-05-18T08:13:22.872379106Z broker.info[1]: rc3.0: /etc/flux/rc3 Exited (rc=0) 0.1s
2023-05-18T08:13:22.872916935Z broker.info[1]: rc3-success: finalize->goodbye 0.154049s
2023-05-18T08:13:22.874264429Z broker.info[1]: goodbye: goodbye->exit 1.02124ms
2023-05-18T08:13:22.882642648Z 08:13:22.882430 +++ exited with 0 +++
2023-05-18T08:13:22.884201206Z Return value for follower worker is 0
2023-05-18T08:13:22.884227160Z The follower worker exited cleanly. Goodbye!
