2023-05-18T08:18:46.803984856Z
2023-05-18T08:18:46.806009014Z Flux username: flux
2023-05-18T08:18:46.806029985Z
2023-05-18T08:18:46.806035608Z Flux install root: /usr
2023-05-18T08:18:46.854773413Z flux user is already added.
2023-05-18T08:18:46.857628873Z flux user identifiers:
2023-05-18T08:18:46.857651971Z uid=1234(flux) gid=1234(flux) groups=1234(flux)
2023-05-18T08:18:46.857837802Z
2023-05-18T08:18:46.857852873Z As Flux prefix for flux commands: sudo -u flux -E PYTHONPATH=/opt/conda/lib/python3.10/site-packages -E PATH=/opt/conda/bin:/usr/local/sbin:/usr/local/bin:/usr/sbin:/usr/bin:/sbin:/bin -E LD_LIBRARY_PATH=/opt/conda/lib -E HOME=/home/flux
2023-05-18T08:18:46.866403301Z
2023-05-18T08:18:46.866429749Z ðŸ‘‹ Hello, I'm flux-sample-2
2023-05-18T08:18:46.866599953Z The main host is flux-sample-0
2023-05-18T08:18:46.866620450Z The working directory is /home/flux/examples/reaxff/HNS, contents include:
2023-05-18T08:18:46.868224717Z /home/flux/examples/reaxff/HNS:
2023-05-18T08:18:46.868346010Z README.txt	ffield.reax.hns  log.8Mar18.reaxc.hns.g++.1
2023-05-18T08:18:46.868357990Z data.hns-equil	in.reaxc.hns	 log.8Mar18.reaxc.hns.g++.4
2023-05-18T08:18:46.868540783Z End of file listing, if you see nothing above there are no files.
2023-05-18T08:18:46.870294255Z flux R encode --hosts=flux-sample-[0-3]
2023-05-18T08:18:46.884156450Z
2023-05-18T08:18:46.884184539Z ðŸ“¦ Resources
2023-05-18T08:18:46.885565442Z {"version": 1, "execution": {"R_lite": [{"rank": "0-3", "children": {"core": "0"}}], "starttime": 0.0, "expiration": 0.0, "nodelist": ["flux-sample-[0-3]"]}}
2023-05-18T08:18:46.885971289Z
2023-05-18T08:18:46.885991745Z ðŸ¸ Diagnostics: false
2023-05-18T08:18:46.886171638Z ðŸš©ï¸ Flux Option Flags defined
2023-05-18T08:18:46.890789671Z
2023-05-18T08:18:46.890818731Z ðŸ¦Š Independent Minister of Privilege
2023-05-18T08:18:46.892063376Z [exec]
2023-05-18T08:18:46.892079315Z allowed-users = [ "flux", "root" ]
2023-05-18T08:18:46.892085382Z allowed-shells = [ "/usr/libexec/flux/flux-shell" ]
2023-05-18T08:18:46.892295646Z
2023-05-18T08:18:46.892310812Z ðŸ¸ Broker Configuration
2023-05-18T08:18:46.893559515Z # Flux needs to know the path to the IMP executable
2023-05-18T08:18:46.893582745Z [exec]
2023-05-18T08:18:46.893589398Z imp = "/usr/libexec/flux/flux-imp"
2023-05-18T08:18:46.893594286Z
2023-05-18T08:18:46.893598901Z [access]
2023-05-18T08:18:46.893604238Z allow-guest-user = true
2023-05-18T08:18:46.893608882Z allow-root-owner = true
2023-05-18T08:18:46.893613736Z
2023-05-18T08:18:46.893621132Z # Point to resource definition generated with flux-R(1).
2023-05-18T08:18:46.893627336Z [resource]
2023-05-18T08:18:46.893633032Z path = "/etc/flux/system/R"
2023-05-18T08:18:46.893637528Z
2023-05-18T08:18:46.893642402Z [bootstrap]
2023-05-18T08:18:46.893647633Z curve_cert = "/etc/curve/curve.cert"
2023-05-18T08:18:46.893652511Z default_port = 8050
2023-05-18T08:18:46.893657247Z default_bind = "tcp://eth0:%p"
2023-05-18T08:18:46.893665214Z default_connect = "tcp://%h.flux-service.flux-operator.svc.cluster.local:%p"
2023-05-18T08:18:46.893671305Z hosts = [
2023-05-18T08:18:46.893676640Z 	{ host="flux-sample-[0-3]"},
2023-05-18T08:18:46.893681745Z ]
2023-05-18T08:18:46.893686201Z
2023-05-18T08:18:46.893691191Z [archive]
2023-05-18T08:18:46.893695933Z dbpath = "/var/lib/flux/job-archive.sqlite"
2023-05-18T08:18:46.893701268Z period = "1m"
2023-05-18T08:18:46.972392739Z busytimeout = "50s"
2023-05-18T08:18:46.972420386Z ðŸ§Šï¸ State Directory:
2023-05-18T08:18:46.972427134Z total 0
2023-05-18T08:18:46.972431907Z
2023-05-18T08:18:46.975631241Z
2023-05-18T08:18:46.975657947Z ðŸ”’ï¸ Working directory permissions:
2023-05-18T08:18:46.975663997Z total 96
2023-05-18T08:18:46.975669744Z -rwxrwxrwx 1 flux root  2517 May 17 22:32 README.txt
2023-05-18T08:18:46.975674471Z -rwxrwxrwx 1 flux root 54692 May 17 22:32 data.hns-equil
2023-05-18T08:18:46.975681640Z -rwxrwxrwx 1 flux root 13576 May 17 22:32 ffield.reax.hns
2023-05-18T08:18:46.975687449Z -rwxrwxrwx 1 flux root   870 May 17 22:32 in.reaxc.hns
2023-05-18T08:18:46.975706879Z -rwxrwxrwx 1 flux root  4172 May 17 22:32 log.8Mar18.reaxc.hns.g++.1
2023-05-18T08:18:46.975712064Z -rwxrwxrwx 1 flux root  4168 May 17 22:32 log.8Mar18.reaxc.hns.g++.4
2023-05-18T08:18:46.975716913Z
2023-05-18T08:18:46.975891974Z
2023-05-18T08:18:46.975907500Z âœ¨ Curve certificate generated by helper pod
2023-05-18T08:18:46.977435773Z #   ****  Generated on 2023-04-26 22:54:42 by CZMQ  ****
2023-05-18T08:18:46.977453394Z #   ZeroMQ CURVE **Secret** Certificate
2023-05-18T08:18:46.977459477Z #   DO NOT PROVIDE THIS FILE TO OTHER USERS nor change its permissions.
2023-05-18T08:18:46.977464363Z
2023-05-18T08:18:46.977471850Z metadata
2023-05-18T08:18:46.977478997Z     name = "flux-cert-generator"
2023-05-18T08:18:46.977484234Z     keygen.hostname = "flux-sample-0"
2023-05-18T08:18:46.977496115Z curve
2023-05-18T08:18:46.977501223Z     public-key = "VD2&T54OMf()XXEC>#c!{!0fws7yor]HEGI&(H{q"
2023-05-18T08:18:46.977506158Z     secret-key = "r]]/vV402[):[kF7gEcu+x-tt@3Q.lSvD[FZK:vL"
2023-05-18T08:18:46.980359740Z
2023-05-18T08:18:46.980383173Z ðŸŒ€  flux start --wrap=strace,-e,network,-tt -o --config /etc/flux/config -Scron.directory=/etc/flux/system/cron.d   -Stbon.fanout=256   -Srundir=/run/flux    -Sstatedir=/var/lib/flux   -Slocal-uri=local:///run/flux/local -Stbon.connect_timeout=7s  -Stbon.zmqdebug=1  -Slog-stderr-level=6    -Slog-stderr-mode=local
2023-05-18T08:18:47.025330277Z 08:18:47.024935 socket(AF_NETLINK, SOCK_RAW, NETLINK_ROUTE) = 8
2023-05-18T08:18:47.025550302Z 08:18:47.025244 bind(8, {sa_family=AF_NETLINK, nl_pid=0, nl_groups=00000000}, 12) = 0
2023-05-18T08:18:47.025797450Z 08:18:47.025550 getsockname(8, {sa_family=AF_NETLINK, nl_pid=70, nl_groups=00000000}, [12]) = 0
2023-05-18T08:18:47.026235216Z 08:18:47.025826 sendto(8, {{len=20, type=RTM_GETADDR, flags=NLM_F_REQUEST|NLM_F_DUMP, seq=1684397927, pid=0}, {ifa_family=AF_UNSPEC, ...}}, 20, 0, {sa_family=AF_NETLINK, nl_pid=0, nl_groups=00000000}, 12) = 20
2023-05-18T08:18:47.026766259Z 08:18:47.026198 recvmsg(8, {msg_name={sa_family=AF_NETLINK, nl_pid=0, nl_groups=00000000}, msg_namelen=12, msg_iov=[{iov_base=[{{len=76, type=RTM_NEWADDR, flags=NLM_F_MULTI, seq=1684397927, pid=70}, {ifa_family=AF_INET, ifa_prefixlen=8, ifa_flags=IFA_F_PERMANENT, ifa_scope=RT_SCOPE_HOST, ifa_index=if_nametoindex("lo")}, [{{nla_len=8, nla_type=IFA_ADDRESS}, 127.0.0.1}, {{nla_len=8, nla_type=IFA_LOCAL}, 127.0.0.1}, {{nla_len=7, nla_type=IFA_LABEL}, "lo"}, {{nla_len=8, nla_type=IFA_FLAGS}, IFA_F_PERMANENT}, {{nla_len=20, nla_type=IFA_CACHEINFO}, {ifa_prefered=4294967295, ifa_valid=4294967295, cstamp=366975, tstamp=366975}}]}, {{len=88, type=RTM_NEWADDR, flags=NLM_F_MULTI, seq=1684397927, pid=70}, {ifa_family=AF_INET, ifa_prefixlen=24, ifa_flags=IFA_F_PERMANENT, ifa_scope=RT_SCOPE_UNIVERSE, ifa_index=if_nametoindex("eth0")}, [{{nla_len=8, nla_type=IFA_ADDRESS}, 10.24.1.147}, {{nla_len=8, nla_type=IFA_LOCAL}, 10.24.1.147}, {{nla_len=8, nla_type=IFA_BROADCAST}, 10.24.1.255}, {{nla_len=9, nla_type=IFA_LABEL}, "eth0"}, {{nla_len=8, nla_type=IFA_FLAGS}, IFA_F_PERMANENT}, {{nla_len=20, nla_type=IFA_CACHEINFO}, {ifa_prefered=4294967295, ifa_valid=4294967295, cstamp=366980, tstamp=366980}}]}], iov_len=4096}], msg_iovlen=1, msg_controllen=0, msg_flags=0}, 0) = 164
2023-05-18T08:18:47.026912627Z 08:18:47.026624 recvmsg(8, {msg_name={sa_family=AF_NETLINK, nl_pid=0, nl_groups=00000000}, msg_namelen=12, msg_iov=[{iov_base={{len=20, type=NLMSG_DONE, flags=NLM_F_MULTI, seq=1684397927, pid=70}, 0}, iov_len=4096}], msg_iovlen=1, msg_controllen=0, msg_flags=0}, 0) = 20
2023-05-18T08:18:47.027531752Z 08:18:47.027393 socket(AF_UNIX, SOCK_STREAM|SOCK_CLOEXEC|SOCK_NONBLOCK, 0) = 8
2023-05-18T08:18:47.027810253Z 08:18:47.027507 connect(8, {sa_family=AF_UNIX, sun_path="/var/run/nscd/socket"}, 110) = -1 ENOENT (No such file or directory)
2023-05-18T08:18:47.028088549Z 08:18:47.027879 socket(AF_UNIX, SOCK_STREAM|SOCK_CLOEXEC|SOCK_NONBLOCK, 0) = 8
2023-05-18T08:18:47.028226742Z 08:18:47.028052 connect(8, {sa_family=AF_UNIX, sun_path="/var/run/nscd/socket"}, 110) = -1 ENOENT (No such file or directory)
2023-05-18T08:18:47.030230924Z 08:18:47.030090 socket(AF_INET, SOCK_DGRAM|SOCK_CLOEXEC|SOCK_NONBLOCK, IPPROTO_IP) = 8
2023-05-18T08:18:47.030477041Z 08:18:47.030272 connect(8, {sa_family=AF_INET, sin_port=htons(53), sin_addr=inet_addr("169.254.169.254")}, 16) = 0
2023-05-18T08:18:47.031018269Z 08:18:47.030569 sendto(8, "\367\333\1\0\0\1\0\0\0\0\0\0\rflux-sample-0\fflux-"..., 76, MSG_NOSIGNAL, NULL, 0) = 76
2023-05-18T08:18:47.034510928Z 08:18:47.034151 recvfrom(8, "\367\333\201\200\0\1\0\1\0\0\0\0\rflux-sample-0\fflux-"..., 1024, 0, {sa_family=AF_INET, sin_port=htons(53), sin_addr=inet_addr("169.254.169.254")}, [28->16]) = 92
2023-05-18T08:18:47.040473072Z broker.info[2]: start: none->join 2.01781ms
2023-05-18T08:18:54.241805694Z broker.info[2]: parent-ready: join->init 7.20103s
2023-05-18T08:18:54.242444990Z 08:18:54.241571 socketpair(AF_UNIX, SOCK_STREAM|SOCK_CLOEXEC, 0, [22, 23]) = 0
2023-05-18T08:18:54.242678400Z 08:18:54.241731 socketpair(AF_UNIX, SOCK_STREAM, 0, [24, 25]) = 0
2023-05-18T08:18:54.242882900Z 08:18:54.241967 socketpair(AF_UNIX, SOCK_STREAM, 0, [26, 27]) = 0
2023-05-18T08:18:54.243314267Z 08:18:54.242466 socketpair(AF_UNIX, SOCK_STREAM, 0, [28, 29]) = 0
2023-05-18T08:18:54.268590207Z broker.info[2]: configuration updated
2023-05-18T08:18:54.392622321Z broker.info[2]: rc1.0: running /etc/flux/rc1.d/01-sched-fluxion
2023-05-18T08:18:54.404312708Z broker.info[2]: rc1.0: running /etc/flux/rc1.d/02-cron
2023-05-18T08:18:54.440084802Z broker.info[2]: rc1.0: /etc/flux/rc1 Exited (rc=0) 0.2s
2023-05-18T08:18:54.441018265Z broker.info[2]: rc1-success: init->quorum 0.199262s
2023-05-18T08:18:54.594561213Z broker.info[2]: quorum-full: quorum->run 0.153237s
2023-05-18T08:19:05.281081208Z broker.info[2]: shutdown: run->cleanup 10.686s
2023-05-18T08:19:05.283238086Z broker.info[2]: cleanup-none: cleanup->shutdown 1.3387ms
2023-05-18T08:19:05.285362654Z broker.info[2]: children-none: shutdown->finalize 1.24702ms
2023-05-18T08:19:05.285900401Z 08:19:05.285610 socketpair(AF_UNIX, SOCK_STREAM|SOCK_CLOEXEC, 0, [22, 23]) = 0
2023-05-18T08:19:05.286510815Z 08:19:05.286184 socketpair(AF_UNIX, SOCK_STREAM, 0, [24, 25]) = 0
2023-05-18T08:19:05.286908220Z 08:19:05.286557 socketpair(AF_UNIX, SOCK_STREAM, 0, [26, 28]) = 0
2023-05-18T08:19:05.287255869Z 08:19:05.287020 socketpair(AF_UNIX, SOCK_STREAM, 0, [58, 59]) = 0
2023-05-18T08:19:05.305454373Z broker.info[2]: rc3.0: running /etc/flux/rc3.d/01-sched-fluxion
2023-05-18T08:19:05.445196253Z broker.info[2]: rc3.0: /etc/flux/rc3 Exited (rc=0) 0.2s
2023-05-18T08:19:05.445730052Z broker.info[2]: rc3-success: finalize->goodbye 0.159952s
2023-05-18T08:19:05.446781259Z broker.info[2]: goodbye: goodbye->exit 0.909614ms
2023-05-18T08:19:05.453852500Z 08:19:05.453684 +++ exited with 0 +++
2023-05-18T08:19:05.455198016Z Return value for follower worker is 0
2023-05-18T08:19:05.455307623Z The follower worker exited cleanly. Goodbye!
