2023-05-18T13:25:40.975974656Z
2023-05-18T13:25:40.976758450Z Flux username: flux
2023-05-18T13:25:40.976772028Z
2023-05-18T13:25:40.976778795Z Flux install root: /usr
2023-05-18T13:25:41.020131792Z flux user is already added.
2023-05-18T13:25:41.022786803Z flux user identifiers:
2023-05-18T13:25:41.022807643Z uid=1234(flux) gid=1234(flux) groups=1234(flux)
2023-05-18T13:25:41.022881971Z
2023-05-18T13:25:41.022892452Z As Flux prefix for flux commands: sudo -u flux -E PYTHONPATH=/opt/conda/lib/python3.10/site-packages -E PATH=/opt/conda/bin:/usr/local/sbin:/usr/local/bin:/usr/sbin:/usr/bin:/sbin:/bin -E LD_LIBRARY_PATH=/opt/conda/lib -E HOME=/home/flux
2023-05-18T13:25:41.029728395Z
2023-05-18T13:25:41.029749514Z 👋 Hello, I'm flux-sample-1
2023-05-18T13:25:41.029910125Z The main host is flux-sample-0
2023-05-18T13:25:41.029921760Z The working directory is /home/flux/examples/reaxff/HNS, contents include:
2023-05-18T13:25:41.031830708Z /home/flux/examples/reaxff/HNS:
2023-05-18T13:25:41.031937182Z README.txt	ffield.reax.hns  log.8Mar18.reaxc.hns.g++.1
2023-05-18T13:25:41.031948118Z data.hns-equil	in.reaxc.hns	 log.8Mar18.reaxc.hns.g++.4
2023-05-18T13:25:41.032197793Z End of file listing, if you see nothing above there are no files.
2023-05-18T13:25:41.034375561Z flux R encode --hosts=flux-sample-[0-3]
2023-05-18T13:25:41.056294969Z
2023-05-18T13:25:41.056315086Z 📦 Resources
2023-05-18T13:25:41.059226366Z {"version": 1, "execution": {"R_lite": [{"rank": "0-3", "children": {"core": "0"}}], "starttime": 0.0, "expiration": 0.0, "nodelist": ["flux-sample-[0-3]"]}}
2023-05-18T13:25:41.059275247Z
2023-05-18T13:25:41.059286131Z 🐸 Diagnostics: false
2023-05-18T13:25:41.059293258Z 🚩️ Flux Option Flags defined
2023-05-18T13:25:41.063866020Z
2023-05-18T13:25:41.063884136Z 🦊 Independent Minister of Privilege
2023-05-18T13:25:41.066372237Z [exec]
2023-05-18T13:25:41.066391701Z allowed-users = [ "flux", "root" ]
2023-05-18T13:25:41.066398517Z allowed-shells = [ "/usr/libexec/flux/flux-shell" ]
2023-05-18T13:25:41.067214899Z
2023-05-18T13:25:41.073391317Z 🐸 Broker Configuration
2023-05-18T13:25:41.073421529Z # Flux needs to know the path to the IMP executable
2023-05-18T13:25:41.073430032Z [exec]
2023-05-18T13:25:41.073436297Z imp = "/usr/libexec/flux/flux-imp"
2023-05-18T13:25:41.073450652Z
2023-05-18T13:25:41.073455634Z [access]
2023-05-18T13:25:41.073460615Z allow-guest-user = true
2023-05-18T13:25:41.073465363Z allow-root-owner = true
2023-05-18T13:25:41.073471915Z
2023-05-18T13:25:41.073477589Z # Point to resource definition generated with flux-R(1).
2023-05-18T13:25:41.073482401Z [resource]
2023-05-18T13:25:41.073487099Z path = "/etc/flux/system/R"
2023-05-18T13:25:41.073491320Z
2023-05-18T13:25:41.073496340Z [bootstrap]
2023-05-18T13:25:41.073501248Z curve_cert = "/etc/curve/curve.cert"
2023-05-18T13:25:41.073506091Z default_port = 8050
2023-05-18T13:25:41.073513121Z default_bind = "tcp://eth0:%p"
2023-05-18T13:25:41.073519365Z default_connect = "tcp://%h.flux-service.flux-operator.svc.cluster.local:%p"
2023-05-18T13:25:41.073524672Z hosts = [
2023-05-18T13:25:41.073530178Z 	{ host="flux-sample-[0-3]"},
2023-05-18T13:25:41.073535044Z ]
2023-05-18T13:25:41.073539595Z
2023-05-18T13:25:41.074271137Z [archive]
2023-05-18T13:25:41.074288983Z dbpath = "/var/lib/flux/job-archive.sqlite"
2023-05-18T13:25:41.074294839Z period = "1m"
2023-05-18T13:25:41.169849401Z busytimeout = "50s"
2023-05-18T13:25:41.169889412Z 🧊️ State Directory:
2023-05-18T13:25:41.169970456Z total 0
2023-05-18T13:25:41.170048314Z
2023-05-18T13:25:41.173553619Z
2023-05-18T13:25:41.173575983Z 🔒️ Working directory permissions:
2023-05-18T13:25:41.173581923Z total 96
2023-05-18T13:25:41.173587335Z -rwxrwxrwx 1 flux root  2517 May 17 22:32 README.txt
2023-05-18T13:25:41.173606422Z -rwxrwxrwx 1 flux root 54692 May 17 22:32 data.hns-equil
2023-05-18T13:25:41.173611683Z -rwxrwxrwx 1 flux root 13576 May 17 22:32 ffield.reax.hns
2023-05-18T13:25:41.173616913Z -rwxrwxrwx 1 flux root   870 May 17 22:32 in.reaxc.hns
2023-05-18T13:25:41.173622256Z -rwxrwxrwx 1 flux root  4172 May 17 22:32 log.8Mar18.reaxc.hns.g++.1
2023-05-18T13:25:41.173627296Z -rwxrwxrwx 1 flux root  4168 May 17 22:32 log.8Mar18.reaxc.hns.g++.4
2023-05-18T13:25:41.173631854Z
2023-05-18T13:25:41.173638284Z
2023-05-18T13:25:41.173644103Z ✨ Curve certificate generated by helper pod
2023-05-18T13:25:41.175620619Z #   ****  Generated on 2023-04-26 22:54:42 by CZMQ  ****
2023-05-18T13:25:41.175636263Z #   ZeroMQ CURVE **Secret** Certificate
2023-05-18T13:25:41.175642087Z #   DO NOT PROVIDE THIS FILE TO OTHER USERS nor change its permissions.
2023-05-18T13:25:41.175647200Z
2023-05-18T13:25:41.175664258Z metadata
2023-05-18T13:25:41.175671144Z     name = "flux-cert-generator"
2023-05-18T13:25:41.175676495Z     keygen.hostname = "flux-sample-0"
2023-05-18T13:25:41.175681560Z curve
2023-05-18T13:25:41.175686515Z     public-key = "umtVmfHy3n/C9?7<YHU7kE{[6&/Lgm.%Qe@*7HN@"
2023-05-18T13:25:41.175691111Z     secret-key = "0eM?p.7*w@^#xf}HgV?$eEeJf6>i}ULxT@LM!kUm"
2023-05-18T13:25:41.177351735Z
2023-05-18T13:25:41.177369657Z 🌀  flux start --wrap=strace,-e,network,-tt -o --config /etc/flux/config -Scron.directory=/etc/flux/system/cron.d   -Stbon.fanout=256   -Srundir=/run/flux    -Sstatedir=/var/lib/flux   -Slocal-uri=local:///run/flux/local -Stbon.connect_timeout=9s  -Stbon.zmqdebug=1  -Slog-stderr-level=6    -Slog-stderr-mode=local
2023-05-18T13:25:41.211581370Z 13:25:41.211164 socket(AF_NETLINK, SOCK_RAW, NETLINK_ROUTE) = 8
2023-05-18T13:25:41.211701237Z 13:25:41.211530 bind(8, {sa_family=AF_NETLINK, nl_pid=0, nl_groups=00000000}, 12) = 0
2023-05-18T13:25:41.211879693Z 13:25:41.211674 getsockname(8, {sa_family=AF_NETLINK, nl_pid=70, nl_groups=00000000}, [12]) = 0
2023-05-18T13:25:41.212223089Z 13:25:41.211814 sendto(8, {{len=20, type=RTM_GETADDR, flags=NLM_F_REQUEST|NLM_F_DUMP, seq=1684416341, pid=0}, {ifa_family=AF_UNSPEC, ...}}, 20, 0, {sa_family=AF_NETLINK, nl_pid=0, nl_groups=00000000}, 12) = 20
2023-05-18T13:25:41.212604616Z 13:25:41.212125 recvmsg(8, {msg_name={sa_family=AF_NETLINK, nl_pid=0, nl_groups=00000000}, msg_namelen=12, msg_iov=[{iov_base=[{{len=76, type=RTM_NEWADDR, flags=NLM_F_MULTI, seq=1684416341, pid=70}, {ifa_family=AF_INET, ifa_prefixlen=8, ifa_flags=IFA_F_PERMANENT, ifa_scope=RT_SCOPE_HOST, ifa_index=if_nametoindex("lo")}, [{{nla_len=8, nla_type=IFA_ADDRESS}, 127.0.0.1}, {{nla_len=8, nla_type=IFA_LOCAL}, 127.0.0.1}, {{nla_len=7, nla_type=IFA_LABEL}, "lo"}, {{nla_len=8, nla_type=IFA_FLAGS}, IFA_F_PERMANENT}, {{nla_len=20, nla_type=IFA_CACHEINFO}, {ifa_prefered=4294967295, ifa_valid=4294967295, cstamp=2208625, tstamp=2208625}}]}, {{len=88, type=RTM_NEWADDR, flags=NLM_F_MULTI, seq=1684416341, pid=70}, {ifa_family=AF_INET, ifa_prefixlen=24, ifa_flags=IFA_F_PERMANENT, ifa_scope=RT_SCOPE_UNIVERSE, ifa_index=if_nametoindex("eth0")}, [{{nla_len=8, nla_type=IFA_ADDRESS}, 10.24.0.169}, {{nla_len=8, nla_type=IFA_LOCAL}, 10.24.0.169}, {{nla_len=8, nla_type=IFA_BROADCAST}, 10.24.0.255}, {{nla_len=9, nla_type=IFA_LABEL}, "eth0"}, {{nla_len=8, nla_type=IFA_FLAGS}, IFA_F_PERMANENT}, {{nla_len=20, nla_type=IFA_CACHEINFO}, {ifa_prefered=4294967295, ifa_valid=4294967295, cstamp=2208624, tstamp=2208624}}]}], iov_len=4096}], msg_iovlen=1, msg_controllen=0, msg_flags=0}, 0) = 164
2023-05-18T13:25:41.212802346Z 13:25:41.212539 recvmsg(8, {msg_name={sa_family=AF_NETLINK, nl_pid=0, nl_groups=00000000}, msg_namelen=12, msg_iov=[{iov_base={{len=20, type=NLMSG_DONE, flags=NLM_F_MULTI, seq=1684416341, pid=70}, 0}, iov_len=4096}], msg_iovlen=1, msg_controllen=0, msg_flags=0}, 0) = 20
2023-05-18T13:25:41.213470951Z 13:25:41.213264 socket(AF_UNIX, SOCK_STREAM|SOCK_CLOEXEC|SOCK_NONBLOCK, 0) = 8
2023-05-18T13:25:41.213565401Z 13:25:41.213357 connect(8, {sa_family=AF_UNIX, sun_path="/var/run/nscd/socket"}, 110) = -1 ENOENT (No such file or directory)
2023-05-18T13:25:41.213713384Z 13:25:41.213572 socket(AF_UNIX, SOCK_STREAM|SOCK_CLOEXEC|SOCK_NONBLOCK, 0) = 8
2023-05-18T13:25:41.213848203Z 13:25:41.213689 connect(8, {sa_family=AF_UNIX, sun_path="/var/run/nscd/socket"}, 110) = -1 ENOENT (No such file or directory)
2023-05-18T13:25:41.215398954Z 13:25:41.215104 socket(AF_INET, SOCK_DGRAM|SOCK_CLOEXEC|SOCK_NONBLOCK, IPPROTO_IP) = 8
2023-05-18T13:25:41.215416362Z 13:25:41.215202 connect(8, {sa_family=AF_INET, sin_port=htons(53), sin_addr=inet_addr("169.254.169.254")}, 16) = 0
2023-05-18T13:25:41.215841284Z 13:25:41.215415 sendto(8, "\0b\1\0\0\1\0\0\0\0\0\0\rflux-sample-0\fflux-"..., 76, MSG_NOSIGNAL, NULL, 0) = 76
2023-05-18T13:25:41.220528180Z 13:25:41.220312 recvfrom(8, "\0b\201\203\0\1\0\0\0\1\0\0\rflux-sample-0\fflux-"..., 1024, 0, {sa_family=AF_INET, sin_port=htons(53), sin_addr=inet_addr("169.254.169.254")}, [28->16]) = 172
2023-05-18T13:25:41.220750034Z 13:25:41.220526 socket(AF_INET, SOCK_DGRAM|SOCK_CLOEXEC|SOCK_NONBLOCK, IPPROTO_IP) = 8
2023-05-18T13:25:41.220761833Z 13:25:41.220615 connect(8, {sa_family=AF_INET, sin_port=htons(53), sin_addr=inet_addr("169.254.169.254")}, 16) = 0
2023-05-18T13:25:41.220973492Z 13:25:41.220746 sendto(8, ")\344\1\0\0\1\0\0\0\0\0\0\rflux-sample-0\fflux-"..., 108, MSG_NOSIGNAL, NULL, 0) = 108
2023-05-18T13:25:41.225077147Z 13:25:41.224858 recvfrom(8, ")\344\201\203\0\1\0\0\0\1\0\0\rflux-sample-0\fflux-"..., 1024, 0, {sa_family=AF_INET, sin_port=htons(53), sin_addr=inet_addr("169.254.169.254")}, [28->16]) = 204
2023-05-18T13:25:41.225192269Z 13:25:41.225033 socket(AF_INET, SOCK_DGRAM|SOCK_CLOEXEC|SOCK_NONBLOCK, IPPROTO_IP) = 8
2023-05-18T13:25:41.225301689Z 13:25:41.225130 connect(8, {sa_family=AF_INET, sin_port=htons(53), sin_addr=inet_addr("169.254.169.254")}, 16) = 0
2023-05-18T13:25:41.225518839Z 13:25:41.225313 sendto(8, "k\312\1\0\0\1\0\0\0\0\0\0\rflux-sample-0\fflux-"..., 94, MSG_NOSIGNAL, NULL, 0) = 94
2023-05-18T13:25:41.228868672Z 13:25:41.228668 recvfrom(8, "k\312\201\203\0\1\0\0\0\1\0\0\rflux-sample-0\fflux-"..., 1024, 0, {sa_family=AF_INET, sin_port=htons(53), sin_addr=inet_addr("169.254.169.254")}, [28->16]) = 190
2023-05-18T13:25:41.228969693Z 13:25:41.228845 socket(AF_INET, SOCK_DGRAM|SOCK_CLOEXEC|SOCK_NONBLOCK, IPPROTO_IP) = 8
2023-05-18T13:25:41.229113793Z 13:25:41.228931 connect(8, {sa_family=AF_INET, sin_port=htons(53), sin_addr=inet_addr("169.254.169.254")}, 16) = 0
2023-05-18T13:25:41.229385397Z 13:25:41.229057 sendto(8, "\331\250\1\0\0\1\0\0\0\0\0\0\rflux-sample-0\fflux-"..., 90, MSG_NOSIGNAL, NULL, 0) = 90
2023-05-18T13:25:41.233000845Z 13:25:41.232598 recvfrom(8, "\331\250\201\203\0\1\0\0\0\1\0\0\rflux-sample-0\fflux-"..., 1024, 0, {sa_family=AF_INET, sin_port=htons(53), sin_addr=inet_addr("169.254.169.254")}, [28->16]) = 186
2023-05-18T13:25:41.233018887Z 13:25:41.232749 socket(AF_INET, SOCK_DGRAM|SOCK_CLOEXEC|SOCK_NONBLOCK, IPPROTO_IP) = 8
2023-05-18T13:25:41.233032846Z 13:25:41.232857 connect(8, {sa_family=AF_INET, sin_port=htons(53), sin_addr=inet_addr("169.254.169.254")}, 16) = 0
2023-05-18T13:25:41.233220288Z 13:25:41.232984 sendto(8, "2\244\1\0\0\1\0\0\0\0\0\0\rflux-sample-0\fflux-"..., 111, MSG_NOSIGNAL, NULL, 0) = 111
2023-05-18T13:25:41.238728492Z 13:25:41.238520 recvfrom(8, "2\244\201\203\0\1\0\0\0\1\0\0\rflux-sample-0\fflux-"..., 1024, 0, {sa_family=AF_INET, sin_port=htons(53), sin_addr=inet_addr("169.254.169.254")}, [28->16]) = 205
2023-05-18T13:25:41.238926597Z 13:25:41.238763 socket(AF_INET, SOCK_DGRAM|SOCK_CLOEXEC|SOCK_NONBLOCK, IPPROTO_IP) = 8
2023-05-18T13:25:41.239048234Z 13:25:41.238893 connect(8, {sa_family=AF_INET, sin_port=htons(53), sin_addr=inet_addr("169.254.169.254")}, 16) = 0
2023-05-18T13:25:41.239302556Z 13:25:41.239076 sendto(8, "x\235\1\0\0\1\0\0\0\0\0\0\rflux-sample-0\fflux-"..., 97, MSG_NOSIGNAL, NULL, 0) = 97
2023-05-18T13:25:41.245199840Z 13:25:41.244936 recvfrom(8, "x\235\201\203\0\1\0\0\0\1\0\0\rflux-sample-0\fflux-"..., 1024, 0, {sa_family=AF_INET, sin_port=htons(53), sin_addr=inet_addr("169.254.169.254")}, [28->16]) = 186
2023-05-18T13:25:41.245377820Z 13:25:41.245193 socket(AF_INET, SOCK_DGRAM|SOCK_CLOEXEC|SOCK_NONBLOCK, IPPROTO_IP) = 8
2023-05-18T13:25:41.245577545Z 13:25:41.245404 connect(8, {sa_family=AF_INET, sin_port=htons(53), sin_addr=inet_addr("169.254.169.254")}, 16) = 0
2023-05-18T13:25:41.245993016Z 13:25:41.245710 sendto(8, "\345\271\1\0\0\1\0\0\0\0\0\0\rflux-sample-0\fflux-"..., 92, MSG_NOSIGNAL, NULL, 0) = 92
2023-05-18T13:25:41.252122830Z 13:25:41.251911 recvfrom(8, "\345\271\201\203\0\1\0\0\0\1\0\0\rflux-sample-0\fflux-"..., 1024, 0, {sa_family=AF_INET, sin_port=htons(53), sin_addr=inet_addr("169.254.169.254")}, [28->16]) = 181
2023-05-18T13:25:41.252279706Z broker.err[1]: Warning: unable to resolve upstream peer flux-sample-0.flux-service.flux-operator.svc.cluster.local: Name or service not known
2023-05-18T13:25:41.258338405Z broker.info[1]: start: none->join 2.22064ms
2023-05-18T13:25:42.518364768Z broker.info[1]: parent-ready: join->init 1.25981s
2023-05-18T13:25:42.518751763Z 13:25:42.518421 socketpair(AF_UNIX, SOCK_STREAM|SOCK_CLOEXEC, 0, [22, 23]) = 0
2023-05-18T13:25:42.519025107Z 13:25:42.518746 socketpair(AF_UNIX, SOCK_STREAM, 0, [24, 25]) = 0
2023-05-18T13:25:42.519449404Z 13:25:42.519095 socketpair(AF_UNIX, SOCK_STREAM, 0, [26, 27]) = 0
2023-05-18T13:25:42.519650708Z 13:25:42.519421 socketpair(AF_UNIX, SOCK_STREAM, 0, [28, 29]) = 0
2023-05-18T13:25:42.543451132Z broker.info[1]: configuration updated
2023-05-18T13:25:42.665701650Z broker.info[1]: rc1.0: running /etc/flux/rc1.d/01-sched-fluxion
2023-05-18T13:25:42.676983793Z broker.info[1]: rc1.0: running /etc/flux/rc1.d/02-cron
2023-05-18T13:25:42.698137516Z broker.info[1]: rc1.0: /etc/flux/rc1 Exited (rc=0) 0.2s
2023-05-18T13:25:42.699261553Z broker.info[1]: rc1-success: init->quorum 0.180699s
2023-05-18T13:25:43.248568058Z broker.info[1]: quorum-full: quorum->run 0.548628s
2023-05-18T13:25:54.872383981Z broker.info[1]: shutdown: run->cleanup 11.6236s
2023-05-18T13:25:54.873699024Z broker.info[1]: cleanup-none: cleanup->shutdown 0.972989ms
2023-05-18T13:25:54.874854376Z broker.info[1]: children-none: shutdown->finalize 0.9376ms
2023-05-18T13:25:54.875218033Z 13:25:54.875004 socketpair(AF_UNIX, SOCK_STREAM|SOCK_CLOEXEC, 0, [22, 23]) = 0
2023-05-18T13:25:54.875406892Z 13:25:54.875204 socketpair(AF_UNIX, SOCK_STREAM, 0, [24, 25]) = 0
2023-05-18T13:25:54.875725480Z 13:25:54.875526 socketpair(AF_UNIX, SOCK_STREAM, 0, [26, 28]) = 0
2023-05-18T13:25:54.876056594Z 13:25:54.875820 socketpair(AF_UNIX, SOCK_STREAM, 0, [58, 59]) = 0
2023-05-18T13:25:54.895220942Z broker.info[1]: rc3.0: running /etc/flux/rc3.d/01-sched-fluxion
2023-05-18T13:25:55.005836207Z broker.info[1]: rc3.0: /etc/flux/rc3 Exited (rc=0) 0.1s
2023-05-18T13:25:55.006518352Z broker.info[1]: rc3-success: finalize->goodbye 0.131332s
2023-05-18T13:25:55.007540269Z broker.info[1]: goodbye: goodbye->exit 0.892689ms
2023-05-18T13:25:55.014382960Z 13:25:55.014222 +++ exited with 0 +++
2023-05-18T13:25:55.015523107Z Return value for follower worker is 0
2023-05-18T13:25:55.015557298Z The follower worker exited cleanly. Goodbye!
