2023-05-18T12:39:27.443428307Z
2023-05-18T12:39:27.443475190Z Flux username: flux
2023-05-18T12:39:27.443481808Z
2023-05-18T12:39:27.443496876Z Flux install root: /usr
2023-05-18T12:39:27.489517178Z flux user is already added.
2023-05-18T12:39:27.493228700Z flux user identifiers:
2023-05-18T12:39:27.493258981Z uid=1234(flux) gid=1234(flux) groups=1234(flux)
2023-05-18T12:39:27.493536588Z
2023-05-18T12:39:27.493550983Z As Flux prefix for flux commands: sudo -u flux -E PYTHONPATH=/opt/conda/lib/python3.10/site-packages -E PATH=/opt/conda/bin:/usr/local/sbin:/usr/local/bin:/usr/sbin:/usr/bin:/sbin:/bin -E LD_LIBRARY_PATH=/opt/conda/lib -E HOME=/home/flux
2023-05-18T12:39:27.502870702Z
2023-05-18T12:39:27.502901638Z 👋 Hello, I'm flux-sample-2
2023-05-18T12:39:27.503031016Z The main host is flux-sample-0
2023-05-18T12:39:27.503041296Z The working directory is /home/flux/examples/reaxff/HNS, contents include:
2023-05-18T12:39:27.505324894Z /home/flux/examples/reaxff/HNS:
2023-05-18T12:39:27.506184084Z README.txt	ffield.reax.hns  log.8Mar18.reaxc.hns.g++.1
2023-05-18T12:39:27.506210907Z data.hns-equil	in.reaxc.hns	 log.8Mar18.reaxc.hns.g++.4
2023-05-18T12:39:27.506834751Z End of file listing, if you see nothing above there are no files.
2023-05-18T12:39:27.513449301Z flux R encode --hosts=flux-sample-[0-3]
2023-05-18T12:39:27.530163893Z
2023-05-18T12:39:27.530195982Z 📦 Resources
2023-05-18T12:39:27.531653291Z {"version": 1, "execution": {"R_lite": [{"rank": "0-3", "children": {"core": "0"}}], "starttime": 0.0, "expiration": 0.0, "nodelist": ["flux-sample-[0-3]"]}}
2023-05-18T12:39:27.531859812Z
2023-05-18T12:39:27.531873923Z 🐸 Diagnostics: false
2023-05-18T12:39:27.532043246Z 🚩️ Flux Option Flags defined
2023-05-18T12:39:27.536498782Z
2023-05-18T12:39:27.536521040Z 🦊 Independent Minister of Privilege
2023-05-18T12:39:27.537751569Z [exec]
2023-05-18T12:39:27.537768736Z allowed-users = [ "flux", "root" ]
2023-05-18T12:39:27.537784376Z allowed-shells = [ "/usr/libexec/flux/flux-shell" ]
2023-05-18T12:39:27.537913045Z
2023-05-18T12:39:27.537923948Z 🐸 Broker Configuration
2023-05-18T12:39:27.539140404Z # Flux needs to know the path to the IMP executable
2023-05-18T12:39:27.539155338Z [exec]
2023-05-18T12:39:27.539161098Z imp = "/usr/libexec/flux/flux-imp"
2023-05-18T12:39:27.539165662Z
2023-05-18T12:39:27.539170459Z [access]
2023-05-18T12:39:27.539178558Z allow-guest-user = true
2023-05-18T12:39:27.539185001Z allow-root-owner = true
2023-05-18T12:39:27.539189673Z
2023-05-18T12:39:27.539194701Z # Point to resource definition generated with flux-R(1).
2023-05-18T12:39:27.539199596Z [resource]
2023-05-18T12:39:27.539205354Z path = "/etc/flux/system/R"
2023-05-18T12:39:27.539209938Z
2023-05-18T12:39:27.539214682Z [bootstrap]
2023-05-18T12:39:27.539221610Z curve_cert = "/etc/curve/curve.cert"
2023-05-18T12:39:27.539227696Z default_port = 8050
2023-05-18T12:39:27.539232667Z default_bind = "tcp://eth0:%p"
2023-05-18T12:39:27.539238029Z default_connect = "tcp://%h.flux-service.flux-operator.svc.cluster.local:%p"
2023-05-18T12:39:27.539242713Z hosts = [
2023-05-18T12:39:27.539247734Z 	{ host="flux-sample-[0-3]"},
2023-05-18T12:39:27.539252412Z ]
2023-05-18T12:39:27.539256692Z
2023-05-18T12:39:27.539263717Z [archive]
2023-05-18T12:39:27.539269929Z dbpath = "/var/lib/flux/job-archive.sqlite"
2023-05-18T12:39:27.539279445Z period = "1m"
2023-05-18T12:39:27.630662543Z busytimeout = "50s"
2023-05-18T12:39:27.630690226Z 🧊️ State Directory:
2023-05-18T12:39:27.630698391Z total 0
2023-05-18T12:39:27.630705241Z
2023-05-18T12:39:27.633548103Z
2023-05-18T12:39:27.633576023Z 🔒️ Working directory permissions:
2023-05-18T12:39:27.633582155Z total 96
2023-05-18T12:39:27.633587733Z -rwxrwxrwx 1 flux root  2517 May 17 22:32 README.txt
2023-05-18T12:39:27.633592583Z -rwxrwxrwx 1 flux root 54692 May 17 22:32 data.hns-equil
2023-05-18T12:39:27.633597463Z -rwxrwxrwx 1 flux root 13576 May 17 22:32 ffield.reax.hns
2023-05-18T12:39:27.633602296Z -rwxrwxrwx 1 flux root   870 May 17 22:32 in.reaxc.hns
2023-05-18T12:39:27.633610395Z -rwxrwxrwx 1 flux root  4172 May 17 22:32 log.8Mar18.reaxc.hns.g++.1
2023-05-18T12:39:27.633660748Z -rwxrwxrwx 1 flux root  4168 May 17 22:32 log.8Mar18.reaxc.hns.g++.4
2023-05-18T12:39:27.633756568Z
2023-05-18T12:39:27.634450235Z
2023-05-18T12:39:27.634474435Z ✨ Curve certificate generated by helper pod
2023-05-18T12:39:27.636446777Z #   ****  Generated on 2023-04-26 22:54:42 by CZMQ  ****
2023-05-18T12:39:27.636464062Z #   ZeroMQ CURVE **Secret** Certificate
2023-05-18T12:39:27.636496212Z #   DO NOT PROVIDE THIS FILE TO OTHER USERS nor change its permissions.
2023-05-18T12:39:27.636503856Z
2023-05-18T12:39:27.636509024Z metadata
2023-05-18T12:39:27.636515310Z     name = "flux-cert-generator"
2023-05-18T12:39:27.636520378Z     keygen.hostname = "flux-sample-0"
2023-05-18T12:39:27.636525646Z curve
2023-05-18T12:39:27.636530526Z     public-key = "i<YW*3&:fqK=48ew7??gpdkeZhGUr/{}}$wf$^/u"
2023-05-18T12:39:27.636537585Z     secret-key = "nwLsF=3.+:hQa(!gDnbpaRCzbRZhiH=gm@crN-ru"
2023-05-18T12:39:27.639658456Z
2023-05-18T12:39:27.639683533Z 🌀  flux start --wrap=strace,-e,network,-tt -o --config /etc/flux/config -Scron.directory=/etc/flux/system/cron.d   -Stbon.fanout=256   -Srundir=/run/flux    -Sstatedir=/var/lib/flux   -Slocal-uri=local:///run/flux/local -Stbon.connect_timeout=3s  -Stbon.zmqdebug=1  -Slog-stderr-level=6    -Slog-stderr-mode=local
2023-05-18T12:39:27.686092859Z 12:39:27.685739 socket(AF_NETLINK, SOCK_RAW, NETLINK_ROUTE) = 8
2023-05-18T12:39:27.686260973Z 12:39:27.685926 bind(8, {sa_family=AF_NETLINK, nl_pid=0, nl_groups=00000000}, 12) = 0
2023-05-18T12:39:27.686274681Z 12:39:27.686044 getsockname(8, {sa_family=AF_NETLINK, nl_pid=70, nl_groups=00000000}, [12]) = 0
2023-05-18T12:39:27.686715470Z 12:39:27.686291 sendto(8, {{len=20, type=RTM_GETADDR, flags=NLM_F_REQUEST|NLM_F_DUMP, seq=1684413567, pid=0}, {ifa_family=AF_UNSPEC, ...}}, 20, 0, {sa_family=AF_NETLINK, nl_pid=0, nl_groups=00000000}, 12) = 20
2023-05-18T12:39:27.687512279Z 12:39:27.686757 recvmsg(8, {msg_name={sa_family=AF_NETLINK, nl_pid=0, nl_groups=00000000}, msg_namelen=12, msg_iov=[{iov_base=[{{len=76, type=RTM_NEWADDR, flags=NLM_F_MULTI, seq=1684413567, pid=70}, {ifa_family=AF_INET, ifa_prefixlen=8, ifa_flags=IFA_F_PERMANENT, ifa_scope=RT_SCOPE_HOST, ifa_index=if_nametoindex("lo")}, [{{nla_len=8, nla_type=IFA_ADDRESS}, 127.0.0.1}, {{nla_len=8, nla_type=IFA_LOCAL}, 127.0.0.1}, {{nla_len=7, nla_type=IFA_LABEL}, "lo"}, {{nla_len=8, nla_type=IFA_FLAGS}, IFA_F_PERMANENT}, {{nla_len=20, nla_type=IFA_CACHEINFO}, {ifa_prefered=4294967295, ifa_valid=4294967295, cstamp=1930993, tstamp=1930993}}]}, {{len=88, type=RTM_NEWADDR, flags=NLM_F_MULTI, seq=1684413567, pid=70}, {ifa_family=AF_INET, ifa_prefixlen=24, ifa_flags=IFA_F_PERMANENT, ifa_scope=RT_SCOPE_UNIVERSE, ifa_index=if_nametoindex("eth0")}, [{{nla_len=8, nla_type=IFA_ADDRESS}, 10.24.3.28}, {{nla_len=8, nla_type=IFA_LOCAL}, 10.24.3.28}, {{nla_len=8, nla_type=IFA_BROADCAST}, 10.24.3.255}, {{nla_len=9, nla_type=IFA_LABEL}, "eth0"}, {{nla_len=8, nla_type=IFA_FLAGS}, IFA_F_PERMANENT}, {{nla_len=20, nla_type=IFA_CACHEINFO}, {ifa_prefered=4294967295, ifa_valid=4294967295, cstamp=1930996, tstamp=1930996}}]}], iov_len=4096}], msg_iovlen=1, msg_controllen=0, msg_flags=0}, 0) = 164
2023-05-18T12:39:27.687926020Z 12:39:27.687593 recvmsg(8, {msg_name={sa_family=AF_NETLINK, nl_pid=0, nl_groups=00000000}, msg_namelen=12, msg_iov=[{iov_base={{len=20, type=NLMSG_DONE, flags=NLM_F_MULTI, seq=1684413567, pid=70}, 0}, iov_len=4096}], msg_iovlen=1, msg_controllen=0, msg_flags=0}, 0) = 20
2023-05-18T12:39:27.688990899Z 12:39:27.688692 socket(AF_UNIX, SOCK_STREAM|SOCK_CLOEXEC|SOCK_NONBLOCK, 0) = 8
2023-05-18T12:39:27.689167329Z 12:39:27.688875 connect(8, {sa_family=AF_UNIX, sun_path="/var/run/nscd/socket"}, 110) = -1 ENOENT (No such file or directory)
2023-05-18T12:39:27.689277662Z 12:39:27.689084 socket(AF_UNIX, SOCK_STREAM|SOCK_CLOEXEC|SOCK_NONBLOCK, 0) = 8
2023-05-18T12:39:27.689390566Z 12:39:27.689199 connect(8, {sa_family=AF_UNIX, sun_path="/var/run/nscd/socket"}, 110) = -1 ENOENT (No such file or directory)
2023-05-18T12:39:27.691294557Z 12:39:27.690938 socket(AF_INET, SOCK_DGRAM|SOCK_CLOEXEC|SOCK_NONBLOCK, IPPROTO_IP) = 8
2023-05-18T12:39:27.691452117Z 12:39:27.691184 connect(8, {sa_family=AF_INET, sin_port=htons(53), sin_addr=inet_addr("169.254.169.254")}, 16) = 0
2023-05-18T12:39:27.692221646Z 12:39:27.691474 sendto(8, "<\24\1\0\0\1\0\0\0\0\0\0\rflux-sample-0\fflux-"..., 76, MSG_NOSIGNAL, NULL, 0) = 76
2023-05-18T12:39:27.695886026Z 12:39:27.695525 recvfrom(8, "<\24\201\203\0\1\0\0\0\1\0\0\rflux-sample-0\fflux-"..., 1024, 0, {sa_family=AF_INET, sin_port=htons(53), sin_addr=inet_addr("169.254.169.254")}, [28->16]) = 172
2023-05-18T12:39:27.696156720Z 12:39:27.695931 socket(AF_INET, SOCK_DGRAM|SOCK_CLOEXEC|SOCK_NONBLOCK, IPPROTO_IP) = 8
2023-05-18T12:39:27.696346895Z 12:39:27.696134 connect(8, {sa_family=AF_INET, sin_port=htons(53), sin_addr=inet_addr("169.254.169.254")}, 16) = 0
2023-05-18T12:39:27.696700571Z 12:39:27.696405 sendto(8, "\214_\1\0\0\1\0\0\0\0\0\0\rflux-sample-0\fflux-"..., 108, MSG_NOSIGNAL, NULL, 0) = 108
2023-05-18T12:39:27.700359029Z 12:39:27.699921 recvfrom(8, "\214_\201\203\0\1\0\0\0\1\0\0\rflux-sample-0\fflux-"..., 1024, 0, {sa_family=AF_INET, sin_port=htons(53), sin_addr=inet_addr("169.254.169.254")}, [28->16]) = 204
2023-05-18T12:39:27.700616988Z 12:39:27.700401 socket(AF_INET, SOCK_DGRAM|SOCK_CLOEXEC|SOCK_NONBLOCK, IPPROTO_IP) = 8
2023-05-18T12:39:27.700973472Z 12:39:27.700540 connect(8, {sa_family=AF_INET, sin_port=htons(53), sin_addr=inet_addr("169.254.169.254")}, 16) = 0
2023-05-18T12:39:27.701268968Z 12:39:27.700793 sendto(8, "\nI\1\0\0\1\0\0\0\0\0\0\rflux-sample-0\fflux-"..., 94, MSG_NOSIGNAL, NULL, 0) = 94
2023-05-18T12:39:27.704730905Z 12:39:27.704406 recvfrom(8, "\nI\201\203\0\1\0\0\0\1\0\0\rflux-sample-0\fflux-"..., 1024, 0, {sa_family=AF_INET, sin_port=htons(53), sin_addr=inet_addr("169.254.169.254")}, [28->16]) = 190
2023-05-18T12:39:27.704954897Z 12:39:27.704751 socket(AF_INET, SOCK_DGRAM|SOCK_CLOEXEC|SOCK_NONBLOCK, IPPROTO_IP) = 8
2023-05-18T12:39:27.705125693Z 12:39:27.704850 connect(8, {sa_family=AF_INET, sin_port=htons(53), sin_addr=inet_addr("169.254.169.254")}, 16) = 0
2023-05-18T12:39:27.705318962Z 12:39:27.705030 sendto(8, "%\346\1\0\0\1\0\0\0\0\0\0\rflux-sample-0\fflux-"..., 90, MSG_NOSIGNAL, NULL, 0) = 90
2023-05-18T12:39:27.708884853Z 12:39:27.708547 recvfrom(8, "%\346\201\203\0\1\0\0\0\1\0\0\rflux-sample-0\fflux-"..., 1024, 0, {sa_family=AF_INET, sin_port=htons(53), sin_addr=inet_addr("169.254.169.254")}, [28->16]) = 186
2023-05-18T12:39:27.709102609Z 12:39:27.708909 socket(AF_INET, SOCK_DGRAM|SOCK_CLOEXEC|SOCK_NONBLOCK, IPPROTO_IP) = 8
2023-05-18T12:39:27.709371382Z 12:39:27.709121 connect(8, {sa_family=AF_INET, sin_port=htons(53), sin_addr=inet_addr("169.254.169.254")}, 16) = 0
2023-05-18T12:39:27.709807790Z 12:39:27.709385 sendto(8, "\242\r\1\0\0\1\0\0\0\0\0\0\rflux-sample-0\fflux-"..., 111, MSG_NOSIGNAL, NULL, 0) = 111
2023-05-18T12:39:27.715045249Z 12:39:27.714765 recvfrom(8, "\242\r\201\203\0\1\0\0\0\1\0\0\rflux-sample-0\fflux-"..., 1024, 0, {sa_family=AF_INET, sin_port=htons(53), sin_addr=inet_addr("169.254.169.254")}, [28->16]) = 205
2023-05-18T12:39:27.715297349Z 12:39:27.715075 socket(AF_INET, SOCK_DGRAM|SOCK_CLOEXEC|SOCK_NONBLOCK, IPPROTO_IP) = 8
2023-05-18T12:39:27.715474868Z 12:39:27.715181 connect(8, {sa_family=AF_INET, sin_port=htons(53), sin_addr=inet_addr("169.254.169.254")}, 16) = 0
2023-05-18T12:39:27.715604034Z 12:39:27.715312 sendto(8, "\16\356\1\0\0\1\0\0\0\0\0\0\rflux-sample-0\fflux-"..., 97, MSG_NOSIGNAL, NULL, 0) = 97
2023-05-18T12:39:27.722102145Z 12:39:27.721722 recvfrom(8, "\16\356\201\203\0\1\0\0\0\1\0\0\rflux-sample-0\fflux-"..., 1024, 0, {sa_family=AF_INET, sin_port=htons(53), sin_addr=inet_addr("169.254.169.254")}, [28->16]) = 186
2023-05-18T12:39:27.722381225Z 12:39:27.722170 socket(AF_INET, SOCK_DGRAM|SOCK_CLOEXEC|SOCK_NONBLOCK, IPPROTO_IP) = 8
2023-05-18T12:39:27.722643731Z 12:39:27.722377 connect(8, {sa_family=AF_INET, sin_port=htons(53), sin_addr=inet_addr("169.254.169.254")}, 16) = 0
2023-05-18T12:39:27.722926364Z 12:39:27.722663 sendto(8, "i\f\1\0\0\1\0\0\0\0\0\0\rflux-sample-0\fflux-"..., 92, MSG_NOSIGNAL, NULL, 0) = 92
2023-05-18T12:39:27.729161902Z 12:39:27.728878 recvfrom(8, "i\f\201\203\0\1\0\0\0\1\0\0\rflux-sample-0\fflux-"..., 1024, 0, {sa_family=AF_INET, sin_port=htons(53), sin_addr=inet_addr("169.254.169.254")}, [28->16]) = 181
2023-05-18T12:39:27.729533514Z broker.err[2]: Warning: unable to resolve upstream peer flux-sample-0.flux-service.flux-operator.svc.cluster.local: Name or service not known
2023-05-18T12:39:27.734385130Z broker.info[2]: start: none->join 1.94884ms
2023-05-18T12:39:28.587109186Z broker.info[2]: parent-ready: join->init 0.852214s
2023-05-18T12:39:28.587344955Z 12:39:28.586789 socketpair(AF_UNIX, SOCK_STREAM|SOCK_CLOEXEC, 0, [22, 23]) = 0
2023-05-18T12:39:28.587360746Z 12:39:28.586940 socketpair(AF_UNIX, SOCK_STREAM, 0, [24, 25]) = 0
2023-05-18T12:39:28.587372107Z 12:39:28.587158 socketpair(AF_UNIX, SOCK_STREAM, 0, [26, 27]) = 0
2023-05-18T12:39:28.587506314Z 12:39:28.587371 socketpair(AF_UNIX, SOCK_STREAM, 0, [28, 29]) = 0
2023-05-18T12:39:28.614300988Z broker.info[2]: configuration updated
2023-05-18T12:39:28.763484315Z broker.info[2]: rc1.0: running /etc/flux/rc1.d/01-sched-fluxion
2023-05-18T12:39:28.778691313Z broker.info[2]: rc1.0: running /etc/flux/rc1.d/02-cron
2023-05-18T12:39:28.815740415Z broker.info[2]: rc1.0: /etc/flux/rc1 Exited (rc=0) 0.2s
2023-05-18T12:39:28.816478739Z broker.info[2]: rc1-success: init->quorum 0.229492s
2023-05-18T12:39:29.140657547Z broker.info[2]: quorum-full: quorum->run 0.323696s
2023-05-18T12:39:40.567604964Z broker.info[2]: shutdown: run->cleanup 11.4257s
2023-05-18T12:39:40.569170213Z broker.info[2]: cleanup-none: cleanup->shutdown 1.18074ms
2023-05-18T12:39:40.570620869Z broker.info[2]: children-none: shutdown->finalize 0.88454ms
2023-05-18T12:39:40.570684551Z 12:39:40.570386 socketpair(AF_UNIX, SOCK_STREAM|SOCK_CLOEXEC, 0, [22, 23]) = 0
2023-05-18T12:39:40.570867280Z 12:39:40.570630 socketpair(AF_UNIX, SOCK_STREAM, 0, [24, 25]) = 0
2023-05-18T12:39:40.571118308Z 12:39:40.570902 socketpair(AF_UNIX, SOCK_STREAM, 0, [26, 28]) = 0
2023-05-18T12:39:40.571365786Z 12:39:40.571155 socketpair(AF_UNIX, SOCK_STREAM, 0, [58, 59]) = 0
2023-05-18T12:39:40.589522783Z broker.info[2]: rc3.0: running /etc/flux/rc3.d/01-sched-fluxion
2023-05-18T12:39:40.723510749Z broker.info[2]: rc3.0: /etc/flux/rc3 Exited (rc=0) 0.1s
2023-05-18T12:39:40.724713588Z broker.info[2]: rc3-success: finalize->goodbye 0.15416s
2023-05-18T12:39:40.726129687Z broker.info[2]: goodbye: goodbye->exit 0.991076ms
2023-05-18T12:39:40.735703620Z 12:39:40.735491 +++ exited with 0 +++
2023-05-18T12:39:40.737425902Z Return value for follower worker is 0
2023-05-18T12:39:40.737561606Z The follower worker exited cleanly. Goodbye!
