2023-05-18T13:08:04.820633408Z
2023-05-18T13:08:04.820698739Z Flux username: flux
2023-05-18T13:08:04.820706829Z
2023-05-18T13:08:04.820711999Z Flux install root: /usr
2023-05-18T13:08:04.872643743Z flux user is already added.
2023-05-18T13:08:04.876948397Z flux user identifiers:
2023-05-18T13:08:04.876980468Z uid=1234(flux) gid=1234(flux) groups=1234(flux)
2023-05-18T13:08:04.876986135Z
2023-05-18T13:08:04.876992724Z As Flux prefix for flux commands: sudo -u flux -E PYTHONPATH=/opt/conda/lib/python3.10/site-packages -E PATH=/opt/conda/bin:/usr/local/sbin:/usr/local/bin:/usr/sbin:/usr/bin:/sbin:/bin -E LD_LIBRARY_PATH=/opt/conda/lib -E HOME=/home/flux
2023-05-18T13:08:04.884539765Z
2023-05-18T13:08:04.884575865Z 👋 Hello, I'm flux-sample-3
2023-05-18T13:08:04.884582298Z The main host is flux-sample-0
2023-05-18T13:08:04.884868692Z The working directory is /home/flux/examples/reaxff/HNS, contents include:
2023-05-18T13:08:04.886641436Z /home/flux/examples/reaxff/HNS:
2023-05-18T13:08:04.886689432Z README.txt	ffield.reax.hns  log.8Mar18.reaxc.hns.g++.1
2023-05-18T13:08:04.886698109Z data.hns-equil	in.reaxc.hns	 log.8Mar18.reaxc.hns.g++.4
2023-05-18T13:08:04.886986958Z End of file listing, if you see nothing above there are no files.
2023-05-18T13:08:04.888900591Z flux R encode --hosts=flux-sample-[0-3]
2023-05-18T13:08:04.903096023Z
2023-05-18T13:08:04.903132075Z 📦 Resources
2023-05-18T13:08:04.905039031Z {"version": 1, "execution": {"R_lite": [{"rank": "0-3", "children": {"core": "0"}}], "starttime": 0.0, "expiration": 0.0, "nodelist": ["flux-sample-[0-3]"]}}
2023-05-18T13:08:04.905399597Z
2023-05-18T13:08:04.905431574Z 🐸 Diagnostics: false
2023-05-18T13:08:04.905720157Z 🚩️ Flux Option Flags defined
2023-05-18T13:08:04.910188162Z
2023-05-18T13:08:04.910212113Z 🦊 Independent Minister of Privilege
2023-05-18T13:08:04.911506254Z [exec]
2023-05-18T13:08:04.911524896Z allowed-users = [ "flux", "root" ]
2023-05-18T13:08:04.911533004Z allowed-shells = [ "/usr/libexec/flux/flux-shell" ]
2023-05-18T13:08:04.911827483Z
2023-05-18T13:08:04.911844186Z 🐸 Broker Configuration
2023-05-18T13:08:04.913037423Z # Flux needs to know the path to the IMP executable
2023-05-18T13:08:04.913054221Z [exec]
2023-05-18T13:08:04.913060288Z imp = "/usr/libexec/flux/flux-imp"
2023-05-18T13:08:04.913064965Z
2023-05-18T13:08:04.913070409Z [access]
2023-05-18T13:08:04.913075597Z allow-guest-user = true
2023-05-18T13:08:04.913080413Z allow-root-owner = true
2023-05-18T13:08:04.913086802Z
2023-05-18T13:08:04.913093227Z # Point to resource definition generated with flux-R(1).
2023-05-18T13:08:04.913098821Z [resource]
2023-05-18T13:08:04.913104299Z path = "/etc/flux/system/R"
2023-05-18T13:08:04.913109002Z
2023-05-18T13:08:04.913113579Z [bootstrap]
2023-05-18T13:08:04.913119293Z curve_cert = "/etc/curve/curve.cert"
2023-05-18T13:08:04.913124010Z default_port = 8050
2023-05-18T13:08:04.913131085Z default_bind = "tcp://eth0:%p"
2023-05-18T13:08:04.913137105Z default_connect = "tcp://%h.flux-service.flux-operator.svc.cluster.local:%p"
2023-05-18T13:08:04.913141799Z hosts = [
2023-05-18T13:08:04.913146480Z 	{ host="flux-sample-[0-3]"},
2023-05-18T13:08:04.913151081Z ]
2023-05-18T13:08:04.913155588Z
2023-05-18T13:08:04.913160203Z [archive]
2023-05-18T13:08:04.913165066Z dbpath = "/var/lib/flux/job-archive.sqlite"
2023-05-18T13:08:04.913172021Z period = "1m"
2023-05-18T13:08:04.999782347Z busytimeout = "50s"
2023-05-18T13:08:04.999814157Z 🧊️ State Directory:
2023-05-18T13:08:04.999822791Z total 0
2023-05-18T13:08:04.999829567Z
2023-05-18T13:08:05.003534414Z
2023-05-18T13:08:05.003565382Z 🔒️ Working directory permissions:
2023-05-18T13:08:05.003571250Z total 96
2023-05-18T13:08:05.003739718Z -rwxrwxrwx 1 flux root  2517 May 17 22:32 README.txt
2023-05-18T13:08:05.003753981Z -rwxrwxrwx 1 flux root 54692 May 17 22:32 data.hns-equil
2023-05-18T13:08:05.003759526Z -rwxrwxrwx 1 flux root 13576 May 17 22:32 ffield.reax.hns
2023-05-18T13:08:05.003809858Z -rwxrwxrwx 1 flux root   870 May 17 22:32 in.reaxc.hns
2023-05-18T13:08:05.003927534Z -rwxrwxrwx 1 flux root  4172 May 17 22:32 log.8Mar18.reaxc.hns.g++.1
2023-05-18T13:08:05.003936570Z -rwxrwxrwx 1 flux root  4168 May 17 22:32 log.8Mar18.reaxc.hns.g++.4
2023-05-18T13:08:05.003941690Z
2023-05-18T13:08:05.004102599Z
2023-05-18T13:08:05.004114206Z ✨ Curve certificate generated by helper pod
2023-05-18T13:08:05.005681414Z #   ****  Generated on 2023-04-26 22:54:42 by CZMQ  ****
2023-05-18T13:08:05.005701409Z #   ZeroMQ CURVE **Secret** Certificate
2023-05-18T13:08:05.005707461Z #   DO NOT PROVIDE THIS FILE TO OTHER USERS nor change its permissions.
2023-05-18T13:08:05.005712633Z
2023-05-18T13:08:05.005720252Z metadata
2023-05-18T13:08:05.005727430Z     name = "flux-cert-generator"
2023-05-18T13:08:05.005732773Z     keygen.hostname = "flux-sample-0"
2023-05-18T13:08:05.005737882Z curve
2023-05-18T13:08:05.005742726Z     public-key = "H0*=DE+SamK!O&!0B<=7<X9hwDyNiKNVM[d&yrAV"
2023-05-18T13:08:05.005747502Z     secret-key = "We<!<lEN0<S/grVV&VTgPMw#e{mthxSP&yT9-Nt9"
2023-05-18T13:08:05.007778449Z
2023-05-18T13:08:05.007806313Z 🌀  flux start --wrap=strace,-e,network,-tt -o --config /etc/flux/config -Scron.directory=/etc/flux/system/cron.d   -Stbon.fanout=256   -Srundir=/run/flux    -Sstatedir=/var/lib/flux   -Slocal-uri=local:///run/flux/local -Stbon.connect_timeout=7s  -Stbon.zmqdebug=1  -Slog-stderr-level=6    -Slog-stderr-mode=local
2023-05-18T13:08:05.050004037Z 13:08:05.049638 socket(AF_NETLINK, SOCK_RAW, NETLINK_ROUTE) = 8
2023-05-18T13:08:05.050279152Z 13:08:05.049859 bind(8, {sa_family=AF_NETLINK, nl_pid=0, nl_groups=00000000}, 12) = 0
2023-05-18T13:08:05.050791527Z 13:08:05.050327 getsockname(8, {sa_family=AF_NETLINK, nl_pid=70, nl_groups=00000000}, [12]) = 0
2023-05-18T13:08:05.051070780Z 13:08:05.050567 sendto(8, {{len=20, type=RTM_GETADDR, flags=NLM_F_REQUEST|NLM_F_DUMP, seq=1684415285, pid=0}, {ifa_family=AF_UNSPEC, ...}}, 20, 0, {sa_family=AF_NETLINK, nl_pid=0, nl_groups=00000000}, 12) = 20
2023-05-18T13:08:05.051482463Z 13:08:05.051021 recvmsg(8, {msg_name={sa_family=AF_NETLINK, nl_pid=0, nl_groups=00000000}, msg_namelen=12, msg_iov=[{iov_base=[{{len=76, type=RTM_NEWADDR, flags=NLM_F_MULTI, seq=1684415285, pid=70}, {ifa_family=AF_INET, ifa_prefixlen=8, ifa_flags=IFA_F_PERMANENT, ifa_scope=RT_SCOPE_HOST, ifa_index=if_nametoindex("lo")}, [{{nla_len=8, nla_type=IFA_ADDRESS}, 127.0.0.1}, {{nla_len=8, nla_type=IFA_LOCAL}, 127.0.0.1}, {{nla_len=7, nla_type=IFA_LABEL}, "lo"}, {{nla_len=8, nla_type=IFA_FLAGS}, IFA_F_PERMANENT}, {{nla_len=20, nla_type=IFA_CACHEINFO}, {ifa_prefered=4294967295, ifa_valid=4294967295, cstamp=2102752, tstamp=2102752}}]}, {{len=88, type=RTM_NEWADDR, flags=NLM_F_MULTI, seq=1684415285, pid=70}, {ifa_family=AF_INET, ifa_prefixlen=24, ifa_flags=IFA_F_PERMANENT, ifa_scope=RT_SCOPE_UNIVERSE, ifa_index=if_nametoindex("eth0")}, [{{nla_len=8, nla_type=IFA_ADDRESS}, 10.24.2.242}, {{nla_len=8, nla_type=IFA_LOCAL}, 10.24.2.242}, {{nla_len=8, nla_type=IFA_BROADCAST}, 10.24.2.255}, {{nla_len=9, nla_type=IFA_LABEL}, "eth0"}, {{nla_len=8, nla_type=IFA_FLAGS}, IFA_F_PERMANENT}, {{nla_len=20, nla_type=IFA_CACHEINFO}, {ifa_prefered=4294967295, ifa_valid=4294967295, cstamp=2102757, tstamp=2102757}}]}], iov_len=4096}], msg_iovlen=1, msg_controllen=0, msg_flags=0}, 0) = 164
2023-05-18T13:08:05.051618573Z 13:08:05.051438 recvmsg(8, {msg_name={sa_family=AF_NETLINK, nl_pid=0, nl_groups=00000000}, msg_namelen=12, msg_iov=[{iov_base={{len=20, type=NLMSG_DONE, flags=NLM_F_MULTI, seq=1684415285, pid=70}, 0}, iov_len=4096}], msg_iovlen=1, msg_controllen=0, msg_flags=0}, 0) = 20
2023-05-18T13:08:05.052286699Z 13:08:05.052133 socket(AF_UNIX, SOCK_STREAM|SOCK_CLOEXEC|SOCK_NONBLOCK, 0) = 8
2023-05-18T13:08:05.052440044Z 13:08:05.052243 connect(8, {sa_family=AF_UNIX, sun_path="/var/run/nscd/socket"}, 110) = -1 ENOENT (No such file or directory)
2023-05-18T13:08:05.052567043Z 13:08:05.052420 socket(AF_UNIX, SOCK_STREAM|SOCK_CLOEXEC|SOCK_NONBLOCK, 0) = 8
2023-05-18T13:08:05.052766655Z 13:08:05.052557 connect(8, {sa_family=AF_UNIX, sun_path="/var/run/nscd/socket"}, 110) = -1 ENOENT (No such file or directory)
2023-05-18T13:08:05.054210810Z 13:08:05.054065 socket(AF_INET, SOCK_DGRAM|SOCK_CLOEXEC|SOCK_NONBLOCK, IPPROTO_IP) = 8
2023-05-18T13:08:05.054328637Z 13:08:05.054194 connect(8, {sa_family=AF_INET, sin_port=htons(53), sin_addr=inet_addr("169.254.169.254")}, 16) = 0
2023-05-18T13:08:05.054775455Z 13:08:05.054375 sendto(8, "\341\27\1\0\0\1\0\0\0\0\0\0\rflux-sample-0\fflux-"..., 76, MSG_NOSIGNAL, NULL, 0) = 76
2023-05-18T13:08:05.058816654Z 13:08:05.058448 recvfrom(8, "\341\27\201\203\0\1\0\0\0\1\0\0\rflux-sample-0\fflux-"..., 1024, 0, {sa_family=AF_INET, sin_port=htons(53), sin_addr=inet_addr("169.254.169.254")}, [28->16]) = 172
2023-05-18T13:08:05.059283243Z 13:08:05.058978 socket(AF_INET, SOCK_DGRAM|SOCK_CLOEXEC|SOCK_NONBLOCK, IPPROTO_IP) = 8
2023-05-18T13:08:05.059611927Z 13:08:05.059344 connect(8, {sa_family=AF_INET, sin_port=htons(53), sin_addr=inet_addr("169.254.169.254")}, 16) = 0
2023-05-18T13:08:05.060008001Z 13:08:05.059722 sendto(8, "\263\213\1\0\0\1\0\0\0\0\0\0\rflux-sample-0\fflux-"..., 108, MSG_NOSIGNAL, NULL, 0) = 108
2023-05-18T13:08:05.064623784Z 13:08:05.064290 recvfrom(8, "\263\213\201\203\0\1\0\0\0\1\0\0\rflux-sample-0\fflux-"..., 1024, 0, {sa_family=AF_INET, sin_port=htons(53), sin_addr=inet_addr("169.254.169.254")}, [28->16]) = 204
2023-05-18T13:08:05.064840196Z 13:08:05.064636 socket(AF_INET, SOCK_DGRAM|SOCK_CLOEXEC|SOCK_NONBLOCK, IPPROTO_IP) = 8
2023-05-18T13:08:05.064911142Z 13:08:05.064757 connect(8, {sa_family=AF_INET, sin_port=htons(53), sin_addr=inet_addr("169.254.169.254")}, 16) = 0
2023-05-18T13:08:05.065111114Z 13:08:05.064892 sendto(8, "\306i\1\0\0\1\0\0\0\0\0\0\rflux-sample-0\fflux-"..., 94, MSG_NOSIGNAL, NULL, 0) = 94
2023-05-18T13:08:05.068230732Z 13:08:05.067879 recvfrom(8, "\306i\201\203\0\1\0\0\0\1\0\0\rflux-sample-0\fflux-"..., 1024, 0, {sa_family=AF_INET, sin_port=htons(53), sin_addr=inet_addr("169.254.169.254")}, [28->16]) = 190
2023-05-18T13:08:05.068448722Z 13:08:05.068221 socket(AF_INET, SOCK_DGRAM|SOCK_CLOEXEC|SOCK_NONBLOCK, IPPROTO_IP) = 8
2023-05-18T13:08:05.068462366Z 13:08:05.068290 connect(8, {sa_family=AF_INET, sin_port=htons(53), sin_addr=inet_addr("169.254.169.254")}, 16) = 0
2023-05-18T13:08:05.068694971Z 13:08:05.068441 sendto(8, "\330\303\1\0\0\1\0\0\0\0\0\0\rflux-sample-0\fflux-"..., 90, MSG_NOSIGNAL, NULL, 0) = 90
2023-05-18T13:08:05.073104090Z 13:08:05.072762 recvfrom(8, "\330\303\201\203\0\1\0\0\0\1\0\0\rflux-sample-0\fflux-"..., 1024, 0, {sa_family=AF_INET, sin_port=htons(53), sin_addr=inet_addr("169.254.169.254")}, [28->16]) = 186
2023-05-18T13:08:05.073251425Z 13:08:05.073112 socket(AF_INET, SOCK_DGRAM|SOCK_CLOEXEC|SOCK_NONBLOCK, IPPROTO_IP) = 8
2023-05-18T13:08:05.073471407Z 13:08:05.073224 connect(8, {sa_family=AF_INET, sin_port=htons(53), sin_addr=inet_addr("169.254.169.254")}, 16) = 0
2023-05-18T13:08:05.073606075Z 13:08:05.073371 sendto(8, "E\307\1\0\0\1\0\0\0\0\0\0\rflux-sample-0\fflux-"..., 111, MSG_NOSIGNAL, NULL, 0) = 111
2023-05-18T13:08:05.080246871Z 13:08:05.079945 recvfrom(8, "E\307\201\203\0\1\0\0\0\1\0\0\rflux-sample-0\fflux-"..., 1024, 0, {sa_family=AF_INET, sin_port=htons(53), sin_addr=inet_addr("169.254.169.254")}, [28->16]) = 205
2023-05-18T13:08:05.080423025Z 13:08:05.080261 socket(AF_INET, SOCK_DGRAM|SOCK_CLOEXEC|SOCK_NONBLOCK, IPPROTO_IP) = 8
2023-05-18T13:08:05.080570452Z 13:08:05.080350 connect(8, {sa_family=AF_INET, sin_port=htons(53), sin_addr=inet_addr("169.254.169.254")}, 16) = 0
2023-05-18T13:08:05.080710468Z 13:08:05.080458 sendto(8, "\26B\1\0\0\1\0\0\0\0\0\0\rflux-sample-0\fflux-"..., 97, MSG_NOSIGNAL, NULL, 0) = 97
2023-05-18T13:08:05.086275409Z 13:08:05.085971 recvfrom(8, "\26B\201\203\0\1\0\0\0\1\0\0\rflux-sample-0\fflux-"..., 1024, 0, {sa_family=AF_INET, sin_port=htons(53), sin_addr=inet_addr("169.254.169.254")}, [28->16]) = 186
2023-05-18T13:08:05.086516322Z 13:08:05.086331 socket(AF_INET, SOCK_DGRAM|SOCK_CLOEXEC|SOCK_NONBLOCK, IPPROTO_IP) = 8
2023-05-18T13:08:05.086603458Z 13:08:05.086473 connect(8, {sa_family=AF_INET, sin_port=htons(53), sin_addr=inet_addr("169.254.169.254")}, 16) = 0
2023-05-18T13:08:05.086894277Z 13:08:05.086616 sendto(8, "FH\1\0\0\1\0\0\0\0\0\0\rflux-sample-0\fflux-"..., 92, MSG_NOSIGNAL, NULL, 0) = 92
2023-05-18T13:08:05.094093446Z 13:08:05.093871 recvfrom(8, "FH\201\203\0\1\0\0\0\1\0\0\rflux-sample-0\fflux-"..., 1024, 0, {sa_family=AF_INET, sin_port=htons(53), sin_addr=inet_addr("169.254.169.254")}, [28->16]) = 181
2023-05-18T13:08:05.094574199Z broker.err[3]: Warning: unable to resolve upstream peer flux-sample-0.flux-service.flux-operator.svc.cluster.local: Name or service not known
2023-05-18T13:08:05.102568153Z broker.info[3]: start: none->join 2.71906ms
2023-05-18T13:08:05.910402738Z broker.info[3]: parent-ready: join->init 0.807331s
2023-05-18T13:08:05.911016206Z 13:08:05.910635 socketpair(AF_UNIX, SOCK_STREAM|SOCK_CLOEXEC, 0, [22, 23]) = 0
2023-05-18T13:08:05.911341596Z 13:08:05.911117 socketpair(AF_UNIX, SOCK_STREAM, 0, [24, 25]) = 0
2023-05-18T13:08:05.912034124Z 13:08:05.911596 socketpair(AF_UNIX, SOCK_STREAM, 0, [26, 27]) = 0
2023-05-18T13:08:05.912581792Z 13:08:05.912211 socketpair(AF_UNIX, SOCK_STREAM, 0, [28, 29]) = 0
2023-05-18T13:08:05.954318954Z broker.info[3]: configuration updated
2023-05-18T13:08:06.086676810Z broker.info[3]: rc1.0: running /etc/flux/rc1.d/01-sched-fluxion
2023-05-18T13:08:06.100145182Z broker.info[3]: rc1.0: running /etc/flux/rc1.d/02-cron
2023-05-18T13:08:06.124738917Z broker.info[3]: rc1.0: /etc/flux/rc1 Exited (rc=0) 0.2s
2023-05-18T13:08:06.126056677Z broker.info[3]: rc1-success: init->quorum 0.215232s
2023-05-18T13:08:06.343007247Z broker.info[3]: quorum-full: quorum->run 0.21673s
2023-05-18T13:08:06.968134506Z 13:08:06.967856 socketpair(AF_UNIX, SOCK_STREAM|SOCK_CLOEXEC, 0, [22, 23]) = 0
2023-05-18T13:08:06.968812292Z 13:08:06.968534 socketpair(AF_UNIX, SOCK_STREAM, 0, [24, 25]) = 0
2023-05-18T13:08:06.969084631Z 13:08:06.968894 socketpair(AF_UNIX, SOCK_STREAM, 0, [26, 28]) = 0
2023-05-18T13:08:06.969417686Z 13:08:06.969240 socketpair(AF_UNIX, SOCK_STREAM, 0, [58, 59]) = 0
2023-05-18T13:08:17.994713620Z broker.info[3]: shutdown: run->cleanup 11.6495s
2023-05-18T13:08:17.995763932Z broker.info[3]: cleanup-none: cleanup->shutdown 1.36092ms
2023-05-18T13:08:17.997123378Z broker.info[3]: children-none: shutdown->finalize 1.61371ms
2023-05-18T13:08:17.997887454Z 13:08:17.996749 socketpair(AF_UNIX, SOCK_STREAM|SOCK_CLOEXEC, 0, [22, 23]) = 0
2023-05-18T13:08:17.998729375Z 13:08:17.996925 socketpair(AF_UNIX, SOCK_STREAM, 0, [24, 25]) = 0
2023-05-18T13:08:17.998919470Z 13:08:17.997482 socketpair(AF_UNIX, SOCK_STREAM, 0, [26, 28]) = 0
2023-05-18T13:08:17.998995613Z 13:08:17.997787 socketpair(AF_UNIX, SOCK_STREAM, 0, [58, 59]) = 0
2023-05-18T13:08:18.026244681Z broker.info[3]: rc3.0: running /etc/flux/rc3.d/01-sched-fluxion
2023-05-18T13:08:18.212125760Z broker.info[3]: rc3.0: /etc/flux/rc3 Exited (rc=0) 0.2s
2023-05-18T13:08:18.212186677Z broker.info[3]: rc3-success: finalize->goodbye 0.212416s
2023-05-18T13:08:18.212199257Z broker.info[3]: goodbye: goodbye->exit 0.686855ms
2023-05-18T13:08:18.217246525Z 13:08:18.216784 +++ exited with 0 +++
2023-05-18T13:08:18.218800516Z Return value for follower worker is 0
2023-05-18T13:08:18.221792948Z The follower worker exited cleanly. Goodbye!
