2023-05-18T13:13:42.110249799Z
2023-05-18T13:13:42.110303234Z Flux username: flux
2023-05-18T13:13:42.110311465Z
2023-05-18T13:13:42.110317821Z Flux install root: /usr
2023-05-18T13:13:42.153402961Z flux user is already added.
2023-05-18T13:13:42.156032517Z flux user identifiers:
2023-05-18T13:13:42.156051481Z uid=1234(flux) gid=1234(flux) groups=1234(flux)
2023-05-18T13:13:42.156178024Z
2023-05-18T13:13:42.156193331Z As Flux prefix for flux commands: sudo -u flux -E PYTHONPATH=/opt/conda/lib/python3.10/site-packages -E PATH=/opt/conda/bin:/usr/local/sbin:/usr/local/bin:/usr/sbin:/usr/bin:/sbin:/bin -E LD_LIBRARY_PATH=/opt/conda/lib -E HOME=/home/flux
2023-05-18T13:13:42.164300547Z
2023-05-18T13:13:42.164320409Z 👋 Hello, I'm flux-sample-1
2023-05-18T13:13:42.164461386Z The main host is flux-sample-0
2023-05-18T13:13:42.164620537Z The working directory is /home/flux/examples/reaxff/HNS, contents include:
2023-05-18T13:13:42.166297529Z /home/flux/examples/reaxff/HNS:
2023-05-18T13:13:42.166406227Z README.txt	ffield.reax.hns  log.8Mar18.reaxc.hns.g++.1
2023-05-18T13:13:42.166424685Z data.hns-equil	in.reaxc.hns	 log.8Mar18.reaxc.hns.g++.4
2023-05-18T13:13:42.166633926Z End of file listing, if you see nothing above there are no files.
2023-05-18T13:13:42.168422846Z flux R encode --hosts=flux-sample-[0-3]
2023-05-18T13:13:42.182274739Z
2023-05-18T13:13:42.182293169Z 📦 Resources
2023-05-18T13:13:42.183591860Z {"version": 1, "execution": {"R_lite": [{"rank": "0-3", "children": {"core": "0"}}], "starttime": 0.0, "expiration": 0.0, "nodelist": ["flux-sample-[0-3]"]}}
2023-05-18T13:13:42.183927453Z
2023-05-18T13:13:42.183942776Z 🐸 Diagnostics: false
2023-05-18T13:13:42.184106611Z 🚩️ Flux Option Flags defined
2023-05-18T13:13:42.188318291Z
2023-05-18T13:13:42.188337535Z 🦊 Independent Minister of Privilege
2023-05-18T13:13:42.189595946Z [exec]
2023-05-18T13:13:42.189611972Z allowed-users = [ "flux", "root" ]
2023-05-18T13:13:42.189617977Z allowed-shells = [ "/usr/libexec/flux/flux-shell" ]
2023-05-18T13:13:42.189797912Z
2023-05-18T13:13:42.189809980Z 🐸 Broker Configuration
2023-05-18T13:13:42.193369660Z # Flux needs to know the path to the IMP executable
2023-05-18T13:13:42.193384268Z [exec]
2023-05-18T13:13:42.193390720Z imp = "/usr/libexec/flux/flux-imp"
2023-05-18T13:13:42.193395886Z
2023-05-18T13:13:42.193401270Z [access]
2023-05-18T13:13:42.193408544Z allow-guest-user = true
2023-05-18T13:13:42.193414728Z allow-root-owner = true
2023-05-18T13:13:42.193419751Z
2023-05-18T13:13:42.193425010Z # Point to resource definition generated with flux-R(1).
2023-05-18T13:13:42.193430309Z [resource]
2023-05-18T13:13:42.193435620Z path = "/etc/flux/system/R"
2023-05-18T13:13:42.193440618Z
2023-05-18T13:13:42.193446169Z [bootstrap]
2023-05-18T13:13:42.193453358Z curve_cert = "/etc/curve/curve.cert"
2023-05-18T13:13:42.193459373Z default_port = 8050
2023-05-18T13:13:42.193464678Z default_bind = "tcp://eth0:%p"
2023-05-18T13:13:42.193471001Z default_connect = "tcp://%h.flux-service.flux-operator.svc.cluster.local:%p"
2023-05-18T13:13:42.193476204Z hosts = [
2023-05-18T13:13:42.193480912Z 	{ host="flux-sample-[0-3]"},
2023-05-18T13:13:42.193486017Z ]
2023-05-18T13:13:42.193490778Z
2023-05-18T13:13:42.193497710Z [archive]
2023-05-18T13:13:42.193503846Z dbpath = "/var/lib/flux/job-archive.sqlite"
2023-05-18T13:13:42.193509453Z period = "1m"
2023-05-18T13:13:42.267337015Z busytimeout = "50s"
2023-05-18T13:13:42.267362929Z 🧊️ State Directory:
2023-05-18T13:13:42.267369192Z total 0
2023-05-18T13:13:42.267373895Z
2023-05-18T13:13:42.270639209Z
2023-05-18T13:13:42.270663226Z 🔒️ Working directory permissions:
2023-05-18T13:13:42.270669085Z total 96
2023-05-18T13:13:42.270675031Z -rwxrwxrwx 1 flux root  2517 May 17 22:32 README.txt
2023-05-18T13:13:42.270679866Z -rwxrwxrwx 1 flux root 54692 May 17 22:32 data.hns-equil
2023-05-18T13:13:42.270684733Z -rwxrwxrwx 1 flux root 13576 May 17 22:32 ffield.reax.hns
2023-05-18T13:13:42.270689582Z -rwxrwxrwx 1 flux root   870 May 17 22:32 in.reaxc.hns
2023-05-18T13:13:42.270832418Z -rwxrwxrwx 1 flux root  4172 May 17 22:32 log.8Mar18.reaxc.hns.g++.1
2023-05-18T13:13:42.270844993Z -rwxrwxrwx 1 flux root  4168 May 17 22:32 log.8Mar18.reaxc.hns.g++.4
2023-05-18T13:13:42.270865112Z
2023-05-18T13:13:42.270964098Z
2023-05-18T13:13:42.270975128Z ✨ Curve certificate generated by helper pod
2023-05-18T13:13:42.272514916Z #   ****  Generated on 2023-04-26 22:54:42 by CZMQ  ****
2023-05-18T13:13:42.272532292Z #   ZeroMQ CURVE **Secret** Certificate
2023-05-18T13:13:42.272537697Z #   DO NOT PROVIDE THIS FILE TO OTHER USERS nor change its permissions.
2023-05-18T13:13:42.272544780Z
2023-05-18T13:13:42.272551391Z metadata
2023-05-18T13:13:42.272557670Z     name = "flux-cert-generator"
2023-05-18T13:13:42.272562117Z     keygen.hostname = "flux-sample-0"
2023-05-18T13:13:42.272566432Z curve
2023-05-18T13:13:42.272571339Z     public-key = "g{mfn9X=^&dZ1=)<ETZd{YDOH]gM1:ep4YDnjr-3"
2023-05-18T13:13:42.272575752Z     secret-key = "2aEyf+:[(Qx.Du6UXH@QPUnz26(Z)hnBb)@&9}u["
2023-05-18T13:13:42.274633081Z
2023-05-18T13:13:42.274653376Z 🌀  flux start --wrap=strace,-e,network,-tt -o --config /etc/flux/config -Scron.directory=/etc/flux/system/cron.d   -Stbon.fanout=256   -Srundir=/run/flux    -Sstatedir=/var/lib/flux   -Slocal-uri=local:///run/flux/local -Stbon.connect_timeout=8s  -Stbon.zmqdebug=1  -Slog-stderr-level=6    -Slog-stderr-mode=local
2023-05-18T13:13:42.319516426Z 13:13:42.319249 socket(AF_NETLINK, SOCK_RAW, NETLINK_ROUTE) = 8
2023-05-18T13:13:42.319646305Z 13:13:42.319453 bind(8, {sa_family=AF_NETLINK, nl_pid=0, nl_groups=00000000}, 12) = 0
2023-05-18T13:13:42.319926142Z 13:13:42.319619 getsockname(8, {sa_family=AF_NETLINK, nl_pid=70, nl_groups=00000000}, [12]) = 0
2023-05-18T13:13:42.320269287Z 13:13:42.319816 sendto(8, {{len=20, type=RTM_GETADDR, flags=NLM_F_REQUEST|NLM_F_DUMP, seq=1684415622, pid=0}, {ifa_family=AF_UNSPEC, ...}}, 20, 0, {sa_family=AF_NETLINK, nl_pid=0, nl_groups=00000000}, 12) = 20
2023-05-18T13:13:42.320569769Z 13:13:42.320108 recvmsg(8, {msg_name={sa_family=AF_NETLINK, nl_pid=0, nl_groups=00000000}, msg_namelen=12, msg_iov=[{iov_base=[{{len=76, type=RTM_NEWADDR, flags=NLM_F_MULTI, seq=1684415622, pid=70}, {ifa_family=AF_INET, ifa_prefixlen=8, ifa_flags=IFA_F_PERMANENT, ifa_scope=RT_SCOPE_HOST, ifa_index=if_nametoindex("lo")}, [{{nla_len=8, nla_type=IFA_ADDRESS}, 127.0.0.1}, {{nla_len=8, nla_type=IFA_LOCAL}, 127.0.0.1}, {{nla_len=7, nla_type=IFA_LABEL}, "lo"}, {{nla_len=8, nla_type=IFA_FLAGS}, IFA_F_PERMANENT}, {{nla_len=20, nla_type=IFA_CACHEINFO}, {ifa_prefered=4294967295, ifa_valid=4294967295, cstamp=2136738, tstamp=2136738}}]}, {{len=88, type=RTM_NEWADDR, flags=NLM_F_MULTI, seq=1684415622, pid=70}, {ifa_family=AF_INET, ifa_prefixlen=24, ifa_flags=IFA_F_PERMANENT, ifa_scope=RT_SCOPE_UNIVERSE, ifa_index=if_nametoindex("eth0")}, [{{nla_len=8, nla_type=IFA_ADDRESS}, 10.24.0.138}, {{nla_len=8, nla_type=IFA_LOCAL}, 10.24.0.138}, {{nla_len=8, nla_type=IFA_BROADCAST}, 10.24.0.255}, {{nla_len=9, nla_type=IFA_LABEL}, "eth0"}, {{nla_len=8, nla_type=IFA_FLAGS}, IFA_F_PERMANENT}, {{nla_len=20, nla_type=IFA_CACHEINFO}, {ifa_prefered=4294967295, ifa_valid=4294967295, cstamp=2136741, tstamp=2136741}}]}], iov_len=4096}], msg_iovlen=1, msg_controllen=0, msg_flags=0}, 0) = 164
2023-05-18T13:13:42.320696990Z 13:13:42.320510 recvmsg(8, {msg_name={sa_family=AF_NETLINK, nl_pid=0, nl_groups=00000000}, msg_namelen=12, msg_iov=[{iov_base={{len=20, type=NLMSG_DONE, flags=NLM_F_MULTI, seq=1684415622, pid=70}, 0}, iov_len=4096}], msg_iovlen=1, msg_controllen=0, msg_flags=0}, 0) = 20
2023-05-18T13:13:42.321379505Z 13:13:42.321227 socket(AF_UNIX, SOCK_STREAM|SOCK_CLOEXEC|SOCK_NONBLOCK, 0) = 8
2023-05-18T13:13:42.321597636Z 13:13:42.321382 connect(8, {sa_family=AF_UNIX, sun_path="/var/run/nscd/socket"}, 110) = -1 ENOENT (No such file or directory)
2023-05-18T13:13:42.321815710Z 13:13:42.321624 socket(AF_UNIX, SOCK_STREAM|SOCK_CLOEXEC|SOCK_NONBLOCK, 0) = 8
2023-05-18T13:13:42.321964972Z 13:13:42.321721 connect(8, {sa_family=AF_UNIX, sun_path="/var/run/nscd/socket"}, 110) = -1 ENOENT (No such file or directory)
2023-05-18T13:13:42.323953714Z 13:13:42.323775 socket(AF_INET, SOCK_DGRAM|SOCK_CLOEXEC|SOCK_NONBLOCK, IPPROTO_IP) = 8
2023-05-18T13:13:42.324120774Z 13:13:42.323923 connect(8, {sa_family=AF_INET, sin_port=htons(53), sin_addr=inet_addr("169.254.169.254")}, 16) = 0
2023-05-18T13:13:42.324862596Z 13:13:42.324185 sendto(8, "n\300\1\0\0\1\0\0\0\0\0\0\rflux-sample-0\fflux-"..., 76, MSG_NOSIGNAL, NULL, 0) = 76
2023-05-18T13:13:42.328335196Z 13:13:42.328021 recvfrom(8, "n\300\201\200\0\1\0\1\0\0\0\0\rflux-sample-0\fflux-"..., 1024, 0, {sa_family=AF_INET, sin_port=htons(53), sin_addr=inet_addr("169.254.169.254")}, [28->16]) = 92
2023-05-18T13:13:42.334984612Z broker.info[1]: start: none->join 1.61122ms
2023-05-18T13:13:42.345037592Z broker.info[1]: parent-ready: join->init 9.98581ms
2023-05-18T13:13:42.345216406Z 13:13:42.345041 socketpair(AF_UNIX, SOCK_STREAM|SOCK_CLOEXEC, 0, [22, 23]) = 0
2023-05-18T13:13:42.345425073Z 13:13:42.345182 socketpair(AF_UNIX, SOCK_STREAM, 0, [24, 25]) = 0
2023-05-18T13:13:42.345778755Z 13:13:42.345547 socketpair(AF_UNIX, SOCK_STREAM, 0, [26, 27]) = 0
2023-05-18T13:13:42.346064667Z 13:13:42.345867 socketpair(AF_UNIX, SOCK_STREAM, 0, [28, 29]) = 0
2023-05-18T13:13:42.367985427Z broker.info[1]: configuration updated
2023-05-18T13:13:42.476678328Z broker.info[1]: rc1.0: running /etc/flux/rc1.d/01-sched-fluxion
2023-05-18T13:13:42.486882626Z broker.info[1]: rc1.0: running /etc/flux/rc1.d/02-cron
2023-05-18T13:13:42.510846849Z broker.info[1]: rc1.0: /etc/flux/rc1 Exited (rc=0) 0.2s
2023-05-18T13:13:42.511765241Z broker.info[1]: rc1-success: init->quorum 0.16661s
2023-05-18T13:13:50.175228861Z broker.info[1]: quorum-full: quorum->run 7.66297s
2023-05-18T13:14:01.595633496Z broker.info[1]: shutdown: run->cleanup 11.42s
2023-05-18T13:14:01.596787485Z broker.info[1]: cleanup-none: cleanup->shutdown 1.13554ms
2023-05-18T13:14:01.598147291Z broker.info[1]: children-none: shutdown->finalize 1.04917ms
2023-05-18T13:14:01.598772735Z 13:14:01.598316 socketpair(AF_UNIX, SOCK_STREAM|SOCK_CLOEXEC, 0, [22, 23]) = 0
2023-05-18T13:14:01.599281759Z 13:14:01.598503 socketpair(AF_UNIX, SOCK_STREAM, 0, [24, 25]) = 0
2023-05-18T13:14:01.599687607Z 13:14:01.598889 socketpair(AF_UNIX, SOCK_STREAM, 0, [26, 28]) = 0
2023-05-18T13:14:01.600207017Z 13:14:01.599248 socketpair(AF_UNIX, SOCK_STREAM, 0, [58, 59]) = 0
2023-05-18T13:14:01.619797993Z broker.info[1]: rc3.0: running /etc/flux/rc3.d/01-sched-fluxion
2023-05-18T13:14:01.727489419Z broker.info[1]: rc3.0: /etc/flux/rc3 Exited (rc=0) 0.1s
2023-05-18T13:14:01.728380799Z broker.info[1]: rc3-success: finalize->goodbye 0.129899s
2023-05-18T13:14:01.729614553Z broker.info[1]: goodbye: goodbye->exit 0.913079ms
2023-05-18T13:14:01.736511038Z 13:14:01.736360 +++ exited with 0 +++
2023-05-18T13:14:01.737923294Z Return value for follower worker is 0
2023-05-18T13:14:01.737985065Z The follower worker exited cleanly. Goodbye!
