2023-05-18T12:35:43.000825053Z
2023-05-18T12:35:43.000888156Z Flux username: flux
2023-05-18T12:35:43.000896530Z
2023-05-18T12:35:43.000903381Z Flux install root: /usr
2023-05-18T12:35:43.050513534Z flux user is already added.
2023-05-18T12:35:43.053556251Z flux user identifiers:
2023-05-18T12:35:43.053598262Z uid=1234(flux) gid=1234(flux) groups=1234(flux)
2023-05-18T12:35:43.053604472Z
2023-05-18T12:35:43.053610250Z As Flux prefix for flux commands: sudo -u flux -E PYTHONPATH=/opt/conda/lib/python3.10/site-packages -E PATH=/opt/conda/bin:/usr/local/sbin:/usr/local/bin:/usr/sbin:/usr/bin:/sbin:/bin -E LD_LIBRARY_PATH=/opt/conda/lib -E HOME=/home/flux
2023-05-18T12:35:43.062187467Z
2023-05-18T12:35:43.062225637Z 👋 Hello, I'm flux-sample-3
2023-05-18T12:35:43.062242153Z The main host is flux-sample-0
2023-05-18T12:35:43.062248125Z The working directory is /home/flux/examples/reaxff/HNS, contents include:
2023-05-18T12:35:43.064152027Z /home/flux/examples/reaxff/HNS:
2023-05-18T12:35:43.064324694Z README.txt	ffield.reax.hns  log.8Mar18.reaxc.hns.g++.1
2023-05-18T12:35:43.064337042Z data.hns-equil	in.reaxc.hns	 log.8Mar18.reaxc.hns.g++.4
2023-05-18T12:35:43.064631560Z End of file listing, if you see nothing above there are no files.
2023-05-18T12:35:43.067058047Z flux R encode --hosts=flux-sample-[0-3]
2023-05-18T12:35:43.081743163Z
2023-05-18T12:35:43.081776438Z 📦 Resources
2023-05-18T12:35:43.083564791Z {"version": 1, "execution": {"R_lite": [{"rank": "0-3", "children": {"core": "0"}}], "starttime": 0.0, "expiration": 0.0, "nodelist": ["flux-sample-[0-3]"]}}
2023-05-18T12:35:43.083857649Z
2023-05-18T12:35:43.083876856Z 🐸 Diagnostics: false
2023-05-18T12:35:43.084161053Z 🚩️ Flux Option Flags defined
2023-05-18T12:35:43.088581853Z
2023-05-18T12:35:43.088606070Z 🦊 Independent Minister of Privilege
2023-05-18T12:35:43.089936483Z [exec]
2023-05-18T12:35:43.089965197Z allowed-users = [ "flux", "root" ]
2023-05-18T12:35:43.089974564Z allowed-shells = [ "/usr/libexec/flux/flux-shell" ]
2023-05-18T12:35:43.090218900Z
2023-05-18T12:35:43.090233307Z 🐸 Broker Configuration
2023-05-18T12:35:43.091700242Z # Flux needs to know the path to the IMP executable
2023-05-18T12:35:43.091718638Z [exec]
2023-05-18T12:35:43.091725141Z imp = "/usr/libexec/flux/flux-imp"
2023-05-18T12:35:43.091729743Z
2023-05-18T12:35:43.091734421Z [access]
2023-05-18T12:35:43.091742056Z allow-guest-user = true
2023-05-18T12:35:43.091747631Z allow-root-owner = true
2023-05-18T12:35:43.091752095Z
2023-05-18T12:35:43.091756808Z # Point to resource definition generated with flux-R(1).
2023-05-18T12:35:43.091761807Z [resource]
2023-05-18T12:35:43.091767106Z path = "/etc/flux/system/R"
2023-05-18T12:35:43.091772103Z
2023-05-18T12:35:43.091777277Z [bootstrap]
2023-05-18T12:35:43.091784416Z curve_cert = "/etc/curve/curve.cert"
2023-05-18T12:35:43.091789924Z default_port = 8050
2023-05-18T12:35:43.091805803Z default_bind = "tcp://eth0:%p"
2023-05-18T12:35:43.091811306Z default_connect = "tcp://%h.flux-service.flux-operator.svc.cluster.local:%p"
2023-05-18T12:35:43.091816354Z hosts = [
2023-05-18T12:35:43.091821186Z 	{ host="flux-sample-[0-3]"},
2023-05-18T12:35:43.091825897Z ]
2023-05-18T12:35:43.091832459Z
2023-05-18T12:35:43.091838153Z [archive]
2023-05-18T12:35:43.091842923Z dbpath = "/var/lib/flux/job-archive.sqlite"
2023-05-18T12:35:43.091847993Z period = "1m"
2023-05-18T12:35:43.197804795Z busytimeout = "50s"
2023-05-18T12:35:43.197831304Z 🧊️ State Directory:
2023-05-18T12:35:43.197934742Z total 0
2023-05-18T12:35:43.198063974Z
2023-05-18T12:35:43.201939921Z
2023-05-18T12:35:43.201967210Z 🔒️ Working directory permissions:
2023-05-18T12:35:43.201973762Z total 96
2023-05-18T12:35:43.201980059Z -rwxrwxrwx 1 flux root  2517 May 17 22:32 README.txt
2023-05-18T12:35:43.201988220Z -rwxrwxrwx 1 flux root 54692 May 17 22:32 data.hns-equil
2023-05-18T12:35:43.202003276Z -rwxrwxrwx 1 flux root 13576 May 17 22:32 ffield.reax.hns
2023-05-18T12:35:43.202008666Z -rwxrwxrwx 1 flux root   870 May 17 22:32 in.reaxc.hns
2023-05-18T12:35:43.202014062Z -rwxrwxrwx 1 flux root  4172 May 17 22:32 log.8Mar18.reaxc.hns.g++.1
2023-05-18T12:35:43.202018869Z -rwxrwxrwx 1 flux root  4168 May 17 22:32 log.8Mar18.reaxc.hns.g++.4
2023-05-18T12:35:43.202023704Z
2023-05-18T12:35:43.202105452Z
2023-05-18T12:35:43.202114687Z ✨ Curve certificate generated by helper pod
2023-05-18T12:35:43.203674742Z #   ****  Generated on 2023-04-26 22:54:42 by CZMQ  ****
2023-05-18T12:35:43.203694150Z #   ZeroMQ CURVE **Secret** Certificate
2023-05-18T12:35:43.203700601Z #   DO NOT PROVIDE THIS FILE TO OTHER USERS nor change its permissions.
2023-05-18T12:35:43.203705792Z
2023-05-18T12:35:43.203710810Z metadata
2023-05-18T12:35:43.203716523Z     name = "flux-cert-generator"
2023-05-18T12:35:43.203721477Z     keygen.hostname = "flux-sample-0"
2023-05-18T12:35:43.203726521Z curve
2023-05-18T12:35:43.203734932Z     public-key = "Bf0h{^cYOoTY}VjmWXb4ziz?Gj2RfbCJ<k!O[Zhu"
2023-05-18T12:35:43.203740887Z     secret-key = "lrdxmHrNf}0GRSY<Y&}?8@**MZPj*<j%l8.CC^Ke"
2023-05-18T12:35:43.206510791Z
2023-05-18T12:35:43.206547870Z 🌀  flux start --wrap=strace,-e,network,-tt -o --config /etc/flux/config -Scron.directory=/etc/flux/system/cron.d   -Stbon.fanout=256   -Srundir=/run/flux    -Sstatedir=/var/lib/flux   -Slocal-uri=local:///run/flux/local -Stbon.connect_timeout=2s  -Stbon.zmqdebug=1  -Slog-stderr-level=6    -Slog-stderr-mode=local
2023-05-18T12:35:43.251180597Z 12:35:43.250728 socket(AF_NETLINK, SOCK_RAW, NETLINK_ROUTE) = 8
2023-05-18T12:35:43.251252012Z 12:35:43.250908 bind(8, {sa_family=AF_NETLINK, nl_pid=0, nl_groups=00000000}, 12) = 0
2023-05-18T12:35:43.251269387Z 12:35:43.251067 getsockname(8, {sa_family=AF_NETLINK, nl_pid=70, nl_groups=00000000}, [12]) = 0
2023-05-18T12:35:43.251586795Z 12:35:43.251242 sendto(8, {{len=20, type=RTM_GETADDR, flags=NLM_F_REQUEST|NLM_F_DUMP, seq=1684413343, pid=0}, {ifa_family=AF_UNSPEC, ...}}, 20, 0, {sa_family=AF_NETLINK, nl_pid=0, nl_groups=00000000}, 12) = 20
2023-05-18T12:35:43.252066903Z 12:35:43.251540 recvmsg(8, {msg_name={sa_family=AF_NETLINK, nl_pid=0, nl_groups=00000000}, msg_namelen=12, msg_iov=[{iov_base=[{{len=76, type=RTM_NEWADDR, flags=NLM_F_MULTI, seq=1684413343, pid=70}, {ifa_family=AF_INET, ifa_prefixlen=8, ifa_flags=IFA_F_PERMANENT, ifa_scope=RT_SCOPE_HOST, ifa_index=if_nametoindex("lo")}, [{{nla_len=8, nla_type=IFA_ADDRESS}, 127.0.0.1}, {{nla_len=8, nla_type=IFA_LOCAL}, 127.0.0.1}, {{nla_len=7, nla_type=IFA_LABEL}, "lo"}, {{nla_len=8, nla_type=IFA_FLAGS}, IFA_F_PERMANENT}, {{nla_len=20, nla_type=IFA_CACHEINFO}, {ifa_prefered=4294967295, ifa_valid=4294967295, cstamp=1908594, tstamp=1908594}}]}, {{len=88, type=RTM_NEWADDR, flags=NLM_F_MULTI, seq=1684413343, pid=70}, {ifa_family=AF_INET, ifa_prefixlen=24, ifa_flags=IFA_F_PERMANENT, ifa_scope=RT_SCOPE_UNIVERSE, ifa_index=if_nametoindex("eth0")}, [{{nla_len=8, nla_type=IFA_ADDRESS}, 10.24.2.54}, {{nla_len=8, nla_type=IFA_LOCAL}, 10.24.2.54}, {{nla_len=8, nla_type=IFA_BROADCAST}, 10.24.2.255}, {{nla_len=9, nla_type=IFA_LABEL}, "eth0"}, {{nla_len=8, nla_type=IFA_FLAGS}, IFA_F_PERMANENT}, {{nla_len=20, nla_type=IFA_CACHEINFO}, {ifa_prefered=4294967295, ifa_valid=4294967295, cstamp=1908598, tstamp=1908598}}]}], iov_len=4096}], msg_iovlen=1, msg_controllen=0, msg_flags=0}, 0) = 164
2023-05-18T12:35:43.252164114Z 12:35:43.251963 recvmsg(8, {msg_name={sa_family=AF_NETLINK, nl_pid=0, nl_groups=00000000}, msg_namelen=12, msg_iov=[{iov_base={{len=20, type=NLMSG_DONE, flags=NLM_F_MULTI, seq=1684413343, pid=70}, 0}, iov_len=4096}], msg_iovlen=1, msg_controllen=0, msg_flags=0}, 0) = 20
2023-05-18T12:35:43.253012193Z 12:35:43.252788 socket(AF_UNIX, SOCK_STREAM|SOCK_CLOEXEC|SOCK_NONBLOCK, 0) = 8
2023-05-18T12:35:43.253093676Z 12:35:43.252889 connect(8, {sa_family=AF_UNIX, sun_path="/var/run/nscd/socket"}, 110) = -1 ENOENT (No such file or directory)
2023-05-18T12:35:43.253249910Z 12:35:43.253104 socket(AF_UNIX, SOCK_STREAM|SOCK_CLOEXEC|SOCK_NONBLOCK, 0) = 8
2023-05-18T12:35:43.253370191Z 12:35:43.253219 connect(8, {sa_family=AF_UNIX, sun_path="/var/run/nscd/socket"}, 110) = -1 ENOENT (No such file or directory)
2023-05-18T12:35:43.255500842Z 12:35:43.255211 socket(AF_INET, SOCK_DGRAM|SOCK_CLOEXEC|SOCK_NONBLOCK, IPPROTO_IP) = 8
2023-05-18T12:35:43.255884370Z 12:35:43.255614 connect(8, {sa_family=AF_INET, sin_port=htons(53), sin_addr=inet_addr("169.254.169.254")}, 16) = 0
2023-05-18T12:35:43.256426666Z 12:35:43.256011 sendto(8, "\301\306\1\0\0\1\0\0\0\0\0\0\rflux-sample-0\fflux-"..., 76, MSG_NOSIGNAL, NULL, 0) = 76
2023-05-18T12:35:43.260191360Z 12:35:43.259790 recvfrom(8, "\301\306\201\200\0\1\0\1\0\0\0\0\rflux-sample-0\fflux-"..., 1024, 0, {sa_family=AF_INET, sin_port=htons(53), sin_addr=inet_addr("169.254.169.254")}, [28->16]) = 92
2023-05-18T12:35:43.265980815Z broker.info[3]: start: none->join 2.12553ms
2023-05-18T12:35:43.280288766Z broker.info[3]: parent-ready: join->init 14.1617ms
2023-05-18T12:35:43.280478812Z 12:35:43.280226 socketpair(AF_UNIX, SOCK_STREAM|SOCK_CLOEXEC, 0, [22, 23]) = 0
2023-05-18T12:35:43.280600912Z 12:35:43.280424 socketpair(AF_UNIX, SOCK_STREAM, 0, [24, 25]) = 0
2023-05-18T12:35:43.281040333Z 12:35:43.280753 socketpair(AF_UNIX, SOCK_STREAM, 0, [26, 27]) = 0
2023-05-18T12:35:43.281583608Z 12:35:43.281318 socketpair(AF_UNIX, SOCK_STREAM, 0, [28, 29]) = 0
2023-05-18T12:35:43.312846638Z broker.info[3]: configuration updated
2023-05-18T12:35:43.462902117Z broker.info[3]: rc1.0: running /etc/flux/rc1.d/01-sched-fluxion
2023-05-18T12:35:43.478844963Z broker.info[3]: rc1.0: running /etc/flux/rc1.d/02-cron
2023-05-18T12:35:43.513865614Z broker.info[3]: rc1.0: /etc/flux/rc1 Exited (rc=0) 0.2s
2023-05-18T12:35:43.513896229Z broker.info[3]: rc1-success: init->quorum 0.233115s
2023-05-18T12:35:44.146272507Z broker.info[3]: quorum-full: quorum->run 0.630529s
2023-05-18T12:35:44.868968950Z 12:35:44.868686 socketpair(AF_UNIX, SOCK_STREAM|SOCK_CLOEXEC, 0, [22, 23]) = 0
2023-05-18T12:35:44.869563109Z 12:35:44.869313 socketpair(AF_UNIX, SOCK_STREAM, 0, [24, 25]) = 0
2023-05-18T12:35:44.869950416Z 12:35:44.869742 socketpair(AF_UNIX, SOCK_STREAM, 0, [26, 28]) = 0
2023-05-18T12:35:44.870289401Z 12:35:44.870047 socketpair(AF_UNIX, SOCK_STREAM, 0, [58, 59]) = 0
2023-05-18T12:35:56.045685963Z broker.info[3]: shutdown: run->cleanup 11.9009s
2023-05-18T12:35:56.047860823Z broker.info[3]: cleanup-none: cleanup->shutdown 1.19404ms
2023-05-18T12:35:56.049677428Z broker.info[3]: children-none: shutdown->finalize 1.0373ms
2023-05-18T12:35:56.050516428Z 12:35:56.050167 socketpair(AF_UNIX, SOCK_STREAM|SOCK_CLOEXEC, 0, [22, 23]) = 0
2023-05-18T12:35:56.050883638Z 12:35:56.050568 socketpair(AF_UNIX, SOCK_STREAM, 0, [24, 25]) = 0
2023-05-18T12:35:56.051353096Z 12:35:56.051093 socketpair(AF_UNIX, SOCK_STREAM, 0, [26, 28]) = 0
2023-05-18T12:35:56.051770177Z 12:35:56.051527 socketpair(AF_UNIX, SOCK_STREAM, 0, [58, 59]) = 0
2023-05-18T12:35:56.071578499Z broker.info[3]: rc3.0: running /etc/flux/rc3.d/01-sched-fluxion
2023-05-18T12:35:56.216493183Z broker.info[3]: rc3.0: /etc/flux/rc3 Exited (rc=0) 0.2s
2023-05-18T12:35:56.217987561Z broker.info[3]: rc3-success: finalize->goodbye 0.167586s
2023-05-18T12:35:56.219759030Z broker.info[3]: goodbye: goodbye->exit 1.04438ms
2023-05-18T12:35:56.229338442Z 12:35:56.229103 +++ exited with 0 +++
2023-05-18T12:35:56.230944307Z Return value for follower worker is 0
2023-05-18T12:35:56.231111556Z The follower worker exited cleanly. Goodbye!
