2023-05-18T07:39:02.134766605Z
2023-05-18T07:39:02.134824415Z Flux username: flux
2023-05-18T07:39:02.134831180Z
2023-05-18T07:39:02.134836589Z Flux install root: /usr
2023-05-18T07:39:02.178690846Z flux user is already added.
2023-05-18T07:39:02.182342193Z flux user identifiers:
2023-05-18T07:39:02.182372437Z uid=1234(flux) gid=1234(flux) groups=1234(flux)
2023-05-18T07:39:02.182452374Z
2023-05-18T07:39:02.182461893Z As Flux prefix for flux commands: sudo -u flux -E PYTHONPATH=/opt/conda/lib/python3.10/site-packages -E PATH=/opt/conda/bin:/usr/local/sbin:/usr/local/bin:/usr/sbin:/usr/bin:/sbin:/bin -E LD_LIBRARY_PATH=/opt/conda/lib -E HOME=/home/flux
2023-05-18T07:39:02.190603093Z
2023-05-18T07:39:02.190636560Z 👋 Hello, I'm flux-sample-2
2023-05-18T07:39:02.190642860Z The main host is flux-sample-0
2023-05-18T07:39:02.190947997Z The working directory is /home/flux/examples/reaxff/HNS, contents include:
2023-05-18T07:39:02.193021581Z /home/flux/examples/reaxff/HNS:
2023-05-18T07:39:02.193102377Z README.txt	ffield.reax.hns  log.8Mar18.reaxc.hns.g++.1
2023-05-18T07:39:02.193112305Z data.hns-equil	in.reaxc.hns	 log.8Mar18.reaxc.hns.g++.4
2023-05-18T07:39:02.193400553Z End of file listing, if you see nothing above there are no files.
2023-05-18T07:39:02.195388972Z flux R encode --hosts=flux-sample-[0-3]
2023-05-18T07:39:02.211132708Z
2023-05-18T07:39:02.211199420Z 📦 Resources
2023-05-18T07:39:02.212970074Z {"version": 1, "execution": {"R_lite": [{"rank": "0-3", "children": {"core": "0"}}], "starttime": 0.0, "expiration": 0.0, "nodelist": ["flux-sample-[0-3]"]}}
2023-05-18T07:39:02.213226422Z
2023-05-18T07:39:02.213241567Z 🐸 Diagnostics: false
2023-05-18T07:39:02.213415442Z 🚩️ Flux Option Flags defined
2023-05-18T07:39:02.217716810Z
2023-05-18T07:39:02.217752750Z 🦊 Independent Minister of Privilege
2023-05-18T07:39:02.219084942Z [exec]
2023-05-18T07:39:02.219105059Z allowed-users = [ "flux", "root" ]
2023-05-18T07:39:02.219112826Z allowed-shells = [ "/usr/libexec/flux/flux-shell" ]
2023-05-18T07:39:02.219267597Z
2023-05-18T07:39:02.219280066Z 🐸 Broker Configuration
2023-05-18T07:39:02.221089482Z # Flux needs to know the path to the IMP executable
2023-05-18T07:39:02.221110996Z [exec]
2023-05-18T07:39:02.221118285Z imp = "/usr/libexec/flux/flux-imp"
2023-05-18T07:39:02.221124956Z
2023-05-18T07:39:02.221130816Z [access]
2023-05-18T07:39:02.221136124Z allow-guest-user = true
2023-05-18T07:39:02.221141032Z allow-root-owner = true
2023-05-18T07:39:02.221145854Z
2023-05-18T07:39:02.221150890Z # Point to resource definition generated with flux-R(1).
2023-05-18T07:39:02.221181635Z [resource]
2023-05-18T07:39:02.221187428Z path = "/etc/flux/system/R"
2023-05-18T07:39:02.221192456Z
2023-05-18T07:39:02.221197273Z [bootstrap]
2023-05-18T07:39:02.221202213Z curve_cert = "/etc/curve/curve.cert"
2023-05-18T07:39:02.221207106Z default_port = 8050
2023-05-18T07:39:02.221211762Z default_bind = "tcp://eth0:%p"
2023-05-18T07:39:02.221219573Z default_connect = "tcp://%h.flux-service.flux-operator.svc.cluster.local:%p"
2023-05-18T07:39:02.221225641Z hosts = [
2023-05-18T07:39:02.221230942Z 	{ host="flux-sample-[0-3]"},
2023-05-18T07:39:02.221235585Z ]
2023-05-18T07:39:02.221251224Z
2023-05-18T07:39:02.221256092Z [archive]
2023-05-18T07:39:02.221261050Z dbpath = "/var/lib/flux/job-archive.sqlite"
2023-05-18T07:39:02.221267670Z period = "1m"
2023-05-18T07:39:02.307343000Z busytimeout = "50s"
2023-05-18T07:39:02.307370226Z 🧊️ State Directory:
2023-05-18T07:39:02.307376619Z total 0
2023-05-18T07:39:02.307381348Z
2023-05-18T07:39:02.311151789Z
2023-05-18T07:39:02.311184352Z 🔒️ Working directory permissions:
2023-05-18T07:39:02.311190517Z total 96
2023-05-18T07:39:02.311198387Z -rwxrwxrwx 1 flux root  2517 May 17 22:32 README.txt
2023-05-18T07:39:02.311204519Z -rwxrwxrwx 1 flux root 54692 May 17 22:32 data.hns-equil
2023-05-18T07:39:02.311209974Z -rwxrwxrwx 1 flux root 13576 May 17 22:32 ffield.reax.hns
2023-05-18T07:39:02.311215204Z -rwxrwxrwx 1 flux root   870 May 17 22:32 in.reaxc.hns
2023-05-18T07:39:02.311220475Z -rwxrwxrwx 1 flux root  4172 May 17 22:32 log.8Mar18.reaxc.hns.g++.1
2023-05-18T07:39:02.311225809Z -rwxrwxrwx 1 flux root  4168 May 17 22:32 log.8Mar18.reaxc.hns.g++.4
2023-05-18T07:39:02.311230321Z
2023-05-18T07:39:02.311234969Z
2023-05-18T07:39:02.311241801Z ✨ Curve certificate generated by helper pod
2023-05-18T07:39:02.312704989Z #   ****  Generated on 2023-04-26 22:54:42 by CZMQ  ****
2023-05-18T07:39:02.312728344Z #   ZeroMQ CURVE **Secret** Certificate
2023-05-18T07:39:02.312755555Z #   DO NOT PROVIDE THIS FILE TO OTHER USERS nor change its permissions.
2023-05-18T07:39:02.312762962Z
2023-05-18T07:39:02.312768037Z metadata
2023-05-18T07:39:02.312773535Z     name = "flux-cert-generator"
2023-05-18T07:39:02.312778265Z     keygen.hostname = "flux-sample-0"
2023-05-18T07:39:02.312782860Z curve
2023-05-18T07:39:02.312789529Z     public-key = "T4JpGEI:awnuCorPa[[M/Kg^*bfd&6%8T.nO]kcN"
2023-05-18T07:39:02.312795362Z     secret-key = "xj]&Im2)Rm4A*I8O<KZd7?lxe2-VOG=gS4=y#x@H"
2023-05-18T07:39:02.314873295Z
2023-05-18T07:39:02.314895715Z 🌀  flux start --wrap=strace,-e,network,-tt -o --config /etc/flux/config -Scron.directory=/etc/flux/system/cron.d   -Stbon.fanout=256   -Srundir=/run/flux    -Sstatedir=/var/lib/flux   -Slocal-uri=local:///run/flux/local -Stbon.connect_timeout=2s  -Stbon.zmqdebug=1  -Slog-stderr-level=6    -Slog-stderr-mode=local
2023-05-18T07:39:02.358156608Z 07:39:02.357833 socket(AF_NETLINK, SOCK_RAW, NETLINK_ROUTE) = 8
2023-05-18T07:39:02.358192947Z 07:39:02.357993 bind(8, {sa_family=AF_NETLINK, nl_pid=0, nl_groups=00000000}, 12) = 0
2023-05-18T07:39:02.358295770Z 07:39:02.358085 getsockname(8, {sa_family=AF_NETLINK, nl_pid=70, nl_groups=00000000}, [12]) = 0
2023-05-18T07:39:02.358678716Z 07:39:02.358250 sendto(8, {{len=20, type=RTM_GETADDR, flags=NLM_F_REQUEST|NLM_F_DUMP, seq=1684395542, pid=0}, {ifa_family=AF_UNSPEC, ...}}, 20, 0, {sa_family=AF_NETLINK, nl_pid=0, nl_groups=00000000}, 12) = 20
2023-05-18T07:39:02.359091305Z 07:39:02.358522 recvmsg(8, {msg_name={sa_family=AF_NETLINK, nl_pid=0, nl_groups=00000000}, msg_namelen=12, msg_iov=[{iov_base=[{{len=76, type=RTM_NEWADDR, flags=NLM_F_MULTI, seq=1684395542, pid=70}, {ifa_family=AF_INET, ifa_prefixlen=8, ifa_flags=IFA_F_PERMANENT, ifa_scope=RT_SCOPE_HOST, ifa_index=if_nametoindex("lo")}, [{{nla_len=8, nla_type=IFA_ADDRESS}, 127.0.0.1}, {{nla_len=8, nla_type=IFA_LOCAL}, 127.0.0.1}, {{nla_len=7, nla_type=IFA_LABEL}, "lo"}, {{nla_len=8, nla_type=IFA_FLAGS}, IFA_F_PERMANENT}, {{nla_len=20, nla_type=IFA_CACHEINFO}, {ifa_prefered=4294967295, ifa_valid=4294967295, cstamp=128530, tstamp=128530}}]}, {{len=88, type=RTM_NEWADDR, flags=NLM_F_MULTI, seq=1684395542, pid=70}, {ifa_family=AF_INET, ifa_prefixlen=24, ifa_flags=IFA_F_PERMANENT, ifa_scope=RT_SCOPE_UNIVERSE, ifa_index=if_nametoindex("eth0")}, [{{nla_len=8, nla_type=IFA_ADDRESS}, 10.24.1.39}, {{nla_len=8, nla_type=IFA_LOCAL}, 10.24.1.39}, {{nla_len=8, nla_type=IFA_BROADCAST}, 10.24.1.255}, {{nla_len=9, nla_type=IFA_LABEL}, "eth0"}, {{nla_len=8, nla_type=IFA_FLAGS}, IFA_F_PERMANENT}, {{nla_len=20, nla_type=IFA_CACHEINFO}, {ifa_prefered=4294967295, ifa_valid=4294967295, cstamp=128534, tstamp=128534}}]}], iov_len=4096}], msg_iovlen=1, msg_controllen=0, msg_flags=0}, 0) = 164
2023-05-18T07:39:02.359222062Z 07:39:02.358952 recvmsg(8, {msg_name={sa_family=AF_NETLINK, nl_pid=0, nl_groups=00000000}, msg_namelen=12, msg_iov=[{iov_base={{len=20, type=NLMSG_DONE, flags=NLM_F_MULTI, seq=1684395542, pid=70}, 0}, iov_len=4096}], msg_iovlen=1, msg_controllen=0, msg_flags=0}, 0) = 20
2023-05-18T07:39:02.359923091Z 07:39:02.359786 socket(AF_UNIX, SOCK_STREAM|SOCK_CLOEXEC|SOCK_NONBLOCK, 0) = 8
2023-05-18T07:39:02.360095798Z 07:39:02.359913 connect(8, {sa_family=AF_UNIX, sun_path="/var/run/nscd/socket"}, 110) = -1 ENOENT (No such file or directory)
2023-05-18T07:39:02.360255631Z 07:39:02.360116 socket(AF_UNIX, SOCK_STREAM|SOCK_CLOEXEC|SOCK_NONBLOCK, 0) = 8
2023-05-18T07:39:02.360371913Z 07:39:02.360233 connect(8, {sa_family=AF_UNIX, sun_path="/var/run/nscd/socket"}, 110) = -1 ENOENT (No such file or directory)
2023-05-18T07:39:02.363039514Z 07:39:02.362566 socket(AF_INET, SOCK_DGRAM|SOCK_CLOEXEC|SOCK_NONBLOCK, IPPROTO_IP) = 8
2023-05-18T07:39:02.363337146Z 07:39:02.362937 connect(8, {sa_family=AF_INET, sin_port=htons(53), sin_addr=inet_addr("169.254.169.254")}, 16) = 0
2023-05-18T07:39:02.363595581Z 07:39:02.363317 sendto(8, "L\f\1\0\0\1\0\0\0\0\0\0\rflux-sample-0\fflux-"..., 76, MSG_NOSIGNAL, NULL, 0) = 76
2023-05-18T07:39:02.368221867Z 07:39:02.367897 recvfrom(8, "L\f\201\200\0\1\0\1\0\0\0\0\rflux-sample-0\fflux-"..., 1024, 0, {sa_family=AF_INET, sin_port=htons(53), sin_addr=inet_addr("169.254.169.254")}, [28->16]) = 92
2023-05-18T07:39:02.373968694Z broker.info[2]: start: none->join 1.76153ms
2023-05-18T07:39:06.686565335Z broker.info[2]: parent-ready: join->init 4.31223s
2023-05-18T07:39:06.687170530Z 07:39:06.686916 socketpair(AF_UNIX, SOCK_STREAM|SOCK_CLOEXEC, 0, [22, 23]) = 0
2023-05-18T07:39:06.687881855Z 07:39:06.687229 socketpair(AF_UNIX, SOCK_STREAM, 0, [24, 25]) = 0
2023-05-18T07:39:06.687902128Z 07:39:06.687614 socketpair(AF_UNIX, SOCK_STREAM, 0, [26, 27]) = 0
2023-05-18T07:39:06.688231323Z 07:39:06.688015 socketpair(AF_UNIX, SOCK_STREAM, 0, [28, 29]) = 0
2023-05-18T07:39:06.715481791Z broker.info[2]: configuration updated
2023-05-18T07:39:06.852786435Z broker.info[2]: rc1.0: running /etc/flux/rc1.d/01-sched-fluxion
2023-05-18T07:39:06.867137449Z broker.info[2]: rc1.0: running /etc/flux/rc1.d/02-cron
2023-05-18T07:39:06.892494091Z broker.info[2]: rc1.0: /etc/flux/rc1 Exited (rc=0) 0.2s
2023-05-18T07:39:06.893509527Z broker.info[2]: rc1-success: init->quorum 0.206413s
2023-05-18T07:39:07.080988486Z broker.info[2]: quorum-full: quorum->run 0.186967s
2023-05-18T07:39:17.756583002Z broker.info[2]: shutdown: run->cleanup 10.6752s
2023-05-18T07:39:17.758428593Z broker.info[2]: cleanup-none: cleanup->shutdown 1.09758ms
2023-05-18T07:39:17.759776525Z broker.info[2]: children-none: shutdown->finalize 1.0629ms
2023-05-18T07:39:17.760152812Z 07:39:17.759922 socketpair(AF_UNIX, SOCK_STREAM|SOCK_CLOEXEC, 0, [22, 23]) = 0
2023-05-18T07:39:17.760455981Z 07:39:17.760076 socketpair(AF_UNIX, SOCK_STREAM, 0, [24, 25]) = 0
2023-05-18T07:39:17.760706349Z 07:39:17.760393 socketpair(AF_UNIX, SOCK_STREAM, 0, [26, 28]) = 0
2023-05-18T07:39:17.761006738Z 07:39:17.760660 socketpair(AF_UNIX, SOCK_STREAM, 0, [58, 59]) = 0
2023-05-18T07:39:17.778814424Z broker.info[2]: rc3.0: running /etc/flux/rc3.d/01-sched-fluxion
2023-05-18T07:39:17.907255632Z broker.info[2]: rc3.0: /etc/flux/rc3 Exited (rc=0) 0.1s
2023-05-18T07:39:17.908724133Z broker.info[2]: rc3-success: finalize->goodbye 0.148602s
2023-05-18T07:39:17.910481821Z broker.info[2]: goodbye: goodbye->exit 1.08115ms
2023-05-18T07:39:17.918993389Z 07:39:17.918765 +++ exited with 0 +++
2023-05-18T07:39:17.920769845Z Return value for follower worker is 0
2023-05-18T07:39:17.920812395Z The follower worker exited cleanly. Goodbye!
