2023-05-18T07:44:03.791797831Z
2023-05-18T07:44:03.791852334Z Flux username: flux
2023-05-18T07:44:03.791858830Z
2023-05-18T07:44:03.791863891Z Flux install root: /usr
2023-05-18T07:44:03.840415784Z flux user is already added.
2023-05-18T07:44:03.843322421Z flux user identifiers:
2023-05-18T07:44:03.843343851Z uid=1234(flux) gid=1234(flux) groups=1234(flux)
2023-05-18T07:44:03.843482578Z
2023-05-18T07:44:03.843494283Z As Flux prefix for flux commands: sudo -u flux -E PYTHONPATH=/opt/conda/lib/python3.10/site-packages -E PATH=/opt/conda/bin:/usr/local/sbin:/usr/local/bin:/usr/sbin:/usr/bin:/sbin:/bin -E LD_LIBRARY_PATH=/opt/conda/lib -E HOME=/home/flux
2023-05-18T07:44:03.851495745Z
2023-05-18T07:44:03.851519691Z ðŸ‘‹ Hello, I'm flux-sample-2
2023-05-18T07:44:03.851650286Z The main host is flux-sample-0
2023-05-18T07:44:03.851660980Z The working directory is /home/flux/examples/reaxff/HNS, contents include:
2023-05-18T07:44:03.853309386Z /home/flux/examples/reaxff/HNS:
2023-05-18T07:44:03.853328022Z README.txt	ffield.reax.hns  log.8Mar18.reaxc.hns.g++.1
2023-05-18T07:44:03.853333773Z data.hns-equil	in.reaxc.hns	 log.8Mar18.reaxc.hns.g++.4
2023-05-18T07:44:03.853940945Z End of file listing, if you see nothing above there are no files.
2023-05-18T07:44:03.855824831Z flux R encode --hosts=flux-sample-[0-3]
2023-05-18T07:44:03.868892053Z
2023-05-18T07:44:03.868918464Z ðŸ“¦ Resources
2023-05-18T07:44:03.870292579Z {"version": 1, "execution": {"R_lite": [{"rank": "0-3", "children": {"core": "0"}}], "starttime": 0.0, "expiration": 0.0, "nodelist": ["flux-sample-[0-3]"]}}
2023-05-18T07:44:03.870570777Z
2023-05-18T07:44:03.870587300Z ðŸ¸ Diagnostics: false
2023-05-18T07:44:03.870829473Z ðŸš©ï¸ Flux Option Flags defined
2023-05-18T07:44:03.874426531Z
2023-05-18T07:44:03.874445350Z ðŸ¦Š Independent Minister of Privilege
2023-05-18T07:44:03.875989863Z [exec]
2023-05-18T07:44:03.876006637Z allowed-users = [ "flux", "root" ]
2023-05-18T07:44:03.876012785Z allowed-shells = [ "/usr/libexec/flux/flux-shell" ]
2023-05-18T07:44:03.876395744Z
2023-05-18T07:44:03.876413574Z ðŸ¸ Broker Configuration
2023-05-18T07:44:03.877835914Z # Flux needs to know the path to the IMP executable
2023-05-18T07:44:03.877851555Z [exec]
2023-05-18T07:44:03.877857458Z imp = "/usr/libexec/flux/flux-imp"
2023-05-18T07:44:03.877862045Z
2023-05-18T07:44:03.877866726Z [access]
2023-05-18T07:44:03.877872333Z allow-guest-user = true
2023-05-18T07:44:03.877877044Z allow-root-owner = true
2023-05-18T07:44:03.877883654Z
2023-05-18T07:44:03.877890489Z # Point to resource definition generated with flux-R(1).
2023-05-18T07:44:03.877896130Z [resource]
2023-05-18T07:44:03.877901763Z path = "/etc/flux/system/R"
2023-05-18T07:44:03.877906315Z
2023-05-18T07:44:03.877911218Z [bootstrap]
2023-05-18T07:44:03.877916122Z curve_cert = "/etc/curve/curve.cert"
2023-05-18T07:44:03.877920919Z default_port = 8050
2023-05-18T07:44:03.877927846Z default_bind = "tcp://eth0:%p"
2023-05-18T07:44:03.877934713Z default_connect = "tcp://%h.flux-service.flux-operator.svc.cluster.local:%p"
2023-05-18T07:44:03.877939472Z hosts = [
2023-05-18T07:44:03.877944376Z 	{ host="flux-sample-[0-3]"},
2023-05-18T07:44:03.877949133Z ]
2023-05-18T07:44:03.877953625Z
2023-05-18T07:44:03.877958014Z [archive]
2023-05-18T07:44:03.877963022Z dbpath = "/var/lib/flux/job-archive.sqlite"
2023-05-18T07:44:03.877969958Z period = "1m"
2023-05-18T07:44:03.961226894Z busytimeout = "50s"
2023-05-18T07:44:03.961253089Z ðŸ§Šï¸ State Directory:
2023-05-18T07:44:03.961261864Z total 0
2023-05-18T07:44:03.961267738Z
2023-05-18T07:44:03.963979791Z
2023-05-18T07:44:03.964001618Z ðŸ”’ï¸ Working directory permissions:
2023-05-18T07:44:03.964007809Z total 96
2023-05-18T07:44:03.964013631Z -rwxrwxrwx 1 flux root  2517 May 17 22:32 README.txt
2023-05-18T07:44:03.964018614Z -rwxrwxrwx 1 flux root 54692 May 17 22:32 data.hns-equil
2023-05-18T07:44:03.964023461Z -rwxrwxrwx 1 flux root 13576 May 17 22:32 ffield.reax.hns
2023-05-18T07:44:03.964030762Z -rwxrwxrwx 1 flux root   870 May 17 22:32 in.reaxc.hns
2023-05-18T07:44:03.964037658Z -rwxrwxrwx 1 flux root  4172 May 17 22:32 log.8Mar18.reaxc.hns.g++.1
2023-05-18T07:44:03.964149311Z -rwxrwxrwx 1 flux root  4168 May 17 22:32 log.8Mar18.reaxc.hns.g++.4
2023-05-18T07:44:03.964160233Z
2023-05-18T07:44:03.964175540Z
2023-05-18T07:44:03.964180911Z âœ¨ Curve certificate generated by helper pod
2023-05-18T07:44:03.965605322Z #   ****  Generated on 2023-04-26 22:54:42 by CZMQ  ****
2023-05-18T07:44:03.965621821Z #   ZeroMQ CURVE **Secret** Certificate
2023-05-18T07:44:03.965627709Z #   DO NOT PROVIDE THIS FILE TO OTHER USERS nor change its permissions.
2023-05-18T07:44:03.965635045Z
2023-05-18T07:44:03.965641228Z metadata
2023-05-18T07:44:03.965646705Z     name = "flux-cert-generator"
2023-05-18T07:44:03.965651749Z     keygen.hostname = "flux-sample-0"
2023-05-18T07:44:03.965656372Z curve
2023-05-18T07:44:03.965661274Z     public-key = "m!}YS:C{ZzTxozEd0+eaG)(zElFGAm}ebfxjgX:1"
2023-05-18T07:44:03.965665763Z     secret-key = "5]A)O{VPqBYuMfWGWd%JYtOMA>%i8/&8A:BJeSZ}"
2023-05-18T07:44:03.967973026Z
2023-05-18T07:44:03.967992366Z ðŸŒ€  flux start --wrap=strace,-e,network,-tt -o --config /etc/flux/config -Scron.directory=/etc/flux/system/cron.d   -Stbon.fanout=256   -Srundir=/run/flux    -Sstatedir=/var/lib/flux   -Slocal-uri=local:///run/flux/local -Stbon.connect_timeout=3s  -Stbon.zmqdebug=1  -Slog-stderr-level=6    -Slog-stderr-mode=local
2023-05-18T07:44:04.013428438Z 07:44:04.012950 socket(AF_NETLINK, SOCK_RAW, NETLINK_ROUTE) = 8
2023-05-18T07:44:04.013593604Z 07:44:04.013375 bind(8, {sa_family=AF_NETLINK, nl_pid=0, nl_groups=00000000}, 12) = 0
2023-05-18T07:44:04.013747101Z 07:44:04.013556 getsockname(8, {sa_family=AF_NETLINK, nl_pid=70, nl_groups=00000000}, [12]) = 0
2023-05-18T07:44:04.014191618Z 07:44:04.013718 sendto(8, {{len=20, type=RTM_GETADDR, flags=NLM_F_REQUEST|NLM_F_DUMP, seq=1684395844, pid=0}, {ifa_family=AF_UNSPEC, ...}}, 20, 0, {sa_family=AF_NETLINK, nl_pid=0, nl_groups=00000000}, 12) = 20
2023-05-18T07:44:04.014654031Z 07:44:04.014095 recvmsg(8, {msg_name={sa_family=AF_NETLINK, nl_pid=0, nl_groups=00000000}, msg_namelen=12, msg_iov=[{iov_base=[{{len=76, type=RTM_NEWADDR, flags=NLM_F_MULTI, seq=1684395844, pid=70}, {ifa_family=AF_INET, ifa_prefixlen=8, ifa_flags=IFA_F_PERMANENT, ifa_scope=RT_SCOPE_HOST, ifa_index=if_nametoindex("lo")}, [{{nla_len=8, nla_type=IFA_ADDRESS}, 127.0.0.1}, {{nla_len=8, nla_type=IFA_LOCAL}, 127.0.0.1}, {{nla_len=7, nla_type=IFA_LABEL}, "lo"}, {{nla_len=8, nla_type=IFA_FLAGS}, IFA_F_PERMANENT}, {{nla_len=20, nla_type=IFA_CACHEINFO}, {ifa_prefered=4294967295, ifa_valid=4294967295, cstamp=158638, tstamp=158638}}]}, {{len=88, type=RTM_NEWADDR, flags=NLM_F_MULTI, seq=1684395844, pid=70}, {ifa_family=AF_INET, ifa_prefixlen=24, ifa_flags=IFA_F_PERMANENT, ifa_scope=RT_SCOPE_UNIVERSE, ifa_index=if_nametoindex("eth0")}, [{{nla_len=8, nla_type=IFA_ADDRESS}, 10.24.3.54}, {{nla_len=8, nla_type=IFA_LOCAL}, 10.24.3.54}, {{nla_len=8, nla_type=IFA_BROADCAST}, 10.24.3.255}, {{nla_len=9, nla_type=IFA_LABEL}, "eth0"}, {{nla_len=8, nla_type=IFA_FLAGS}, IFA_F_PERMANENT}, {{nla_len=20, nla_type=IFA_CACHEINFO}, {ifa_prefered=4294967295, ifa_valid=4294967295, cstamp=158641, tstamp=158641}}]}], iov_len=4096}], msg_iovlen=1, msg_controllen=0, msg_flags=0}, 0) = 164
2023-05-18T07:44:04.014815171Z 07:44:04.014525 recvmsg(8, {msg_name={sa_family=AF_NETLINK, nl_pid=0, nl_groups=00000000}, msg_namelen=12, msg_iov=[{iov_base={{len=20, type=NLMSG_DONE, flags=NLM_F_MULTI, seq=1684395844, pid=70}, 0}, iov_len=4096}], msg_iovlen=1, msg_controllen=0, msg_flags=0}, 0) = 20
2023-05-18T07:44:04.015499707Z 07:44:04.015299 socket(AF_UNIX, SOCK_STREAM|SOCK_CLOEXEC|SOCK_NONBLOCK, 0) = 8
2023-05-18T07:44:04.015672618Z 07:44:04.015459 connect(8, {sa_family=AF_UNIX, sun_path="/var/run/nscd/socket"}, 110) = -1 ENOENT (No such file or directory)
2023-05-18T07:44:04.016026875Z 07:44:04.015742 socket(AF_UNIX, SOCK_STREAM|SOCK_CLOEXEC|SOCK_NONBLOCK, 0) = 8
2023-05-18T07:44:04.016041124Z 07:44:04.015845 connect(8, {sa_family=AF_UNIX, sun_path="/var/run/nscd/socket"}, 110) = -1 ENOENT (No such file or directory)
2023-05-18T07:44:04.018437404Z 07:44:04.018254 socket(AF_INET, SOCK_DGRAM|SOCK_CLOEXEC|SOCK_NONBLOCK, IPPROTO_IP) = 8
2023-05-18T07:44:04.018656799Z 07:44:04.018443 connect(8, {sa_family=AF_INET, sin_port=htons(53), sin_addr=inet_addr("169.254.169.254")}, 16) = 0
2023-05-18T07:44:04.019282489Z 07:44:04.018632 sendto(8, "\270\367\1\0\0\1\0\0\0\0\0\0\rflux-sample-0\fflux-"..., 76, MSG_NOSIGNAL, NULL, 0) = 76
2023-05-18T07:44:04.023140842Z 07:44:04.022830 recvfrom(8, "\270\367\201\200\0\1\0\1\0\0\0\0\rflux-sample-0\fflux-"..., 1024, 0, {sa_family=AF_INET, sin_port=htons(53), sin_addr=inet_addr("169.254.169.254")}, [28->16]) = 92
2023-05-18T07:44:04.029460720Z broker.info[2]: start: none->join 1.94085ms
2023-05-18T07:44:07.210847817Z broker.info[2]: parent-ready: join->init 3.18103s
2023-05-18T07:44:07.211235731Z 07:44:07.210842 socketpair(AF_UNIX, SOCK_STREAM|SOCK_CLOEXEC, 0, [22, 23]) = 0
2023-05-18T07:44:07.211257707Z 07:44:07.211024 socketpair(AF_UNIX, SOCK_STREAM, 0, [24, 25]) = 0
2023-05-18T07:44:07.211610435Z 07:44:07.211298 socketpair(AF_UNIX, SOCK_STREAM, 0, [26, 27]) = 0
2023-05-18T07:44:07.212006911Z 07:44:07.211605 socketpair(AF_UNIX, SOCK_STREAM, 0, [28, 29]) = 0
2023-05-18T07:44:07.240135251Z broker.info[2]: configuration updated
2023-05-18T07:44:07.362857994Z broker.info[2]: rc1.0: running /etc/flux/rc1.d/01-sched-fluxion
2023-05-18T07:44:07.375519601Z broker.info[2]: rc1.0: running /etc/flux/rc1.d/02-cron
2023-05-18T07:44:07.410890488Z broker.info[2]: rc1.0: /etc/flux/rc1 Exited (rc=0) 0.2s
2023-05-18T07:44:07.411573128Z broker.info[2]: rc1-success: init->quorum 0.200573s
2023-05-18T07:44:08.454664787Z broker.info[2]: quorum-full: quorum->run 1.04263s
2023-05-18T07:44:19.121686700Z broker.info[2]: shutdown: run->cleanup 10.6666s
2023-05-18T07:44:19.123099586Z broker.info[2]: cleanup-none: cleanup->shutdown 1.01963ms
2023-05-18T07:44:19.124367720Z broker.info[2]: children-none: shutdown->finalize 1.00993ms
2023-05-18T07:44:19.124977143Z 07:44:19.124543 socketpair(AF_UNIX, SOCK_STREAM|SOCK_CLOEXEC, 0, [22, 23]) = 0
2023-05-18T07:44:19.125139675Z 07:44:19.124852 socketpair(AF_UNIX, SOCK_STREAM, 0, [24, 25]) = 0
2023-05-18T07:44:19.125562518Z 07:44:19.125167 socketpair(AF_UNIX, SOCK_STREAM, 0, [26, 28]) = 0
2023-05-18T07:44:19.125864121Z 07:44:19.125453 socketpair(AF_UNIX, SOCK_STREAM, 0, [58, 59]) = 0
2023-05-18T07:44:19.144216407Z broker.info[2]: rc3.0: running /etc/flux/rc3.d/01-sched-fluxion
2023-05-18T07:44:19.278137666Z broker.info[2]: rc3.0: /etc/flux/rc3 Exited (rc=0) 0.1s
2023-05-18T07:44:19.278682952Z broker.info[2]: rc3-success: finalize->goodbye 0.153987s
2023-05-18T07:44:19.280261430Z broker.info[2]: goodbye: goodbye->exit 1.26106ms
2023-05-18T07:44:19.288567969Z 07:44:19.288361 +++ exited with 0 +++
2023-05-18T07:44:19.290141043Z Return value for follower worker is 0
2023-05-18T07:44:19.290281176Z The follower worker exited cleanly. Goodbye!
