2023-05-18T12:27:29.663367336Z
2023-05-18T12:27:29.663748316Z Flux username: flux
2023-05-18T12:27:29.663758716Z
2023-05-18T12:27:29.663764647Z Flux install root: /usr
2023-05-18T12:27:29.711395905Z flux user is already added.
2023-05-18T12:27:29.714354052Z flux user identifiers:
2023-05-18T12:27:29.714379456Z uid=1234(flux) gid=1234(flux) groups=1234(flux)
2023-05-18T12:27:29.714520145Z
2023-05-18T12:27:29.714533789Z As Flux prefix for flux commands: sudo -u flux -E PYTHONPATH=/opt/conda/lib/python3.10/site-packages -E PATH=/opt/conda/bin:/usr/local/sbin:/usr/local/bin:/usr/sbin:/usr/bin:/sbin:/bin -E LD_LIBRARY_PATH=/opt/conda/lib -E HOME=/home/flux
2023-05-18T12:27:29.723842729Z
2023-05-18T12:27:29.723874845Z 👋 Hello, I'm flux-sample-1
2023-05-18T12:27:29.724031955Z The main host is flux-sample-0
2023-05-18T12:27:29.724043808Z The working directory is /home/flux/examples/reaxff/HNS, contents include:
2023-05-18T12:27:29.725780261Z /home/flux/examples/reaxff/HNS:
2023-05-18T12:27:29.725885677Z README.txt	ffield.reax.hns  log.8Mar18.reaxc.hns.g++.1
2023-05-18T12:27:29.725909801Z data.hns-equil	in.reaxc.hns	 log.8Mar18.reaxc.hns.g++.4
2023-05-18T12:27:29.726127397Z End of file listing, if you see nothing above there are no files.
2023-05-18T12:27:29.727865939Z flux R encode --hosts=flux-sample-[0-3]
2023-05-18T12:27:29.742241656Z
2023-05-18T12:27:29.742271597Z 📦 Resources
2023-05-18T12:27:29.743795499Z {"version": 1, "execution": {"R_lite": [{"rank": "0-3", "children": {"core": "0"}}], "starttime": 0.0, "expiration": 0.0, "nodelist": ["flux-sample-[0-3]"]}}
2023-05-18T12:27:29.744069734Z
2023-05-18T12:27:29.744089126Z 🐸 Diagnostics: false
2023-05-18T12:27:29.744369704Z 🚩️ Flux Option Flags defined
2023-05-18T12:27:29.749441631Z
2023-05-18T12:27:29.749465543Z 🦊 Independent Minister of Privilege
2023-05-18T12:27:29.750749891Z [exec]
2023-05-18T12:27:29.750766023Z allowed-users = [ "flux", "root" ]
2023-05-18T12:27:29.750772611Z allowed-shells = [ "/usr/libexec/flux/flux-shell" ]
2023-05-18T12:27:29.751017242Z
2023-05-18T12:27:29.751031584Z 🐸 Broker Configuration
2023-05-18T12:27:29.752351566Z # Flux needs to know the path to the IMP executable
2023-05-18T12:27:29.752367724Z [exec]
2023-05-18T12:27:29.752373274Z imp = "/usr/libexec/flux/flux-imp"
2023-05-18T12:27:29.752380077Z
2023-05-18T12:27:29.752386436Z [access]
2023-05-18T12:27:29.752392626Z allow-guest-user = true
2023-05-18T12:27:29.752397173Z allow-root-owner = true
2023-05-18T12:27:29.752401997Z
2023-05-18T12:27:29.752406865Z # Point to resource definition generated with flux-R(1).
2023-05-18T12:27:29.752411749Z [resource]
2023-05-18T12:27:29.752416764Z path = "/etc/flux/system/R"
2023-05-18T12:27:29.752423249Z
2023-05-18T12:27:29.752433669Z [bootstrap]
2023-05-18T12:27:29.752439230Z curve_cert = "/etc/curve/curve.cert"
2023-05-18T12:27:29.752444886Z default_port = 8050
2023-05-18T12:27:29.752449737Z default_bind = "tcp://eth0:%p"
2023-05-18T12:27:29.752455195Z default_connect = "tcp://%h.flux-service.flux-operator.svc.cluster.local:%p"
2023-05-18T12:27:29.752459889Z hosts = [
2023-05-18T12:27:29.752464465Z 	{ host="flux-sample-[0-3]"},
2023-05-18T12:27:29.752471442Z ]
2023-05-18T12:27:29.752476691Z
2023-05-18T12:27:29.752481458Z [archive]
2023-05-18T12:27:29.752486310Z dbpath = "/var/lib/flux/job-archive.sqlite"
2023-05-18T12:27:29.752491073Z period = "1m"
2023-05-18T12:27:29.839210644Z busytimeout = "50s"
2023-05-18T12:27:29.839237412Z 🧊️ State Directory:
2023-05-18T12:27:29.839243748Z total 0
2023-05-18T12:27:29.839248753Z
2023-05-18T12:27:29.842660250Z
2023-05-18T12:27:29.842687973Z 🔒️ Working directory permissions:
2023-05-18T12:27:29.842694102Z total 96
2023-05-18T12:27:29.842711394Z -rwxrwxrwx 1 flux root  2517 May 17 22:32 README.txt
2023-05-18T12:27:29.842790460Z -rwxrwxrwx 1 flux root 54692 May 17 22:32 data.hns-equil
2023-05-18T12:27:29.842799945Z -rwxrwxrwx 1 flux root 13576 May 17 22:32 ffield.reax.hns
2023-05-18T12:27:29.842816474Z -rwxrwxrwx 1 flux root   870 May 17 22:32 in.reaxc.hns
2023-05-18T12:27:29.842822500Z -rwxrwxrwx 1 flux root  4172 May 17 22:32 log.8Mar18.reaxc.hns.g++.1
2023-05-18T12:27:29.842827581Z -rwxrwxrwx 1 flux root  4168 May 17 22:32 log.8Mar18.reaxc.hns.g++.4
2023-05-18T12:27:29.842834127Z
2023-05-18T12:27:29.842914043Z
2023-05-18T12:27:29.842924091Z ✨ Curve certificate generated by helper pod
2023-05-18T12:27:29.844460817Z #   ****  Generated on 2023-04-26 22:54:42 by CZMQ  ****
2023-05-18T12:27:29.844478759Z #   ZeroMQ CURVE **Secret** Certificate
2023-05-18T12:27:29.844484516Z #   DO NOT PROVIDE THIS FILE TO OTHER USERS nor change its permissions.
2023-05-18T12:27:29.844489466Z
2023-05-18T12:27:29.844494318Z metadata
2023-05-18T12:27:29.844499497Z     name = "flux-cert-generator"
2023-05-18T12:27:29.844506672Z     keygen.hostname = "flux-sample-0"
2023-05-18T12:27:29.844512586Z curve
2023-05-18T12:27:29.844517426Z     public-key = "y:Z{l){e2I9**.RZm2-dh[=raUi746qRiv8j?$S8"
2023-05-18T12:27:29.844522237Z     secret-key = "ZQlb8b:<)v{d0rwwxgbKdG>S.9w(0hnG-wxm6X0$"
2023-05-18T12:27:29.846959135Z
2023-05-18T12:27:29.846982432Z 🌀  flux start --wrap=strace,-e,network,-tt -o --config /etc/flux/config -Scron.directory=/etc/flux/system/cron.d   -Stbon.fanout=256   -Srundir=/run/flux    -Sstatedir=/var/lib/flux   -Slocal-uri=local:///run/flux/local -Stbon.connect_timeout=1s  -Stbon.zmqdebug=1  -Slog-stderr-level=6    -Slog-stderr-mode=local
2023-05-18T12:27:29.886008916Z 12:27:29.885486 socket(AF_NETLINK, SOCK_RAW, NETLINK_ROUTE) = 8
2023-05-18T12:27:29.886111422Z 12:27:29.885751 bind(8, {sa_family=AF_NETLINK, nl_pid=0, nl_groups=00000000}, 12) = 0
2023-05-18T12:27:29.886122424Z 12:27:29.885875 getsockname(8, {sa_family=AF_NETLINK, nl_pid=70, nl_groups=00000000}, [12]) = 0
2023-05-18T12:27:29.886506043Z 12:27:29.886016 sendto(8, {{len=20, type=RTM_GETADDR, flags=NLM_F_REQUEST|NLM_F_DUMP, seq=1684412849, pid=0}, {ifa_family=AF_UNSPEC, ...}}, 20, 0, {sa_family=AF_NETLINK, nl_pid=0, nl_groups=00000000}, 12) = 20
2023-05-18T12:27:29.886851295Z 12:27:29.886354 recvmsg(8, {msg_name={sa_family=AF_NETLINK, nl_pid=0, nl_groups=00000000}, msg_namelen=12, msg_iov=[{iov_base=[{{len=76, type=RTM_NEWADDR, flags=NLM_F_MULTI, seq=1684412849, pid=70}, {ifa_family=AF_INET, ifa_prefixlen=8, ifa_flags=IFA_F_PERMANENT, ifa_scope=RT_SCOPE_HOST, ifa_index=if_nametoindex("lo")}, [{{nla_len=8, nla_type=IFA_ADDRESS}, 127.0.0.1}, {{nla_len=8, nla_type=IFA_LOCAL}, 127.0.0.1}, {{nla_len=7, nla_type=IFA_LABEL}, "lo"}, {{nla_len=8, nla_type=IFA_FLAGS}, IFA_F_PERMANENT}, {{nla_len=20, nla_type=IFA_CACHEINFO}, {ifa_prefered=4294967295, ifa_valid=4294967295, cstamp=1859216, tstamp=1859216}}]}, {{len=88, type=RTM_NEWADDR, flags=NLM_F_MULTI, seq=1684412849, pid=70}, {ifa_family=AF_INET, ifa_prefixlen=24, ifa_flags=IFA_F_PERMANENT, ifa_scope=RT_SCOPE_UNIVERSE, ifa_index=if_nametoindex("eth0")}, [{{nla_len=8, nla_type=IFA_ADDRESS}, 10.24.3.243}, {{nla_len=8, nla_type=IFA_LOCAL}, 10.24.3.243}, {{nla_len=8, nla_type=IFA_BROADCAST}, 10.24.3.255}, {{nla_len=9, nla_type=IFA_LABEL}, "eth0"}, {{nla_len=8, nla_type=IFA_FLAGS}, IFA_F_PERMANENT}, {{nla_len=20, nla_type=IFA_CACHEINFO}, {ifa_prefered=4294967295, ifa_valid=4294967295, cstamp=1859219, tstamp=1859219}}]}], iov_len=4096}], msg_iovlen=1, msg_controllen=0, msg_flags=0}, 0) = 164
2023-05-18T12:27:29.887004274Z 12:27:29.886806 recvmsg(8, {msg_name={sa_family=AF_NETLINK, nl_pid=0, nl_groups=00000000}, msg_namelen=12, msg_iov=[{iov_base={{len=20, type=NLMSG_DONE, flags=NLM_F_MULTI, seq=1684412849, pid=70}, 0}, iov_len=4096}], msg_iovlen=1, msg_controllen=0, msg_flags=0}, 0) = 20
2023-05-18T12:27:29.887807874Z 12:27:29.887617 socket(AF_UNIX, SOCK_STREAM|SOCK_CLOEXEC|SOCK_NONBLOCK, 0) = 8
2023-05-18T12:27:29.887881773Z 12:27:29.887717 connect(8, {sa_family=AF_UNIX, sun_path="/var/run/nscd/socket"}, 110) = -1 ENOENT (No such file or directory)
2023-05-18T12:27:29.887995629Z 12:27:29.887892 socket(AF_UNIX, SOCK_STREAM|SOCK_CLOEXEC|SOCK_NONBLOCK, 0) = 8
2023-05-18T12:27:29.888132460Z 12:27:29.887987 connect(8, {sa_family=AF_UNIX, sun_path="/var/run/nscd/socket"}, 110) = -1 ENOENT (No such file or directory)
2023-05-18T12:27:29.890036599Z 12:27:29.889767 socket(AF_INET, SOCK_DGRAM|SOCK_CLOEXEC|SOCK_NONBLOCK, IPPROTO_IP) = 8
2023-05-18T12:27:29.890076155Z 12:27:29.889857 connect(8, {sa_family=AF_INET, sin_port=htons(53), sin_addr=inet_addr("169.254.169.254")}, 16) = 0
2023-05-18T12:27:29.890503937Z 12:27:29.890029 sendto(8, "\367\247\1\0\0\1\0\0\0\0\0\0\rflux-sample-0\fflux-"..., 76, MSG_NOSIGNAL, NULL, 0) = 76
2023-05-18T12:27:29.894636897Z 12:27:29.894363 recvfrom(8, "\367\247\201\203\0\1\0\0\0\1\0\0\rflux-sample-0\fflux-"..., 1024, 0, {sa_family=AF_INET, sin_port=htons(53), sin_addr=inet_addr("169.254.169.254")}, [28->16]) = 172
2023-05-18T12:27:29.894784793Z 12:27:29.894663 socket(AF_INET, SOCK_DGRAM|SOCK_CLOEXEC|SOCK_NONBLOCK, IPPROTO_IP) = 8
2023-05-18T12:27:29.895105257Z 12:27:29.894833 connect(8, {sa_family=AF_INET, sin_port=htons(53), sin_addr=inet_addr("169.254.169.254")}, 16) = 0
2023-05-18T12:27:29.895562548Z 12:27:29.895196 sendto(8, "\346`\1\0\0\1\0\0\0\0\0\0\rflux-sample-0\fflux-"..., 108, MSG_NOSIGNAL, NULL, 0) = 108
2023-05-18T12:27:29.899424790Z 12:27:29.899168 recvfrom(8, "\346`\201\203\0\1\0\0\0\1\0\0\rflux-sample-0\fflux-"..., 1024, 0, {sa_family=AF_INET, sin_port=htons(53), sin_addr=inet_addr("169.254.169.254")}, [28->16]) = 204
2023-05-18T12:27:29.899717355Z 12:27:29.899446 socket(AF_INET, SOCK_DGRAM|SOCK_CLOEXEC|SOCK_NONBLOCK, IPPROTO_IP) = 8
2023-05-18T12:27:29.899731893Z 12:27:29.899551 connect(8, {sa_family=AF_INET, sin_port=htons(53), sin_addr=inet_addr("169.254.169.254")}, 16) = 0
2023-05-18T12:27:29.899990707Z 12:27:29.899730 sendto(8, "\363K\1\0\0\1\0\0\0\0\0\0\rflux-sample-0\fflux-"..., 94, MSG_NOSIGNAL, NULL, 0) = 94
2023-05-18T12:27:29.903626625Z 12:27:29.903286 recvfrom(8, "\363K\201\203\0\1\0\0\0\1\0\0\rflux-sample-0\fflux-"..., 1024, 0, {sa_family=AF_INET, sin_port=htons(53), sin_addr=inet_addr("169.254.169.254")}, [28->16]) = 190
2023-05-18T12:27:29.903905118Z 12:27:29.903616 socket(AF_INET, SOCK_DGRAM|SOCK_CLOEXEC|SOCK_NONBLOCK, IPPROTO_IP) = 8
2023-05-18T12:27:29.903918345Z 12:27:29.903731 connect(8, {sa_family=AF_INET, sin_port=htons(53), sin_addr=inet_addr("169.254.169.254")}, 16) = 0
2023-05-18T12:27:29.904242678Z 12:27:29.903899 sendto(8, "W\303\1\0\0\1\0\0\0\0\0\0\rflux-sample-0\fflux-"..., 90, MSG_NOSIGNAL, NULL, 0) = 90
2023-05-18T12:27:29.907717143Z 12:27:29.907432 recvfrom(8, "W\303\201\203\0\1\0\0\0\1\0\0\rflux-sample-0\fflux-"..., 1024, 0, {sa_family=AF_INET, sin_port=htons(53), sin_addr=inet_addr("169.254.169.254")}, [28->16]) = 186
2023-05-18T12:27:29.907850565Z 12:27:29.907616 socket(AF_INET, SOCK_DGRAM|SOCK_CLOEXEC|SOCK_NONBLOCK, IPPROTO_IP) = 8
2023-05-18T12:27:29.907862559Z 12:27:29.907682 connect(8, {sa_family=AF_INET, sin_port=htons(53), sin_addr=inet_addr("169.254.169.254")}, 16) = 0
2023-05-18T12:27:29.908099715Z 12:27:29.907810 sendto(8, "\306\366\1\0\0\1\0\0\0\0\0\0\rflux-sample-0\fflux-"..., 111, MSG_NOSIGNAL, NULL, 0) = 111
2023-05-18T12:27:29.912604038Z 12:27:29.912319 recvfrom(8, "\306\366\201\203\0\1\0\0\0\1\0\0\rflux-sample-0\fflux-"..., 1024, 0, {sa_family=AF_INET, sin_port=htons(53), sin_addr=inet_addr("169.254.169.254")}, [28->16]) = 205
2023-05-18T12:27:29.912750255Z 12:27:29.912506 socket(AF_INET, SOCK_DGRAM|SOCK_CLOEXEC|SOCK_NONBLOCK, IPPROTO_IP) = 8
2023-05-18T12:27:29.912762169Z 12:27:29.912573 connect(8, {sa_family=AF_INET, sin_port=htons(53), sin_addr=inet_addr("169.254.169.254")}, 16) = 0
2023-05-18T12:27:29.912882522Z 12:27:29.912671 sendto(8, "\215\247\1\0\0\1\0\0\0\0\0\0\rflux-sample-0\fflux-"..., 97, MSG_NOSIGNAL, NULL, 0) = 97
2023-05-18T12:27:29.917555269Z 12:27:29.917246 recvfrom(8, "\215\247\201\203\0\1\0\0\0\1\0\0\rflux-sample-0\fflux-"..., 1024, 0, {sa_family=AF_INET, sin_port=htons(53), sin_addr=inet_addr("169.254.169.254")}, [28->16]) = 186
2023-05-18T12:27:29.917658114Z 12:27:29.917431 socket(AF_INET, SOCK_DGRAM|SOCK_CLOEXEC|SOCK_NONBLOCK, IPPROTO_IP) = 8
2023-05-18T12:27:29.917680284Z 12:27:29.917515 connect(8, {sa_family=AF_INET, sin_port=htons(53), sin_addr=inet_addr("169.254.169.254")}, 16) = 0
2023-05-18T12:27:29.917811801Z 12:27:29.917610 sendto(8, "\345m\1\0\0\1\0\0\0\0\0\0\rflux-sample-0\fflux-"..., 92, MSG_NOSIGNAL, NULL, 0) = 92
2023-05-18T12:27:29.922993834Z 12:27:29.922721 recvfrom(8, "\345m\201\203\0\1\0\0\0\1\0\0\rflux-sample-0\fflux-"..., 1024, 0, {sa_family=AF_INET, sin_port=htons(53), sin_addr=inet_addr("169.254.169.254")}, [28->16]) = 181
2023-05-18T12:27:29.923116420Z broker.err[1]: Warning: unable to resolve upstream peer flux-sample-0.flux-service.flux-operator.svc.cluster.local: Name or service not known
2023-05-18T12:27:29.928845984Z broker.info[1]: start: none->join 1.7073ms
2023-05-18T12:27:31.276426233Z broker.info[1]: parent-ready: join->init 1.34722s
2023-05-18T12:27:31.277520340Z 12:27:31.277145 socketpair(AF_UNIX, SOCK_STREAM|SOCK_CLOEXEC, 0, [22, 23]) = 0
2023-05-18T12:27:31.277923894Z 12:27:31.277317 socketpair(AF_UNIX, SOCK_STREAM, 0, [24, 25]) = 0
2023-05-18T12:27:31.278153096Z 12:27:31.277550 socketpair(AF_UNIX, SOCK_STREAM, 0, [26, 27]) = 0
2023-05-18T12:27:31.278334907Z 12:27:31.277761 socketpair(AF_UNIX, SOCK_STREAM, 0, [28, 29]) = 0
2023-05-18T12:27:31.306233206Z broker.info[1]: configuration updated
2023-05-18T12:27:31.444587810Z broker.info[1]: rc1.0: running /etc/flux/rc1.d/01-sched-fluxion
2023-05-18T12:27:31.456883288Z broker.info[1]: rc1.0: running /etc/flux/rc1.d/02-cron
2023-05-18T12:27:31.481030837Z broker.info[1]: rc1.0: /etc/flux/rc1 Exited (rc=0) 0.2s
2023-05-18T12:27:31.481878710Z broker.info[1]: rc1-success: init->quorum 0.204578s
2023-05-18T12:27:31.697283577Z broker.info[1]: quorum-full: quorum->run 0.214902s
2023-05-18T12:27:43.478593878Z broker.info[1]: shutdown: run->cleanup 11.7811s
2023-05-18T12:27:43.479714825Z broker.info[1]: cleanup-none: cleanup->shutdown 0.90925ms
2023-05-18T12:27:43.480864342Z broker.info[1]: children-none: shutdown->finalize 1.05106ms
2023-05-18T12:27:43.481632212Z 12:27:43.480931 socketpair(AF_UNIX, SOCK_STREAM|SOCK_CLOEXEC, 0, [22, 23]) = 0
2023-05-18T12:27:43.481693703Z 12:27:43.481149 socketpair(AF_UNIX, SOCK_STREAM, 0, [24, 25]) = 0
2023-05-18T12:27:43.482020030Z 12:27:43.481418 socketpair(AF_UNIX, SOCK_STREAM, 0, [26, 28]) = 0
2023-05-18T12:27:43.482047820Z 12:27:43.481692 socketpair(AF_UNIX, SOCK_STREAM, 0, [58, 59]) = 0
2023-05-18T12:27:43.500902324Z broker.info[1]: rc3.0: running /etc/flux/rc3.d/01-sched-fluxion
2023-05-18T12:27:43.638313476Z broker.info[1]: rc3.0: /etc/flux/rc3 Exited (rc=0) 0.2s
2023-05-18T12:27:43.639556651Z broker.info[1]: rc3-success: finalize->goodbye 0.158481s
2023-05-18T12:27:43.641679387Z broker.info[1]: goodbye: goodbye->exit 1.55368ms
2023-05-18T12:27:43.650564849Z 12:27:43.650317 +++ exited with 0 +++
2023-05-18T12:27:43.652153917Z Return value for follower worker is 0
2023-05-18T12:27:43.652264433Z The follower worker exited cleanly. Goodbye!
