2023-05-18T12:47:33.068236586Z
2023-05-18T12:47:33.068286455Z Flux username: flux
2023-05-18T12:47:33.068293774Z
2023-05-18T12:47:33.068298734Z Flux install root: /usr
2023-05-18T12:47:33.126177235Z flux user is already added.
2023-05-18T12:47:33.130418892Z flux user identifiers:
2023-05-18T12:47:33.130461747Z uid=1234(flux) gid=1234(flux) groups=1234(flux)
2023-05-18T12:47:33.131407463Z
2023-05-18T12:47:33.131435813Z As Flux prefix for flux commands: sudo -u flux -E PYTHONPATH=/opt/conda/lib/python3.10/site-packages -E PATH=/opt/conda/bin:/usr/local/sbin:/usr/local/bin:/usr/sbin:/usr/bin:/sbin:/bin -E LD_LIBRARY_PATH=/opt/conda/lib -E HOME=/home/flux
2023-05-18T12:47:33.140913408Z
2023-05-18T12:47:33.140949614Z ðŸ‘‹ Hello, I'm flux-sample-3
2023-05-18T12:47:33.141099112Z The main host is flux-sample-0
2023-05-18T12:47:33.141110232Z The working directory is /home/flux/examples/reaxff/HNS, contents include:
2023-05-18T12:47:33.142936509Z /home/flux/examples/reaxff/HNS:
2023-05-18T12:47:33.143122814Z README.txt	ffield.reax.hns  log.8Mar18.reaxc.hns.g++.1
2023-05-18T12:47:33.143135712Z data.hns-equil	in.reaxc.hns	 log.8Mar18.reaxc.hns.g++.4
2023-05-18T12:47:33.143243579Z End of file listing, if you see nothing above there are no files.
2023-05-18T12:47:33.145516436Z flux R encode --hosts=flux-sample-[0-3]
2023-05-18T12:47:33.164996721Z
2023-05-18T12:47:33.165017459Z ðŸ“¦ Resources
2023-05-18T12:47:33.166958775Z {"version": 1, "execution": {"R_lite": [{"rank": "0-3", "children": {"core": "0"}}], "starttime": 0.0, "expiration": 0.0, "nodelist": ["flux-sample-[0-3]"]}}
2023-05-18T12:47:33.167216977Z
2023-05-18T12:47:33.167233320Z ðŸ¸ Diagnostics: false
2023-05-18T12:47:33.167383693Z ðŸš©ï¸ Flux Option Flags defined
2023-05-18T12:47:33.171688452Z
2023-05-18T12:47:33.171710915Z ðŸ¦Š Independent Minister of Privilege
2023-05-18T12:47:33.172963649Z [exec]
2023-05-18T12:47:33.172980087Z allowed-users = [ "flux", "root" ]
2023-05-18T12:47:33.172990842Z allowed-shells = [ "/usr/libexec/flux/flux-shell" ]
2023-05-18T12:47:33.173171413Z
2023-05-18T12:47:33.173184329Z ðŸ¸ Broker Configuration
2023-05-18T12:47:33.174518139Z # Flux needs to know the path to the IMP executable
2023-05-18T12:47:33.174536516Z [exec]
2023-05-18T12:47:33.174543252Z imp = "/usr/libexec/flux/flux-imp"
2023-05-18T12:47:33.174547781Z
2023-05-18T12:47:33.174552380Z [access]
2023-05-18T12:47:33.174558286Z allow-guest-user = true
2023-05-18T12:47:33.174562871Z allow-root-owner = true
2023-05-18T12:47:33.174569246Z
2023-05-18T12:47:33.174575509Z # Point to resource definition generated with flux-R(1).
2023-05-18T12:47:33.174594866Z [resource]
2023-05-18T12:47:33.174600386Z path = "/etc/flux/system/R"
2023-05-18T12:47:33.174605192Z
2023-05-18T12:47:33.174610186Z [bootstrap]
2023-05-18T12:47:33.174615281Z curve_cert = "/etc/curve/curve.cert"
2023-05-18T12:47:33.174622807Z default_port = 8050
2023-05-18T12:47:33.174629719Z default_bind = "tcp://eth0:%p"
2023-05-18T12:47:33.174635377Z default_connect = "tcp://%h.flux-service.flux-operator.svc.cluster.local:%p"
2023-05-18T12:47:33.174640380Z hosts = [
2023-05-18T12:47:33.174645056Z 	{ host="flux-sample-[0-3]"},
2023-05-18T12:47:33.174692212Z ]
2023-05-18T12:47:33.174701258Z
2023-05-18T12:47:33.174707229Z [archive]
2023-05-18T12:47:33.174712168Z dbpath = "/var/lib/flux/job-archive.sqlite"
2023-05-18T12:47:33.174717120Z period = "1m"
2023-05-18T12:47:33.284555414Z busytimeout = "50s"
2023-05-18T12:47:33.284583914Z ðŸ§Šï¸ State Directory:
2023-05-18T12:47:33.284589493Z total 0
2023-05-18T12:47:33.284595494Z
2023-05-18T12:47:33.288649223Z
2023-05-18T12:47:33.288711888Z ðŸ”’ï¸ Working directory permissions:
2023-05-18T12:47:33.288717829Z total 96
2023-05-18T12:47:33.288725877Z -rwxrwxrwx 1 flux root  2517 May 17 22:32 README.txt
2023-05-18T12:47:33.288732269Z -rwxrwxrwx 1 flux root 54692 May 17 22:32 data.hns-equil
2023-05-18T12:47:33.288737947Z -rwxrwxrwx 1 flux root 13576 May 17 22:32 ffield.reax.hns
2023-05-18T12:47:33.288742838Z -rwxrwxrwx 1 flux root   870 May 17 22:32 in.reaxc.hns
2023-05-18T12:47:33.288765784Z -rwxrwxrwx 1 flux root  4172 May 17 22:32 log.8Mar18.reaxc.hns.g++.1
2023-05-18T12:47:33.288772054Z -rwxrwxrwx 1 flux root  4168 May 17 22:32 log.8Mar18.reaxc.hns.g++.4
2023-05-18T12:47:33.288778598Z
2023-05-18T12:47:33.288785112Z
2023-05-18T12:47:33.288790653Z âœ¨ Curve certificate generated by helper pod
2023-05-18T12:47:33.290230810Z #   ****  Generated on 2023-04-26 22:54:42 by CZMQ  ****
2023-05-18T12:47:33.290278560Z #   ZeroMQ CURVE **Secret** Certificate
2023-05-18T12:47:33.290286310Z #   DO NOT PROVIDE THIS FILE TO OTHER USERS nor change its permissions.
2023-05-18T12:47:33.290291269Z
2023-05-18T12:47:33.290298593Z metadata
2023-05-18T12:47:33.290304624Z     name = "flux-cert-generator"
2023-05-18T12:47:33.290309728Z     keygen.hostname = "flux-sample-0"
2023-05-18T12:47:33.290314571Z curve
2023-05-18T12:47:33.290319703Z     public-key = ":LIhvTaQMS@rkuy^@-U)5bivbQoHme0.M{*YTgJS"
2023-05-18T12:47:33.290324532Z     secret-key = "pn3!acE@lQT^N*F?:yDZB@ujKzKc>GVQ[y+q0#WE"
2023-05-18T12:47:33.294639429Z
2023-05-18T12:47:33.295490642Z ðŸŒ€  flux start --wrap=strace,-e,network,-tt -o --config /etc/flux/config -Scron.directory=/etc/flux/system/cron.d   -Stbon.fanout=256   -Srundir=/run/flux    -Sstatedir=/var/lib/flux   -Slocal-uri=local:///run/flux/local -Stbon.connect_timeout=4s  -Stbon.zmqdebug=1  -Slog-stderr-level=6    -Slog-stderr-mode=local
2023-05-18T12:47:33.334787290Z 12:47:33.334498 socket(AF_NETLINK, SOCK_RAW, NETLINK_ROUTE) = 8
2023-05-18T12:47:33.334848879Z 12:47:33.334608 bind(8, {sa_family=AF_NETLINK, nl_pid=0, nl_groups=00000000}, 12) = 0
2023-05-18T12:47:33.335140539Z 12:47:33.334878 getsockname(8, {sa_family=AF_NETLINK, nl_pid=71, nl_groups=00000000}, [12]) = 0
2023-05-18T12:47:33.335547361Z 12:47:33.335248 sendto(8, {{len=20, type=RTM_GETADDR, flags=NLM_F_REQUEST|NLM_F_DUMP, seq=1684414053, pid=0}, {ifa_family=AF_UNSPEC, ...}}, 20, 0, {sa_family=AF_NETLINK, nl_pid=0, nl_groups=00000000}, 12) = 20
2023-05-18T12:47:33.336217667Z 12:47:33.335618 recvmsg(8, {msg_name={sa_family=AF_NETLINK, nl_pid=0, nl_groups=00000000}, msg_namelen=12, msg_iov=[{iov_base=[{{len=76, type=RTM_NEWADDR, flags=NLM_F_MULTI, seq=1684414053, pid=71}, {ifa_family=AF_INET, ifa_prefixlen=8, ifa_flags=IFA_F_PERMANENT, ifa_scope=RT_SCOPE_HOST, ifa_index=if_nametoindex("lo")}, [{{nla_len=8, nla_type=IFA_ADDRESS}, 127.0.0.1}, {{nla_len=8, nla_type=IFA_LOCAL}, 127.0.0.1}, {{nla_len=7, nla_type=IFA_LABEL}, "lo"}, {{nla_len=8, nla_type=IFA_FLAGS}, IFA_F_PERMANENT}, {{nla_len=20, nla_type=IFA_CACHEINFO}, {ifa_prefered=4294967295, ifa_valid=4294967295, cstamp=1979589, tstamp=1979589}}]}, {{len=88, type=RTM_NEWADDR, flags=NLM_F_MULTI, seq=1684414053, pid=71}, {ifa_family=AF_INET, ifa_prefixlen=24, ifa_flags=IFA_F_PERMANENT, ifa_scope=RT_SCOPE_UNIVERSE, ifa_index=if_nametoindex("eth0")}, [{{nla_len=8, nla_type=IFA_ADDRESS}, 10.24.2.124}, {{nla_len=8, nla_type=IFA_LOCAL}, 10.24.2.124}, {{nla_len=8, nla_type=IFA_BROADCAST}, 10.24.2.255}, {{nla_len=9, nla_type=IFA_LABEL}, "eth0"}, {{nla_len=8, nla_type=IFA_FLAGS}, IFA_F_PERMANENT}, {{nla_len=20, nla_type=IFA_CACHEINFO}, {ifa_prefered=4294967295, ifa_valid=4294967295, cstamp=1979592, tstamp=1979592}}]}], iov_len=4096}], msg_iovlen=1, msg_controllen=0, msg_flags=0}, 0) = 164
2023-05-18T12:47:33.336339104Z 12:47:33.336054 recvmsg(8, {msg_name={sa_family=AF_NETLINK, nl_pid=0, nl_groups=00000000}, msg_namelen=12, msg_iov=[{iov_base={{len=20, type=NLMSG_DONE, flags=NLM_F_MULTI, seq=1684414053, pid=71}, 0}, iov_len=4096}], msg_iovlen=1, msg_controllen=0, msg_flags=0}, 0) = 20
2023-05-18T12:47:33.336952696Z 12:47:33.336749 socket(AF_UNIX, SOCK_STREAM|SOCK_CLOEXEC|SOCK_NONBLOCK, 0) = 8
2023-05-18T12:47:33.337111720Z 12:47:33.336816 connect(8, {sa_family=AF_UNIX, sun_path="/var/run/nscd/socket"}, 110) = -1 ENOENT (No such file or directory)
2023-05-18T12:47:33.337123482Z 12:47:33.336928 socket(AF_UNIX, SOCK_STREAM|SOCK_CLOEXEC|SOCK_NONBLOCK, 0) = 8
2023-05-18T12:47:33.337250575Z 12:47:33.336981 connect(8, {sa_family=AF_UNIX, sun_path="/var/run/nscd/socket"}, 110) = -1 ENOENT (No such file or directory)
2023-05-18T12:47:33.338869041Z 12:47:33.338350 socket(AF_INET, SOCK_DGRAM|SOCK_CLOEXEC|SOCK_NONBLOCK, IPPROTO_IP) = 8
2023-05-18T12:47:33.338888545Z 12:47:33.338428 connect(8, {sa_family=AF_INET, sin_port=htons(53), sin_addr=inet_addr("169.254.169.254")}, 16) = 0
2023-05-18T12:47:33.338903387Z 12:47:33.338561 sendto(8, "\233\211\1\0\0\1\0\0\0\0\0\0\rflux-sample-0\fflux-"..., 76, MSG_NOSIGNAL, NULL, 0) = 76
2023-05-18T12:47:33.342896878Z 12:47:33.342640 recvfrom(8, "\233\211\201\203\0\1\0\0\0\1\0\0\rflux-sample-0\fflux-"..., 1024, 0, {sa_family=AF_INET, sin_port=htons(53), sin_addr=inet_addr("169.254.169.254")}, [28->16]) = 172
2023-05-18T12:47:33.343279296Z 12:47:33.342876 socket(AF_INET, SOCK_DGRAM|SOCK_CLOEXEC|SOCK_NONBLOCK, IPPROTO_IP) = 8
2023-05-18T12:47:33.343290764Z 12:47:33.342953 connect(8, {sa_family=AF_INET, sin_port=htons(53), sin_addr=inet_addr("169.254.169.254")}, 16) = 0
2023-05-18T12:47:33.343296037Z 12:47:33.343057 sendto(8, "\226p\1\0\0\1\0\0\0\0\0\0\rflux-sample-0\fflux-"..., 108, MSG_NOSIGNAL, NULL, 0) = 108
2023-05-18T12:47:33.347356137Z 12:47:33.346718 recvfrom(8, "\226p\201\203\0\1\0\0\0\1\0\0\rflux-sample-0\fflux-"..., 1024, 0, {sa_family=AF_INET, sin_port=htons(53), sin_addr=inet_addr("169.254.169.254")}, [28->16]) = 204
2023-05-18T12:47:33.347398866Z 12:47:33.346926 socket(AF_INET, SOCK_DGRAM|SOCK_CLOEXEC|SOCK_NONBLOCK, IPPROTO_IP) = 8
2023-05-18T12:47:33.347406463Z 12:47:33.347012 connect(8, {sa_family=AF_INET, sin_port=htons(53), sin_addr=inet_addr("169.254.169.254")}, 16) = 0
2023-05-18T12:47:33.347431863Z 12:47:33.347133 sendto(8, "\256\222\1\0\0\1\0\0\0\0\0\0\rflux-sample-0\fflux-"..., 94, MSG_NOSIGNAL, NULL, 0) = 94
2023-05-18T12:47:33.351081134Z 12:47:33.350622 recvfrom(8, "\256\222\201\203\0\1\0\0\0\1\0\0\rflux-sample-0\fflux-"..., 1024, 0, {sa_family=AF_INET, sin_port=htons(53), sin_addr=inet_addr("169.254.169.254")}, [28->16]) = 190
2023-05-18T12:47:33.351187819Z 12:47:33.350843 socket(AF_INET, SOCK_DGRAM|SOCK_CLOEXEC|SOCK_NONBLOCK, IPPROTO_IP) = 8
2023-05-18T12:47:33.351200417Z 12:47:33.350919 connect(8, {sa_family=AF_INET, sin_port=htons(53), sin_addr=inet_addr("169.254.169.254")}, 16) = 0
2023-05-18T12:47:33.351289417Z 12:47:33.351049 sendto(8, "%\374\1\0\0\1\0\0\0\0\0\0\rflux-sample-0\fflux-"..., 90, MSG_NOSIGNAL, NULL, 0) = 90
2023-05-18T12:47:33.355339520Z 12:47:33.354669 recvfrom(8, "%\374\201\203\0\1\0\0\0\1\0\0\rflux-sample-0\fflux-"..., 1024, 0, {sa_family=AF_INET, sin_port=htons(53), sin_addr=inet_addr("169.254.169.254")}, [28->16]) = 186
2023-05-18T12:47:33.355738132Z 12:47:33.355440 socket(AF_INET, SOCK_DGRAM|SOCK_CLOEXEC|SOCK_NONBLOCK, IPPROTO_IP) = 8
2023-05-18T12:47:33.356047820Z 12:47:33.355860 connect(8, {sa_family=AF_INET, sin_port=htons(53), sin_addr=inet_addr("169.254.169.254")}, 16) = 0
2023-05-18T12:47:33.356480533Z 12:47:33.356150 sendto(8, "k\257\1\0\0\1\0\0\0\0\0\0\rflux-sample-0\fflux-"..., 111, MSG_NOSIGNAL, NULL, 0) = 111
2023-05-18T12:47:33.362887222Z 12:47:33.362480 recvfrom(8, "k\257\201\203\0\1\0\0\0\1\0\0\rflux-sample-0\fflux-"..., 1024, 0, {sa_family=AF_INET, sin_port=htons(53), sin_addr=inet_addr("169.254.169.254")}, [28->16]) = 205
2023-05-18T12:47:33.363082650Z 12:47:33.362823 socket(AF_INET, SOCK_DGRAM|SOCK_CLOEXEC|SOCK_NONBLOCK, IPPROTO_IP) = 8
2023-05-18T12:47:33.363096184Z 12:47:33.362894 connect(8, {sa_family=AF_INET, sin_port=htons(53), sin_addr=inet_addr("169.254.169.254")}, 16) = 0
2023-05-18T12:47:33.363307424Z 12:47:33.362997 sendto(8, "\264a\1\0\0\1\0\0\0\0\0\0\rflux-sample-0\fflux-"..., 97, MSG_NOSIGNAL, NULL, 0) = 97
2023-05-18T12:47:33.378739399Z 12:47:33.378344 recvfrom(8, "\264a\201\203\0\1\0\0\0\1\0\0\rflux-sample-0\fflux-"..., 1024, 0, {sa_family=AF_INET, sin_port=htons(53), sin_addr=inet_addr("169.254.169.254")}, [28->16]) = 186
2023-05-18T12:47:33.379039131Z 12:47:33.378628 socket(AF_INET, SOCK_DGRAM|SOCK_CLOEXEC|SOCK_NONBLOCK, IPPROTO_IP) = 8
2023-05-18T12:47:33.379054708Z 12:47:33.378727 connect(8, {sa_family=AF_INET, sin_port=htons(53), sin_addr=inet_addr("169.254.169.254")}, 16) = 0
2023-05-18T12:47:33.379207757Z 12:47:33.378839 sendto(8, "\320\5\1\0\0\1\0\0\0\0\0\0\rflux-sample-0\fflux-"..., 92, MSG_NOSIGNAL, NULL, 0) = 92
2023-05-18T12:47:33.386029706Z 12:47:33.385735 recvfrom(8, "\320\5\201\203\0\1\0\0\0\1\0\0\rflux-sample-0\fflux-"..., 1024, 0, {sa_family=AF_INET, sin_port=htons(53), sin_addr=inet_addr("169.254.169.254")}, [28->16]) = 181
2023-05-18T12:47:33.386624531Z broker.err[3]: Warning: unable to resolve upstream peer flux-sample-0.flux-service.flux-operator.svc.cluster.local: Name or service not known
2023-05-18T12:47:33.393520426Z broker.info[3]: start: none->join 2.40372ms
2023-05-18T12:47:36.269406420Z broker.info[3]: parent-ready: join->init 2.87578s
2023-05-18T12:47:36.269596105Z 12:47:36.269353 socketpair(AF_UNIX, SOCK_STREAM|SOCK_CLOEXEC, 0, [22, 23]) = 0
2023-05-18T12:47:36.270112111Z 12:47:36.269946 socketpair(AF_UNIX, SOCK_STREAM, 0, [24, 25]) = 0
2023-05-18T12:47:36.270339710Z 12:47:36.270175 socketpair(AF_UNIX, SOCK_STREAM, 0, [26, 27]) = 0
2023-05-18T12:47:36.270537814Z 12:47:36.270378 socketpair(AF_UNIX, SOCK_STREAM, 0, [28, 29]) = 0
2023-05-18T12:47:36.298262140Z broker.info[3]: configuration updated
2023-05-18T12:47:36.422332843Z broker.info[3]: rc1.0: running /etc/flux/rc1.d/01-sched-fluxion
2023-05-18T12:47:36.433753181Z broker.info[3]: rc1.0: running /etc/flux/rc1.d/02-cron
2023-05-18T12:47:36.468696662Z broker.info[3]: rc1.0: /etc/flux/rc1 Exited (rc=0) 0.2s
2023-05-18T12:47:36.469241362Z broker.info[3]: rc1-success: init->quorum 0.19971s
2023-05-18T12:47:36.634901065Z broker.info[3]: quorum-full: quorum->run 0.165454s
2023-05-18T12:47:37.247245805Z 12:47:37.246727 socketpair(AF_UNIX, SOCK_STREAM|SOCK_CLOEXEC, 0, [22, 23]) = 0
2023-05-18T12:47:37.247584916Z 12:47:37.247341 socketpair(AF_UNIX, SOCK_STREAM, 0, [24, 25]) = 0
2023-05-18T12:47:37.247841793Z 12:47:37.247638 socketpair(AF_UNIX, SOCK_STREAM, 0, [26, 28]) = 0
2023-05-18T12:47:37.248026695Z 12:47:37.247881 socketpair(AF_UNIX, SOCK_STREAM, 0, [58, 59]) = 0
2023-05-18T12:47:48.162725786Z broker.info[3]: shutdown: run->cleanup 11.5276s
2023-05-18T12:47:48.164713002Z broker.info[3]: cleanup-none: cleanup->shutdown 1.13304ms
2023-05-18T12:47:48.166493504Z broker.info[3]: children-none: shutdown->finalize 1.00789ms
2023-05-18T12:47:48.167325472Z 12:47:48.167007 socketpair(AF_UNIX, SOCK_STREAM|SOCK_CLOEXEC, 0, [22, 23]) = 0
2023-05-18T12:47:48.167623259Z 12:47:48.167337 socketpair(AF_UNIX, SOCK_STREAM, 0, [24, 25]) = 0
2023-05-18T12:47:48.168331436Z 12:47:48.167881 socketpair(AF_UNIX, SOCK_STREAM, 0, [26, 28]) = 0
2023-05-18T12:47:48.168814194Z 12:47:48.168519 socketpair(AF_UNIX, SOCK_STREAM, 0, [58, 59]) = 0
2023-05-18T12:47:48.187464055Z broker.info[3]: rc3.0: running /etc/flux/rc3.d/01-sched-fluxion
2023-05-18T12:47:48.319689804Z broker.info[3]: rc3.0: /etc/flux/rc3 Exited (rc=0) 0.1s
2023-05-18T12:47:48.321260915Z broker.info[3]: rc3-success: finalize->goodbye 0.154s
2023-05-18T12:47:48.323292322Z broker.info[3]: goodbye: goodbye->exit 1.25702ms
2023-05-18T12:47:48.332534608Z 12:47:48.332284 +++ exited with 0 +++
2023-05-18T12:47:48.334012188Z Return value for follower worker is 0
2023-05-18T12:47:48.334044405Z The follower worker exited cleanly. Goodbye!
