2023-05-18T08:05:47.274940763Z
2023-05-18T08:05:47.275015121Z Flux username: flux
2023-05-18T08:05:47.275025323Z
2023-05-18T08:05:47.275031056Z Flux install root: /usr
2023-05-18T08:05:47.319611284Z flux user is already added.
2023-05-18T08:05:47.322910241Z flux user identifiers:
2023-05-18T08:05:47.322929959Z uid=1234(flux) gid=1234(flux) groups=1234(flux)
2023-05-18T08:05:47.323081504Z
2023-05-18T08:05:47.323093296Z As Flux prefix for flux commands: sudo -u flux -E PYTHONPATH=/opt/conda/lib/python3.10/site-packages -E PATH=/opt/conda/bin:/usr/local/sbin:/usr/local/bin:/usr/sbin:/usr/bin:/sbin:/bin -E LD_LIBRARY_PATH=/opt/conda/lib -E HOME=/home/flux
2023-05-18T08:05:47.331019292Z
2023-05-18T08:05:47.331041617Z ðŸ‘‹ Hello, I'm flux-sample-3
2023-05-18T08:05:47.331163255Z The main host is flux-sample-0
2023-05-18T08:05:47.331175912Z The working directory is /home/flux/examples/reaxff/HNS, contents include:
2023-05-18T08:05:47.333281659Z /home/flux/examples/reaxff/HNS:
2023-05-18T08:05:47.333384067Z README.txt	ffield.reax.hns  log.8Mar18.reaxc.hns.g++.1
2023-05-18T08:05:47.333395964Z data.hns-equil	in.reaxc.hns	 log.8Mar18.reaxc.hns.g++.4
2023-05-18T08:05:47.333660579Z End of file listing, if you see nothing above there are no files.
2023-05-18T08:05:47.335609789Z flux R encode --hosts=flux-sample-[0-3]
2023-05-18T08:05:47.350308244Z
2023-05-18T08:05:47.350329775Z ðŸ“¦ Resources
2023-05-18T08:05:47.351822817Z {"version": 1, "execution": {"R_lite": [{"rank": "0-3", "children": {"core": "0"}}], "starttime": 0.0, "expiration": 0.0, "nodelist": ["flux-sample-[0-3]"]}}
2023-05-18T08:05:47.352092920Z
2023-05-18T08:05:47.352107823Z ðŸ¸ Diagnostics: false
2023-05-18T08:05:47.352329530Z ðŸš©ï¸ Flux Option Flags defined
2023-05-18T08:05:47.356734718Z
2023-05-18T08:05:47.356830856Z ðŸ¦Š Independent Minister of Privilege
2023-05-18T08:05:47.358036875Z [exec]
2023-05-18T08:05:47.358052147Z allowed-users = [ "flux", "root" ]
2023-05-18T08:05:47.358057942Z allowed-shells = [ "/usr/libexec/flux/flux-shell" ]
2023-05-18T08:05:47.358218492Z
2023-05-18T08:05:47.358250704Z ðŸ¸ Broker Configuration
2023-05-18T08:05:47.359439950Z # Flux needs to know the path to the IMP executable
2023-05-18T08:05:47.359455998Z [exec]
2023-05-18T08:05:47.359461936Z imp = "/usr/libexec/flux/flux-imp"
2023-05-18T08:05:47.359466932Z
2023-05-18T08:05:47.359471535Z [access]
2023-05-18T08:05:47.359477132Z allow-guest-user = true
2023-05-18T08:05:47.359481471Z allow-root-owner = true
2023-05-18T08:05:47.359485958Z
2023-05-18T08:05:47.359492874Z # Point to resource definition generated with flux-R(1).
2023-05-18T08:05:47.359498739Z [resource]
2023-05-18T08:05:47.359504222Z path = "/etc/flux/system/R"
2023-05-18T08:05:47.359508703Z
2023-05-18T08:05:47.359513492Z [bootstrap]
2023-05-18T08:05:47.359518688Z curve_cert = "/etc/curve/curve.cert"
2023-05-18T08:05:47.359523800Z default_port = 8050
2023-05-18T08:05:47.359528495Z default_bind = "tcp://eth0:%p"
2023-05-18T08:05:47.359536017Z default_connect = "tcp://%h.flux-service.flux-operator.svc.cluster.local:%p"
2023-05-18T08:05:47.359542217Z hosts = [
2023-05-18T08:05:47.359547378Z 	{ host="flux-sample-[0-3]"},
2023-05-18T08:05:47.359552520Z ]
2023-05-18T08:05:47.359557007Z
2023-05-18T08:05:47.359561631Z [archive]
2023-05-18T08:05:47.359566415Z dbpath = "/var/lib/flux/job-archive.sqlite"
2023-05-18T08:05:47.359571075Z period = "1m"
2023-05-18T08:05:47.440872242Z busytimeout = "50s"
2023-05-18T08:05:47.440894636Z ðŸ§Šï¸ State Directory:
2023-05-18T08:05:47.440903033Z total 0
2023-05-18T08:05:47.440909089Z
2023-05-18T08:05:47.443706199Z
2023-05-18T08:05:47.443728006Z ðŸ”’ï¸ Working directory permissions:
2023-05-18T08:05:47.443736150Z total 96
2023-05-18T08:05:47.443743446Z -rwxrwxrwx 1 flux root  2517 May 17 22:32 README.txt
2023-05-18T08:05:47.443752767Z -rwxrwxrwx 1 flux root 54692 May 17 22:32 data.hns-equil
2023-05-18T08:05:47.443757639Z -rwxrwxrwx 1 flux root 13576 May 17 22:32 ffield.reax.hns
2023-05-18T08:05:47.443762259Z -rwxrwxrwx 1 flux root   870 May 17 22:32 in.reaxc.hns
2023-05-18T08:05:47.443767669Z -rwxrwxrwx 1 flux root  4172 May 17 22:32 log.8Mar18.reaxc.hns.g++.1
2023-05-18T08:05:47.443772461Z -rwxrwxrwx 1 flux root  4168 May 17 22:32 log.8Mar18.reaxc.hns.g++.4
2023-05-18T08:05:47.443777086Z
2023-05-18T08:05:47.443947760Z
2023-05-18T08:05:47.443961634Z âœ¨ Curve certificate generated by helper pod
2023-05-18T08:05:47.445695413Z #   ****  Generated on 2023-04-26 22:54:42 by CZMQ  ****
2023-05-18T08:05:47.445712268Z #   ZeroMQ CURVE **Secret** Certificate
2023-05-18T08:05:47.445719990Z #   DO NOT PROVIDE THIS FILE TO OTHER USERS nor change its permissions.
2023-05-18T08:05:47.445725954Z
2023-05-18T08:05:47.445730867Z metadata
2023-05-18T08:05:47.445735745Z     name = "flux-cert-generator"
2023-05-18T08:05:47.445740578Z     keygen.hostname = "flux-sample-0"
2023-05-18T08:05:47.445745294Z curve
2023-05-18T08:05:47.445750739Z     public-key = "z!*ReO(SzNy-Uxm2p6q!8-rtWX?j$Pb44#SU$95e"
2023-05-18T08:05:47.445755806Z     secret-key = "iOM{OmdX8s&S^U.Yde[k4pGxCd8NrrnoB7p0?T2f"
2023-05-18T08:05:47.448474906Z
2023-05-18T08:05:47.448500553Z ðŸŒ€  flux start --wrap=strace,-e,network,-tt -o --config /etc/flux/config -Scron.directory=/etc/flux/system/cron.d   -Stbon.fanout=256   -Srundir=/run/flux    -Sstatedir=/var/lib/flux   -Slocal-uri=local:///run/flux/local -Stbon.connect_timeout=6s  -Stbon.zmqdebug=1  -Slog-stderr-level=6    -Slog-stderr-mode=local
2023-05-18T08:05:47.491294132Z 08:05:47.490850 socket(AF_NETLINK, SOCK_RAW, NETLINK_ROUTE) = 8
2023-05-18T08:05:47.491663289Z 08:05:47.491358 bind(8, {sa_family=AF_NETLINK, nl_pid=0, nl_groups=00000000}, 12) = 0
2023-05-18T08:05:47.492034494Z 08:05:47.491719 getsockname(8, {sa_family=AF_NETLINK, nl_pid=71, nl_groups=00000000}, [12]) = 0
2023-05-18T08:05:47.492597091Z 08:05:47.492088 sendto(8, {{len=20, type=RTM_GETADDR, flags=NLM_F_REQUEST|NLM_F_DUMP, seq=1684397147, pid=0}, {ifa_family=AF_UNSPEC, ...}}, 20, 0, {sa_family=AF_NETLINK, nl_pid=0, nl_groups=00000000}, 12) = 20
2023-05-18T08:05:47.493455163Z 08:05:47.492657 recvmsg(8, {msg_name={sa_family=AF_NETLINK, nl_pid=0, nl_groups=00000000}, msg_namelen=12, msg_iov=[{iov_base=[{{len=76, type=RTM_NEWADDR, flags=NLM_F_MULTI, seq=1684397147, pid=71}, {ifa_family=AF_INET, ifa_prefixlen=8, ifa_flags=IFA_F_PERMANENT, ifa_scope=RT_SCOPE_HOST, ifa_index=if_nametoindex("lo")}, [{{nla_len=8, nla_type=IFA_ADDRESS}, 127.0.0.1}, {{nla_len=8, nla_type=IFA_LOCAL}, 127.0.0.1}, {{nla_len=7, nla_type=IFA_LABEL}, "lo"}, {{nla_len=8, nla_type=IFA_FLAGS}, IFA_F_PERMANENT}, {{nla_len=20, nla_type=IFA_CACHEINFO}, {ifa_prefered=4294967295, ifa_valid=4294967295, cstamp=289251, tstamp=289251}}]}, {{len=88, type=RTM_NEWADDR, flags=NLM_F_MULTI, seq=1684397147, pid=71}, {ifa_family=AF_INET, ifa_prefixlen=24, ifa_flags=IFA_F_PERMANENT, ifa_scope=RT_SCOPE_UNIVERSE, ifa_index=if_nametoindex("eth0")}, [{{nla_len=8, nla_type=IFA_ADDRESS}, 10.24.0.120}, {{nla_len=8, nla_type=IFA_LOCAL}, 10.24.0.120}, {{nla_len=8, nla_type=IFA_BROADCAST}, 10.24.0.255}, {{nla_len=9, nla_type=IFA_LABEL}, "eth0"}, {{nla_len=8, nla_type=IFA_FLAGS}, IFA_F_PERMANENT}, {{nla_len=20, nla_type=IFA_CACHEINFO}, {ifa_prefered=4294967295, ifa_valid=4294967295, cstamp=289255, tstamp=289255}}]}], iov_len=4096}], msg_iovlen=1, msg_controllen=0, msg_flags=0}, 0) = 164
2023-05-18T08:05:47.493947602Z 08:05:47.493528 recvmsg(8, {msg_name={sa_family=AF_NETLINK, nl_pid=0, nl_groups=00000000}, msg_namelen=12, msg_iov=[{iov_base={{len=20, type=NLMSG_DONE, flags=NLM_F_MULTI, seq=1684397147, pid=71}, 0}, iov_len=4096}], msg_iovlen=1, msg_controllen=0, msg_flags=0}, 0) = 20
2023-05-18T08:05:47.495216907Z 08:05:47.494946 socket(AF_UNIX, SOCK_STREAM|SOCK_CLOEXEC|SOCK_NONBLOCK, 0) = 8
2023-05-18T08:05:47.495470349Z 08:05:47.495277 connect(8, {sa_family=AF_UNIX, sun_path="/var/run/nscd/socket"}, 110) = -1 ENOENT (No such file or directory)
2023-05-18T08:05:47.495578411Z 08:05:47.495444 socket(AF_UNIX, SOCK_STREAM|SOCK_CLOEXEC|SOCK_NONBLOCK, 0) = 8
2023-05-18T08:05:47.495654236Z 08:05:47.495528 connect(8, {sa_family=AF_UNIX, sun_path="/var/run/nscd/socket"}, 110) = -1 ENOENT (No such file or directory)
2023-05-18T08:05:47.496900058Z 08:05:47.496706 socket(AF_INET, SOCK_DGRAM|SOCK_CLOEXEC|SOCK_NONBLOCK, IPPROTO_IP) = 8
2023-05-18T08:05:47.496929041Z 08:05:47.496773 connect(8, {sa_family=AF_INET, sin_port=htons(53), sin_addr=inet_addr("169.254.169.254")}, 16) = 0
2023-05-18T08:05:47.497177310Z 08:05:47.496879 sendto(8, "\3155\1\0\0\1\0\0\0\0\0\0\rflux-sample-0\fflux-"..., 76, MSG_NOSIGNAL, NULL, 0) = 76
2023-05-18T08:05:47.498882701Z 08:05:47.498600 recvfrom(8, "\3155\201\200\0\1\0\1\0\0\0\0\rflux-sample-0\fflux-"..., 1024, 0, {sa_family=AF_INET, sin_port=htons(53), sin_addr=inet_addr("169.254.169.254")}, [28->16]) = 92
2023-05-18T08:05:47.504533841Z broker.info[3]: start: none->join 1.61398ms
2023-05-18T08:05:47.516893475Z broker.info[3]: parent-ready: join->init 12.168ms
2023-05-18T08:05:47.517367764Z 08:05:47.517113 socketpair(AF_UNIX, SOCK_STREAM|SOCK_CLOEXEC, 0, [22, 23]) = 0
2023-05-18T08:05:47.517655519Z 08:05:47.517430 socketpair(AF_UNIX, SOCK_STREAM, 0, [24, 25]) = 0
2023-05-18T08:05:47.518025464Z 08:05:47.517813 socketpair(AF_UNIX, SOCK_STREAM, 0, [26, 27]) = 0
2023-05-18T08:05:47.518378209Z 08:05:47.518148 socketpair(AF_UNIX, SOCK_STREAM, 0, [28, 29]) = 0
2023-05-18T08:05:47.542754057Z broker.info[3]: configuration updated
2023-05-18T08:05:47.666921580Z broker.info[3]: rc1.0: running /etc/flux/rc1.d/01-sched-fluxion
2023-05-18T08:05:47.678478418Z broker.info[3]: rc1.0: running /etc/flux/rc1.d/02-cron
2023-05-18T08:05:47.702061022Z broker.info[3]: rc1.0: /etc/flux/rc1 Exited (rc=0) 0.2s
2023-05-18T08:05:47.703318630Z broker.info[3]: rc1-success: init->quorum 0.186006s
2023-05-18T08:05:52.591834144Z broker.info[3]: quorum-full: quorum->run 4.88825s
2023-05-18T08:05:53.204618783Z 08:05:53.204099 socketpair(AF_UNIX, SOCK_STREAM|SOCK_CLOEXEC, 0, [22, 23]) = 0
2023-05-18T08:05:53.204819497Z 08:05:53.204282 socketpair(AF_UNIX, SOCK_STREAM, 0, [24, 25]) = 0
2023-05-18T08:05:53.204858627Z 08:05:53.204467 socketpair(AF_UNIX, SOCK_STREAM, 0, [26, 28]) = 0
2023-05-18T08:05:53.204903905Z 08:05:53.204657 socketpair(AF_UNIX, SOCK_STREAM, 0, [58, 59]) = 0
2023-05-18T08:06:03.388637182Z broker.info[3]: shutdown: run->cleanup 10.7962s
2023-05-18T08:06:03.390798951Z broker.info[3]: cleanup-none: cleanup->shutdown 1.30791ms
2023-05-18T08:06:03.392574722Z broker.info[3]: children-none: shutdown->finalize 1.07495ms
2023-05-18T08:06:03.393322281Z 08:06:03.392923 socketpair(AF_UNIX, SOCK_STREAM|SOCK_CLOEXEC, 0, [22, 23]) = 0
2023-05-18T08:06:03.393559289Z 08:06:03.393302 socketpair(AF_UNIX, SOCK_STREAM, 0, [24, 25]) = 0
2023-05-18T08:06:03.393963088Z 08:06:03.393743 socketpair(AF_UNIX, SOCK_STREAM, 0, [26, 28]) = 0
2023-05-18T08:06:03.394390862Z 08:06:03.394155 socketpair(AF_UNIX, SOCK_STREAM, 0, [58, 59]) = 0
2023-05-18T08:06:03.415858873Z broker.info[3]: rc3.0: running /etc/flux/rc3.d/01-sched-fluxion
2023-05-18T08:06:03.534869517Z broker.info[3]: rc3.0: /etc/flux/rc3 Exited (rc=0) 0.1s
2023-05-18T08:06:03.536145317Z broker.info[3]: rc3-success: finalize->goodbye 0.143031s
2023-05-18T08:06:03.537854346Z broker.info[3]: goodbye: goodbye->exit 1.08498ms
2023-05-18T08:06:03.551152588Z 08:06:03.550985 +++ exited with 0 +++
2023-05-18T08:06:03.552462904Z Return value for follower worker is 0
2023-05-18T08:06:03.552489839Z The follower worker exited cleanly. Goodbye!
