2023-05-18T07:37:01.522384302Z
2023-05-18T07:37:01.522416015Z Flux username: flux
2023-05-18T07:37:01.522421877Z
2023-05-18T07:37:01.522436918Z Flux install root: /usr
2023-05-18T07:37:01.566449866Z flux user is already added.
2023-05-18T07:37:01.570105386Z flux user identifiers:
2023-05-18T07:37:01.570146620Z uid=1234(flux) gid=1234(flux) groups=1234(flux)
2023-05-18T07:37:01.570152335Z
2023-05-18T07:37:01.570157850Z As Flux prefix for flux commands: sudo -u flux -E PYTHONPATH=/opt/conda/lib/python3.10/site-packages -E PATH=/opt/conda/bin:/usr/local/sbin:/usr/local/bin:/usr/sbin:/usr/bin:/sbin:/bin -E LD_LIBRARY_PATH=/opt/conda/lib -E HOME=/home/flux
2023-05-18T07:37:01.578540180Z
2023-05-18T07:37:01.578580790Z 👋 Hello, I'm flux-sample-2
2023-05-18T07:37:01.578589979Z The main host is flux-sample-0
2023-05-18T07:37:01.578597562Z The working directory is /home/flux/examples/reaxff/HNS, contents include:
2023-05-18T07:37:01.580261749Z /home/flux/examples/reaxff/HNS:
2023-05-18T07:37:01.580417987Z README.txt	ffield.reax.hns  log.8Mar18.reaxc.hns.g++.1
2023-05-18T07:37:01.580429978Z data.hns-equil	in.reaxc.hns	 log.8Mar18.reaxc.hns.g++.4
2023-05-18T07:37:01.580850411Z End of file listing, if you see nothing above there are no files.
2023-05-18T07:37:01.582965837Z flux R encode --hosts=flux-sample-[0-3]
2023-05-18T07:37:01.597934806Z
2023-05-18T07:37:01.598103775Z 📦 Resources
2023-05-18T07:37:01.599802562Z {"version": 1, "execution": {"R_lite": [{"rank": "0-3", "children": {"core": "0"}}], "starttime": 0.0, "expiration": 0.0, "nodelist": ["flux-sample-[0-3]"]}}
2023-05-18T07:37:01.600192294Z
2023-05-18T07:37:01.600221497Z 🐸 Diagnostics: false
2023-05-18T07:37:01.600507365Z 🚩️ Flux Option Flags defined
2023-05-18T07:37:01.605031314Z
2023-05-18T07:37:01.605055973Z 🦊 Independent Minister of Privilege
2023-05-18T07:37:01.606352052Z [exec]
2023-05-18T07:37:01.606370968Z allowed-users = [ "flux", "root" ]
2023-05-18T07:37:01.606377183Z allowed-shells = [ "/usr/libexec/flux/flux-shell" ]
2023-05-18T07:37:01.606637768Z
2023-05-18T07:37:01.606652055Z 🐸 Broker Configuration
2023-05-18T07:37:01.608033188Z # Flux needs to know the path to the IMP executable
2023-05-18T07:37:01.608050383Z [exec]
2023-05-18T07:37:01.608056761Z imp = "/usr/libexec/flux/flux-imp"
2023-05-18T07:37:01.608061473Z
2023-05-18T07:37:01.608066805Z [access]
2023-05-18T07:37:01.608072682Z allow-guest-user = true
2023-05-18T07:37:01.608103677Z allow-root-owner = true
2023-05-18T07:37:01.608111054Z
2023-05-18T07:37:01.608115891Z # Point to resource definition generated with flux-R(1).
2023-05-18T07:37:01.608120841Z [resource]
2023-05-18T07:37:01.608125989Z path = "/etc/flux/system/R"
2023-05-18T07:37:01.608130395Z
2023-05-18T07:37:01.608135105Z [bootstrap]
2023-05-18T07:37:01.608139909Z curve_cert = "/etc/curve/curve.cert"
2023-05-18T07:37:01.608147069Z default_port = 8050
2023-05-18T07:37:01.608153270Z default_bind = "tcp://eth0:%p"
2023-05-18T07:37:01.608159734Z default_connect = "tcp://%h.flux-service.flux-operator.svc.cluster.local:%p"
2023-05-18T07:37:01.608164997Z hosts = [
2023-05-18T07:37:01.608180919Z 	{ host="flux-sample-[0-3]"},
2023-05-18T07:37:01.608185494Z ]
2023-05-18T07:37:01.608192254Z
2023-05-18T07:37:01.608197976Z [archive]
2023-05-18T07:37:01.608202794Z dbpath = "/var/lib/flux/job-archive.sqlite"
2023-05-18T07:37:01.608207545Z period = "1m"
2023-05-18T07:37:01.694692311Z busytimeout = "50s"
2023-05-18T07:37:01.694729918Z 🧊️ State Directory:
2023-05-18T07:37:01.694750423Z total 0
2023-05-18T07:37:01.694757443Z
2023-05-18T07:37:01.699116689Z
2023-05-18T07:37:01.699157465Z 🔒️ Working directory permissions:
2023-05-18T07:37:01.699165063Z total 96
2023-05-18T07:37:01.699174748Z -rwxrwxrwx 1 flux root  2517 May 17 22:32 README.txt
2023-05-18T07:37:01.699182380Z -rwxrwxrwx 1 flux root 54692 May 17 22:32 data.hns-equil
2023-05-18T07:37:01.699189463Z -rwxrwxrwx 1 flux root 13576 May 17 22:32 ffield.reax.hns
2023-05-18T07:37:01.699195193Z -rwxrwxrwx 1 flux root   870 May 17 22:32 in.reaxc.hns
2023-05-18T07:37:01.699201663Z -rwxrwxrwx 1 flux root  4172 May 17 22:32 log.8Mar18.reaxc.hns.g++.1
2023-05-18T07:37:01.699207090Z -rwxrwxrwx 1 flux root  4168 May 17 22:32 log.8Mar18.reaxc.hns.g++.4
2023-05-18T07:37:01.699332420Z
2023-05-18T07:37:01.699343717Z
2023-05-18T07:37:01.699350433Z ✨ Curve certificate generated by helper pod
2023-05-18T07:37:01.701420875Z #   ****  Generated on 2023-04-26 22:54:42 by CZMQ  ****
2023-05-18T07:37:01.701451083Z #   ZeroMQ CURVE **Secret** Certificate
2023-05-18T07:37:01.701458018Z #   DO NOT PROVIDE THIS FILE TO OTHER USERS nor change its permissions.
2023-05-18T07:37:01.701464359Z
2023-05-18T07:37:01.701470135Z metadata
2023-05-18T07:37:01.701478895Z     name = "flux-cert-generator"
2023-05-18T07:37:01.701485683Z     keygen.hostname = "flux-sample-0"
2023-05-18T07:37:01.701491414Z curve
2023-05-18T07:37:01.701496852Z     public-key = "IUc6%J(!90M{u*6^G/5y/$iWZ%1oW5Y9]#ZaGD*("
2023-05-18T07:37:01.701502145Z     secret-key = "Oz]]2GgPBw3d.XaMjTf5t<v=8WT%jwH/e?Lpdist"
2023-05-18T07:37:01.703782608Z
2023-05-18T07:37:01.703825075Z 🌀  flux start --wrap=strace,-e,network,-tt -o --config /etc/flux/config -Scron.directory=/etc/flux/system/cron.d   -Stbon.fanout=256   -Srundir=/run/flux    -Sstatedir=/var/lib/flux   -Slocal-uri=local:///run/flux/local -Stbon.connect_timeout=2s  -Stbon.zmqdebug=1  -Slog-stderr-level=6    -Slog-stderr-mode=local
2023-05-18T07:37:01.748403884Z 07:37:01.748059 socket(AF_NETLINK, SOCK_RAW, NETLINK_ROUTE) = 8
2023-05-18T07:37:01.748453540Z 07:37:01.748233 bind(8, {sa_family=AF_NETLINK, nl_pid=0, nl_groups=00000000}, 12) = 0
2023-05-18T07:37:01.748537911Z 07:37:01.748325 getsockname(8, {sa_family=AF_NETLINK, nl_pid=70, nl_groups=00000000}, [12]) = 0
2023-05-18T07:37:01.749387571Z 07:37:01.748437 sendto(8, {{len=20, type=RTM_GETADDR, flags=NLM_F_REQUEST|NLM_F_DUMP, seq=1684395421, pid=0}, {ifa_family=AF_UNSPEC, ...}}, 20, 0, {sa_family=AF_NETLINK, nl_pid=0, nl_groups=00000000}, 12) = 20
2023-05-18T07:37:01.749795924Z 07:37:01.749244 recvmsg(8, {msg_name={sa_family=AF_NETLINK, nl_pid=0, nl_groups=00000000}, msg_namelen=12, msg_iov=[{iov_base=[{{len=76, type=RTM_NEWADDR, flags=NLM_F_MULTI, seq=1684395421, pid=70}, {ifa_family=AF_INET, ifa_prefixlen=8, ifa_flags=IFA_F_PERMANENT, ifa_scope=RT_SCOPE_HOST, ifa_index=if_nametoindex("lo")}, [{{nla_len=8, nla_type=IFA_ADDRESS}, 127.0.0.1}, {{nla_len=8, nla_type=IFA_LOCAL}, 127.0.0.1}, {{nla_len=7, nla_type=IFA_LABEL}, "lo"}, {{nla_len=8, nla_type=IFA_FLAGS}, IFA_F_PERMANENT}, {{nla_len=20, nla_type=IFA_CACHEINFO}, {ifa_prefered=4294967295, ifa_valid=4294967295, cstamp=116467, tstamp=116467}}]}, {{len=88, type=RTM_NEWADDR, flags=NLM_F_MULTI, seq=1684395421, pid=70}, {ifa_family=AF_INET, ifa_prefixlen=24, ifa_flags=IFA_F_PERMANENT, ifa_scope=RT_SCOPE_UNIVERSE, ifa_index=if_nametoindex("eth0")}, [{{nla_len=8, nla_type=IFA_ADDRESS}, 10.24.1.33}, {{nla_len=8, nla_type=IFA_LOCAL}, 10.24.1.33}, {{nla_len=8, nla_type=IFA_BROADCAST}, 10.24.1.255}, {{nla_len=9, nla_type=IFA_LABEL}, "eth0"}, {{nla_len=8, nla_type=IFA_FLAGS}, IFA_F_PERMANENT}, {{nla_len=20, nla_type=IFA_CACHEINFO}, {ifa_prefered=4294967295, ifa_valid=4294967295, cstamp=116468, tstamp=116468}}]}], iov_len=4096}], msg_iovlen=1, msg_controllen=0, msg_flags=0}, 0) = 164
2023-05-18T07:37:01.749944962Z 07:37:01.749647 recvmsg(8, {msg_name={sa_family=AF_NETLINK, nl_pid=0, nl_groups=00000000}, msg_namelen=12, msg_iov=[{iov_base={{len=20, type=NLMSG_DONE, flags=NLM_F_MULTI, seq=1684395421, pid=70}, 0}, iov_len=4096}], msg_iovlen=1, msg_controllen=0, msg_flags=0}, 0) = 20
2023-05-18T07:37:01.751436223Z 07:37:01.750995 socket(AF_UNIX, SOCK_STREAM|SOCK_CLOEXEC|SOCK_NONBLOCK, 0) = 8
2023-05-18T07:37:01.751911725Z 07:37:01.751571 connect(8, {sa_family=AF_UNIX, sun_path="/var/run/nscd/socket"}, 110) = -1 ENOENT (No such file or directory)
2023-05-18T07:37:01.752332256Z 07:37:01.752080 socket(AF_UNIX, SOCK_STREAM|SOCK_CLOEXEC|SOCK_NONBLOCK, 0) = 8
2023-05-18T07:37:01.752701949Z 07:37:01.752416 connect(8, {sa_family=AF_UNIX, sun_path="/var/run/nscd/socket"}, 110) = -1 ENOENT (No such file or directory)
2023-05-18T07:37:01.755476638Z 07:37:01.755041 socket(AF_INET, SOCK_DGRAM|SOCK_CLOEXEC|SOCK_NONBLOCK, IPPROTO_IP) = 8
2023-05-18T07:37:01.755962073Z 07:37:01.755659 connect(8, {sa_family=AF_INET, sin_port=htons(53), sin_addr=inet_addr("169.254.169.254")}, 16) = 0
2023-05-18T07:37:01.756682310Z 07:37:01.756190 sendto(8, ">|\1\0\0\1\0\0\0\0\0\0\rflux-sample-0\fflux-"..., 76, MSG_NOSIGNAL, NULL, 0) = 76
2023-05-18T07:37:01.760234129Z 07:37:01.759946 recvfrom(8, ">|\201\200\0\1\0\1\0\0\0\0\rflux-sample-0\fflux-"..., 1024, 0, {sa_family=AF_INET, sin_port=htons(53), sin_addr=inet_addr("169.254.169.254")}, [28->16]) = 92
2023-05-18T07:37:01.767266823Z broker.info[2]: start: none->join 2.17656ms
2023-05-18T07:37:03.941227772Z broker.info[2]: parent-ready: join->init 2.17371s
2023-05-18T07:37:03.941412806Z 07:37:03.941165 socketpair(AF_UNIX, SOCK_STREAM|SOCK_CLOEXEC, 0, [22, 23]) = 0
2023-05-18T07:37:03.941535680Z 07:37:03.941370 socketpair(AF_UNIX, SOCK_STREAM, 0, [24, 25]) = 0
2023-05-18T07:37:03.941894072Z 07:37:03.941684 socketpair(AF_UNIX, SOCK_STREAM, 0, [26, 27]) = 0
2023-05-18T07:37:03.942148977Z 07:37:03.941991 socketpair(AF_UNIX, SOCK_STREAM, 0, [28, 29]) = 0
2023-05-18T07:37:03.968280628Z broker.info[2]: configuration updated
2023-05-18T07:37:04.095538540Z broker.info[2]: rc1.0: running /etc/flux/rc1.d/01-sched-fluxion
2023-05-18T07:37:04.107412985Z broker.info[2]: rc1.0: running /etc/flux/rc1.d/02-cron
2023-05-18T07:37:04.142678630Z broker.info[2]: rc1.0: /etc/flux/rc1 Exited (rc=0) 0.2s
2023-05-18T07:37:04.143436887Z broker.info[2]: rc1-success: init->quorum 0.202092s
2023-05-18T07:37:04.353442723Z broker.info[2]: quorum-full: quorum->run 0.209665s
2023-05-18T07:37:14.870163828Z broker.info[2]: shutdown: run->cleanup 10.5163s
2023-05-18T07:37:14.871492092Z broker.info[2]: cleanup-none: cleanup->shutdown 0.950049ms
2023-05-18T07:37:14.873138334Z broker.info[2]: children-none: shutdown->finalize 1.09082ms
2023-05-18T07:37:14.873633588Z 07:37:14.873363 socketpair(AF_UNIX, SOCK_STREAM|SOCK_CLOEXEC, 0, [22, 23]) = 0
2023-05-18T07:37:14.873928494Z 07:37:14.873651 socketpair(AF_UNIX, SOCK_STREAM, 0, [24, 25]) = 0
2023-05-18T07:37:14.874112638Z 07:37:14.873946 socketpair(AF_UNIX, SOCK_STREAM, 0, [26, 28]) = 0
2023-05-18T07:37:14.874358736Z 07:37:14.874168 socketpair(AF_UNIX, SOCK_STREAM, 0, [58, 59]) = 0
2023-05-18T07:37:14.893023668Z broker.info[2]: rc3.0: running /etc/flux/rc3.d/01-sched-fluxion
2023-05-18T07:37:15.014695941Z broker.info[2]: rc3.0: /etc/flux/rc3 Exited (rc=0) 0.1s
2023-05-18T07:37:15.015187960Z broker.info[2]: rc3-success: finalize->goodbye 0.14164s
2023-05-18T07:37:15.016110251Z broker.info[2]: goodbye: goodbye->exit 0.711117ms
2023-05-18T07:37:15.038319362Z 07:37:15.037907 +++ exited with 0 +++
2023-05-18T07:37:15.039707813Z Return value for follower worker is 0
2023-05-18T07:37:15.039907982Z The follower worker exited cleanly. Goodbye!
