2023-05-18T07:35:43.021987882Z
2023-05-18T07:35:43.022048532Z Flux username: flux
2023-05-18T07:35:43.022073964Z
2023-05-18T07:35:43.022081644Z Flux install root: /usr
2023-05-18T07:35:43.071103907Z flux user is already added.
2023-05-18T07:35:43.074643243Z flux user identifiers:
2023-05-18T07:35:43.074669573Z uid=1234(flux) gid=1234(flux) groups=1234(flux)
2023-05-18T07:35:43.074675387Z
2023-05-18T07:35:43.074749149Z As Flux prefix for flux commands: sudo -u flux -E PYTHONPATH=/opt/conda/lib/python3.10/site-packages -E PATH=/opt/conda/bin:/usr/local/sbin:/usr/local/bin:/usr/sbin:/usr/bin:/sbin:/bin -E LD_LIBRARY_PATH=/opt/conda/lib -E HOME=/home/flux
2023-05-18T07:35:43.082111310Z
2023-05-18T07:35:43.082137273Z ðŸ‘‹ Hello, I'm flux-sample-1
2023-05-18T07:35:43.082341381Z The main host is flux-sample-0
2023-05-18T07:35:43.082354167Z The working directory is /home/flux/examples/reaxff/HNS, contents include:
2023-05-18T07:35:43.083908123Z /home/flux/examples/reaxff/HNS:
2023-05-18T07:35:43.084028170Z README.txt	ffield.reax.hns  log.8Mar18.reaxc.hns.g++.1
2023-05-18T07:35:43.084040124Z data.hns-equil	in.reaxc.hns	 log.8Mar18.reaxc.hns.g++.4
2023-05-18T07:35:43.084206707Z End of file listing, if you see nothing above there are no files.
2023-05-18T07:35:43.085916712Z flux R encode --hosts=flux-sample-[0-3]
2023-05-18T07:35:43.100222360Z
2023-05-18T07:35:43.100264267Z ðŸ“¦ Resources
2023-05-18T07:35:43.101618556Z {"version": 1, "execution": {"R_lite": [{"rank": "0-3", "children": {"core": "0"}}], "starttime": 0.0, "expiration": 0.0, "nodelist": ["flux-sample-[0-3]"]}}
2023-05-18T07:35:43.101835065Z
2023-05-18T07:35:43.101850191Z ðŸ¸ Diagnostics: false
2023-05-18T07:35:43.101994424Z ðŸš©ï¸ Flux Option Flags defined
2023-05-18T07:35:43.105787616Z
2023-05-18T07:35:43.105807793Z ðŸ¦Š Independent Minister of Privilege
2023-05-18T07:35:43.107196083Z [exec]
2023-05-18T07:35:43.107213296Z allowed-users = [ "flux", "root" ]
2023-05-18T07:35:43.107219433Z allowed-shells = [ "/usr/libexec/flux/flux-shell" ]
2023-05-18T07:35:43.107555566Z
2023-05-18T07:35:43.107571637Z ðŸ¸ Broker Configuration
2023-05-18T07:35:43.108758240Z # Flux needs to know the path to the IMP executable
2023-05-18T07:35:43.108774344Z [exec]
2023-05-18T07:35:43.108782735Z imp = "/usr/libexec/flux/flux-imp"
2023-05-18T07:35:43.108788665Z
2023-05-18T07:35:43.108793614Z [access]
2023-05-18T07:35:43.108799016Z allow-guest-user = true
2023-05-18T07:35:43.108803746Z allow-root-owner = true
2023-05-18T07:35:43.108808435Z
2023-05-18T07:35:43.108820325Z # Point to resource definition generated with flux-R(1).
2023-05-18T07:35:43.108827433Z [resource]
2023-05-18T07:35:43.108833825Z path = "/etc/flux/system/R"
2023-05-18T07:35:43.108838352Z
2023-05-18T07:35:43.108843542Z [bootstrap]
2023-05-18T07:35:43.108848867Z curve_cert = "/etc/curve/curve.cert"
2023-05-18T07:35:43.108853736Z default_port = 8050
2023-05-18T07:35:43.108858771Z default_bind = "tcp://eth0:%p"
2023-05-18T07:35:43.108864490Z default_connect = "tcp://%h.flux-service.flux-operator.svc.cluster.local:%p"
2023-05-18T07:35:43.108871722Z hosts = [
2023-05-18T07:35:43.108877234Z 	{ host="flux-sample-[0-3]"},
2023-05-18T07:35:43.108882390Z ]
2023-05-18T07:35:43.108886845Z
2023-05-18T07:35:43.108891478Z [archive]
2023-05-18T07:35:43.108896138Z dbpath = "/var/lib/flux/job-archive.sqlite"
2023-05-18T07:35:43.108901068Z period = "1m"
2023-05-18T07:35:43.195619292Z busytimeout = "50s"
2023-05-18T07:35:43.195677852Z ðŸ§Šï¸ State Directory:
2023-05-18T07:35:43.195685235Z total 0
2023-05-18T07:35:43.195690211Z
2023-05-18T07:35:43.200535756Z
2023-05-18T07:35:43.200558249Z ðŸ”’ï¸ Working directory permissions:
2023-05-18T07:35:43.200566461Z total 96
2023-05-18T07:35:43.200573237Z -rwxrwxrwx 1 flux root  2517 May 17 22:32 README.txt
2023-05-18T07:35:43.200578322Z -rwxrwxrwx 1 flux root 54692 May 17 22:32 data.hns-equil
2023-05-18T07:35:43.200583252Z -rwxrwxrwx 1 flux root 13576 May 17 22:32 ffield.reax.hns
2023-05-18T07:35:43.200885786Z -rwxrwxrwx 1 flux root   870 May 17 22:32 in.reaxc.hns
2023-05-18T07:35:43.200896020Z -rwxrwxrwx 1 flux root  4172 May 17 22:32 log.8Mar18.reaxc.hns.g++.1
2023-05-18T07:35:43.200901397Z -rwxrwxrwx 1 flux root  4168 May 17 22:32 log.8Mar18.reaxc.hns.g++.4
2023-05-18T07:35:43.200905914Z
2023-05-18T07:35:43.200910436Z
2023-05-18T07:35:43.200915351Z âœ¨ Curve certificate generated by helper pod
2023-05-18T07:35:43.200920364Z #   ****  Generated on 2023-04-26 22:54:42 by CZMQ  ****
2023-05-18T07:35:43.200927296Z #   ZeroMQ CURVE **Secret** Certificate
2023-05-18T07:35:43.200933216Z #   DO NOT PROVIDE THIS FILE TO OTHER USERS nor change its permissions.
2023-05-18T07:35:43.200938101Z
2023-05-18T07:35:43.200942841Z metadata
2023-05-18T07:35:43.200948027Z     name = "flux-cert-generator"
2023-05-18T07:35:43.201062948Z     keygen.hostname = "flux-sample-0"
2023-05-18T07:35:43.201069496Z curve
2023-05-18T07:35:43.201074481Z     public-key = "oPt4@^NVWQMV>@P)RIv/IQ5waR*xiheG==5qQAf*"
2023-05-18T07:35:43.201078891Z     secret-key = "-A#O4M?3UwNWC$V]Z+>}O!Qgg*MGNX}2PSH4i+OC"
2023-05-18T07:35:43.203204576Z
2023-05-18T07:35:43.203662393Z ðŸŒ€  flux start --wrap=strace,-e,network,-tt -o --config /etc/flux/config -Scron.directory=/etc/flux/system/cron.d   -Stbon.fanout=256   -Srundir=/run/flux    -Sstatedir=/var/lib/flux   -Slocal-uri=local:///run/flux/local -Stbon.connect_timeout=1s  -Stbon.zmqdebug=1  -Slog-stderr-level=6    -Slog-stderr-mode=local
2023-05-18T07:35:43.238482779Z 07:35:43.238145 socket(AF_NETLINK, SOCK_RAW, NETLINK_ROUTE) = 8
2023-05-18T07:35:43.238532623Z 07:35:43.238243 bind(8, {sa_family=AF_NETLINK, nl_pid=0, nl_groups=00000000}, 12) = 0
2023-05-18T07:35:43.238540535Z 07:35:43.238309 getsockname(8, {sa_family=AF_NETLINK, nl_pid=70, nl_groups=00000000}, [12]) = 0
2023-05-18T07:35:43.238791288Z 07:35:43.238389 sendto(8, {{len=20, type=RTM_GETADDR, flags=NLM_F_REQUEST|NLM_F_DUMP, seq=1684395343, pid=0}, {ifa_family=AF_UNSPEC, ...}}, 20, 0, {sa_family=AF_NETLINK, nl_pid=0, nl_groups=00000000}, 12) = 20
2023-05-18T07:35:43.239135700Z 07:35:43.238610 recvmsg(8, {msg_name={sa_family=AF_NETLINK, nl_pid=0, nl_groups=00000000}, msg_namelen=12, msg_iov=[{iov_base=[{{len=76, type=RTM_NEWADDR, flags=NLM_F_MULTI, seq=1684395343, pid=70}, {ifa_family=AF_INET, ifa_prefixlen=8, ifa_flags=IFA_F_PERMANENT, ifa_scope=RT_SCOPE_HOST, ifa_index=if_nametoindex("lo")}, [{{nla_len=8, nla_type=IFA_ADDRESS}, 127.0.0.1}, {{nla_len=8, nla_type=IFA_LOCAL}, 127.0.0.1}, {{nla_len=7, nla_type=IFA_LABEL}, "lo"}, {{nla_len=8, nla_type=IFA_FLAGS}, IFA_F_PERMANENT}, {{nla_len=20, nla_type=IFA_CACHEINFO}, {ifa_prefered=4294967295, ifa_valid=4294967295, cstamp=108564, tstamp=108564}}]}, {{len=88, type=RTM_NEWADDR, flags=NLM_F_MULTI, seq=1684395343, pid=70}, {ifa_family=AF_INET, ifa_prefixlen=24, ifa_flags=IFA_F_PERMANENT, ifa_scope=RT_SCOPE_UNIVERSE, ifa_index=if_nametoindex("eth0")}, [{{nla_len=8, nla_type=IFA_ADDRESS}, 10.24.3.29}, {{nla_len=8, nla_type=IFA_LOCAL}, 10.24.3.29}, {{nla_len=8, nla_type=IFA_BROADCAST}, 10.24.3.255}, {{nla_len=9, nla_type=IFA_LABEL}, "eth0"}, {{nla_len=8, nla_type=IFA_FLAGS}, IFA_F_PERMANENT}, {{nla_len=20, nla_type=IFA_CACHEINFO}, {ifa_prefered=4294967295, ifa_valid=4294967295, cstamp=108567, tstamp=108567}}]}], iov_len=4096}], msg_iovlen=1, msg_controllen=0, msg_flags=0}, 0) = 164
2023-05-18T07:35:43.239155244Z 07:35:43.238930 recvmsg(8, {msg_name={sa_family=AF_NETLINK, nl_pid=0, nl_groups=00000000}, msg_namelen=12, msg_iov=[{iov_base={{len=20, type=NLMSG_DONE, flags=NLM_F_MULTI, seq=1684395343, pid=70}, 0}, iov_len=4096}], msg_iovlen=1, msg_controllen=0, msg_flags=0}, 0) = 20
2023-05-18T07:35:43.240005447Z 07:35:43.239503 socket(AF_UNIX, SOCK_STREAM|SOCK_CLOEXEC|SOCK_NONBLOCK, 0) = 8
2023-05-18T07:35:43.240022053Z 07:35:43.239579 connect(8, {sa_family=AF_UNIX, sun_path="/var/run/nscd/socket"}, 110) = -1 ENOENT (No such file or directory)
2023-05-18T07:35:43.240079528Z 07:35:43.239707 socket(AF_UNIX, SOCK_STREAM|SOCK_CLOEXEC|SOCK_NONBLOCK, 0) = 8
2023-05-18T07:35:43.240089756Z 07:35:43.239770 connect(8, {sa_family=AF_UNIX, sun_path="/var/run/nscd/socket"}, 110) = -1 ENOENT (No such file or directory)
2023-05-18T07:35:43.241462091Z 07:35:43.241118 socket(AF_INET, SOCK_DGRAM|SOCK_CLOEXEC|SOCK_NONBLOCK, IPPROTO_IP) = 8
2023-05-18T07:35:43.241479032Z 07:35:43.241204 connect(8, {sa_family=AF_INET, sin_port=htons(53), sin_addr=inet_addr("169.254.169.254")}, 16) = 0
2023-05-18T07:35:43.241696857Z 07:35:43.241325 sendto(8, "\332\7\1\0\0\1\0\0\0\0\0\0\rflux-sample-0\fflux-"..., 76, MSG_NOSIGNAL, NULL, 0) = 76
2023-05-18T07:35:43.245137661Z 07:35:43.244922 recvfrom(8, "\332\7\201\200\0\1\0\1\0\0\0\0\rflux-sample-0\fflux-"..., 1024, 0, {sa_family=AF_INET, sin_port=htons(53), sin_addr=inet_addr("169.254.169.254")}, [28->16]) = 92
2023-05-18T07:35:43.249789140Z broker.info[1]: start: none->join 1.73739ms
2023-05-18T07:35:44.397948107Z broker.info[1]: parent-ready: join->init 1.14795s
2023-05-18T07:35:44.398292979Z 07:35:44.397975 socketpair(AF_UNIX, SOCK_STREAM|SOCK_CLOEXEC, 0, [22, 23]) = 0
2023-05-18T07:35:44.398446156Z 07:35:44.398208 socketpair(AF_UNIX, SOCK_STREAM, 0, [24, 25]) = 0
2023-05-18T07:35:44.398855428Z 07:35:44.398599 socketpair(AF_UNIX, SOCK_STREAM, 0, [26, 27]) = 0
2023-05-18T07:35:44.399301798Z 07:35:44.399018 socketpair(AF_UNIX, SOCK_STREAM, 0, [28, 29]) = 0
2023-05-18T07:35:44.425754418Z broker.info[1]: configuration updated
2023-05-18T07:35:44.546320058Z broker.info[1]: rc1.0: running /etc/flux/rc1.d/01-sched-fluxion
2023-05-18T07:35:44.558853052Z broker.info[1]: rc1.0: running /etc/flux/rc1.d/02-cron
2023-05-18T07:35:44.582537227Z broker.info[1]: rc1.0: /etc/flux/rc1 Exited (rc=0) 0.2s
2023-05-18T07:35:44.583366023Z broker.info[1]: rc1-success: init->quorum 0.185234s
2023-05-18T07:35:45.201555193Z broker.info[1]: quorum-full: quorum->run 0.617482s
2023-05-18T07:35:56.022636841Z broker.info[1]: shutdown: run->cleanup 10.8201s
2023-05-18T07:35:56.023995919Z broker.info[1]: cleanup-none: cleanup->shutdown 0.962878ms
2023-05-18T07:35:56.025267545Z broker.info[1]: children-none: shutdown->finalize 0.929968ms
2023-05-18T07:35:56.025656983Z 07:35:56.025375 socketpair(AF_UNIX, SOCK_STREAM|SOCK_CLOEXEC, 0, [22, 23]) = 0
2023-05-18T07:35:56.025900560Z 07:35:56.025667 socketpair(AF_UNIX, SOCK_STREAM, 0, [24, 25]) = 0
2023-05-18T07:35:56.026249313Z 07:35:56.026026 socketpair(AF_UNIX, SOCK_STREAM, 0, [26, 28]) = 0
2023-05-18T07:35:56.026628312Z 07:35:56.026373 socketpair(AF_UNIX, SOCK_STREAM, 0, [58, 59]) = 0
2023-05-18T07:35:56.044801207Z broker.info[1]: rc3.0: running /etc/flux/rc3.d/01-sched-fluxion
2023-05-18T07:35:56.163397305Z broker.info[1]: rc3.0: /etc/flux/rc3 Exited (rc=0) 0.1s
2023-05-18T07:35:56.164600409Z broker.info[1]: rc3-success: finalize->goodbye 0.139066s
2023-05-18T07:35:56.166156848Z broker.info[1]: goodbye: goodbye->exit 0.973338ms
2023-05-18T07:35:56.174631234Z 07:35:56.174469 +++ exited with 0 +++
2023-05-18T07:35:56.175927824Z Return value for follower worker is 0
2023-05-18T07:35:56.176037888Z The follower worker exited cleanly. Goodbye!
