2023-05-18T12:28:08.977818692Z
2023-05-18T12:28:08.977864909Z Flux username: flux
2023-05-18T12:28:08.977871286Z
2023-05-18T12:28:08.977876608Z Flux install root: /usr
2023-05-18T12:28:09.027635769Z flux user is already added.
2023-05-18T12:28:09.030996528Z flux user identifiers:
2023-05-18T12:28:09.031034213Z uid=1234(flux) gid=1234(flux) groups=1234(flux)
2023-05-18T12:28:09.031040724Z
2023-05-18T12:28:09.031184083Z As Flux prefix for flux commands: sudo -u flux -E PYTHONPATH=/opt/conda/lib/python3.10/site-packages -E PATH=/opt/conda/bin:/usr/local/sbin:/usr/local/bin:/usr/sbin:/usr/bin:/sbin:/bin -E LD_LIBRARY_PATH=/opt/conda/lib -E HOME=/home/flux
2023-05-18T12:28:09.040348721Z
2023-05-18T12:28:09.040392517Z 👋 Hello, I'm flux-sample-3
2023-05-18T12:28:09.040399074Z The main host is flux-sample-0
2023-05-18T12:28:09.040407705Z The working directory is /home/flux/examples/reaxff/HNS, contents include:
2023-05-18T12:28:09.042269934Z /home/flux/examples/reaxff/HNS:
2023-05-18T12:28:09.042298526Z README.txt	ffield.reax.hns  log.8Mar18.reaxc.hns.g++.1
2023-05-18T12:28:09.042304186Z data.hns-equil	in.reaxc.hns	 log.8Mar18.reaxc.hns.g++.4
2023-05-18T12:28:09.042698153Z End of file listing, if you see nothing above there are no files.
2023-05-18T12:28:09.044957524Z flux R encode --hosts=flux-sample-[0-3]
2023-05-18T12:28:09.062087567Z
2023-05-18T12:28:09.062119791Z 📦 Resources
2023-05-18T12:28:09.064109142Z {"version": 1, "execution": {"R_lite": [{"rank": "0-3", "children": {"core": "0"}}], "starttime": 0.0, "expiration": 0.0, "nodelist": ["flux-sample-[0-3]"]}}
2023-05-18T12:28:09.064479578Z
2023-05-18T12:28:09.064496439Z 🐸 Diagnostics: false
2023-05-18T12:28:09.064786304Z 🚩️ Flux Option Flags defined
2023-05-18T12:28:09.073039098Z
2023-05-18T12:28:09.073117630Z 🦊 Independent Minister of Privilege
2023-05-18T12:28:09.074569527Z [exec]
2023-05-18T12:28:09.074592700Z allowed-users = [ "flux", "root" ]
2023-05-18T12:28:09.074635720Z allowed-shells = [ "/usr/libexec/flux/flux-shell" ]
2023-05-18T12:28:09.074771247Z
2023-05-18T12:28:09.074784087Z 🐸 Broker Configuration
2023-05-18T12:28:09.076217883Z # Flux needs to know the path to the IMP executable
2023-05-18T12:28:09.076239530Z [exec]
2023-05-18T12:28:09.076246359Z imp = "/usr/libexec/flux/flux-imp"
2023-05-18T12:28:09.076251280Z
2023-05-18T12:28:09.076256149Z [access]
2023-05-18T12:28:09.076263495Z allow-guest-user = true
2023-05-18T12:28:09.076269721Z allow-root-owner = true
2023-05-18T12:28:09.076274234Z
2023-05-18T12:28:09.076279126Z # Point to resource definition generated with flux-R(1).
2023-05-18T12:28:09.076283696Z [resource]
2023-05-18T12:28:09.076288966Z path = "/etc/flux/system/R"
2023-05-18T12:28:09.076293617Z
2023-05-18T12:28:09.076298436Z [bootstrap]
2023-05-18T12:28:09.076305490Z curve_cert = "/etc/curve/curve.cert"
2023-05-18T12:28:09.076311543Z default_port = 8050
2023-05-18T12:28:09.076317018Z default_bind = "tcp://eth0:%p"
2023-05-18T12:28:09.076322297Z default_connect = "tcp://%h.flux-service.flux-operator.svc.cluster.local:%p"
2023-05-18T12:28:09.076326938Z hosts = [
2023-05-18T12:28:09.076331580Z 	{ host="flux-sample-[0-3]"},
2023-05-18T12:28:09.076336986Z ]
2023-05-18T12:28:09.076341915Z
2023-05-18T12:28:09.076348991Z [archive]
2023-05-18T12:28:09.076356711Z dbpath = "/var/lib/flux/job-archive.sqlite"
2023-05-18T12:28:09.076362283Z period = "1m"
2023-05-18T12:28:09.183985112Z busytimeout = "50s"
2023-05-18T12:28:09.184020068Z 🧊️ State Directory:
2023-05-18T12:28:09.184027151Z total 0
2023-05-18T12:28:09.184032013Z
2023-05-18T12:28:09.187328489Z
2023-05-18T12:28:09.187369467Z 🔒️ Working directory permissions:
2023-05-18T12:28:09.187388027Z total 96
2023-05-18T12:28:09.187456042Z -rwxrwxrwx 1 flux root  2517 May 17 22:32 README.txt
2023-05-18T12:28:09.187543701Z -rwxrwxrwx 1 flux root 54692 May 17 22:32 data.hns-equil
2023-05-18T12:28:09.187751104Z -rwxrwxrwx 1 flux root 13576 May 17 22:32 ffield.reax.hns
2023-05-18T12:28:09.187766988Z -rwxrwxrwx 1 flux root   870 May 17 22:32 in.reaxc.hns
2023-05-18T12:28:09.187773140Z -rwxrwxrwx 1 flux root  4172 May 17 22:32 log.8Mar18.reaxc.hns.g++.1
2023-05-18T12:28:09.187859026Z -rwxrwxrwx 1 flux root  4168 May 17 22:32 log.8Mar18.reaxc.hns.g++.4
2023-05-18T12:28:09.187867163Z
2023-05-18T12:28:09.187871640Z
2023-05-18T12:28:09.187878890Z ✨ Curve certificate generated by helper pod
2023-05-18T12:28:09.189509654Z #   ****  Generated on 2023-04-26 22:54:42 by CZMQ  ****
2023-05-18T12:28:09.189528453Z #   ZeroMQ CURVE **Secret** Certificate
2023-05-18T12:28:09.189536706Z #   DO NOT PROVIDE THIS FILE TO OTHER USERS nor change its permissions.
2023-05-18T12:28:09.189543429Z
2023-05-18T12:28:09.189549054Z metadata
2023-05-18T12:28:09.189554955Z     name = "flux-cert-generator"
2023-05-18T12:28:09.189559591Z     keygen.hostname = "flux-sample-0"
2023-05-18T12:28:09.189564588Z curve
2023-05-18T12:28:09.189569680Z     public-key = "TAn4iJTnCTsooSaY(1QZRYw9JeRxk@RTaA=+1<Kn"
2023-05-18T12:28:09.189574709Z     secret-key = "l$s6uVDfTTZryUuNG[4^:QmR-6JVWE]8HO?LUQi]"
2023-05-18T12:28:09.192308211Z
2023-05-18T12:28:09.192336005Z 🌀  flux start --wrap=strace,-e,network,-tt -o --config /etc/flux/config -Scron.directory=/etc/flux/system/cron.d   -Stbon.fanout=256   -Srundir=/run/flux    -Sstatedir=/var/lib/flux   -Slocal-uri=local:///run/flux/local -Stbon.connect_timeout=1s  -Stbon.zmqdebug=1  -Slog-stderr-level=6    -Slog-stderr-mode=local
2023-05-18T12:28:09.230694309Z 12:28:09.230295 socket(AF_NETLINK, SOCK_RAW, NETLINK_ROUTE) = 8
2023-05-18T12:28:09.230729298Z 12:28:09.230401 bind(8, {sa_family=AF_NETLINK, nl_pid=0, nl_groups=00000000}, 12) = 0
2023-05-18T12:28:09.230735941Z 12:28:09.230484 getsockname(8, {sa_family=AF_NETLINK, nl_pid=71, nl_groups=00000000}, [12]) = 0
2023-05-18T12:28:09.231025535Z 12:28:09.230565 sendto(8, {{len=20, type=RTM_GETADDR, flags=NLM_F_REQUEST|NLM_F_DUMP, seq=1684412889, pid=0}, {ifa_family=AF_UNSPEC, ...}}, 20, 0, {sa_family=AF_NETLINK, nl_pid=0, nl_groups=00000000}, 12) = 20
2023-05-18T12:28:09.231464429Z 12:28:09.230907 recvmsg(8, {msg_name={sa_family=AF_NETLINK, nl_pid=0, nl_groups=00000000}, msg_namelen=12, msg_iov=[{iov_base=[{{len=76, type=RTM_NEWADDR, flags=NLM_F_MULTI, seq=1684412889, pid=71}, {ifa_family=AF_INET, ifa_prefixlen=8, ifa_flags=IFA_F_PERMANENT, ifa_scope=RT_SCOPE_HOST, ifa_index=if_nametoindex("lo")}, [{{nla_len=8, nla_type=IFA_ADDRESS}, 127.0.0.1}, {{nla_len=8, nla_type=IFA_LOCAL}, 127.0.0.1}, {{nla_len=7, nla_type=IFA_LABEL}, "lo"}, {{nla_len=8, nla_type=IFA_FLAGS}, IFA_F_PERMANENT}, {{nla_len=20, nla_type=IFA_CACHEINFO}, {ifa_prefered=4294967295, ifa_valid=4294967295, cstamp=1863179, tstamp=1863179}}]}, {{len=88, type=RTM_NEWADDR, flags=NLM_F_MULTI, seq=1684412889, pid=71}, {ifa_family=AF_INET, ifa_prefixlen=24, ifa_flags=IFA_F_PERMANENT, ifa_scope=RT_SCOPE_UNIVERSE, ifa_index=if_nametoindex("eth0")}, [{{nla_len=8, nla_type=IFA_ADDRESS}, 10.24.2.8}, {{nla_len=8, nla_type=IFA_LOCAL}, 10.24.2.8}, {{nla_len=8, nla_type=IFA_BROADCAST}, 10.24.2.255}, {{nla_len=9, nla_type=IFA_LABEL}, "eth0"}, {{nla_len=8, nla_type=IFA_FLAGS}, IFA_F_PERMANENT}, {{nla_len=20, nla_type=IFA_CACHEINFO}, {ifa_prefered=4294967295, ifa_valid=4294967295, cstamp=1863182, tstamp=1863182}}]}], iov_len=4096}], msg_iovlen=1, msg_controllen=0, msg_flags=0}, 0) = 164
2023-05-18T12:28:09.231496726Z 12:28:09.231296 recvmsg(8, {msg_name={sa_family=AF_NETLINK, nl_pid=0, nl_groups=00000000}, msg_namelen=12, msg_iov=[{iov_base={{len=20, type=NLMSG_DONE, flags=NLM_F_MULTI, seq=1684412889, pid=71}, 0}, iov_len=4096}], msg_iovlen=1, msg_controllen=0, msg_flags=0}, 0) = 20
2023-05-18T12:28:09.232261289Z 12:28:09.232104 socket(AF_UNIX, SOCK_STREAM|SOCK_CLOEXEC|SOCK_NONBLOCK, 0) = 8
2023-05-18T12:28:09.232537267Z 12:28:09.232363 connect(8, {sa_family=AF_UNIX, sun_path="/var/run/nscd/socket"}, 110) = -1 ENOENT (No such file or directory)
2023-05-18T12:28:09.232702729Z 12:28:09.232540 socket(AF_UNIX, SOCK_STREAM|SOCK_CLOEXEC|SOCK_NONBLOCK, 0) = 8
2023-05-18T12:28:09.232846364Z 12:28:09.232639 connect(8, {sa_family=AF_UNIX, sun_path="/var/run/nscd/socket"}, 110) = -1 ENOENT (No such file or directory)
2023-05-18T12:28:09.234579491Z 12:28:09.234356 socket(AF_INET, SOCK_DGRAM|SOCK_CLOEXEC|SOCK_NONBLOCK, IPPROTO_IP) = 8
2023-05-18T12:28:09.234722240Z 12:28:09.234450 connect(8, {sa_family=AF_INET, sin_port=htons(53), sin_addr=inet_addr("169.254.169.254")}, 16) = 0
2023-05-18T12:28:09.235220639Z 12:28:09.234746 sendto(8, "\350\334\1\0\0\1\0\0\0\0\0\0\rflux-sample-0\fflux-"..., 76, MSG_NOSIGNAL, NULL, 0) = 76
2023-05-18T12:28:09.239128153Z 12:28:09.238849 recvfrom(8, "\350\334\201\203\0\1\0\0\0\1\0\0\rflux-sample-0\fflux-"..., 1024, 0, {sa_family=AF_INET, sin_port=htons(53), sin_addr=inet_addr("169.254.169.254")}, [28->16]) = 172
2023-05-18T12:28:09.239296055Z 12:28:09.239149 socket(AF_INET, SOCK_DGRAM|SOCK_CLOEXEC|SOCK_NONBLOCK, IPPROTO_IP) = 8
2023-05-18T12:28:09.239459501Z 12:28:09.239260 connect(8, {sa_family=AF_INET, sin_port=htons(53), sin_addr=inet_addr("169.254.169.254")}, 16) = 0
2023-05-18T12:28:09.239826201Z 12:28:09.239434 sendto(8, "\255\f\1\0\0\1\0\0\0\0\0\0\rflux-sample-0\fflux-"..., 108, MSG_NOSIGNAL, NULL, 0) = 108
2023-05-18T12:28:09.243217779Z 12:28:09.242863 recvfrom(8, "\255\f\201\203\0\1\0\0\0\1\0\0\rflux-sample-0\fflux-"..., 1024, 0, {sa_family=AF_INET, sin_port=htons(53), sin_addr=inet_addr("169.254.169.254")}, [28->16]) = 204
2023-05-18T12:28:09.243321622Z 12:28:09.243074 socket(AF_INET, SOCK_DGRAM|SOCK_CLOEXEC|SOCK_NONBLOCK, IPPROTO_IP) = 8
2023-05-18T12:28:09.243332054Z 12:28:09.243202 connect(8, {sa_family=AF_INET, sin_port=htons(53), sin_addr=inet_addr("169.254.169.254")}, 16) = 0
2023-05-18T12:28:09.243710437Z 12:28:09.243333 sendto(8, "$\306\1\0\0\1\0\0\0\0\0\0\rflux-sample-0\fflux-"..., 94, MSG_NOSIGNAL, NULL, 0) = 94
2023-05-18T12:28:09.247184180Z 12:28:09.246721 recvfrom(8, "$\306\201\203\0\1\0\0\0\1\0\0\rflux-sample-0\fflux-"..., 1024, 0, {sa_family=AF_INET, sin_port=htons(53), sin_addr=inet_addr("169.254.169.254")}, [28->16]) = 190
2023-05-18T12:28:09.247266064Z 12:28:09.246935 socket(AF_INET, SOCK_DGRAM|SOCK_CLOEXEC|SOCK_NONBLOCK, IPPROTO_IP) = 8
2023-05-18T12:28:09.247277239Z 12:28:09.247027 connect(8, {sa_family=AF_INET, sin_port=htons(53), sin_addr=inet_addr("169.254.169.254")}, 16) = 0
2023-05-18T12:28:09.247378518Z 12:28:09.247139 sendto(8, "iO\1\0\0\1\0\0\0\0\0\0\rflux-sample-0\fflux-"..., 90, MSG_NOSIGNAL, NULL, 0) = 90
2023-05-18T12:28:09.251044732Z 12:28:09.250785 recvfrom(8, "iO\201\203\0\1\0\0\0\1\0\0\rflux-sample-0\fflux-"..., 1024, 0, {sa_family=AF_INET, sin_port=htons(53), sin_addr=inet_addr("169.254.169.254")}, [28->16]) = 186
2023-05-18T12:28:09.251240586Z 12:28:09.251049 socket(AF_INET, SOCK_DGRAM|SOCK_CLOEXEC|SOCK_NONBLOCK, IPPROTO_IP) = 8
2023-05-18T12:28:09.251345382Z 12:28:09.251158 connect(8, {sa_family=AF_INET, sin_port=htons(53), sin_addr=inet_addr("169.254.169.254")}, 16) = 0
2023-05-18T12:28:09.251807823Z 12:28:09.251355 sendto(8, "\313\265\1\0\0\1\0\0\0\0\0\0\rflux-sample-0\fflux-"..., 111, MSG_NOSIGNAL, NULL, 0) = 111
2023-05-18T12:28:09.257885440Z 12:28:09.257549 recvfrom(8, "\313\265\201\203\0\1\0\0\0\1\0\0\rflux-sample-0\fflux-"..., 1024, 0, {sa_family=AF_INET, sin_port=htons(53), sin_addr=inet_addr("169.254.169.254")}, [28->16]) = 205
2023-05-18T12:28:09.258227757Z 12:28:09.257890 socket(AF_INET, SOCK_DGRAM|SOCK_CLOEXEC|SOCK_NONBLOCK, IPPROTO_IP) = 8
2023-05-18T12:28:09.258587533Z 12:28:09.258195 connect(8, {sa_family=AF_INET, sin_port=htons(53), sin_addr=inet_addr("169.254.169.254")}, 16) = 0
2023-05-18T12:28:09.258921409Z 12:28:09.258400 sendto(8, "\261|\1\0\0\1\0\0\0\0\0\0\rflux-sample-0\fflux-"..., 97, MSG_NOSIGNAL, NULL, 0) = 97
2023-05-18T12:28:09.263166045Z 12:28:09.262936 recvfrom(8, "\261|\201\203\0\1\0\0\0\1\0\0\rflux-sample-0\fflux-"..., 1024, 0, {sa_family=AF_INET, sin_port=htons(53), sin_addr=inet_addr("169.254.169.254")}, [28->16]) = 186
2023-05-18T12:28:09.263595194Z 12:28:09.263353 socket(AF_INET, SOCK_DGRAM|SOCK_CLOEXEC|SOCK_NONBLOCK, IPPROTO_IP) = 8
2023-05-18T12:28:09.263720129Z 12:28:09.263477 connect(8, {sa_family=AF_INET, sin_port=htons(53), sin_addr=inet_addr("169.254.169.254")}, 16) = 0
2023-05-18T12:28:09.264161486Z 12:28:09.263746 sendto(8, "2\205\1\0\0\1\0\0\0\0\0\0\rflux-sample-0\fflux-"..., 92, MSG_NOSIGNAL, NULL, 0) = 92
2023-05-18T12:28:09.268849878Z 12:28:09.268339 recvfrom(8, "2\205\201\203\0\1\0\0\0\1\0\0\rflux-sample-0\fflux-"..., 1024, 0, {sa_family=AF_INET, sin_port=htons(53), sin_addr=inet_addr("169.254.169.254")}, [28->16]) = 181
2023-05-18T12:28:09.268969545Z broker.err[3]: Warning: unable to resolve upstream peer flux-sample-0.flux-service.flux-operator.svc.cluster.local: Name or service not known
2023-05-18T12:28:09.275134589Z broker.info[3]: start: none->join 1.7166ms
2023-05-18T12:28:10.479904119Z broker.info[3]: parent-ready: join->init 1.20476s
2023-05-18T12:28:10.480747532Z 12:28:10.480006 socketpair(AF_UNIX, SOCK_STREAM|SOCK_CLOEXEC, 0, [22, 23]) = 0
2023-05-18T12:28:10.480909495Z 12:28:10.480606 socketpair(AF_UNIX, SOCK_STREAM, 0, [24, 25]) = 0
2023-05-18T12:28:10.481088883Z 12:28:10.480905 socketpair(AF_UNIX, SOCK_STREAM, 0, [26, 27]) = 0
2023-05-18T12:28:10.481822151Z 12:28:10.481540 socketpair(AF_UNIX, SOCK_STREAM, 0, [28, 29]) = 0
2023-05-18T12:28:10.507790196Z broker.info[3]: configuration updated
2023-05-18T12:28:10.644176900Z broker.info[3]: rc1.0: running /etc/flux/rc1.d/01-sched-fluxion
2023-05-18T12:28:10.657122584Z broker.info[3]: rc1.0: running /etc/flux/rc1.d/02-cron
2023-05-18T12:28:10.683985358Z broker.info[3]: rc1.0: /etc/flux/rc1 Exited (rc=0) 0.2s
2023-05-18T12:28:10.684901240Z broker.info[3]: rc1-success: init->quorum 0.204709s
2023-05-18T12:28:10.899558989Z broker.info[3]: quorum-full: quorum->run 0.214247s
2023-05-18T12:28:11.491847217Z 12:28:11.491584 socketpair(AF_UNIX, SOCK_STREAM|SOCK_CLOEXEC, 0, [22, 23]) = 0
2023-05-18T12:28:11.492896101Z 12:28:11.492220 socketpair(AF_UNIX, SOCK_STREAM, 0, [24, 25]) = 0
2023-05-18T12:28:11.492994503Z 12:28:11.492473 socketpair(AF_UNIX, SOCK_STREAM, 0, [26, 28]) = 0
2023-05-18T12:28:11.493017643Z 12:28:11.492707 socketpair(AF_UNIX, SOCK_STREAM, 0, [58, 59]) = 0
2023-05-18T12:28:22.492870144Z broker.info[3]: shutdown: run->cleanup 11.5929s
2023-05-18T12:28:22.495111164Z broker.info[3]: cleanup-none: cleanup->shutdown 1.35822ms
2023-05-18T12:28:22.496773443Z broker.info[3]: children-none: shutdown->finalize 1.00872ms
2023-05-18T12:28:22.497446271Z 12:28:22.497079 socketpair(AF_UNIX, SOCK_STREAM|SOCK_CLOEXEC, 0, [22, 23]) = 0
2023-05-18T12:28:22.497773055Z 12:28:22.497509 socketpair(AF_UNIX, SOCK_STREAM, 0, [24, 25]) = 0
2023-05-18T12:28:22.498273221Z 12:28:22.497982 socketpair(AF_UNIX, SOCK_STREAM, 0, [26, 28]) = 0
2023-05-18T12:28:22.498749867Z 12:28:22.498462 socketpair(AF_UNIX, SOCK_STREAM, 0, [58, 59]) = 0
2023-05-18T12:28:22.521378810Z broker.info[3]: rc3.0: running /etc/flux/rc3.d/01-sched-fluxion
2023-05-18T12:28:22.695809995Z broker.info[3]: rc3.0: /etc/flux/rc3 Exited (rc=0) 0.2s
2023-05-18T12:28:22.695877317Z broker.info[3]: rc3-success: finalize->goodbye 0.192054s
2023-05-18T12:28:22.695884648Z broker.info[3]: goodbye: goodbye->exit 0.696647ms
2023-05-18T12:28:22.696943103Z 12:28:22.696750 +++ exited with 0 +++
2023-05-18T12:28:22.699645781Z Return value for follower worker is 0
2023-05-18T12:28:22.699735083Z The follower worker exited cleanly. Goodbye!
