2023-05-18T13:31:30.763510346Z
2023-05-18T13:31:30.763556370Z Flux username: flux
2023-05-18T13:31:30.763563003Z
2023-05-18T13:31:30.763568941Z Flux install root: /usr
2023-05-18T13:31:30.811737423Z flux user is already added.
2023-05-18T13:31:30.814745707Z flux user identifiers:
2023-05-18T13:31:30.814774191Z uid=1234(flux) gid=1234(flux) groups=1234(flux)
2023-05-18T13:31:30.814867838Z
2023-05-18T13:31:30.814878841Z As Flux prefix for flux commands: sudo -u flux -E PYTHONPATH=/opt/conda/lib/python3.10/site-packages -E PATH=/opt/conda/bin:/usr/local/sbin:/usr/local/bin:/usr/sbin:/usr/bin:/sbin:/bin -E LD_LIBRARY_PATH=/opt/conda/lib -E HOME=/home/flux
2023-05-18T13:31:30.823781173Z
2023-05-18T13:31:30.823816234Z ðŸ‘‹ Hello, I'm flux-sample-2
2023-05-18T13:31:30.823980429Z The main host is flux-sample-0
2023-05-18T13:31:30.823991904Z The working directory is /home/flux/examples/reaxff/HNS, contents include:
2023-05-18T13:31:30.825611586Z /home/flux/examples/reaxff/HNS:
2023-05-18T13:31:30.825710741Z README.txt	ffield.reax.hns  log.8Mar18.reaxc.hns.g++.1
2023-05-18T13:31:30.825732220Z data.hns-equil	in.reaxc.hns	 log.8Mar18.reaxc.hns.g++.4
2023-05-18T13:31:30.825903696Z End of file listing, if you see nothing above there are no files.
2023-05-18T13:31:30.827648354Z flux R encode --hosts=flux-sample-[0-3]
2023-05-18T13:31:30.842045784Z
2023-05-18T13:31:30.842139115Z ðŸ“¦ Resources
2023-05-18T13:31:30.845102428Z {"version": 1, "execution": {"R_lite": [{"rank": "0-3", "children": {"core": "0"}}], "starttime": 0.0, "expiration": 0.0, "nodelist": ["flux-sample-[0-3]"]}}
2023-05-18T13:31:30.845121303Z
2023-05-18T13:31:30.845127471Z ðŸ¸ Diagnostics: false
2023-05-18T13:31:30.845133122Z ðŸš©ï¸ Flux Option Flags defined
2023-05-18T13:31:30.853212449Z
2023-05-18T13:31:30.853235782Z ðŸ¦Š Independent Minister of Privilege
2023-05-18T13:31:30.854582444Z [exec]
2023-05-18T13:31:30.854599071Z allowed-users = [ "flux", "root" ]
2023-05-18T13:31:30.854604527Z allowed-shells = [ "/usr/libexec/flux/flux-shell" ]
2023-05-18T13:31:30.856263232Z
2023-05-18T13:31:30.856292196Z ðŸ¸ Broker Configuration
2023-05-18T13:31:30.861342165Z # Flux needs to know the path to the IMP executable
2023-05-18T13:31:30.861360971Z [exec]
2023-05-18T13:31:30.861366926Z imp = "/usr/libexec/flux/flux-imp"
2023-05-18T13:31:30.861371415Z
2023-05-18T13:31:30.861376150Z [access]
2023-05-18T13:31:30.861383848Z allow-guest-user = true
2023-05-18T13:31:30.861390296Z allow-root-owner = true
2023-05-18T13:31:30.861395007Z
2023-05-18T13:31:30.861399696Z # Point to resource definition generated with flux-R(1).
2023-05-18T13:31:30.861404600Z [resource]
2023-05-18T13:31:30.861409787Z path = "/etc/flux/system/R"
2023-05-18T13:31:30.861413900Z
2023-05-18T13:31:30.861418865Z [bootstrap]
2023-05-18T13:31:30.861426520Z curve_cert = "/etc/curve/curve.cert"
2023-05-18T13:31:30.861433492Z default_port = 8050
2023-05-18T13:31:30.861438663Z default_bind = "tcp://eth0:%p"
2023-05-18T13:31:30.861444424Z default_connect = "tcp://%h.flux-service.flux-operator.svc.cluster.local:%p"
2023-05-18T13:31:30.861449164Z hosts = [
2023-05-18T13:31:30.861453823Z 	{ host="flux-sample-[0-3]"},
2023-05-18T13:31:30.861458580Z ]
2023-05-18T13:31:30.861462795Z
2023-05-18T13:31:30.861469837Z [archive]
2023-05-18T13:31:30.861476679Z dbpath = "/var/lib/flux/job-archive.sqlite"
2023-05-18T13:31:30.861482615Z period = "1m"
2023-05-18T13:31:30.946889216Z busytimeout = "50s"
2023-05-18T13:31:30.946916278Z ðŸ§Šï¸ State Directory:
2023-05-18T13:31:30.946923098Z total 0
2023-05-18T13:31:30.946928220Z
2023-05-18T13:31:30.950753419Z
2023-05-18T13:31:30.950806629Z ðŸ”’ï¸ Working directory permissions:
2023-05-18T13:31:30.950815395Z total 96
2023-05-18T13:31:30.950821257Z -rwxrwxrwx 1 flux root  2517 May 17 22:32 README.txt
2023-05-18T13:31:30.950828436Z -rwxrwxrwx 1 flux root 54692 May 17 22:32 data.hns-equil
2023-05-18T13:31:30.950834155Z -rwxrwxrwx 1 flux root 13576 May 17 22:32 ffield.reax.hns
2023-05-18T13:31:30.950839301Z -rwxrwxrwx 1 flux root   870 May 17 22:32 in.reaxc.hns
2023-05-18T13:31:30.950844833Z -rwxrwxrwx 1 flux root  4172 May 17 22:32 log.8Mar18.reaxc.hns.g++.1
2023-05-18T13:31:30.950849906Z -rwxrwxrwx 1 flux root  4168 May 17 22:32 log.8Mar18.reaxc.hns.g++.4
2023-05-18T13:31:30.950854375Z
2023-05-18T13:31:30.950896853Z
2023-05-18T13:31:30.950904416Z âœ¨ Curve certificate generated by helper pod
2023-05-18T13:31:30.952483457Z #   ****  Generated on 2023-04-26 22:54:42 by CZMQ  ****
2023-05-18T13:31:30.952503153Z #   ZeroMQ CURVE **Secret** Certificate
2023-05-18T13:31:30.952509937Z #   DO NOT PROVIDE THIS FILE TO OTHER USERS nor change its permissions.
2023-05-18T13:31:30.952517980Z
2023-05-18T13:31:30.952524016Z metadata
2023-05-18T13:31:30.952540155Z     name = "flux-cert-generator"
2023-05-18T13:31:30.952545356Z     keygen.hostname = "flux-sample-0"
2023-05-18T13:31:30.952550039Z curve
2023-05-18T13:31:30.952554964Z     public-key = "(=9kHNc08/HOjWxv8+xriQymKIrTT]MH%amFBByZ"
2023-05-18T13:31:30.952562254Z     secret-key = "Hs9U!/RJu/aI@>@>X+xg%2yqPUXnus3J2Km^u-m{"
2023-05-18T13:31:30.955874713Z
2023-05-18T13:31:30.955926955Z ðŸŒ€  flux start --wrap=strace,-e,network,-tt -o --config /etc/flux/config -Scron.directory=/etc/flux/system/cron.d   -Stbon.fanout=256   -Srundir=/run/flux    -Sstatedir=/var/lib/flux   -Slocal-uri=local:///run/flux/local -Stbon.connect_timeout=10s  -Stbon.zmqdebug=1  -Slog-stderr-level=6    -Slog-stderr-mode=local
2023-05-18T13:31:31.000003575Z 13:31:30.999589 socket(AF_NETLINK, SOCK_RAW, NETLINK_ROUTE) = 8
2023-05-18T13:31:31.000253950Z 13:31:30.999930 bind(8, {sa_family=AF_NETLINK, nl_pid=0, nl_groups=00000000}, 12) = 0
2023-05-18T13:31:31.000375107Z 13:31:31.000155 getsockname(8, {sa_family=AF_NETLINK, nl_pid=70, nl_groups=00000000}, [12]) = 0
2023-05-18T13:31:31.000666466Z 13:31:31.000273 sendto(8, {{len=20, type=RTM_GETADDR, flags=NLM_F_REQUEST|NLM_F_DUMP, seq=1684416690, pid=0}, {ifa_family=AF_UNSPEC, ...}}, 20, 0, {sa_family=AF_NETLINK, nl_pid=0, nl_groups=00000000}, 12) = 20
2023-05-18T13:31:31.001017455Z 13:31:31.000570 recvmsg(8, {msg_name={sa_family=AF_NETLINK, nl_pid=0, nl_groups=00000000}, msg_namelen=12, msg_iov=[{iov_base=[{{len=76, type=RTM_NEWADDR, flags=NLM_F_MULTI, seq=1684416690, pid=70}, {ifa_family=AF_INET, ifa_prefixlen=8, ifa_flags=IFA_F_PERMANENT, ifa_scope=RT_SCOPE_HOST, ifa_index=if_nametoindex("lo")}, [{{nla_len=8, nla_type=IFA_ADDRESS}, 127.0.0.1}, {{nla_len=8, nla_type=IFA_LOCAL}, 127.0.0.1}, {{nla_len=7, nla_type=IFA_LABEL}, "lo"}, {{nla_len=8, nla_type=IFA_FLAGS}, IFA_F_PERMANENT}, {{nla_len=20, nla_type=IFA_CACHEINFO}, {ifa_prefered=4294967295, ifa_valid=4294967295, cstamp=2243333, tstamp=2243333}}]}, {{len=88, type=RTM_NEWADDR, flags=NLM_F_MULTI, seq=1684416690, pid=70}, {ifa_family=AF_INET, ifa_prefixlen=24, ifa_flags=IFA_F_PERMANENT, ifa_scope=RT_SCOPE_UNIVERSE, ifa_index=if_nametoindex("eth0")}, [{{nla_len=8, nla_type=IFA_ADDRESS}, 10.24.3.173}, {{nla_len=8, nla_type=IFA_LOCAL}, 10.24.3.173}, {{nla_len=8, nla_type=IFA_BROADCAST}, 10.24.3.255}, {{nla_len=9, nla_type=IFA_LABEL}, "eth0"}, {{nla_len=8, nla_type=IFA_FLAGS}, IFA_F_PERMANENT}, {{nla_len=20, nla_type=IFA_CACHEINFO}, {ifa_prefered=4294967295, ifa_valid=4294967295, cstamp=2243337, tstamp=2243337}}]}], iov_len=4096}], msg_iovlen=1, msg_controllen=0, msg_flags=0}, 0) = 164
2023-05-18T13:31:31.001219435Z 13:31:31.000880 recvmsg(8, {msg_name={sa_family=AF_NETLINK, nl_pid=0, nl_groups=00000000}, msg_namelen=12, msg_iov=[{iov_base={{len=20, type=NLMSG_DONE, flags=NLM_F_MULTI, seq=1684416690, pid=70}, 0}, iov_len=4096}], msg_iovlen=1, msg_controllen=0, msg_flags=0}, 0) = 20
2023-05-18T13:31:31.002118301Z 13:31:31.001751 socket(AF_UNIX, SOCK_STREAM|SOCK_CLOEXEC|SOCK_NONBLOCK, 0) = 8
2023-05-18T13:31:31.002217602Z 13:31:31.001994 connect(8, {sa_family=AF_UNIX, sun_path="/var/run/nscd/socket"}, 110) = -1 ENOENT (No such file or directory)
2023-05-18T13:31:31.002345708Z 13:31:31.002158 socket(AF_UNIX, SOCK_STREAM|SOCK_CLOEXEC|SOCK_NONBLOCK, 0) = 8
2023-05-18T13:31:31.002357051Z 13:31:31.002225 connect(8, {sa_family=AF_UNIX, sun_path="/var/run/nscd/socket"}, 110) = -1 ENOENT (No such file or directory)
2023-05-18T13:31:31.004916810Z 13:31:31.004558 socket(AF_INET, SOCK_DGRAM|SOCK_CLOEXEC|SOCK_NONBLOCK, IPPROTO_IP) = 8
2023-05-18T13:31:31.004952897Z 13:31:31.004671 connect(8, {sa_family=AF_INET, sin_port=htons(53), sin_addr=inet_addr("169.254.169.254")}, 16) = 0
2023-05-18T13:31:31.005591304Z 13:31:31.004832 sendto(8, "C~\1\0\0\1\0\0\0\0\0\0\rflux-sample-0\fflux-"..., 76, MSG_NOSIGNAL, NULL, 0) = 76
2023-05-18T13:31:31.009699605Z 13:31:31.009345 recvfrom(8, "C~\201\203\0\1\0\0\0\1\0\0\rflux-sample-0\fflux-"..., 1024, 0, {sa_family=AF_INET, sin_port=htons(53), sin_addr=inet_addr("169.254.169.254")}, [28->16]) = 172
2023-05-18T13:31:31.009730621Z 13:31:31.009553 socket(AF_INET, SOCK_DGRAM|SOCK_CLOEXEC|SOCK_NONBLOCK, IPPROTO_IP) = 8
2023-05-18T13:31:31.009834366Z 13:31:31.009615 connect(8, {sa_family=AF_INET, sin_port=htons(53), sin_addr=inet_addr("169.254.169.254")}, 16) = 0
2023-05-18T13:31:31.009970773Z 13:31:31.009715 sendto(8, "\306\25\1\0\0\1\0\0\0\0\0\0\rflux-sample-0\fflux-"..., 108, MSG_NOSIGNAL, NULL, 0) = 108
2023-05-18T13:31:31.014072806Z 13:31:31.013812 recvfrom(8, "\306\25\201\203\0\1\0\0\0\1\0\0\rflux-sample-0\fflux-"..., 1024, 0, {sa_family=AF_INET, sin_port=htons(53), sin_addr=inet_addr("169.254.169.254")}, [28->16]) = 204
2023-05-18T13:31:31.014402163Z 13:31:31.014235 socket(AF_INET, SOCK_DGRAM|SOCK_CLOEXEC|SOCK_NONBLOCK, IPPROTO_IP) = 8
2023-05-18T13:31:31.014519795Z 13:31:31.014349 connect(8, {sa_family=AF_INET, sin_port=htons(53), sin_addr=inet_addr("169.254.169.254")}, 16) = 0
2023-05-18T13:31:31.014843955Z 13:31:31.014548 sendto(8, "\350+\1\0\0\1\0\0\0\0\0\0\rflux-sample-0\fflux-"..., 94, MSG_NOSIGNAL, NULL, 0) = 94
2023-05-18T13:31:31.019217461Z 13:31:31.018909 recvfrom(8, "\350+\201\203\0\1\0\0\0\1\0\0\rflux-sample-0\fflux-"..., 1024, 0, {sa_family=AF_INET, sin_port=htons(53), sin_addr=inet_addr("169.254.169.254")}, [28->16]) = 190
2023-05-18T13:31:31.019438291Z 13:31:31.019196 socket(AF_INET, SOCK_DGRAM|SOCK_CLOEXEC|SOCK_NONBLOCK, IPPROTO_IP) = 8
2023-05-18T13:31:31.019452966Z 13:31:31.019275 connect(8, {sa_family=AF_INET, sin_port=htons(53), sin_addr=inet_addr("169.254.169.254")}, 16) = 0
2023-05-18T13:31:31.019601858Z 13:31:31.019388 sendto(8, "*\205\1\0\0\1\0\0\0\0\0\0\rflux-sample-0\fflux-"..., 90, MSG_NOSIGNAL, NULL, 0) = 90
2023-05-18T13:31:31.024150708Z 13:31:31.023840 recvfrom(8, "*\205\201\203\0\1\0\0\0\1\0\0\rflux-sample-0\fflux-"..., 1024, 0, {sa_family=AF_INET, sin_port=htons(53), sin_addr=inet_addr("169.254.169.254")}, [28->16]) = 186
2023-05-18T13:31:31.024538335Z 13:31:31.024043 socket(AF_INET, SOCK_DGRAM|SOCK_CLOEXEC|SOCK_NONBLOCK, IPPROTO_IP) = 8
2023-05-18T13:31:31.024560463Z 13:31:31.024142 connect(8, {sa_family=AF_INET, sin_port=htons(53), sin_addr=inet_addr("169.254.169.254")}, 16) = 0
2023-05-18T13:31:31.025157266Z 13:31:31.024517 sendto(8, "*\235\1\0\0\1\0\0\0\0\0\0\rflux-sample-0\fflux-"..., 111, MSG_NOSIGNAL, NULL, 0) = 111
2023-05-18T13:31:31.044194079Z 13:31:31.043770 recvfrom(8, "*\235\201\203\0\1\0\0\0\1\0\0\rflux-sample-0\fflux-"..., 1024, 0, {sa_family=AF_INET, sin_port=htons(53), sin_addr=inet_addr("169.254.169.254")}, [28->16]) = 205
2023-05-18T13:31:31.044395230Z 13:31:31.044018 socket(AF_INET, SOCK_DGRAM|SOCK_CLOEXEC|SOCK_NONBLOCK, IPPROTO_IP) = 8
2023-05-18T13:31:31.044408756Z 13:31:31.044161 connect(8, {sa_family=AF_INET, sin_port=htons(53), sin_addr=inet_addr("169.254.169.254")}, 16) = 0
2023-05-18T13:31:31.044634024Z 13:31:31.044305 sendto(8, "\335\232\1\0\0\1\0\0\0\0\0\0\rflux-sample-0\fflux-"..., 97, MSG_NOSIGNAL, NULL, 0) = 97
2023-05-18T13:31:31.050722657Z 13:31:31.050480 recvfrom(8, "\335\232\201\203\0\1\0\0\0\1\0\0\rflux-sample-0\fflux-"..., 1024, 0, {sa_family=AF_INET, sin_port=htons(53), sin_addr=inet_addr("169.254.169.254")}, [28->16]) = 186
2023-05-18T13:31:31.051006359Z 13:31:31.050859 socket(AF_INET, SOCK_DGRAM|SOCK_CLOEXEC|SOCK_NONBLOCK, IPPROTO_IP) = 8
2023-05-18T13:31:31.051133132Z 13:31:31.050963 connect(8, {sa_family=AF_INET, sin_port=htons(53), sin_addr=inet_addr("169.254.169.254")}, 16) = 0
2023-05-18T13:31:31.051312493Z 13:31:31.051099 sendto(8, "%\221\1\0\0\1\0\0\0\0\0\0\rflux-sample-0\fflux-"..., 92, MSG_NOSIGNAL, NULL, 0) = 92
2023-05-18T13:31:31.058250280Z 13:31:31.057958 recvfrom(8, "%\221\201\203\0\1\0\0\0\1\0\0\rflux-sample-0\fflux-"..., 1024, 0, {sa_family=AF_INET, sin_port=htons(53), sin_addr=inet_addr("169.254.169.254")}, [28->16]) = 181
2023-05-18T13:31:31.058515194Z broker.err[2]: Warning: unable to resolve upstream peer flux-sample-0.flux-service.flux-operator.svc.cluster.local: Name or service not known
2023-05-18T13:31:31.066292515Z broker.info[2]: start: none->join 2.8337ms
2023-05-18T13:31:32.257279329Z broker.info[2]: parent-ready: join->init 1.19038s
2023-05-18T13:31:32.258115074Z 13:31:32.257848 socketpair(AF_UNIX, SOCK_STREAM|SOCK_CLOEXEC, 0, [22, 23]) = 0
2023-05-18T13:31:32.258547884Z 13:31:32.258192 socketpair(AF_UNIX, SOCK_STREAM, 0, [24, 25]) = 0
2023-05-18T13:31:32.258955643Z 13:31:32.258665 socketpair(AF_UNIX, SOCK_STREAM, 0, [26, 27]) = 0
2023-05-18T13:31:32.259262181Z 13:31:32.259040 socketpair(AF_UNIX, SOCK_STREAM, 0, [28, 29]) = 0
2023-05-18T13:31:32.287559308Z broker.info[2]: configuration updated
2023-05-18T13:31:32.427158049Z broker.info[2]: rc1.0: running /etc/flux/rc1.d/01-sched-fluxion
2023-05-18T13:31:32.441173214Z broker.info[2]: rc1.0: running /etc/flux/rc1.d/02-cron
2023-05-18T13:31:32.465576006Z broker.info[2]: rc1.0: /etc/flux/rc1 Exited (rc=0) 0.2s
2023-05-18T13:31:32.466266074Z broker.info[2]: rc1-success: init->quorum 0.208245s
2023-05-18T13:31:32.652896590Z broker.info[2]: quorum-full: quorum->run 0.186277s
2023-05-18T13:31:44.397531095Z broker.info[2]: shutdown: run->cleanup 11.7434s
2023-05-18T13:31:44.398991136Z broker.info[2]: cleanup-none: cleanup->shutdown 1.37377ms
2023-05-18T13:31:44.400350799Z broker.info[2]: children-none: shutdown->finalize 1.10891ms
2023-05-18T13:31:44.400749682Z 13:31:44.400434 socketpair(AF_UNIX, SOCK_STREAM|SOCK_CLOEXEC, 0, [22, 23]) = 0
2023-05-18T13:31:44.401101721Z 13:31:44.400661 socketpair(AF_UNIX, SOCK_STREAM, 0, [24, 25]) = 0
2023-05-18T13:31:44.401303796Z 13:31:44.400908 socketpair(AF_UNIX, SOCK_STREAM, 0, [26, 28]) = 0
2023-05-18T13:31:44.401568591Z 13:31:44.401155 socketpair(AF_UNIX, SOCK_STREAM, 0, [58, 59]) = 0
2023-05-18T13:31:44.420267319Z broker.info[2]: rc3.0: running /etc/flux/rc3.d/01-sched-fluxion
2023-05-18T13:31:44.566646061Z broker.info[2]: rc3.0: /etc/flux/rc3 Exited (rc=0) 0.2s
2023-05-18T13:31:44.567654903Z broker.info[2]: rc3-success: finalize->goodbye 0.167046s
2023-05-18T13:31:44.569000670Z broker.info[2]: goodbye: goodbye->exit 1.04849ms
2023-05-18T13:31:44.577105842Z 13:31:44.576918 +++ exited with 0 +++
2023-05-18T13:31:44.578617534Z Return value for follower worker is 0
2023-05-18T13:31:44.578725796Z The follower worker exited cleanly. Goodbye!
