2023-05-18T12:30:24.277789053Z
2023-05-18T12:30:24.277827144Z Flux username: flux
2023-05-18T12:30:24.277835020Z
2023-05-18T12:30:24.277841094Z Flux install root: /usr
2023-05-18T12:30:24.336431418Z flux user is already added.
2023-05-18T12:30:24.346313508Z flux user identifiers:
2023-05-18T12:30:24.346335206Z uid=1234(flux) gid=1234(flux) groups=1234(flux)
2023-05-18T12:30:24.346342975Z
2023-05-18T12:30:24.346350919Z As Flux prefix for flux commands: sudo -u flux -E PYTHONPATH=/opt/conda/lib/python3.10/site-packages -E PATH=/opt/conda/bin:/usr/local/sbin:/usr/local/bin:/usr/sbin:/usr/bin:/sbin:/bin -E LD_LIBRARY_PATH=/opt/conda/lib -E HOME=/home/flux
2023-05-18T12:30:24.350398879Z
2023-05-18T12:30:24.350420913Z 👋 Hello, I'm flux-sample-1
2023-05-18T12:30:24.350429730Z The main host is flux-sample-0
2023-05-18T12:30:24.350438019Z The working directory is /home/flux/examples/reaxff/HNS, contents include:
2023-05-18T12:30:24.353911973Z /home/flux/examples/reaxff/HNS:
2023-05-18T12:30:24.353931632Z README.txt	ffield.reax.hns  log.8Mar18.reaxc.hns.g++.1
2023-05-18T12:30:24.353943015Z data.hns-equil	in.reaxc.hns	 log.8Mar18.reaxc.hns.g++.4
2023-05-18T12:30:24.353951032Z End of file listing, if you see nothing above there are no files.
2023-05-18T12:30:24.356195669Z flux R encode --hosts=flux-sample-[0-3]
2023-05-18T12:30:24.373423674Z
2023-05-18T12:30:24.373445203Z 📦 Resources
2023-05-18T12:30:24.374427376Z {"version": 1, "execution": {"R_lite": [{"rank": "0-3", "children": {"core": "0"}}], "starttime": 0.0, "expiration": 0.0, "nodelist": ["flux-sample-[0-3]"]}}
2023-05-18T12:30:24.374760964Z
2023-05-18T12:30:24.374788704Z 🐸 Diagnostics: false
2023-05-18T12:30:24.374959911Z 🚩️ Flux Option Flags defined
2023-05-18T12:30:24.379606257Z
2023-05-18T12:30:24.379626066Z 🦊 Independent Minister of Privilege
2023-05-18T12:30:24.381009002Z [exec]
2023-05-18T12:30:24.381024792Z allowed-users = [ "flux", "root" ]
2023-05-18T12:30:24.381032296Z allowed-shells = [ "/usr/libexec/flux/flux-shell" ]
2023-05-18T12:30:24.381401808Z
2023-05-18T12:30:24.381418605Z 🐸 Broker Configuration
2023-05-18T12:30:24.382996074Z # Flux needs to know the path to the IMP executable
2023-05-18T12:30:24.383014678Z [exec]
2023-05-18T12:30:24.383022989Z imp = "/usr/libexec/flux/flux-imp"
2023-05-18T12:30:24.383029931Z
2023-05-18T12:30:24.383036708Z [access]
2023-05-18T12:30:24.383044183Z allow-guest-user = true
2023-05-18T12:30:24.383050828Z allow-root-owner = true
2023-05-18T12:30:24.383058263Z
2023-05-18T12:30:24.383065491Z # Point to resource definition generated with flux-R(1).
2023-05-18T12:30:24.383082491Z [resource]
2023-05-18T12:30:24.383089453Z path = "/etc/flux/system/R"
2023-05-18T12:30:24.383095459Z
2023-05-18T12:30:24.383101138Z [bootstrap]
2023-05-18T12:30:24.383107793Z curve_cert = "/etc/curve/curve.cert"
2023-05-18T12:30:24.383116417Z default_port = 8050
2023-05-18T12:30:24.383124395Z default_bind = "tcp://eth0:%p"
2023-05-18T12:30:24.383131855Z default_connect = "tcp://%h.flux-service.flux-operator.svc.cluster.local:%p"
2023-05-18T12:30:24.383138559Z hosts = [
2023-05-18T12:30:24.383145121Z 	{ host="flux-sample-[0-3]"},
2023-05-18T12:30:24.383174947Z ]
2023-05-18T12:30:24.383181516Z
2023-05-18T12:30:24.383188411Z [archive]
2023-05-18T12:30:24.383196046Z dbpath = "/var/lib/flux/job-archive.sqlite"
2023-05-18T12:30:24.383203332Z period = "1m"
2023-05-18T12:30:24.458625921Z busytimeout = "50s"
2023-05-18T12:30:24.461411331Z 🧊️ State Directory:
2023-05-18T12:30:24.461462469Z total 0
2023-05-18T12:30:24.461472415Z
2023-05-18T12:30:24.461588860Z
2023-05-18T12:30:24.462209154Z 🔒️ Working directory permissions:
2023-05-18T12:30:24.462225488Z total 96
2023-05-18T12:30:24.462251751Z -rwxrwxrwx 1 flux root  2517 May 17 22:32 README.txt
2023-05-18T12:30:24.462262160Z -rwxrwxrwx 1 flux root 54692 May 17 22:32 data.hns-equil
2023-05-18T12:30:24.462269769Z -rwxrwxrwx 1 flux root 13576 May 17 22:32 ffield.reax.hns
2023-05-18T12:30:24.462276641Z -rwxrwxrwx 1 flux root   870 May 17 22:32 in.reaxc.hns
2023-05-18T12:30:24.462283615Z -rwxrwxrwx 1 flux root  4172 May 17 22:32 log.8Mar18.reaxc.hns.g++.1
2023-05-18T12:30:24.462298304Z -rwxrwxrwx 1 flux root  4168 May 17 22:32 log.8Mar18.reaxc.hns.g++.4
2023-05-18T12:30:24.462334679Z
2023-05-18T12:30:24.462558974Z
2023-05-18T12:30:24.462573890Z ✨ Curve certificate generated by helper pod
2023-05-18T12:30:24.474347085Z #   ****  Generated on 2023-04-26 22:54:42 by CZMQ  ****
2023-05-18T12:30:24.474365057Z #   ZeroMQ CURVE **Secret** Certificate
2023-05-18T12:30:24.474371321Z #   DO NOT PROVIDE THIS FILE TO OTHER USERS nor change its permissions.
2023-05-18T12:30:24.474378378Z
2023-05-18T12:30:24.474384985Z metadata
2023-05-18T12:30:24.474390621Z     name = "flux-cert-generator"
2023-05-18T12:30:24.474395430Z     keygen.hostname = "flux-sample-0"
2023-05-18T12:30:24.474400288Z curve
2023-05-18T12:30:24.474405461Z     public-key = "E2X@wPc*F{Auyni)#gQu5^x)Rfn.HmN+@sc?@N3i"
2023-05-18T12:30:24.474410174Z     secret-key = "NZA2(H1vI<CU]GgGy?)bKT+yT3W&[tX/%Y:@2ZhM"
2023-05-18T12:30:24.474414837Z
2023-05-18T12:30:24.474422214Z 🌀  flux start --wrap=strace,-e,network,-tt -o --config /etc/flux/config -Scron.directory=/etc/flux/system/cron.d   -Stbon.fanout=256   -Srundir=/run/flux    -Sstatedir=/var/lib/flux   -Slocal-uri=local:///run/flux/local -Stbon.connect_timeout=2s  -Stbon.zmqdebug=1  -Slog-stderr-level=6    -Slog-stderr-mode=local
2023-05-18T12:30:24.514220411Z 12:30:24.514006 socket(AF_NETLINK, SOCK_RAW, NETLINK_ROUTE) = 8
2023-05-18T12:30:24.514524624Z 12:30:24.514324 bind(8, {sa_family=AF_NETLINK, nl_pid=0, nl_groups=00000000}, 12) = 0
2023-05-18T12:30:24.514865301Z 12:30:24.514603 getsockname(8, {sa_family=AF_NETLINK, nl_pid=70, nl_groups=00000000}, [12]) = 0
2023-05-18T12:30:24.515410513Z 12:30:24.514817 sendto(8, {{len=20, type=RTM_GETADDR, flags=NLM_F_REQUEST|NLM_F_DUMP, seq=1684413024, pid=0}, {ifa_family=AF_UNSPEC, ...}}, 20, 0, {sa_family=AF_NETLINK, nl_pid=0, nl_groups=00000000}, 12) = 20
2023-05-18T12:30:24.516051102Z 12:30:24.515350 recvmsg(8, {msg_name={sa_family=AF_NETLINK, nl_pid=0, nl_groups=00000000}, msg_namelen=12, msg_iov=[{iov_base=[{{len=76, type=RTM_NEWADDR, flags=NLM_F_MULTI, seq=1684413024, pid=70}, {ifa_family=AF_INET, ifa_prefixlen=8, ifa_flags=IFA_F_PERMANENT, ifa_scope=RT_SCOPE_HOST, ifa_index=if_nametoindex("lo")}, [{{nla_len=8, nla_type=IFA_ADDRESS}, 127.0.0.1}, {{nla_len=8, nla_type=IFA_LOCAL}, 127.0.0.1}, {{nla_len=7, nla_type=IFA_LABEL}, "lo"}, {{nla_len=8, nla_type=IFA_FLAGS}, IFA_F_PERMANENT}, {{nla_len=20, nla_type=IFA_CACHEINFO}, {ifa_prefered=4294967295, ifa_valid=4294967295, cstamp=1876951, tstamp=1876951}}]}, {{len=88, type=RTM_NEWADDR, flags=NLM_F_MULTI, seq=1684413024, pid=70}, {ifa_family=AF_INET, ifa_prefixlen=24, ifa_flags=IFA_F_PERMANENT, ifa_scope=RT_SCOPE_UNIVERSE, ifa_index=if_nametoindex("eth0")}, [{{nla_len=8, nla_type=IFA_ADDRESS}, 10.24.0.12}, {{nla_len=8, nla_type=IFA_LOCAL}, 10.24.0.12}, {{nla_len=8, nla_type=IFA_BROADCAST}, 10.24.0.255}, {{nla_len=9, nla_type=IFA_LABEL}, "eth0"}, {{nla_len=8, nla_type=IFA_FLAGS}, IFA_F_PERMANENT}, {{nla_len=20, nla_type=IFA_CACHEINFO}, {ifa_prefered=4294967295, ifa_valid=4294967295, cstamp=1876955, tstamp=1876955}}]}], iov_len=4096}], msg_iovlen=1, msg_controllen=0, msg_flags=0}, 0) = 164
2023-05-18T12:30:24.516473694Z 12:30:24.516145 recvmsg(8, {msg_name={sa_family=AF_NETLINK, nl_pid=0, nl_groups=00000000}, msg_namelen=12, msg_iov=[{iov_base={{len=20, type=NLMSG_DONE, flags=NLM_F_MULTI, seq=1684413024, pid=70}, 0}, iov_len=4096}], msg_iovlen=1, msg_controllen=0, msg_flags=0}, 0) = 20
2023-05-18T12:30:24.517390423Z 12:30:24.517271 socket(AF_UNIX, SOCK_STREAM|SOCK_CLOEXEC|SOCK_NONBLOCK, 0) = 8
2023-05-18T12:30:24.517733477Z 12:30:24.517480 connect(8, {sa_family=AF_UNIX, sun_path="/var/run/nscd/socket"}, 110) = -1 ENOENT (No such file or directory)
2023-05-18T12:30:24.518015424Z 12:30:24.517878 socket(AF_UNIX, SOCK_STREAM|SOCK_CLOEXEC|SOCK_NONBLOCK, 0) = 8
2023-05-18T12:30:24.518304482Z 12:30:24.518091 connect(8, {sa_family=AF_UNIX, sun_path="/var/run/nscd/socket"}, 110) = -1 ENOENT (No such file or directory)
2023-05-18T12:30:24.520223999Z 12:30:24.520022 socket(AF_INET, SOCK_DGRAM|SOCK_CLOEXEC|SOCK_NONBLOCK, IPPROTO_IP) = 8
2023-05-18T12:30:24.520321582Z 12:30:24.520101 connect(8, {sa_family=AF_INET, sin_port=htons(53), sin_addr=inet_addr("169.254.169.254")}, 16) = 0
2023-05-18T12:30:24.520870753Z 12:30:24.520377 sendto(8, "5\241\1\0\0\1\0\0\0\0\0\0\rflux-sample-0\fflux-"..., 76, MSG_NOSIGNAL, NULL, 0) = 76
2023-05-18T12:30:24.524794642Z 12:30:24.524574 recvfrom(8, "5\241\201\203\0\1\0\0\0\1\0\0\rflux-sample-0\fflux-"..., 1024, 0, {sa_family=AF_INET, sin_port=htons(53), sin_addr=inet_addr("169.254.169.254")}, [28->16]) = 172
2023-05-18T12:30:24.524978320Z 12:30:24.524783 socket(AF_INET, SOCK_DGRAM|SOCK_CLOEXEC|SOCK_NONBLOCK, IPPROTO_IP) = 8
2023-05-18T12:30:24.525130040Z 12:30:24.524893 connect(8, {sa_family=AF_INET, sin_port=htons(53), sin_addr=inet_addr("169.254.169.254")}, 16) = 0
2023-05-18T12:30:24.525316809Z 12:30:24.525065 sendto(8, "\233\316\1\0\0\1\0\0\0\0\0\0\rflux-sample-0\fflux-"..., 108, MSG_NOSIGNAL, NULL, 0) = 108
2023-05-18T12:30:24.528380190Z 12:30:24.528141 recvfrom(8, "\233\316\201\203\0\1\0\0\0\1\0\0\rflux-sample-0\fflux-"..., 1024, 0, {sa_family=AF_INET, sin_port=htons(53), sin_addr=inet_addr("169.254.169.254")}, [28->16]) = 204
2023-05-18T12:30:24.528542715Z 12:30:24.528340 socket(AF_INET, SOCK_DGRAM|SOCK_CLOEXEC|SOCK_NONBLOCK, IPPROTO_IP) = 8
2023-05-18T12:30:24.528619714Z 12:30:24.528433 connect(8, {sa_family=AF_INET, sin_port=htons(53), sin_addr=inet_addr("169.254.169.254")}, 16) = 0
2023-05-18T12:30:24.528783721Z 12:30:24.528578 sendto(8, "\371\251\1\0\0\1\0\0\0\0\0\0\rflux-sample-0\fflux-"..., 94, MSG_NOSIGNAL, NULL, 0) = 94
2023-05-18T12:30:24.531212708Z 12:30:24.531008 recvfrom(8, "\371\251\201\203\0\1\0\0\0\1\0\0\rflux-sample-0\fflux-"..., 1024, 0, {sa_family=AF_INET, sin_port=htons(53), sin_addr=inet_addr("169.254.169.254")}, [28->16]) = 190
2023-05-18T12:30:24.531344520Z 12:30:24.531193 socket(AF_INET, SOCK_DGRAM|SOCK_CLOEXEC|SOCK_NONBLOCK, IPPROTO_IP) = 8
2023-05-18T12:30:24.531487428Z 12:30:24.531316 connect(8, {sa_family=AF_INET, sin_port=htons(53), sin_addr=inet_addr("169.254.169.254")}, 16) = 0
2023-05-18T12:30:24.531690372Z 12:30:24.531459 sendto(8, "\253\274\1\0\0\1\0\0\0\0\0\0\rflux-sample-0\fflux-"..., 90, MSG_NOSIGNAL, NULL, 0) = 90
2023-05-18T12:30:24.534503283Z 12:30:24.534282 recvfrom(8, "\253\274\201\203\0\1\0\0\0\1\0\0\rflux-sample-0\fflux-"..., 1024, 0, {sa_family=AF_INET, sin_port=htons(53), sin_addr=inet_addr("169.254.169.254")}, [28->16]) = 186
2023-05-18T12:30:24.534587341Z 12:30:24.534461 socket(AF_INET, SOCK_DGRAM|SOCK_CLOEXEC|SOCK_NONBLOCK, IPPROTO_IP) = 8
2023-05-18T12:30:24.534692456Z 12:30:24.534547 connect(8, {sa_family=AF_INET, sin_port=htons(53), sin_addr=inet_addr("169.254.169.254")}, 16) = 0
2023-05-18T12:30:24.534896666Z 12:30:24.534698 sendto(8, "\331k\1\0\0\1\0\0\0\0\0\0\rflux-sample-0\fflux-"..., 111, MSG_NOSIGNAL, NULL, 0) = 111
2023-05-18T12:30:24.540259415Z 12:30:24.539987 recvfrom(8, "\331k\201\203\0\1\0\0\0\1\0\0\rflux-sample-0\fflux-"..., 1024, 0, {sa_family=AF_INET, sin_port=htons(53), sin_addr=inet_addr("169.254.169.254")}, [28->16]) = 205
2023-05-18T12:30:24.540370565Z 12:30:24.540207 socket(AF_INET, SOCK_DGRAM|SOCK_CLOEXEC|SOCK_NONBLOCK, IPPROTO_IP) = 8
2023-05-18T12:30:24.540518282Z 12:30:24.540318 connect(8, {sa_family=AF_INET, sin_port=htons(53), sin_addr=inet_addr("169.254.169.254")}, 16) = 0
2023-05-18T12:30:24.540755353Z 12:30:24.540534 sendto(8, "\303\23\1\0\0\1\0\0\0\0\0\0\rflux-sample-0\fflux-"..., 97, MSG_NOSIGNAL, NULL, 0) = 97
2023-05-18T12:30:24.545502400Z 12:30:24.545322 recvfrom(8, "\303\23\201\203\0\1\0\0\0\1\0\0\rflux-sample-0\fflux-"..., 1024, 0, {sa_family=AF_INET, sin_port=htons(53), sin_addr=inet_addr("169.254.169.254")}, [28->16]) = 186
2023-05-18T12:30:24.545782459Z 12:30:24.545486 socket(AF_INET, SOCK_DGRAM|SOCK_CLOEXEC|SOCK_NONBLOCK, IPPROTO_IP) = 8
2023-05-18T12:30:24.545795658Z 12:30:24.545557 connect(8, {sa_family=AF_INET, sin_port=htons(53), sin_addr=inet_addr("169.254.169.254")}, 16) = 0
2023-05-18T12:30:24.549131918Z 12:30:24.545657 sendto(8, "O]\1\0\0\1\0\0\0\0\0\0\rflux-sample-0\fflux-"..., 92, MSG_NOSIGNAL, NULL, 0) = 92
2023-05-18T12:30:24.555480590Z 12:30:24.555278 recvfrom(8, "O]\201\203\0\1\0\0\0\1\0\0\rflux-sample-0\fflux-"..., 1024, 0, {sa_family=AF_INET, sin_port=htons(53), sin_addr=inet_addr("169.254.169.254")}, [28->16]) = 181
2023-05-18T12:30:24.555589929Z broker.err[1]: Warning: unable to resolve upstream peer flux-sample-0.flux-service.flux-operator.svc.cluster.local: Name or service not known
2023-05-18T12:30:24.560391880Z broker.info[1]: start: none->join 1.95019ms
2023-05-18T12:30:26.851091319Z broker.info[1]: parent-ready: join->init 2.29052s
2023-05-18T12:30:26.851557883Z 12:30:26.851177 socketpair(AF_UNIX, SOCK_STREAM|SOCK_CLOEXEC, 0, [22, 23]) = 0
2023-05-18T12:30:26.851920536Z 12:30:26.851475 socketpair(AF_UNIX, SOCK_STREAM, 0, [24, 25]) = 0
2023-05-18T12:30:26.852012833Z 12:30:26.851771 socketpair(AF_UNIX, SOCK_STREAM, 0, [26, 27]) = 0
2023-05-18T12:30:26.852263332Z 12:30:26.852058 socketpair(AF_UNIX, SOCK_STREAM, 0, [28, 29]) = 0
2023-05-18T12:30:26.876274756Z broker.info[1]: configuration updated
2023-05-18T12:30:26.993710880Z broker.info[1]: rc1.0: running /etc/flux/rc1.d/01-sched-fluxion
2023-05-18T12:30:27.004280473Z broker.info[1]: rc1.0: running /etc/flux/rc1.d/02-cron
2023-05-18T12:30:27.025872890Z broker.info[1]: rc1.0: /etc/flux/rc1 Exited (rc=0) 0.2s
2023-05-18T12:30:27.026747097Z broker.info[1]: rc1-success: init->quorum 0.175421s
2023-05-18T12:30:27.241546588Z broker.info[1]: quorum-full: quorum->run 0.214591s
2023-05-18T12:30:39.167375671Z broker.info[1]: shutdown: run->cleanup 11.9255s
2023-05-18T12:30:39.169430166Z broker.info[1]: cleanup-none: cleanup->shutdown 1.40062ms
2023-05-18T12:30:39.170286294Z broker.info[1]: children-none: shutdown->finalize 1.02861ms
2023-05-18T12:30:39.170588643Z 12:30:39.170320 socketpair(AF_UNIX, SOCK_STREAM|SOCK_CLOEXEC, 0, [22, 23]) = 0
2023-05-18T12:30:39.170771331Z 12:30:39.170547 socketpair(AF_UNIX, SOCK_STREAM, 0, [24, 25]) = 0
2023-05-18T12:30:39.171264141Z 12:30:39.170910 socketpair(AF_UNIX, SOCK_STREAM, 0, [26, 28]) = 0
2023-05-18T12:30:39.171454120Z 12:30:39.171276 socketpair(AF_UNIX, SOCK_STREAM, 0, [58, 59]) = 0
2023-05-18T12:30:39.189275419Z broker.info[1]: rc3.0: running /etc/flux/rc3.d/01-sched-fluxion
2023-05-18T12:30:39.298404038Z broker.info[1]: rc3.0: /etc/flux/rc3 Exited (rc=0) 0.1s
2023-05-18T12:30:39.299428029Z broker.info[1]: rc3-success: finalize->goodbye 0.128927s
2023-05-18T12:30:39.300817905Z broker.info[1]: goodbye: goodbye->exit 0.907251ms
2023-05-18T12:30:39.308500912Z 12:30:39.308354 +++ exited with 0 +++
2023-05-18T12:30:39.309765871Z Return value for follower worker is 0
2023-05-18T12:30:39.309890565Z The follower worker exited cleanly. Goodbye!
