2023-05-18T12:42:46.147349552Z
2023-05-18T12:42:46.148054533Z Flux username: flux
2023-05-18T12:42:46.148069502Z
2023-05-18T12:42:46.148116663Z Flux install root: /usr
2023-05-18T12:42:46.193081878Z flux user is already added.
2023-05-18T12:42:46.195862168Z flux user identifiers:
2023-05-18T12:42:46.195881921Z uid=1234(flux) gid=1234(flux) groups=1234(flux)
2023-05-18T12:42:46.196009727Z
2023-05-18T12:42:46.196024110Z As Flux prefix for flux commands: sudo -u flux -E PYTHONPATH=/opt/conda/lib/python3.10/site-packages -E PATH=/opt/conda/bin:/usr/local/sbin:/usr/local/bin:/usr/sbin:/usr/bin:/sbin:/bin -E LD_LIBRARY_PATH=/opt/conda/lib -E HOME=/home/flux
2023-05-18T12:42:46.204547865Z
2023-05-18T12:42:46.204569209Z ðŸ‘‹ Hello, I'm flux-sample-1
2023-05-18T12:42:46.204626895Z The main host is flux-sample-0
2023-05-18T12:42:46.204638694Z The working directory is /home/flux/examples/reaxff/HNS, contents include:
2023-05-18T12:42:46.206362692Z /home/flux/examples/reaxff/HNS:
2023-05-18T12:42:46.206528303Z README.txt	ffield.reax.hns  log.8Mar18.reaxc.hns.g++.1
2023-05-18T12:42:46.206540260Z data.hns-equil	in.reaxc.hns	 log.8Mar18.reaxc.hns.g++.4
2023-05-18T12:42:46.206777599Z End of file listing, if you see nothing above there are no files.
2023-05-18T12:42:46.209019966Z flux R encode --hosts=flux-sample-[0-3]
2023-05-18T12:42:46.223079337Z
2023-05-18T12:42:46.223098859Z ðŸ“¦ Resources
2023-05-18T12:42:46.224725219Z {"version": 1, "execution": {"R_lite": [{"rank": "0-3", "children": {"core": "0"}}], "starttime": 0.0, "expiration": 0.0, "nodelist": ["flux-sample-[0-3]"]}}
2023-05-18T12:42:46.224997746Z
2023-05-18T12:42:46.225013692Z ðŸ¸ Diagnostics: false
2023-05-18T12:42:46.225210574Z ðŸš©ï¸ Flux Option Flags defined
2023-05-18T12:42:46.229176330Z
2023-05-18T12:42:46.229202976Z ðŸ¦Š Independent Minister of Privilege
2023-05-18T12:42:46.230416860Z [exec]
2023-05-18T12:42:46.230432125Z allowed-users = [ "flux", "root" ]
2023-05-18T12:42:46.230438115Z allowed-shells = [ "/usr/libexec/flux/flux-shell" ]
2023-05-18T12:42:46.230618700Z
2023-05-18T12:42:46.230631183Z ðŸ¸ Broker Configuration
2023-05-18T12:42:46.231980331Z # Flux needs to know the path to the IMP executable
2023-05-18T12:42:46.231995385Z [exec]
2023-05-18T12:42:46.232001198Z imp = "/usr/libexec/flux/flux-imp"
2023-05-18T12:42:46.232008018Z
2023-05-18T12:42:46.232013797Z [access]
2023-05-18T12:42:46.232018883Z allow-guest-user = true
2023-05-18T12:42:46.232023680Z allow-root-owner = true
2023-05-18T12:42:46.232028302Z
2023-05-18T12:42:46.232033134Z # Point to resource definition generated with flux-R(1).
2023-05-18T12:42:46.232037765Z [resource]
2023-05-18T12:42:46.232042642Z path = "/etc/flux/system/R"
2023-05-18T12:42:46.232048760Z
2023-05-18T12:42:46.232054954Z [bootstrap]
2023-05-18T12:42:46.232060870Z curve_cert = "/etc/curve/curve.cert"
2023-05-18T12:42:46.232066426Z default_port = 8050
2023-05-18T12:42:46.232071399Z default_bind = "tcp://eth0:%p"
2023-05-18T12:42:46.232077316Z default_connect = "tcp://%h.flux-service.flux-operator.svc.cluster.local:%p"
2023-05-18T12:42:46.232082085Z hosts = [
2023-05-18T12:42:46.232086820Z 	{ host="flux-sample-[0-3]"},
2023-05-18T12:42:46.232093757Z ]
2023-05-18T12:42:46.232099054Z
2023-05-18T12:42:46.232103738Z [archive]
2023-05-18T12:42:46.232108565Z dbpath = "/var/lib/flux/job-archive.sqlite"
2023-05-18T12:42:46.232113285Z period = "1m"
2023-05-18T12:42:46.305588508Z busytimeout = "50s"
2023-05-18T12:42:46.305611331Z ðŸ§Šï¸ State Directory:
2023-05-18T12:42:46.305619421Z total 0
2023-05-18T12:42:46.305625472Z
2023-05-18T12:42:46.308426250Z
2023-05-18T12:42:46.308458765Z ðŸ”’ï¸ Working directory permissions:
2023-05-18T12:42:46.308565511Z total 96
2023-05-18T12:42:46.308575983Z -rwxrwxrwx 1 flux root  2517 May 17 22:32 README.txt
2023-05-18T12:42:46.308581376Z -rwxrwxrwx 1 flux root 54692 May 17 22:32 data.hns-equil
2023-05-18T12:42:46.308586319Z -rwxrwxrwx 1 flux root 13576 May 17 22:32 ffield.reax.hns
2023-05-18T12:42:46.308593386Z -rwxrwxrwx 1 flux root   870 May 17 22:32 in.reaxc.hns
2023-05-18T12:42:46.308600755Z -rwxrwxrwx 1 flux root  4172 May 17 22:32 log.8Mar18.reaxc.hns.g++.1
2023-05-18T12:42:46.308606040Z -rwxrwxrwx 1 flux root  4168 May 17 22:32 log.8Mar18.reaxc.hns.g++.4
2023-05-18T12:42:46.308611212Z
2023-05-18T12:42:46.308697808Z
2023-05-18T12:42:46.308709564Z âœ¨ Curve certificate generated by helper pod
2023-05-18T12:42:46.310197111Z #   ****  Generated on 2023-04-26 22:54:42 by CZMQ  ****
2023-05-18T12:42:46.310214557Z #   ZeroMQ CURVE **Secret** Certificate
2023-05-18T12:42:46.310220883Z #   DO NOT PROVIDE THIS FILE TO OTHER USERS nor change its permissions.
2023-05-18T12:42:46.310225998Z
2023-05-18T12:42:46.310243826Z metadata
2023-05-18T12:42:46.310251402Z     name = "flux-cert-generator"
2023-05-18T12:42:46.310256254Z     keygen.hostname = "flux-sample-0"
2023-05-18T12:42:46.310260987Z curve
2023-05-18T12:42:46.310268166Z     public-key = "{z9dmdTFq?=!2[xrn1?62*aYk7&-7s}qhj?QJH&O"
2023-05-18T12:42:46.310274084Z     secret-key = "E2X{aUiJf.irD+y{htrq4NjC:c+w{+7nYU@*]D^1"
2023-05-18T12:42:46.312692535Z
2023-05-18T12:42:46.312724134Z ðŸŒ€  flux start --wrap=strace,-e,network,-tt -o --config /etc/flux/config -Scron.directory=/etc/flux/system/cron.d   -Stbon.fanout=256   -Srundir=/run/flux    -Sstatedir=/var/lib/flux   -Slocal-uri=local:///run/flux/local -Stbon.connect_timeout=3s  -Stbon.zmqdebug=1  -Slog-stderr-level=6    -Slog-stderr-mode=local
2023-05-18T12:42:46.352934428Z 12:42:46.352588 socket(AF_NETLINK, SOCK_RAW, NETLINK_ROUTE) = 8
2023-05-18T12:42:46.353306121Z 12:42:46.353021 bind(8, {sa_family=AF_NETLINK, nl_pid=0, nl_groups=00000000}, 12) = 0
2023-05-18T12:42:46.353574961Z 12:42:46.353403 getsockname(8, {sa_family=AF_NETLINK, nl_pid=70, nl_groups=00000000}, [12]) = 0
2023-05-18T12:42:46.354043590Z 12:42:46.353643 sendto(8, {{len=20, type=RTM_GETADDR, flags=NLM_F_REQUEST|NLM_F_DUMP, seq=1684413766, pid=0}, {ifa_family=AF_UNSPEC, ...}}, 20, 0, {sa_family=AF_NETLINK, nl_pid=0, nl_groups=00000000}, 12) = 20
2023-05-18T12:42:46.354685883Z 12:42:46.354117 recvmsg(8, {msg_name={sa_family=AF_NETLINK, nl_pid=0, nl_groups=00000000}, msg_namelen=12, msg_iov=[{iov_base=[{{len=76, type=RTM_NEWADDR, flags=NLM_F_MULTI, seq=1684413766, pid=70}, {ifa_family=AF_INET, ifa_prefixlen=8, ifa_flags=IFA_F_PERMANENT, ifa_scope=RT_SCOPE_HOST, ifa_index=if_nametoindex("lo")}, [{{nla_len=8, nla_type=IFA_ADDRESS}, 127.0.0.1}, {{nla_len=8, nla_type=IFA_LOCAL}, 127.0.0.1}, {{nla_len=7, nla_type=IFA_LABEL}, "lo"}, {{nla_len=8, nla_type=IFA_FLAGS}, IFA_F_PERMANENT}, {{nla_len=20, nla_type=IFA_CACHEINFO}, {ifa_prefered=4294967295, ifa_valid=4294967295, cstamp=1951144, tstamp=1951144}}]}, {{len=88, type=RTM_NEWADDR, flags=NLM_F_MULTI, seq=1684413766, pid=70}, {ifa_family=AF_INET, ifa_prefixlen=24, ifa_flags=IFA_F_PERMANENT, ifa_scope=RT_SCOPE_UNIVERSE, ifa_index=if_nametoindex("eth0")}, [{{nla_len=8, nla_type=IFA_ADDRESS}, 10.24.0.49}, {{nla_len=8, nla_type=IFA_LOCAL}, 10.24.0.49}, {{nla_len=8, nla_type=IFA_BROADCAST}, 10.24.0.255}, {{nla_len=9, nla_type=IFA_LABEL}, "eth0"}, {{nla_len=8, nla_type=IFA_FLAGS}, IFA_F_PERMANENT}, {{nla_len=20, nla_type=IFA_CACHEINFO}, {ifa_prefered=4294967295, ifa_valid=4294967295, cstamp=1951147, tstamp=1951147}}]}], iov_len=4096}], msg_iovlen=1, msg_controllen=0, msg_flags=0}, 0) = 164
2023-05-18T12:42:46.357637105Z 12:42:46.354679 recvmsg(8, {msg_name={sa_family=AF_NETLINK, nl_pid=0, nl_groups=00000000}, msg_namelen=12, msg_iov=[{iov_base={{len=20, type=NLMSG_DONE, flags=NLM_F_MULTI, seq=1684413766, pid=70}, 0}, iov_len=4096}], msg_iovlen=1, msg_controllen=0, msg_flags=0}, 0) = 20
2023-05-18T12:42:46.357666330Z 12:42:46.355332 socket(AF_UNIX, SOCK_STREAM|SOCK_CLOEXEC|SOCK_NONBLOCK, 0) = 8
2023-05-18T12:42:46.357672716Z 12:42:46.355456 connect(8, {sa_family=AF_UNIX, sun_path="/var/run/nscd/socket"}, 110) = -1 ENOENT (No such file or directory)
2023-05-18T12:42:46.357677989Z 12:42:46.355611 socket(AF_UNIX, SOCK_STREAM|SOCK_CLOEXEC|SOCK_NONBLOCK, 0) = 8
2023-05-18T12:42:46.357682430Z 12:42:46.355721 connect(8, {sa_family=AF_UNIX, sun_path="/var/run/nscd/socket"}, 110) = -1 ENOENT (No such file or directory)
2023-05-18T12:42:46.357689584Z 12:42:46.357054 socket(AF_INET, SOCK_DGRAM|SOCK_CLOEXEC|SOCK_NONBLOCK, IPPROTO_IP) = 8
2023-05-18T12:42:46.357695781Z 12:42:46.357201 connect(8, {sa_family=AF_INET, sin_port=htons(53), sin_addr=inet_addr("169.254.169.254")}, 16) = 0
2023-05-18T12:42:46.357701415Z 12:42:46.357379 sendto(8, "l\330\1\0\0\1\0\0\0\0\0\0\rflux-sample-0\fflux-"..., 76, MSG_NOSIGNAL, NULL, 0) = 76
2023-05-18T12:42:46.360838274Z 12:42:46.360575 recvfrom(8, "l\330\201\203\0\1\0\0\0\1\0\0\rflux-sample-0\fflux-"..., 1024, 0, {sa_family=AF_INET, sin_port=htons(53), sin_addr=inet_addr("169.254.169.254")}, [28->16]) = 172
2023-05-18T12:42:46.361097625Z 12:42:46.360925 socket(AF_INET, SOCK_DGRAM|SOCK_CLOEXEC|SOCK_NONBLOCK, IPPROTO_IP) = 8
2023-05-18T12:42:46.361284720Z 12:42:46.361072 connect(8, {sa_family=AF_INET, sin_port=htons(53), sin_addr=inet_addr("169.254.169.254")}, 16) = 0
2023-05-18T12:42:46.361627704Z 12:42:46.361348 sendto(8, "\212\274\1\0\0\1\0\0\0\0\0\0\rflux-sample-0\fflux-"..., 108, MSG_NOSIGNAL, NULL, 0) = 108
2023-05-18T12:42:46.364478164Z 12:42:46.364283 recvfrom(8, "\212\274\201\203\0\1\0\0\0\1\0\0\rflux-sample-0\fflux-"..., 1024, 0, {sa_family=AF_INET, sin_port=htons(53), sin_addr=inet_addr("169.254.169.254")}, [28->16]) = 204
2023-05-18T12:42:46.364663302Z 12:42:46.364507 socket(AF_INET, SOCK_DGRAM|SOCK_CLOEXEC|SOCK_NONBLOCK, IPPROTO_IP) = 8
2023-05-18T12:42:46.364778724Z 12:42:46.364640 connect(8, {sa_family=AF_INET, sin_port=htons(53), sin_addr=inet_addr("169.254.169.254")}, 16) = 0
2023-05-18T12:42:46.365036603Z 12:42:46.364801 sendto(8, "r\23\1\0\0\1\0\0\0\0\0\0\rflux-sample-0\fflux-"..., 94, MSG_NOSIGNAL, NULL, 0) = 94
2023-05-18T12:42:46.367997177Z 12:42:46.367813 recvfrom(8, "r\23\201\203\0\1\0\0\0\1\0\0\rflux-sample-0\fflux-"..., 1024, 0, {sa_family=AF_INET, sin_port=htons(53), sin_addr=inet_addr("169.254.169.254")}, [28->16]) = 190
2023-05-18T12:42:46.368178048Z 12:42:46.368039 socket(AF_INET, SOCK_DGRAM|SOCK_CLOEXEC|SOCK_NONBLOCK, IPPROTO_IP) = 8
2023-05-18T12:42:46.368351758Z 12:42:46.368171 connect(8, {sa_family=AF_INET, sin_port=htons(53), sin_addr=inet_addr("169.254.169.254")}, 16) = 0
2023-05-18T12:42:46.368567951Z 12:42:46.368359 sendto(8, "W\2\1\0\0\1\0\0\0\0\0\0\rflux-sample-0\fflux-"..., 90, MSG_NOSIGNAL, NULL, 0) = 90
2023-05-18T12:42:46.371792821Z 12:42:46.371603 recvfrom(8, "W\2\201\203\0\1\0\0\0\1\0\0\rflux-sample-0\fflux-"..., 1024, 0, {sa_family=AF_INET, sin_port=htons(53), sin_addr=inet_addr("169.254.169.254")}, [28->16]) = 186
2023-05-18T12:42:46.371984385Z 12:42:46.371813 socket(AF_INET, SOCK_DGRAM|SOCK_CLOEXEC|SOCK_NONBLOCK, IPPROTO_IP) = 8
2023-05-18T12:42:46.372134022Z 12:42:46.371969 connect(8, {sa_family=AF_INET, sin_port=htons(53), sin_addr=inet_addr("169.254.169.254")}, 16) = 0
2023-05-18T12:42:46.372396059Z 12:42:46.372160 sendto(8, "\5\221\1\0\0\1\0\0\0\0\0\0\rflux-sample-0\fflux-"..., 111, MSG_NOSIGNAL, NULL, 0) = 111
2023-05-18T12:42:46.379385163Z 12:42:46.379053 recvfrom(8, "\5\221\201\203\0\1\0\0\0\1\0\0\rflux-sample-0\fflux-"..., 1024, 0, {sa_family=AF_INET, sin_port=htons(53), sin_addr=inet_addr("169.254.169.254")}, [28->16]) = 205
2023-05-18T12:42:46.379528708Z 12:42:46.379349 socket(AF_INET, SOCK_DGRAM|SOCK_CLOEXEC|SOCK_NONBLOCK, IPPROTO_IP) = 8
2023-05-18T12:42:46.379691701Z 12:42:46.379482 connect(8, {sa_family=AF_INET, sin_port=htons(53), sin_addr=inet_addr("169.254.169.254")}, 16) = 0
2023-05-18T12:42:46.380000483Z 12:42:46.379670 sendto(8, "{k\1\0\0\1\0\0\0\0\0\0\rflux-sample-0\fflux-"..., 97, MSG_NOSIGNAL, NULL, 0) = 97
2023-05-18T12:42:46.384525503Z 12:42:46.384354 recvfrom(8, "{k\201\203\0\1\0\0\0\1\0\0\rflux-sample-0\fflux-"..., 1024, 0, {sa_family=AF_INET, sin_port=htons(53), sin_addr=inet_addr("169.254.169.254")}, [28->16]) = 186
2023-05-18T12:42:46.384699695Z 12:42:46.384512 socket(AF_INET, SOCK_DGRAM|SOCK_CLOEXEC|SOCK_NONBLOCK, IPPROTO_IP) = 8
2023-05-18T12:42:46.384709992Z 12:42:46.384581 connect(8, {sa_family=AF_INET, sin_port=htons(53), sin_addr=inet_addr("169.254.169.254")}, 16) = 0
2023-05-18T12:42:46.384900918Z 12:42:46.384684 sendto(8, "\261r\1\0\0\1\0\0\0\0\0\0\rflux-sample-0\fflux-"..., 92, MSG_NOSIGNAL, NULL, 0) = 92
2023-05-18T12:42:46.391799064Z 12:42:46.391608 recvfrom(8, "\261r\201\203\0\1\0\0\0\1\0\0\rflux-sample-0\fflux-"..., 1024, 0, {sa_family=AF_INET, sin_port=htons(53), sin_addr=inet_addr("169.254.169.254")}, [28->16]) = 181
2023-05-18T12:42:46.391990393Z broker.err[1]: Warning: unable to resolve upstream peer flux-sample-0.flux-service.flux-operator.svc.cluster.local: Name or service not known
2023-05-18T12:42:46.397633026Z broker.info[1]: start: none->join 1.8416ms
2023-05-18T12:42:48.149432669Z broker.info[1]: parent-ready: join->init 1.75144s
2023-05-18T12:42:48.149732970Z 12:42:48.149455 socketpair(AF_UNIX, SOCK_STREAM|SOCK_CLOEXEC, 0, [22, 23]) = 0
2023-05-18T12:42:48.149977069Z 12:42:48.149762 socketpair(AF_UNIX, SOCK_STREAM, 0, [24, 25]) = 0
2023-05-18T12:42:48.150434066Z 12:42:48.150135 socketpair(AF_UNIX, SOCK_STREAM, 0, [26, 27]) = 0
2023-05-18T12:42:48.150854609Z 12:42:48.150545 socketpair(AF_UNIX, SOCK_STREAM, 0, [28, 29]) = 0
2023-05-18T12:42:48.175171524Z broker.info[1]: configuration updated
2023-05-18T12:42:48.294817696Z broker.info[1]: rc1.0: running /etc/flux/rc1.d/01-sched-fluxion
2023-05-18T12:42:48.304894893Z broker.info[1]: rc1.0: running /etc/flux/rc1.d/02-cron
2023-05-18T12:42:48.326167090Z broker.info[1]: rc1.0: /etc/flux/rc1 Exited (rc=0) 0.2s
2023-05-18T12:42:48.327455455Z broker.info[1]: rc1-success: init->quorum 0.177842s
2023-05-18T12:42:48.543276711Z broker.info[1]: quorum-full: quorum->run 0.215314s
2023-05-18T12:43:00.472405884Z broker.info[1]: shutdown: run->cleanup 11.9287s
2023-05-18T12:43:00.474140285Z broker.info[1]: cleanup-none: cleanup->shutdown 1.44843ms
2023-05-18T12:43:00.475498641Z broker.info[1]: children-none: shutdown->finalize 1.11755ms
2023-05-18T12:43:00.476024742Z 12:43:00.475405 socketpair(AF_UNIX, SOCK_STREAM|SOCK_CLOEXEC, 0, [22, 23]) = 0
2023-05-18T12:43:00.476203426Z 12:43:00.475625 socketpair(AF_UNIX, SOCK_STREAM, 0, [24, 25]) = 0
2023-05-18T12:43:00.476537991Z 12:43:00.475868 socketpair(AF_UNIX, SOCK_STREAM, 0, [26, 28]) = 0
2023-05-18T12:43:00.476702303Z 12:43:00.476056 socketpair(AF_UNIX, SOCK_STREAM, 0, [58, 59]) = 0
2023-05-18T12:43:00.493887651Z broker.info[1]: rc3.0: running /etc/flux/rc3.d/01-sched-fluxion
2023-05-18T12:43:00.615631348Z broker.info[1]: rc3.0: /etc/flux/rc3 Exited (rc=0) 0.1s
2023-05-18T12:43:00.616731203Z broker.info[1]: rc3-success: finalize->goodbye 0.141159s
2023-05-18T12:43:00.618205631Z broker.info[1]: goodbye: goodbye->exit 0.977042ms
2023-05-18T12:43:00.625660803Z 12:43:00.625525 +++ exited with 0 +++
2023-05-18T12:43:00.626866327Z Return value for follower worker is 0
2023-05-18T12:43:00.626892194Z The follower worker exited cleanly. Goodbye!
