2023-05-18T07:50:13.095169574Z
2023-05-18T07:50:13.096176065Z Flux username: flux
2023-05-18T07:50:13.096192963Z
2023-05-18T07:50:13.096201469Z Flux install root: /usr
2023-05-18T07:50:13.141041043Z flux user is already added.
2023-05-18T07:50:13.145551335Z flux user identifiers:
2023-05-18T07:50:13.145669521Z uid=1234(flux) gid=1234(flux) groups=1234(flux)
2023-05-18T07:50:13.145683872Z
2023-05-18T07:50:13.145690180Z As Flux prefix for flux commands: sudo -u flux -E PYTHONPATH=/opt/conda/lib/python3.10/site-packages -E PATH=/opt/conda/bin:/usr/local/sbin:/usr/local/bin:/usr/sbin:/usr/bin:/sbin:/bin -E LD_LIBRARY_PATH=/opt/conda/lib -E HOME=/home/flux
2023-05-18T07:50:13.153627855Z
2023-05-18T07:50:13.153664507Z 👋 Hello, I'm flux-sample-1
2023-05-18T07:50:13.153751552Z The main host is flux-sample-0
2023-05-18T07:50:13.153762850Z The working directory is /home/flux/examples/reaxff/HNS, contents include:
2023-05-18T07:50:13.155622313Z /home/flux/examples/reaxff/HNS:
2023-05-18T07:50:13.155644187Z README.txt	ffield.reax.hns  log.8Mar18.reaxc.hns.g++.1
2023-05-18T07:50:13.155653245Z data.hns-equil	in.reaxc.hns	 log.8Mar18.reaxc.hns.g++.4
2023-05-18T07:50:13.155898229Z End of file listing, if you see nothing above there are no files.
2023-05-18T07:50:13.157832857Z flux R encode --hosts=flux-sample-[0-3]
2023-05-18T07:50:13.172787064Z
2023-05-18T07:50:13.172818491Z 📦 Resources
2023-05-18T07:50:13.174646418Z {"version": 1, "execution": {"R_lite": [{"rank": "0-3", "children": {"core": "0"}}], "starttime": 0.0, "expiration": 0.0, "nodelist": ["flux-sample-[0-3]"]}}
2023-05-18T07:50:13.174914824Z
2023-05-18T07:50:13.174932035Z 🐸 Diagnostics: false
2023-05-18T07:50:13.175474928Z 🚩️ Flux Option Flags defined
2023-05-18T07:50:13.179912298Z
2023-05-18T07:50:13.179934310Z 🦊 Independent Minister of Privilege
2023-05-18T07:50:13.181165828Z [exec]
2023-05-18T07:50:13.181182860Z allowed-users = [ "flux", "root" ]
2023-05-18T07:50:13.181189350Z allowed-shells = [ "/usr/libexec/flux/flux-shell" ]
2023-05-18T07:50:13.181376156Z
2023-05-18T07:50:13.181389903Z 🐸 Broker Configuration
2023-05-18T07:50:13.182771096Z # Flux needs to know the path to the IMP executable
2023-05-18T07:50:13.182789754Z [exec]
2023-05-18T07:50:13.182798274Z imp = "/usr/libexec/flux/flux-imp"
2023-05-18T07:50:13.182815073Z
2023-05-18T07:50:13.182820121Z [access]
2023-05-18T07:50:13.182825515Z allow-guest-user = true
2023-05-18T07:50:13.182830249Z allow-root-owner = true
2023-05-18T07:50:13.182834503Z
2023-05-18T07:50:13.182839406Z # Point to resource definition generated with flux-R(1).
2023-05-18T07:50:13.182846494Z [resource]
2023-05-18T07:50:13.182852868Z path = "/etc/flux/system/R"
2023-05-18T07:50:13.182857751Z
2023-05-18T07:50:13.182862499Z [bootstrap]
2023-05-18T07:50:13.182867422Z curve_cert = "/etc/curve/curve.cert"
2023-05-18T07:50:13.182871902Z default_port = 8050
2023-05-18T07:50:13.182876170Z default_bind = "tcp://eth0:%p"
2023-05-18T07:50:13.182882031Z default_connect = "tcp://%h.flux-service.flux-operator.svc.cluster.local:%p"
2023-05-18T07:50:13.182888726Z hosts = [
2023-05-18T07:50:13.182895020Z 	{ host="flux-sample-[0-3]"},
2023-05-18T07:50:13.182901372Z ]
2023-05-18T07:50:13.182905766Z
2023-05-18T07:50:13.182910790Z [archive]
2023-05-18T07:50:13.182916188Z dbpath = "/var/lib/flux/job-archive.sqlite"
2023-05-18T07:50:13.182921239Z period = "1m"
2023-05-18T07:50:13.277019751Z busytimeout = "50s"
2023-05-18T07:50:13.277165085Z 🧊️ State Directory:
2023-05-18T07:50:13.277233676Z total 0
2023-05-18T07:50:13.277302170Z
2023-05-18T07:50:13.280772970Z
2023-05-18T07:50:13.280840376Z 🔒️ Working directory permissions:
2023-05-18T07:50:13.280924130Z total 96
2023-05-18T07:50:13.280983517Z -rwxrwxrwx 1 flux root  2517 May 17 22:32 README.txt
2023-05-18T07:50:13.281046833Z -rwxrwxrwx 1 flux root 54692 May 17 22:32 data.hns-equil
2023-05-18T07:50:13.281118455Z -rwxrwxrwx 1 flux root 13576 May 17 22:32 ffield.reax.hns
2023-05-18T07:50:13.281191247Z -rwxrwxrwx 1 flux root   870 May 17 22:32 in.reaxc.hns
2023-05-18T07:50:13.281267176Z -rwxrwxrwx 1 flux root  4172 May 17 22:32 log.8Mar18.reaxc.hns.g++.1
2023-05-18T07:50:13.281334486Z -rwxrwxrwx 1 flux root  4168 May 17 22:32 log.8Mar18.reaxc.hns.g++.4
2023-05-18T07:50:13.281397988Z
2023-05-18T07:50:13.281575141Z
2023-05-18T07:50:13.281629818Z ✨ Curve certificate generated by helper pod
2023-05-18T07:50:13.283031071Z #   ****  Generated on 2023-04-26 22:54:42 by CZMQ  ****
2023-05-18T07:50:13.283070020Z #   ZeroMQ CURVE **Secret** Certificate
2023-05-18T07:50:13.283079370Z #   DO NOT PROVIDE THIS FILE TO OTHER USERS nor change its permissions.
2023-05-18T07:50:13.283085006Z
2023-05-18T07:50:13.283090284Z metadata
2023-05-18T07:50:13.283096067Z     name = "flux-cert-generator"
2023-05-18T07:50:13.283103948Z     keygen.hostname = "flux-sample-0"
2023-05-18T07:50:13.283110510Z curve
2023-05-18T07:50:13.283115949Z     public-key = "MkdYyWh?b#vs=*FkKdjp^a?zL)zV<(r*{$v-M<Sg"
2023-05-18T07:50:13.283121483Z     secret-key = "hVT<!BIehFObmqNo2KjgVl)?x/[Aq3Ed=@3Hf%#0"
2023-05-18T07:50:13.285253173Z
2023-05-18T07:50:13.285278553Z 🌀  flux start --wrap=strace,-e,network,-tt -o --config /etc/flux/config -Scron.directory=/etc/flux/system/cron.d   -Stbon.fanout=256   -Srundir=/run/flux    -Sstatedir=/var/lib/flux   -Slocal-uri=local:///run/flux/local -Stbon.connect_timeout=4s  -Stbon.zmqdebug=1  -Slog-stderr-level=6    -Slog-stderr-mode=local
2023-05-18T07:50:13.317704573Z 07:50:13.317419 socket(AF_NETLINK, SOCK_RAW, NETLINK_ROUTE) = 8
2023-05-18T07:50:13.317950621Z 07:50:13.317732 bind(8, {sa_family=AF_NETLINK, nl_pid=0, nl_groups=00000000}, 12) = 0
2023-05-18T07:50:13.318144967Z 07:50:13.317969 getsockname(8, {sa_family=AF_NETLINK, nl_pid=70, nl_groups=00000000}, [12]) = 0
2023-05-18T07:50:13.318470783Z 07:50:13.318117 sendto(8, {{len=20, type=RTM_GETADDR, flags=NLM_F_REQUEST|NLM_F_DUMP, seq=1684396213, pid=0}, {ifa_family=AF_UNSPEC, ...}}, 20, 0, {sa_family=AF_NETLINK, nl_pid=0, nl_groups=00000000}, 12) = 20
2023-05-18T07:50:13.318900952Z 07:50:13.318437 recvmsg(8, {msg_name={sa_family=AF_NETLINK, nl_pid=0, nl_groups=00000000}, msg_namelen=12, msg_iov=[{iov_base=[{{len=76, type=RTM_NEWADDR, flags=NLM_F_MULTI, seq=1684396213, pid=70}, {ifa_family=AF_INET, ifa_prefixlen=8, ifa_flags=IFA_F_PERMANENT, ifa_scope=RT_SCOPE_HOST, ifa_index=if_nametoindex("lo")}, [{{nla_len=8, nla_type=IFA_ADDRESS}, 127.0.0.1}, {{nla_len=8, nla_type=IFA_LOCAL}, 127.0.0.1}, {{nla_len=7, nla_type=IFA_LABEL}, "lo"}, {{nla_len=8, nla_type=IFA_FLAGS}, IFA_F_PERMANENT}, {{nla_len=20, nla_type=IFA_CACHEINFO}, {ifa_prefered=4294967295, ifa_valid=4294967295, cstamp=195567, tstamp=195567}}]}, {{len=88, type=RTM_NEWADDR, flags=NLM_F_MULTI, seq=1684396213, pid=70}, {ifa_family=AF_INET, ifa_prefixlen=24, ifa_flags=IFA_F_PERMANENT, ifa_scope=RT_SCOPE_UNIVERSE, ifa_index=if_nametoindex("eth0")}, [{{nla_len=8, nla_type=IFA_ADDRESS}, 10.24.3.72}, {{nla_len=8, nla_type=IFA_LOCAL}, 10.24.3.72}, {{nla_len=8, nla_type=IFA_BROADCAST}, 10.24.3.255}, {{nla_len=9, nla_type=IFA_LABEL}, "eth0"}, {{nla_len=8, nla_type=IFA_FLAGS}, IFA_F_PERMANENT}, {{nla_len=20, nla_type=IFA_CACHEINFO}, {ifa_prefered=4294967295, ifa_valid=4294967295, cstamp=195570, tstamp=195570}}]}], iov_len=4096}], msg_iovlen=1, msg_controllen=0, msg_flags=0}, 0) = 164
2023-05-18T07:50:13.319200259Z 07:50:13.318899 recvmsg(8, {msg_name={sa_family=AF_NETLINK, nl_pid=0, nl_groups=00000000}, msg_namelen=12, msg_iov=[{iov_base={{len=20, type=NLMSG_DONE, flags=NLM_F_MULTI, seq=1684396213, pid=70}, 0}, iov_len=4096}], msg_iovlen=1, msg_controllen=0, msg_flags=0}, 0) = 20
2023-05-18T07:50:13.319766321Z 07:50:13.319604 socket(AF_UNIX, SOCK_STREAM|SOCK_CLOEXEC|SOCK_NONBLOCK, 0) = 8
2023-05-18T07:50:13.319854236Z 07:50:13.319726 connect(8, {sa_family=AF_UNIX, sun_path="/var/run/nscd/socket"}, 110) = -1 ENOENT (No such file or directory)
2023-05-18T07:50:13.320061635Z 07:50:13.319908 socket(AF_UNIX, SOCK_STREAM|SOCK_CLOEXEC|SOCK_NONBLOCK, 0) = 8
2023-05-18T07:50:13.320142025Z 07:50:13.319999 connect(8, {sa_family=AF_UNIX, sun_path="/var/run/nscd/socket"}, 110) = -1 ENOENT (No such file or directory)
2023-05-18T07:50:13.321990138Z 07:50:13.321724 socket(AF_INET, SOCK_DGRAM|SOCK_CLOEXEC|SOCK_NONBLOCK, IPPROTO_IP) = 8
2023-05-18T07:50:13.322367055Z 07:50:13.322099 connect(8, {sa_family=AF_INET, sin_port=htons(53), sin_addr=inet_addr("169.254.169.254")}, 16) = 0
2023-05-18T07:50:13.322955354Z 07:50:13.322527 sendto(8, "_\7\1\0\0\1\0\0\0\0\0\0\rflux-sample-0\fflux-"..., 76, MSG_NOSIGNAL, NULL, 0) = 76
2023-05-18T07:50:13.326764186Z 07:50:13.326455 recvfrom(8, "_\7\201\200\0\1\0\1\0\0\0\0\rflux-sample-0\fflux-"..., 1024, 0, {sa_family=AF_INET, sin_port=htons(53), sin_addr=inet_addr("169.254.169.254")}, [28->16]) = 92
2023-05-18T07:50:13.332244399Z broker.info[1]: start: none->join 2.31113ms
2023-05-18T07:50:17.514724615Z broker.info[1]: parent-ready: join->init 4.18195s
2023-05-18T07:50:17.514909904Z 07:50:17.514485 socketpair(AF_UNIX, SOCK_STREAM|SOCK_CLOEXEC, 0, [22, 23]) = 0
2023-05-18T07:50:17.514932467Z 07:50:17.514614 socketpair(AF_UNIX, SOCK_STREAM, 0, [24, 25]) = 0
2023-05-18T07:50:17.515351934Z 07:50:17.514809 socketpair(AF_UNIX, SOCK_STREAM, 0, [26, 27]) = 0
2023-05-18T07:50:17.515369945Z 07:50:17.515014 socketpair(AF_UNIX, SOCK_STREAM, 0, [28, 29]) = 0
2023-05-18T07:50:17.541209059Z broker.info[1]: configuration updated
2023-05-18T07:50:17.665552590Z broker.info[1]: rc1.0: running /etc/flux/rc1.d/01-sched-fluxion
2023-05-18T07:50:17.678703452Z broker.info[1]: rc1.0: running /etc/flux/rc1.d/02-cron
2023-05-18T07:50:17.712074940Z broker.info[1]: rc1.0: /etc/flux/rc1 Exited (rc=0) 0.2s
2023-05-18T07:50:17.712880749Z broker.info[1]: rc1-success: init->quorum 0.198158s
2023-05-18T07:50:18.491693901Z broker.info[1]: quorum-full: quorum->run 0.778343s
2023-05-18T07:50:29.256761647Z broker.info[1]: shutdown: run->cleanup 10.7647s
2023-05-18T07:50:29.258686142Z broker.info[1]: cleanup-none: cleanup->shutdown 1.4704ms
2023-05-18T07:50:29.260695578Z broker.info[1]: children-none: shutdown->finalize 1.685ms
2023-05-18T07:50:29.261214646Z 07:50:29.260792 socketpair(AF_UNIX, SOCK_STREAM|SOCK_CLOEXEC, 0, [22, 23]) = 0
2023-05-18T07:50:29.261686950Z 07:50:29.260924 socketpair(AF_UNIX, SOCK_STREAM, 0, [24, 25]) = 0
2023-05-18T07:50:29.261776820Z 07:50:29.261222 socketpair(AF_UNIX, SOCK_STREAM, 0, [26, 28]) = 0
2023-05-18T07:50:29.261791607Z 07:50:29.261547 socketpair(AF_UNIX, SOCK_STREAM, 0, [58, 59]) = 0
2023-05-18T07:50:29.280384236Z broker.info[1]: rc3.0: running /etc/flux/rc3.d/01-sched-fluxion
2023-05-18T07:50:29.415378884Z broker.info[1]: rc3.0: /etc/flux/rc3 Exited (rc=0) 0.1s
2023-05-18T07:50:29.416225942Z broker.info[1]: rc3-success: finalize->goodbye 0.155229s
2023-05-18T07:50:29.418085977Z broker.info[1]: goodbye: goodbye->exit 1.29495ms
2023-05-18T07:50:29.426156159Z 07:50:29.425943 +++ exited with 0 +++
2023-05-18T07:50:29.427889098Z Return value for follower worker is 0
2023-05-18T07:50:29.427914382Z The follower worker exited cleanly. Goodbye!
