2023-05-18T12:30:05.515400162Z
2023-05-18T12:30:05.515428688Z Flux username: flux
2023-05-18T12:30:05.515434983Z
2023-05-18T12:30:05.515442009Z Flux install root: /usr
2023-05-18T12:30:05.565119856Z flux user is already added.
2023-05-18T12:30:05.568115861Z flux user identifiers:
2023-05-18T12:30:05.568152225Z uid=1234(flux) gid=1234(flux) groups=1234(flux)
2023-05-18T12:30:05.568159369Z
2023-05-18T12:30:05.568167675Z As Flux prefix for flux commands: sudo -u flux -E PYTHONPATH=/opt/conda/lib/python3.10/site-packages -E PATH=/opt/conda/bin:/usr/local/sbin:/usr/local/bin:/usr/sbin:/usr/bin:/sbin:/bin -E LD_LIBRARY_PATH=/opt/conda/lib -E HOME=/home/flux
2023-05-18T12:30:05.576495407Z
2023-05-18T12:30:05.576543369Z 👋 Hello, I'm flux-sample-3
2023-05-18T12:30:05.576554079Z The main host is flux-sample-0
2023-05-18T12:30:05.576561570Z The working directory is /home/flux/examples/reaxff/HNS, contents include:
2023-05-18T12:30:05.578363468Z /home/flux/examples/reaxff/HNS:
2023-05-18T12:30:05.578517553Z README.txt	ffield.reax.hns  log.8Mar18.reaxc.hns.g++.1
2023-05-18T12:30:05.578531311Z data.hns-equil	in.reaxc.hns	 log.8Mar18.reaxc.hns.g++.4
2023-05-18T12:30:05.578643209Z End of file listing, if you see nothing above there are no files.
2023-05-18T12:30:05.580858971Z flux R encode --hosts=flux-sample-[0-3]
2023-05-18T12:30:05.596263198Z
2023-05-18T12:30:05.596314107Z 📦 Resources
2023-05-18T12:30:05.604041384Z {"version": 1, "execution": {"R_lite": [{"rank": "0-3", "children": {"core": "0"}}], "starttime": 0.0, "expiration": 0.0, "nodelist": ["flux-sample-[0-3]"]}}
2023-05-18T12:30:05.604072443Z
2023-05-18T12:30:05.604078633Z 🐸 Diagnostics: false
2023-05-18T12:30:05.604086221Z 🚩️ Flux Option Flags defined
2023-05-18T12:30:05.613406282Z
2023-05-18T12:30:05.620822657Z 🦊 Independent Minister of Privilege
2023-05-18T12:30:05.620876418Z [exec]
2023-05-18T12:30:05.620886968Z allowed-users = [ "flux", "root" ]
2023-05-18T12:30:05.620894204Z allowed-shells = [ "/usr/libexec/flux/flux-shell" ]
2023-05-18T12:30:05.620922207Z
2023-05-18T12:30:05.620928258Z 🐸 Broker Configuration
2023-05-18T12:30:05.620933530Z # Flux needs to know the path to the IMP executable
2023-05-18T12:30:05.620939192Z [exec]
2023-05-18T12:30:05.620944333Z imp = "/usr/libexec/flux/flux-imp"
2023-05-18T12:30:05.620951796Z
2023-05-18T12:30:05.620958516Z [access]
2023-05-18T12:30:05.620964980Z allow-guest-user = true
2023-05-18T12:30:05.620970504Z allow-root-owner = true
2023-05-18T12:30:05.620975788Z
2023-05-18T12:30:05.620981471Z # Point to resource definition generated with flux-R(1).
2023-05-18T12:30:05.620987392Z [resource]
2023-05-18T12:30:05.620992659Z path = "/etc/flux/system/R"
2023-05-18T12:30:05.621000040Z
2023-05-18T12:30:05.621006273Z [bootstrap]
2023-05-18T12:30:05.621011656Z curve_cert = "/etc/curve/curve.cert"
2023-05-18T12:30:05.621016940Z default_port = 8050
2023-05-18T12:30:05.621022343Z default_bind = "tcp://eth0:%p"
2023-05-18T12:30:05.621028122Z default_connect = "tcp://%h.flux-service.flux-operator.svc.cluster.local:%p"
2023-05-18T12:30:05.621033189Z hosts = [
2023-05-18T12:30:05.621038402Z 	{ host="flux-sample-[0-3]"},
2023-05-18T12:30:05.621045914Z ]
2023-05-18T12:30:05.621051988Z
2023-05-18T12:30:05.621057199Z [archive]
2023-05-18T12:30:05.621062139Z dbpath = "/var/lib/flux/job-archive.sqlite"
2023-05-18T12:30:05.621067268Z period = "1m"
2023-05-18T12:30:05.731301227Z busytimeout = "50s"
2023-05-18T12:30:05.731350923Z 🧊️ State Directory:
2023-05-18T12:30:05.731358950Z total 0
2023-05-18T12:30:05.731364407Z
2023-05-18T12:30:05.736596893Z
2023-05-18T12:30:05.736645642Z 🔒️ Working directory permissions:
2023-05-18T12:30:05.736671438Z total 96
2023-05-18T12:30:05.736679564Z -rwxrwxrwx 1 flux root  2517 May 17 22:32 README.txt
2023-05-18T12:30:05.736687538Z -rwxrwxrwx 1 flux root 54692 May 17 22:32 data.hns-equil
2023-05-18T12:30:05.736694021Z -rwxrwxrwx 1 flux root 13576 May 17 22:32 ffield.reax.hns
2023-05-18T12:30:05.736699540Z -rwxrwxrwx 1 flux root   870 May 17 22:32 in.reaxc.hns
2023-05-18T12:30:05.736796983Z -rwxrwxrwx 1 flux root  4172 May 17 22:32 log.8Mar18.reaxc.hns.g++.1
2023-05-18T12:30:05.737342629Z -rwxrwxrwx 1 flux root  4168 May 17 22:32 log.8Mar18.reaxc.hns.g++.4
2023-05-18T12:30:05.737360151Z
2023-05-18T12:30:05.737767553Z
2023-05-18T12:30:05.737789947Z ✨ Curve certificate generated by helper pod
2023-05-18T12:30:05.739499364Z #   ****  Generated on 2023-04-26 22:54:42 by CZMQ  ****
2023-05-18T12:30:05.739525209Z #   ZeroMQ CURVE **Secret** Certificate
2023-05-18T12:30:05.739532672Z #   DO NOT PROVIDE THIS FILE TO OTHER USERS nor change its permissions.
2023-05-18T12:30:05.739540885Z
2023-05-18T12:30:05.739547154Z metadata
2023-05-18T12:30:05.739553178Z     name = "flux-cert-generator"
2023-05-18T12:30:05.739558537Z     keygen.hostname = "flux-sample-0"
2023-05-18T12:30:05.739563741Z curve
2023-05-18T12:30:05.739568685Z     public-key = "8xpA0w!==^)-.HNBIwe$Y&Ef&35MNEx99rb5^Rut"
2023-05-18T12:30:05.739574064Z     secret-key = "rD+*g^bl<Jih-6zwzksHHju#r)LL!W{KjtDO[efA"
2023-05-18T12:30:05.742103913Z
2023-05-18T12:30:05.742132322Z 🌀  flux start --wrap=strace,-e,network,-tt -o --config /etc/flux/config -Scron.directory=/etc/flux/system/cron.d   -Stbon.fanout=256   -Srundir=/run/flux    -Sstatedir=/var/lib/flux   -Slocal-uri=local:///run/flux/local -Stbon.connect_timeout=1s  -Stbon.zmqdebug=1  -Slog-stderr-level=6    -Slog-stderr-mode=local
2023-05-18T12:30:05.787829986Z 12:30:05.787547 socket(AF_NETLINK, SOCK_RAW, NETLINK_ROUTE) = 8
2023-05-18T12:30:05.787966794Z 12:30:05.787738 bind(8, {sa_family=AF_NETLINK, nl_pid=0, nl_groups=00000000}, 12) = 0
2023-05-18T12:30:05.788277062Z 12:30:05.787898 getsockname(8, {sa_family=AF_NETLINK, nl_pid=70, nl_groups=00000000}, [12]) = 0
2023-05-18T12:30:05.788598766Z 12:30:05.788240 sendto(8, {{len=20, type=RTM_GETADDR, flags=NLM_F_REQUEST|NLM_F_DUMP, seq=1684413005, pid=0}, {ifa_family=AF_UNSPEC, ...}}, 20, 0, {sa_family=AF_NETLINK, nl_pid=0, nl_groups=00000000}, 12) = 20
2023-05-18T12:30:05.788991211Z 12:30:05.788556 recvmsg(8, {msg_name={sa_family=AF_NETLINK, nl_pid=0, nl_groups=00000000}, msg_namelen=12, msg_iov=[{iov_base=[{{len=76, type=RTM_NEWADDR, flags=NLM_F_MULTI, seq=1684413005, pid=70}, {ifa_family=AF_INET, ifa_prefixlen=8, ifa_flags=IFA_F_PERMANENT, ifa_scope=RT_SCOPE_HOST, ifa_index=if_nametoindex("lo")}, [{{nla_len=8, nla_type=IFA_ADDRESS}, 127.0.0.1}, {{nla_len=8, nla_type=IFA_LOCAL}, 127.0.0.1}, {{nla_len=7, nla_type=IFA_LABEL}, "lo"}, {{nla_len=8, nla_type=IFA_FLAGS}, IFA_F_PERMANENT}, {{nla_len=20, nla_type=IFA_CACHEINFO}, {ifa_prefered=4294967295, ifa_valid=4294967295, cstamp=1874852, tstamp=1874852}}]}, {{len=88, type=RTM_NEWADDR, flags=NLM_F_MULTI, seq=1684413005, pid=70}, {ifa_family=AF_INET, ifa_prefixlen=24, ifa_flags=IFA_F_PERMANENT, ifa_scope=RT_SCOPE_UNIVERSE, ifa_index=if_nametoindex("eth0")}, [{{nla_len=8, nla_type=IFA_ADDRESS}, 10.24.2.20}, {{nla_len=8, nla_type=IFA_LOCAL}, 10.24.2.20}, {{nla_len=8, nla_type=IFA_BROADCAST}, 10.24.2.255}, {{nla_len=9, nla_type=IFA_LABEL}, "eth0"}, {{nla_len=8, nla_type=IFA_FLAGS}, IFA_F_PERMANENT}, {{nla_len=20, nla_type=IFA_CACHEINFO}, {ifa_prefered=4294967295, ifa_valid=4294967295, cstamp=1874855, tstamp=1874855}}]}], iov_len=4096}], msg_iovlen=1, msg_controllen=0, msg_flags=0}, 0) = 164
2023-05-18T12:30:05.789155909Z 12:30:05.788957 recvmsg(8, {msg_name={sa_family=AF_NETLINK, nl_pid=0, nl_groups=00000000}, msg_namelen=12, msg_iov=[{iov_base={{len=20, type=NLMSG_DONE, flags=NLM_F_MULTI, seq=1684413005, pid=70}, 0}, iov_len=4096}], msg_iovlen=1, msg_controllen=0, msg_flags=0}, 0) = 20
2023-05-18T12:30:05.789760777Z 12:30:05.789607 socket(AF_UNIX, SOCK_STREAM|SOCK_CLOEXEC|SOCK_NONBLOCK, 0) = 8
2023-05-18T12:30:05.789845246Z 12:30:05.789716 connect(8, {sa_family=AF_UNIX, sun_path="/var/run/nscd/socket"}, 110) = -1 ENOENT (No such file or directory)
2023-05-18T12:30:05.790025567Z 12:30:05.789884 socket(AF_UNIX, SOCK_STREAM|SOCK_CLOEXEC|SOCK_NONBLOCK, 0) = 8
2023-05-18T12:30:05.790102849Z 12:30:05.789987 connect(8, {sa_family=AF_UNIX, sun_path="/var/run/nscd/socket"}, 110) = -1 ENOENT (No such file or directory)
2023-05-18T12:30:05.791546873Z 12:30:05.791397 socket(AF_INET, SOCK_DGRAM|SOCK_CLOEXEC|SOCK_NONBLOCK, IPPROTO_IP) = 8
2023-05-18T12:30:05.791637137Z 12:30:05.791487 connect(8, {sa_family=AF_INET, sin_port=htons(53), sin_addr=inet_addr("169.254.169.254")}, 16) = 0
2023-05-18T12:30:05.792141477Z 12:30:05.791730 sendto(8, "\303\265\1\0\0\1\0\0\0\0\0\0\rflux-sample-0\fflux-"..., 76, MSG_NOSIGNAL, NULL, 0) = 76
2023-05-18T12:30:05.796666363Z 12:30:05.796287 recvfrom(8, "\303\265\201\203\0\1\0\0\0\1\0\0\rflux-sample-0\fflux-"..., 1024, 0, {sa_family=AF_INET, sin_port=htons(53), sin_addr=inet_addr("169.254.169.254")}, [28->16]) = 172
2023-05-18T12:30:05.796699560Z 12:30:05.796517 socket(AF_INET, SOCK_DGRAM|SOCK_CLOEXEC|SOCK_NONBLOCK, IPPROTO_IP) = 8
2023-05-18T12:30:05.796787829Z 12:30:05.796590 connect(8, {sa_family=AF_INET, sin_port=htons(53), sin_addr=inet_addr("169.254.169.254")}, 16) = 0
2023-05-18T12:30:05.797064936Z 12:30:05.796767 sendto(8, "Uq\1\0\0\1\0\0\0\0\0\0\rflux-sample-0\fflux-"..., 108, MSG_NOSIGNAL, NULL, 0) = 108
2023-05-18T12:30:05.801103548Z 12:30:05.800855 recvfrom(8, "Uq\201\203\0\1\0\0\0\1\0\0\rflux-sample-0\fflux-"..., 1024, 0, {sa_family=AF_INET, sin_port=htons(53), sin_addr=inet_addr("169.254.169.254")}, [28->16]) = 204
2023-05-18T12:30:05.801411125Z 12:30:05.801069 socket(AF_INET, SOCK_DGRAM|SOCK_CLOEXEC|SOCK_NONBLOCK, IPPROTO_IP) = 8
2023-05-18T12:30:05.801595618Z 12:30:05.801436 connect(8, {sa_family=AF_INET, sin_port=htons(53), sin_addr=inet_addr("169.254.169.254")}, 16) = 0
2023-05-18T12:30:05.801899593Z 12:30:05.801595 sendto(8, "8;\1\0\0\1\0\0\0\0\0\0\rflux-sample-0\fflux-"..., 94, MSG_NOSIGNAL, NULL, 0) = 94
2023-05-18T12:30:05.805890915Z 12:30:05.805610 recvfrom(8, "8;\201\203\0\1\0\0\0\1\0\0\rflux-sample-0\fflux-"..., 1024, 0, {sa_family=AF_INET, sin_port=htons(53), sin_addr=inet_addr("169.254.169.254")}, [28->16]) = 190
2023-05-18T12:30:05.806110524Z 12:30:05.805842 socket(AF_INET, SOCK_DGRAM|SOCK_CLOEXEC|SOCK_NONBLOCK, IPPROTO_IP) = 8
2023-05-18T12:30:05.806125034Z 12:30:05.805967 connect(8, {sa_family=AF_INET, sin_port=htons(53), sin_addr=inet_addr("169.254.169.254")}, 16) = 0
2023-05-18T12:30:05.806366804Z 12:30:05.806126 sendto(8, "\336\251\1\0\0\1\0\0\0\0\0\0\rflux-sample-0\fflux-"..., 90, MSG_NOSIGNAL, NULL, 0) = 90
2023-05-18T12:30:05.809225811Z 12:30:05.808998 recvfrom(8, "\336\251\201\203\0\1\0\0\0\1\0\0\rflux-sample-0\fflux-"..., 1024, 0, {sa_family=AF_INET, sin_port=htons(53), sin_addr=inet_addr("169.254.169.254")}, [28->16]) = 186
2023-05-18T12:30:05.809351425Z 12:30:05.809190 socket(AF_INET, SOCK_DGRAM|SOCK_CLOEXEC|SOCK_NONBLOCK, IPPROTO_IP) = 8
2023-05-18T12:30:05.809459600Z 12:30:05.809310 connect(8, {sa_family=AF_INET, sin_port=htons(53), sin_addr=inet_addr("169.254.169.254")}, 16) = 0
2023-05-18T12:30:05.809730432Z 12:30:05.809443 sendto(8, "%!\1\0\0\1\0\0\0\0\0\0\rflux-sample-0\fflux-"..., 111, MSG_NOSIGNAL, NULL, 0) = 111
2023-05-18T12:30:05.814706807Z 12:30:05.814462 recvfrom(8, "%!\201\203\0\1\0\0\0\1\0\0\rflux-sample-0\fflux-"..., 1024, 0, {sa_family=AF_INET, sin_port=htons(53), sin_addr=inet_addr("169.254.169.254")}, [28->16]) = 205
2023-05-18T12:30:05.814899272Z 12:30:05.814707 socket(AF_INET, SOCK_DGRAM|SOCK_CLOEXEC|SOCK_NONBLOCK, IPPROTO_IP) = 8
2023-05-18T12:30:05.815009722Z 12:30:05.814807 connect(8, {sa_family=AF_INET, sin_port=htons(53), sin_addr=inet_addr("169.254.169.254")}, 16) = 0
2023-05-18T12:30:05.815230474Z 12:30:05.814981 sendto(8, "\275\22\1\0\0\1\0\0\0\0\0\0\rflux-sample-0\fflux-"..., 97, MSG_NOSIGNAL, NULL, 0) = 97
2023-05-18T12:30:05.844795510Z 12:30:05.820625 recvfrom(8, "\275\22\201\203\0\1\0\0\0\1\0\0\rflux-sample-0\fflux-"..., 1024, 0, {sa_family=AF_INET, sin_port=htons(53), sin_addr=inet_addr("169.254.169.254")}, [28->16]) = 186
2023-05-18T12:30:05.849481848Z 12:30:05.825904 socket(AF_INET, SOCK_DGRAM|SOCK_CLOEXEC|SOCK_NONBLOCK, IPPROTO_IP) = 8
2023-05-18T12:30:05.849514886Z 12:30:05.825987 connect(8, {sa_family=AF_INET, sin_port=htons(53), sin_addr=inet_addr("169.254.169.254")}, 16) = 0
2023-05-18T12:30:05.849550986Z 12:30:05.826090 sendto(8, "\7\271\1\0\0\1\0\0\0\0\0\0\rflux-sample-0\fflux-"..., 92, MSG_NOSIGNAL, NULL, 0) = 92
2023-05-18T12:30:05.849561060Z 12:30:05.831819 recvfrom(8, "\7\271\201\203\0\1\0\0\0\1\0\0\rflux-sample-0\fflux-"..., 1024, 0, {sa_family=AF_INET, sin_port=htons(53), sin_addr=inet_addr("169.254.169.254")}, [28->16]) = 181
2023-05-18T12:30:05.850374112Z broker.err[3]: Warning: unable to resolve upstream peer flux-sample-0.flux-service.flux-operator.svc.cluster.local: Name or service not known
2023-05-18T12:30:05.850399831Z broker.info[3]: start: none->join 2.22901ms
2023-05-18T12:30:06.900718693Z broker.info[3]: parent-ready: join->init 1.06309s
2023-05-18T12:30:06.901489266Z 12:30:06.901209 socketpair(AF_UNIX, SOCK_STREAM|SOCK_CLOEXEC, 0, [22, 23]) = 0
2023-05-18T12:30:06.901723472Z 12:30:06.901510 socketpair(AF_UNIX, SOCK_STREAM, 0, [24, 25]) = 0
2023-05-18T12:30:06.902016599Z 12:30:06.901798 socketpair(AF_UNIX, SOCK_STREAM, 0, [26, 27]) = 0
2023-05-18T12:30:06.902201199Z 12:30:06.902076 socketpair(AF_UNIX, SOCK_STREAM, 0, [28, 29]) = 0
2023-05-18T12:30:06.929282935Z broker.info[3]: configuration updated
2023-05-18T12:30:07.068564918Z broker.info[3]: rc1.0: running /etc/flux/rc1.d/01-sched-fluxion
2023-05-18T12:30:07.080824358Z broker.info[3]: rc1.0: running /etc/flux/rc1.d/02-cron
2023-05-18T12:30:07.106218675Z broker.info[3]: rc1.0: /etc/flux/rc1 Exited (rc=0) 0.2s
2023-05-18T12:30:07.106864635Z broker.info[3]: rc1-success: init->quorum 0.205495s
2023-05-18T12:30:07.292803939Z broker.info[3]: quorum-full: quorum->run 0.184513s
2023-05-18T12:30:07.876343569Z 12:30:07.875947 socketpair(AF_UNIX, SOCK_STREAM|SOCK_CLOEXEC, 0, [22, 23]) = 0
2023-05-18T12:30:07.876902881Z 12:30:07.876139 socketpair(AF_UNIX, SOCK_STREAM, 0, [24, 25]) = 0
2023-05-18T12:30:07.877153134Z 12:30:07.876379 socketpair(AF_UNIX, SOCK_STREAM, 0, [26, 28]) = 0
2023-05-18T12:30:07.877319979Z 12:30:07.876641 socketpair(AF_UNIX, SOCK_STREAM, 0, [58, 59]) = 0
2023-05-18T12:30:18.872643464Z broker.info[3]: shutdown: run->cleanup 11.5808s
2023-05-18T12:30:18.874610747Z broker.info[3]: cleanup-none: cleanup->shutdown 1.14449ms
2023-05-18T12:30:18.876313005Z broker.info[3]: children-none: shutdown->finalize 1.02055ms
2023-05-18T12:30:18.877110644Z 12:30:18.876787 socketpair(AF_UNIX, SOCK_STREAM|SOCK_CLOEXEC, 0, [22, 23]) = 0
2023-05-18T12:30:18.877434453Z 12:30:18.877088 socketpair(AF_UNIX, SOCK_STREAM, 0, [24, 25]) = 0
2023-05-18T12:30:18.877959701Z 12:30:18.877683 socketpair(AF_UNIX, SOCK_STREAM, 0, [26, 28]) = 0
2023-05-18T12:30:18.878454773Z 12:30:18.878266 socketpair(AF_UNIX, SOCK_STREAM, 0, [58, 59]) = 0
2023-05-18T12:30:18.901141502Z broker.info[3]: rc3.0: running /etc/flux/rc3.d/01-sched-fluxion
2023-05-18T12:30:19.044750497Z broker.info[3]: rc3.0: /etc/flux/rc3 Exited (rc=0) 0.2s
2023-05-18T12:30:19.046334299Z broker.info[3]: rc3-success: finalize->goodbye 0.169228s
2023-05-18T12:30:19.048010509Z broker.info[3]: goodbye: goodbye->exit 1.05558ms
2023-05-18T12:30:19.056643824Z 12:30:19.056348 +++ exited with 0 +++
2023-05-18T12:30:19.058815987Z Return value for follower worker is 0
2023-05-18T12:30:19.058904071Z The follower worker exited cleanly. Goodbye!
