2023-05-18T08:00:05.578069760Z
2023-05-18T08:00:05.578100142Z Flux username: flux
2023-05-18T08:00:05.578106372Z
2023-05-18T08:00:05.578111494Z Flux install root: /usr
2023-05-18T08:00:05.631978106Z flux user is already added.
2023-05-18T08:00:05.634744028Z flux user identifiers:
2023-05-18T08:00:05.634766224Z uid=1234(flux) gid=1234(flux) groups=1234(flux)
2023-05-18T08:00:05.634902779Z
2023-05-18T08:00:05.634915891Z As Flux prefix for flux commands: sudo -u flux -E PYTHONPATH=/opt/conda/lib/python3.10/site-packages -E PATH=/opt/conda/bin:/usr/local/sbin:/usr/local/bin:/usr/sbin:/usr/bin:/sbin:/bin -E LD_LIBRARY_PATH=/opt/conda/lib -E HOME=/home/flux
2023-05-18T08:00:05.641996597Z
2023-05-18T08:00:05.642018904Z 👋 Hello, I'm flux-sample-1
2023-05-18T08:00:05.642040508Z The main host is flux-sample-0
2023-05-18T08:00:05.642046895Z The working directory is /home/flux/examples/reaxff/HNS, contents include:
2023-05-18T08:00:05.644943623Z /home/flux/examples/reaxff/HNS:
2023-05-18T08:00:05.644962418Z README.txt	ffield.reax.hns  log.8Mar18.reaxc.hns.g++.1
2023-05-18T08:00:05.644968242Z data.hns-equil	in.reaxc.hns	 log.8Mar18.reaxc.hns.g++.4
2023-05-18T08:00:05.644974004Z End of file listing, if you see nothing above there are no files.
2023-05-18T08:00:05.647712247Z flux R encode --hosts=flux-sample-[0-3]
2023-05-18T08:00:05.668702106Z
2023-05-18T08:00:05.669675130Z 📦 Resources
2023-05-18T08:00:05.671911587Z {"version": 1, "execution": {"R_lite": [{"rank": "0-3", "children": {"core": "0"}}], "starttime": 0.0, "expiration": 0.0, "nodelist": ["flux-sample-[0-3]"]}}
2023-05-18T08:00:05.672370432Z
2023-05-18T08:00:05.672388928Z 🐸 Diagnostics: false
2023-05-18T08:00:05.672395561Z 🚩️ Flux Option Flags defined
2023-05-18T08:00:05.677231244Z
2023-05-18T08:00:05.677251624Z 🦊 Independent Minister of Privilege
2023-05-18T08:00:05.678528935Z [exec]
2023-05-18T08:00:05.678544561Z allowed-users = [ "flux", "root" ]
2023-05-18T08:00:05.678553197Z allowed-shells = [ "/usr/libexec/flux/flux-shell" ]
2023-05-18T08:00:05.678940912Z
2023-05-18T08:00:05.678956456Z 🐸 Broker Configuration
2023-05-18T08:00:05.680388009Z # Flux needs to know the path to the IMP executable
2023-05-18T08:00:05.680404184Z [exec]
2023-05-18T08:00:05.680410232Z imp = "/usr/libexec/flux/flux-imp"
2023-05-18T08:00:05.680415174Z
2023-05-18T08:00:05.680422620Z [access]
2023-05-18T08:00:05.680429651Z allow-guest-user = true
2023-05-18T08:00:05.680434856Z allow-root-owner = true
2023-05-18T08:00:05.680439870Z
2023-05-18T08:00:05.680444839Z # Point to resource definition generated with flux-R(1).
2023-05-18T08:00:05.680449832Z [resource]
2023-05-18T08:00:05.680455569Z path = "/etc/flux/system/R"
2023-05-18T08:00:05.680460229Z
2023-05-18T08:00:05.680467544Z [bootstrap]
2023-05-18T08:00:05.680473464Z curve_cert = "/etc/curve/curve.cert"
2023-05-18T08:00:05.680478972Z default_port = 8050
2023-05-18T08:00:05.680484009Z default_bind = "tcp://eth0:%p"
2023-05-18T08:00:05.680489483Z default_connect = "tcp://%h.flux-service.flux-operator.svc.cluster.local:%p"
2023-05-18T08:00:05.680494458Z hosts = [
2023-05-18T08:00:05.680499399Z 	{ host="flux-sample-[0-3]"},
2023-05-18T08:00:05.680504356Z ]
2023-05-18T08:00:05.680511237Z
2023-05-18T08:00:05.680517244Z [archive]
2023-05-18T08:00:05.680522905Z dbpath = "/var/lib/flux/job-archive.sqlite"
2023-05-18T08:00:05.680527988Z period = "1m"
2023-05-18T08:00:05.787291599Z busytimeout = "50s"
2023-05-18T08:00:05.787317784Z 🧊️ State Directory:
2023-05-18T08:00:05.787324002Z total 0
2023-05-18T08:00:05.787329325Z
2023-05-18T08:00:05.798261204Z
2023-05-18T08:00:05.798306477Z 🔒️ Working directory permissions:
2023-05-18T08:00:05.798313458Z total 96
2023-05-18T08:00:05.798319230Z -rwxrwxrwx 1 flux root  2517 May 17 22:32 README.txt
2023-05-18T08:00:05.798326541Z -rwxrwxrwx 1 flux root 54692 May 17 22:32 data.hns-equil
2023-05-18T08:00:05.798332929Z -rwxrwxrwx 1 flux root 13576 May 17 22:32 ffield.reax.hns
2023-05-18T08:00:05.798339012Z -rwxrwxrwx 1 flux root   870 May 17 22:32 in.reaxc.hns
2023-05-18T08:00:05.798344919Z -rwxrwxrwx 1 flux root  4172 May 17 22:32 log.8Mar18.reaxc.hns.g++.1
2023-05-18T08:00:05.798349777Z -rwxrwxrwx 1 flux root  4168 May 17 22:32 log.8Mar18.reaxc.hns.g++.4
2023-05-18T08:00:05.798354699Z
2023-05-18T08:00:05.798359181Z
2023-05-18T08:00:05.798364362Z ✨ Curve certificate generated by helper pod
2023-05-18T08:00:05.798371457Z #   ****  Generated on 2023-04-26 22:54:42 by CZMQ  ****
2023-05-18T08:00:05.798377946Z #   ZeroMQ CURVE **Secret** Certificate
2023-05-18T08:00:05.798383115Z #   DO NOT PROVIDE THIS FILE TO OTHER USERS nor change its permissions.
2023-05-18T08:00:05.798388030Z
2023-05-18T08:00:05.798393039Z metadata
2023-05-18T08:00:05.798398484Z     name = "flux-cert-generator"
2023-05-18T08:00:05.798403641Z     keygen.hostname = "flux-sample-0"
2023-05-18T08:00:05.798408603Z curve
2023-05-18T08:00:05.798415723Z     public-key = "x50zAkO6u%JAM@%B7r(?8m.uQg+U@a5SoKgQt-N<"
2023-05-18T08:00:05.798422850Z     secret-key = "O4wf/-:^2PmYSS%qAD+h5IhYhkZ^c{2{IF4^[t}a"
2023-05-18T08:00:05.798428439Z
2023-05-18T08:00:05.798434802Z 🌀  flux start --wrap=strace,-e,network,-tt -o --config /etc/flux/config -Scron.directory=/etc/flux/system/cron.d   -Stbon.fanout=256   -Srundir=/run/flux    -Sstatedir=/var/lib/flux   -Slocal-uri=local:///run/flux/local -Stbon.connect_timeout=5s  -Stbon.zmqdebug=1  -Slog-stderr-level=6    -Slog-stderr-mode=local
2023-05-18T08:00:05.839692883Z 08:00:05.839415 socket(AF_NETLINK, SOCK_RAW, NETLINK_ROUTE) = 8
2023-05-18T08:00:05.839724241Z 08:00:05.839543 bind(8, {sa_family=AF_NETLINK, nl_pid=0, nl_groups=00000000}, 12) = 0
2023-05-18T08:00:05.839808705Z 08:00:05.839618 getsockname(8, {sa_family=AF_NETLINK, nl_pid=71, nl_groups=00000000}, [12]) = 0
2023-05-18T08:00:05.840033238Z 08:00:05.839691 sendto(8, {{len=20, type=RTM_GETADDR, flags=NLM_F_REQUEST|NLM_F_DUMP, seq=1684396805, pid=0}, {ifa_family=AF_UNSPEC, ...}}, 20, 0, {sa_family=AF_NETLINK, nl_pid=0, nl_groups=00000000}, 12) = 20
2023-05-18T08:00:05.840320517Z 08:00:05.839943 recvmsg(8, {msg_name={sa_family=AF_NETLINK, nl_pid=0, nl_groups=00000000}, msg_namelen=12, msg_iov=[{iov_base=[{{len=76, type=RTM_NEWADDR, flags=NLM_F_MULTI, seq=1684396805, pid=71}, {ifa_family=AF_INET, ifa_prefixlen=8, ifa_flags=IFA_F_PERMANENT, ifa_scope=RT_SCOPE_HOST, ifa_index=if_nametoindex("lo")}, [{{nla_len=8, nla_type=IFA_ADDRESS}, 127.0.0.1}, {{nla_len=8, nla_type=IFA_LOCAL}, 127.0.0.1}, {{nla_len=7, nla_type=IFA_LABEL}, "lo"}, {{nla_len=8, nla_type=IFA_FLAGS}, IFA_F_PERMANENT}, {{nla_len=20, nla_type=IFA_CACHEINFO}, {ifa_prefered=4294967295, ifa_valid=4294967295, cstamp=254819, tstamp=254819}}]}, {{len=88, type=RTM_NEWADDR, flags=NLM_F_MULTI, seq=1684396805, pid=71}, {ifa_family=AF_INET, ifa_prefixlen=24, ifa_flags=IFA_F_PERMANENT, ifa_scope=RT_SCOPE_UNIVERSE, ifa_index=if_nametoindex("eth0")}, [{{nla_len=8, nla_type=IFA_ADDRESS}, 10.24.3.99}, {{nla_len=8, nla_type=IFA_LOCAL}, 10.24.3.99}, {{nla_len=8, nla_type=IFA_BROADCAST}, 10.24.3.255}, {{nla_len=9, nla_type=IFA_LABEL}, "eth0"}, {{nla_len=8, nla_type=IFA_FLAGS}, IFA_F_PERMANENT}, {{nla_len=20, nla_type=IFA_CACHEINFO}, {ifa_prefered=4294967295, ifa_valid=4294967295, cstamp=254822, tstamp=254822}}]}], iov_len=4096}], msg_iovlen=1, msg_controllen=0, msg_flags=0}, 0) = 164
2023-05-18T08:00:05.840429577Z 08:00:05.840280 recvmsg(8, {msg_name={sa_family=AF_NETLINK, nl_pid=0, nl_groups=00000000}, msg_namelen=12, msg_iov=[{iov_base={{len=20, type=NLMSG_DONE, flags=NLM_F_MULTI, seq=1684396805, pid=71}, 0}, iov_len=4096}], msg_iovlen=1, msg_controllen=0, msg_flags=0}, 0) = 20
2023-05-18T08:00:05.840916567Z 08:00:05.840798 socket(AF_UNIX, SOCK_STREAM|SOCK_CLOEXEC|SOCK_NONBLOCK, 0) = 8
2023-05-18T08:00:05.841006624Z 08:00:05.840890 connect(8, {sa_family=AF_UNIX, sun_path="/var/run/nscd/socket"}, 110) = -1 ENOENT (No such file or directory)
2023-05-18T08:00:05.841121782Z 08:00:05.841010 socket(AF_UNIX, SOCK_STREAM|SOCK_CLOEXEC|SOCK_NONBLOCK, 0) = 8
2023-05-18T08:00:05.841201590Z 08:00:05.841094 connect(8, {sa_family=AF_UNIX, sun_path="/var/run/nscd/socket"}, 110) = -1 ENOENT (No such file or directory)
2023-05-18T08:00:05.842500508Z 08:00:05.842356 socket(AF_INET, SOCK_DGRAM|SOCK_CLOEXEC|SOCK_NONBLOCK, IPPROTO_IP) = 8
2023-05-18T08:00:05.842602491Z 08:00:05.842446 connect(8, {sa_family=AF_INET, sin_port=htons(53), sin_addr=inet_addr("169.254.169.254")}, 16) = 0
2023-05-18T08:00:05.842839959Z 08:00:05.842565 sendto(8, "\21#\1\0\0\1\0\0\0\0\0\0\rflux-sample-0\fflux-"..., 76, MSG_NOSIGNAL, NULL, 0) = 76
2023-05-18T08:00:05.846849810Z 08:00:05.846654 recvfrom(8, "\21#\201\200\0\1\0\1\0\0\0\0\rflux-sample-0\fflux-"..., 1024, 0, {sa_family=AF_INET, sin_port=htons(53), sin_addr=inet_addr("169.254.169.254")}, [28->16]) = 92
2023-05-18T08:00:05.851649480Z broker.info[1]: start: none->join 1.92051ms
2023-05-18T08:00:05.863542017Z broker.info[1]: parent-ready: join->init 11.7834ms
2023-05-18T08:00:05.863757273Z 08:00:05.863500 socketpair(AF_UNIX, SOCK_STREAM|SOCK_CLOEXEC, 0, [22, 23]) = 0
2023-05-18T08:00:05.863779671Z 08:00:05.863627 socketpair(AF_UNIX, SOCK_STREAM, 0, [24, 25]) = 0
2023-05-18T08:00:05.863960812Z 08:00:05.863817 socketpair(AF_UNIX, SOCK_STREAM, 0, [26, 27]) = 0
2023-05-18T08:00:05.864165314Z 08:00:05.864015 socketpair(AF_UNIX, SOCK_STREAM, 0, [28, 29]) = 0
2023-05-18T08:00:05.896782430Z broker.info[1]: configuration updated
2023-05-18T08:00:06.046309679Z broker.info[1]: rc1.0: running /etc/flux/rc1.d/01-sched-fluxion
2023-05-18T08:00:06.063174960Z broker.info[1]: rc1.0: running /etc/flux/rc1.d/02-cron
2023-05-18T08:00:06.097835616Z broker.info[1]: rc1.0: /etc/flux/rc1 Exited (rc=0) 0.2s
2023-05-18T08:00:06.098772512Z broker.info[1]: rc1-success: init->quorum 0.23512s
2023-05-18T08:00:09.904465728Z broker.info[1]: quorum-full: quorum->run 3.80526s
2023-05-18T08:00:20.432707326Z broker.info[1]: shutdown: run->cleanup 10.5274s
2023-05-18T08:00:20.433964959Z broker.info[1]: cleanup-none: cleanup->shutdown 0.904567ms
2023-05-18T08:00:20.442325996Z broker.info[1]: children-none: shutdown->finalize 1.04076ms
2023-05-18T08:00:20.442386763Z 08:00:20.434994 socketpair(AF_UNIX, SOCK_STREAM|SOCK_CLOEXEC, 0, [22, 23]) = 0
2023-05-18T08:00:20.442396259Z 08:00:20.435134 socketpair(AF_UNIX, SOCK_STREAM, 0, [24, 25]) = 0
2023-05-18T08:00:20.442401919Z 08:00:20.435302 socketpair(AF_UNIX, SOCK_STREAM, 0, [26, 28]) = 0
2023-05-18T08:00:20.442406860Z 08:00:20.435461 socketpair(AF_UNIX, SOCK_STREAM, 0, [58, 59]) = 0
2023-05-18T08:00:20.456599817Z broker.info[1]: rc3.0: running /etc/flux/rc3.d/01-sched-fluxion
2023-05-18T08:00:20.586492048Z broker.info[1]: rc3.0: /etc/flux/rc3 Exited (rc=0) 0.1s
2023-05-18T08:00:20.587767750Z broker.info[1]: rc3-success: finalize->goodbye 0.152609s
2023-05-18T08:00:20.589637163Z broker.info[1]: goodbye: goodbye->exit 1.2389ms
2023-05-18T08:00:20.598088926Z 08:00:20.597871 +++ exited with 0 +++
2023-05-18T08:00:20.602918607Z Return value for follower worker is 0
2023-05-18T08:00:20.603135449Z The follower worker exited cleanly. Goodbye!
