2023-05-18T07:53:47.179412959Z
2023-05-18T07:53:47.179465484Z Flux username: flux
2023-05-18T07:53:47.179472311Z
2023-05-18T07:53:47.179487814Z Flux install root: /usr
2023-05-18T07:53:47.226980370Z flux user is already added.
2023-05-18T07:53:47.231236549Z flux user identifiers:
2023-05-18T07:53:47.231267386Z uid=1234(flux) gid=1234(flux) groups=1234(flux)
2023-05-18T07:53:47.231273396Z
2023-05-18T07:53:47.231279058Z As Flux prefix for flux commands: sudo -u flux -E PYTHONPATH=/opt/conda/lib/python3.10/site-packages -E PATH=/opt/conda/bin:/usr/local/sbin:/usr/local/bin:/usr/sbin:/usr/bin:/sbin:/bin -E LD_LIBRARY_PATH=/opt/conda/lib -E HOME=/home/flux
2023-05-18T07:53:47.238638365Z
2023-05-18T07:53:47.238670064Z ðŸ‘‹ Hello, I'm flux-sample-2
2023-05-18T07:53:47.238823843Z The main host is flux-sample-0
2023-05-18T07:53:47.238976839Z The working directory is /home/flux/examples/reaxff/HNS, contents include:
2023-05-18T07:53:47.240821628Z /home/flux/examples/reaxff/HNS:
2023-05-18T07:53:47.240842822Z README.txt	ffield.reax.hns  log.8Mar18.reaxc.hns.g++.1
2023-05-18T07:53:47.240848478Z data.hns-equil	in.reaxc.hns	 log.8Mar18.reaxc.hns.g++.4
2023-05-18T07:53:47.241170642Z End of file listing, if you see nothing above there are no files.
2023-05-18T07:53:47.243097739Z flux R encode --hosts=flux-sample-[0-3]
2023-05-18T07:53:47.256948689Z
2023-05-18T07:53:47.257110744Z ðŸ“¦ Resources
2023-05-18T07:53:47.258685739Z {"version": 1, "execution": {"R_lite": [{"rank": "0-3", "children": {"core": "0"}}], "starttime": 0.0, "expiration": 0.0, "nodelist": ["flux-sample-[0-3]"]}}
2023-05-18T07:53:47.258939911Z
2023-05-18T07:53:47.258955686Z ðŸ¸ Diagnostics: false
2023-05-18T07:53:47.259104768Z ðŸš©ï¸ Flux Option Flags defined
2023-05-18T07:53:47.263335025Z
2023-05-18T07:53:47.263356216Z ðŸ¦Š Independent Minister of Privilege
2023-05-18T07:53:47.264788281Z [exec]
2023-05-18T07:53:47.264842394Z allowed-users = [ "flux", "root" ]
2023-05-18T07:53:47.264849669Z allowed-shells = [ "/usr/libexec/flux/flux-shell" ]
2023-05-18T07:53:47.265289830Z
2023-05-18T07:53:47.265306683Z ðŸ¸ Broker Configuration
2023-05-18T07:53:47.266251662Z # Flux needs to know the path to the IMP executable
2023-05-18T07:53:47.266267507Z [exec]
2023-05-18T07:53:47.266273282Z imp = "/usr/libexec/flux/flux-imp"
2023-05-18T07:53:47.266277902Z
2023-05-18T07:53:47.266285134Z [access]
2023-05-18T07:53:47.266292410Z allow-guest-user = true
2023-05-18T07:53:47.266297701Z allow-root-owner = true
2023-05-18T07:53:47.266302039Z
2023-05-18T07:53:47.266306978Z # Point to resource definition generated with flux-R(1).
2023-05-18T07:53:47.266311788Z [resource]
2023-05-18T07:53:47.266317383Z path = "/etc/flux/system/R"
2023-05-18T07:53:47.266321697Z
2023-05-18T07:53:47.266328784Z [bootstrap]
2023-05-18T07:53:47.266334663Z curve_cert = "/etc/curve/curve.cert"
2023-05-18T07:53:47.266339645Z default_port = 8050
2023-05-18T07:53:47.266344539Z default_bind = "tcp://eth0:%p"
2023-05-18T07:53:47.266350342Z default_connect = "tcp://%h.flux-service.flux-operator.svc.cluster.local:%p"
2023-05-18T07:53:47.266354812Z hosts = [
2023-05-18T07:53:47.266359544Z 	{ host="flux-sample-[0-3]"},
2023-05-18T07:53:47.266364011Z ]
2023-05-18T07:53:47.266370472Z
2023-05-18T07:53:47.266376622Z [archive]
2023-05-18T07:53:47.266381920Z dbpath = "/var/lib/flux/job-archive.sqlite"
2023-05-18T07:53:47.266386844Z period = "1m"
2023-05-18T07:53:47.356568946Z busytimeout = "50s"
2023-05-18T07:53:47.356624480Z ðŸ§Šï¸ State Directory:
2023-05-18T07:53:47.356632352Z total 0
2023-05-18T07:53:47.356639314Z
2023-05-18T07:53:47.359802441Z
2023-05-18T07:53:47.359830430Z ðŸ”’ï¸ Working directory permissions:
2023-05-18T07:53:47.359845263Z total 96
2023-05-18T07:53:47.359854287Z -rwxrwxrwx 1 flux root  2517 May 17 22:32 README.txt
2023-05-18T07:53:47.359868308Z -rwxrwxrwx 1 flux root 54692 May 17 22:32 data.hns-equil
2023-05-18T07:53:47.359874619Z -rwxrwxrwx 1 flux root 13576 May 17 22:32 ffield.reax.hns
2023-05-18T07:53:47.359884267Z -rwxrwxrwx 1 flux root   870 May 17 22:32 in.reaxc.hns
2023-05-18T07:53:47.359891075Z -rwxrwxrwx 1 flux root  4172 May 17 22:32 log.8Mar18.reaxc.hns.g++.1
2023-05-18T07:53:47.359897414Z -rwxrwxrwx 1 flux root  4168 May 17 22:32 log.8Mar18.reaxc.hns.g++.4
2023-05-18T07:53:47.359904815Z
2023-05-18T07:53:47.359928770Z
2023-05-18T07:53:47.360012972Z âœ¨ Curve certificate generated by helper pod
2023-05-18T07:53:47.361550111Z #   ****  Generated on 2023-04-26 22:54:42 by CZMQ  ****
2023-05-18T07:53:47.361569711Z #   ZeroMQ CURVE **Secret** Certificate
2023-05-18T07:53:47.361577510Z #   DO NOT PROVIDE THIS FILE TO OTHER USERS nor change its permissions.
2023-05-18T07:53:47.361595674Z
2023-05-18T07:53:47.361602674Z metadata
2023-05-18T07:53:47.361612187Z     name = "flux-cert-generator"
2023-05-18T07:53:47.361620196Z     keygen.hostname = "flux-sample-0"
2023-05-18T07:53:47.361627378Z curve
2023-05-18T07:53:47.361633981Z     public-key = "Yd!CA?78)sWvr#=6xEWtHvJ7!KS7rZGoHBc5D0e6"
2023-05-18T07:53:47.361640842Z     secret-key = "Qqv@r}O$7%9YXp1efaW07ss2eA[jvG-Z[KbmHYx^"
2023-05-18T07:53:47.363731996Z
2023-05-18T07:53:47.363785665Z ðŸŒ€  flux start --wrap=strace,-e,network,-tt -o --config /etc/flux/config -Scron.directory=/etc/flux/system/cron.d   -Stbon.fanout=256   -Srundir=/run/flux    -Sstatedir=/var/lib/flux   -Slocal-uri=local:///run/flux/local -Stbon.connect_timeout=4s  -Stbon.zmqdebug=1  -Slog-stderr-level=6    -Slog-stderr-mode=local
2023-05-18T07:53:47.410357003Z 07:53:47.407291 socket(AF_NETLINK, SOCK_RAW, NETLINK_ROUTE) = 8
2023-05-18T07:53:47.410390064Z 07:53:47.407484 bind(8, {sa_family=AF_NETLINK, nl_pid=0, nl_groups=00000000}, 12) = 0
2023-05-18T07:53:47.410396153Z 07:53:47.407570 getsockname(8, {sa_family=AF_NETLINK, nl_pid=70, nl_groups=00000000}, [12]) = 0
2023-05-18T07:53:47.410401745Z 07:53:47.407644 sendto(8, {{len=20, type=RTM_GETADDR, flags=NLM_F_REQUEST|NLM_F_DUMP, seq=1684396427, pid=0}, {ifa_family=AF_UNSPEC, ...}}, 20, 0, {sa_family=AF_NETLINK, nl_pid=0, nl_groups=00000000}, 12) = 20
2023-05-18T07:53:47.410407774Z 07:53:47.407908 recvmsg(8, {msg_name={sa_family=AF_NETLINK, nl_pid=0, nl_groups=00000000}, msg_namelen=12, msg_iov=[{iov_base=[{{len=76, type=RTM_NEWADDR, flags=NLM_F_MULTI, seq=1684396427, pid=70}, {ifa_family=AF_INET, ifa_prefixlen=8, ifa_flags=IFA_F_PERMANENT, ifa_scope=RT_SCOPE_HOST, ifa_index=if_nametoindex("lo")}, [{{nla_len=8, nla_type=IFA_ADDRESS}, 127.0.0.1}, {{nla_len=8, nla_type=IFA_LOCAL}, 127.0.0.1}, {{nla_len=7, nla_type=IFA_LABEL}, "lo"}, {{nla_len=8, nla_type=IFA_FLAGS}, IFA_F_PERMANENT}, {{nla_len=20, nla_type=IFA_CACHEINFO}, {ifa_prefered=4294967295, ifa_valid=4294967295, cstamp=217032, tstamp=217032}}]}, {{len=88, type=RTM_NEWADDR, flags=NLM_F_MULTI, seq=1684396427, pid=70}, {ifa_family=AF_INET, ifa_prefixlen=24, ifa_flags=IFA_F_PERMANENT, ifa_scope=RT_SCOPE_UNIVERSE, ifa_index=if_nametoindex("eth0")}, [{{nla_len=8, nla_type=IFA_ADDRESS}, 10.24.1.82}, {{nla_len=8, nla_type=IFA_LOCAL}, 10.24.1.82}, {{nla_len=8, nla_type=IFA_BROADCAST}, 10.24.1.255}, {{nla_len=9, nla_type=IFA_LABEL}, "eth0"}, {{nla_len=8, nla_type=IFA_FLAGS}, IFA_F_PERMANENT}, {{nla_len=20, nla_type=IFA_CACHEINFO}, {ifa_prefered=4294967295, ifa_valid=4294967295, cstamp=217036, tstamp=217036}}]}], iov_len=4096}], msg_iovlen=1, msg_controllen=0, msg_flags=0}, 0) = 164
2023-05-18T07:53:47.410417072Z 07:53:47.408216 recvmsg(8, {msg_name={sa_family=AF_NETLINK, nl_pid=0, nl_groups=00000000}, msg_namelen=12, msg_iov=[{iov_base={{len=20, type=NLMSG_DONE, flags=NLM_F_MULTI, seq=1684396427, pid=70}, 0}, iov_len=4096}], msg_iovlen=1, msg_controllen=0, msg_flags=0}, 0) = 20
2023-05-18T07:53:47.410438167Z 07:53:47.408806 socket(AF_UNIX, SOCK_STREAM|SOCK_CLOEXEC|SOCK_NONBLOCK, 0) = 8
2023-05-18T07:53:47.410443936Z 07:53:47.408882 connect(8, {sa_family=AF_UNIX, sun_path="/var/run/nscd/socket"}, 110) = -1 ENOENT (No such file or directory)
2023-05-18T07:53:47.410448480Z 07:53:47.409002 socket(AF_UNIX, SOCK_STREAM|SOCK_CLOEXEC|SOCK_NONBLOCK, 0) = 8
2023-05-18T07:53:47.410453520Z 07:53:47.409063 connect(8, {sa_family=AF_UNIX, sun_path="/var/run/nscd/socket"}, 110) = -1 ENOENT (No such file or directory)
2023-05-18T07:53:47.411348873Z 07:53:47.410801 socket(AF_INET, SOCK_DGRAM|SOCK_CLOEXEC|SOCK_NONBLOCK, IPPROTO_IP) = 8
2023-05-18T07:53:47.411370416Z 07:53:47.410892 connect(8, {sa_family=AF_INET, sin_port=htons(53), sin_addr=inet_addr("169.254.169.254")}, 16) = 0
2023-05-18T07:53:47.411376431Z 07:53:47.411016 sendto(8, "\24p\1\0\0\1\0\0\0\0\0\0\rflux-sample-0\fflux-"..., 76, MSG_NOSIGNAL, NULL, 0) = 76
2023-05-18T07:53:47.414833449Z 07:53:47.414590 recvfrom(8, "\24p\201\200\0\1\0\1\0\0\0\0\rflux-sample-0\fflux-"..., 1024, 0, {sa_family=AF_INET, sin_port=htons(53), sin_addr=inet_addr("169.254.169.254")}, [28->16]) = 92
2023-05-18T07:53:47.419880794Z broker.info[2]: start: none->join 2.13979ms
2023-05-18T07:53:51.607227395Z broker.info[2]: parent-ready: join->init 4.18724s
2023-05-18T07:53:51.607283371Z 07:53:51.607002 socketpair(AF_UNIX, SOCK_STREAM|SOCK_CLOEXEC, 0, [22, 23]) = 0
2023-05-18T07:53:51.607833426Z 07:53:51.607354 socketpair(AF_UNIX, SOCK_STREAM, 0, [24, 25]) = 0
2023-05-18T07:53:51.608215263Z 07:53:51.607918 socketpair(AF_UNIX, SOCK_STREAM, 0, [26, 27]) = 0
2023-05-18T07:53:51.608571343Z 07:53:51.608396 socketpair(AF_UNIX, SOCK_STREAM, 0, [28, 29]) = 0
2023-05-18T07:53:51.635472652Z broker.info[2]: configuration updated
2023-05-18T07:53:51.776146199Z broker.info[2]: rc1.0: running /etc/flux/rc1.d/01-sched-fluxion
2023-05-18T07:53:51.788955108Z broker.info[2]: rc1.0: running /etc/flux/rc1.d/02-cron
2023-05-18T07:53:51.815367296Z broker.info[2]: rc1.0: /etc/flux/rc1 Exited (rc=0) 0.2s
2023-05-18T07:53:51.816485988Z broker.info[2]: rc1-success: init->quorum 0.209287s
2023-05-18T07:53:52.025218367Z broker.info[2]: quorum-full: quorum->run 0.208248s
2023-05-18T07:54:02.803657827Z broker.info[2]: shutdown: run->cleanup 10.7782s
2023-05-18T07:54:02.805868350Z broker.info[2]: cleanup-none: cleanup->shutdown 1.16728ms
2023-05-18T07:54:02.807234172Z broker.info[2]: children-none: shutdown->finalize 0.939309ms
2023-05-18T07:54:02.807816622Z 07:54:02.807488 socketpair(AF_UNIX, SOCK_STREAM|SOCK_CLOEXEC, 0, [22, 23]) = 0
2023-05-18T07:54:02.808209408Z 07:54:02.808004 socketpair(AF_UNIX, SOCK_STREAM, 0, [24, 25]) = 0
2023-05-18T07:54:02.808597141Z 07:54:02.808305 socketpair(AF_UNIX, SOCK_STREAM, 0, [26, 28]) = 0
2023-05-18T07:54:02.809027812Z 07:54:02.808802 socketpair(AF_UNIX, SOCK_STREAM, 0, [58, 59]) = 0
2023-05-18T07:54:02.827203446Z broker.info[2]: rc3.0: running /etc/flux/rc3.d/01-sched-fluxion
2023-05-18T07:54:02.960974450Z broker.info[2]: rc3.0: /etc/flux/rc3 Exited (rc=0) 0.1s
2023-05-18T07:54:02.962264398Z broker.info[2]: rc3-success: finalize->goodbye 0.154617s
2023-05-18T07:54:02.963911316Z broker.info[2]: goodbye: goodbye->exit 1.02432ms
2023-05-18T07:54:02.972832726Z 07:54:02.972563 +++ exited with 0 +++
2023-05-18T07:54:02.973973430Z Return value for follower worker is 0
2023-05-18T07:54:02.974009203Z The follower worker exited cleanly. Goodbye!
