2023-05-18T07:59:20.599319797Z
2023-05-18T07:59:20.599356339Z Flux username: flux
2023-05-18T07:59:20.599362509Z
2023-05-18T07:59:20.599367194Z Flux install root: /usr
2023-05-18T07:59:20.643259469Z flux user is already added.
2023-05-18T07:59:20.646760921Z flux user identifiers:
2023-05-18T07:59:20.646782211Z uid=1234(flux) gid=1234(flux) groups=1234(flux)
2023-05-18T07:59:20.646876715Z
2023-05-18T07:59:20.646888148Z As Flux prefix for flux commands: sudo -u flux -E PYTHONPATH=/opt/conda/lib/python3.10/site-packages -E PATH=/opt/conda/bin:/usr/local/sbin:/usr/local/bin:/usr/sbin:/usr/bin:/sbin:/bin -E LD_LIBRARY_PATH=/opt/conda/lib -E HOME=/home/flux
2023-05-18T07:59:20.654382253Z
2023-05-18T07:59:20.654403661Z 👋 Hello, I'm flux-sample-3
2023-05-18T07:59:20.654560327Z The main host is flux-sample-0
2023-05-18T07:59:20.654572677Z The working directory is /home/flux/examples/reaxff/HNS, contents include:
2023-05-18T07:59:20.656291411Z /home/flux/examples/reaxff/HNS:
2023-05-18T07:59:20.656310589Z README.txt	ffield.reax.hns  log.8Mar18.reaxc.hns.g++.1
2023-05-18T07:59:20.656318090Z data.hns-equil	in.reaxc.hns	 log.8Mar18.reaxc.hns.g++.4
2023-05-18T07:59:20.656707072Z End of file listing, if you see nothing above there are no files.
2023-05-18T07:59:20.658476182Z flux R encode --hosts=flux-sample-[0-3]
2023-05-18T07:59:20.672476186Z
2023-05-18T07:59:20.672498220Z 📦 Resources
2023-05-18T07:59:20.673841881Z {"version": 1, "execution": {"R_lite": [{"rank": "0-3", "children": {"core": "0"}}], "starttime": 0.0, "expiration": 0.0, "nodelist": ["flux-sample-[0-3]"]}}
2023-05-18T07:59:20.674074366Z
2023-05-18T07:59:20.674090466Z 🐸 Diagnostics: false
2023-05-18T07:59:20.674275938Z 🚩️ Flux Option Flags defined
2023-05-18T07:59:20.677884061Z
2023-05-18T07:59:20.677905196Z 🦊 Independent Minister of Privilege
2023-05-18T07:59:20.679141687Z [exec]
2023-05-18T07:59:20.679160028Z allowed-users = [ "flux", "root" ]
2023-05-18T07:59:20.679175813Z allowed-shells = [ "/usr/libexec/flux/flux-shell" ]
2023-05-18T07:59:20.679537933Z
2023-05-18T07:59:20.679557821Z 🐸 Broker Configuration
2023-05-18T07:59:20.681096789Z # Flux needs to know the path to the IMP executable
2023-05-18T07:59:20.681115217Z [exec]
2023-05-18T07:59:20.681123237Z imp = "/usr/libexec/flux/flux-imp"
2023-05-18T07:59:20.681130173Z
2023-05-18T07:59:20.681136886Z [access]
2023-05-18T07:59:20.681143707Z allow-guest-user = true
2023-05-18T07:59:20.681150201Z allow-root-owner = true
2023-05-18T07:59:20.681156763Z
2023-05-18T07:59:20.681165127Z # Point to resource definition generated with flux-R(1).
2023-05-18T07:59:20.681181583Z [resource]
2023-05-18T07:59:20.681193657Z path = "/etc/flux/system/R"
2023-05-18T07:59:20.681200460Z
2023-05-18T07:59:20.681207111Z [bootstrap]
2023-05-18T07:59:20.681213735Z curve_cert = "/etc/curve/curve.cert"
2023-05-18T07:59:20.681220359Z default_port = 8050
2023-05-18T07:59:20.681226850Z default_bind = "tcp://eth0:%p"
2023-05-18T07:59:20.681263457Z default_connect = "tcp://%h.flux-service.flux-operator.svc.cluster.local:%p"
2023-05-18T07:59:20.681271461Z hosts = [
2023-05-18T07:59:20.681278322Z 	{ host="flux-sample-[0-3]"},
2023-05-18T07:59:20.681285197Z ]
2023-05-18T07:59:20.681291214Z
2023-05-18T07:59:20.681297937Z [archive]
2023-05-18T07:59:20.681304609Z dbpath = "/var/lib/flux/job-archive.sqlite"
2023-05-18T07:59:20.681312617Z period = "1m"
2023-05-18T07:59:20.756484199Z busytimeout = "50s"
2023-05-18T07:59:20.756504491Z 🧊️ State Directory:
2023-05-18T07:59:20.756512691Z total 0
2023-05-18T07:59:20.756534871Z
2023-05-18T07:59:20.759813190Z
2023-05-18T07:59:20.759834377Z 🔒️ Working directory permissions:
2023-05-18T07:59:20.759842781Z total 96
2023-05-18T07:59:20.759864008Z -rwxrwxrwx 1 flux root  2517 May 17 22:32 README.txt
2023-05-18T07:59:20.759869736Z -rwxrwxrwx 1 flux root 54692 May 17 22:32 data.hns-equil
2023-05-18T07:59:20.759977864Z -rwxrwxrwx 1 flux root 13576 May 17 22:32 ffield.reax.hns
2023-05-18T07:59:20.759988834Z -rwxrwxrwx 1 flux root   870 May 17 22:32 in.reaxc.hns
2023-05-18T07:59:20.760060009Z -rwxrwxrwx 1 flux root  4172 May 17 22:32 log.8Mar18.reaxc.hns.g++.1
2023-05-18T07:59:20.760070062Z -rwxrwxrwx 1 flux root  4168 May 17 22:32 log.8Mar18.reaxc.hns.g++.4
2023-05-18T07:59:20.760074957Z
2023-05-18T07:59:20.760191021Z
2023-05-18T07:59:20.760202190Z ✨ Curve certificate generated by helper pod
2023-05-18T07:59:20.761675440Z #   ****  Generated on 2023-04-26 22:54:42 by CZMQ  ****
2023-05-18T07:59:20.761691211Z #   ZeroMQ CURVE **Secret** Certificate
2023-05-18T07:59:20.761697132Z #   DO NOT PROVIDE THIS FILE TO OTHER USERS nor change its permissions.
2023-05-18T07:59:20.761701873Z
2023-05-18T07:59:20.761714224Z metadata
2023-05-18T07:59:20.761719872Z     name = "flux-cert-generator"
2023-05-18T07:59:20.761724606Z     keygen.hostname = "flux-sample-0"
2023-05-18T07:59:20.761731679Z curve
2023-05-18T07:59:20.761737571Z     public-key = ")<6w9[-QSMm26Q=6m49MJ5x={?lNg9wtUUa]D+%("
2023-05-18T07:59:20.761742624Z     secret-key = ">rvWg!?L=:DOALf)Hq/bQK75sJ^X0.EL-2yLiOHL"
2023-05-18T07:59:20.763657296Z
2023-05-18T07:59:20.763675466Z 🌀  flux start --wrap=strace,-e,network,-tt -o --config /etc/flux/config -Scron.directory=/etc/flux/system/cron.d   -Stbon.fanout=256   -Srundir=/run/flux    -Sstatedir=/var/lib/flux   -Slocal-uri=local:///run/flux/local -Stbon.connect_timeout=5s  -Stbon.zmqdebug=1  -Slog-stderr-level=6    -Slog-stderr-mode=local
2023-05-18T07:59:20.800162203Z 07:59:20.799999 socket(AF_NETLINK, SOCK_RAW, NETLINK_ROUTE) = 8
2023-05-18T07:59:20.800413529Z 07:59:20.800279 bind(8, {sa_family=AF_NETLINK, nl_pid=0, nl_groups=00000000}, 12) = 0
2023-05-18T07:59:20.800548153Z 07:59:20.800355 getsockname(8, {sa_family=AF_NETLINK, nl_pid=70, nl_groups=00000000}, [12]) = 0
2023-05-18T07:59:20.800757594Z 07:59:20.800422 sendto(8, {{len=20, type=RTM_GETADDR, flags=NLM_F_REQUEST|NLM_F_DUMP, seq=1684396760, pid=0}, {ifa_family=AF_UNSPEC, ...}}, 20, 0, {sa_family=AF_NETLINK, nl_pid=0, nl_groups=00000000}, 12) = 20
2023-05-18T07:59:20.801043014Z 07:59:20.800636 recvmsg(8, {msg_name={sa_family=AF_NETLINK, nl_pid=0, nl_groups=00000000}, msg_namelen=12, msg_iov=[{iov_base=[{{len=76, type=RTM_NEWADDR, flags=NLM_F_MULTI, seq=1684396760, pid=70}, {ifa_family=AF_INET, ifa_prefixlen=8, ifa_flags=IFA_F_PERMANENT, ifa_scope=RT_SCOPE_HOST, ifa_index=if_nametoindex("lo")}, [{{nla_len=8, nla_type=IFA_ADDRESS}, 127.0.0.1}, {{nla_len=8, nla_type=IFA_LOCAL}, 127.0.0.1}, {{nla_len=7, nla_type=IFA_LABEL}, "lo"}, {{nla_len=8, nla_type=IFA_FLAGS}, IFA_F_PERMANENT}, {{nla_len=20, nla_type=IFA_CACHEINFO}, {ifa_prefered=4294967295, ifa_valid=4294967295, cstamp=250585, tstamp=250585}}]}, {{len=88, type=RTM_NEWADDR, flags=NLM_F_MULTI, seq=1684396760, pid=70}, {ifa_family=AF_INET, ifa_prefixlen=24, ifa_flags=IFA_F_PERMANENT, ifa_scope=RT_SCOPE_UNIVERSE, ifa_index=if_nametoindex("eth0")}, [{{nla_len=8, nla_type=IFA_ADDRESS}, 10.24.0.103}, {{nla_len=8, nla_type=IFA_LOCAL}, 10.24.0.103}, {{nla_len=8, nla_type=IFA_BROADCAST}, 10.24.0.255}, {{nla_len=9, nla_type=IFA_LABEL}, "eth0"}, {{nla_len=8, nla_type=IFA_FLAGS}, IFA_F_PERMANENT}, {{nla_len=20, nla_type=IFA_CACHEINFO}, {ifa_prefered=4294967295, ifa_valid=4294967295, cstamp=250588, tstamp=250588}}]}], iov_len=4096}], msg_iovlen=1, msg_controllen=0, msg_flags=0}, 0) = 164
2023-05-18T07:59:20.801163841Z 07:59:20.800937 recvmsg(8, {msg_name={sa_family=AF_NETLINK, nl_pid=0, nl_groups=00000000}, msg_namelen=12, msg_iov=[{iov_base={{len=20, type=NLMSG_DONE, flags=NLM_F_MULTI, seq=1684396760, pid=70}, 0}, iov_len=4096}], msg_iovlen=1, msg_controllen=0, msg_flags=0}, 0) = 20
2023-05-18T07:59:20.801669615Z 07:59:20.801471 socket(AF_UNIX, SOCK_STREAM|SOCK_CLOEXEC|SOCK_NONBLOCK, 0) = 8
2023-05-18T07:59:20.801685418Z 07:59:20.801536 connect(8, {sa_family=AF_UNIX, sun_path="/var/run/nscd/socket"}, 110) = -1 ENOENT (No such file or directory)
2023-05-18T07:59:20.801788874Z 07:59:20.801640 socket(AF_UNIX, SOCK_STREAM|SOCK_CLOEXEC|SOCK_NONBLOCK, 0) = 8
2023-05-18T07:59:20.801902271Z 07:59:20.801694 connect(8, {sa_family=AF_UNIX, sun_path="/var/run/nscd/socket"}, 110) = -1 ENOENT (No such file or directory)
2023-05-18T07:59:20.803225391Z 07:59:20.802998 socket(AF_INET, SOCK_DGRAM|SOCK_CLOEXEC|SOCK_NONBLOCK, IPPROTO_IP) = 8
2023-05-18T07:59:20.803253528Z 07:59:20.803072 connect(8, {sa_family=AF_INET, sin_port=htons(53), sin_addr=inet_addr("169.254.169.254")}, 16) = 0
2023-05-18T07:59:20.803450374Z 07:59:20.803181 sendto(8, "\235\215\1\0\0\1\0\0\0\0\0\0\rflux-sample-0\fflux-"..., 76, MSG_NOSIGNAL, NULL, 0) = 76
2023-05-18T07:59:20.808028398Z 07:59:20.807813 recvfrom(8, "\235\215\201\200\0\1\0\1\0\0\0\0\rflux-sample-0\fflux-"..., 1024, 0, {sa_family=AF_INET, sin_port=htons(53), sin_addr=inet_addr("169.254.169.254")}, [28->16]) = 92
2023-05-18T07:59:20.811849302Z broker.info[3]: start: none->join 1.57658ms
2023-05-18T07:59:20.823430306Z broker.info[3]: parent-ready: join->init 11.4888ms
2023-05-18T07:59:20.823695151Z 07:59:20.823508 socketpair(AF_UNIX, SOCK_STREAM|SOCK_CLOEXEC, 0, [22, 23]) = 0
2023-05-18T07:59:20.823807376Z 07:59:20.823607 socketpair(AF_UNIX, SOCK_STREAM, 0, [24, 25]) = 0
2023-05-18T07:59:20.823898310Z 07:59:20.823780 socketpair(AF_UNIX, SOCK_STREAM, 0, [26, 27]) = 0
2023-05-18T07:59:20.824123337Z 07:59:20.823963 socketpair(AF_UNIX, SOCK_STREAM, 0, [28, 29]) = 0
2023-05-18T07:59:20.846579360Z broker.info[3]: configuration updated
2023-05-18T07:59:20.963977145Z broker.info[3]: rc1.0: running /etc/flux/rc1.d/01-sched-fluxion
2023-05-18T07:59:20.975202381Z broker.info[3]: rc1.0: running /etc/flux/rc1.d/02-cron
2023-05-18T07:59:21.000524561Z broker.info[3]: rc1.0: /etc/flux/rc1 Exited (rc=0) 0.2s
2023-05-18T07:59:21.002682251Z broker.info[3]: rc1-success: init->quorum 0.177197s
2023-05-18T07:59:25.398652052Z broker.info[3]: quorum-full: quorum->run 4.39743s
2023-05-18T07:59:26.027789773Z 07:59:26.027572 socketpair(AF_UNIX, SOCK_STREAM|SOCK_CLOEXEC, 0, [22, 23]) = 0
2023-05-18T07:59:26.028483798Z 07:59:26.027860 socketpair(AF_UNIX, SOCK_STREAM, 0, [24, 25]) = 0
2023-05-18T07:59:26.028728277Z 07:59:26.028057 socketpair(AF_UNIX, SOCK_STREAM, 0, [26, 28]) = 0
2023-05-18T07:59:26.028900735Z 07:59:26.028225 socketpair(AF_UNIX, SOCK_STREAM, 0, [58, 59]) = 0
2023-05-18T07:59:36.336043237Z broker.info[3]: shutdown: run->cleanup 10.9373s
2023-05-18T07:59:36.338067920Z broker.info[3]: cleanup-none: cleanup->shutdown 1.15515ms
2023-05-18T07:59:36.339799371Z broker.info[3]: children-none: shutdown->finalize 1.08381ms
2023-05-18T07:59:36.340381076Z 07:59:36.340070 socketpair(AF_UNIX, SOCK_STREAM|SOCK_CLOEXEC, 0, [22, 23]) = 0
2023-05-18T07:59:36.341046649Z 07:59:36.340439 socketpair(AF_UNIX, SOCK_STREAM, 0, [24, 25]) = 0
2023-05-18T07:59:36.342035068Z 07:59:36.341257 socketpair(AF_UNIX, SOCK_STREAM, 0, [26, 28]) = 0
2023-05-18T07:59:36.342060826Z 07:59:36.341592 socketpair(AF_UNIX, SOCK_STREAM, 0, [58, 59]) = 0
2023-05-18T07:59:36.360575583Z broker.info[3]: rc3.0: running /etc/flux/rc3.d/01-sched-fluxion
2023-05-18T07:59:36.495681651Z broker.info[3]: rc3.0: /etc/flux/rc3 Exited (rc=0) 0.1s
2023-05-18T07:59:36.496832954Z broker.info[3]: rc3-success: finalize->goodbye 0.156611s
2023-05-18T07:59:36.498383583Z broker.info[3]: goodbye: goodbye->exit 0.993757ms
2023-05-18T07:59:36.505993141Z 07:59:36.505844 +++ exited with 0 +++
2023-05-18T07:59:36.507498663Z Return value for follower worker is 0
2023-05-18T07:59:36.507651534Z The follower worker exited cleanly. Goodbye!
