2023-05-18T08:14:17.437446466Z
2023-05-18T08:14:17.437485704Z Flux username: flux
2023-05-18T08:14:17.437587722Z
2023-05-18T08:14:17.437608494Z Flux install root: /usr
2023-05-18T08:14:17.483418948Z flux user is already added.
2023-05-18T08:14:17.486180334Z flux user identifiers:
2023-05-18T08:14:17.486203172Z uid=1234(flux) gid=1234(flux) groups=1234(flux)
2023-05-18T08:14:17.486362274Z
2023-05-18T08:14:17.486380251Z As Flux prefix for flux commands: sudo -u flux -E PYTHONPATH=/opt/conda/lib/python3.10/site-packages -E PATH=/opt/conda/bin:/usr/local/sbin:/usr/local/bin:/usr/sbin:/usr/bin:/sbin:/bin -E LD_LIBRARY_PATH=/opt/conda/lib -E HOME=/home/flux
2023-05-18T08:14:17.493456860Z
2023-05-18T08:14:17.493478445Z ðŸ‘‹ Hello, I'm flux-sample-3
2023-05-18T08:14:17.493643542Z The main host is flux-sample-0
2023-05-18T08:14:17.493771903Z The working directory is /home/flux/examples/reaxff/HNS, contents include:
2023-05-18T08:14:17.495707596Z /home/flux/examples/reaxff/HNS:
2023-05-18T08:14:17.495832805Z README.txt	ffield.reax.hns  log.8Mar18.reaxc.hns.g++.1
2023-05-18T08:14:17.495843670Z data.hns-equil	in.reaxc.hns	 log.8Mar18.reaxc.hns.g++.4
2023-05-18T08:14:17.496073401Z End of file listing, if you see nothing above there are no files.
2023-05-18T08:14:17.498282751Z flux R encode --hosts=flux-sample-[0-3]
2023-05-18T08:14:17.512004451Z
2023-05-18T08:14:17.512025651Z ðŸ“¦ Resources
2023-05-18T08:14:17.513282569Z {"version": 1, "execution": {"R_lite": [{"rank": "0-3", "children": {"core": "0"}}], "starttime": 0.0, "expiration": 0.0, "nodelist": ["flux-sample-[0-3]"]}}
2023-05-18T08:14:17.513500575Z
2023-05-18T08:14:17.513515596Z ðŸ¸ Diagnostics: false
2023-05-18T08:14:17.513653750Z ðŸš©ï¸ Flux Option Flags defined
2023-05-18T08:14:17.516980599Z
2023-05-18T08:14:17.516999355Z ðŸ¦Š Independent Minister of Privilege
2023-05-18T08:14:17.518203601Z [exec]
2023-05-18T08:14:17.518219513Z allowed-users = [ "flux", "root" ]
2023-05-18T08:14:17.518227040Z allowed-shells = [ "/usr/libexec/flux/flux-shell" ]
2023-05-18T08:14:17.518466533Z
2023-05-18T08:14:17.518483165Z ðŸ¸ Broker Configuration
2023-05-18T08:14:17.519654638Z # Flux needs to know the path to the IMP executable
2023-05-18T08:14:17.519670557Z [exec]
2023-05-18T08:14:17.519676349Z imp = "/usr/libexec/flux/flux-imp"
2023-05-18T08:14:17.519681061Z
2023-05-18T08:14:17.519694069Z [access]
2023-05-18T08:14:17.519713900Z allow-guest-user = true
2023-05-18T08:14:17.519720118Z allow-root-owner = true
2023-05-18T08:14:17.519724969Z
2023-05-18T08:14:17.519729708Z # Point to resource definition generated with flux-R(1).
2023-05-18T08:14:17.519734537Z [resource]
2023-05-18T08:14:17.519739591Z path = "/etc/flux/system/R"
2023-05-18T08:14:17.519743929Z
2023-05-18T08:14:17.519750807Z [bootstrap]
2023-05-18T08:14:17.519757189Z curve_cert = "/etc/curve/curve.cert"
2023-05-18T08:14:17.519762218Z default_port = 8050
2023-05-18T08:14:17.519766966Z default_bind = "tcp://eth0:%p"
2023-05-18T08:14:17.519772468Z default_connect = "tcp://%h.flux-service.flux-operator.svc.cluster.local:%p"
2023-05-18T08:14:17.519777468Z hosts = [
2023-05-18T08:14:17.519782291Z 	{ host="flux-sample-[0-3]"},
2023-05-18T08:14:17.519786802Z ]
2023-05-18T08:14:17.519793626Z
2023-05-18T08:14:17.519799765Z [archive]
2023-05-18T08:14:17.519804824Z dbpath = "/var/lib/flux/job-archive.sqlite"
2023-05-18T08:14:17.519809548Z period = "1m"
2023-05-18T08:14:17.595448616Z busytimeout = "50s"
2023-05-18T08:14:17.595479801Z ðŸ§Šï¸ State Directory:
2023-05-18T08:14:17.595486714Z total 0
2023-05-18T08:14:17.595492451Z
2023-05-18T08:14:17.603372705Z
2023-05-18T08:14:17.603406315Z ðŸ”’ï¸ Working directory permissions:
2023-05-18T08:14:17.603414480Z total 96
2023-05-18T08:14:17.603421026Z -rwxrwxrwx 1 flux root  2517 May 17 22:32 README.txt
2023-05-18T08:14:17.603426380Z -rwxrwxrwx 1 flux root 54692 May 17 22:32 data.hns-equil
2023-05-18T08:14:17.603432005Z -rwxrwxrwx 1 flux root 13576 May 17 22:32 ffield.reax.hns
2023-05-18T08:14:17.603437320Z -rwxrwxrwx 1 flux root   870 May 17 22:32 in.reaxc.hns
2023-05-18T08:14:17.603443379Z -rwxrwxrwx 1 flux root  4172 May 17 22:32 log.8Mar18.reaxc.hns.g++.1
2023-05-18T08:14:17.603451408Z -rwxrwxrwx 1 flux root  4168 May 17 22:32 log.8Mar18.reaxc.hns.g++.4
2023-05-18T08:14:17.603457832Z
2023-05-18T08:14:17.603462934Z
2023-05-18T08:14:17.603468610Z âœ¨ Curve certificate generated by helper pod
2023-05-18T08:14:17.603473981Z #   ****  Generated on 2023-04-26 22:54:42 by CZMQ  ****
2023-05-18T08:14:17.603479096Z #   ZeroMQ CURVE **Secret** Certificate
2023-05-18T08:14:17.603484391Z #   DO NOT PROVIDE THIS FILE TO OTHER USERS nor change its permissions.
2023-05-18T08:14:17.603489990Z
2023-05-18T08:14:17.603498107Z metadata
2023-05-18T08:14:17.603505393Z     name = "flux-cert-generator"
2023-05-18T08:14:17.603510945Z     keygen.hostname = "flux-sample-0"
2023-05-18T08:14:17.603516638Z curve
2023-05-18T08:14:17.603522205Z     public-key = "mMqDr*uW*Bc$*3R0YTCx5mHdu}oDx6p#>6{MNd8="
2023-05-18T08:14:17.603527637Z     secret-key = "!G^[Q1YfQm}cYPL4O$XrqL).(bjM<4D@{t%^><n%"
2023-05-18T08:14:17.604100569Z
2023-05-18T08:14:17.604122974Z ðŸŒ€  flux start --wrap=strace,-e,network,-tt -o --config /etc/flux/config -Scron.directory=/etc/flux/system/cron.d   -Stbon.fanout=256   -Srundir=/run/flux    -Sstatedir=/var/lib/flux   -Slocal-uri=local:///run/flux/local -Stbon.connect_timeout=7s  -Stbon.zmqdebug=1  -Slog-stderr-level=6    -Slog-stderr-mode=local
2023-05-18T08:14:17.646034331Z 08:14:17.645657 socket(AF_NETLINK, SOCK_RAW, NETLINK_ROUTE) = 8
2023-05-18T08:14:17.646456732Z 08:14:17.646126 bind(8, {sa_family=AF_NETLINK, nl_pid=0, nl_groups=00000000}, 12) = 0
2023-05-18T08:14:17.646800248Z 08:14:17.646529 getsockname(8, {sa_family=AF_NETLINK, nl_pid=70, nl_groups=00000000}, [12]) = 0
2023-05-18T08:14:17.647307573Z 08:14:17.646872 sendto(8, {{len=20, type=RTM_GETADDR, flags=NLM_F_REQUEST|NLM_F_DUMP, seq=1684397657, pid=0}, {ifa_family=AF_UNSPEC, ...}}, 20, 0, {sa_family=AF_NETLINK, nl_pid=0, nl_groups=00000000}, 12) = 20
2023-05-18T08:14:17.648011179Z 08:14:17.647381 recvmsg(8, {msg_name={sa_family=AF_NETLINK, nl_pid=0, nl_groups=00000000}, msg_namelen=12, msg_iov=[{iov_base=[{{len=76, type=RTM_NEWADDR, flags=NLM_F_MULTI, seq=1684397657, pid=70}, {ifa_family=AF_INET, ifa_prefixlen=8, ifa_flags=IFA_F_PERMANENT, ifa_scope=RT_SCOPE_HOST, ifa_index=if_nametoindex("lo")}, [{{nla_len=8, nla_type=IFA_ADDRESS}, 127.0.0.1}, {{nla_len=8, nla_type=IFA_LOCAL}, 127.0.0.1}, {{nla_len=7, nla_type=IFA_LABEL}, "lo"}, {{nla_len=8, nla_type=IFA_FLAGS}, IFA_F_PERMANENT}, {{nla_len=20, nla_type=IFA_CACHEINFO}, {ifa_prefered=4294967295, ifa_valid=4294967295, cstamp=340276, tstamp=340276}}]}, {{len=88, type=RTM_NEWADDR, flags=NLM_F_MULTI, seq=1684397657, pid=70}, {ifa_family=AF_INET, ifa_prefixlen=24, ifa_flags=IFA_F_PERMANENT, ifa_scope=RT_SCOPE_UNIVERSE, ifa_index=if_nametoindex("eth0")}, [{{nla_len=8, nla_type=IFA_ADDRESS}, 10.24.0.142}, {{nla_len=8, nla_type=IFA_LOCAL}, 10.24.0.142}, {{nla_len=8, nla_type=IFA_BROADCAST}, 10.24.0.255}, {{nla_len=9, nla_type=IFA_LABEL}, "eth0"}, {{nla_len=8, nla_type=IFA_FLAGS}, IFA_F_PERMANENT}, {{nla_len=20, nla_type=IFA_CACHEINFO}, {ifa_prefered=4294967295, ifa_valid=4294967295, cstamp=340280, tstamp=340280}}]}], iov_len=4096}], msg_iovlen=1, msg_controllen=0, msg_flags=0}, 0) = 164
2023-05-18T08:14:17.648430403Z 08:14:17.648076 recvmsg(8, {msg_name={sa_family=AF_NETLINK, nl_pid=0, nl_groups=00000000}, msg_namelen=12, msg_iov=[{iov_base={{len=20, type=NLMSG_DONE, flags=NLM_F_MULTI, seq=1684397657, pid=70}, 0}, iov_len=4096}], msg_iovlen=1, msg_controllen=0, msg_flags=0}, 0) = 20
2023-05-18T08:14:17.649248632Z 08:14:17.648975 socket(AF_UNIX, SOCK_STREAM|SOCK_CLOEXEC|SOCK_NONBLOCK, 0) = 8
2023-05-18T08:14:17.649601295Z 08:14:17.649312 connect(8, {sa_family=AF_UNIX, sun_path="/var/run/nscd/socket"}, 110) = -1 ENOENT (No such file or directory)
2023-05-18T08:14:17.649967306Z 08:14:17.649697 socket(AF_UNIX, SOCK_STREAM|SOCK_CLOEXEC|SOCK_NONBLOCK, 0) = 8
2023-05-18T08:14:17.650308746Z 08:14:17.650023 connect(8, {sa_family=AF_UNIX, sun_path="/var/run/nscd/socket"}, 110) = -1 ENOENT (No such file or directory)
2023-05-18T08:14:17.651639275Z 08:14:17.651389 socket(AF_INET, SOCK_DGRAM|SOCK_CLOEXEC|SOCK_NONBLOCK, IPPROTO_IP) = 8
2023-05-18T08:14:17.651987053Z 08:14:17.651695 connect(8, {sa_family=AF_INET, sin_port=htons(53), sin_addr=inet_addr("169.254.169.254")}, 16) = 0
2023-05-18T08:14:17.652508122Z 08:14:17.652081 sendto(8, "\245a\1\0\0\1\0\0\0\0\0\0\rflux-sample-0\fflux-"..., 76, MSG_NOSIGNAL, NULL, 0) = 76
2023-05-18T08:14:17.656308364Z 08:14:17.655984 recvfrom(8, "\245a\201\200\0\1\0\1\0\0\0\0\rflux-sample-0\fflux-"..., 1024, 0, {sa_family=AF_INET, sin_port=htons(53), sin_addr=inet_addr("169.254.169.254")}, [28->16]) = 92
2023-05-18T08:14:17.661352666Z broker.info[3]: start: none->join 1.89532ms
2023-05-18T08:14:24.855675738Z broker.info[3]: parent-ready: join->init 7.19407s
2023-05-18T08:14:24.856091116Z 08:14:24.855805 socketpair(AF_UNIX, SOCK_STREAM|SOCK_CLOEXEC, 0, [22, 23]) = 0
2023-05-18T08:14:24.856268084Z 08:14:24.855970 socketpair(AF_UNIX, SOCK_STREAM, 0, [24, 25]) = 0
2023-05-18T08:14:24.856913102Z 08:14:24.856627 socketpair(AF_UNIX, SOCK_STREAM, 0, [26, 27]) = 0
2023-05-18T08:14:24.857527684Z 08:14:24.857280 socketpair(AF_UNIX, SOCK_STREAM, 0, [28, 29]) = 0
2023-05-18T08:14:24.884687669Z broker.info[3]: configuration updated
2023-05-18T08:14:25.004268558Z broker.info[3]: rc1.0: running /etc/flux/rc1.d/01-sched-fluxion
2023-05-18T08:14:25.014789885Z broker.info[3]: rc1.0: running /etc/flux/rc1.d/02-cron
2023-05-18T08:14:25.052177998Z broker.info[3]: rc1.0: /etc/flux/rc1 Exited (rc=0) 0.2s
2023-05-18T08:14:25.053203626Z broker.info[3]: rc1-success: init->quorum 0.197157s
2023-05-18T08:14:25.223909819Z broker.info[3]: quorum-full: quorum->run 0.170425s
2023-05-18T08:14:25.769904504Z 08:14:25.769536 socketpair(AF_UNIX, SOCK_STREAM|SOCK_CLOEXEC, 0, [22, 23]) = 0
2023-05-18T08:14:25.770339254Z 08:14:25.769705 socketpair(AF_UNIX, SOCK_STREAM, 0, [24, 25]) = 0
2023-05-18T08:14:25.770548804Z 08:14:25.769927 socketpair(AF_UNIX, SOCK_STREAM, 0, [26, 28]) = 0
2023-05-18T08:14:25.770678240Z 08:14:25.770110 socketpair(AF_UNIX, SOCK_STREAM, 0, [58, 59]) = 0
2023-05-18T08:14:35.948789925Z broker.info[3]: shutdown: run->cleanup 10.7241s
2023-05-18T08:14:35.950361773Z broker.info[3]: cleanup-none: cleanup->shutdown 1.43055ms
2023-05-18T08:14:35.951679910Z broker.info[3]: children-none: shutdown->finalize 1.14513ms
2023-05-18T08:14:35.952434411Z 08:14:35.951602 socketpair(AF_UNIX, SOCK_STREAM|SOCK_CLOEXEC, 0, [22, 23]) = 0
2023-05-18T08:14:35.952532333Z 08:14:35.951788 socketpair(AF_UNIX, SOCK_STREAM, 0, [24, 25]) = 0
2023-05-18T08:14:35.952623541Z 08:14:35.952011 socketpair(AF_UNIX, SOCK_STREAM, 0, [26, 28]) = 0
2023-05-18T08:14:35.952865557Z 08:14:35.952259 socketpair(AF_UNIX, SOCK_STREAM, 0, [58, 59]) = 0
2023-05-18T08:14:35.970080182Z broker.info[3]: rc3.0: running /etc/flux/rc3.d/01-sched-fluxion
2023-05-18T08:14:36.106904266Z broker.info[3]: rc3.0: /etc/flux/rc3 Exited (rc=0) 0.2s
2023-05-18T08:14:36.108053515Z broker.info[3]: rc3-success: finalize->goodbye 0.156263s
2023-05-18T08:14:36.109625921Z broker.info[3]: goodbye: goodbye->exit 1.02857ms
2023-05-18T08:14:36.117659839Z 08:14:36.117491 +++ exited with 0 +++
2023-05-18T08:14:36.118890934Z Return value for follower worker is 0
2023-05-18T08:14:36.118914932Z The follower worker exited cleanly. Goodbye!
