2023-05-18T08:20:53.166585383Z
2023-05-18T08:20:53.166635362Z Flux username: flux
2023-05-18T08:20:53.166642074Z
2023-05-18T08:20:53.166646949Z Flux install root: /usr
2023-05-18T08:20:53.216631787Z flux user is already added.
2023-05-18T08:20:53.219696783Z flux user identifiers:
2023-05-18T08:20:53.219723239Z uid=1234(flux) gid=1234(flux) groups=1234(flux)
2023-05-18T08:20:53.219860511Z
2023-05-18T08:20:53.219874517Z As Flux prefix for flux commands: sudo -u flux -E PYTHONPATH=/opt/conda/lib/python3.10/site-packages -E PATH=/opt/conda/bin:/usr/local/sbin:/usr/local/bin:/usr/sbin:/usr/bin:/sbin:/bin -E LD_LIBRARY_PATH=/opt/conda/lib -E HOME=/home/flux
2023-05-18T08:20:53.228277596Z
2023-05-18T08:20:53.228306153Z 👋 Hello, I'm flux-sample-2
2023-05-18T08:20:53.228347012Z The main host is flux-sample-0
2023-05-18T08:20:53.228361887Z The working directory is /home/flux/examples/reaxff/HNS, contents include:
2023-05-18T08:20:53.230368013Z /home/flux/examples/reaxff/HNS:
2023-05-18T08:20:53.230482417Z README.txt	ffield.reax.hns  log.8Mar18.reaxc.hns.g++.1
2023-05-18T08:20:53.230493877Z data.hns-equil	in.reaxc.hns	 log.8Mar18.reaxc.hns.g++.4
2023-05-18T08:20:53.230890881Z End of file listing, if you see nothing above there are no files.
2023-05-18T08:20:53.232791941Z flux R encode --hosts=flux-sample-[0-3]
2023-05-18T08:20:53.246428236Z
2023-05-18T08:20:53.246467967Z 📦 Resources
2023-05-18T08:20:53.247781407Z {"version": 1, "execution": {"R_lite": [{"rank": "0-3", "children": {"core": "0"}}], "starttime": 0.0, "expiration": 0.0, "nodelist": ["flux-sample-[0-3]"]}}
2023-05-18T08:20:53.248033497Z
2023-05-18T08:20:53.248070263Z 🐸 Diagnostics: false
2023-05-18T08:20:53.248377879Z 🚩️ Flux Option Flags defined
2023-05-18T08:20:53.251891314Z
2023-05-18T08:20:53.251915711Z 🦊 Independent Minister of Privilege
2023-05-18T08:20:53.253356628Z [exec]
2023-05-18T08:20:53.253380185Z allowed-users = [ "flux", "root" ]
2023-05-18T08:20:53.253388396Z allowed-shells = [ "/usr/libexec/flux/flux-shell" ]
2023-05-18T08:20:53.253597721Z
2023-05-18T08:20:53.253613231Z 🐸 Broker Configuration
2023-05-18T08:20:53.254905945Z # Flux needs to know the path to the IMP executable
2023-05-18T08:20:53.254928495Z [exec]
2023-05-18T08:20:53.254936874Z imp = "/usr/libexec/flux/flux-imp"
2023-05-18T08:20:53.254941894Z
2023-05-18T08:20:53.254958900Z [access]
2023-05-18T08:20:53.254964945Z allow-guest-user = true
2023-05-18T08:20:53.254970541Z allow-root-owner = true
2023-05-18T08:20:53.254978011Z
2023-05-18T08:20:53.254985436Z # Point to resource definition generated with flux-R(1).
2023-05-18T08:20:53.254991151Z [resource]
2023-05-18T08:20:53.254997234Z path = "/etc/flux/system/R"
2023-05-18T08:20:53.255002126Z
2023-05-18T08:20:53.255007412Z [bootstrap]
2023-05-18T08:20:53.255012492Z curve_cert = "/etc/curve/curve.cert"
2023-05-18T08:20:53.255017730Z default_port = 8050
2023-05-18T08:20:53.255025551Z default_bind = "tcp://eth0:%p"
2023-05-18T08:20:53.255032666Z default_connect = "tcp://%h.flux-service.flux-operator.svc.cluster.local:%p"
2023-05-18T08:20:53.255037927Z hosts = [
2023-05-18T08:20:53.255043586Z 	{ host="flux-sample-[0-3]"},
2023-05-18T08:20:53.255048743Z ]
2023-05-18T08:20:53.255078763Z
2023-05-18T08:20:53.255087131Z [archive]
2023-05-18T08:20:53.255094237Z dbpath = "/var/lib/flux/job-archive.sqlite"
2023-05-18T08:20:53.255099854Z period = "1m"
2023-05-18T08:20:53.336427243Z busytimeout = "50s"
2023-05-18T08:20:53.336464227Z 🧊️ State Directory:
2023-05-18T08:20:53.336471877Z total 0
2023-05-18T08:20:53.336477336Z
2023-05-18T08:20:53.340297608Z
2023-05-18T08:20:53.340348595Z 🔒️ Working directory permissions:
2023-05-18T08:20:53.340357451Z total 96
2023-05-18T08:20:53.340434116Z -rwxrwxrwx 1 flux root  2517 May 17 22:32 README.txt
2023-05-18T08:20:53.340447796Z -rwxrwxrwx 1 flux root 54692 May 17 22:32 data.hns-equil
2023-05-18T08:20:53.340453906Z -rwxrwxrwx 1 flux root 13576 May 17 22:32 ffield.reax.hns
2023-05-18T08:20:53.340459375Z -rwxrwxrwx 1 flux root   870 May 17 22:32 in.reaxc.hns
2023-05-18T08:20:53.340465439Z -rwxrwxrwx 1 flux root  4172 May 17 22:32 log.8Mar18.reaxc.hns.g++.1
2023-05-18T08:20:53.340470723Z -rwxrwxrwx 1 flux root  4168 May 17 22:32 log.8Mar18.reaxc.hns.g++.4
2023-05-18T08:20:53.340476038Z
2023-05-18T08:20:53.340481158Z
2023-05-18T08:20:53.340486752Z ✨ Curve certificate generated by helper pod
2023-05-18T08:20:53.342239000Z #   ****  Generated on 2023-04-26 22:54:42 by CZMQ  ****
2023-05-18T08:20:53.342264760Z #   ZeroMQ CURVE **Secret** Certificate
2023-05-18T08:20:53.342272718Z #   DO NOT PROVIDE THIS FILE TO OTHER USERS nor change its permissions.
2023-05-18T08:20:53.342278194Z
2023-05-18T08:20:53.342283447Z metadata
2023-05-18T08:20:53.342289214Z     name = "flux-cert-generator"
2023-05-18T08:20:53.342294547Z     keygen.hostname = "flux-sample-0"
2023-05-18T08:20:53.342302376Z curve
2023-05-18T08:20:53.342308570Z     public-key = "g-a.lMu6G[Hibigs!0^uNr%Xwik]nR0+/DgAQD*m"
2023-05-18T08:20:53.342314124Z     secret-key = "ikbc8+(zq1L?tNqszSVhZji{<@b5kBQT[h{aSuzO"
2023-05-18T08:20:53.344531769Z
2023-05-18T08:20:53.344557504Z 🌀  flux start --wrap=strace,-e,network,-tt -o --config /etc/flux/config -Scron.directory=/etc/flux/system/cron.d   -Stbon.fanout=256   -Srundir=/run/flux    -Sstatedir=/var/lib/flux   -Slocal-uri=local:///run/flux/local -Stbon.connect_timeout=8s  -Stbon.zmqdebug=1  -Slog-stderr-level=6    -Slog-stderr-mode=local
2023-05-18T08:20:53.384966956Z 08:20:53.384563 socket(AF_NETLINK, SOCK_RAW, NETLINK_ROUTE) = 8
2023-05-18T08:20:53.385009591Z 08:20:53.384717 bind(8, {sa_family=AF_NETLINK, nl_pid=0, nl_groups=00000000}, 12) = 0
2023-05-18T08:20:53.385019427Z 08:20:53.384801 getsockname(8, {sa_family=AF_NETLINK, nl_pid=70, nl_groups=00000000}, [12]) = 0
2023-05-18T08:20:53.385269029Z 08:20:53.384881 sendto(8, {{len=20, type=RTM_GETADDR, flags=NLM_F_REQUEST|NLM_F_DUMP, seq=1684398053, pid=0}, {ifa_family=AF_UNSPEC, ...}}, 20, 0, {sa_family=AF_NETLINK, nl_pid=0, nl_groups=00000000}, 12) = 20
2023-05-18T08:20:53.385674949Z 08:20:53.385226 recvmsg(8, {msg_name={sa_family=AF_NETLINK, nl_pid=0, nl_groups=00000000}, msg_namelen=12, msg_iov=[{iov_base=[{{len=76, type=RTM_NEWADDR, flags=NLM_F_MULTI, seq=1684398053, pid=70}, {ifa_family=AF_INET, ifa_prefixlen=8, ifa_flags=IFA_F_PERMANENT, ifa_scope=RT_SCOPE_HOST, ifa_index=if_nametoindex("lo")}, [{{nla_len=8, nla_type=IFA_ADDRESS}, 127.0.0.1}, {{nla_len=8, nla_type=IFA_LOCAL}, 127.0.0.1}, {{nla_len=7, nla_type=IFA_LABEL}, "lo"}, {{nla_len=8, nla_type=IFA_FLAGS}, IFA_F_PERMANENT}, {{nla_len=20, nla_type=IFA_CACHEINFO}, {ifa_prefered=4294967295, ifa_valid=4294967295, cstamp=379573, tstamp=379573}}]}, {{len=88, type=RTM_NEWADDR, flags=NLM_F_MULTI, seq=1684398053, pid=70}, {ifa_family=AF_INET, ifa_prefixlen=24, ifa_flags=IFA_F_PERMANENT, ifa_scope=RT_SCOPE_UNIVERSE, ifa_index=if_nametoindex("eth0")}, [{{nla_len=8, nla_type=IFA_ADDRESS}, 10.24.3.152}, {{nla_len=8, nla_type=IFA_LOCAL}, 10.24.3.152}, {{nla_len=8, nla_type=IFA_BROADCAST}, 10.24.3.255}, {{nla_len=9, nla_type=IFA_LABEL}, "eth0"}, {{nla_len=8, nla_type=IFA_FLAGS}, IFA_F_PERMANENT}, {{nla_len=20, nla_type=IFA_CACHEINFO}, {ifa_prefered=4294967295, ifa_valid=4294967295, cstamp=379579, tstamp=379579}}]}], iov_len=4096}], msg_iovlen=1, msg_controllen=0, msg_flags=0}, 0) = 164
2023-05-18T08:20:53.385800492Z 08:20:53.385623 recvmsg(8, {msg_name={sa_family=AF_NETLINK, nl_pid=0, nl_groups=00000000}, msg_namelen=12, msg_iov=[{iov_base={{len=20, type=NLMSG_DONE, flags=NLM_F_MULTI, seq=1684398053, pid=70}, 0}, iov_len=4096}], msg_iovlen=1, msg_controllen=0, msg_flags=0}, 0) = 20
2023-05-18T08:20:53.386547959Z 08:20:53.386295 socket(AF_UNIX, SOCK_STREAM|SOCK_CLOEXEC|SOCK_NONBLOCK, 0) = 8
2023-05-18T08:20:53.386657099Z 08:20:53.386390 connect(8, {sa_family=AF_UNIX, sun_path="/var/run/nscd/socket"}, 110) = -1 ENOENT (No such file or directory)
2023-05-18T08:20:53.386809520Z 08:20:53.386519 socket(AF_UNIX, SOCK_STREAM|SOCK_CLOEXEC|SOCK_NONBLOCK, 0) = 8
2023-05-18T08:20:53.386833515Z 08:20:53.386634 connect(8, {sa_family=AF_UNIX, sun_path="/var/run/nscd/socket"}, 110) = -1 ENOENT (No such file or directory)
2023-05-18T08:20:53.388130083Z 08:20:53.387879 socket(AF_INET, SOCK_DGRAM|SOCK_CLOEXEC|SOCK_NONBLOCK, IPPROTO_IP) = 8
2023-05-18T08:20:53.388152053Z 08:20:53.387959 connect(8, {sa_family=AF_INET, sin_port=htons(53), sin_addr=inet_addr("169.254.169.254")}, 16) = 0
2023-05-18T08:20:53.388524590Z 08:20:53.388103 sendto(8, "\222\0\1\0\0\1\0\0\0\0\0\0\rflux-sample-0\fflux-"..., 76, MSG_NOSIGNAL, NULL, 0) = 76
2023-05-18T08:20:53.392012874Z 08:20:53.391618 recvfrom(8, "\222\0\201\200\0\1\0\1\0\0\0\0\rflux-sample-0\fflux-"..., 1024, 0, {sa_family=AF_INET, sin_port=htons(53), sin_addr=inet_addr("169.254.169.254")}, [28->16]) = 92
2023-05-18T08:20:53.400781860Z broker.info[2]: start: none->join 2.70006ms
2023-05-18T08:20:53.410630676Z broker.info[2]: parent-ready: join->init 9.52091ms
2023-05-18T08:20:53.411084088Z 08:20:53.410772 socketpair(AF_UNIX, SOCK_STREAM|SOCK_CLOEXEC, 0, [22, 23]) = 0
2023-05-18T08:20:53.411818254Z 08:20:53.411411 socketpair(AF_UNIX, SOCK_STREAM, 0, [24, 25]) = 0
2023-05-18T08:20:53.412294373Z 08:20:53.412017 socketpair(AF_UNIX, SOCK_STREAM, 0, [26, 27]) = 0
2023-05-18T08:20:53.412698016Z 08:20:53.412455 socketpair(AF_UNIX, SOCK_STREAM, 0, [28, 29]) = 0
2023-05-18T08:20:53.435485945Z broker.info[2]: configuration updated
2023-05-18T08:20:53.549305519Z broker.info[2]: rc1.0: running /etc/flux/rc1.d/01-sched-fluxion
2023-05-18T08:20:53.562043013Z broker.info[2]: rc1.0: running /etc/flux/rc1.d/02-cron
2023-05-18T08:20:53.587235559Z broker.info[2]: rc1.0: /etc/flux/rc1 Exited (rc=0) 0.2s
2023-05-18T08:20:53.587923360Z broker.info[2]: rc1-success: init->quorum 0.176979s
2023-05-18T08:21:00.378839134Z broker.info[2]: quorum-full: quorum->run 6.78986s
2023-05-18T08:21:11.025490166Z broker.info[2]: shutdown: run->cleanup 10.6468s
2023-05-18T08:21:11.026925505Z broker.info[2]: cleanup-none: cleanup->shutdown 0.97895ms
2023-05-18T08:21:11.028361260Z broker.info[2]: children-none: shutdown->finalize 0.996123ms
2023-05-18T08:21:11.028812632Z 08:21:11.028594 socketpair(AF_UNIX, SOCK_STREAM|SOCK_CLOEXEC, 0, [22, 23]) = 0
2023-05-18T08:21:11.029469033Z 08:21:11.028891 socketpair(AF_UNIX, SOCK_STREAM, 0, [24, 25]) = 0
2023-05-18T08:21:11.029491873Z 08:21:11.029151 socketpair(AF_UNIX, SOCK_STREAM, 0, [26, 28]) = 0
2023-05-18T08:21:11.030193044Z 08:21:11.029419 socketpair(AF_UNIX, SOCK_STREAM, 0, [58, 59]) = 0
2023-05-18T08:21:11.049131624Z broker.info[2]: rc3.0: running /etc/flux/rc3.d/01-sched-fluxion
2023-05-18T08:21:11.169232742Z broker.info[2]: rc3.0: /etc/flux/rc3 Exited (rc=0) 0.1s
2023-05-18T08:21:11.170492311Z broker.info[2]: rc3-success: finalize->goodbye 0.141731s
2023-05-18T08:21:11.172045142Z broker.info[2]: goodbye: goodbye->exit 1.00026ms
2023-05-18T08:21:11.179917778Z 08:21:11.179742 +++ exited with 0 +++
2023-05-18T08:21:11.181124759Z Return value for follower worker is 0
2023-05-18T08:21:11.181264364Z The follower worker exited cleanly. Goodbye!
