2023-05-18T08:07:22.416271497Z
2023-05-18T08:07:22.416330237Z Flux username: flux
2023-05-18T08:07:22.416337585Z
2023-05-18T08:07:22.416342896Z Flux install root: /usr
2023-05-18T08:07:22.461081040Z flux user is already added.
2023-05-18T08:07:22.465534714Z flux user identifiers:
2023-05-18T08:07:22.465571899Z uid=1234(flux) gid=1234(flux) groups=1234(flux)
2023-05-18T08:07:22.465578453Z
2023-05-18T08:07:22.465587297Z As Flux prefix for flux commands: sudo -u flux -E PYTHONPATH=/opt/conda/lib/python3.10/site-packages -E PATH=/opt/conda/bin:/usr/local/sbin:/usr/local/bin:/usr/sbin:/usr/bin:/sbin:/bin -E LD_LIBRARY_PATH=/opt/conda/lib -E HOME=/home/flux
2023-05-18T08:07:22.473014107Z
2023-05-18T08:07:22.473042351Z 👋 Hello, I'm flux-sample-1
2023-05-18T08:07:22.473048598Z The main host is flux-sample-0
2023-05-18T08:07:22.473080141Z The working directory is /home/flux/examples/reaxff/HNS, contents include:
2023-05-18T08:07:22.474439163Z /home/flux/examples/reaxff/HNS:
2023-05-18T08:07:22.474457151Z README.txt	ffield.reax.hns  log.8Mar18.reaxc.hns.g++.1
2023-05-18T08:07:22.474463005Z data.hns-equil	in.reaxc.hns	 log.8Mar18.reaxc.hns.g++.4
2023-05-18T08:07:22.475004247Z End of file listing, if you see nothing above there are no files.
2023-05-18T08:07:22.476845845Z flux R encode --hosts=flux-sample-[0-3]
2023-05-18T08:07:22.490453554Z
2023-05-18T08:07:22.490479773Z 📦 Resources
2023-05-18T08:07:22.492621295Z {"version": 1, "execution": {"R_lite": [{"rank": "0-3", "children": {"core": "0"}}], "starttime": 0.0, "expiration": 0.0, "nodelist": ["flux-sample-[0-3]"]}}
2023-05-18T08:07:22.492895329Z
2023-05-18T08:07:22.492912447Z 🐸 Diagnostics: false
2023-05-18T08:07:22.493199400Z 🚩️ Flux Option Flags defined
2023-05-18T08:07:22.497340749Z
2023-05-18T08:07:22.497362706Z 🦊 Independent Minister of Privilege
2023-05-18T08:07:22.498565504Z [exec]
2023-05-18T08:07:22.498582345Z allowed-users = [ "flux", "root" ]
2023-05-18T08:07:22.498588759Z allowed-shells = [ "/usr/libexec/flux/flux-shell" ]
2023-05-18T08:07:22.498876290Z
2023-05-18T08:07:22.498891044Z 🐸 Broker Configuration
2023-05-18T08:07:22.500176682Z # Flux needs to know the path to the IMP executable
2023-05-18T08:07:22.500193538Z [exec]
2023-05-18T08:07:22.500199418Z imp = "/usr/libexec/flux/flux-imp"
2023-05-18T08:07:22.500206284Z
2023-05-18T08:07:22.500212499Z [access]
2023-05-18T08:07:22.500218099Z allow-guest-user = true
2023-05-18T08:07:22.500222803Z allow-root-owner = true
2023-05-18T08:07:22.500227173Z
2023-05-18T08:07:22.500232065Z # Point to resource definition generated with flux-R(1).
2023-05-18T08:07:22.500237099Z [resource]
2023-05-18T08:07:22.500242459Z path = "/etc/flux/system/R"
2023-05-18T08:07:22.500249317Z
2023-05-18T08:07:22.500255784Z [bootstrap]
2023-05-18T08:07:22.500261104Z curve_cert = "/etc/curve/curve.cert"
2023-05-18T08:07:22.500266344Z default_port = 8050
2023-05-18T08:07:22.500271208Z default_bind = "tcp://eth0:%p"
2023-05-18T08:07:22.500276360Z default_connect = "tcp://%h.flux-service.flux-operator.svc.cluster.local:%p"
2023-05-18T08:07:22.500281256Z hosts = [
2023-05-18T08:07:22.500285963Z 	{ host="flux-sample-[0-3]"},
2023-05-18T08:07:22.500292944Z ]
2023-05-18T08:07:22.500298148Z
2023-05-18T08:07:22.500302972Z [archive]
2023-05-18T08:07:22.500307882Z dbpath = "/var/lib/flux/job-archive.sqlite"
2023-05-18T08:07:22.500312531Z period = "1m"
2023-05-18T08:07:22.586383516Z busytimeout = "50s"
2023-05-18T08:07:22.586415625Z 🧊️ State Directory:
2023-05-18T08:07:22.586422712Z total 0
2023-05-18T08:07:22.586427688Z
2023-05-18T08:07:22.589774814Z
2023-05-18T08:07:22.589799789Z 🔒️ Working directory permissions:
2023-05-18T08:07:22.589805662Z total 96
2023-05-18T08:07:22.589913609Z -rwxrwxrwx 1 flux root  2517 May 17 22:32 README.txt
2023-05-18T08:07:22.589922988Z -rwxrwxrwx 1 flux root 54692 May 17 22:32 data.hns-equil
2023-05-18T08:07:22.589927927Z -rwxrwxrwx 1 flux root 13576 May 17 22:32 ffield.reax.hns
2023-05-18T08:07:22.589932789Z -rwxrwxrwx 1 flux root   870 May 17 22:32 in.reaxc.hns
2023-05-18T08:07:22.589937771Z -rwxrwxrwx 1 flux root  4172 May 17 22:32 log.8Mar18.reaxc.hns.g++.1
2023-05-18T08:07:22.589945583Z -rwxrwxrwx 1 flux root  4168 May 17 22:32 log.8Mar18.reaxc.hns.g++.4
2023-05-18T08:07:22.589951856Z
2023-05-18T08:07:22.589956901Z
2023-05-18T08:07:22.589962068Z ✨ Curve certificate generated by helper pod
2023-05-18T08:07:22.591444953Z #   ****  Generated on 2023-04-26 22:54:42 by CZMQ  ****
2023-05-18T08:07:22.591460692Z #   ZeroMQ CURVE **Secret** Certificate
2023-05-18T08:07:22.591468250Z #   DO NOT PROVIDE THIS FILE TO OTHER USERS nor change its permissions.
2023-05-18T08:07:22.591474701Z
2023-05-18T08:07:22.591479598Z metadata
2023-05-18T08:07:22.591485064Z     name = "flux-cert-generator"
2023-05-18T08:07:22.591490046Z     keygen.hostname = "flux-sample-0"
2023-05-18T08:07:22.591495249Z curve
2023-05-18T08:07:22.591500776Z     public-key = "7oEq{<y=DpL2pYRKN}4VF/20&L-2WJVhyyS^AJ:*"
2023-05-18T08:07:22.591506271Z     secret-key = "[{4=OitgZLQztj.>qUEcj$>jKy/sALkD[^+vC44a"
2023-05-18T08:07:22.593653318Z
2023-05-18T08:07:22.593677194Z 🌀  flux start --wrap=strace,-e,network,-tt -o --config /etc/flux/config -Scron.directory=/etc/flux/system/cron.d   -Stbon.fanout=256   -Srundir=/run/flux    -Sstatedir=/var/lib/flux   -Slocal-uri=local:///run/flux/local -Stbon.connect_timeout=6s  -Stbon.zmqdebug=1  -Slog-stderr-level=6    -Slog-stderr-mode=local
2023-05-18T08:07:22.632133285Z 08:07:22.631700 socket(AF_NETLINK, SOCK_RAW, NETLINK_ROUTE) = 8
2023-05-18T08:07:22.632160481Z 08:07:22.631887 bind(8, {sa_family=AF_NETLINK, nl_pid=0, nl_groups=00000000}, 12) = 0
2023-05-18T08:07:22.632437683Z 08:07:22.631993 getsockname(8, {sa_family=AF_NETLINK, nl_pid=70, nl_groups=00000000}, [12]) = 0
2023-05-18T08:07:22.632455946Z 08:07:22.632088 sendto(8, {{len=20, type=RTM_GETADDR, flags=NLM_F_REQUEST|NLM_F_DUMP, seq=1684397242, pid=0}, {ifa_family=AF_UNSPEC, ...}}, 20, 0, {sa_family=AF_NETLINK, nl_pid=0, nl_groups=00000000}, 12) = 20
2023-05-18T08:07:22.632826934Z 08:07:22.632309 recvmsg(8, {msg_name={sa_family=AF_NETLINK, nl_pid=0, nl_groups=00000000}, msg_namelen=12, msg_iov=[{iov_base=[{{len=76, type=RTM_NEWADDR, flags=NLM_F_MULTI, seq=1684397242, pid=70}, {ifa_family=AF_INET, ifa_prefixlen=8, ifa_flags=IFA_F_PERMANENT, ifa_scope=RT_SCOPE_HOST, ifa_index=if_nametoindex("lo")}, [{{nla_len=8, nla_type=IFA_ADDRESS}, 127.0.0.1}, {{nla_len=8, nla_type=IFA_LOCAL}, 127.0.0.1}, {{nla_len=7, nla_type=IFA_LABEL}, "lo"}, {{nla_len=8, nla_type=IFA_FLAGS}, IFA_F_PERMANENT}, {{nla_len=20, nla_type=IFA_CACHEINFO}, {ifa_prefered=4294967295, ifa_valid=4294967295, cstamp=298501, tstamp=298501}}]}, {{len=88, type=RTM_NEWADDR, flags=NLM_F_MULTI, seq=1684397242, pid=70}, {ifa_family=AF_INET, ifa_prefixlen=24, ifa_flags=IFA_F_PERMANENT, ifa_scope=RT_SCOPE_UNIVERSE, ifa_index=if_nametoindex("eth0")}, [{{nla_len=8, nla_type=IFA_ADDRESS}, 10.24.3.118}, {{nla_len=8, nla_type=IFA_LOCAL}, 10.24.3.118}, {{nla_len=8, nla_type=IFA_BROADCAST}, 10.24.3.255}, {{nla_len=9, nla_type=IFA_LABEL}, "eth0"}, {{nla_len=8, nla_type=IFA_FLAGS}, IFA_F_PERMANENT}, {{nla_len=20, nla_type=IFA_CACHEINFO}, {ifa_prefered=4294967295, ifa_valid=4294967295, cstamp=298504, tstamp=298504}}]}], iov_len=4096}], msg_iovlen=1, msg_controllen=0, msg_flags=0}, 0) = 164
2023-05-18T08:07:22.633547025Z 08:07:22.632612 recvmsg(8, {msg_name={sa_family=AF_NETLINK, nl_pid=0, nl_groups=00000000}, msg_namelen=12, msg_iov=[{iov_base={{len=20, type=NLMSG_DONE, flags=NLM_F_MULTI, seq=1684397242, pid=70}, 0}, iov_len=4096}], msg_iovlen=1, msg_controllen=0, msg_flags=0}, 0) = 20
2023-05-18T08:07:22.633600125Z 08:07:22.633151 socket(AF_UNIX, SOCK_STREAM|SOCK_CLOEXEC|SOCK_NONBLOCK, 0) = 8
2023-05-18T08:07:22.633607865Z 08:07:22.633230 connect(8, {sa_family=AF_UNIX, sun_path="/var/run/nscd/socket"}, 110) = -1 ENOENT (No such file or directory)
2023-05-18T08:07:22.633628357Z 08:07:22.633352 socket(AF_UNIX, SOCK_STREAM|SOCK_CLOEXEC|SOCK_NONBLOCK, 0) = 8
2023-05-18T08:07:22.633636386Z 08:07:22.633420 connect(8, {sa_family=AF_UNIX, sun_path="/var/run/nscd/socket"}, 110) = -1 ENOENT (No such file or directory)
2023-05-18T08:07:22.634950426Z 08:07:22.634739 socket(AF_INET, SOCK_DGRAM|SOCK_CLOEXEC|SOCK_NONBLOCK, IPPROTO_IP) = 8
2023-05-18T08:07:22.635328410Z 08:07:22.634816 connect(8, {sa_family=AF_INET, sin_port=htons(53), sin_addr=inet_addr("169.254.169.254")}, 16) = 0
2023-05-18T08:07:22.635360306Z 08:07:22.634935 sendto(8, "%N\1\0\0\1\0\0\0\0\0\0\rflux-sample-0\fflux-"..., 76, MSG_NOSIGNAL, NULL, 0) = 76
2023-05-18T08:07:22.638706720Z 08:07:22.638520 recvfrom(8, "%N\201\200\0\1\0\1\0\0\0\0\rflux-sample-0\fflux-"..., 1024, 0, {sa_family=AF_INET, sin_port=htons(53), sin_addr=inet_addr("169.254.169.254")}, [28->16]) = 92
2023-05-18T08:07:22.642971390Z broker.info[1]: start: none->join 1.8016ms
2023-05-18T08:07:28.853434559Z broker.info[1]: parent-ready: join->init 6.2103s
2023-05-18T08:07:28.853652786Z 08:07:28.853371 socketpair(AF_UNIX, SOCK_STREAM|SOCK_CLOEXEC, 0, [22, 23]) = 0
2023-05-18T08:07:28.853794214Z 08:07:28.853552 socketpair(AF_UNIX, SOCK_STREAM, 0, [24, 25]) = 0
2023-05-18T08:07:28.854109246Z 08:07:28.853849 socketpair(AF_UNIX, SOCK_STREAM, 0, [26, 27]) = 0
2023-05-18T08:07:28.854414772Z 08:07:28.854134 socketpair(AF_UNIX, SOCK_STREAM, 0, [28, 29]) = 0
2023-05-18T08:07:28.878612954Z broker.info[1]: configuration updated
2023-05-18T08:07:29.006821262Z broker.info[1]: rc1.0: running /etc/flux/rc1.d/01-sched-fluxion
2023-05-18T08:07:29.019424494Z broker.info[1]: rc1.0: running /etc/flux/rc1.d/02-cron
2023-05-18T08:07:29.048978685Z broker.info[1]: rc1.0: /etc/flux/rc1 Exited (rc=0) 0.2s
2023-05-18T08:07:29.049677135Z broker.info[1]: rc1-success: init->quorum 0.196138s
2023-05-18T08:07:29.266534570Z broker.info[1]: quorum-full: quorum->run 0.216589s
2023-05-18T08:07:40.063911941Z broker.info[1]: shutdown: run->cleanup 10.7969s
2023-05-18T08:07:40.065181176Z broker.info[1]: cleanup-none: cleanup->shutdown 1.24782ms
2023-05-18T08:07:40.066325211Z broker.info[1]: children-none: shutdown->finalize 0.798019ms
2023-05-18T08:07:40.066960590Z 08:07:40.065934 socketpair(AF_UNIX, SOCK_STREAM|SOCK_CLOEXEC, 0, [22, 23]) = 0
2023-05-18T08:07:40.067044162Z 08:07:40.066166 socketpair(AF_UNIX, SOCK_STREAM, 0, [24, 25]) = 0
2023-05-18T08:07:40.067094057Z 08:07:40.066433 socketpair(AF_UNIX, SOCK_STREAM, 0, [26, 28]) = 0
2023-05-18T08:07:40.067118930Z 08:07:40.066639 socketpair(AF_UNIX, SOCK_STREAM, 0, [58, 59]) = 0
2023-05-18T08:07:40.084914576Z broker.info[1]: rc3.0: running /etc/flux/rc3.d/01-sched-fluxion
2023-05-18T08:07:40.226549528Z broker.info[1]: rc3.0: /etc/flux/rc3 Exited (rc=0) 0.2s
2023-05-18T08:07:40.227967310Z broker.info[1]: rc3-success: finalize->goodbye 0.161812s
2023-05-18T08:07:40.229601981Z broker.info[1]: goodbye: goodbye->exit 1.13561ms
2023-05-18T08:07:40.238323185Z 08:07:40.238064 +++ exited with 0 +++
2023-05-18T08:07:40.239954821Z Return value for follower worker is 0
2023-05-18T08:07:40.240182931Z The follower worker exited cleanly. Goodbye!
