2023-05-18T12:47:54.147548659Z
2023-05-18T12:47:54.147711115Z Flux username: flux
2023-05-18T12:47:54.147794711Z
2023-05-18T12:47:54.147805353Z Flux install root: /usr
2023-05-18T12:47:54.208172820Z flux user is already added.
2023-05-18T12:47:54.211349209Z flux user identifiers:
2023-05-18T12:47:54.211394502Z uid=1234(flux) gid=1234(flux) groups=1234(flux)
2023-05-18T12:47:54.211401188Z
2023-05-18T12:47:54.211409638Z As Flux prefix for flux commands: sudo -u flux -E PYTHONPATH=/opt/conda/lib/python3.10/site-packages -E PATH=/opt/conda/bin:/usr/local/sbin:/usr/local/bin:/usr/sbin:/usr/bin:/sbin:/bin -E LD_LIBRARY_PATH=/opt/conda/lib -E HOME=/home/flux
2023-05-18T12:47:54.221020092Z
2023-05-18T12:47:54.221107825Z ðŸ‘‹ Hello, I'm flux-sample-3
2023-05-18T12:47:54.221302106Z The main host is flux-sample-0
2023-05-18T12:47:54.221316134Z The working directory is /home/flux/examples/reaxff/HNS, contents include:
2023-05-18T12:47:54.223541060Z /home/flux/examples/reaxff/HNS:
2023-05-18T12:47:54.223564473Z README.txt	ffield.reax.hns  log.8Mar18.reaxc.hns.g++.1
2023-05-18T12:47:54.223570378Z data.hns-equil	in.reaxc.hns	 log.8Mar18.reaxc.hns.g++.4
2023-05-18T12:47:54.224069373Z End of file listing, if you see nothing above there are no files.
2023-05-18T12:47:54.225997096Z flux R encode --hosts=flux-sample-[0-3]
2023-05-18T12:47:54.243625793Z
2023-05-18T12:47:54.243740124Z ðŸ“¦ Resources
2023-05-18T12:47:54.246477784Z {"version": 1, "execution": {"R_lite": [{"rank": "0-3", "children": {"core": "0"}}], "starttime": 0.0, "expiration": 0.0, "nodelist": ["flux-sample-[0-3]"]}}
2023-05-18T12:47:54.246789990Z
2023-05-18T12:47:54.246809323Z ðŸ¸ Diagnostics: false
2023-05-18T12:47:54.247106280Z ðŸš©ï¸ Flux Option Flags defined
2023-05-18T12:47:54.254168822Z
2023-05-18T12:47:54.254200738Z ðŸ¦Š Independent Minister of Privilege
2023-05-18T12:47:54.257905623Z [exec]
2023-05-18T12:47:54.257949369Z allowed-users = [ "flux", "root" ]
2023-05-18T12:47:54.257956292Z allowed-shells = [ "/usr/libexec/flux/flux-shell" ]
2023-05-18T12:47:54.257961247Z
2023-05-18T12:47:54.257966756Z ðŸ¸ Broker Configuration
2023-05-18T12:47:54.259137018Z # Flux needs to know the path to the IMP executable
2023-05-18T12:47:54.259170398Z [exec]
2023-05-18T12:47:54.259177706Z imp = "/usr/libexec/flux/flux-imp"
2023-05-18T12:47:54.259182892Z
2023-05-18T12:47:54.259189831Z [access]
2023-05-18T12:47:54.259196304Z allow-guest-user = true
2023-05-18T12:47:54.259201166Z allow-root-owner = true
2023-05-18T12:47:54.259205551Z
2023-05-18T12:47:54.259210077Z # Point to resource definition generated with flux-R(1).
2023-05-18T12:47:54.259214662Z [resource]
2023-05-18T12:47:54.259219836Z path = "/etc/flux/system/R"
2023-05-18T12:47:54.259224517Z
2023-05-18T12:47:54.259231229Z [bootstrap]
2023-05-18T12:47:54.259237284Z curve_cert = "/etc/curve/curve.cert"
2023-05-18T12:47:54.259242525Z default_port = 8050
2023-05-18T12:47:54.259247269Z default_bind = "tcp://eth0:%p"
2023-05-18T12:47:54.259252325Z default_connect = "tcp://%h.flux-service.flux-operator.svc.cluster.local:%p"
2023-05-18T12:47:54.259257145Z hosts = [
2023-05-18T12:47:54.259261832Z 	{ host="flux-sample-[0-3]"},
2023-05-18T12:47:54.259266246Z ]
2023-05-18T12:47:54.259272825Z
2023-05-18T12:47:54.259278912Z [archive]
2023-05-18T12:47:54.259283988Z dbpath = "/var/lib/flux/job-archive.sqlite"
2023-05-18T12:47:54.259288620Z period = "1m"
2023-05-18T12:47:54.364055021Z busytimeout = "50s"
2023-05-18T12:47:54.364087399Z ðŸ§Šï¸ State Directory:
2023-05-18T12:47:54.364093353Z total 0
2023-05-18T12:47:54.364098412Z
2023-05-18T12:47:54.368002819Z
2023-05-18T12:47:54.368036630Z ðŸ”’ï¸ Working directory permissions:
2023-05-18T12:47:54.368043802Z total 96
2023-05-18T12:47:54.368050198Z -rwxrwxrwx 1 flux root  2517 May 17 22:32 README.txt
2023-05-18T12:47:54.368055461Z -rwxrwxrwx 1 flux root 54692 May 17 22:32 data.hns-equil
2023-05-18T12:47:54.368060629Z -rwxrwxrwx 1 flux root 13576 May 17 22:32 ffield.reax.hns
2023-05-18T12:47:54.368068244Z -rwxrwxrwx 1 flux root   870 May 17 22:32 in.reaxc.hns
2023-05-18T12:47:54.368075297Z -rwxrwxrwx 1 flux root  4172 May 17 22:32 log.8Mar18.reaxc.hns.g++.1
2023-05-18T12:47:54.368080757Z -rwxrwxrwx 1 flux root  4168 May 17 22:32 log.8Mar18.reaxc.hns.g++.4
2023-05-18T12:47:54.368085239Z
2023-05-18T12:47:54.368234166Z
2023-05-18T12:47:54.368246757Z âœ¨ Curve certificate generated by helper pod
2023-05-18T12:47:54.369871431Z #   ****  Generated on 2023-04-26 22:54:42 by CZMQ  ****
2023-05-18T12:47:54.369894212Z #   ZeroMQ CURVE **Secret** Certificate
2023-05-18T12:47:54.369901032Z #   DO NOT PROVIDE THIS FILE TO OTHER USERS nor change its permissions.
2023-05-18T12:47:54.369906180Z
2023-05-18T12:47:54.369911369Z metadata
2023-05-18T12:47:54.369916886Z     name = "flux-cert-generator"
2023-05-18T12:47:54.369921565Z     keygen.hostname = "flux-sample-0"
2023-05-18T12:47:54.369929038Z curve
2023-05-18T12:47:54.369935703Z     public-key = "Nw{!//{?WCr[B%9nqA1Q}RFKL//><c.q1bDs<aVd"
2023-05-18T12:47:54.369941350Z     secret-key = "ic2{IT9v()>oPN4-lfhS7.PqjaefE^?0SPWGaMgf"
2023-05-18T12:47:54.372453754Z
2023-05-18T12:47:54.372485076Z ðŸŒ€  flux start --wrap=strace,-e,network,-tt -o --config /etc/flux/config -Scron.directory=/etc/flux/system/cron.d   -Stbon.fanout=256   -Srundir=/run/flux    -Sstatedir=/var/lib/flux   -Slocal-uri=local:///run/flux/local -Stbon.connect_timeout=4s  -Stbon.zmqdebug=1  -Slog-stderr-level=6    -Slog-stderr-mode=local
2023-05-18T12:47:54.413582097Z 12:47:54.413200 socket(AF_NETLINK, SOCK_RAW, NETLINK_ROUTE) = 8
2023-05-18T12:47:54.413683074Z 12:47:54.413319 bind(8, {sa_family=AF_NETLINK, nl_pid=0, nl_groups=00000000}, 12) = 0
2023-05-18T12:47:54.413693997Z 12:47:54.413389 getsockname(8, {sa_family=AF_NETLINK, nl_pid=70, nl_groups=00000000}, [12]) = 0
2023-05-18T12:47:54.413821056Z 12:47:54.413455 sendto(8, {{len=20, type=RTM_GETADDR, flags=NLM_F_REQUEST|NLM_F_DUMP, seq=1684414074, pid=0}, {ifa_family=AF_UNSPEC, ...}}, 20, 0, {sa_family=AF_NETLINK, nl_pid=0, nl_groups=00000000}, 12) = 20
2023-05-18T12:47:54.414163814Z 12:47:54.413734 recvmsg(8, {msg_name={sa_family=AF_NETLINK, nl_pid=0, nl_groups=00000000}, msg_namelen=12, msg_iov=[{iov_base=[{{len=76, type=RTM_NEWADDR, flags=NLM_F_MULTI, seq=1684414074, pid=70}, {ifa_family=AF_INET, ifa_prefixlen=8, ifa_flags=IFA_F_PERMANENT, ifa_scope=RT_SCOPE_HOST, ifa_index=if_nametoindex("lo")}, [{{nla_len=8, nla_type=IFA_ADDRESS}, 127.0.0.1}, {{nla_len=8, nla_type=IFA_LOCAL}, 127.0.0.1}, {{nla_len=7, nla_type=IFA_LABEL}, "lo"}, {{nla_len=8, nla_type=IFA_FLAGS}, IFA_F_PERMANENT}, {{nla_len=20, nla_type=IFA_CACHEINFO}, {ifa_prefered=4294967295, ifa_valid=4294967295, cstamp=1981692, tstamp=1981692}}]}, {{len=88, type=RTM_NEWADDR, flags=NLM_F_MULTI, seq=1684414074, pid=70}, {ifa_family=AF_INET, ifa_prefixlen=24, ifa_flags=IFA_F_PERMANENT, ifa_scope=RT_SCOPE_UNIVERSE, ifa_index=if_nametoindex("eth0")}, [{{nla_len=8, nla_type=IFA_ADDRESS}, 10.24.2.126}, {{nla_len=8, nla_type=IFA_LOCAL}, 10.24.2.126}, {{nla_len=8, nla_type=IFA_BROADCAST}, 10.24.2.255}, {{nla_len=9, nla_type=IFA_LABEL}, "eth0"}, {{nla_len=8, nla_type=IFA_FLAGS}, IFA_F_PERMANENT}, {{nla_len=20, nla_type=IFA_CACHEINFO}, {ifa_prefered=4294967295, ifa_valid=4294967295, cstamp=1981696, tstamp=1981696}}]}], iov_len=4096}], msg_iovlen=1, msg_controllen=0, msg_flags=0}, 0) = 164
2023-05-18T12:47:54.414258291Z 12:47:54.414071 recvmsg(8, {msg_name={sa_family=AF_NETLINK, nl_pid=0, nl_groups=00000000}, msg_namelen=12, msg_iov=[{iov_base={{len=20, type=NLMSG_DONE, flags=NLM_F_MULTI, seq=1684414074, pid=70}, 0}, iov_len=4096}], msg_iovlen=1, msg_controllen=0, msg_flags=0}, 0) = 20
2023-05-18T12:47:54.414799466Z 12:47:54.414644 socket(AF_UNIX, SOCK_STREAM|SOCK_CLOEXEC|SOCK_NONBLOCK, 0) = 8
2023-05-18T12:47:54.414889355Z 12:47:54.414750 connect(8, {sa_family=AF_UNIX, sun_path="/var/run/nscd/socket"}, 110) = -1 ENOENT (No such file or directory)
2023-05-18T12:47:54.415067531Z 12:47:54.414874 socket(AF_UNIX, SOCK_STREAM|SOCK_CLOEXEC|SOCK_NONBLOCK, 0) = 8
2023-05-18T12:47:54.415078286Z 12:47:54.414940 connect(8, {sa_family=AF_UNIX, sun_path="/var/run/nscd/socket"}, 110) = -1 ENOENT (No such file or directory)
2023-05-18T12:47:54.416513180Z 12:47:54.416347 socket(AF_INET, SOCK_DGRAM|SOCK_CLOEXEC|SOCK_NONBLOCK, IPPROTO_IP) = 8
2023-05-18T12:47:54.416603129Z 12:47:54.416445 connect(8, {sa_family=AF_INET, sin_port=htons(53), sin_addr=inet_addr("169.254.169.254")}, 16) = 0
2023-05-18T12:47:54.416894130Z 12:47:54.416579 sendto(8, "\233E\1\0\0\1\0\0\0\0\0\0\rflux-sample-0\fflux-"..., 76, MSG_NOSIGNAL, NULL, 0) = 76
2023-05-18T12:47:54.420127669Z 12:47:54.419897 recvfrom(8, "\233E\201\200\0\1\0\1\0\0\0\0\rflux-sample-0\fflux-"..., 1024, 0, {sa_family=AF_INET, sin_port=htons(53), sin_addr=inet_addr("169.254.169.254")}, [28->16]) = 92
2023-05-18T12:47:54.424670225Z broker.info[3]: start: none->join 1.83444ms
2023-05-18T12:47:54.437816575Z broker.info[3]: parent-ready: join->init 12.9829ms
2023-05-18T12:47:54.437976560Z 12:47:54.437779 socketpair(AF_UNIX, SOCK_STREAM|SOCK_CLOEXEC, 0, [22, 23]) = 0
2023-05-18T12:47:54.438076536Z 12:47:54.437949 socketpair(AF_UNIX, SOCK_STREAM, 0, [24, 25]) = 0
2023-05-18T12:47:54.438310307Z 12:47:54.438166 socketpair(AF_UNIX, SOCK_STREAM, 0, [26, 27]) = 0
2023-05-18T12:47:54.438498079Z 12:47:54.438356 socketpair(AF_UNIX, SOCK_STREAM, 0, [28, 29]) = 0
2023-05-18T12:47:54.462929920Z broker.info[3]: configuration updated
2023-05-18T12:47:54.601072000Z broker.info[3]: rc1.0: running /etc/flux/rc1.d/01-sched-fluxion
2023-05-18T12:47:54.613811812Z broker.info[3]: rc1.0: running /etc/flux/rc1.d/02-cron
2023-05-18T12:47:54.646803202Z broker.info[3]: rc1.0: /etc/flux/rc1 Exited (rc=0) 0.2s
2023-05-18T12:47:54.647415662Z broker.info[3]: rc1-success: init->quorum 0.209452s
2023-05-18T12:47:54.864181713Z broker.info[3]: quorum-full: quorum->run 0.216434s
2023-05-18T12:47:55.464497395Z 12:47:55.463691 socketpair(AF_UNIX, SOCK_STREAM|SOCK_CLOEXEC, 0, [22, 23]) = 0
2023-05-18T12:47:55.464870149Z 12:47:55.463874 socketpair(AF_UNIX, SOCK_STREAM, 0, [24, 25]) = 0
2023-05-18T12:47:55.465363022Z 12:47:55.464136 socketpair(AF_UNIX, SOCK_STREAM, 0, [26, 28]) = 0
2023-05-18T12:47:55.465732368Z 12:47:55.464421 socketpair(AF_UNIX, SOCK_STREAM, 0, [58, 59]) = 0
2023-05-18T12:48:07.061501898Z broker.info[3]: shutdown: run->cleanup 12.1969s
2023-05-18T12:48:07.063876145Z broker.info[3]: cleanup-none: cleanup->shutdown 1.52599ms
2023-05-18T12:48:07.065618435Z broker.info[3]: children-none: shutdown->finalize 0.988316ms
2023-05-18T12:48:07.066224171Z 12:48:07.065956 socketpair(AF_UNIX, SOCK_STREAM|SOCK_CLOEXEC, 0, [22, 23]) = 0
2023-05-18T12:48:07.066503412Z 12:48:07.066282 socketpair(AF_UNIX, SOCK_STREAM, 0, [24, 25]) = 0
2023-05-18T12:48:07.066828962Z 12:48:07.066520 socketpair(AF_UNIX, SOCK_STREAM, 0, [26, 28]) = 0
2023-05-18T12:48:07.067271925Z 12:48:07.067050 socketpair(AF_UNIX, SOCK_STREAM, 0, [58, 59]) = 0
2023-05-18T12:48:07.085429899Z broker.info[3]: rc3.0: running /etc/flux/rc3.d/01-sched-fluxion
2023-05-18T12:48:07.209555400Z broker.info[3]: rc3.0: /etc/flux/rc3 Exited (rc=0) 0.1s
2023-05-18T12:48:07.210706537Z broker.info[3]: rc3-success: finalize->goodbye 0.144578s
2023-05-18T12:48:07.212292584Z broker.info[3]: goodbye: goodbye->exit 1.01681ms
2023-05-18T12:48:07.222621460Z 12:48:07.222439 +++ exited with 0 +++
2023-05-18T12:48:07.224127336Z Return value for follower worker is 0
2023-05-18T12:48:07.224242636Z The follower worker exited cleanly. Goodbye!
