2023-05-18T07:42:39.215499494Z
2023-05-18T07:42:39.216335439Z Flux username: flux
2023-05-18T07:42:39.216348136Z
2023-05-18T07:42:39.216353656Z Flux install root: /usr
2023-05-18T07:42:39.260785073Z flux user is already added.
2023-05-18T07:42:39.264324020Z flux user identifiers:
2023-05-18T07:42:39.264389252Z uid=1234(flux) gid=1234(flux) groups=1234(flux)
2023-05-18T07:42:39.264397849Z
2023-05-18T07:42:39.264495991Z As Flux prefix for flux commands: sudo -u flux -E PYTHONPATH=/opt/conda/lib/python3.10/site-packages -E PATH=/opt/conda/bin:/usr/local/sbin:/usr/local/bin:/usr/sbin:/usr/bin:/sbin:/bin -E LD_LIBRARY_PATH=/opt/conda/lib -E HOME=/home/flux
2023-05-18T07:42:39.276582363Z
2023-05-18T07:42:39.276610882Z ðŸ‘‹ Hello, I'm flux-sample-2
2023-05-18T07:42:39.276618395Z The main host is flux-sample-0
2023-05-18T07:42:39.276624674Z The working directory is /home/flux/examples/reaxff/HNS, contents include:
2023-05-18T07:42:39.278444244Z /home/flux/examples/reaxff/HNS:
2023-05-18T07:42:39.278463456Z README.txt	ffield.reax.hns  log.8Mar18.reaxc.hns.g++.1
2023-05-18T07:42:39.278471655Z data.hns-equil	in.reaxc.hns	 log.8Mar18.reaxc.hns.g++.4
2023-05-18T07:42:39.279134246Z End of file listing, if you see nothing above there are no files.
2023-05-18T07:42:39.281264418Z flux R encode --hosts=flux-sample-[0-3]
2023-05-18T07:42:39.294658208Z
2023-05-18T07:42:39.294688390Z ðŸ“¦ Resources
2023-05-18T07:42:39.296153706Z {"version": 1, "execution": {"R_lite": [{"rank": "0-3", "children": {"core": "0"}}], "starttime": 0.0, "expiration": 0.0, "nodelist": ["flux-sample-[0-3]"]}}
2023-05-18T07:42:39.296434747Z
2023-05-18T07:42:39.296485405Z ðŸ¸ Diagnostics: false
2023-05-18T07:42:39.296643202Z ðŸš©ï¸ Flux Option Flags defined
2023-05-18T07:42:39.301209846Z
2023-05-18T07:42:39.301241867Z ðŸ¦Š Independent Minister of Privilege
2023-05-18T07:42:39.302546942Z [exec]
2023-05-18T07:42:39.302563107Z allowed-users = [ "flux", "root" ]
2023-05-18T07:42:39.302567676Z allowed-shells = [ "/usr/libexec/flux/flux-shell" ]
2023-05-18T07:42:39.302883200Z
2023-05-18T07:42:39.302901993Z ðŸ¸ Broker Configuration
2023-05-18T07:42:39.304116480Z # Flux needs to know the path to the IMP executable
2023-05-18T07:42:39.304145674Z [exec]
2023-05-18T07:42:39.304152344Z imp = "/usr/libexec/flux/flux-imp"
2023-05-18T07:42:39.304157286Z
2023-05-18T07:42:39.304162016Z [access]
2023-05-18T07:42:39.304167374Z allow-guest-user = true
2023-05-18T07:42:39.304172041Z allow-root-owner = true
2023-05-18T07:42:39.304178642Z
2023-05-18T07:42:39.304189332Z # Point to resource definition generated with flux-R(1).
2023-05-18T07:42:39.304193234Z [resource]
2023-05-18T07:42:39.304197493Z path = "/etc/flux/system/R"
2023-05-18T07:42:39.304200636Z
2023-05-18T07:42:39.304203924Z [bootstrap]
2023-05-18T07:42:39.304207229Z curve_cert = "/etc/curve/curve.cert"
2023-05-18T07:42:39.304210757Z default_port = 8050
2023-05-18T07:42:39.304216014Z default_bind = "tcp://eth0:%p"
2023-05-18T07:42:39.304221567Z default_connect = "tcp://%h.flux-service.flux-operator.svc.cluster.local:%p"
2023-05-18T07:42:39.304225199Z hosts = [
2023-05-18T07:42:39.304228600Z 	{ host="flux-sample-[0-3]"},
2023-05-18T07:42:39.304231987Z ]
2023-05-18T07:42:39.304234996Z
2023-05-18T07:42:39.304238087Z [archive]
2023-05-18T07:42:39.304241269Z dbpath = "/var/lib/flux/job-archive.sqlite"
2023-05-18T07:42:39.304246447Z period = "1m"
2023-05-18T07:42:39.392235414Z busytimeout = "50s"
2023-05-18T07:42:39.392261287Z ðŸ§Šï¸ State Directory:
2023-05-18T07:42:39.392276396Z total 0
2023-05-18T07:42:39.392281035Z
2023-05-18T07:42:39.395265079Z
2023-05-18T07:42:39.395293865Z ðŸ”’ï¸ Working directory permissions:
2023-05-18T07:42:39.395300818Z total 96
2023-05-18T07:42:39.395306158Z -rwxrwxrwx 1 flux root  2517 May 17 22:32 README.txt
2023-05-18T07:42:39.395313414Z -rwxrwxrwx 1 flux root 54692 May 17 22:32 data.hns-equil
2023-05-18T07:42:39.395319902Z -rwxrwxrwx 1 flux root 13576 May 17 22:32 ffield.reax.hns
2023-05-18T07:42:39.395325678Z -rwxrwxrwx 1 flux root   870 May 17 22:32 in.reaxc.hns
2023-05-18T07:42:39.395331149Z -rwxrwxrwx 1 flux root  4172 May 17 22:32 log.8Mar18.reaxc.hns.g++.1
2023-05-18T07:42:39.395345359Z -rwxrwxrwx 1 flux root  4168 May 17 22:32 log.8Mar18.reaxc.hns.g++.4
2023-05-18T07:42:39.395350005Z
2023-05-18T07:42:39.395435139Z
2023-05-18T07:42:39.395478395Z âœ¨ Curve certificate generated by helper pod
2023-05-18T07:42:39.397093106Z #   ****  Generated on 2023-04-26 22:54:42 by CZMQ  ****
2023-05-18T07:42:39.397113363Z #   ZeroMQ CURVE **Secret** Certificate
2023-05-18T07:42:39.397119444Z #   DO NOT PROVIDE THIS FILE TO OTHER USERS nor change its permissions.
2023-05-18T07:42:39.397124557Z
2023-05-18T07:42:39.397129495Z metadata
2023-05-18T07:42:39.397134818Z     name = "flux-cert-generator"
2023-05-18T07:42:39.397141792Z     keygen.hostname = "flux-sample-0"
2023-05-18T07:42:39.397147706Z curve
2023-05-18T07:42:39.397152818Z     public-key = "Uo.(X7payq=i?7SQ.o91ZPt72mXW+}=#9:f5=os-"
2023-05-18T07:42:39.397157961Z     secret-key = "U&]9cpscWUzDVu7>Q(gX/9c^ITdNk8bMF<On&D&Z"
2023-05-18T07:42:39.400265507Z
2023-05-18T07:42:39.400315606Z ðŸŒ€  flux start --wrap=strace,-e,network,-tt -o --config /etc/flux/config -Scron.directory=/etc/flux/system/cron.d   -Stbon.fanout=256   -Srundir=/run/flux    -Sstatedir=/var/lib/flux   -Slocal-uri=local:///run/flux/local -Stbon.connect_timeout=2s  -Stbon.zmqdebug=1  -Slog-stderr-level=6    -Slog-stderr-mode=local
2023-05-18T07:42:39.451346428Z 07:42:39.450947 socket(AF_NETLINK, SOCK_RAW, NETLINK_ROUTE) = 8
2023-05-18T07:42:39.451383897Z 07:42:39.451068 bind(8, {sa_family=AF_NETLINK, nl_pid=0, nl_groups=00000000}, 12) = 0
2023-05-18T07:42:39.451390419Z 07:42:39.451151 getsockname(8, {sa_family=AF_NETLINK, nl_pid=69, nl_groups=00000000}, [12]) = 0
2023-05-18T07:42:39.451542054Z 07:42:39.451217 sendto(8, {{len=20, type=RTM_GETADDR, flags=NLM_F_REQUEST|NLM_F_DUMP, seq=1684395759, pid=0}, {ifa_family=AF_UNSPEC, ...}}, 20, 0, {sa_family=AF_NETLINK, nl_pid=0, nl_groups=00000000}, 12) = 20
2023-05-18T07:42:39.451895931Z 07:42:39.451453 recvmsg(8, {msg_name={sa_family=AF_NETLINK, nl_pid=0, nl_groups=00000000}, msg_namelen=12, msg_iov=[{iov_base=[{{len=76, type=RTM_NEWADDR, flags=NLM_F_MULTI, seq=1684395759, pid=69}, {ifa_family=AF_INET, ifa_prefixlen=8, ifa_flags=IFA_F_PERMANENT, ifa_scope=RT_SCOPE_HOST, ifa_index=if_nametoindex("lo")}, [{{nla_len=8, nla_type=IFA_ADDRESS}, 127.0.0.1}, {{nla_len=8, nla_type=IFA_LOCAL}, 127.0.0.1}, {{nla_len=7, nla_type=IFA_LABEL}, "lo"}, {{nla_len=8, nla_type=IFA_FLAGS}, IFA_F_PERMANENT}, {{nla_len=20, nla_type=IFA_CACHEINFO}, {ifa_prefered=4294967295, ifa_valid=4294967295, cstamp=150232, tstamp=150232}}]}, {{len=88, type=RTM_NEWADDR, flags=NLM_F_MULTI, seq=1684395759, pid=69}, {ifa_family=AF_INET, ifa_prefixlen=24, ifa_flags=IFA_F_PERMANENT, ifa_scope=RT_SCOPE_UNIVERSE, ifa_index=if_nametoindex("eth0")}, [{{nla_len=8, nla_type=IFA_ADDRESS}, 10.24.1.50}, {{nla_len=8, nla_type=IFA_LOCAL}, 10.24.1.50}, {{nla_len=8, nla_type=IFA_BROADCAST}, 10.24.1.255}, {{nla_len=9, nla_type=IFA_LABEL}, "eth0"}, {{nla_len=8, nla_type=IFA_FLAGS}, IFA_F_PERMANENT}, {{nla_len=20, nla_type=IFA_CACHEINFO}, {ifa_prefered=4294967295, ifa_valid=4294967295, cstamp=150235, tstamp=150235}}]}], iov_len=4096}], msg_iovlen=1, msg_controllen=0, msg_flags=0}, 0) = 164
2023-05-18T07:42:39.452063025Z 07:42:39.451791 recvmsg(8, {msg_name={sa_family=AF_NETLINK, nl_pid=0, nl_groups=00000000}, msg_namelen=12, msg_iov=[{iov_base={{len=20, type=NLMSG_DONE, flags=NLM_F_MULTI, seq=1684395759, pid=69}, 0}, iov_len=4096}], msg_iovlen=1, msg_controllen=0, msg_flags=0}, 0) = 20
2023-05-18T07:42:39.452773225Z 07:42:39.452510 socket(AF_UNIX, SOCK_STREAM|SOCK_CLOEXEC|SOCK_NONBLOCK, 0) = 8
2023-05-18T07:42:39.453074386Z 07:42:39.452785 connect(8, {sa_family=AF_UNIX, sun_path="/var/run/nscd/socket"}, 110) = -1 ENOENT (No such file or directory)
2023-05-18T07:42:39.453353442Z 07:42:39.453177 socket(AF_UNIX, SOCK_STREAM|SOCK_CLOEXEC|SOCK_NONBLOCK, 0) = 8
2023-05-18T07:42:39.453463851Z 07:42:39.453317 connect(8, {sa_family=AF_UNIX, sun_path="/var/run/nscd/socket"}, 110) = -1 ENOENT (No such file or directory)
2023-05-18T07:42:39.455806563Z 07:42:39.455560 socket(AF_INET, SOCK_DGRAM|SOCK_CLOEXEC|SOCK_NONBLOCK, IPPROTO_IP) = 8
2023-05-18T07:42:39.456380018Z 07:42:39.455958 connect(8, {sa_family=AF_INET, sin_port=htons(53), sin_addr=inet_addr("169.254.169.254")}, 16) = 0
2023-05-18T07:42:39.456916918Z 07:42:39.456474 sendto(8, "\365-\1\0\0\1\0\0\0\0\0\0\rflux-sample-0\fflux-"..., 76, MSG_NOSIGNAL, NULL, 0) = 76
2023-05-18T07:42:39.460413828Z 07:42:39.460153 recvfrom(8, "\365-\201\200\0\1\0\1\0\0\0\0\rflux-sample-0\fflux-"..., 1024, 0, {sa_family=AF_INET, sin_port=htons(53), sin_addr=inet_addr("169.254.169.254")}, [28->16]) = 92
2023-05-18T07:42:39.467015544Z broker.info[2]: start: none->join 2.13342ms
2023-05-18T07:42:43.843921133Z broker.info[2]: parent-ready: join->init 4.37667s
2023-05-18T07:42:43.844249362Z 07:42:43.843877 socketpair(AF_UNIX, SOCK_STREAM|SOCK_CLOEXEC, 0, [22, 23]) = 0
2023-05-18T07:42:43.844373459Z 07:42:43.844040 socketpair(AF_UNIX, SOCK_STREAM, 0, [24, 25]) = 0
2023-05-18T07:42:43.844618574Z 07:42:43.844403 socketpair(AF_UNIX, SOCK_STREAM, 0, [26, 27]) = 0
2023-05-18T07:42:43.844866506Z 07:42:43.844646 socketpair(AF_UNIX, SOCK_STREAM, 0, [28, 29]) = 0
2023-05-18T07:42:43.873502428Z broker.info[2]: configuration updated
2023-05-18T07:42:44.004562671Z broker.info[2]: rc1.0: running /etc/flux/rc1.d/01-sched-fluxion
2023-05-18T07:42:44.017006991Z broker.info[2]: rc1.0: running /etc/flux/rc1.d/02-cron
2023-05-18T07:42:44.049391297Z broker.info[2]: rc1.0: /etc/flux/rc1 Exited (rc=0) 0.2s
2023-05-18T07:42:44.050613587Z broker.info[2]: rc1-success: init->quorum 0.206534s
2023-05-18T07:42:44.243510940Z broker.info[2]: quorum-full: quorum->run 0.192568s
2023-05-18T07:42:54.657850236Z broker.info[2]: shutdown: run->cleanup 10.4141s
2023-05-18T07:42:54.659482637Z broker.info[2]: cleanup-none: cleanup->shutdown 1.33165ms
2023-05-18T07:42:54.661296088Z broker.info[2]: children-none: shutdown->finalize 1.31187ms
2023-05-18T07:42:54.661698755Z 07:42:54.661325 socketpair(AF_UNIX, SOCK_STREAM|SOCK_CLOEXEC, 0, [22, 23]) = 0
2023-05-18T07:42:54.661907015Z 07:42:54.661540 socketpair(AF_UNIX, SOCK_STREAM, 0, [24, 25]) = 0
2023-05-18T07:42:54.662212383Z 07:42:54.661949 socketpair(AF_UNIX, SOCK_STREAM, 0, [26, 28]) = 0
2023-05-18T07:42:54.662655650Z 07:42:54.662380 socketpair(AF_UNIX, SOCK_STREAM, 0, [58, 59]) = 0
2023-05-18T07:42:54.683713655Z broker.info[2]: rc3.0: running /etc/flux/rc3.d/01-sched-fluxion
2023-05-18T07:42:54.828894883Z broker.info[2]: rc3.0: /etc/flux/rc3 Exited (rc=0) 0.2s
2023-05-18T07:42:54.828963425Z broker.info[2]: rc3-success: finalize->goodbye 0.167s
2023-05-18T07:42:54.830914217Z broker.info[2]: goodbye: goodbye->exit 1.08945ms
2023-05-18T07:42:54.836289745Z 07:42:54.836103 +++ exited with 0 +++
2023-05-18T07:42:54.837788458Z Return value for follower worker is 0
2023-05-18T07:42:54.838060128Z The follower worker exited cleanly. Goodbye!
