2023-05-18T12:41:08.876568494Z
2023-05-18T12:41:08.876678165Z Flux username: flux
2023-05-18T12:41:08.876688296Z
2023-05-18T12:41:08.876694316Z Flux install root: /usr
2023-05-18T12:41:08.924800181Z flux user is already added.
2023-05-18T12:41:08.927598366Z flux user identifiers:
2023-05-18T12:41:08.927634202Z uid=1234(flux) gid=1234(flux) groups=1234(flux)
2023-05-18T12:41:08.927640514Z
2023-05-18T12:41:08.927646501Z As Flux prefix for flux commands: sudo -u flux -E PYTHONPATH=/opt/conda/lib/python3.10/site-packages -E PATH=/opt/conda/bin:/usr/local/sbin:/usr/local/bin:/usr/sbin:/usr/bin:/sbin:/bin -E LD_LIBRARY_PATH=/opt/conda/lib -E HOME=/home/flux
2023-05-18T12:41:08.934758277Z
2023-05-18T12:41:08.934801268Z 👋 Hello, I'm flux-sample-2
2023-05-18T12:41:08.935021287Z The main host is flux-sample-0
2023-05-18T12:41:08.935034500Z The working directory is /home/flux/examples/reaxff/HNS, contents include:
2023-05-18T12:41:08.936852601Z /home/flux/examples/reaxff/HNS:
2023-05-18T12:41:08.936992355Z README.txt	ffield.reax.hns  log.8Mar18.reaxc.hns.g++.1
2023-05-18T12:41:08.937003995Z data.hns-equil	in.reaxc.hns	 log.8Mar18.reaxc.hns.g++.4
2023-05-18T12:41:08.937154992Z End of file listing, if you see nothing above there are no files.
2023-05-18T12:41:08.939273399Z flux R encode --hosts=flux-sample-[0-3]
2023-05-18T12:41:08.952932627Z
2023-05-18T12:41:08.952968458Z 📦 Resources
2023-05-18T12:41:08.954262128Z {"version": 1, "execution": {"R_lite": [{"rank": "0-3", "children": {"core": "0"}}], "starttime": 0.0, "expiration": 0.0, "nodelist": ["flux-sample-[0-3]"]}}
2023-05-18T12:41:08.954498211Z
2023-05-18T12:41:08.954513720Z 🐸 Diagnostics: false
2023-05-18T12:41:08.954651335Z 🚩️ Flux Option Flags defined
2023-05-18T12:41:08.958198064Z
2023-05-18T12:41:08.958219047Z 🦊 Independent Minister of Privilege
2023-05-18T12:41:08.959415735Z [exec]
2023-05-18T12:41:08.959432903Z allowed-users = [ "flux", "root" ]
2023-05-18T12:41:08.959439415Z allowed-shells = [ "/usr/libexec/flux/flux-shell" ]
2023-05-18T12:41:08.959624884Z
2023-05-18T12:41:08.959637832Z 🐸 Broker Configuration
2023-05-18T12:41:08.960834527Z # Flux needs to know the path to the IMP executable
2023-05-18T12:41:08.960849915Z [exec]
2023-05-18T12:41:08.960855840Z imp = "/usr/libexec/flux/flux-imp"
2023-05-18T12:41:08.960860426Z
2023-05-18T12:41:08.960865028Z [access]
2023-05-18T12:41:08.960873950Z allow-guest-user = true
2023-05-18T12:41:08.960892073Z allow-root-owner = true
2023-05-18T12:41:08.960896975Z
2023-05-18T12:41:08.960901773Z # Point to resource definition generated with flux-R(1).
2023-05-18T12:41:08.960906673Z [resource]
2023-05-18T12:41:08.960912210Z path = "/etc/flux/system/R"
2023-05-18T12:41:08.960918918Z
2023-05-18T12:41:08.960924880Z [bootstrap]
2023-05-18T12:41:08.960929922Z curve_cert = "/etc/curve/curve.cert"
2023-05-18T12:41:08.960934613Z default_port = 8050
2023-05-18T12:41:08.960940018Z default_bind = "tcp://eth0:%p"
2023-05-18T12:41:08.960945794Z default_connect = "tcp://%h.flux-service.flux-operator.svc.cluster.local:%p"
2023-05-18T12:41:08.960950664Z hosts = [
2023-05-18T12:41:08.960955769Z 	{ host="flux-sample-[0-3]"},
2023-05-18T12:41:08.960962586Z ]
2023-05-18T12:41:08.960968525Z
2023-05-18T12:41:08.960973445Z [archive]
2023-05-18T12:41:08.960978375Z dbpath = "/var/lib/flux/job-archive.sqlite"
2023-05-18T12:41:08.960983229Z period = "1m"
2023-05-18T12:41:09.045727558Z busytimeout = "50s"
2023-05-18T12:41:09.045756874Z 🧊️ State Directory:
2023-05-18T12:41:09.045765172Z total 0
2023-05-18T12:41:09.045771882Z
2023-05-18T12:41:09.050267177Z
2023-05-18T12:41:09.050299255Z 🔒️ Working directory permissions:
2023-05-18T12:41:09.050306541Z total 96
2023-05-18T12:41:09.050311888Z -rwxrwxrwx 1 flux root  2517 May 17 22:32 README.txt
2023-05-18T12:41:09.050316577Z -rwxrwxrwx 1 flux root 54692 May 17 22:32 data.hns-equil
2023-05-18T12:41:09.050321472Z -rwxrwxrwx 1 flux root 13576 May 17 22:32 ffield.reax.hns
2023-05-18T12:41:09.050326724Z -rwxrwxrwx 1 flux root   870 May 17 22:32 in.reaxc.hns
2023-05-18T12:41:09.050334279Z -rwxrwxrwx 1 flux root  4172 May 17 22:32 log.8Mar18.reaxc.hns.g++.1
2023-05-18T12:41:09.050340582Z -rwxrwxrwx 1 flux root  4168 May 17 22:32 log.8Mar18.reaxc.hns.g++.4
2023-05-18T12:41:09.050345289Z
2023-05-18T12:41:09.050555930Z
2023-05-18T12:41:09.050571144Z ✨ Curve certificate generated by helper pod
2023-05-18T12:41:09.052277986Z #   ****  Generated on 2023-04-26 22:54:42 by CZMQ  ****
2023-05-18T12:41:09.052298003Z #   ZeroMQ CURVE **Secret** Certificate
2023-05-18T12:41:09.052306176Z #   DO NOT PROVIDE THIS FILE TO OTHER USERS nor change its permissions.
2023-05-18T12:41:09.052312867Z
2023-05-18T12:41:09.052341930Z metadata
2023-05-18T12:41:09.052347500Z     name = "flux-cert-generator"
2023-05-18T12:41:09.052354791Z     keygen.hostname = "flux-sample-0"
2023-05-18T12:41:09.052361210Z curve
2023-05-18T12:41:09.052366467Z     public-key = "kg:T#=LMNPkZh9%n<TkUljB:d2AT&Wh<$u54Y0I%"
2023-05-18T12:41:09.052371434Z     secret-key = "Iw3X:&/vfwvz/2Z51r?1fxXBj^vjYd){RLi9!Nwv"
2023-05-18T12:41:09.054286508Z
2023-05-18T12:41:09.054307218Z 🌀  flux start --wrap=strace,-e,network,-tt -o --config /etc/flux/config -Scron.directory=/etc/flux/system/cron.d   -Stbon.fanout=256   -Srundir=/run/flux    -Sstatedir=/var/lib/flux   -Slocal-uri=local:///run/flux/local -Stbon.connect_timeout=3s  -Stbon.zmqdebug=1  -Slog-stderr-level=6    -Slog-stderr-mode=local
2023-05-18T12:41:09.092811551Z 12:41:09.092547 socket(AF_NETLINK, SOCK_RAW, NETLINK_ROUTE) = 8
2023-05-18T12:41:09.093203121Z 12:41:09.092894 bind(8, {sa_family=AF_NETLINK, nl_pid=0, nl_groups=00000000}, 12) = 0
2023-05-18T12:41:09.093321660Z 12:41:09.093139 getsockname(8, {sa_family=AF_NETLINK, nl_pid=70, nl_groups=00000000}, [12]) = 0
2023-05-18T12:41:09.093762154Z 12:41:09.093293 sendto(8, {{len=20, type=RTM_GETADDR, flags=NLM_F_REQUEST|NLM_F_DUMP, seq=1684413669, pid=0}, {ifa_family=AF_UNSPEC, ...}}, 20, 0, {sa_family=AF_NETLINK, nl_pid=0, nl_groups=00000000}, 12) = 20
2023-05-18T12:41:09.094165841Z 12:41:09.093616 recvmsg(8, {msg_name={sa_family=AF_NETLINK, nl_pid=0, nl_groups=00000000}, msg_namelen=12, msg_iov=[{iov_base=[{{len=76, type=RTM_NEWADDR, flags=NLM_F_MULTI, seq=1684413669, pid=70}, {ifa_family=AF_INET, ifa_prefixlen=8, ifa_flags=IFA_F_PERMANENT, ifa_scope=RT_SCOPE_HOST, ifa_index=if_nametoindex("lo")}, [{{nla_len=8, nla_type=IFA_ADDRESS}, 127.0.0.1}, {{nla_len=8, nla_type=IFA_LOCAL}, 127.0.0.1}, {{nla_len=7, nla_type=IFA_LABEL}, "lo"}, {{nla_len=8, nla_type=IFA_FLAGS}, IFA_F_PERMANENT}, {{nla_len=20, nla_type=IFA_CACHEINFO}, {ifa_prefered=4294967295, ifa_valid=4294967295, cstamp=1941139, tstamp=1941139}}]}, {{len=88, type=RTM_NEWADDR, flags=NLM_F_MULTI, seq=1684413669, pid=70}, {ifa_family=AF_INET, ifa_prefixlen=24, ifa_flags=IFA_F_PERMANENT, ifa_scope=RT_SCOPE_UNIVERSE, ifa_index=if_nametoindex("eth0")}, [{{nla_len=8, nla_type=IFA_ADDRESS}, 10.24.3.33}, {{nla_len=8, nla_type=IFA_LOCAL}, 10.24.3.33}, {{nla_len=8, nla_type=IFA_BROADCAST}, 10.24.3.255}, {{nla_len=9, nla_type=IFA_LABEL}, "eth0"}, {{nla_len=8, nla_type=IFA_FLAGS}, IFA_F_PERMANENT}, {{nla_len=20, nla_type=IFA_CACHEINFO}, {ifa_prefered=4294967295, ifa_valid=4294967295, cstamp=1941142, tstamp=1941142}}]}], iov_len=4096}], msg_iovlen=1, msg_controllen=0, msg_flags=0}, 0) = 164
2023-05-18T12:41:09.094280913Z 12:41:09.093982 recvmsg(8, {msg_name={sa_family=AF_NETLINK, nl_pid=0, nl_groups=00000000}, msg_namelen=12, msg_iov=[{iov_base={{len=20, type=NLMSG_DONE, flags=NLM_F_MULTI, seq=1684413669, pid=70}, 0}, iov_len=4096}], msg_iovlen=1, msg_controllen=0, msg_flags=0}, 0) = 20
2023-05-18T12:41:09.095607584Z 12:41:09.095441 socket(AF_UNIX, SOCK_STREAM|SOCK_CLOEXEC|SOCK_NONBLOCK, 0) = 8
2023-05-18T12:41:09.095729914Z 12:41:09.095542 connect(8, {sa_family=AF_UNIX, sun_path="/var/run/nscd/socket"}, 110) = -1 ENOENT (No such file or directory)
2023-05-18T12:41:09.096001531Z 12:41:09.095785 socket(AF_UNIX, SOCK_STREAM|SOCK_CLOEXEC|SOCK_NONBLOCK, 0) = 8
2023-05-18T12:41:09.096243849Z 12:41:09.096016 connect(8, {sa_family=AF_UNIX, sun_path="/var/run/nscd/socket"}, 110) = -1 ENOENT (No such file or directory)
2023-05-18T12:41:09.098670521Z 12:41:09.098380 socket(AF_INET, SOCK_DGRAM|SOCK_CLOEXEC|SOCK_NONBLOCK, IPPROTO_IP) = 8
2023-05-18T12:41:09.099185213Z 12:41:09.098507 connect(8, {sa_family=AF_INET, sin_port=htons(53), sin_addr=inet_addr("169.254.169.254")}, 16) = 0
2023-05-18T12:41:09.099443924Z 12:41:09.098863 sendto(8, "/\266\1\0\0\1\0\0\0\0\0\0\rflux-sample-0\fflux-"..., 76, MSG_NOSIGNAL, NULL, 0) = 76
2023-05-18T12:41:09.103309871Z 12:41:09.102978 recvfrom(8, "/\266\201\203\0\1\0\0\0\1\0\0\rflux-sample-0\fflux-"..., 1024, 0, {sa_family=AF_INET, sin_port=htons(53), sin_addr=inet_addr("169.254.169.254")}, [28->16]) = 172
2023-05-18T12:41:09.103467603Z 12:41:09.103285 socket(AF_INET, SOCK_DGRAM|SOCK_CLOEXEC|SOCK_NONBLOCK, IPPROTO_IP) = 8
2023-05-18T12:41:09.103489548Z 12:41:09.103364 connect(8, {sa_family=AF_INET, sin_port=htons(53), sin_addr=inet_addr("169.254.169.254")}, 16) = 0
2023-05-18T12:41:09.103726440Z 12:41:09.103480 sendto(8, ";\31\1\0\0\1\0\0\0\0\0\0\rflux-sample-0\fflux-"..., 108, MSG_NOSIGNAL, NULL, 0) = 108
2023-05-18T12:41:09.109046983Z 12:41:09.108824 recvfrom(8, ";\31\201\203\0\1\0\0\0\1\0\0\rflux-sample-0\fflux-"..., 1024, 0, {sa_family=AF_INET, sin_port=htons(53), sin_addr=inet_addr("169.254.169.254")}, [28->16]) = 204
2023-05-18T12:41:09.109188270Z 12:41:09.109041 socket(AF_INET, SOCK_DGRAM|SOCK_CLOEXEC|SOCK_NONBLOCK, IPPROTO_IP) = 8
2023-05-18T12:41:09.109276003Z 12:41:09.109157 connect(8, {sa_family=AF_INET, sin_port=htons(53), sin_addr=inet_addr("169.254.169.254")}, 16) = 0
2023-05-18T12:41:09.109481826Z 12:41:09.109286 sendto(8, "Z\35\1\0\0\1\0\0\0\0\0\0\rflux-sample-0\fflux-"..., 94, MSG_NOSIGNAL, NULL, 0) = 94
2023-05-18T12:41:09.112926059Z 12:41:09.112558 recvfrom(8, "Z\35\201\203\0\1\0\0\0\1\0\0\rflux-sample-0\fflux-"..., 1024, 0, {sa_family=AF_INET, sin_port=htons(53), sin_addr=inet_addr("169.254.169.254")}, [28->16]) = 190
2023-05-18T12:41:09.113199798Z 12:41:09.112978 socket(AF_INET, SOCK_DGRAM|SOCK_CLOEXEC|SOCK_NONBLOCK, IPPROTO_IP) = 8
2023-05-18T12:41:09.113449834Z 12:41:09.113224 connect(8, {sa_family=AF_INET, sin_port=htons(53), sin_addr=inet_addr("169.254.169.254")}, 16) = 0
2023-05-18T12:41:09.113757949Z 12:41:09.113466 sendto(8, "\333 \1\0\0\1\0\0\0\0\0\0\rflux-sample-0\fflux-"..., 90, MSG_NOSIGNAL, NULL, 0) = 90
2023-05-18T12:41:09.117361682Z 12:41:09.116866 recvfrom(8, "\333 \201\203\0\1\0\0\0\1\0\0\rflux-sample-0\fflux-"..., 1024, 0, {sa_family=AF_INET, sin_port=htons(53), sin_addr=inet_addr("169.254.169.254")}, [28->16]) = 186
2023-05-18T12:41:09.117772266Z 12:41:09.117543 socket(AF_INET, SOCK_DGRAM|SOCK_CLOEXEC|SOCK_NONBLOCK, IPPROTO_IP) = 8
2023-05-18T12:41:09.117887953Z 12:41:09.117692 connect(8, {sa_family=AF_INET, sin_port=htons(53), sin_addr=inet_addr("169.254.169.254")}, 16) = 0
2023-05-18T12:41:09.118550542Z 12:41:09.117882 sendto(8, "^D\1\0\0\1\0\0\0\0\0\0\rflux-sample-0\fflux-"..., 111, MSG_NOSIGNAL, NULL, 0) = 111
2023-05-18T12:41:09.123540240Z 12:41:09.123353 recvfrom(8, "^D\201\203\0\1\0\0\0\1\0\0\rflux-sample-0\fflux-"..., 1024, 0, {sa_family=AF_INET, sin_port=htons(53), sin_addr=inet_addr("169.254.169.254")}, [28->16]) = 205
2023-05-18T12:41:09.123989246Z 12:41:09.123798 socket(AF_INET, SOCK_DGRAM|SOCK_CLOEXEC|SOCK_NONBLOCK, IPPROTO_IP) = 8
2023-05-18T12:41:09.124262362Z 12:41:09.124006 connect(8, {sa_family=AF_INET, sin_port=htons(53), sin_addr=inet_addr("169.254.169.254")}, 16) = 0
2023-05-18T12:41:09.124643436Z 12:41:09.124327 sendto(8, "<e\1\0\0\1\0\0\0\0\0\0\rflux-sample-0\fflux-"..., 97, MSG_NOSIGNAL, NULL, 0) = 97
2023-05-18T12:41:09.130582971Z 12:41:09.130129 recvfrom(8, "<e\201\203\0\1\0\0\0\1\0\0\rflux-sample-0\fflux-"..., 1024, 0, {sa_family=AF_INET, sin_port=htons(53), sin_addr=inet_addr("169.254.169.254")}, [28->16]) = 186
2023-05-18T12:41:09.130777486Z 12:41:09.130625 socket(AF_INET, SOCK_DGRAM|SOCK_CLOEXEC|SOCK_NONBLOCK, IPPROTO_IP) = 8
2023-05-18T12:41:09.130973356Z 12:41:09.130715 connect(8, {sa_family=AF_INET, sin_port=htons(53), sin_addr=inet_addr("169.254.169.254")}, 16) = 0
2023-05-18T12:41:09.131248063Z 12:41:09.131001 sendto(8, "\210\10\1\0\0\1\0\0\0\0\0\0\rflux-sample-0\fflux-"..., 92, MSG_NOSIGNAL, NULL, 0) = 92
2023-05-18T12:41:09.136864362Z 12:41:09.136565 recvfrom(8, "\210\10\201\203\0\1\0\0\0\1\0\0\rflux-sample-0\fflux-"..., 1024, 0, {sa_family=AF_INET, sin_port=htons(53), sin_addr=inet_addr("169.254.169.254")}, [28->16]) = 181
2023-05-18T12:41:09.137084085Z broker.err[2]: Warning: unable to resolve upstream peer flux-sample-0.flux-service.flux-operator.svc.cluster.local: Name or service not known
2023-05-18T12:41:09.142537161Z broker.info[2]: start: none->join 1.80044ms
2023-05-18T12:41:09.732484059Z broker.info[2]: parent-ready: join->init 0.589816s
2023-05-18T12:41:09.732984185Z 12:41:09.732649 socketpair(AF_UNIX, SOCK_STREAM|SOCK_CLOEXEC, 0, [22, 23]) = 0
2023-05-18T12:41:09.733006978Z 12:41:09.732780 socketpair(AF_UNIX, SOCK_STREAM, 0, [24, 25]) = 0
2023-05-18T12:41:09.733296035Z 12:41:09.733070 socketpair(AF_UNIX, SOCK_STREAM, 0, [26, 27]) = 0
2023-05-18T12:41:09.733604040Z 12:41:09.733247 socketpair(AF_UNIX, SOCK_STREAM, 0, [28, 29]) = 0
2023-05-18T12:41:09.759345131Z broker.info[2]: configuration updated
2023-05-18T12:41:09.889552670Z broker.info[2]: rc1.0: running /etc/flux/rc1.d/01-sched-fluxion
2023-05-18T12:41:09.908603702Z broker.info[2]: rc1.0: running /etc/flux/rc1.d/02-cron
2023-05-18T12:41:09.937314121Z broker.info[2]: rc1.0: /etc/flux/rc1 Exited (rc=0) 0.2s
2023-05-18T12:41:09.938484193Z broker.info[2]: rc1-success: init->quorum 0.205719s
2023-05-18T12:41:10.987269331Z broker.info[2]: quorum-full: quorum->run 1.04819s
2023-05-18T12:41:22.510314854Z broker.info[2]: shutdown: run->cleanup 11.5223s
2023-05-18T12:41:22.512020497Z broker.info[2]: cleanup-none: cleanup->shutdown 1.62328ms
2023-05-18T12:41:22.513513823Z broker.info[2]: children-none: shutdown->finalize 1.15583ms
2023-05-18T12:41:22.514797305Z 12:41:22.513636 socketpair(AF_UNIX, SOCK_STREAM|SOCK_CLOEXEC, 0, [22, 23]) = 0
2023-05-18T12:41:22.514906085Z 12:41:22.513794 socketpair(AF_UNIX, SOCK_STREAM, 0, [24, 25]) = 0
2023-05-18T12:41:22.514969432Z 12:41:22.514035 socketpair(AF_UNIX, SOCK_STREAM, 0, [26, 28]) = 0
2023-05-18T12:41:22.514981469Z 12:41:22.514243 socketpair(AF_UNIX, SOCK_STREAM, 0, [58, 59]) = 0
2023-05-18T12:41:22.532504405Z broker.info[2]: rc3.0: running /etc/flux/rc3.d/01-sched-fluxion
2023-05-18T12:41:22.664648666Z broker.info[2]: rc3.0: /etc/flux/rc3 Exited (rc=0) 0.1s
2023-05-18T12:41:22.665791346Z broker.info[2]: rc3-success: finalize->goodbye 0.151996s
2023-05-18T12:41:22.667335036Z broker.info[2]: goodbye: goodbye->exit 1.01318ms
2023-05-18T12:41:22.675546449Z 12:41:22.675325 +++ exited with 0 +++
2023-05-18T12:41:22.676939529Z Return value for follower worker is 0
2023-05-18T12:41:22.676995309Z The follower worker exited cleanly. Goodbye!
