2023-05-18T13:06:59.813146558Z
2023-05-18T13:06:59.813206646Z Flux username: flux
2023-05-18T13:06:59.813214027Z
2023-05-18T13:06:59.813219256Z Flux install root: /usr
2023-05-18T13:06:59.863478243Z flux user is already added.
2023-05-18T13:06:59.867272541Z flux user identifiers:
2023-05-18T13:06:59.867305113Z uid=1234(flux) gid=1234(flux) groups=1234(flux)
2023-05-18T13:06:59.867407775Z
2023-05-18T13:06:59.867428073Z As Flux prefix for flux commands: sudo -u flux -E PYTHONPATH=/opt/conda/lib/python3.10/site-packages -E PATH=/opt/conda/bin:/usr/local/sbin:/usr/local/bin:/usr/sbin:/usr/bin:/sbin:/bin -E LD_LIBRARY_PATH=/opt/conda/lib -E HOME=/home/flux
2023-05-18T13:06:59.875641853Z
2023-05-18T13:06:59.875725254Z ðŸ‘‹ Hello, I'm flux-sample-3
2023-05-18T13:06:59.875877415Z The main host is flux-sample-0
2023-05-18T13:06:59.875887766Z The working directory is /home/flux/examples/reaxff/HNS, contents include:
2023-05-18T13:06:59.877929149Z /home/flux/examples/reaxff/HNS:
2023-05-18T13:06:59.877961138Z README.txt	ffield.reax.hns  log.8Mar18.reaxc.hns.g++.1
2023-05-18T13:06:59.877967095Z data.hns-equil	in.reaxc.hns	 log.8Mar18.reaxc.hns.g++.4
2023-05-18T13:06:59.878206010Z End of file listing, if you see nothing above there are no files.
2023-05-18T13:06:59.880316188Z flux R encode --hosts=flux-sample-[0-3]
2023-05-18T13:06:59.897849897Z
2023-05-18T13:06:59.897892932Z ðŸ“¦ Resources
2023-05-18T13:06:59.900455172Z {"version": 1, "execution": {"R_lite": [{"rank": "0-3", "children": {"core": "0"}}], "starttime": 0.0, "expiration": 0.0, "nodelist": ["flux-sample-[0-3]"]}}
2023-05-18T13:06:59.900800540Z
2023-05-18T13:06:59.900822271Z ðŸ¸ Diagnostics: false
2023-05-18T13:06:59.901106852Z ðŸš©ï¸ Flux Option Flags defined
2023-05-18T13:06:59.905797971Z
2023-05-18T13:06:59.905826342Z ðŸ¦Š Independent Minister of Privilege
2023-05-18T13:06:59.907433277Z [exec]
2023-05-18T13:06:59.907465961Z allowed-users = [ "flux", "root" ]
2023-05-18T13:06:59.907473061Z allowed-shells = [ "/usr/libexec/flux/flux-shell" ]
2023-05-18T13:06:59.907645976Z
2023-05-18T13:06:59.907720833Z ðŸ¸ Broker Configuration
2023-05-18T13:06:59.909056397Z # Flux needs to know the path to the IMP executable
2023-05-18T13:06:59.909075890Z [exec]
2023-05-18T13:06:59.909081802Z imp = "/usr/libexec/flux/flux-imp"
2023-05-18T13:06:59.909086680Z
2023-05-18T13:06:59.909091454Z [access]
2023-05-18T13:06:59.909096640Z allow-guest-user = true
2023-05-18T13:06:59.909101734Z allow-root-owner = true
2023-05-18T13:06:59.909108764Z
2023-05-18T13:06:59.909115289Z # Point to resource definition generated with flux-R(1).
2023-05-18T13:06:59.909121561Z [resource]
2023-05-18T13:06:59.909127060Z path = "/etc/flux/system/R"
2023-05-18T13:06:59.909131825Z
2023-05-18T13:06:59.909136549Z [bootstrap]
2023-05-18T13:06:59.909141610Z curve_cert = "/etc/curve/curve.cert"
2023-05-18T13:06:59.909146511Z default_port = 8050
2023-05-18T13:06:59.909153487Z default_bind = "tcp://eth0:%p"
2023-05-18T13:06:59.909160027Z default_connect = "tcp://%h.flux-service.flux-operator.svc.cluster.local:%p"
2023-05-18T13:06:59.909164824Z hosts = [
2023-05-18T13:06:59.909169944Z 	{ host="flux-sample-[0-3]"},
2023-05-18T13:06:59.909174704Z ]
2023-05-18T13:06:59.909179119Z
2023-05-18T13:06:59.909183759Z [archive]
2023-05-18T13:06:59.909188782Z dbpath = "/var/lib/flux/job-archive.sqlite"
2023-05-18T13:06:59.909195319Z period = "1m"
2023-05-18T13:06:59.999260160Z busytimeout = "50s"
2023-05-18T13:06:59.999294114Z ðŸ§Šï¸ State Directory:
2023-05-18T13:06:59.999301548Z total 0
2023-05-18T13:06:59.999306846Z
2023-05-18T13:07:00.002594010Z
2023-05-18T13:07:00.002626857Z ðŸ”’ï¸ Working directory permissions:
2023-05-18T13:07:00.002635284Z total 96
2023-05-18T13:07:00.002642546Z -rwxrwxrwx 1 flux root  2517 May 17 22:32 README.txt
2023-05-18T13:07:00.002648546Z -rwxrwxrwx 1 flux root 54692 May 17 22:32 data.hns-equil
2023-05-18T13:07:00.002686391Z -rwxrwxrwx 1 flux root 13576 May 17 22:32 ffield.reax.hns
2023-05-18T13:07:00.002691252Z -rwxrwxrwx 1 flux root   870 May 17 22:32 in.reaxc.hns
2023-05-18T13:07:00.002696632Z -rwxrwxrwx 1 flux root  4172 May 17 22:32 log.8Mar18.reaxc.hns.g++.1
2023-05-18T13:07:00.002704156Z -rwxrwxrwx 1 flux root  4168 May 17 22:32 log.8Mar18.reaxc.hns.g++.4
2023-05-18T13:07:00.002710207Z
2023-05-18T13:07:00.002817617Z
2023-05-18T13:07:00.002836677Z âœ¨ Curve certificate generated by helper pod
2023-05-18T13:07:00.004810461Z #   ****  Generated on 2023-04-26 22:54:42 by CZMQ  ****
2023-05-18T13:07:00.004836250Z #   ZeroMQ CURVE **Secret** Certificate
2023-05-18T13:07:00.004842880Z #   DO NOT PROVIDE THIS FILE TO OTHER USERS nor change its permissions.
2023-05-18T13:07:00.004848063Z
2023-05-18T13:07:00.004852749Z metadata
2023-05-18T13:07:00.004858628Z     name = "flux-cert-generator"
2023-05-18T13:07:00.004863794Z     keygen.hostname = "flux-sample-0"
2023-05-18T13:07:00.004870755Z curve
2023-05-18T13:07:00.004877196Z     public-key = "b+%-LIiIplx]U)++Ai03wBoS!Gx&^z)G?.QG0fXB"
2023-05-18T13:07:00.004882627Z     secret-key = "WLlC2EPV5tiVUXlHv9{GJiO]^A)eRk98sVL?G4@A"
2023-05-18T13:07:00.007472831Z
2023-05-18T13:07:00.007504675Z ðŸŒ€  flux start --wrap=strace,-e,network,-tt -o --config /etc/flux/config -Scron.directory=/etc/flux/system/cron.d   -Stbon.fanout=256   -Srundir=/run/flux    -Sstatedir=/var/lib/flux   -Slocal-uri=local:///run/flux/local -Stbon.connect_timeout=7s  -Stbon.zmqdebug=1  -Slog-stderr-level=6    -Slog-stderr-mode=local
2023-05-18T13:07:00.054340216Z 13:07:00.054030 socket(AF_NETLINK, SOCK_RAW, NETLINK_ROUTE) = 8
2023-05-18T13:07:00.054526948Z 13:07:00.054236 bind(8, {sa_family=AF_NETLINK, nl_pid=0, nl_groups=00000000}, 12) = 0
2023-05-18T13:07:00.054632118Z 13:07:00.054474 getsockname(8, {sa_family=AF_NETLINK, nl_pid=71, nl_groups=00000000}, [12]) = 0
2023-05-18T13:07:00.055095237Z 13:07:00.054633 sendto(8, {{len=20, type=RTM_GETADDR, flags=NLM_F_REQUEST|NLM_F_DUMP, seq=1684415220, pid=0}, {ifa_family=AF_UNSPEC, ...}}, 20, 0, {sa_family=AF_NETLINK, nl_pid=0, nl_groups=00000000}, 12) = 20
2023-05-18T13:07:00.055415745Z 13:07:00.054932 recvmsg(8, {msg_name={sa_family=AF_NETLINK, nl_pid=0, nl_groups=00000000}, msg_namelen=12, msg_iov=[{iov_base=[{{len=76, type=RTM_NEWADDR, flags=NLM_F_MULTI, seq=1684415220, pid=71}, {ifa_family=AF_INET, ifa_prefixlen=8, ifa_flags=IFA_F_PERMANENT, ifa_scope=RT_SCOPE_HOST, ifa_index=if_nametoindex("lo")}, [{{nla_len=8, nla_type=IFA_ADDRESS}, 127.0.0.1}, {{nla_len=8, nla_type=IFA_LOCAL}, 127.0.0.1}, {{nla_len=7, nla_type=IFA_LABEL}, "lo"}, {{nla_len=8, nla_type=IFA_FLAGS}, IFA_F_PERMANENT}, {{nla_len=20, nla_type=IFA_CACHEINFO}, {ifa_prefered=4294967295, ifa_valid=4294967295, cstamp=2096261, tstamp=2096261}}]}, {{len=88, type=RTM_NEWADDR, flags=NLM_F_MULTI, seq=1684415220, pid=71}, {ifa_family=AF_INET, ifa_prefixlen=24, ifa_flags=IFA_F_PERMANENT, ifa_scope=RT_SCOPE_UNIVERSE, ifa_index=if_nametoindex("eth0")}, [{{nla_len=8, nla_type=IFA_ADDRESS}, 10.24.2.236}, {{nla_len=8, nla_type=IFA_LOCAL}, 10.24.2.236}, {{nla_len=8, nla_type=IFA_BROADCAST}, 10.24.2.255}, {{nla_len=9, nla_type=IFA_LABEL}, "eth0"}, {{nla_len=8, nla_type=IFA_FLAGS}, IFA_F_PERMANENT}, {{nla_len=20, nla_type=IFA_CACHEINFO}, {ifa_prefered=4294967295, ifa_valid=4294967295, cstamp=2096264, tstamp=2096264}}]}], iov_len=4096}], msg_iovlen=1, msg_controllen=0, msg_flags=0}, 0) = 164
2023-05-18T13:07:00.055552245Z 13:07:00.055305 recvmsg(8, {msg_name={sa_family=AF_NETLINK, nl_pid=0, nl_groups=00000000}, msg_namelen=12, msg_iov=[{iov_base={{len=20, type=NLMSG_DONE, flags=NLM_F_MULTI, seq=1684415220, pid=71}, 0}, iov_len=4096}], msg_iovlen=1, msg_controllen=0, msg_flags=0}, 0) = 20
2023-05-18T13:07:00.056269149Z 13:07:00.056059 socket(AF_UNIX, SOCK_STREAM|SOCK_CLOEXEC|SOCK_NONBLOCK, 0) = 8
2023-05-18T13:07:00.056479629Z 13:07:00.056322 connect(8, {sa_family=AF_UNIX, sun_path="/var/run/nscd/socket"}, 110) = -1 ENOENT (No such file or directory)
2023-05-18T13:07:00.056750870Z 13:07:00.056597 socket(AF_UNIX, SOCK_STREAM|SOCK_CLOEXEC|SOCK_NONBLOCK, 0) = 8
2023-05-18T13:07:00.056901815Z 13:07:00.056705 connect(8, {sa_family=AF_UNIX, sun_path="/var/run/nscd/socket"}, 110) = -1 ENOENT (No such file or directory)
2023-05-18T13:07:00.059700388Z 13:07:00.059351 socket(AF_INET, SOCK_DGRAM|SOCK_CLOEXEC|SOCK_NONBLOCK, IPPROTO_IP) = 8
2023-05-18T13:07:00.060172295Z 13:07:00.059844 connect(8, {sa_family=AF_INET, sin_port=htons(53), sin_addr=inet_addr("169.254.169.254")}, 16) = 0
2023-05-18T13:07:00.060812291Z 13:07:00.060281 sendto(8, "]\366\1\0\0\1\0\0\0\0\0\0\rflux-sample-0\fflux-"..., 76, MSG_NOSIGNAL, NULL, 0) = 76
2023-05-18T13:07:00.065125406Z 13:07:00.064698 recvfrom(8, "]\366\201\200\0\1\0\1\0\0\0\0\rflux-sample-0\fflux-"..., 1024, 0, {sa_family=AF_INET, sin_port=htons(53), sin_addr=inet_addr("169.254.169.254")}, [28->16]) = 92
2023-05-18T13:07:00.072302736Z broker.info[3]: start: none->join 2.9888ms
2023-05-18T13:07:07.207733312Z broker.info[3]: parent-ready: join->init 7.13529s
2023-05-18T13:07:07.208203521Z 13:07:07.207731 socketpair(AF_UNIX, SOCK_STREAM|SOCK_CLOEXEC, 0, [22, 23]) = 0
2023-05-18T13:07:07.208378943Z 13:07:07.208158 socketpair(AF_UNIX, SOCK_STREAM, 0, [24, 25]) = 0
2023-05-18T13:07:07.208623585Z 13:07:07.208387 socketpair(AF_UNIX, SOCK_STREAM, 0, [26, 27]) = 0
2023-05-18T13:07:07.208919664Z 13:07:07.208627 socketpair(AF_UNIX, SOCK_STREAM, 0, [28, 29]) = 0
2023-05-18T13:07:07.236547277Z broker.info[3]: configuration updated
2023-05-18T13:07:07.376160730Z broker.info[3]: rc1.0: running /etc/flux/rc1.d/01-sched-fluxion
2023-05-18T13:07:07.389689176Z broker.info[3]: rc1.0: running /etc/flux/rc1.d/02-cron
2023-05-18T13:07:07.414646053Z broker.info[3]: rc1.0: /etc/flux/rc1 Exited (rc=0) 0.2s
2023-05-18T13:07:07.415414445Z broker.info[3]: rc1-success: init->quorum 0.207439s
2023-05-18T13:07:07.632018840Z broker.info[3]: quorum-full: quorum->run 0.216538s
2023-05-18T13:07:08.259722397Z 13:07:08.259289 socketpair(AF_UNIX, SOCK_STREAM|SOCK_CLOEXEC, 0, [22, 23]) = 0
2023-05-18T13:07:08.259778650Z 13:07:08.259509 socketpair(AF_UNIX, SOCK_STREAM, 0, [24, 25]) = 0
2023-05-18T13:07:08.260035687Z 13:07:08.259807 socketpair(AF_UNIX, SOCK_STREAM, 0, [26, 28]) = 0
2023-05-18T13:07:08.260303741Z 13:07:08.260122 socketpair(AF_UNIX, SOCK_STREAM, 0, [58, 59]) = 0
2023-05-18T13:07:19.649803775Z broker.info[3]: shutdown: run->cleanup 12.0159s
2023-05-18T13:07:19.652392602Z broker.info[3]: cleanup-none: cleanup->shutdown 2.69024ms
2023-05-18T13:07:19.654997976Z broker.info[3]: children-none: shutdown->finalize 2.08277ms
2023-05-18T13:07:19.655406667Z 13:07:19.655117 socketpair(AF_UNIX, SOCK_STREAM|SOCK_CLOEXEC, 0, [22, 23]) = 0
2023-05-18T13:07:19.656495522Z 13:07:19.655907 socketpair(AF_UNIX, SOCK_STREAM, 0, [24, 25]) = 0
2023-05-18T13:07:19.656711426Z 13:07:19.656274 socketpair(AF_UNIX, SOCK_STREAM, 0, [26, 28]) = 0
2023-05-18T13:07:19.657404194Z 13:07:19.656938 socketpair(AF_UNIX, SOCK_STREAM, 0, [58, 59]) = 0
2023-05-18T13:07:19.677821991Z broker.info[3]: rc3.0: running /etc/flux/rc3.d/01-sched-fluxion
2023-05-18T13:07:19.824938907Z broker.info[3]: rc3.0: /etc/flux/rc3 Exited (rc=0) 0.2s
2023-05-18T13:07:19.826395016Z broker.info[3]: rc3-success: finalize->goodbye 0.171098s
2023-05-18T13:07:19.828419551Z broker.info[3]: goodbye: goodbye->exit 0.976115ms
2023-05-18T13:07:19.848813521Z 13:07:19.848450 +++ exited with 0 +++
2023-05-18T13:07:19.850510936Z Return value for follower worker is 0
2023-05-18T13:07:19.850548883Z The follower worker exited cleanly. Goodbye!
