2023-05-18T13:37:42.913988923Z
2023-05-18T13:37:42.914044402Z Flux username: flux
2023-05-18T13:37:42.914069543Z
2023-05-18T13:37:42.914076372Z Flux install root: /usr
2023-05-18T13:37:42.963151910Z flux user is already added.
2023-05-18T13:37:42.967627110Z flux user identifiers:
2023-05-18T13:37:42.967657718Z uid=1234(flux) gid=1234(flux) groups=1234(flux)
2023-05-18T13:37:42.967666080Z
2023-05-18T13:37:42.967673050Z As Flux prefix for flux commands: sudo -u flux -E PYTHONPATH=/opt/conda/lib/python3.10/site-packages -E PATH=/opt/conda/bin:/usr/local/sbin:/usr/local/bin:/usr/sbin:/usr/bin:/sbin:/bin -E LD_LIBRARY_PATH=/opt/conda/lib -E HOME=/home/flux
2023-05-18T13:37:42.976244700Z
2023-05-18T13:37:42.976278676Z 👋 Hello, I'm flux-sample-2
2023-05-18T13:37:42.976284770Z The main host is flux-sample-0
2023-05-18T13:37:42.976290770Z The working directory is /home/flux/examples/reaxff/HNS, contents include:
2023-05-18T13:37:42.978120034Z /home/flux/examples/reaxff/HNS:
2023-05-18T13:37:42.978142088Z README.txt	ffield.reax.hns  log.8Mar18.reaxc.hns.g++.1
2023-05-18T13:37:42.978147850Z data.hns-equil	in.reaxc.hns	 log.8Mar18.reaxc.hns.g++.4
2023-05-18T13:37:42.978707699Z End of file listing, if you see nothing above there are no files.
2023-05-18T13:37:42.981029443Z flux R encode --hosts=flux-sample-[0-3]
2023-05-18T13:37:42.998159558Z
2023-05-18T13:37:42.998189039Z 📦 Resources
2023-05-18T13:37:42.999318659Z {"version": 1, "execution": {"R_lite": [{"rank": "0-3", "children": {"core": "0"}}], "starttime": 0.0, "expiration": 0.0, "nodelist": ["flux-sample-[0-3]"]}}
2023-05-18T13:37:43.000120252Z
2023-05-18T13:37:43.000138476Z 🐸 Diagnostics: false
2023-05-18T13:37:43.000144636Z 🚩️ Flux Option Flags defined
2023-05-18T13:37:43.003772436Z
2023-05-18T13:37:43.003805685Z 🦊 Independent Minister of Privilege
2023-05-18T13:37:43.005295823Z [exec]
2023-05-18T13:37:43.005313753Z allowed-users = [ "flux", "root" ]
2023-05-18T13:37:43.005320328Z allowed-shells = [ "/usr/libexec/flux/flux-shell" ]
2023-05-18T13:37:43.005527409Z
2023-05-18T13:37:43.005540814Z 🐸 Broker Configuration
2023-05-18T13:37:43.007492536Z # Flux needs to know the path to the IMP executable
2023-05-18T13:37:43.007528334Z [exec]
2023-05-18T13:37:43.007534766Z imp = "/usr/libexec/flux/flux-imp"
2023-05-18T13:37:43.007539722Z
2023-05-18T13:37:43.007544514Z [access]
2023-05-18T13:37:43.007549761Z allow-guest-user = true
2023-05-18T13:37:43.007554653Z allow-root-owner = true
2023-05-18T13:37:43.007560669Z
2023-05-18T13:37:43.007567135Z # Point to resource definition generated with flux-R(1).
2023-05-18T13:37:43.007572573Z [resource]
2023-05-18T13:37:43.007578305Z path = "/etc/flux/system/R"
2023-05-18T13:37:43.007583290Z
2023-05-18T13:37:43.007588033Z [bootstrap]
2023-05-18T13:37:43.007593013Z curve_cert = "/etc/curve/curve.cert"
2023-05-18T13:37:43.007597797Z default_port = 8050
2023-05-18T13:37:43.007604818Z default_bind = "tcp://eth0:%p"
2023-05-18T13:37:43.007611171Z default_connect = "tcp://%h.flux-service.flux-operator.svc.cluster.local:%p"
2023-05-18T13:37:43.007616023Z hosts = [
2023-05-18T13:37:43.007620757Z 	{ host="flux-sample-[0-3]"},
2023-05-18T13:37:43.007625558Z ]
2023-05-18T13:37:43.007629934Z
2023-05-18T13:37:43.007634481Z [archive]
2023-05-18T13:37:43.007639231Z dbpath = "/var/lib/flux/job-archive.sqlite"
2023-05-18T13:37:43.007646134Z period = "1m"
2023-05-18T13:37:43.104526847Z busytimeout = "50s"
2023-05-18T13:37:43.104555930Z 🧊️ State Directory:
2023-05-18T13:37:43.104593289Z total 0
2023-05-18T13:37:43.104598733Z
2023-05-18T13:37:43.107676213Z
2023-05-18T13:37:43.107737736Z 🔒️ Working directory permissions:
2023-05-18T13:37:43.107748486Z total 96
2023-05-18T13:37:43.107754982Z -rwxrwxrwx 1 flux root  2517 May 17 22:32 README.txt
2023-05-18T13:37:43.107760136Z -rwxrwxrwx 1 flux root 54692 May 17 22:32 data.hns-equil
2023-05-18T13:37:43.107765380Z -rwxrwxrwx 1 flux root 13576 May 17 22:32 ffield.reax.hns
2023-05-18T13:37:43.107772520Z -rwxrwxrwx 1 flux root   870 May 17 22:32 in.reaxc.hns
2023-05-18T13:37:43.107779097Z -rwxrwxrwx 1 flux root  4172 May 17 22:32 log.8Mar18.reaxc.hns.g++.1
2023-05-18T13:37:43.107913645Z -rwxrwxrwx 1 flux root  4168 May 17 22:32 log.8Mar18.reaxc.hns.g++.4
2023-05-18T13:37:43.107922367Z
2023-05-18T13:37:43.107927513Z
2023-05-18T13:37:43.107933095Z ✨ Curve certificate generated by helper pod
2023-05-18T13:37:43.109443529Z #   ****  Generated on 2023-04-26 22:54:42 by CZMQ  ****
2023-05-18T13:37:43.109461151Z #   ZeroMQ CURVE **Secret** Certificate
2023-05-18T13:37:43.109467277Z #   DO NOT PROVIDE THIS FILE TO OTHER USERS nor change its permissions.
2023-05-18T13:37:43.109472266Z
2023-05-18T13:37:43.109499225Z metadata
2023-05-18T13:37:43.109506796Z     name = "flux-cert-generator"
2023-05-18T13:37:43.109513526Z     keygen.hostname = "flux-sample-0"
2023-05-18T13:37:43.109519033Z curve
2023-05-18T13:37:43.109524878Z     public-key = ":/9dXb+lhrtZV?g?2H)&Qtal)^&bM9qhwRGVRnd!"
2023-05-18T13:37:43.109529647Z     secret-key = ":<Mm[vRXbmR)0gLWjwR^Grv.J)&owT4U81[}#@FB"
2023-05-18T13:37:43.111916368Z
2023-05-18T13:37:43.111939029Z 🌀  flux start --wrap=strace,-e,network,-tt -o --config /etc/flux/config -Scron.directory=/etc/flux/system/cron.d   -Stbon.fanout=256   -Srundir=/run/flux    -Sstatedir=/var/lib/flux   -Slocal-uri=local:///run/flux/local   -Stbon.zmqdebug=1  -Slog-stderr-level=6    -Slog-stderr-mode=local
2023-05-18T13:37:43.165043384Z 13:37:43.164652 socket(AF_NETLINK, SOCK_RAW, NETLINK_ROUTE) = 8
2023-05-18T13:37:43.165112176Z 13:37:43.164774 bind(8, {sa_family=AF_NETLINK, nl_pid=0, nl_groups=00000000}, 12) = 0
2023-05-18T13:37:43.165119484Z 13:37:43.164868 getsockname(8, {sa_family=AF_NETLINK, nl_pid=70, nl_groups=00000000}, [12]) = 0
2023-05-18T13:37:43.165357951Z 13:37:43.164946 sendto(8, {{len=20, type=RTM_GETADDR, flags=NLM_F_REQUEST|NLM_F_DUMP, seq=1684417063, pid=0}, {ifa_family=AF_UNSPEC, ...}}, 20, 0, {sa_family=AF_NETLINK, nl_pid=0, nl_groups=00000000}, 12) = 20
2023-05-18T13:37:43.165750321Z 13:37:43.165248 recvmsg(8, {msg_name={sa_family=AF_NETLINK, nl_pid=0, nl_groups=00000000}, msg_namelen=12, msg_iov=[{iov_base=[{{len=76, type=RTM_NEWADDR, flags=NLM_F_MULTI, seq=1684417063, pid=70}, {ifa_family=AF_INET, ifa_prefixlen=8, ifa_flags=IFA_F_PERMANENT, ifa_scope=RT_SCOPE_HOST, ifa_index=if_nametoindex("lo")}, [{{nla_len=8, nla_type=IFA_ADDRESS}, 127.0.0.1}, {{nla_len=8, nla_type=IFA_LOCAL}, 127.0.0.1}, {{nla_len=7, nla_type=IFA_LABEL}, "lo"}, {{nla_len=8, nla_type=IFA_FLAGS}, IFA_F_PERMANENT}, {{nla_len=20, nla_type=IFA_CACHEINFO}, {ifa_prefered=4294967295, ifa_valid=4294967295, cstamp=2280541, tstamp=2280541}}]}, {{len=88, type=RTM_NEWADDR, flags=NLM_F_MULTI, seq=1684417063, pid=70}, {ifa_family=AF_INET, ifa_prefixlen=24, ifa_flags=IFA_F_PERMANENT, ifa_scope=RT_SCOPE_UNIVERSE, ifa_index=if_nametoindex("eth0")}, [{{nla_len=8, nla_type=IFA_ADDRESS}, 10.24.3.190}, {{nla_len=8, nla_type=IFA_LOCAL}, 10.24.3.190}, {{nla_len=8, nla_type=IFA_BROADCAST}, 10.24.3.255}, {{nla_len=9, nla_type=IFA_LABEL}, "eth0"}, {{nla_len=8, nla_type=IFA_FLAGS}, IFA_F_PERMANENT}, {{nla_len=20, nla_type=IFA_CACHEINFO}, {ifa_prefered=4294967295, ifa_valid=4294967295, cstamp=2280544, tstamp=2280544}}]}], iov_len=4096}], msg_iovlen=1, msg_controllen=0, msg_flags=0}, 0) = 164
2023-05-18T13:37:43.165783012Z 13:37:43.165578 recvmsg(8, {msg_name={sa_family=AF_NETLINK, nl_pid=0, nl_groups=00000000}, msg_namelen=12, msg_iov=[{iov_base={{len=20, type=NLMSG_DONE, flags=NLM_F_MULTI, seq=1684417063, pid=70}, 0}, iov_len=4096}], msg_iovlen=1, msg_controllen=0, msg_flags=0}, 0) = 20
2023-05-18T13:37:43.166620134Z 13:37:43.166267 socket(AF_UNIX, SOCK_STREAM|SOCK_CLOEXEC|SOCK_NONBLOCK, 0) = 8
2023-05-18T13:37:43.166739344Z 13:37:43.166359 connect(8, {sa_family=AF_UNIX, sun_path="/var/run/nscd/socket"}, 110) = -1 ENOENT (No such file or directory)
2023-05-18T13:37:43.166758071Z 13:37:43.166482 socket(AF_UNIX, SOCK_STREAM|SOCK_CLOEXEC|SOCK_NONBLOCK, 0) = 8
2023-05-18T13:37:43.166764103Z 13:37:43.166598 connect(8, {sa_family=AF_UNIX, sun_path="/var/run/nscd/socket"}, 110) = -1 ENOENT (No such file or directory)
2023-05-18T13:37:43.168011818Z 13:37:43.167766 socket(AF_INET, SOCK_DGRAM|SOCK_CLOEXEC|SOCK_NONBLOCK, IPPROTO_IP) = 8
2023-05-18T13:37:43.168031742Z 13:37:43.167868 connect(8, {sa_family=AF_INET, sin_port=htons(53), sin_addr=inet_addr("169.254.169.254")}, 16) = 0
2023-05-18T13:37:43.168452332Z 13:37:43.168021 sendto(8, "v\361\1\0\0\1\0\0\0\0\0\0\rflux-sample-0\fflux-"..., 76, MSG_NOSIGNAL, NULL, 0) = 76
2023-05-18T13:37:43.172212793Z 13:37:43.171940 recvfrom(8, "v\361\201\200\0\1\0\1\0\0\0\0\rflux-sample-0\fflux-"..., 1024, 0, {sa_family=AF_INET, sin_port=htons(53), sin_addr=inet_addr("169.254.169.254")}, [28->16]) = 92
2023-05-18T13:37:43.176966499Z broker.info[2]: start: none->join 2.08373ms
2023-05-18T13:37:43.189317006Z broker.info[2]: parent-ready: join->init 12.2152ms
2023-05-18T13:37:43.189640515Z 13:37:43.189356 socketpair(AF_UNIX, SOCK_STREAM|SOCK_CLOEXEC, 0, [22, 23]) = 0
2023-05-18T13:37:43.189794924Z 13:37:43.189596 socketpair(AF_UNIX, SOCK_STREAM, 0, [24, 25]) = 0
2023-05-18T13:37:43.190031080Z 13:37:43.189902 socketpair(AF_UNIX, SOCK_STREAM, 0, [26, 27]) = 0
2023-05-18T13:37:43.190279345Z 13:37:43.190133 socketpair(AF_UNIX, SOCK_STREAM, 0, [28, 29]) = 0
2023-05-18T13:37:43.218245015Z broker.info[2]: configuration updated
2023-05-18T13:37:43.352487779Z broker.info[2]: rc1.0: running /etc/flux/rc1.d/01-sched-fluxion
2023-05-18T13:37:43.367238460Z broker.info[2]: rc1.0: running /etc/flux/rc1.d/02-cron
2023-05-18T13:37:43.398577671Z broker.info[2]: rc1.0: /etc/flux/rc1 Exited (rc=0) 0.2s
2023-05-18T13:37:43.399442271Z broker.info[2]: rc1-success: init->quorum 0.209899s
2023-05-18T13:37:43.616733105Z broker.info[2]: quorum-full: quorum->run 0.216898s
2023-05-18T13:37:55.785397858Z broker.info[2]: shutdown: run->cleanup 12.1612s
2023-05-18T13:37:55.785446220Z broker.info[2]: cleanup-none: cleanup->shutdown 0.675342ms
2023-05-18T13:37:55.785454551Z broker.info[2]: children-none: shutdown->finalize 0.762195ms
2023-05-18T13:37:55.785461141Z 13:37:55.780571 socketpair(AF_UNIX, SOCK_STREAM|SOCK_CLOEXEC, 0, [22, 23]) = 0
2023-05-18T13:37:55.785466487Z 13:37:55.780733 socketpair(AF_UNIX, SOCK_STREAM, 0, [24, 25]) = 0
2023-05-18T13:37:55.785471642Z 13:37:55.780902 socketpair(AF_UNIX, SOCK_STREAM, 0, [26, 28]) = 0
2023-05-18T13:37:55.785476559Z 13:37:55.781088 socketpair(AF_UNIX, SOCK_STREAM, 0, [58, 59]) = 0
2023-05-18T13:37:55.814249803Z broker.info[2]: rc3.0: running /etc/flux/rc3.d/01-sched-fluxion
2023-05-18T13:37:56.034249326Z broker.info[2]: rc3.0: /etc/flux/rc3 Exited (rc=0) 0.2s
2023-05-18T13:37:56.034290438Z broker.info[2]: rc3-success: finalize->goodbye 0.249446s
2023-05-18T13:37:56.034297345Z broker.info[2]: goodbye: goodbye->exit 0.651373ms
2023-05-18T13:37:56.037700904Z 13:37:56.036933 +++ exited with 0 +++
2023-05-18T13:37:56.039239618Z Return value for follower worker is 0
2023-05-18T13:37:56.039262772Z The follower worker exited cleanly. Goodbye!
