2023-05-18T08:33:10.705863263Z
2023-05-18T08:33:10.705912805Z Flux username: flux
2023-05-18T08:33:10.705919480Z
2023-05-18T08:33:10.705925235Z Flux install root: /usr
2023-05-18T08:33:10.747404581Z flux user is already added.
2023-05-18T08:33:10.750029923Z flux user identifiers:
2023-05-18T08:33:10.750059692Z uid=1234(flux) gid=1234(flux) groups=1234(flux)
2023-05-18T08:33:10.750145339Z
2023-05-18T08:33:10.750170776Z As Flux prefix for flux commands: sudo -u flux -E PYTHONPATH=/opt/conda/lib/python3.10/site-packages -E PATH=/opt/conda/bin:/usr/local/sbin:/usr/local/bin:/usr/sbin:/usr/bin:/sbin:/bin -E LD_LIBRARY_PATH=/opt/conda/lib -E HOME=/home/flux
2023-05-18T08:33:10.758030264Z
2023-05-18T08:33:10.758051505Z ðŸ‘‹ Hello, I'm flux-sample-3
2023-05-18T08:33:10.758186319Z The main host is flux-sample-0
2023-05-18T08:33:10.758197592Z The working directory is /home/flux/examples/reaxff/HNS, contents include:
2023-05-18T08:33:10.759757522Z /home/flux/examples/reaxff/HNS:
2023-05-18T08:33:10.759843581Z README.txt	ffield.reax.hns  log.8Mar18.reaxc.hns.g++.1
2023-05-18T08:33:10.759853770Z data.hns-equil	in.reaxc.hns	 log.8Mar18.reaxc.hns.g++.4
2023-05-18T08:33:10.760123626Z End of file listing, if you see nothing above there are no files.
2023-05-18T08:33:10.761936338Z flux R encode --hosts=flux-sample-[0-3]
2023-05-18T08:33:10.775451808Z
2023-05-18T08:33:10.775473038Z ðŸ“¦ Resources
2023-05-18T08:33:10.776757941Z {"version": 1, "execution": {"R_lite": [{"rank": "0-3", "children": {"core": "0"}}], "starttime": 0.0, "expiration": 0.0, "nodelist": ["flux-sample-[0-3]"]}}
2023-05-18T08:33:10.777012424Z
2023-05-18T08:33:10.777028487Z ðŸ¸ Diagnostics: false
2023-05-18T08:33:10.777299679Z ðŸš©ï¸ Flux Option Flags defined
2023-05-18T08:33:10.781552887Z
2023-05-18T08:33:10.781570351Z ðŸ¦Š Independent Minister of Privilege
2023-05-18T08:33:10.782902666Z [exec]
2023-05-18T08:33:10.782918672Z allowed-users = [ "flux", "root" ]
2023-05-18T08:33:10.782926783Z allowed-shells = [ "/usr/libexec/flux/flux-shell" ]
2023-05-18T08:33:10.783100897Z
2023-05-18T08:33:10.783113092Z ðŸ¸ Broker Configuration
2023-05-18T08:33:10.784410303Z # Flux needs to know the path to the IMP executable
2023-05-18T08:33:10.784426371Z [exec]
2023-05-18T08:33:10.784432375Z imp = "/usr/libexec/flux/flux-imp"
2023-05-18T08:33:10.784438759Z
2023-05-18T08:33:10.784444843Z [access]
2023-05-18T08:33:10.784450233Z allow-guest-user = true
2023-05-18T08:33:10.784454675Z allow-root-owner = true
2023-05-18T08:33:10.784459411Z
2023-05-18T08:33:10.784464296Z # Point to resource definition generated with flux-R(1).
2023-05-18T08:33:10.784469106Z [resource]
2023-05-18T08:33:10.784474189Z path = "/etc/flux/system/R"
2023-05-18T08:33:10.784480726Z
2023-05-18T08:33:10.784486352Z [bootstrap]
2023-05-18T08:33:10.784491474Z curve_cert = "/etc/curve/curve.cert"
2023-05-18T08:33:10.784496758Z default_port = 8050
2023-05-18T08:33:10.784501822Z default_bind = "tcp://eth0:%p"
2023-05-18T08:33:10.784507548Z default_connect = "tcp://%h.flux-service.flux-operator.svc.cluster.local:%p"
2023-05-18T08:33:10.784512597Z hosts = [
2023-05-18T08:33:10.784517237Z 	{ host="flux-sample-[0-3]"},
2023-05-18T08:33:10.784524259Z ]
2023-05-18T08:33:10.784529508Z
2023-05-18T08:33:10.784534347Z [archive]
2023-05-18T08:33:10.784539194Z dbpath = "/var/lib/flux/job-archive.sqlite"
2023-05-18T08:33:10.784543927Z period = "1m"
2023-05-18T08:33:10.873143363Z busytimeout = "50s"
2023-05-18T08:33:10.873167205Z ðŸ§Šï¸ State Directory:
2023-05-18T08:33:10.873175492Z total 0
2023-05-18T08:33:10.873181739Z
2023-05-18T08:33:10.876550820Z
2023-05-18T08:33:10.876576001Z ðŸ”’ï¸ Working directory permissions:
2023-05-18T08:33:10.876582497Z total 96
2023-05-18T08:33:10.876589368Z -rwxrwxrwx 1 flux root  2517 May 17 22:32 README.txt
2023-05-18T08:33:10.876594682Z -rwxrwxrwx 1 flux root 54692 May 17 22:32 data.hns-equil
2023-05-18T08:33:10.876601859Z -rwxrwxrwx 1 flux root 13576 May 17 22:32 ffield.reax.hns
2023-05-18T08:33:10.876607757Z -rwxrwxrwx 1 flux root   870 May 17 22:32 in.reaxc.hns
2023-05-18T08:33:10.876614257Z -rwxrwxrwx 1 flux root  4172 May 17 22:32 log.8Mar18.reaxc.hns.g++.1
2023-05-18T08:33:10.876619407Z -rwxrwxrwx 1 flux root  4168 May 17 22:32 log.8Mar18.reaxc.hns.g++.4
2023-05-18T08:33:10.876623890Z
2023-05-18T08:33:10.876737524Z
2023-05-18T08:33:10.876750302Z âœ¨ Curve certificate generated by helper pod
2023-05-18T08:33:10.878202279Z #   ****  Generated on 2023-04-26 22:54:42 by CZMQ  ****
2023-05-18T08:33:10.878265961Z #   ZeroMQ CURVE **Secret** Certificate
2023-05-18T08:33:10.878277101Z #   DO NOT PROVIDE THIS FILE TO OTHER USERS nor change its permissions.
2023-05-18T08:33:10.878282604Z
2023-05-18T08:33:10.878287528Z metadata
2023-05-18T08:33:10.878293393Z     name = "flux-cert-generator"
2023-05-18T08:33:10.878298367Z     keygen.hostname = "flux-sample-0"
2023-05-18T08:33:10.878303234Z curve
2023-05-18T08:33:10.878310241Z     public-key = "osz$XpwFt&x)>3zc.1COq}3gQ7r!{+P(aq:ZAAqU"
2023-05-18T08:33:10.878344339Z     secret-key = "8V*!je2pxgOqP!EjM>c=fB%<wRqi$Tphp)dSF]3D"
2023-05-18T08:33:10.880101292Z
2023-05-18T08:33:10.880124201Z ðŸŒ€  flux start --wrap=strace,-e,network,-tt -o --config /etc/flux/config -Scron.directory=/etc/flux/system/cron.d   -Stbon.fanout=256   -Srundir=/run/flux    -Sstatedir=/var/lib/flux   -Slocal-uri=local:///run/flux/local -Stbon.connect_timeout=9s  -Stbon.zmqdebug=1  -Slog-stderr-level=6    -Slog-stderr-mode=local
2023-05-18T08:33:10.916108619Z 08:33:10.915906 socket(AF_NETLINK, SOCK_RAW, NETLINK_ROUTE) = 8
2023-05-18T08:33:10.916202361Z 08:33:10.916001 bind(8, {sa_family=AF_NETLINK, nl_pid=0, nl_groups=00000000}, 12) = 0
2023-05-18T08:33:10.916298446Z 08:33:10.916100 getsockname(8, {sa_family=AF_NETLINK, nl_pid=70, nl_groups=00000000}, [12]) = 0
2023-05-18T08:33:10.916581137Z 08:33:10.916287 sendto(8, {{len=20, type=RTM_GETADDR, flags=NLM_F_REQUEST|NLM_F_DUMP, seq=1684398790, pid=0}, {ifa_family=AF_UNSPEC, ...}}, 20, 0, {sa_family=AF_NETLINK, nl_pid=0, nl_groups=00000000}, 12) = 20
2023-05-18T08:33:10.916885263Z 08:33:10.916532 recvmsg(8, {msg_name={sa_family=AF_NETLINK, nl_pid=0, nl_groups=00000000}, msg_namelen=12, msg_iov=[{iov_base=[{{len=76, type=RTM_NEWADDR, flags=NLM_F_MULTI, seq=1684398790, pid=70}, {ifa_family=AF_INET, ifa_prefixlen=8, ifa_flags=IFA_F_PERMANENT, ifa_scope=RT_SCOPE_HOST, ifa_index=if_nametoindex("lo")}, [{{nla_len=8, nla_type=IFA_ADDRESS}, 127.0.0.1}, {{nla_len=8, nla_type=IFA_LOCAL}, 127.0.0.1}, {{nla_len=7, nla_type=IFA_LABEL}, "lo"}, {{nla_len=8, nla_type=IFA_FLAGS}, IFA_F_PERMANENT}, {{nla_len=20, nla_type=IFA_CACHEINFO}, {ifa_prefered=4294967295, ifa_valid=4294967295, cstamp=453594, tstamp=453594}}]}, {{len=88, type=RTM_NEWADDR, flags=NLM_F_MULTI, seq=1684398790, pid=70}, {ifa_family=AF_INET, ifa_prefixlen=24, ifa_flags=IFA_F_PERMANENT, ifa_scope=RT_SCOPE_UNIVERSE, ifa_index=if_nametoindex("eth0")}, [{{nla_len=8, nla_type=IFA_ADDRESS}, 10.24.0.187}, {{nla_len=8, nla_type=IFA_LOCAL}, 10.24.0.187}, {{nla_len=8, nla_type=IFA_BROADCAST}, 10.24.0.255}, {{nla_len=9, nla_type=IFA_LABEL}, "eth0"}, {{nla_len=8, nla_type=IFA_FLAGS}, IFA_F_PERMANENT}, {{nla_len=20, nla_type=IFA_CACHEINFO}, {ifa_prefered=4294967295, ifa_valid=4294967295, cstamp=453597, tstamp=453597}}]}], iov_len=4096}], msg_iovlen=1, msg_controllen=0, msg_flags=0}, 0) = 164
2023-05-18T08:33:10.916982582Z 08:33:10.916842 recvmsg(8, {msg_name={sa_family=AF_NETLINK, nl_pid=0, nl_groups=00000000}, msg_namelen=12, msg_iov=[{iov_base={{len=20, type=NLMSG_DONE, flags=NLM_F_MULTI, seq=1684398790, pid=70}, 0}, iov_len=4096}], msg_iovlen=1, msg_controllen=0, msg_flags=0}, 0) = 20
2023-05-18T08:33:10.917514358Z 08:33:10.917397 socket(AF_UNIX, SOCK_STREAM|SOCK_CLOEXEC|SOCK_NONBLOCK, 0) = 8
2023-05-18T08:33:10.917603396Z 08:33:10.917472 connect(8, {sa_family=AF_UNIX, sun_path="/var/run/nscd/socket"}, 110) = -1 ENOENT (No such file or directory)
2023-05-18T08:33:10.917796981Z 08:33:10.917587 socket(AF_UNIX, SOCK_STREAM|SOCK_CLOEXEC|SOCK_NONBLOCK, 0) = 8
2023-05-18T08:33:10.917808159Z 08:33:10.917652 connect(8, {sa_family=AF_UNIX, sun_path="/var/run/nscd/socket"}, 110) = -1 ENOENT (No such file or directory)
2023-05-18T08:33:10.919060821Z 08:33:10.918941 socket(AF_INET, SOCK_DGRAM|SOCK_CLOEXEC|SOCK_NONBLOCK, IPPROTO_IP) = 8
2023-05-18T08:33:10.919150124Z 08:33:10.919023 connect(8, {sa_family=AF_INET, sin_port=htons(53), sin_addr=inet_addr("169.254.169.254")}, 16) = 0
2023-05-18T08:33:10.919427929Z 08:33:10.919141 sendto(8, "X;\1\0\0\1\0\0\0\0\0\0\rflux-sample-0\fflux-"..., 76, MSG_NOSIGNAL, NULL, 0) = 76
2023-05-18T08:33:10.923175262Z 08:33:10.923006 recvfrom(8, "X;\201\200\0\1\0\1\0\0\0\0\rflux-sample-0\fflux-"..., 1024, 0, {sa_family=AF_INET, sin_port=htons(53), sin_addr=inet_addr("169.254.169.254")}, [28->16]) = 92
2023-05-18T08:33:10.927160120Z broker.info[3]: start: none->join 1.61006ms
2023-05-18T08:33:20.102285747Z broker.info[3]: parent-ready: join->init 9.17487s
2023-05-18T08:33:20.102572938Z 08:33:20.102288 socketpair(AF_UNIX, SOCK_STREAM|SOCK_CLOEXEC, 0, [22, 23]) = 0
2023-05-18T08:33:20.102798393Z 08:33:20.102411 socketpair(AF_UNIX, SOCK_STREAM, 0, [24, 25]) = 0
2023-05-18T08:33:20.103005838Z 08:33:20.102766 socketpair(AF_UNIX, SOCK_STREAM, 0, [26, 27]) = 0
2023-05-18T08:33:20.103214247Z 08:33:20.103006 socketpair(AF_UNIX, SOCK_STREAM, 0, [28, 29]) = 0
2023-05-18T08:33:20.127431552Z broker.info[3]: configuration updated
2023-05-18T08:33:20.238631644Z broker.info[3]: rc1.0: running /etc/flux/rc1.d/01-sched-fluxion
2023-05-18T08:33:20.251385775Z broker.info[3]: rc1.0: running /etc/flux/rc1.d/02-cron
2023-05-18T08:33:20.273744207Z broker.info[3]: rc1.0: /etc/flux/rc1 Exited (rc=0) 0.2s
2023-05-18T08:33:20.274715939Z broker.info[3]: rc1-success: init->quorum 0.172264s
2023-05-18T08:33:20.453356650Z broker.info[3]: quorum-full: quorum->run 0.178291s
2023-05-18T08:33:21.110593836Z 08:33:21.109004 socketpair(AF_UNIX, SOCK_STREAM|SOCK_CLOEXEC, 0, [22, 23]) = 0
2023-05-18T08:33:21.110641122Z 08:33:21.109139 socketpair(AF_UNIX, SOCK_STREAM, 0, [24, 25]) = 0
2023-05-18T08:33:21.110648862Z 08:33:21.109331 socketpair(AF_UNIX, SOCK_STREAM, 0, [26, 28]) = 0
2023-05-18T08:33:21.110655026Z 08:33:21.109513 socketpair(AF_UNIX, SOCK_STREAM, 0, [58, 59]) = 0
2023-05-18T08:33:31.148461647Z broker.info[3]: shutdown: run->cleanup 10.6946s
2023-05-18T08:33:31.150183960Z broker.info[3]: cleanup-none: cleanup->shutdown 1.44453ms
2023-05-18T08:33:31.151546265Z broker.info[3]: children-none: shutdown->finalize 0.979131ms
2023-05-18T08:33:31.152034529Z 08:33:31.151113 socketpair(AF_UNIX, SOCK_STREAM|SOCK_CLOEXEC, 0, [22, 23]) = 0
2023-05-18T08:33:31.152274204Z 08:33:31.151282 socketpair(AF_UNIX, SOCK_STREAM, 0, [24, 25]) = 0
2023-05-18T08:33:31.152400038Z 08:33:31.151542 socketpair(AF_UNIX, SOCK_STREAM, 0, [26, 28]) = 0
2023-05-18T08:33:31.152424766Z 08:33:31.151729 socketpair(AF_UNIX, SOCK_STREAM, 0, [58, 59]) = 0
2023-05-18T08:33:31.174947298Z broker.info[3]: rc3.0: running /etc/flux/rc3.d/01-sched-fluxion
2023-05-18T08:33:31.308904377Z broker.info[3]: rc3.0: /etc/flux/rc3 Exited (rc=0) 0.2s
2023-05-18T08:33:31.309358381Z broker.info[3]: rc3-success: finalize->goodbye 0.1581s
2023-05-18T08:33:31.310289034Z broker.info[3]: goodbye: goodbye->exit 0.725815ms
2023-05-18T08:33:31.316931988Z 08:33:31.316786 +++ exited with 0 +++
2023-05-18T08:33:31.318286408Z Return value for follower worker is 0
2023-05-18T08:33:31.318377424Z The follower worker exited cleanly. Goodbye!
