2023-05-18T07:44:46.602856526Z
2023-05-18T07:44:46.602912762Z Flux username: flux
2023-05-18T07:44:46.602919829Z
2023-05-18T07:44:46.602925089Z Flux install root: /usr
2023-05-18T07:44:46.651291780Z flux user is already added.
2023-05-18T07:44:46.655401202Z flux user identifiers:
2023-05-18T07:44:46.655507535Z uid=1234(flux) gid=1234(flux) groups=1234(flux)
2023-05-18T07:44:46.655641102Z
2023-05-18T07:44:46.655679334Z As Flux prefix for flux commands: sudo -u flux -E PYTHONPATH=/opt/conda/lib/python3.10/site-packages -E PATH=/opt/conda/bin:/usr/local/sbin:/usr/local/bin:/usr/sbin:/usr/bin:/sbin:/bin -E LD_LIBRARY_PATH=/opt/conda/lib -E HOME=/home/flux
2023-05-18T07:44:46.663814045Z
2023-05-18T07:44:46.663841653Z 👋 Hello, I'm flux-sample-1
2023-05-18T07:44:46.663848719Z The main host is flux-sample-0
2023-05-18T07:44:46.663854303Z The working directory is /home/flux/examples/reaxff/HNS, contents include:
2023-05-18T07:44:46.665503278Z /home/flux/examples/reaxff/HNS:
2023-05-18T07:44:46.665521071Z README.txt	ffield.reax.hns  log.8Mar18.reaxc.hns.g++.1
2023-05-18T07:44:46.665530093Z data.hns-equil	in.reaxc.hns	 log.8Mar18.reaxc.hns.g++.4
2023-05-18T07:44:46.666113909Z End of file listing, if you see nothing above there are no files.
2023-05-18T07:44:46.667988876Z flux R encode --hosts=flux-sample-[0-3]
2023-05-18T07:44:46.682006414Z
2023-05-18T07:44:46.682035120Z 📦 Resources
2023-05-18T07:44:46.683507484Z {"version": 1, "execution": {"R_lite": [{"rank": "0-3", "children": {"core": "0"}}], "starttime": 0.0, "expiration": 0.0, "nodelist": ["flux-sample-[0-3]"]}}
2023-05-18T07:44:46.683810804Z
2023-05-18T07:44:46.683826741Z 🐸 Diagnostics: false
2023-05-18T07:44:46.683970236Z 🚩️ Flux Option Flags defined
2023-05-18T07:44:46.688936869Z
2023-05-18T07:44:46.688960112Z 🦊 Independent Minister of Privilege
2023-05-18T07:44:46.690330863Z [exec]
2023-05-18T07:44:46.690348084Z allowed-users = [ "flux", "root" ]
2023-05-18T07:44:46.690354442Z allowed-shells = [ "/usr/libexec/flux/flux-shell" ]
2023-05-18T07:44:46.690490796Z
2023-05-18T07:44:46.690502586Z 🐸 Broker Configuration
2023-05-18T07:44:46.691654750Z # Flux needs to know the path to the IMP executable
2023-05-18T07:44:46.691670455Z [exec]
2023-05-18T07:44:46.691676833Z imp = "/usr/libexec/flux/flux-imp"
2023-05-18T07:44:46.691681414Z
2023-05-18T07:44:46.691686274Z [access]
2023-05-18T07:44:46.691694386Z allow-guest-user = true
2023-05-18T07:44:46.691700496Z allow-root-owner = true
2023-05-18T07:44:46.691705462Z
2023-05-18T07:44:46.691710401Z # Point to resource definition generated with flux-R(1).
2023-05-18T07:44:46.691715216Z [resource]
2023-05-18T07:44:46.691721073Z path = "/etc/flux/system/R"
2023-05-18T07:44:46.691725725Z
2023-05-18T07:44:46.691730477Z [bootstrap]
2023-05-18T07:44:46.691737544Z curve_cert = "/etc/curve/curve.cert"
2023-05-18T07:44:46.691743742Z default_port = 8050
2023-05-18T07:44:46.691749130Z default_bind = "tcp://eth0:%p"
2023-05-18T07:44:46.691754370Z default_connect = "tcp://%h.flux-service.flux-operator.svc.cluster.local:%p"
2023-05-18T07:44:46.691759620Z hosts = [
2023-05-18T07:44:46.691764277Z 	{ host="flux-sample-[0-3]"},
2023-05-18T07:44:46.691769020Z ]
2023-05-18T07:44:46.691773188Z
2023-05-18T07:44:46.691780173Z [archive]
2023-05-18T07:44:46.691786402Z dbpath = "/var/lib/flux/job-archive.sqlite"
2023-05-18T07:44:46.691791342Z period = "1m"
2023-05-18T07:44:46.779363829Z busytimeout = "50s"
2023-05-18T07:44:46.779389486Z 🧊️ State Directory:
2023-05-18T07:44:46.779396815Z total 0
2023-05-18T07:44:46.779401991Z
2023-05-18T07:44:46.782791473Z
2023-05-18T07:44:46.782822917Z 🔒️ Working directory permissions:
2023-05-18T07:44:46.782829405Z total 96
2023-05-18T07:44:46.782856941Z -rwxrwxrwx 1 flux root  2517 May 17 22:32 README.txt
2023-05-18T07:44:46.782870993Z -rwxrwxrwx 1 flux root 54692 May 17 22:32 data.hns-equil
2023-05-18T07:44:46.782875973Z -rwxrwxrwx 1 flux root 13576 May 17 22:32 ffield.reax.hns
2023-05-18T07:44:46.782880911Z -rwxrwxrwx 1 flux root   870 May 17 22:32 in.reaxc.hns
2023-05-18T07:44:46.782886349Z -rwxrwxrwx 1 flux root  4172 May 17 22:32 log.8Mar18.reaxc.hns.g++.1
2023-05-18T07:44:46.782893253Z -rwxrwxrwx 1 flux root  4168 May 17 22:32 log.8Mar18.reaxc.hns.g++.4
2023-05-18T07:44:46.782899247Z
2023-05-18T07:44:46.782903994Z
2023-05-18T07:44:46.782909119Z ✨ Curve certificate generated by helper pod
2023-05-18T07:44:46.784585710Z #   ****  Generated on 2023-04-26 22:54:42 by CZMQ  ****
2023-05-18T07:44:46.784604956Z #   ZeroMQ CURVE **Secret** Certificate
2023-05-18T07:44:46.784611283Z #   DO NOT PROVIDE THIS FILE TO OTHER USERS nor change its permissions.
2023-05-18T07:44:46.784616517Z
2023-05-18T07:44:46.784621914Z metadata
2023-05-18T07:44:46.784629631Z     name = "flux-cert-generator"
2023-05-18T07:44:46.784635752Z     keygen.hostname = "flux-sample-0"
2023-05-18T07:44:46.784640712Z curve
2023-05-18T07:44:46.784645709Z     public-key = "]@IPT<:zJdFwdG#=q^4eJQ61m[3m0XkX!YGIG^-["
2023-05-18T07:44:46.784650903Z     secret-key = "KB/(xycGBgwTo/*hYINPK[.])WMyG%H[2U//MJV&"
2023-05-18T07:44:46.788250736Z
2023-05-18T07:44:46.788276697Z 🌀  flux start --wrap=strace,-e,network,-tt -o --config /etc/flux/config -Scron.directory=/etc/flux/system/cron.d   -Stbon.fanout=256   -Srundir=/run/flux    -Sstatedir=/var/lib/flux   -Slocal-uri=local:///run/flux/local -Stbon.connect_timeout=3s  -Stbon.zmqdebug=1  -Slog-stderr-level=6    -Slog-stderr-mode=local
2023-05-18T07:44:46.834885591Z 07:44:46.834582 socket(AF_NETLINK, SOCK_RAW, NETLINK_ROUTE) = 8
2023-05-18T07:44:46.835042453Z 07:44:46.834793 bind(8, {sa_family=AF_NETLINK, nl_pid=0, nl_groups=00000000}, 12) = 0
2023-05-18T07:44:46.835456754Z 07:44:46.835093 getsockname(8, {sa_family=AF_NETLINK, nl_pid=70, nl_groups=00000000}, [12]) = 0
2023-05-18T07:44:46.835838675Z 07:44:46.835385 sendto(8, {{len=20, type=RTM_GETADDR, flags=NLM_F_REQUEST|NLM_F_DUMP, seq=1684395886, pid=0}, {ifa_family=AF_UNSPEC, ...}}, 20, 0, {sa_family=AF_NETLINK, nl_pid=0, nl_groups=00000000}, 12) = 20
2023-05-18T07:44:46.836265058Z 07:44:46.835742 recvmsg(8, {msg_name={sa_family=AF_NETLINK, nl_pid=0, nl_groups=00000000}, msg_namelen=12, msg_iov=[{iov_base=[{{len=76, type=RTM_NEWADDR, flags=NLM_F_MULTI, seq=1684395886, pid=70}, {ifa_family=AF_INET, ifa_prefixlen=8, ifa_flags=IFA_F_PERMANENT, ifa_scope=RT_SCOPE_HOST, ifa_index=if_nametoindex("lo")}, [{{nla_len=8, nla_type=IFA_ADDRESS}, 127.0.0.1}, {{nla_len=8, nla_type=IFA_LOCAL}, 127.0.0.1}, {{nla_len=7, nla_type=IFA_LABEL}, "lo"}, {{nla_len=8, nla_type=IFA_FLAGS}, IFA_F_PERMANENT}, {{nla_len=20, nla_type=IFA_CACHEINFO}, {ifa_prefered=4294967295, ifa_valid=4294967295, cstamp=162900, tstamp=162900}}]}, {{len=88, type=RTM_NEWADDR, flags=NLM_F_MULTI, seq=1684395886, pid=70}, {ifa_family=AF_INET, ifa_prefixlen=24, ifa_flags=IFA_F_PERMANENT, ifa_scope=RT_SCOPE_UNIVERSE, ifa_index=if_nametoindex("eth0")}, [{{nla_len=8, nla_type=IFA_ADDRESS}, 10.24.3.56}, {{nla_len=8, nla_type=IFA_LOCAL}, 10.24.3.56}, {{nla_len=8, nla_type=IFA_BROADCAST}, 10.24.3.255}, {{nla_len=9, nla_type=IFA_LABEL}, "eth0"}, {{nla_len=8, nla_type=IFA_FLAGS}, IFA_F_PERMANENT}, {{nla_len=20, nla_type=IFA_CACHEINFO}, {ifa_prefered=4294967295, ifa_valid=4294967295, cstamp=162903, tstamp=162903}}]}], iov_len=4096}], msg_iovlen=1, msg_controllen=0, msg_flags=0}, 0) = 164
2023-05-18T07:44:46.836559413Z 07:44:46.836239 recvmsg(8, {msg_name={sa_family=AF_NETLINK, nl_pid=0, nl_groups=00000000}, msg_namelen=12, msg_iov=[{iov_base={{len=20, type=NLMSG_DONE, flags=NLM_F_MULTI, seq=1684395886, pid=70}, 0}, iov_len=4096}], msg_iovlen=1, msg_controllen=0, msg_flags=0}, 0) = 20
2023-05-18T07:44:46.837380455Z 07:44:46.837152 socket(AF_UNIX, SOCK_STREAM|SOCK_CLOEXEC|SOCK_NONBLOCK, 0) = 8
2023-05-18T07:44:46.837591047Z 07:44:46.837334 connect(8, {sa_family=AF_UNIX, sun_path="/var/run/nscd/socket"}, 110) = -1 ENOENT (No such file or directory)
2023-05-18T07:44:46.837895697Z 07:44:46.837683 socket(AF_UNIX, SOCK_STREAM|SOCK_CLOEXEC|SOCK_NONBLOCK, 0) = 8
2023-05-18T07:44:46.838029438Z 07:44:46.837855 connect(8, {sa_family=AF_UNIX, sun_path="/var/run/nscd/socket"}, 110) = -1 ENOENT (No such file or directory)
2023-05-18T07:44:46.839951054Z 07:44:46.839811 socket(AF_INET, SOCK_DGRAM|SOCK_CLOEXEC|SOCK_NONBLOCK, IPPROTO_IP) = 8
2023-05-18T07:44:46.840078275Z 07:44:46.839901 connect(8, {sa_family=AF_INET, sin_port=htons(53), sin_addr=inet_addr("169.254.169.254")}, 16) = 0
2023-05-18T07:44:46.840552378Z 07:44:46.840156 sendto(8, "\232?\1\0\0\1\0\0\0\0\0\0\rflux-sample-0\fflux-"..., 76, MSG_NOSIGNAL, NULL, 0) = 76
2023-05-18T07:44:46.844240892Z 07:44:46.843994 recvfrom(8, "\232?\201\200\0\1\0\1\0\0\0\0\rflux-sample-0\fflux-"..., 1024, 0, {sa_family=AF_INET, sin_port=htons(53), sin_addr=inet_addr("169.254.169.254")}, [28->16]) = 92
2023-05-18T07:44:46.850770894Z broker.info[1]: start: none->join 2.57863ms
2023-05-18T07:44:50.063709779Z broker.info[1]: parent-ready: join->init 3.21245s
2023-05-18T07:44:50.064455177Z 07:44:50.063567 socketpair(AF_UNIX, SOCK_STREAM|SOCK_CLOEXEC, 0, [22, 23]) = 0
2023-05-18T07:44:50.064652879Z 07:44:50.063720 socketpair(AF_UNIX, SOCK_STREAM, 0, [24, 25]) = 0
2023-05-18T07:44:50.064790118Z 07:44:50.063915 socketpair(AF_UNIX, SOCK_STREAM, 0, [26, 27]) = 0
2023-05-18T07:44:50.064941488Z 07:44:50.064100 socketpair(AF_UNIX, SOCK_STREAM, 0, [28, 29]) = 0
2023-05-18T07:44:50.099998087Z broker.info[1]: configuration updated
2023-05-18T07:44:50.232302673Z broker.info[1]: rc1.0: running /etc/flux/rc1.d/01-sched-fluxion
2023-05-18T07:44:50.245820970Z broker.info[1]: rc1.0: running /etc/flux/rc1.d/02-cron
2023-05-18T07:44:50.273895204Z broker.info[1]: rc1.0: /etc/flux/rc1 Exited (rc=0) 0.2s
2023-05-18T07:44:50.275310683Z broker.info[1]: rc1-success: init->quorum 0.211551s
2023-05-18T07:44:50.420145650Z broker.info[1]: quorum-full: quorum->run 0.144166s
2023-05-18T07:45:01.327222079Z broker.info[1]: shutdown: run->cleanup 10.9069s
2023-05-18T07:45:01.328203483Z broker.info[1]: cleanup-none: cleanup->shutdown 0.785881ms
2023-05-18T07:45:01.329041386Z broker.info[1]: children-none: shutdown->finalize 0.661228ms
2023-05-18T07:45:01.329292206Z 07:45:01.329093 socketpair(AF_UNIX, SOCK_STREAM|SOCK_CLOEXEC, 0, [22, 23]) = 0
2023-05-18T07:45:01.329860145Z 07:45:01.329686 socketpair(AF_UNIX, SOCK_STREAM, 0, [24, 25]) = 0
2023-05-18T07:45:01.330081811Z 07:45:01.329897 socketpair(AF_UNIX, SOCK_STREAM, 0, [26, 28]) = 0
2023-05-18T07:45:01.330229786Z 07:45:01.330111 socketpair(AF_UNIX, SOCK_STREAM, 0, [58, 59]) = 0
2023-05-18T07:45:01.354145855Z broker.info[1]: rc3.0: running /etc/flux/rc3.d/01-sched-fluxion
2023-05-18T07:45:01.528374498Z broker.info[1]: rc3.0: /etc/flux/rc3 Exited (rc=0) 0.2s
2023-05-18T07:45:01.528700650Z broker.info[1]: rc3-success: finalize->goodbye 0.199465s
2023-05-18T07:45:01.530209114Z broker.info[1]: goodbye: goodbye->exit 1.22204ms
2023-05-18T07:45:01.535880814Z 07:45:01.535696 +++ exited with 0 +++
2023-05-18T07:45:01.537120812Z Return value for follower worker is 0
2023-05-18T07:45:01.537217766Z The follower worker exited cleanly. Goodbye!
