2023-05-18T12:57:57.048353783Z
2023-05-18T12:57:57.048402364Z Flux username: flux
2023-05-18T12:57:57.048409217Z
2023-05-18T12:57:57.048414341Z Flux install root: /usr
2023-05-18T12:57:57.093531043Z flux user is already added.
2023-05-18T12:57:57.096787042Z flux user identifiers:
2023-05-18T12:57:57.096813623Z uid=1234(flux) gid=1234(flux) groups=1234(flux)
2023-05-18T12:57:57.096819203Z
2023-05-18T12:57:57.096835839Z As Flux prefix for flux commands: sudo -u flux -E PYTHONPATH=/opt/conda/lib/python3.10/site-packages -E PATH=/opt/conda/bin:/usr/local/sbin:/usr/local/bin:/usr/sbin:/usr/bin:/sbin:/bin -E LD_LIBRARY_PATH=/opt/conda/lib -E HOME=/home/flux
2023-05-18T12:57:57.103588828Z
2023-05-18T12:57:57.103607392Z 👋 Hello, I'm flux-sample-2
2023-05-18T12:57:57.103613421Z The main host is flux-sample-0
2023-05-18T12:57:57.103620991Z The working directory is /home/flux/examples/reaxff/HNS, contents include:
2023-05-18T12:57:57.104934276Z /home/flux/examples/reaxff/HNS:
2023-05-18T12:57:57.104950282Z README.txt	ffield.reax.hns  log.8Mar18.reaxc.hns.g++.1
2023-05-18T12:57:57.104955839Z data.hns-equil	in.reaxc.hns	 log.8Mar18.reaxc.hns.g++.4
2023-05-18T12:57:57.105620015Z End of file listing, if you see nothing above there are no files.
2023-05-18T12:57:57.107469850Z flux R encode --hosts=flux-sample-[0-3]
2023-05-18T12:57:57.120188254Z
2023-05-18T12:57:57.120207534Z 📦 Resources
2023-05-18T12:57:57.121462747Z {"version": 1, "execution": {"R_lite": [{"rank": "0-3", "children": {"core": "0"}}], "starttime": 0.0, "expiration": 0.0, "nodelist": ["flux-sample-[0-3]"]}}
2023-05-18T12:57:57.121803219Z
2023-05-18T12:57:57.121819148Z 🐸 Diagnostics: false
2023-05-18T12:57:57.122080594Z 🚩️ Flux Option Flags defined
2023-05-18T12:57:57.126203386Z
2023-05-18T12:57:57.126221321Z 🦊 Independent Minister of Privilege
2023-05-18T12:57:57.127455288Z [exec]
2023-05-18T12:57:57.127470427Z allowed-users = [ "flux", "root" ]
2023-05-18T12:57:57.127475894Z allowed-shells = [ "/usr/libexec/flux/flux-shell" ]
2023-05-18T12:57:57.127693185Z
2023-05-18T12:57:57.127706318Z 🐸 Broker Configuration
2023-05-18T12:57:57.128942366Z # Flux needs to know the path to the IMP executable
2023-05-18T12:57:57.128958340Z [exec]
2023-05-18T12:57:57.128964286Z imp = "/usr/libexec/flux/flux-imp"
2023-05-18T12:57:57.128968746Z
2023-05-18T12:57:57.128976029Z [access]
2023-05-18T12:57:57.128982366Z allow-guest-user = true
2023-05-18T12:57:57.128987498Z allow-root-owner = true
2023-05-18T12:57:57.128992109Z
2023-05-18T12:57:57.128996791Z # Point to resource definition generated with flux-R(1).
2023-05-18T12:57:57.129001851Z [resource]
2023-05-18T12:57:57.129006900Z path = "/etc/flux/system/R"
2023-05-18T12:57:57.129011404Z
2023-05-18T12:57:57.129018296Z [bootstrap]
2023-05-18T12:57:57.129024365Z curve_cert = "/etc/curve/curve.cert"
2023-05-18T12:57:57.129029705Z default_port = 8050
2023-05-18T12:57:57.129034627Z default_bind = "tcp://eth0:%p"
2023-05-18T12:57:57.129040375Z default_connect = "tcp://%h.flux-service.flux-operator.svc.cluster.local:%p"
2023-05-18T12:57:57.129045193Z hosts = [
2023-05-18T12:57:57.129049726Z 	{ host="flux-sample-[0-3]"},
2023-05-18T12:57:57.129054467Z ]
2023-05-18T12:57:57.129061078Z
2023-05-18T12:57:57.129066601Z [archive]
2023-05-18T12:57:57.129071440Z dbpath = "/var/lib/flux/job-archive.sqlite"
2023-05-18T12:57:57.129076671Z period = "1m"
2023-05-18T12:57:57.201527687Z busytimeout = "50s"
2023-05-18T12:57:57.201551007Z 🧊️ State Directory:
2023-05-18T12:57:57.201559071Z total 0
2023-05-18T12:57:57.201565069Z
2023-05-18T12:57:57.204946456Z
2023-05-18T12:57:57.204969503Z 🔒️ Working directory permissions:
2023-05-18T12:57:57.204975582Z total 96
2023-05-18T12:57:57.204981308Z -rwxrwxrwx 1 flux root  2517 May 17 22:32 README.txt
2023-05-18T12:57:57.204985960Z -rwxrwxrwx 1 flux root 54692 May 17 22:32 data.hns-equil
2023-05-18T12:57:57.204990652Z -rwxrwxrwx 1 flux root 13576 May 17 22:32 ffield.reax.hns
2023-05-18T12:57:57.204995281Z -rwxrwxrwx 1 flux root   870 May 17 22:32 in.reaxc.hns
2023-05-18T12:57:57.205003050Z -rwxrwxrwx 1 flux root  4172 May 17 22:32 log.8Mar18.reaxc.hns.g++.1
2023-05-18T12:57:57.205008919Z -rwxrwxrwx 1 flux root  4168 May 17 22:32 log.8Mar18.reaxc.hns.g++.4
2023-05-18T12:57:57.205013457Z
2023-05-18T12:57:57.205085622Z
2023-05-18T12:57:57.205095705Z ✨ Curve certificate generated by helper pod
2023-05-18T12:57:57.206501975Z #   ****  Generated on 2023-04-26 22:54:42 by CZMQ  ****
2023-05-18T12:57:57.206528238Z #   ZeroMQ CURVE **Secret** Certificate
2023-05-18T12:57:57.206534539Z #   DO NOT PROVIDE THIS FILE TO OTHER USERS nor change its permissions.
2023-05-18T12:57:57.206539259Z
2023-05-18T12:57:57.206544037Z metadata
2023-05-18T12:57:57.206551819Z     name = "flux-cert-generator"
2023-05-18T12:57:57.206558360Z     keygen.hostname = "flux-sample-0"
2023-05-18T12:57:57.206563701Z curve
2023-05-18T12:57:57.206568846Z     public-key = "CmVqcW1J)N&yPxii!/G-^ZK4l0]<a&RW0BV(+c:F"
2023-05-18T12:57:57.206573600Z     secret-key = "3hInM0h[I+gou6dMy]ueZ8/S4<nQ7fPIl]d94uL<"
2023-05-18T12:57:57.208457146Z
2023-05-18T12:57:57.208476302Z 🌀  flux start --wrap=strace,-e,network,-tt -o --config /etc/flux/config -Scron.directory=/etc/flux/system/cron.d   -Stbon.fanout=256   -Srundir=/run/flux    -Sstatedir=/var/lib/flux   -Slocal-uri=local:///run/flux/local -Stbon.connect_timeout=6s  -Stbon.zmqdebug=1  -Slog-stderr-level=6    -Slog-stderr-mode=local
2023-05-18T12:57:57.248525585Z 12:57:57.248355 socket(AF_NETLINK, SOCK_RAW, NETLINK_ROUTE) = 8
2023-05-18T12:57:57.248671547Z 12:57:57.248474 bind(8, {sa_family=AF_NETLINK, nl_pid=0, nl_groups=00000000}, 12) = 0
2023-05-18T12:57:57.248682106Z 12:57:57.248558 getsockname(8, {sa_family=AF_NETLINK, nl_pid=70, nl_groups=00000000}, [12]) = 0
2023-05-18T12:57:57.248900061Z 12:57:57.248637 sendto(8, {{len=20, type=RTM_GETADDR, flags=NLM_F_REQUEST|NLM_F_DUMP, seq=1684414677, pid=0}, {ifa_family=AF_UNSPEC, ...}}, 20, 0, {sa_family=AF_NETLINK, nl_pid=0, nl_groups=00000000}, 12) = 20
2023-05-18T12:57:57.249306225Z 12:57:57.248860 recvmsg(8, {msg_name={sa_family=AF_NETLINK, nl_pid=0, nl_groups=00000000}, msg_namelen=12, msg_iov=[{iov_base=[{{len=76, type=RTM_NEWADDR, flags=NLM_F_MULTI, seq=1684414677, pid=70}, {ifa_family=AF_INET, ifa_prefixlen=8, ifa_flags=IFA_F_PERMANENT, ifa_scope=RT_SCOPE_HOST, ifa_index=if_nametoindex("lo")}, [{{nla_len=8, nla_type=IFA_ADDRESS}, 127.0.0.1}, {{nla_len=8, nla_type=IFA_LOCAL}, 127.0.0.1}, {{nla_len=7, nla_type=IFA_LABEL}, "lo"}, {{nla_len=8, nla_type=IFA_FLAGS}, IFA_F_PERMANENT}, {{nla_len=20, nla_type=IFA_CACHEINFO}, {ifa_prefered=4294967295, ifa_valid=4294967295, cstamp=2042235, tstamp=2042235}}]}, {{len=88, type=RTM_NEWADDR, flags=NLM_F_MULTI, seq=1684414677, pid=70}, {ifa_family=AF_INET, ifa_prefixlen=24, ifa_flags=IFA_F_PERMANENT, ifa_scope=RT_SCOPE_UNIVERSE, ifa_index=if_nametoindex("eth0")}, [{{nla_len=8, nla_type=IFA_ADDRESS}, 10.24.0.93}, {{nla_len=8, nla_type=IFA_LOCAL}, 10.24.0.93}, {{nla_len=8, nla_type=IFA_BROADCAST}, 10.24.0.255}, {{nla_len=9, nla_type=IFA_LABEL}, "eth0"}, {{nla_len=8, nla_type=IFA_FLAGS}, IFA_F_PERMANENT}, {{nla_len=20, nla_type=IFA_CACHEINFO}, {ifa_prefered=4294967295, ifa_valid=4294967295, cstamp=2042239, tstamp=2042239}}]}], iov_len=4096}], msg_iovlen=1, msg_controllen=0, msg_flags=0}, 0) = 164
2023-05-18T12:57:57.249421797Z 12:57:57.249146 recvmsg(8, {msg_name={sa_family=AF_NETLINK, nl_pid=0, nl_groups=00000000}, msg_namelen=12, msg_iov=[{iov_base={{len=20, type=NLMSG_DONE, flags=NLM_F_MULTI, seq=1684414677, pid=70}, 0}, iov_len=4096}], msg_iovlen=1, msg_controllen=0, msg_flags=0}, 0) = 20
2023-05-18T12:57:57.250052430Z 12:57:57.249839 socket(AF_UNIX, SOCK_STREAM|SOCK_CLOEXEC|SOCK_NONBLOCK, 0) = 8
2023-05-18T12:57:57.250199408Z 12:57:57.250000 connect(8, {sa_family=AF_UNIX, sun_path="/var/run/nscd/socket"}, 110) = -1 ENOENT (No such file or directory)
2023-05-18T12:57:57.250335910Z 12:57:57.250138 socket(AF_UNIX, SOCK_STREAM|SOCK_CLOEXEC|SOCK_NONBLOCK, 0) = 8
2023-05-18T12:57:57.250444344Z 12:57:57.250202 connect(8, {sa_family=AF_UNIX, sun_path="/var/run/nscd/socket"}, 110) = -1 ENOENT (No such file or directory)
2023-05-18T12:57:57.252173426Z 12:57:57.252042 socket(AF_INET, SOCK_DGRAM|SOCK_CLOEXEC|SOCK_NONBLOCK, IPPROTO_IP) = 8
2023-05-18T12:57:57.252272639Z 12:57:57.252130 connect(8, {sa_family=AF_INET, sin_port=htons(53), sin_addr=inet_addr("169.254.169.254")}, 16) = 0
2023-05-18T12:57:57.252540668Z 12:57:57.252275 sendto(8, "\24\223\1\0\0\1\0\0\0\0\0\0\rflux-sample-0\fflux-"..., 76, MSG_NOSIGNAL, NULL, 0) = 76
2023-05-18T12:57:57.256584193Z 12:57:57.256293 recvfrom(8, "\24\223\201\203\0\1\0\0\0\1\0\0\rflux-sample-0\fflux-"..., 1024, 0, {sa_family=AF_INET, sin_port=htons(53), sin_addr=inet_addr("169.254.169.254")}, [28->16]) = 172
2023-05-18T12:57:57.256865473Z 12:57:57.256738 socket(AF_INET, SOCK_DGRAM|SOCK_CLOEXEC|SOCK_NONBLOCK, IPPROTO_IP) = 8
2023-05-18T12:57:57.256958983Z 12:57:57.256833 connect(8, {sa_family=AF_INET, sin_port=htons(53), sin_addr=inet_addr("169.254.169.254")}, 16) = 0
2023-05-18T12:57:57.257147074Z 12:57:57.256959 sendto(8, "\241\211\1\0\0\1\0\0\0\0\0\0\rflux-sample-0\fflux-"..., 108, MSG_NOSIGNAL, NULL, 0) = 108
2023-05-18T12:57:57.261338750Z 12:57:57.261091 recvfrom(8, "\241\211\201\203\0\1\0\0\0\1\0\0\rflux-sample-0\fflux-"..., 1024, 0, {sa_family=AF_INET, sin_port=htons(53), sin_addr=inet_addr("169.254.169.254")}, [28->16]) = 204
2023-05-18T12:57:57.261440202Z 12:57:57.261278 socket(AF_INET, SOCK_DGRAM|SOCK_CLOEXEC|SOCK_NONBLOCK, IPPROTO_IP) = 8
2023-05-18T12:57:57.261540693Z 12:57:57.261383 connect(8, {sa_family=AF_INET, sin_port=htons(53), sin_addr=inet_addr("169.254.169.254")}, 16) = 0
2023-05-18T12:57:57.261748522Z 12:57:57.261550 sendto(8, "\226\2\1\0\0\1\0\0\0\0\0\0\rflux-sample-0\fflux-"..., 94, MSG_NOSIGNAL, NULL, 0) = 94
2023-05-18T12:57:57.266152901Z 12:57:57.265934 recvfrom(8, "\226\2\201\203\0\1\0\0\0\1\0\0\rflux-sample-0\fflux-"..., 1024, 0, {sa_family=AF_INET, sin_port=htons(53), sin_addr=inet_addr("169.254.169.254")}, [28->16]) = 190
2023-05-18T12:57:57.266285237Z 12:57:57.266084 socket(AF_INET, SOCK_DGRAM|SOCK_CLOEXEC|SOCK_NONBLOCK, IPPROTO_IP) = 8
2023-05-18T12:57:57.266402060Z 12:57:57.266146 connect(8, {sa_family=AF_INET, sin_port=htons(53), sin_addr=inet_addr("169.254.169.254")}, 16) = 0
2023-05-18T12:57:57.266493258Z 12:57:57.266291 sendto(8, "?\254\1\0\0\1\0\0\0\0\0\0\rflux-sample-0\fflux-"..., 90, MSG_NOSIGNAL, NULL, 0) = 90
2023-05-18T12:57:57.269650954Z 12:57:57.269415 recvfrom(8, "?\254\201\203\0\1\0\0\0\1\0\0\rflux-sample-0\fflux-"..., 1024, 0, {sa_family=AF_INET, sin_port=htons(53), sin_addr=inet_addr("169.254.169.254")}, [28->16]) = 186
2023-05-18T12:57:57.269861439Z 12:57:57.269687 socket(AF_INET, SOCK_DGRAM|SOCK_CLOEXEC|SOCK_NONBLOCK, IPPROTO_IP) = 8
2023-05-18T12:57:57.269980661Z 12:57:57.269810 connect(8, {sa_family=AF_INET, sin_port=htons(53), sin_addr=inet_addr("169.254.169.254")}, 16) = 0
2023-05-18T12:57:57.270170068Z 12:57:57.269991 sendto(8, "A\23\1\0\0\1\0\0\0\0\0\0\rflux-sample-0\fflux-"..., 111, MSG_NOSIGNAL, NULL, 0) = 111
2023-05-18T12:57:57.274924310Z 12:57:57.274764 recvfrom(8, "A\23\201\203\0\1\0\0\0\1\0\0\rflux-sample-0\fflux-"..., 1024, 0, {sa_family=AF_INET, sin_port=htons(53), sin_addr=inet_addr("169.254.169.254")}, [28->16]) = 205
2023-05-18T12:57:57.275200015Z 12:57:57.274999 socket(AF_INET, SOCK_DGRAM|SOCK_CLOEXEC|SOCK_NONBLOCK, IPPROTO_IP) = 8
2023-05-18T12:57:57.275213344Z 12:57:57.275081 connect(8, {sa_family=AF_INET, sin_port=htons(53), sin_addr=inet_addr("169.254.169.254")}, 16) = 0
2023-05-18T12:57:57.275483072Z 12:57:57.275203 sendto(8, "\315/\1\0\0\1\0\0\0\0\0\0\rflux-sample-0\fflux-"..., 97, MSG_NOSIGNAL, NULL, 0) = 97
2023-05-18T12:57:57.281416175Z 12:57:57.281228 recvfrom(8, "\315/\201\203\0\1\0\0\0\1\0\0\rflux-sample-0\fflux-"..., 1024, 0, {sa_family=AF_INET, sin_port=htons(53), sin_addr=inet_addr("169.254.169.254")}, [28->16]) = 186
2023-05-18T12:57:57.281673202Z 12:57:57.281548 socket(AF_INET, SOCK_DGRAM|SOCK_CLOEXEC|SOCK_NONBLOCK, IPPROTO_IP) = 8
2023-05-18T12:57:57.281766959Z 12:57:57.281640 connect(8, {sa_family=AF_INET, sin_port=htons(53), sin_addr=inet_addr("169.254.169.254")}, 16) = 0
2023-05-18T12:57:57.281938364Z 12:57:57.281750 sendto(8, "u\27\1\0\0\1\0\0\0\0\0\0\rflux-sample-0\fflux-"..., 92, MSG_NOSIGNAL, NULL, 0) = 92
2023-05-18T12:57:57.286558356Z 12:57:57.286353 recvfrom(8, "u\27\201\203\0\1\0\0\0\1\0\0\rflux-sample-0\fflux-"..., 1024, 0, {sa_family=AF_INET, sin_port=htons(53), sin_addr=inet_addr("169.254.169.254")}, [28->16]) = 181
2023-05-18T12:57:57.286703662Z broker.err[2]: Warning: unable to resolve upstream peer flux-sample-0.flux-service.flux-operator.svc.cluster.local: Name or service not known
2023-05-18T12:57:57.292410158Z broker.info[2]: start: none->join 1.64294ms
2023-05-18T12:57:57.951386391Z broker.info[2]: parent-ready: join->init 0.658615s
2023-05-18T12:57:57.951610354Z 12:57:57.951443 socketpair(AF_UNIX, SOCK_STREAM|SOCK_CLOEXEC, 0, [22, 23]) = 0
2023-05-18T12:57:57.951753802Z 12:57:57.951598 socketpair(AF_UNIX, SOCK_STREAM, 0, [24, 25]) = 0
2023-05-18T12:57:57.952340516Z 12:57:57.951827 socketpair(AF_UNIX, SOCK_STREAM, 0, [26, 27]) = 0
2023-05-18T12:57:57.952605506Z 12:57:57.952405 socketpair(AF_UNIX, SOCK_STREAM, 0, [28, 29]) = 0
2023-05-18T12:57:57.976885762Z broker.info[2]: configuration updated
2023-05-18T12:57:58.099694966Z broker.info[2]: rc1.0: running /etc/flux/rc1.d/01-sched-fluxion
2023-05-18T12:57:58.110991058Z broker.info[2]: rc1.0: running /etc/flux/rc1.d/02-cron
2023-05-18T12:57:58.151320231Z broker.info[2]: rc1.0: /etc/flux/rc1 Exited (rc=0) 0.2s
2023-05-18T12:57:58.151355792Z broker.info[2]: rc1-success: init->quorum 0.193467s
2023-05-18T12:57:58.533096149Z broker.info[2]: quorum-full: quorum->run 0.387679s
2023-05-18T12:58:10.448989562Z broker.info[2]: shutdown: run->cleanup 11.9157s
2023-05-18T12:58:10.450613641Z broker.info[2]: cleanup-none: cleanup->shutdown 1.38565ms
2023-05-18T12:58:10.451920010Z broker.info[2]: children-none: shutdown->finalize 1.11231ms
2023-05-18T12:58:10.452311534Z 12:58:10.451974 socketpair(AF_UNIX, SOCK_STREAM|SOCK_CLOEXEC, 0, [22, 23]) = 0
2023-05-18T12:58:10.452429948Z 12:58:10.452193 socketpair(AF_UNIX, SOCK_STREAM, 0, [24, 25]) = 0
2023-05-18T12:58:10.452802677Z 12:58:10.452587 socketpair(AF_UNIX, SOCK_STREAM, 0, [26, 28]) = 0
2023-05-18T12:58:10.453284657Z 12:58:10.452979 socketpair(AF_UNIX, SOCK_STREAM, 0, [58, 59]) = 0
2023-05-18T12:58:10.470567450Z broker.info[2]: rc3.0: running /etc/flux/rc3.d/01-sched-fluxion
2023-05-18T12:58:10.614377821Z broker.info[2]: rc3.0: /etc/flux/rc3 Exited (rc=0) 0.2s
2023-05-18T12:58:10.615304022Z broker.info[2]: rc3-success: finalize->goodbye 0.161415s
2023-05-18T12:58:10.615551287Z broker.info[2]: goodbye: goodbye->exit 0.681612ms
2023-05-18T12:58:10.621484282Z 12:58:10.620156 +++ exited with 0 +++
2023-05-18T12:58:10.622350432Z Return value for follower worker is 0
2023-05-18T12:58:10.622536206Z The follower worker exited cleanly. Goodbye!
