2023-05-18T07:53:47.231496856Z
2023-05-18T07:53:47.231776923Z Flux username: flux
2023-05-18T07:53:47.231855871Z
2023-05-18T07:53:47.231866017Z Flux install root: /usr
2023-05-18T07:53:47.276171378Z flux user is already added.
2023-05-18T07:53:47.279153027Z flux user identifiers:
2023-05-18T07:53:47.279175573Z uid=1234(flux) gid=1234(flux) groups=1234(flux)
2023-05-18T07:53:47.280290653Z
2023-05-18T07:53:47.280311366Z As Flux prefix for flux commands: sudo -u flux -E PYTHONPATH=/opt/conda/lib/python3.10/site-packages -E PATH=/opt/conda/bin:/usr/local/sbin:/usr/local/bin:/usr/sbin:/usr/bin:/sbin:/bin -E LD_LIBRARY_PATH=/opt/conda/lib -E HOME=/home/flux
2023-05-18T07:53:47.289077495Z
2023-05-18T07:53:47.289101381Z ðŸ‘‹ Hello, I'm flux-sample-3
2023-05-18T07:53:47.289309999Z The main host is flux-sample-0
2023-05-18T07:53:47.289325290Z The working directory is /home/flux/examples/reaxff/HNS, contents include:
2023-05-18T07:53:47.290980943Z /home/flux/examples/reaxff/HNS:
2023-05-18T07:53:47.291000253Z README.txt	ffield.reax.hns  log.8Mar18.reaxc.hns.g++.1
2023-05-18T07:53:47.291007728Z data.hns-equil	in.reaxc.hns	 log.8Mar18.reaxc.hns.g++.4
2023-05-18T07:53:47.291379204Z End of file listing, if you see nothing above there are no files.
2023-05-18T07:53:47.293200666Z flux R encode --hosts=flux-sample-[0-3]
2023-05-18T07:53:47.307137110Z
2023-05-18T07:53:47.307160008Z ðŸ“¦ Resources
2023-05-18T07:53:47.308541058Z {"version": 1, "execution": {"R_lite": [{"rank": "0-3", "children": {"core": "0"}}], "starttime": 0.0, "expiration": 0.0, "nodelist": ["flux-sample-[0-3]"]}}
2023-05-18T07:53:47.308817684Z
2023-05-18T07:53:47.308834651Z ðŸ¸ Diagnostics: false
2023-05-18T07:53:47.308999976Z ðŸš©ï¸ Flux Option Flags defined
2023-05-18T07:53:47.312674975Z
2023-05-18T07:53:47.312695307Z ðŸ¦Š Independent Minister of Privilege
2023-05-18T07:53:47.313954816Z [exec]
2023-05-18T07:53:47.313974158Z allowed-users = [ "flux", "root" ]
2023-05-18T07:53:47.313982143Z allowed-shells = [ "/usr/libexec/flux/flux-shell" ]
2023-05-18T07:53:47.314158134Z
2023-05-18T07:53:47.314181427Z ðŸ¸ Broker Configuration
2023-05-18T07:53:47.315511695Z # Flux needs to know the path to the IMP executable
2023-05-18T07:53:47.315530677Z [exec]
2023-05-18T07:53:47.315539211Z imp = "/usr/libexec/flux/flux-imp"
2023-05-18T07:53:47.315546063Z
2023-05-18T07:53:47.315552711Z [access]
2023-05-18T07:53:47.315559806Z allow-guest-user = true
2023-05-18T07:53:47.315566203Z allow-root-owner = true
2023-05-18T07:53:47.315572297Z
2023-05-18T07:53:47.315578858Z # Point to resource definition generated with flux-R(1).
2023-05-18T07:53:47.315587221Z [resource]
2023-05-18T07:53:47.315595464Z path = "/etc/flux/system/R"
2023-05-18T07:53:47.315601911Z
2023-05-18T07:53:47.315608949Z [bootstrap]
2023-05-18T07:53:47.315616244Z curve_cert = "/etc/curve/curve.cert"
2023-05-18T07:53:47.315622866Z default_port = 8050
2023-05-18T07:53:47.315629146Z default_bind = "tcp://eth0:%p"
2023-05-18T07:53:47.315636906Z default_connect = "tcp://%h.flux-service.flux-operator.svc.cluster.local:%p"
2023-05-18T07:53:47.315644971Z hosts = [
2023-05-18T07:53:47.315652570Z 	{ host="flux-sample-[0-3]"},
2023-05-18T07:53:47.315659656Z ]
2023-05-18T07:53:47.315666164Z
2023-05-18T07:53:47.315681416Z [archive]
2023-05-18T07:53:47.315688727Z dbpath = "/var/lib/flux/job-archive.sqlite"
2023-05-18T07:53:47.315695331Z period = "1m"
2023-05-18T07:53:47.392967935Z busytimeout = "50s"
2023-05-18T07:53:47.392995410Z ðŸ§Šï¸ State Directory:
2023-05-18T07:53:47.393004930Z total 0
2023-05-18T07:53:47.393012502Z
2023-05-18T07:53:47.396704967Z
2023-05-18T07:53:47.396739190Z ðŸ”’ï¸ Working directory permissions:
2023-05-18T07:53:47.396747470Z total 96
2023-05-18T07:53:47.396765099Z -rwxrwxrwx 1 flux root  2517 May 17 22:32 README.txt
2023-05-18T07:53:47.396777827Z -rwxrwxrwx 1 flux root 54692 May 17 22:32 data.hns-equil
2023-05-18T07:53:47.396845193Z -rwxrwxrwx 1 flux root 13576 May 17 22:32 ffield.reax.hns
2023-05-18T07:53:47.396909478Z -rwxrwxrwx 1 flux root   870 May 17 22:32 in.reaxc.hns
2023-05-18T07:53:47.397184333Z -rwxrwxrwx 1 flux root  4172 May 17 22:32 log.8Mar18.reaxc.hns.g++.1
2023-05-18T07:53:47.397198540Z -rwxrwxrwx 1 flux root  4168 May 17 22:32 log.8Mar18.reaxc.hns.g++.4
2023-05-18T07:53:47.397206275Z
2023-05-18T07:53:47.397225102Z
2023-05-18T07:53:47.397270879Z âœ¨ Curve certificate generated by helper pod
2023-05-18T07:53:47.398748456Z #   ****  Generated on 2023-04-26 22:54:42 by CZMQ  ****
2023-05-18T07:53:47.398769257Z #   ZeroMQ CURVE **Secret** Certificate
2023-05-18T07:53:47.398777493Z #   DO NOT PROVIDE THIS FILE TO OTHER USERS nor change its permissions.
2023-05-18T07:53:47.398784685Z
2023-05-18T07:53:47.398791196Z metadata
2023-05-18T07:53:47.398800121Z     name = "flux-cert-generator"
2023-05-18T07:53:47.398807716Z     keygen.hostname = "flux-sample-0"
2023-05-18T07:53:47.398814651Z curve
2023-05-18T07:53:47.398821229Z     public-key = "Yd!CA?78)sWvr#=6xEWtHvJ7!KS7rZGoHBc5D0e6"
2023-05-18T07:53:47.398827961Z     secret-key = "Qqv@r}O$7%9YXp1efaW07ss2eA[jvG-Z[KbmHYx^"
2023-05-18T07:53:47.400738071Z
2023-05-18T07:53:47.400762738Z ðŸŒ€  flux start --wrap=strace,-e,network,-tt -o --config /etc/flux/config -Scron.directory=/etc/flux/system/cron.d   -Stbon.fanout=256   -Srundir=/run/flux    -Sstatedir=/var/lib/flux   -Slocal-uri=local:///run/flux/local -Stbon.connect_timeout=4s  -Stbon.zmqdebug=1  -Slog-stderr-level=6    -Slog-stderr-mode=local
2023-05-18T07:53:47.437763315Z 07:53:47.437498 socket(AF_NETLINK, SOCK_RAW, NETLINK_ROUTE) = 8
2023-05-18T07:53:47.437990448Z 07:53:47.437692 bind(8, {sa_family=AF_NETLINK, nl_pid=0, nl_groups=00000000}, 12) = 0
2023-05-18T07:53:47.438013918Z 07:53:47.437834 getsockname(8, {sa_family=AF_NETLINK, nl_pid=70, nl_groups=00000000}, [12]) = 0
2023-05-18T07:53:47.438438171Z 07:53:47.437955 sendto(8, {{len=20, type=RTM_GETADDR, flags=NLM_F_REQUEST|NLM_F_DUMP, seq=1684396427, pid=0}, {ifa_family=AF_UNSPEC, ...}}, 20, 0, {sa_family=AF_NETLINK, nl_pid=0, nl_groups=00000000}, 12) = 20
2023-05-18T07:53:47.438733620Z 07:53:47.438228 recvmsg(8, {msg_name={sa_family=AF_NETLINK, nl_pid=0, nl_groups=00000000}, msg_namelen=12, msg_iov=[{iov_base=[{{len=76, type=RTM_NEWADDR, flags=NLM_F_MULTI, seq=1684396427, pid=70}, {ifa_family=AF_INET, ifa_prefixlen=8, ifa_flags=IFA_F_PERMANENT, ifa_scope=RT_SCOPE_HOST, ifa_index=if_nametoindex("lo")}, [{{nla_len=8, nla_type=IFA_ADDRESS}, 127.0.0.1}, {{nla_len=8, nla_type=IFA_LOCAL}, 127.0.0.1}, {{nla_len=7, nla_type=IFA_LABEL}, "lo"}, {{nla_len=8, nla_type=IFA_FLAGS}, IFA_F_PERMANENT}, {{nla_len=20, nla_type=IFA_CACHEINFO}, {ifa_prefered=4294967295, ifa_valid=4294967295, cstamp=217252, tstamp=217252}}]}, {{len=88, type=RTM_NEWADDR, flags=NLM_F_MULTI, seq=1684396427, pid=70}, {ifa_family=AF_INET, ifa_prefixlen=24, ifa_flags=IFA_F_PERMANENT, ifa_scope=RT_SCOPE_UNIVERSE, ifa_index=if_nametoindex("eth0")}, [{{nla_len=8, nla_type=IFA_ADDRESS}, 10.24.0.88}, {{nla_len=8, nla_type=IFA_LOCAL}, 10.24.0.88}, {{nla_len=8, nla_type=IFA_BROADCAST}, 10.24.0.255}, {{nla_len=9, nla_type=IFA_LABEL}, "eth0"}, {{nla_len=8, nla_type=IFA_FLAGS}, IFA_F_PERMANENT}, {{nla_len=20, nla_type=IFA_CACHEINFO}, {ifa_prefered=4294967295, ifa_valid=4294967295, cstamp=217254, tstamp=217254}}]}], iov_len=4096}], msg_iovlen=1, msg_controllen=0, msg_flags=0}, 0) = 164
2023-05-18T07:53:47.438850227Z 07:53:47.438589 recvmsg(8, {msg_name={sa_family=AF_NETLINK, nl_pid=0, nl_groups=00000000}, msg_namelen=12, msg_iov=[{iov_base={{len=20, type=NLMSG_DONE, flags=NLM_F_MULTI, seq=1684396427, pid=70}, 0}, iov_len=4096}], msg_iovlen=1, msg_controllen=0, msg_flags=0}, 0) = 20
2023-05-18T07:53:47.439659723Z 07:53:47.439377 socket(AF_UNIX, SOCK_STREAM|SOCK_CLOEXEC|SOCK_NONBLOCK, 0) = 8
2023-05-18T07:53:47.439765702Z 07:53:47.439589 connect(8, {sa_family=AF_UNIX, sun_path="/var/run/nscd/socket"}, 110) = -1 ENOENT (No such file or directory)
2023-05-18T07:53:47.439889766Z 07:53:47.439758 socket(AF_UNIX, SOCK_STREAM|SOCK_CLOEXEC|SOCK_NONBLOCK, 0) = 8
2023-05-18T07:53:47.440010208Z 07:53:47.439865 connect(8, {sa_family=AF_UNIX, sun_path="/var/run/nscd/socket"}, 110) = -1 ENOENT (No such file or directory)
2023-05-18T07:53:47.442110940Z 07:53:47.441913 socket(AF_INET, SOCK_DGRAM|SOCK_CLOEXEC|SOCK_NONBLOCK, IPPROTO_IP) = 8
2023-05-18T07:53:47.442458235Z 07:53:47.442200 connect(8, {sa_family=AF_INET, sin_port=htons(53), sin_addr=inet_addr("169.254.169.254")}, 16) = 0
2023-05-18T07:53:47.443143790Z 07:53:47.442615 sendto(8, "\366\301\1\0\0\1\0\0\0\0\0\0\rflux-sample-0\fflux-"..., 76, MSG_NOSIGNAL, NULL, 0) = 76
2023-05-18T07:53:47.446527560Z 07:53:47.446137 recvfrom(8, "\366\301\201\200\0\1\0\1\0\0\0\0\rflux-sample-0\fflux-"..., 1024, 0, {sa_family=AF_INET, sin_port=htons(53), sin_addr=inet_addr("169.254.169.254")}, [28->16]) = 92
2023-05-18T07:53:47.454856639Z broker.info[3]: start: none->join 2.37008ms
2023-05-18T07:53:51.640364140Z broker.info[3]: parent-ready: join->init 4.18476s
2023-05-18T07:53:51.640810344Z 07:53:51.639961 socketpair(AF_UNIX, SOCK_STREAM|SOCK_CLOEXEC, 0, [22, 23]) = 0
2023-05-18T07:53:51.641137301Z 07:53:51.640107 socketpair(AF_UNIX, SOCK_STREAM, 0, [24, 25]) = 0
2023-05-18T07:53:51.641852205Z 07:53:51.640360 socketpair(AF_UNIX, SOCK_STREAM, 0, [26, 27]) = 0
2023-05-18T07:53:51.642426056Z 07:53:51.640822 socketpair(AF_UNIX, SOCK_STREAM, 0, [28, 29]) = 0
2023-05-18T07:53:51.665763974Z broker.info[3]: configuration updated
2023-05-18T07:53:51.790369397Z broker.info[3]: rc1.0: running /etc/flux/rc1.d/01-sched-fluxion
2023-05-18T07:53:51.801610262Z broker.info[3]: rc1.0: running /etc/flux/rc1.d/02-cron
2023-05-18T07:53:51.824576234Z broker.info[3]: rc1.0: /etc/flux/rc1 Exited (rc=0) 0.2s
2023-05-18T07:53:51.825445034Z broker.info[3]: rc1-success: init->quorum 0.185249s
2023-05-18T07:53:52.025303454Z broker.info[3]: quorum-full: quorum->run 0.199603s
2023-05-18T07:53:52.668851842Z 07:53:52.668424 socketpair(AF_UNIX, SOCK_STREAM|SOCK_CLOEXEC, 0, [22, 23]) = 0
2023-05-18T07:53:52.668910251Z 07:53:52.668640 socketpair(AF_UNIX, SOCK_STREAM, 0, [24, 25]) = 0
2023-05-18T07:53:52.669165880Z 07:53:52.668957 socketpair(AF_UNIX, SOCK_STREAM, 0, [26, 28]) = 0
2023-05-18T07:53:52.669479127Z 07:53:52.669300 socketpair(AF_UNIX, SOCK_STREAM, 0, [58, 59]) = 0
2023-05-18T07:54:02.804740151Z broker.info[3]: shutdown: run->cleanup 10.779s
2023-05-18T07:54:02.806125783Z broker.info[3]: cleanup-none: cleanup->shutdown 1.32597ms
2023-05-18T07:54:02.807713310Z broker.info[3]: children-none: shutdown->finalize 1.34948ms
2023-05-18T07:54:02.808699558Z 07:54:02.807711 socketpair(AF_UNIX, SOCK_STREAM|SOCK_CLOEXEC, 0, [22, 23]) = 0
2023-05-18T07:54:02.808754624Z 07:54:02.807850 socketpair(AF_UNIX, SOCK_STREAM, 0, [24, 25]) = 0
2023-05-18T07:54:02.808776729Z 07:54:02.808139 socketpair(AF_UNIX, SOCK_STREAM, 0, [26, 28]) = 0
2023-05-18T07:54:02.808801062Z 07:54:02.808452 socketpair(AF_UNIX, SOCK_STREAM, 0, [58, 59]) = 0
2023-05-18T07:54:02.829697331Z broker.info[3]: rc3.0: running /etc/flux/rc3.d/01-sched-fluxion
2023-05-18T07:54:02.958457778Z broker.info[3]: rc3.0: /etc/flux/rc3 Exited (rc=0) 0.1s
2023-05-18T07:54:02.959586485Z broker.info[3]: rc3-success: finalize->goodbye 0.151752s
2023-05-18T07:54:02.961001686Z broker.info[3]: goodbye: goodbye->exit 0.906472ms
2023-05-18T07:54:02.969106986Z 07:54:02.968967 +++ exited with 0 +++
2023-05-18T07:54:02.970216219Z Return value for follower worker is 0
2023-05-18T07:54:02.970349108Z The follower worker exited cleanly. Goodbye!
