2023-05-18T13:37:03.875212163Z
2023-05-18T13:37:03.875263377Z Flux username: flux
2023-05-18T13:37:03.875352487Z
2023-05-18T13:37:03.875362864Z Flux install root: /usr
2023-05-18T13:37:03.922432871Z flux user is already added.
2023-05-18T13:37:03.926125323Z flux user identifiers:
2023-05-18T13:37:03.926153276Z uid=1234(flux) gid=1234(flux) groups=1234(flux)
2023-05-18T13:37:03.926158979Z
2023-05-18T13:37:03.926178928Z As Flux prefix for flux commands: sudo -u flux -E PYTHONPATH=/opt/conda/lib/python3.10/site-packages -E PATH=/opt/conda/bin:/usr/local/sbin:/usr/local/bin:/usr/sbin:/usr/bin:/sbin:/bin -E LD_LIBRARY_PATH=/opt/conda/lib -E HOME=/home/flux
2023-05-18T13:37:03.934208193Z
2023-05-18T13:37:03.934241667Z 👋 Hello, I'm flux-sample-2
2023-05-18T13:37:03.934382490Z The main host is flux-sample-0
2023-05-18T13:37:03.934393069Z The working directory is /home/flux/examples/reaxff/HNS, contents include:
2023-05-18T13:37:03.937000919Z /home/flux/examples/reaxff/HNS:
2023-05-18T13:37:03.937024334Z README.txt	ffield.reax.hns  log.8Mar18.reaxc.hns.g++.1
2023-05-18T13:37:03.937030294Z data.hns-equil	in.reaxc.hns	 log.8Mar18.reaxc.hns.g++.4
2023-05-18T13:37:03.937658722Z End of file listing, if you see nothing above there are no files.
2023-05-18T13:37:03.939682910Z flux R encode --hosts=flux-sample-[0-3]
2023-05-18T13:37:03.953894171Z
2023-05-18T13:37:03.953925742Z 📦 Resources
2023-05-18T13:37:03.955324690Z {"version": 1, "execution": {"R_lite": [{"rank": "0-3", "children": {"core": "0"}}], "starttime": 0.0, "expiration": 0.0, "nodelist": ["flux-sample-[0-3]"]}}
2023-05-18T13:37:03.955545694Z
2023-05-18T13:37:03.955560328Z 🐸 Diagnostics: false
2023-05-18T13:37:03.955935732Z 🚩️ Flux Option Flags defined
2023-05-18T13:37:03.961021340Z
2023-05-18T13:37:03.961047274Z 🦊 Independent Minister of Privilege
2023-05-18T13:37:03.962336948Z [exec]
2023-05-18T13:37:03.962355186Z allowed-users = [ "flux", "root" ]
2023-05-18T13:37:03.962361741Z allowed-shells = [ "/usr/libexec/flux/flux-shell" ]
2023-05-18T13:37:03.962502931Z
2023-05-18T13:37:03.962514384Z 🐸 Broker Configuration
2023-05-18T13:37:03.964091960Z # Flux needs to know the path to the IMP executable
2023-05-18T13:37:03.964109622Z [exec]
2023-05-18T13:37:03.964118283Z imp = "/usr/libexec/flux/flux-imp"
2023-05-18T13:37:03.964123989Z
2023-05-18T13:37:03.964129043Z [access]
2023-05-18T13:37:03.964134544Z allow-guest-user = true
2023-05-18T13:37:03.964139523Z allow-root-owner = true
2023-05-18T13:37:03.964144058Z
2023-05-18T13:37:03.964148981Z # Point to resource definition generated with flux-R(1).
2023-05-18T13:37:03.964153820Z [resource]
2023-05-18T13:37:03.964161472Z path = "/etc/flux/system/R"
2023-05-18T13:37:03.964166903Z
2023-05-18T13:37:03.964171955Z [bootstrap]
2023-05-18T13:37:03.964176890Z curve_cert = "/etc/curve/curve.cert"
2023-05-18T13:37:03.964182090Z default_port = 8050
2023-05-18T13:37:03.964186991Z default_bind = "tcp://eth0:%p"
2023-05-18T13:37:03.964192856Z default_connect = "tcp://%h.flux-service.flux-operator.svc.cluster.local:%p"
2023-05-18T13:37:03.964198067Z hosts = [
2023-05-18T13:37:03.964204898Z 	{ host="flux-sample-[0-3]"},
2023-05-18T13:37:03.964210681Z ]
2023-05-18T13:37:03.964215496Z
2023-05-18T13:37:03.964220279Z [archive]
2023-05-18T13:37:03.964225384Z dbpath = "/var/lib/flux/job-archive.sqlite"
2023-05-18T13:37:03.964234362Z period = "1m"
2023-05-18T13:37:04.053240099Z busytimeout = "50s"
2023-05-18T13:37:04.053269207Z 🧊️ State Directory:
2023-05-18T13:37:04.053276524Z total 0
2023-05-18T13:37:04.053292505Z
2023-05-18T13:37:04.055752759Z
2023-05-18T13:37:04.055774914Z 🔒️ Working directory permissions:
2023-05-18T13:37:04.055889208Z total 96
2023-05-18T13:37:04.055979326Z -rwxrwxrwx 1 flux root  2517 May 17 22:32 README.txt
2023-05-18T13:37:04.056090263Z -rwxrwxrwx 1 flux root 54692 May 17 22:32 data.hns-equil
2023-05-18T13:37:04.056177830Z -rwxrwxrwx 1 flux root 13576 May 17 22:32 ffield.reax.hns
2023-05-18T13:37:04.056261016Z -rwxrwxrwx 1 flux root   870 May 17 22:32 in.reaxc.hns
2023-05-18T13:37:04.056343736Z -rwxrwxrwx 1 flux root  4172 May 17 22:32 log.8Mar18.reaxc.hns.g++.1
2023-05-18T13:37:04.056436755Z -rwxrwxrwx 1 flux root  4168 May 17 22:32 log.8Mar18.reaxc.hns.g++.4
2023-05-18T13:37:04.056518328Z
2023-05-18T13:37:04.056660084Z
2023-05-18T13:37:04.056743851Z ✨ Curve certificate generated by helper pod
2023-05-18T13:37:04.058484833Z #   ****  Generated on 2023-04-26 22:54:42 by CZMQ  ****
2023-05-18T13:37:04.058514035Z #   ZeroMQ CURVE **Secret** Certificate
2023-05-18T13:37:04.058520505Z #   DO NOT PROVIDE THIS FILE TO OTHER USERS nor change its permissions.
2023-05-18T13:37:04.058525572Z
2023-05-18T13:37:04.058530291Z metadata
2023-05-18T13:37:04.058537399Z     name = "flux-cert-generator"
2023-05-18T13:37:04.058543703Z     keygen.hostname = "flux-sample-0"
2023-05-18T13:37:04.058548477Z curve
2023-05-18T13:37:04.058553559Z     public-key = "kbmhp0{6@GE]wh]m+hsV]M9yda#NK}&^A^z.?([I"
2023-05-18T13:37:04.058558345Z     secret-key = "G4ct@<M2F-fSLrawW/M5d*.-+8bwKDke%V4rraL4"
2023-05-18T13:37:04.061016923Z
2023-05-18T13:37:04.061039603Z 🌀  flux start --wrap=strace,-e,network,-tt -o --config /etc/flux/config -Scron.directory=/etc/flux/system/cron.d   -Stbon.fanout=256   -Srundir=/run/flux    -Sstatedir=/var/lib/flux   -Slocal-uri=local:///run/flux/local   -Stbon.zmqdebug=1  -Slog-stderr-level=6    -Slog-stderr-mode=local
2023-05-18T13:37:04.108120720Z 13:37:04.107804 socket(AF_NETLINK, SOCK_RAW, NETLINK_ROUTE) = 8
2023-05-18T13:37:04.108261887Z 13:37:04.108010 bind(8, {sa_family=AF_NETLINK, nl_pid=0, nl_groups=00000000}, 12) = 0
2023-05-18T13:37:04.108342514Z 13:37:04.108172 getsockname(8, {sa_family=AF_NETLINK, nl_pid=71, nl_groups=00000000}, [12]) = 0
2023-05-18T13:37:04.108681664Z 13:37:04.108284 sendto(8, {{len=20, type=RTM_GETADDR, flags=NLM_F_REQUEST|NLM_F_DUMP, seq=1684417024, pid=0}, {ifa_family=AF_UNSPEC, ...}}, 20, 0, {sa_family=AF_NETLINK, nl_pid=0, nl_groups=00000000}, 12) = 20
2023-05-18T13:37:04.109165875Z 13:37:04.108584 recvmsg(8, {msg_name={sa_family=AF_NETLINK, nl_pid=0, nl_groups=00000000}, msg_namelen=12, msg_iov=[{iov_base=[{{len=76, type=RTM_NEWADDR, flags=NLM_F_MULTI, seq=1684417024, pid=71}, {ifa_family=AF_INET, ifa_prefixlen=8, ifa_flags=IFA_F_PERMANENT, ifa_scope=RT_SCOPE_HOST, ifa_index=if_nametoindex("lo")}, [{{nla_len=8, nla_type=IFA_ADDRESS}, 127.0.0.1}, {{nla_len=8, nla_type=IFA_LOCAL}, 127.0.0.1}, {{nla_len=7, nla_type=IFA_LABEL}, "lo"}, {{nla_len=8, nla_type=IFA_FLAGS}, IFA_F_PERMANENT}, {{nla_len=20, nla_type=IFA_CACHEINFO}, {ifa_prefered=4294967295, ifa_valid=4294967295, cstamp=2276640, tstamp=2276640}}]}, {{len=88, type=RTM_NEWADDR, flags=NLM_F_MULTI, seq=1684417024, pid=71}, {ifa_family=AF_INET, ifa_prefixlen=24, ifa_flags=IFA_F_PERMANENT, ifa_scope=RT_SCOPE_UNIVERSE, ifa_index=if_nametoindex("eth0")}, [{{nla_len=8, nla_type=IFA_ADDRESS}, 10.24.3.188}, {{nla_len=8, nla_type=IFA_LOCAL}, 10.24.3.188}, {{nla_len=8, nla_type=IFA_BROADCAST}, 10.24.3.255}, {{nla_len=9, nla_type=IFA_LABEL}, "eth0"}, {{nla_len=8, nla_type=IFA_FLAGS}, IFA_F_PERMANENT}, {{nla_len=20, nla_type=IFA_CACHEINFO}, {ifa_prefered=4294967295, ifa_valid=4294967295, cstamp=2276643, tstamp=2276643}}]}], iov_len=4096}], msg_iovlen=1, msg_controllen=0, msg_flags=0}, 0) = 164
2023-05-18T13:37:04.109364291Z 13:37:04.109043 recvmsg(8, {msg_name={sa_family=AF_NETLINK, nl_pid=0, nl_groups=00000000}, msg_namelen=12, msg_iov=[{iov_base={{len=20, type=NLMSG_DONE, flags=NLM_F_MULTI, seq=1684417024, pid=71}, 0}, iov_len=4096}], msg_iovlen=1, msg_controllen=0, msg_flags=0}, 0) = 20
2023-05-18T13:37:04.109938623Z 13:37:04.109749 socket(AF_UNIX, SOCK_STREAM|SOCK_CLOEXEC|SOCK_NONBLOCK, 0) = 8
2023-05-18T13:37:04.110202036Z 13:37:04.109954 connect(8, {sa_family=AF_UNIX, sun_path="/var/run/nscd/socket"}, 110) = -1 ENOENT (No such file or directory)
2023-05-18T13:37:04.110491653Z 13:37:04.110288 socket(AF_UNIX, SOCK_STREAM|SOCK_CLOEXEC|SOCK_NONBLOCK, 0) = 8
2023-05-18T13:37:04.110637165Z 13:37:04.110376 connect(8, {sa_family=AF_UNIX, sun_path="/var/run/nscd/socket"}, 110) = -1 ENOENT (No such file or directory)
2023-05-18T13:37:04.113400504Z 13:37:04.113140 socket(AF_INET, SOCK_DGRAM|SOCK_CLOEXEC|SOCK_NONBLOCK, IPPROTO_IP) = 8
2023-05-18T13:37:04.113623796Z 13:37:04.113294 connect(8, {sa_family=AF_INET, sin_port=htons(53), sin_addr=inet_addr("169.254.169.254")}, 16) = 0
2023-05-18T13:37:04.113891384Z 13:37:04.113507 sendto(8, "w\204\1\0\0\1\0\0\0\0\0\0\rflux-sample-0\fflux-"..., 76, MSG_NOSIGNAL, NULL, 0) = 76
2023-05-18T13:37:04.117721121Z 13:37:04.117374 recvfrom(8, "w\204\201\203\0\1\0\0\0\1\0\0\rflux-sample-0\fflux-"..., 1024, 0, {sa_family=AF_INET, sin_port=htons(53), sin_addr=inet_addr("169.254.169.254")}, [28->16]) = 172
2023-05-18T13:37:04.118463704Z 13:37:04.117941 socket(AF_INET, SOCK_DGRAM|SOCK_CLOEXEC|SOCK_NONBLOCK, IPPROTO_IP) = 8
2023-05-18T13:37:04.118483231Z 13:37:04.118132 connect(8, {sa_family=AF_INET, sin_port=htons(53), sin_addr=inet_addr("169.254.169.254")}, 16) = 0
2023-05-18T13:37:04.118714828Z 13:37:04.118384 sendto(8, "\304\"\1\0\0\1\0\0\0\0\0\0\rflux-sample-0\fflux-"..., 108, MSG_NOSIGNAL, NULL, 0) = 108
2023-05-18T13:37:04.123699301Z 13:37:04.123099 recvfrom(8, "\304\"\201\203\0\1\0\0\0\1\0\0\rflux-sample-0\fflux-"..., 1024, 0, {sa_family=AF_INET, sin_port=htons(53), sin_addr=inet_addr("169.254.169.254")}, [28->16]) = 204
2023-05-18T13:37:04.124170783Z 13:37:04.123925 socket(AF_INET, SOCK_DGRAM|SOCK_CLOEXEC|SOCK_NONBLOCK, IPPROTO_IP) = 8
2023-05-18T13:37:04.124325371Z 13:37:04.124195 connect(8, {sa_family=AF_INET, sin_port=htons(53), sin_addr=inet_addr("169.254.169.254")}, 16) = 0
2023-05-18T13:37:04.125129066Z 13:37:04.124465 sendto(8, "gl\1\0\0\1\0\0\0\0\0\0\rflux-sample-0\fflux-"..., 94, MSG_NOSIGNAL, NULL, 0) = 94
2023-05-18T13:37:04.128412640Z 13:37:04.128006 recvfrom(8, "gl\201\203\0\1\0\0\0\1\0\0\rflux-sample-0\fflux-"..., 1024, 0, {sa_family=AF_INET, sin_port=htons(53), sin_addr=inet_addr("169.254.169.254")}, [28->16]) = 190
2023-05-18T13:37:04.128504015Z 13:37:04.128252 socket(AF_INET, SOCK_DGRAM|SOCK_CLOEXEC|SOCK_NONBLOCK, IPPROTO_IP) = 8
2023-05-18T13:37:04.128515023Z 13:37:04.128344 connect(8, {sa_family=AF_INET, sin_port=htons(53), sin_addr=inet_addr("169.254.169.254")}, 16) = 0
2023-05-18T13:37:04.128671599Z 13:37:04.128455 sendto(8, "II\1\0\0\1\0\0\0\0\0\0\rflux-sample-0\fflux-"..., 90, MSG_NOSIGNAL, NULL, 0) = 90
2023-05-18T13:37:04.132143430Z 13:37:04.131777 recvfrom(8, "II\201\203\0\1\0\0\0\1\0\0\rflux-sample-0\fflux-"..., 1024, 0, {sa_family=AF_INET, sin_port=htons(53), sin_addr=inet_addr("169.254.169.254")}, [28->16]) = 186
2023-05-18T13:37:04.132323915Z 13:37:04.132162 socket(AF_INET, SOCK_DGRAM|SOCK_CLOEXEC|SOCK_NONBLOCK, IPPROTO_IP) = 8
2023-05-18T13:37:04.132533112Z 13:37:04.132353 connect(8, {sa_family=AF_INET, sin_port=htons(53), sin_addr=inet_addr("169.254.169.254")}, 16) = 0
2023-05-18T13:37:04.132999197Z 13:37:04.132534 sendto(8, "\235g\1\0\0\1\0\0\0\0\0\0\rflux-sample-0\fflux-"..., 111, MSG_NOSIGNAL, NULL, 0) = 111
2023-05-18T13:37:04.137350318Z 13:37:04.136915 recvfrom(8, "\235g\201\203\0\1\0\0\0\1\0\0\rflux-sample-0\fflux-"..., 1024, 0, {sa_family=AF_INET, sin_port=htons(53), sin_addr=inet_addr("169.254.169.254")}, [28->16]) = 205
2023-05-18T13:37:04.137620132Z 13:37:04.137130 socket(AF_INET, SOCK_DGRAM|SOCK_CLOEXEC|SOCK_NONBLOCK, IPPROTO_IP) = 8
2023-05-18T13:37:04.137650978Z 13:37:04.137207 connect(8, {sa_family=AF_INET, sin_port=htons(53), sin_addr=inet_addr("169.254.169.254")}, 16) = 0
2023-05-18T13:37:04.137689717Z 13:37:04.137319 sendto(8, "?\340\1\0\0\1\0\0\0\0\0\0\rflux-sample-0\fflux-"..., 97, MSG_NOSIGNAL, NULL, 0) = 97
2023-05-18T13:37:04.142965831Z 13:37:04.142624 recvfrom(8, "?\340\201\203\0\1\0\0\0\1\0\0\rflux-sample-0\fflux-"..., 1024, 0, {sa_family=AF_INET, sin_port=htons(53), sin_addr=inet_addr("169.254.169.254")}, [28->16]) = 186
2023-05-18T13:37:04.142988041Z 13:37:04.142817 socket(AF_INET, SOCK_DGRAM|SOCK_CLOEXEC|SOCK_NONBLOCK, IPPROTO_IP) = 8
2023-05-18T13:37:04.143212631Z 13:37:04.142890 connect(8, {sa_family=AF_INET, sin_port=htons(53), sin_addr=inet_addr("169.254.169.254")}, 16) = 0
2023-05-18T13:37:04.143250941Z 13:37:04.142996 sendto(8, "Bh\1\0\0\1\0\0\0\0\0\0\rflux-sample-0\fflux-"..., 92, MSG_NOSIGNAL, NULL, 0) = 92
2023-05-18T13:37:04.151024046Z 13:37:04.150694 recvfrom(8, "Bh\201\203\0\1\0\0\0\1\0\0\rflux-sample-0\fflux-"..., 1024, 0, {sa_family=AF_INET, sin_port=htons(53), sin_addr=inet_addr("169.254.169.254")}, [28->16]) = 181
2023-05-18T13:37:04.151136228Z broker.err[2]: Warning: unable to resolve upstream peer flux-sample-0.flux-service.flux-operator.svc.cluster.local: Name or service not known
2023-05-18T13:37:04.158078799Z broker.info[2]: start: none->join 1.77307ms
2023-05-18T13:37:04.996689573Z broker.info[2]: parent-ready: join->init 0.838486s
2023-05-18T13:37:04.996859547Z 13:37:04.996618 socketpair(AF_UNIX, SOCK_STREAM|SOCK_CLOEXEC, 0, [22, 23]) = 0
2023-05-18T13:37:04.996938561Z 13:37:04.996768 socketpair(AF_UNIX, SOCK_STREAM, 0, [24, 25]) = 0
2023-05-18T13:37:04.997185009Z 13:37:04.996999 socketpair(AF_UNIX, SOCK_STREAM, 0, [26, 27]) = 0
2023-05-18T13:37:04.997457940Z 13:37:04.997269 socketpair(AF_UNIX, SOCK_STREAM, 0, [28, 29]) = 0
2023-05-18T13:37:05.025667152Z broker.info[2]: configuration updated
2023-05-18T13:37:05.171330006Z broker.info[2]: rc1.0: running /etc/flux/rc1.d/01-sched-fluxion
2023-05-18T13:37:05.185349955Z broker.info[2]: rc1.0: running /etc/flux/rc1.d/02-cron
2023-05-18T13:37:05.222117352Z broker.info[2]: rc1.0: /etc/flux/rc1 Exited (rc=0) 0.2s
2023-05-18T13:37:05.223363343Z broker.info[2]: rc1-success: init->quorum 0.226564s
2023-05-18T13:37:05.442189973Z broker.info[2]: quorum-full: quorum->run 0.218388s
2023-05-18T13:37:17.211287130Z broker.info[2]: shutdown: run->cleanup 11.7603s
2023-05-18T13:37:17.211351464Z broker.info[2]: cleanup-none: cleanup->shutdown 0.749872ms
2023-05-18T13:37:17.211359469Z broker.info[2]: children-none: shutdown->finalize 0.622239ms
2023-05-18T13:37:17.211364864Z 13:37:17.204564 socketpair(AF_UNIX, SOCK_STREAM|SOCK_CLOEXEC, 0, [22, 23]) = 0
2023-05-18T13:37:17.211369742Z 13:37:17.204709 socketpair(AF_UNIX, SOCK_STREAM, 0, [24, 25]) = 0
2023-05-18T13:37:17.211377662Z 13:37:17.204877 socketpair(AF_UNIX, SOCK_STREAM, 0, [26, 28]) = 0
2023-05-18T13:37:17.211385068Z 13:37:17.205034 socketpair(AF_UNIX, SOCK_STREAM, 0, [58, 59]) = 0
2023-05-18T13:37:17.233650974Z broker.info[2]: rc3.0: running /etc/flux/rc3.d/01-sched-fluxion
2023-05-18T13:37:17.368748892Z broker.info[2]: rc3.0: /etc/flux/rc3 Exited (rc=0) 0.2s
2023-05-18T13:37:17.370041610Z broker.info[2]: rc3-success: finalize->goodbye 0.165252s
2023-05-18T13:37:17.372092219Z broker.info[2]: goodbye: goodbye->exit 1.4265ms
2023-05-18T13:37:17.380517857Z 13:37:17.380322 +++ exited with 0 +++
2023-05-18T13:37:17.381728942Z Return value for follower worker is 0
2023-05-18T13:37:17.381760869Z The follower worker exited cleanly. Goodbye!
