2023-05-18T12:58:42.078176832Z
2023-05-18T12:58:42.078245384Z Flux username: flux
2023-05-18T12:58:42.078254157Z
2023-05-18T12:58:42.078260262Z Flux install root: /usr
2023-05-18T12:58:42.126834935Z flux user is already added.
2023-05-18T12:58:42.131313469Z flux user identifiers:
2023-05-18T12:58:42.131351759Z uid=1234(flux) gid=1234(flux) groups=1234(flux)
2023-05-18T12:58:42.131524692Z
2023-05-18T12:58:42.131537162Z As Flux prefix for flux commands: sudo -u flux -E PYTHONPATH=/opt/conda/lib/python3.10/site-packages -E PATH=/opt/conda/bin:/usr/local/sbin:/usr/local/bin:/usr/sbin:/usr/bin:/sbin:/bin -E LD_LIBRARY_PATH=/opt/conda/lib -E HOME=/home/flux
2023-05-18T12:58:42.140304080Z
2023-05-18T12:58:42.140335895Z ðŸ‘‹ Hello, I'm flux-sample-2
2023-05-18T12:58:42.140489577Z The main host is flux-sample-0
2023-05-18T12:58:42.140500749Z The working directory is /home/flux/examples/reaxff/HNS, contents include:
2023-05-18T12:58:42.142611927Z /home/flux/examples/reaxff/HNS:
2023-05-18T12:58:42.142772003Z README.txt	ffield.reax.hns  log.8Mar18.reaxc.hns.g++.1
2023-05-18T12:58:42.142791833Z data.hns-equil	in.reaxc.hns	 log.8Mar18.reaxc.hns.g++.4
2023-05-18T12:58:42.143227496Z End of file listing, if you see nothing above there are no files.
2023-05-18T12:58:42.145166609Z flux R encode --hosts=flux-sample-[0-3]
2023-05-18T12:58:42.162041698Z
2023-05-18T12:58:42.162163007Z ðŸ“¦ Resources
2023-05-18T12:58:42.164388313Z {"version": 1, "execution": {"R_lite": [{"rank": "0-3", "children": {"core": "0"}}], "starttime": 0.0, "expiration": 0.0, "nodelist": ["flux-sample-[0-3]"]}}
2023-05-18T12:58:42.164639369Z
2023-05-18T12:58:42.164654273Z ðŸ¸ Diagnostics: false
2023-05-18T12:58:42.164894394Z ðŸš©ï¸ Flux Option Flags defined
2023-05-18T12:58:42.169079872Z
2023-05-18T12:58:42.169101105Z ðŸ¦Š Independent Minister of Privilege
2023-05-18T12:58:42.170380462Z [exec]
2023-05-18T12:58:42.170397535Z allowed-users = [ "flux", "root" ]
2023-05-18T12:58:42.170403887Z allowed-shells = [ "/usr/libexec/flux/flux-shell" ]
2023-05-18T12:58:42.170579403Z
2023-05-18T12:58:42.170592791Z ðŸ¸ Broker Configuration
2023-05-18T12:58:42.171804150Z # Flux needs to know the path to the IMP executable
2023-05-18T12:58:42.171819890Z [exec]
2023-05-18T12:58:42.171825703Z imp = "/usr/libexec/flux/flux-imp"
2023-05-18T12:58:42.171830425Z
2023-05-18T12:58:42.171834975Z [access]
2023-05-18T12:58:42.171842571Z allow-guest-user = true
2023-05-18T12:58:42.171849346Z allow-root-owner = true
2023-05-18T12:58:42.171854655Z
2023-05-18T12:58:42.171859770Z # Point to resource definition generated with flux-R(1).
2023-05-18T12:58:42.171864795Z [resource]
2023-05-18T12:58:42.171870815Z path = "/etc/flux/system/R"
2023-05-18T12:58:42.171875127Z
2023-05-18T12:58:42.171879891Z [bootstrap]
2023-05-18T12:58:42.171887213Z curve_cert = "/etc/curve/curve.cert"
2023-05-18T12:58:42.171893003Z default_port = 8050
2023-05-18T12:58:42.171897743Z default_bind = "tcp://eth0:%p"
2023-05-18T12:58:42.171903586Z default_connect = "tcp://%h.flux-service.flux-operator.svc.cluster.local:%p"
2023-05-18T12:58:42.171908572Z hosts = [
2023-05-18T12:58:42.171913256Z 	{ host="flux-sample-[0-3]"},
2023-05-18T12:58:42.171917763Z ]
2023-05-18T12:58:42.171922486Z
2023-05-18T12:58:42.171935959Z [archive]
2023-05-18T12:58:42.171954182Z dbpath = "/var/lib/flux/job-archive.sqlite"
2023-05-18T12:58:42.171959595Z period = "1m"
2023-05-18T12:58:42.270671382Z busytimeout = "50s"
2023-05-18T12:58:42.270699185Z ðŸ§Šï¸ State Directory:
2023-05-18T12:58:42.270704907Z total 0
2023-05-18T12:58:42.270709415Z
2023-05-18T12:58:42.276808719Z
2023-05-18T12:58:42.276925900Z ðŸ”’ï¸ Working directory permissions:
2023-05-18T12:58:42.276932958Z total 96
2023-05-18T12:58:42.276941032Z -rwxrwxrwx 1 flux root  2517 May 17 22:32 README.txt
2023-05-18T12:58:42.276947653Z -rwxrwxrwx 1 flux root 54692 May 17 22:32 data.hns-equil
2023-05-18T12:58:42.276952694Z -rwxrwxrwx 1 flux root 13576 May 17 22:32 ffield.reax.hns
2023-05-18T12:58:42.276957627Z -rwxrwxrwx 1 flux root   870 May 17 22:32 in.reaxc.hns
2023-05-18T12:58:42.276963590Z -rwxrwxrwx 1 flux root  4172 May 17 22:32 log.8Mar18.reaxc.hns.g++.1
2023-05-18T12:58:42.276989378Z -rwxrwxrwx 1 flux root  4168 May 17 22:32 log.8Mar18.reaxc.hns.g++.4
2023-05-18T12:58:42.276994091Z
2023-05-18T12:58:42.277004226Z
2023-05-18T12:58:42.277010215Z âœ¨ Curve certificate generated by helper pod
2023-05-18T12:58:42.278445515Z #   ****  Generated on 2023-04-26 22:54:42 by CZMQ  ****
2023-05-18T12:58:42.278770807Z #   ZeroMQ CURVE **Secret** Certificate
2023-05-18T12:58:42.278780880Z #   DO NOT PROVIDE THIS FILE TO OTHER USERS nor change its permissions.
2023-05-18T12:58:42.278788871Z
2023-05-18T12:58:42.278794627Z metadata
2023-05-18T12:58:42.278811005Z     name = "flux-cert-generator"
2023-05-18T12:58:42.278816547Z     keygen.hostname = "flux-sample-0"
2023-05-18T12:58:42.278821430Z curve
2023-05-18T12:58:42.278826622Z     public-key = "/{zT1/]lo&(?H&k{lCd4}8O>bp@:9AP)H+)WFWNP"
2023-05-18T12:58:42.278833756Z     secret-key = "(f7Tw.cxN/H@b[qRTFlmfKLrdB=FC[:8lFPNevB["
2023-05-18T12:58:42.281883506Z
2023-05-18T12:58:42.281904430Z ðŸŒ€  flux start --wrap=strace,-e,network,-tt -o --config /etc/flux/config -Scron.directory=/etc/flux/system/cron.d   -Stbon.fanout=256   -Srundir=/run/flux    -Sstatedir=/var/lib/flux   -Slocal-uri=local:///run/flux/local -Stbon.connect_timeout=6s  -Stbon.zmqdebug=1  -Slog-stderr-level=6    -Slog-stderr-mode=local
2023-05-18T12:58:42.337908338Z 12:58:42.337533 socket(AF_NETLINK, SOCK_RAW, NETLINK_ROUTE) = 8
2023-05-18T12:58:42.338020075Z 12:58:42.337796 bind(8, {sa_family=AF_NETLINK, nl_pid=0, nl_groups=00000000}, 12) = 0
2023-05-18T12:58:42.338109784Z 12:58:42.337931 getsockname(8, {sa_family=AF_NETLINK, nl_pid=70, nl_groups=00000000}, [12]) = 0
2023-05-18T12:58:42.338403926Z 12:58:42.338047 sendto(8, {{len=20, type=RTM_GETADDR, flags=NLM_F_REQUEST|NLM_F_DUMP, seq=1684414722, pid=0}, {ifa_family=AF_UNSPEC, ...}}, 20, 0, {sa_family=AF_NETLINK, nl_pid=0, nl_groups=00000000}, 12) = 20
2023-05-18T12:58:42.338853040Z 12:58:42.338384 recvmsg(8, {msg_name={sa_family=AF_NETLINK, nl_pid=0, nl_groups=00000000}, msg_namelen=12, msg_iov=[{iov_base=[{{len=76, type=RTM_NEWADDR, flags=NLM_F_MULTI, seq=1684414722, pid=70}, {ifa_family=AF_INET, ifa_prefixlen=8, ifa_flags=IFA_F_PERMANENT, ifa_scope=RT_SCOPE_HOST, ifa_index=if_nametoindex("lo")}, [{{nla_len=8, nla_type=IFA_ADDRESS}, 127.0.0.1}, {{nla_len=8, nla_type=IFA_LOCAL}, 127.0.0.1}, {{nla_len=7, nla_type=IFA_LABEL}, "lo"}, {{nla_len=8, nla_type=IFA_FLAGS}, IFA_F_PERMANENT}, {{nla_len=20, nla_type=IFA_CACHEINFO}, {ifa_prefered=4294967295, ifa_valid=4294967295, cstamp=2046467, tstamp=2046467}}]}, {{len=88, type=RTM_NEWADDR, flags=NLM_F_MULTI, seq=1684414722, pid=70}, {ifa_family=AF_INET, ifa_prefixlen=24, ifa_flags=IFA_F_PERMANENT, ifa_scope=RT_SCOPE_UNIVERSE, ifa_index=if_nametoindex("eth0")}, [{{nla_len=8, nla_type=IFA_ADDRESS}, 10.24.3.84}, {{nla_len=8, nla_type=IFA_LOCAL}, 10.24.3.84}, {{nla_len=8, nla_type=IFA_BROADCAST}, 10.24.3.255}, {{nla_len=9, nla_type=IFA_LABEL}, "eth0"}, {{nla_len=8, nla_type=IFA_FLAGS}, IFA_F_PERMANENT}, {{nla_len=20, nla_type=IFA_CACHEINFO}, {ifa_prefered=4294967295, ifa_valid=4294967295, cstamp=2046469, tstamp=2046469}}]}], iov_len=4096}], msg_iovlen=1, msg_controllen=0, msg_flags=0}, 0) = 164
2023-05-18T12:58:42.339064466Z 12:58:42.338805 recvmsg(8, {msg_name={sa_family=AF_NETLINK, nl_pid=0, nl_groups=00000000}, msg_namelen=12, msg_iov=[{iov_base={{len=20, type=NLMSG_DONE, flags=NLM_F_MULTI, seq=1684414722, pid=70}, 0}, iov_len=4096}], msg_iovlen=1, msg_controllen=0, msg_flags=0}, 0) = 20
2023-05-18T12:58:42.339809089Z 12:58:42.339662 socket(AF_UNIX, SOCK_STREAM|SOCK_CLOEXEC|SOCK_NONBLOCK, 0) = 8
2023-05-18T12:58:42.339901929Z 12:58:42.339763 connect(8, {sa_family=AF_UNIX, sun_path="/var/run/nscd/socket"}, 110) = -1 ENOENT (No such file or directory)
2023-05-18T12:58:42.340124898Z 12:58:42.339948 socket(AF_UNIX, SOCK_STREAM|SOCK_CLOEXEC|SOCK_NONBLOCK, 0) = 8
2023-05-18T12:58:42.340254360Z 12:58:42.340094 connect(8, {sa_family=AF_UNIX, sun_path="/var/run/nscd/socket"}, 110) = -1 ENOENT (No such file or directory)
2023-05-18T12:58:42.341809719Z 12:58:42.341656 socket(AF_INET, SOCK_DGRAM|SOCK_CLOEXEC|SOCK_NONBLOCK, IPPROTO_IP) = 8
2023-05-18T12:58:42.341970337Z 12:58:42.341766 connect(8, {sa_family=AF_INET, sin_port=htons(53), sin_addr=inet_addr("169.254.169.254")}, 16) = 0
2023-05-18T12:58:42.342474524Z 12:58:42.342006 sendto(8, "\352\352\1\0\0\1\0\0\0\0\0\0\rflux-sample-0\fflux-"..., 76, MSG_NOSIGNAL, NULL, 0) = 76
2023-05-18T12:58:42.346269895Z 12:58:42.346029 recvfrom(8, "\352\352\201\203\0\1\0\0\0\1\0\0\rflux-sample-0\fflux-"..., 1024, 0, {sa_family=AF_INET, sin_port=htons(53), sin_addr=inet_addr("169.254.169.254")}, [28->16]) = 172
2023-05-18T12:58:42.346516356Z 12:58:42.346298 socket(AF_INET, SOCK_DGRAM|SOCK_CLOEXEC|SOCK_NONBLOCK, IPPROTO_IP) = 8
2023-05-18T12:58:42.346644373Z 12:58:42.346484 connect(8, {sa_family=AF_INET, sin_port=htons(53), sin_addr=inet_addr("169.254.169.254")}, 16) = 0
2023-05-18T12:58:42.346907608Z 12:58:42.346663 sendto(8, "c\323\1\0\0\1\0\0\0\0\0\0\rflux-sample-0\fflux-"..., 108, MSG_NOSIGNAL, NULL, 0) = 108
2023-05-18T12:58:42.352141553Z 12:58:42.351811 recvfrom(8, "c\323\201\203\0\1\0\0\0\1\0\0\rflux-sample-0\fflux-"..., 1024, 0, {sa_family=AF_INET, sin_port=htons(53), sin_addr=inet_addr("169.254.169.254")}, [28->16]) = 204
2023-05-18T12:58:42.352467754Z 12:58:42.352238 socket(AF_INET, SOCK_DGRAM|SOCK_CLOEXEC|SOCK_NONBLOCK, IPPROTO_IP) = 8
2023-05-18T12:58:42.352724956Z 12:58:42.352383 connect(8, {sa_family=AF_INET, sin_port=htons(53), sin_addr=inet_addr("169.254.169.254")}, 16) = 0
2023-05-18T12:58:42.353035897Z 12:58:42.352685 sendto(8, "\355!\1\0\0\1\0\0\0\0\0\0\rflux-sample-0\fflux-"..., 94, MSG_NOSIGNAL, NULL, 0) = 94
2023-05-18T12:58:42.356761826Z 12:58:42.356493 recvfrom(8, "\355!\201\203\0\1\0\0\0\1\0\0\rflux-sample-0\fflux-"..., 1024, 0, {sa_family=AF_INET, sin_port=htons(53), sin_addr=inet_addr("169.254.169.254")}, [28->16]) = 190
2023-05-18T12:58:42.357017094Z 12:58:42.356838 socket(AF_INET, SOCK_DGRAM|SOCK_CLOEXEC|SOCK_NONBLOCK, IPPROTO_IP) = 8
2023-05-18T12:58:42.357209551Z 12:58:42.356972 connect(8, {sa_family=AF_INET, sin_port=htons(53), sin_addr=inet_addr("169.254.169.254")}, 16) = 0
2023-05-18T12:58:42.357494570Z 12:58:42.357232 sendto(8, "\241\271\1\0\0\1\0\0\0\0\0\0\rflux-sample-0\fflux-"..., 90, MSG_NOSIGNAL, NULL, 0) = 90
2023-05-18T12:58:42.360378665Z 12:58:42.360135 recvfrom(8, "\241\271\201\203\0\1\0\0\0\1\0\0\rflux-sample-0\fflux-"..., 1024, 0, {sa_family=AF_INET, sin_port=htons(53), sin_addr=inet_addr("169.254.169.254")}, [28->16]) = 186
2023-05-18T12:58:42.360602839Z 12:58:42.360436 socket(AF_INET, SOCK_DGRAM|SOCK_CLOEXEC|SOCK_NONBLOCK, IPPROTO_IP) = 8
2023-05-18T12:58:42.360858055Z 12:58:42.360566 connect(8, {sa_family=AF_INET, sin_port=htons(53), sin_addr=inet_addr("169.254.169.254")}, 16) = 0
2023-05-18T12:58:42.361202054Z 12:58:42.360873 sendto(8, "I\16\1\0\0\1\0\0\0\0\0\0\rflux-sample-0\fflux-"..., 111, MSG_NOSIGNAL, NULL, 0) = 111
2023-05-18T12:58:42.367256667Z 12:58:42.366966 recvfrom(8, "I\16\201\203\0\1\0\0\0\1\0\0\rflux-sample-0\fflux-"..., 1024, 0, {sa_family=AF_INET, sin_port=htons(53), sin_addr=inet_addr("169.254.169.254")}, [28->16]) = 205
2023-05-18T12:58:42.367532774Z 12:58:42.367386 socket(AF_INET, SOCK_DGRAM|SOCK_CLOEXEC|SOCK_NONBLOCK, IPPROTO_IP) = 8
2023-05-18T12:58:42.367615592Z 12:58:42.367486 connect(8, {sa_family=AF_INET, sin_port=htons(53), sin_addr=inet_addr("169.254.169.254")}, 16) = 0
2023-05-18T12:58:42.367908029Z 12:58:42.367657 sendto(8, "\243$\1\0\0\1\0\0\0\0\0\0\rflux-sample-0\fflux-"..., 97, MSG_NOSIGNAL, NULL, 0) = 97
2023-05-18T12:58:42.374091389Z 12:58:42.373793 recvfrom(8, "\243$\201\203\0\1\0\0\0\1\0\0\rflux-sample-0\fflux-"..., 1024, 0, {sa_family=AF_INET, sin_port=htons(53), sin_addr=inet_addr("169.254.169.254")}, [28->16]) = 186
2023-05-18T12:58:42.374298007Z 12:58:42.374120 socket(AF_INET, SOCK_DGRAM|SOCK_CLOEXEC|SOCK_NONBLOCK, IPPROTO_IP) = 8
2023-05-18T12:58:42.374464033Z 12:58:42.374283 connect(8, {sa_family=AF_INET, sin_port=htons(53), sin_addr=inet_addr("169.254.169.254")}, 16) = 0
2023-05-18T12:58:42.374801729Z 12:58:42.374524 sendto(8, "\1B\1\0\0\1\0\0\0\0\0\0\rflux-sample-0\fflux-"..., 92, MSG_NOSIGNAL, NULL, 0) = 92
2023-05-18T12:58:42.379966862Z 12:58:42.379576 recvfrom(8, "\1B\201\203\0\1\0\0\0\1\0\0\rflux-sample-0\fflux-"..., 1024, 0, {sa_family=AF_INET, sin_port=htons(53), sin_addr=inet_addr("169.254.169.254")}, [28->16]) = 181
2023-05-18T12:58:42.380300182Z broker.err[2]: Warning: unable to resolve upstream peer flux-sample-0.flux-service.flux-operator.svc.cluster.local: Name or service not known
2023-05-18T12:58:42.386309719Z broker.info[2]: start: none->join 1.84726ms
2023-05-18T12:58:43.509036851Z broker.info[2]: parent-ready: join->init 1.1224s
2023-05-18T12:58:43.509490051Z 12:58:43.509201 socketpair(AF_UNIX, SOCK_STREAM|SOCK_CLOEXEC, 0, [22, 23]) = 0
2023-05-18T12:58:43.509601685Z 12:58:43.509385 socketpair(AF_UNIX, SOCK_STREAM, 0, [24, 25]) = 0
2023-05-18T12:58:43.510002523Z 12:58:43.509735 socketpair(AF_UNIX, SOCK_STREAM, 0, [26, 27]) = 0
2023-05-18T12:58:43.510231904Z 12:58:43.510007 socketpair(AF_UNIX, SOCK_STREAM, 0, [28, 29]) = 0
2023-05-18T12:58:43.536490242Z broker.info[2]: configuration updated
2023-05-18T12:58:43.667100841Z broker.info[2]: rc1.0: running /etc/flux/rc1.d/01-sched-fluxion
2023-05-18T12:58:43.679546862Z broker.info[2]: rc1.0: running /etc/flux/rc1.d/02-cron
2023-05-18T12:58:43.712422588Z broker.info[2]: rc1.0: /etc/flux/rc1 Exited (rc=0) 0.2s
2023-05-18T12:58:43.713677348Z broker.info[2]: rc1-success: init->quorum 0.204177s
2023-05-18T12:58:43.867977470Z broker.info[2]: quorum-full: quorum->run 0.15398s
2023-05-18T12:58:55.507871459Z broker.info[2]: shutdown: run->cleanup 11.6391s
2023-05-18T12:58:55.509436264Z broker.info[2]: cleanup-none: cleanup->shutdown 1.5111ms
2023-05-18T12:58:55.510930741Z broker.info[2]: children-none: shutdown->finalize 1.28676ms
2023-05-18T12:58:55.511526444Z 12:58:55.510907 socketpair(AF_UNIX, SOCK_STREAM|SOCK_CLOEXEC, 0, [22, 23]) = 0
2023-05-18T12:58:55.511639168Z 12:58:55.511113 socketpair(AF_UNIX, SOCK_STREAM, 0, [24, 25]) = 0
2023-05-18T12:58:55.511649616Z 12:58:55.511313 socketpair(AF_UNIX, SOCK_STREAM, 0, [26, 28]) = 0
2023-05-18T12:58:55.511665073Z 12:58:55.511511 socketpair(AF_UNIX, SOCK_STREAM, 0, [58, 59]) = 0
2023-05-18T12:58:55.532346336Z broker.info[2]: rc3.0: running /etc/flux/rc3.d/01-sched-fluxion
2023-05-18T12:58:55.680843875Z broker.info[2]: rc3.0: /etc/flux/rc3 Exited (rc=0) 0.2s
2023-05-18T12:58:55.680892154Z broker.info[2]: rc3-success: finalize->goodbye 0.165627s
2023-05-18T12:58:55.680901927Z broker.info[2]: goodbye: goodbye->exit 0.695666ms
2023-05-18T12:58:55.684613920Z 12:58:55.684424 +++ exited with 0 +++
2023-05-18T12:58:55.686453383Z Return value for follower worker is 0
2023-05-18T12:58:55.686591081Z The follower worker exited cleanly. Goodbye!
