2023-05-18T08:04:59.359185364Z
2023-05-18T08:04:59.359237949Z Flux username: flux
2023-05-18T08:04:59.359244652Z
2023-05-18T08:04:59.359249568Z Flux install root: /usr
2023-05-18T08:04:59.409020094Z flux user is already added.
2023-05-18T08:04:59.411865892Z flux user identifiers:
2023-05-18T08:04:59.411887516Z uid=1234(flux) gid=1234(flux) groups=1234(flux)
2023-05-18T08:04:59.412075293Z
2023-05-18T08:04:59.412089673Z As Flux prefix for flux commands: sudo -u flux -E PYTHONPATH=/opt/conda/lib/python3.10/site-packages -E PATH=/opt/conda/bin:/usr/local/sbin:/usr/local/bin:/usr/sbin:/usr/bin:/sbin:/bin -E LD_LIBRARY_PATH=/opt/conda/lib -E HOME=/home/flux
2023-05-18T08:04:59.420378425Z
2023-05-18T08:04:59.420401606Z 👋 Hello, I'm flux-sample-1
2023-05-18T08:04:59.420551795Z The main host is flux-sample-0
2023-05-18T08:04:59.420668806Z The working directory is /home/flux/examples/reaxff/HNS, contents include:
2023-05-18T08:04:59.422512766Z /home/flux/examples/reaxff/HNS:
2023-05-18T08:04:59.422687282Z README.txt	ffield.reax.hns  log.8Mar18.reaxc.hns.g++.1
2023-05-18T08:04:59.422699297Z data.hns-equil	in.reaxc.hns	 log.8Mar18.reaxc.hns.g++.4
2023-05-18T08:04:59.423155358Z End of file listing, if you see nothing above there are no files.
2023-05-18T08:04:59.425537892Z flux R encode --hosts=flux-sample-[0-3]
2023-05-18T08:04:59.440375597Z
2023-05-18T08:04:59.440402859Z 📦 Resources
2023-05-18T08:04:59.442034165Z {"version": 1, "execution": {"R_lite": [{"rank": "0-3", "children": {"core": "0"}}], "starttime": 0.0, "expiration": 0.0, "nodelist": ["flux-sample-[0-3]"]}}
2023-05-18T08:04:59.442369006Z
2023-05-18T08:04:59.442386358Z 🐸 Diagnostics: false
2023-05-18T08:04:59.442590855Z 🚩️ Flux Option Flags defined
2023-05-18T08:04:59.446749312Z
2023-05-18T08:04:59.446768729Z 🦊 Independent Minister of Privilege
2023-05-18T08:04:59.447994849Z [exec]
2023-05-18T08:04:59.448012456Z allowed-users = [ "flux", "root" ]
2023-05-18T08:04:59.448019308Z allowed-shells = [ "/usr/libexec/flux/flux-shell" ]
2023-05-18T08:04:59.448268649Z
2023-05-18T08:04:59.448283010Z 🐸 Broker Configuration
2023-05-18T08:04:59.449557383Z # Flux needs to know the path to the IMP executable
2023-05-18T08:04:59.449574190Z [exec]
2023-05-18T08:04:59.449579922Z imp = "/usr/libexec/flux/flux-imp"
2023-05-18T08:04:59.449584520Z
2023-05-18T08:04:59.449589480Z [access]
2023-05-18T08:04:59.449594971Z allow-guest-user = true
2023-05-18T08:04:59.449600422Z allow-root-owner = true
2023-05-18T08:04:59.449604871Z
2023-05-18T08:04:59.449611841Z # Point to resource definition generated with flux-R(1).
2023-05-18T08:04:59.449617372Z [resource]
2023-05-18T08:04:59.449622690Z path = "/etc/flux/system/R"
2023-05-18T08:04:59.449627484Z
2023-05-18T08:04:59.449632711Z [bootstrap]
2023-05-18T08:04:59.449637615Z curve_cert = "/etc/curve/curve.cert"
2023-05-18T08:04:59.449642815Z default_port = 8050
2023-05-18T08:04:59.449647723Z default_bind = "tcp://eth0:%p"
2023-05-18T08:04:59.449658727Z default_connect = "tcp://%h.flux-service.flux-operator.svc.cluster.local:%p"
2023-05-18T08:04:59.449664287Z hosts = [
2023-05-18T08:04:59.449669035Z 	{ host="flux-sample-[0-3]"},
2023-05-18T08:04:59.449673761Z ]
2023-05-18T08:04:59.449678193Z
2023-05-18T08:04:59.449682793Z [archive]
2023-05-18T08:04:59.449687557Z dbpath = "/var/lib/flux/job-archive.sqlite"
2023-05-18T08:04:59.449692145Z period = "1m"
2023-05-18T08:04:59.530024320Z busytimeout = "50s"
2023-05-18T08:04:59.530068089Z 🧊️ State Directory:
2023-05-18T08:04:59.530076991Z total 0
2023-05-18T08:04:59.530084495Z
2023-05-18T08:04:59.532871832Z
2023-05-18T08:04:59.532896836Z 🔒️ Working directory permissions:
2023-05-18T08:04:59.532902880Z total 96
2023-05-18T08:04:59.532909197Z -rwxrwxrwx 1 flux root  2517 May 17 22:32 README.txt
2023-05-18T08:04:59.532913885Z -rwxrwxrwx 1 flux root 54692 May 17 22:32 data.hns-equil
2023-05-18T08:04:59.532918603Z -rwxrwxrwx 1 flux root 13576 May 17 22:32 ffield.reax.hns
2023-05-18T08:04:59.532923524Z -rwxrwxrwx 1 flux root   870 May 17 22:32 in.reaxc.hns
2023-05-18T08:04:59.532956537Z -rwxrwxrwx 1 flux root  4172 May 17 22:32 log.8Mar18.reaxc.hns.g++.1
2023-05-18T08:04:59.533010720Z -rwxrwxrwx 1 flux root  4168 May 17 22:32 log.8Mar18.reaxc.hns.g++.4
2023-05-18T08:04:59.533125208Z
2023-05-18T08:04:59.533450313Z
2023-05-18T08:04:59.533496122Z ✨ Curve certificate generated by helper pod
2023-05-18T08:04:59.535345307Z #   ****  Generated on 2023-04-26 22:54:42 by CZMQ  ****
2023-05-18T08:04:59.535368624Z #   ZeroMQ CURVE **Secret** Certificate
2023-05-18T08:04:59.535375835Z #   DO NOT PROVIDE THIS FILE TO OTHER USERS nor change its permissions.
2023-05-18T08:04:59.535380872Z
2023-05-18T08:04:59.535385736Z metadata
2023-05-18T08:04:59.535391236Z     name = "flux-cert-generator"
2023-05-18T08:04:59.535396209Z     keygen.hostname = "flux-sample-0"
2023-05-18T08:04:59.535400807Z curve
2023-05-18T08:04:59.535406061Z     public-key = "EL7h2/2Q/6K$Hq$[r]2TijbVWA50E<G4<TKnW=IQ"
2023-05-18T08:04:59.535440967Z     secret-key = "CB.VCzY$Gm=.2!uJKzTCWN79@LmD+ybSWQKxO>f+"
2023-05-18T08:04:59.537994189Z
2023-05-18T08:04:59.538122109Z 🌀  flux start --wrap=strace,-e,network,-tt -o --config /etc/flux/config -Scron.directory=/etc/flux/system/cron.d   -Stbon.fanout=256   -Srundir=/run/flux    -Sstatedir=/var/lib/flux   -Slocal-uri=local:///run/flux/local -Stbon.connect_timeout=6s  -Stbon.zmqdebug=1  -Slog-stderr-level=6    -Slog-stderr-mode=local
2023-05-18T08:04:59.580420618Z 08:04:59.579943 socket(AF_NETLINK, SOCK_RAW, NETLINK_ROUTE) = 8
2023-05-18T08:04:59.580831111Z 08:04:59.580507 bind(8, {sa_family=AF_NETLINK, nl_pid=0, nl_groups=00000000}, 12) = 0
2023-05-18T08:04:59.581110073Z 08:04:59.580896 getsockname(8, {sa_family=AF_NETLINK, nl_pid=70, nl_groups=00000000}, [12]) = 0
2023-05-18T08:04:59.581454791Z 08:04:59.581024 sendto(8, {{len=20, type=RTM_GETADDR, flags=NLM_F_REQUEST|NLM_F_DUMP, seq=1684397099, pid=0}, {ifa_family=AF_UNSPEC, ...}}, 20, 0, {sa_family=AF_NETLINK, nl_pid=0, nl_groups=00000000}, 12) = 20
2023-05-18T08:04:59.581946225Z 08:04:59.581376 recvmsg(8, {msg_name={sa_family=AF_NETLINK, nl_pid=0, nl_groups=00000000}, msg_namelen=12, msg_iov=[{iov_base=[{{len=76, type=RTM_NEWADDR, flags=NLM_F_MULTI, seq=1684397099, pid=70}, {ifa_family=AF_INET, ifa_prefixlen=8, ifa_flags=IFA_F_PERMANENT, ifa_scope=RT_SCOPE_HOST, ifa_index=if_nametoindex("lo")}, [{{nla_len=8, nla_type=IFA_ADDRESS}, 127.0.0.1}, {{nla_len=8, nla_type=IFA_LOCAL}, 127.0.0.1}, {{nla_len=7, nla_type=IFA_LABEL}, "lo"}, {{nla_len=8, nla_type=IFA_FLAGS}, IFA_F_PERMANENT}, {{nla_len=20, nla_type=IFA_CACHEINFO}, {ifa_prefered=4294967295, ifa_valid=4294967295, cstamp=284199, tstamp=284199}}]}, {{len=88, type=RTM_NEWADDR, flags=NLM_F_MULTI, seq=1684397099, pid=70}, {ifa_family=AF_INET, ifa_prefixlen=24, ifa_flags=IFA_F_PERMANENT, ifa_scope=RT_SCOPE_UNIVERSE, ifa_index=if_nametoindex("eth0")}, [{{nla_len=8, nla_type=IFA_ADDRESS}, 10.24.3.112}, {{nla_len=8, nla_type=IFA_LOCAL}, 10.24.3.112}, {{nla_len=8, nla_type=IFA_BROADCAST}, 10.24.3.255}, {{nla_len=9, nla_type=IFA_LABEL}, "eth0"}, {{nla_len=8, nla_type=IFA_FLAGS}, IFA_F_PERMANENT}, {{nla_len=20, nla_type=IFA_CACHEINFO}, {ifa_prefered=4294967295, ifa_valid=4294967295, cstamp=284202, tstamp=284202}}]}], iov_len=4096}], msg_iovlen=1, msg_controllen=0, msg_flags=0}, 0) = 164
2023-05-18T08:04:59.582035931Z 08:04:59.581807 recvmsg(8, {msg_name={sa_family=AF_NETLINK, nl_pid=0, nl_groups=00000000}, msg_namelen=12, msg_iov=[{iov_base={{len=20, type=NLMSG_DONE, flags=NLM_F_MULTI, seq=1684397099, pid=70}, 0}, iov_len=4096}], msg_iovlen=1, msg_controllen=0, msg_flags=0}, 0) = 20
2023-05-18T08:04:59.582695814Z 08:04:59.582510 socket(AF_UNIX, SOCK_STREAM|SOCK_CLOEXEC|SOCK_NONBLOCK, 0) = 8
2023-05-18T08:04:59.582816492Z 08:04:59.582594 connect(8, {sa_family=AF_UNIX, sun_path="/var/run/nscd/socket"}, 110) = -1 ENOENT (No such file or directory)
2023-05-18T08:04:59.582883134Z 08:04:59.582731 socket(AF_UNIX, SOCK_STREAM|SOCK_CLOEXEC|SOCK_NONBLOCK, 0) = 8
2023-05-18T08:04:59.582981007Z 08:04:59.582813 connect(8, {sa_family=AF_UNIX, sun_path="/var/run/nscd/socket"}, 110) = -1 ENOENT (No such file or directory)
2023-05-18T08:04:59.584992783Z 08:04:59.584731 socket(AF_INET, SOCK_DGRAM|SOCK_CLOEXEC|SOCK_NONBLOCK, IPPROTO_IP) = 8
2023-05-18T08:04:59.585296903Z 08:04:59.585030 connect(8, {sa_family=AF_INET, sin_port=htons(53), sin_addr=inet_addr("169.254.169.254")}, 16) = 0
2023-05-18T08:04:59.585698153Z 08:04:59.585277 sendto(8, "=\357\1\0\0\1\0\0\0\0\0\0\rflux-sample-0\fflux-"..., 76, MSG_NOSIGNAL, NULL, 0) = 76
2023-05-18T08:04:59.590173723Z 08:04:59.589927 recvfrom(8, "=\357\201\200\0\1\0\1\0\0\0\0\rflux-sample-0\fflux-"..., 1024, 0, {sa_family=AF_INET, sin_port=htons(53), sin_addr=inet_addr("169.254.169.254")}, [28->16]) = 92
2023-05-18T08:04:59.594446540Z broker.info[1]: start: none->join 1.68864ms
2023-05-18T08:05:05.796287128Z broker.info[1]: parent-ready: join->init 6.20166s
2023-05-18T08:05:05.796891120Z 08:05:05.796542 socketpair(AF_UNIX, SOCK_STREAM|SOCK_CLOEXEC, 0, [22, 23]) = 0
2023-05-18T08:05:05.797225897Z 08:05:05.796961 socketpair(AF_UNIX, SOCK_STREAM, 0, [24, 25]) = 0
2023-05-18T08:05:05.797625428Z 08:05:05.797388 socketpair(AF_UNIX, SOCK_STREAM, 0, [26, 27]) = 0
2023-05-18T08:05:05.798061822Z 08:05:05.797788 socketpair(AF_UNIX, SOCK_STREAM, 0, [28, 29]) = 0
2023-05-18T08:05:05.829172882Z broker.info[1]: configuration updated
2023-05-18T08:05:05.974760408Z broker.info[1]: rc1.0: running /etc/flux/rc1.d/01-sched-fluxion
2023-05-18T08:05:05.989579031Z broker.info[1]: rc1.0: running /etc/flux/rc1.d/02-cron
2023-05-18T08:05:06.027346766Z broker.info[1]: rc1.0: /etc/flux/rc1 Exited (rc=0) 0.2s
2023-05-18T08:05:06.028201758Z broker.info[1]: rc1-success: init->quorum 0.231475s
2023-05-18T08:05:06.244528478Z broker.info[1]: quorum-full: quorum->run 0.215838s
2023-05-18T08:05:17.107593965Z broker.info[1]: shutdown: run->cleanup 10.8628s
2023-05-18T08:05:17.108739171Z broker.info[1]: cleanup-none: cleanup->shutdown 0.925479ms
2023-05-18T08:05:17.110418276Z broker.info[1]: children-none: shutdown->finalize 0.947631ms
2023-05-18T08:05:17.110849097Z 08:05:17.110593 socketpair(AF_UNIX, SOCK_STREAM|SOCK_CLOEXEC, 0, [22, 23]) = 0
2023-05-18T08:05:17.111040612Z 08:05:17.110829 socketpair(AF_UNIX, SOCK_STREAM, 0, [24, 25]) = 0
2023-05-18T08:05:17.111455805Z 08:05:17.111212 socketpair(AF_UNIX, SOCK_STREAM, 0, [26, 28]) = 0
2023-05-18T08:05:17.111807280Z 08:05:17.111581 socketpair(AF_UNIX, SOCK_STREAM, 0, [58, 59]) = 0
2023-05-18T08:05:17.130514523Z broker.info[1]: rc3.0: running /etc/flux/rc3.d/01-sched-fluxion
2023-05-18T08:05:17.269080547Z broker.info[1]: rc3.0: /etc/flux/rc3 Exited (rc=0) 0.2s
2023-05-18T08:05:17.269715668Z broker.info[1]: rc3-success: finalize->goodbye 0.158961s
2023-05-18T08:05:17.271210398Z broker.info[1]: goodbye: goodbye->exit 1.0772ms
2023-05-18T08:05:17.277985163Z 08:05:17.277799 +++ exited with 0 +++
2023-05-18T08:05:17.279109418Z Return value for follower worker is 0
2023-05-18T08:05:17.279134162Z The follower worker exited cleanly. Goodbye!
