2023-05-18T08:20:03.281380171Z
2023-05-18T08:20:03.282598349Z Flux username: flux
2023-05-18T08:20:03.282613911Z
2023-05-18T08:20:03.282620257Z Flux install root: /usr
2023-05-18T08:20:03.327379205Z flux user is already added.
2023-05-18T08:20:03.330158527Z flux user identifiers:
2023-05-18T08:20:03.330192194Z uid=1234(flux) gid=1234(flux) groups=1234(flux)
2023-05-18T08:20:03.330443772Z
2023-05-18T08:20:03.330466060Z As Flux prefix for flux commands: sudo -u flux -E PYTHONPATH=/opt/conda/lib/python3.10/site-packages -E PATH=/opt/conda/bin:/usr/local/sbin:/usr/local/bin:/usr/sbin:/usr/bin:/sbin:/bin -E LD_LIBRARY_PATH=/opt/conda/lib -E HOME=/home/flux
2023-05-18T08:20:03.338544001Z
2023-05-18T08:20:03.338564531Z ðŸ‘‹ Hello, I'm flux-sample-3
2023-05-18T08:20:03.338678750Z The main host is flux-sample-0
2023-05-18T08:20:03.338689426Z The working directory is /home/flux/examples/reaxff/HNS, contents include:
2023-05-18T08:20:03.340288237Z /home/flux/examples/reaxff/HNS:
2023-05-18T08:20:03.340388314Z README.txt	ffield.reax.hns  log.8Mar18.reaxc.hns.g++.1
2023-05-18T08:20:03.340398670Z data.hns-equil	in.reaxc.hns	 log.8Mar18.reaxc.hns.g++.4
2023-05-18T08:20:03.340615542Z End of file listing, if you see nothing above there are no files.
2023-05-18T08:20:03.342425743Z flux R encode --hosts=flux-sample-[0-3]
2023-05-18T08:20:03.355587996Z
2023-05-18T08:20:03.355607507Z ðŸ“¦ Resources
2023-05-18T08:20:03.357104149Z {"version": 1, "execution": {"R_lite": [{"rank": "0-3", "children": {"core": "0"}}], "starttime": 0.0, "expiration": 0.0, "nodelist": ["flux-sample-[0-3]"]}}
2023-05-18T08:20:03.357368510Z
2023-05-18T08:20:03.357384581Z ðŸ¸ Diagnostics: false
2023-05-18T08:20:03.357532418Z ðŸš©ï¸ Flux Option Flags defined
2023-05-18T08:20:03.361576466Z
2023-05-18T08:20:03.361594028Z ðŸ¦Š Independent Minister of Privilege
2023-05-18T08:20:03.362797747Z [exec]
2023-05-18T08:20:03.362813496Z allowed-users = [ "flux", "root" ]
2023-05-18T08:20:03.362821548Z allowed-shells = [ "/usr/libexec/flux/flux-shell" ]
2023-05-18T08:20:03.363008300Z
2023-05-18T08:20:03.363019904Z ðŸ¸ Broker Configuration
2023-05-18T08:20:03.364286324Z # Flux needs to know the path to the IMP executable
2023-05-18T08:20:03.364302361Z [exec]
2023-05-18T08:20:03.364308140Z imp = "/usr/libexec/flux/flux-imp"
2023-05-18T08:20:03.364315100Z
2023-05-18T08:20:03.364321423Z [access]
2023-05-18T08:20:03.364327140Z allow-guest-user = true
2023-05-18T08:20:03.364331974Z allow-root-owner = true
2023-05-18T08:20:03.364336441Z
2023-05-18T08:20:03.364341101Z # Point to resource definition generated with flux-R(1).
2023-05-18T08:20:03.364345942Z [resource]
2023-05-18T08:20:03.364350783Z path = "/etc/flux/system/R"
2023-05-18T08:20:03.364357325Z
2023-05-18T08:20:03.364363156Z [bootstrap]
2023-05-18T08:20:03.364374664Z curve_cert = "/etc/curve/curve.cert"
2023-05-18T08:20:03.364380250Z default_port = 8050
2023-05-18T08:20:03.364384980Z default_bind = "tcp://eth0:%p"
2023-05-18T08:20:03.364390423Z default_connect = "tcp://%h.flux-service.flux-operator.svc.cluster.local:%p"
2023-05-18T08:20:03.364395052Z hosts = [
2023-05-18T08:20:03.364399658Z 	{ host="flux-sample-[0-3]"},
2023-05-18T08:20:03.364406696Z ]
2023-05-18T08:20:03.364411869Z
2023-05-18T08:20:03.364416943Z [archive]
2023-05-18T08:20:03.364421820Z dbpath = "/var/lib/flux/job-archive.sqlite"
2023-05-18T08:20:03.364426372Z period = "1m"
2023-05-18T08:20:03.439001845Z busytimeout = "50s"
2023-05-18T08:20:03.439023468Z ðŸ§Šï¸ State Directory:
2023-05-18T08:20:03.439029377Z total 0
2023-05-18T08:20:03.439127515Z
2023-05-18T08:20:03.442630631Z
2023-05-18T08:20:03.442651103Z ðŸ”’ï¸ Working directory permissions:
2023-05-18T08:20:03.442657212Z total 96
2023-05-18T08:20:03.442662613Z -rwxrwxrwx 1 flux root  2517 May 17 22:32 README.txt
2023-05-18T08:20:03.442669959Z -rwxrwxrwx 1 flux root 54692 May 17 22:32 data.hns-equil
2023-05-18T08:20:03.442676648Z -rwxrwxrwx 1 flux root 13576 May 17 22:32 ffield.reax.hns
2023-05-18T08:20:03.442682213Z -rwxrwxrwx 1 flux root   870 May 17 22:32 in.reaxc.hns
2023-05-18T08:20:03.442687806Z -rwxrwxrwx 1 flux root  4172 May 17 22:32 log.8Mar18.reaxc.hns.g++.1
2023-05-18T08:20:03.442704936Z -rwxrwxrwx 1 flux root  4168 May 17 22:32 log.8Mar18.reaxc.hns.g++.4
2023-05-18T08:20:03.442710258Z
2023-05-18T08:20:03.442793531Z
2023-05-18T08:20:03.442804381Z âœ¨ Curve certificate generated by helper pod
2023-05-18T08:20:03.444246288Z #   ****  Generated on 2023-04-26 22:54:42 by CZMQ  ****
2023-05-18T08:20:03.444262845Z #   ZeroMQ CURVE **Secret** Certificate
2023-05-18T08:20:03.444268576Z #   DO NOT PROVIDE THIS FILE TO OTHER USERS nor change its permissions.
2023-05-18T08:20:03.444275491Z
2023-05-18T08:20:03.444281539Z metadata
2023-05-18T08:20:03.444286745Z     name = "flux-cert-generator"
2023-05-18T08:20:03.444291668Z     keygen.hostname = "flux-sample-0"
2023-05-18T08:20:03.444296483Z curve
2023-05-18T08:20:03.444301379Z     public-key = "p!R+HaxMOOVKcl%ac9pH.B>^iY](SP1^Vk(BHDQw"
2023-05-18T08:20:03.444306163Z     secret-key = "0XYGwD/jo}Uov?9/r:Z7Si7JlpxYLMsjZT[+:27X"
2023-05-18T08:20:03.446184833Z
2023-05-18T08:20:03.446211563Z ðŸŒ€  flux start --wrap=strace,-e,network,-tt -o --config /etc/flux/config -Scron.directory=/etc/flux/system/cron.d   -Stbon.fanout=256   -Srundir=/run/flux    -Sstatedir=/var/lib/flux   -Slocal-uri=local:///run/flux/local -Stbon.connect_timeout=7s  -Stbon.zmqdebug=1  -Slog-stderr-level=6    -Slog-stderr-mode=local
2023-05-18T08:20:03.486376524Z 08:20:03.486124 socket(AF_NETLINK, SOCK_RAW, NETLINK_ROUTE) = 8
2023-05-18T08:20:03.486465689Z 08:20:03.486307 bind(8, {sa_family=AF_NETLINK, nl_pid=0, nl_groups=00000000}, 12) = 0
2023-05-18T08:20:03.486633821Z 08:20:03.486460 getsockname(8, {sa_family=AF_NETLINK, nl_pid=70, nl_groups=00000000}, [12]) = 0
2023-05-18T08:20:03.486970281Z 08:20:03.486599 sendto(8, {{len=20, type=RTM_GETADDR, flags=NLM_F_REQUEST|NLM_F_DUMP, seq=1684398003, pid=0}, {ifa_family=AF_UNSPEC, ...}}, 20, 0, {sa_family=AF_NETLINK, nl_pid=0, nl_groups=00000000}, 12) = 20
2023-05-18T08:20:03.487325628Z 08:20:03.486881 recvmsg(8, {msg_name={sa_family=AF_NETLINK, nl_pid=0, nl_groups=00000000}, msg_namelen=12, msg_iov=[{iov_base=[{{len=76, type=RTM_NEWADDR, flags=NLM_F_MULTI, seq=1684398003, pid=70}, {ifa_family=AF_INET, ifa_prefixlen=8, ifa_flags=IFA_F_PERMANENT, ifa_scope=RT_SCOPE_HOST, ifa_index=if_nametoindex("lo")}, [{{nla_len=8, nla_type=IFA_ADDRESS}, 127.0.0.1}, {{nla_len=8, nla_type=IFA_LOCAL}, 127.0.0.1}, {{nla_len=7, nla_type=IFA_LABEL}, "lo"}, {{nla_len=8, nla_type=IFA_FLAGS}, IFA_F_PERMANENT}, {{nla_len=20, nla_type=IFA_CACHEINFO}, {ifa_prefered=4294967295, ifa_valid=4294967295, cstamp=374860, tstamp=374860}}]}, {{len=88, type=RTM_NEWADDR, flags=NLM_F_MULTI, seq=1684398003, pid=70}, {ifa_family=AF_INET, ifa_prefixlen=24, ifa_flags=IFA_F_PERMANENT, ifa_scope=RT_SCOPE_UNIVERSE, ifa_index=if_nametoindex("eth0")}, [{{nla_len=8, nla_type=IFA_ADDRESS}, 10.24.0.156}, {{nla_len=8, nla_type=IFA_LOCAL}, 10.24.0.156}, {{nla_len=8, nla_type=IFA_BROADCAST}, 10.24.0.255}, {{nla_len=9, nla_type=IFA_LABEL}, "eth0"}, {{nla_len=8, nla_type=IFA_FLAGS}, IFA_F_PERMANENT}, {{nla_len=20, nla_type=IFA_CACHEINFO}, {ifa_prefered=4294967295, ifa_valid=4294967295, cstamp=374863, tstamp=374863}}]}], iov_len=4096}], msg_iovlen=1, msg_controllen=0, msg_flags=0}, 0) = 164
2023-05-18T08:20:03.487483922Z 08:20:03.487201 recvmsg(8, {msg_name={sa_family=AF_NETLINK, nl_pid=0, nl_groups=00000000}, msg_namelen=12, msg_iov=[{iov_base={{len=20, type=NLMSG_DONE, flags=NLM_F_MULTI, seq=1684398003, pid=70}, 0}, iov_len=4096}], msg_iovlen=1, msg_controllen=0, msg_flags=0}, 0) = 20
2023-05-18T08:20:03.488133827Z 08:20:03.487897 socket(AF_UNIX, SOCK_STREAM|SOCK_CLOEXEC|SOCK_NONBLOCK, 0) = 8
2023-05-18T08:20:03.488346264Z 08:20:03.488104 connect(8, {sa_family=AF_UNIX, sun_path="/var/run/nscd/socket"}, 110) = -1 ENOENT (No such file or directory)
2023-05-18T08:20:03.488444509Z 08:20:03.488343 socket(AF_UNIX, SOCK_STREAM|SOCK_CLOEXEC|SOCK_NONBLOCK, 0) = 8
2023-05-18T08:20:03.488546828Z 08:20:03.488413 connect(8, {sa_family=AF_UNIX, sun_path="/var/run/nscd/socket"}, 110) = -1 ENOENT (No such file or directory)
2023-05-18T08:20:03.490468649Z 08:20:03.490279 socket(AF_INET, SOCK_DGRAM|SOCK_CLOEXEC|SOCK_NONBLOCK, IPPROTO_IP) = 8
2023-05-18T08:20:03.490561814Z 08:20:03.490371 connect(8, {sa_family=AF_INET, sin_port=htons(53), sin_addr=inet_addr("169.254.169.254")}, 16) = 0
2023-05-18T08:20:03.490904214Z 08:20:03.490512 sendto(8, "\220*\1\0\0\1\0\0\0\0\0\0\rflux-sample-0\fflux-"..., 76, MSG_NOSIGNAL, NULL, 0) = 76
2023-05-18T08:20:03.493932540Z 08:20:03.493734 recvfrom(8, "\220*\201\200\0\1\0\1\0\0\0\0\rflux-sample-0\fflux-"..., 1024, 0, {sa_family=AF_INET, sin_port=htons(53), sin_addr=inet_addr("169.254.169.254")}, [28->16]) = 92
2023-05-18T08:20:03.499843183Z broker.info[3]: start: none->join 2.2886ms
2023-05-18T08:20:10.693141133Z broker.info[3]: parent-ready: join->init 7.19277s
2023-05-18T08:20:10.693849315Z 08:20:10.692847 socketpair(AF_UNIX, SOCK_STREAM|SOCK_CLOEXEC, 0, [22, 23]) = 0
2023-05-18T08:20:10.694114133Z 08:20:10.692975 socketpair(AF_UNIX, SOCK_STREAM, 0, [24, 25]) = 0
2023-05-18T08:20:10.694332900Z 08:20:10.693173 socketpair(AF_UNIX, SOCK_STREAM, 0, [26, 27]) = 0
2023-05-18T08:20:10.694517432Z 08:20:10.693414 socketpair(AF_UNIX, SOCK_STREAM, 0, [28, 29]) = 0
2023-05-18T08:20:10.716594300Z broker.info[3]: configuration updated
2023-05-18T08:20:10.833295210Z broker.info[3]: rc1.0: running /etc/flux/rc1.d/01-sched-fluxion
2023-05-18T08:20:10.849698676Z broker.info[3]: rc1.0: running /etc/flux/rc1.d/02-cron
2023-05-18T08:20:10.872670796Z broker.info[3]: rc1.0: /etc/flux/rc1 Exited (rc=0) 0.2s
2023-05-18T08:20:10.873451040Z broker.info[3]: rc1-success: init->quorum 0.180408s
2023-05-18T08:20:11.091468443Z broker.info[3]: quorum-full: quorum->run 0.217822s
2023-05-18T08:20:11.720592104Z 08:20:11.720116 socketpair(AF_UNIX, SOCK_STREAM|SOCK_CLOEXEC, 0, [22, 23]) = 0
2023-05-18T08:20:11.720789809Z 08:20:11.720387 socketpair(AF_UNIX, SOCK_STREAM, 0, [24, 25]) = 0
2023-05-18T08:20:11.720944615Z 08:20:11.720577 socketpair(AF_UNIX, SOCK_STREAM, 0, [26, 28]) = 0
2023-05-18T08:20:11.720961720Z 08:20:11.720785 socketpair(AF_UNIX, SOCK_STREAM, 0, [58, 59]) = 0
2023-05-18T08:20:21.829276335Z broker.info[3]: shutdown: run->cleanup 10.7374s
2023-05-18T08:20:21.831226743Z broker.info[3]: cleanup-none: cleanup->shutdown 1.26787ms
2023-05-18T08:20:21.832679664Z broker.info[3]: children-none: shutdown->finalize 0.974072ms
2023-05-18T08:20:21.833268982Z 08:20:21.832781 socketpair(AF_UNIX, SOCK_STREAM|SOCK_CLOEXEC, 0, [22, 23]) = 0
2023-05-18T08:20:21.833714939Z 08:20:21.832950 socketpair(AF_UNIX, SOCK_STREAM, 0, [24, 25]) = 0
2023-05-18T08:20:21.834165035Z 08:20:21.833272 socketpair(AF_UNIX, SOCK_STREAM, 0, [26, 28]) = 0
2023-05-18T08:20:21.834631986Z 08:20:21.833579 socketpair(AF_UNIX, SOCK_STREAM, 0, [58, 59]) = 0
2023-05-18T08:20:21.851638469Z broker.info[3]: rc3.0: running /etc/flux/rc3.d/01-sched-fluxion
2023-05-18T08:20:21.979405643Z broker.info[3]: rc3.0: /etc/flux/rc3 Exited (rc=0) 0.1s
2023-05-18T08:20:21.980283330Z broker.info[3]: rc3-success: finalize->goodbye 0.147278s
2023-05-18T08:20:21.981854065Z broker.info[3]: goodbye: goodbye->exit 1.07008ms
2023-05-18T08:20:21.990686131Z 08:20:21.990537 +++ exited with 0 +++
2023-05-18T08:20:21.992212108Z Return value for follower worker is 0
2023-05-18T08:20:21.992409266Z The follower worker exited cleanly. Goodbye!
