2023-05-18T12:49:10.954831095Z
2023-05-18T12:49:10.955724684Z Flux username: flux
2023-05-18T12:49:10.955755729Z
2023-05-18T12:49:10.955764360Z Flux install root: /usr
2023-05-18T12:49:11.003927377Z flux user is already added.
2023-05-18T12:49:11.006834656Z flux user identifiers:
2023-05-18T12:49:11.006863796Z uid=1234(flux) gid=1234(flux) groups=1234(flux)
2023-05-18T12:49:11.006869917Z
2023-05-18T12:49:11.006875966Z As Flux prefix for flux commands: sudo -u flux -E PYTHONPATH=/opt/conda/lib/python3.10/site-packages -E PATH=/opt/conda/bin:/usr/local/sbin:/usr/local/bin:/usr/sbin:/usr/bin:/sbin:/bin -E LD_LIBRARY_PATH=/opt/conda/lib -E HOME=/home/flux
2023-05-18T12:49:11.015109047Z
2023-05-18T12:49:11.015143735Z 👋 Hello, I'm flux-sample-2
2023-05-18T12:49:11.015280354Z The main host is flux-sample-0
2023-05-18T12:49:11.015291129Z The working directory is /home/flux/examples/reaxff/HNS, contents include:
2023-05-18T12:49:11.018472405Z /home/flux/examples/reaxff/HNS:
2023-05-18T12:49:11.018504570Z README.txt	ffield.reax.hns  log.8Mar18.reaxc.hns.g++.1
2023-05-18T12:49:11.018513087Z data.hns-equil	in.reaxc.hns	 log.8Mar18.reaxc.hns.g++.4
2023-05-18T12:49:11.018519757Z End of file listing, if you see nothing above there are no files.
2023-05-18T12:49:11.020494257Z flux R encode --hosts=flux-sample-[0-3]
2023-05-18T12:49:11.037207491Z
2023-05-18T12:49:11.037241639Z 📦 Resources
2023-05-18T12:49:11.038776266Z {"version": 1, "execution": {"R_lite": [{"rank": "0-3", "children": {"core": "0"}}], "starttime": 0.0, "expiration": 0.0, "nodelist": ["flux-sample-[0-3]"]}}
2023-05-18T12:49:11.039177717Z
2023-05-18T12:49:11.039195831Z 🐸 Diagnostics: false
2023-05-18T12:49:11.039341798Z 🚩️ Flux Option Flags defined
2023-05-18T12:49:11.044823017Z
2023-05-18T12:49:11.045030130Z 🦊 Independent Minister of Privilege
2023-05-18T12:49:11.047260911Z [exec]
2023-05-18T12:49:11.047287714Z allowed-users = [ "flux", "root" ]
2023-05-18T12:49:11.047292899Z allowed-shells = [ "/usr/libexec/flux/flux-shell" ]
2023-05-18T12:49:11.047575446Z
2023-05-18T12:49:11.047592452Z 🐸 Broker Configuration
2023-05-18T12:49:11.049286752Z # Flux needs to know the path to the IMP executable
2023-05-18T12:49:11.049309268Z [exec]
2023-05-18T12:49:11.049316683Z imp = "/usr/libexec/flux/flux-imp"
2023-05-18T12:49:11.049321326Z
2023-05-18T12:49:11.049326338Z [access]
2023-05-18T12:49:11.049331950Z allow-guest-user = true
2023-05-18T12:49:11.049336906Z allow-root-owner = true
2023-05-18T12:49:11.049341362Z
2023-05-18T12:49:11.049346316Z # Point to resource definition generated with flux-R(1).
2023-05-18T12:49:11.049354297Z [resource]
2023-05-18T12:49:11.049362331Z path = "/etc/flux/system/R"
2023-05-18T12:49:11.049367467Z
2023-05-18T12:49:11.049372201Z [bootstrap]
2023-05-18T12:49:11.049376894Z curve_cert = "/etc/curve/curve.cert"
2023-05-18T12:49:11.049382162Z default_port = 8050
2023-05-18T12:49:11.049386886Z default_bind = "tcp://eth0:%p"
2023-05-18T12:49:11.049392534Z default_connect = "tcp://%h.flux-service.flux-operator.svc.cluster.local:%p"
2023-05-18T12:49:11.049399606Z hosts = [
2023-05-18T12:49:11.049405113Z 	{ host="flux-sample-[0-3]"},
2023-05-18T12:49:11.049409938Z ]
2023-05-18T12:49:11.049414407Z
2023-05-18T12:49:11.049417691Z [archive]
2023-05-18T12:49:11.049421051Z dbpath = "/var/lib/flux/job-archive.sqlite"
2023-05-18T12:49:11.049424285Z period = "1m"
2023-05-18T12:49:11.141633203Z busytimeout = "50s"
2023-05-18T12:49:11.141660698Z 🧊️ State Directory:
2023-05-18T12:49:11.141665776Z total 0
2023-05-18T12:49:11.141669733Z
2023-05-18T12:49:11.144734853Z
2023-05-18T12:49:11.144761124Z 🔒️ Working directory permissions:
2023-05-18T12:49:11.144768063Z total 96
2023-05-18T12:49:11.144776036Z -rwxrwxrwx 1 flux root  2517 May 17 22:32 README.txt
2023-05-18T12:49:11.144782266Z -rwxrwxrwx 1 flux root 54692 May 17 22:32 data.hns-equil
2023-05-18T12:49:11.144786989Z -rwxrwxrwx 1 flux root 13576 May 17 22:32 ffield.reax.hns
2023-05-18T12:49:11.144791728Z -rwxrwxrwx 1 flux root   870 May 17 22:32 in.reaxc.hns
2023-05-18T12:49:11.144797318Z -rwxrwxrwx 1 flux root  4172 May 17 22:32 log.8Mar18.reaxc.hns.g++.1
2023-05-18T12:49:11.144802481Z -rwxrwxrwx 1 flux root  4168 May 17 22:32 log.8Mar18.reaxc.hns.g++.4
2023-05-18T12:49:11.144807460Z
2023-05-18T12:49:11.144822187Z
2023-05-18T12:49:11.144829706Z ✨ Curve certificate generated by helper pod
2023-05-18T12:49:11.146514315Z #   ****  Generated on 2023-04-26 22:54:42 by CZMQ  ****
2023-05-18T12:49:11.146533296Z #   ZeroMQ CURVE **Secret** Certificate
2023-05-18T12:49:11.146539409Z #   DO NOT PROVIDE THIS FILE TO OTHER USERS nor change its permissions.
2023-05-18T12:49:11.146544717Z
2023-05-18T12:49:11.146549869Z metadata
2023-05-18T12:49:11.146554980Z     name = "flux-cert-generator"
2023-05-18T12:49:11.146560245Z     keygen.hostname = "flux-sample-0"
2023-05-18T12:49:11.146567315Z curve
2023-05-18T12:49:11.146573380Z     public-key = "0Ya-R^m9QBS7#r]cWCxM<c38@T<dtUC**?$o2I9m"
2023-05-18T12:49:11.146578841Z     secret-key = "aEfnR9!QuI&[0z*!0DFZ*t>?U8yL=Y8cb90}K-WL"
2023-05-18T12:49:11.149312013Z
2023-05-18T12:49:11.149479046Z 🌀  flux start --wrap=strace,-e,network,-tt -o --config /etc/flux/config -Scron.directory=/etc/flux/system/cron.d   -Stbon.fanout=256   -Srundir=/run/flux    -Sstatedir=/var/lib/flux   -Slocal-uri=local:///run/flux/local -Stbon.connect_timeout=4s  -Stbon.zmqdebug=1  -Slog-stderr-level=6    -Slog-stderr-mode=local
2023-05-18T12:49:11.191213411Z 12:49:11.190739 socket(AF_NETLINK, SOCK_RAW, NETLINK_ROUTE) = 8
2023-05-18T12:49:11.191258849Z 12:49:11.190906 bind(8, {sa_family=AF_NETLINK, nl_pid=0, nl_groups=00000000}, 12) = 0
2023-05-18T12:49:11.191265369Z 12:49:11.190993 getsockname(8, {sa_family=AF_NETLINK, nl_pid=70, nl_groups=00000000}, [12]) = 0
2023-05-18T12:49:11.191419828Z 12:49:11.191088 sendto(8, {{len=20, type=RTM_GETADDR, flags=NLM_F_REQUEST|NLM_F_DUMP, seq=1684414151, pid=0}, {ifa_family=AF_UNSPEC, ...}}, 20, 0, {sa_family=AF_NETLINK, nl_pid=0, nl_groups=00000000}, 12) = 20
2023-05-18T12:49:11.191803152Z 12:49:11.191378 recvmsg(8, {msg_name={sa_family=AF_NETLINK, nl_pid=0, nl_groups=00000000}, msg_namelen=12, msg_iov=[{iov_base=[{{len=76, type=RTM_NEWADDR, flags=NLM_F_MULTI, seq=1684414151, pid=70}, {ifa_family=AF_INET, ifa_prefixlen=8, ifa_flags=IFA_F_PERMANENT, ifa_scope=RT_SCOPE_HOST, ifa_index=if_nametoindex("lo")}, [{{nla_len=8, nla_type=IFA_ADDRESS}, 127.0.0.1}, {{nla_len=8, nla_type=IFA_LOCAL}, 127.0.0.1}, {{nla_len=7, nla_type=IFA_LABEL}, "lo"}, {{nla_len=8, nla_type=IFA_FLAGS}, IFA_F_PERMANENT}, {{nla_len=20, nla_type=IFA_CACHEINFO}, {ifa_prefered=4294967295, ifa_valid=4294967295, cstamp=1989351, tstamp=1989351}}]}, {{len=88, type=RTM_NEWADDR, flags=NLM_F_MULTI, seq=1684414151, pid=70}, {ifa_family=AF_INET, ifa_prefixlen=24, ifa_flags=IFA_F_PERMANENT, ifa_scope=RT_SCOPE_UNIVERSE, ifa_index=if_nametoindex("eth0")}, [{{nla_len=8, nla_type=IFA_ADDRESS}, 10.24.3.57}, {{nla_len=8, nla_type=IFA_LOCAL}, 10.24.3.57}, {{nla_len=8, nla_type=IFA_BROADCAST}, 10.24.3.255}, {{nla_len=9, nla_type=IFA_LABEL}, "eth0"}, {{nla_len=8, nla_type=IFA_FLAGS}, IFA_F_PERMANENT}, {{nla_len=20, nla_type=IFA_CACHEINFO}, {ifa_prefered=4294967295, ifa_valid=4294967295, cstamp=1989355, tstamp=1989355}}]}], iov_len=4096}], msg_iovlen=1, msg_controllen=0, msg_flags=0}, 0) = 164
2023-05-18T12:49:11.191920094Z 12:49:11.191731 recvmsg(8, {msg_name={sa_family=AF_NETLINK, nl_pid=0, nl_groups=00000000}, msg_namelen=12, msg_iov=[{iov_base={{len=20, type=NLMSG_DONE, flags=NLM_F_MULTI, seq=1684414151, pid=70}, 0}, iov_len=4096}], msg_iovlen=1, msg_controllen=0, msg_flags=0}, 0) = 20
2023-05-18T12:49:11.192636330Z 12:49:11.192507 socket(AF_UNIX, SOCK_STREAM|SOCK_CLOEXEC|SOCK_NONBLOCK, 0) = 8
2023-05-18T12:49:11.192801066Z 12:49:11.192622 connect(8, {sa_family=AF_UNIX, sun_path="/var/run/nscd/socket"}, 110) = -1 ENOENT (No such file or directory)
2023-05-18T12:49:11.192972605Z 12:49:11.192797 socket(AF_UNIX, SOCK_STREAM|SOCK_CLOEXEC|SOCK_NONBLOCK, 0) = 8
2023-05-18T12:49:11.193077203Z 12:49:11.192908 connect(8, {sa_family=AF_UNIX, sun_path="/var/run/nscd/socket"}, 110) = -1 ENOENT (No such file or directory)
2023-05-18T12:49:11.195776926Z 12:49:11.195483 socket(AF_INET, SOCK_DGRAM|SOCK_CLOEXEC|SOCK_NONBLOCK, IPPROTO_IP) = 8
2023-05-18T12:49:11.195797550Z 12:49:11.195577 connect(8, {sa_family=AF_INET, sin_port=htons(53), sin_addr=inet_addr("169.254.169.254")}, 16) = 0
2023-05-18T12:49:11.196121726Z 12:49:11.195695 sendto(8, "\257\246\1\0\0\1\0\0\0\0\0\0\rflux-sample-0\fflux-"..., 76, MSG_NOSIGNAL, NULL, 0) = 76
2023-05-18T12:49:11.199801001Z 12:49:11.199477 recvfrom(8, "\257\246\201\200\0\1\0\1\0\0\0\0\rflux-sample-0\fflux-"..., 1024, 0, {sa_family=AF_INET, sin_port=htons(53), sin_addr=inet_addr("169.254.169.254")}, [28->16]) = 92
2023-05-18T12:49:11.207199603Z broker.info[2]: start: none->join 2.54538ms
2023-05-18T12:49:15.367092745Z broker.info[2]: parent-ready: join->init 4.1595s
2023-05-18T12:49:15.367250198Z 12:49:15.367072 socketpair(AF_UNIX, SOCK_STREAM|SOCK_CLOEXEC, 0, [22, 23]) = 0
2023-05-18T12:49:15.367337096Z 12:49:15.367213 socketpair(AF_UNIX, SOCK_STREAM, 0, [24, 25]) = 0
2023-05-18T12:49:15.368016918Z 12:49:15.367425 socketpair(AF_UNIX, SOCK_STREAM, 0, [26, 27]) = 0
2023-05-18T12:49:15.368036535Z 12:49:15.367612 socketpair(AF_UNIX, SOCK_STREAM, 0, [28, 29]) = 0
2023-05-18T12:49:15.394281671Z broker.info[2]: configuration updated
2023-05-18T12:49:15.532919857Z broker.info[2]: rc1.0: running /etc/flux/rc1.d/01-sched-fluxion
2023-05-18T12:49:15.545183012Z broker.info[2]: rc1.0: running /etc/flux/rc1.d/02-cron
2023-05-18T12:49:15.572462830Z broker.info[2]: rc1.0: /etc/flux/rc1 Exited (rc=0) 0.2s
2023-05-18T12:49:15.573100082Z broker.info[2]: rc1-success: init->quorum 0.20589s
2023-05-18T12:49:16.341019978Z broker.info[2]: quorum-full: quorum->run 0.767516s
2023-05-18T12:49:27.780581879Z broker.info[2]: shutdown: run->cleanup 11.4383s
2023-05-18T12:49:27.781581695Z broker.info[2]: cleanup-none: cleanup->shutdown 1.15974ms
2023-05-18T12:49:27.782514107Z broker.info[2]: children-none: shutdown->finalize 0.885307ms
2023-05-18T12:49:27.782945988Z 12:49:27.782486 socketpair(AF_UNIX, SOCK_STREAM|SOCK_CLOEXEC, 0, [22, 23]) = 0
2023-05-18T12:49:27.783273702Z 12:49:27.782633 socketpair(AF_UNIX, SOCK_STREAM, 0, [24, 25]) = 0
2023-05-18T12:49:27.783916696Z 12:49:27.782828 socketpair(AF_UNIX, SOCK_STREAM, 0, [26, 28]) = 0
2023-05-18T12:49:27.785112803Z 12:49:27.783278 socketpair(AF_UNIX, SOCK_STREAM, 0, [58, 59]) = 0
2023-05-18T12:49:27.808464242Z broker.info[2]: rc3.0: running /etc/flux/rc3.d/01-sched-fluxion
2023-05-18T12:49:27.949764143Z broker.info[2]: rc3.0: /etc/flux/rc3 Exited (rc=0) 0.2s
2023-05-18T12:49:27.950413756Z broker.info[2]: rc3-success: finalize->goodbye 0.167776s
2023-05-18T12:49:27.951766248Z broker.info[2]: goodbye: goodbye->exit 0.968021ms
2023-05-18T12:49:27.959165601Z 12:49:27.958946 +++ exited with 0 +++
2023-05-18T12:49:27.960440142Z Return value for follower worker is 0
2023-05-18T12:49:27.960546177Z The follower worker exited cleanly. Goodbye!
