2023-05-18T12:40:28.729117485Z
2023-05-18T12:40:28.729184770Z Flux username: flux
2023-05-18T12:40:28.729192685Z
2023-05-18T12:40:28.729198230Z Flux install root: /usr
2023-05-18T12:40:28.784481586Z flux user is already added.
2023-05-18T12:40:28.788425411Z flux user identifiers:
2023-05-18T12:40:28.788470376Z uid=1234(flux) gid=1234(flux) groups=1234(flux)
2023-05-18T12:40:28.788634348Z
2023-05-18T12:40:28.788648028Z As Flux prefix for flux commands: sudo -u flux -E PYTHONPATH=/opt/conda/lib/python3.10/site-packages -E PATH=/opt/conda/bin:/usr/local/sbin:/usr/local/bin:/usr/sbin:/usr/bin:/sbin:/bin -E LD_LIBRARY_PATH=/opt/conda/lib -E HOME=/home/flux
2023-05-18T12:40:28.796477166Z
2023-05-18T12:40:28.796519676Z 👋 Hello, I'm flux-sample-3
2023-05-18T12:40:28.796731880Z The main host is flux-sample-0
2023-05-18T12:40:28.796746655Z The working directory is /home/flux/examples/reaxff/HNS, contents include:
2023-05-18T12:40:28.798365387Z /home/flux/examples/reaxff/HNS:
2023-05-18T12:40:28.798471965Z README.txt	ffield.reax.hns  log.8Mar18.reaxc.hns.g++.1
2023-05-18T12:40:28.798494469Z data.hns-equil	in.reaxc.hns	 log.8Mar18.reaxc.hns.g++.4
2023-05-18T12:40:28.798711475Z End of file listing, if you see nothing above there are no files.
2023-05-18T12:40:28.800790878Z flux R encode --hosts=flux-sample-[0-3]
2023-05-18T12:40:28.816529213Z
2023-05-18T12:40:28.816571112Z 📦 Resources
2023-05-18T12:40:28.818217168Z {"version": 1, "execution": {"R_lite": [{"rank": "0-3", "children": {"core": "0"}}], "starttime": 0.0, "expiration": 0.0, "nodelist": ["flux-sample-[0-3]"]}}
2023-05-18T12:40:28.818406724Z
2023-05-18T12:40:28.818421632Z 🐸 Diagnostics: false
2023-05-18T12:40:28.818571092Z 🚩️ Flux Option Flags defined
2023-05-18T12:40:28.822574960Z
2023-05-18T12:40:28.822610759Z 🦊 Independent Minister of Privilege
2023-05-18T12:40:28.824065468Z [exec]
2023-05-18T12:40:28.824086177Z allowed-users = [ "flux", "root" ]
2023-05-18T12:40:28.824101782Z allowed-shells = [ "/usr/libexec/flux/flux-shell" ]
2023-05-18T12:40:28.824257555Z
2023-05-18T12:40:28.824269649Z 🐸 Broker Configuration
2023-05-18T12:40:28.825521947Z # Flux needs to know the path to the IMP executable
2023-05-18T12:40:28.825541402Z [exec]
2023-05-18T12:40:28.825547541Z imp = "/usr/libexec/flux/flux-imp"
2023-05-18T12:40:28.825552096Z
2023-05-18T12:40:28.825566907Z [access]
2023-05-18T12:40:28.825572257Z allow-guest-user = true
2023-05-18T12:40:28.825579000Z allow-root-owner = true
2023-05-18T12:40:28.825584573Z
2023-05-18T12:40:28.825589316Z # Point to resource definition generated with flux-R(1).
2023-05-18T12:40:28.825594274Z [resource]
2023-05-18T12:40:28.825599727Z path = "/etc/flux/system/R"
2023-05-18T12:40:28.825604093Z
2023-05-18T12:40:28.825608548Z [bootstrap]
2023-05-18T12:40:28.825613657Z curve_cert = "/etc/curve/curve.cert"
2023-05-18T12:40:28.825620402Z default_port = 8050
2023-05-18T12:40:28.825626653Z default_bind = "tcp://eth0:%p"
2023-05-18T12:40:28.825632362Z default_connect = "tcp://%h.flux-service.flux-operator.svc.cluster.local:%p"
2023-05-18T12:40:28.825637270Z hosts = [
2023-05-18T12:40:28.825642123Z 	{ host="flux-sample-[0-3]"},
2023-05-18T12:40:28.825646845Z ]
2023-05-18T12:40:28.825675617Z
2023-05-18T12:40:28.825684194Z [archive]
2023-05-18T12:40:28.825690185Z dbpath = "/var/lib/flux/job-archive.sqlite"
2023-05-18T12:40:28.825694958Z period = "1m"
2023-05-18T12:40:28.929055880Z busytimeout = "50s"
2023-05-18T12:40:28.929090140Z 🧊️ State Directory:
2023-05-18T12:40:28.929096851Z total 0
2023-05-18T12:40:28.929102024Z
2023-05-18T12:40:28.932095863Z
2023-05-18T12:40:28.932127425Z 🔒️ Working directory permissions:
2023-05-18T12:40:28.932133766Z total 96
2023-05-18T12:40:28.932139742Z -rwxrwxrwx 1 flux root  2517 May 17 22:32 README.txt
2023-05-18T12:40:28.932145039Z -rwxrwxrwx 1 flux root 54692 May 17 22:32 data.hns-equil
2023-05-18T12:40:28.932150238Z -rwxrwxrwx 1 flux root 13576 May 17 22:32 ffield.reax.hns
2023-05-18T12:40:28.932155288Z -rwxrwxrwx 1 flux root   870 May 17 22:32 in.reaxc.hns
2023-05-18T12:40:28.932160401Z -rwxrwxrwx 1 flux root  4172 May 17 22:32 log.8Mar18.reaxc.hns.g++.1
2023-05-18T12:40:28.932167554Z -rwxrwxrwx 1 flux root  4168 May 17 22:32 log.8Mar18.reaxc.hns.g++.4
2023-05-18T12:40:28.932173130Z
2023-05-18T12:40:28.932365734Z
2023-05-18T12:40:28.932381425Z ✨ Curve certificate generated by helper pod
2023-05-18T12:40:28.934092921Z #   ****  Generated on 2023-04-26 22:54:42 by CZMQ  ****
2023-05-18T12:40:28.934112881Z #   ZeroMQ CURVE **Secret** Certificate
2023-05-18T12:40:28.934118942Z #   DO NOT PROVIDE THIS FILE TO OTHER USERS nor change its permissions.
2023-05-18T12:40:28.934123992Z
2023-05-18T12:40:28.934128837Z metadata
2023-05-18T12:40:28.934134176Z     name = "flux-cert-generator"
2023-05-18T12:40:28.934139124Z     keygen.hostname = "flux-sample-0"
2023-05-18T12:40:28.934146173Z curve
2023-05-18T12:40:28.934151944Z     public-key = "s)Y#Aa$ZKsA@ga9k9)rzYKp9*8BIh]K#<)%W=aH#"
2023-05-18T12:40:28.934156904Z     secret-key = "xhY#9zrDH4Rq]3dipF-U*^S:8tjymfKCbnFG+!I1"
2023-05-18T12:40:28.936840646Z
2023-05-18T12:40:28.936867254Z 🌀  flux start --wrap=strace,-e,network,-tt -o --config /etc/flux/config -Scron.directory=/etc/flux/system/cron.d   -Stbon.fanout=256   -Srundir=/run/flux    -Sstatedir=/var/lib/flux   -Slocal-uri=local:///run/flux/local -Stbon.connect_timeout=3s  -Stbon.zmqdebug=1  -Slog-stderr-level=6    -Slog-stderr-mode=local
2023-05-18T12:40:28.982915367Z 12:40:28.982541 socket(AF_NETLINK, SOCK_RAW, NETLINK_ROUTE) = 8
2023-05-18T12:40:28.982962633Z 12:40:28.982745 bind(8, {sa_family=AF_NETLINK, nl_pid=0, nl_groups=00000000}, 12) = 0
2023-05-18T12:40:28.983057160Z 12:40:28.982830 getsockname(8, {sa_family=AF_NETLINK, nl_pid=69, nl_groups=00000000}, [12]) = 0
2023-05-18T12:40:28.983381405Z 12:40:28.982951 sendto(8, {{len=20, type=RTM_GETADDR, flags=NLM_F_REQUEST|NLM_F_DUMP, seq=1684413628, pid=0}, {ifa_family=AF_UNSPEC, ...}}, 20, 0, {sa_family=AF_NETLINK, nl_pid=0, nl_groups=00000000}, 12) = 20
2023-05-18T12:40:28.983770461Z 12:40:28.983274 recvmsg(8, {msg_name={sa_family=AF_NETLINK, nl_pid=0, nl_groups=00000000}, msg_namelen=12, msg_iov=[{iov_base=[{{len=76, type=RTM_NEWADDR, flags=NLM_F_MULTI, seq=1684413628, pid=69}, {ifa_family=AF_INET, ifa_prefixlen=8, ifa_flags=IFA_F_PERMANENT, ifa_scope=RT_SCOPE_HOST, ifa_index=if_nametoindex("lo")}, [{{nla_len=8, nla_type=IFA_ADDRESS}, 127.0.0.1}, {{nla_len=8, nla_type=IFA_LOCAL}, 127.0.0.1}, {{nla_len=7, nla_type=IFA_LABEL}, "lo"}, {{nla_len=8, nla_type=IFA_FLAGS}, IFA_F_PERMANENT}, {{nla_len=20, nla_type=IFA_CACHEINFO}, {ifa_prefered=4294967295, ifa_valid=4294967295, cstamp=1937160, tstamp=1937160}}]}, {{len=88, type=RTM_NEWADDR, flags=NLM_F_MULTI, seq=1684413628, pid=69}, {ifa_family=AF_INET, ifa_prefixlen=24, ifa_flags=IFA_F_PERMANENT, ifa_scope=RT_SCOPE_UNIVERSE, ifa_index=if_nametoindex("eth0")}, [{{nla_len=8, nla_type=IFA_ADDRESS}, 10.24.2.82}, {{nla_len=8, nla_type=IFA_LOCAL}, 10.24.2.82}, {{nla_len=8, nla_type=IFA_BROADCAST}, 10.24.2.255}, {{nla_len=9, nla_type=IFA_LABEL}, "eth0"}, {{nla_len=8, nla_type=IFA_FLAGS}, IFA_F_PERMANENT}, {{nla_len=20, nla_type=IFA_CACHEINFO}, {ifa_prefered=4294967295, ifa_valid=4294967295, cstamp=1937163, tstamp=1937163}}]}], iov_len=4096}], msg_iovlen=1, msg_controllen=0, msg_flags=0}, 0) = 164
2023-05-18T12:40:28.983865751Z 12:40:28.983638 recvmsg(8, {msg_name={sa_family=AF_NETLINK, nl_pid=0, nl_groups=00000000}, msg_namelen=12, msg_iov=[{iov_base={{len=20, type=NLMSG_DONE, flags=NLM_F_MULTI, seq=1684413628, pid=69}, 0}, iov_len=4096}], msg_iovlen=1, msg_controllen=0, msg_flags=0}, 0) = 20
2023-05-18T12:40:28.984473007Z 12:40:28.984239 socket(AF_UNIX, SOCK_STREAM|SOCK_CLOEXEC|SOCK_NONBLOCK, 0) = 8
2023-05-18T12:40:28.984488381Z 12:40:28.984314 connect(8, {sa_family=AF_UNIX, sun_path="/var/run/nscd/socket"}, 110) = -1 ENOENT (No such file or directory)
2023-05-18T12:40:28.984589086Z 12:40:28.984475 socket(AF_UNIX, SOCK_STREAM|SOCK_CLOEXEC|SOCK_NONBLOCK, 0) = 8
2023-05-18T12:40:28.984732018Z 12:40:28.984578 connect(8, {sa_family=AF_UNIX, sun_path="/var/run/nscd/socket"}, 110) = -1 ENOENT (No such file or directory)
2023-05-18T12:40:28.985952420Z 12:40:28.985752 socket(AF_INET, SOCK_DGRAM|SOCK_CLOEXEC|SOCK_NONBLOCK, IPPROTO_IP) = 8
2023-05-18T12:40:28.986042633Z 12:40:28.985836 connect(8, {sa_family=AF_INET, sin_port=htons(53), sin_addr=inet_addr("169.254.169.254")}, 16) = 0
2023-05-18T12:40:28.986378797Z 12:40:28.985999 sendto(8, "\230\353\1\0\0\1\0\0\0\0\0\0\rflux-sample-0\fflux-"..., 76, MSG_NOSIGNAL, NULL, 0) = 76
2023-05-18T12:40:28.990216324Z 12:40:28.989952 recvfrom(8, "\230\353\201\200\0\1\0\1\0\0\0\0\rflux-sample-0\fflux-"..., 1024, 0, {sa_family=AF_INET, sin_port=htons(53), sin_addr=inet_addr("169.254.169.254")}, [28->16]) = 92
2023-05-18T12:40:28.998124417Z broker.info[3]: start: none->join 2.71598ms
2023-05-18T12:40:32.196045943Z broker.info[3]: parent-ready: join->init 3.19785s
2023-05-18T12:40:32.196493382Z 12:40:32.196114 socketpair(AF_UNIX, SOCK_STREAM|SOCK_CLOEXEC, 0, [22, 23]) = 0
2023-05-18T12:40:32.196682288Z 12:40:32.196345 socketpair(AF_UNIX, SOCK_STREAM, 0, [24, 25]) = 0
2023-05-18T12:40:32.197367558Z 12:40:32.197092 socketpair(AF_UNIX, SOCK_STREAM, 0, [26, 27]) = 0
2023-05-18T12:40:32.197536994Z 12:40:32.197359 socketpair(AF_UNIX, SOCK_STREAM, 0, [28, 29]) = 0
2023-05-18T12:40:32.223821755Z broker.info[3]: configuration updated
2023-05-18T12:40:32.364680554Z broker.info[3]: rc1.0: running /etc/flux/rc1.d/01-sched-fluxion
2023-05-18T12:40:32.377774730Z broker.info[3]: rc1.0: running /etc/flux/rc1.d/02-cron
2023-05-18T12:40:32.404000942Z broker.info[3]: rc1.0: /etc/flux/rc1 Exited (rc=0) 0.2s
2023-05-18T12:40:32.404789958Z broker.info[3]: rc1-success: init->quorum 0.208447s
2023-05-18T12:40:32.620181559Z broker.info[3]: quorum-full: quorum->run 0.214532s
2023-05-18T12:40:33.197398089Z 12:40:33.197000 socketpair(AF_UNIX, SOCK_STREAM|SOCK_CLOEXEC, 0, [22, 23]) = 0
2023-05-18T12:40:33.198069306Z 12:40:33.197327 socketpair(AF_UNIX, SOCK_STREAM, 0, [24, 25]) = 0
2023-05-18T12:40:33.198255531Z 12:40:33.198076 socketpair(AF_UNIX, SOCK_STREAM, 0, [26, 28]) = 0
2023-05-18T12:40:33.198443811Z 12:40:33.198290 socketpair(AF_UNIX, SOCK_STREAM, 0, [58, 59]) = 0
2023-05-18T12:40:44.271474600Z broker.info[3]: shutdown: run->cleanup 11.6509s
2023-05-18T12:40:44.273534931Z broker.info[3]: cleanup-none: cleanup->shutdown 1.16243ms
2023-05-18T12:40:44.275093112Z broker.info[3]: children-none: shutdown->finalize 1.03979ms
2023-05-18T12:40:44.275715706Z 12:40:44.275370 socketpair(AF_UNIX, SOCK_STREAM|SOCK_CLOEXEC, 0, [22, 23]) = 0
2023-05-18T12:40:44.276236156Z 12:40:44.275974 socketpair(AF_UNIX, SOCK_STREAM, 0, [24, 25]) = 0
2023-05-18T12:40:44.276993188Z 12:40:44.276721 socketpair(AF_UNIX, SOCK_STREAM, 0, [26, 28]) = 0
2023-05-18T12:40:44.277595687Z 12:40:44.277375 socketpair(AF_UNIX, SOCK_STREAM, 0, [58, 59]) = 0
2023-05-18T12:40:44.301579958Z broker.info[3]: rc3.0: running /etc/flux/rc3.d/01-sched-fluxion
2023-05-18T12:40:44.468833726Z broker.info[3]: rc3.0: /etc/flux/rc3 Exited (rc=0) 0.2s
2023-05-18T12:40:44.470183140Z broker.info[3]: rc3-success: finalize->goodbye 0.194653s
2023-05-18T12:40:44.472437995Z broker.info[3]: goodbye: goodbye->exit 1.46312ms
2023-05-18T12:40:44.480973491Z 12:40:44.480741 +++ exited with 0 +++
2023-05-18T12:40:44.482443796Z Return value for follower worker is 0
2023-05-18T12:40:44.482481147Z The follower worker exited cleanly. Goodbye!
