2023-05-18T07:35:26.563465286Z
2023-05-18T07:35:26.563502240Z Flux username: flux
2023-05-18T07:35:26.563509197Z
2023-05-18T07:35:26.563514346Z Flux install root: /usr
2023-05-18T07:35:26.614857018Z flux user is already added.
2023-05-18T07:35:26.617456541Z flux user identifiers:
2023-05-18T07:35:26.617483903Z uid=1234(flux) gid=1234(flux) groups=1234(flux)
2023-05-18T07:35:26.617566401Z
2023-05-18T07:35:26.617576580Z As Flux prefix for flux commands: sudo -u flux -E PYTHONPATH=/opt/conda/lib/python3.10/site-packages -E PATH=/opt/conda/bin:/usr/local/sbin:/usr/local/bin:/usr/sbin:/usr/bin:/sbin:/bin -E LD_LIBRARY_PATH=/opt/conda/lib -E HOME=/home/flux
2023-05-18T07:35:26.626939600Z
2023-05-18T07:35:26.626985242Z 👋 Hello, I'm flux-sample-1
2023-05-18T07:35:26.627106255Z The main host is flux-sample-0
2023-05-18T07:35:26.627118391Z The working directory is /home/flux/examples/reaxff/HNS, contents include:
2023-05-18T07:35:26.629097421Z /home/flux/examples/reaxff/HNS:
2023-05-18T07:35:26.629260389Z README.txt	ffield.reax.hns  log.8Mar18.reaxc.hns.g++.1
2023-05-18T07:35:26.629274546Z data.hns-equil	in.reaxc.hns	 log.8Mar18.reaxc.hns.g++.4
2023-05-18T07:35:26.629428800Z End of file listing, if you see nothing above there are no files.
2023-05-18T07:35:26.631818901Z flux R encode --hosts=flux-sample-[0-3]
2023-05-18T07:35:26.654860652Z
2023-05-18T07:35:26.654899145Z 📦 Resources
2023-05-18T07:35:26.656135282Z {"version": 1, "execution": {"R_lite": [{"rank": "0-3", "children": {"core": "0"}}], "starttime": 0.0, "expiration": 0.0, "nodelist": ["flux-sample-[0-3]"]}}
2023-05-18T07:35:26.656469555Z
2023-05-18T07:35:26.656501852Z 🐸 Diagnostics: false
2023-05-18T07:35:26.656764829Z 🚩️ Flux Option Flags defined
2023-05-18T07:35:26.661443259Z
2023-05-18T07:35:26.661472880Z 🦊 Independent Minister of Privilege
2023-05-18T07:35:26.662890584Z [exec]
2023-05-18T07:35:26.662913669Z allowed-users = [ "flux", "root" ]
2023-05-18T07:35:26.662921844Z allowed-shells = [ "/usr/libexec/flux/flux-shell" ]
2023-05-18T07:35:26.663123652Z
2023-05-18T07:35:26.663140131Z 🐸 Broker Configuration
2023-05-18T07:35:26.664548422Z # Flux needs to know the path to the IMP executable
2023-05-18T07:35:26.664569346Z [exec]
2023-05-18T07:35:26.664575951Z imp = "/usr/libexec/flux/flux-imp"
2023-05-18T07:35:26.664581357Z
2023-05-18T07:35:26.664586523Z [access]
2023-05-18T07:35:26.664592337Z allow-guest-user = true
2023-05-18T07:35:26.664597879Z allow-root-owner = true
2023-05-18T07:35:26.664602824Z
2023-05-18T07:35:26.664610563Z # Point to resource definition generated with flux-R(1).
2023-05-18T07:35:26.664626716Z [resource]
2023-05-18T07:35:26.664633776Z path = "/etc/flux/system/R"
2023-05-18T07:35:26.664638710Z
2023-05-18T07:35:26.664643906Z [bootstrap]
2023-05-18T07:35:26.664648953Z curve_cert = "/etc/curve/curve.cert"
2023-05-18T07:35:26.664653994Z default_port = 8050
2023-05-18T07:35:26.664661686Z default_bind = "tcp://eth0:%p"
2023-05-18T07:35:26.664668920Z default_connect = "tcp://%h.flux-service.flux-operator.svc.cluster.local:%p"
2023-05-18T07:35:26.664674819Z hosts = [
2023-05-18T07:35:26.664680446Z 	{ host="flux-sample-[0-3]"},
2023-05-18T07:35:26.664686129Z ]
2023-05-18T07:35:26.664690568Z
2023-05-18T07:35:26.664695670Z [archive]
2023-05-18T07:35:26.664700913Z dbpath = "/var/lib/flux/job-archive.sqlite"
2023-05-18T07:35:26.664708892Z period = "1m"
2023-05-18T07:35:26.747914667Z busytimeout = "50s"
2023-05-18T07:35:26.747951364Z 🧊️ State Directory:
2023-05-18T07:35:26.747959506Z total 0
2023-05-18T07:35:26.747967238Z
2023-05-18T07:35:26.751039411Z
2023-05-18T07:35:26.751073896Z 🔒️ Working directory permissions:
2023-05-18T07:35:26.751080769Z total 96
2023-05-18T07:35:26.751086778Z -rwxrwxrwx 1 flux root  2517 May 17 22:32 README.txt
2023-05-18T07:35:26.751092339Z -rwxrwxrwx 1 flux root 54692 May 17 22:32 data.hns-equil
2023-05-18T07:35:26.751097430Z -rwxrwxrwx 1 flux root 13576 May 17 22:32 ffield.reax.hns
2023-05-18T07:35:26.751103042Z -rwxrwxrwx 1 flux root   870 May 17 22:32 in.reaxc.hns
2023-05-18T07:35:26.751108778Z -rwxrwxrwx 1 flux root  4172 May 17 22:32 log.8Mar18.reaxc.hns.g++.1
2023-05-18T07:35:26.751116733Z -rwxrwxrwx 1 flux root  4168 May 17 22:32 log.8Mar18.reaxc.hns.g++.4
2023-05-18T07:35:26.751124046Z
2023-05-18T07:35:26.751306014Z
2023-05-18T07:35:26.751321796Z ✨ Curve certificate generated by helper pod
2023-05-18T07:35:26.753061186Z #   ****  Generated on 2023-04-26 22:54:42 by CZMQ  ****
2023-05-18T07:35:26.753086150Z #   ZeroMQ CURVE **Secret** Certificate
2023-05-18T07:35:26.753096282Z #   DO NOT PROVIDE THIS FILE TO OTHER USERS nor change its permissions.
2023-05-18T07:35:26.753125803Z
2023-05-18T07:35:26.753133264Z metadata
2023-05-18T07:35:26.753138869Z     name = "flux-cert-generator"
2023-05-18T07:35:26.753146306Z     keygen.hostname = "flux-sample-0"
2023-05-18T07:35:26.753153361Z curve
2023-05-18T07:35:26.753159128Z     public-key = "vK[ElVoyaPH<D/9bCn>beN/.O+1tz8pWUPA<?r!#"
2023-05-18T07:35:26.753163983Z     secret-key = "cAsaq.l{N3IW@1%fuz$aO0-x[!<sF(H^7IKJppw)"
2023-05-18T07:35:26.756177028Z
2023-05-18T07:35:26.756214682Z 🌀  flux start --wrap=strace,-e,network,-tt -o --config /etc/flux/config -Scron.directory=/etc/flux/system/cron.d   -Stbon.fanout=256   -Srundir=/run/flux    -Sstatedir=/var/lib/flux   -Slocal-uri=local:///run/flux/local -Stbon.connect_timeout=1s  -Stbon.zmqdebug=1  -Slog-stderr-level=6    -Slog-stderr-mode=local
2023-05-18T07:35:26.800407650Z 07:35:26.799710 socket(AF_NETLINK, SOCK_RAW, NETLINK_ROUTE) = 8
2023-05-18T07:35:26.800707424Z 07:35:26.800432 bind(8, {sa_family=AF_NETLINK, nl_pid=0, nl_groups=00000000}, 12) = 0
2023-05-18T07:35:26.801015830Z 07:35:26.800776 getsockname(8, {sa_family=AF_NETLINK, nl_pid=70, nl_groups=00000000}, [12]) = 0
2023-05-18T07:35:26.801508450Z 07:35:26.801047 sendto(8, {{len=20, type=RTM_GETADDR, flags=NLM_F_REQUEST|NLM_F_DUMP, seq=1684395326, pid=0}, {ifa_family=AF_UNSPEC, ...}}, 20, 0, {sa_family=AF_NETLINK, nl_pid=0, nl_groups=00000000}, 12) = 20
2023-05-18T07:35:26.802161717Z 07:35:26.801535 recvmsg(8, {msg_name={sa_family=AF_NETLINK, nl_pid=0, nl_groups=00000000}, msg_namelen=12, msg_iov=[{iov_base=[{{len=76, type=RTM_NEWADDR, flags=NLM_F_MULTI, seq=1684395326, pid=70}, {ifa_family=AF_INET, ifa_prefixlen=8, ifa_flags=IFA_F_PERMANENT, ifa_scope=RT_SCOPE_HOST, ifa_index=if_nametoindex("lo")}, [{{nla_len=8, nla_type=IFA_ADDRESS}, 127.0.0.1}, {{nla_len=8, nla_type=IFA_LOCAL}, 127.0.0.1}, {{nla_len=7, nla_type=IFA_LABEL}, "lo"}, {{nla_len=8, nla_type=IFA_FLAGS}, IFA_F_PERMANENT}, {{nla_len=20, nla_type=IFA_CACHEINFO}, {ifa_prefered=4294967295, ifa_valid=4294967295, cstamp=106954, tstamp=106954}}]}, {{len=88, type=RTM_NEWADDR, flags=NLM_F_MULTI, seq=1684395326, pid=70}, {ifa_family=AF_INET, ifa_prefixlen=24, ifa_flags=IFA_F_PERMANENT, ifa_scope=RT_SCOPE_UNIVERSE, ifa_index=if_nametoindex("eth0")}, [{{nla_len=8, nla_type=IFA_ADDRESS}, 10.24.1.28}, {{nla_len=8, nla_type=IFA_LOCAL}, 10.24.1.28}, {{nla_len=8, nla_type=IFA_BROADCAST}, 10.24.1.255}, {{nla_len=9, nla_type=IFA_LABEL}, "eth0"}, {{nla_len=8, nla_type=IFA_FLAGS}, IFA_F_PERMANENT}, {{nla_len=20, nla_type=IFA_CACHEINFO}, {ifa_prefered=4294967295, ifa_valid=4294967295, cstamp=106957, tstamp=106957}}]}], iov_len=4096}], msg_iovlen=1, msg_controllen=0, msg_flags=0}, 0) = 164
2023-05-18T07:35:26.802476958Z 07:35:26.802190 recvmsg(8, {msg_name={sa_family=AF_NETLINK, nl_pid=0, nl_groups=00000000}, msg_namelen=12, msg_iov=[{iov_base={{len=20, type=NLMSG_DONE, flags=NLM_F_MULTI, seq=1684395326, pid=70}, 0}, iov_len=4096}], msg_iovlen=1, msg_controllen=0, msg_flags=0}, 0) = 20
2023-05-18T07:35:26.803223454Z 07:35:26.803014 socket(AF_UNIX, SOCK_STREAM|SOCK_CLOEXEC|SOCK_NONBLOCK, 0) = 8
2023-05-18T07:35:26.803510423Z 07:35:26.803264 connect(8, {sa_family=AF_UNIX, sun_path="/var/run/nscd/socket"}, 110) = -1 ENOENT (No such file or directory)
2023-05-18T07:35:26.803857087Z 07:35:26.803614 socket(AF_UNIX, SOCK_STREAM|SOCK_CLOEXEC|SOCK_NONBLOCK, 0) = 8
2023-05-18T07:35:26.804090822Z 07:35:26.803877 connect(8, {sa_family=AF_UNIX, sun_path="/var/run/nscd/socket"}, 110) = -1 ENOENT (No such file or directory)
2023-05-18T07:35:26.805463839Z 07:35:26.805234 socket(AF_INET, SOCK_DGRAM|SOCK_CLOEXEC|SOCK_NONBLOCK, IPPROTO_IP) = 8
2023-05-18T07:35:26.805784606Z 07:35:26.805499 connect(8, {sa_family=AF_INET, sin_port=htons(53), sin_addr=inet_addr("169.254.169.254")}, 16) = 0
2023-05-18T07:35:26.806280256Z 07:35:26.805893 sendto(8, "\327\26\1\0\0\1\0\0\0\0\0\0\rflux-sample-0\fflux-"..., 76, MSG_NOSIGNAL, NULL, 0) = 76
2023-05-18T07:35:26.808758765Z 07:35:26.808441 recvfrom(8, "\327\26\201\200\0\1\0\1\0\0\0\0\rflux-sample-0\fflux-"..., 1024, 0, {sa_family=AF_INET, sin_port=htons(53), sin_addr=inet_addr("169.254.169.254")}, [28->16]) = 92
2023-05-18T07:35:26.813313636Z broker.info[1]: start: none->join 1.81964ms
2023-05-18T07:35:26.825298114Z broker.info[1]: parent-ready: join->init 11.6146ms
2023-05-18T07:35:26.825916131Z 07:35:26.825463 socketpair(AF_UNIX, SOCK_STREAM|SOCK_CLOEXEC, 0, [22, 23]) = 0
2023-05-18T07:35:26.826404906Z 07:35:26.826029 socketpair(AF_UNIX, SOCK_STREAM, 0, [24, 25]) = 0
2023-05-18T07:35:26.827156481Z 07:35:26.826624 socketpair(AF_UNIX, SOCK_STREAM, 0, [26, 27]) = 0
2023-05-18T07:35:26.827838841Z 07:35:26.827387 socketpair(AF_UNIX, SOCK_STREAM, 0, [28, 29]) = 0
2023-05-18T07:35:26.856149478Z broker.info[1]: configuration updated
2023-05-18T07:35:26.989237942Z broker.info[1]: rc1.0: running /etc/flux/rc1.d/01-sched-fluxion
2023-05-18T07:35:27.002244336Z broker.info[1]: rc1.0: running /etc/flux/rc1.d/02-cron
2023-05-18T07:35:27.027965620Z broker.info[1]: rc1.0: /etc/flux/rc1 Exited (rc=0) 0.2s
2023-05-18T07:35:27.028615120Z broker.info[1]: rc1-success: init->quorum 0.203001s
2023-05-18T07:35:27.245583879Z broker.info[1]: quorum-full: quorum->run 0.216558s
2023-05-18T07:35:38.006794440Z broker.info[1]: shutdown: run->cleanup 10.7591s
2023-05-18T07:35:38.006895899Z broker.info[1]: cleanup-none: cleanup->shutdown 1.05729ms
2023-05-18T07:35:38.007429684Z broker.info[1]: children-none: shutdown->finalize 0.973965ms
2023-05-18T07:35:38.007864675Z 07:35:38.007474 socketpair(AF_UNIX, SOCK_STREAM|SOCK_CLOEXEC, 0, [22, 23]) = 0
2023-05-18T07:35:38.007918393Z 07:35:38.007698 socketpair(AF_UNIX, SOCK_STREAM, 0, [24, 25]) = 0
2023-05-18T07:35:38.008082786Z 07:35:38.007918 socketpair(AF_UNIX, SOCK_STREAM, 0, [26, 28]) = 0
2023-05-18T07:35:38.008248279Z 07:35:38.008105 socketpair(AF_UNIX, SOCK_STREAM, 0, [58, 59]) = 0
2023-05-18T07:35:38.027670338Z broker.info[1]: rc3.0: running /etc/flux/rc3.d/01-sched-fluxion
2023-05-18T07:35:38.170845492Z broker.info[1]: rc3.0: /etc/flux/rc3 Exited (rc=0) 0.2s
2023-05-18T07:35:38.171567974Z broker.info[1]: rc3-success: finalize->goodbye 0.163895s
2023-05-18T07:35:38.173100293Z broker.info[1]: goodbye: goodbye->exit 1.18367ms
2023-05-18T07:35:38.180786160Z 07:35:38.180534 +++ exited with 0 +++
2023-05-18T07:35:38.182465339Z Return value for follower worker is 0
2023-05-18T07:35:38.182500159Z The follower worker exited cleanly. Goodbye!
