2023-05-18T07:45:26.960211310Z
2023-05-18T07:45:26.960279471Z Flux username: flux
2023-05-18T07:45:26.960290581Z
2023-05-18T07:45:26.960296659Z Flux install root: /usr
2023-05-18T07:45:27.003079725Z flux user is already added.
2023-05-18T07:45:27.006385377Z flux user identifiers:
2023-05-18T07:45:27.006414585Z uid=1234(flux) gid=1234(flux) groups=1234(flux)
2023-05-18T07:45:27.006479192Z
2023-05-18T07:45:27.006491268Z As Flux prefix for flux commands: sudo -u flux -E PYTHONPATH=/opt/conda/lib/python3.10/site-packages -E PATH=/opt/conda/bin:/usr/local/sbin:/usr/local/bin:/usr/sbin:/usr/bin:/sbin:/bin -E LD_LIBRARY_PATH=/opt/conda/lib -E HOME=/home/flux
2023-05-18T07:45:27.013768187Z
2023-05-18T07:45:27.013789644Z 👋 Hello, I'm flux-sample-3
2023-05-18T07:45:27.013974032Z The main host is flux-sample-0
2023-05-18T07:45:27.013986247Z The working directory is /home/flux/examples/reaxff/HNS, contents include:
2023-05-18T07:45:27.015572367Z /home/flux/examples/reaxff/HNS:
2023-05-18T07:45:27.015691104Z README.txt	ffield.reax.hns  log.8Mar18.reaxc.hns.g++.1
2023-05-18T07:45:27.015701338Z data.hns-equil	in.reaxc.hns	 log.8Mar18.reaxc.hns.g++.4
2023-05-18T07:45:27.015910677Z End of file listing, if you see nothing above there are no files.
2023-05-18T07:45:27.017733490Z flux R encode --hosts=flux-sample-[0-3]
2023-05-18T07:45:27.031338644Z
2023-05-18T07:45:27.031357796Z 📦 Resources
2023-05-18T07:45:27.032648772Z {"version": 1, "execution": {"R_lite": [{"rank": "0-3", "children": {"core": "0"}}], "starttime": 0.0, "expiration": 0.0, "nodelist": ["flux-sample-[0-3]"]}}
2023-05-18T07:45:27.032843601Z
2023-05-18T07:45:27.032856662Z 🐸 Diagnostics: false
2023-05-18T07:45:27.033006794Z 🚩️ Flux Option Flags defined
2023-05-18T07:45:27.036377858Z
2023-05-18T07:45:27.036395787Z 🦊 Independent Minister of Privilege
2023-05-18T07:45:27.037563823Z [exec]
2023-05-18T07:45:27.037579191Z allowed-users = [ "flux", "root" ]
2023-05-18T07:45:27.037585403Z allowed-shells = [ "/usr/libexec/flux/flux-shell" ]
2023-05-18T07:45:27.037761183Z
2023-05-18T07:45:27.037774541Z 🐸 Broker Configuration
2023-05-18T07:45:27.038942145Z # Flux needs to know the path to the IMP executable
2023-05-18T07:45:27.038958956Z [exec]
2023-05-18T07:45:27.038965571Z imp = "/usr/libexec/flux/flux-imp"
2023-05-18T07:45:27.038970126Z
2023-05-18T07:45:27.038974929Z [access]
2023-05-18T07:45:27.038980436Z allow-guest-user = true
2023-05-18T07:45:27.038998270Z allow-root-owner = true
2023-05-18T07:45:27.039003659Z
2023-05-18T07:45:27.039008303Z # Point to resource definition generated with flux-R(1).
2023-05-18T07:45:27.039012941Z [resource]
2023-05-18T07:45:27.039018409Z path = "/etc/flux/system/R"
2023-05-18T07:45:27.039022976Z
2023-05-18T07:45:27.039027672Z [bootstrap]
2023-05-18T07:45:27.039032292Z curve_cert = "/etc/curve/curve.cert"
2023-05-18T07:45:27.039039274Z default_port = 8050
2023-05-18T07:45:27.039045265Z default_bind = "tcp://eth0:%p"
2023-05-18T07:45:27.039050670Z default_connect = "tcp://%h.flux-service.flux-operator.svc.cluster.local:%p"
2023-05-18T07:45:27.039056011Z hosts = [
2023-05-18T07:45:27.039060803Z 	{ host="flux-sample-[0-3]"},
2023-05-18T07:45:27.039065294Z ]
2023-05-18T07:45:27.039069683Z
2023-05-18T07:45:27.039074312Z [archive]
2023-05-18T07:45:27.039081602Z dbpath = "/var/lib/flux/job-archive.sqlite"
2023-05-18T07:45:27.039088255Z period = "1m"
2023-05-18T07:45:27.118279593Z busytimeout = "50s"
2023-05-18T07:45:27.118302969Z 🧊️ State Directory:
2023-05-18T07:45:27.118309016Z total 0
2023-05-18T07:45:27.118316464Z
2023-05-18T07:45:27.121318203Z
2023-05-18T07:45:27.121341652Z 🔒️ Working directory permissions:
2023-05-18T07:45:27.121347555Z total 96
2023-05-18T07:45:27.121448362Z -rwxrwxrwx 1 flux root  2517 May 17 22:32 README.txt
2023-05-18T07:45:27.121468334Z -rwxrwxrwx 1 flux root 54692 May 17 22:32 data.hns-equil
2023-05-18T07:45:27.121474160Z -rwxrwxrwx 1 flux root 13576 May 17 22:32 ffield.reax.hns
2023-05-18T07:45:27.121479013Z -rwxrwxrwx 1 flux root   870 May 17 22:32 in.reaxc.hns
2023-05-18T07:45:27.121486548Z -rwxrwxrwx 1 flux root  4172 May 17 22:32 log.8Mar18.reaxc.hns.g++.1
2023-05-18T07:45:27.121492860Z -rwxrwxrwx 1 flux root  4168 May 17 22:32 log.8Mar18.reaxc.hns.g++.4
2023-05-18T07:45:27.121497670Z
2023-05-18T07:45:27.121502322Z
2023-05-18T07:45:27.121507078Z ✨ Curve certificate generated by helper pod
2023-05-18T07:45:27.122904463Z #   ****  Generated on 2023-04-26 22:54:42 by CZMQ  ****
2023-05-18T07:45:27.122921046Z #   ZeroMQ CURVE **Secret** Certificate
2023-05-18T07:45:27.122926799Z #   DO NOT PROVIDE THIS FILE TO OTHER USERS nor change its permissions.
2023-05-18T07:45:27.122931679Z
2023-05-18T07:45:27.123294972Z metadata
2023-05-18T07:45:27.123309240Z     name = "flux-cert-generator"
2023-05-18T07:45:27.123314649Z     keygen.hostname = "flux-sample-0"
2023-05-18T07:45:27.123319403Z curve
2023-05-18T07:45:27.123324357Z     public-key = "XPuBDapVF$S/h5:r<#4kB+WuWc[?QE]FDyN0QAi7"
2023-05-18T07:45:27.123329463Z     secret-key = "?)-HUEIH]lLSGJat1}:B32dOc>Wn/-B$OuvH:9*h"
2023-05-18T07:45:27.125252499Z
2023-05-18T07:45:27.125273047Z 🌀  flux start --wrap=strace,-e,network,-tt -o --config /etc/flux/config -Scron.directory=/etc/flux/system/cron.d   -Stbon.fanout=256   -Srundir=/run/flux    -Sstatedir=/var/lib/flux   -Slocal-uri=local:///run/flux/local -Stbon.connect_timeout=3s  -Stbon.zmqdebug=1  -Slog-stderr-level=6    -Slog-stderr-mode=local
2023-05-18T07:45:27.169757450Z 07:45:27.169503 socket(AF_NETLINK, SOCK_RAW, NETLINK_ROUTE) = 8
2023-05-18T07:45:27.170118980Z 07:45:27.169850 bind(8, {sa_family=AF_NETLINK, nl_pid=0, nl_groups=00000000}, 12) = 0
2023-05-18T07:45:27.170452016Z 07:45:27.170189 getsockname(8, {sa_family=AF_NETLINK, nl_pid=70, nl_groups=00000000}, [12]) = 0
2023-05-18T07:45:27.170820105Z 07:45:27.170502 sendto(8, {{len=20, type=RTM_GETADDR, flags=NLM_F_REQUEST|NLM_F_DUMP, seq=1684395927, pid=0}, {ifa_family=AF_UNSPEC, ...}}, 20, 0, {sa_family=AF_NETLINK, nl_pid=0, nl_groups=00000000}, 12) = 20
2023-05-18T07:45:27.171368224Z 07:45:27.170881 recvmsg(8, {msg_name={sa_family=AF_NETLINK, nl_pid=0, nl_groups=00000000}, msg_namelen=12, msg_iov=[{iov_base=[{{len=76, type=RTM_NEWADDR, flags=NLM_F_MULTI, seq=1684395927, pid=70}, {ifa_family=AF_INET, ifa_prefixlen=8, ifa_flags=IFA_F_PERMANENT, ifa_scope=RT_SCOPE_HOST, ifa_index=if_nametoindex("lo")}, [{{nla_len=8, nla_type=IFA_ADDRESS}, 127.0.0.1}, {{nla_len=8, nla_type=IFA_LOCAL}, 127.0.0.1}, {{nla_len=7, nla_type=IFA_LABEL}, "lo"}, {{nla_len=8, nla_type=IFA_FLAGS}, IFA_F_PERMANENT}, {{nla_len=20, nla_type=IFA_CACHEINFO}, {ifa_prefered=4294967295, ifa_valid=4294967295, cstamp=167223, tstamp=167223}}]}, {{len=88, type=RTM_NEWADDR, flags=NLM_F_MULTI, seq=1684395927, pid=70}, {ifa_family=AF_INET, ifa_prefixlen=24, ifa_flags=IFA_F_PERMANENT, ifa_scope=RT_SCOPE_UNIVERSE, ifa_index=if_nametoindex("eth0")}, [{{nla_len=8, nla_type=IFA_ADDRESS}, 10.24.0.64}, {{nla_len=8, nla_type=IFA_LOCAL}, 10.24.0.64}, {{nla_len=8, nla_type=IFA_BROADCAST}, 10.24.0.255}, {{nla_len=9, nla_type=IFA_LABEL}, "eth0"}, {{nla_len=8, nla_type=IFA_FLAGS}, IFA_F_PERMANENT}, {{nla_len=20, nla_type=IFA_CACHEINFO}, {ifa_prefered=4294967295, ifa_valid=4294967295, cstamp=167226, tstamp=167226}}]}], iov_len=4096}], msg_iovlen=1, msg_controllen=0, msg_flags=0}, 0) = 164
2023-05-18T07:45:27.171706966Z 07:45:27.171437 recvmsg(8, {msg_name={sa_family=AF_NETLINK, nl_pid=0, nl_groups=00000000}, msg_namelen=12, msg_iov=[{iov_base={{len=20, type=NLMSG_DONE, flags=NLM_F_MULTI, seq=1684395927, pid=70}, 0}, iov_len=4096}], msg_iovlen=1, msg_controllen=0, msg_flags=0}, 0) = 20
2023-05-18T07:45:27.172522577Z 07:45:27.172301 socket(AF_UNIX, SOCK_STREAM|SOCK_CLOEXEC|SOCK_NONBLOCK, 0) = 8
2023-05-18T07:45:27.173007015Z 07:45:27.172567 connect(8, {sa_family=AF_UNIX, sun_path="/var/run/nscd/socket"}, 110) = -1 ENOENT (No such file or directory)
2023-05-18T07:45:27.173400935Z 07:45:27.173118 socket(AF_UNIX, SOCK_STREAM|SOCK_CLOEXEC|SOCK_NONBLOCK, 0) = 8
2023-05-18T07:45:27.173659046Z 07:45:27.173455 connect(8, {sa_family=AF_UNIX, sun_path="/var/run/nscd/socket"}, 110) = -1 ENOENT (No such file or directory)
2023-05-18T07:45:27.175648983Z 07:45:27.175455 socket(AF_INET, SOCK_DGRAM|SOCK_CLOEXEC|SOCK_NONBLOCK, IPPROTO_IP) = 8
2023-05-18T07:45:27.175986488Z 07:45:27.175707 connect(8, {sa_family=AF_INET, sin_port=htons(53), sin_addr=inet_addr("169.254.169.254")}, 16) = 0
2023-05-18T07:45:27.176505173Z 07:45:27.176093 sendto(8, "o\221\1\0\0\1\0\0\0\0\0\0\rflux-sample-0\fflux-"..., 76, MSG_NOSIGNAL, NULL, 0) = 76
2023-05-18T07:45:27.180287401Z 07:45:27.179960 recvfrom(8, "o\221\201\200\0\1\0\1\0\0\0\0\rflux-sample-0\fflux-"..., 1024, 0, {sa_family=AF_INET, sin_port=htons(53), sin_addr=inet_addr("169.254.169.254")}, [28->16]) = 92
2023-05-18T07:45:27.184305534Z broker.info[3]: start: none->join 1.63923ms
2023-05-18T07:45:30.377414993Z broker.info[3]: parent-ready: join->init 3.19276s
2023-05-18T07:45:30.377616944Z 07:45:30.377385 socketpair(AF_UNIX, SOCK_STREAM|SOCK_CLOEXEC, 0, [22, 23]) = 0
2023-05-18T07:45:30.377749470Z 07:45:30.377502 socketpair(AF_UNIX, SOCK_STREAM, 0, [24, 25]) = 0
2023-05-18T07:45:30.377878497Z 07:45:30.377684 socketpair(AF_UNIX, SOCK_STREAM, 0, [26, 27]) = 0
2023-05-18T07:45:30.378013741Z 07:45:30.377867 socketpair(AF_UNIX, SOCK_STREAM, 0, [28, 29]) = 0
2023-05-18T07:45:30.401909444Z broker.info[3]: configuration updated
2023-05-18T07:45:30.514760497Z broker.info[3]: rc1.0: running /etc/flux/rc1.d/01-sched-fluxion
2023-05-18T07:45:30.525272188Z broker.info[3]: rc1.0: running /etc/flux/rc1.d/02-cron
2023-05-18T07:45:30.556627089Z broker.info[3]: rc1.0: /etc/flux/rc1 Exited (rc=0) 0.2s
2023-05-18T07:45:30.557393891Z broker.info[3]: rc1-success: init->quorum 0.179797s
2023-05-18T07:45:30.772029303Z broker.info[3]: quorum-full: quorum->run 0.214323s
2023-05-18T07:45:31.372642764Z 07:45:31.372316 socketpair(AF_UNIX, SOCK_STREAM|SOCK_CLOEXEC, 0, [22, 23]) = 0
2023-05-18T07:45:31.372827369Z 07:45:31.372490 socketpair(AF_UNIX, SOCK_STREAM, 0, [24, 25]) = 0
2023-05-18T07:45:31.372852872Z 07:45:31.372681 socketpair(AF_UNIX, SOCK_STREAM, 0, [26, 28]) = 0
2023-05-18T07:45:31.373469597Z 07:45:31.372895 socketpair(AF_UNIX, SOCK_STREAM, 0, [58, 59]) = 0
2023-05-18T07:45:41.462655242Z broker.info[3]: shutdown: run->cleanup 10.6901s
2023-05-18T07:45:41.464496246Z broker.info[3]: cleanup-none: cleanup->shutdown 1.64109ms
2023-05-18T07:45:41.466079575Z broker.info[3]: children-none: shutdown->finalize 1.32281ms
2023-05-18T07:45:41.466346560Z 07:45:41.465984 socketpair(AF_UNIX, SOCK_STREAM|SOCK_CLOEXEC, 0, [22, 23]) = 0
2023-05-18T07:45:41.467346530Z 07:45:41.466187 socketpair(AF_UNIX, SOCK_STREAM, 0, [24, 25]) = 0
2023-05-18T07:45:41.467372731Z 07:45:41.466496 socketpair(AF_UNIX, SOCK_STREAM, 0, [26, 28]) = 0
2023-05-18T07:45:41.467381751Z 07:45:41.466760 socketpair(AF_UNIX, SOCK_STREAM, 0, [58, 59]) = 0
2023-05-18T07:45:41.488401686Z broker.info[3]: rc3.0: running /etc/flux/rc3.d/01-sched-fluxion
2023-05-18T07:45:41.615525671Z broker.info[3]: rc3.0: /etc/flux/rc3 Exited (rc=0) 0.1s
2023-05-18T07:45:41.616743577Z broker.info[3]: rc3-success: finalize->goodbye 0.150587s
2023-05-18T07:45:41.618489270Z broker.info[3]: goodbye: goodbye->exit 1.13515ms
2023-05-18T07:45:41.629440012Z 07:45:41.629266 +++ exited with 0 +++
2023-05-18T07:45:41.630653282Z Return value for follower worker is 0
2023-05-18T07:45:41.630881974Z The follower worker exited cleanly. Goodbye!
