2023-05-18T12:33:07.622940522Z
2023-05-18T12:33:07.622989550Z Flux username: flux
2023-05-18T12:33:07.623065681Z
2023-05-18T12:33:07.623075915Z Flux install root: /usr
2023-05-18T12:33:07.672908500Z flux user is already added.
2023-05-18T12:33:07.677450554Z flux user identifiers:
2023-05-18T12:33:07.677481318Z uid=1234(flux) gid=1234(flux) groups=1234(flux)
2023-05-18T12:33:07.677487514Z
2023-05-18T12:33:07.677535749Z As Flux prefix for flux commands: sudo -u flux -E PYTHONPATH=/opt/conda/lib/python3.10/site-packages -E PATH=/opt/conda/bin:/usr/local/sbin:/usr/local/bin:/usr/sbin:/usr/bin:/sbin:/bin -E LD_LIBRARY_PATH=/opt/conda/lib -E HOME=/home/flux
2023-05-18T12:33:07.685446877Z
2023-05-18T12:33:07.685477780Z 👋 Hello, I'm flux-sample-2
2023-05-18T12:33:07.685633638Z The main host is flux-sample-0
2023-05-18T12:33:07.685644429Z The working directory is /home/flux/examples/reaxff/HNS, contents include:
2023-05-18T12:33:07.687664510Z /home/flux/examples/reaxff/HNS:
2023-05-18T12:33:07.687703675Z README.txt	ffield.reax.hns  log.8Mar18.reaxc.hns.g++.1
2023-05-18T12:33:07.687709837Z data.hns-equil	in.reaxc.hns	 log.8Mar18.reaxc.hns.g++.4
2023-05-18T12:33:07.688016618Z End of file listing, if you see nothing above there are no files.
2023-05-18T12:33:07.690373488Z flux R encode --hosts=flux-sample-[0-3]
2023-05-18T12:33:07.708958088Z
2023-05-18T12:33:07.708997600Z 📦 Resources
2023-05-18T12:33:07.711245339Z {"version": 1, "execution": {"R_lite": [{"rank": "0-3", "children": {"core": "0"}}], "starttime": 0.0, "expiration": 0.0, "nodelist": ["flux-sample-[0-3]"]}}
2023-05-18T12:33:07.711581989Z
2023-05-18T12:33:07.711599074Z 🐸 Diagnostics: false
2023-05-18T12:33:07.711880934Z 🚩️ Flux Option Flags defined
2023-05-18T12:33:07.716163243Z
2023-05-18T12:33:07.716185159Z 🦊 Independent Minister of Privilege
2023-05-18T12:33:07.717484723Z [exec]
2023-05-18T12:33:07.717502554Z allowed-users = [ "flux", "root" ]
2023-05-18T12:33:07.717509848Z allowed-shells = [ "/usr/libexec/flux/flux-shell" ]
2023-05-18T12:33:07.717725973Z
2023-05-18T12:33:07.717739724Z 🐸 Broker Configuration
2023-05-18T12:33:07.719004331Z # Flux needs to know the path to the IMP executable
2023-05-18T12:33:07.719019483Z [exec]
2023-05-18T12:33:07.719026343Z imp = "/usr/libexec/flux/flux-imp"
2023-05-18T12:33:07.719031211Z
2023-05-18T12:33:07.719035783Z [access]
2023-05-18T12:33:07.719041460Z allow-guest-user = true
2023-05-18T12:33:07.719046445Z allow-root-owner = true
2023-05-18T12:33:07.719107839Z
2023-05-18T12:33:07.719117608Z # Point to resource definition generated with flux-R(1).
2023-05-18T12:33:07.719123404Z [resource]
2023-05-18T12:33:07.719129049Z path = "/etc/flux/system/R"
2023-05-18T12:33:07.719133516Z
2023-05-18T12:33:07.719138235Z [bootstrap]
2023-05-18T12:33:07.719143041Z curve_cert = "/etc/curve/curve.cert"
2023-05-18T12:33:07.719147711Z default_port = 8050
2023-05-18T12:33:07.719152461Z default_bind = "tcp://eth0:%p"
2023-05-18T12:33:07.719160255Z default_connect = "tcp://%h.flux-service.flux-operator.svc.cluster.local:%p"
2023-05-18T12:33:07.719165885Z hosts = [
2023-05-18T12:33:07.719170054Z 	{ host="flux-sample-[0-3]"},
2023-05-18T12:33:07.719174681Z ]
2023-05-18T12:33:07.719179287Z
2023-05-18T12:33:07.719183817Z [archive]
2023-05-18T12:33:07.719188772Z dbpath = "/var/lib/flux/job-archive.sqlite"
2023-05-18T12:33:07.719193835Z period = "1m"
2023-05-18T12:33:07.811504176Z busytimeout = "50s"
2023-05-18T12:33:07.811530035Z 🧊️ State Directory:
2023-05-18T12:33:07.811534930Z total 0
2023-05-18T12:33:07.811538471Z
2023-05-18T12:33:07.816634796Z
2023-05-18T12:33:07.816683550Z 🔒️ Working directory permissions:
2023-05-18T12:33:07.816690643Z total 96
2023-05-18T12:33:07.816697181Z -rwxrwxrwx 1 flux root  2517 May 17 22:32 README.txt
2023-05-18T12:33:07.816883932Z -rwxrwxrwx 1 flux root 54692 May 17 22:32 data.hns-equil
2023-05-18T12:33:07.816896042Z -rwxrwxrwx 1 flux root 13576 May 17 22:32 ffield.reax.hns
2023-05-18T12:33:07.816901319Z -rwxrwxrwx 1 flux root   870 May 17 22:32 in.reaxc.hns
2023-05-18T12:33:07.816907480Z -rwxrwxrwx 1 flux root  4172 May 17 22:32 log.8Mar18.reaxc.hns.g++.1
2023-05-18T12:33:07.816912583Z -rwxrwxrwx 1 flux root  4168 May 17 22:32 log.8Mar18.reaxc.hns.g++.4
2023-05-18T12:33:07.816917170Z
2023-05-18T12:33:07.816923846Z
2023-05-18T12:33:07.816929832Z ✨ Curve certificate generated by helper pod
2023-05-18T12:33:07.819739987Z #   ****  Generated on 2023-04-26 22:54:42 by CZMQ  ****
2023-05-18T12:33:07.819879748Z #   ZeroMQ CURVE **Secret** Certificate
2023-05-18T12:33:07.819901436Z #   DO NOT PROVIDE THIS FILE TO OTHER USERS nor change its permissions.
2023-05-18T12:33:07.819907795Z
2023-05-18T12:33:07.819912870Z metadata
2023-05-18T12:33:07.819919050Z     name = "flux-cert-generator"
2023-05-18T12:33:07.819924361Z     keygen.hostname = "flux-sample-0"
2023-05-18T12:33:07.819929077Z curve
2023-05-18T12:33:07.819934790Z     public-key = "1eOLvMMB2#B#YT=P<Pze9A6-/j$9XlJY)8c.ru?C"
2023-05-18T12:33:07.819941885Z     secret-key = "z9h8M<Evs1R2pPy?dEs+AJUG+W-Z@SiEV&5gbrOW"
2023-05-18T12:33:07.822613254Z
2023-05-18T12:33:07.822648843Z 🌀  flux start --wrap=strace,-e,network,-tt -o --config /etc/flux/config -Scron.directory=/etc/flux/system/cron.d   -Stbon.fanout=256   -Srundir=/run/flux    -Sstatedir=/var/lib/flux   -Slocal-uri=local:///run/flux/local -Stbon.connect_timeout=2s  -Stbon.zmqdebug=1  -Slog-stderr-level=6    -Slog-stderr-mode=local
2023-05-18T12:33:07.875423930Z 12:33:07.874749 socket(AF_NETLINK, SOCK_RAW, NETLINK_ROUTE) = 8
2023-05-18T12:33:07.875469431Z 12:33:07.875110 bind(8, {sa_family=AF_NETLINK, nl_pid=0, nl_groups=00000000}, 12) = 0
2023-05-18T12:33:07.875475650Z 12:33:07.875232 getsockname(8, {sa_family=AF_NETLINK, nl_pid=70, nl_groups=00000000}, [12]) = 0
2023-05-18T12:33:07.875786853Z 12:33:07.875318 sendto(8, {{len=20, type=RTM_GETADDR, flags=NLM_F_REQUEST|NLM_F_DUMP, seq=1684413187, pid=0}, {ifa_family=AF_UNSPEC, ...}}, 20, 0, {sa_family=AF_NETLINK, nl_pid=0, nl_groups=00000000}, 12) = 20
2023-05-18T12:33:07.876425101Z 12:33:07.875659 recvmsg(8, {msg_name={sa_family=AF_NETLINK, nl_pid=0, nl_groups=00000000}, msg_namelen=12, msg_iov=[{iov_base=[{{len=76, type=RTM_NEWADDR, flags=NLM_F_MULTI, seq=1684413187, pid=70}, {ifa_family=AF_INET, ifa_prefixlen=8, ifa_flags=IFA_F_PERMANENT, ifa_scope=RT_SCOPE_HOST, ifa_index=if_nametoindex("lo")}, [{{nla_len=8, nla_type=IFA_ADDRESS}, 127.0.0.1}, {{nla_len=8, nla_type=IFA_LOCAL}, 127.0.0.1}, {{nla_len=7, nla_type=IFA_LABEL}, "lo"}, {{nla_len=8, nla_type=IFA_FLAGS}, IFA_F_PERMANENT}, {{nla_len=20, nla_type=IFA_CACHEINFO}, {ifa_prefered=4294967295, ifa_valid=4294967295, cstamp=1893019, tstamp=1893019}}]}, {{len=88, type=RTM_NEWADDR, flags=NLM_F_MULTI, seq=1684413187, pid=70}, {ifa_family=AF_INET, ifa_prefixlen=24, ifa_flags=IFA_F_PERMANENT, ifa_scope=RT_SCOPE_UNIVERSE, ifa_index=if_nametoindex("eth0")}, [{{nla_len=8, nla_type=IFA_ADDRESS}, 10.24.3.9}, {{nla_len=8, nla_type=IFA_LOCAL}, 10.24.3.9}, {{nla_len=8, nla_type=IFA_BROADCAST}, 10.24.3.255}, {{nla_len=9, nla_type=IFA_LABEL}, "eth0"}, {{nla_len=8, nla_type=IFA_FLAGS}, IFA_F_PERMANENT}, {{nla_len=20, nla_type=IFA_CACHEINFO}, {ifa_prefered=4294967295, ifa_valid=4294967295, cstamp=1893022, tstamp=1893022}}]}], iov_len=4096}], msg_iovlen=1, msg_controllen=0, msg_flags=0}, 0) = 164
2023-05-18T12:33:07.876712801Z 12:33:07.876041 recvmsg(8, {msg_name={sa_family=AF_NETLINK, nl_pid=0, nl_groups=00000000}, msg_namelen=12, msg_iov=[{iov_base={{len=20, type=NLMSG_DONE, flags=NLM_F_MULTI, seq=1684413187, pid=70}, 0}, iov_len=4096}], msg_iovlen=1, msg_controllen=0, msg_flags=0}, 0) = 20
2023-05-18T12:33:07.876975246Z 12:33:07.876809 socket(AF_UNIX, SOCK_STREAM|SOCK_CLOEXEC|SOCK_NONBLOCK, 0) = 8
2023-05-18T12:33:07.877773272Z 12:33:07.876893 connect(8, {sa_family=AF_UNIX, sun_path="/var/run/nscd/socket"}, 110) = -1 ENOENT (No such file or directory)
2023-05-18T12:33:07.877802903Z 12:33:07.877196 socket(AF_UNIX, SOCK_STREAM|SOCK_CLOEXEC|SOCK_NONBLOCK, 0) = 8
2023-05-18T12:33:07.877810652Z 12:33:07.877291 connect(8, {sa_family=AF_UNIX, sun_path="/var/run/nscd/socket"}, 110) = -1 ENOENT (No such file or directory)
2023-05-18T12:33:07.879746118Z 12:33:07.879514 socket(AF_INET, SOCK_DGRAM|SOCK_CLOEXEC|SOCK_NONBLOCK, IPPROTO_IP) = 8
2023-05-18T12:33:07.879846656Z 12:33:07.879670 connect(8, {sa_family=AF_INET, sin_port=htons(53), sin_addr=inet_addr("169.254.169.254")}, 16) = 0
2023-05-18T12:33:07.880471269Z 12:33:07.879908 sendto(8, "\371 \1\0\0\1\0\0\0\0\0\0\rflux-sample-0\fflux-"..., 76, MSG_NOSIGNAL, NULL, 0) = 76
2023-05-18T12:33:07.884263811Z 12:33:07.883892 recvfrom(8, "\371 \201\203\0\1\0\0\0\1\0\0\rflux-sample-0\fflux-"..., 1024, 0, {sa_family=AF_INET, sin_port=htons(53), sin_addr=inet_addr("169.254.169.254")}, [28->16]) = 172
2023-05-18T12:33:07.884461387Z 12:33:07.884241 socket(AF_INET, SOCK_DGRAM|SOCK_CLOEXEC|SOCK_NONBLOCK, IPPROTO_IP) = 8
2023-05-18T12:33:07.884525816Z 12:33:07.884313 connect(8, {sa_family=AF_INET, sin_port=htons(53), sin_addr=inet_addr("169.254.169.254")}, 16) = 0
2023-05-18T12:33:07.884708067Z 12:33:07.884470 sendto(8, "H3\1\0\0\1\0\0\0\0\0\0\rflux-sample-0\fflux-"..., 108, MSG_NOSIGNAL, NULL, 0) = 108
2023-05-18T12:33:07.888013060Z 12:33:07.887696 recvfrom(8, "H3\201\203\0\1\0\0\0\1\0\0\rflux-sample-0\fflux-"..., 1024, 0, {sa_family=AF_INET, sin_port=htons(53), sin_addr=inet_addr("169.254.169.254")}, [28->16]) = 204
2023-05-18T12:33:07.888287437Z 12:33:07.888129 socket(AF_INET, SOCK_DGRAM|SOCK_CLOEXEC|SOCK_NONBLOCK, IPPROTO_IP) = 8
2023-05-18T12:33:07.888397765Z 12:33:07.888267 connect(8, {sa_family=AF_INET, sin_port=htons(53), sin_addr=inet_addr("169.254.169.254")}, 16) = 0
2023-05-18T12:33:07.888656671Z 12:33:07.888441 sendto(8, "-{\1\0\0\1\0\0\0\0\0\0\rflux-sample-0\fflux-"..., 94, MSG_NOSIGNAL, NULL, 0) = 94
2023-05-18T12:33:07.893563366Z 12:33:07.892827 recvfrom(8, "-{\201\203\0\1\0\0\0\1\0\0\rflux-sample-0\fflux-"..., 1024, 0, {sa_family=AF_INET, sin_port=htons(53), sin_addr=inet_addr("169.254.169.254")}, [28->16]) = 190
2023-05-18T12:33:07.893755196Z 12:33:07.893588 socket(AF_INET, SOCK_DGRAM|SOCK_CLOEXEC|SOCK_NONBLOCK, IPPROTO_IP) = 8
2023-05-18T12:33:07.893904644Z 12:33:07.893726 connect(8, {sa_family=AF_INET, sin_port=htons(53), sin_addr=inet_addr("169.254.169.254")}, 16) = 0
2023-05-18T12:33:07.894174003Z 12:33:07.893915 sendto(8, "\357:\1\0\0\1\0\0\0\0\0\0\rflux-sample-0\fflux-"..., 90, MSG_NOSIGNAL, NULL, 0) = 90
2023-05-18T12:33:07.897706720Z 12:33:07.897410 recvfrom(8, "\357:\201\203\0\1\0\0\0\1\0\0\rflux-sample-0\fflux-"..., 1024, 0, {sa_family=AF_INET, sin_port=htons(53), sin_addr=inet_addr("169.254.169.254")}, [28->16]) = 186
2023-05-18T12:33:07.897831776Z 12:33:07.897589 socket(AF_INET, SOCK_DGRAM|SOCK_CLOEXEC|SOCK_NONBLOCK, IPPROTO_IP) = 8
2023-05-18T12:33:07.897843756Z 12:33:07.897654 connect(8, {sa_family=AF_INET, sin_port=htons(53), sin_addr=inet_addr("169.254.169.254")}, 16) = 0
2023-05-18T12:33:07.897976463Z 12:33:07.897751 sendto(8, "M\261\1\0\0\1\0\0\0\0\0\0\rflux-sample-0\fflux-"..., 111, MSG_NOSIGNAL, NULL, 0) = 111
2023-05-18T12:33:07.902948798Z 12:33:07.902719 recvfrom(8, "M\261\201\203\0\1\0\0\0\1\0\0\rflux-sample-0\fflux-"..., 1024, 0, {sa_family=AF_INET, sin_port=htons(53), sin_addr=inet_addr("169.254.169.254")}, [28->16]) = 205
2023-05-18T12:33:07.903108511Z 12:33:07.902936 socket(AF_INET, SOCK_DGRAM|SOCK_CLOEXEC|SOCK_NONBLOCK, IPPROTO_IP) = 8
2023-05-18T12:33:07.903190622Z 12:33:07.903016 connect(8, {sa_family=AF_INET, sin_port=htons(53), sin_addr=inet_addr("169.254.169.254")}, 16) = 0
2023-05-18T12:33:07.903343159Z 12:33:07.903158 sendto(8, "BY\1\0\0\1\0\0\0\0\0\0\rflux-sample-0\fflux-"..., 97, MSG_NOSIGNAL, NULL, 0) = 97
2023-05-18T12:33:07.908661500Z 12:33:07.908394 recvfrom(8, "BY\201\203\0\1\0\0\0\1\0\0\rflux-sample-0\fflux-"..., 1024, 0, {sa_family=AF_INET, sin_port=htons(53), sin_addr=inet_addr("169.254.169.254")}, [28->16]) = 186
2023-05-18T12:33:07.908817594Z 12:33:07.908629 socket(AF_INET, SOCK_DGRAM|SOCK_CLOEXEC|SOCK_NONBLOCK, IPPROTO_IP) = 8
2023-05-18T12:33:07.908828664Z 12:33:07.908705 connect(8, {sa_family=AF_INET, sin_port=htons(53), sin_addr=inet_addr("169.254.169.254")}, 16) = 0
2023-05-18T12:33:07.909120917Z 12:33:07.908814 sendto(8, "\252\35\1\0\0\1\0\0\0\0\0\0\rflux-sample-0\fflux-"..., 92, MSG_NOSIGNAL, NULL, 0) = 92
2023-05-18T12:33:07.915362179Z 12:33:07.915107 recvfrom(8, "\252\35\201\203\0\1\0\0\0\1\0\0\rflux-sample-0\fflux-"..., 1024, 0, {sa_family=AF_INET, sin_port=htons(53), sin_addr=inet_addr("169.254.169.254")}, [28->16]) = 181
2023-05-18T12:33:07.915648299Z broker.err[2]: Warning: unable to resolve upstream peer flux-sample-0.flux-service.flux-operator.svc.cluster.local: Name or service not known
2023-05-18T12:33:07.921726047Z broker.info[2]: start: none->join 1.69157ms
2023-05-18T12:33:09.561795404Z broker.info[2]: parent-ready: join->init 1.63987s
2023-05-18T12:33:09.562378283Z 12:33:09.561796 socketpair(AF_UNIX, SOCK_STREAM|SOCK_CLOEXEC, 0, [22, 23]) = 0
2023-05-18T12:33:09.562680068Z 12:33:09.562490 socketpair(AF_UNIX, SOCK_STREAM, 0, [24, 25]) = 0
2023-05-18T12:33:09.563120246Z 12:33:09.562879 socketpair(AF_UNIX, SOCK_STREAM, 0, [26, 27]) = 0
2023-05-18T12:33:09.563398846Z 12:33:09.563156 socketpair(AF_UNIX, SOCK_STREAM, 0, [28, 29]) = 0
2023-05-18T12:33:09.591192052Z broker.info[2]: configuration updated
2023-05-18T12:33:09.738887133Z broker.info[2]: rc1.0: running /etc/flux/rc1.d/01-sched-fluxion
2023-05-18T12:33:09.754250356Z broker.info[2]: rc1.0: running /etc/flux/rc1.d/02-cron
2023-05-18T12:33:09.783536590Z broker.info[2]: rc1.0: /etc/flux/rc1 Exited (rc=0) 0.2s
2023-05-18T12:33:09.785476186Z broker.info[2]: rc1-success: init->quorum 0.223408s
2023-05-18T12:33:10.113333079Z broker.info[2]: quorum-full: quorum->run 0.327631s
2023-05-18T12:33:21.431519089Z broker.info[2]: shutdown: run->cleanup 11.3177s
2023-05-18T12:33:21.433243299Z broker.info[2]: cleanup-none: cleanup->shutdown 1.38536ms
2023-05-18T12:33:21.434383924Z broker.info[2]: children-none: shutdown->finalize 1.14759ms
2023-05-18T12:33:21.434995485Z 12:33:21.434770 socketpair(AF_UNIX, SOCK_STREAM|SOCK_CLOEXEC, 0, [22, 23]) = 0
2023-05-18T12:33:21.435557382Z 12:33:21.435007 socketpair(AF_UNIX, SOCK_STREAM, 0, [24, 25]) = 0
2023-05-18T12:33:21.435577781Z 12:33:21.435274 socketpair(AF_UNIX, SOCK_STREAM, 0, [26, 28]) = 0
2023-05-18T12:33:21.435857985Z 12:33:21.435529 socketpair(AF_UNIX, SOCK_STREAM, 0, [58, 59]) = 0
2023-05-18T12:33:21.455663427Z broker.info[2]: rc3.0: running /etc/flux/rc3.d/01-sched-fluxion
2023-05-18T12:33:21.583000529Z broker.info[2]: rc3.0: /etc/flux/rc3 Exited (rc=0) 0.1s
2023-05-18T12:33:21.583629565Z broker.info[2]: rc3-success: finalize->goodbye 0.148651s
2023-05-18T12:33:21.584750843Z broker.info[2]: goodbye: goodbye->exit 1.07948ms
2023-05-18T12:33:21.592846636Z 12:33:21.592620 +++ exited with 0 +++
2023-05-18T12:33:21.594197104Z Return value for follower worker is 0
2023-05-18T12:33:21.594224335Z The follower worker exited cleanly. Goodbye!
