2023-05-18T07:31:33.102006762Z
2023-05-18T07:31:33.102103650Z Flux username: flux
2023-05-18T07:31:33.102114770Z
2023-05-18T07:31:33.102121282Z Flux install root: /usr
2023-05-18T07:31:33.145969598Z flux user is already added.
2023-05-18T07:31:33.148814605Z flux user identifiers:
2023-05-18T07:31:33.148836789Z uid=1234(flux) gid=1234(flux) groups=1234(flux)
2023-05-18T07:31:33.149008865Z
2023-05-18T07:31:33.149021176Z As Flux prefix for flux commands: sudo -u flux -E PYTHONPATH=/opt/conda/lib/python3.10/site-packages -E PATH=/opt/conda/bin:/usr/local/sbin:/usr/local/bin:/usr/sbin:/usr/bin:/sbin:/bin -E LD_LIBRARY_PATH=/opt/conda/lib -E HOME=/home/flux
2023-05-18T07:31:33.157424326Z
2023-05-18T07:31:33.157448267Z 👋 Hello, I'm flux-sample-1
2023-05-18T07:31:33.157605546Z The main host is flux-sample-0
2023-05-18T07:31:33.157617587Z The working directory is /home/flux/examples/reaxff/HNS, contents include:
2023-05-18T07:31:33.159189353Z /home/flux/examples/reaxff/HNS:
2023-05-18T07:31:33.159206848Z README.txt	ffield.reax.hns  log.8Mar18.reaxc.hns.g++.1
2023-05-18T07:31:33.159213160Z data.hns-equil	in.reaxc.hns	 log.8Mar18.reaxc.hns.g++.4
2023-05-18T07:31:33.159579973Z End of file listing, if you see nothing above there are no files.
2023-05-18T07:31:33.161379519Z flux R encode --hosts=flux-sample-[0-3]
2023-05-18T07:31:33.175111106Z
2023-05-18T07:31:33.175135141Z 📦 Resources
2023-05-18T07:31:33.176643375Z {"version": 1, "execution": {"R_lite": [{"rank": "0-3", "children": {"core": "0"}}], "starttime": 0.0, "expiration": 0.0, "nodelist": ["flux-sample-[0-3]"]}}
2023-05-18T07:31:33.176924810Z
2023-05-18T07:31:33.176939532Z 🐸 Diagnostics: false
2023-05-18T07:31:33.177150896Z 🚩️ Flux Option Flags defined
2023-05-18T07:31:33.181212132Z
2023-05-18T07:31:33.181231386Z 🦊 Independent Minister of Privilege
2023-05-18T07:31:33.182453281Z [exec]
2023-05-18T07:31:33.182469013Z allowed-users = [ "flux", "root" ]
2023-05-18T07:31:33.182476233Z allowed-shells = [ "/usr/libexec/flux/flux-shell" ]
2023-05-18T07:31:33.182648062Z
2023-05-18T07:31:33.182660829Z 🐸 Broker Configuration
2023-05-18T07:31:33.183874539Z # Flux needs to know the path to the IMP executable
2023-05-18T07:31:33.183890832Z [exec]
2023-05-18T07:31:33.183898677Z imp = "/usr/libexec/flux/flux-imp"
2023-05-18T07:31:33.183904812Z
2023-05-18T07:31:33.183909947Z [access]
2023-05-18T07:31:33.183915389Z allow-guest-user = true
2023-05-18T07:31:33.183920013Z allow-root-owner = true
2023-05-18T07:31:33.183924988Z
2023-05-18T07:31:33.183929822Z # Point to resource definition generated with flux-R(1).
2023-05-18T07:31:33.183934872Z [resource]
2023-05-18T07:31:33.183942422Z path = "/etc/flux/system/R"
2023-05-18T07:31:33.183947990Z
2023-05-18T07:31:33.183952670Z [bootstrap]
2023-05-18T07:31:33.183957546Z curve_cert = "/etc/curve/curve.cert"
2023-05-18T07:31:33.183962436Z default_port = 8050
2023-05-18T07:31:33.183967827Z default_bind = "tcp://eth0:%p"
2023-05-18T07:31:33.183972964Z default_connect = "tcp://%h.flux-service.flux-operator.svc.cluster.local:%p"
2023-05-18T07:31:33.183977431Z hosts = [
2023-05-18T07:31:33.183984913Z 	{ host="flux-sample-[0-3]"},
2023-05-18T07:31:33.183991116Z ]
2023-05-18T07:31:33.183995648Z
2023-05-18T07:31:33.184000062Z [archive]
2023-05-18T07:31:33.184005291Z dbpath = "/var/lib/flux/job-archive.sqlite"
2023-05-18T07:31:33.184009641Z period = "1m"
2023-05-18T07:31:33.276554054Z busytimeout = "50s"
2023-05-18T07:31:33.276589137Z 🧊️ State Directory:
2023-05-18T07:31:33.276596668Z total 0
2023-05-18T07:31:33.276604778Z
2023-05-18T07:31:33.279585621Z
2023-05-18T07:31:33.279621170Z 🔒️ Working directory permissions:
2023-05-18T07:31:33.279630499Z total 96
2023-05-18T07:31:33.279636738Z -rwxrwxrwx 1 flux root  2517 May 17 22:32 README.txt
2023-05-18T07:31:33.279642158Z -rwxrwxrwx 1 flux root 54692 May 17 22:32 data.hns-equil
2023-05-18T07:31:33.279647355Z -rwxrwxrwx 1 flux root 13576 May 17 22:32 ffield.reax.hns
2023-05-18T07:31:33.279652464Z -rwxrwxrwx 1 flux root   870 May 17 22:32 in.reaxc.hns
2023-05-18T07:31:33.279666987Z -rwxrwxrwx 1 flux root  4172 May 17 22:32 log.8Mar18.reaxc.hns.g++.1
2023-05-18T07:31:33.279745282Z -rwxrwxrwx 1 flux root  4168 May 17 22:32 log.8Mar18.reaxc.hns.g++.4
2023-05-18T07:31:33.279754846Z
2023-05-18T07:31:33.279759841Z
2023-05-18T07:31:33.279768121Z ✨ Curve certificate generated by helper pod
2023-05-18T07:31:33.281364593Z #   ****  Generated on 2023-04-26 22:54:42 by CZMQ  ****
2023-05-18T07:31:33.281386288Z #   ZeroMQ CURVE **Secret** Certificate
2023-05-18T07:31:33.281393415Z #   DO NOT PROVIDE THIS FILE TO OTHER USERS nor change its permissions.
2023-05-18T07:31:33.281401652Z
2023-05-18T07:31:33.281408276Z metadata
2023-05-18T07:31:33.281413914Z     name = "flux-cert-generator"
2023-05-18T07:31:33.281418975Z     keygen.hostname = "flux-sample-0"
2023-05-18T07:31:33.281433378Z curve
2023-05-18T07:31:33.281438809Z     public-key = "T%T.BWIOMU:7tAw<tr<$UyiW1H4k^VGFm5xUY(:E"
2023-05-18T07:31:33.281443970Z     secret-key = "-k)b32u>X+h@jMEh[J3PfOceWSo%ax(UB1vr0D4y"
2023-05-18T07:31:33.283812470Z
2023-05-18T07:31:33.283838176Z 🌀  flux start --wrap=strace,-e,network,-tt -o --config /etc/flux/config -Scron.directory=/etc/flux/system/cron.d   -Stbon.fanout=256   -Srundir=/run/flux    -Sstatedir=/var/lib/flux   -Slocal-uri=local:///run/flux/local -Stbon.connect_timeout=1s  -Stbon.zmqdebug=1  -Slog-stderr-level=6    -Slog-stderr-mode=local
2023-05-18T07:31:33.328159225Z 07:31:33.327812 socket(AF_NETLINK, SOCK_RAW, NETLINK_ROUTE) = 8
2023-05-18T07:31:33.328206229Z 07:31:33.327933 bind(8, {sa_family=AF_NETLINK, nl_pid=0, nl_groups=00000000}, 12) = 0
2023-05-18T07:31:33.328284595Z 07:31:33.328018 getsockname(8, {sa_family=AF_NETLINK, nl_pid=70, nl_groups=00000000}, [12]) = 0
2023-05-18T07:31:33.328578656Z 07:31:33.328161 sendto(8, {{len=20, type=RTM_GETADDR, flags=NLM_F_REQUEST|NLM_F_DUMP, seq=1684395093, pid=0}, {ifa_family=AF_UNSPEC, ...}}, 20, 0, {sa_family=AF_NETLINK, nl_pid=0, nl_groups=00000000}, 12) = 20
2023-05-18T07:31:33.328897364Z 07:31:33.328484 recvmsg(8, {msg_name={sa_family=AF_NETLINK, nl_pid=0, nl_groups=00000000}, msg_namelen=12, msg_iov=[{iov_base=[{{len=76, type=RTM_NEWADDR, flags=NLM_F_MULTI, seq=1684395093, pid=70}, {ifa_family=AF_INET, ifa_prefixlen=8, ifa_flags=IFA_F_PERMANENT, ifa_scope=RT_SCOPE_HOST, ifa_index=if_nametoindex("lo")}, [{{nla_len=8, nla_type=IFA_ADDRESS}, 127.0.0.1}, {{nla_len=8, nla_type=IFA_LOCAL}, 127.0.0.1}, {{nla_len=7, nla_type=IFA_LABEL}, "lo"}, {{nla_len=8, nla_type=IFA_FLAGS}, IFA_F_PERMANENT}, {{nla_len=20, nla_type=IFA_CACHEINFO}, {ifa_prefered=4294967295, ifa_valid=4294967295, cstamp=83571, tstamp=83571}}]}, {{len=88, type=RTM_NEWADDR, flags=NLM_F_MULTI, seq=1684395093, pid=70}, {ifa_family=AF_INET, ifa_prefixlen=24, ifa_flags=IFA_F_PERMANENT, ifa_scope=RT_SCOPE_UNIVERSE, ifa_index=if_nametoindex("eth0")}, [{{nla_len=8, nla_type=IFA_ADDRESS}, 10.24.3.16}, {{nla_len=8, nla_type=IFA_LOCAL}, 10.24.3.16}, {{nla_len=8, nla_type=IFA_BROADCAST}, 10.24.3.255}, {{nla_len=9, nla_type=IFA_LABEL}, "eth0"}, {{nla_len=8, nla_type=IFA_FLAGS}, IFA_F_PERMANENT}, {{nla_len=20, nla_type=IFA_CACHEINFO}, {ifa_prefered=4294967295, ifa_valid=4294967295, cstamp=83574, tstamp=83574}}]}], iov_len=4096}], msg_iovlen=1, msg_controllen=0, msg_flags=0}, 0) = 164
2023-05-18T07:31:33.329020701Z 07:31:33.328841 recvmsg(8, {msg_name={sa_family=AF_NETLINK, nl_pid=0, nl_groups=00000000}, msg_namelen=12, msg_iov=[{iov_base={{len=20, type=NLMSG_DONE, flags=NLM_F_MULTI, seq=1684395093, pid=70}, 0}, iov_len=4096}], msg_iovlen=1, msg_controllen=0, msg_flags=0}, 0) = 20
2023-05-18T07:31:33.329644524Z 07:31:33.329509 socket(AF_UNIX, SOCK_STREAM|SOCK_CLOEXEC|SOCK_NONBLOCK, 0) = 8
2023-05-18T07:31:33.329726955Z 07:31:33.329599 connect(8, {sa_family=AF_UNIX, sun_path="/var/run/nscd/socket"}, 110) = -1 ENOENT (No such file or directory)
2023-05-18T07:31:33.329904194Z 07:31:33.329768 socket(AF_UNIX, SOCK_STREAM|SOCK_CLOEXEC|SOCK_NONBLOCK, 0) = 8
2023-05-18T07:31:33.329983838Z 07:31:33.329870 connect(8, {sa_family=AF_UNIX, sun_path="/var/run/nscd/socket"}, 110) = -1 ENOENT (No such file or directory)
2023-05-18T07:31:33.331282991Z 07:31:33.331103 socket(AF_INET, SOCK_DGRAM|SOCK_CLOEXEC|SOCK_NONBLOCK, IPPROTO_IP) = 8
2023-05-18T07:31:33.331365715Z 07:31:33.331185 connect(8, {sa_family=AF_INET, sin_port=htons(53), sin_addr=inet_addr("169.254.169.254")}, 16) = 0
2023-05-18T07:31:33.331800387Z 07:31:33.331335 sendto(8, "VY\1\0\0\1\0\0\0\0\0\0\rflux-sample-0\fflux-"..., 76, MSG_NOSIGNAL, NULL, 0) = 76
2023-05-18T07:31:33.335637198Z 07:31:33.335440 recvfrom(8, "VY\201\200\0\1\0\1\0\0\0\0\rflux-sample-0\fflux-"..., 1024, 0, {sa_family=AF_INET, sin_port=htons(53), sin_addr=inet_addr("169.254.169.254")}, [28->16]) = 92
2023-05-18T07:31:33.341706692Z broker.info[1]: start: none->join 2.02644ms
2023-05-18T07:31:34.527635454Z broker.info[1]: parent-ready: join->init 1.18575s
2023-05-18T07:31:34.527954056Z 07:31:34.527675 socketpair(AF_UNIX, SOCK_STREAM|SOCK_CLOEXEC, 0, [22, 23]) = 0
2023-05-18T07:31:34.528079466Z 07:31:34.527860 socketpair(AF_UNIX, SOCK_STREAM, 0, [24, 25]) = 0
2023-05-18T07:31:34.528370752Z 07:31:34.528122 socketpair(AF_UNIX, SOCK_STREAM, 0, [26, 27]) = 0
2023-05-18T07:31:34.528639831Z 07:31:34.528394 socketpair(AF_UNIX, SOCK_STREAM, 0, [28, 29]) = 0
2023-05-18T07:31:34.553295317Z broker.info[1]: configuration updated
2023-05-18T07:31:34.672167879Z broker.info[1]: rc1.0: running /etc/flux/rc1.d/01-sched-fluxion
2023-05-18T07:31:34.683697638Z broker.info[1]: rc1.0: running /etc/flux/rc1.d/02-cron
2023-05-18T07:31:34.714965076Z broker.info[1]: rc1.0: /etc/flux/rc1 Exited (rc=0) 0.2s
2023-05-18T07:31:34.715934885Z broker.info[1]: rc1-success: init->quorum 0.187949s
2023-05-18T07:31:34.933146364Z broker.info[1]: quorum-full: quorum->run 0.216757s
2023-05-18T07:31:45.506917674Z broker.info[1]: shutdown: run->cleanup 10.5734s
2023-05-18T07:31:45.508498327Z broker.info[1]: cleanup-none: cleanup->shutdown 1.42112ms
2023-05-18T07:31:45.509704418Z broker.info[1]: children-none: shutdown->finalize 1.12607ms
2023-05-18T07:31:45.510200253Z 07:31:45.509798 socketpair(AF_UNIX, SOCK_STREAM|SOCK_CLOEXEC, 0, [22, 23]) = 0
2023-05-18T07:31:45.510221620Z 07:31:45.509994 socketpair(AF_UNIX, SOCK_STREAM, 0, [24, 25]) = 0
2023-05-18T07:31:45.510351598Z 07:31:45.510229 socketpair(AF_UNIX, SOCK_STREAM, 0, [26, 28]) = 0
2023-05-18T07:31:45.510804895Z 07:31:45.510437 socketpair(AF_UNIX, SOCK_STREAM, 0, [58, 59]) = 0
2023-05-18T07:31:45.529352330Z broker.info[1]: rc3.0: running /etc/flux/rc3.d/01-sched-fluxion
2023-05-18T07:31:45.672360034Z broker.info[1]: rc3.0: /etc/flux/rc3 Exited (rc=0) 0.2s
2023-05-18T07:31:45.673434256Z broker.info[1]: rc3-success: finalize->goodbye 0.163271s
2023-05-18T07:31:45.674918958Z broker.info[1]: goodbye: goodbye->exit 1.3157ms
2023-05-18T07:31:45.681246596Z 07:31:45.681108 +++ exited with 0 +++
2023-05-18T07:31:45.682722981Z Return value for follower worker is 0
2023-05-18T07:31:45.682821630Z The follower worker exited cleanly. Goodbye!
