2023-05-18T13:04:22.454251466Z
2023-05-18T13:04:22.454302870Z Flux username: flux
2023-05-18T13:04:22.454309997Z
2023-05-18T13:04:22.454315029Z Flux install root: /usr
2023-05-18T13:04:22.500409443Z flux user is already added.
2023-05-18T13:04:22.503424918Z flux user identifiers:
2023-05-18T13:04:22.503454417Z uid=1234(flux) gid=1234(flux) groups=1234(flux)
2023-05-18T13:04:22.503460512Z
2023-05-18T13:04:22.503468819Z As Flux prefix for flux commands: sudo -u flux -E PYTHONPATH=/opt/conda/lib/python3.10/site-packages -E PATH=/opt/conda/bin:/usr/local/sbin:/usr/local/bin:/usr/sbin:/usr/bin:/sbin:/bin -E LD_LIBRARY_PATH=/opt/conda/lib -E HOME=/home/flux
2023-05-18T13:04:22.510806843Z
2023-05-18T13:04:22.510849869Z ðŸ‘‹ Hello, I'm flux-sample-3
2023-05-18T13:04:22.511007478Z The main host is flux-sample-0
2023-05-18T13:04:22.511024653Z The working directory is /home/flux/examples/reaxff/HNS, contents include:
2023-05-18T13:04:22.512913198Z /home/flux/examples/reaxff/HNS:
2023-05-18T13:04:22.513056859Z README.txt	ffield.reax.hns  log.8Mar18.reaxc.hns.g++.1
2023-05-18T13:04:22.513069267Z data.hns-equil	in.reaxc.hns	 log.8Mar18.reaxc.hns.g++.4
2023-05-18T13:04:22.513209610Z End of file listing, if you see nothing above there are no files.
2023-05-18T13:04:22.515361841Z flux R encode --hosts=flux-sample-[0-3]
2023-05-18T13:04:22.529330106Z
2023-05-18T13:04:22.529361025Z ðŸ“¦ Resources
2023-05-18T13:04:22.531078133Z {"version": 1, "execution": {"R_lite": [{"rank": "0-3", "children": {"core": "0"}}], "starttime": 0.0, "expiration": 0.0, "nodelist": ["flux-sample-[0-3]"]}}
2023-05-18T13:04:22.531360152Z
2023-05-18T13:04:22.531390624Z ðŸ¸ Diagnostics: false
2023-05-18T13:04:22.531603104Z ðŸš©ï¸ Flux Option Flags defined
2023-05-18T13:04:22.536197428Z
2023-05-18T13:04:22.536222469Z ðŸ¦Š Independent Minister of Privilege
2023-05-18T13:04:22.537575532Z [exec]
2023-05-18T13:04:22.537597918Z allowed-users = [ "flux", "root" ]
2023-05-18T13:04:22.537604437Z allowed-shells = [ "/usr/libexec/flux/flux-shell" ]
2023-05-18T13:04:22.537750531Z
2023-05-18T13:04:22.537762871Z ðŸ¸ Broker Configuration
2023-05-18T13:04:22.539033464Z # Flux needs to know the path to the IMP executable
2023-05-18T13:04:22.539051933Z [exec]
2023-05-18T13:04:22.539057648Z imp = "/usr/libexec/flux/flux-imp"
2023-05-18T13:04:22.539062203Z
2023-05-18T13:04:22.539066683Z [access]
2023-05-18T13:04:22.539075860Z allow-guest-user = true
2023-05-18T13:04:22.539081178Z allow-root-owner = true
2023-05-18T13:04:22.539087870Z
2023-05-18T13:04:22.539093951Z # Point to resource definition generated with flux-R(1).
2023-05-18T13:04:22.539098962Z [resource]
2023-05-18T13:04:22.539104208Z path = "/etc/flux/system/R"
2023-05-18T13:04:22.539108952Z
2023-05-18T13:04:22.539113614Z [bootstrap]
2023-05-18T13:04:22.539118354Z curve_cert = "/etc/curve/curve.cert"
2023-05-18T13:04:22.539123530Z default_port = 8050
2023-05-18T13:04:22.539131023Z default_bind = "tcp://eth0:%p"
2023-05-18T13:04:22.539138466Z default_connect = "tcp://%h.flux-service.flux-operator.svc.cluster.local:%p"
2023-05-18T13:04:22.539144330Z hosts = [
2023-05-18T13:04:22.539149218Z 	{ host="flux-sample-[0-3]"},
2023-05-18T13:04:22.539153983Z ]
2023-05-18T13:04:22.539158496Z
2023-05-18T13:04:22.539163481Z [archive]
2023-05-18T13:04:22.539168475Z dbpath = "/var/lib/flux/job-archive.sqlite"
2023-05-18T13:04:22.539174075Z period = "1m"
2023-05-18T13:04:22.626543259Z busytimeout = "50s"
2023-05-18T13:04:22.626587433Z ðŸ§Šï¸ State Directory:
2023-05-18T13:04:22.626594847Z total 0
2023-05-18T13:04:22.626600024Z
2023-05-18T13:04:22.630274819Z
2023-05-18T13:04:22.630313797Z ðŸ”’ï¸ Working directory permissions:
2023-05-18T13:04:22.630323831Z total 96
2023-05-18T13:04:22.630331753Z -rwxrwxrwx 1 flux root  2517 May 17 22:32 README.txt
2023-05-18T13:04:22.630336847Z -rwxrwxrwx 1 flux root 54692 May 17 22:32 data.hns-equil
2023-05-18T13:04:22.630342414Z -rwxrwxrwx 1 flux root 13576 May 17 22:32 ffield.reax.hns
2023-05-18T13:04:22.630347957Z -rwxrwxrwx 1 flux root   870 May 17 22:32 in.reaxc.hns
2023-05-18T13:04:22.630354128Z -rwxrwxrwx 1 flux root  4172 May 17 22:32 log.8Mar18.reaxc.hns.g++.1
2023-05-18T13:04:22.630359854Z -rwxrwxrwx 1 flux root  4168 May 17 22:32 log.8Mar18.reaxc.hns.g++.4
2023-05-18T13:04:22.630364934Z
2023-05-18T13:04:22.630372148Z
2023-05-18T13:04:22.630379400Z âœ¨ Curve certificate generated by helper pod
2023-05-18T13:04:22.631430606Z #   ****  Generated on 2023-04-26 22:54:42 by CZMQ  ****
2023-05-18T13:04:22.631454282Z #   ZeroMQ CURVE **Secret** Certificate
2023-05-18T13:04:22.631463804Z #   DO NOT PROVIDE THIS FILE TO OTHER USERS nor change its permissions.
2023-05-18T13:04:22.631470244Z
2023-05-18T13:04:22.631475709Z metadata
2023-05-18T13:04:22.631481427Z     name = "flux-cert-generator"
2023-05-18T13:04:22.631486773Z     keygen.hostname = "flux-sample-0"
2023-05-18T13:04:22.631491989Z curve
2023-05-18T13:04:22.631497286Z     public-key = "7Mx3S-FqppL1]NHw4G61CaKt=/$C)x:2m9%>D%XQ"
2023-05-18T13:04:22.631502628Z     secret-key = "4DH2dB$h7rXG@HY+KIe{ZAk%7zj(SpTXGcd*$%*e"
2023-05-18T13:04:22.634076804Z
2023-05-18T13:04:22.634120292Z ðŸŒ€  flux start --wrap=strace,-e,network,-tt -o --config /etc/flux/config -Scron.directory=/etc/flux/system/cron.d   -Stbon.fanout=256   -Srundir=/run/flux    -Sstatedir=/var/lib/flux   -Slocal-uri=local:///run/flux/local -Stbon.connect_timeout=6s  -Stbon.zmqdebug=1  -Slog-stderr-level=6    -Slog-stderr-mode=local
2023-05-18T13:04:22.669014115Z 13:04:22.668739 socket(AF_NETLINK, SOCK_RAW, NETLINK_ROUTE) = 8
2023-05-18T13:04:22.669174893Z 13:04:22.668852 bind(8, {sa_family=AF_NETLINK, nl_pid=0, nl_groups=00000000}, 12) = 0
2023-05-18T13:04:22.669187842Z 13:04:22.668927 getsockname(8, {sa_family=AF_NETLINK, nl_pid=70, nl_groups=00000000}, [12]) = 0
2023-05-18T13:04:22.669511462Z 13:04:22.669033 sendto(8, {{len=20, type=RTM_GETADDR, flags=NLM_F_REQUEST|NLM_F_DUMP, seq=1684415062, pid=0}, {ifa_family=AF_UNSPEC, ...}}, 20, 0, {sa_family=AF_NETLINK, nl_pid=0, nl_groups=00000000}, 12) = 20
2023-05-18T13:04:22.669910715Z 13:04:22.669409 recvmsg(8, {msg_name={sa_family=AF_NETLINK, nl_pid=0, nl_groups=00000000}, msg_namelen=12, msg_iov=[{iov_base=[{{len=76, type=RTM_NEWADDR, flags=NLM_F_MULTI, seq=1684415062, pid=70}, {ifa_family=AF_INET, ifa_prefixlen=8, ifa_flags=IFA_F_PERMANENT, ifa_scope=RT_SCOPE_HOST, ifa_index=if_nametoindex("lo")}, [{{nla_len=8, nla_type=IFA_ADDRESS}, 127.0.0.1}, {{nla_len=8, nla_type=IFA_LOCAL}, 127.0.0.1}, {{nla_len=7, nla_type=IFA_LABEL}, "lo"}, {{nla_len=8, nla_type=IFA_FLAGS}, IFA_F_PERMANENT}, {{nla_len=20, nla_type=IFA_CACHEINFO}, {ifa_prefered=4294967295, ifa_valid=4294967295, cstamp=2080557, tstamp=2080557}}]}, {{len=88, type=RTM_NEWADDR, flags=NLM_F_MULTI, seq=1684415062, pid=70}, {ifa_family=AF_INET, ifa_prefixlen=24, ifa_flags=IFA_F_PERMANENT, ifa_scope=RT_SCOPE_UNIVERSE, ifa_index=if_nametoindex("eth0")}, [{{nla_len=8, nla_type=IFA_ADDRESS}, 10.24.2.220}, {{nla_len=8, nla_type=IFA_LOCAL}, 10.24.2.220}, {{nla_len=8, nla_type=IFA_BROADCAST}, 10.24.2.255}, {{nla_len=9, nla_type=IFA_LABEL}, "eth0"}, {{nla_len=8, nla_type=IFA_FLAGS}, IFA_F_PERMANENT}, {{nla_len=20, nla_type=IFA_CACHEINFO}, {ifa_prefered=4294967295, ifa_valid=4294967295, cstamp=2080561, tstamp=2080561}}]}], iov_len=4096}], msg_iovlen=1, msg_controllen=0, msg_flags=0}, 0) = 164
2023-05-18T13:04:22.670160976Z 13:04:22.669854 recvmsg(8, {msg_name={sa_family=AF_NETLINK, nl_pid=0, nl_groups=00000000}, msg_namelen=12, msg_iov=[{iov_base={{len=20, type=NLMSG_DONE, flags=NLM_F_MULTI, seq=1684415062, pid=70}, 0}, iov_len=4096}], msg_iovlen=1, msg_controllen=0, msg_flags=0}, 0) = 20
2023-05-18T13:04:22.670878416Z 13:04:22.670722 socket(AF_UNIX, SOCK_STREAM|SOCK_CLOEXEC|SOCK_NONBLOCK, 0) = 8
2023-05-18T13:04:22.671110726Z 13:04:22.670798 connect(8, {sa_family=AF_UNIX, sun_path="/var/run/nscd/socket"}, 110) = -1 ENOENT (No such file or directory)
2023-05-18T13:04:22.671239027Z 13:04:22.671072 socket(AF_UNIX, SOCK_STREAM|SOCK_CLOEXEC|SOCK_NONBLOCK, 0) = 8
2023-05-18T13:04:22.671318974Z 13:04:22.671156 connect(8, {sa_family=AF_UNIX, sun_path="/var/run/nscd/socket"}, 110) = -1 ENOENT (No such file or directory)
2023-05-18T13:04:22.672792538Z 13:04:22.672575 socket(AF_INET, SOCK_DGRAM|SOCK_CLOEXEC|SOCK_NONBLOCK, IPPROTO_IP) = 8
2023-05-18T13:04:22.672937676Z 13:04:22.672682 connect(8, {sa_family=AF_INET, sin_port=htons(53), sin_addr=inet_addr("169.254.169.254")}, 16) = 0
2023-05-18T13:04:22.673293029Z 13:04:22.672849 sendto(8, "28\1\0\0\1\0\0\0\0\0\0\rflux-sample-0\fflux-"..., 76, MSG_NOSIGNAL, NULL, 0) = 76
2023-05-18T13:04:22.677206568Z 13:04:22.676870 recvfrom(8, "28\201\203\0\1\0\0\0\1\0\0\rflux-sample-0\fflux-"..., 1024, 0, {sa_family=AF_INET, sin_port=htons(53), sin_addr=inet_addr("169.254.169.254")}, [28->16]) = 172
2023-05-18T13:04:22.677323643Z 13:04:22.677171 socket(AF_INET, SOCK_DGRAM|SOCK_CLOEXEC|SOCK_NONBLOCK, IPPROTO_IP) = 8
2023-05-18T13:04:22.677424615Z 13:04:22.677264 connect(8, {sa_family=AF_INET, sin_port=htons(53), sin_addr=inet_addr("169.254.169.254")}, 16) = 0
2023-05-18T13:04:22.677713065Z 13:04:22.677442 sendto(8, "\351a\1\0\0\1\0\0\0\0\0\0\rflux-sample-0\fflux-"..., 108, MSG_NOSIGNAL, NULL, 0) = 108
2023-05-18T13:04:22.681972283Z 13:04:22.681643 recvfrom(8, "\351a\201\203\0\1\0\0\0\1\0\0\rflux-sample-0\fflux-"..., 1024, 0, {sa_family=AF_INET, sin_port=htons(53), sin_addr=inet_addr("169.254.169.254")}, [28->16]) = 204
2023-05-18T13:04:22.682156818Z 13:04:22.681893 socket(AF_INET, SOCK_DGRAM|SOCK_CLOEXEC|SOCK_NONBLOCK, IPPROTO_IP) = 8
2023-05-18T13:04:22.682170248Z 13:04:22.682013 connect(8, {sa_family=AF_INET, sin_port=htons(53), sin_addr=inet_addr("169.254.169.254")}, 16) = 0
2023-05-18T13:04:22.682481274Z 13:04:22.682180 sendto(8, "6\24\1\0\0\1\0\0\0\0\0\0\rflux-sample-0\fflux-"..., 94, MSG_NOSIGNAL, NULL, 0) = 94
2023-05-18T13:04:22.686239170Z 13:04:22.685978 recvfrom(8, "6\24\201\203\0\1\0\0\0\1\0\0\rflux-sample-0\fflux-"..., 1024, 0, {sa_family=AF_INET, sin_port=htons(53), sin_addr=inet_addr("169.254.169.254")}, [28->16]) = 190
2023-05-18T13:04:22.686525017Z 13:04:22.686197 socket(AF_INET, SOCK_DGRAM|SOCK_CLOEXEC|SOCK_NONBLOCK, IPPROTO_IP) = 8
2023-05-18T13:04:22.686604511Z 13:04:22.686466 connect(8, {sa_family=AF_INET, sin_port=htons(53), sin_addr=inet_addr("169.254.169.254")}, 16) = 0
2023-05-18T13:04:22.686881674Z 13:04:22.686631 sendto(8, "\3468\1\0\0\1\0\0\0\0\0\0\rflux-sample-0\fflux-"..., 90, MSG_NOSIGNAL, NULL, 0) = 90
2023-05-18T13:04:22.690934428Z 13:04:22.690677 recvfrom(8, "\3468\201\203\0\1\0\0\0\1\0\0\rflux-sample-0\fflux-"..., 1024, 0, {sa_family=AF_INET, sin_port=htons(53), sin_addr=inet_addr("169.254.169.254")}, [28->16]) = 186
2023-05-18T13:04:22.691091236Z 13:04:22.690937 socket(AF_INET, SOCK_DGRAM|SOCK_CLOEXEC|SOCK_NONBLOCK, IPPROTO_IP) = 8
2023-05-18T13:04:22.691196582Z 13:04:22.691057 connect(8, {sa_family=AF_INET, sin_port=htons(53), sin_addr=inet_addr("169.254.169.254")}, 16) = 0
2023-05-18T13:04:22.691477534Z 13:04:22.691219 sendto(8, "x\244\1\0\0\1\0\0\0\0\0\0\rflux-sample-0\fflux-"..., 111, MSG_NOSIGNAL, NULL, 0) = 111
2023-05-18T13:04:22.703068280Z 13:04:22.699618 recvfrom(8, "x\244\201\203\0\1\0\0\0\1\0\0\rflux-sample-0\fflux-"..., 1024, 0, {sa_family=AF_INET, sin_port=htons(53), sin_addr=inet_addr("169.254.169.254")}, [28->16]) = 205
2023-05-18T13:04:22.703134033Z 13:04:22.699876 socket(AF_INET, SOCK_DGRAM|SOCK_CLOEXEC|SOCK_NONBLOCK, IPPROTO_IP) = 8
2023-05-18T13:04:22.703142238Z 13:04:22.699965 connect(8, {sa_family=AF_INET, sin_port=htons(53), sin_addr=inet_addr("169.254.169.254")}, 16) = 0
2023-05-18T13:04:22.703150723Z 13:04:22.700084 sendto(8, "ZG\1\0\0\1\0\0\0\0\0\0\rflux-sample-0\fflux-"..., 97, MSG_NOSIGNAL, NULL, 0) = 97
2023-05-18T13:04:22.706977087Z 13:04:22.706413 recvfrom(8, "ZG\201\203\0\1\0\0\0\1\0\0\rflux-sample-0\fflux-"..., 1024, 0, {sa_family=AF_INET, sin_port=htons(53), sin_addr=inet_addr("169.254.169.254")}, [28->16]) = 186
2023-05-18T13:04:22.707137577Z 13:04:22.706685 socket(AF_INET, SOCK_DGRAM|SOCK_CLOEXEC|SOCK_NONBLOCK, IPPROTO_IP) = 8
2023-05-18T13:04:22.707147263Z 13:04:22.706774 connect(8, {sa_family=AF_INET, sin_port=htons(53), sin_addr=inet_addr("169.254.169.254")}, 16) = 0
2023-05-18T13:04:22.707178104Z 13:04:22.706879 sendto(8, "U\27\1\0\0\1\0\0\0\0\0\0\rflux-sample-0\fflux-"..., 92, MSG_NOSIGNAL, NULL, 0) = 92
2023-05-18T13:04:22.711696863Z 13:04:22.711368 recvfrom(8, "U\27\201\203\0\1\0\0\0\1\0\0\rflux-sample-0\fflux-"..., 1024, 0, {sa_family=AF_INET, sin_port=htons(53), sin_addr=inet_addr("169.254.169.254")}, [28->16]) = 181
2023-05-18T13:04:22.711864563Z broker.err[3]: Warning: unable to resolve upstream peer flux-sample-0.flux-service.flux-operator.svc.cluster.local: Name or service not known
2023-05-18T13:04:22.717138488Z broker.info[3]: start: none->join 1.96144ms
2023-05-18T13:04:22.910060562Z broker.info[3]: parent-ready: join->init 0.187465s
2023-05-18T13:04:22.910106689Z 13:04:22.904235 socketpair(AF_UNIX, SOCK_STREAM|SOCK_CLOEXEC, 0, [22, 23]) = 0
2023-05-18T13:04:22.910142879Z 13:04:22.904357 socketpair(AF_UNIX, SOCK_STREAM, 0, [24, 25]) = 0
2023-05-18T13:04:22.910149686Z 13:04:22.904535 socketpair(AF_UNIX, SOCK_STREAM, 0, [26, 27]) = 0
2023-05-18T13:04:22.910155538Z 13:04:22.904737 socketpair(AF_UNIX, SOCK_STREAM, 0, [28, 29]) = 0
2023-05-18T13:04:22.936279026Z broker.info[3]: configuration updated
2023-05-18T13:04:23.069944924Z broker.info[3]: rc1.0: running /etc/flux/rc1.d/01-sched-fluxion
2023-05-18T13:04:23.084126933Z broker.info[3]: rc1.0: running /etc/flux/rc1.d/02-cron
2023-05-18T13:04:23.111296875Z broker.info[3]: rc1.0: /etc/flux/rc1 Exited (rc=0) 0.2s
2023-05-18T13:04:23.112248495Z broker.info[3]: rc1-success: init->quorum 0.207843s
2023-05-18T13:04:23.326896467Z broker.info[3]: quorum-full: quorum->run 0.214213s
2023-05-18T13:04:23.964488026Z 13:04:23.964208 socketpair(AF_UNIX, SOCK_STREAM|SOCK_CLOEXEC, 0, [22, 23]) = 0
2023-05-18T13:04:23.964620042Z 13:04:23.964411 socketpair(AF_UNIX, SOCK_STREAM, 0, [24, 25]) = 0
2023-05-18T13:04:23.964758329Z 13:04:23.964603 socketpair(AF_UNIX, SOCK_STREAM, 0, [26, 28]) = 0
2023-05-18T13:04:23.964931253Z 13:04:23.964811 socketpair(AF_UNIX, SOCK_STREAM, 0, [58, 59]) = 0
2023-05-18T13:04:34.930987462Z broker.info[3]: shutdown: run->cleanup 11.6035s
2023-05-18T13:04:34.932580762Z broker.info[3]: cleanup-none: cleanup->shutdown 1.25164ms
2023-05-18T13:04:34.934383991Z broker.info[3]: children-none: shutdown->finalize 0.977852ms
2023-05-18T13:04:34.935334851Z 13:04:34.935086 socketpair(AF_UNIX, SOCK_STREAM|SOCK_CLOEXEC, 0, [22, 23]) = 0
2023-05-18T13:04:34.935695014Z 13:04:34.935442 socketpair(AF_UNIX, SOCK_STREAM, 0, [24, 25]) = 0
2023-05-18T13:04:34.936201374Z 13:04:34.935965 socketpair(AF_UNIX, SOCK_STREAM, 0, [26, 28]) = 0
2023-05-18T13:04:34.936609511Z 13:04:34.936394 socketpair(AF_UNIX, SOCK_STREAM, 0, [58, 59]) = 0
2023-05-18T13:04:34.959030143Z broker.info[3]: rc3.0: running /etc/flux/rc3.d/01-sched-fluxion
2023-05-18T13:04:35.110956479Z broker.info[3]: rc3.0: /etc/flux/rc3 Exited (rc=0) 0.2s
2023-05-18T13:04:35.112228462Z broker.info[3]: rc3-success: finalize->goodbye 0.176984s
2023-05-18T13:04:35.113879549Z broker.info[3]: goodbye: goodbye->exit 1.01402ms
2023-05-18T13:04:35.122296760Z 13:04:35.122080 +++ exited with 0 +++
2023-05-18T13:04:35.123552519Z Return value for follower worker is 0
2023-05-18T13:04:35.123585893Z The follower worker exited cleanly. Goodbye!
