2023-05-18T13:09:21.675931245Z
2023-05-18T13:09:21.675970621Z Flux username: flux
2023-05-18T13:09:21.676065182Z
2023-05-18T13:09:21.676075394Z Flux install root: /usr
2023-05-18T13:09:21.723731062Z flux user is already added.
2023-05-18T13:09:21.726959471Z flux user identifiers:
2023-05-18T13:09:21.726996716Z uid=1234(flux) gid=1234(flux) groups=1234(flux)
2023-05-18T13:09:21.727184027Z
2023-05-18T13:09:21.727197511Z As Flux prefix for flux commands: sudo -u flux -E PYTHONPATH=/opt/conda/lib/python3.10/site-packages -E PATH=/opt/conda/bin:/usr/local/sbin:/usr/local/bin:/usr/sbin:/usr/bin:/sbin:/bin -E LD_LIBRARY_PATH=/opt/conda/lib -E HOME=/home/flux
2023-05-18T13:09:21.738644952Z
2023-05-18T13:09:21.738704416Z ðŸ‘‹ Hello, I'm flux-sample-3
2023-05-18T13:09:21.738864519Z The main host is flux-sample-0
2023-05-18T13:09:21.738877272Z The working directory is /home/flux/examples/reaxff/HNS, contents include:
2023-05-18T13:09:21.741291173Z /home/flux/examples/reaxff/HNS:
2023-05-18T13:09:21.741326168Z README.txt	ffield.reax.hns  log.8Mar18.reaxc.hns.g++.1
2023-05-18T13:09:21.741332110Z data.hns-equil	in.reaxc.hns	 log.8Mar18.reaxc.hns.g++.4
2023-05-18T13:09:21.741739288Z End of file listing, if you see nothing above there are no files.
2023-05-18T13:09:21.744132848Z flux R encode --hosts=flux-sample-[0-3]
2023-05-18T13:09:21.758786617Z
2023-05-18T13:09:21.758966624Z ðŸ“¦ Resources
2023-05-18T13:09:21.760731116Z {"version": 1, "execution": {"R_lite": [{"rank": "0-3", "children": {"core": "0"}}], "starttime": 0.0, "expiration": 0.0, "nodelist": ["flux-sample-[0-3]"]}}
2023-05-18T13:09:21.760926335Z
2023-05-18T13:09:21.760939439Z ðŸ¸ Diagnostics: false
2023-05-18T13:09:21.761091595Z ðŸš©ï¸ Flux Option Flags defined
2023-05-18T13:09:21.765180452Z
2023-05-18T13:09:21.765205288Z ðŸ¦Š Independent Minister of Privilege
2023-05-18T13:09:21.766803523Z [exec]
2023-05-18T13:09:21.766822656Z allowed-users = [ "flux", "root" ]
2023-05-18T13:09:21.766829493Z allowed-shells = [ "/usr/libexec/flux/flux-shell" ]
2023-05-18T13:09:21.766985093Z
2023-05-18T13:09:21.766997670Z ðŸ¸ Broker Configuration
2023-05-18T13:09:21.768465772Z # Flux needs to know the path to the IMP executable
2023-05-18T13:09:21.768481909Z [exec]
2023-05-18T13:09:21.768489905Z imp = "/usr/libexec/flux/flux-imp"
2023-05-18T13:09:21.768495508Z
2023-05-18T13:09:21.768500423Z [access]
2023-05-18T13:09:21.768505687Z allow-guest-user = true
2023-05-18T13:09:21.768510500Z allow-root-owner = true
2023-05-18T13:09:21.768515316Z
2023-05-18T13:09:21.768519989Z # Point to resource definition generated with flux-R(1).
2023-05-18T13:09:21.768524972Z [resource]
2023-05-18T13:09:21.768532788Z path = "/etc/flux/system/R"
2023-05-18T13:09:21.768539221Z
2023-05-18T13:09:21.768544355Z [bootstrap]
2023-05-18T13:09:21.768549833Z curve_cert = "/etc/curve/curve.cert"
2023-05-18T13:09:21.768554658Z default_port = 8050
2023-05-18T13:09:21.768559437Z default_bind = "tcp://eth0:%p"
2023-05-18T13:09:21.768564830Z default_connect = "tcp://%h.flux-service.flux-operator.svc.cluster.local:%p"
2023-05-18T13:09:21.768569694Z hosts = [
2023-05-18T13:09:21.768576303Z 	{ host="flux-sample-[0-3]"},
2023-05-18T13:09:21.768582186Z ]
2023-05-18T13:09:21.768586506Z
2023-05-18T13:09:21.768590984Z [archive]
2023-05-18T13:09:21.768596374Z dbpath = "/var/lib/flux/job-archive.sqlite"
2023-05-18T13:09:21.768600961Z period = "1m"
2023-05-18T13:09:21.859262872Z busytimeout = "50s"
2023-05-18T13:09:21.859293804Z ðŸ§Šï¸ State Directory:
2023-05-18T13:09:21.859299596Z total 0
2023-05-18T13:09:21.859306560Z
2023-05-18T13:09:21.863116287Z
2023-05-18T13:09:21.863149146Z ðŸ”’ï¸ Working directory permissions:
2023-05-18T13:09:21.863156237Z total 96
2023-05-18T13:09:21.863162481Z -rwxrwxrwx 1 flux root  2517 May 17 22:32 README.txt
2023-05-18T13:09:21.863167552Z -rwxrwxrwx 1 flux root 54692 May 17 22:32 data.hns-equil
2023-05-18T13:09:21.863172346Z -rwxrwxrwx 1 flux root 13576 May 17 22:32 ffield.reax.hns
2023-05-18T13:09:21.863252801Z -rwxrwxrwx 1 flux root   870 May 17 22:32 in.reaxc.hns
2023-05-18T13:09:21.863262826Z -rwxrwxrwx 1 flux root  4172 May 17 22:32 log.8Mar18.reaxc.hns.g++.1
2023-05-18T13:09:21.863268230Z -rwxrwxrwx 1 flux root  4168 May 17 22:32 log.8Mar18.reaxc.hns.g++.4
2023-05-18T13:09:21.863273410Z
2023-05-18T13:09:21.863440675Z
2023-05-18T13:09:21.863455265Z âœ¨ Curve certificate generated by helper pod
2023-05-18T13:09:21.865182883Z #   ****  Generated on 2023-04-26 22:54:42 by CZMQ  ****
2023-05-18T13:09:21.865204086Z #   ZeroMQ CURVE **Secret** Certificate
2023-05-18T13:09:21.865211122Z #   DO NOT PROVIDE THIS FILE TO OTHER USERS nor change its permissions.
2023-05-18T13:09:21.865216318Z
2023-05-18T13:09:21.865221576Z metadata
2023-05-18T13:09:21.865227055Z     name = "flux-cert-generator"
2023-05-18T13:09:21.865231783Z     keygen.hostname = "flux-sample-0"
2023-05-18T13:09:21.865237008Z curve
2023-05-18T13:09:21.865241922Z     public-key = "/HcY]7SLHeE/bQVcirT8fyXmph!7=.&^zV4+G&pG"
2023-05-18T13:09:21.865249373Z     secret-key = "q5pG97Pl11KTbNQed*G9H+Qn]1a&O*2byPF@imKS"
2023-05-18T13:09:21.867334185Z
2023-05-18T13:09:21.867361101Z ðŸŒ€  flux start --wrap=strace,-e,network,-tt -o --config /etc/flux/config -Scron.directory=/etc/flux/system/cron.d   -Stbon.fanout=256   -Srundir=/run/flux    -Sstatedir=/var/lib/flux   -Slocal-uri=local:///run/flux/local -Stbon.connect_timeout=7s  -Stbon.zmqdebug=1  -Slog-stderr-level=6    -Slog-stderr-mode=local
2023-05-18T13:09:21.906240096Z 13:09:21.905756 socket(AF_NETLINK, SOCK_RAW, NETLINK_ROUTE) = 8
2023-05-18T13:09:21.908621422Z 13:09:21.907074 bind(8, {sa_family=AF_NETLINK, nl_pid=0, nl_groups=00000000}, 12) = 0
2023-05-18T13:09:21.909552233Z 13:09:21.907258 getsockname(8, {sa_family=AF_NETLINK, nl_pid=71, nl_groups=00000000}, [12]) = 0
2023-05-18T13:09:21.909581780Z 13:09:21.907392 sendto(8, {{len=20, type=RTM_GETADDR, flags=NLM_F_REQUEST|NLM_F_DUMP, seq=1684415361, pid=0}, {ifa_family=AF_UNSPEC, ...}}, 20, 0, {sa_family=AF_NETLINK, nl_pid=0, nl_groups=00000000}, 12) = 20
2023-05-18T13:09:21.909589488Z 13:09:21.907937 recvmsg(8, {msg_name={sa_family=AF_NETLINK, nl_pid=0, nl_groups=00000000}, msg_namelen=12, msg_iov=[{iov_base=[{{len=76, type=RTM_NEWADDR, flags=NLM_F_MULTI, seq=1684415361, pid=71}, {ifa_family=AF_INET, ifa_prefixlen=8, ifa_flags=IFA_F_PERMANENT, ifa_scope=RT_SCOPE_HOST, ifa_index=if_nametoindex("lo")}, [{{nla_len=8, nla_type=IFA_ADDRESS}, 127.0.0.1}, {{nla_len=8, nla_type=IFA_LOCAL}, 127.0.0.1}, {{nla_len=7, nla_type=IFA_LABEL}, "lo"}, {{nla_len=8, nla_type=IFA_FLAGS}, IFA_F_PERMANENT}, {{nla_len=20, nla_type=IFA_CACHEINFO}, {ifa_prefered=4294967295, ifa_valid=4294967295, cstamp=2110448, tstamp=2110448}}]}, {{len=88, type=RTM_NEWADDR, flags=NLM_F_MULTI, seq=1684415361, pid=71}, {ifa_family=AF_INET, ifa_prefixlen=24, ifa_flags=IFA_F_PERMANENT, ifa_scope=RT_SCOPE_UNIVERSE, ifa_index=if_nametoindex("eth0")}, [{{nla_len=8, nla_type=IFA_ADDRESS}, 10.24.2.250}, {{nla_len=8, nla_type=IFA_LOCAL}, 10.24.2.250}, {{nla_len=8, nla_type=IFA_BROADCAST}, 10.24.2.255}, {{nla_len=9, nla_type=IFA_LABEL}, "eth0"}, {{nla_len=8, nla_type=IFA_FLAGS}, IFA_F_PERMANENT}, {{nla_len=20, nla_type=IFA_CACHEINFO}, {ifa_prefered=4294967295, ifa_valid=4294967295, cstamp=2110451, tstamp=2110451}}]}], iov_len=4096}], msg_iovlen=1, msg_controllen=0, msg_flags=0}, 0) = 164
2023-05-18T13:09:21.909615494Z 13:09:21.908541 recvmsg(8, {msg_name={sa_family=AF_NETLINK, nl_pid=0, nl_groups=00000000}, msg_namelen=12, msg_iov=[{iov_base={{len=20, type=NLMSG_DONE, flags=NLM_F_MULTI, seq=1684415361, pid=71}, 0}, iov_len=4096}], msg_iovlen=1, msg_controllen=0, msg_flags=0}, 0) = 20
2023-05-18T13:09:21.909705877Z 13:09:21.909527 socket(AF_UNIX, SOCK_STREAM|SOCK_CLOEXEC|SOCK_NONBLOCK, 0) = 8
2023-05-18T13:09:21.909901917Z 13:09:21.909710 connect(8, {sa_family=AF_UNIX, sun_path="/var/run/nscd/socket"}, 110) = -1 ENOENT (No such file or directory)
2023-05-18T13:09:21.910159332Z 13:09:21.909925 socket(AF_UNIX, SOCK_STREAM|SOCK_CLOEXEC|SOCK_NONBLOCK, 0) = 8
2023-05-18T13:09:21.910367418Z 13:09:21.910195 connect(8, {sa_family=AF_UNIX, sun_path="/var/run/nscd/socket"}, 110) = -1 ENOENT (No such file or directory)
2023-05-18T13:09:21.912708714Z 13:09:21.912338 socket(AF_INET, SOCK_DGRAM|SOCK_CLOEXEC|SOCK_NONBLOCK, IPPROTO_IP) = 8
2023-05-18T13:09:21.912845383Z 13:09:21.912504 connect(8, {sa_family=AF_INET, sin_port=htons(53), sin_addr=inet_addr("169.254.169.254")}, 16) = 0
2023-05-18T13:09:21.913295498Z 13:09:21.912817 sendto(8, "I\251\1\0\0\1\0\0\0\0\0\0\rflux-sample-0\fflux-"..., 76, MSG_NOSIGNAL, NULL, 0) = 76
2023-05-18T13:09:21.918223326Z 13:09:21.917208 recvfrom(8, "I\251\201\200\0\1\0\1\0\0\0\0\rflux-sample-0\fflux-"..., 1024, 0, {sa_family=AF_INET, sin_port=htons(53), sin_addr=inet_addr("169.254.169.254")}, [28->16]) = 92
2023-05-18T13:09:21.922509313Z broker.info[3]: start: none->join 2.01037ms
2023-05-18T13:09:22.166726606Z broker.info[3]: parent-ready: join->init 0.243782s
2023-05-18T13:09:22.167011129Z 13:09:22.166610 socketpair(AF_UNIX, SOCK_STREAM|SOCK_CLOEXEC, 0, [22, 23]) = 0
2023-05-18T13:09:22.167192954Z 13:09:22.167065 socketpair(AF_UNIX, SOCK_STREAM, 0, [24, 25]) = 0
2023-05-18T13:09:22.167759409Z 13:09:22.167376 socketpair(AF_UNIX, SOCK_STREAM, 0, [26, 27]) = 0
2023-05-18T13:09:22.167776053Z 13:09:22.167569 socketpair(AF_UNIX, SOCK_STREAM, 0, [28, 29]) = 0
2023-05-18T13:09:22.197959612Z broker.info[3]: configuration updated
2023-05-18T13:09:22.338376029Z broker.info[3]: rc1.0: running /etc/flux/rc1.d/01-sched-fluxion
2023-05-18T13:09:22.350509526Z broker.info[3]: rc1.0: running /etc/flux/rc1.d/02-cron
2023-05-18T13:09:22.377791010Z broker.info[3]: rc1.0: /etc/flux/rc1 Exited (rc=0) 0.2s
2023-05-18T13:09:22.378777918Z broker.info[3]: rc1-success: init->quorum 0.211939s
2023-05-18T13:09:22.573016710Z broker.info[3]: quorum-full: quorum->run 0.193792s
2023-05-18T13:09:23.198989635Z 13:09:23.198509 socketpair(AF_UNIX, SOCK_STREAM|SOCK_CLOEXEC, 0, [22, 23]) = 0
2023-05-18T13:09:23.199629349Z 13:09:23.198842 socketpair(AF_UNIX, SOCK_STREAM, 0, [24, 25]) = 0
2023-05-18T13:09:23.199963864Z 13:09:23.199621 socketpair(AF_UNIX, SOCK_STREAM, 0, [26, 28]) = 0
2023-05-18T13:09:23.200460026Z 13:09:23.200227 socketpair(AF_UNIX, SOCK_STREAM, 0, [58, 59]) = 0
2023-05-18T13:09:34.181877621Z broker.info[3]: shutdown: run->cleanup 11.6088s
2023-05-18T13:09:34.183804643Z broker.info[3]: cleanup-none: cleanup->shutdown 1.07325ms
2023-05-18T13:09:34.185539920Z broker.info[3]: children-none: shutdown->finalize 1.00871ms
2023-05-18T13:09:34.186265901Z 13:09:34.185996 socketpair(AF_UNIX, SOCK_STREAM|SOCK_CLOEXEC, 0, [22, 23]) = 0
2023-05-18T13:09:34.186580185Z 13:09:34.186312 socketpair(AF_UNIX, SOCK_STREAM, 0, [24, 25]) = 0
2023-05-18T13:09:34.187022767Z 13:09:34.186763 socketpair(AF_UNIX, SOCK_STREAM, 0, [26, 28]) = 0
2023-05-18T13:09:34.187393254Z 13:09:34.187154 socketpair(AF_UNIX, SOCK_STREAM, 0, [58, 59]) = 0
2023-05-18T13:09:34.210174994Z broker.info[3]: rc3.0: running /etc/flux/rc3.d/01-sched-fluxion
2023-05-18T13:09:34.356765092Z broker.info[3]: rc3.0: /etc/flux/rc3 Exited (rc=0) 0.2s
2023-05-18T13:09:34.358041923Z broker.info[3]: rc3-success: finalize->goodbye 0.171887s
2023-05-18T13:09:34.359823089Z broker.info[3]: goodbye: goodbye->exit 1.03521ms
2023-05-18T13:09:34.370058434Z 13:09:34.369822 +++ exited with 0 +++
2023-05-18T13:09:34.371317862Z Return value for follower worker is 0
2023-05-18T13:09:34.371352931Z The follower worker exited cleanly. Goodbye!
