2023-05-18T08:10:23.559957655Z
2023-05-18T08:10:23.560009185Z Flux username: flux
2023-05-18T08:10:23.560015552Z
2023-05-18T08:10:23.560020757Z Flux install root: /usr
2023-05-18T08:10:23.614047718Z flux user is already added.
2023-05-18T08:10:23.617871478Z flux user identifiers:
2023-05-18T08:10:23.617899890Z uid=1234(flux) gid=1234(flux) groups=1234(flux)
2023-05-18T08:10:23.617907591Z
2023-05-18T08:10:23.617915269Z As Flux prefix for flux commands: sudo -u flux -E PYTHONPATH=/opt/conda/lib/python3.10/site-packages -E PATH=/opt/conda/bin:/usr/local/sbin:/usr/local/bin:/usr/sbin:/usr/bin:/sbin:/bin -E LD_LIBRARY_PATH=/opt/conda/lib -E HOME=/home/flux
2023-05-18T08:10:23.625926395Z
2023-05-18T08:10:23.625962237Z 👋 Hello, I'm flux-sample-2
2023-05-18T08:10:23.625970798Z The main host is flux-sample-0
2023-05-18T08:10:23.626188406Z The working directory is /home/flux/examples/reaxff/HNS, contents include:
2023-05-18T08:10:23.627945338Z /home/flux/examples/reaxff/HNS:
2023-05-18T08:10:23.627968838Z README.txt	ffield.reax.hns  log.8Mar18.reaxc.hns.g++.1
2023-05-18T08:10:23.627976970Z data.hns-equil	in.reaxc.hns	 log.8Mar18.reaxc.hns.g++.4
2023-05-18T08:10:23.628614259Z End of file listing, if you see nothing above there are no files.
2023-05-18T08:10:23.630702491Z flux R encode --hosts=flux-sample-[0-3]
2023-05-18T08:10:23.647836994Z
2023-05-18T08:10:23.647875820Z 📦 Resources
2023-05-18T08:10:23.649784427Z {"version": 1, "execution": {"R_lite": [{"rank": "0-3", "children": {"core": "0"}}], "starttime": 0.0, "expiration": 0.0, "nodelist": ["flux-sample-[0-3]"]}}
2023-05-18T08:10:23.650086679Z
2023-05-18T08:10:23.650251581Z 🐸 Diagnostics: false
2023-05-18T08:10:23.650643497Z 🚩️ Flux Option Flags defined
2023-05-18T08:10:23.654838057Z
2023-05-18T08:10:23.654863829Z 🦊 Independent Minister of Privilege
2023-05-18T08:10:23.656262770Z [exec]
2023-05-18T08:10:23.656286923Z allowed-users = [ "flux", "root" ]
2023-05-18T08:10:23.656294525Z allowed-shells = [ "/usr/libexec/flux/flux-shell" ]
2023-05-18T08:10:23.656544762Z
2023-05-18T08:10:23.656561421Z 🐸 Broker Configuration
2023-05-18T08:10:23.657888476Z # Flux needs to know the path to the IMP executable
2023-05-18T08:10:23.657909196Z [exec]
2023-05-18T08:10:23.657916424Z imp = "/usr/libexec/flux/flux-imp"
2023-05-18T08:10:23.657923749Z
2023-05-18T08:10:23.657930703Z [access]
2023-05-18T08:10:23.657937142Z allow-guest-user = true
2023-05-18T08:10:23.657942180Z allow-root-owner = true
2023-05-18T08:10:23.657947786Z
2023-05-18T08:10:23.657953301Z # Point to resource definition generated with flux-R(1).
2023-05-18T08:10:23.657958593Z [resource]
2023-05-18T08:10:23.657964554Z path = "/etc/flux/system/R"
2023-05-18T08:10:23.657971715Z
2023-05-18T08:10:23.657979206Z [bootstrap]
2023-05-18T08:10:23.657984805Z curve_cert = "/etc/curve/curve.cert"
2023-05-18T08:10:23.657990240Z default_port = 8050
2023-05-18T08:10:23.657995907Z default_bind = "tcp://eth0:%p"
2023-05-18T08:10:23.658001571Z default_connect = "tcp://%h.flux-service.flux-operator.svc.cluster.local:%p"
2023-05-18T08:10:23.658006993Z hosts = [
2023-05-18T08:10:23.658012015Z 	{ host="flux-sample-[0-3]"},
2023-05-18T08:10:23.658019757Z ]
2023-05-18T08:10:23.658026138Z
2023-05-18T08:10:23.658031723Z [archive]
2023-05-18T08:10:23.658036748Z dbpath = "/var/lib/flux/job-archive.sqlite"
2023-05-18T08:10:23.658041816Z period = "1m"
2023-05-18T08:10:23.740315480Z busytimeout = "50s"
2023-05-18T08:10:23.740357115Z 🧊️ State Directory:
2023-05-18T08:10:23.740364460Z total 0
2023-05-18T08:10:23.740369629Z
2023-05-18T08:10:23.743702895Z
2023-05-18T08:10:23.743766422Z 🔒️ Working directory permissions:
2023-05-18T08:10:23.743776809Z total 96
2023-05-18T08:10:23.743783082Z -rwxrwxrwx 1 flux root  2517 May 17 22:32 README.txt
2023-05-18T08:10:23.743788186Z -rwxrwxrwx 1 flux root 54692 May 17 22:32 data.hns-equil
2023-05-18T08:10:23.743793108Z -rwxrwxrwx 1 flux root 13576 May 17 22:32 ffield.reax.hns
2023-05-18T08:10:23.743798245Z -rwxrwxrwx 1 flux root   870 May 17 22:32 in.reaxc.hns
2023-05-18T08:10:23.743803890Z -rwxrwxrwx 1 flux root  4172 May 17 22:32 log.8Mar18.reaxc.hns.g++.1
2023-05-18T08:10:23.743809101Z -rwxrwxrwx 1 flux root  4168 May 17 22:32 log.8Mar18.reaxc.hns.g++.4
2023-05-18T08:10:23.743934277Z
2023-05-18T08:10:23.743944474Z
2023-05-18T08:10:23.743952114Z ✨ Curve certificate generated by helper pod
2023-05-18T08:10:23.745797605Z #   ****  Generated on 2023-04-26 22:54:42 by CZMQ  ****
2023-05-18T08:10:23.745827509Z #   ZeroMQ CURVE **Secret** Certificate
2023-05-18T08:10:23.745838695Z #   DO NOT PROVIDE THIS FILE TO OTHER USERS nor change its permissions.
2023-05-18T08:10:23.745848018Z
2023-05-18T08:10:23.745861139Z metadata
2023-05-18T08:10:23.745869346Z     name = "flux-cert-generator"
2023-05-18T08:10:23.745877285Z     keygen.hostname = "flux-sample-0"
2023-05-18T08:10:23.745884972Z curve
2023-05-18T08:10:23.745892350Z     public-key = "}l/yj3K4f:V![p6YzFNH3D=w$=P*TgchiAQyGRzU"
2023-05-18T08:10:23.745899639Z     secret-key = "-#%2IyV5NZ((J)h{nUw[a<+u^lt0}0Be^R*^cwmo"
2023-05-18T08:10:23.748596594Z
2023-05-18T08:10:23.748763954Z 🌀  flux start --wrap=strace,-e,network,-tt -o --config /etc/flux/config -Scron.directory=/etc/flux/system/cron.d   -Stbon.fanout=256   -Srundir=/run/flux    -Sstatedir=/var/lib/flux   -Slocal-uri=local:///run/flux/local -Stbon.connect_timeout=6s  -Stbon.zmqdebug=1  -Slog-stderr-level=6    -Slog-stderr-mode=local
2023-05-18T08:10:23.797809292Z 08:10:23.797349 socket(AF_NETLINK, SOCK_RAW, NETLINK_ROUTE) = 8
2023-05-18T08:10:23.798446421Z 08:10:23.798143 bind(8, {sa_family=AF_NETLINK, nl_pid=0, nl_groups=00000000}, 12) = 0
2023-05-18T08:10:23.798968732Z 08:10:23.798689 getsockname(8, {sa_family=AF_NETLINK, nl_pid=70, nl_groups=00000000}, [12]) = 0
2023-05-18T08:10:23.799692986Z 08:10:23.799221 sendto(8, {{len=20, type=RTM_GETADDR, flags=NLM_F_REQUEST|NLM_F_DUMP, seq=1684397423, pid=0}, {ifa_family=AF_UNSPEC, ...}}, 20, 0, {sa_family=AF_NETLINK, nl_pid=0, nl_groups=00000000}, 12) = 20
2023-05-18T08:10:23.800790511Z 08:10:23.800090 recvmsg(8, {msg_name={sa_family=AF_NETLINK, nl_pid=0, nl_groups=00000000}, msg_namelen=12, msg_iov=[{iov_base=[{{len=76, type=RTM_NEWADDR, flags=NLM_F_MULTI, seq=1684397423, pid=70}, {ifa_family=AF_INET, ifa_prefixlen=8, ifa_flags=IFA_F_PERMANENT, ifa_scope=RT_SCOPE_HOST, ifa_index=if_nametoindex("lo")}, [{{nla_len=8, nla_type=IFA_ADDRESS}, 127.0.0.1}, {{nla_len=8, nla_type=IFA_LOCAL}, 127.0.0.1}, {{nla_len=7, nla_type=IFA_LABEL}, "lo"}, {{nla_len=8, nla_type=IFA_FLAGS}, IFA_F_PERMANENT}, {{nla_len=20, nla_type=IFA_CACHEINFO}, {ifa_prefered=4294967295, ifa_valid=4294967295, cstamp=316668, tstamp=316668}}]}, {{len=88, type=RTM_NEWADDR, flags=NLM_F_MULTI, seq=1684397423, pid=70}, {ifa_family=AF_INET, ifa_prefixlen=24, ifa_flags=IFA_F_PERMANENT, ifa_scope=RT_SCOPE_UNIVERSE, ifa_index=if_nametoindex("eth0")}, [{{nla_len=8, nla_type=IFA_ADDRESS}, 10.24.1.126}, {{nla_len=8, nla_type=IFA_LOCAL}, 10.24.1.126}, {{nla_len=8, nla_type=IFA_BROADCAST}, 10.24.1.255}, {{nla_len=9, nla_type=IFA_LABEL}, "eth0"}, {{nla_len=8, nla_type=IFA_FLAGS}, IFA_F_PERMANENT}, {{nla_len=20, nla_type=IFA_CACHEINFO}, {ifa_prefered=4294967295, ifa_valid=4294967295, cstamp=316671, tstamp=316671}}]}], iov_len=4096}], msg_iovlen=1, msg_controllen=0, msg_flags=0}, 0) = 164
2023-05-18T08:10:23.801109533Z 08:10:23.800874 recvmsg(8, {msg_name={sa_family=AF_NETLINK, nl_pid=0, nl_groups=00000000}, msg_namelen=12, msg_iov=[{iov_base={{len=20, type=NLMSG_DONE, flags=NLM_F_MULTI, seq=1684397423, pid=70}, 0}, iov_len=4096}], msg_iovlen=1, msg_controllen=0, msg_flags=0}, 0) = 20
2023-05-18T08:10:23.801944700Z 08:10:23.801683 socket(AF_UNIX, SOCK_STREAM|SOCK_CLOEXEC|SOCK_NONBLOCK, 0) = 8
2023-05-18T08:10:23.802026531Z 08:10:23.801798 connect(8, {sa_family=AF_UNIX, sun_path="/var/run/nscd/socket"}, 110) = -1 ENOENT (No such file or directory)
2023-05-18T08:10:23.802163308Z 08:10:23.801998 socket(AF_UNIX, SOCK_STREAM|SOCK_CLOEXEC|SOCK_NONBLOCK, 0) = 8
2023-05-18T08:10:23.802295060Z 08:10:23.802124 connect(8, {sa_family=AF_UNIX, sun_path="/var/run/nscd/socket"}, 110) = -1 ENOENT (No such file or directory)
2023-05-18T08:10:23.803692530Z 08:10:23.803482 socket(AF_INET, SOCK_DGRAM|SOCK_CLOEXEC|SOCK_NONBLOCK, IPPROTO_IP) = 8
2023-05-18T08:10:23.803821526Z 08:10:23.803575 connect(8, {sa_family=AF_INET, sin_port=htons(53), sin_addr=inet_addr("169.254.169.254")}, 16) = 0
2023-05-18T08:10:23.804194914Z 08:10:23.803771 sendto(8, "$\276\1\0\0\1\0\0\0\0\0\0\rflux-sample-0\fflux-"..., 76, MSG_NOSIGNAL, NULL, 0) = 76
2023-05-18T08:10:23.808544996Z 08:10:23.808291 recvfrom(8, "$\276\201\200\0\1\0\1\0\0\0\0\rflux-sample-0\fflux-"..., 1024, 0, {sa_family=AF_INET, sin_port=htons(53), sin_addr=inet_addr("169.254.169.254")}, [28->16]) = 92
2023-05-18T08:10:23.814913221Z broker.info[2]: start: none->join 2.02016ms
2023-05-18T08:10:29.985969481Z broker.info[2]: parent-ready: join->init 6.17069s
2023-05-18T08:10:29.986282215Z 08:10:29.985980 socketpair(AF_UNIX, SOCK_STREAM|SOCK_CLOEXEC, 0, [22, 23]) = 0
2023-05-18T08:10:29.986395084Z 08:10:29.986210 socketpair(AF_UNIX, SOCK_STREAM, 0, [24, 25]) = 0
2023-05-18T08:10:29.986743250Z 08:10:29.986519 socketpair(AF_UNIX, SOCK_STREAM, 0, [26, 27]) = 0
2023-05-18T08:10:29.987043651Z 08:10:29.986833 socketpair(AF_UNIX, SOCK_STREAM, 0, [28, 29]) = 0
2023-05-18T08:10:30.012393563Z broker.info[2]: configuration updated
2023-05-18T08:10:30.139488665Z broker.info[2]: rc1.0: running /etc/flux/rc1.d/01-sched-fluxion
2023-05-18T08:10:30.152703534Z broker.info[2]: rc1.0: running /etc/flux/rc1.d/02-cron
2023-05-18T08:10:30.178430061Z broker.info[2]: rc1.0: /etc/flux/rc1 Exited (rc=0) 0.2s
2023-05-18T08:10:30.179345200Z broker.info[2]: rc1-success: init->quorum 0.193188s
2023-05-18T08:10:30.324266918Z broker.info[2]: quorum-full: quorum->run 0.144577s
2023-05-18T08:10:40.908006979Z broker.info[2]: shutdown: run->cleanup 10.5836s
2023-05-18T08:10:40.909433074Z broker.info[2]: cleanup-none: cleanup->shutdown 1.34977ms
2023-05-18T08:10:40.911279821Z broker.info[2]: children-none: shutdown->finalize 1.22371ms
2023-05-18T08:10:40.912087210Z 08:10:40.911770 socketpair(AF_UNIX, SOCK_STREAM|SOCK_CLOEXEC, 0, [22, 23]) = 0
2023-05-18T08:10:40.912367498Z 08:10:40.912058 socketpair(AF_UNIX, SOCK_STREAM, 0, [24, 25]) = 0
2023-05-18T08:10:40.912757313Z 08:10:40.912494 socketpair(AF_UNIX, SOCK_STREAM, 0, [26, 28]) = 0
2023-05-18T08:10:40.913152158Z 08:10:40.912883 socketpair(AF_UNIX, SOCK_STREAM, 0, [58, 59]) = 0
2023-05-18T08:10:40.931645250Z broker.info[2]: rc3.0: running /etc/flux/rc3.d/01-sched-fluxion
2023-05-18T08:10:41.060144744Z broker.info[2]: rc3.0: /etc/flux/rc3 Exited (rc=0) 0.1s
2023-05-18T08:10:41.060942665Z broker.info[2]: rc3-success: finalize->goodbye 0.148994s
2023-05-18T08:10:41.062381370Z broker.info[2]: goodbye: goodbye->exit 1.14184ms
2023-05-18T08:10:41.069133537Z 08:10:41.068968 +++ exited with 0 +++
2023-05-18T08:10:41.070319954Z Return value for follower worker is 0
2023-05-18T08:10:41.070345841Z The follower worker exited cleanly. Goodbye!
