2023-05-18T08:23:18.900907882Z
2023-05-18T08:23:18.901767272Z Flux username: flux
2023-05-18T08:23:18.901780427Z
2023-05-18T08:23:18.901786466Z Flux install root: /usr
2023-05-18T08:23:18.949712637Z flux user is already added.
2023-05-18T08:23:18.952528198Z flux user identifiers:
2023-05-18T08:23:18.952555379Z uid=1234(flux) gid=1234(flux) groups=1234(flux)
2023-05-18T08:23:18.952561986Z
2023-05-18T08:23:18.952567999Z As Flux prefix for flux commands: sudo -u flux -E PYTHONPATH=/opt/conda/lib/python3.10/site-packages -E PATH=/opt/conda/bin:/usr/local/sbin:/usr/local/bin:/usr/sbin:/usr/bin:/sbin:/bin -E LD_LIBRARY_PATH=/opt/conda/lib -E HOME=/home/flux
2023-05-18T08:23:18.959652726Z
2023-05-18T08:23:18.959684917Z ðŸ‘‹ Hello, I'm flux-sample-2
2023-05-18T08:23:18.959908950Z The main host is flux-sample-0
2023-05-18T08:23:18.959924135Z The working directory is /home/flux/examples/reaxff/HNS, contents include:
2023-05-18T08:23:18.961728520Z /home/flux/examples/reaxff/HNS:
2023-05-18T08:23:18.961938146Z README.txt	ffield.reax.hns  log.8Mar18.reaxc.hns.g++.1
2023-05-18T08:23:18.961951184Z data.hns-equil	in.reaxc.hns	 log.8Mar18.reaxc.hns.g++.4
2023-05-18T08:23:18.962069426Z End of file listing, if you see nothing above there are no files.
2023-05-18T08:23:18.964128648Z flux R encode --hosts=flux-sample-[0-3]
2023-05-18T08:23:18.977940663Z
2023-05-18T08:23:18.977969380Z ðŸ“¦ Resources
2023-05-18T08:23:18.979334016Z {"version": 1, "execution": {"R_lite": [{"rank": "0-3", "children": {"core": "0"}}], "starttime": 0.0, "expiration": 0.0, "nodelist": ["flux-sample-[0-3]"]}}
2023-05-18T08:23:18.979558800Z
2023-05-18T08:23:18.979575343Z ðŸ¸ Diagnostics: false
2023-05-18T08:23:18.979721241Z ðŸš©ï¸ Flux Option Flags defined
2023-05-18T08:23:18.983395372Z
2023-05-18T08:23:18.983415511Z ðŸ¦Š Independent Minister of Privilege
2023-05-18T08:23:18.984769154Z [exec]
2023-05-18T08:23:18.984785156Z allowed-users = [ "flux", "root" ]
2023-05-18T08:23:18.984800026Z allowed-shells = [ "/usr/libexec/flux/flux-shell" ]
2023-05-18T08:23:18.984974226Z
2023-05-18T08:23:18.984987410Z ðŸ¸ Broker Configuration
2023-05-18T08:23:18.986137880Z # Flux needs to know the path to the IMP executable
2023-05-18T08:23:18.986153513Z [exec]
2023-05-18T08:23:18.986159410Z imp = "/usr/libexec/flux/flux-imp"
2023-05-18T08:23:18.986163938Z
2023-05-18T08:23:18.986169266Z [access]
2023-05-18T08:23:18.986174767Z allow-guest-user = true
2023-05-18T08:23:18.986179748Z allow-root-owner = true
2023-05-18T08:23:18.986184451Z
2023-05-18T08:23:18.986191719Z # Point to resource definition generated with flux-R(1).
2023-05-18T08:23:18.986198055Z [resource]
2023-05-18T08:23:18.986203729Z path = "/etc/flux/system/R"
2023-05-18T08:23:18.986208402Z
2023-05-18T08:23:18.986213263Z [bootstrap]
2023-05-18T08:23:18.986218436Z curve_cert = "/etc/curve/curve.cert"
2023-05-18T08:23:18.986223212Z default_port = 8050
2023-05-18T08:23:18.986227901Z default_bind = "tcp://eth0:%p"
2023-05-18T08:23:18.986235371Z default_connect = "tcp://%h.flux-service.flux-operator.svc.cluster.local:%p"
2023-05-18T08:23:18.986241655Z hosts = [
2023-05-18T08:23:18.986246830Z 	{ host="flux-sample-[0-3]"},
2023-05-18T08:23:18.986251637Z ]
2023-05-18T08:23:18.986256120Z
2023-05-18T08:23:18.986260822Z [archive]
2023-05-18T08:23:18.986265509Z dbpath = "/var/lib/flux/job-archive.sqlite"
2023-05-18T08:23:18.986270438Z period = "1m"
2023-05-18T08:23:19.068237611Z busytimeout = "50s"
2023-05-18T08:23:19.068273232Z ðŸ§Šï¸ State Directory:
2023-05-18T08:23:19.068281450Z total 0
2023-05-18T08:23:19.068288098Z
2023-05-18T08:23:19.071179443Z
2023-05-18T08:23:19.071208279Z ðŸ”’ï¸ Working directory permissions:
2023-05-18T08:23:19.071216946Z total 96
2023-05-18T08:23:19.071223860Z -rwxrwxrwx 1 flux root  2517 May 17 22:32 README.txt
2023-05-18T08:23:19.071229398Z -rwxrwxrwx 1 flux root 54692 May 17 22:32 data.hns-equil
2023-05-18T08:23:19.071234780Z -rwxrwxrwx 1 flux root 13576 May 17 22:32 ffield.reax.hns
2023-05-18T08:23:19.071240156Z -rwxrwxrwx 1 flux root   870 May 17 22:32 in.reaxc.hns
2023-05-18T08:23:19.071245868Z -rwxrwxrwx 1 flux root  4172 May 17 22:32 log.8Mar18.reaxc.hns.g++.1
2023-05-18T08:23:19.071264285Z -rwxrwxrwx 1 flux root  4168 May 17 22:32 log.8Mar18.reaxc.hns.g++.4
2023-05-18T08:23:19.071276135Z
2023-05-18T08:23:19.071465724Z
2023-05-18T08:23:19.071480391Z âœ¨ Curve certificate generated by helper pod
2023-05-18T08:23:19.073083411Z #   ****  Generated on 2023-04-26 22:54:42 by CZMQ  ****
2023-05-18T08:23:19.073101333Z #   ZeroMQ CURVE **Secret** Certificate
2023-05-18T08:23:19.073107496Z #   DO NOT PROVIDE THIS FILE TO OTHER USERS nor change its permissions.
2023-05-18T08:23:19.073112242Z
2023-05-18T08:23:19.073117281Z metadata
2023-05-18T08:23:19.073122401Z     name = "flux-cert-generator"
2023-05-18T08:23:19.073129543Z     keygen.hostname = "flux-sample-0"
2023-05-18T08:23:19.073135079Z curve
2023-05-18T08:23:19.073139936Z     public-key = "LsH!:Yej+.Qp&*P=?)=?3oT}>K:B@$j2u$F?A/3]"
2023-05-18T08:23:19.073144888Z     secret-key = "NPmeA<NTIcSh&>BkDNg(Y@EC+O>wq&w1.HhfPE^="
2023-05-18T08:23:19.075691251Z
2023-05-18T08:23:19.075711476Z ðŸŒ€  flux start --wrap=strace,-e,network,-tt -o --config /etc/flux/config -Scron.directory=/etc/flux/system/cron.d   -Stbon.fanout=256   -Srundir=/run/flux    -Sstatedir=/var/lib/flux   -Slocal-uri=local:///run/flux/local -Stbon.connect_timeout=8s  -Stbon.zmqdebug=1  -Slog-stderr-level=6    -Slog-stderr-mode=local
2023-05-18T08:23:19.120896593Z 08:23:19.117709 socket(AF_NETLINK, SOCK_RAW, NETLINK_ROUTE) = 8
2023-05-18T08:23:19.120931244Z 08:23:19.118032 bind(8, {sa_family=AF_NETLINK, nl_pid=0, nl_groups=00000000}, 12) = 0
2023-05-18T08:23:19.120938020Z 08:23:19.118182 getsockname(8, {sa_family=AF_NETLINK, nl_pid=70, nl_groups=00000000}, [12]) = 0
2023-05-18T08:23:19.120947291Z 08:23:19.118321 sendto(8, {{len=20, type=RTM_GETADDR, flags=NLM_F_REQUEST|NLM_F_DUMP, seq=1684398199, pid=0}, {ifa_family=AF_UNSPEC, ...}}, 20, 0, {sa_family=AF_NETLINK, nl_pid=0, nl_groups=00000000}, 12) = 20
2023-05-18T08:23:19.120953721Z 08:23:19.118631 recvmsg(8, {msg_name={sa_family=AF_NETLINK, nl_pid=0, nl_groups=00000000}, msg_namelen=12, msg_iov=[{iov_base=[{{len=76, type=RTM_NEWADDR, flags=NLM_F_MULTI, seq=1684398199, pid=70}, {ifa_family=AF_INET, ifa_prefixlen=8, ifa_flags=IFA_F_PERMANENT, ifa_scope=RT_SCOPE_HOST, ifa_index=if_nametoindex("lo")}, [{{nla_len=8, nla_type=IFA_ADDRESS}, 127.0.0.1}, {{nla_len=8, nla_type=IFA_LOCAL}, 127.0.0.1}, {{nla_len=7, nla_type=IFA_LABEL}, "lo"}, {{nla_len=8, nla_type=IFA_FLAGS}, IFA_F_PERMANENT}, {{nla_len=20, nla_type=IFA_CACHEINFO}, {ifa_prefered=4294967295, ifa_valid=4294967295, cstamp=394209, tstamp=394209}}]}, {{len=88, type=RTM_NEWADDR, flags=NLM_F_MULTI, seq=1684398199, pid=70}, {ifa_family=AF_INET, ifa_prefixlen=24, ifa_flags=IFA_F_PERMANENT, ifa_scope=RT_SCOPE_UNIVERSE, ifa_index=if_nametoindex("eth0")}, [{{nla_len=8, nla_type=IFA_ADDRESS}, 10.24.1.158}, {{nla_len=8, nla_type=IFA_LOCAL}, 10.24.1.158}, {{nla_len=8, nla_type=IFA_BROADCAST}, 10.24.1.255}, {{nla_len=9, nla_type=IFA_LABEL}, "eth0"}, {{nla_len=8, nla_type=IFA_FLAGS}, IFA_F_PERMANENT}, {{nla_len=20, nla_type=IFA_CACHEINFO}, {ifa_prefered=4294967295, ifa_valid=4294967295, cstamp=394212, tstamp=394212}}]}], iov_len=4096}], msg_iovlen=1, msg_controllen=0, msg_flags=0}, 0) = 164
2023-05-18T08:23:19.120960534Z 08:23:19.119088 recvmsg(8, {msg_name={sa_family=AF_NETLINK, nl_pid=0, nl_groups=00000000}, msg_namelen=12, msg_iov=[{iov_base={{len=20, type=NLMSG_DONE, flags=NLM_F_MULTI, seq=1684398199, pid=70}, 0}, iov_len=4096}], msg_iovlen=1, msg_controllen=0, msg_flags=0}, 0) = 20
2023-05-18T08:23:19.120985556Z 08:23:19.119952 socket(AF_UNIX, SOCK_STREAM|SOCK_CLOEXEC|SOCK_NONBLOCK, 0) = 8
2023-05-18T08:23:19.120993130Z 08:23:19.120088 connect(8, {sa_family=AF_UNIX, sun_path="/var/run/nscd/socket"}, 110) = -1 ENOENT (No such file or directory)
2023-05-18T08:23:19.120999800Z 08:23:19.120260 socket(AF_UNIX, SOCK_STREAM|SOCK_CLOEXEC|SOCK_NONBLOCK, 0) = 8
2023-05-18T08:23:19.121005233Z 08:23:19.120363 connect(8, {sa_family=AF_UNIX, sun_path="/var/run/nscd/socket"}, 110) = -1 ENOENT (No such file or directory)
2023-05-18T08:23:19.122683004Z 08:23:19.122538 socket(AF_INET, SOCK_DGRAM|SOCK_CLOEXEC|SOCK_NONBLOCK, IPPROTO_IP) = 8
2023-05-18T08:23:19.122796998Z 08:23:19.122635 connect(8, {sa_family=AF_INET, sin_port=htons(53), sin_addr=inet_addr("169.254.169.254")}, 16) = 0
2023-05-18T08:23:19.123413363Z 08:23:19.122820 sendto(8, ".d\1\0\0\1\0\0\0\0\0\0\rflux-sample-0\fflux-"..., 76, MSG_NOSIGNAL, NULL, 0) = 76
2023-05-18T08:23:19.126888407Z 08:23:19.126616 recvfrom(8, ".d\201\200\0\1\0\1\0\0\0\0\rflux-sample-0\fflux-"..., 1024, 0, {sa_family=AF_INET, sin_port=htons(53), sin_addr=inet_addr("169.254.169.254")}, [28->16]) = 92
2023-05-18T08:23:19.132644298Z broker.info[2]: start: none->join 1.98796ms
2023-05-18T08:23:19.143916142Z broker.info[2]: parent-ready: join->init 10.9679ms
2023-05-18T08:23:19.144082467Z 08:23:19.143878 socketpair(AF_UNIX, SOCK_STREAM|SOCK_CLOEXEC, 0, [22, 23]) = 0
2023-05-18T08:23:19.144215876Z 08:23:19.144065 socketpair(AF_UNIX, SOCK_STREAM, 0, [24, 25]) = 0
2023-05-18T08:23:19.144518717Z 08:23:19.144367 socketpair(AF_UNIX, SOCK_STREAM, 0, [26, 27]) = 0
2023-05-18T08:23:19.144761369Z 08:23:19.144611 socketpair(AF_UNIX, SOCK_STREAM, 0, [28, 29]) = 0
2023-05-18T08:23:19.167209423Z broker.info[2]: configuration updated
2023-05-18T08:23:19.282783025Z broker.info[2]: rc1.0: running /etc/flux/rc1.d/01-sched-fluxion
2023-05-18T08:23:19.295687856Z broker.info[2]: rc1.0: running /etc/flux/rc1.d/02-cron
2023-05-18T08:23:19.323275957Z broker.info[2]: rc1.0: /etc/flux/rc1 Exited (rc=0) 0.2s
2023-05-18T08:23:19.324502355Z broker.info[2]: rc1-success: init->quorum 0.180426s
2023-05-18T08:23:26.340311728Z broker.info[2]: quorum-full: quorum->run 7.01548s
2023-05-18T08:23:36.949709666Z broker.info[2]: shutdown: run->cleanup 10.6088s
2023-05-18T08:23:36.951191546Z broker.info[2]: cleanup-none: cleanup->shutdown 1.42236ms
2023-05-18T08:23:36.952560374Z broker.info[2]: children-none: shutdown->finalize 1.02524ms
2023-05-18T08:23:36.953119355Z 08:23:36.952675 socketpair(AF_UNIX, SOCK_STREAM|SOCK_CLOEXEC, 0, [22, 23]) = 0
2023-05-18T08:23:36.953184374Z 08:23:36.952870 socketpair(AF_UNIX, SOCK_STREAM, 0, [24, 25]) = 0
2023-05-18T08:23:36.953534352Z 08:23:36.953158 socketpair(AF_UNIX, SOCK_STREAM, 0, [26, 28]) = 0
2023-05-18T08:23:36.953870158Z 08:23:36.953536 socketpair(AF_UNIX, SOCK_STREAM, 0, [58, 59]) = 0
2023-05-18T08:23:36.973257463Z broker.info[2]: rc3.0: running /etc/flux/rc3.d/01-sched-fluxion
2023-05-18T08:23:37.096950222Z broker.info[2]: rc3.0: /etc/flux/rc3 Exited (rc=0) 0.1s
2023-05-18T08:23:37.098271559Z broker.info[2]: rc3-success: finalize->goodbye 0.145396s
2023-05-18T08:23:37.099893592Z broker.info[2]: goodbye: goodbye->exit 1.05662ms
2023-05-18T08:23:37.109087442Z 08:23:37.108885 +++ exited with 0 +++
2023-05-18T08:23:37.110930495Z Return value for follower worker is 0
2023-05-18T08:23:37.110958948Z The follower worker exited cleanly. Goodbye!
