2023-05-18T12:49:32.833451391Z
2023-05-18T12:49:32.833502554Z Flux username: flux
2023-05-18T12:49:32.833508762Z
2023-05-18T12:49:32.833514135Z Flux install root: /usr
2023-05-18T12:49:32.880511923Z flux user is already added.
2023-05-18T12:49:32.883844222Z flux user identifiers:
2023-05-18T12:49:32.883870409Z uid=1234(flux) gid=1234(flux) groups=1234(flux)
2023-05-18T12:49:32.883876151Z
2023-05-18T12:49:32.883884446Z As Flux prefix for flux commands: sudo -u flux -E PYTHONPATH=/opt/conda/lib/python3.10/site-packages -E PATH=/opt/conda/bin:/usr/local/sbin:/usr/local/bin:/usr/sbin:/usr/bin:/sbin:/bin -E LD_LIBRARY_PATH=/opt/conda/lib -E HOME=/home/flux
2023-05-18T12:49:32.891096640Z
2023-05-18T12:49:32.891124722Z ðŸ‘‹ Hello, I'm flux-sample-2
2023-05-18T12:49:32.891130500Z The main host is flux-sample-0
2023-05-18T12:49:32.891136271Z The working directory is /home/flux/examples/reaxff/HNS, contents include:
2023-05-18T12:49:32.892476693Z /home/flux/examples/reaxff/HNS:
2023-05-18T12:49:32.892495787Z README.txt	ffield.reax.hns  log.8Mar18.reaxc.hns.g++.1
2023-05-18T12:49:32.892502293Z data.hns-equil	in.reaxc.hns	 log.8Mar18.reaxc.hns.g++.4
2023-05-18T12:49:32.893039563Z End of file listing, if you see nothing above there are no files.
2023-05-18T12:49:32.895299669Z flux R encode --hosts=flux-sample-[0-3]
2023-05-18T12:49:32.909166518Z
2023-05-18T12:49:32.909195371Z ðŸ“¦ Resources
2023-05-18T12:49:32.910768457Z {"version": 1, "execution": {"R_lite": [{"rank": "0-3", "children": {"core": "0"}}], "starttime": 0.0, "expiration": 0.0, "nodelist": ["flux-sample-[0-3]"]}}
2023-05-18T12:49:32.911036500Z
2023-05-18T12:49:32.911074919Z ðŸ¸ Diagnostics: false
2023-05-18T12:49:32.911339351Z ðŸš©ï¸ Flux Option Flags defined
2023-05-18T12:49:32.915920521Z
2023-05-18T12:49:32.915943872Z ðŸ¦Š Independent Minister of Privilege
2023-05-18T12:49:32.917194513Z [exec]
2023-05-18T12:49:32.917212199Z allowed-users = [ "flux", "root" ]
2023-05-18T12:49:32.917218597Z allowed-shells = [ "/usr/libexec/flux/flux-shell" ]
2023-05-18T12:49:32.917413670Z
2023-05-18T12:49:32.917427785Z ðŸ¸ Broker Configuration
2023-05-18T12:49:32.918869497Z # Flux needs to know the path to the IMP executable
2023-05-18T12:49:32.918886398Z [exec]
2023-05-18T12:49:32.918923273Z imp = "/usr/libexec/flux/flux-imp"
2023-05-18T12:49:32.918929064Z
2023-05-18T12:49:32.918933881Z [access]
2023-05-18T12:49:32.918939024Z allow-guest-user = true
2023-05-18T12:49:32.918943942Z allow-root-owner = true
2023-05-18T12:49:32.918948282Z
2023-05-18T12:49:32.918953209Z # Point to resource definition generated with flux-R(1).
2023-05-18T12:49:32.918958188Z [resource]
2023-05-18T12:49:32.918966089Z path = "/etc/flux/system/R"
2023-05-18T12:49:32.918971597Z
2023-05-18T12:49:32.919028284Z [bootstrap]
2023-05-18T12:49:32.919036234Z curve_cert = "/etc/curve/curve.cert"
2023-05-18T12:49:32.919042623Z default_port = 8050
2023-05-18T12:49:32.919047842Z default_bind = "tcp://eth0:%p"
2023-05-18T12:49:32.919071187Z default_connect = "tcp://%h.flux-service.flux-operator.svc.cluster.local:%p"
2023-05-18T12:49:32.919076265Z hosts = [
2023-05-18T12:49:32.919080997Z 	{ host="flux-sample-[0-3]"},
2023-05-18T12:49:32.919087977Z ]
2023-05-18T12:49:32.919094054Z
2023-05-18T12:49:32.919099317Z [archive]
2023-05-18T12:49:32.919103902Z dbpath = "/var/lib/flux/job-archive.sqlite"
2023-05-18T12:49:32.919108654Z period = "1m"
2023-05-18T12:49:33.003287572Z busytimeout = "50s"
2023-05-18T12:49:33.003313479Z ðŸ§Šï¸ State Directory:
2023-05-18T12:49:33.003318203Z total 0
2023-05-18T12:49:33.003321598Z
2023-05-18T12:49:33.006279479Z
2023-05-18T12:49:33.006304337Z ðŸ”’ï¸ Working directory permissions:
2023-05-18T12:49:33.006310408Z total 96
2023-05-18T12:49:33.006316287Z -rwxrwxrwx 1 flux root  2517 May 17 22:32 README.txt
2023-05-18T12:49:33.006439209Z -rwxrwxrwx 1 flux root 54692 May 17 22:32 data.hns-equil
2023-05-18T12:49:33.006449411Z -rwxrwxrwx 1 flux root 13576 May 17 22:32 ffield.reax.hns
2023-05-18T12:49:33.006454828Z -rwxrwxrwx 1 flux root   870 May 17 22:32 in.reaxc.hns
2023-05-18T12:49:33.006460689Z -rwxrwxrwx 1 flux root  4172 May 17 22:32 log.8Mar18.reaxc.hns.g++.1
2023-05-18T12:49:33.006465803Z -rwxrwxrwx 1 flux root  4168 May 17 22:32 log.8Mar18.reaxc.hns.g++.4
2023-05-18T12:49:33.006470285Z
2023-05-18T12:49:33.006476863Z
2023-05-18T12:49:33.006484191Z âœ¨ Curve certificate generated by helper pod
2023-05-18T12:49:33.008447839Z #   ****  Generated on 2023-04-26 22:54:42 by CZMQ  ****
2023-05-18T12:49:33.008477467Z #   ZeroMQ CURVE **Secret** Certificate
2023-05-18T12:49:33.008485119Z #   DO NOT PROVIDE THIS FILE TO OTHER USERS nor change its permissions.
2023-05-18T12:49:33.008490346Z
2023-05-18T12:49:33.008497397Z metadata
2023-05-18T12:49:33.008504820Z     name = "flux-cert-generator"
2023-05-18T12:49:33.008510228Z     keygen.hostname = "flux-sample-0"
2023-05-18T12:49:33.008515579Z curve
2023-05-18T12:49:33.008520435Z     public-key = "(oy(mh82*[@v+*M^ovL9Xf89?1mzrU>:Y@o{V0z["
2023-05-18T12:49:33.008525393Z     secret-key = "w2Cp)}TK3Azn=Q0+H?u9}9B6Z{O*z]I5@nc]]OW1"
2023-05-18T12:49:33.011452275Z
2023-05-18T12:49:33.011488056Z ðŸŒ€  flux start --wrap=strace,-e,network,-tt -o --config /etc/flux/config -Scron.directory=/etc/flux/system/cron.d   -Stbon.fanout=256   -Srundir=/run/flux    -Sstatedir=/var/lib/flux   -Slocal-uri=local:///run/flux/local -Stbon.connect_timeout=4s  -Stbon.zmqdebug=1  -Slog-stderr-level=6    -Slog-stderr-mode=local
2023-05-18T12:49:33.064098473Z 12:49:33.058244 socket(AF_NETLINK, SOCK_RAW, NETLINK_ROUTE) = 8
2023-05-18T12:49:33.064120294Z 12:49:33.058372 bind(8, {sa_family=AF_NETLINK, nl_pid=0, nl_groups=00000000}, 12) = 0
2023-05-18T12:49:33.064124436Z 12:49:33.058458 getsockname(8, {sa_family=AF_NETLINK, nl_pid=70, nl_groups=00000000}, [12]) = 0
2023-05-18T12:49:33.064128646Z 12:49:33.058532 sendto(8, {{len=20, type=RTM_GETADDR, flags=NLM_F_REQUEST|NLM_F_DUMP, seq=1684414173, pid=0}, {ifa_family=AF_UNSPEC, ...}}, 20, 0, {sa_family=AF_NETLINK, nl_pid=0, nl_groups=00000000}, 12) = 20
2023-05-18T12:49:33.064133578Z 12:49:33.058822 recvmsg(8, {msg_name={sa_family=AF_NETLINK, nl_pid=0, nl_groups=00000000}, msg_namelen=12, msg_iov=[{iov_base=[{{len=76, type=RTM_NEWADDR, flags=NLM_F_MULTI, seq=1684414173, pid=70}, {ifa_family=AF_INET, ifa_prefixlen=8, ifa_flags=IFA_F_PERMANENT, ifa_scope=RT_SCOPE_HOST, ifa_index=if_nametoindex("lo")}, [{{nla_len=8, nla_type=IFA_ADDRESS}, 127.0.0.1}, {{nla_len=8, nla_type=IFA_LOCAL}, 127.0.0.1}, {{nla_len=7, nla_type=IFA_LABEL}, "lo"}, {{nla_len=8, nla_type=IFA_FLAGS}, IFA_F_PERMANENT}, {{nla_len=20, nla_type=IFA_CACHEINFO}, {ifa_prefered=4294967295, ifa_valid=4294967295, cstamp=1991537, tstamp=1991537}}]}, {{len=88, type=RTM_NEWADDR, flags=NLM_F_MULTI, seq=1684414173, pid=70}, {ifa_family=AF_INET, ifa_prefixlen=24, ifa_flags=IFA_F_PERMANENT, ifa_scope=RT_SCOPE_UNIVERSE, ifa_index=if_nametoindex("eth0")}, [{{nla_len=8, nla_type=IFA_ADDRESS}, 10.24.3.58}, {{nla_len=8, nla_type=IFA_LOCAL}, 10.24.3.58}, {{nla_len=8, nla_type=IFA_BROADCAST}, 10.24.3.255}, {{nla_len=9, nla_type=IFA_LABEL}, "eth0"}, {{nla_len=8, nla_type=IFA_FLAGS}, IFA_F_PERMANENT}, {{nla_len=20, nla_type=IFA_CACHEINFO}, {ifa_prefered=4294967295, ifa_valid=4294967295, cstamp=1991539, tstamp=1991539}}]}], iov_len=4096}], msg_iovlen=1, msg_controllen=0, msg_flags=0}, 0) = 164
2023-05-18T12:49:33.064140801Z 12:49:33.059442 recvmsg(8, {msg_name={sa_family=AF_NETLINK, nl_pid=0, nl_groups=00000000}, msg_namelen=12, msg_iov=[{iov_base={{len=20, type=NLMSG_DONE, flags=NLM_F_MULTI, seq=1684414173, pid=70}, 0}, iov_len=4096}], msg_iovlen=1, msg_controllen=0, msg_flags=0}, 0) = 20
2023-05-18T12:49:33.064154091Z 12:49:33.059982 socket(AF_UNIX, SOCK_STREAM|SOCK_CLOEXEC|SOCK_NONBLOCK, 0) = 8
2023-05-18T12:49:33.064157871Z 12:49:33.060080 connect(8, {sa_family=AF_UNIX, sun_path="/var/run/nscd/socket"}, 110) = -1 ENOENT (No such file or directory)
2023-05-18T12:49:33.064163089Z 12:49:33.060203 socket(AF_UNIX, SOCK_STREAM|SOCK_CLOEXEC|SOCK_NONBLOCK, 0) = 8
2023-05-18T12:49:33.064167592Z 12:49:33.060267 connect(8, {sa_family=AF_UNIX, sun_path="/var/run/nscd/socket"}, 110) = -1 ENOENT (No such file or directory)
2023-05-18T12:49:33.064171168Z 12:49:33.061615 socket(AF_INET, SOCK_DGRAM|SOCK_CLOEXEC|SOCK_NONBLOCK, IPPROTO_IP) = 8
2023-05-18T12:49:33.064174578Z 12:49:33.061716 connect(8, {sa_family=AF_INET, sin_port=htons(53), sin_addr=inet_addr("169.254.169.254")}, 16) = 0
2023-05-18T12:49:33.064184264Z 12:49:33.061842 sendto(8, "b\24\1\0\0\1\0\0\0\0\0\0\rflux-sample-0\fflux-"..., 76, MSG_NOSIGNAL, NULL, 0) = 76
2023-05-18T12:49:33.065394286Z 12:49:33.064833 recvfrom(8, "b\24\201\203\0\1\0\0\0\1\0\0\rflux-sample-0\fflux-"..., 1024, 0, {sa_family=AF_INET, sin_port=htons(53), sin_addr=inet_addr("169.254.169.254")}, [28->16]) = 172
2023-05-18T12:49:33.065479606Z 12:49:33.065023 socket(AF_INET, SOCK_DGRAM|SOCK_CLOEXEC|SOCK_NONBLOCK, IPPROTO_IP) = 8
2023-05-18T12:49:33.065486781Z 12:49:33.065122 connect(8, {sa_family=AF_INET, sin_port=htons(53), sin_addr=inet_addr("169.254.169.254")}, 16) = 0
2023-05-18T12:49:33.065524774Z 12:49:33.065230 sendto(8, "@\330\1\0\0\1\0\0\0\0\0\0\rflux-sample-0\fflux-"..., 108, MSG_NOSIGNAL, NULL, 0) = 108
2023-05-18T12:49:33.074777913Z 12:49:33.070123 recvfrom(8, "@\330\201\203\0\1\0\0\0\1\0\0\rflux-sample-0\fflux-"..., 1024, 0, {sa_family=AF_INET, sin_port=htons(53), sin_addr=inet_addr("169.254.169.254")}, [28->16]) = 204
2023-05-18T12:49:33.074832339Z 12:49:33.070315 socket(AF_INET, SOCK_DGRAM|SOCK_CLOEXEC|SOCK_NONBLOCK, IPPROTO_IP) = 8
2023-05-18T12:49:33.074838767Z 12:49:33.070415 connect(8, {sa_family=AF_INET, sin_port=htons(53), sin_addr=inet_addr("169.254.169.254")}, 16) = 0
2023-05-18T12:49:33.074842769Z 12:49:33.070521 sendto(8, "c\215\1\0\0\1\0\0\0\0\0\0\rflux-sample-0\fflux-"..., 94, MSG_NOSIGNAL, NULL, 0) = 94
2023-05-18T12:49:33.074846248Z 12:49:33.074000 recvfrom(8, "c\215\201\203\0\1\0\0\0\1\0\0\rflux-sample-0\fflux-"..., 1024, 0, {sa_family=AF_INET, sin_port=htons(53), sin_addr=inet_addr("169.254.169.254")}, [28->16]) = 190
2023-05-18T12:49:33.074849709Z 12:49:33.074203 socket(AF_INET, SOCK_DGRAM|SOCK_CLOEXEC|SOCK_NONBLOCK, IPPROTO_IP) = 8
2023-05-18T12:49:33.074852860Z 12:49:33.074273 connect(8, {sa_family=AF_INET, sin_port=htons(53), sin_addr=inet_addr("169.254.169.254")}, 16) = 0
2023-05-18T12:49:33.074856255Z 12:49:33.074390 sendto(8, "\255\2\1\0\0\1\0\0\0\0\0\0\rflux-sample-0\fflux-"..., 90, MSG_NOSIGNAL, NULL, 0) = 90
2023-05-18T12:49:33.078134663Z 12:49:33.077547 recvfrom(8, "\255\2\201\203\0\1\0\0\0\1\0\0\rflux-sample-0\fflux-"..., 1024, 0, {sa_family=AF_INET, sin_port=htons(53), sin_addr=inet_addr("169.254.169.254")}, [28->16]) = 186
2023-05-18T12:49:33.078298768Z 12:49:33.077753 socket(AF_INET, SOCK_DGRAM|SOCK_CLOEXEC|SOCK_NONBLOCK, IPPROTO_IP) = 8
2023-05-18T12:49:33.078311736Z 12:49:33.077825 connect(8, {sa_family=AF_INET, sin_port=htons(53), sin_addr=inet_addr("169.254.169.254")}, 16) = 0
2023-05-18T12:49:33.078317380Z 12:49:33.077929 sendto(8, "S\240\1\0\0\1\0\0\0\0\0\0\rflux-sample-0\fflux-"..., 111, MSG_NOSIGNAL, NULL, 0) = 111
2023-05-18T12:49:33.083906313Z 12:49:33.083405 recvfrom(8, "S\240\201\203\0\1\0\0\0\1\0\0\rflux-sample-0\fflux-"..., 1024, 0, {sa_family=AF_INET, sin_port=htons(53), sin_addr=inet_addr("169.254.169.254")}, [28->16]) = 205
2023-05-18T12:49:33.084031169Z 12:49:33.083596 socket(AF_INET, SOCK_DGRAM|SOCK_CLOEXEC|SOCK_NONBLOCK, IPPROTO_IP) = 8
2023-05-18T12:49:33.084091229Z 12:49:33.083670 connect(8, {sa_family=AF_INET, sin_port=htons(53), sin_addr=inet_addr("169.254.169.254")}, 16) = 0
2023-05-18T12:49:33.084117316Z 12:49:33.083793 sendto(8, "\252\247\1\0\0\1\0\0\0\0\0\0\rflux-sample-0\fflux-"..., 97, MSG_NOSIGNAL, NULL, 0) = 97
2023-05-18T12:49:33.089901114Z 12:49:33.089313 recvfrom(8, "\252\247\201\203\0\1\0\0\0\1\0\0\rflux-sample-0\fflux-"..., 1024, 0, {sa_family=AF_INET, sin_port=htons(53), sin_addr=inet_addr("169.254.169.254")}, [28->16]) = 186
2023-05-18T12:49:33.089935488Z 12:49:33.089503 socket(AF_INET, SOCK_DGRAM|SOCK_CLOEXEC|SOCK_NONBLOCK, IPPROTO_IP) = 8
2023-05-18T12:49:33.089973433Z 12:49:33.089576 connect(8, {sa_family=AF_INET, sin_port=htons(53), sin_addr=inet_addr("169.254.169.254")}, 16) = 0
2023-05-18T12:49:33.089991581Z 12:49:33.089680 sendto(8, "\213\346\1\0\0\1\0\0\0\0\0\0\rflux-sample-0\fflux-"..., 92, MSG_NOSIGNAL, NULL, 0) = 92
2023-05-18T12:49:33.147854253Z 12:49:33.147536 recvfrom(8, "\213\346\201\203\0\1\0\0\0\1\0\0\rflux-sample-0\fflux-"..., 1024, 0, {sa_family=AF_INET, sin_port=htons(53), sin_addr=inet_addr("169.254.169.254")}, [28->16]) = 181
2023-05-18T12:49:33.148069770Z broker.err[2]: Warning: unable to resolve upstream peer flux-sample-0.flux-service.flux-operator.svc.cluster.local: Name or service not known
2023-05-18T12:49:33.155478472Z broker.info[2]: start: none->join 2.9334ms
2023-05-18T12:49:34.517442769Z broker.info[2]: parent-ready: join->init 1.36158s
2023-05-18T12:49:34.517799971Z 12:49:34.517502 socketpair(AF_UNIX, SOCK_STREAM|SOCK_CLOEXEC, 0, [22, 23]) = 0
2023-05-18T12:49:34.517975527Z 12:49:34.517744 socketpair(AF_UNIX, SOCK_STREAM, 0, [24, 25]) = 0
2023-05-18T12:49:34.518236452Z 12:49:34.518089 socketpair(AF_UNIX, SOCK_STREAM, 0, [26, 27]) = 0
2023-05-18T12:49:34.518483439Z 12:49:34.518331 socketpair(AF_UNIX, SOCK_STREAM, 0, [28, 29]) = 0
2023-05-18T12:49:34.544279242Z broker.info[2]: configuration updated
2023-05-18T12:49:34.672043751Z broker.info[2]: rc1.0: running /etc/flux/rc1.d/01-sched-fluxion
2023-05-18T12:49:34.684238576Z broker.info[2]: rc1.0: running /etc/flux/rc1.d/02-cron
2023-05-18T12:49:34.716942629Z broker.info[2]: rc1.0: /etc/flux/rc1 Exited (rc=0) 0.2s
2023-05-18T12:49:34.718141339Z broker.info[2]: rc1-success: init->quorum 0.200458s
2023-05-18T12:49:34.933679719Z broker.info[2]: quorum-full: quorum->run 0.214906s
2023-05-18T12:49:46.523565162Z broker.info[2]: shutdown: run->cleanup 11.5898s
2023-05-18T12:49:46.525334704Z broker.info[2]: cleanup-none: cleanup->shutdown 1.36256ms
2023-05-18T12:49:46.536759785Z broker.info[2]: children-none: shutdown->finalize 1.11404ms
2023-05-18T12:49:46.536853551Z 12:49:46.526614 socketpair(AF_UNIX, SOCK_STREAM|SOCK_CLOEXEC, 0, [22, 23]) = 0
2023-05-18T12:49:46.536865848Z 12:49:46.527150 socketpair(AF_UNIX, SOCK_STREAM, 0, [24, 25]) = 0
2023-05-18T12:49:46.536871626Z 12:49:46.527362 socketpair(AF_UNIX, SOCK_STREAM, 0, [26, 28]) = 0
2023-05-18T12:49:46.536877155Z 12:49:46.527537 socketpair(AF_UNIX, SOCK_STREAM, 0, [58, 59]) = 0
2023-05-18T12:49:46.550171580Z broker.info[2]: rc3.0: running /etc/flux/rc3.d/01-sched-fluxion
2023-05-18T12:49:46.674186599Z broker.info[2]: rc3.0: /etc/flux/rc3 Exited (rc=0) 0.1s
2023-05-18T12:49:46.675331176Z broker.info[2]: rc3-success: finalize->goodbye 0.148558s
2023-05-18T12:49:46.676824526Z broker.info[2]: goodbye: goodbye->exit 0.995798ms
2023-05-18T12:49:46.684697033Z 12:49:46.684530 +++ exited with 0 +++
2023-05-18T12:49:46.685835419Z Return value for follower worker is 0
2023-05-18T12:49:46.685937093Z The follower worker exited cleanly. Goodbye!
