2023-05-18T08:24:32.927963500Z
2023-05-18T08:24:32.928364584Z Flux username: flux
2023-05-18T08:24:32.928376657Z
2023-05-18T08:24:32.928382382Z Flux install root: /usr
2023-05-18T08:24:32.976824114Z flux user is already added.
2023-05-18T08:24:32.981146977Z flux user identifiers:
2023-05-18T08:24:32.981181418Z uid=1234(flux) gid=1234(flux) groups=1234(flux)
2023-05-18T08:24:32.981276830Z
2023-05-18T08:24:32.981298794Z As Flux prefix for flux commands: sudo -u flux -E PYTHONPATH=/opt/conda/lib/python3.10/site-packages -E PATH=/opt/conda/bin:/usr/local/sbin:/usr/local/bin:/usr/sbin:/usr/bin:/sbin:/bin -E LD_LIBRARY_PATH=/opt/conda/lib -E HOME=/home/flux
2023-05-18T08:24:32.989796037Z
2023-05-18T08:24:32.989831968Z 👋 Hello, I'm flux-sample-2
2023-05-18T08:24:32.989957785Z The main host is flux-sample-0
2023-05-18T08:24:32.990089773Z The working directory is /home/flux/examples/reaxff/HNS, contents include:
2023-05-18T08:24:32.992331838Z /home/flux/examples/reaxff/HNS:
2023-05-18T08:24:32.992470667Z README.txt	ffield.reax.hns  log.8Mar18.reaxc.hns.g++.1
2023-05-18T08:24:32.992483507Z data.hns-equil	in.reaxc.hns	 log.8Mar18.reaxc.hns.g++.4
2023-05-18T08:24:32.992789282Z End of file listing, if you see nothing above there are no files.
2023-05-18T08:24:32.995054762Z flux R encode --hosts=flux-sample-[0-3]
2023-05-18T08:24:33.010169587Z
2023-05-18T08:24:33.010215466Z 📦 Resources
2023-05-18T08:24:33.012367789Z {"version": 1, "execution": {"R_lite": [{"rank": "0-3", "children": {"core": "0"}}], "starttime": 0.0, "expiration": 0.0, "nodelist": ["flux-sample-[0-3]"]}}
2023-05-18T08:24:33.012999710Z
2023-05-18T08:24:33.013039995Z 🐸 Diagnostics: false
2023-05-18T08:24:33.013343330Z 🚩️ Flux Option Flags defined
2023-05-18T08:24:33.017949205Z
2023-05-18T08:24:33.017977839Z 🦊 Independent Minister of Privilege
2023-05-18T08:24:33.019441074Z [exec]
2023-05-18T08:24:33.019462802Z allowed-users = [ "flux", "root" ]
2023-05-18T08:24:33.019471520Z allowed-shells = [ "/usr/libexec/flux/flux-shell" ]
2023-05-18T08:24:33.019730296Z
2023-05-18T08:24:33.019762369Z 🐸 Broker Configuration
2023-05-18T08:24:33.021226516Z # Flux needs to know the path to the IMP executable
2023-05-18T08:24:33.021247344Z [exec]
2023-05-18T08:24:33.021256138Z imp = "/usr/libexec/flux/flux-imp"
2023-05-18T08:24:33.021262907Z
2023-05-18T08:24:33.021269112Z [access]
2023-05-18T08:24:33.021276603Z allow-guest-user = true
2023-05-18T08:24:33.021283422Z allow-root-owner = true
2023-05-18T08:24:33.021289602Z
2023-05-18T08:24:33.021297072Z # Point to resource definition generated with flux-R(1).
2023-05-18T08:24:33.021305543Z [resource]
2023-05-18T08:24:33.021313577Z path = "/etc/flux/system/R"
2023-05-18T08:24:33.021319735Z
2023-05-18T08:24:33.021326236Z [bootstrap]
2023-05-18T08:24:33.021332753Z curve_cert = "/etc/curve/curve.cert"
2023-05-18T08:24:33.021339604Z default_port = 8050
2023-05-18T08:24:33.021346116Z default_bind = "tcp://eth0:%p"
2023-05-18T08:24:33.021353395Z default_connect = "tcp://%h.flux-service.flux-operator.svc.cluster.local:%p"
2023-05-18T08:24:33.021361371Z hosts = [
2023-05-18T08:24:33.021368486Z 	{ host="flux-sample-[0-3]"},
2023-05-18T08:24:33.021375144Z ]
2023-05-18T08:24:33.021381476Z
2023-05-18T08:24:33.021388335Z [archive]
2023-05-18T08:24:33.021395950Z dbpath = "/var/lib/flux/job-archive.sqlite"
2023-05-18T08:24:33.021402716Z period = "1m"
2023-05-18T08:24:33.105903294Z busytimeout = "50s"
2023-05-18T08:24:33.105932908Z 🧊️ State Directory:
2023-05-18T08:24:33.105939571Z total 0
2023-05-18T08:24:33.105944290Z
2023-05-18T08:24:33.109267427Z
2023-05-18T08:24:33.109294453Z 🔒️ Working directory permissions:
2023-05-18T08:24:33.109301037Z total 96
2023-05-18T08:24:33.109420840Z -rwxrwxrwx 1 flux root  2517 May 17 22:32 README.txt
2023-05-18T08:24:33.109432321Z -rwxrwxrwx 1 flux root 54692 May 17 22:32 data.hns-equil
2023-05-18T08:24:33.109437471Z -rwxrwxrwx 1 flux root 13576 May 17 22:32 ffield.reax.hns
2023-05-18T08:24:33.109442550Z -rwxrwxrwx 1 flux root   870 May 17 22:32 in.reaxc.hns
2023-05-18T08:24:33.109447913Z -rwxrwxrwx 1 flux root  4172 May 17 22:32 log.8Mar18.reaxc.hns.g++.1
2023-05-18T08:24:33.109455046Z -rwxrwxrwx 1 flux root  4168 May 17 22:32 log.8Mar18.reaxc.hns.g++.4
2023-05-18T08:24:33.109460333Z
2023-05-18T08:24:33.109598888Z
2023-05-18T08:24:33.109611314Z ✨ Curve certificate generated by helper pod
2023-05-18T08:24:33.111343758Z #   ****  Generated on 2023-04-26 22:54:42 by CZMQ  ****
2023-05-18T08:24:33.111362560Z #   ZeroMQ CURVE **Secret** Certificate
2023-05-18T08:24:33.111368429Z #   DO NOT PROVIDE THIS FILE TO OTHER USERS nor change its permissions.
2023-05-18T08:24:33.111384573Z
2023-05-18T08:24:33.111390221Z metadata
2023-05-18T08:24:33.111395787Z     name = "flux-cert-generator"
2023-05-18T08:24:33.111402921Z     keygen.hostname = "flux-sample-0"
2023-05-18T08:24:33.111408469Z curve
2023-05-18T08:24:33.111413509Z     public-key = "x<2&rO.T&L.Xs&*sz)0Q:>TpzR!sYfNBPgV1$AIr"
2023-05-18T08:24:33.111418828Z     secret-key = "k4s:Lkli3BDY%Qu@!r1@-PATWI}vnWztnf}hixKg"
2023-05-18T08:24:33.113996579Z
2023-05-18T08:24:33.114017931Z 🌀  flux start --wrap=strace,-e,network,-tt -o --config /etc/flux/config -Scron.directory=/etc/flux/system/cron.d   -Stbon.fanout=256   -Srundir=/run/flux    -Sstatedir=/var/lib/flux   -Slocal-uri=local:///run/flux/local -Stbon.connect_timeout=8s  -Stbon.zmqdebug=1  -Slog-stderr-level=6    -Slog-stderr-mode=local
2023-05-18T08:24:33.159630934Z 08:24:33.159359 socket(AF_NETLINK, SOCK_RAW, NETLINK_ROUTE) = 8
2023-05-18T08:24:33.159758977Z 08:24:33.159486 bind(8, {sa_family=AF_NETLINK, nl_pid=0, nl_groups=00000000}, 12) = 0
2023-05-18T08:24:33.159771600Z 08:24:33.159571 getsockname(8, {sa_family=AF_NETLINK, nl_pid=70, nl_groups=00000000}, [12]) = 0
2023-05-18T08:24:33.159975211Z 08:24:33.159644 sendto(8, {{len=20, type=RTM_GETADDR, flags=NLM_F_REQUEST|NLM_F_DUMP, seq=1684398273, pid=0}, {ifa_family=AF_UNSPEC, ...}}, 20, 0, {sa_family=AF_NETLINK, nl_pid=0, nl_groups=00000000}, 12) = 20
2023-05-18T08:24:33.160366406Z 08:24:33.159936 recvmsg(8, {msg_name={sa_family=AF_NETLINK, nl_pid=0, nl_groups=00000000}, msg_namelen=12, msg_iov=[{iov_base=[{{len=76, type=RTM_NEWADDR, flags=NLM_F_MULTI, seq=1684398273, pid=70}, {ifa_family=AF_INET, ifa_prefixlen=8, ifa_flags=IFA_F_PERMANENT, ifa_scope=RT_SCOPE_HOST, ifa_index=if_nametoindex("lo")}, [{{nla_len=8, nla_type=IFA_ADDRESS}, 127.0.0.1}, {{nla_len=8, nla_type=IFA_LOCAL}, 127.0.0.1}, {{nla_len=7, nla_type=IFA_LABEL}, "lo"}, {{nla_len=8, nla_type=IFA_FLAGS}, IFA_F_PERMANENT}, {{nla_len=20, nla_type=IFA_CACHEINFO}, {ifa_prefered=4294967295, ifa_valid=4294967295, cstamp=401607, tstamp=401607}}]}, {{len=88, type=RTM_NEWADDR, flags=NLM_F_MULTI, seq=1684398273, pid=70}, {ifa_family=AF_INET, ifa_prefixlen=24, ifa_flags=IFA_F_PERMANENT, ifa_scope=RT_SCOPE_UNIVERSE, ifa_index=if_nametoindex("eth0")}, [{{nla_len=8, nla_type=IFA_ADDRESS}, 10.24.1.161}, {{nla_len=8, nla_type=IFA_LOCAL}, 10.24.1.161}, {{nla_len=8, nla_type=IFA_BROADCAST}, 10.24.1.255}, {{nla_len=9, nla_type=IFA_LABEL}, "eth0"}, {{nla_len=8, nla_type=IFA_FLAGS}, IFA_F_PERMANENT}, {{nla_len=20, nla_type=IFA_CACHEINFO}, {ifa_prefered=4294967295, ifa_valid=4294967295, cstamp=401610, tstamp=401610}}]}], iov_len=4096}], msg_iovlen=1, msg_controllen=0, msg_flags=0}, 0) = 164
2023-05-18T08:24:33.160446752Z 08:24:33.160267 recvmsg(8, {msg_name={sa_family=AF_NETLINK, nl_pid=0, nl_groups=00000000}, msg_namelen=12, msg_iov=[{iov_base={{len=20, type=NLMSG_DONE, flags=NLM_F_MULTI, seq=1684398273, pid=70}, 0}, iov_len=4096}], msg_iovlen=1, msg_controllen=0, msg_flags=0}, 0) = 20
2023-05-18T08:24:33.160940057Z 08:24:33.160815 socket(AF_UNIX, SOCK_STREAM|SOCK_CLOEXEC|SOCK_NONBLOCK, 0) = 8
2023-05-18T08:24:33.161017563Z 08:24:33.160894 connect(8, {sa_family=AF_UNIX, sun_path="/var/run/nscd/socket"}, 110) = -1 ENOENT (No such file or directory)
2023-05-18T08:24:33.161103490Z 08:24:33.161017 socket(AF_UNIX, SOCK_STREAM|SOCK_CLOEXEC|SOCK_NONBLOCK, 0) = 8
2023-05-18T08:24:33.161185095Z 08:24:33.161084 connect(8, {sa_family=AF_UNIX, sun_path="/var/run/nscd/socket"}, 110) = -1 ENOENT (No such file or directory)
2023-05-18T08:24:33.162411339Z 08:24:33.162196 socket(AF_INET, SOCK_DGRAM|SOCK_CLOEXEC|SOCK_NONBLOCK, IPPROTO_IP) = 8
2023-05-18T08:24:33.162428940Z 08:24:33.162278 connect(8, {sa_family=AF_INET, sin_port=htons(53), sin_addr=inet_addr("169.254.169.254")}, 16) = 0
2023-05-18T08:24:33.162704498Z 08:24:33.162407 sendto(8, "'n\1\0\0\1\0\0\0\0\0\0\rflux-sample-0\fflux-"..., 76, MSG_NOSIGNAL, NULL, 0) = 76
2023-05-18T08:24:33.166645388Z 08:24:33.166458 recvfrom(8, "'n\201\200\0\1\0\1\0\0\0\0\rflux-sample-0\fflux-"..., 1024, 0, {sa_family=AF_INET, sin_port=htons(53), sin_addr=inet_addr("169.254.169.254")}, [28->16]) = 92
2023-05-18T08:24:33.171711142Z broker.info[2]: start: none->join 2.05378ms
2023-05-18T08:24:41.309810162Z broker.info[2]: parent-ready: join->init 8.13785s
2023-05-18T08:24:41.310288619Z 08:24:41.309851 socketpair(AF_UNIX, SOCK_STREAM|SOCK_CLOEXEC, 0, [22, 23]) = 0
2023-05-18T08:24:41.310649831Z 08:24:41.310354 socketpair(AF_UNIX, SOCK_STREAM, 0, [24, 25]) = 0
2023-05-18T08:24:41.311176757Z 08:24:41.310860 socketpair(AF_UNIX, SOCK_STREAM, 0, [26, 27]) = 0
2023-05-18T08:24:41.311589591Z 08:24:41.311322 socketpair(AF_UNIX, SOCK_STREAM, 0, [28, 29]) = 0
2023-05-18T08:24:41.337604985Z broker.info[2]: configuration updated
2023-05-18T08:24:41.480702151Z broker.info[2]: rc1.0: running /etc/flux/rc1.d/01-sched-fluxion
2023-05-18T08:24:41.493784512Z broker.info[2]: rc1.0: running /etc/flux/rc1.d/02-cron
2023-05-18T08:24:41.521751692Z broker.info[2]: rc1.0: /etc/flux/rc1 Exited (rc=0) 0.2s
2023-05-18T08:24:41.523527851Z broker.info[2]: rc1-success: init->quorum 0.213466s
2023-05-18T08:24:41.739387382Z broker.info[2]: quorum-full: quorum->run 0.215425s
2023-05-18T08:24:52.430502979Z broker.info[2]: shutdown: run->cleanup 10.6903s
2023-05-18T08:24:52.431655174Z broker.info[2]: cleanup-none: cleanup->shutdown 0.947507ms
2023-05-18T08:24:52.433213590Z broker.info[2]: children-none: shutdown->finalize 1.03562ms
2023-05-18T08:24:52.434192367Z 08:24:52.433630 socketpair(AF_UNIX, SOCK_STREAM|SOCK_CLOEXEC, 0, [22, 23]) = 0
2023-05-18T08:24:52.434662622Z 08:24:52.434293 socketpair(AF_UNIX, SOCK_STREAM, 0, [24, 25]) = 0
2023-05-18T08:24:52.435327992Z 08:24:52.435037 socketpair(AF_UNIX, SOCK_STREAM, 0, [26, 28]) = 0
2023-05-18T08:24:52.435525774Z 08:24:52.435351 socketpair(AF_UNIX, SOCK_STREAM, 0, [58, 59]) = 0
2023-05-18T08:24:52.454228067Z broker.info[2]: rc3.0: running /etc/flux/rc3.d/01-sched-fluxion
2023-05-18T08:24:52.594476490Z broker.info[2]: rc3.0: /etc/flux/rc3 Exited (rc=0) 0.2s
2023-05-18T08:24:52.595676565Z broker.info[2]: rc3-success: finalize->goodbye 0.161878s
2023-05-18T08:24:52.597260774Z broker.info[2]: goodbye: goodbye->exit 0.985169ms
2023-05-18T08:24:52.605455648Z 08:24:52.605250 +++ exited with 0 +++
2023-05-18T08:24:52.606963484Z Return value for follower worker is 0
2023-05-18T08:24:52.606991363Z The follower worker exited cleanly. Goodbye!
