2023-05-18T08:53:44.517839876Z
2023-05-18T08:53:44.517894513Z Flux username: flux
2023-05-18T08:53:44.517901391Z
2023-05-18T08:53:44.517906666Z Flux install root: /usr
2023-05-18T08:53:44.565700950Z flux user is already added.
2023-05-18T08:53:44.569271394Z flux user identifiers:
2023-05-18T08:53:44.569302265Z uid=1234(flux) gid=1234(flux) groups=1234(flux)
2023-05-18T08:53:44.569308845Z
2023-05-18T08:53:44.569314986Z As Flux prefix for flux commands: sudo -u flux -E PYTHONPATH=/opt/conda/lib/python3.10/site-packages -E PATH=/opt/conda/bin:/usr/local/sbin:/usr/local/bin:/usr/sbin:/usr/bin:/sbin:/bin -E LD_LIBRARY_PATH=/opt/conda/lib -E HOME=/home/flux
2023-05-18T08:53:44.577994366Z
2023-05-18T08:53:44.578027847Z 👋 Hello, I'm flux-sample-2
2023-05-18T08:53:44.578034011Z The main host is flux-sample-0
2023-05-18T08:53:44.578115286Z The working directory is /home/flux/examples/reaxff/HNS, contents include:
2023-05-18T08:53:44.580471165Z /home/flux/examples/reaxff/HNS:
2023-05-18T08:53:44.580627624Z README.txt	ffield.reax.hns  log.8Mar18.reaxc.hns.g++.1
2023-05-18T08:53:44.580640633Z data.hns-equil	in.reaxc.hns	 log.8Mar18.reaxc.hns.g++.4
2023-05-18T08:53:44.580895448Z End of file listing, if you see nothing above there are no files.
2023-05-18T08:53:44.582932423Z flux R encode --hosts=flux-sample-[0-3]
2023-05-18T08:53:44.600238259Z
2023-05-18T08:53:44.600271650Z 📦 Resources
2023-05-18T08:53:44.601800870Z {"version": 1, "execution": {"R_lite": [{"rank": "0-3", "children": {"core": "0"}}], "starttime": 0.0, "expiration": 0.0, "nodelist": ["flux-sample-[0-3]"]}}
2023-05-18T08:53:44.602103634Z
2023-05-18T08:53:44.602119674Z 🐸 Diagnostics: false
2023-05-18T08:53:44.602296579Z 🚩️ Flux Option Flags defined
2023-05-18T08:53:44.606269346Z
2023-05-18T08:53:44.606291306Z 🦊 Independent Minister of Privilege
2023-05-18T08:53:44.608170320Z [exec]
2023-05-18T08:53:44.608190385Z allowed-users = [ "flux", "root" ]
2023-05-18T08:53:44.608196963Z allowed-shells = [ "/usr/libexec/flux/flux-shell" ]
2023-05-18T08:53:44.608456761Z
2023-05-18T08:53:44.608471056Z 🐸 Broker Configuration
2023-05-18T08:53:44.610188989Z # Flux needs to know the path to the IMP executable
2023-05-18T08:53:44.610214760Z [exec]
2023-05-18T08:53:44.610220500Z imp = "/usr/libexec/flux/flux-imp"
2023-05-18T08:53:44.610225288Z
2023-05-18T08:53:44.610230054Z [access]
2023-05-18T08:53:44.610235527Z allow-guest-user = true
2023-05-18T08:53:44.610243144Z allow-root-owner = true
2023-05-18T08:53:44.610248365Z
2023-05-18T08:53:44.610253096Z # Point to resource definition generated with flux-R(1).
2023-05-18T08:53:44.610257962Z [resource]
2023-05-18T08:53:44.610262845Z path = "/etc/flux/system/R"
2023-05-18T08:53:44.610267283Z
2023-05-18T08:53:44.610272200Z [bootstrap]
2023-05-18T08:53:44.610277309Z curve_cert = "/etc/curve/curve.cert"
2023-05-18T08:53:44.610285112Z default_port = 8050
2023-05-18T08:53:44.610291241Z default_bind = "tcp://eth0:%p"
2023-05-18T08:53:44.610296613Z default_connect = "tcp://%h.flux-service.flux-operator.svc.cluster.local:%p"
2023-05-18T08:53:44.610301353Z hosts = [
2023-05-18T08:53:44.610306027Z 	{ host="flux-sample-[0-3]"},
2023-05-18T08:53:44.610310715Z ]
2023-05-18T08:53:44.610315131Z
2023-05-18T08:53:44.610319970Z [archive]
2023-05-18T08:53:44.610327082Z dbpath = "/var/lib/flux/job-archive.sqlite"
2023-05-18T08:53:44.610332747Z period = "1m"
2023-05-18T08:53:44.700939207Z busytimeout = "50s"
2023-05-18T08:53:44.700981775Z 🧊️ State Directory:
2023-05-18T08:53:44.700989591Z total 0
2023-05-18T08:53:44.700995388Z
2023-05-18T08:53:44.705635058Z
2023-05-18T08:53:44.705689727Z 🔒️ Working directory permissions:
2023-05-18T08:53:44.705697556Z total 96
2023-05-18T08:53:44.705703480Z -rwxrwxrwx 1 flux root  2517 May 17 22:32 README.txt
2023-05-18T08:53:44.705708732Z -rwxrwxrwx 1 flux root 54692 May 17 22:32 data.hns-equil
2023-05-18T08:53:44.705713730Z -rwxrwxrwx 1 flux root 13576 May 17 22:32 ffield.reax.hns
2023-05-18T08:53:44.705718662Z -rwxrwxrwx 1 flux root   870 May 17 22:32 in.reaxc.hns
2023-05-18T08:53:44.705726614Z -rwxrwxrwx 1 flux root  4172 May 17 22:32 log.8Mar18.reaxc.hns.g++.1
2023-05-18T08:53:44.705767983Z -rwxrwxrwx 1 flux root  4168 May 17 22:32 log.8Mar18.reaxc.hns.g++.4
2023-05-18T08:53:44.705776230Z
2023-05-18T08:53:44.705781268Z
2023-05-18T08:53:44.705786582Z ✨ Curve certificate generated by helper pod
2023-05-18T08:53:44.708259760Z #   ****  Generated on 2023-04-26 22:54:42 by CZMQ  ****
2023-05-18T08:53:44.708293062Z #   ZeroMQ CURVE **Secret** Certificate
2023-05-18T08:53:44.708300617Z #   DO NOT PROVIDE THIS FILE TO OTHER USERS nor change its permissions.
2023-05-18T08:53:44.708306324Z
2023-05-18T08:53:44.708311815Z metadata
2023-05-18T08:53:44.708317386Z     name = "flux-cert-generator"
2023-05-18T08:53:44.708352707Z     keygen.hostname = "flux-sample-0"
2023-05-18T08:53:44.708359526Z curve
2023-05-18T08:53:44.708365461Z     public-key = "*5bb@hQ=}gciQHp9mfwv=5[!cAi@e[z3W(W.qD[)"
2023-05-18T08:53:44.708371070Z     secret-key = "aXSiOZH]XW@Rvk+rRlRyJoZj*Q$1BtZU<x}rfqi%"
2023-05-18T08:53:44.712059803Z
2023-05-18T08:53:44.712131951Z 🌀  flux start --wrap=strace,-e,network,-tt -o --config /etc/flux/config -Scron.directory=/etc/flux/system/cron.d   -Stbon.fanout=256   -Srundir=/run/flux    -Sstatedir=/var/lib/flux   -Slocal-uri=local:///run/flux/local   -Stbon.zmqdebug=1  -Slog-stderr-level=6    -Slog-stderr-mode=local
2023-05-18T08:53:44.754482829Z 08:53:44.754011 socket(AF_NETLINK, SOCK_RAW, NETLINK_ROUTE) = 8
2023-05-18T08:53:44.754532250Z 08:53:44.754153 bind(8, {sa_family=AF_NETLINK, nl_pid=0, nl_groups=00000000}, 12) = 0
2023-05-18T08:53:44.754565662Z 08:53:44.754305 getsockname(8, {sa_family=AF_NETLINK, nl_pid=70, nl_groups=00000000}, [12]) = 0
2023-05-18T08:53:44.754886507Z 08:53:44.754442 sendto(8, {{len=20, type=RTM_GETADDR, flags=NLM_F_REQUEST|NLM_F_DUMP, seq=1684400024, pid=0}, {ifa_family=AF_UNSPEC, ...}}, 20, 0, {sa_family=AF_NETLINK, nl_pid=0, nl_groups=00000000}, 12) = 20
2023-05-18T08:53:44.755264039Z 08:53:44.754761 recvmsg(8, {msg_name={sa_family=AF_NETLINK, nl_pid=0, nl_groups=00000000}, msg_namelen=12, msg_iov=[{iov_base=[{{len=76, type=RTM_NEWADDR, flags=NLM_F_MULTI, seq=1684400024, pid=70}, {ifa_family=AF_INET, ifa_prefixlen=8, ifa_flags=IFA_F_PERMANENT, ifa_scope=RT_SCOPE_HOST, ifa_index=if_nametoindex("lo")}, [{{nla_len=8, nla_type=IFA_ADDRESS}, 127.0.0.1}, {{nla_len=8, nla_type=IFA_LOCAL}, 127.0.0.1}, {{nla_len=7, nla_type=IFA_LABEL}, "lo"}, {{nla_len=8, nla_type=IFA_FLAGS}, IFA_F_PERMANENT}, {{nla_len=20, nla_type=IFA_CACHEINFO}, {ifa_prefered=4294967295, ifa_valid=4294967295, cstamp=576766, tstamp=576766}}]}, {{len=88, type=RTM_NEWADDR, flags=NLM_F_MULTI, seq=1684400024, pid=70}, {ifa_family=AF_INET, ifa_prefixlen=24, ifa_flags=IFA_F_PERMANENT, ifa_scope=RT_SCOPE_UNIVERSE, ifa_index=if_nametoindex("eth0")}, [{{nla_len=8, nla_type=IFA_ADDRESS}, 10.24.1.220}, {{nla_len=8, nla_type=IFA_LOCAL}, 10.24.1.220}, {{nla_len=8, nla_type=IFA_BROADCAST}, 10.24.1.255}, {{nla_len=9, nla_type=IFA_LABEL}, "eth0"}, {{nla_len=8, nla_type=IFA_FLAGS}, IFA_F_PERMANENT}, {{nla_len=20, nla_type=IFA_CACHEINFO}, {ifa_prefered=4294967295, ifa_valid=4294967295, cstamp=576769, tstamp=576769}}]}], iov_len=4096}], msg_iovlen=1, msg_controllen=0, msg_flags=0}, 0) = 164
2023-05-18T08:53:44.755293119Z 08:53:44.755085 recvmsg(8, {msg_name={sa_family=AF_NETLINK, nl_pid=0, nl_groups=00000000}, msg_namelen=12, msg_iov=[{iov_base={{len=20, type=NLMSG_DONE, flags=NLM_F_MULTI, seq=1684400024, pid=70}, 0}, iov_len=4096}], msg_iovlen=1, msg_controllen=0, msg_flags=0}, 0) = 20
2023-05-18T08:53:44.756117469Z 08:53:44.755662 socket(AF_UNIX, SOCK_STREAM|SOCK_CLOEXEC|SOCK_NONBLOCK, 0) = 8
2023-05-18T08:53:44.756136718Z 08:53:44.755775 connect(8, {sa_family=AF_UNIX, sun_path="/var/run/nscd/socket"}, 110) = -1 ENOENT (No such file or directory)
2023-05-18T08:53:44.756170650Z 08:53:44.755908 socket(AF_UNIX, SOCK_STREAM|SOCK_CLOEXEC|SOCK_NONBLOCK, 0) = 8
2023-05-18T08:53:44.756180663Z 08:53:44.755981 connect(8, {sa_family=AF_UNIX, sun_path="/var/run/nscd/socket"}, 110) = -1 ENOENT (No such file or directory)
2023-05-18T08:53:44.757461501Z 08:53:44.757215 socket(AF_INET, SOCK_DGRAM|SOCK_CLOEXEC|SOCK_NONBLOCK, IPPROTO_IP) = 8
2023-05-18T08:53:44.757719148Z 08:53:44.757296 connect(8, {sa_family=AF_INET, sin_port=htons(53), sin_addr=inet_addr("169.254.169.254")}, 16) = 0
2023-05-18T08:53:44.757789284Z 08:53:44.757424 sendto(8, "\240a\1\0\0\1\0\0\0\0\0\0\rflux-sample-0\fflux-"..., 76, MSG_NOSIGNAL, NULL, 0) = 76
2023-05-18T08:53:44.762645305Z 08:53:44.762342 recvfrom(8, "\240a\201\200\0\1\0\1\0\0\0\0\rflux-sample-0\fflux-"..., 1024, 0, {sa_family=AF_INET, sin_port=htons(53), sin_addr=inet_addr("169.254.169.254")}, [28->16]) = 92
2023-05-18T08:53:44.767561729Z broker.info[2]: start: none->join 2.06468ms
2023-05-18T08:54:14.917956310Z broker.info[2]: parent-ready: join->init 30.1501s
2023-05-18T08:54:14.918824184Z 08:54:14.917941 socketpair(AF_UNIX, SOCK_STREAM|SOCK_CLOEXEC, 0, [22, 23]) = 0
2023-05-18T08:54:14.919051566Z 08:54:14.918103 socketpair(AF_UNIX, SOCK_STREAM, 0, [24, 25]) = 0
2023-05-18T08:54:14.919243303Z 08:54:14.918362 socketpair(AF_UNIX, SOCK_STREAM, 0, [26, 27]) = 0
2023-05-18T08:54:14.919423918Z 08:54:14.918545 socketpair(AF_UNIX, SOCK_STREAM, 0, [28, 29]) = 0
2023-05-18T08:54:14.945508843Z broker.info[2]: configuration updated
2023-05-18T08:54:15.081408414Z broker.info[2]: rc1.0: running /etc/flux/rc1.d/01-sched-fluxion
2023-05-18T08:54:15.094143112Z broker.info[2]: rc1.0: running /etc/flux/rc1.d/02-cron
2023-05-18T08:54:15.119984309Z broker.info[2]: rc1.0: /etc/flux/rc1 Exited (rc=0) 0.2s
2023-05-18T08:54:15.121356772Z broker.info[2]: rc1-success: init->quorum 0.203225s
2023-05-18T08:54:16.383915662Z broker.info[2]: quorum-full: quorum->run 1.2619s
2023-05-18T08:54:27.198012665Z broker.info[2]: shutdown: run->cleanup 10.8136s
2023-05-18T08:54:27.199245064Z broker.info[2]: cleanup-none: cleanup->shutdown 1.10779ms
2023-05-18T08:54:27.200372444Z broker.info[2]: children-none: shutdown->finalize 0.97341ms
2023-05-18T08:54:27.200879039Z 08:54:27.200427 socketpair(AF_UNIX, SOCK_STREAM|SOCK_CLOEXEC, 0, [22, 23]) = 0
2023-05-18T08:54:27.201373112Z 08:54:27.200666 socketpair(AF_UNIX, SOCK_STREAM, 0, [24, 25]) = 0
2023-05-18T08:54:27.201873396Z 08:54:27.201110 socketpair(AF_UNIX, SOCK_STREAM, 0, [26, 28]) = 0
2023-05-18T08:54:27.202379112Z 08:54:27.201454 socketpair(AF_UNIX, SOCK_STREAM, 0, [58, 59]) = 0
2023-05-18T08:54:27.221158396Z broker.info[2]: rc3.0: running /etc/flux/rc3.d/01-sched-fluxion
2023-05-18T08:54:27.356873908Z broker.info[2]: rc3.0: /etc/flux/rc3 Exited (rc=0) 0.2s
2023-05-18T08:54:27.357784684Z broker.info[2]: rc3-success: finalize->goodbye 0.157141s
2023-05-18T08:54:27.358891438Z broker.info[2]: goodbye: goodbye->exit 0.912984ms
2023-05-18T08:54:27.366533134Z 08:54:27.366330 +++ exited with 0 +++
2023-05-18T08:54:27.368002450Z Return value for follower worker is 0
2023-05-18T08:54:27.368113442Z The follower worker exited cleanly. Goodbye!
