2023-05-18T12:27:50.198066602Z
2023-05-18T12:27:50.198130464Z Flux username: flux
2023-05-18T12:27:50.198136913Z
2023-05-18T12:27:50.198141867Z Flux install root: /usr
2023-05-18T12:27:50.245133658Z flux user is already added.
2023-05-18T12:27:50.249780388Z flux user identifiers:
2023-05-18T12:27:50.249815651Z uid=1234(flux) gid=1234(flux) groups=1234(flux)
2023-05-18T12:27:50.249824042Z
2023-05-18T12:27:50.249831174Z As Flux prefix for flux commands: sudo -u flux -E PYTHONPATH=/opt/conda/lib/python3.10/site-packages -E PATH=/opt/conda/bin:/usr/local/sbin:/usr/local/bin:/usr/sbin:/usr/bin:/sbin:/bin -E LD_LIBRARY_PATH=/opt/conda/lib -E HOME=/home/flux
2023-05-18T12:27:50.257853514Z
2023-05-18T12:27:50.257888935Z ðŸ‘‹ Hello, I'm flux-sample-3
2023-05-18T12:27:50.257895302Z The main host is flux-sample-0
2023-05-18T12:27:50.257901228Z The working directory is /home/flux/examples/reaxff/HNS, contents include:
2023-05-18T12:27:50.259393480Z /home/flux/examples/reaxff/HNS:
2023-05-18T12:27:50.259417428Z README.txt	ffield.reax.hns  log.8Mar18.reaxc.hns.g++.1
2023-05-18T12:27:50.259421670Z data.hns-equil	in.reaxc.hns	 log.8Mar18.reaxc.hns.g++.4
2023-05-18T12:27:50.259850314Z End of file listing, if you see nothing above there are no files.
2023-05-18T12:27:50.261790954Z flux R encode --hosts=flux-sample-[0-3]
2023-05-18T12:27:50.277270459Z
2023-05-18T12:27:50.277304988Z ðŸ“¦ Resources
2023-05-18T12:27:50.279279446Z {"version": 1, "execution": {"R_lite": [{"rank": "0-3", "children": {"core": "0"}}], "starttime": 0.0, "expiration": 0.0, "nodelist": ["flux-sample-[0-3]"]}}
2023-05-18T12:27:50.279672630Z
2023-05-18T12:27:50.279694877Z ðŸ¸ Diagnostics: false
2023-05-18T12:27:50.279921111Z ðŸš©ï¸ Flux Option Flags defined
2023-05-18T12:27:50.284621903Z
2023-05-18T12:27:50.284673912Z ðŸ¦Š Independent Minister of Privilege
2023-05-18T12:27:50.286081580Z [exec]
2023-05-18T12:27:50.286102779Z allowed-users = [ "flux", "root" ]
2023-05-18T12:27:50.286109838Z allowed-shells = [ "/usr/libexec/flux/flux-shell" ]
2023-05-18T12:27:50.286359880Z
2023-05-18T12:27:50.286374339Z ðŸ¸ Broker Configuration
2023-05-18T12:27:50.287769157Z # Flux needs to know the path to the IMP executable
2023-05-18T12:27:50.287788674Z [exec]
2023-05-18T12:27:50.287795453Z imp = "/usr/libexec/flux/flux-imp"
2023-05-18T12:27:50.287799851Z
2023-05-18T12:27:50.287806649Z [access]
2023-05-18T12:27:50.287813382Z allow-guest-user = true
2023-05-18T12:27:50.287818534Z allow-root-owner = true
2023-05-18T12:27:50.287823067Z
2023-05-18T12:27:50.287827955Z # Point to resource definition generated with flux-R(1).
2023-05-18T12:27:50.287832681Z [resource]
2023-05-18T12:27:50.287838224Z path = "/etc/flux/system/R"
2023-05-18T12:27:50.287842766Z
2023-05-18T12:27:50.287849706Z [bootstrap]
2023-05-18T12:27:50.287855554Z curve_cert = "/etc/curve/curve.cert"
2023-05-18T12:27:50.287861173Z default_port = 8050
2023-05-18T12:27:50.287866640Z default_bind = "tcp://eth0:%p"
2023-05-18T12:27:50.287872593Z default_connect = "tcp://%h.flux-service.flux-operator.svc.cluster.local:%p"
2023-05-18T12:27:50.287877541Z hosts = [
2023-05-18T12:27:50.287882475Z 	{ host="flux-sample-[0-3]"},
2023-05-18T12:27:50.287887297Z ]
2023-05-18T12:27:50.287894277Z
2023-05-18T12:27:50.287899923Z [archive]
2023-05-18T12:27:50.287905020Z dbpath = "/var/lib/flux/job-archive.sqlite"
2023-05-18T12:27:50.287909985Z period = "1m"
2023-05-18T12:27:50.379560546Z busytimeout = "50s"
2023-05-18T12:27:50.379786119Z ðŸ§Šï¸ State Directory:
2023-05-18T12:27:50.379806055Z total 0
2023-05-18T12:27:50.379811673Z
2023-05-18T12:27:50.383152269Z
2023-05-18T12:27:50.383183045Z ðŸ”’ï¸ Working directory permissions:
2023-05-18T12:27:50.383188781Z total 96
2023-05-18T12:27:50.383194703Z -rwxrwxrwx 1 flux root  2517 May 17 22:32 README.txt
2023-05-18T12:27:50.383199858Z -rwxrwxrwx 1 flux root 54692 May 17 22:32 data.hns-equil
2023-05-18T12:27:50.383204384Z -rwxrwxrwx 1 flux root 13576 May 17 22:32 ffield.reax.hns
2023-05-18T12:27:50.383209337Z -rwxrwxrwx 1 flux root   870 May 17 22:32 in.reaxc.hns
2023-05-18T12:27:50.383214720Z -rwxrwxrwx 1 flux root  4172 May 17 22:32 log.8Mar18.reaxc.hns.g++.1
2023-05-18T12:27:50.383221557Z -rwxrwxrwx 1 flux root  4168 May 17 22:32 log.8Mar18.reaxc.hns.g++.4
2023-05-18T12:27:50.383227825Z
2023-05-18T12:27:50.383232393Z
2023-05-18T12:27:50.383238029Z âœ¨ Curve certificate generated by helper pod
2023-05-18T12:27:50.384567944Z #   ****  Generated on 2023-04-26 22:54:42 by CZMQ  ****
2023-05-18T12:27:50.384587097Z #   ZeroMQ CURVE **Secret** Certificate
2023-05-18T12:27:50.384593091Z #   DO NOT PROVIDE THIS FILE TO OTHER USERS nor change its permissions.
2023-05-18T12:27:50.384598134Z
2023-05-18T12:27:50.384603689Z metadata
2023-05-18T12:27:50.384609516Z     name = "flux-cert-generator"
2023-05-18T12:27:50.384613902Z     keygen.hostname = "flux-sample-0"
2023-05-18T12:27:50.384620964Z curve
2023-05-18T12:27:50.384631486Z     public-key = "YfaJ:(PIJEoB5gU8aTBSbD)d?!-]KRgsd^&JBSU?"
2023-05-18T12:27:50.384636797Z     secret-key = "t0dgzyqT1p2G#MRJ=@3k8uJsF6lw&Z}SQaoZ1ypn"
2023-05-18T12:27:50.386816784Z
2023-05-18T12:27:50.386842120Z ðŸŒ€  flux start --wrap=strace,-e,network,-tt -o --config /etc/flux/config -Scron.directory=/etc/flux/system/cron.d   -Stbon.fanout=256   -Srundir=/run/flux    -Sstatedir=/var/lib/flux   -Slocal-uri=local:///run/flux/local -Stbon.connect_timeout=1s  -Stbon.zmqdebug=1  -Slog-stderr-level=6    -Slog-stderr-mode=local
2023-05-18T12:27:50.425333493Z 12:27:50.424909 socket(AF_NETLINK, SOCK_RAW, NETLINK_ROUTE) = 8
2023-05-18T12:27:50.425681132Z 12:27:50.425388 bind(8, {sa_family=AF_NETLINK, nl_pid=0, nl_groups=00000000}, 12) = 0
2023-05-18T12:27:50.426010459Z 12:27:50.425730 getsockname(8, {sa_family=AF_NETLINK, nl_pid=70, nl_groups=00000000}, [12]) = 0
2023-05-18T12:27:50.426642800Z 12:27:50.426045 sendto(8, {{len=20, type=RTM_GETADDR, flags=NLM_F_REQUEST|NLM_F_DUMP, seq=1684412870, pid=0}, {ifa_family=AF_UNSPEC, ...}}, 20, 0, {sa_family=AF_NETLINK, nl_pid=0, nl_groups=00000000}, 12) = 20
2023-05-18T12:27:50.427615148Z 12:27:50.426753 recvmsg(8, {msg_name={sa_family=AF_NETLINK, nl_pid=0, nl_groups=00000000}, msg_namelen=12, msg_iov=[{iov_base=[{{len=76, type=RTM_NEWADDR, flags=NLM_F_MULTI, seq=1684412870, pid=70}, {ifa_family=AF_INET, ifa_prefixlen=8, ifa_flags=IFA_F_PERMANENT, ifa_scope=RT_SCOPE_HOST, ifa_index=if_nametoindex("lo")}, [{{nla_len=8, nla_type=IFA_ADDRESS}, 127.0.0.1}, {{nla_len=8, nla_type=IFA_LOCAL}, 127.0.0.1}, {{nla_len=7, nla_type=IFA_LABEL}, "lo"}, {{nla_len=8, nla_type=IFA_FLAGS}, IFA_F_PERMANENT}, {{nla_len=20, nla_type=IFA_CACHEINFO}, {ifa_prefered=4294967295, ifa_valid=4294967295, cstamp=1861302, tstamp=1861302}}]}, {{len=88, type=RTM_NEWADDR, flags=NLM_F_MULTI, seq=1684412870, pid=70}, {ifa_family=AF_INET, ifa_prefixlen=24, ifa_flags=IFA_F_PERMANENT, ifa_scope=RT_SCOPE_UNIVERSE, ifa_index=if_nametoindex("eth0")}, [{{nla_len=8, nla_type=IFA_ADDRESS}, 10.24.2.6}, {{nla_len=8, nla_type=IFA_LOCAL}, 10.24.2.6}, {{nla_len=8, nla_type=IFA_BROADCAST}, 10.24.2.255}, {{nla_len=9, nla_type=IFA_LABEL}, "eth0"}, {{nla_len=8, nla_type=IFA_FLAGS}, IFA_F_PERMANENT}, {{nla_len=20, nla_type=IFA_CACHEINFO}, {ifa_prefered=4294967295, ifa_valid=4294967295, cstamp=1861304, tstamp=1861304}}]}], iov_len=4096}], msg_iovlen=1, msg_controllen=0, msg_flags=0}, 0) = 164
2023-05-18T12:27:50.427795534Z 12:27:50.427324 recvmsg(8, {msg_name={sa_family=AF_NETLINK, nl_pid=0, nl_groups=00000000}, msg_namelen=12, msg_iov=[{iov_base={{len=20, type=NLMSG_DONE, flags=NLM_F_MULTI, seq=1684412870, pid=70}, 0}, iov_len=4096}], msg_iovlen=1, msg_controllen=0, msg_flags=0}, 0) = 20
2023-05-18T12:27:50.428955028Z 12:27:50.428610 socket(AF_UNIX, SOCK_STREAM|SOCK_CLOEXEC|SOCK_NONBLOCK, 0) = 8
2023-05-18T12:27:50.429529810Z 12:27:50.429011 connect(8, {sa_family=AF_UNIX, sun_path="/var/run/nscd/socket"}, 110) = -1 ENOENT (No such file or directory)
2023-05-18T12:27:50.430680462Z 12:27:50.429611 socket(AF_UNIX, SOCK_STREAM|SOCK_CLOEXEC|SOCK_NONBLOCK, 0) = 8
2023-05-18T12:27:50.430695970Z 12:27:50.429891 connect(8, {sa_family=AF_UNIX, sun_path="/var/run/nscd/socket"}, 110) = -1 ENOENT (No such file or directory)
2023-05-18T12:27:50.431771770Z 12:27:50.431480 socket(AF_INET, SOCK_DGRAM|SOCK_CLOEXEC|SOCK_NONBLOCK, IPPROTO_IP) = 8
2023-05-18T12:27:50.432165493Z 12:27:50.431829 connect(8, {sa_family=AF_INET, sin_port=htons(53), sin_addr=inet_addr("169.254.169.254")}, 16) = 0
2023-05-18T12:27:50.432735831Z 12:27:50.432243 sendto(8, "\263-\1\0\0\1\0\0\0\0\0\0\rflux-sample-0\fflux-"..., 76, MSG_NOSIGNAL, NULL, 0) = 76
2023-05-18T12:27:50.437454622Z 12:27:50.436859 recvfrom(8, "\263-\201\203\0\1\0\0\0\1\0\0\rflux-sample-0\fflux-"..., 1024, 0, {sa_family=AF_INET, sin_port=htons(53), sin_addr=inet_addr("169.254.169.254")}, [28->16]) = 172
2023-05-18T12:27:50.438019822Z 12:27:50.437642 socket(AF_INET, SOCK_DGRAM|SOCK_CLOEXEC|SOCK_NONBLOCK, IPPROTO_IP) = 8
2023-05-18T12:27:50.438417210Z 12:27:50.438091 connect(8, {sa_family=AF_INET, sin_port=htons(53), sin_addr=inet_addr("169.254.169.254")}, 16) = 0
2023-05-18T12:27:50.438946588Z 12:27:50.438525 sendto(8, "kc\1\0\0\1\0\0\0\0\0\0\rflux-sample-0\fflux-"..., 108, MSG_NOSIGNAL, NULL, 0) = 108
2023-05-18T12:27:50.442634053Z 12:27:50.442243 recvfrom(8, "kc\201\203\0\1\0\0\0\1\0\0\rflux-sample-0\fflux-"..., 1024, 0, {sa_family=AF_INET, sin_port=htons(53), sin_addr=inet_addr("169.254.169.254")}, [28->16]) = 204
2023-05-18T12:27:50.443083516Z 12:27:50.442827 socket(AF_INET, SOCK_DGRAM|SOCK_CLOEXEC|SOCK_NONBLOCK, IPPROTO_IP) = 8
2023-05-18T12:27:50.443386595Z 12:27:50.443141 connect(8, {sa_family=AF_INET, sin_port=htons(53), sin_addr=inet_addr("169.254.169.254")}, 16) = 0
2023-05-18T12:27:50.443858622Z 12:27:50.443472 sendto(8, "8t\1\0\0\1\0\0\0\0\0\0\rflux-sample-0\fflux-"..., 94, MSG_NOSIGNAL, NULL, 0) = 94
2023-05-18T12:27:50.447591428Z 12:27:50.446950 recvfrom(8, "8t\201\203\0\1\0\0\0\1\0\0\rflux-sample-0\fflux-"..., 1024, 0, {sa_family=AF_INET, sin_port=htons(53), sin_addr=inet_addr("169.254.169.254")}, [28->16]) = 190
2023-05-18T12:27:50.447947268Z 12:27:50.447757 socket(AF_INET, SOCK_DGRAM|SOCK_CLOEXEC|SOCK_NONBLOCK, IPPROTO_IP) = 8
2023-05-18T12:27:50.448122477Z 12:27:50.447910 connect(8, {sa_family=AF_INET, sin_port=htons(53), sin_addr=inet_addr("169.254.169.254")}, 16) = 0
2023-05-18T12:27:50.448911537Z 12:27:50.448037 sendto(8, "y=\1\0\0\1\0\0\0\0\0\0\rflux-sample-0\fflux-"..., 90, MSG_NOSIGNAL, NULL, 0) = 90
2023-05-18T12:27:50.451766454Z 12:27:50.451296 recvfrom(8, "y=\201\203\0\1\0\0\0\1\0\0\rflux-sample-0\fflux-"..., 1024, 0, {sa_family=AF_INET, sin_port=htons(53), sin_addr=inet_addr("169.254.169.254")}, [28->16]) = 186
2023-05-18T12:27:50.452012249Z 12:27:50.451705 socket(AF_INET, SOCK_DGRAM|SOCK_CLOEXEC|SOCK_NONBLOCK, IPPROTO_IP) = 8
2023-05-18T12:27:50.452029070Z 12:27:50.451784 connect(8, {sa_family=AF_INET, sin_port=htons(53), sin_addr=inet_addr("169.254.169.254")}, 16) = 0
2023-05-18T12:27:50.452294434Z 12:27:50.451924 sendto(8, "w\341\1\0\0\1\0\0\0\0\0\0\rflux-sample-0\fflux-"..., 111, MSG_NOSIGNAL, NULL, 0) = 111
2023-05-18T12:27:50.460275896Z 12:27:50.459465 recvfrom(8, "w\341\201\203\0\1\0\0\0\1\0\0\rflux-sample-0\fflux-"..., 1024, 0, {sa_family=AF_INET, sin_port=htons(53), sin_addr=inet_addr("169.254.169.254")}, [28->16]) = 205
2023-05-18T12:27:50.460318220Z 12:27:50.459726 socket(AF_INET, SOCK_DGRAM|SOCK_CLOEXEC|SOCK_NONBLOCK, IPPROTO_IP) = 8
2023-05-18T12:27:50.460325031Z 12:27:50.459803 connect(8, {sa_family=AF_INET, sin_port=htons(53), sin_addr=inet_addr("169.254.169.254")}, 16) = 0
2023-05-18T12:27:50.460330457Z 12:27:50.459922 sendto(8, "\320^\1\0\0\1\0\0\0\0\0\0\rflux-sample-0\fflux-"..., 97, MSG_NOSIGNAL, NULL, 0) = 97
2023-05-18T12:27:50.467095611Z 12:27:50.466361 recvfrom(8, "\320^\201\203\0\1\0\0\0\1\0\0\rflux-sample-0\fflux-"..., 1024, 0, {sa_family=AF_INET, sin_port=htons(53), sin_addr=inet_addr("169.254.169.254")}, [28->16]) = 186
2023-05-18T12:27:50.467128050Z 12:27:50.466723 socket(AF_INET, SOCK_DGRAM|SOCK_CLOEXEC|SOCK_NONBLOCK, IPPROTO_IP) = 8
2023-05-18T12:27:50.467135224Z 12:27:50.466917 connect(8, {sa_family=AF_INET, sin_port=htons(53), sin_addr=inet_addr("169.254.169.254")}, 16) = 0
2023-05-18T12:27:50.467563192Z 12:27:50.467273 sendto(8, "\356\370\1\0\0\1\0\0\0\0\0\0\rflux-sample-0\fflux-"..., 92, MSG_NOSIGNAL, NULL, 0) = 92
2023-05-18T12:27:50.472887724Z 12:27:50.472537 recvfrom(8, "\356\370\201\203\0\1\0\0\0\1\0\0\rflux-sample-0\fflux-"..., 1024, 0, {sa_family=AF_INET, sin_port=htons(53), sin_addr=inet_addr("169.254.169.254")}, [28->16]) = 181
2023-05-18T12:27:50.473041814Z broker.err[3]: Warning: unable to resolve upstream peer flux-sample-0.flux-service.flux-operator.svc.cluster.local: Name or service not known
2023-05-18T12:27:50.480495382Z broker.info[3]: start: none->join 2.94ms
2023-05-18T12:27:51.337297942Z broker.info[3]: parent-ready: join->init 0.856457s
2023-05-18T12:27:51.338066928Z 12:27:51.337398 socketpair(AF_UNIX, SOCK_STREAM|SOCK_CLOEXEC, 0, [22, 23]) = 0
2023-05-18T12:27:51.338167188Z 12:27:51.337951 socketpair(AF_UNIX, SOCK_STREAM, 0, [24, 25]) = 0
2023-05-18T12:27:51.338693736Z 12:27:51.338499 socketpair(AF_UNIX, SOCK_STREAM, 0, [26, 27]) = 0
2023-05-18T12:27:51.339096885Z 12:27:51.338822 socketpair(AF_UNIX, SOCK_STREAM, 0, [28, 29]) = 0
2023-05-18T12:27:51.364927225Z broker.info[3]: configuration updated
2023-05-18T12:27:51.501164427Z broker.info[3]: rc1.0: running /etc/flux/rc1.d/01-sched-fluxion
2023-05-18T12:27:51.514271908Z broker.info[3]: rc1.0: running /etc/flux/rc1.d/02-cron
2023-05-18T12:27:51.548503378Z broker.info[3]: rc1.0: /etc/flux/rc1 Exited (rc=0) 0.2s
2023-05-18T12:27:51.549325730Z broker.info[3]: rc1-success: init->quorum 0.211748s
2023-05-18T12:27:51.775492517Z broker.info[3]: quorum-full: quorum->run 0.225836s
2023-05-18T12:27:52.421194255Z 12:27:52.420831 socketpair(AF_UNIX, SOCK_STREAM|SOCK_CLOEXEC, 0, [22, 23]) = 0
2023-05-18T12:27:52.421259112Z 12:27:52.421007 socketpair(AF_UNIX, SOCK_STREAM, 0, [24, 25]) = 0
2023-05-18T12:27:52.421394357Z 12:27:52.421232 socketpair(AF_UNIX, SOCK_STREAM, 0, [26, 28]) = 0
2023-05-18T12:27:52.421685035Z 12:27:52.421511 socketpair(AF_UNIX, SOCK_STREAM, 0, [58, 59]) = 0
2023-05-18T12:28:03.343137778Z broker.info[3]: shutdown: run->cleanup 11.5673s
2023-05-18T12:28:03.345877184Z broker.info[3]: cleanup-none: cleanup->shutdown 1.63289ms
2023-05-18T12:28:03.347708977Z broker.info[3]: children-none: shutdown->finalize 1.1562ms
2023-05-18T12:28:03.348610865Z 12:28:03.348282 socketpair(AF_UNIX, SOCK_STREAM|SOCK_CLOEXEC, 0, [22, 23]) = 0
2023-05-18T12:28:03.349224928Z 12:28:03.348909 socketpair(AF_UNIX, SOCK_STREAM, 0, [24, 25]) = 0
2023-05-18T12:28:03.349861412Z 12:28:03.349592 socketpair(AF_UNIX, SOCK_STREAM, 0, [26, 28]) = 0
2023-05-18T12:28:03.350282636Z 12:28:03.350057 socketpair(AF_UNIX, SOCK_STREAM, 0, [58, 59]) = 0
2023-05-18T12:28:03.374905009Z broker.info[3]: rc3.0: running /etc/flux/rc3.d/01-sched-fluxion
2023-05-18T12:28:03.531221644Z broker.info[3]: rc3.0: /etc/flux/rc3 Exited (rc=0) 0.2s
2023-05-18T12:28:03.533376777Z broker.info[3]: rc3-success: finalize->goodbye 0.184787s
2023-05-18T12:28:03.543022269Z broker.info[3]: goodbye: goodbye->exit 8.13326ms
2023-05-18T12:28:03.555138762Z 12:28:03.554794 +++ exited with 0 +++
2023-05-18T12:28:03.558223450Z Return value for follower worker is 0
2023-05-18T12:28:03.558350724Z The follower worker exited cleanly. Goodbye!
