2023-05-18T13:03:04.271972577Z
2023-05-18T13:03:04.272135803Z Flux username: flux
2023-05-18T13:03:04.272495270Z
2023-05-18T13:03:04.272514374Z Flux install root: /usr
2023-05-18T13:03:04.318642299Z flux user is already added.
2023-05-18T13:03:04.321630053Z flux user identifiers:
2023-05-18T13:03:04.321651403Z uid=1234(flux) gid=1234(flux) groups=1234(flux)
2023-05-18T13:03:04.321658074Z
2023-05-18T13:03:04.321664112Z As Flux prefix for flux commands: sudo -u flux -E PYTHONPATH=/opt/conda/lib/python3.10/site-packages -E PATH=/opt/conda/bin:/usr/local/sbin:/usr/local/bin:/usr/sbin:/usr/bin:/sbin:/bin -E LD_LIBRARY_PATH=/opt/conda/lib -E HOME=/home/flux
2023-05-18T13:03:04.329154090Z
2023-05-18T13:03:04.329358191Z ðŸ‘‹ Hello, I'm flux-sample-1
2023-05-18T13:03:04.329500118Z The main host is flux-sample-0
2023-05-18T13:03:04.329593330Z The working directory is /home/flux/examples/reaxff/HNS, contents include:
2023-05-18T13:03:04.331831070Z /home/flux/examples/reaxff/HNS:
2023-05-18T13:03:04.331987206Z README.txt	ffield.reax.hns  log.8Mar18.reaxc.hns.g++.1
2023-05-18T13:03:04.332000484Z data.hns-equil	in.reaxc.hns	 log.8Mar18.reaxc.hns.g++.4
2023-05-18T13:03:04.332313228Z End of file listing, if you see nothing above there are no files.
2023-05-18T13:03:04.334443010Z flux R encode --hosts=flux-sample-[0-3]
2023-05-18T13:03:04.348373353Z
2023-05-18T13:03:04.348397903Z ðŸ“¦ Resources
2023-05-18T13:03:04.350148591Z {"version": 1, "execution": {"R_lite": [{"rank": "0-3", "children": {"core": "0"}}], "starttime": 0.0, "expiration": 0.0, "nodelist": ["flux-sample-[0-3]"]}}
2023-05-18T13:03:04.350451005Z
2023-05-18T13:03:04.350470045Z ðŸ¸ Diagnostics: false
2023-05-18T13:03:04.350654074Z ðŸš©ï¸ Flux Option Flags defined
2023-05-18T13:03:04.354726678Z
2023-05-18T13:03:04.354746314Z ðŸ¦Š Independent Minister of Privilege
2023-05-18T13:03:04.355983987Z [exec]
2023-05-18T13:03:04.356001536Z allowed-users = [ "flux", "root" ]
2023-05-18T13:03:04.356009097Z allowed-shells = [ "/usr/libexec/flux/flux-shell" ]
2023-05-18T13:03:04.356267927Z
2023-05-18T13:03:04.356284859Z ðŸ¸ Broker Configuration
2023-05-18T13:03:04.357776192Z # Flux needs to know the path to the IMP executable
2023-05-18T13:03:04.357797281Z [exec]
2023-05-18T13:03:04.357805067Z imp = "/usr/libexec/flux/flux-imp"
2023-05-18T13:03:04.357811598Z
2023-05-18T13:03:04.357817948Z [access]
2023-05-18T13:03:04.357827189Z allow-guest-user = true
2023-05-18T13:03:04.357835266Z allow-root-owner = true
2023-05-18T13:03:04.357841816Z
2023-05-18T13:03:04.357848513Z # Point to resource definition generated with flux-R(1).
2023-05-18T13:03:04.357855658Z [resource]
2023-05-18T13:03:04.357862663Z path = "/etc/flux/system/R"
2023-05-18T13:03:04.357868721Z
2023-05-18T13:03:04.357875664Z [bootstrap]
2023-05-18T13:03:04.357883811Z curve_cert = "/etc/curve/curve.cert"
2023-05-18T13:03:04.357891737Z default_port = 8050
2023-05-18T13:03:04.357898396Z default_bind = "tcp://eth0:%p"
2023-05-18T13:03:04.357905688Z default_connect = "tcp://%h.flux-service.flux-operator.svc.cluster.local:%p"
2023-05-18T13:03:04.357912321Z hosts = [
2023-05-18T13:03:04.357919362Z 	{ host="flux-sample-[0-3]"},
2023-05-18T13:03:04.357926290Z ]
2023-05-18T13:03:04.357932326Z
2023-05-18T13:03:04.357940015Z [archive]
2023-05-18T13:03:04.357947839Z dbpath = "/var/lib/flux/job-archive.sqlite"
2023-05-18T13:03:04.357954663Z period = "1m"
2023-05-18T13:03:04.431829966Z busytimeout = "50s"
2023-05-18T13:03:04.431854536Z ðŸ§Šï¸ State Directory:
2023-05-18T13:03:04.431860501Z total 0
2023-05-18T13:03:04.431866062Z
2023-05-18T13:03:04.434575629Z
2023-05-18T13:03:04.434597774Z ðŸ”’ï¸ Working directory permissions:
2023-05-18T13:03:04.434603655Z total 96
2023-05-18T13:03:04.434609634Z -rwxrwxrwx 1 flux root  2517 May 17 22:32 README.txt
2023-05-18T13:03:04.434614458Z -rwxrwxrwx 1 flux root 54692 May 17 22:32 data.hns-equil
2023-05-18T13:03:04.434777707Z -rwxrwxrwx 1 flux root 13576 May 17 22:32 ffield.reax.hns
2023-05-18T13:03:04.434789531Z -rwxrwxrwx 1 flux root   870 May 17 22:32 in.reaxc.hns
2023-05-18T13:03:04.434795181Z -rwxrwxrwx 1 flux root  4172 May 17 22:32 log.8Mar18.reaxc.hns.g++.1
2023-05-18T13:03:04.434800902Z -rwxrwxrwx 1 flux root  4168 May 17 22:32 log.8Mar18.reaxc.hns.g++.4
2023-05-18T13:03:04.434805225Z
2023-05-18T13:03:04.434809584Z
2023-05-18T13:03:04.434815059Z âœ¨ Curve certificate generated by helper pod
2023-05-18T13:03:04.436412186Z #   ****  Generated on 2023-04-26 22:54:42 by CZMQ  ****
2023-05-18T13:03:04.436429734Z #   ZeroMQ CURVE **Secret** Certificate
2023-05-18T13:03:04.436441774Z #   DO NOT PROVIDE THIS FILE TO OTHER USERS nor change its permissions.
2023-05-18T13:03:04.436447237Z
2023-05-18T13:03:04.436454442Z metadata
2023-05-18T13:03:04.436460584Z     name = "flux-cert-generator"
2023-05-18T13:03:04.436465682Z     keygen.hostname = "flux-sample-0"
2023-05-18T13:03:04.436470249Z curve
2023-05-18T13:03:04.436475590Z     public-key = "%bu*iNGvL)LI]bDk]*R3wE3/2Rub8?@A-zSj8)b*"
2023-05-18T13:03:04.436480429Z     secret-key = "xv9@>(>P8lv8zZ-Gb8uO]](N#kOh2jyjEdh>Pyx]"
2023-05-18T13:03:04.438891891Z
2023-05-18T13:03:04.438910887Z ðŸŒ€  flux start --wrap=strace,-e,network,-tt -o --config /etc/flux/config -Scron.directory=/etc/flux/system/cron.d   -Stbon.fanout=256   -Srundir=/run/flux    -Sstatedir=/var/lib/flux   -Slocal-uri=local:///run/flux/local -Stbon.connect_timeout=6s  -Stbon.zmqdebug=1  -Slog-stderr-level=6    -Slog-stderr-mode=local
2023-05-18T13:03:04.482157855Z 13:03:04.478324 socket(AF_NETLINK, SOCK_RAW, NETLINK_ROUTE) = 8
2023-05-18T13:03:04.482203338Z 13:03:04.478432 bind(8, {sa_family=AF_NETLINK, nl_pid=0, nl_groups=00000000}, 12) = 0
2023-05-18T13:03:04.482210892Z 13:03:04.478512 getsockname(8, {sa_family=AF_NETLINK, nl_pid=70, nl_groups=00000000}, [12]) = 0
2023-05-18T13:03:04.482216094Z 13:03:04.478590 sendto(8, {{len=20, type=RTM_GETADDR, flags=NLM_F_REQUEST|NLM_F_DUMP, seq=1684414984, pid=0}, {ifa_family=AF_UNSPEC, ...}}, 20, 0, {sa_family=AF_NETLINK, nl_pid=0, nl_groups=00000000}, 12) = 20
2023-05-18T13:03:04.482258639Z 13:03:04.478826 recvmsg(8, {msg_name={sa_family=AF_NETLINK, nl_pid=0, nl_groups=00000000}, msg_namelen=12, msg_iov=[{iov_base=[{{len=76, type=RTM_NEWADDR, flags=NLM_F_MULTI, seq=1684414984, pid=70}, {ifa_family=AF_INET, ifa_prefixlen=8, ifa_flags=IFA_F_PERMANENT, ifa_scope=RT_SCOPE_HOST, ifa_index=if_nametoindex("lo")}, [{{nla_len=8, nla_type=IFA_ADDRESS}, 127.0.0.1}, {{nla_len=8, nla_type=IFA_LOCAL}, 127.0.0.1}, {{nla_len=7, nla_type=IFA_LABEL}, "lo"}, {{nla_len=8, nla_type=IFA_FLAGS}, IFA_F_PERMANENT}, {{nla_len=20, nla_type=IFA_CACHEINFO}, {ifa_prefered=4294967295, ifa_valid=4294967295, cstamp=2072955, tstamp=2072955}}]}, {{len=88, type=RTM_NEWADDR, flags=NLM_F_MULTI, seq=1684414984, pid=70}, {ifa_family=AF_INET, ifa_prefixlen=24, ifa_flags=IFA_F_PERMANENT, ifa_scope=RT_SCOPE_UNIVERSE, ifa_index=if_nametoindex("eth0")}, [{{nla_len=8, nla_type=IFA_ADDRESS}, 10.24.0.107}, {{nla_len=8, nla_type=IFA_LOCAL}, 10.24.0.107}, {{nla_len=8, nla_type=IFA_BROADCAST}, 10.24.0.255}, {{nla_len=9, nla_type=IFA_LABEL}, "eth0"}, {{nla_len=8, nla_type=IFA_FLAGS}, IFA_F_PERMANENT}, {{nla_len=20, nla_type=IFA_CACHEINFO}, {ifa_prefered=4294967295, ifa_valid=4294967295, cstamp=2072958, tstamp=2072958}}]}], iov_len=4096}], msg_iovlen=1, msg_controllen=0, msg_flags=0}, 0) = 164
2023-05-18T13:03:04.482271642Z 13:03:04.479124 recvmsg(8, {msg_name={sa_family=AF_NETLINK, nl_pid=0, nl_groups=00000000}, msg_namelen=12, msg_iov=[{iov_base={{len=20, type=NLMSG_DONE, flags=NLM_F_MULTI, seq=1684414984, pid=70}, 0}, iov_len=4096}], msg_iovlen=1, msg_controllen=0, msg_flags=0}, 0) = 20
2023-05-18T13:03:04.482288822Z 13:03:04.479706 socket(AF_UNIX, SOCK_STREAM|SOCK_CLOEXEC|SOCK_NONBLOCK, 0) = 8
2023-05-18T13:03:04.482294340Z 13:03:04.479780 connect(8, {sa_family=AF_UNIX, sun_path="/var/run/nscd/socket"}, 110) = -1 ENOENT (No such file or directory)
2023-05-18T13:03:04.482299096Z 13:03:04.479898 socket(AF_UNIX, SOCK_STREAM|SOCK_CLOEXEC|SOCK_NONBLOCK, 0) = 8
2023-05-18T13:03:04.482304161Z 13:03:04.479961 connect(8, {sa_family=AF_UNIX, sun_path="/var/run/nscd/socket"}, 110) = -1 ENOENT (No such file or directory)
2023-05-18T13:03:04.482311066Z 13:03:04.481393 socket(AF_INET, SOCK_DGRAM|SOCK_CLOEXEC|SOCK_NONBLOCK, IPPROTO_IP) = 8
2023-05-18T13:03:04.482316986Z 13:03:04.481473 connect(8, {sa_family=AF_INET, sin_port=htons(53), sin_addr=inet_addr("169.254.169.254")}, 16) = 0
2023-05-18T13:03:04.482322377Z 13:03:04.481596 sendto(8, "EQ\1\0\0\1\0\0\0\0\0\0\rflux-sample-0\fflux-"..., 76, MSG_NOSIGNAL, NULL, 0) = 76
2023-05-18T13:03:04.485648280Z 13:03:04.484963 recvfrom(8, "EQ\201\203\0\1\0\0\0\1\0\0\rflux-sample-0\fflux-"..., 1024, 0, {sa_family=AF_INET, sin_port=htons(53), sin_addr=inet_addr("169.254.169.254")}, [28->16]) = 172
2023-05-18T13:03:04.485667776Z 13:03:04.485131 socket(AF_INET, SOCK_DGRAM|SOCK_CLOEXEC|SOCK_NONBLOCK, IPPROTO_IP) = 8
2023-05-18T13:03:04.485675193Z 13:03:04.485205 connect(8, {sa_family=AF_INET, sin_port=htons(53), sin_addr=inet_addr("169.254.169.254")}, 16) = 0
2023-05-18T13:03:04.485680230Z 13:03:04.485323 sendto(8, "S\264\1\0\0\1\0\0\0\0\0\0\rflux-sample-0\fflux-"..., 108, MSG_NOSIGNAL, NULL, 0) = 108
2023-05-18T13:03:04.491626735Z 13:03:04.488638 recvfrom(8, "S\264\201\203\0\1\0\0\0\1\0\0\rflux-sample-0\fflux-"..., 1024, 0, {sa_family=AF_INET, sin_port=htons(53), sin_addr=inet_addr("169.254.169.254")}, [28->16]) = 204
2023-05-18T13:03:04.491649025Z 13:03:04.488802 socket(AF_INET, SOCK_DGRAM|SOCK_CLOEXEC|SOCK_NONBLOCK, IPPROTO_IP) = 8
2023-05-18T13:03:04.491657640Z 13:03:04.488873 connect(8, {sa_family=AF_INET, sin_port=htons(53), sin_addr=inet_addr("169.254.169.254")}, 16) = 0
2023-05-18T13:03:04.491665460Z 13:03:04.488977 sendto(8, "%\216\1\0\0\1\0\0\0\0\0\0\rflux-sample-0\fflux-"..., 94, MSG_NOSIGNAL, NULL, 0) = 94
2023-05-18T13:03:04.493551757Z 13:03:04.492768 recvfrom(8, "%\216\201\203\0\1\0\0\0\1\0\0\rflux-sample-0\fflux-"..., 1024, 0, {sa_family=AF_INET, sin_port=htons(53), sin_addr=inet_addr("169.254.169.254")}, [28->16]) = 190
2023-05-18T13:03:04.493572905Z 13:03:04.492945 socket(AF_INET, SOCK_DGRAM|SOCK_CLOEXEC|SOCK_NONBLOCK, IPPROTO_IP) = 8
2023-05-18T13:03:04.493581414Z 13:03:04.493021 connect(8, {sa_family=AF_INET, sin_port=htons(53), sin_addr=inet_addr("169.254.169.254")}, 16) = 0
2023-05-18T13:03:04.493588274Z 13:03:04.493134 sendto(8, "\250\342\1\0\0\1\0\0\0\0\0\0\rflux-sample-0\fflux-"..., 90, MSG_NOSIGNAL, NULL, 0) = 90
2023-05-18T13:03:04.496480458Z 13:03:04.495768 recvfrom(8, "\250\342\201\203\0\1\0\0\0\1\0\0\rflux-sample-0\fflux-"..., 1024, 0, {sa_family=AF_INET, sin_port=htons(53), sin_addr=inet_addr("169.254.169.254")}, [28->16]) = 186
2023-05-18T13:03:04.496500591Z 13:03:04.495938 socket(AF_INET, SOCK_DGRAM|SOCK_CLOEXEC|SOCK_NONBLOCK, IPPROTO_IP) = 8
2023-05-18T13:03:04.496508395Z 13:03:04.496011 connect(8, {sa_family=AF_INET, sin_port=htons(53), sin_addr=inet_addr("169.254.169.254")}, 16) = 0
2023-05-18T13:03:04.496515590Z 13:03:04.496119 sendto(8, "\20\352\1\0\0\1\0\0\0\0\0\0\rflux-sample-0\fflux-"..., 111, MSG_NOSIGNAL, NULL, 0) = 111
2023-05-18T13:03:04.502131457Z 13:03:04.501418 recvfrom(8, "\20\352\201\203\0\1\0\0\0\1\0\0\rflux-sample-0\fflux-"..., 1024, 0, {sa_family=AF_INET, sin_port=htons(53), sin_addr=inet_addr("169.254.169.254")}, [28->16]) = 205
2023-05-18T13:03:04.502166036Z 13:03:04.501586 socket(AF_INET, SOCK_DGRAM|SOCK_CLOEXEC|SOCK_NONBLOCK, IPPROTO_IP) = 8
2023-05-18T13:03:04.502174378Z 13:03:04.501668 connect(8, {sa_family=AF_INET, sin_port=htons(53), sin_addr=inet_addr("169.254.169.254")}, 16) = 0
2023-05-18T13:03:04.502182135Z 13:03:04.501783 sendto(8, "J\34\1\0\0\1\0\0\0\0\0\0\rflux-sample-0\fflux-"..., 97, MSG_NOSIGNAL, NULL, 0) = 97
2023-05-18T13:03:04.508940145Z 13:03:04.508260 recvfrom(8, "J\34\201\203\0\1\0\0\0\1\0\0\rflux-sample-0\fflux-"..., 1024, 0, {sa_family=AF_INET, sin_port=htons(53), sin_addr=inet_addr("169.254.169.254")}, [28->16]) = 186
2023-05-18T13:03:04.508958908Z 13:03:04.508420 socket(AF_INET, SOCK_DGRAM|SOCK_CLOEXEC|SOCK_NONBLOCK, IPPROTO_IP) = 8
2023-05-18T13:03:04.508965068Z 13:03:04.508484 connect(8, {sa_family=AF_INET, sin_port=htons(53), sin_addr=inet_addr("169.254.169.254")}, 16) = 0
2023-05-18T13:03:04.508970810Z 13:03:04.508578 sendto(8, ",\374\1\0\0\1\0\0\0\0\0\0\rflux-sample-0\fflux-"..., 92, MSG_NOSIGNAL, NULL, 0) = 92
2023-05-18T13:03:04.515353661Z 13:03:04.514321 recvfrom(8, ",\374\201\203\0\1\0\0\0\1\0\0\rflux-sample-0\fflux-"..., 1024, 0, {sa_family=AF_INET, sin_port=htons(53), sin_addr=inet_addr("169.254.169.254")}, [28->16]) = 181
2023-05-18T13:03:04.515372119Z broker.err[1]: Warning: unable to resolve upstream peer flux-sample-0.flux-service.flux-operator.svc.cluster.local: Name or service not known
2023-05-18T13:03:04.520839358Z broker.info[1]: start: none->join 2.48652ms
2023-05-18T13:03:06.044698981Z broker.info[1]: parent-ready: join->init 1.52336s
2023-05-18T13:03:06.045304466Z 13:03:06.044808 socketpair(AF_UNIX, SOCK_STREAM|SOCK_CLOEXEC, 0, [22, 23]) = 0
2023-05-18T13:03:06.045767954Z 13:03:06.045400 socketpair(AF_UNIX, SOCK_STREAM, 0, [24, 25]) = 0
2023-05-18T13:03:06.046130737Z 13:03:06.045835 socketpair(AF_UNIX, SOCK_STREAM, 0, [26, 27]) = 0
2023-05-18T13:03:06.046624170Z 13:03:06.046303 socketpair(AF_UNIX, SOCK_STREAM, 0, [28, 29]) = 0
2023-05-18T13:03:06.071881341Z broker.info[1]: configuration updated
2023-05-18T13:03:06.197225340Z broker.info[1]: rc1.0: running /etc/flux/rc1.d/01-sched-fluxion
2023-05-18T13:03:06.209015089Z broker.info[1]: rc1.0: running /etc/flux/rc1.d/02-cron
2023-05-18T13:03:06.231169569Z broker.info[1]: rc1.0: /etc/flux/rc1 Exited (rc=0) 0.2s
2023-05-18T13:03:06.232050822Z broker.info[1]: rc1-success: init->quorum 0.187046s
2023-05-18T13:03:06.447137195Z broker.info[1]: quorum-full: quorum->run 0.214803s
2023-05-18T13:03:18.291766725Z broker.info[1]: shutdown: run->cleanup 11.8444s
2023-05-18T13:03:18.292701517Z broker.info[1]: cleanup-none: cleanup->shutdown 0.868346ms
2023-05-18T13:03:18.295815924Z broker.info[1]: children-none: shutdown->finalize 2.48923ms
2023-05-18T13:03:18.296336101Z 13:03:18.295913 socketpair(AF_UNIX, SOCK_STREAM|SOCK_CLOEXEC, 0, [22, 23]) = 0
2023-05-18T13:03:18.296406776Z 13:03:18.296102 socketpair(AF_UNIX, SOCK_STREAM, 0, [24, 25]) = 0
2023-05-18T13:03:18.296791949Z 13:03:18.296342 socketpair(AF_UNIX, SOCK_STREAM, 0, [26, 28]) = 0
2023-05-18T13:03:18.296997116Z 13:03:18.296545 socketpair(AF_UNIX, SOCK_STREAM, 0, [58, 59]) = 0
2023-05-18T13:03:18.314167439Z broker.info[1]: rc3.0: running /etc/flux/rc3.d/01-sched-fluxion
2023-05-18T13:03:18.432372605Z broker.info[1]: rc3.0: /etc/flux/rc3 Exited (rc=0) 0.1s
2023-05-18T13:03:18.433766685Z broker.info[1]: rc3-success: finalize->goodbye 0.137661s
2023-05-18T13:03:18.435364853Z broker.info[1]: goodbye: goodbye->exit 1.0111ms
2023-05-18T13:03:18.453502754Z 13:03:18.453317 +++ exited with 0 +++
2023-05-18T13:03:18.454851081Z Return value for follower worker is 0
2023-05-18T13:03:18.455047014Z The follower worker exited cleanly. Goodbye!
