2023-05-18T07:41:41.665848595Z
2023-05-18T07:41:41.665899551Z Flux username: flux
2023-05-18T07:41:41.665908511Z
2023-05-18T07:41:41.665914760Z Flux install root: /usr
2023-05-18T07:41:41.713469335Z flux user is already added.
2023-05-18T07:41:41.717476216Z flux user identifiers:
2023-05-18T07:41:41.717512262Z uid=1234(flux) gid=1234(flux) groups=1234(flux)
2023-05-18T07:41:41.717518010Z
2023-05-18T07:41:41.717526529Z As Flux prefix for flux commands: sudo -u flux -E PYTHONPATH=/opt/conda/lib/python3.10/site-packages -E PATH=/opt/conda/bin:/usr/local/sbin:/usr/local/bin:/usr/sbin:/usr/bin:/sbin:/bin -E LD_LIBRARY_PATH=/opt/conda/lib -E HOME=/home/flux
2023-05-18T07:41:41.724711516Z
2023-05-18T07:41:41.724792395Z 👋 Hello, I'm flux-sample-2
2023-05-18T07:41:41.724801579Z The main host is flux-sample-0
2023-05-18T07:41:41.724874212Z The working directory is /home/flux/examples/reaxff/HNS, contents include:
2023-05-18T07:41:41.726579511Z /home/flux/examples/reaxff/HNS:
2023-05-18T07:41:41.726599138Z README.txt	ffield.reax.hns  log.8Mar18.reaxc.hns.g++.1
2023-05-18T07:41:41.726606801Z data.hns-equil	in.reaxc.hns	 log.8Mar18.reaxc.hns.g++.4
2023-05-18T07:41:41.726840972Z End of file listing, if you see nothing above there are no files.
2023-05-18T07:41:41.728893909Z flux R encode --hosts=flux-sample-[0-3]
2023-05-18T07:41:41.743592019Z
2023-05-18T07:41:41.743623483Z 📦 Resources
2023-05-18T07:41:41.745340704Z {"version": 1, "execution": {"R_lite": [{"rank": "0-3", "children": {"core": "0"}}], "starttime": 0.0, "expiration": 0.0, "nodelist": ["flux-sample-[0-3]"]}}
2023-05-18T07:41:41.745614991Z
2023-05-18T07:41:41.745632779Z 🐸 Diagnostics: false
2023-05-18T07:41:41.746106379Z 🚩️ Flux Option Flags defined
2023-05-18T07:41:41.751357967Z
2023-05-18T07:41:41.751383483Z 🦊 Independent Minister of Privilege
2023-05-18T07:41:41.752842111Z [exec]
2023-05-18T07:41:41.752860654Z allowed-users = [ "flux", "root" ]
2023-05-18T07:41:41.752866910Z allowed-shells = [ "/usr/libexec/flux/flux-shell" ]
2023-05-18T07:41:41.753096040Z
2023-05-18T07:41:41.753111572Z 🐸 Broker Configuration
2023-05-18T07:41:41.754448938Z # Flux needs to know the path to the IMP executable
2023-05-18T07:41:41.754466466Z [exec]
2023-05-18T07:41:41.754473334Z imp = "/usr/libexec/flux/flux-imp"
2023-05-18T07:41:41.754478006Z
2023-05-18T07:41:41.754482628Z [access]
2023-05-18T07:41:41.754487958Z allow-guest-user = true
2023-05-18T07:41:41.754501854Z allow-root-owner = true
2023-05-18T07:41:41.754506945Z
2023-05-18T07:41:41.754511589Z # Point to resource definition generated with flux-R(1).
2023-05-18T07:41:41.754523156Z [resource]
2023-05-18T07:41:41.754530059Z path = "/etc/flux/system/R"
2023-05-18T07:41:41.754534835Z
2023-05-18T07:41:41.754547864Z [bootstrap]
2023-05-18T07:41:41.754552905Z curve_cert = "/etc/curve/curve.cert"
2023-05-18T07:41:41.754557568Z default_port = 8050
2023-05-18T07:41:41.754562290Z default_bind = "tcp://eth0:%p"
2023-05-18T07:41:41.754567695Z default_connect = "tcp://%h.flux-service.flux-operator.svc.cluster.local:%p"
2023-05-18T07:41:41.754574632Z hosts = [
2023-05-18T07:41:41.754580117Z 	{ host="flux-sample-[0-3]"},
2023-05-18T07:41:41.754584915Z ]
2023-05-18T07:41:41.754589380Z
2023-05-18T07:41:41.754594022Z [archive]
2023-05-18T07:41:41.754598732Z dbpath = "/var/lib/flux/job-archive.sqlite"
2023-05-18T07:41:41.754603201Z period = "1m"
2023-05-18T07:41:41.839925298Z busytimeout = "50s"
2023-05-18T07:41:41.839961667Z 🧊️ State Directory:
2023-05-18T07:41:41.839969952Z total 0
2023-05-18T07:41:41.839976072Z
2023-05-18T07:41:41.843552401Z
2023-05-18T07:41:41.843583148Z 🔒️ Working directory permissions:
2023-05-18T07:41:41.843589456Z total 96
2023-05-18T07:41:41.843596980Z -rwxrwxrwx 1 flux root  2517 May 17 22:32 README.txt
2023-05-18T07:41:41.843602877Z -rwxrwxrwx 1 flux root 54692 May 17 22:32 data.hns-equil
2023-05-18T07:41:41.843608286Z -rwxrwxrwx 1 flux root 13576 May 17 22:32 ffield.reax.hns
2023-05-18T07:41:41.843613669Z -rwxrwxrwx 1 flux root   870 May 17 22:32 in.reaxc.hns
2023-05-18T07:41:41.843619359Z -rwxrwxrwx 1 flux root  4172 May 17 22:32 log.8Mar18.reaxc.hns.g++.1
2023-05-18T07:41:41.843624990Z -rwxrwxrwx 1 flux root  4168 May 17 22:32 log.8Mar18.reaxc.hns.g++.4
2023-05-18T07:41:41.843629691Z
2023-05-18T07:41:41.843819190Z
2023-05-18T07:41:41.843836655Z ✨ Curve certificate generated by helper pod
2023-05-18T07:41:41.845206870Z #   ****  Generated on 2023-04-26 22:54:42 by CZMQ  ****
2023-05-18T07:41:41.845226072Z #   ZeroMQ CURVE **Secret** Certificate
2023-05-18T07:41:41.845234211Z #   DO NOT PROVIDE THIS FILE TO OTHER USERS nor change its permissions.
2023-05-18T07:41:41.845240842Z
2023-05-18T07:41:41.845246313Z metadata
2023-05-18T07:41:41.845251804Z     name = "flux-cert-generator"
2023-05-18T07:41:41.845256724Z     keygen.hostname = "flux-sample-0"
2023-05-18T07:41:41.845261513Z curve
2023-05-18T07:41:41.845266504Z     public-key = "Z=@%E]*oC:JDhA!YVAI?aE{%jsu8!]W1a6W@BmDj"
2023-05-18T07:41:41.845271595Z     secret-key = "T<q(7uK8]uCq(m.2@n$!!4X3!s<C0n1uO+UE60I*"
2023-05-18T07:41:41.847460713Z
2023-05-18T07:41:41.847481590Z 🌀  flux start --wrap=strace,-e,network,-tt -o --config /etc/flux/config -Scron.directory=/etc/flux/system/cron.d   -Stbon.fanout=256   -Srundir=/run/flux    -Sstatedir=/var/lib/flux   -Slocal-uri=local:///run/flux/local -Stbon.connect_timeout=2s  -Stbon.zmqdebug=1  -Slog-stderr-level=6    -Slog-stderr-mode=local
2023-05-18T07:41:41.889525427Z 07:41:41.889045 socket(AF_NETLINK, SOCK_RAW, NETLINK_ROUTE) = 8
2023-05-18T07:41:41.889929483Z 07:41:41.889629 bind(8, {sa_family=AF_NETLINK, nl_pid=0, nl_groups=00000000}, 12) = 0
2023-05-18T07:41:41.890257078Z 07:41:41.889979 getsockname(8, {sa_family=AF_NETLINK, nl_pid=70, nl_groups=00000000}, [12]) = 0
2023-05-18T07:41:41.890773680Z 07:41:41.890308 sendto(8, {{len=20, type=RTM_GETADDR, flags=NLM_F_REQUEST|NLM_F_DUMP, seq=1684395701, pid=0}, {ifa_family=AF_UNSPEC, ...}}, 20, 0, {sa_family=AF_NETLINK, nl_pid=0, nl_groups=00000000}, 12) = 20
2023-05-18T07:41:41.891372954Z 07:41:41.890869 recvmsg(8, {msg_name={sa_family=AF_NETLINK, nl_pid=0, nl_groups=00000000}, msg_namelen=12, msg_iov=[{iov_base=[{{len=76, type=RTM_NEWADDR, flags=NLM_F_MULTI, seq=1684395701, pid=70}, {ifa_family=AF_INET, ifa_prefixlen=8, ifa_flags=IFA_F_PERMANENT, ifa_scope=RT_SCOPE_HOST, ifa_index=if_nametoindex("lo")}, [{{nla_len=8, nla_type=IFA_ADDRESS}, 127.0.0.1}, {{nla_len=8, nla_type=IFA_LOCAL}, 127.0.0.1}, {{nla_len=7, nla_type=IFA_LABEL}, "lo"}, {{nla_len=8, nla_type=IFA_FLAGS}, IFA_F_PERMANENT}, {{nla_len=20, nla_type=IFA_CACHEINFO}, {ifa_prefered=4294967295, ifa_valid=4294967295, cstamp=144480, tstamp=144480}}]}, {{len=88, type=RTM_NEWADDR, flags=NLM_F_MULTI, seq=1684395701, pid=70}, {ifa_family=AF_INET, ifa_prefixlen=24, ifa_flags=IFA_F_PERMANENT, ifa_scope=RT_SCOPE_UNIVERSE, ifa_index=if_nametoindex("eth0")}, [{{nla_len=8, nla_type=IFA_ADDRESS}, 10.24.1.47}, {{nla_len=8, nla_type=IFA_LOCAL}, 10.24.1.47}, {{nla_len=8, nla_type=IFA_BROADCAST}, 10.24.1.255}, {{nla_len=9, nla_type=IFA_LABEL}, "eth0"}, {{nla_len=8, nla_type=IFA_FLAGS}, IFA_F_PERMANENT}, {{nla_len=20, nla_type=IFA_CACHEINFO}, {ifa_prefered=4294967295, ifa_valid=4294967295, cstamp=144482, tstamp=144482}}]}], iov_len=4096}], msg_iovlen=1, msg_controllen=0, msg_flags=0}, 0) = 164
2023-05-18T07:41:41.891831139Z 07:41:41.891470 recvmsg(8, {msg_name={sa_family=AF_NETLINK, nl_pid=0, nl_groups=00000000}, msg_namelen=12, msg_iov=[{iov_base={{len=20, type=NLMSG_DONE, flags=NLM_F_MULTI, seq=1684395701, pid=70}, 0}, iov_len=4096}], msg_iovlen=1, msg_controllen=0, msg_flags=0}, 0) = 20
2023-05-18T07:41:41.892802398Z 07:41:41.892523 socket(AF_UNIX, SOCK_STREAM|SOCK_CLOEXEC|SOCK_NONBLOCK, 0) = 8
2023-05-18T07:41:41.893129239Z 07:41:41.892849 connect(8, {sa_family=AF_UNIX, sun_path="/var/run/nscd/socket"}, 110) = -1 ENOENT (No such file or directory)
2023-05-18T07:41:41.893477520Z 07:41:41.893238 socket(AF_UNIX, SOCK_STREAM|SOCK_CLOEXEC|SOCK_NONBLOCK, 0) = 8
2023-05-18T07:41:41.893776712Z 07:41:41.893520 connect(8, {sa_family=AF_UNIX, sun_path="/var/run/nscd/socket"}, 110) = -1 ENOENT (No such file or directory)
2023-05-18T07:41:41.895758481Z 07:41:41.895521 socket(AF_INET, SOCK_DGRAM|SOCK_CLOEXEC|SOCK_NONBLOCK, IPPROTO_IP) = 8
2023-05-18T07:41:41.896029811Z 07:41:41.895795 connect(8, {sa_family=AF_INET, sin_port=htons(53), sin_addr=inet_addr("169.254.169.254")}, 16) = 0
2023-05-18T07:41:41.896358489Z 07:41:41.895981 sendto(8, "\276\301\1\0\0\1\0\0\0\0\0\0\rflux-sample-0\fflux-"..., 76, MSG_NOSIGNAL, NULL, 0) = 76
2023-05-18T07:41:41.900175866Z 07:41:41.899927 recvfrom(8, "\276\301\201\200\0\1\0\1\0\0\0\0\rflux-sample-0\fflux-"..., 1024, 0, {sa_family=AF_INET, sin_port=htons(53), sin_addr=inet_addr("169.254.169.254")}, [28->16]) = 92
2023-05-18T07:41:41.905982651Z broker.info[2]: start: none->join 1.97273ms
2023-05-18T07:41:44.072444782Z broker.info[2]: parent-ready: join->init 2.16619s
2023-05-18T07:41:44.072683676Z 07:41:44.072351 socketpair(AF_UNIX, SOCK_STREAM|SOCK_CLOEXEC, 0, [22, 23]) = 0
2023-05-18T07:41:44.072699077Z 07:41:44.072484 socketpair(AF_UNIX, SOCK_STREAM, 0, [24, 25]) = 0
2023-05-18T07:41:44.072977972Z 07:41:44.072720 socketpair(AF_UNIX, SOCK_STREAM, 0, [26, 27]) = 0
2023-05-18T07:41:44.073217668Z 07:41:44.072975 socketpair(AF_UNIX, SOCK_STREAM, 0, [28, 29]) = 0
2023-05-18T07:41:44.099558742Z broker.info[2]: configuration updated
2023-05-18T07:41:44.248328603Z broker.info[2]: rc1.0: running /etc/flux/rc1.d/01-sched-fluxion
2023-05-18T07:41:44.260877420Z broker.info[2]: rc1.0: running /etc/flux/rc1.d/02-cron
2023-05-18T07:41:44.285918341Z broker.info[2]: rc1.0: /etc/flux/rc1 Exited (rc=0) 0.2s
2023-05-18T07:41:44.286888166Z broker.info[2]: rc1-success: init->quorum 0.214383s
2023-05-18T07:41:44.503222299Z broker.info[2]: quorum-full: quorum->run 0.215712s
2023-05-18T07:41:55.147295539Z broker.info[2]: shutdown: run->cleanup 10.6439s
2023-05-18T07:41:55.148680822Z broker.info[2]: cleanup-none: cleanup->shutdown 1.09691ms
2023-05-18T07:41:55.149981435Z broker.info[2]: children-none: shutdown->finalize 1.09694ms
2023-05-18T07:41:55.150649068Z 07:41:55.150247 socketpair(AF_UNIX, SOCK_STREAM|SOCK_CLOEXEC, 0, [22, 23]) = 0
2023-05-18T07:41:55.150857527Z 07:41:55.150631 socketpair(AF_UNIX, SOCK_STREAM, 0, [24, 25]) = 0
2023-05-18T07:41:55.151180855Z 07:41:55.150988 socketpair(AF_UNIX, SOCK_STREAM, 0, [26, 28]) = 0
2023-05-18T07:41:55.151474967Z 07:41:55.151271 socketpair(AF_UNIX, SOCK_STREAM, 0, [58, 59]) = 0
2023-05-18T07:41:55.170332149Z broker.info[2]: rc3.0: running /etc/flux/rc3.d/01-sched-fluxion
2023-05-18T07:41:55.293227387Z broker.info[2]: rc3.0: /etc/flux/rc3 Exited (rc=0) 0.1s
2023-05-18T07:41:55.294129211Z broker.info[2]: rc3-success: finalize->goodbye 0.143717s
2023-05-18T07:41:55.295768941Z broker.info[2]: goodbye: goodbye->exit 1.04852ms
2023-05-18T07:41:55.304179296Z 07:41:55.303980 +++ exited with 0 +++
2023-05-18T07:41:55.305434878Z Return value for follower worker is 0
2023-05-18T07:41:55.305580744Z The follower worker exited cleanly. Goodbye!
