2023-05-18T08:32:44.106757553Z
2023-05-18T08:32:44.106801128Z Flux username: flux
2023-05-18T08:32:44.106807921Z
2023-05-18T08:32:44.106813223Z Flux install root: /usr
2023-05-18T08:32:44.150773108Z flux user is already added.
2023-05-18T08:32:44.154525870Z flux user identifiers:
2023-05-18T08:32:44.154547156Z uid=1234(flux) gid=1234(flux) groups=1234(flux)
2023-05-18T08:32:44.154554745Z
2023-05-18T08:32:44.154561907Z As Flux prefix for flux commands: sudo -u flux -E PYTHONPATH=/opt/conda/lib/python3.10/site-packages -E PATH=/opt/conda/bin:/usr/local/sbin:/usr/local/bin:/usr/sbin:/usr/bin:/sbin:/bin -E LD_LIBRARY_PATH=/opt/conda/lib -E HOME=/home/flux
2023-05-18T08:32:44.161666207Z
2023-05-18T08:32:44.161686852Z 👋 Hello, I'm flux-sample-3
2023-05-18T08:32:44.161702274Z The main host is flux-sample-0
2023-05-18T08:32:44.161708199Z The working directory is /home/flux/examples/reaxff/HNS, contents include:
2023-05-18T08:32:44.163034086Z /home/flux/examples/reaxff/HNS:
2023-05-18T08:32:44.163050406Z README.txt	ffield.reax.hns  log.8Mar18.reaxc.hns.g++.1
2023-05-18T08:32:44.163055776Z data.hns-equil	in.reaxc.hns	 log.8Mar18.reaxc.hns.g++.4
2023-05-18T08:32:44.163633133Z End of file listing, if you see nothing above there are no files.
2023-05-18T08:32:44.165475743Z flux R encode --hosts=flux-sample-[0-3]
2023-05-18T08:32:44.178691895Z
2023-05-18T08:32:44.178712496Z 📦 Resources
2023-05-18T08:32:44.179881313Z {"version": 1, "execution": {"R_lite": [{"rank": "0-3", "children": {"core": "0"}}], "starttime": 0.0, "expiration": 0.0, "nodelist": ["flux-sample-[0-3]"]}}
2023-05-18T08:32:44.180088112Z
2023-05-18T08:32:44.180101019Z 🐸 Diagnostics: false
2023-05-18T08:32:44.180309856Z 🚩️ Flux Option Flags defined
2023-05-18T08:32:44.183666773Z
2023-05-18T08:32:44.183684938Z 🦊 Independent Minister of Privilege
2023-05-18T08:32:44.184837885Z [exec]
2023-05-18T08:32:44.184858415Z allowed-users = [ "flux", "root" ]
2023-05-18T08:32:44.184865265Z allowed-shells = [ "/usr/libexec/flux/flux-shell" ]
2023-05-18T08:32:44.185019685Z
2023-05-18T08:32:44.185031581Z 🐸 Broker Configuration
2023-05-18T08:32:44.186198559Z # Flux needs to know the path to the IMP executable
2023-05-18T08:32:44.186214383Z [exec]
2023-05-18T08:32:44.186221222Z imp = "/usr/libexec/flux/flux-imp"
2023-05-18T08:32:44.186226011Z
2023-05-18T08:32:44.186246237Z [access]
2023-05-18T08:32:44.186253462Z allow-guest-user = true
2023-05-18T08:32:44.186258028Z allow-root-owner = true
2023-05-18T08:32:44.186262259Z
2023-05-18T08:32:44.186268698Z # Point to resource definition generated with flux-R(1).
2023-05-18T08:32:44.186274486Z [resource]
2023-05-18T08:32:44.186280922Z path = "/etc/flux/system/R"
2023-05-18T08:32:44.186285355Z
2023-05-18T08:32:44.186289815Z [bootstrap]
2023-05-18T08:32:44.186294634Z curve_cert = "/etc/curve/curve.cert"
2023-05-18T08:32:44.186299491Z default_port = 8050
2023-05-18T08:32:44.186304328Z default_bind = "tcp://eth0:%p"
2023-05-18T08:32:44.186311888Z default_connect = "tcp://%h.flux-service.flux-operator.svc.cluster.local:%p"
2023-05-18T08:32:44.186318500Z hosts = [
2023-05-18T08:32:44.186324018Z 	{ host="flux-sample-[0-3]"},
2023-05-18T08:32:44.186328843Z ]
2023-05-18T08:32:44.186333375Z
2023-05-18T08:32:44.186337918Z [archive]
2023-05-18T08:32:44.186342754Z dbpath = "/var/lib/flux/job-archive.sqlite"
2023-05-18T08:32:44.186347342Z period = "1m"
2023-05-18T08:32:44.261390918Z busytimeout = "50s"
2023-05-18T08:32:44.261424574Z 🧊️ State Directory:
2023-05-18T08:32:44.261430953Z total 0
2023-05-18T08:32:44.261438041Z
2023-05-18T08:32:44.264097890Z
2023-05-18T08:32:44.264119928Z 🔒️ Working directory permissions:
2023-05-18T08:32:44.264128608Z total 96
2023-05-18T08:32:44.264135341Z -rwxrwxrwx 1 flux root  2517 May 17 22:32 README.txt
2023-05-18T08:32:44.264140557Z -rwxrwxrwx 1 flux root 54692 May 17 22:32 data.hns-equil
2023-05-18T08:32:44.264145292Z -rwxrwxrwx 1 flux root 13576 May 17 22:32 ffield.reax.hns
2023-05-18T08:32:44.264149744Z -rwxrwxrwx 1 flux root   870 May 17 22:32 in.reaxc.hns
2023-05-18T08:32:44.264154995Z -rwxrwxrwx 1 flux root  4172 May 17 22:32 log.8Mar18.reaxc.hns.g++.1
2023-05-18T08:32:44.264322856Z -rwxrwxrwx 1 flux root  4168 May 17 22:32 log.8Mar18.reaxc.hns.g++.4
2023-05-18T08:32:44.264338105Z
2023-05-18T08:32:44.264417101Z
2023-05-18T08:32:44.264433860Z ✨ Curve certificate generated by helper pod
2023-05-18T08:32:44.265916847Z #   ****  Generated on 2023-04-26 22:54:42 by CZMQ  ****
2023-05-18T08:32:44.265933416Z #   ZeroMQ CURVE **Secret** Certificate
2023-05-18T08:32:44.265941797Z #   DO NOT PROVIDE THIS FILE TO OTHER USERS nor change its permissions.
2023-05-18T08:32:44.265948174Z
2023-05-18T08:32:44.265953180Z metadata
2023-05-18T08:32:44.265958791Z     name = "flux-cert-generator"
2023-05-18T08:32:44.265963484Z     keygen.hostname = "flux-sample-0"
2023-05-18T08:32:44.265968667Z curve
2023-05-18T08:32:44.265973486Z     public-key = "mwOS^g8lIVY4v:)UbL8d@4tB&[[rino3+3%3?{$-"
2023-05-18T08:32:44.265978111Z     secret-key = "=!sM}<FTYJetsRm]2RqqJbHg[-npVTrk$gNmrJV0"
2023-05-18T08:32:44.268420823Z
2023-05-18T08:32:44.268446548Z 🌀  flux start --wrap=strace,-e,network,-tt -o --config /etc/flux/config -Scron.directory=/etc/flux/system/cron.d   -Stbon.fanout=256   -Srundir=/run/flux    -Sstatedir=/var/lib/flux   -Slocal-uri=local:///run/flux/local -Stbon.connect_timeout=9s  -Stbon.zmqdebug=1  -Slog-stderr-level=6    -Slog-stderr-mode=local
2023-05-18T08:32:44.310381330Z 08:32:44.310047 socket(AF_NETLINK, SOCK_RAW, NETLINK_ROUTE) = 8
2023-05-18T08:32:44.310530746Z 08:32:44.310322 bind(8, {sa_family=AF_NETLINK, nl_pid=0, nl_groups=00000000}, 12) = 0
2023-05-18T08:32:44.310649855Z 08:32:44.310468 getsockname(8, {sa_family=AF_NETLINK, nl_pid=70, nl_groups=00000000}, [12]) = 0
2023-05-18T08:32:44.310986272Z 08:32:44.310565 sendto(8, {{len=20, type=RTM_GETADDR, flags=NLM_F_REQUEST|NLM_F_DUMP, seq=1684398764, pid=0}, {ifa_family=AF_UNSPEC, ...}}, 20, 0, {sa_family=AF_NETLINK, nl_pid=0, nl_groups=00000000}, 12) = 20
2023-05-18T08:32:44.311428439Z 08:32:44.310890 recvmsg(8, {msg_name={sa_family=AF_NETLINK, nl_pid=0, nl_groups=00000000}, msg_namelen=12, msg_iov=[{iov_base=[{{len=76, type=RTM_NEWADDR, flags=NLM_F_MULTI, seq=1684398764, pid=70}, {ifa_family=AF_INET, ifa_prefixlen=8, ifa_flags=IFA_F_PERMANENT, ifa_scope=RT_SCOPE_HOST, ifa_index=if_nametoindex("lo")}, [{{nla_len=8, nla_type=IFA_ADDRESS}, 127.0.0.1}, {{nla_len=8, nla_type=IFA_LOCAL}, 127.0.0.1}, {{nla_len=7, nla_type=IFA_LABEL}, "lo"}, {{nla_len=8, nla_type=IFA_FLAGS}, IFA_F_PERMANENT}, {{nla_len=20, nla_type=IFA_CACHEINFO}, {ifa_prefered=4294967295, ifa_valid=4294967295, cstamp=450940, tstamp=450940}}]}, {{len=88, type=RTM_NEWADDR, flags=NLM_F_MULTI, seq=1684398764, pid=70}, {ifa_family=AF_INET, ifa_prefixlen=24, ifa_flags=IFA_F_PERMANENT, ifa_scope=RT_SCOPE_UNIVERSE, ifa_index=if_nametoindex("eth0")}, [{{nla_len=8, nla_type=IFA_ADDRESS}, 10.24.0.186}, {{nla_len=8, nla_type=IFA_LOCAL}, 10.24.0.186}, {{nla_len=8, nla_type=IFA_BROADCAST}, 10.24.0.255}, {{nla_len=9, nla_type=IFA_LABEL}, "eth0"}, {{nla_len=8, nla_type=IFA_FLAGS}, IFA_F_PERMANENT}, {{nla_len=20, nla_type=IFA_CACHEINFO}, {ifa_prefered=4294967295, ifa_valid=4294967295, cstamp=450943, tstamp=450943}}]}], iov_len=4096}], msg_iovlen=1, msg_controllen=0, msg_flags=0}, 0) = 164
2023-05-18T08:32:44.311606857Z 08:32:44.311320 recvmsg(8, {msg_name={sa_family=AF_NETLINK, nl_pid=0, nl_groups=00000000}, msg_namelen=12, msg_iov=[{iov_base={{len=20, type=NLMSG_DONE, flags=NLM_F_MULTI, seq=1684398764, pid=70}, 0}, iov_len=4096}], msg_iovlen=1, msg_controllen=0, msg_flags=0}, 0) = 20
2023-05-18T08:32:44.312285328Z 08:32:44.312096 socket(AF_UNIX, SOCK_STREAM|SOCK_CLOEXEC|SOCK_NONBLOCK, 0) = 8
2023-05-18T08:32:44.312458792Z 08:32:44.312264 connect(8, {sa_family=AF_UNIX, sun_path="/var/run/nscd/socket"}, 110) = -1 ENOENT (No such file or directory)
2023-05-18T08:32:44.312652254Z 08:32:44.312471 socket(AF_UNIX, SOCK_STREAM|SOCK_CLOEXEC|SOCK_NONBLOCK, 0) = 8
2023-05-18T08:32:44.312756881Z 08:32:44.312567 connect(8, {sa_family=AF_UNIX, sun_path="/var/run/nscd/socket"}, 110) = -1 ENOENT (No such file or directory)
2023-05-18T08:32:44.314800591Z 08:32:44.314451 socket(AF_INET, SOCK_DGRAM|SOCK_CLOEXEC|SOCK_NONBLOCK, IPPROTO_IP) = 8
2023-05-18T08:32:44.314915068Z 08:32:44.314746 connect(8, {sa_family=AF_INET, sin_port=htons(53), sin_addr=inet_addr("169.254.169.254")}, 16) = 0
2023-05-18T08:32:44.315365378Z 08:32:44.314961 sendto(8, "*\20\1\0\0\1\0\0\0\0\0\0\rflux-sample-0\fflux-"..., 76, MSG_NOSIGNAL, NULL, 0) = 76
2023-05-18T08:32:44.318551991Z 08:32:44.318339 recvfrom(8, "*\20\201\200\0\1\0\1\0\0\0\0\rflux-sample-0\fflux-"..., 1024, 0, {sa_family=AF_INET, sin_port=htons(53), sin_addr=inet_addr("169.254.169.254")}, [28->16]) = 92
2023-05-18T08:32:44.322962791Z broker.info[3]: start: none->join 1.81747ms
2023-05-18T08:32:53.481371530Z broker.info[3]: parent-ready: join->init 9.15814s
2023-05-18T08:32:53.481582960Z 08:32:53.481302 socketpair(AF_UNIX, SOCK_STREAM|SOCK_CLOEXEC, 0, [22, 23]) = 0
2023-05-18T08:32:53.481600039Z 08:32:53.481422 socketpair(AF_UNIX, SOCK_STREAM, 0, [24, 25]) = 0
2023-05-18T08:32:53.481973091Z 08:32:53.481689 socketpair(AF_UNIX, SOCK_STREAM, 0, [26, 27]) = 0
2023-05-18T08:32:53.482445568Z 08:32:53.482142 socketpair(AF_UNIX, SOCK_STREAM, 0, [28, 29]) = 0
2023-05-18T08:32:53.508552909Z broker.info[3]: configuration updated
2023-05-18T08:32:53.630601561Z broker.info[3]: rc1.0: running /etc/flux/rc1.d/01-sched-fluxion
2023-05-18T08:32:53.641572621Z broker.info[3]: rc1.0: running /etc/flux/rc1.d/02-cron
2023-05-18T08:32:53.665811824Z broker.info[3]: rc1.0: /etc/flux/rc1 Exited (rc=0) 0.2s
2023-05-18T08:32:53.666536166Z broker.info[3]: rc1-success: init->quorum 0.185098s
2023-05-18T08:32:53.828263211Z broker.info[3]: quorum-full: quorum->run 0.161353s
2023-05-18T08:32:54.428106947Z 08:32:54.427691 socketpair(AF_UNIX, SOCK_STREAM|SOCK_CLOEXEC, 0, [22, 23]) = 0
2023-05-18T08:32:54.428616349Z 08:32:54.427972 socketpair(AF_UNIX, SOCK_STREAM, 0, [24, 25]) = 0
2023-05-18T08:32:54.429287331Z 08:32:54.428675 socketpair(AF_UNIX, SOCK_STREAM, 0, [26, 28]) = 0
2023-05-18T08:32:54.429546088Z 08:32:54.429083 socketpair(AF_UNIX, SOCK_STREAM, 0, [58, 59]) = 0
2023-05-18T08:33:04.636515124Z broker.info[3]: shutdown: run->cleanup 10.808s
2023-05-18T08:33:04.637912207Z broker.info[3]: cleanup-none: cleanup->shutdown 1.0089ms
2023-05-18T08:33:04.639174710Z broker.info[3]: children-none: shutdown->finalize 0.899879ms
2023-05-18T08:33:04.639691144Z 08:33:04.639400 socketpair(AF_UNIX, SOCK_STREAM|SOCK_CLOEXEC, 0, [22, 23]) = 0
2023-05-18T08:33:04.640018188Z 08:33:04.639748 socketpair(AF_UNIX, SOCK_STREAM, 0, [24, 25]) = 0
2023-05-18T08:33:04.640469329Z 08:33:04.640202 socketpair(AF_UNIX, SOCK_STREAM, 0, [26, 28]) = 0
2023-05-18T08:33:04.640893259Z 08:33:04.640669 socketpair(AF_UNIX, SOCK_STREAM, 0, [58, 59]) = 0
2023-05-18T08:33:04.663460691Z broker.info[3]: rc3.0: running /etc/flux/rc3.d/01-sched-fluxion
2023-05-18T08:33:04.814463619Z broker.info[3]: rc3.0: /etc/flux/rc3 Exited (rc=0) 0.2s
2023-05-18T08:33:04.815209824Z broker.info[3]: rc3-success: finalize->goodbye 0.175661s
2023-05-18T08:33:04.816333164Z broker.info[3]: goodbye: goodbye->exit 0.728233ms
2023-05-18T08:33:04.822816574Z 08:33:04.822691 +++ exited with 0 +++
2023-05-18T08:33:04.824749476Z Return value for follower worker is 0
2023-05-18T08:33:04.824898860Z The follower worker exited cleanly. Goodbye!
