2023-05-18T13:02:45.544169604Z
2023-05-18T13:02:45.544222214Z Flux username: flux
2023-05-18T13:02:45.544241730Z
2023-05-18T13:02:45.544249173Z Flux install root: /usr
2023-05-18T13:02:45.591003039Z flux user is already added.
2023-05-18T13:02:45.594386086Z flux user identifiers:
2023-05-18T13:02:45.594409073Z uid=1234(flux) gid=1234(flux) groups=1234(flux)
2023-05-18T13:02:45.594414890Z
2023-05-18T13:02:45.594422743Z As Flux prefix for flux commands: sudo -u flux -E PYTHONPATH=/opt/conda/lib/python3.10/site-packages -E PATH=/opt/conda/bin:/usr/local/sbin:/usr/local/bin:/usr/sbin:/usr/bin:/sbin:/bin -E LD_LIBRARY_PATH=/opt/conda/lib -E HOME=/home/flux
2023-05-18T13:02:45.602979058Z
2023-05-18T13:02:45.603001689Z ðŸ‘‹ Hello, I'm flux-sample-1
2023-05-18T13:02:45.603007857Z The main host is flux-sample-0
2023-05-18T13:02:45.603013821Z The working directory is /home/flux/examples/reaxff/HNS, contents include:
2023-05-18T13:02:45.604458619Z /home/flux/examples/reaxff/HNS:
2023-05-18T13:02:45.604477150Z README.txt	ffield.reax.hns  log.8Mar18.reaxc.hns.g++.1
2023-05-18T13:02:45.604483039Z data.hns-equil	in.reaxc.hns	 log.8Mar18.reaxc.hns.g++.4
2023-05-18T13:02:45.604760624Z End of file listing, if you see nothing above there are no files.
2023-05-18T13:02:45.606688194Z flux R encode --hosts=flux-sample-[0-3]
2023-05-18T13:02:45.620084859Z
2023-05-18T13:02:45.620105000Z ðŸ“¦ Resources
2023-05-18T13:02:45.621493381Z {"version": 1, "execution": {"R_lite": [{"rank": "0-3", "children": {"core": "0"}}], "starttime": 0.0, "expiration": 0.0, "nodelist": ["flux-sample-[0-3]"]}}
2023-05-18T13:02:45.621690520Z
2023-05-18T13:02:45.621704867Z ðŸ¸ Diagnostics: false
2023-05-18T13:02:45.621912956Z ðŸš©ï¸ Flux Option Flags defined
2023-05-18T13:02:45.625517625Z
2023-05-18T13:02:45.625540196Z ðŸ¦Š Independent Minister of Privilege
2023-05-18T13:02:45.627074261Z [exec]
2023-05-18T13:02:45.627090020Z allowed-users = [ "flux", "root" ]
2023-05-18T13:02:45.627096257Z allowed-shells = [ "/usr/libexec/flux/flux-shell" ]
2023-05-18T13:02:45.627287295Z
2023-05-18T13:02:45.627301650Z ðŸ¸ Broker Configuration
2023-05-18T13:02:45.628747824Z # Flux needs to know the path to the IMP executable
2023-05-18T13:02:45.628763662Z [exec]
2023-05-18T13:02:45.628770281Z imp = "/usr/libexec/flux/flux-imp"
2023-05-18T13:02:45.628774892Z
2023-05-18T13:02:45.628779625Z [access]
2023-05-18T13:02:45.628784791Z allow-guest-user = true
2023-05-18T13:02:45.628789668Z allow-root-owner = true
2023-05-18T13:02:45.628794014Z
2023-05-18T13:02:45.628801797Z # Point to resource definition generated with flux-R(1).
2023-05-18T13:02:45.628808144Z [resource]
2023-05-18T13:02:45.628813576Z path = "/etc/flux/system/R"
2023-05-18T13:02:45.628818459Z
2023-05-18T13:02:45.628823365Z [bootstrap]
2023-05-18T13:02:45.628828201Z curve_cert = "/etc/curve/curve.cert"
2023-05-18T13:02:45.628832950Z default_port = 8050
2023-05-18T13:02:45.628837659Z default_bind = "tcp://eth0:%p"
2023-05-18T13:02:45.628845186Z default_connect = "tcp://%h.flux-service.flux-operator.svc.cluster.local:%p"
2023-05-18T13:02:45.628851056Z hosts = [
2023-05-18T13:02:45.628856073Z 	{ host="flux-sample-[0-3]"},
2023-05-18T13:02:45.628860935Z ]
2023-05-18T13:02:45.628865655Z
2023-05-18T13:02:45.628870068Z [archive]
2023-05-18T13:02:45.628875453Z dbpath = "/var/lib/flux/job-archive.sqlite"
2023-05-18T13:02:45.628880058Z period = "1m"
2023-05-18T13:02:45.709438790Z busytimeout = "50s"
2023-05-18T13:02:45.709474468Z ðŸ§Šï¸ State Directory:
2023-05-18T13:02:45.709481078Z total 0
2023-05-18T13:02:45.709486033Z
2023-05-18T13:02:45.712821379Z
2023-05-18T13:02:45.713027021Z ðŸ”’ï¸ Working directory permissions:
2023-05-18T13:02:45.713040050Z total 96
2023-05-18T13:02:45.713152291Z -rwxrwxrwx 1 flux root  2517 May 17 22:32 README.txt
2023-05-18T13:02:45.713161964Z -rwxrwxrwx 1 flux root 54692 May 17 22:32 data.hns-equil
2023-05-18T13:02:45.713166800Z -rwxrwxrwx 1 flux root 13576 May 17 22:32 ffield.reax.hns
2023-05-18T13:02:45.713171414Z -rwxrwxrwx 1 flux root   870 May 17 22:32 in.reaxc.hns
2023-05-18T13:02:45.713176776Z -rwxrwxrwx 1 flux root  4172 May 17 22:32 log.8Mar18.reaxc.hns.g++.1
2023-05-18T13:02:45.713181441Z -rwxrwxrwx 1 flux root  4168 May 17 22:32 log.8Mar18.reaxc.hns.g++.4
2023-05-18T13:02:45.713188252Z
2023-05-18T13:02:45.713341904Z
2023-05-18T13:02:45.713354896Z âœ¨ Curve certificate generated by helper pod
2023-05-18T13:02:45.714859575Z #   ****  Generated on 2023-04-26 22:54:42 by CZMQ  ****
2023-05-18T13:02:45.714876564Z #   ZeroMQ CURVE **Secret** Certificate
2023-05-18T13:02:45.714882260Z #   DO NOT PROVIDE THIS FILE TO OTHER USERS nor change its permissions.
2023-05-18T13:02:45.714887014Z
2023-05-18T13:02:45.714902452Z metadata
2023-05-18T13:02:45.714911255Z     name = "flux-cert-generator"
2023-05-18T13:02:45.714916656Z     keygen.hostname = "flux-sample-0"
2023-05-18T13:02:45.714921344Z curve
2023-05-18T13:02:45.714926612Z     public-key = "*:Ck&cYO&T/]o47IRtR:@b58]YFA6*qgRE@c/{Ta"
2023-05-18T13:02:45.714931289Z     secret-key = "!aN/BXT&EZa1Spv=C8a1d/h^9Y:VCn2k%tiT^tkd"
2023-05-18T13:02:45.717056631Z
2023-05-18T13:02:45.717076926Z ðŸŒ€  flux start --wrap=strace,-e,network,-tt -o --config /etc/flux/config -Scron.directory=/etc/flux/system/cron.d   -Stbon.fanout=256   -Srundir=/run/flux    -Sstatedir=/var/lib/flux   -Slocal-uri=local:///run/flux/local -Stbon.connect_timeout=6s  -Stbon.zmqdebug=1  -Slog-stderr-level=6    -Slog-stderr-mode=local
2023-05-18T13:02:45.749502689Z 13:02:45.749186 socket(AF_NETLINK, SOCK_RAW, NETLINK_ROUTE) = 8
2023-05-18T13:02:45.749521084Z 13:02:45.749283 bind(8, {sa_family=AF_NETLINK, nl_pid=0, nl_groups=00000000}, 12) = 0
2023-05-18T13:02:45.749527402Z 13:02:45.749348 getsockname(8, {sa_family=AF_NETLINK, nl_pid=70, nl_groups=00000000}, [12]) = 0
2023-05-18T13:02:45.749781369Z 13:02:45.749411 sendto(8, {{len=20, type=RTM_GETADDR, flags=NLM_F_REQUEST|NLM_F_DUMP, seq=1684414965, pid=0}, {ifa_family=AF_UNSPEC, ...}}, 20, 0, {sa_family=AF_NETLINK, nl_pid=0, nl_groups=00000000}, 12) = 20
2023-05-18T13:02:45.750034056Z 13:02:45.749623 recvmsg(8, {msg_name={sa_family=AF_NETLINK, nl_pid=0, nl_groups=00000000}, msg_namelen=12, msg_iov=[{iov_base=[{{len=76, type=RTM_NEWADDR, flags=NLM_F_MULTI, seq=1684414965, pid=70}, {ifa_family=AF_INET, ifa_prefixlen=8, ifa_flags=IFA_F_PERMANENT, ifa_scope=RT_SCOPE_HOST, ifa_index=if_nametoindex("lo")}, [{{nla_len=8, nla_type=IFA_ADDRESS}, 127.0.0.1}, {{nla_len=8, nla_type=IFA_LOCAL}, 127.0.0.1}, {{nla_len=7, nla_type=IFA_LABEL}, "lo"}, {{nla_len=8, nla_type=IFA_FLAGS}, IFA_F_PERMANENT}, {{nla_len=20, nla_type=IFA_CACHEINFO}, {ifa_prefered=4294967295, ifa_valid=4294967295, cstamp=2071059, tstamp=2071059}}]}, {{len=88, type=RTM_NEWADDR, flags=NLM_F_MULTI, seq=1684414965, pid=70}, {ifa_family=AF_INET, ifa_prefixlen=24, ifa_flags=IFA_F_PERMANENT, ifa_scope=RT_SCOPE_UNIVERSE, ifa_index=if_nametoindex("eth0")}, [{{nla_len=8, nla_type=IFA_ADDRESS}, 10.24.0.106}, {{nla_len=8, nla_type=IFA_LOCAL}, 10.24.0.106}, {{nla_len=8, nla_type=IFA_BROADCAST}, 10.24.0.255}, {{nla_len=9, nla_type=IFA_LABEL}, "eth0"}, {{nla_len=8, nla_type=IFA_FLAGS}, IFA_F_PERMANENT}, {{nla_len=20, nla_type=IFA_CACHEINFO}, {ifa_prefered=4294967295, ifa_valid=4294967295, cstamp=2071062, tstamp=2071062}}]}], iov_len=4096}], msg_iovlen=1, msg_controllen=0, msg_flags=0}, 0) = 164
2023-05-18T13:02:45.750137249Z 13:02:45.749923 recvmsg(8, {msg_name={sa_family=AF_NETLINK, nl_pid=0, nl_groups=00000000}, msg_namelen=12, msg_iov=[{iov_base={{len=20, type=NLMSG_DONE, flags=NLM_F_MULTI, seq=1684414965, pid=70}, 0}, iov_len=4096}], msg_iovlen=1, msg_controllen=0, msg_flags=0}, 0) = 20
2023-05-18T13:02:45.750673050Z 13:02:45.750465 socket(AF_UNIX, SOCK_STREAM|SOCK_CLOEXEC|SOCK_NONBLOCK, 0) = 8
2023-05-18T13:02:45.750689226Z 13:02:45.750533 connect(8, {sa_family=AF_UNIX, sun_path="/var/run/nscd/socket"}, 110) = -1 ENOENT (No such file or directory)
2023-05-18T13:02:45.750823166Z 13:02:45.750639 socket(AF_UNIX, SOCK_STREAM|SOCK_CLOEXEC|SOCK_NONBLOCK, 0) = 8
2023-05-18T13:02:45.750833887Z 13:02:45.750692 connect(8, {sa_family=AF_UNIX, sun_path="/var/run/nscd/socket"}, 110) = -1 ENOENT (No such file or directory)
2023-05-18T13:02:45.752175546Z 13:02:45.751947 socket(AF_INET, SOCK_DGRAM|SOCK_CLOEXEC|SOCK_NONBLOCK, IPPROTO_IP) = 8
2023-05-18T13:02:45.752191571Z 13:02:45.752019 connect(8, {sa_family=AF_INET, sin_port=htons(53), sin_addr=inet_addr("169.254.169.254")}, 16) = 0
2023-05-18T13:02:45.752418862Z 13:02:45.752126 sendto(8, "\272.\1\0\0\1\0\0\0\0\0\0\rflux-sample-0\fflux-"..., 76, MSG_NOSIGNAL, NULL, 0) = 76
2023-05-18T13:02:45.756369093Z 13:02:45.756113 recvfrom(8, "\272.\201\203\0\1\0\0\0\1\0\0\rflux-sample-0\fflux-"..., 1024, 0, {sa_family=AF_INET, sin_port=htons(53), sin_addr=inet_addr("169.254.169.254")}, [28->16]) = 172
2023-05-18T13:02:45.756488061Z 13:02:45.756335 socket(AF_INET, SOCK_DGRAM|SOCK_CLOEXEC|SOCK_NONBLOCK, IPPROTO_IP) = 8
2023-05-18T13:02:45.756557086Z 13:02:45.756399 connect(8, {sa_family=AF_INET, sin_port=htons(53), sin_addr=inet_addr("169.254.169.254")}, 16) = 0
2023-05-18T13:02:45.756691593Z 13:02:45.756497 sendto(8, "\2406\1\0\0\1\0\0\0\0\0\0\rflux-sample-0\fflux-"..., 108, MSG_NOSIGNAL, NULL, 0) = 108
2023-05-18T13:02:45.761001924Z 13:02:45.760766 recvfrom(8, "\2406\201\203\0\1\0\0\0\1\0\0\rflux-sample-0\fflux-"..., 1024, 0, {sa_family=AF_INET, sin_port=htons(53), sin_addr=inet_addr("169.254.169.254")}, [28->16]) = 204
2023-05-18T13:02:45.761099426Z 13:02:45.760924 socket(AF_INET, SOCK_DGRAM|SOCK_CLOEXEC|SOCK_NONBLOCK, IPPROTO_IP) = 8
2023-05-18T13:02:45.761121740Z 13:02:45.760985 connect(8, {sa_family=AF_INET, sin_port=htons(53), sin_addr=inet_addr("169.254.169.254")}, 16) = 0
2023-05-18T13:02:45.761386520Z 13:02:45.761077 sendto(8, "@H\1\0\0\1\0\0\0\0\0\0\rflux-sample-0\fflux-"..., 94, MSG_NOSIGNAL, NULL, 0) = 94
2023-05-18T13:02:45.764343164Z 13:02:45.764121 recvfrom(8, "@H\201\203\0\1\0\0\0\1\0\0\rflux-sample-0\fflux-"..., 1024, 0, {sa_family=AF_INET, sin_port=htons(53), sin_addr=inet_addr("169.254.169.254")}, [28->16]) = 190
2023-05-18T13:02:45.764508204Z 13:02:45.764321 socket(AF_INET, SOCK_DGRAM|SOCK_CLOEXEC|SOCK_NONBLOCK, IPPROTO_IP) = 8
2023-05-18T13:02:45.764519641Z 13:02:45.764380 connect(8, {sa_family=AF_INET, sin_port=htons(53), sin_addr=inet_addr("169.254.169.254")}, 16) = 0
2023-05-18T13:02:45.764655475Z 13:02:45.764477 sendto(8, "\307~\1\0\0\1\0\0\0\0\0\0\rflux-sample-0\fflux-"..., 90, MSG_NOSIGNAL, NULL, 0) = 90
2023-05-18T13:02:45.767293700Z 13:02:45.767074 recvfrom(8, "\307~\201\203\0\1\0\0\0\1\0\0\rflux-sample-0\fflux-"..., 1024, 0, {sa_family=AF_INET, sin_port=htons(53), sin_addr=inet_addr("169.254.169.254")}, [28->16]) = 186
2023-05-18T13:02:45.767562752Z 13:02:45.767222 socket(AF_INET, SOCK_DGRAM|SOCK_CLOEXEC|SOCK_NONBLOCK, IPPROTO_IP) = 8
2023-05-18T13:02:45.767578615Z 13:02:45.767295 connect(8, {sa_family=AF_INET, sin_port=htons(53), sin_addr=inet_addr("169.254.169.254")}, 16) = 0
2023-05-18T13:02:45.767591236Z 13:02:45.767390 sendto(8, "\341L\1\0\0\1\0\0\0\0\0\0\rflux-sample-0\fflux-"..., 111, MSG_NOSIGNAL, NULL, 0) = 111
2023-05-18T13:02:45.786577791Z 13:02:45.786020 recvfrom(8, "\341L\201\203\0\1\0\0\0\1\0\0\rflux-sample-0\fflux-"..., 1024, 0, {sa_family=AF_INET, sin_port=htons(53), sin_addr=inet_addr("169.254.169.254")}, [28->16]) = 205
2023-05-18T13:02:45.786612077Z 13:02:45.786174 socket(AF_INET, SOCK_DGRAM|SOCK_CLOEXEC|SOCK_NONBLOCK, IPPROTO_IP) = 8
2023-05-18T13:02:45.786621168Z 13:02:45.786256 connect(8, {sa_family=AF_INET, sin_port=htons(53), sin_addr=inet_addr("169.254.169.254")}, 16) = 0
2023-05-18T13:02:45.786644917Z 13:02:45.786364 sendto(8, "qZ\1\0\0\1\0\0\0\0\0\0\rflux-sample-0\fflux-"..., 97, MSG_NOSIGNAL, NULL, 0) = 97
2023-05-18T13:02:45.794886412Z 13:02:45.793448 recvfrom(8, "qZ\201\203\0\1\0\0\0\1\0\0\rflux-sample-0\fflux-"..., 1024, 0, {sa_family=AF_INET, sin_port=htons(53), sin_addr=inet_addr("169.254.169.254")}, [28->16]) = 186
2023-05-18T13:02:45.794903424Z 13:02:45.793677 socket(AF_INET, SOCK_DGRAM|SOCK_CLOEXEC|SOCK_NONBLOCK, IPPROTO_IP) = 8
2023-05-18T13:02:45.794909589Z 13:02:45.793816 connect(8, {sa_family=AF_INET, sin_port=htons(53), sin_addr=inet_addr("169.254.169.254")}, 16) = 0
2023-05-18T13:02:45.794914673Z 13:02:45.794179 sendto(8, "?=\1\0\0\1\0\0\0\0\0\0\rflux-sample-0\fflux-"..., 92, MSG_NOSIGNAL, NULL, 0) = 92
2023-05-18T13:02:45.800555095Z 13:02:45.800258 recvfrom(8, "?=\201\203\0\1\0\0\0\1\0\0\rflux-sample-0\fflux-"..., 1024, 0, {sa_family=AF_INET, sin_port=htons(53), sin_addr=inet_addr("169.254.169.254")}, [28->16]) = 181
2023-05-18T13:02:45.800943479Z broker.err[1]: Warning: unable to resolve upstream peer flux-sample-0.flux-service.flux-operator.svc.cluster.local: Name or service not known
2023-05-18T13:02:45.807886516Z broker.info[1]: start: none->join 3.03249ms
2023-05-18T13:02:46.978300946Z broker.info[1]: parent-ready: join->init 1.17014s
2023-05-18T13:02:46.978679682Z 13:02:46.978390 socketpair(AF_UNIX, SOCK_STREAM|SOCK_CLOEXEC, 0, [22, 23]) = 0
2023-05-18T13:02:46.978824138Z 13:02:46.978636 socketpair(AF_UNIX, SOCK_STREAM, 0, [24, 25]) = 0
2023-05-18T13:02:46.979148921Z 13:02:46.978921 socketpair(AF_UNIX, SOCK_STREAM, 0, [26, 27]) = 0
2023-05-18T13:02:46.979409661Z 13:02:46.979185 socketpair(AF_UNIX, SOCK_STREAM, 0, [28, 29]) = 0
2023-05-18T13:02:47.003391772Z broker.info[1]: configuration updated
2023-05-18T13:02:47.117989708Z broker.info[1]: rc1.0: running /etc/flux/rc1.d/01-sched-fluxion
2023-05-18T13:02:47.128643330Z broker.info[1]: rc1.0: running /etc/flux/rc1.d/02-cron
2023-05-18T13:02:47.159981660Z broker.info[1]: rc1.0: /etc/flux/rc1 Exited (rc=0) 0.2s
2023-05-18T13:02:47.160984791Z broker.info[1]: rc1-success: init->quorum 0.182456s
2023-05-18T13:02:47.595704838Z broker.info[1]: quorum-full: quorum->run 0.434269s
2023-05-18T13:02:59.087602484Z broker.info[1]: shutdown: run->cleanup 11.4911s
2023-05-18T13:02:59.092005497Z broker.info[1]: cleanup-none: cleanup->shutdown 1.43488ms
2023-05-18T13:02:59.092470218Z broker.info[1]: children-none: shutdown->finalize 0.661927ms
2023-05-18T13:02:59.092659137Z 13:02:59.089853 socketpair(AF_UNIX, SOCK_STREAM|SOCK_CLOEXEC, 0, [22, 23]) = 0
2023-05-18T13:02:59.092833375Z 13:02:59.089981 socketpair(AF_UNIX, SOCK_STREAM, 0, [24, 25]) = 0
2023-05-18T13:02:59.092991016Z 13:02:59.090145 socketpair(AF_UNIX, SOCK_STREAM, 0, [26, 28]) = 0
2023-05-18T13:02:59.093153906Z 13:02:59.090319 socketpair(AF_UNIX, SOCK_STREAM, 0, [58, 59]) = 0
2023-05-18T13:02:59.112187753Z broker.info[1]: rc3.0: running /etc/flux/rc3.d/01-sched-fluxion
2023-05-18T13:02:59.227087509Z broker.info[1]: rc3.0: /etc/flux/rc3 Exited (rc=0) 0.1s
2023-05-18T13:02:59.228225167Z broker.info[1]: rc3-success: finalize->goodbye 0.138187s
2023-05-18T13:02:59.229783964Z broker.info[1]: goodbye: goodbye->exit 1.00975ms
2023-05-18T13:02:59.237328228Z 13:02:59.237146 +++ exited with 0 +++
2023-05-18T13:02:59.238526248Z Return value for follower worker is 0
2023-05-18T13:02:59.238551227Z The follower worker exited cleanly. Goodbye!
