2023-05-18T08:00:26.734681545Z
2023-05-18T08:00:26.734730277Z Flux username: flux
2023-05-18T08:00:26.734739227Z
2023-05-18T08:00:26.734746007Z Flux install root: /usr
2023-05-18T08:00:26.783639511Z flux user is already added.
2023-05-18T08:00:26.786897848Z flux user identifiers:
2023-05-18T08:00:26.786949559Z uid=1234(flux) gid=1234(flux) groups=1234(flux)
2023-05-18T08:00:26.787095966Z
2023-05-18T08:00:26.787110809Z As Flux prefix for flux commands: sudo -u flux -E PYTHONPATH=/opt/conda/lib/python3.10/site-packages -E PATH=/opt/conda/bin:/usr/local/sbin:/usr/local/bin:/usr/sbin:/usr/bin:/sbin:/bin -E LD_LIBRARY_PATH=/opt/conda/lib -E HOME=/home/flux
2023-05-18T08:00:26.797804500Z
2023-05-18T08:00:26.798096889Z 👋 Hello, I'm flux-sample-1
2023-05-18T08:00:26.798311459Z The main host is flux-sample-0
2023-05-18T08:00:26.798492842Z The working directory is /home/flux/examples/reaxff/HNS, contents include:
2023-05-18T08:00:26.800656256Z /home/flux/examples/reaxff/HNS:
2023-05-18T08:00:26.800741208Z README.txt	ffield.reax.hns  log.8Mar18.reaxc.hns.g++.1
2023-05-18T08:00:26.800751659Z data.hns-equil	in.reaxc.hns	 log.8Mar18.reaxc.hns.g++.4
2023-05-18T08:00:26.800977648Z End of file listing, if you see nothing above there are no files.
2023-05-18T08:00:26.802863618Z flux R encode --hosts=flux-sample-[0-3]
2023-05-18T08:00:26.818548172Z
2023-05-18T08:00:26.818574120Z 📦 Resources
2023-05-18T08:00:26.822330340Z {"version": 1, "execution": {"R_lite": [{"rank": "0-3", "children": {"core": "0"}}], "starttime": 0.0, "expiration": 0.0, "nodelist": ["flux-sample-[0-3]"]}}
2023-05-18T08:00:26.822348709Z
2023-05-18T08:00:26.822355961Z 🐸 Diagnostics: false
2023-05-18T08:00:26.822362137Z 🚩️ Flux Option Flags defined
2023-05-18T08:00:26.825614481Z
2023-05-18T08:00:26.825634968Z 🦊 Independent Minister of Privilege
2023-05-18T08:00:26.827196294Z [exec]
2023-05-18T08:00:26.827238889Z allowed-users = [ "flux", "root" ]
2023-05-18T08:00:26.827247128Z allowed-shells = [ "/usr/libexec/flux/flux-shell" ]
2023-05-18T08:00:26.827375602Z
2023-05-18T08:00:26.827388056Z 🐸 Broker Configuration
2023-05-18T08:00:26.828743771Z # Flux needs to know the path to the IMP executable
2023-05-18T08:00:26.828760174Z [exec]
2023-05-18T08:00:26.828766160Z imp = "/usr/libexec/flux/flux-imp"
2023-05-18T08:00:26.828772784Z
2023-05-18T08:00:26.828779235Z [access]
2023-05-18T08:00:26.828784335Z allow-guest-user = true
2023-05-18T08:00:26.828819114Z allow-root-owner = true
2023-05-18T08:00:26.828826085Z
2023-05-18T08:00:26.828831498Z # Point to resource definition generated with flux-R(1).
2023-05-18T08:00:26.828836582Z [resource]
2023-05-18T08:00:26.828842006Z path = "/etc/flux/system/R"
2023-05-18T08:00:26.828851042Z
2023-05-18T08:00:26.828855974Z [bootstrap]
2023-05-18T08:00:26.828860809Z curve_cert = "/etc/curve/curve.cert"
2023-05-18T08:00:26.828867795Z default_port = 8050
2023-05-18T08:00:26.828873217Z default_bind = "tcp://eth0:%p"
2023-05-18T08:00:26.828878509Z default_connect = "tcp://%h.flux-service.flux-operator.svc.cluster.local:%p"
2023-05-18T08:00:26.828883562Z hosts = [
2023-05-18T08:00:26.828888148Z 	{ host="flux-sample-[0-3]"},
2023-05-18T08:00:26.828892765Z ]
2023-05-18T08:00:26.828897151Z
2023-05-18T08:00:26.828901855Z [archive]
2023-05-18T08:00:26.828908781Z dbpath = "/var/lib/flux/job-archive.sqlite"
2023-05-18T08:00:26.828914691Z period = "1m"
2023-05-18T08:00:26.910411036Z busytimeout = "50s"
2023-05-18T08:00:26.910437645Z 🧊️ State Directory:
2023-05-18T08:00:26.910443834Z total 0
2023-05-18T08:00:26.910450890Z
2023-05-18T08:00:26.913317766Z
2023-05-18T08:00:26.913341404Z 🔒️ Working directory permissions:
2023-05-18T08:00:26.913356959Z total 96
2023-05-18T08:00:26.913364498Z -rwxrwxrwx 1 flux root  2517 May 17 22:32 README.txt
2023-05-18T08:00:26.913369803Z -rwxrwxrwx 1 flux root 54692 May 17 22:32 data.hns-equil
2023-05-18T08:00:26.913374350Z -rwxrwxrwx 1 flux root 13576 May 17 22:32 ffield.reax.hns
2023-05-18T08:00:26.913379839Z -rwxrwxrwx 1 flux root   870 May 17 22:32 in.reaxc.hns
2023-05-18T08:00:26.913385701Z -rwxrwxrwx 1 flux root  4172 May 17 22:32 log.8Mar18.reaxc.hns.g++.1
2023-05-18T08:00:26.913546497Z -rwxrwxrwx 1 flux root  4168 May 17 22:32 log.8Mar18.reaxc.hns.g++.4
2023-05-18T08:00:26.913557570Z
2023-05-18T08:00:26.913562633Z
2023-05-18T08:00:26.913568502Z ✨ Curve certificate generated by helper pod
2023-05-18T08:00:26.914982956Z #   ****  Generated on 2023-04-26 22:54:42 by CZMQ  ****
2023-05-18T08:00:26.914999526Z #   ZeroMQ CURVE **Secret** Certificate
2023-05-18T08:00:26.915007985Z #   DO NOT PROVIDE THIS FILE TO OTHER USERS nor change its permissions.
2023-05-18T08:00:26.915013711Z
2023-05-18T08:00:26.915018708Z metadata
2023-05-18T08:00:26.915024110Z     name = "flux-cert-generator"
2023-05-18T08:00:26.915029091Z     keygen.hostname = "flux-sample-0"
2023-05-18T08:00:26.915033922Z curve
2023-05-18T08:00:26.915038577Z     public-key = "wrEnxC&hj=qk4.bXIMXy(!R%C5<!Xql*wQM8S?2q"
2023-05-18T08:00:26.915043370Z     secret-key = "rzt{m^xVk:VjH94Ra<=PTTP7rMLW6R/:Jsg]A^w3"
2023-05-18T08:00:26.917488490Z
2023-05-18T08:00:26.917508743Z 🌀  flux start --wrap=strace,-e,network,-tt -o --config /etc/flux/config -Scron.directory=/etc/flux/system/cron.d   -Stbon.fanout=256   -Srundir=/run/flux    -Sstatedir=/var/lib/flux   -Slocal-uri=local:///run/flux/local -Stbon.connect_timeout=5s  -Stbon.zmqdebug=1  -Slog-stderr-level=6    -Slog-stderr-mode=local
2023-05-18T08:00:26.959175786Z 08:00:26.958813 socket(AF_NETLINK, SOCK_RAW, NETLINK_ROUTE) = 8
2023-05-18T08:00:26.959209544Z 08:00:26.958990 bind(8, {sa_family=AF_NETLINK, nl_pid=0, nl_groups=00000000}, 12) = 0
2023-05-18T08:00:26.959283816Z 08:00:26.959105 getsockname(8, {sa_family=AF_NETLINK, nl_pid=70, nl_groups=00000000}, [12]) = 0
2023-05-18T08:00:26.959532924Z 08:00:26.959185 sendto(8, {{len=20, type=RTM_GETADDR, flags=NLM_F_REQUEST|NLM_F_DUMP, seq=1684396826, pid=0}, {ifa_family=AF_UNSPEC, ...}}, 20, 0, {sa_family=AF_NETLINK, nl_pid=0, nl_groups=00000000}, 12) = 20
2023-05-18T08:00:26.959870485Z 08:00:26.959431 recvmsg(8, {msg_name={sa_family=AF_NETLINK, nl_pid=0, nl_groups=00000000}, msg_namelen=12, msg_iov=[{iov_base=[{{len=76, type=RTM_NEWADDR, flags=NLM_F_MULTI, seq=1684396826, pid=70}, {ifa_family=AF_INET, ifa_prefixlen=8, ifa_flags=IFA_F_PERMANENT, ifa_scope=RT_SCOPE_HOST, ifa_index=if_nametoindex("lo")}, [{{nla_len=8, nla_type=IFA_ADDRESS}, 127.0.0.1}, {{nla_len=8, nla_type=IFA_LOCAL}, 127.0.0.1}, {{nla_len=7, nla_type=IFA_LABEL}, "lo"}, {{nla_len=8, nla_type=IFA_FLAGS}, IFA_F_PERMANENT}, {{nla_len=20, nla_type=IFA_CACHEINFO}, {ifa_prefered=4294967295, ifa_valid=4294967295, cstamp=256913, tstamp=256913}}]}, {{len=88, type=RTM_NEWADDR, flags=NLM_F_MULTI, seq=1684396826, pid=70}, {ifa_family=AF_INET, ifa_prefixlen=24, ifa_flags=IFA_F_PERMANENT, ifa_scope=RT_SCOPE_UNIVERSE, ifa_index=if_nametoindex("eth0")}, [{{nla_len=8, nla_type=IFA_ADDRESS}, 10.24.3.100}, {{nla_len=8, nla_type=IFA_LOCAL}, 10.24.3.100}, {{nla_len=8, nla_type=IFA_BROADCAST}, 10.24.3.255}, {{nla_len=9, nla_type=IFA_LABEL}, "eth0"}, {{nla_len=8, nla_type=IFA_FLAGS}, IFA_F_PERMANENT}, {{nla_len=20, nla_type=IFA_CACHEINFO}, {ifa_prefered=4294967295, ifa_valid=4294967295, cstamp=256916, tstamp=256916}}]}], iov_len=4096}], msg_iovlen=1, msg_controllen=0, msg_flags=0}, 0) = 164
2023-05-18T08:00:26.959991231Z 08:00:26.959741 recvmsg(8, {msg_name={sa_family=AF_NETLINK, nl_pid=0, nl_groups=00000000}, msg_namelen=12, msg_iov=[{iov_base={{len=20, type=NLMSG_DONE, flags=NLM_F_MULTI, seq=1684396826, pid=70}, 0}, iov_len=4096}], msg_iovlen=1, msg_controllen=0, msg_flags=0}, 0) = 20
2023-05-18T08:00:26.960803768Z 08:00:26.960539 socket(AF_UNIX, SOCK_STREAM|SOCK_CLOEXEC|SOCK_NONBLOCK, 0) = 8
2023-05-18T08:00:26.961107824Z 08:00:26.960848 connect(8, {sa_family=AF_UNIX, sun_path="/var/run/nscd/socket"}, 110) = -1 ENOENT (No such file or directory)
2023-05-18T08:00:26.961404304Z 08:00:26.961201 socket(AF_UNIX, SOCK_STREAM|SOCK_CLOEXEC|SOCK_NONBLOCK, 0) = 8
2023-05-18T08:00:26.961606000Z 08:00:26.961356 connect(8, {sa_family=AF_UNIX, sun_path="/var/run/nscd/socket"}, 110) = -1 ENOENT (No such file or directory)
2023-05-18T08:00:26.963639181Z 08:00:26.963483 socket(AF_INET, SOCK_DGRAM|SOCK_CLOEXEC|SOCK_NONBLOCK, IPPROTO_IP) = 8
2023-05-18T08:00:26.963886078Z 08:00:26.963678 connect(8, {sa_family=AF_INET, sin_port=htons(53), sin_addr=inet_addr("169.254.169.254")}, 16) = 0
2023-05-18T08:00:26.964380568Z 08:00:26.963943 sendto(8, "C4\1\0\0\1\0\0\0\0\0\0\rflux-sample-0\fflux-"..., 76, MSG_NOSIGNAL, NULL, 0) = 76
2023-05-18T08:00:26.969479457Z 08:00:26.969130 recvfrom(8, "C4\201\200\0\1\0\1\0\0\0\0\rflux-sample-0\fflux-"..., 1024, 0, {sa_family=AF_INET, sin_port=htons(53), sin_addr=inet_addr("169.254.169.254")}, [28->16]) = 92
2023-05-18T08:00:26.976392018Z broker.info[1]: start: none->join 1.73506ms
2023-05-18T08:00:32.151611855Z broker.info[1]: parent-ready: join->init 5.17478s
2023-05-18T08:00:32.151972902Z 08:00:32.151699 socketpair(AF_UNIX, SOCK_STREAM|SOCK_CLOEXEC, 0, [22, 23]) = 0
2023-05-18T08:00:32.152263173Z 08:00:32.152069 socketpair(AF_UNIX, SOCK_STREAM, 0, [24, 25]) = 0
2023-05-18T08:00:32.153005355Z 08:00:32.152745 socketpair(AF_UNIX, SOCK_STREAM, 0, [26, 27]) = 0
2023-05-18T08:00:32.153484783Z 08:00:32.153135 socketpair(AF_UNIX, SOCK_STREAM, 0, [28, 29]) = 0
2023-05-18T08:00:32.180073995Z broker.info[1]: configuration updated
2023-05-18T08:00:32.321046429Z broker.info[1]: rc1.0: running /etc/flux/rc1.d/01-sched-fluxion
2023-05-18T08:00:32.332768308Z broker.info[1]: rc1.0: running /etc/flux/rc1.d/02-cron
2023-05-18T08:00:32.358822923Z broker.info[1]: rc1.0: /etc/flux/rc1 Exited (rc=0) 0.2s
2023-05-18T08:00:32.360093119Z broker.info[1]: rc1-success: init->quorum 0.208196s
2023-05-18T08:00:32.577104209Z broker.info[1]: quorum-full: quorum->run 0.216802s
2023-05-18T08:00:43.219017492Z broker.info[1]: shutdown: run->cleanup 10.6414s
2023-05-18T08:00:43.220199261Z broker.info[1]: cleanup-none: cleanup->shutdown 1.11546ms
2023-05-18T08:00:43.221508399Z broker.info[1]: children-none: shutdown->finalize 1.02248ms
2023-05-18T08:00:43.221957647Z 08:00:43.221532 socketpair(AF_UNIX, SOCK_STREAM|SOCK_CLOEXEC, 0, [22, 23]) = 0
2023-05-18T08:00:43.221969120Z 08:00:43.221673 socketpair(AF_UNIX, SOCK_STREAM, 0, [24, 25]) = 0
2023-05-18T08:00:43.222446262Z 08:00:43.221900 socketpair(AF_UNIX, SOCK_STREAM, 0, [26, 28]) = 0
2023-05-18T08:00:43.222493390Z 08:00:43.222157 socketpair(AF_UNIX, SOCK_STREAM, 0, [58, 59]) = 0
2023-05-18T08:00:43.241124002Z broker.info[1]: rc3.0: running /etc/flux/rc3.d/01-sched-fluxion
2023-05-18T08:00:43.361511154Z broker.info[1]: rc3.0: /etc/flux/rc3 Exited (rc=0) 0.1s
2023-05-18T08:00:43.362208523Z broker.info[1]: rc3-success: finalize->goodbye 0.140476s
2023-05-18T08:00:43.363461484Z broker.info[1]: goodbye: goodbye->exit 0.981482ms
2023-05-18T08:00:43.371149225Z 08:00:43.370953 +++ exited with 0 +++
2023-05-18T08:00:43.372928300Z Return value for follower worker is 0
2023-05-18T08:00:43.373095956Z The follower worker exited cleanly. Goodbye!
