2023-05-18T12:31:47.688121422Z
2023-05-18T12:31:47.688165955Z Flux username: flux
2023-05-18T12:31:47.688173208Z
2023-05-18T12:31:47.688178134Z Flux install root: /usr
2023-05-18T12:31:47.732829207Z flux user is already added.
2023-05-18T12:31:47.735452736Z flux user identifiers:
2023-05-18T12:31:47.735472092Z uid=1234(flux) gid=1234(flux) groups=1234(flux)
2023-05-18T12:31:47.735607400Z
2023-05-18T12:31:47.735619432Z As Flux prefix for flux commands: sudo -u flux -E PYTHONPATH=/opt/conda/lib/python3.10/site-packages -E PATH=/opt/conda/bin:/usr/local/sbin:/usr/local/bin:/usr/sbin:/usr/bin:/sbin:/bin -E LD_LIBRARY_PATH=/opt/conda/lib -E HOME=/home/flux
2023-05-18T12:31:47.743327827Z
2023-05-18T12:31:47.743346611Z ðŸ‘‹ Hello, I'm flux-sample-1
2023-05-18T12:31:47.743438340Z The main host is flux-sample-0
2023-05-18T12:31:47.743447763Z The working directory is /home/flux/examples/reaxff/HNS, contents include:
2023-05-18T12:31:47.745106904Z /home/flux/examples/reaxff/HNS:
2023-05-18T12:31:47.745123606Z README.txt	ffield.reax.hns  log.8Mar18.reaxc.hns.g++.1
2023-05-18T12:31:47.745129091Z data.hns-equil	in.reaxc.hns	 log.8Mar18.reaxc.hns.g++.4
2023-05-18T12:31:47.745456284Z End of file listing, if you see nothing above there are no files.
2023-05-18T12:31:47.747201391Z flux R encode --hosts=flux-sample-[0-3]
2023-05-18T12:31:47.760441337Z
2023-05-18T12:31:47.760461082Z ðŸ“¦ Resources
2023-05-18T12:31:47.761797125Z {"version": 1, "execution": {"R_lite": [{"rank": "0-3", "children": {"core": "0"}}], "starttime": 0.0, "expiration": 0.0, "nodelist": ["flux-sample-[0-3]"]}}
2023-05-18T12:31:47.762089398Z
2023-05-18T12:31:47.762105047Z ðŸ¸ Diagnostics: false
2023-05-18T12:31:47.762262886Z ðŸš©ï¸ Flux Option Flags defined
2023-05-18T12:31:47.765634418Z
2023-05-18T12:31:47.765652230Z ðŸ¦Š Independent Minister of Privilege
2023-05-18T12:31:47.766782124Z [exec]
2023-05-18T12:31:47.766798056Z allowed-users = [ "flux", "root" ]
2023-05-18T12:31:47.766805034Z allowed-shells = [ "/usr/libexec/flux/flux-shell" ]
2023-05-18T12:31:47.766987566Z
2023-05-18T12:31:47.767000505Z ðŸ¸ Broker Configuration
2023-05-18T12:31:47.768145840Z # Flux needs to know the path to the IMP executable
2023-05-18T12:31:47.768160736Z [exec]
2023-05-18T12:31:47.768176421Z imp = "/usr/libexec/flux/flux-imp"
2023-05-18T12:31:47.768181987Z
2023-05-18T12:31:47.768186999Z [access]
2023-05-18T12:31:47.768192018Z allow-guest-user = true
2023-05-18T12:31:47.768196824Z allow-root-owner = true
2023-05-18T12:31:47.768203333Z
2023-05-18T12:31:47.768209218Z # Point to resource definition generated with flux-R(1).
2023-05-18T12:31:47.768214157Z [resource]
2023-05-18T12:31:47.768219042Z path = "/etc/flux/system/R"
2023-05-18T12:31:47.768223434Z
2023-05-18T12:31:47.768227983Z [bootstrap]
2023-05-18T12:31:47.768251272Z curve_cert = "/etc/curve/curve.cert"
2023-05-18T12:31:47.768257230Z default_port = 8050
2023-05-18T12:31:47.768262023Z default_bind = "tcp://eth0:%p"
2023-05-18T12:31:47.768267289Z default_connect = "tcp://%h.flux-service.flux-operator.svc.cluster.local:%p"
2023-05-18T12:31:47.768271898Z hosts = [
2023-05-18T12:31:47.768276532Z 	{ host="flux-sample-[0-3]"},
2023-05-18T12:31:47.768281734Z ]
2023-05-18T12:31:47.768286498Z
2023-05-18T12:31:47.768293523Z [archive]
2023-05-18T12:31:47.768299170Z dbpath = "/var/lib/flux/job-archive.sqlite"
2023-05-18T12:31:47.768304670Z period = "1m"
2023-05-18T12:31:47.854672176Z busytimeout = "50s"
2023-05-18T12:31:47.854692405Z ðŸ§Šï¸ State Directory:
2023-05-18T12:31:47.854698378Z total 0
2023-05-18T12:31:47.854703265Z
2023-05-18T12:31:47.858801841Z
2023-05-18T12:31:47.858822099Z ðŸ”’ï¸ Working directory permissions:
2023-05-18T12:31:47.858827802Z total 96
2023-05-18T12:31:47.858833001Z -rwxrwxrwx 1 flux root  2517 May 17 22:32 README.txt
2023-05-18T12:31:47.858837720Z -rwxrwxrwx 1 flux root 54692 May 17 22:32 data.hns-equil
2023-05-18T12:31:47.858842573Z -rwxrwxrwx 1 flux root 13576 May 17 22:32 ffield.reax.hns
2023-05-18T12:31:47.858847500Z -rwxrwxrwx 1 flux root   870 May 17 22:32 in.reaxc.hns
2023-05-18T12:31:47.858853567Z -rwxrwxrwx 1 flux root  4172 May 17 22:32 log.8Mar18.reaxc.hns.g++.1
2023-05-18T12:31:47.858963120Z -rwxrwxrwx 1 flux root  4168 May 17 22:32 log.8Mar18.reaxc.hns.g++.4
2023-05-18T12:31:47.859050549Z
2023-05-18T12:31:47.859207622Z
2023-05-18T12:31:47.859218069Z âœ¨ Curve certificate generated by helper pod
2023-05-18T12:31:47.860736440Z #   ****  Generated on 2023-04-26 22:54:42 by CZMQ  ****
2023-05-18T12:31:47.860753586Z #   ZeroMQ CURVE **Secret** Certificate
2023-05-18T12:31:47.860759410Z #   DO NOT PROVIDE THIS FILE TO OTHER USERS nor change its permissions.
2023-05-18T12:31:47.860764123Z
2023-05-18T12:31:47.860768919Z metadata
2023-05-18T12:31:47.860784716Z     name = "flux-cert-generator"
2023-05-18T12:31:47.860789823Z     keygen.hostname = "flux-sample-0"
2023-05-18T12:31:47.860797467Z curve
2023-05-18T12:31:47.860803742Z     public-key = "y(.ze}R>:X+[NT=)OU+R+CRrLpdVpOAuP(?I#z-V"
2023-05-18T12:31:47.860808548Z     secret-key = "6CFUYT=(M8?uL?+nvX$sxWg]WRGeBfT89(O3KfB?"
2023-05-18T12:31:47.863090216Z
2023-05-18T12:31:47.863109767Z ðŸŒ€  flux start --wrap=strace,-e,network,-tt -o --config /etc/flux/config -Scron.directory=/etc/flux/system/cron.d   -Stbon.fanout=256   -Srundir=/run/flux    -Sstatedir=/var/lib/flux   -Slocal-uri=local:///run/flux/local -Stbon.connect_timeout=2s  -Stbon.zmqdebug=1  -Slog-stderr-level=6    -Slog-stderr-mode=local
2023-05-18T12:31:47.902966131Z 12:31:47.902687 socket(AF_NETLINK, SOCK_RAW, NETLINK_ROUTE) = 8
2023-05-18T12:31:47.903205229Z 12:31:47.902980 bind(8, {sa_family=AF_NETLINK, nl_pid=0, nl_groups=00000000}, 12) = 0
2023-05-18T12:31:47.903483765Z 12:31:47.903266 getsockname(8, {sa_family=AF_NETLINK, nl_pid=71, nl_groups=00000000}, [12]) = 0
2023-05-18T12:31:47.903941938Z 12:31:47.903529 sendto(8, {{len=20, type=RTM_GETADDR, flags=NLM_F_REQUEST|NLM_F_DUMP, seq=1684413107, pid=0}, {ifa_family=AF_UNSPEC, ...}}, 20, 0, {sa_family=AF_NETLINK, nl_pid=0, nl_groups=00000000}, 12) = 20
2023-05-18T12:31:47.904438019Z 12:31:47.903995 recvmsg(8, {msg_name={sa_family=AF_NETLINK, nl_pid=0, nl_groups=00000000}, msg_namelen=12, msg_iov=[{iov_base=[{{len=76, type=RTM_NEWADDR, flags=NLM_F_MULTI, seq=1684413107, pid=71}, {ifa_family=AF_INET, ifa_prefixlen=8, ifa_flags=IFA_F_PERMANENT, ifa_scope=RT_SCOPE_HOST, ifa_index=if_nametoindex("lo")}, [{{nla_len=8, nla_type=IFA_ADDRESS}, 127.0.0.1}, {{nla_len=8, nla_type=IFA_LOCAL}, 127.0.0.1}, {{nla_len=7, nla_type=IFA_LABEL}, "lo"}, {{nla_len=8, nla_type=IFA_FLAGS}, IFA_F_PERMANENT}, {{nla_len=20, nla_type=IFA_CACHEINFO}, {ifa_prefered=4294967295, ifa_valid=4294967295, cstamp=1885296, tstamp=1885296}}]}, {{len=88, type=RTM_NEWADDR, flags=NLM_F_MULTI, seq=1684413107, pid=71}, {ifa_family=AF_INET, ifa_prefixlen=24, ifa_flags=IFA_F_PERMANENT, ifa_scope=RT_SCOPE_UNIVERSE, ifa_index=if_nametoindex("eth0")}, [{{nla_len=8, nla_type=IFA_ADDRESS}, 10.24.0.16}, {{nla_len=8, nla_type=IFA_LOCAL}, 10.24.0.16}, {{nla_len=8, nla_type=IFA_BROADCAST}, 10.24.0.255}, {{nla_len=9, nla_type=IFA_LABEL}, "eth0"}, {{nla_len=8, nla_type=IFA_FLAGS}, IFA_F_PERMANENT}, {{nla_len=20, nla_type=IFA_CACHEINFO}, {ifa_prefered=4294967295, ifa_valid=4294967295, cstamp=1885298, tstamp=1885298}}]}], iov_len=4096}], msg_iovlen=1, msg_controllen=0, msg_flags=0}, 0) = 164
2023-05-18T12:31:47.906067916Z 12:31:47.904507 recvmsg(8, {msg_name={sa_family=AF_NETLINK, nl_pid=0, nl_groups=00000000}, msg_namelen=12, msg_iov=[{iov_base={{len=20, type=NLMSG_DONE, flags=NLM_F_MULTI, seq=1684413107, pid=71}, 0}, iov_len=4096}], msg_iovlen=1, msg_controllen=0, msg_flags=0}, 0) = 20
2023-05-18T12:31:47.906803064Z 12:31:47.906583 socket(AF_UNIX, SOCK_STREAM|SOCK_CLOEXEC|SOCK_NONBLOCK, 0) = 8
2023-05-18T12:31:47.907074417Z 12:31:47.906856 connect(8, {sa_family=AF_UNIX, sun_path="/var/run/nscd/socket"}, 110) = -1 ENOENT (No such file or directory)
2023-05-18T12:31:47.907392613Z 12:31:47.907162 socket(AF_UNIX, SOCK_STREAM|SOCK_CLOEXEC|SOCK_NONBLOCK, 0) = 8
2023-05-18T12:31:47.907658042Z 12:31:47.907442 connect(8, {sa_family=AF_UNIX, sun_path="/var/run/nscd/socket"}, 110) = -1 ENOENT (No such file or directory)
2023-05-18T12:31:47.908901380Z 12:31:47.908661 socket(AF_INET, SOCK_DGRAM|SOCK_CLOEXEC|SOCK_NONBLOCK, IPPROTO_IP) = 8
2023-05-18T12:31:47.909165931Z 12:31:47.908944 connect(8, {sa_family=AF_INET, sin_port=htons(53), sin_addr=inet_addr("169.254.169.254")}, 16) = 0
2023-05-18T12:31:47.909617983Z 12:31:47.909269 sendto(8, "\30\377\1\0\0\1\0\0\0\0\0\0\rflux-sample-0\fflux-"..., 76, MSG_NOSIGNAL, NULL, 0) = 76
2023-05-18T12:31:47.912518711Z 12:31:47.912213 recvfrom(8, "\30\377\201\200\0\1\0\1\0\0\0\0\rflux-sample-0\fflux-"..., 1024, 0, {sa_family=AF_INET, sin_port=htons(53), sin_addr=inet_addr("169.254.169.254")}, [28->16]) = 92
2023-05-18T12:31:47.916949381Z broker.info[1]: start: none->join 1.60387ms
2023-05-18T12:31:50.126433539Z broker.info[1]: parent-ready: join->init 2.20908s
2023-05-18T12:31:50.127055283Z 12:31:50.126397 socketpair(AF_UNIX, SOCK_STREAM|SOCK_CLOEXEC, 0, [22, 23]) = 0
2023-05-18T12:31:50.127552862Z 12:31:50.126807 socketpair(AF_UNIX, SOCK_STREAM, 0, [24, 25]) = 0
2023-05-18T12:31:50.127827613Z 12:31:50.127110 socketpair(AF_UNIX, SOCK_STREAM, 0, [26, 27]) = 0
2023-05-18T12:31:50.127978527Z 12:31:50.127541 socketpair(AF_UNIX, SOCK_STREAM, 0, [28, 29]) = 0
2023-05-18T12:31:50.152448524Z broker.info[1]: configuration updated
2023-05-18T12:31:50.269759982Z broker.info[1]: rc1.0: running /etc/flux/rc1.d/01-sched-fluxion
2023-05-18T12:31:50.280435497Z broker.info[1]: rc1.0: running /etc/flux/rc1.d/02-cron
2023-05-18T12:31:50.304023040Z broker.info[1]: rc1.0: /etc/flux/rc1 Exited (rc=0) 0.2s
2023-05-18T12:31:50.305053632Z broker.info[1]: rc1-success: init->quorum 0.178477s
2023-05-18T12:31:52.288628500Z broker.info[1]: quorum-full: quorum->run 1.98298s
2023-05-18T12:32:03.804326033Z broker.info[1]: shutdown: run->cleanup 11.5154s
2023-05-18T12:32:03.805920205Z broker.info[1]: cleanup-none: cleanup->shutdown 1.37866ms
2023-05-18T12:32:03.807132489Z broker.info[1]: children-none: shutdown->finalize 0.907625ms
2023-05-18T12:32:03.807378378Z 12:32:03.807104 socketpair(AF_UNIX, SOCK_STREAM|SOCK_CLOEXEC, 0, [22, 23]) = 0
2023-05-18T12:32:03.807485786Z 12:32:03.807255 socketpair(AF_UNIX, SOCK_STREAM, 0, [24, 25]) = 0
2023-05-18T12:32:03.807601599Z 12:32:03.807441 socketpair(AF_UNIX, SOCK_STREAM, 0, [26, 28]) = 0
2023-05-18T12:32:03.807810526Z 12:32:03.807614 socketpair(AF_UNIX, SOCK_STREAM, 0, [58, 59]) = 0
2023-05-18T12:32:03.825065255Z broker.info[1]: rc3.0: running /etc/flux/rc3.d/01-sched-fluxion
2023-05-18T12:32:03.950253303Z broker.info[1]: rc3.0: /etc/flux/rc3 Exited (rc=0) 0.1s
2023-05-18T12:32:03.951359903Z broker.info[1]: rc3-success: finalize->goodbye 0.144081s
2023-05-18T12:32:03.952899542Z broker.info[1]: goodbye: goodbye->exit 0.997142ms
2023-05-18T12:32:03.960433922Z 12:32:03.960269 +++ exited with 0 +++
2023-05-18T12:32:03.961630322Z Return value for follower worker is 0
2023-05-18T12:32:03.961652077Z The follower worker exited cleanly. Goodbye!
