2023-05-18T12:53:25.844315874Z
2023-05-18T12:53:25.845482740Z Flux username: flux
2023-05-18T12:53:25.845595056Z
2023-05-18T12:53:25.845616938Z Flux install root: /usr
2023-05-18T12:53:25.889650088Z flux user is already added.
2023-05-18T12:53:25.892381250Z flux user identifiers:
2023-05-18T12:53:25.892399932Z uid=1234(flux) gid=1234(flux) groups=1234(flux)
2023-05-18T12:53:25.892405636Z
2023-05-18T12:53:25.892921532Z As Flux prefix for flux commands: sudo -u flux -E PYTHONPATH=/opt/conda/lib/python3.10/site-packages -E PATH=/opt/conda/bin:/usr/local/sbin:/usr/local/bin:/usr/sbin:/usr/bin:/sbin:/bin -E LD_LIBRARY_PATH=/opt/conda/lib -E HOME=/home/flux
2023-05-18T12:53:25.900456550Z
2023-05-18T12:53:25.900476428Z ðŸ‘‹ Hello, I'm flux-sample-2
2023-05-18T12:53:25.900583610Z The main host is flux-sample-0
2023-05-18T12:53:25.900594385Z The working directory is /home/flux/examples/reaxff/HNS, contents include:
2023-05-18T12:53:25.902321212Z /home/flux/examples/reaxff/HNS:
2023-05-18T12:53:25.902462411Z README.txt	ffield.reax.hns  log.8Mar18.reaxc.hns.g++.1
2023-05-18T12:53:25.902473225Z data.hns-equil	in.reaxc.hns	 log.8Mar18.reaxc.hns.g++.4
2023-05-18T12:53:25.902782848Z End of file listing, if you see nothing above there are no files.
2023-05-18T12:53:25.904847107Z flux R encode --hosts=flux-sample-[0-3]
2023-05-18T12:53:25.922343530Z
2023-05-18T12:53:25.922363566Z ðŸ“¦ Resources
2023-05-18T12:53:25.923597832Z {"version": 1, "execution": {"R_lite": [{"rank": "0-3", "children": {"core": "0"}}], "starttime": 0.0, "expiration": 0.0, "nodelist": ["flux-sample-[0-3]"]}}
2023-05-18T12:53:25.923801650Z
2023-05-18T12:53:25.923815715Z ðŸ¸ Diagnostics: false
2023-05-18T12:53:25.923990772Z ðŸš©ï¸ Flux Option Flags defined
2023-05-18T12:53:25.928568502Z
2023-05-18T12:53:25.928587940Z ðŸ¦Š Independent Minister of Privilege
2023-05-18T12:53:25.929944808Z [exec]
2023-05-18T12:53:25.929961941Z allowed-users = [ "flux", "root" ]
2023-05-18T12:53:25.929969224Z allowed-shells = [ "/usr/libexec/flux/flux-shell" ]
2023-05-18T12:53:25.930340176Z
2023-05-18T12:53:25.930357903Z ðŸ¸ Broker Configuration
2023-05-18T12:53:25.931717994Z # Flux needs to know the path to the IMP executable
2023-05-18T12:53:25.931733306Z [exec]
2023-05-18T12:53:25.931739339Z imp = "/usr/libexec/flux/flux-imp"
2023-05-18T12:53:25.931744072Z
2023-05-18T12:53:25.931748894Z [access]
2023-05-18T12:53:25.931754131Z allow-guest-user = true
2023-05-18T12:53:25.931761323Z allow-root-owner = true
2023-05-18T12:53:25.931767046Z
2023-05-18T12:53:25.931772061Z # Point to resource definition generated with flux-R(1).
2023-05-18T12:53:25.931777275Z [resource]
2023-05-18T12:53:25.931782497Z path = "/etc/flux/system/R"
2023-05-18T12:53:25.931787129Z
2023-05-18T12:53:25.931799201Z [bootstrap]
2023-05-18T12:53:25.931804563Z curve_cert = "/etc/curve/curve.cert"
2023-05-18T12:53:25.931811429Z default_port = 8050
2023-05-18T12:53:25.931817204Z default_bind = "tcp://eth0:%p"
2023-05-18T12:53:25.931822742Z default_connect = "tcp://%h.flux-service.flux-operator.svc.cluster.local:%p"
2023-05-18T12:53:25.931827637Z hosts = [
2023-05-18T12:53:25.931832701Z 	{ host="flux-sample-[0-3]"},
2023-05-18T12:53:25.931837671Z ]
2023-05-18T12:53:25.931842175Z
2023-05-18T12:53:25.931846783Z [archive]
2023-05-18T12:53:25.931853901Z dbpath = "/var/lib/flux/job-archive.sqlite"
2023-05-18T12:53:25.931859586Z period = "1m"
2023-05-18T12:53:26.008450170Z busytimeout = "50s"
2023-05-18T12:53:26.008473886Z ðŸ§Šï¸ State Directory:
2023-05-18T12:53:26.008479890Z total 0
2023-05-18T12:53:26.008484535Z
2023-05-18T12:53:26.010314903Z
2023-05-18T12:53:26.010337266Z ðŸ”’ï¸ Working directory permissions:
2023-05-18T12:53:26.010343801Z total 96
2023-05-18T12:53:26.010349308Z -rwxrwxrwx 1 flux root  2517 May 17 22:32 README.txt
2023-05-18T12:53:26.010356407Z -rwxrwxrwx 1 flux root 54692 May 17 22:32 data.hns-equil
2023-05-18T12:53:26.010362996Z -rwxrwxrwx 1 flux root 13576 May 17 22:32 ffield.reax.hns
2023-05-18T12:53:26.010367919Z -rwxrwxrwx 1 flux root   870 May 17 22:32 in.reaxc.hns
2023-05-18T12:53:26.010373335Z -rwxrwxrwx 1 flux root  4172 May 17 22:32 log.8Mar18.reaxc.hns.g++.1
2023-05-18T12:53:26.010378310Z -rwxrwxrwx 1 flux root  4168 May 17 22:32 log.8Mar18.reaxc.hns.g++.4
2023-05-18T12:53:26.010382894Z
2023-05-18T12:53:26.010526235Z
2023-05-18T12:53:26.010538179Z âœ¨ Curve certificate generated by helper pod
2023-05-18T12:53:26.012000223Z #   ****  Generated on 2023-04-26 22:54:42 by CZMQ  ****
2023-05-18T12:53:26.012016581Z #   ZeroMQ CURVE **Secret** Certificate
2023-05-18T12:53:26.012022386Z #   DO NOT PROVIDE THIS FILE TO OTHER USERS nor change its permissions.
2023-05-18T12:53:26.012027091Z
2023-05-18T12:53:26.012032000Z metadata
2023-05-18T12:53:26.012037264Z     name = "flux-cert-generator"
2023-05-18T12:53:26.012042257Z     keygen.hostname = "flux-sample-0"
2023-05-18T12:53:26.012046879Z curve
2023-05-18T12:53:26.012054254Z     public-key = "7&/l@JGMf]mc]JPEE13aec&9]yC*x(B^n6rlem>A"
2023-05-18T12:53:26.012060939Z     secret-key = "E*^wGl@sw]bT&{9sBrOS@8N}Z=WHJJD$hn#J!BI7"
2023-05-18T12:53:26.014398648Z
2023-05-18T12:53:26.014418444Z ðŸŒ€  flux start --wrap=strace,-e,network,-tt -o --config /etc/flux/config -Scron.directory=/etc/flux/system/cron.d   -Stbon.fanout=256   -Srundir=/run/flux    -Sstatedir=/var/lib/flux   -Slocal-uri=local:///run/flux/local -Stbon.connect_timeout=5s  -Stbon.zmqdebug=1  -Slog-stderr-level=6    -Slog-stderr-mode=local
2023-05-18T12:53:26.052651418Z 12:53:26.052483 socket(AF_NETLINK, SOCK_RAW, NETLINK_ROUTE) = 8
2023-05-18T12:53:26.052788428Z 12:53:26.052581 bind(8, {sa_family=AF_NETLINK, nl_pid=0, nl_groups=00000000}, 12) = 0
2023-05-18T12:53:26.052886029Z 12:53:26.052692 getsockname(8, {sa_family=AF_NETLINK, nl_pid=70, nl_groups=00000000}, [12]) = 0
2023-05-18T12:53:26.053131788Z 12:53:26.052798 sendto(8, {{len=20, type=RTM_GETADDR, flags=NLM_F_REQUEST|NLM_F_DUMP, seq=1684414406, pid=0}, {ifa_family=AF_UNSPEC, ...}}, 20, 0, {sa_family=AF_NETLINK, nl_pid=0, nl_groups=00000000}, 12) = 20
2023-05-18T12:53:26.053509980Z 12:53:26.053081 recvmsg(8, {msg_name={sa_family=AF_NETLINK, nl_pid=0, nl_groups=00000000}, msg_namelen=12, msg_iov=[{iov_base=[{{len=76, type=RTM_NEWADDR, flags=NLM_F_MULTI, seq=1684414406, pid=70}, {ifa_family=AF_INET, ifa_prefixlen=8, ifa_flags=IFA_F_PERMANENT, ifa_scope=RT_SCOPE_HOST, ifa_index=if_nametoindex("lo")}, [{{nla_len=8, nla_type=IFA_ADDRESS}, 127.0.0.1}, {{nla_len=8, nla_type=IFA_LOCAL}, 127.0.0.1}, {{nla_len=7, nla_type=IFA_LABEL}, "lo"}, {{nla_len=8, nla_type=IFA_FLAGS}, IFA_F_PERMANENT}, {{nla_len=20, nla_type=IFA_CACHEINFO}, {ifa_prefered=4294967295, ifa_valid=4294967295, cstamp=2015100, tstamp=2015100}}]}, {{len=88, type=RTM_NEWADDR, flags=NLM_F_MULTI, seq=1684414406, pid=70}, {ifa_family=AF_INET, ifa_prefixlen=24, ifa_flags=IFA_F_PERMANENT, ifa_scope=RT_SCOPE_UNIVERSE, ifa_index=if_nametoindex("eth0")}, [{{nla_len=8, nla_type=IFA_ADDRESS}, 10.24.0.80}, {{nla_len=8, nla_type=IFA_LOCAL}, 10.24.0.80}, {{nla_len=8, nla_type=IFA_BROADCAST}, 10.24.0.255}, {{nla_len=9, nla_type=IFA_LABEL}, "eth0"}, {{nla_len=8, nla_type=IFA_FLAGS}, IFA_F_PERMANENT}, {{nla_len=20, nla_type=IFA_CACHEINFO}, {ifa_prefered=4294967295, ifa_valid=4294967295, cstamp=2015104, tstamp=2015104}}]}], iov_len=4096}], msg_iovlen=1, msg_controllen=0, msg_flags=0}, 0) = 164
2023-05-18T12:53:26.053664309Z 12:53:26.053473 recvmsg(8, {msg_name={sa_family=AF_NETLINK, nl_pid=0, nl_groups=00000000}, msg_namelen=12, msg_iov=[{iov_base={{len=20, type=NLMSG_DONE, flags=NLM_F_MULTI, seq=1684414406, pid=70}, 0}, iov_len=4096}], msg_iovlen=1, msg_controllen=0, msg_flags=0}, 0) = 20
2023-05-18T12:53:26.054147206Z 12:53:26.054034 socket(AF_UNIX, SOCK_STREAM|SOCK_CLOEXEC|SOCK_NONBLOCK, 0) = 8
2023-05-18T12:53:26.054275509Z 12:53:26.054108 connect(8, {sa_family=AF_UNIX, sun_path="/var/run/nscd/socket"}, 110) = -1 ENOENT (No such file or directory)
2023-05-18T12:53:26.054448253Z 12:53:26.054307 socket(AF_UNIX, SOCK_STREAM|SOCK_CLOEXEC|SOCK_NONBLOCK, 0) = 8
2023-05-18T12:53:26.054536127Z 12:53:26.054402 connect(8, {sa_family=AF_UNIX, sun_path="/var/run/nscd/socket"}, 110) = -1 ENOENT (No such file or directory)
2023-05-18T12:53:26.055629165Z 12:53:26.055495 socket(AF_INET, SOCK_DGRAM|SOCK_CLOEXEC|SOCK_NONBLOCK, IPPROTO_IP) = 8
2023-05-18T12:53:26.055730699Z 12:53:26.055575 connect(8, {sa_family=AF_INET, sin_port=htons(53), sin_addr=inet_addr("169.254.169.254")}, 16) = 0
2023-05-18T12:53:26.056149829Z 12:53:26.055759 sendto(8, "\232\374\1\0\0\1\0\0\0\0\0\0\rflux-sample-0\fflux-"..., 76, MSG_NOSIGNAL, NULL, 0) = 76
2023-05-18T12:53:26.059761073Z 12:53:26.059581 recvfrom(8, "\232\374\201\203\0\1\0\0\0\1\0\0\rflux-sample-0\fflux-"..., 1024, 0, {sa_family=AF_INET, sin_port=htons(53), sin_addr=inet_addr("169.254.169.254")}, [28->16]) = 172
2023-05-18T12:53:26.060007354Z 12:53:26.059790 socket(AF_INET, SOCK_DGRAM|SOCK_CLOEXEC|SOCK_NONBLOCK, IPPROTO_IP) = 8
2023-05-18T12:53:26.060108965Z 12:53:26.059905 connect(8, {sa_family=AF_INET, sin_port=htons(53), sin_addr=inet_addr("169.254.169.254")}, 16) = 0
2023-05-18T12:53:26.060309585Z 12:53:26.060065 sendto(8, ",\232\1\0\0\1\0\0\0\0\0\0\rflux-sample-0\fflux-"..., 108, MSG_NOSIGNAL, NULL, 0) = 108
2023-05-18T12:53:26.063328570Z 12:53:26.063053 recvfrom(8, ",\232\201\203\0\1\0\0\0\1\0\0\rflux-sample-0\fflux-"..., 1024, 0, {sa_family=AF_INET, sin_port=htons(53), sin_addr=inet_addr("169.254.169.254")}, [28->16]) = 204
2023-05-18T12:53:26.063436414Z 12:53:26.063222 socket(AF_INET, SOCK_DGRAM|SOCK_CLOEXEC|SOCK_NONBLOCK, IPPROTO_IP) = 8
2023-05-18T12:53:26.063545684Z 12:53:26.063312 connect(8, {sa_family=AF_INET, sin_port=htons(53), sin_addr=inet_addr("169.254.169.254")}, 16) = 0
2023-05-18T12:53:26.063744998Z 12:53:26.063465 sendto(8, "]\t\1\0\0\1\0\0\0\0\0\0\rflux-sample-0\fflux-"..., 94, MSG_NOSIGNAL, NULL, 0) = 94
2023-05-18T12:53:26.066776057Z 12:53:26.066532 recvfrom(8, "]\t\201\203\0\1\0\0\0\1\0\0\rflux-sample-0\fflux-"..., 1024, 0, {sa_family=AF_INET, sin_port=htons(53), sin_addr=inet_addr("169.254.169.254")}, [28->16]) = 190
2023-05-18T12:53:26.066907128Z 12:53:26.066712 socket(AF_INET, SOCK_DGRAM|SOCK_CLOEXEC|SOCK_NONBLOCK, IPPROTO_IP) = 8
2023-05-18T12:53:26.067012691Z 12:53:26.066800 connect(8, {sa_family=AF_INET, sin_port=htons(53), sin_addr=inet_addr("169.254.169.254")}, 16) = 0
2023-05-18T12:53:26.067211951Z 12:53:26.066949 sendto(8, "J\233\1\0\0\1\0\0\0\0\0\0\rflux-sample-0\fflux-"..., 90, MSG_NOSIGNAL, NULL, 0) = 90
2023-05-18T12:53:26.070720584Z 12:53:26.070516 recvfrom(8, "J\233\201\203\0\1\0\0\0\1\0\0\rflux-sample-0\fflux-"..., 1024, 0, {sa_family=AF_INET, sin_port=htons(53), sin_addr=inet_addr("169.254.169.254")}, [28->16]) = 186
2023-05-18T12:53:26.070840885Z 12:53:26.070691 socket(AF_INET, SOCK_DGRAM|SOCK_CLOEXEC|SOCK_NONBLOCK, IPPROTO_IP) = 8
2023-05-18T12:53:26.070927653Z 12:53:26.070780 connect(8, {sa_family=AF_INET, sin_port=htons(53), sin_addr=inet_addr("169.254.169.254")}, 16) = 0
2023-05-18T12:53:26.071137421Z 12:53:26.070941 sendto(8, "\264,\1\0\0\1\0\0\0\0\0\0\rflux-sample-0\fflux-"..., 111, MSG_NOSIGNAL, NULL, 0) = 111
2023-05-18T12:53:26.075915981Z 12:53:26.075687 recvfrom(8, "\264,\201\203\0\1\0\0\0\1\0\0\rflux-sample-0\fflux-"..., 1024, 0, {sa_family=AF_INET, sin_port=htons(53), sin_addr=inet_addr("169.254.169.254")}, [28->16]) = 205
2023-05-18T12:53:26.076383172Z 12:53:26.075974 socket(AF_INET, SOCK_DGRAM|SOCK_CLOEXEC|SOCK_NONBLOCK, IPPROTO_IP) = 8
2023-05-18T12:53:26.076935962Z 12:53:26.076193 connect(8, {sa_family=AF_INET, sin_port=htons(53), sin_addr=inet_addr("169.254.169.254")}, 16) = 0
2023-05-18T12:53:26.076975038Z 12:53:26.076337 sendto(8, "'\214\1\0\0\1\0\0\0\0\0\0\rflux-sample-0\fflux-"..., 97, MSG_NOSIGNAL, NULL, 0) = 97
2023-05-18T12:53:26.081093361Z 12:53:26.080850 recvfrom(8, "'\214\201\203\0\1\0\0\0\1\0\0\rflux-sample-0\fflux-"..., 1024, 0, {sa_family=AF_INET, sin_port=htons(53), sin_addr=inet_addr("169.254.169.254")}, [28->16]) = 186
2023-05-18T12:53:26.081315668Z 12:53:26.081104 socket(AF_INET, SOCK_DGRAM|SOCK_CLOEXEC|SOCK_NONBLOCK, IPPROTO_IP) = 8
2023-05-18T12:53:26.081401860Z 12:53:26.081213 connect(8, {sa_family=AF_INET, sin_port=htons(53), sin_addr=inet_addr("169.254.169.254")}, 16) = 0
2023-05-18T12:53:26.081657041Z 12:53:26.081365 sendto(8, "W\214\1\0\0\1\0\0\0\0\0\0\rflux-sample-0\fflux-"..., 92, MSG_NOSIGNAL, NULL, 0) = 92
2023-05-18T12:53:26.086848559Z 12:53:26.086593 recvfrom(8, "W\214\201\203\0\1\0\0\0\1\0\0\rflux-sample-0\fflux-"..., 1024, 0, {sa_family=AF_INET, sin_port=htons(53), sin_addr=inet_addr("169.254.169.254")}, [28->16]) = 181
2023-05-18T12:53:26.087002614Z broker.err[2]: Warning: unable to resolve upstream peer flux-sample-0.flux-service.flux-operator.svc.cluster.local: Name or service not known
2023-05-18T12:53:26.092720385Z broker.info[2]: start: none->join 1.66305ms
2023-05-18T12:53:28.439607559Z broker.info[2]: parent-ready: join->init 2.34667s
2023-05-18T12:53:28.439763075Z 12:53:28.439517 socketpair(AF_UNIX, SOCK_STREAM|SOCK_CLOEXEC, 0, [22, 23]) = 0
2023-05-18T12:53:28.440365241Z 12:53:28.439697 socketpair(AF_UNIX, SOCK_STREAM, 0, [24, 25]) = 0
2023-05-18T12:53:28.440524202Z 12:53:28.440370 socketpair(AF_UNIX, SOCK_STREAM, 0, [26, 27]) = 0
2023-05-18T12:53:28.440724663Z 12:53:28.440573 socketpair(AF_UNIX, SOCK_STREAM, 0, [28, 29]) = 0
2023-05-18T12:53:28.465550277Z broker.info[2]: configuration updated
2023-05-18T12:53:28.588914279Z broker.info[2]: rc1.0: running /etc/flux/rc1.d/01-sched-fluxion
2023-05-18T12:53:28.600480421Z broker.info[2]: rc1.0: running /etc/flux/rc1.d/02-cron
2023-05-18T12:53:28.622002998Z broker.info[2]: rc1.0: /etc/flux/rc1 Exited (rc=0) 0.2s
2023-05-18T12:53:28.622842096Z broker.info[2]: rc1-success: init->quorum 0.183172s
2023-05-18T12:53:28.834757824Z broker.info[2]: quorum-full: quorum->run 0.211444s
2023-05-18T12:53:40.336880094Z broker.info[2]: shutdown: run->cleanup 11.5017s
2023-05-18T12:53:40.337988198Z broker.info[2]: cleanup-none: cleanup->shutdown 0.903496ms
2023-05-18T12:53:40.339217121Z broker.info[2]: children-none: shutdown->finalize 1.0797ms
2023-05-18T12:53:40.339950374Z 12:53:40.339655 socketpair(AF_UNIX, SOCK_STREAM|SOCK_CLOEXEC, 0, [22, 23]) = 0
2023-05-18T12:53:40.340420561Z 12:53:40.340178 socketpair(AF_UNIX, SOCK_STREAM, 0, [24, 25]) = 0
2023-05-18T12:53:40.340754994Z 12:53:40.340555 socketpair(AF_UNIX, SOCK_STREAM, 0, [26, 28]) = 0
2023-05-18T12:53:40.341057853Z 12:53:40.340844 socketpair(AF_UNIX, SOCK_STREAM, 0, [58, 59]) = 0
2023-05-18T12:53:40.358504008Z broker.info[2]: rc3.0: running /etc/flux/rc3.d/01-sched-fluxion
2023-05-18T12:53:40.480622515Z broker.info[2]: rc3.0: /etc/flux/rc3 Exited (rc=0) 0.1s
2023-05-18T12:53:40.481458022Z broker.info[2]: rc3-success: finalize->goodbye 0.14164s
2023-05-18T12:53:40.482265180Z broker.info[2]: goodbye: goodbye->exit 0.713303ms
2023-05-18T12:53:40.490509300Z 12:53:40.490368 +++ exited with 0 +++
2023-05-18T12:53:40.492201282Z Return value for follower worker is 0
2023-05-18T12:53:40.492334177Z The follower worker exited cleanly. Goodbye!
