2023-05-18T08:39:01.405547969Z
2023-05-18T08:39:01.405607514Z Flux username: flux
2023-05-18T08:39:01.405613841Z
2023-05-18T08:39:01.405619074Z Flux install root: /usr
2023-05-18T08:39:01.452878538Z flux user is already added.
2023-05-18T08:39:01.455767772Z flux user identifiers:
2023-05-18T08:39:01.459088815Z uid=1234(flux) gid=1234(flux) groups=1234(flux)
2023-05-18T08:39:01.459108484Z
2023-05-18T08:39:01.459117600Z As Flux prefix for flux commands: sudo -u flux -E PYTHONPATH=/opt/conda/lib/python3.10/site-packages -E PATH=/opt/conda/bin:/usr/local/sbin:/usr/local/bin:/usr/sbin:/usr/bin:/sbin:/bin -E LD_LIBRARY_PATH=/opt/conda/lib -E HOME=/home/flux
2023-05-18T08:39:01.466810912Z
2023-05-18T08:39:01.466835409Z 👋 Hello, I'm flux-sample-2
2023-05-18T08:39:01.466843583Z The main host is flux-sample-0
2023-05-18T08:39:01.466849270Z The working directory is /home/flux/examples/reaxff/HNS, contents include:
2023-05-18T08:39:01.468594699Z /home/flux/examples/reaxff/HNS:
2023-05-18T08:39:01.468623308Z README.txt	ffield.reax.hns  log.8Mar18.reaxc.hns.g++.1
2023-05-18T08:39:01.468628996Z data.hns-equil	in.reaxc.hns	 log.8Mar18.reaxc.hns.g++.4
2023-05-18T08:39:01.468994978Z End of file listing, if you see nothing above there are no files.
2023-05-18T08:39:01.470803533Z flux R encode --hosts=flux-sample-[0-3]
2023-05-18T08:39:01.485924602Z
2023-05-18T08:39:01.485964455Z 📦 Resources
2023-05-18T08:39:01.487324531Z {"version": 1, "execution": {"R_lite": [{"rank": "0-3", "children": {"core": "0"}}], "starttime": 0.0, "expiration": 0.0, "nodelist": ["flux-sample-[0-3]"]}}
2023-05-18T08:39:01.487513171Z
2023-05-18T08:39:01.487527708Z 🐸 Diagnostics: false
2023-05-18T08:39:01.487672622Z 🚩️ Flux Option Flags defined
2023-05-18T08:39:01.491689936Z
2023-05-18T08:39:01.491714953Z 🦊 Independent Minister of Privilege
2023-05-18T08:39:01.492938087Z [exec]
2023-05-18T08:39:01.492957173Z allowed-users = [ "flux", "root" ]
2023-05-18T08:39:01.492965883Z allowed-shells = [ "/usr/libexec/flux/flux-shell" ]
2023-05-18T08:39:01.493131556Z
2023-05-18T08:39:01.493144879Z 🐸 Broker Configuration
2023-05-18T08:39:01.494363014Z # Flux needs to know the path to the IMP executable
2023-05-18T08:39:01.494381025Z [exec]
2023-05-18T08:39:01.494387202Z imp = "/usr/libexec/flux/flux-imp"
2023-05-18T08:39:01.494394240Z
2023-05-18T08:39:01.494400621Z [access]
2023-05-18T08:39:01.494417897Z allow-guest-user = true
2023-05-18T08:39:01.494422687Z allow-root-owner = true
2023-05-18T08:39:01.494426992Z
2023-05-18T08:39:01.494431958Z # Point to resource definition generated with flux-R(1).
2023-05-18T08:39:01.494438986Z [resource]
2023-05-18T08:39:01.494445666Z path = "/etc/flux/system/R"
2023-05-18T08:39:01.494450403Z
2023-05-18T08:39:01.494455334Z [bootstrap]
2023-05-18T08:39:01.494459809Z curve_cert = "/etc/curve/curve.cert"
2023-05-18T08:39:01.494464566Z default_port = 8050
2023-05-18T08:39:01.494469190Z default_bind = "tcp://eth0:%p"
2023-05-18T08:39:01.494474761Z default_connect = "tcp://%h.flux-service.flux-operator.svc.cluster.local:%p"
2023-05-18T08:39:01.494481767Z hosts = [
2023-05-18T08:39:01.494488477Z 	{ host="flux-sample-[0-3]"},
2023-05-18T08:39:01.494493352Z ]
2023-05-18T08:39:01.494497970Z
2023-05-18T08:39:01.494502386Z [archive]
2023-05-18T08:39:01.494506931Z dbpath = "/var/lib/flux/job-archive.sqlite"
2023-05-18T08:39:01.494511706Z period = "1m"
2023-05-18T08:39:01.583849631Z busytimeout = "50s"
2023-05-18T08:39:01.583877716Z 🧊️ State Directory:
2023-05-18T08:39:01.583884592Z total 0
2023-05-18T08:39:01.583889388Z
2023-05-18T08:39:01.587287744Z
2023-05-18T08:39:01.587361033Z 🔒️ Working directory permissions:
2023-05-18T08:39:01.587370810Z total 96
2023-05-18T08:39:01.587379109Z -rwxrwxrwx 1 flux root  2517 May 17 22:32 README.txt
2023-05-18T08:39:01.587384978Z -rwxrwxrwx 1 flux root 54692 May 17 22:32 data.hns-equil
2023-05-18T08:39:01.587390925Z -rwxrwxrwx 1 flux root 13576 May 17 22:32 ffield.reax.hns
2023-05-18T08:39:01.587420804Z -rwxrwxrwx 1 flux root   870 May 17 22:32 in.reaxc.hns
2023-05-18T08:39:01.587430306Z -rwxrwxrwx 1 flux root  4172 May 17 22:32 log.8Mar18.reaxc.hns.g++.1
2023-05-18T08:39:01.587454698Z -rwxrwxrwx 1 flux root  4168 May 17 22:32 log.8Mar18.reaxc.hns.g++.4
2023-05-18T08:39:01.587460151Z
2023-05-18T08:39:01.587584824Z
2023-05-18T08:39:01.587598634Z ✨ Curve certificate generated by helper pod
2023-05-18T08:39:01.589097170Z #   ****  Generated on 2023-04-26 22:54:42 by CZMQ  ****
2023-05-18T08:39:01.589131101Z #   ZeroMQ CURVE **Secret** Certificate
2023-05-18T08:39:01.589137773Z #   DO NOT PROVIDE THIS FILE TO OTHER USERS nor change its permissions.
2023-05-18T08:39:01.589143712Z
2023-05-18T08:39:01.589148456Z metadata
2023-05-18T08:39:01.589153710Z     name = "flux-cert-generator"
2023-05-18T08:39:01.589158973Z     keygen.hostname = "flux-sample-0"
2023-05-18T08:39:01.589166526Z curve
2023-05-18T08:39:01.589173317Z     public-key = "G<k=4&o1Rk<v.hO{pFP2C@YsSn+97+:oq)7lq2i("
2023-05-18T08:39:01.589178202Z     secret-key = "NO%/O@!u4.J>o{P^h#@Os-d]0ZLH)E<7]y]+1iTc"
2023-05-18T08:39:01.593086297Z
2023-05-18T08:39:01.593121789Z 🌀  flux start --wrap=strace,-e,network,-tt -o --config /etc/flux/config -Scron.directory=/etc/flux/system/cron.d   -Stbon.fanout=256   -Srundir=/run/flux    -Sstatedir=/var/lib/flux   -Slocal-uri=local:///run/flux/local -Stbon.connect_timeout=10s  -Stbon.zmqdebug=1  -Slog-stderr-level=6    -Slog-stderr-mode=local
2023-05-18T08:39:01.641670480Z 08:39:01.641316 socket(AF_NETLINK, SOCK_RAW, NETLINK_ROUTE) = 8
2023-05-18T08:39:01.641890688Z 08:39:01.641572 bind(8, {sa_family=AF_NETLINK, nl_pid=0, nl_groups=00000000}, 12) = 0
2023-05-18T08:39:01.641906793Z 08:39:01.641708 getsockname(8, {sa_family=AF_NETLINK, nl_pid=70, nl_groups=00000000}, [12]) = 0
2023-05-18T08:39:01.642283064Z 08:39:01.641885 sendto(8, {{len=20, type=RTM_GETADDR, flags=NLM_F_REQUEST|NLM_F_DUMP, seq=1684399141, pid=0}, {ifa_family=AF_UNSPEC, ...}}, 20, 0, {sa_family=AF_NETLINK, nl_pid=0, nl_groups=00000000}, 12) = 20
2023-05-18T08:39:01.642820841Z 08:39:01.642203 recvmsg(8, {msg_name={sa_family=AF_NETLINK, nl_pid=0, nl_groups=00000000}, msg_namelen=12, msg_iov=[{iov_base=[{{len=76, type=RTM_NEWADDR, flags=NLM_F_MULTI, seq=1684399141, pid=70}, {ifa_family=AF_INET, ifa_prefixlen=8, ifa_flags=IFA_F_PERMANENT, ifa_scope=RT_SCOPE_HOST, ifa_index=if_nametoindex("lo")}, [{{nla_len=8, nla_type=IFA_ADDRESS}, 127.0.0.1}, {{nla_len=8, nla_type=IFA_LOCAL}, 127.0.0.1}, {{nla_len=7, nla_type=IFA_LABEL}, "lo"}, {{nla_len=8, nla_type=IFA_FLAGS}, IFA_F_PERMANENT}, {{nla_len=20, nla_type=IFA_CACHEINFO}, {ifa_prefered=4294967295, ifa_valid=4294967295, cstamp=488447, tstamp=488447}}]}, {{len=88, type=RTM_NEWADDR, flags=NLM_F_MULTI, seq=1684399141, pid=70}, {ifa_family=AF_INET, ifa_prefixlen=24, ifa_flags=IFA_F_PERMANENT, ifa_scope=RT_SCOPE_UNIVERSE, ifa_index=if_nametoindex("eth0")}, [{{nla_len=8, nla_type=IFA_ADDRESS}, 10.24.1.194}, {{nla_len=8, nla_type=IFA_LOCAL}, 10.24.1.194}, {{nla_len=8, nla_type=IFA_BROADCAST}, 10.24.1.255}, {{nla_len=9, nla_type=IFA_LABEL}, "eth0"}, {{nla_len=8, nla_type=IFA_FLAGS}, IFA_F_PERMANENT}, {{nla_len=20, nla_type=IFA_CACHEINFO}, {ifa_prefered=4294967295, ifa_valid=4294967295, cstamp=488450, tstamp=488450}}]}], iov_len=4096}], msg_iovlen=1, msg_controllen=0, msg_flags=0}, 0) = 164
2023-05-18T08:39:01.643054742Z 08:39:01.642825 recvmsg(8, {msg_name={sa_family=AF_NETLINK, nl_pid=0, nl_groups=00000000}, msg_namelen=12, msg_iov=[{iov_base={{len=20, type=NLMSG_DONE, flags=NLM_F_MULTI, seq=1684399141, pid=70}, 0}, iov_len=4096}], msg_iovlen=1, msg_controllen=0, msg_flags=0}, 0) = 20
2023-05-18T08:39:01.643742874Z 08:39:01.643517 socket(AF_UNIX, SOCK_STREAM|SOCK_CLOEXEC|SOCK_NONBLOCK, 0) = 8
2023-05-18T08:39:01.643867272Z 08:39:01.643660 connect(8, {sa_family=AF_UNIX, sun_path="/var/run/nscd/socket"}, 110) = -1 ENOENT (No such file or directory)
2023-05-18T08:39:01.644100808Z 08:39:01.643909 socket(AF_UNIX, SOCK_STREAM|SOCK_CLOEXEC|SOCK_NONBLOCK, 0) = 8
2023-05-18T08:39:01.644287532Z 08:39:01.644085 connect(8, {sa_family=AF_UNIX, sun_path="/var/run/nscd/socket"}, 110) = -1 ENOENT (No such file or directory)
2023-05-18T08:39:01.645856833Z 08:39:01.645590 socket(AF_INET, SOCK_DGRAM|SOCK_CLOEXEC|SOCK_NONBLOCK, IPPROTO_IP) = 8
2023-05-18T08:39:01.645958010Z 08:39:01.645770 connect(8, {sa_family=AF_INET, sin_port=htons(53), sin_addr=inet_addr("169.254.169.254")}, 16) = 0
2023-05-18T08:39:01.646427096Z 08:39:01.646006 sendto(8, "s\236\1\0\0\1\0\0\0\0\0\0\rflux-sample-0\fflux-"..., 76, MSG_NOSIGNAL, NULL, 0) = 76
2023-05-18T08:39:01.650049148Z 08:39:01.649784 recvfrom(8, "s\236\201\200\0\1\0\1\0\0\0\0\rflux-sample-0\fflux-"..., 1024, 0, {sa_family=AF_INET, sin_port=htons(53), sin_addr=inet_addr("169.254.169.254")}, [28->16]) = 92
2023-05-18T08:39:01.655073255Z broker.info[2]: start: none->join 1.97177ms
2023-05-18T08:39:11.868541949Z broker.info[2]: parent-ready: join->init 10.2132s
2023-05-18T08:39:11.868972842Z 08:39:11.868691 socketpair(AF_UNIX, SOCK_STREAM|SOCK_CLOEXEC, 0, [22, 23]) = 0
2023-05-18T08:39:11.869239904Z 08:39:11.869018 socketpair(AF_UNIX, SOCK_STREAM, 0, [24, 25]) = 0
2023-05-18T08:39:11.869636888Z 08:39:11.869399 socketpair(AF_UNIX, SOCK_STREAM, 0, [26, 27]) = 0
2023-05-18T08:39:11.870069187Z 08:39:11.869803 socketpair(AF_UNIX, SOCK_STREAM, 0, [28, 29]) = 0
2023-05-18T08:39:11.895410347Z broker.info[2]: configuration updated
2023-05-18T08:39:12.014245975Z broker.info[2]: rc1.0: running /etc/flux/rc1.d/01-sched-fluxion
2023-05-18T08:39:12.025727236Z broker.info[2]: rc1.0: running /etc/flux/rc1.d/02-cron
2023-05-18T08:39:12.054003303Z broker.info[2]: rc1.0: /etc/flux/rc1 Exited (rc=0) 0.2s
2023-05-18T08:39:12.055235097Z broker.info[2]: rc1-success: init->quorum 0.186408s
2023-05-18T08:39:12.271801630Z broker.info[2]: quorum-full: quorum->run 0.21597s
2023-05-18T08:39:23.142824321Z broker.info[2]: shutdown: run->cleanup 10.8708s
2023-05-18T08:39:23.143953414Z broker.info[2]: cleanup-none: cleanup->shutdown 0.796996ms
2023-05-18T08:39:23.145223849Z broker.info[2]: children-none: shutdown->finalize 0.679652ms
2023-05-18T08:39:23.145663697Z 08:39:23.145422 socketpair(AF_UNIX, SOCK_STREAM|SOCK_CLOEXEC, 0, [22, 23]) = 0
2023-05-18T08:39:23.146158547Z 08:39:23.145968 socketpair(AF_UNIX, SOCK_STREAM, 0, [24, 25]) = 0
2023-05-18T08:39:23.146488277Z 08:39:23.146177 socketpair(AF_UNIX, SOCK_STREAM, 0, [26, 28]) = 0
2023-05-18T08:39:23.146679317Z 08:39:23.146352 socketpair(AF_UNIX, SOCK_STREAM, 0, [58, 59]) = 0
2023-05-18T08:39:23.165667435Z broker.info[2]: rc3.0: running /etc/flux/rc3.d/01-sched-fluxion
2023-05-18T08:39:23.292460859Z broker.info[2]: rc3.0: /etc/flux/rc3 Exited (rc=0) 0.1s
2023-05-18T08:39:23.293257240Z broker.info[2]: rc3-success: finalize->goodbye 0.147674s
2023-05-18T08:39:23.294369179Z broker.info[2]: goodbye: goodbye->exit 0.784676ms
2023-05-18T08:39:23.300623349Z 08:39:23.300440 +++ exited with 0 +++
2023-05-18T08:39:23.303420848Z Return value for follower worker is 0
2023-05-18T08:39:23.303444859Z The follower worker exited cleanly. Goodbye!
