2023-05-18T07:41:22.825362046Z
2023-05-18T07:41:22.825394188Z Flux username: flux
2023-05-18T07:41:22.825400430Z
2023-05-18T07:41:22.825405580Z Flux install root: /usr
2023-05-18T07:41:22.874087640Z flux user is already added.
2023-05-18T07:41:22.876764415Z flux user identifiers:
2023-05-18T07:41:22.876793921Z uid=1234(flux) gid=1234(flux) groups=1234(flux)
2023-05-18T07:41:22.876940636Z
2023-05-18T07:41:22.876952947Z As Flux prefix for flux commands: sudo -u flux -E PYTHONPATH=/opt/conda/lib/python3.10/site-packages -E PATH=/opt/conda/bin:/usr/local/sbin:/usr/local/bin:/usr/sbin:/usr/bin:/sbin:/bin -E LD_LIBRARY_PATH=/opt/conda/lib -E HOME=/home/flux
2023-05-18T07:41:22.884873475Z
2023-05-18T07:41:22.884893053Z ðŸ‘‹ Hello, I'm flux-sample-3
2023-05-18T07:41:22.885006509Z The main host is flux-sample-0
2023-05-18T07:41:22.885016223Z The working directory is /home/flux/examples/reaxff/HNS, contents include:
2023-05-18T07:41:22.886617468Z /home/flux/examples/reaxff/HNS:
2023-05-18T07:41:22.886634190Z README.txt	ffield.reax.hns  log.8Mar18.reaxc.hns.g++.1
2023-05-18T07:41:22.886639969Z data.hns-equil	in.reaxc.hns	 log.8Mar18.reaxc.hns.g++.4
2023-05-18T07:41:22.887274292Z End of file listing, if you see nothing above there are no files.
2023-05-18T07:41:22.889100374Z flux R encode --hosts=flux-sample-[0-3]
2023-05-18T07:41:22.901987137Z
2023-05-18T07:41:22.902006783Z ðŸ“¦ Resources
2023-05-18T07:41:22.903345550Z {"version": 1, "execution": {"R_lite": [{"rank": "0-3", "children": {"core": "0"}}], "starttime": 0.0, "expiration": 0.0, "nodelist": ["flux-sample-[0-3]"]}}
2023-05-18T07:41:22.903548487Z
2023-05-18T07:41:22.903562572Z ðŸ¸ Diagnostics: false
2023-05-18T07:41:22.903723106Z ðŸš©ï¸ Flux Option Flags defined
2023-05-18T07:41:22.907092361Z
2023-05-18T07:41:22.907110382Z ðŸ¦Š Independent Minister of Privilege
2023-05-18T07:41:22.908257542Z [exec]
2023-05-18T07:41:22.908273806Z allowed-users = [ "flux", "root" ]
2023-05-18T07:41:22.908279611Z allowed-shells = [ "/usr/libexec/flux/flux-shell" ]
2023-05-18T07:41:22.908572306Z
2023-05-18T07:41:22.908597723Z ðŸ¸ Broker Configuration
2023-05-18T07:41:22.909995958Z # Flux needs to know the path to the IMP executable
2023-05-18T07:41:22.910011165Z [exec]
2023-05-18T07:41:22.910017103Z imp = "/usr/libexec/flux/flux-imp"
2023-05-18T07:41:22.910023837Z
2023-05-18T07:41:22.910029811Z [access]
2023-05-18T07:41:22.910044442Z allow-guest-user = true
2023-05-18T07:41:22.910049745Z allow-root-owner = true
2023-05-18T07:41:22.910054213Z
2023-05-18T07:41:22.910058962Z # Point to resource definition generated with flux-R(1).
2023-05-18T07:41:22.910063905Z [resource]
2023-05-18T07:41:22.910071230Z path = "/etc/flux/system/R"
2023-05-18T07:41:22.910076908Z
2023-05-18T07:41:22.910082177Z [bootstrap]
2023-05-18T07:41:22.910087556Z curve_cert = "/etc/curve/curve.cert"
2023-05-18T07:41:22.910092450Z default_port = 8050
2023-05-18T07:41:22.910097162Z default_bind = "tcp://eth0:%p"
2023-05-18T07:41:22.910102425Z default_connect = "tcp://%h.flux-service.flux-operator.svc.cluster.local:%p"
2023-05-18T07:41:22.910107150Z hosts = [
2023-05-18T07:41:22.910114014Z 	{ host="flux-sample-[0-3]"},
2023-05-18T07:41:22.910119546Z ]
2023-05-18T07:41:22.910124063Z
2023-05-18T07:41:22.910128859Z [archive]
2023-05-18T07:41:22.910133471Z dbpath = "/var/lib/flux/job-archive.sqlite"
2023-05-18T07:41:22.910138793Z period = "1m"
2023-05-18T07:41:22.984259460Z busytimeout = "50s"
2023-05-18T07:41:22.984286864Z ðŸ§Šï¸ State Directory:
2023-05-18T07:41:22.984293092Z total 0
2023-05-18T07:41:22.984297933Z
2023-05-18T07:41:22.987609845Z
2023-05-18T07:41:22.987635690Z ðŸ”’ï¸ Working directory permissions:
2023-05-18T07:41:22.987641598Z total 96
2023-05-18T07:41:22.987647324Z -rwxrwxrwx 1 flux root  2517 May 17 22:32 README.txt
2023-05-18T07:41:22.987652136Z -rwxrwxrwx 1 flux root 54692 May 17 22:32 data.hns-equil
2023-05-18T07:41:22.987656782Z -rwxrwxrwx 1 flux root 13576 May 17 22:32 ffield.reax.hns
2023-05-18T07:41:22.987783630Z -rwxrwxrwx 1 flux root   870 May 17 22:32 in.reaxc.hns
2023-05-18T07:41:22.987794327Z -rwxrwxrwx 1 flux root  4172 May 17 22:32 log.8Mar18.reaxc.hns.g++.1
2023-05-18T07:41:22.987799610Z -rwxrwxrwx 1 flux root  4168 May 17 22:32 log.8Mar18.reaxc.hns.g++.4
2023-05-18T07:41:22.987804167Z
2023-05-18T07:41:22.987808622Z
2023-05-18T07:41:22.987813869Z âœ¨ Curve certificate generated by helper pod
2023-05-18T07:41:22.989183414Z #   ****  Generated on 2023-04-26 22:54:42 by CZMQ  ****
2023-05-18T07:41:22.989200973Z #   ZeroMQ CURVE **Secret** Certificate
2023-05-18T07:41:22.989207012Z #   DO NOT PROVIDE THIS FILE TO OTHER USERS nor change its permissions.
2023-05-18T07:41:22.989211427Z
2023-05-18T07:41:22.989218589Z metadata
2023-05-18T07:41:22.989225398Z     name = "flux-cert-generator"
2023-05-18T07:41:22.989241597Z     keygen.hostname = "flux-sample-0"
2023-05-18T07:41:22.989248150Z curve
2023-05-18T07:41:22.989253610Z     public-key = "oXpE>qXB)s-k&#$VU^O7pvQLXQwE0GJgwywM59B9"
2023-05-18T07:41:22.989258894Z     secret-key = "rOWS[iM/LKc:{T[xC2TiBYI{6FeqXEC3xaWk.8^X"
2023-05-18T07:41:22.991106548Z
2023-05-18T07:41:22.991126483Z ðŸŒ€  flux start --wrap=strace,-e,network,-tt -o --config /etc/flux/config -Scron.directory=/etc/flux/system/cron.d   -Stbon.fanout=256   -Srundir=/run/flux    -Sstatedir=/var/lib/flux   -Slocal-uri=local:///run/flux/local -Stbon.connect_timeout=2s  -Stbon.zmqdebug=1  -Slog-stderr-level=6    -Slog-stderr-mode=local
2023-05-18T07:41:23.028569917Z 07:41:23.028194 socket(AF_NETLINK, SOCK_RAW, NETLINK_ROUTE) = 8
2023-05-18T07:41:23.028726396Z 07:41:23.028495 bind(8, {sa_family=AF_NETLINK, nl_pid=0, nl_groups=00000000}, 12) = 0
2023-05-18T07:41:23.028819129Z 07:41:23.028609 getsockname(8, {sa_family=AF_NETLINK, nl_pid=70, nl_groups=00000000}, [12]) = 0
2023-05-18T07:41:23.029104837Z 07:41:23.028706 sendto(8, {{len=20, type=RTM_GETADDR, flags=NLM_F_REQUEST|NLM_F_DUMP, seq=1684395683, pid=0}, {ifa_family=AF_UNSPEC, ...}}, 20, 0, {sa_family=AF_NETLINK, nl_pid=0, nl_groups=00000000}, 12) = 20
2023-05-18T07:41:23.029428606Z 07:41:23.028971 recvmsg(8, {msg_name={sa_family=AF_NETLINK, nl_pid=0, nl_groups=00000000}, msg_namelen=12, msg_iov=[{iov_base=[{{len=76, type=RTM_NEWADDR, flags=NLM_F_MULTI, seq=1684395683, pid=70}, {ifa_family=AF_INET, ifa_prefixlen=8, ifa_flags=IFA_F_PERMANENT, ifa_scope=RT_SCOPE_HOST, ifa_index=if_nametoindex("lo")}, [{{nla_len=8, nla_type=IFA_ADDRESS}, 127.0.0.1}, {{nla_len=8, nla_type=IFA_LOCAL}, 127.0.0.1}, {{nla_len=7, nla_type=IFA_LABEL}, "lo"}, {{nla_len=8, nla_type=IFA_FLAGS}, IFA_F_PERMANENT}, {{nla_len=20, nla_type=IFA_CACHEINFO}, {ifa_prefered=4294967295, ifa_valid=4294967295, cstamp=142816, tstamp=142816}}]}, {{len=88, type=RTM_NEWADDR, flags=NLM_F_MULTI, seq=1684395683, pid=70}, {ifa_family=AF_INET, ifa_prefixlen=24, ifa_flags=IFA_F_PERMANENT, ifa_scope=RT_SCOPE_UNIVERSE, ifa_index=if_nametoindex("eth0")}, [{{nla_len=8, nla_type=IFA_ADDRESS}, 10.24.0.52}, {{nla_len=8, nla_type=IFA_LOCAL}, 10.24.0.52}, {{nla_len=8, nla_type=IFA_BROADCAST}, 10.24.0.255}, {{nla_len=9, nla_type=IFA_LABEL}, "eth0"}, {{nla_len=8, nla_type=IFA_FLAGS}, IFA_F_PERMANENT}, {{nla_len=20, nla_type=IFA_CACHEINFO}, {ifa_prefered=4294967295, ifa_valid=4294967295, cstamp=142818, tstamp=142818}}]}], iov_len=4096}], msg_iovlen=1, msg_controllen=0, msg_flags=0}, 0) = 164
2023-05-18T07:41:23.029597476Z 07:41:23.029327 recvmsg(8, {msg_name={sa_family=AF_NETLINK, nl_pid=0, nl_groups=00000000}, msg_namelen=12, msg_iov=[{iov_base={{len=20, type=NLMSG_DONE, flags=NLM_F_MULTI, seq=1684395683, pid=70}, 0}, iov_len=4096}], msg_iovlen=1, msg_controllen=0, msg_flags=0}, 0) = 20
2023-05-18T07:41:23.030601069Z 07:41:23.030353 socket(AF_UNIX, SOCK_STREAM|SOCK_CLOEXEC|SOCK_NONBLOCK, 0) = 8
2023-05-18T07:41:23.030618844Z 07:41:23.030446 connect(8, {sa_family=AF_UNIX, sun_path="/var/run/nscd/socket"}, 110) = -1 ENOENT (No such file or directory)
2023-05-18T07:41:23.030720456Z 07:41:23.030580 socket(AF_UNIX, SOCK_STREAM|SOCK_CLOEXEC|SOCK_NONBLOCK, 0) = 8
2023-05-18T07:41:23.030862315Z 07:41:23.030637 connect(8, {sa_family=AF_UNIX, sun_path="/var/run/nscd/socket"}, 110) = -1 ENOENT (No such file or directory)
2023-05-18T07:41:23.032128904Z 07:41:23.031893 socket(AF_INET, SOCK_DGRAM|SOCK_CLOEXEC|SOCK_NONBLOCK, IPPROTO_IP) = 8
2023-05-18T07:41:23.032145485Z 07:41:23.031963 connect(8, {sa_family=AF_INET, sin_port=htons(53), sin_addr=inet_addr("169.254.169.254")}, 16) = 0
2023-05-18T07:41:23.032377936Z 07:41:23.032070 sendto(8, "\317\216\1\0\0\1\0\0\0\0\0\0\rflux-sample-0\fflux-"..., 76, MSG_NOSIGNAL, NULL, 0) = 76
2023-05-18T07:41:23.035690468Z 07:41:23.035475 recvfrom(8, "\317\216\201\200\0\1\0\1\0\0\0\0\rflux-sample-0\fflux-"..., 1024, 0, {sa_family=AF_INET, sin_port=htons(53), sin_addr=inet_addr("169.254.169.254")}, [28->16]) = 92
2023-05-18T07:41:23.039826587Z broker.info[3]: start: none->join 1.82117ms
2023-05-18T07:41:25.223834556Z broker.info[3]: parent-ready: join->init 2.18381s
2023-05-18T07:41:25.224094580Z 07:41:25.223873 socketpair(AF_UNIX, SOCK_STREAM|SOCK_CLOEXEC, 0, [22, 23]) = 0
2023-05-18T07:41:25.224218596Z 07:41:25.224083 socketpair(AF_UNIX, SOCK_STREAM, 0, [24, 25]) = 0
2023-05-18T07:41:25.224866922Z 07:41:25.224369 socketpair(AF_UNIX, SOCK_STREAM, 0, [26, 27]) = 0
2023-05-18T07:41:25.225224459Z 07:41:25.224920 socketpair(AF_UNIX, SOCK_STREAM, 0, [28, 29]) = 0
2023-05-18T07:41:25.250331617Z broker.info[3]: configuration updated
2023-05-18T07:41:25.373399452Z broker.info[3]: rc1.0: running /etc/flux/rc1.d/01-sched-fluxion
2023-05-18T07:41:25.383804410Z broker.info[3]: rc1.0: running /etc/flux/rc1.d/02-cron
2023-05-18T07:41:25.408482309Z broker.info[3]: rc1.0: /etc/flux/rc1 Exited (rc=0) 0.2s
2023-05-18T07:41:25.409256329Z broker.info[3]: rc1-success: init->quorum 0.185189s
2023-05-18T07:41:25.591737734Z broker.info[3]: quorum-full: quorum->run 0.180926s
2023-05-18T07:41:26.322985928Z 07:41:26.322643 socketpair(AF_UNIX, SOCK_STREAM|SOCK_CLOEXEC, 0, [22, 23]) = 0
2023-05-18T07:41:26.323325105Z 07:41:26.323081 socketpair(AF_UNIX, SOCK_STREAM, 0, [24, 25]) = 0
2023-05-18T07:41:26.323606496Z 07:41:26.323409 socketpair(AF_UNIX, SOCK_STREAM, 0, [26, 28]) = 0
2023-05-18T07:41:26.323860094Z 07:41:26.323624 socketpair(AF_UNIX, SOCK_STREAM, 0, [58, 59]) = 0
2023-05-18T07:41:36.458416159Z broker.info[3]: shutdown: run->cleanup 10.8675s
2023-05-18T07:41:36.460797137Z broker.info[3]: cleanup-none: cleanup->shutdown 1.64048ms
2023-05-18T07:41:36.462426223Z broker.info[3]: children-none: shutdown->finalize 1.19573ms
2023-05-18T07:41:36.462496389Z 07:41:36.461781 socketpair(AF_UNIX, SOCK_STREAM|SOCK_CLOEXEC, 0, [22, 23]) = 0
2023-05-18T07:41:36.462567804Z 07:41:36.461916 socketpair(AF_UNIX, SOCK_STREAM, 0, [24, 25]) = 0
2023-05-18T07:41:36.462643513Z 07:41:36.462138 socketpair(AF_UNIX, SOCK_STREAM, 0, [26, 28]) = 0
2023-05-18T07:41:36.463111530Z 07:41:36.462387 socketpair(AF_UNIX, SOCK_STREAM, 0, [58, 59]) = 0
2023-05-18T07:41:36.481131305Z broker.info[3]: rc3.0: running /etc/flux/rc3.d/01-sched-fluxion
2023-05-18T07:41:36.616064582Z broker.info[3]: rc3.0: /etc/flux/rc3 Exited (rc=0) 0.1s
2023-05-18T07:41:36.617013082Z broker.info[3]: rc3-success: finalize->goodbye 0.155076s
2023-05-18T07:41:36.618414038Z broker.info[3]: goodbye: goodbye->exit 0.926798ms
2023-05-18T07:41:36.626047612Z 07:41:36.625909 +++ exited with 0 +++
2023-05-18T07:41:36.627445683Z Return value for follower worker is 0
2023-05-18T07:41:36.627468727Z The follower worker exited cleanly. Goodbye!
