2023-05-18T07:54:30.410908871Z
2023-05-18T07:54:30.410945905Z Flux username: flux
2023-05-18T07:54:30.410952228Z
2023-05-18T07:54:30.410959692Z Flux install root: /usr
2023-05-18T07:54:30.459667776Z flux user is already added.
2023-05-18T07:54:30.462910145Z flux user identifiers:
2023-05-18T07:54:30.462951430Z uid=1234(flux) gid=1234(flux) groups=1234(flux)
2023-05-18T07:54:30.462957899Z
2023-05-18T07:54:30.462966000Z As Flux prefix for flux commands: sudo -u flux -E PYTHONPATH=/opt/conda/lib/python3.10/site-packages -E PATH=/opt/conda/bin:/usr/local/sbin:/usr/local/bin:/usr/sbin:/usr/bin:/sbin:/bin -E LD_LIBRARY_PATH=/opt/conda/lib -E HOME=/home/flux
2023-05-18T07:54:30.470816979Z
2023-05-18T07:54:30.470849513Z ðŸ‘‹ Hello, I'm flux-sample-2
2023-05-18T07:54:30.471023220Z The main host is flux-sample-0
2023-05-18T07:54:30.471034958Z The working directory is /home/flux/examples/reaxff/HNS, contents include:
2023-05-18T07:54:30.472946902Z /home/flux/examples/reaxff/HNS:
2023-05-18T07:54:30.473131214Z README.txt	ffield.reax.hns  log.8Mar18.reaxc.hns.g++.1
2023-05-18T07:54:30.473143137Z data.hns-equil	in.reaxc.hns	 log.8Mar18.reaxc.hns.g++.4
2023-05-18T07:54:30.473280174Z End of file listing, if you see nothing above there are no files.
2023-05-18T07:54:30.475408671Z flux R encode --hosts=flux-sample-[0-3]
2023-05-18T07:54:30.492731827Z
2023-05-18T07:54:30.492781857Z ðŸ“¦ Resources
2023-05-18T07:54:30.494260014Z {"version": 1, "execution": {"R_lite": [{"rank": "0-3", "children": {"core": "0"}}], "starttime": 0.0, "expiration": 0.0, "nodelist": ["flux-sample-[0-3]"]}}
2023-05-18T07:54:30.495076514Z
2023-05-18T07:54:30.495096613Z ðŸ¸ Diagnostics: false
2023-05-18T07:54:30.495102975Z ðŸš©ï¸ Flux Option Flags defined
2023-05-18T07:54:30.499886358Z
2023-05-18T07:54:30.499919762Z ðŸ¦Š Independent Minister of Privilege
2023-05-18T07:54:30.501310581Z [exec]
2023-05-18T07:54:30.501328411Z allowed-users = [ "flux", "root" ]
2023-05-18T07:54:30.501336936Z allowed-shells = [ "/usr/libexec/flux/flux-shell" ]
2023-05-18T07:54:30.501508456Z
2023-05-18T07:54:30.501522193Z ðŸ¸ Broker Configuration
2023-05-18T07:54:30.502806799Z # Flux needs to know the path to the IMP executable
2023-05-18T07:54:30.502823792Z [exec]
2023-05-18T07:54:30.502829809Z imp = "/usr/libexec/flux/flux-imp"
2023-05-18T07:54:30.502834777Z
2023-05-18T07:54:30.502839663Z [access]
2023-05-18T07:54:30.502844894Z allow-guest-user = true
2023-05-18T07:54:30.502851900Z allow-root-owner = true
2023-05-18T07:54:30.502858112Z
2023-05-18T07:54:30.502863319Z # Point to resource definition generated with flux-R(1).
2023-05-18T07:54:30.502868219Z [resource]
2023-05-18T07:54:30.502873699Z path = "/etc/flux/system/R"
2023-05-18T07:54:30.502878080Z
2023-05-18T07:54:30.502882903Z [bootstrap]
2023-05-18T07:54:30.502887571Z curve_cert = "/etc/curve/curve.cert"
2023-05-18T07:54:30.502894516Z default_port = 8050
2023-05-18T07:54:30.502900927Z default_bind = "tcp://eth0:%p"
2023-05-18T07:54:30.502906864Z default_connect = "tcp://%h.flux-service.flux-operator.svc.cluster.local:%p"
2023-05-18T07:54:30.502911888Z hosts = [
2023-05-18T07:54:30.502916439Z 	{ host="flux-sample-[0-3]"},
2023-05-18T07:54:30.502921493Z ]
2023-05-18T07:54:30.502925848Z
2023-05-18T07:54:30.502930567Z [archive]
2023-05-18T07:54:30.502937444Z dbpath = "/var/lib/flux/job-archive.sqlite"
2023-05-18T07:54:30.502943510Z period = "1m"
2023-05-18T07:54:30.593377500Z busytimeout = "50s"
2023-05-18T07:54:30.593565392Z ðŸ§Šï¸ State Directory:
2023-05-18T07:54:30.593684772Z total 0
2023-05-18T07:54:30.593859660Z
2023-05-18T07:54:30.597176227Z
2023-05-18T07:54:30.597205205Z ðŸ”’ï¸ Working directory permissions:
2023-05-18T07:54:30.597211137Z total 96
2023-05-18T07:54:30.597216726Z -rwxrwxrwx 1 flux root  2517 May 17 22:32 README.txt
2023-05-18T07:54:30.597221483Z -rwxrwxrwx 1 flux root 54692 May 17 22:32 data.hns-equil
2023-05-18T07:54:30.597226105Z -rwxrwxrwx 1 flux root 13576 May 17 22:32 ffield.reax.hns
2023-05-18T07:54:30.597230780Z -rwxrwxrwx 1 flux root   870 May 17 22:32 in.reaxc.hns
2023-05-18T07:54:30.597239124Z -rwxrwxrwx 1 flux root  4172 May 17 22:32 log.8Mar18.reaxc.hns.g++.1
2023-05-18T07:54:30.597245381Z -rwxrwxrwx 1 flux root  4168 May 17 22:32 log.8Mar18.reaxc.hns.g++.4
2023-05-18T07:54:30.597250286Z
2023-05-18T07:54:30.597563616Z
2023-05-18T07:54:30.597588686Z âœ¨ Curve certificate generated by helper pod
2023-05-18T07:54:30.601070185Z #   ****  Generated on 2023-04-26 22:54:42 by CZMQ  ****
2023-05-18T07:54:30.601187064Z #   ZeroMQ CURVE **Secret** Certificate
2023-05-18T07:54:30.601197438Z #   DO NOT PROVIDE THIS FILE TO OTHER USERS nor change its permissions.
2023-05-18T07:54:30.601204522Z
2023-05-18T07:54:30.601211206Z metadata
2023-05-18T07:54:30.601218286Z     name = "flux-cert-generator"
2023-05-18T07:54:30.601226335Z     keygen.hostname = "flux-sample-0"
2023-05-18T07:54:30.601233617Z curve
2023-05-18T07:54:30.601248803Z     public-key = "eflpBRO&w)>&#iq*t:jD-psq-wZ$9VWWv{63hw7H"
2023-05-18T07:54:30.601256002Z     secret-key = "+ugXubR}%Hx6kS^qu#b>1>=SOQald1}6U4KhVJ.b"
2023-05-18T07:54:30.604000533Z
2023-05-18T07:54:30.604023482Z ðŸŒ€  flux start --wrap=strace,-e,network,-tt -o --config /etc/flux/config -Scron.directory=/etc/flux/system/cron.d   -Stbon.fanout=256   -Srundir=/run/flux    -Sstatedir=/var/lib/flux   -Slocal-uri=local:///run/flux/local -Stbon.connect_timeout=4s  -Stbon.zmqdebug=1  -Slog-stderr-level=6    -Slog-stderr-mode=local
2023-05-18T07:54:30.645641092Z 07:54:30.645174 socket(AF_NETLINK, SOCK_RAW, NETLINK_ROUTE) = 8
2023-05-18T07:54:30.645673644Z 07:54:30.645360 bind(8, {sa_family=AF_NETLINK, nl_pid=0, nl_groups=00000000}, 12) = 0
2023-05-18T07:54:30.645681532Z 07:54:30.645455 getsockname(8, {sa_family=AF_NETLINK, nl_pid=70, nl_groups=00000000}, [12]) = 0
2023-05-18T07:54:30.646061078Z 07:54:30.645526 sendto(8, {{len=20, type=RTM_GETADDR, flags=NLM_F_REQUEST|NLM_F_DUMP, seq=1684396470, pid=0}, {ifa_family=AF_UNSPEC, ...}}, 20, 0, {sa_family=AF_NETLINK, nl_pid=0, nl_groups=00000000}, 12) = 20
2023-05-18T07:54:30.646422980Z 07:54:30.645879 recvmsg(8, {msg_name={sa_family=AF_NETLINK, nl_pid=0, nl_groups=00000000}, msg_namelen=12, msg_iov=[{iov_base=[{{len=76, type=RTM_NEWADDR, flags=NLM_F_MULTI, seq=1684396470, pid=70}, {ifa_family=AF_INET, ifa_prefixlen=8, ifa_flags=IFA_F_PERMANENT, ifa_scope=RT_SCOPE_HOST, ifa_index=if_nametoindex("lo")}, [{{nla_len=8, nla_type=IFA_ADDRESS}, 127.0.0.1}, {{nla_len=8, nla_type=IFA_LOCAL}, 127.0.0.1}, {{nla_len=7, nla_type=IFA_LABEL}, "lo"}, {{nla_len=8, nla_type=IFA_FLAGS}, IFA_F_PERMANENT}, {{nla_len=20, nla_type=IFA_CACHEINFO}, {ifa_prefered=4294967295, ifa_valid=4294967295, cstamp=221354, tstamp=221354}}]}, {{len=88, type=RTM_NEWADDR, flags=NLM_F_MULTI, seq=1684396470, pid=70}, {ifa_family=AF_INET, ifa_prefixlen=24, ifa_flags=IFA_F_PERMANENT, ifa_scope=RT_SCOPE_UNIVERSE, ifa_index=if_nametoindex("eth0")}, [{{nla_len=8, nla_type=IFA_ADDRESS}, 10.24.1.84}, {{nla_len=8, nla_type=IFA_LOCAL}, 10.24.1.84}, {{nla_len=8, nla_type=IFA_BROADCAST}, 10.24.1.255}, {{nla_len=9, nla_type=IFA_LABEL}, "eth0"}, {{nla_len=8, nla_type=IFA_FLAGS}, IFA_F_PERMANENT}, {{nla_len=20, nla_type=IFA_CACHEINFO}, {ifa_prefered=4294967295, ifa_valid=4294967295, cstamp=221358, tstamp=221358}}]}], iov_len=4096}], msg_iovlen=1, msg_controllen=0, msg_flags=0}, 0) = 164
2023-05-18T07:54:30.646964932Z 07:54:30.646296 recvmsg(8, {msg_name={sa_family=AF_NETLINK, nl_pid=0, nl_groups=00000000}, msg_namelen=12, msg_iov=[{iov_base={{len=20, type=NLMSG_DONE, flags=NLM_F_MULTI, seq=1684396470, pid=70}, 0}, iov_len=4096}], msg_iovlen=1, msg_controllen=0, msg_flags=0}, 0) = 20
2023-05-18T07:54:30.647250710Z 07:54:30.646962 socket(AF_UNIX, SOCK_STREAM|SOCK_CLOEXEC|SOCK_NONBLOCK, 0) = 8
2023-05-18T07:54:30.647487572Z 07:54:30.647069 connect(8, {sa_family=AF_UNIX, sun_path="/var/run/nscd/socket"}, 110) = -1 ENOENT (No such file or directory)
2023-05-18T07:54:30.647502296Z 07:54:30.647236 socket(AF_UNIX, SOCK_STREAM|SOCK_CLOEXEC|SOCK_NONBLOCK, 0) = 8
2023-05-18T07:54:30.647509438Z 07:54:30.647324 connect(8, {sa_family=AF_UNIX, sun_path="/var/run/nscd/socket"}, 110) = -1 ENOENT (No such file or directory)
2023-05-18T07:54:30.649225645Z 07:54:30.648883 socket(AF_INET, SOCK_DGRAM|SOCK_CLOEXEC|SOCK_NONBLOCK, IPPROTO_IP) = 8
2023-05-18T07:54:30.649246035Z 07:54:30.648969 connect(8, {sa_family=AF_INET, sin_port=htons(53), sin_addr=inet_addr("169.254.169.254")}, 16) = 0
2023-05-18T07:54:30.649498870Z 07:54:30.649105 sendto(8, "d\275\1\0\0\1\0\0\0\0\0\0\rflux-sample-0\fflux-"..., 76, MSG_NOSIGNAL, NULL, 0) = 76
2023-05-18T07:54:30.653649216Z 07:54:30.653368 recvfrom(8, "d\275\201\200\0\1\0\1\0\0\0\0\rflux-sample-0\fflux-"..., 1024, 0, {sa_family=AF_INET, sin_port=htons(53), sin_addr=inet_addr("169.254.169.254")}, [28->16]) = 92
2023-05-18T07:54:30.659483075Z broker.info[2]: start: none->join 2.36792ms
2023-05-18T07:54:34.834473578Z broker.info[2]: parent-ready: join->init 4.17468s
2023-05-18T07:54:34.834728878Z 07:54:34.834377 socketpair(AF_UNIX, SOCK_STREAM|SOCK_CLOEXEC, 0, [22, 23]) = 0
2023-05-18T07:54:34.834773385Z 07:54:34.834509 socketpair(AF_UNIX, SOCK_STREAM, 0, [24, 25]) = 0
2023-05-18T07:54:34.835016361Z 07:54:34.834768 socketpair(AF_UNIX, SOCK_STREAM, 0, [26, 27]) = 0
2023-05-18T07:54:34.835382579Z 07:54:34.835026 socketpair(AF_UNIX, SOCK_STREAM, 0, [28, 29]) = 0
2023-05-18T07:54:34.860382294Z broker.info[2]: configuration updated
2023-05-18T07:54:34.998408425Z broker.info[2]: rc1.0: running /etc/flux/rc1.d/01-sched-fluxion
2023-05-18T07:54:35.011924557Z broker.info[2]: rc1.0: running /etc/flux/rc1.d/02-cron
2023-05-18T07:54:35.046182651Z broker.info[2]: rc1.0: /etc/flux/rc1 Exited (rc=0) 0.2s
2023-05-18T07:54:35.046971882Z broker.info[2]: rc1-success: init->quorum 0.212412s
2023-05-18T07:54:35.237303380Z broker.info[2]: quorum-full: quorum->run 0.189862s
2023-05-18T07:54:45.934335894Z broker.info[2]: shutdown: run->cleanup 10.6905s
2023-05-18T07:54:45.934389282Z broker.info[2]: cleanup-none: cleanup->shutdown 0.712521ms
2023-05-18T07:54:45.934396919Z broker.info[2]: children-none: shutdown->finalize 0.6141ms
2023-05-18T07:54:45.934406176Z 07:54:45.929646 socketpair(AF_UNIX, SOCK_STREAM|SOCK_CLOEXEC, 0, [22, 23]) = 0
2023-05-18T07:54:45.934413335Z 07:54:45.929803 socketpair(AF_UNIX, SOCK_STREAM, 0, [24, 25]) = 0
2023-05-18T07:54:45.934419543Z 07:54:45.929964 socketpair(AF_UNIX, SOCK_STREAM, 0, [26, 28]) = 0
2023-05-18T07:54:45.934425367Z 07:54:45.930115 socketpair(AF_UNIX, SOCK_STREAM, 0, [58, 59]) = 0
2023-05-18T07:54:45.958039111Z broker.info[2]: rc3.0: running /etc/flux/rc3.d/01-sched-fluxion
2023-05-18T07:54:46.085867555Z broker.info[2]: rc3.0: /etc/flux/rc3 Exited (rc=0) 0.2s
2023-05-18T07:54:46.086517185Z broker.info[2]: rc3-success: finalize->goodbye 0.156683s
2023-05-18T07:54:46.087947941Z broker.info[2]: goodbye: goodbye->exit 0.910266ms
2023-05-18T07:54:46.095887457Z 07:54:46.095716 +++ exited with 0 +++
2023-05-18T07:54:46.097503083Z Return value for follower worker is 0
2023-05-18T07:54:46.097539644Z The follower worker exited cleanly. Goodbye!
