2023-05-18T08:45:02.698011094Z
2023-05-18T08:45:02.698049004Z Flux username: flux
2023-05-18T08:45:02.698056601Z
2023-05-18T08:45:02.698061699Z Flux install root: /usr
2023-05-18T08:45:02.739655857Z flux user is already added.
2023-05-18T08:45:02.742887384Z flux user identifiers:
2023-05-18T08:45:02.742906717Z uid=1234(flux) gid=1234(flux) groups=1234(flux)
2023-05-18T08:45:02.742998191Z
2023-05-18T08:45:02.743008700Z As Flux prefix for flux commands: sudo -u flux -E PYTHONPATH=/opt/conda/lib/python3.10/site-packages -E PATH=/opt/conda/bin:/usr/local/sbin:/usr/local/bin:/usr/sbin:/usr/bin:/sbin:/bin -E LD_LIBRARY_PATH=/opt/conda/lib -E HOME=/home/flux
2023-05-18T08:45:02.750571974Z
2023-05-18T08:45:02.750591532Z ðŸ‘‹ Hello, I'm flux-sample-3
2023-05-18T08:45:02.750740652Z The main host is flux-sample-0
2023-05-18T08:45:02.750751431Z The working directory is /home/flux/examples/reaxff/HNS, contents include:
2023-05-18T08:45:02.752313537Z /home/flux/examples/reaxff/HNS:
2023-05-18T08:45:02.752401827Z README.txt	ffield.reax.hns  log.8Mar18.reaxc.hns.g++.1
2023-05-18T08:45:02.752412246Z data.hns-equil	in.reaxc.hns	 log.8Mar18.reaxc.hns.g++.4
2023-05-18T08:45:02.752688194Z End of file listing, if you see nothing above there are no files.
2023-05-18T08:45:02.754486845Z flux R encode --hosts=flux-sample-[0-3]
2023-05-18T08:45:02.767794707Z
2023-05-18T08:45:02.767814115Z ðŸ“¦ Resources
2023-05-18T08:45:02.769036999Z {"version": 1, "execution": {"R_lite": [{"rank": "0-3", "children": {"core": "0"}}], "starttime": 0.0, "expiration": 0.0, "nodelist": ["flux-sample-[0-3]"]}}
2023-05-18T08:45:02.769278159Z
2023-05-18T08:45:02.769293936Z ðŸ¸ Diagnostics: false
2023-05-18T08:45:02.769474027Z ðŸš©ï¸ Flux Option Flags defined
2023-05-18T08:45:02.772771168Z
2023-05-18T08:45:02.772788494Z ðŸ¦Š Independent Minister of Privilege
2023-05-18T08:45:02.773941802Z [exec]
2023-05-18T08:45:02.773957283Z allowed-users = [ "flux", "root" ]
2023-05-18T08:45:02.773963007Z allowed-shells = [ "/usr/libexec/flux/flux-shell" ]
2023-05-18T08:45:02.774141893Z
2023-05-18T08:45:02.774154558Z ðŸ¸ Broker Configuration
2023-05-18T08:45:02.775311763Z # Flux needs to know the path to the IMP executable
2023-05-18T08:45:02.775327091Z [exec]
2023-05-18T08:45:02.775333428Z imp = "/usr/libexec/flux/flux-imp"
2023-05-18T08:45:02.775340203Z
2023-05-18T08:45:02.775346387Z [access]
2023-05-18T08:45:02.775351464Z allow-guest-user = true
2023-05-18T08:45:02.775356099Z allow-root-owner = true
2023-05-18T08:45:02.775360443Z
2023-05-18T08:45:02.775365398Z # Point to resource definition generated with flux-R(1).
2023-05-18T08:45:02.775370401Z [resource]
2023-05-18T08:45:02.775375354Z path = "/etc/flux/system/R"
2023-05-18T08:45:02.775382108Z
2023-05-18T08:45:02.775388831Z [bootstrap]
2023-05-18T08:45:02.775394360Z curve_cert = "/etc/curve/curve.cert"
2023-05-18T08:45:02.775399185Z default_port = 8050
2023-05-18T08:45:02.775403956Z default_bind = "tcp://eth0:%p"
2023-05-18T08:45:02.775408977Z default_connect = "tcp://%h.flux-service.flux-operator.svc.cluster.local:%p"
2023-05-18T08:45:02.775413669Z hosts = [
2023-05-18T08:45:02.775418815Z 	{ host="flux-sample-[0-3]"},
2023-05-18T08:45:02.775426341Z ]
2023-05-18T08:45:02.775432254Z
2023-05-18T08:45:02.775437198Z [archive]
2023-05-18T08:45:02.775441850Z dbpath = "/var/lib/flux/job-archive.sqlite"
2023-05-18T08:45:02.775446658Z period = "1m"
2023-05-18T08:45:02.848111877Z busytimeout = "50s"
2023-05-18T08:45:02.848132307Z ðŸ§Šï¸ State Directory:
2023-05-18T08:45:02.848138487Z total 0
2023-05-18T08:45:02.848145459Z
2023-05-18T08:45:02.851407099Z
2023-05-18T08:45:02.851427992Z ðŸ”’ï¸ Working directory permissions:
2023-05-18T08:45:02.851433977Z total 96
2023-05-18T08:45:02.851519675Z -rwxrwxrwx 1 flux root  2517 May 17 22:32 README.txt
2023-05-18T08:45:02.851538417Z -rwxrwxrwx 1 flux root 54692 May 17 22:32 data.hns-equil
2023-05-18T08:45:02.851543749Z -rwxrwxrwx 1 flux root 13576 May 17 22:32 ffield.reax.hns
2023-05-18T08:45:02.851550735Z -rwxrwxrwx 1 flux root   870 May 17 22:32 in.reaxc.hns
2023-05-18T08:45:02.851557144Z -rwxrwxrwx 1 flux root  4172 May 17 22:32 log.8Mar18.reaxc.hns.g++.1
2023-05-18T08:45:02.851561888Z -rwxrwxrwx 1 flux root  4168 May 17 22:32 log.8Mar18.reaxc.hns.g++.4
2023-05-18T08:45:02.851566321Z
2023-05-18T08:45:02.851570959Z
2023-05-18T08:45:02.851576467Z âœ¨ Curve certificate generated by helper pod
2023-05-18T08:45:02.853021921Z #   ****  Generated on 2023-04-26 22:54:42 by CZMQ  ****
2023-05-18T08:45:02.853039963Z #   ZeroMQ CURVE **Secret** Certificate
2023-05-18T08:45:02.853045910Z #   DO NOT PROVIDE THIS FILE TO OTHER USERS nor change its permissions.
2023-05-18T08:45:02.853050598Z
2023-05-18T08:45:02.853055543Z metadata
2023-05-18T08:45:02.853060700Z     name = "flux-cert-generator"
2023-05-18T08:45:02.853065463Z     keygen.hostname = "flux-sample-0"
2023-05-18T08:45:02.853070224Z curve
2023-05-18T08:45:02.853077348Z     public-key = "-=t0Ix2u79c.cHX6S@9)k/!E5R)9W@W:/2DwGlmM"
2023-05-18T08:45:02.853082855Z     secret-key = "&BJRQdyE%C]%vxN5Q#VQlHtW$+cA897Zhuov#=}#"
2023-05-18T08:45:02.855074060Z
2023-05-18T08:45:02.855114341Z ðŸŒ€  flux start --wrap=strace,-e,network,-tt -o --config /etc/flux/config -Scron.directory=/etc/flux/system/cron.d   -Stbon.fanout=256   -Srundir=/run/flux    -Sstatedir=/var/lib/flux   -Slocal-uri=local:///run/flux/local -Stbon.connect_timeout=10s  -Stbon.zmqdebug=1  -Slog-stderr-level=6    -Slog-stderr-mode=local
2023-05-18T08:45:02.896042572Z 08:45:02.895769 socket(AF_NETLINK, SOCK_RAW, NETLINK_ROUTE) = 8
2023-05-18T08:45:02.896314701Z 08:45:02.896082 bind(8, {sa_family=AF_NETLINK, nl_pid=0, nl_groups=00000000}, 12) = 0
2023-05-18T08:45:02.896617601Z 08:45:02.896351 getsockname(8, {sa_family=AF_NETLINK, nl_pid=71, nl_groups=00000000}, [12]) = 0
2023-05-18T08:45:02.896943569Z 08:45:02.896594 sendto(8, {{len=20, type=RTM_GETADDR, flags=NLM_F_REQUEST|NLM_F_DUMP, seq=1684399502, pid=0}, {ifa_family=AF_UNSPEC, ...}}, 20, 0, {sa_family=AF_NETLINK, nl_pid=0, nl_groups=00000000}, 12) = 20
2023-05-18T08:45:02.897462159Z 08:45:02.896919 recvmsg(8, {msg_name={sa_family=AF_NETLINK, nl_pid=0, nl_groups=00000000}, msg_namelen=12, msg_iov=[{iov_base=[{{len=76, type=RTM_NEWADDR, flags=NLM_F_MULTI, seq=1684399502, pid=71}, {ifa_family=AF_INET, ifa_prefixlen=8, ifa_flags=IFA_F_PERMANENT, ifa_scope=RT_SCOPE_HOST, ifa_index=if_nametoindex("lo")}, [{{nla_len=8, nla_type=IFA_ADDRESS}, 127.0.0.1}, {{nla_len=8, nla_type=IFA_LOCAL}, 127.0.0.1}, {{nla_len=7, nla_type=IFA_LABEL}, "lo"}, {{nla_len=8, nla_type=IFA_FLAGS}, IFA_F_PERMANENT}, {{nla_len=20, nla_type=IFA_CACHEINFO}, {ifa_prefered=4294967295, ifa_valid=4294967295, cstamp=524799, tstamp=524799}}]}, {{len=88, type=RTM_NEWADDR, flags=NLM_F_MULTI, seq=1684399502, pid=71}, {ifa_family=AF_INET, ifa_prefixlen=24, ifa_flags=IFA_F_PERMANENT, ifa_scope=RT_SCOPE_UNIVERSE, ifa_index=if_nametoindex("eth0")}, [{{nla_len=8, nla_type=IFA_ADDRESS}, 10.24.0.213}, {{nla_len=8, nla_type=IFA_LOCAL}, 10.24.0.213}, {{nla_len=8, nla_type=IFA_BROADCAST}, 10.24.0.255}, {{nla_len=9, nla_type=IFA_LABEL}, "eth0"}, {{nla_len=8, nla_type=IFA_FLAGS}, IFA_F_PERMANENT}, {{nla_len=20, nla_type=IFA_CACHEINFO}, {ifa_prefered=4294967295, ifa_valid=4294967295, cstamp=524801, tstamp=524801}}]}], iov_len=4096}], msg_iovlen=1, msg_controllen=0, msg_flags=0}, 0) = 164
2023-05-18T08:45:02.897716561Z 08:45:02.897461 recvmsg(8, {msg_name={sa_family=AF_NETLINK, nl_pid=0, nl_groups=00000000}, msg_namelen=12, msg_iov=[{iov_base={{len=20, type=NLMSG_DONE, flags=NLM_F_MULTI, seq=1684399502, pid=71}, 0}, iov_len=4096}], msg_iovlen=1, msg_controllen=0, msg_flags=0}, 0) = 20
2023-05-18T08:45:02.898552577Z 08:45:02.898331 socket(AF_UNIX, SOCK_STREAM|SOCK_CLOEXEC|SOCK_NONBLOCK, 0) = 8
2023-05-18T08:45:02.898719168Z 08:45:02.898582 connect(8, {sa_family=AF_UNIX, sun_path="/var/run/nscd/socket"}, 110) = -1 ENOENT (No such file or directory)
2023-05-18T08:45:02.899095040Z 08:45:02.898820 socket(AF_UNIX, SOCK_STREAM|SOCK_CLOEXEC|SOCK_NONBLOCK, 0) = 8
2023-05-18T08:45:02.899186247Z 08:45:02.898980 connect(8, {sa_family=AF_UNIX, sun_path="/var/run/nscd/socket"}, 110) = -1 ENOENT (No such file or directory)
2023-05-18T08:45:02.901167131Z 08:45:02.900961 socket(AF_INET, SOCK_DGRAM|SOCK_CLOEXEC|SOCK_NONBLOCK, IPPROTO_IP) = 8
2023-05-18T08:45:02.901336046Z 08:45:02.901070 connect(8, {sa_family=AF_INET, sin_port=htons(53), sin_addr=inet_addr("169.254.169.254")}, 16) = 0
2023-05-18T08:45:02.901694714Z 08:45:02.901387 sendto(8, "\373\273\1\0\0\1\0\0\0\0\0\0\rflux-sample-0\fflux-"..., 76, MSG_NOSIGNAL, NULL, 0) = 76
2023-05-18T08:45:02.906799057Z 08:45:02.906597 recvfrom(8, "\373\273\201\200\0\1\0\1\0\0\0\0\rflux-sample-0\fflux-"..., 1024, 0, {sa_family=AF_INET, sin_port=htons(53), sin_addr=inet_addr("169.254.169.254")}, [28->16]) = 92
2023-05-18T08:45:02.911455449Z broker.info[3]: start: none->join 1.90069ms
2023-05-18T08:45:13.087989211Z broker.info[3]: parent-ready: join->init 10.1763s
2023-05-18T08:45:13.088284489Z 08:45:13.087980 socketpair(AF_UNIX, SOCK_STREAM|SOCK_CLOEXEC, 0, [22, 23]) = 0
2023-05-18T08:45:13.088313601Z 08:45:13.088128 socketpair(AF_UNIX, SOCK_STREAM, 0, [24, 25]) = 0
2023-05-18T08:45:13.088903048Z 08:45:13.088373 socketpair(AF_UNIX, SOCK_STREAM, 0, [26, 27]) = 0
2023-05-18T08:45:13.088931270Z 08:45:13.088581 socketpair(AF_UNIX, SOCK_STREAM, 0, [28, 29]) = 0
2023-05-18T08:45:13.117706214Z broker.info[3]: configuration updated
2023-05-18T08:45:13.237617027Z broker.info[3]: rc1.0: running /etc/flux/rc1.d/01-sched-fluxion
2023-05-18T08:45:13.253278365Z broker.info[3]: rc1.0: running /etc/flux/rc1.d/02-cron
2023-05-18T08:45:13.275442904Z broker.info[3]: rc1.0: /etc/flux/rc1 Exited (rc=0) 0.2s
2023-05-18T08:45:13.276109577Z broker.info[3]: rc1-success: init->quorum 0.187963s
2023-05-18T08:45:14.647556716Z broker.info[3]: quorum-full: quorum->run 1.37124s
2023-05-18T08:45:15.302432510Z 08:45:15.302051 socketpair(AF_UNIX, SOCK_STREAM|SOCK_CLOEXEC, 0, [22, 23]) = 0
2023-05-18T08:45:15.302482138Z 08:45:15.302249 socketpair(AF_UNIX, SOCK_STREAM, 0, [24, 25]) = 0
2023-05-18T08:45:15.302579551Z 08:45:15.302437 socketpair(AF_UNIX, SOCK_STREAM, 0, [26, 28]) = 0
2023-05-18T08:45:15.302840698Z 08:45:15.302661 socketpair(AF_UNIX, SOCK_STREAM, 0, [58, 59]) = 0
2023-05-18T08:45:25.570247292Z broker.info[3]: shutdown: run->cleanup 10.9213s
2023-05-18T08:45:25.571318816Z broker.info[3]: cleanup-none: cleanup->shutdown 1.39296ms
2023-05-18T08:45:25.572828643Z broker.info[3]: children-none: shutdown->finalize 1.2976ms
2023-05-18T08:45:25.573329118Z 08:45:25.572927 socketpair(AF_UNIX, SOCK_STREAM|SOCK_CLOEXEC, 0, [22, 23]) = 0
2023-05-18T08:45:25.573687289Z 08:45:25.573074 socketpair(AF_UNIX, SOCK_STREAM, 0, [24, 25]) = 0
2023-05-18T08:45:25.573713903Z 08:45:25.573328 socketpair(AF_UNIX, SOCK_STREAM, 0, [26, 28]) = 0
2023-05-18T08:45:25.573727093Z 08:45:25.573539 socketpair(AF_UNIX, SOCK_STREAM, 0, [58, 59]) = 0
2023-05-18T08:45:25.602013478Z broker.info[3]: rc3.0: running /etc/flux/rc3.d/01-sched-fluxion
2023-05-18T08:45:25.728145787Z broker.info[3]: rc3.0: /etc/flux/rc3 Exited (rc=0) 0.2s
2023-05-18T08:45:25.729328724Z broker.info[3]: rc3-success: finalize->goodbye 0.156214s
2023-05-18T08:45:25.730915908Z broker.info[3]: goodbye: goodbye->exit 1.0463ms
2023-05-18T08:45:25.738798374Z 08:45:25.738633 +++ exited with 0 +++
2023-05-18T08:45:25.740173929Z Return value for follower worker is 0
2023-05-18T08:45:25.740200172Z The follower worker exited cleanly. Goodbye!
