2023-05-18T13:18:37.972226647Z
2023-05-18T13:18:37.972276753Z Flux username: flux
2023-05-18T13:18:37.972283241Z
2023-05-18T13:18:37.972288326Z Flux install root: /usr
2023-05-18T13:18:38.014331965Z flux user is already added.
2023-05-18T13:18:38.017507155Z flux user identifiers:
2023-05-18T13:18:38.017531214Z uid=1234(flux) gid=1234(flux) groups=1234(flux)
2023-05-18T13:18:38.017625117Z
2023-05-18T13:18:38.017650316Z As Flux prefix for flux commands: sudo -u flux -E PYTHONPATH=/opt/conda/lib/python3.10/site-packages -E PATH=/opt/conda/bin:/usr/local/sbin:/usr/local/bin:/usr/sbin:/usr/bin:/sbin:/bin -E LD_LIBRARY_PATH=/opt/conda/lib -E HOME=/home/flux
2023-05-18T13:18:38.025787555Z
2023-05-18T13:18:38.025810076Z ðŸ‘‹ Hello, I'm flux-sample-1
2023-05-18T13:18:38.025823210Z The main host is flux-sample-0
2023-05-18T13:18:38.025968564Z The working directory is /home/flux/examples/reaxff/HNS, contents include:
2023-05-18T13:18:38.027812262Z /home/flux/examples/reaxff/HNS:
2023-05-18T13:18:38.027992162Z README.txt	ffield.reax.hns  log.8Mar18.reaxc.hns.g++.1
2023-05-18T13:18:38.028007241Z data.hns-equil	in.reaxc.hns	 log.8Mar18.reaxc.hns.g++.4
2023-05-18T13:18:38.028208991Z End of file listing, if you see nothing above there are no files.
2023-05-18T13:18:38.030025278Z flux R encode --hosts=flux-sample-[0-3]
2023-05-18T13:18:38.043284154Z
2023-05-18T13:18:38.043303368Z ðŸ“¦ Resources
2023-05-18T13:18:38.044743908Z {"version": 1, "execution": {"R_lite": [{"rank": "0-3", "children": {"core": "0"}}], "starttime": 0.0, "expiration": 0.0, "nodelist": ["flux-sample-[0-3]"]}}
2023-05-18T13:18:38.045002141Z
2023-05-18T13:18:38.045017733Z ðŸ¸ Diagnostics: false
2023-05-18T13:18:38.045165831Z ðŸš©ï¸ Flux Option Flags defined
2023-05-18T13:18:38.049197886Z
2023-05-18T13:18:38.049216258Z ðŸ¦Š Independent Minister of Privilege
2023-05-18T13:18:38.050421807Z [exec]
2023-05-18T13:18:38.050436453Z allowed-users = [ "flux", "root" ]
2023-05-18T13:18:38.050442454Z allowed-shells = [ "/usr/libexec/flux/flux-shell" ]
2023-05-18T13:18:38.050627793Z
2023-05-18T13:18:38.050640419Z ðŸ¸ Broker Configuration
2023-05-18T13:18:38.051836119Z # Flux needs to know the path to the IMP executable
2023-05-18T13:18:38.051852413Z [exec]
2023-05-18T13:18:38.051858286Z imp = "/usr/libexec/flux/flux-imp"
2023-05-18T13:18:38.051862895Z
2023-05-18T13:18:38.051867463Z [access]
2023-05-18T13:18:38.051872606Z allow-guest-user = true
2023-05-18T13:18:38.051877348Z allow-root-owner = true
2023-05-18T13:18:38.051881714Z
2023-05-18T13:18:38.051888703Z # Point to resource definition generated with flux-R(1).
2023-05-18T13:18:38.051894365Z [resource]
2023-05-18T13:18:38.051899382Z path = "/etc/flux/system/R"
2023-05-18T13:18:38.051903950Z
2023-05-18T13:18:38.051908744Z [bootstrap]
2023-05-18T13:18:38.051913354Z curve_cert = "/etc/curve/curve.cert"
2023-05-18T13:18:38.051916910Z default_port = 8050
2023-05-18T13:18:38.051920131Z default_bind = "tcp://eth0:%p"
2023-05-18T13:18:38.051925659Z default_connect = "tcp://%h.flux-service.flux-operator.svc.cluster.local:%p"
2023-05-18T13:18:38.051930398Z hosts = [
2023-05-18T13:18:38.051933951Z 	{ host="flux-sample-[0-3]"},
2023-05-18T13:18:38.051937180Z ]
2023-05-18T13:18:38.051940235Z
2023-05-18T13:18:38.051943388Z [archive]
2023-05-18T13:18:38.051946562Z dbpath = "/var/lib/flux/job-archive.sqlite"
2023-05-18T13:18:38.051949832Z period = "1m"
2023-05-18T13:18:38.126634103Z busytimeout = "50s"
2023-05-18T13:18:38.126658494Z ðŸ§Šï¸ State Directory:
2023-05-18T13:18:38.126664669Z total 0
2023-05-18T13:18:38.126669496Z
2023-05-18T13:18:38.130077842Z
2023-05-18T13:18:38.130103604Z ðŸ”’ï¸ Working directory permissions:
2023-05-18T13:18:38.130109453Z total 96
2023-05-18T13:18:38.130117290Z -rwxrwxrwx 1 flux root  2517 May 17 22:32 README.txt
2023-05-18T13:18:38.130122988Z -rwxrwxrwx 1 flux root 54692 May 17 22:32 data.hns-equil
2023-05-18T13:18:38.130127683Z -rwxrwxrwx 1 flux root 13576 May 17 22:32 ffield.reax.hns
2023-05-18T13:18:38.130132436Z -rwxrwxrwx 1 flux root   870 May 17 22:32 in.reaxc.hns
2023-05-18T13:18:38.130137830Z -rwxrwxrwx 1 flux root  4172 May 17 22:32 log.8Mar18.reaxc.hns.g++.1
2023-05-18T13:18:38.130142470Z -rwxrwxrwx 1 flux root  4168 May 17 22:32 log.8Mar18.reaxc.hns.g++.4
2023-05-18T13:18:38.130252940Z
2023-05-18T13:18:38.130427978Z
2023-05-18T13:18:38.130441534Z âœ¨ Curve certificate generated by helper pod
2023-05-18T13:18:38.131949229Z #   ****  Generated on 2023-04-26 22:54:42 by CZMQ  ****
2023-05-18T13:18:38.131966963Z #   ZeroMQ CURVE **Secret** Certificate
2023-05-18T13:18:38.131972892Z #   DO NOT PROVIDE THIS FILE TO OTHER USERS nor change its permissions.
2023-05-18T13:18:38.131977555Z
2023-05-18T13:18:38.131982302Z metadata
2023-05-18T13:18:38.131988069Z     name = "flux-cert-generator"
2023-05-18T13:18:38.131992940Z     keygen.hostname = "flux-sample-0"
2023-05-18T13:18:38.131998444Z curve
2023-05-18T13:18:38.132005532Z     public-key = "rAac3:^D@L1aU3tX@Y?c^y>M9zf:s(n<t2c)A$&q"
2023-05-18T13:18:38.132012062Z     secret-key = "E8iHJEyvJqjvyffV=GF(3Y&fkm%s}.9kZo1r2{TL"
2023-05-18T13:18:38.134106456Z
2023-05-18T13:18:38.134126337Z ðŸŒ€  flux start --wrap=strace,-e,network,-tt -o --config /etc/flux/config -Scron.directory=/etc/flux/system/cron.d   -Stbon.fanout=256   -Srundir=/run/flux    -Sstatedir=/var/lib/flux   -Slocal-uri=local:///run/flux/local -Stbon.connect_timeout=8s  -Stbon.zmqdebug=1  -Slog-stderr-level=6    -Slog-stderr-mode=local
2023-05-18T13:18:38.166456605Z 13:18:38.166249 socket(AF_NETLINK, SOCK_RAW, NETLINK_ROUTE) = 8
2023-05-18T13:18:38.166606001Z 13:18:38.166341 bind(8, {sa_family=AF_NETLINK, nl_pid=0, nl_groups=00000000}, 12) = 0
2023-05-18T13:18:38.166617843Z 13:18:38.166411 getsockname(8, {sa_family=AF_NETLINK, nl_pid=70, nl_groups=00000000}, [12]) = 0
2023-05-18T13:18:38.166888780Z 13:18:38.166502 sendto(8, {{len=20, type=RTM_GETADDR, flags=NLM_F_REQUEST|NLM_F_DUMP, seq=1684415918, pid=0}, {ifa_family=AF_UNSPEC, ...}}, 20, 0, {sa_family=AF_NETLINK, nl_pid=0, nl_groups=00000000}, 12) = 20
2023-05-18T13:18:38.167267233Z 13:18:38.166785 recvmsg(8, {msg_name={sa_family=AF_NETLINK, nl_pid=0, nl_groups=00000000}, msg_namelen=12, msg_iov=[{iov_base=[{{len=76, type=RTM_NEWADDR, flags=NLM_F_MULTI, seq=1684415918, pid=70}, {ifa_family=AF_INET, ifa_prefixlen=8, ifa_flags=IFA_F_PERMANENT, ifa_scope=RT_SCOPE_HOST, ifa_index=if_nametoindex("lo")}, [{{nla_len=8, nla_type=IFA_ADDRESS}, 127.0.0.1}, {{nla_len=8, nla_type=IFA_LOCAL}, 127.0.0.1}, {{nla_len=7, nla_type=IFA_LABEL}, "lo"}, {{nla_len=8, nla_type=IFA_FLAGS}, IFA_F_PERMANENT}, {{nla_len=20, nla_type=IFA_CACHEINFO}, {ifa_prefered=4294967295, ifa_valid=4294967295, cstamp=2166321, tstamp=2166321}}]}, {{len=88, type=RTM_NEWADDR, flags=NLM_F_MULTI, seq=1684415918, pid=70}, {ifa_family=AF_INET, ifa_prefixlen=24, ifa_flags=IFA_F_PERMANENT, ifa_scope=RT_SCOPE_UNIVERSE, ifa_index=if_nametoindex("eth0")}, [{{nla_len=8, nla_type=IFA_ADDRESS}, 10.24.0.151}, {{nla_len=8, nla_type=IFA_LOCAL}, 10.24.0.151}, {{nla_len=8, nla_type=IFA_BROADCAST}, 10.24.0.255}, {{nla_len=9, nla_type=IFA_LABEL}, "eth0"}, {{nla_len=8, nla_type=IFA_FLAGS}, IFA_F_PERMANENT}, {{nla_len=20, nla_type=IFA_CACHEINFO}, {ifa_prefered=4294967295, ifa_valid=4294967295, cstamp=2166324, tstamp=2166324}}]}], iov_len=4096}], msg_iovlen=1, msg_controllen=0, msg_flags=0}, 0) = 164
2023-05-18T13:18:38.167406744Z 13:18:38.167130 recvmsg(8, {msg_name={sa_family=AF_NETLINK, nl_pid=0, nl_groups=00000000}, msg_namelen=12, msg_iov=[{iov_base={{len=20, type=NLMSG_DONE, flags=NLM_F_MULTI, seq=1684415918, pid=70}, 0}, iov_len=4096}], msg_iovlen=1, msg_controllen=0, msg_flags=0}, 0) = 20
2023-05-18T13:18:38.167970853Z 13:18:38.167772 socket(AF_UNIX, SOCK_STREAM|SOCK_CLOEXEC|SOCK_NONBLOCK, 0) = 8
2023-05-18T13:18:38.167985976Z 13:18:38.167839 connect(8, {sa_family=AF_UNIX, sun_path="/var/run/nscd/socket"}, 110) = -1 ENOENT (No such file or directory)
2023-05-18T13:18:38.168164230Z 13:18:38.167989 socket(AF_UNIX, SOCK_STREAM|SOCK_CLOEXEC|SOCK_NONBLOCK, 0) = 8
2023-05-18T13:18:38.168291260Z 13:18:38.168091 connect(8, {sa_family=AF_UNIX, sun_path="/var/run/nscd/socket"}, 110) = -1 ENOENT (No such file or directory)
2023-05-18T13:18:38.169685692Z 13:18:38.169497 socket(AF_INET, SOCK_DGRAM|SOCK_CLOEXEC|SOCK_NONBLOCK, IPPROTO_IP) = 8
2023-05-18T13:18:38.169796013Z 13:18:38.169572 connect(8, {sa_family=AF_INET, sin_port=htons(53), sin_addr=inet_addr("169.254.169.254")}, 16) = 0
2023-05-18T13:18:38.170328601Z 13:18:38.169734 sendto(8, "'@\1\0\0\1\0\0\0\0\0\0\rflux-sample-0\fflux-"..., 76, MSG_NOSIGNAL, NULL, 0) = 76
2023-05-18T13:18:38.174572851Z 13:18:38.174391 recvfrom(8, "'@\201\203\0\1\0\0\0\1\0\0\rflux-sample-0\fflux-"..., 1024, 0, {sa_family=AF_INET, sin_port=htons(53), sin_addr=inet_addr("169.254.169.254")}, [28->16]) = 172
2023-05-18T13:18:38.174824996Z 13:18:38.174592 socket(AF_INET, SOCK_DGRAM|SOCK_CLOEXEC|SOCK_NONBLOCK, IPPROTO_IP) = 8
2023-05-18T13:18:38.174844538Z 13:18:38.174687 connect(8, {sa_family=AF_INET, sin_port=htons(53), sin_addr=inet_addr("169.254.169.254")}, 16) = 0
2023-05-18T13:18:38.175046878Z 13:18:38.174837 sendto(8, "\272\371\1\0\0\1\0\0\0\0\0\0\rflux-sample-0\fflux-"..., 108, MSG_NOSIGNAL, NULL, 0) = 108
2023-05-18T13:18:38.179002812Z 13:18:38.178587 recvfrom(8, "\272\371\201\203\0\1\0\0\0\1\0\0\rflux-sample-0\fflux-"..., 1024, 0, {sa_family=AF_INET, sin_port=htons(53), sin_addr=inet_addr("169.254.169.254")}, [28->16]) = 204
2023-05-18T13:18:38.179279947Z 13:18:38.179134 socket(AF_INET, SOCK_DGRAM|SOCK_CLOEXEC|SOCK_NONBLOCK, IPPROTO_IP) = 8
2023-05-18T13:18:38.179379381Z 13:18:38.179220 connect(8, {sa_family=AF_INET, sin_port=htons(53), sin_addr=inet_addr("169.254.169.254")}, 16) = 0
2023-05-18T13:18:38.179601991Z 13:18:38.179407 sendto(8, "\246K\1\0\0\1\0\0\0\0\0\0\rflux-sample-0\fflux-"..., 94, MSG_NOSIGNAL, NULL, 0) = 94
2023-05-18T13:18:38.183279381Z 13:18:38.183097 recvfrom(8, "\246K\201\203\0\1\0\0\0\1\0\0\rflux-sample-0\fflux-"..., 1024, 0, {sa_family=AF_INET, sin_port=htons(53), sin_addr=inet_addr("169.254.169.254")}, [28->16]) = 190
2023-05-18T13:18:38.183534424Z 13:18:38.183283 socket(AF_INET, SOCK_DGRAM|SOCK_CLOEXEC|SOCK_NONBLOCK, IPPROTO_IP) = 8
2023-05-18T13:18:38.183547624Z 13:18:38.183354 connect(8, {sa_family=AF_INET, sin_port=htons(53), sin_addr=inet_addr("169.254.169.254")}, 16) = 0
2023-05-18T13:18:38.183610842Z 13:18:38.183459 sendto(8, "\362\376\1\0\0\1\0\0\0\0\0\0\rflux-sample-0\fflux-"..., 90, MSG_NOSIGNAL, NULL, 0) = 90
2023-05-18T13:18:38.187714607Z 13:18:38.187385 recvfrom(8, "\362\376\201\203\0\1\0\0\0\1\0\0\rflux-sample-0\fflux-"..., 1024, 0, {sa_family=AF_INET, sin_port=htons(53), sin_addr=inet_addr("169.254.169.254")}, [28->16]) = 186
2023-05-18T13:18:38.187739939Z 13:18:38.187545 socket(AF_INET, SOCK_DGRAM|SOCK_CLOEXEC|SOCK_NONBLOCK, IPPROTO_IP) = 8
2023-05-18T13:18:38.187866417Z 13:18:38.187614 connect(8, {sa_family=AF_INET, sin_port=htons(53), sin_addr=inet_addr("169.254.169.254")}, 16) = 0
2023-05-18T13:18:38.187899059Z 13:18:38.187717 sendto(8, "_\244\1\0\0\1\0\0\0\0\0\0\rflux-sample-0\fflux-"..., 111, MSG_NOSIGNAL, NULL, 0) = 111
2023-05-18T13:18:38.196099300Z 13:18:38.195927 recvfrom(8, "_\244\201\203\0\1\0\0\0\1\0\0\rflux-sample-0\fflux-"..., 1024, 0, {sa_family=AF_INET, sin_port=htons(53), sin_addr=inet_addr("169.254.169.254")}, [28->16]) = 205
2023-05-18T13:18:38.196346261Z 13:18:38.196104 socket(AF_INET, SOCK_DGRAM|SOCK_CLOEXEC|SOCK_NONBLOCK, IPPROTO_IP) = 8
2023-05-18T13:18:38.196366917Z 13:18:38.196196 connect(8, {sa_family=AF_INET, sin_port=htons(53), sin_addr=inet_addr("169.254.169.254")}, 16) = 0
2023-05-18T13:18:38.196603571Z 13:18:38.196377 sendto(8, "P@\1\0\0\1\0\0\0\0\0\0\rflux-sample-0\fflux-"..., 97, MSG_NOSIGNAL, NULL, 0) = 97
2023-05-18T13:18:38.203930558Z 13:18:38.203732 recvfrom(8, "P@\201\203\0\1\0\0\0\1\0\0\rflux-sample-0\fflux-"..., 1024, 0, {sa_family=AF_INET, sin_port=htons(53), sin_addr=inet_addr("169.254.169.254")}, [28->16]) = 186
2023-05-18T13:18:38.204110089Z 13:18:38.203924 socket(AF_INET, SOCK_DGRAM|SOCK_CLOEXEC|SOCK_NONBLOCK, IPPROTO_IP) = 8
2023-05-18T13:18:38.204120679Z 13:18:38.203996 connect(8, {sa_family=AF_INET, sin_port=htons(53), sin_addr=inet_addr("169.254.169.254")}, 16) = 0
2023-05-18T13:18:38.204296339Z 13:18:38.204100 sendto(8, "\333\343\1\0\0\1\0\0\0\0\0\0\rflux-sample-0\fflux-"..., 92, MSG_NOSIGNAL, NULL, 0) = 92
2023-05-18T13:18:38.209752901Z 13:18:38.209567 recvfrom(8, "\333\343\201\203\0\1\0\0\0\1\0\0\rflux-sample-0\fflux-"..., 1024, 0, {sa_family=AF_INET, sin_port=htons(53), sin_addr=inet_addr("169.254.169.254")}, [28->16]) = 181
2023-05-18T13:18:38.209989153Z broker.err[1]: Warning: unable to resolve upstream peer flux-sample-0.flux-service.flux-operator.svc.cluster.local: Name or service not known
2023-05-18T13:18:38.216042680Z broker.info[1]: start: none->join 2.31113ms
2023-05-18T13:18:40.001653800Z broker.info[1]: parent-ready: join->init 1.78539s
2023-05-18T13:18:40.002057029Z 13:18:40.001753 socketpair(AF_UNIX, SOCK_STREAM|SOCK_CLOEXEC, 0, [22, 23]) = 0
2023-05-18T13:18:40.002176533Z 13:18:40.001938 socketpair(AF_UNIX, SOCK_STREAM, 0, [24, 25]) = 0
2023-05-18T13:18:40.002439852Z 13:18:40.002200 socketpair(AF_UNIX, SOCK_STREAM, 0, [26, 27]) = 0
2023-05-18T13:18:40.002725099Z 13:18:40.002486 socketpair(AF_UNIX, SOCK_STREAM, 0, [28, 29]) = 0
2023-05-18T13:18:40.027555027Z broker.info[1]: configuration updated
2023-05-18T13:18:40.155936427Z broker.info[1]: rc1.0: running /etc/flux/rc1.d/01-sched-fluxion
2023-05-18T13:18:40.166642920Z broker.info[1]: rc1.0: running /etc/flux/rc1.d/02-cron
2023-05-18T13:18:40.188014670Z broker.info[1]: rc1.0: /etc/flux/rc1 Exited (rc=0) 0.2s
2023-05-18T13:18:40.188777151Z broker.info[1]: rc1-success: init->quorum 0.186854s
2023-05-18T13:18:40.373365193Z broker.info[1]: quorum-full: quorum->run 0.184407s
2023-05-18T13:18:52.217836709Z broker.info[1]: shutdown: run->cleanup 11.8435s
2023-05-18T13:18:52.218933173Z broker.info[1]: cleanup-none: cleanup->shutdown 0.993202ms
2023-05-18T13:18:52.220172669Z broker.info[1]: children-none: shutdown->finalize 1.09152ms
2023-05-18T13:18:52.221020950Z 13:18:52.220275 socketpair(AF_UNIX, SOCK_STREAM|SOCK_CLOEXEC, 0, [22, 23]) = 0
2023-05-18T13:18:52.221293575Z 13:18:52.220476 socketpair(AF_UNIX, SOCK_STREAM, 0, [24, 25]) = 0
2023-05-18T13:18:52.221396107Z 13:18:52.220729 socketpair(AF_UNIX, SOCK_STREAM, 0, [26, 28]) = 0
2023-05-18T13:18:52.221450328Z 13:18:52.221021 socketpair(AF_UNIX, SOCK_STREAM, 0, [58, 59]) = 0
2023-05-18T13:18:52.241830181Z broker.info[1]: rc3.0: running /etc/flux/rc3.d/01-sched-fluxion
2023-05-18T13:18:52.374107618Z broker.info[1]: rc3.0: /etc/flux/rc3 Exited (rc=0) 0.1s
2023-05-18T13:18:52.375392488Z broker.info[1]: rc3-success: finalize->goodbye 0.154895s
2023-05-18T13:18:52.377503559Z broker.info[1]: goodbye: goodbye->exit 1.41012ms
2023-05-18T13:18:52.387200522Z 13:18:52.387011 +++ exited with 0 +++
2023-05-18T13:18:52.388607949Z Return value for follower worker is 0
2023-05-18T13:18:52.388638931Z The follower worker exited cleanly. Goodbye!
