2023-05-18T12:29:06.989543295Z
2023-05-18T12:29:06.989582905Z Flux username: flux
2023-05-18T12:29:06.989589713Z
2023-05-18T12:29:06.989594799Z Flux install root: /usr
2023-05-18T12:29:07.033177684Z flux user is already added.
2023-05-18T12:29:07.036675166Z flux user identifiers:
2023-05-18T12:29:07.036694642Z uid=1234(flux) gid=1234(flux) groups=1234(flux)
2023-05-18T12:29:07.036699638Z
2023-05-18T12:29:07.036704991Z As Flux prefix for flux commands: sudo -u flux -E PYTHONPATH=/opt/conda/lib/python3.10/site-packages -E PATH=/opt/conda/bin:/usr/local/sbin:/usr/local/bin:/usr/sbin:/usr/bin:/sbin:/bin -E LD_LIBRARY_PATH=/opt/conda/lib -E HOME=/home/flux
2023-05-18T12:29:07.043965381Z
2023-05-18T12:29:07.043987168Z ðŸ‘‹ Hello, I'm flux-sample-2
2023-05-18T12:29:07.044140692Z The main host is flux-sample-0
2023-05-18T12:29:07.044152532Z The working directory is /home/flux/examples/reaxff/HNS, contents include:
2023-05-18T12:29:07.045715003Z /home/flux/examples/reaxff/HNS:
2023-05-18T12:29:07.045824078Z README.txt	ffield.reax.hns  log.8Mar18.reaxc.hns.g++.1
2023-05-18T12:29:07.045834288Z data.hns-equil	in.reaxc.hns	 log.8Mar18.reaxc.hns.g++.4
2023-05-18T12:29:07.046025480Z End of file listing, if you see nothing above there are no files.
2023-05-18T12:29:07.047882181Z flux R encode --hosts=flux-sample-[0-3]
2023-05-18T12:29:07.061108325Z
2023-05-18T12:29:07.061128729Z ðŸ“¦ Resources
2023-05-18T12:29:07.062388676Z {"version": 1, "execution": {"R_lite": [{"rank": "0-3", "children": {"core": "0"}}], "starttime": 0.0, "expiration": 0.0, "nodelist": ["flux-sample-[0-3]"]}}
2023-05-18T12:29:07.062601554Z
2023-05-18T12:29:07.062616053Z ðŸ¸ Diagnostics: false
2023-05-18T12:29:07.062762543Z ðŸš©ï¸ Flux Option Flags defined
2023-05-18T12:29:07.066151276Z
2023-05-18T12:29:07.066168685Z ðŸ¦Š Independent Minister of Privilege
2023-05-18T12:29:07.067341845Z [exec]
2023-05-18T12:29:07.067357881Z allowed-users = [ "flux", "root" ]
2023-05-18T12:29:07.067363950Z allowed-shells = [ "/usr/libexec/flux/flux-shell" ]
2023-05-18T12:29:07.067550283Z
2023-05-18T12:29:07.067563555Z ðŸ¸ Broker Configuration
2023-05-18T12:29:07.068726596Z # Flux needs to know the path to the IMP executable
2023-05-18T12:29:07.068742368Z [exec]
2023-05-18T12:29:07.068748245Z imp = "/usr/libexec/flux/flux-imp"
2023-05-18T12:29:07.068754621Z
2023-05-18T12:29:07.068762459Z [access]
2023-05-18T12:29:07.068779173Z allow-guest-user = true
2023-05-18T12:29:07.068784746Z allow-root-owner = true
2023-05-18T12:29:07.068789233Z
2023-05-18T12:29:07.068793781Z # Point to resource definition generated with flux-R(1).
2023-05-18T12:29:07.068800843Z [resource]
2023-05-18T12:29:07.068807042Z path = "/etc/flux/system/R"
2023-05-18T12:29:07.068811779Z
2023-05-18T12:29:07.068816325Z [bootstrap]
2023-05-18T12:29:07.068821244Z curve_cert = "/etc/curve/curve.cert"
2023-05-18T12:29:07.068825811Z default_port = 8050
2023-05-18T12:29:07.068830716Z default_bind = "tcp://eth0:%p"
2023-05-18T12:29:07.068836305Z default_connect = "tcp://%h.flux-service.flux-operator.svc.cluster.local:%p"
2023-05-18T12:29:07.068843015Z hosts = [
2023-05-18T12:29:07.068849645Z 	{ host="flux-sample-[0-3]"},
2023-05-18T12:29:07.068854832Z ]
2023-05-18T12:29:07.068859631Z
2023-05-18T12:29:07.068864612Z [archive]
2023-05-18T12:29:07.068869298Z dbpath = "/var/lib/flux/job-archive.sqlite"
2023-05-18T12:29:07.068873778Z period = "1m"
2023-05-18T12:29:07.145100312Z busytimeout = "50s"
2023-05-18T12:29:07.145123602Z ðŸ§Šï¸ State Directory:
2023-05-18T12:29:07.145129861Z total 0
2023-05-18T12:29:07.145134467Z
2023-05-18T12:29:07.147706679Z
2023-05-18T12:29:07.147739354Z ðŸ”’ï¸ Working directory permissions:
2023-05-18T12:29:07.147745931Z total 96
2023-05-18T12:29:07.147751653Z -rwxrwxrwx 1 flux root  2517 May 17 22:32 README.txt
2023-05-18T12:29:07.147756769Z -rwxrwxrwx 1 flux root 54692 May 17 22:32 data.hns-equil
2023-05-18T12:29:07.147761994Z -rwxrwxrwx 1 flux root 13576 May 17 22:32 ffield.reax.hns
2023-05-18T12:29:07.147766940Z -rwxrwxrwx 1 flux root   870 May 17 22:32 in.reaxc.hns
2023-05-18T12:29:07.147780128Z -rwxrwxrwx 1 flux root  4172 May 17 22:32 log.8Mar18.reaxc.hns.g++.1
2023-05-18T12:29:07.147787532Z -rwxrwxrwx 1 flux root  4168 May 17 22:32 log.8Mar18.reaxc.hns.g++.4
2023-05-18T12:29:07.147814751Z
2023-05-18T12:29:07.147972528Z
2023-05-18T12:29:07.147984916Z âœ¨ Curve certificate generated by helper pod
2023-05-18T12:29:07.149403940Z #   ****  Generated on 2023-04-26 22:54:42 by CZMQ  ****
2023-05-18T12:29:07.149420564Z #   ZeroMQ CURVE **Secret** Certificate
2023-05-18T12:29:07.149427420Z #   DO NOT PROVIDE THIS FILE TO OTHER USERS nor change its permissions.
2023-05-18T12:29:07.149432316Z
2023-05-18T12:29:07.149437655Z metadata
2023-05-18T12:29:07.149442979Z     name = "flux-cert-generator"
2023-05-18T12:29:07.149447685Z     keygen.hostname = "flux-sample-0"
2023-05-18T12:29:07.149452370Z curve
2023-05-18T12:29:07.149457207Z     public-key = "AK1/ln&L0wdLI2{yrDk{6MJaFoHx5yLZ)PjeHXIu"
2023-05-18T12:29:07.149464291Z     secret-key = "5GyM80r}pDIQ}seRLr[sOg+rFok3-}9bPl^(hh5B"
2023-05-18T12:29:07.151750260Z
2023-05-18T12:29:07.151768934Z ðŸŒ€  flux start --wrap=strace,-e,network,-tt -o --config /etc/flux/config -Scron.directory=/etc/flux/system/cron.d   -Stbon.fanout=256   -Srundir=/run/flux    -Sstatedir=/var/lib/flux   -Slocal-uri=local:///run/flux/local -Stbon.connect_timeout=1s  -Stbon.zmqdebug=1  -Slog-stderr-level=6    -Slog-stderr-mode=local
2023-05-18T12:29:07.189438562Z 12:29:07.189211 socket(AF_NETLINK, SOCK_RAW, NETLINK_ROUTE) = 8
2023-05-18T12:29:07.189536858Z 12:29:07.189345 bind(8, {sa_family=AF_NETLINK, nl_pid=0, nl_groups=00000000}, 12) = 0
2023-05-18T12:29:07.189604117Z 12:29:07.189460 getsockname(8, {sa_family=AF_NETLINK, nl_pid=71, nl_groups=00000000}, [12]) = 0
2023-05-18T12:29:07.189982334Z 12:29:07.189562 sendto(8, {{len=20, type=RTM_GETADDR, flags=NLM_F_REQUEST|NLM_F_DUMP, seq=1684412947, pid=0}, {ifa_family=AF_UNSPEC, ...}}, 20, 0, {sa_family=AF_NETLINK, nl_pid=0, nl_groups=00000000}, 12) = 20
2023-05-18T12:29:07.190254841Z 12:29:07.189842 recvmsg(8, {msg_name={sa_family=AF_NETLINK, nl_pid=0, nl_groups=00000000}, msg_namelen=12, msg_iov=[{iov_base=[{{len=76, type=RTM_NEWADDR, flags=NLM_F_MULTI, seq=1684412947, pid=71}, {ifa_family=AF_INET, ifa_prefixlen=8, ifa_flags=IFA_F_PERMANENT, ifa_scope=RT_SCOPE_HOST, ifa_index=if_nametoindex("lo")}, [{{nla_len=8, nla_type=IFA_ADDRESS}, 127.0.0.1}, {{nla_len=8, nla_type=IFA_LOCAL}, 127.0.0.1}, {{nla_len=7, nla_type=IFA_LABEL}, "lo"}, {{nla_len=8, nla_type=IFA_FLAGS}, IFA_F_PERMANENT}, {{nla_len=20, nla_type=IFA_CACHEINFO}, {ifa_prefered=4294967295, ifa_valid=4294967295, cstamp=1869232, tstamp=1869232}}]}, {{len=88, type=RTM_NEWADDR, flags=NLM_F_MULTI, seq=1684412947, pid=71}, {ifa_family=AF_INET, ifa_prefixlen=24, ifa_flags=IFA_F_PERMANENT, ifa_scope=RT_SCOPE_UNIVERSE, ifa_index=if_nametoindex("eth0")}, [{{nla_len=8, nla_type=IFA_ADDRESS}, 10.24.0.254}, {{nla_len=8, nla_type=IFA_LOCAL}, 10.24.0.254}, {{nla_len=8, nla_type=IFA_BROADCAST}, 10.24.0.255}, {{nla_len=9, nla_type=IFA_LABEL}, "eth0"}, {{nla_len=8, nla_type=IFA_FLAGS}, IFA_F_PERMANENT}, {{nla_len=20, nla_type=IFA_CACHEINFO}, {ifa_prefered=4294967295, ifa_valid=4294967295, cstamp=1869235, tstamp=1869235}}]}], iov_len=4096}], msg_iovlen=1, msg_controllen=0, msg_flags=0}, 0) = 164
2023-05-18T12:29:07.190391137Z 12:29:07.190134 recvmsg(8, {msg_name={sa_family=AF_NETLINK, nl_pid=0, nl_groups=00000000}, msg_namelen=12, msg_iov=[{iov_base={{len=20, type=NLMSG_DONE, flags=NLM_F_MULTI, seq=1684412947, pid=71}, 0}, iov_len=4096}], msg_iovlen=1, msg_controllen=0, msg_flags=0}, 0) = 20
2023-05-18T12:29:07.190983253Z 12:29:07.190848 socket(AF_UNIX, SOCK_STREAM|SOCK_CLOEXEC|SOCK_NONBLOCK, 0) = 8
2023-05-18T12:29:07.191156697Z 12:29:07.190971 connect(8, {sa_family=AF_UNIX, sun_path="/var/run/nscd/socket"}, 110) = -1 ENOENT (No such file or directory)
2023-05-18T12:29:07.191322141Z 12:29:07.191165 socket(AF_UNIX, SOCK_STREAM|SOCK_CLOEXEC|SOCK_NONBLOCK, 0) = 8
2023-05-18T12:29:07.191445185Z 12:29:07.191296 connect(8, {sa_family=AF_UNIX, sun_path="/var/run/nscd/socket"}, 110) = -1 ENOENT (No such file or directory)
2023-05-18T12:29:07.193480025Z 12:29:07.193196 socket(AF_INET, SOCK_DGRAM|SOCK_CLOEXEC|SOCK_NONBLOCK, IPPROTO_IP) = 8
2023-05-18T12:29:07.193496867Z 12:29:07.193330 connect(8, {sa_family=AF_INET, sin_port=htons(53), sin_addr=inet_addr("169.254.169.254")}, 16) = 0
2023-05-18T12:29:07.194171713Z 12:29:07.193568 sendto(8, "\2372\1\0\0\1\0\0\0\0\0\0\rflux-sample-0\fflux-"..., 76, MSG_NOSIGNAL, NULL, 0) = 76
2023-05-18T12:29:07.197153028Z 12:29:07.196974 recvfrom(8, "\2372\201\200\0\1\0\1\0\0\0\0\rflux-sample-0\fflux-"..., 1024, 0, {sa_family=AF_INET, sin_port=htons(53), sin_addr=inet_addr("169.254.169.254")}, [28->16]) = 92
2023-05-18T12:29:07.203518012Z broker.info[2]: start: none->join 2.55425ms
2023-05-18T12:29:09.510412280Z broker.info[2]: parent-ready: join->init 2.30671s
2023-05-18T12:29:09.511119298Z 12:29:09.510577 socketpair(AF_UNIX, SOCK_STREAM|SOCK_CLOEXEC, 0, [22, 23]) = 0
2023-05-18T12:29:09.511146885Z 12:29:09.510712 socketpair(AF_UNIX, SOCK_STREAM, 0, [24, 25]) = 0
2023-05-18T12:29:09.511154061Z 12:29:09.510901 socketpair(AF_UNIX, SOCK_STREAM, 0, [26, 27]) = 0
2023-05-18T12:29:09.511645781Z 12:29:09.511136 socketpair(AF_UNIX, SOCK_STREAM, 0, [28, 29]) = 0
2023-05-18T12:29:09.535716343Z broker.info[2]: configuration updated
2023-05-18T12:29:09.665944966Z broker.info[2]: rc1.0: running /etc/flux/rc1.d/01-sched-fluxion
2023-05-18T12:29:09.676744193Z broker.info[2]: rc1.0: running /etc/flux/rc1.d/02-cron
2023-05-18T12:29:09.699155512Z broker.info[2]: rc1.0: /etc/flux/rc1 Exited (rc=0) 0.2s
2023-05-18T12:29:09.699972881Z broker.info[2]: rc1-success: init->quorum 0.189243s
2023-05-18T12:29:09.916112389Z broker.info[2]: quorum-full: quorum->run 0.215673s
2023-05-18T12:29:21.432718010Z broker.info[2]: shutdown: run->cleanup 11.5162s
2023-05-18T12:29:21.434474175Z broker.info[2]: cleanup-none: cleanup->shutdown 1.4138ms
2023-05-18T12:29:21.435780403Z broker.info[2]: children-none: shutdown->finalize 1.1788ms
2023-05-18T12:29:21.436689387Z 12:29:21.435747 socketpair(AF_UNIX, SOCK_STREAM|SOCK_CLOEXEC, 0, [22, 23]) = 0
2023-05-18T12:29:21.437333227Z 12:29:21.435965 socketpair(AF_UNIX, SOCK_STREAM, 0, [24, 25]) = 0
2023-05-18T12:29:21.437884273Z 12:29:21.436221 socketpair(AF_UNIX, SOCK_STREAM, 0, [26, 28]) = 0
2023-05-18T12:29:21.438397446Z 12:29:21.436491 socketpair(AF_UNIX, SOCK_STREAM, 0, [58, 59]) = 0
2023-05-18T12:29:21.456047820Z broker.info[2]: rc3.0: running /etc/flux/rc3.d/01-sched-fluxion
2023-05-18T12:29:21.582543457Z broker.info[2]: rc3.0: /etc/flux/rc3 Exited (rc=0) 0.1s
2023-05-18T12:29:21.583271235Z broker.info[2]: rc3-success: finalize->goodbye 0.147327s
2023-05-18T12:29:21.585075767Z broker.info[2]: goodbye: goodbye->exit 1.39566ms
2023-05-18T12:29:21.592021861Z 12:29:21.591887 +++ exited with 0 +++
2023-05-18T12:29:21.593387048Z Return value for follower worker is 0
2023-05-18T12:29:21.593408832Z The follower worker exited cleanly. Goodbye!
