2023-05-18T08:45:32.294598385Z
2023-05-18T08:45:32.294651524Z Flux username: flux
2023-05-18T08:45:32.294658452Z
2023-05-18T08:45:32.294663567Z Flux install root: /usr
2023-05-18T08:45:32.339814652Z flux user is already added.
2023-05-18T08:45:32.344362220Z flux user identifiers:
2023-05-18T08:45:32.344391121Z uid=1234(flux) gid=1234(flux) groups=1234(flux)
2023-05-18T08:45:32.344471773Z
2023-05-18T08:45:32.344550543Z As Flux prefix for flux commands: sudo -u flux -E PYTHONPATH=/opt/conda/lib/python3.10/site-packages -E PATH=/opt/conda/bin:/usr/local/sbin:/usr/local/bin:/usr/sbin:/usr/bin:/sbin:/bin -E LD_LIBRARY_PATH=/opt/conda/lib -E HOME=/home/flux
2023-05-18T08:45:32.352953848Z
2023-05-18T08:45:32.352982756Z ðŸ‘‹ Hello, I'm flux-sample-2
2023-05-18T08:45:32.352987384Z The main host is flux-sample-0
2023-05-18T08:45:32.353168301Z The working directory is /home/flux/examples/reaxff/HNS, contents include:
2023-05-18T08:45:32.355026069Z /home/flux/examples/reaxff/HNS:
2023-05-18T08:45:32.355044578Z README.txt	ffield.reax.hns  log.8Mar18.reaxc.hns.g++.1
2023-05-18T08:45:32.355063308Z data.hns-equil	in.reaxc.hns	 log.8Mar18.reaxc.hns.g++.4
2023-05-18T08:45:32.355384072Z End of file listing, if you see nothing above there are no files.
2023-05-18T08:45:32.357251665Z flux R encode --hosts=flux-sample-[0-3]
2023-05-18T08:45:32.372503896Z
2023-05-18T08:45:32.372536789Z ðŸ“¦ Resources
2023-05-18T08:45:32.374762399Z {"version": 1, "execution": {"R_lite": [{"rank": "0-3", "children": {"core": "0"}}], "starttime": 0.0, "expiration": 0.0, "nodelist": ["flux-sample-[0-3]"]}}
2023-05-18T08:45:32.375316751Z
2023-05-18T08:45:32.375371771Z ðŸ¸ Diagnostics: false
2023-05-18T08:45:32.375684548Z ðŸš©ï¸ Flux Option Flags defined
2023-05-18T08:45:32.379812227Z
2023-05-18T08:45:32.379841116Z ðŸ¦Š Independent Minister of Privilege
2023-05-18T08:45:32.381153924Z [exec]
2023-05-18T08:45:32.381171652Z allowed-users = [ "flux", "root" ]
2023-05-18T08:45:32.381178147Z allowed-shells = [ "/usr/libexec/flux/flux-shell" ]
2023-05-18T08:45:32.381471941Z
2023-05-18T08:45:32.381487090Z ðŸ¸ Broker Configuration
2023-05-18T08:45:32.382849921Z # Flux needs to know the path to the IMP executable
2023-05-18T08:45:32.382866718Z [exec]
2023-05-18T08:45:32.382873029Z imp = "/usr/libexec/flux/flux-imp"
2023-05-18T08:45:32.382877612Z
2023-05-18T08:45:32.382882268Z [access]
2023-05-18T08:45:32.382887529Z allow-guest-user = true
2023-05-18T08:45:32.382892220Z allow-root-owner = true
2023-05-18T08:45:32.382896550Z
2023-05-18T08:45:32.382907543Z # Point to resource definition generated with flux-R(1).
2023-05-18T08:45:32.382912859Z [resource]
2023-05-18T08:45:32.382917390Z path = "/etc/flux/system/R"
2023-05-18T08:45:32.382920573Z
2023-05-18T08:45:32.382923824Z [bootstrap]
2023-05-18T08:45:32.382926996Z curve_cert = "/etc/curve/curve.cert"
2023-05-18T08:45:32.382930254Z default_port = 8050
2023-05-18T08:45:32.382933352Z default_bind = "tcp://eth0:%p"
2023-05-18T08:45:32.382939236Z default_connect = "tcp://%h.flux-service.flux-operator.svc.cluster.local:%p"
2023-05-18T08:45:32.382943889Z hosts = [
2023-05-18T08:45:32.382947513Z 	{ host="flux-sample-[0-3]"},
2023-05-18T08:45:32.382950851Z ]
2023-05-18T08:45:32.382953851Z
2023-05-18T08:45:32.382956931Z [archive]
2023-05-18T08:45:32.382973857Z dbpath = "/var/lib/flux/job-archive.sqlite"
2023-05-18T08:45:32.382981758Z period = "1m"
2023-05-18T08:45:32.467760017Z busytimeout = "50s"
2023-05-18T08:45:32.467786862Z ðŸ§Šï¸ State Directory:
2023-05-18T08:45:32.467793236Z total 0
2023-05-18T08:45:32.467797936Z
2023-05-18T08:45:32.470619754Z
2023-05-18T08:45:32.470644726Z ðŸ”’ï¸ Working directory permissions:
2023-05-18T08:45:32.470651298Z total 96
2023-05-18T08:45:32.470657050Z -rwxrwxrwx 1 flux root  2517 May 17 22:32 README.txt
2023-05-18T08:45:32.470662094Z -rwxrwxrwx 1 flux root 54692 May 17 22:32 data.hns-equil
2023-05-18T08:45:32.470667294Z -rwxrwxrwx 1 flux root 13576 May 17 22:32 ffield.reax.hns
2023-05-18T08:45:32.470672362Z -rwxrwxrwx 1 flux root   870 May 17 22:32 in.reaxc.hns
2023-05-18T08:45:32.470686334Z -rwxrwxrwx 1 flux root  4172 May 17 22:32 log.8Mar18.reaxc.hns.g++.1
2023-05-18T08:45:32.470777179Z -rwxrwxrwx 1 flux root  4168 May 17 22:32 log.8Mar18.reaxc.hns.g++.4
2023-05-18T08:45:32.470786112Z
2023-05-18T08:45:32.470888737Z
2023-05-18T08:45:32.470899798Z âœ¨ Curve certificate generated by helper pod
2023-05-18T08:45:32.472421957Z #   ****  Generated on 2023-04-26 22:54:42 by CZMQ  ****
2023-05-18T08:45:32.472438778Z #   ZeroMQ CURVE **Secret** Certificate
2023-05-18T08:45:32.472444551Z #   DO NOT PROVIDE THIS FILE TO OTHER USERS nor change its permissions.
2023-05-18T08:45:32.472449863Z
2023-05-18T08:45:32.472472701Z metadata
2023-05-18T08:45:32.472480916Z     name = "flux-cert-generator"
2023-05-18T08:45:32.472486442Z     keygen.hostname = "flux-sample-0"
2023-05-18T08:45:32.472491437Z curve
2023-05-18T08:45:32.472496382Z     public-key = "cglFQIm=E]wVuWi]qLzFdHvP!2m9g^LL#@)g8XLu"
2023-05-18T08:45:32.472501267Z     secret-key = "Dx^l#@ltb6{dbN}sg>VswIaTwgk/Xk+b0]%k+)pp"
2023-05-18T08:45:32.476467298Z
2023-05-18T08:45:32.476486824Z ðŸŒ€  flux start --wrap=strace,-e,network,-tt -o --config /etc/flux/config -Scron.directory=/etc/flux/system/cron.d   -Stbon.fanout=256   -Srundir=/run/flux    -Sstatedir=/var/lib/flux   -Slocal-uri=local:///run/flux/local -Stbon.connect_timeout=10s  -Stbon.zmqdebug=1  -Slog-stderr-level=6    -Slog-stderr-mode=local
2023-05-18T08:45:32.519026307Z 08:45:32.518771 socket(AF_NETLINK, SOCK_RAW, NETLINK_ROUTE) = 8
2023-05-18T08:45:32.519413460Z 08:45:32.519138 bind(8, {sa_family=AF_NETLINK, nl_pid=0, nl_groups=00000000}, 12) = 0
2023-05-18T08:45:32.519729507Z 08:45:32.519478 getsockname(8, {sa_family=AF_NETLINK, nl_pid=70, nl_groups=00000000}, [12]) = 0
2023-05-18T08:45:32.520229683Z 08:45:32.519785 sendto(8, {{len=20, type=RTM_GETADDR, flags=NLM_F_REQUEST|NLM_F_DUMP, seq=1684399532, pid=0}, {ifa_family=AF_UNSPEC, ...}}, 20, 0, {sa_family=AF_NETLINK, nl_pid=0, nl_groups=00000000}, 12) = 20
2023-05-18T08:45:32.521073830Z 08:45:32.520280 recvmsg(8, {msg_name={sa_family=AF_NETLINK, nl_pid=0, nl_groups=00000000}, msg_namelen=12, msg_iov=[{iov_base=[{{len=76, type=RTM_NEWADDR, flags=NLM_F_MULTI, seq=1684399532, pid=70}, {ifa_family=AF_INET, ifa_prefixlen=8, ifa_flags=IFA_F_PERMANENT, ifa_scope=RT_SCOPE_HOST, ifa_index=if_nametoindex("lo")}, [{{nla_len=8, nla_type=IFA_ADDRESS}, 127.0.0.1}, {{nla_len=8, nla_type=IFA_LOCAL}, 127.0.0.1}, {{nla_len=7, nla_type=IFA_LABEL}, "lo"}, {{nla_len=8, nla_type=IFA_FLAGS}, IFA_F_PERMANENT}, {{nla_len=20, nla_type=IFA_CACHEINFO}, {ifa_prefered=4294967295, ifa_valid=4294967295, cstamp=527490, tstamp=527490}}]}, {{len=88, type=RTM_NEWADDR, flags=NLM_F_MULTI, seq=1684399532, pid=70}, {ifa_family=AF_INET, ifa_prefixlen=24, ifa_flags=IFA_F_PERMANENT, ifa_scope=RT_SCOPE_UNIVERSE, ifa_index=if_nametoindex("eth0")}, [{{nla_len=8, nla_type=IFA_ADDRESS}, 10.24.3.208}, {{nla_len=8, nla_type=IFA_LOCAL}, 10.24.3.208}, {{nla_len=8, nla_type=IFA_BROADCAST}, 10.24.3.255}, {{nla_len=9, nla_type=IFA_LABEL}, "eth0"}, {{nla_len=8, nla_type=IFA_FLAGS}, IFA_F_PERMANENT}, {{nla_len=20, nla_type=IFA_CACHEINFO}, {ifa_prefered=4294967295, ifa_valid=4294967295, cstamp=527492, tstamp=527492}}]}], iov_len=4096}], msg_iovlen=1, msg_controllen=0, msg_flags=0}, 0) = 164
2023-05-18T08:45:32.521432357Z 08:45:32.520958 recvmsg(8, {msg_name={sa_family=AF_NETLINK, nl_pid=0, nl_groups=00000000}, msg_namelen=12, msg_iov=[{iov_base={{len=20, type=NLMSG_DONE, flags=NLM_F_MULTI, seq=1684399532, pid=70}, 0}, iov_len=4096}], msg_iovlen=1, msg_controllen=0, msg_flags=0}, 0) = 20
2023-05-18T08:45:32.522186134Z 08:45:32.521948 socket(AF_UNIX, SOCK_STREAM|SOCK_CLOEXEC|SOCK_NONBLOCK, 0) = 8
2023-05-18T08:45:32.522412195Z 08:45:32.522253 connect(8, {sa_family=AF_UNIX, sun_path="/var/run/nscd/socket"}, 110) = -1 ENOENT (No such file or directory)
2023-05-18T08:45:32.522530166Z 08:45:32.522419 socket(AF_UNIX, SOCK_STREAM|SOCK_CLOEXEC|SOCK_NONBLOCK, 0) = 8
2023-05-18T08:45:32.522706364Z 08:45:32.522537 connect(8, {sa_family=AF_UNIX, sun_path="/var/run/nscd/socket"}, 110) = -1 ENOENT (No such file or directory)
2023-05-18T08:45:32.526429312Z 08:45:32.526118 socket(AF_INET, SOCK_DGRAM|SOCK_CLOEXEC|SOCK_NONBLOCK, IPPROTO_IP) = 8
2023-05-18T08:45:32.526539142Z 08:45:32.526372 connect(8, {sa_family=AF_INET, sin_port=htons(53), sin_addr=inet_addr("169.254.169.254")}, 16) = 0
2023-05-18T08:45:32.526933797Z 08:45:32.526585 sendto(8, "\361\345\1\0\0\1\0\0\0\0\0\0\rflux-sample-0\fflux-"..., 76, MSG_NOSIGNAL, NULL, 0) = 76
2023-05-18T08:45:32.530931669Z 08:45:32.530680 recvfrom(8, "\361\345\201\200\0\1\0\1\0\0\0\0\rflux-sample-0\fflux-"..., 1024, 0, {sa_family=AF_INET, sin_port=htons(53), sin_addr=inet_addr("169.254.169.254")}, [28->16]) = 92
2023-05-18T08:45:32.536700267Z broker.info[2]: start: none->join 1.68766ms
2023-05-18T08:45:32.900510349Z broker.info[2]: parent-ready: join->init 0.363645s
2023-05-18T08:45:32.900690542Z 08:45:32.900455 socketpair(AF_UNIX, SOCK_STREAM|SOCK_CLOEXEC, 0, [22, 23]) = 0
2023-05-18T08:45:32.900782714Z 08:45:32.900600 socketpair(AF_UNIX, SOCK_STREAM, 0, [24, 25]) = 0
2023-05-18T08:45:32.900912287Z 08:45:32.900790 socketpair(AF_UNIX, SOCK_STREAM, 0, [26, 27]) = 0
2023-05-18T08:45:32.901152153Z 08:45:32.900967 socketpair(AF_UNIX, SOCK_STREAM, 0, [28, 29]) = 0
2023-05-18T08:45:32.926174084Z broker.info[2]: configuration updated
2023-05-18T08:45:33.057152733Z broker.info[2]: rc1.0: running /etc/flux/rc1.d/01-sched-fluxion
2023-05-18T08:45:33.068837527Z broker.info[2]: rc1.0: running /etc/flux/rc1.d/02-cron
2023-05-18T08:45:33.106746496Z broker.info[2]: rc1.0: /etc/flux/rc1 Exited (rc=0) 0.2s
2023-05-18T08:45:33.107711348Z broker.info[2]: rc1-success: init->quorum 0.207052s
2023-05-18T08:45:42.834457336Z broker.info[2]: quorum-full: quorum->run 9.72628s
2023-05-18T08:45:53.547780159Z broker.info[2]: shutdown: run->cleanup 10.713s
2023-05-18T08:45:53.549464952Z broker.info[2]: cleanup-none: cleanup->shutdown 1.30361ms
2023-05-18T08:45:53.550815580Z broker.info[2]: children-none: shutdown->finalize 1.02089ms
2023-05-18T08:45:53.551369197Z 08:45:53.550990 socketpair(AF_UNIX, SOCK_STREAM|SOCK_CLOEXEC, 0, [22, 23]) = 0
2023-05-18T08:45:53.551879092Z 08:45:53.551372 socketpair(AF_UNIX, SOCK_STREAM, 0, [24, 25]) = 0
2023-05-18T08:45:53.552232195Z 08:45:53.551655 socketpair(AF_UNIX, SOCK_STREAM, 0, [26, 28]) = 0
2023-05-18T08:45:53.552563859Z 08:45:53.552041 socketpair(AF_UNIX, SOCK_STREAM, 0, [58, 59]) = 0
2023-05-18T08:45:53.570665897Z broker.info[2]: rc3.0: running /etc/flux/rc3.d/01-sched-fluxion
2023-05-18T08:45:53.688970676Z broker.info[2]: rc3.0: /etc/flux/rc3 Exited (rc=0) 0.1s
2023-05-18T08:45:53.690506600Z broker.info[2]: rc3-success: finalize->goodbye 0.139362s
2023-05-18T08:45:53.692922442Z broker.info[2]: goodbye: goodbye->exit 1.80334ms
2023-05-18T08:45:53.711453062Z 08:45:53.711218 +++ exited with 0 +++
2023-05-18T08:45:53.713294853Z Return value for follower worker is 0
2023-05-18T08:45:53.713503331Z The follower worker exited cleanly. Goodbye!
