2023-05-18T08:16:19.074468193Z
2023-05-18T08:16:19.074523446Z Flux username: flux
2023-05-18T08:16:19.074529659Z
2023-05-18T08:16:19.074534721Z Flux install root: /usr
2023-05-18T08:16:19.121444860Z flux user is already added.
2023-05-18T08:16:19.125962940Z flux user identifiers:
2023-05-18T08:16:19.125993622Z uid=1234(flux) gid=1234(flux) groups=1234(flux)
2023-05-18T08:16:19.126000090Z
2023-05-18T08:16:19.126009280Z As Flux prefix for flux commands: sudo -u flux -E PYTHONPATH=/opt/conda/lib/python3.10/site-packages -E PATH=/opt/conda/bin:/usr/local/sbin:/usr/local/bin:/usr/sbin:/usr/bin:/sbin:/bin -E LD_LIBRARY_PATH=/opt/conda/lib -E HOME=/home/flux
2023-05-18T08:16:19.133949710Z
2023-05-18T08:16:19.133986158Z ðŸ‘‹ Hello, I'm flux-sample-2
2023-05-18T08:16:19.133994831Z The main host is flux-sample-0
2023-05-18T08:16:19.134001607Z The working directory is /home/flux/examples/reaxff/HNS, contents include:
2023-05-18T08:16:19.135555209Z /home/flux/examples/reaxff/HNS:
2023-05-18T08:16:19.135576786Z README.txt	ffield.reax.hns  log.8Mar18.reaxc.hns.g++.1
2023-05-18T08:16:19.135597738Z data.hns-equil	in.reaxc.hns	 log.8Mar18.reaxc.hns.g++.4
2023-05-18T08:16:19.136199145Z End of file listing, if you see nothing above there are no files.
2023-05-18T08:16:19.138197529Z flux R encode --hosts=flux-sample-[0-3]
2023-05-18T08:16:19.151901663Z
2023-05-18T08:16:19.151939494Z ðŸ“¦ Resources
2023-05-18T08:16:19.153539810Z {"version": 1, "execution": {"R_lite": [{"rank": "0-3", "children": {"core": "0"}}], "starttime": 0.0, "expiration": 0.0, "nodelist": ["flux-sample-[0-3]"]}}
2023-05-18T08:16:19.153836367Z
2023-05-18T08:16:19.153863728Z ðŸ¸ Diagnostics: false
2023-05-18T08:16:19.154126280Z ðŸš©ï¸ Flux Option Flags defined
2023-05-18T08:16:19.158461173Z
2023-05-18T08:16:19.158482523Z ðŸ¦Š Independent Minister of Privilege
2023-05-18T08:16:19.159697801Z [exec]
2023-05-18T08:16:19.159713810Z allowed-users = [ "flux", "root" ]
2023-05-18T08:16:19.159720653Z allowed-shells = [ "/usr/libexec/flux/flux-shell" ]
2023-05-18T08:16:19.160051672Z
2023-05-18T08:16:19.160067975Z ðŸ¸ Broker Configuration
2023-05-18T08:16:19.161328445Z # Flux needs to know the path to the IMP executable
2023-05-18T08:16:19.161345901Z [exec]
2023-05-18T08:16:19.161352047Z imp = "/usr/libexec/flux/flux-imp"
2023-05-18T08:16:19.161356538Z
2023-05-18T08:16:19.161361184Z [access]
2023-05-18T08:16:19.161366206Z allow-guest-user = true
2023-05-18T08:16:19.161371219Z allow-root-owner = true
2023-05-18T08:16:19.161377762Z
2023-05-18T08:16:19.161384201Z # Point to resource definition generated with flux-R(1).
2023-05-18T08:16:19.161389510Z [resource]
2023-05-18T08:16:19.161395477Z path = "/etc/flux/system/R"
2023-05-18T08:16:19.161399902Z
2023-05-18T08:16:19.161404785Z [bootstrap]
2023-05-18T08:16:19.161409999Z curve_cert = "/etc/curve/curve.cert"
2023-05-18T08:16:19.161414810Z default_port = 8050
2023-05-18T08:16:19.161422408Z default_bind = "tcp://eth0:%p"
2023-05-18T08:16:19.161428555Z default_connect = "tcp://%h.flux-service.flux-operator.svc.cluster.local:%p"
2023-05-18T08:16:19.161433418Z hosts = [
2023-05-18T08:16:19.161438136Z 	{ host="flux-sample-[0-3]"},
2023-05-18T08:16:19.161442893Z ]
2023-05-18T08:16:19.161447381Z
2023-05-18T08:16:19.161451998Z [archive]
2023-05-18T08:16:19.161456709Z dbpath = "/var/lib/flux/job-archive.sqlite"
2023-05-18T08:16:19.161463557Z period = "1m"
2023-05-18T08:16:19.244949753Z busytimeout = "50s"
2023-05-18T08:16:19.244977233Z ðŸ§Šï¸ State Directory:
2023-05-18T08:16:19.244983903Z total 0
2023-05-18T08:16:19.244991027Z
2023-05-18T08:16:19.248036021Z
2023-05-18T08:16:19.248064501Z ðŸ”’ï¸ Working directory permissions:
2023-05-18T08:16:19.248073393Z total 96
2023-05-18T08:16:19.248081121Z -rwxrwxrwx 1 flux root  2517 May 17 22:32 README.txt
2023-05-18T08:16:19.248086178Z -rwxrwxrwx 1 flux root 54692 May 17 22:32 data.hns-equil
2023-05-18T08:16:19.248091162Z -rwxrwxrwx 1 flux root 13576 May 17 22:32 ffield.reax.hns
2023-05-18T08:16:19.248095867Z -rwxrwxrwx 1 flux root   870 May 17 22:32 in.reaxc.hns
2023-05-18T08:16:19.248101662Z -rwxrwxrwx 1 flux root  4172 May 17 22:32 log.8Mar18.reaxc.hns.g++.1
2023-05-18T08:16:19.248120117Z -rwxrwxrwx 1 flux root  4168 May 17 22:32 log.8Mar18.reaxc.hns.g++.4
2023-05-18T08:16:19.248126994Z
2023-05-18T08:16:19.248213893Z
2023-05-18T08:16:19.248258182Z âœ¨ Curve certificate generated by helper pod
2023-05-18T08:16:19.250189300Z #   ****  Generated on 2023-04-26 22:54:42 by CZMQ  ****
2023-05-18T08:16:19.250210149Z #   ZeroMQ CURVE **Secret** Certificate
2023-05-18T08:16:19.250217123Z #   DO NOT PROVIDE THIS FILE TO OTHER USERS nor change its permissions.
2023-05-18T08:16:19.250223776Z
2023-05-18T08:16:19.250230017Z metadata
2023-05-18T08:16:19.250235724Z     name = "flux-cert-generator"
2023-05-18T08:16:19.250240874Z     keygen.hostname = "flux-sample-0"
2023-05-18T08:16:19.250245777Z curve
2023-05-18T08:16:19.250250779Z     public-key = "ay@HB+hP9Js-zW*E{k8-THS5bjRoKdvp>Hn>7f6c"
2023-05-18T08:16:19.250255721Z     secret-key = "+dRd3tjn8X:+*{R6!%&C2txwvIhl(KTu1$}shn12"
2023-05-18T08:16:19.252789355Z
2023-05-18T08:16:19.252944156Z ðŸŒ€  flux start --wrap=strace,-e,network,-tt -o --config /etc/flux/config -Scron.directory=/etc/flux/system/cron.d   -Stbon.fanout=256   -Srundir=/run/flux    -Sstatedir=/var/lib/flux   -Slocal-uri=local:///run/flux/local -Stbon.connect_timeout=7s  -Stbon.zmqdebug=1  -Slog-stderr-level=6    -Slog-stderr-mode=local
2023-05-18T08:16:19.296397164Z 08:16:19.295502 socket(AF_NETLINK, SOCK_RAW, NETLINK_ROUTE) = 8
2023-05-18T08:16:19.296424119Z 08:16:19.295927 bind(8, {sa_family=AF_NETLINK, nl_pid=0, nl_groups=00000000}, 12) = 0
2023-05-18T08:16:19.296494319Z 08:16:19.296196 getsockname(8, {sa_family=AF_NETLINK, nl_pid=70, nl_groups=00000000}, [12]) = 0
2023-05-18T08:16:19.297046944Z 08:16:19.296615 sendto(8, {{len=20, type=RTM_GETADDR, flags=NLM_F_REQUEST|NLM_F_DUMP, seq=1684397779, pid=0}, {ifa_family=AF_UNSPEC, ...}}, 20, 0, {sa_family=AF_NETLINK, nl_pid=0, nl_groups=00000000}, 12) = 20
2023-05-18T08:16:19.297666835Z 08:16:19.297081 recvmsg(8, {msg_name={sa_family=AF_NETLINK, nl_pid=0, nl_groups=00000000}, msg_namelen=12, msg_iov=[{iov_base=[{{len=76, type=RTM_NEWADDR, flags=NLM_F_MULTI, seq=1684397779, pid=70}, {ifa_family=AF_INET, ifa_prefixlen=8, ifa_flags=IFA_F_PERMANENT, ifa_scope=RT_SCOPE_HOST, ifa_index=if_nametoindex("lo")}, [{{nla_len=8, nla_type=IFA_ADDRESS}, 127.0.0.1}, {{nla_len=8, nla_type=IFA_LOCAL}, 127.0.0.1}, {{nla_len=7, nla_type=IFA_LABEL}, "lo"}, {{nla_len=8, nla_type=IFA_FLAGS}, IFA_F_PERMANENT}, {{nla_len=20, nla_type=IFA_CACHEINFO}, {ifa_prefered=4294967295, ifa_valid=4294967295, cstamp=352223, tstamp=352223}}]}, {{len=88, type=RTM_NEWADDR, flags=NLM_F_MULTI, seq=1684397779, pid=70}, {ifa_family=AF_INET, ifa_prefixlen=24, ifa_flags=IFA_F_PERMANENT, ifa_scope=RT_SCOPE_UNIVERSE, ifa_index=if_nametoindex("eth0")}, [{{nla_len=8, nla_type=IFA_ADDRESS}, 10.24.1.141}, {{nla_len=8, nla_type=IFA_LOCAL}, 10.24.1.141}, {{nla_len=8, nla_type=IFA_BROADCAST}, 10.24.1.255}, {{nla_len=9, nla_type=IFA_LABEL}, "eth0"}, {{nla_len=8, nla_type=IFA_FLAGS}, IFA_F_PERMANENT}, {{nla_len=20, nla_type=IFA_CACHEINFO}, {ifa_prefered=4294967295, ifa_valid=4294967295, cstamp=352226, tstamp=352226}}]}], iov_len=4096}], msg_iovlen=1, msg_controllen=0, msg_flags=0}, 0) = 164
2023-05-18T08:16:19.298016020Z 08:16:19.297712 recvmsg(8, {msg_name={sa_family=AF_NETLINK, nl_pid=0, nl_groups=00000000}, msg_namelen=12, msg_iov=[{iov_base={{len=20, type=NLMSG_DONE, flags=NLM_F_MULTI, seq=1684397779, pid=70}, 0}, iov_len=4096}], msg_iovlen=1, msg_controllen=0, msg_flags=0}, 0) = 20
2023-05-18T08:16:19.298999335Z 08:16:19.298782 socket(AF_UNIX, SOCK_STREAM|SOCK_CLOEXEC|SOCK_NONBLOCK, 0) = 8
2023-05-18T08:16:19.299256761Z 08:16:19.299017 connect(8, {sa_family=AF_UNIX, sun_path="/var/run/nscd/socket"}, 110) = -1 ENOENT (No such file or directory)
2023-05-18T08:16:19.299550156Z 08:16:19.299355 socket(AF_UNIX, SOCK_STREAM|SOCK_CLOEXEC|SOCK_NONBLOCK, 0) = 8
2023-05-18T08:16:19.299897579Z 08:16:19.299662 connect(8, {sa_family=AF_UNIX, sun_path="/var/run/nscd/socket"}, 110) = -1 ENOENT (No such file or directory)
2023-05-18T08:16:19.302467870Z 08:16:19.302180 socket(AF_INET, SOCK_DGRAM|SOCK_CLOEXEC|SOCK_NONBLOCK, IPPROTO_IP) = 8
2023-05-18T08:16:19.302821040Z 08:16:19.302533 connect(8, {sa_family=AF_INET, sin_port=htons(53), sin_addr=inet_addr("169.254.169.254")}, 16) = 0
2023-05-18T08:16:19.303585332Z 08:16:19.302936 sendto(8, "&{\1\0\0\1\0\0\0\0\0\0\rflux-sample-0\fflux-"..., 76, MSG_NOSIGNAL, NULL, 0) = 76
2023-05-18T08:16:19.307901075Z 08:16:19.307408 recvfrom(8, "&{\201\200\0\1\0\1\0\0\0\0\rflux-sample-0\fflux-"..., 1024, 0, {sa_family=AF_INET, sin_port=htons(53), sin_addr=inet_addr("169.254.169.254")}, [28->16]) = 92
2023-05-18T08:16:19.314020938Z broker.info[2]: start: none->join 2.63056ms
2023-05-18T08:16:26.494385411Z broker.info[2]: parent-ready: join->init 7.18004s
2023-05-18T08:16:26.494662057Z 08:16:26.494409 socketpair(AF_UNIX, SOCK_STREAM|SOCK_CLOEXEC, 0, [22, 23]) = 0
2023-05-18T08:16:26.494817151Z 08:16:26.494600 socketpair(AF_UNIX, SOCK_STREAM, 0, [24, 25]) = 0
2023-05-18T08:16:26.495076936Z 08:16:26.494843 socketpair(AF_UNIX, SOCK_STREAM, 0, [26, 27]) = 0
2023-05-18T08:16:26.495198343Z 08:16:26.495035 socketpair(AF_UNIX, SOCK_STREAM, 0, [28, 29]) = 0
2023-05-18T08:16:26.521520676Z broker.info[2]: configuration updated
2023-05-18T08:16:26.654200351Z broker.info[2]: rc1.0: running /etc/flux/rc1.d/01-sched-fluxion
2023-05-18T08:16:26.666534883Z broker.info[2]: rc1.0: running /etc/flux/rc1.d/02-cron
2023-05-18T08:16:26.694385935Z broker.info[2]: rc1.0: /etc/flux/rc1 Exited (rc=0) 0.2s
2023-05-18T08:16:26.695177033Z broker.info[2]: rc1-success: init->quorum 0.200628s
2023-05-18T08:16:26.896902696Z broker.info[2]: quorum-full: quorum->run 0.199245s
2023-05-18T08:16:37.627684547Z broker.info[2]: shutdown: run->cleanup 10.7324s
2023-05-18T08:16:37.629094764Z broker.info[2]: cleanup-none: cleanup->shutdown 1.14467ms
2023-05-18T08:16:37.630192001Z broker.info[2]: children-none: shutdown->finalize 0.81362ms
2023-05-18T08:16:37.630643604Z 08:16:37.630366 socketpair(AF_UNIX, SOCK_STREAM|SOCK_CLOEXEC, 0, [22, 23]) = 0
2023-05-18T08:16:37.631011811Z 08:16:37.630720 socketpair(AF_UNIX, SOCK_STREAM, 0, [24, 25]) = 0
2023-05-18T08:16:37.631450542Z 08:16:37.631223 socketpair(AF_UNIX, SOCK_STREAM, 0, [26, 28]) = 0
2023-05-18T08:16:37.631787591Z 08:16:37.631596 socketpair(AF_UNIX, SOCK_STREAM, 0, [58, 59]) = 0
2023-05-18T08:16:37.653886444Z broker.info[2]: rc3.0: running /etc/flux/rc3.d/01-sched-fluxion
2023-05-18T08:16:37.790824663Z broker.info[2]: rc3.0: /etc/flux/rc3 Exited (rc=0) 0.2s
2023-05-18T08:16:37.791650569Z broker.info[2]: rc3-success: finalize->goodbye 0.161079s
2023-05-18T08:16:37.792908187Z broker.info[2]: goodbye: goodbye->exit 0.83994ms
2023-05-18T08:16:37.799822704Z 08:16:37.799622 +++ exited with 0 +++
2023-05-18T08:16:37.801374725Z Return value for follower worker is 0
2023-05-18T08:16:37.801473475Z The follower worker exited cleanly. Goodbye!
