2023-05-18T12:42:07.896740353Z
2023-05-18T12:42:07.896797764Z Flux username: flux
2023-05-18T12:42:07.896806035Z
2023-05-18T12:42:07.896812157Z Flux install root: /usr
2023-05-18T12:42:07.944203453Z flux user is already added.
2023-05-18T12:42:07.949664116Z flux user identifiers:
2023-05-18T12:42:07.949695741Z uid=1234(flux) gid=1234(flux) groups=1234(flux)
2023-05-18T12:42:07.949701444Z
2023-05-18T12:42:07.949710055Z As Flux prefix for flux commands: sudo -u flux -E PYTHONPATH=/opt/conda/lib/python3.10/site-packages -E PATH=/opt/conda/bin:/usr/local/sbin:/usr/local/bin:/usr/sbin:/usr/bin:/sbin:/bin -E LD_LIBRARY_PATH=/opt/conda/lib -E HOME=/home/flux
2023-05-18T12:42:07.960929598Z
2023-05-18T12:42:07.960958475Z ðŸ‘‹ Hello, I'm flux-sample-2
2023-05-18T12:42:07.960986525Z The main host is flux-sample-0
2023-05-18T12:42:07.960993540Z The working directory is /home/flux/examples/reaxff/HNS, contents include:
2023-05-18T12:42:07.963007271Z /home/flux/examples/reaxff/HNS:
2023-05-18T12:42:07.963027278Z README.txt	ffield.reax.hns  log.8Mar18.reaxc.hns.g++.1
2023-05-18T12:42:07.963033290Z data.hns-equil	in.reaxc.hns	 log.8Mar18.reaxc.hns.g++.4
2023-05-18T12:42:07.963255231Z End of file listing, if you see nothing above there are no files.
2023-05-18T12:42:07.965283184Z flux R encode --hosts=flux-sample-[0-3]
2023-05-18T12:42:07.982354937Z
2023-05-18T12:42:07.982384221Z ðŸ“¦ Resources
2023-05-18T12:42:07.983817536Z {"version": 1, "execution": {"R_lite": [{"rank": "0-3", "children": {"core": "0"}}], "starttime": 0.0, "expiration": 0.0, "nodelist": ["flux-sample-[0-3]"]}}
2023-05-18T12:42:07.984029113Z
2023-05-18T12:42:07.984043863Z ðŸ¸ Diagnostics: false
2023-05-18T12:42:07.984223687Z ðŸš©ï¸ Flux Option Flags defined
2023-05-18T12:42:07.987978922Z
2023-05-18T12:42:07.988000936Z ðŸ¦Š Independent Minister of Privilege
2023-05-18T12:42:07.989257034Z [exec]
2023-05-18T12:42:07.989275866Z allowed-users = [ "flux", "root" ]
2023-05-18T12:42:07.989282789Z allowed-shells = [ "/usr/libexec/flux/flux-shell" ]
2023-05-18T12:42:07.989445225Z
2023-05-18T12:42:07.989456825Z ðŸ¸ Broker Configuration
2023-05-18T12:42:07.990642911Z # Flux needs to know the path to the IMP executable
2023-05-18T12:42:07.990659980Z [exec]
2023-05-18T12:42:07.990666125Z imp = "/usr/libexec/flux/flux-imp"
2023-05-18T12:42:07.990671071Z
2023-05-18T12:42:07.990675731Z [access]
2023-05-18T12:42:07.990692990Z allow-guest-user = true
2023-05-18T12:42:07.990700979Z allow-root-owner = true
2023-05-18T12:42:07.990705930Z
2023-05-18T12:42:07.990710762Z # Point to resource definition generated with flux-R(1).
2023-05-18T12:42:07.990715489Z [resource]
2023-05-18T12:42:07.990720514Z path = "/etc/flux/system/R"
2023-05-18T12:42:07.990725014Z
2023-05-18T12:42:07.990732066Z [bootstrap]
2023-05-18T12:42:07.990738122Z curve_cert = "/etc/curve/curve.cert"
2023-05-18T12:42:07.990743063Z default_port = 8050
2023-05-18T12:42:07.990747947Z default_bind = "tcp://eth0:%p"
2023-05-18T12:42:07.990753832Z default_connect = "tcp://%h.flux-service.flux-operator.svc.cluster.local:%p"
2023-05-18T12:42:07.990758962Z hosts = [
2023-05-18T12:42:07.990763772Z 	{ host="flux-sample-[0-3]"},
2023-05-18T12:42:07.990768141Z ]
2023-05-18T12:42:07.990774828Z
2023-05-18T12:42:07.990780764Z [archive]
2023-05-18T12:42:07.990785892Z dbpath = "/var/lib/flux/job-archive.sqlite"
2023-05-18T12:42:07.990790833Z period = "1m"
2023-05-18T12:42:08.091888992Z busytimeout = "50s"
2023-05-18T12:42:08.091914889Z ðŸ§Šï¸ State Directory:
2023-05-18T12:42:08.091921021Z total 0
2023-05-18T12:42:08.091926053Z
2023-05-18T12:42:08.095042416Z
2023-05-18T12:42:08.095094113Z ðŸ”’ï¸ Working directory permissions:
2023-05-18T12:42:08.095101083Z total 96
2023-05-18T12:42:08.095106865Z -rwxrwxrwx 1 flux root  2517 May 17 22:32 README.txt
2023-05-18T12:42:08.095111632Z -rwxrwxrwx 1 flux root 54692 May 17 22:32 data.hns-equil
2023-05-18T12:42:08.095116305Z -rwxrwxrwx 1 flux root 13576 May 17 22:32 ffield.reax.hns
2023-05-18T12:42:08.095123348Z -rwxrwxrwx 1 flux root   870 May 17 22:32 in.reaxc.hns
2023-05-18T12:42:08.095131306Z -rwxrwxrwx 1 flux root  4172 May 17 22:32 log.8Mar18.reaxc.hns.g++.1
2023-05-18T12:42:08.095149703Z -rwxrwxrwx 1 flux root  4168 May 17 22:32 log.8Mar18.reaxc.hns.g++.4
2023-05-18T12:42:08.095168511Z
2023-05-18T12:42:08.095540052Z
2023-05-18T12:42:08.095591993Z âœ¨ Curve certificate generated by helper pod
2023-05-18T12:42:08.097794397Z #   ****  Generated on 2023-04-26 22:54:42 by CZMQ  ****
2023-05-18T12:42:08.097813621Z #   ZeroMQ CURVE **Secret** Certificate
2023-05-18T12:42:08.097820274Z #   DO NOT PROVIDE THIS FILE TO OTHER USERS nor change its permissions.
2023-05-18T12:42:08.097828261Z
2023-05-18T12:42:08.097834596Z metadata
2023-05-18T12:42:08.097840771Z     name = "flux-cert-generator"
2023-05-18T12:42:08.097845549Z     keygen.hostname = "flux-sample-0"
2023-05-18T12:42:08.097850240Z curve
2023-05-18T12:42:08.097855066Z     public-key = "s^UJr!jL{M/bJW>cq[QP<]FeMK#+s>z(<1(4B$s*"
2023-05-18T12:42:08.097860331Z     secret-key = "lw(!}yHHP&l[fMGt!Gx)&F(U+WtCisN^vLGgU+NH"
2023-05-18T12:42:08.101205728Z
2023-05-18T12:42:08.101230044Z ðŸŒ€  flux start --wrap=strace,-e,network,-tt -o --config /etc/flux/config -Scron.directory=/etc/flux/system/cron.d   -Stbon.fanout=256   -Srundir=/run/flux    -Sstatedir=/var/lib/flux   -Slocal-uri=local:///run/flux/local -Stbon.connect_timeout=3s  -Stbon.zmqdebug=1  -Slog-stderr-level=6    -Slog-stderr-mode=local
2023-05-18T12:42:08.146788305Z 12:42:08.146475 socket(AF_NETLINK, SOCK_RAW, NETLINK_ROUTE) = 8
2023-05-18T12:42:08.146872440Z 12:42:08.146692 bind(8, {sa_family=AF_NETLINK, nl_pid=0, nl_groups=00000000}, 12) = 0
2023-05-18T12:42:08.147134707Z 12:42:08.146877 getsockname(8, {sa_family=AF_NETLINK, nl_pid=70, nl_groups=00000000}, [12]) = 0
2023-05-18T12:42:08.147561915Z 12:42:08.147156 sendto(8, {{len=20, type=RTM_GETADDR, flags=NLM_F_REQUEST|NLM_F_DUMP, seq=1684413728, pid=0}, {ifa_family=AF_UNSPEC, ...}}, 20, 0, {sa_family=AF_NETLINK, nl_pid=0, nl_groups=00000000}, 12) = 20
2023-05-18T12:42:08.148192586Z 12:42:08.147611 recvmsg(8, {msg_name={sa_family=AF_NETLINK, nl_pid=0, nl_groups=00000000}, msg_namelen=12, msg_iov=[{iov_base=[{{len=76, type=RTM_NEWADDR, flags=NLM_F_MULTI, seq=1684413728, pid=70}, {ifa_family=AF_INET, ifa_prefixlen=8, ifa_flags=IFA_F_PERMANENT, ifa_scope=RT_SCOPE_HOST, ifa_index=if_nametoindex("lo")}, [{{nla_len=8, nla_type=IFA_ADDRESS}, 127.0.0.1}, {{nla_len=8, nla_type=IFA_LOCAL}, 127.0.0.1}, {{nla_len=7, nla_type=IFA_LABEL}, "lo"}, {{nla_len=8, nla_type=IFA_FLAGS}, IFA_F_PERMANENT}, {{nla_len=20, nla_type=IFA_CACHEINFO}, {ifa_prefered=4294967295, ifa_valid=4294967295, cstamp=1947048, tstamp=1947048}}]}, {{len=88, type=RTM_NEWADDR, flags=NLM_F_MULTI, seq=1684413728, pid=70}, {ifa_family=AF_INET, ifa_prefixlen=24, ifa_flags=IFA_F_PERMANENT, ifa_scope=RT_SCOPE_UNIVERSE, ifa_index=if_nametoindex("eth0")}, [{{nla_len=8, nla_type=IFA_ADDRESS}, 10.24.3.36}, {{nla_len=8, nla_type=IFA_LOCAL}, 10.24.3.36}, {{nla_len=8, nla_type=IFA_BROADCAST}, 10.24.3.255}, {{nla_len=9, nla_type=IFA_LABEL}, "eth0"}, {{nla_len=8, nla_type=IFA_FLAGS}, IFA_F_PERMANENT}, {{nla_len=20, nla_type=IFA_CACHEINFO}, {ifa_prefered=4294967295, ifa_valid=4294967295, cstamp=1947052, tstamp=1947052}}]}], iov_len=4096}], msg_iovlen=1, msg_controllen=0, msg_flags=0}, 0) = 164
2023-05-18T12:42:08.148576139Z 12:42:08.148244 recvmsg(8, {msg_name={sa_family=AF_NETLINK, nl_pid=0, nl_groups=00000000}, msg_namelen=12, msg_iov=[{iov_base={{len=20, type=NLMSG_DONE, flags=NLM_F_MULTI, seq=1684413728, pid=70}, 0}, iov_len=4096}], msg_iovlen=1, msg_controllen=0, msg_flags=0}, 0) = 20
2023-05-18T12:42:08.149319519Z 12:42:08.149070 socket(AF_UNIX, SOCK_STREAM|SOCK_CLOEXEC|SOCK_NONBLOCK, 0) = 8
2023-05-18T12:42:08.149554937Z 12:42:08.149351 connect(8, {sa_family=AF_UNIX, sun_path="/var/run/nscd/socket"}, 110) = -1 ENOENT (No such file or directory)
2023-05-18T12:42:08.149883564Z 12:42:08.149659 socket(AF_UNIX, SOCK_STREAM|SOCK_CLOEXEC|SOCK_NONBLOCK, 0) = 8
2023-05-18T12:42:08.150213133Z 12:42:08.149911 connect(8, {sa_family=AF_UNIX, sun_path="/var/run/nscd/socket"}, 110) = -1 ENOENT (No such file or directory)
2023-05-18T12:42:08.152071254Z 12:42:08.151733 socket(AF_INET, SOCK_DGRAM|SOCK_CLOEXEC|SOCK_NONBLOCK, IPPROTO_IP) = 8
2023-05-18T12:42:08.152098364Z 12:42:08.151859 connect(8, {sa_family=AF_INET, sin_port=htons(53), sin_addr=inet_addr("169.254.169.254")}, 16) = 0
2023-05-18T12:42:08.152530653Z 12:42:08.152071 sendto(8, "\314\260\1\0\0\1\0\0\0\0\0\0\rflux-sample-0\fflux-"..., 76, MSG_NOSIGNAL, NULL, 0) = 76
2023-05-18T12:42:08.156001364Z 12:42:08.155761 recvfrom(8, "\314\260\201\203\0\1\0\0\0\1\0\0\rflux-sample-0\fflux-"..., 1024, 0, {sa_family=AF_INET, sin_port=htons(53), sin_addr=inet_addr("169.254.169.254")}, [28->16]) = 172
2023-05-18T12:42:08.156256275Z 12:42:08.155984 socket(AF_INET, SOCK_DGRAM|SOCK_CLOEXEC|SOCK_NONBLOCK, IPPROTO_IP) = 8
2023-05-18T12:42:08.156283740Z 12:42:08.156095 connect(8, {sa_family=AF_INET, sin_port=htons(53), sin_addr=inet_addr("169.254.169.254")}, 16) = 0
2023-05-18T12:42:08.156530142Z 12:42:08.156268 sendto(8, "\4\377\1\0\0\1\0\0\0\0\0\0\rflux-sample-0\fflux-"..., 108, MSG_NOSIGNAL, NULL, 0) = 108
2023-05-18T12:42:08.159972770Z 12:42:08.159755 recvfrom(8, "\4\377\201\203\0\1\0\0\0\1\0\0\rflux-sample-0\fflux-"..., 1024, 0, {sa_family=AF_INET, sin_port=htons(53), sin_addr=inet_addr("169.254.169.254")}, [28->16]) = 204
2023-05-18T12:42:08.160241076Z 12:42:08.159993 socket(AF_INET, SOCK_DGRAM|SOCK_CLOEXEC|SOCK_NONBLOCK, IPPROTO_IP) = 8
2023-05-18T12:42:08.160345439Z 12:42:08.160131 connect(8, {sa_family=AF_INET, sin_port=htons(53), sin_addr=inet_addr("169.254.169.254")}, 16) = 0
2023-05-18T12:42:08.160765166Z 12:42:08.160413 sendto(8, "\227\321\1\0\0\1\0\0\0\0\0\0\rflux-sample-0\fflux-"..., 94, MSG_NOSIGNAL, NULL, 0) = 94
2023-05-18T12:42:08.163306383Z 12:42:08.163114 recvfrom(8, "\227\321\201\203\0\1\0\0\0\1\0\0\rflux-sample-0\fflux-"..., 1024, 0, {sa_family=AF_INET, sin_port=htons(53), sin_addr=inet_addr("169.254.169.254")}, [28->16]) = 190
2023-05-18T12:42:08.163602294Z 12:42:08.163505 socket(AF_INET, SOCK_DGRAM|SOCK_CLOEXEC|SOCK_NONBLOCK, IPPROTO_IP) = 8
2023-05-18T12:42:08.163817256Z 12:42:08.163648 connect(8, {sa_family=AF_INET, sin_port=htons(53), sin_addr=inet_addr("169.254.169.254")}, 16) = 0
2023-05-18T12:42:08.164124623Z 12:42:08.163869 sendto(8, "\226\252\1\0\0\1\0\0\0\0\0\0\rflux-sample-0\fflux-"..., 90, MSG_NOSIGNAL, NULL, 0) = 90
2023-05-18T12:42:08.168030896Z 12:42:08.167806 recvfrom(8, "\226\252\201\203\0\1\0\0\0\1\0\0\rflux-sample-0\fflux-"..., 1024, 0, {sa_family=AF_INET, sin_port=htons(53), sin_addr=inet_addr("169.254.169.254")}, [28->16]) = 186
2023-05-18T12:42:08.168175472Z 12:42:08.168038 socket(AF_INET, SOCK_DGRAM|SOCK_CLOEXEC|SOCK_NONBLOCK, IPPROTO_IP) = 8
2023-05-18T12:42:08.168712064Z 12:42:08.168386 connect(8, {sa_family=AF_INET, sin_port=htons(53), sin_addr=inet_addr("169.254.169.254")}, 16) = 0
2023-05-18T12:42:08.169101102Z 12:42:08.168661 sendto(8, "\242\r\1\0\0\1\0\0\0\0\0\0\rflux-sample-0\fflux-"..., 111, MSG_NOSIGNAL, NULL, 0) = 111
2023-05-18T12:42:08.175929493Z 12:42:08.174237 recvfrom(8, "\242\r\201\203\0\1\0\0\0\1\0\0\rflux-sample-0\fflux-"..., 1024, 0, {sa_family=AF_INET, sin_port=htons(53), sin_addr=inet_addr("169.254.169.254")}, [28->16]) = 205
2023-05-18T12:42:08.176033333Z 12:42:08.174493 socket(AF_INET, SOCK_DGRAM|SOCK_CLOEXEC|SOCK_NONBLOCK, IPPROTO_IP) = 8
2023-05-18T12:42:08.176042623Z 12:42:08.174591 connect(8, {sa_family=AF_INET, sin_port=htons(53), sin_addr=inet_addr("169.254.169.254")}, 16) = 0
2023-05-18T12:42:08.176083360Z 12:42:08.174726 sendto(8, "a\325\1\0\0\1\0\0\0\0\0\0\rflux-sample-0\fflux-"..., 97, MSG_NOSIGNAL, NULL, 0) = 97
2023-05-18T12:42:08.182991191Z 12:42:08.182651 recvfrom(8, "a\325\201\203\0\1\0\0\0\1\0\0\rflux-sample-0\fflux-"..., 1024, 0, {sa_family=AF_INET, sin_port=htons(53), sin_addr=inet_addr("169.254.169.254")}, [28->16]) = 186
2023-05-18T12:42:08.183300829Z 12:42:08.183001 socket(AF_INET, SOCK_DGRAM|SOCK_CLOEXEC|SOCK_NONBLOCK, IPPROTO_IP) = 8
2023-05-18T12:42:08.183354979Z 12:42:08.183154 connect(8, {sa_family=AF_INET, sin_port=htons(53), sin_addr=inet_addr("169.254.169.254")}, 16) = 0
2023-05-18T12:42:08.183565952Z 12:42:08.183319 sendto(8, "\237\35\1\0\0\1\0\0\0\0\0\0\rflux-sample-0\fflux-"..., 92, MSG_NOSIGNAL, NULL, 0) = 92
2023-05-18T12:42:08.189337473Z 12:42:08.188937 recvfrom(8, "\237\35\201\203\0\1\0\0\0\1\0\0\rflux-sample-0\fflux-"..., 1024, 0, {sa_family=AF_INET, sin_port=htons(53), sin_addr=inet_addr("169.254.169.254")}, [28->16]) = 181
2023-05-18T12:42:08.189712045Z broker.err[2]: Warning: unable to resolve upstream peer flux-sample-0.flux-service.flux-operator.svc.cluster.local: Name or service not known
2023-05-18T12:42:08.195289035Z broker.info[2]: start: none->join 1.79054ms
2023-05-18T12:42:09.922858993Z broker.info[2]: parent-ready: join->init 1.72714s
2023-05-18T12:42:09.923039150Z 12:42:09.922574 socketpair(AF_UNIX, SOCK_STREAM|SOCK_CLOEXEC, 0, [22, 23]) = 0
2023-05-18T12:42:09.923158809Z 12:42:09.922773 socketpair(AF_UNIX, SOCK_STREAM, 0, [24, 25]) = 0
2023-05-18T12:42:09.923276365Z 12:42:09.923015 socketpair(AF_UNIX, SOCK_STREAM, 0, [26, 27]) = 0
2023-05-18T12:42:09.923827645Z 12:42:09.923339 socketpair(AF_UNIX, SOCK_STREAM, 0, [28, 29]) = 0
2023-05-18T12:42:09.950811254Z broker.info[2]: configuration updated
2023-05-18T12:42:10.081109099Z broker.info[2]: rc1.0: running /etc/flux/rc1.d/01-sched-fluxion
2023-05-18T12:42:10.094325193Z broker.info[2]: rc1.0: running /etc/flux/rc1.d/02-cron
2023-05-18T12:42:10.132109108Z broker.info[2]: rc1.0: /etc/flux/rc1 Exited (rc=0) 0.2s
2023-05-18T12:42:10.132677576Z broker.info[2]: rc1-success: init->quorum 0.209926s
2023-05-18T12:42:10.353246484Z broker.info[2]: quorum-full: quorum->run 0.22033s
2023-05-18T12:42:21.932215150Z broker.info[2]: shutdown: run->cleanup 11.5781s
2023-05-18T12:42:21.932955210Z broker.info[2]: cleanup-none: cleanup->shutdown 0.993785ms
2023-05-18T12:42:21.934182460Z broker.info[2]: children-none: shutdown->finalize 0.926005ms
2023-05-18T12:42:21.934769718Z 12:42:21.934234 socketpair(AF_UNIX, SOCK_STREAM|SOCK_CLOEXEC, 0, [22, 23]) = 0
2023-05-18T12:42:21.934791236Z 12:42:21.934438 socketpair(AF_UNIX, SOCK_STREAM, 0, [24, 25]) = 0
2023-05-18T12:42:21.935131970Z 12:42:21.934667 socketpair(AF_UNIX, SOCK_STREAM, 0, [26, 28]) = 0
2023-05-18T12:42:21.935151562Z 12:42:21.934838 socketpair(AF_UNIX, SOCK_STREAM, 0, [58, 59]) = 0
2023-05-18T12:42:21.960137470Z broker.info[2]: rc3.0: running /etc/flux/rc3.d/01-sched-fluxion
2023-05-18T12:42:22.088080735Z broker.info[2]: rc3.0: /etc/flux/rc3 Exited (rc=0) 0.1s
2023-05-18T12:42:22.089616840Z broker.info[2]: rc3-success: finalize->goodbye 0.155262s
2023-05-18T12:42:22.091297937Z broker.info[2]: goodbye: goodbye->exit 1.01072ms
2023-05-18T12:42:22.099538979Z 12:42:22.099329 +++ exited with 0 +++
2023-05-18T12:42:22.100991837Z Return value for follower worker is 0
2023-05-18T12:42:22.101020262Z The follower worker exited cleanly. Goodbye!
