2023-05-18T07:38:01.984768514Z
2023-05-18T07:38:01.984804931Z Flux username: flux
2023-05-18T07:38:01.984811249Z
2023-05-18T07:38:01.984818552Z Flux install root: /usr
2023-05-18T07:38:02.033911048Z flux user is already added.
2023-05-18T07:38:02.037420503Z flux user identifiers:
2023-05-18T07:38:02.037451982Z uid=1234(flux) gid=1234(flux) groups=1234(flux)
2023-05-18T07:38:02.037457694Z
2023-05-18T07:38:02.037465264Z As Flux prefix for flux commands: sudo -u flux -E PYTHONPATH=/opt/conda/lib/python3.10/site-packages -E PATH=/opt/conda/bin:/usr/local/sbin:/usr/local/bin:/usr/sbin:/usr/bin:/sbin:/bin -E LD_LIBRARY_PATH=/opt/conda/lib -E HOME=/home/flux
2023-05-18T07:38:02.044865927Z
2023-05-18T07:38:02.044902481Z ðŸ‘‹ Hello, I'm flux-sample-2
2023-05-18T07:38:02.045039660Z The main host is flux-sample-0
2023-05-18T07:38:02.045062709Z The working directory is /home/flux/examples/reaxff/HNS, contents include:
2023-05-18T07:38:02.046990221Z /home/flux/examples/reaxff/HNS:
2023-05-18T07:38:02.047116348Z README.txt	ffield.reax.hns  log.8Mar18.reaxc.hns.g++.1
2023-05-18T07:38:02.047128691Z data.hns-equil	in.reaxc.hns	 log.8Mar18.reaxc.hns.g++.4
2023-05-18T07:38:02.047268649Z End of file listing, if you see nothing above there are no files.
2023-05-18T07:38:02.049415052Z flux R encode --hosts=flux-sample-[0-3]
2023-05-18T07:38:02.064817648Z
2023-05-18T07:38:02.064849683Z ðŸ“¦ Resources
2023-05-18T07:38:02.066298170Z {"version": 1, "execution": {"R_lite": [{"rank": "0-3", "children": {"core": "0"}}], "starttime": 0.0, "expiration": 0.0, "nodelist": ["flux-sample-[0-3]"]}}
2023-05-18T07:38:02.066535107Z
2023-05-18T07:38:02.066550634Z ðŸ¸ Diagnostics: false
2023-05-18T07:38:02.066761633Z ðŸš©ï¸ Flux Option Flags defined
2023-05-18T07:38:02.070426975Z
2023-05-18T07:38:02.070450938Z ðŸ¦Š Independent Minister of Privilege
2023-05-18T07:38:02.071843723Z [exec]
2023-05-18T07:38:02.071862748Z allowed-users = [ "flux", "root" ]
2023-05-18T07:38:02.071869343Z allowed-shells = [ "/usr/libexec/flux/flux-shell" ]
2023-05-18T07:38:02.072030950Z
2023-05-18T07:38:02.072042673Z ðŸ¸ Broker Configuration
2023-05-18T07:38:02.073169823Z # Flux needs to know the path to the IMP executable
2023-05-18T07:38:02.073185990Z [exec]
2023-05-18T07:38:02.073192029Z imp = "/usr/libexec/flux/flux-imp"
2023-05-18T07:38:02.073196652Z
2023-05-18T07:38:02.073201274Z [access]
2023-05-18T07:38:02.073206934Z allow-guest-user = true
2023-05-18T07:38:02.073225586Z allow-root-owner = true
2023-05-18T07:38:02.073231486Z
2023-05-18T07:38:02.073236860Z # Point to resource definition generated with flux-R(1).
2023-05-18T07:38:02.073241798Z [resource]
2023-05-18T07:38:02.073247550Z path = "/etc/flux/system/R"
2023-05-18T07:38:02.073252038Z
2023-05-18T07:38:02.073256532Z [bootstrap]
2023-05-18T07:38:02.073261413Z curve_cert = "/etc/curve/curve.cert"
2023-05-18T07:38:02.073268428Z default_port = 8050
2023-05-18T07:38:02.073274243Z default_bind = "tcp://eth0:%p"
2023-05-18T07:38:02.073280715Z default_connect = "tcp://%h.flux-service.flux-operator.svc.cluster.local:%p"
2023-05-18T07:38:02.073285638Z hosts = [
2023-05-18T07:38:02.073290608Z 	{ host="flux-sample-[0-3]"},
2023-05-18T07:38:02.073295804Z ]
2023-05-18T07:38:02.073300132Z
2023-05-18T07:38:02.073304706Z [archive]
2023-05-18T07:38:02.073311492Z dbpath = "/var/lib/flux/job-archive.sqlite"
2023-05-18T07:38:02.073318072Z period = "1m"
2023-05-18T07:38:02.156471852Z busytimeout = "50s"
2023-05-18T07:38:02.156500168Z ðŸ§Šï¸ State Directory:
2023-05-18T07:38:02.156506758Z total 0
2023-05-18T07:38:02.156511727Z
2023-05-18T07:38:02.159599193Z
2023-05-18T07:38:02.159669693Z ðŸ”’ï¸ Working directory permissions:
2023-05-18T07:38:02.159677413Z total 96
2023-05-18T07:38:02.159683460Z -rwxrwxrwx 1 flux root  2517 May 17 22:32 README.txt
2023-05-18T07:38:02.159731353Z -rwxrwxrwx 1 flux root 54692 May 17 22:32 data.hns-equil
2023-05-18T07:38:02.159770882Z -rwxrwxrwx 1 flux root 13576 May 17 22:32 ffield.reax.hns
2023-05-18T07:38:02.159776743Z -rwxrwxrwx 1 flux root   870 May 17 22:32 in.reaxc.hns
2023-05-18T07:38:02.159782775Z -rwxrwxrwx 1 flux root  4172 May 17 22:32 log.8Mar18.reaxc.hns.g++.1
2023-05-18T07:38:02.159787973Z -rwxrwxrwx 1 flux root  4168 May 17 22:32 log.8Mar18.reaxc.hns.g++.4
2023-05-18T07:38:02.159823830Z
2023-05-18T07:38:02.159970589Z
2023-05-18T07:38:02.159982237Z âœ¨ Curve certificate generated by helper pod
2023-05-18T07:38:02.161583188Z #   ****  Generated on 2023-04-26 22:54:42 by CZMQ  ****
2023-05-18T07:38:02.161616364Z #   ZeroMQ CURVE **Secret** Certificate
2023-05-18T07:38:02.161625460Z #   DO NOT PROVIDE THIS FILE TO OTHER USERS nor change its permissions.
2023-05-18T07:38:02.161631333Z
2023-05-18T07:38:02.161636157Z metadata
2023-05-18T07:38:02.161641418Z     name = "flux-cert-generator"
2023-05-18T07:38:02.161655652Z     keygen.hostname = "flux-sample-0"
2023-05-18T07:38:02.161661077Z curve
2023-05-18T07:38:02.161668340Z     public-key = "M(v2gEPh#4D*Mh/K!dBhkQGT@1rSb&r[5SCh0&W="
2023-05-18T07:38:02.161675084Z     secret-key = "RLj}J1[$MzL(.YGM%$l=mXDrI8/G6NOBXq(&WfoB"
2023-05-18T07:38:02.164576814Z
2023-05-18T07:38:02.164619869Z ðŸŒ€  flux start --wrap=strace,-e,network,-tt -o --config /etc/flux/config -Scron.directory=/etc/flux/system/cron.d   -Stbon.fanout=256   -Srundir=/run/flux    -Sstatedir=/var/lib/flux   -Slocal-uri=local:///run/flux/local -Stbon.connect_timeout=2s  -Stbon.zmqdebug=1  -Slog-stderr-level=6    -Slog-stderr-mode=local
2023-05-18T07:38:02.209256235Z 07:38:02.208937 socket(AF_NETLINK, SOCK_RAW, NETLINK_ROUTE) = 8
2023-05-18T07:38:02.209367940Z 07:38:02.209150 bind(8, {sa_family=AF_NETLINK, nl_pid=0, nl_groups=00000000}, 12) = 0
2023-05-18T07:38:02.209507269Z 07:38:02.209327 getsockname(8, {sa_family=AF_NETLINK, nl_pid=70, nl_groups=00000000}, [12]) = 0
2023-05-18T07:38:02.210188676Z 07:38:02.209482 sendto(8, {{len=20, type=RTM_GETADDR, flags=NLM_F_REQUEST|NLM_F_DUMP, seq=1684395482, pid=0}, {ifa_family=AF_UNSPEC, ...}}, 20, 0, {sa_family=AF_NETLINK, nl_pid=0, nl_groups=00000000}, 12) = 20
2023-05-18T07:38:02.210688662Z 07:38:02.209991 recvmsg(8, {msg_name={sa_family=AF_NETLINK, nl_pid=0, nl_groups=00000000}, msg_namelen=12, msg_iov=[{iov_base=[{{len=76, type=RTM_NEWADDR, flags=NLM_F_MULTI, seq=1684395482, pid=70}, {ifa_family=AF_INET, ifa_prefixlen=8, ifa_flags=IFA_F_PERMANENT, ifa_scope=RT_SCOPE_HOST, ifa_index=if_nametoindex("lo")}, [{{nla_len=8, nla_type=IFA_ADDRESS}, 127.0.0.1}, {{nla_len=8, nla_type=IFA_LOCAL}, 127.0.0.1}, {{nla_len=7, nla_type=IFA_LABEL}, "lo"}, {{nla_len=8, nla_type=IFA_FLAGS}, IFA_F_PERMANENT}, {{nla_len=20, nla_type=IFA_CACHEINFO}, {ifa_prefered=4294967295, ifa_valid=4294967295, cstamp=122517, tstamp=122517}}]}, {{len=88, type=RTM_NEWADDR, flags=NLM_F_MULTI, seq=1684395482, pid=70}, {ifa_family=AF_INET, ifa_prefixlen=24, ifa_flags=IFA_F_PERMANENT, ifa_scope=RT_SCOPE_UNIVERSE, ifa_index=if_nametoindex("eth0")}, [{{nla_len=8, nla_type=IFA_ADDRESS}, 10.24.1.36}, {{nla_len=8, nla_type=IFA_LOCAL}, 10.24.1.36}, {{nla_len=8, nla_type=IFA_BROADCAST}, 10.24.1.255}, {{nla_len=9, nla_type=IFA_LABEL}, "eth0"}, {{nla_len=8, nla_type=IFA_FLAGS}, IFA_F_PERMANENT}, {{nla_len=20, nla_type=IFA_CACHEINFO}, {ifa_prefered=4294967295, ifa_valid=4294967295, cstamp=122520, tstamp=122520}}]}], iov_len=4096}], msg_iovlen=1, msg_controllen=0, msg_flags=0}, 0) = 164
2023-05-18T07:38:02.210711454Z 07:38:02.210495 recvmsg(8, {msg_name={sa_family=AF_NETLINK, nl_pid=0, nl_groups=00000000}, msg_namelen=12, msg_iov=[{iov_base={{len=20, type=NLMSG_DONE, flags=NLM_F_MULTI, seq=1684395482, pid=70}, 0}, iov_len=4096}], msg_iovlen=1, msg_controllen=0, msg_flags=0}, 0) = 20
2023-05-18T07:38:02.211432378Z 07:38:02.211291 socket(AF_UNIX, SOCK_STREAM|SOCK_CLOEXEC|SOCK_NONBLOCK, 0) = 8
2023-05-18T07:38:02.211771442Z 07:38:02.211496 connect(8, {sa_family=AF_UNIX, sun_path="/var/run/nscd/socket"}, 110) = -1 ENOENT (No such file or directory)
2023-05-18T07:38:02.212067989Z 07:38:02.211862 socket(AF_UNIX, SOCK_STREAM|SOCK_CLOEXEC|SOCK_NONBLOCK, 0) = 8
2023-05-18T07:38:02.212357457Z 07:38:02.212095 connect(8, {sa_family=AF_UNIX, sun_path="/var/run/nscd/socket"}, 110) = -1 ENOENT (No such file or directory)
2023-05-18T07:38:02.214788563Z 07:38:02.214447 socket(AF_INET, SOCK_DGRAM|SOCK_CLOEXEC|SOCK_NONBLOCK, IPPROTO_IP) = 8
2023-05-18T07:38:02.214843395Z 07:38:02.214573 connect(8, {sa_family=AF_INET, sin_port=htons(53), sin_addr=inet_addr("169.254.169.254")}, 16) = 0
2023-05-18T07:38:02.215151317Z 07:38:02.214802 sendto(8, "\21\223\1\0\0\1\0\0\0\0\0\0\rflux-sample-0\fflux-"..., 76, MSG_NOSIGNAL, NULL, 0) = 76
2023-05-18T07:38:02.218408036Z 07:38:02.218061 recvfrom(8, "\21\223\201\200\0\1\0\1\0\0\0\0\rflux-sample-0\fflux-"..., 1024, 0, {sa_family=AF_INET, sin_port=htons(53), sin_addr=inet_addr("169.254.169.254")}, [28->16]) = 92
2023-05-18T07:38:02.225019080Z broker.info[2]: start: none->join 1.94765ms
2023-05-18T07:38:02.236772994Z broker.info[2]: parent-ready: join->init 11.5825ms
2023-05-18T07:38:02.237307785Z 07:38:02.236884 socketpair(AF_UNIX, SOCK_STREAM|SOCK_CLOEXEC, 0, [22, 23]) = 0
2023-05-18T07:38:02.237686944Z 07:38:02.237468 socketpair(AF_UNIX, SOCK_STREAM, 0, [24, 25]) = 0
2023-05-18T07:38:02.238112692Z 07:38:02.237916 socketpair(AF_UNIX, SOCK_STREAM, 0, [26, 27]) = 0
2023-05-18T07:38:02.238560408Z 07:38:02.238315 socketpair(AF_UNIX, SOCK_STREAM, 0, [28, 29]) = 0
2023-05-18T07:38:02.263094168Z broker.info[2]: configuration updated
2023-05-18T07:38:02.388611102Z broker.info[2]: rc1.0: running /etc/flux/rc1.d/01-sched-fluxion
2023-05-18T07:38:02.400720096Z broker.info[2]: rc1.0: running /etc/flux/rc1.d/02-cron
2023-05-18T07:38:02.438093277Z broker.info[2]: rc1.0: /etc/flux/rc1 Exited (rc=0) 0.2s
2023-05-18T07:38:02.439364330Z broker.info[2]: rc1-success: init->quorum 0.202287s
2023-05-18T07:38:03.283506332Z broker.info[2]: quorum-full: quorum->run 0.843698s
2023-05-18T07:38:14.042681230Z broker.info[2]: shutdown: run->cleanup 10.7589s
2023-05-18T07:38:14.044446028Z broker.info[2]: cleanup-none: cleanup->shutdown 1.49318ms
2023-05-18T07:38:14.045523059Z broker.info[2]: children-none: shutdown->finalize 0.841782ms
2023-05-18T07:38:14.046373302Z 07:38:14.045710 socketpair(AF_UNIX, SOCK_STREAM|SOCK_CLOEXEC, 0, [22, 23]) = 0
2023-05-18T07:38:14.046798432Z 07:38:14.046443 socketpair(AF_UNIX, SOCK_STREAM, 0, [24, 25]) = 0
2023-05-18T07:38:14.047187047Z 07:38:14.046944 socketpair(AF_UNIX, SOCK_STREAM, 0, [26, 28]) = 0
2023-05-18T07:38:14.047394726Z 07:38:14.047196 socketpair(AF_UNIX, SOCK_STREAM, 0, [58, 59]) = 0
2023-05-18T07:38:14.066145951Z broker.info[2]: rc3.0: running /etc/flux/rc3.d/01-sched-fluxion
2023-05-18T07:38:14.198164951Z broker.info[2]: rc3.0: /etc/flux/rc3 Exited (rc=0) 0.1s
2023-05-18T07:38:14.199231539Z broker.info[2]: rc3-success: finalize->goodbye 0.153253s
2023-05-18T07:38:14.200878305Z broker.info[2]: goodbye: goodbye->exit 1.06736ms
2023-05-18T07:38:14.209167588Z 07:38:14.208929 +++ exited with 0 +++
2023-05-18T07:38:14.210453698Z Return value for follower worker is 0
2023-05-18T07:38:14.210569248Z The follower worker exited cleanly. Goodbye!
