2023-05-18T13:06:39.844120464Z
2023-05-18T13:06:39.844432112Z Flux username: flux
2023-05-18T13:06:39.844442709Z
2023-05-18T13:06:39.844449776Z Flux install root: /usr
2023-05-18T13:06:39.892486223Z flux user is already added.
2023-05-18T13:06:39.895343158Z flux user identifiers:
2023-05-18T13:06:39.895387596Z uid=1234(flux) gid=1234(flux) groups=1234(flux)
2023-05-18T13:06:39.895509640Z
2023-05-18T13:06:39.895522259Z As Flux prefix for flux commands: sudo -u flux -E PYTHONPATH=/opt/conda/lib/python3.10/site-packages -E PATH=/opt/conda/bin:/usr/local/sbin:/usr/local/bin:/usr/sbin:/usr/bin:/sbin:/bin -E LD_LIBRARY_PATH=/opt/conda/lib -E HOME=/home/flux
2023-05-18T13:06:39.904108276Z
2023-05-18T13:06:39.904138500Z ðŸ‘‹ Hello, I'm flux-sample-2
2023-05-18T13:06:39.904565114Z The main host is flux-sample-0
2023-05-18T13:06:39.904580694Z The working directory is /home/flux/examples/reaxff/HNS, contents include:
2023-05-18T13:06:39.906152705Z /home/flux/examples/reaxff/HNS:
2023-05-18T13:06:39.906286110Z README.txt	ffield.reax.hns  log.8Mar18.reaxc.hns.g++.1
2023-05-18T13:06:39.906336475Z data.hns-equil	in.reaxc.hns	 log.8Mar18.reaxc.hns.g++.4
2023-05-18T13:06:39.906442873Z End of file listing, if you see nothing above there are no files.
2023-05-18T13:06:39.908257142Z flux R encode --hosts=flux-sample-[0-3]
2023-05-18T13:06:39.922437645Z
2023-05-18T13:06:39.922467254Z ðŸ“¦ Resources
2023-05-18T13:06:39.924211434Z {"version": 1, "execution": {"R_lite": [{"rank": "0-3", "children": {"core": "0"}}], "starttime": 0.0, "expiration": 0.0, "nodelist": ["flux-sample-[0-3]"]}}
2023-05-18T13:06:39.924521594Z
2023-05-18T13:06:39.924539136Z ðŸ¸ Diagnostics: false
2023-05-18T13:06:39.924779700Z ðŸš©ï¸ Flux Option Flags defined
2023-05-18T13:06:39.929527032Z
2023-05-18T13:06:39.929551909Z ðŸ¦Š Independent Minister of Privilege
2023-05-18T13:06:39.930954514Z [exec]
2023-05-18T13:06:39.930973043Z allowed-users = [ "flux", "root" ]
2023-05-18T13:06:39.930980045Z allowed-shells = [ "/usr/libexec/flux/flux-shell" ]
2023-05-18T13:06:39.931199923Z
2023-05-18T13:06:39.931214738Z ðŸ¸ Broker Configuration
2023-05-18T13:06:39.932537489Z # Flux needs to know the path to the IMP executable
2023-05-18T13:06:39.932554394Z [exec]
2023-05-18T13:06:39.932560723Z imp = "/usr/libexec/flux/flux-imp"
2023-05-18T13:06:39.932564617Z
2023-05-18T13:06:39.932567982Z [access]
2023-05-18T13:06:39.932573636Z allow-guest-user = true
2023-05-18T13:06:39.932578112Z allow-root-owner = true
2023-05-18T13:06:39.932581273Z
2023-05-18T13:06:39.932584607Z # Point to resource definition generated with flux-R(1).
2023-05-18T13:06:39.932587920Z [resource]
2023-05-18T13:06:39.932591595Z path = "/etc/flux/system/R"
2023-05-18T13:06:39.932594684Z
2023-05-18T13:06:39.932598462Z [bootstrap]
2023-05-18T13:06:39.932605379Z curve_cert = "/etc/curve/curve.cert"
2023-05-18T13:06:39.932611294Z default_port = 8050
2023-05-18T13:06:39.932616424Z default_bind = "tcp://eth0:%p"
2023-05-18T13:06:39.932622147Z default_connect = "tcp://%h.flux-service.flux-operator.svc.cluster.local:%p"
2023-05-18T13:06:39.932626809Z hosts = [
2023-05-18T13:06:39.932631538Z 	{ host="flux-sample-[0-3]"},
2023-05-18T13:06:39.932636570Z ]
2023-05-18T13:06:39.932641028Z
2023-05-18T13:06:39.932648019Z [archive]
2023-05-18T13:06:39.932653810Z dbpath = "/var/lib/flux/job-archive.sqlite"
2023-05-18T13:06:39.932657615Z period = "1m"
2023-05-18T13:06:40.027725671Z busytimeout = "50s"
2023-05-18T13:06:40.027785310Z ðŸ§Šï¸ State Directory:
2023-05-18T13:06:40.027794345Z total 0
2023-05-18T13:06:40.027800205Z
2023-05-18T13:06:40.030196797Z
2023-05-18T13:06:40.030223736Z ðŸ”’ï¸ Working directory permissions:
2023-05-18T13:06:40.030229969Z total 96
2023-05-18T13:06:40.030237094Z -rwxrwxrwx 1 flux root  2517 May 17 22:32 README.txt
2023-05-18T13:06:40.030244512Z -rwxrwxrwx 1 flux root 54692 May 17 22:32 data.hns-equil
2023-05-18T13:06:40.030250557Z -rwxrwxrwx 1 flux root 13576 May 17 22:32 ffield.reax.hns
2023-05-18T13:06:40.030255536Z -rwxrwxrwx 1 flux root   870 May 17 22:32 in.reaxc.hns
2023-05-18T13:06:40.030262092Z -rwxrwxrwx 1 flux root  4172 May 17 22:32 log.8Mar18.reaxc.hns.g++.1
2023-05-18T13:06:40.030406678Z -rwxrwxrwx 1 flux root  4168 May 17 22:32 log.8Mar18.reaxc.hns.g++.4
2023-05-18T13:06:40.030417744Z
2023-05-18T13:06:40.030423841Z
2023-05-18T13:06:40.030430358Z âœ¨ Curve certificate generated by helper pod
2023-05-18T13:06:40.031994850Z #   ****  Generated on 2023-04-26 22:54:42 by CZMQ  ****
2023-05-18T13:06:40.032013068Z #   ZeroMQ CURVE **Secret** Certificate
2023-05-18T13:06:40.032019583Z #   DO NOT PROVIDE THIS FILE TO OTHER USERS nor change its permissions.
2023-05-18T13:06:40.032024681Z
2023-05-18T13:06:40.032029518Z metadata
2023-05-18T13:06:40.032036810Z     name = "flux-cert-generator"
2023-05-18T13:06:40.032042186Z     keygen.hostname = "flux-sample-0"
2023-05-18T13:06:40.032046996Z curve
2023-05-18T13:06:40.032064034Z     public-key = "K7XvCUWbxu/Xoxw>SKR<jd2ArzF}PwwMH}8CR2qe"
2023-05-18T13:06:40.032070973Z     secret-key = "JDVp)kBOnN/W+1E[z?qIL9FK4n7}Pa5yq20IKs!2"
2023-05-18T13:06:40.034789016Z
2023-05-18T13:06:40.034848353Z ðŸŒ€  flux start --wrap=strace,-e,network,-tt -o --config /etc/flux/config -Scron.directory=/etc/flux/system/cron.d   -Stbon.fanout=256   -Srundir=/run/flux    -Sstatedir=/var/lib/flux   -Slocal-uri=local:///run/flux/local -Stbon.connect_timeout=7s  -Stbon.zmqdebug=1  -Slog-stderr-level=6    -Slog-stderr-mode=local
2023-05-18T13:06:40.076552112Z 13:06:40.076163 socket(AF_NETLINK, SOCK_RAW, NETLINK_ROUTE) = 8
2023-05-18T13:06:40.076923025Z 13:06:40.076624 bind(8, {sa_family=AF_NETLINK, nl_pid=0, nl_groups=00000000}, 12) = 0
2023-05-18T13:06:40.077249261Z 13:06:40.076973 getsockname(8, {sa_family=AF_NETLINK, nl_pid=70, nl_groups=00000000}, [12]) = 0
2023-05-18T13:06:40.077812534Z 13:06:40.077303 sendto(8, {{len=20, type=RTM_GETADDR, flags=NLM_F_REQUEST|NLM_F_DUMP, seq=1684415200, pid=0}, {ifa_family=AF_UNSPEC, ...}}, 20, 0, {sa_family=AF_NETLINK, nl_pid=0, nl_groups=00000000}, 12) = 20
2023-05-18T13:06:40.078463313Z 13:06:40.077879 recvmsg(8, {msg_name={sa_family=AF_NETLINK, nl_pid=0, nl_groups=00000000}, msg_namelen=12, msg_iov=[{iov_base=[{{len=76, type=RTM_NEWADDR, flags=NLM_F_MULTI, seq=1684415200, pid=70}, {ifa_family=AF_INET, ifa_prefixlen=8, ifa_flags=IFA_F_PERMANENT, ifa_scope=RT_SCOPE_HOST, ifa_index=if_nametoindex("lo")}, [{{nla_len=8, nla_type=IFA_ADDRESS}, 127.0.0.1}, {{nla_len=8, nla_type=IFA_LOCAL}, 127.0.0.1}, {{nla_len=7, nla_type=IFA_LABEL}, "lo"}, {{nla_len=8, nla_type=IFA_FLAGS}, IFA_F_PERMANENT}, {{nla_len=20, nla_type=IFA_CACHEINFO}, {ifa_prefered=4294967295, ifa_valid=4294967295, cstamp=2094234, tstamp=2094234}}]}, {{len=88, type=RTM_NEWADDR, flags=NLM_F_MULTI, seq=1684415200, pid=70}, {ifa_family=AF_INET, ifa_prefixlen=24, ifa_flags=IFA_F_PERMANENT, ifa_scope=RT_SCOPE_UNIVERSE, ifa_index=if_nametoindex("eth0")}, [{{nla_len=8, nla_type=IFA_ADDRESS}, 10.24.3.107}, {{nla_len=8, nla_type=IFA_LOCAL}, 10.24.3.107}, {{nla_len=8, nla_type=IFA_BROADCAST}, 10.24.3.255}, {{nla_len=9, nla_type=IFA_LABEL}, "eth0"}, {{nla_len=8, nla_type=IFA_FLAGS}, IFA_F_PERMANENT}, {{nla_len=20, nla_type=IFA_CACHEINFO}, {ifa_prefered=4294967295, ifa_valid=4294967295, cstamp=2094238, tstamp=2094238}}]}], iov_len=4096}], msg_iovlen=1, msg_controllen=0, msg_flags=0}, 0) = 164
2023-05-18T13:06:40.078854674Z 13:06:40.078560 recvmsg(8, {msg_name={sa_family=AF_NETLINK, nl_pid=0, nl_groups=00000000}, msg_namelen=12, msg_iov=[{iov_base={{len=20, type=NLMSG_DONE, flags=NLM_F_MULTI, seq=1684415200, pid=70}, 0}, iov_len=4096}], msg_iovlen=1, msg_controllen=0, msg_flags=0}, 0) = 20
2023-05-18T13:06:40.080100648Z 13:06:40.079756 socket(AF_UNIX, SOCK_STREAM|SOCK_CLOEXEC|SOCK_NONBLOCK, 0) = 8
2023-05-18T13:06:40.080623911Z 13:06:40.080173 connect(8, {sa_family=AF_UNIX, sun_path="/var/run/nscd/socket"}, 110) = -1 ENOENT (No such file or directory)
2023-05-18T13:06:40.080967822Z 13:06:40.080734 socket(AF_UNIX, SOCK_STREAM|SOCK_CLOEXEC|SOCK_NONBLOCK, 0) = 8
2023-05-18T13:06:40.081252937Z 13:06:40.081008 connect(8, {sa_family=AF_UNIX, sun_path="/var/run/nscd/socket"}, 110) = -1 ENOENT (No such file or directory)
2023-05-18T13:06:40.083338668Z 13:06:40.083180 socket(AF_INET, SOCK_DGRAM|SOCK_CLOEXEC|SOCK_NONBLOCK, IPPROTO_IP) = 8
2023-05-18T13:06:40.083437754Z 13:06:40.083253 connect(8, {sa_family=AF_INET, sin_port=htons(53), sin_addr=inet_addr("169.254.169.254")}, 16) = 0
2023-05-18T13:06:40.083752543Z 13:06:40.083382 sendto(8, "\177<\1\0\0\1\0\0\0\0\0\0\rflux-sample-0\fflux-"..., 76, MSG_NOSIGNAL, NULL, 0) = 76
2023-05-18T13:06:40.087449872Z 13:06:40.087173 recvfrom(8, "\177<\201\200\0\1\0\1\0\0\0\0\rflux-sample-0\fflux-"..., 1024, 0, {sa_family=AF_INET, sin_port=htons(53), sin_addr=inet_addr("169.254.169.254")}, [28->16]) = 92
2023-05-18T13:06:40.091646592Z broker.info[2]: start: none->join 1.66225ms
2023-05-18T13:06:40.761304454Z broker.info[2]: parent-ready: join->init 0.669379s
2023-05-18T13:06:40.761961757Z 13:06:40.761596 socketpair(AF_UNIX, SOCK_STREAM|SOCK_CLOEXEC, 0, [22, 23]) = 0
2023-05-18T13:06:40.762102731Z 13:06:40.761841 socketpair(AF_UNIX, SOCK_STREAM, 0, [24, 25]) = 0
2023-05-18T13:06:40.762391717Z 13:06:40.762182 socketpair(AF_UNIX, SOCK_STREAM, 0, [26, 27]) = 0
2023-05-18T13:06:40.762784201Z 13:06:40.762505 socketpair(AF_UNIX, SOCK_STREAM, 0, [28, 29]) = 0
2023-05-18T13:06:40.790145881Z broker.info[2]: configuration updated
2023-05-18T13:06:40.933153860Z broker.info[2]: rc1.0: running /etc/flux/rc1.d/01-sched-fluxion
2023-05-18T13:06:40.946036713Z broker.info[2]: rc1.0: running /etc/flux/rc1.d/02-cron
2023-05-18T13:06:40.970357453Z broker.info[2]: rc1.0: /etc/flux/rc1 Exited (rc=0) 0.2s
2023-05-18T13:06:40.971314170Z broker.info[2]: rc1-success: init->quorum 0.209527s
2023-05-18T13:06:41.152537635Z broker.info[2]: quorum-full: quorum->run 0.180815s
2023-05-18T13:06:53.173571445Z broker.info[2]: shutdown: run->cleanup 12.0205s
2023-05-18T13:06:53.174338921Z broker.info[2]: cleanup-none: cleanup->shutdown 0.837929ms
2023-05-18T13:06:53.175907091Z broker.info[2]: children-none: shutdown->finalize 1.19107ms
2023-05-18T13:06:53.176573673Z 13:06:53.175789 socketpair(AF_UNIX, SOCK_STREAM|SOCK_CLOEXEC, 0, [22, 23]) = 0
2023-05-18T13:06:53.176865141Z 13:06:53.176000 socketpair(AF_UNIX, SOCK_STREAM, 0, [24, 25]) = 0
2023-05-18T13:06:53.177002432Z 13:06:53.176271 socketpair(AF_UNIX, SOCK_STREAM, 0, [26, 28]) = 0
2023-05-18T13:06:53.177423213Z 13:06:53.176558 socketpair(AF_UNIX, SOCK_STREAM, 0, [58, 59]) = 0
2023-05-18T13:06:53.196986815Z broker.info[2]: rc3.0: running /etc/flux/rc3.d/01-sched-fluxion
2023-05-18T13:06:53.339147465Z broker.info[2]: rc3.0: /etc/flux/rc3 Exited (rc=0) 0.2s
2023-05-18T13:06:53.340397870Z broker.info[2]: rc3-success: finalize->goodbye 0.164453s
2023-05-18T13:06:53.342104091Z broker.info[2]: goodbye: goodbye->exit 1.177ms
2023-05-18T13:06:53.350485922Z 13:06:53.350270 +++ exited with 0 +++
2023-05-18T13:06:53.352329296Z Return value for follower worker is 0
2023-05-18T13:06:53.352678904Z The follower worker exited cleanly. Goodbye!
