2023-05-18T07:51:38.029653720Z
2023-05-18T07:51:38.029688097Z Flux username: flux
2023-05-18T07:51:38.029694253Z
2023-05-18T07:51:38.029699408Z Flux install root: /usr
2023-05-18T07:51:38.070846399Z flux user is already added.
2023-05-18T07:51:38.074057381Z flux user identifiers:
2023-05-18T07:51:38.074077744Z uid=1234(flux) gid=1234(flux) groups=1234(flux)
2023-05-18T07:51:38.074160676Z
2023-05-18T07:51:38.074170671Z As Flux prefix for flux commands: sudo -u flux -E PYTHONPATH=/opt/conda/lib/python3.10/site-packages -E PATH=/opt/conda/bin:/usr/local/sbin:/usr/local/bin:/usr/sbin:/usr/bin:/sbin:/bin -E LD_LIBRARY_PATH=/opt/conda/lib -E HOME=/home/flux
2023-05-18T07:51:38.081330355Z
2023-05-18T07:51:38.081350961Z 👋 Hello, I'm flux-sample-3
2023-05-18T07:51:38.081439964Z The main host is flux-sample-0
2023-05-18T07:51:38.081449594Z The working directory is /home/flux/examples/reaxff/HNS, contents include:
2023-05-18T07:51:38.083174219Z /home/flux/examples/reaxff/HNS:
2023-05-18T07:51:38.083288039Z README.txt	ffield.reax.hns  log.8Mar18.reaxc.hns.g++.1
2023-05-18T07:51:38.083300720Z data.hns-equil	in.reaxc.hns	 log.8Mar18.reaxc.hns.g++.4
2023-05-18T07:51:38.083511101Z End of file listing, if you see nothing above there are no files.
2023-05-18T07:51:38.085265544Z flux R encode --hosts=flux-sample-[0-3]
2023-05-18T07:51:38.098816750Z
2023-05-18T07:51:38.098836285Z 📦 Resources
2023-05-18T07:51:38.100331938Z {"version": 1, "execution": {"R_lite": [{"rank": "0-3", "children": {"core": "0"}}], "starttime": 0.0, "expiration": 0.0, "nodelist": ["flux-sample-[0-3]"]}}
2023-05-18T07:51:38.100678220Z
2023-05-18T07:51:38.100693535Z 🐸 Diagnostics: false
2023-05-18T07:51:38.100981898Z 🚩️ Flux Option Flags defined
2023-05-18T07:51:38.104834885Z
2023-05-18T07:51:38.104853608Z 🦊 Independent Minister of Privilege
2023-05-18T07:51:38.106046780Z [exec]
2023-05-18T07:51:38.106062666Z allowed-users = [ "flux", "root" ]
2023-05-18T07:51:38.106068499Z allowed-shells = [ "/usr/libexec/flux/flux-shell" ]
2023-05-18T07:51:38.106304225Z
2023-05-18T07:51:38.106320003Z 🐸 Broker Configuration
2023-05-18T07:51:38.107502972Z # Flux needs to know the path to the IMP executable
2023-05-18T07:51:38.107519645Z [exec]
2023-05-18T07:51:38.107526251Z imp = "/usr/libexec/flux/flux-imp"
2023-05-18T07:51:38.107530992Z
2023-05-18T07:51:38.107535593Z [access]
2023-05-18T07:51:38.107541120Z allow-guest-user = true
2023-05-18T07:51:38.107545905Z allow-root-owner = true
2023-05-18T07:51:38.107550369Z
2023-05-18T07:51:38.107554997Z # Point to resource definition generated with flux-R(1).
2023-05-18T07:51:38.107562345Z [resource]
2023-05-18T07:51:38.107568830Z path = "/etc/flux/system/R"
2023-05-18T07:51:38.107573562Z
2023-05-18T07:51:38.107578833Z [bootstrap]
2023-05-18T07:51:38.107584140Z curve_cert = "/etc/curve/curve.cert"
2023-05-18T07:51:38.107589059Z default_port = 8050
2023-05-18T07:51:38.107594437Z default_bind = "tcp://eth0:%p"
2023-05-18T07:51:38.107602818Z default_connect = "tcp://%h.flux-service.flux-operator.svc.cluster.local:%p"
2023-05-18T07:51:38.107609966Z hosts = [
2023-05-18T07:51:38.107615519Z 	{ host="flux-sample-[0-3]"},
2023-05-18T07:51:38.107620408Z ]
2023-05-18T07:51:38.107624889Z
2023-05-18T07:51:38.107629915Z [archive]
2023-05-18T07:51:38.107634677Z dbpath = "/var/lib/flux/job-archive.sqlite"
2023-05-18T07:51:38.107639330Z period = "1m"
2023-05-18T07:51:38.181118307Z busytimeout = "50s"
2023-05-18T07:51:38.181141678Z 🧊️ State Directory:
2023-05-18T07:51:38.181147682Z total 0
2023-05-18T07:51:38.181154666Z
2023-05-18T07:51:38.183862149Z
2023-05-18T07:51:38.183886542Z 🔒️ Working directory permissions:
2023-05-18T07:51:38.183894875Z total 96
2023-05-18T07:51:38.183901737Z -rwxrwxrwx 1 flux root  2517 May 17 22:32 README.txt
2023-05-18T07:51:38.183906595Z -rwxrwxrwx 1 flux root 54692 May 17 22:32 data.hns-equil
2023-05-18T07:51:38.183911129Z -rwxrwxrwx 1 flux root 13576 May 17 22:32 ffield.reax.hns
2023-05-18T07:51:38.183916149Z -rwxrwxrwx 1 flux root   870 May 17 22:32 in.reaxc.hns
2023-05-18T07:51:38.183935069Z -rwxrwxrwx 1 flux root  4172 May 17 22:32 log.8Mar18.reaxc.hns.g++.1
2023-05-18T07:51:38.184028999Z -rwxrwxrwx 1 flux root  4168 May 17 22:32 log.8Mar18.reaxc.hns.g++.4
2023-05-18T07:51:38.184040117Z
2023-05-18T07:51:38.184044954Z
2023-05-18T07:51:38.184050200Z ✨ Curve certificate generated by helper pod
2023-05-18T07:51:38.185515169Z #   ****  Generated on 2023-04-26 22:54:42 by CZMQ  ****
2023-05-18T07:51:38.185532081Z #   ZeroMQ CURVE **Secret** Certificate
2023-05-18T07:51:38.185538815Z #   DO NOT PROVIDE THIS FILE TO OTHER USERS nor change its permissions.
2023-05-18T07:51:38.185543969Z
2023-05-18T07:51:38.185548715Z metadata
2023-05-18T07:51:38.185553934Z     name = "flux-cert-generator"
2023-05-18T07:51:38.185558598Z     keygen.hostname = "flux-sample-0"
2023-05-18T07:51:38.185563206Z curve
2023-05-18T07:51:38.185568041Z     public-key = ".m*TbSZlX<Oedkc/RtgGmTvJ@9o5ZQ+:1V-Rp2+P"
2023-05-18T07:51:38.185575288Z     secret-key = ">>9IJrd0-b}cOO5mLAqj!C?46OZATnYUfs5FfK8z"
2023-05-18T07:51:38.188214345Z
2023-05-18T07:51:38.188376401Z 🌀  flux start --wrap=strace,-e,network,-tt -o --config /etc/flux/config -Scron.directory=/etc/flux/system/cron.d   -Stbon.fanout=256   -Srundir=/run/flux    -Sstatedir=/var/lib/flux   -Slocal-uri=local:///run/flux/local -Stbon.connect_timeout=4s  -Stbon.zmqdebug=1  -Slog-stderr-level=6    -Slog-stderr-mode=local
2023-05-18T07:51:38.228155411Z 07:51:38.227889 socket(AF_NETLINK, SOCK_RAW, NETLINK_ROUTE) = 8
2023-05-18T07:51:38.228357036Z 07:51:38.228149 bind(8, {sa_family=AF_NETLINK, nl_pid=0, nl_groups=00000000}, 12) = 0
2023-05-18T07:51:38.228452042Z 07:51:38.228308 getsockname(8, {sa_family=AF_NETLINK, nl_pid=70, nl_groups=00000000}, [12]) = 0
2023-05-18T07:51:38.228694054Z 07:51:38.228391 sendto(8, {{len=20, type=RTM_GETADDR, flags=NLM_F_REQUEST|NLM_F_DUMP, seq=1684396298, pid=0}, {ifa_family=AF_UNSPEC, ...}}, 20, 0, {sa_family=AF_NETLINK, nl_pid=0, nl_groups=00000000}, 12) = 20
2023-05-18T07:51:38.229168163Z 07:51:38.228647 recvmsg(8, {msg_name={sa_family=AF_NETLINK, nl_pid=0, nl_groups=00000000}, msg_namelen=12, msg_iov=[{iov_base=[{{len=76, type=RTM_NEWADDR, flags=NLM_F_MULTI, seq=1684396298, pid=70}, {ifa_family=AF_INET, ifa_prefixlen=8, ifa_flags=IFA_F_PERMANENT, ifa_scope=RT_SCOPE_HOST, ifa_index=if_nametoindex("lo")}, [{{nla_len=8, nla_type=IFA_ADDRESS}, 127.0.0.1}, {{nla_len=8, nla_type=IFA_LOCAL}, 127.0.0.1}, {{nla_len=7, nla_type=IFA_LABEL}, "lo"}, {{nla_len=8, nla_type=IFA_FLAGS}, IFA_F_PERMANENT}, {{nla_len=20, nla_type=IFA_CACHEINFO}, {ifa_prefered=4294967295, ifa_valid=4294967295, cstamp=204333, tstamp=204333}}]}, {{len=88, type=RTM_NEWADDR, flags=NLM_F_MULTI, seq=1684396298, pid=70}, {ifa_family=AF_INET, ifa_prefixlen=24, ifa_flags=IFA_F_PERMANENT, ifa_scope=RT_SCOPE_UNIVERSE, ifa_index=if_nametoindex("eth0")}, [{{nla_len=8, nla_type=IFA_ADDRESS}, 10.24.0.82}, {{nla_len=8, nla_type=IFA_LOCAL}, 10.24.0.82}, {{nla_len=8, nla_type=IFA_BROADCAST}, 10.24.0.255}, {{nla_len=9, nla_type=IFA_LABEL}, "eth0"}, {{nla_len=8, nla_type=IFA_FLAGS}, IFA_F_PERMANENT}, {{nla_len=20, nla_type=IFA_CACHEINFO}, {ifa_prefered=4294967295, ifa_valid=4294967295, cstamp=204336, tstamp=204336}}]}], iov_len=4096}], msg_iovlen=1, msg_controllen=0, msg_flags=0}, 0) = 164
2023-05-18T07:51:38.229298768Z 07:51:38.229078 recvmsg(8, {msg_name={sa_family=AF_NETLINK, nl_pid=0, nl_groups=00000000}, msg_namelen=12, msg_iov=[{iov_base={{len=20, type=NLMSG_DONE, flags=NLM_F_MULTI, seq=1684396298, pid=70}, 0}, iov_len=4096}], msg_iovlen=1, msg_controllen=0, msg_flags=0}, 0) = 20
2023-05-18T07:51:38.230059044Z 07:51:38.229897 socket(AF_UNIX, SOCK_STREAM|SOCK_CLOEXEC|SOCK_NONBLOCK, 0) = 8
2023-05-18T07:51:38.230393185Z 07:51:38.230136 connect(8, {sa_family=AF_UNIX, sun_path="/var/run/nscd/socket"}, 110) = -1 ENOENT (No such file or directory)
2023-05-18T07:51:38.230616990Z 07:51:38.230381 socket(AF_UNIX, SOCK_STREAM|SOCK_CLOEXEC|SOCK_NONBLOCK, 0) = 8
2023-05-18T07:51:38.230751473Z 07:51:38.230506 connect(8, {sa_family=AF_UNIX, sun_path="/var/run/nscd/socket"}, 110) = -1 ENOENT (No such file or directory)
2023-05-18T07:51:38.232676150Z 07:51:38.232465 socket(AF_INET, SOCK_DGRAM|SOCK_CLOEXEC|SOCK_NONBLOCK, IPPROTO_IP) = 8
2023-05-18T07:51:38.232893078Z 07:51:38.232670 connect(8, {sa_family=AF_INET, sin_port=htons(53), sin_addr=inet_addr("169.254.169.254")}, 16) = 0
2023-05-18T07:51:38.233225506Z 07:51:38.232866 sendto(8, "\350\275\1\0\0\1\0\0\0\0\0\0\rflux-sample-0\fflux-"..., 76, MSG_NOSIGNAL, NULL, 0) = 76
2023-05-18T07:51:38.235925272Z 07:51:38.235720 recvfrom(8, "\350\275\201\200\0\1\0\1\0\0\0\0\rflux-sample-0\fflux-"..., 1024, 0, {sa_family=AF_INET, sin_port=htons(53), sin_addr=inet_addr("169.254.169.254")}, [28->16]) = 92
2023-05-18T07:51:38.242321132Z broker.info[3]: start: none->join 2.46551ms
2023-05-18T07:51:42.414378567Z broker.info[3]: parent-ready: join->init 4.1717s
2023-05-18T07:51:42.414723415Z 07:51:42.414476 socketpair(AF_UNIX, SOCK_STREAM|SOCK_CLOEXEC, 0, [22, 23]) = 0
2023-05-18T07:51:42.414862151Z 07:51:42.414648 socketpair(AF_UNIX, SOCK_STREAM, 0, [24, 25]) = 0
2023-05-18T07:51:42.415130781Z 07:51:42.414912 socketpair(AF_UNIX, SOCK_STREAM, 0, [26, 27]) = 0
2023-05-18T07:51:42.415369572Z 07:51:42.415171 socketpair(AF_UNIX, SOCK_STREAM, 0, [28, 29]) = 0
2023-05-18T07:51:42.439698726Z broker.info[3]: configuration updated
2023-05-18T07:51:42.558347110Z broker.info[3]: rc1.0: running /etc/flux/rc1.d/01-sched-fluxion
2023-05-18T07:51:42.571220886Z broker.info[3]: rc1.0: running /etc/flux/rc1.d/02-cron
2023-05-18T07:51:42.597200044Z broker.info[3]: rc1.0: /etc/flux/rc1 Exited (rc=0) 0.2s
2023-05-18T07:51:42.598393851Z broker.info[3]: rc1-success: init->quorum 0.183702s
2023-05-18T07:51:42.810679341Z broker.info[3]: quorum-full: quorum->run 0.21204s
2023-05-18T07:51:43.404316035Z 07:51:43.403881 socketpair(AF_UNIX, SOCK_STREAM|SOCK_CLOEXEC, 0, [22, 23]) = 0
2023-05-18T07:51:43.406314205Z 07:51:43.404060 socketpair(AF_UNIX, SOCK_STREAM, 0, [24, 25]) = 0
2023-05-18T07:51:43.406736975Z 07:51:43.404385 socketpair(AF_UNIX, SOCK_STREAM, 0, [26, 28]) = 0
2023-05-18T07:51:43.406932867Z 07:51:43.404582 socketpair(AF_UNIX, SOCK_STREAM, 0, [58, 59]) = 0
2023-05-18T07:51:53.774746783Z broker.info[3]: shutdown: run->cleanup 10.9637s
2023-05-18T07:51:53.776928876Z broker.info[3]: cleanup-none: cleanup->shutdown 1.18042ms
2023-05-18T07:51:53.778886211Z broker.info[3]: children-none: shutdown->finalize 1.1544ms
2023-05-18T07:51:53.779723626Z 07:51:53.779291 socketpair(AF_UNIX, SOCK_STREAM|SOCK_CLOEXEC, 0, [22, 23]) = 0
2023-05-18T07:51:53.779975975Z 07:51:53.779568 socketpair(AF_UNIX, SOCK_STREAM, 0, [24, 25]) = 0
2023-05-18T07:51:53.780025295Z 07:51:53.779826 socketpair(AF_UNIX, SOCK_STREAM, 0, [26, 28]) = 0
2023-05-18T07:51:53.780251683Z 07:51:53.780043 socketpair(AF_UNIX, SOCK_STREAM, 0, [58, 59]) = 0
2023-05-18T07:51:53.797752495Z broker.info[3]: rc3.0: running /etc/flux/rc3.d/01-sched-fluxion
2023-05-18T07:51:53.914308963Z broker.info[3]: rc3.0: /etc/flux/rc3 Exited (rc=0) 0.1s
2023-05-18T07:51:53.915558929Z broker.info[3]: rc3-success: finalize->goodbye 0.136064s
2023-05-18T07:51:53.917008713Z broker.info[3]: goodbye: goodbye->exit 0.897971ms
2023-05-18T07:51:53.925504092Z 07:51:53.925327 +++ exited with 0 +++
2023-05-18T07:51:53.926810359Z Return value for follower worker is 0
2023-05-18T07:51:53.926870973Z The follower worker exited cleanly. Goodbye!
