2023-05-18T13:17:30.378132102Z
2023-05-18T13:17:30.379177147Z Flux username: flux
2023-05-18T13:17:30.379209770Z
2023-05-18T13:17:30.379218071Z Flux install root: /usr
2023-05-18T13:17:30.427332357Z flux user is already added.
2023-05-18T13:17:30.430301419Z flux user identifiers:
2023-05-18T13:17:30.430333032Z uid=1234(flux) gid=1234(flux) groups=1234(flux)
2023-05-18T13:17:30.430338200Z
2023-05-18T13:17:30.430343992Z As Flux prefix for flux commands: sudo -u flux -E PYTHONPATH=/opt/conda/lib/python3.10/site-packages -E PATH=/opt/conda/bin:/usr/local/sbin:/usr/local/bin:/usr/sbin:/usr/bin:/sbin:/bin -E LD_LIBRARY_PATH=/opt/conda/lib -E HOME=/home/flux
2023-05-18T13:17:30.439018151Z
2023-05-18T13:17:30.439074697Z ðŸ‘‹ Hello, I'm flux-sample-3
2023-05-18T13:17:30.439083152Z The main host is flux-sample-0
2023-05-18T13:17:30.439244300Z The working directory is /home/flux/examples/reaxff/HNS, contents include:
2023-05-18T13:17:30.441637880Z /home/flux/examples/reaxff/HNS:
2023-05-18T13:17:30.441694571Z README.txt	ffield.reax.hns  log.8Mar18.reaxc.hns.g++.1
2023-05-18T13:17:30.441702698Z data.hns-equil	in.reaxc.hns	 log.8Mar18.reaxc.hns.g++.4
2023-05-18T13:17:30.442107379Z End of file listing, if you see nothing above there are no files.
2023-05-18T13:17:30.444417604Z flux R encode --hosts=flux-sample-[0-3]
2023-05-18T13:17:30.459475103Z
2023-05-18T13:17:30.459507458Z ðŸ“¦ Resources
2023-05-18T13:17:30.461386646Z {"version": 1, "execution": {"R_lite": [{"rank": "0-3", "children": {"core": "0"}}], "starttime": 0.0, "expiration": 0.0, "nodelist": ["flux-sample-[0-3]"]}}
2023-05-18T13:17:30.461637951Z
2023-05-18T13:17:30.461679463Z ðŸ¸ Diagnostics: false
2023-05-18T13:17:30.466022253Z ðŸš©ï¸ Flux Option Flags defined
2023-05-18T13:17:30.471063256Z
2023-05-18T13:17:30.471089778Z ðŸ¦Š Independent Minister of Privilege
2023-05-18T13:17:30.472606749Z [exec]
2023-05-18T13:17:30.472628523Z allowed-users = [ "flux", "root" ]
2023-05-18T13:17:30.472635785Z allowed-shells = [ "/usr/libexec/flux/flux-shell" ]
2023-05-18T13:17:30.473054901Z
2023-05-18T13:17:30.473075670Z ðŸ¸ Broker Configuration
2023-05-18T13:17:30.474444479Z # Flux needs to know the path to the IMP executable
2023-05-18T13:17:30.474460764Z [exec]
2023-05-18T13:17:30.474466619Z imp = "/usr/libexec/flux/flux-imp"
2023-05-18T13:17:30.474473405Z
2023-05-18T13:17:30.474479298Z [access]
2023-05-18T13:17:30.474485156Z allow-guest-user = true
2023-05-18T13:17:30.474489795Z allow-root-owner = true
2023-05-18T13:17:30.474494258Z
2023-05-18T13:17:30.474499383Z # Point to resource definition generated with flux-R(1).
2023-05-18T13:17:30.474513711Z [resource]
2023-05-18T13:17:30.474519180Z path = "/etc/flux/system/R"
2023-05-18T13:17:30.474526283Z
2023-05-18T13:17:30.474532622Z [bootstrap]
2023-05-18T13:17:30.474537895Z curve_cert = "/etc/curve/curve.cert"
2023-05-18T13:17:30.474543603Z default_port = 8050
2023-05-18T13:17:30.474548330Z default_bind = "tcp://eth0:%p"
2023-05-18T13:17:30.474553752Z default_connect = "tcp://%h.flux-service.flux-operator.svc.cluster.local:%p"
2023-05-18T13:17:30.474558534Z hosts = [
2023-05-18T13:17:30.474563327Z 	{ host="flux-sample-[0-3]"},
2023-05-18T13:17:30.474570688Z ]
2023-05-18T13:17:30.474576141Z
2023-05-18T13:17:30.474580950Z [archive]
2023-05-18T13:17:30.474585920Z dbpath = "/var/lib/flux/job-archive.sqlite"
2023-05-18T13:17:30.474590860Z period = "1m"
2023-05-18T13:17:30.560153429Z busytimeout = "50s"
2023-05-18T13:17:30.560195641Z ðŸ§Šï¸ State Directory:
2023-05-18T13:17:30.560203819Z total 0
2023-05-18T13:17:30.560208939Z
2023-05-18T13:17:30.564551868Z
2023-05-18T13:17:30.564597933Z ðŸ”’ï¸ Working directory permissions:
2023-05-18T13:17:30.564606484Z total 96
2023-05-18T13:17:30.564615300Z -rwxrwxrwx 1 flux root  2517 May 17 22:32 README.txt
2023-05-18T13:17:30.564622088Z -rwxrwxrwx 1 flux root 54692 May 17 22:32 data.hns-equil
2023-05-18T13:17:30.564642512Z -rwxrwxrwx 1 flux root 13576 May 17 22:32 ffield.reax.hns
2023-05-18T13:17:30.564647959Z -rwxrwxrwx 1 flux root   870 May 17 22:32 in.reaxc.hns
2023-05-18T13:17:30.564669812Z -rwxrwxrwx 1 flux root  4172 May 17 22:32 log.8Mar18.reaxc.hns.g++.1
2023-05-18T13:17:30.564675753Z -rwxrwxrwx 1 flux root  4168 May 17 22:32 log.8Mar18.reaxc.hns.g++.4
2023-05-18T13:17:30.564680481Z
2023-05-18T13:17:30.564894518Z
2023-05-18T13:17:30.564911812Z âœ¨ Curve certificate generated by helper pod
2023-05-18T13:17:30.566533219Z #   ****  Generated on 2023-04-26 22:54:42 by CZMQ  ****
2023-05-18T13:17:30.566561187Z #   ZeroMQ CURVE **Secret** Certificate
2023-05-18T13:17:30.566568916Z #   DO NOT PROVIDE THIS FILE TO OTHER USERS nor change its permissions.
2023-05-18T13:17:30.566574299Z
2023-05-18T13:17:30.566580245Z metadata
2023-05-18T13:17:30.566585894Z     name = "flux-cert-generator"
2023-05-18T13:17:30.566591257Z     keygen.hostname = "flux-sample-0"
2023-05-18T13:17:30.566596827Z curve
2023-05-18T13:17:30.566605196Z     public-key = "7?5Mb>@N8kIR#F]a[sYOvzuOLgF.toX4gVD9UfGy"
2023-05-18T13:17:30.566612159Z     secret-key = "<)0or.n+yA4s$c@AHY{6AEy@Wtj@VZHAyh^iM&^t"
2023-05-18T13:17:30.569171649Z
2023-05-18T13:17:30.569211637Z ðŸŒ€  flux start --wrap=strace,-e,network,-tt -o --config /etc/flux/config -Scron.directory=/etc/flux/system/cron.d   -Stbon.fanout=256   -Srundir=/run/flux    -Sstatedir=/var/lib/flux   -Slocal-uri=local:///run/flux/local -Stbon.connect_timeout=8s  -Stbon.zmqdebug=1  -Slog-stderr-level=6    -Slog-stderr-mode=local
2023-05-18T13:17:30.615725038Z 13:17:30.615247 socket(AF_NETLINK, SOCK_RAW, NETLINK_ROUTE) = 8
2023-05-18T13:17:30.616172020Z 13:17:30.615823 bind(8, {sa_family=AF_NETLINK, nl_pid=0, nl_groups=00000000}, 12) = 0
2023-05-18T13:17:30.616541723Z 13:17:30.616248 getsockname(8, {sa_family=AF_NETLINK, nl_pid=70, nl_groups=00000000}, [12]) = 0
2023-05-18T13:17:30.617118464Z 13:17:30.616618 sendto(8, {{len=20, type=RTM_GETADDR, flags=NLM_F_REQUEST|NLM_F_DUMP, seq=1684415850, pid=0}, {ifa_family=AF_UNSPEC, ...}}, 20, 0, {sa_family=AF_NETLINK, nl_pid=0, nl_groups=00000000}, 12) = 20
2023-05-18T13:17:30.617831131Z 13:17:30.617197 recvmsg(8, {msg_name={sa_family=AF_NETLINK, nl_pid=0, nl_groups=00000000}, msg_namelen=12, msg_iov=[{iov_base=[{{len=76, type=RTM_NEWADDR, flags=NLM_F_MULTI, seq=1684415850, pid=70}, {ifa_family=AF_INET, ifa_prefixlen=8, ifa_flags=IFA_F_PERMANENT, ifa_scope=RT_SCOPE_HOST, ifa_index=if_nametoindex("lo")}, [{{nla_len=8, nla_type=IFA_ADDRESS}, 127.0.0.1}, {{nla_len=8, nla_type=IFA_LOCAL}, 127.0.0.1}, {{nla_len=7, nla_type=IFA_LABEL}, "lo"}, {{nla_len=8, nla_type=IFA_FLAGS}, IFA_F_PERMANENT}, {{nla_len=20, nla_type=IFA_CACHEINFO}, {ifa_prefered=4294967295, ifa_valid=4294967295, cstamp=2159324, tstamp=2159324}}]}, {{len=88, type=RTM_NEWADDR, flags=NLM_F_MULTI, seq=1684415850, pid=70}, {ifa_family=AF_INET, ifa_prefixlen=24, ifa_flags=IFA_F_PERMANENT, ifa_scope=RT_SCOPE_UNIVERSE, ifa_index=if_nametoindex("eth0")}, [{{nla_len=8, nla_type=IFA_ADDRESS}, 10.24.2.43}, {{nla_len=8, nla_type=IFA_LOCAL}, 10.24.2.43}, {{nla_len=8, nla_type=IFA_BROADCAST}, 10.24.2.255}, {{nla_len=9, nla_type=IFA_LABEL}, "eth0"}, {{nla_len=8, nla_type=IFA_FLAGS}, IFA_F_PERMANENT}, {{nla_len=20, nla_type=IFA_CACHEINFO}, {ifa_prefered=4294967295, ifa_valid=4294967295, cstamp=2159325, tstamp=2159325}}]}], iov_len=4096}], msg_iovlen=1, msg_controllen=0, msg_flags=0}, 0) = 164
2023-05-18T13:17:30.618345780Z 13:17:30.617915 recvmsg(8, {msg_name={sa_family=AF_NETLINK, nl_pid=0, nl_groups=00000000}, msg_namelen=12, msg_iov=[{iov_base={{len=20, type=NLMSG_DONE, flags=NLM_F_MULTI, seq=1684415850, pid=70}, 0}, iov_len=4096}], msg_iovlen=1, msg_controllen=0, msg_flags=0}, 0) = 20
2023-05-18T13:17:30.619239588Z 13:17:30.618989 socket(AF_UNIX, SOCK_STREAM|SOCK_CLOEXEC|SOCK_NONBLOCK, 0) = 8
2023-05-18T13:17:30.619626467Z 13:17:30.619324 connect(8, {sa_family=AF_UNIX, sun_path="/var/run/nscd/socket"}, 110) = -1 ENOENT (No such file or directory)
2023-05-18T13:17:30.620034038Z 13:17:30.619787 socket(AF_UNIX, SOCK_STREAM|SOCK_CLOEXEC|SOCK_NONBLOCK, 0) = 8
2023-05-18T13:17:30.620471171Z 13:17:30.620112 connect(8, {sa_family=AF_UNIX, sun_path="/var/run/nscd/socket"}, 110) = -1 ENOENT (No such file or directory)
2023-05-18T13:17:30.622168824Z 13:17:30.621939 socket(AF_INET, SOCK_DGRAM|SOCK_CLOEXEC|SOCK_NONBLOCK, IPPROTO_IP) = 8
2023-05-18T13:17:30.622547753Z 13:17:30.622255 connect(8, {sa_family=AF_INET, sin_port=htons(53), sin_addr=inet_addr("169.254.169.254")}, 16) = 0
2023-05-18T13:17:30.623151171Z 13:17:30.622706 sendto(8, "\22\376\1\0\0\1\0\0\0\0\0\0\rflux-sample-0\fflux-"..., 76, MSG_NOSIGNAL, NULL, 0) = 76
2023-05-18T13:17:30.629603516Z 13:17:30.629119 recvfrom(8, "\22\376\201\203\0\1\0\0\0\1\0\0\rflux-sample-0\fflux-"..., 1024, 0, {sa_family=AF_INET, sin_port=htons(53), sin_addr=inet_addr("169.254.169.254")}, [28->16]) = 172
2023-05-18T13:17:30.629803740Z 13:17:30.629537 socket(AF_INET, SOCK_DGRAM|SOCK_CLOEXEC|SOCK_NONBLOCK, IPPROTO_IP) = 8
2023-05-18T13:17:30.629821113Z 13:17:30.629614 connect(8, {sa_family=AF_INET, sin_port=htons(53), sin_addr=inet_addr("169.254.169.254")}, 16) = 0
2023-05-18T13:17:30.630022329Z 13:17:30.629746 sendto(8, "?\7\1\0\0\1\0\0\0\0\0\0\rflux-sample-0\fflux-"..., 108, MSG_NOSIGNAL, NULL, 0) = 108
2023-05-18T13:17:30.633356647Z 13:17:30.633009 recvfrom(8, "?\7\201\203\0\1\0\0\0\1\0\0\rflux-sample-0\fflux-"..., 1024, 0, {sa_family=AF_INET, sin_port=htons(53), sin_addr=inet_addr("169.254.169.254")}, [28->16]) = 204
2023-05-18T13:17:30.633491659Z 13:17:30.633294 socket(AF_INET, SOCK_DGRAM|SOCK_CLOEXEC|SOCK_NONBLOCK, IPPROTO_IP) = 8
2023-05-18T13:17:30.633627805Z 13:17:30.633364 connect(8, {sa_family=AF_INET, sin_port=htons(53), sin_addr=inet_addr("169.254.169.254")}, 16) = 0
2023-05-18T13:17:30.633752544Z 13:17:30.633498 sendto(8, "\334\323\1\0\0\1\0\0\0\0\0\0\rflux-sample-0\fflux-"..., 94, MSG_NOSIGNAL, NULL, 0) = 94
2023-05-18T13:17:30.637732562Z 13:17:30.637407 recvfrom(8, "\334\323\201\203\0\1\0\0\0\1\0\0\rflux-sample-0\fflux-"..., 1024, 0, {sa_family=AF_INET, sin_port=htons(53), sin_addr=inet_addr("169.254.169.254")}, [28->16]) = 190
2023-05-18T13:17:30.637898502Z 13:17:30.637698 socket(AF_INET, SOCK_DGRAM|SOCK_CLOEXEC|SOCK_NONBLOCK, IPPROTO_IP) = 8
2023-05-18T13:17:30.638004734Z 13:17:30.637771 connect(8, {sa_family=AF_INET, sin_port=htons(53), sin_addr=inet_addr("169.254.169.254")}, 16) = 0
2023-05-18T13:17:30.638130394Z 13:17:30.637914 sendto(8, "}h\1\0\0\1\0\0\0\0\0\0\rflux-sample-0\fflux-"..., 90, MSG_NOSIGNAL, NULL, 0) = 90
2023-05-18T13:17:30.642555785Z 13:17:30.642099 recvfrom(8, "}h\201\203\0\1\0\0\0\1\0\0\rflux-sample-0\fflux-"..., 1024, 0, {sa_family=AF_INET, sin_port=htons(53), sin_addr=inet_addr("169.254.169.254")}, [28->16]) = 186
2023-05-18T13:17:30.642902170Z 13:17:30.642615 socket(AF_INET, SOCK_DGRAM|SOCK_CLOEXEC|SOCK_NONBLOCK, IPPROTO_IP) = 8
2023-05-18T13:17:30.643517168Z 13:17:30.642788 connect(8, {sa_family=AF_INET, sin_port=htons(53), sin_addr=inet_addr("169.254.169.254")}, 16) = 0
2023-05-18T13:17:30.643805752Z 13:17:30.643417 sendto(8, "\267\324\1\0\0\1\0\0\0\0\0\0\rflux-sample-0\fflux-"..., 111, MSG_NOSIGNAL, NULL, 0) = 111
2023-05-18T13:17:30.650158663Z 13:17:30.649741 recvfrom(8, "\267\324\201\203\0\1\0\0\0\1\0\0\rflux-sample-0\fflux-"..., 1024, 0, {sa_family=AF_INET, sin_port=htons(53), sin_addr=inet_addr("169.254.169.254")}, [28->16]) = 205
2023-05-18T13:17:30.650483131Z 13:17:30.650094 socket(AF_INET, SOCK_DGRAM|SOCK_CLOEXEC|SOCK_NONBLOCK, IPPROTO_IP) = 8
2023-05-18T13:17:30.650716726Z 13:17:30.650422 connect(8, {sa_family=AF_INET, sin_port=htons(53), sin_addr=inet_addr("169.254.169.254")}, 16) = 0
2023-05-18T13:17:30.651053802Z 13:17:30.650734 sendto(8, "\273^\1\0\0\1\0\0\0\0\0\0\rflux-sample-0\fflux-"..., 97, MSG_NOSIGNAL, NULL, 0) = 97
2023-05-18T13:17:30.655763736Z 13:17:30.655354 recvfrom(8, "\273^\201\203\0\1\0\0\0\1\0\0\rflux-sample-0\fflux-"..., 1024, 0, {sa_family=AF_INET, sin_port=htons(53), sin_addr=inet_addr("169.254.169.254")}, [28->16]) = 186
2023-05-18T13:17:30.656373398Z 13:17:30.656131 socket(AF_INET, SOCK_DGRAM|SOCK_CLOEXEC|SOCK_NONBLOCK, IPPROTO_IP) = 8
2023-05-18T13:17:30.656470722Z 13:17:30.656264 connect(8, {sa_family=AF_INET, sin_port=htons(53), sin_addr=inet_addr("169.254.169.254")}, 16) = 0
2023-05-18T13:17:30.657100172Z 13:17:30.656723 sendto(8, "\347o\1\0\0\1\0\0\0\0\0\0\rflux-sample-0\fflux-"..., 92, MSG_NOSIGNAL, NULL, 0) = 92
2023-05-18T13:17:30.663031731Z 13:17:30.662675 recvfrom(8, "\347o\201\203\0\1\0\0\0\1\0\0\rflux-sample-0\fflux-"..., 1024, 0, {sa_family=AF_INET, sin_port=htons(53), sin_addr=inet_addr("169.254.169.254")}, [28->16]) = 181
2023-05-18T13:17:30.663158783Z broker.err[3]: Warning: unable to resolve upstream peer flux-sample-0.flux-service.flux-operator.svc.cluster.local: Name or service not known
2023-05-18T13:17:30.671768753Z broker.info[3]: start: none->join 4.77844ms
2023-05-18T13:17:31.889325777Z broker.info[3]: parent-ready: join->init 1.21721s
2023-05-18T13:17:31.889733770Z 13:17:31.889459 socketpair(AF_UNIX, SOCK_STREAM|SOCK_CLOEXEC, 0, [22, 23]) = 0
2023-05-18T13:17:31.889986109Z 13:17:31.889615 socketpair(AF_UNIX, SOCK_STREAM, 0, [24, 25]) = 0
2023-05-18T13:17:31.890002766Z 13:17:31.889828 socketpair(AF_UNIX, SOCK_STREAM, 0, [26, 27]) = 0
2023-05-18T13:17:31.890271956Z 13:17:31.890024 socketpair(AF_UNIX, SOCK_STREAM, 0, [28, 29]) = 0
2023-05-18T13:17:31.915642345Z broker.info[3]: configuration updated
2023-05-18T13:17:32.047709203Z broker.info[3]: rc1.0: running /etc/flux/rc1.d/01-sched-fluxion
2023-05-18T13:17:32.062790307Z broker.info[3]: rc1.0: running /etc/flux/rc1.d/02-cron
2023-05-18T13:17:32.088222292Z broker.info[3]: rc1.0: /etc/flux/rc1 Exited (rc=0) 0.2s
2023-05-18T13:17:32.088871984Z broker.info[3]: rc1-success: init->quorum 0.199204s
2023-05-18T13:17:32.306098131Z broker.info[3]: quorum-full: quorum->run 0.216942s
2023-05-18T13:17:32.844886121Z 13:17:32.844511 socketpair(AF_UNIX, SOCK_STREAM|SOCK_CLOEXEC, 0, [22, 23]) = 0
2023-05-18T13:17:32.845552021Z 13:17:32.844896 socketpair(AF_UNIX, SOCK_STREAM, 0, [24, 25]) = 0
2023-05-18T13:17:32.845925894Z 13:17:32.845277 socketpair(AF_UNIX, SOCK_STREAM, 0, [26, 28]) = 0
2023-05-18T13:17:32.846159939Z 13:17:32.845702 socketpair(AF_UNIX, SOCK_STREAM, 0, [58, 59]) = 0
2023-05-18T13:17:43.781954834Z broker.info[3]: shutdown: run->cleanup 11.4755s
2023-05-18T13:17:43.783975324Z broker.info[3]: cleanup-none: cleanup->shutdown 1.15748ms
2023-05-18T13:17:43.785610109Z broker.info[3]: children-none: shutdown->finalize 0.977142ms
2023-05-18T13:17:43.786334239Z 13:17:43.786061 socketpair(AF_UNIX, SOCK_STREAM|SOCK_CLOEXEC, 0, [22, 23]) = 0
2023-05-18T13:17:43.786559881Z 13:17:43.786356 socketpair(AF_UNIX, SOCK_STREAM, 0, [24, 25]) = 0
2023-05-18T13:17:43.787042347Z 13:17:43.786817 socketpair(AF_UNIX, SOCK_STREAM, 0, [26, 28]) = 0
2023-05-18T13:17:43.787493025Z 13:17:43.787243 socketpair(AF_UNIX, SOCK_STREAM, 0, [58, 59]) = 0
2023-05-18T13:17:43.805881144Z broker.info[3]: rc3.0: running /etc/flux/rc3.d/01-sched-fluxion
2023-05-18T13:17:43.947928095Z broker.info[3]: rc3.0: /etc/flux/rc3 Exited (rc=0) 0.2s
2023-05-18T13:17:43.949334649Z broker.info[3]: rc3-success: finalize->goodbye 0.162988s
2023-05-18T13:17:43.951046458Z broker.info[3]: goodbye: goodbye->exit 1.0293ms
2023-05-18T13:17:43.959517711Z 13:17:43.959276 +++ exited with 0 +++
2023-05-18T13:17:43.961098097Z Return value for follower worker is 0
2023-05-18T13:17:43.961216301Z The follower worker exited cleanly. Goodbye!
