2023-05-18T08:34:04.015023725Z
2023-05-18T08:34:04.015796047Z Flux username: flux
2023-05-18T08:34:04.015808921Z
2023-05-18T08:34:04.015814373Z Flux install root: /usr
2023-05-18T08:34:04.059463744Z flux user is already added.
2023-05-18T08:34:04.062175496Z flux user identifiers:
2023-05-18T08:34:04.062205634Z uid=1234(flux) gid=1234(flux) groups=1234(flux)
2023-05-18T08:34:04.062331139Z
2023-05-18T08:34:04.062345895Z As Flux prefix for flux commands: sudo -u flux -E PYTHONPATH=/opt/conda/lib/python3.10/site-packages -E PATH=/opt/conda/bin:/usr/local/sbin:/usr/local/bin:/usr/sbin:/usr/bin:/sbin:/bin -E LD_LIBRARY_PATH=/opt/conda/lib -E HOME=/home/flux
2023-05-18T08:34:04.070104885Z
2023-05-18T08:34:04.070126383Z ðŸ‘‹ Hello, I'm flux-sample-3
2023-05-18T08:34:04.070134540Z The main host is flux-sample-0
2023-05-18T08:34:04.070275437Z The working directory is /home/flux/examples/reaxff/HNS, contents include:
2023-05-18T08:34:04.071847209Z /home/flux/examples/reaxff/HNS:
2023-05-18T08:34:04.071864360Z README.txt	ffield.reax.hns  log.8Mar18.reaxc.hns.g++.1
2023-05-18T08:34:04.071870346Z data.hns-equil	in.reaxc.hns	 log.8Mar18.reaxc.hns.g++.4
2023-05-18T08:34:04.072150075Z End of file listing, if you see nothing above there are no files.
2023-05-18T08:34:04.073960664Z flux R encode --hosts=flux-sample-[0-3]
2023-05-18T08:34:04.087320206Z
2023-05-18T08:34:04.087339618Z ðŸ“¦ Resources
2023-05-18T08:34:04.088767957Z {"version": 1, "execution": {"R_lite": [{"rank": "0-3", "children": {"core": "0"}}], "starttime": 0.0, "expiration": 0.0, "nodelist": ["flux-sample-[0-3]"]}}
2023-05-18T08:34:04.088974751Z
2023-05-18T08:34:04.088989750Z ðŸ¸ Diagnostics: false
2023-05-18T08:34:04.089148628Z ðŸš©ï¸ Flux Option Flags defined
2023-05-18T08:34:04.092569072Z
2023-05-18T08:34:04.092588027Z ðŸ¦Š Independent Minister of Privilege
2023-05-18T08:34:04.093758576Z [exec]
2023-05-18T08:34:04.093773619Z allowed-users = [ "flux", "root" ]
2023-05-18T08:34:04.093782046Z allowed-shells = [ "/usr/libexec/flux/flux-shell" ]
2023-05-18T08:34:04.093962430Z
2023-05-18T08:34:04.093974815Z ðŸ¸ Broker Configuration
2023-05-18T08:34:04.095154631Z # Flux needs to know the path to the IMP executable
2023-05-18T08:34:04.095170162Z [exec]
2023-05-18T08:34:04.095176075Z imp = "/usr/libexec/flux/flux-imp"
2023-05-18T08:34:04.095191798Z
2023-05-18T08:34:04.095197437Z [access]
2023-05-18T08:34:04.095202411Z allow-guest-user = true
2023-05-18T08:34:04.095206990Z allow-root-owner = true
2023-05-18T08:34:04.095211783Z
2023-05-18T08:34:04.095219100Z # Point to resource definition generated with flux-R(1).
2023-05-18T08:34:04.095225282Z [resource]
2023-05-18T08:34:04.095243633Z path = "/etc/flux/system/R"
2023-05-18T08:34:04.095250404Z
2023-05-18T08:34:04.095255025Z [bootstrap]
2023-05-18T08:34:04.095259594Z curve_cert = "/etc/curve/curve.cert"
2023-05-18T08:34:04.095264329Z default_port = 8050
2023-05-18T08:34:04.095271506Z default_bind = "tcp://eth0:%p"
2023-05-18T08:34:04.095278071Z default_connect = "tcp://%h.flux-service.flux-operator.svc.cluster.local:%p"
2023-05-18T08:34:04.095283378Z hosts = [
2023-05-18T08:34:04.095294095Z 	{ host="flux-sample-[0-3]"},
2023-05-18T08:34:04.095299654Z ]
2023-05-18T08:34:04.095304093Z
2023-05-18T08:34:04.095308788Z [archive]
2023-05-18T08:34:04.095313309Z dbpath = "/var/lib/flux/job-archive.sqlite"
2023-05-18T08:34:04.095320557Z period = "1m"
2023-05-18T08:34:04.174333097Z busytimeout = "50s"
2023-05-18T08:34:04.174359387Z ðŸ§Šï¸ State Directory:
2023-05-18T08:34:04.174365552Z total 0
2023-05-18T08:34:04.174372863Z
2023-05-18T08:34:04.177067301Z
2023-05-18T08:34:04.177090864Z ðŸ”’ï¸ Working directory permissions:
2023-05-18T08:34:04.177096899Z total 96
2023-05-18T08:34:04.177103079Z -rwxrwxrwx 1 flux root  2517 May 17 22:32 README.txt
2023-05-18T08:34:04.177127686Z -rwxrwxrwx 1 flux root 54692 May 17 22:32 data.hns-equil
2023-05-18T08:34:04.177133486Z -rwxrwxrwx 1 flux root 13576 May 17 22:32 ffield.reax.hns
2023-05-18T08:34:04.177140919Z -rwxrwxrwx 1 flux root   870 May 17 22:32 in.reaxc.hns
2023-05-18T08:34:04.177148766Z -rwxrwxrwx 1 flux root  4172 May 17 22:32 log.8Mar18.reaxc.hns.g++.1
2023-05-18T08:34:04.177154086Z -rwxrwxrwx 1 flux root  4168 May 17 22:32 log.8Mar18.reaxc.hns.g++.4
2023-05-18T08:34:04.177158845Z
2023-05-18T08:34:04.177163195Z
2023-05-18T08:34:04.177167968Z âœ¨ Curve certificate generated by helper pod
2023-05-18T08:34:04.178775107Z #   ****  Generated on 2023-04-26 22:54:42 by CZMQ  ****
2023-05-18T08:34:04.178792033Z #   ZeroMQ CURVE **Secret** Certificate
2023-05-18T08:34:04.178798493Z #   DO NOT PROVIDE THIS FILE TO OTHER USERS nor change its permissions.
2023-05-18T08:34:04.178803582Z
2023-05-18T08:34:04.178831337Z metadata
2023-05-18T08:34:04.178839360Z     name = "flux-cert-generator"
2023-05-18T08:34:04.178844880Z     keygen.hostname = "flux-sample-0"
2023-05-18T08:34:04.178849553Z curve
2023-05-18T08:34:04.178854627Z     public-key = "dfTf%::bi01Gf4p3uE0&n2edq(2oZl@cxa!cmqx8"
2023-05-18T08:34:04.178861732Z     secret-key = "?@=wFXtAexs}]:J29e2{YeoAGF>y##]@mc6*gyDD"
2023-05-18T08:34:04.181055742Z
2023-05-18T08:34:04.181075198Z ðŸŒ€  flux start --wrap=strace,-e,network,-tt -o --config /etc/flux/config -Scron.directory=/etc/flux/system/cron.d   -Stbon.fanout=256   -Srundir=/run/flux    -Sstatedir=/var/lib/flux   -Slocal-uri=local:///run/flux/local -Stbon.connect_timeout=9s  -Stbon.zmqdebug=1  -Slog-stderr-level=6    -Slog-stderr-mode=local
2023-05-18T08:34:04.220782338Z 08:34:04.220462 socket(AF_NETLINK, SOCK_RAW, NETLINK_ROUTE) = 8
2023-05-18T08:34:04.221124954Z 08:34:04.220844 bind(8, {sa_family=AF_NETLINK, nl_pid=0, nl_groups=00000000}, 12) = 0
2023-05-18T08:34:04.221700122Z 08:34:04.221089 getsockname(8, {sa_family=AF_NETLINK, nl_pid=70, nl_groups=00000000}, [12]) = 0
2023-05-18T08:34:04.221741239Z 08:34:04.221340 sendto(8, {{len=20, type=RTM_GETADDR, flags=NLM_F_REQUEST|NLM_F_DUMP, seq=1684398844, pid=0}, {ifa_family=AF_UNSPEC, ...}}, 20, 0, {sa_family=AF_NETLINK, nl_pid=0, nl_groups=00000000}, 12) = 20
2023-05-18T08:34:04.222269853Z 08:34:04.221719 recvmsg(8, {msg_name={sa_family=AF_NETLINK, nl_pid=0, nl_groups=00000000}, msg_namelen=12, msg_iov=[{iov_base=[{{len=76, type=RTM_NEWADDR, flags=NLM_F_MULTI, seq=1684398844, pid=70}, {ifa_family=AF_INET, ifa_prefixlen=8, ifa_flags=IFA_F_PERMANENT, ifa_scope=RT_SCOPE_HOST, ifa_index=if_nametoindex("lo")}, [{{nla_len=8, nla_type=IFA_ADDRESS}, 127.0.0.1}, {{nla_len=8, nla_type=IFA_LOCAL}, 127.0.0.1}, {{nla_len=7, nla_type=IFA_LABEL}, "lo"}, {{nla_len=8, nla_type=IFA_FLAGS}, IFA_F_PERMANENT}, {{nla_len=20, nla_type=IFA_CACHEINFO}, {ifa_prefered=4294967295, ifa_valid=4294967295, cstamp=458929, tstamp=458929}}]}, {{len=88, type=RTM_NEWADDR, flags=NLM_F_MULTI, seq=1684398844, pid=70}, {ifa_family=AF_INET, ifa_prefixlen=24, ifa_flags=IFA_F_PERMANENT, ifa_scope=RT_SCOPE_UNIVERSE, ifa_index=if_nametoindex("eth0")}, [{{nla_len=8, nla_type=IFA_ADDRESS}, 10.24.0.189}, {{nla_len=8, nla_type=IFA_LOCAL}, 10.24.0.189}, {{nla_len=8, nla_type=IFA_BROADCAST}, 10.24.0.255}, {{nla_len=9, nla_type=IFA_LABEL}, "eth0"}, {{nla_len=8, nla_type=IFA_FLAGS}, IFA_F_PERMANENT}, {{nla_len=20, nla_type=IFA_CACHEINFO}, {ifa_prefered=4294967295, ifa_valid=4294967295, cstamp=458933, tstamp=458933}}]}], iov_len=4096}], msg_iovlen=1, msg_controllen=0, msg_flags=0}, 0) = 164
2023-05-18T08:34:04.222882043Z 08:34:04.222226 recvmsg(8, {msg_name={sa_family=AF_NETLINK, nl_pid=0, nl_groups=00000000}, msg_namelen=12, msg_iov=[{iov_base={{len=20, type=NLMSG_DONE, flags=NLM_F_MULTI, seq=1684398844, pid=70}, 0}, iov_len=4096}], msg_iovlen=1, msg_controllen=0, msg_flags=0}, 0) = 20
2023-05-18T08:34:04.223265300Z 08:34:04.222986 socket(AF_UNIX, SOCK_STREAM|SOCK_CLOEXEC|SOCK_NONBLOCK, 0) = 8
2023-05-18T08:34:04.223556128Z 08:34:04.223311 connect(8, {sa_family=AF_UNIX, sun_path="/var/run/nscd/socket"}, 110) = -1 ENOENT (No such file or directory)
2023-05-18T08:34:04.223886282Z 08:34:04.223639 socket(AF_UNIX, SOCK_STREAM|SOCK_CLOEXEC|SOCK_NONBLOCK, 0) = 8
2023-05-18T08:34:04.224028496Z 08:34:04.223827 connect(8, {sa_family=AF_UNIX, sun_path="/var/run/nscd/socket"}, 110) = -1 ENOENT (No such file or directory)
2023-05-18T08:34:04.225554884Z 08:34:04.225320 socket(AF_INET, SOCK_DGRAM|SOCK_CLOEXEC|SOCK_NONBLOCK, IPPROTO_IP) = 8
2023-05-18T08:34:04.225839188Z 08:34:04.225606 connect(8, {sa_family=AF_INET, sin_port=htons(53), sin_addr=inet_addr("169.254.169.254")}, 16) = 0
2023-05-18T08:34:04.226311687Z 08:34:04.225939 sendto(8, "\237\\\1\0\0\1\0\0\0\0\0\0\rflux-sample-0\fflux-"..., 76, MSG_NOSIGNAL, NULL, 0) = 76
2023-05-18T08:34:04.229302150Z 08:34:04.228976 recvfrom(8, "\237\\\201\200\0\1\0\1\0\0\0\0\rflux-sample-0\fflux-"..., 1024, 0, {sa_family=AF_INET, sin_port=htons(53), sin_addr=inet_addr("169.254.169.254")}, [28->16]) = 92
2023-05-18T08:34:04.233604564Z broker.info[3]: start: none->join 1.67339ms
2023-05-18T08:34:13.421548860Z broker.info[3]: parent-ready: join->init 9.18741s
2023-05-18T08:34:13.421743620Z 08:34:13.421266 socketpair(AF_UNIX, SOCK_STREAM|SOCK_CLOEXEC, 0, [22, 23]) = 0
2023-05-18T08:34:13.421791855Z 08:34:13.421399 socketpair(AF_UNIX, SOCK_STREAM, 0, [24, 25]) = 0
2023-05-18T08:34:13.421846731Z 08:34:13.421593 socketpair(AF_UNIX, SOCK_STREAM, 0, [26, 27]) = 0
2023-05-18T08:34:13.421928353Z 08:34:13.421784 socketpair(AF_UNIX, SOCK_STREAM, 0, [28, 29]) = 0
2023-05-18T08:34:13.446691442Z broker.info[3]: configuration updated
2023-05-18T08:34:13.578303483Z broker.info[3]: rc1.0: running /etc/flux/rc1.d/01-sched-fluxion
2023-05-18T08:34:13.590595813Z broker.info[3]: rc1.0: running /etc/flux/rc1.d/02-cron
2023-05-18T08:34:13.613338814Z broker.info[3]: rc1.0: /etc/flux/rc1 Exited (rc=0) 0.2s
2023-05-18T08:34:13.614316962Z broker.info[3]: rc1-success: init->quorum 0.192849s
2023-05-18T08:34:13.831260053Z broker.info[3]: quorum-full: quorum->run 0.216369s
2023-05-18T08:34:14.411946271Z 08:34:14.411611 socketpair(AF_UNIX, SOCK_STREAM|SOCK_CLOEXEC, 0, [22, 23]) = 0
2023-05-18T08:34:14.412565713Z 08:34:14.411786 socketpair(AF_UNIX, SOCK_STREAM, 0, [24, 25]) = 0
2023-05-18T08:34:14.412787822Z 08:34:14.411994 socketpair(AF_UNIX, SOCK_STREAM, 0, [26, 28]) = 0
2023-05-18T08:34:14.412958836Z 08:34:14.412170 socketpair(AF_UNIX, SOCK_STREAM, 0, [58, 59]) = 0
2023-05-18T08:34:24.612007187Z broker.info[3]: shutdown: run->cleanup 10.7806s
2023-05-18T08:34:24.613741578Z broker.info[3]: cleanup-none: cleanup->shutdown 1.06021ms
2023-05-18T08:34:24.615214296Z broker.info[3]: children-none: shutdown->finalize 0.907784ms
2023-05-18T08:34:24.615840622Z 08:34:24.615518 socketpair(AF_UNIX, SOCK_STREAM|SOCK_CLOEXEC, 0, [22, 23]) = 0
2023-05-18T08:34:24.616212610Z 08:34:24.615940 socketpair(AF_UNIX, SOCK_STREAM, 0, [24, 25]) = 0
2023-05-18T08:34:24.616777173Z 08:34:24.616477 socketpair(AF_UNIX, SOCK_STREAM, 0, [26, 28]) = 0
2023-05-18T08:34:24.617325771Z 08:34:24.617045 socketpair(AF_UNIX, SOCK_STREAM, 0, [58, 59]) = 0
2023-05-18T08:34:24.639972768Z broker.info[3]: rc3.0: running /etc/flux/rc3.d/01-sched-fluxion
2023-05-18T08:34:24.788180511Z broker.info[3]: rc3.0: /etc/flux/rc3 Exited (rc=0) 0.2s
2023-05-18T08:34:24.788633375Z broker.info[3]: rc3-success: finalize->goodbye 0.172965s
2023-05-18T08:34:24.789578806Z broker.info[3]: goodbye: goodbye->exit 0.70552ms
2023-05-18T08:34:24.795151133Z 08:34:24.794998 +++ exited with 0 +++
2023-05-18T08:34:24.796577054Z Return value for follower worker is 0
2023-05-18T08:34:24.796601377Z The follower worker exited cleanly. Goodbye!
