2023-05-18T08:07:20.924871182Z
2023-05-18T08:07:20.924920112Z Flux username: flux
2023-05-18T08:07:20.924926772Z
2023-05-18T08:07:20.924931876Z Flux install root: /usr
2023-05-18T08:07:20.967781002Z flux user is already added.
2023-05-18T08:07:20.971424979Z flux user identifiers:
2023-05-18T08:07:20.971448782Z uid=1234(flux) gid=1234(flux) groups=1234(flux)
2023-05-18T08:07:20.971456353Z
2023-05-18T08:07:20.971463558Z As Flux prefix for flux commands: sudo -u flux -E PYTHONPATH=/opt/conda/lib/python3.10/site-packages -E PATH=/opt/conda/bin:/usr/local/sbin:/usr/local/bin:/usr/sbin:/usr/bin:/sbin:/bin -E LD_LIBRARY_PATH=/opt/conda/lib -E HOME=/home/flux
2023-05-18T08:07:20.978682610Z
2023-05-18T08:07:20.978708840Z 👋 Hello, I'm flux-sample-3
2023-05-18T08:07:20.978846329Z The main host is flux-sample-0
2023-05-18T08:07:20.978857930Z The working directory is /home/flux/examples/reaxff/HNS, contents include:
2023-05-18T08:07:20.980447178Z /home/flux/examples/reaxff/HNS:
2023-05-18T08:07:20.980550719Z README.txt	ffield.reax.hns  log.8Mar18.reaxc.hns.g++.1
2023-05-18T08:07:20.980560769Z data.hns-equil	in.reaxc.hns	 log.8Mar18.reaxc.hns.g++.4
2023-05-18T08:07:20.980749183Z End of file listing, if you see nothing above there are no files.
2023-05-18T08:07:20.982649640Z flux R encode --hosts=flux-sample-[0-3]
2023-05-18T08:07:20.996315844Z
2023-05-18T08:07:20.996338179Z 📦 Resources
2023-05-18T08:07:20.997686410Z {"version": 1, "execution": {"R_lite": [{"rank": "0-3", "children": {"core": "0"}}], "starttime": 0.0, "expiration": 0.0, "nodelist": ["flux-sample-[0-3]"]}}
2023-05-18T08:07:20.997958145Z
2023-05-18T08:07:20.997974389Z 🐸 Diagnostics: false
2023-05-18T08:07:20.998248480Z 🚩️ Flux Option Flags defined
2023-05-18T08:07:21.002577728Z
2023-05-18T08:07:21.002597708Z 🦊 Independent Minister of Privilege
2023-05-18T08:07:21.003867285Z [exec]
2023-05-18T08:07:21.003884706Z allowed-users = [ "flux", "root" ]
2023-05-18T08:07:21.003893500Z allowed-shells = [ "/usr/libexec/flux/flux-shell" ]
2023-05-18T08:07:21.004148340Z
2023-05-18T08:07:21.004163874Z 🐸 Broker Configuration
2023-05-18T08:07:21.005452748Z # Flux needs to know the path to the IMP executable
2023-05-18T08:07:21.005469429Z [exec]
2023-05-18T08:07:21.005475395Z imp = "/usr/libexec/flux/flux-imp"
2023-05-18T08:07:21.005482184Z
2023-05-18T08:07:21.005487964Z [access]
2023-05-18T08:07:21.005493460Z allow-guest-user = true
2023-05-18T08:07:21.005498398Z allow-root-owner = true
2023-05-18T08:07:21.005502888Z
2023-05-18T08:07:21.005507482Z # Point to resource definition generated with flux-R(1).
2023-05-18T08:07:21.005512390Z [resource]
2023-05-18T08:07:21.005517947Z path = "/etc/flux/system/R"
2023-05-18T08:07:21.005524719Z
2023-05-18T08:07:21.005531219Z [bootstrap]
2023-05-18T08:07:21.005536685Z curve_cert = "/etc/curve/curve.cert"
2023-05-18T08:07:21.005541904Z default_port = 8050
2023-05-18T08:07:21.005546526Z default_bind = "tcp://eth0:%p"
2023-05-18T08:07:21.005551719Z default_connect = "tcp://%h.flux-service.flux-operator.svc.cluster.local:%p"
2023-05-18T08:07:21.005556530Z hosts = [
2023-05-18T08:07:21.005561271Z 	{ host="flux-sample-[0-3]"},
2023-05-18T08:07:21.005568423Z ]
2023-05-18T08:07:21.005574452Z
2023-05-18T08:07:21.005579327Z [archive]
2023-05-18T08:07:21.005584200Z dbpath = "/var/lib/flux/job-archive.sqlite"
2023-05-18T08:07:21.005589120Z period = "1m"
2023-05-18T08:07:21.085359428Z busytimeout = "50s"
2023-05-18T08:07:21.085385706Z 🧊️ State Directory:
2023-05-18T08:07:21.085391710Z total 0
2023-05-18T08:07:21.085397331Z
2023-05-18T08:07:21.088992001Z
2023-05-18T08:07:21.089014875Z 🔒️ Working directory permissions:
2023-05-18T08:07:21.089022167Z total 96
2023-05-18T08:07:21.089028332Z -rwxrwxrwx 1 flux root  2517 May 17 22:32 README.txt
2023-05-18T08:07:21.089033356Z -rwxrwxrwx 1 flux root 54692 May 17 22:32 data.hns-equil
2023-05-18T08:07:21.089038104Z -rwxrwxrwx 1 flux root 13576 May 17 22:32 ffield.reax.hns
2023-05-18T08:07:21.089042783Z -rwxrwxrwx 1 flux root   870 May 17 22:32 in.reaxc.hns
2023-05-18T08:07:21.089048084Z -rwxrwxrwx 1 flux root  4172 May 17 22:32 log.8Mar18.reaxc.hns.g++.1
2023-05-18T08:07:21.089052803Z -rwxrwxrwx 1 flux root  4168 May 17 22:32 log.8Mar18.reaxc.hns.g++.4
2023-05-18T08:07:21.089059332Z
2023-05-18T08:07:21.089064523Z
2023-05-18T08:07:21.089069852Z ✨ Curve certificate generated by helper pod
2023-05-18T08:07:21.090570408Z #   ****  Generated on 2023-04-26 22:54:42 by CZMQ  ****
2023-05-18T08:07:21.090588251Z #   ZeroMQ CURVE **Secret** Certificate
2023-05-18T08:07:21.090594377Z #   DO NOT PROVIDE THIS FILE TO OTHER USERS nor change its permissions.
2023-05-18T08:07:21.090599519Z
2023-05-18T08:07:21.090604486Z metadata
2023-05-18T08:07:21.090609963Z     name = "flux-cert-generator"
2023-05-18T08:07:21.090617235Z     keygen.hostname = "flux-sample-0"
2023-05-18T08:07:21.090623842Z curve
2023-05-18T08:07:21.090629640Z     public-key = "7oEq{<y=DpL2pYRKN}4VF/20&L-2WJVhyyS^AJ:*"
2023-05-18T08:07:21.090634555Z     secret-key = "[{4=OitgZLQztj.>qUEcj$>jKy/sALkD[^+vC44a"
2023-05-18T08:07:21.094701235Z
2023-05-18T08:07:21.094861847Z 🌀  flux start --wrap=strace,-e,network,-tt -o --config /etc/flux/config -Scron.directory=/etc/flux/system/cron.d   -Stbon.fanout=256   -Srundir=/run/flux    -Sstatedir=/var/lib/flux   -Slocal-uri=local:///run/flux/local -Stbon.connect_timeout=6s  -Stbon.zmqdebug=1  -Slog-stderr-level=6    -Slog-stderr-mode=local
2023-05-18T08:07:21.141391548Z 08:07:21.140886 socket(AF_NETLINK, SOCK_RAW, NETLINK_ROUTE) = 8
2023-05-18T08:07:21.141724538Z 08:07:21.141486 bind(8, {sa_family=AF_NETLINK, nl_pid=0, nl_groups=00000000}, 12) = 0
2023-05-18T08:07:21.141859535Z 08:07:21.141597 getsockname(8, {sa_family=AF_NETLINK, nl_pid=71, nl_groups=00000000}, [12]) = 0
2023-05-18T08:07:21.142167539Z 08:07:21.141744 sendto(8, {{len=20, type=RTM_GETADDR, flags=NLM_F_REQUEST|NLM_F_DUMP, seq=1684397241, pid=0}, {ifa_family=AF_UNSPEC, ...}}, 20, 0, {sa_family=AF_NETLINK, nl_pid=0, nl_groups=00000000}, 12) = 20
2023-05-18T08:07:21.142488777Z 08:07:21.142049 recvmsg(8, {msg_name={sa_family=AF_NETLINK, nl_pid=0, nl_groups=00000000}, msg_namelen=12, msg_iov=[{iov_base=[{{len=76, type=RTM_NEWADDR, flags=NLM_F_MULTI, seq=1684397241, pid=71}, {ifa_family=AF_INET, ifa_prefixlen=8, ifa_flags=IFA_F_PERMANENT, ifa_scope=RT_SCOPE_HOST, ifa_index=if_nametoindex("lo")}, [{{nla_len=8, nla_type=IFA_ADDRESS}, 127.0.0.1}, {{nla_len=8, nla_type=IFA_LOCAL}, 127.0.0.1}, {{nla_len=7, nla_type=IFA_LABEL}, "lo"}, {{nla_len=8, nla_type=IFA_FLAGS}, IFA_F_PERMANENT}, {{nla_len=20, nla_type=IFA_CACHEINFO}, {ifa_prefered=4294967295, ifa_valid=4294967295, cstamp=298622, tstamp=298622}}]}, {{len=88, type=RTM_NEWADDR, flags=NLM_F_MULTI, seq=1684397241, pid=71}, {ifa_family=AF_INET, ifa_prefixlen=24, ifa_flags=IFA_F_PERMANENT, ifa_scope=RT_SCOPE_UNIVERSE, ifa_index=if_nametoindex("eth0")}, [{{nla_len=8, nla_type=IFA_ADDRESS}, 10.24.0.124}, {{nla_len=8, nla_type=IFA_LOCAL}, 10.24.0.124}, {{nla_len=8, nla_type=IFA_BROADCAST}, 10.24.0.255}, {{nla_len=9, nla_type=IFA_LABEL}, "eth0"}, {{nla_len=8, nla_type=IFA_FLAGS}, IFA_F_PERMANENT}, {{nla_len=20, nla_type=IFA_CACHEINFO}, {ifa_prefered=4294967295, ifa_valid=4294967295, cstamp=298626, tstamp=298626}}]}], iov_len=4096}], msg_iovlen=1, msg_controllen=0, msg_flags=0}, 0) = 164
2023-05-18T08:07:21.142621726Z 08:07:21.142445 recvmsg(8, {msg_name={sa_family=AF_NETLINK, nl_pid=0, nl_groups=00000000}, msg_namelen=12, msg_iov=[{iov_base={{len=20, type=NLMSG_DONE, flags=NLM_F_MULTI, seq=1684397241, pid=71}, 0}, iov_len=4096}], msg_iovlen=1, msg_controllen=0, msg_flags=0}, 0) = 20
2023-05-18T08:07:21.143243734Z 08:07:21.143090 socket(AF_UNIX, SOCK_STREAM|SOCK_CLOEXEC|SOCK_NONBLOCK, 0) = 8
2023-05-18T08:07:21.143351719Z 08:07:21.143201 connect(8, {sa_family=AF_UNIX, sun_path="/var/run/nscd/socket"}, 110) = -1 ENOENT (No such file or directory)
2023-05-18T08:07:21.143517327Z 08:07:21.143378 socket(AF_UNIX, SOCK_STREAM|SOCK_CLOEXEC|SOCK_NONBLOCK, 0) = 8
2023-05-18T08:07:21.143628783Z 08:07:21.143477 connect(8, {sa_family=AF_UNIX, sun_path="/var/run/nscd/socket"}, 110) = -1 ENOENT (No such file or directory)
2023-05-18T08:07:21.145283347Z 08:07:21.145001 socket(AF_INET, SOCK_DGRAM|SOCK_CLOEXEC|SOCK_NONBLOCK, IPPROTO_IP) = 8
2023-05-18T08:07:21.145403768Z 08:07:21.145099 connect(8, {sa_family=AF_INET, sin_port=htons(53), sin_addr=inet_addr("169.254.169.254")}, 16) = 0
2023-05-18T08:07:21.145690347Z 08:07:21.145291 sendto(8, "\363\332\1\0\0\1\0\0\0\0\0\0\rflux-sample-0\fflux-"..., 76, MSG_NOSIGNAL, NULL, 0) = 76
2023-05-18T08:07:21.148774737Z 08:07:21.148560 recvfrom(8, "\363\332\201\200\0\1\0\1\0\0\0\0\rflux-sample-0\fflux-"..., 1024, 0, {sa_family=AF_INET, sin_port=htons(53), sin_addr=inet_addr("169.254.169.254")}, [28->16]) = 92
2023-05-18T08:07:21.153708746Z broker.info[3]: start: none->join 1.78529ms
2023-05-18T08:07:27.342642348Z broker.info[3]: parent-ready: join->init 6.18857s
2023-05-18T08:07:27.343176118Z 08:07:27.342553 socketpair(AF_UNIX, SOCK_STREAM|SOCK_CLOEXEC, 0, [22, 23]) = 0
2023-05-18T08:07:27.343478710Z 08:07:27.342791 socketpair(AF_UNIX, SOCK_STREAM, 0, [24, 25]) = 0
2023-05-18T08:07:27.343705657Z 08:07:27.342970 socketpair(AF_UNIX, SOCK_STREAM, 0, [26, 27]) = 0
2023-05-18T08:07:27.343884872Z 08:07:27.343272 socketpair(AF_UNIX, SOCK_STREAM, 0, [28, 29]) = 0
2023-05-18T08:07:27.368748821Z broker.info[3]: configuration updated
2023-05-18T08:07:27.497838568Z broker.info[3]: rc1.0: running /etc/flux/rc1.d/01-sched-fluxion
2023-05-18T08:07:27.510086544Z broker.info[3]: rc1.0: running /etc/flux/rc1.d/02-cron
2023-05-18T08:07:27.534035981Z broker.info[3]: rc1.0: /etc/flux/rc1 Exited (rc=0) 0.2s
2023-05-18T08:07:27.534983411Z broker.info[3]: rc1-success: init->quorum 0.192259s
2023-05-18T08:07:29.266514122Z broker.info[3]: quorum-full: quorum->run 1.73086s
2023-05-18T08:07:29.879319294Z 08:07:29.878924 socketpair(AF_UNIX, SOCK_STREAM|SOCK_CLOEXEC, 0, [22, 23]) = 0
2023-05-18T08:07:29.879653694Z 08:07:29.879092 socketpair(AF_UNIX, SOCK_STREAM, 0, [24, 25]) = 0
2023-05-18T08:07:29.879702073Z 08:07:29.879304 socketpair(AF_UNIX, SOCK_STREAM, 0, [26, 28]) = 0
2023-05-18T08:07:29.879716353Z 08:07:29.879492 socketpair(AF_UNIX, SOCK_STREAM, 0, [58, 59]) = 0
2023-05-18T08:07:40.063404539Z broker.info[3]: shutdown: run->cleanup 10.7955s
2023-05-18T08:07:40.064695472Z broker.info[3]: cleanup-none: cleanup->shutdown 1.66752ms
2023-05-18T08:07:40.065986910Z broker.info[3]: children-none: shutdown->finalize 1.39875ms
2023-05-18T08:07:40.067197912Z 08:07:40.065955 socketpair(AF_UNIX, SOCK_STREAM|SOCK_CLOEXEC, 0, [22, 23]) = 0
2023-05-18T08:07:40.068011786Z 08:07:40.066122 socketpair(AF_UNIX, SOCK_STREAM, 0, [24, 25]) = 0
2023-05-18T08:07:40.068214192Z 08:07:40.066395 socketpair(AF_UNIX, SOCK_STREAM, 0, [26, 28]) = 0
2023-05-18T08:07:40.068388599Z 08:07:40.066650 socketpair(AF_UNIX, SOCK_STREAM, 0, [58, 59]) = 0
2023-05-18T08:07:40.093152738Z broker.info[3]: rc3.0: running /etc/flux/rc3.d/01-sched-fluxion
2023-05-18T08:07:40.217471250Z broker.info[3]: rc3.0: /etc/flux/rc3 Exited (rc=0) 0.1s
2023-05-18T08:07:40.218617166Z broker.info[3]: rc3-success: finalize->goodbye 0.152475s
2023-05-18T08:07:40.220124437Z broker.info[3]: goodbye: goodbye->exit 0.939351ms
2023-05-18T08:07:40.228314004Z 08:07:40.228097 +++ exited with 0 +++
2023-05-18T08:07:40.229908098Z Return value for follower worker is 0
2023-05-18T08:07:40.229933598Z The follower worker exited cleanly. Goodbye!
