2023-05-18T08:20:28.988859184Z
2023-05-18T08:20:28.989618982Z Flux username: flux
2023-05-18T08:20:28.989641599Z
2023-05-18T08:20:28.989649653Z Flux install root: /usr
2023-05-18T08:20:29.033955534Z flux user is already added.
2023-05-18T08:20:29.037027652Z flux user identifiers:
2023-05-18T08:20:29.037065073Z uid=1234(flux) gid=1234(flux) groups=1234(flux)
2023-05-18T08:20:29.037071253Z
2023-05-18T08:20:29.037077089Z As Flux prefix for flux commands: sudo -u flux -E PYTHONPATH=/opt/conda/lib/python3.10/site-packages -E PATH=/opt/conda/bin:/usr/local/sbin:/usr/local/bin:/usr/sbin:/usr/bin:/sbin:/bin -E LD_LIBRARY_PATH=/opt/conda/lib -E HOME=/home/flux
2023-05-18T08:20:29.058912059Z
2023-05-18T08:20:29.058943542Z ðŸ‘‹ Hello, I'm flux-sample-2
2023-05-18T08:20:29.058950443Z The main host is flux-sample-0
2023-05-18T08:20:29.058956427Z The working directory is /home/flux/examples/reaxff/HNS, contents include:
2023-05-18T08:20:29.058961047Z /home/flux/examples/reaxff/HNS:
2023-05-18T08:20:29.058965992Z README.txt	ffield.reax.hns  log.8Mar18.reaxc.hns.g++.1
2023-05-18T08:20:29.058970880Z data.hns-equil	in.reaxc.hns	 log.8Mar18.reaxc.hns.g++.4
2023-05-18T08:20:29.058976010Z End of file listing, if you see nothing above there are no files.
2023-05-18T08:20:29.061126122Z flux R encode --hosts=flux-sample-[0-3]
2023-05-18T08:20:29.076823582Z
2023-05-18T08:20:29.076867550Z ðŸ“¦ Resources
2023-05-18T08:20:29.078277825Z {"version": 1, "execution": {"R_lite": [{"rank": "0-3", "children": {"core": "0"}}], "starttime": 0.0, "expiration": 0.0, "nodelist": ["flux-sample-[0-3]"]}}
2023-05-18T08:20:29.078460540Z
2023-05-18T08:20:29.078475120Z ðŸ¸ Diagnostics: false
2023-05-18T08:20:29.078648527Z ðŸš©ï¸ Flux Option Flags defined
2023-05-18T08:20:29.082440337Z
2023-05-18T08:20:29.082464049Z ðŸ¦Š Independent Minister of Privilege
2023-05-18T08:20:29.083841884Z [exec]
2023-05-18T08:20:29.083862611Z allowed-users = [ "flux", "root" ]
2023-05-18T08:20:29.083871499Z allowed-shells = [ "/usr/libexec/flux/flux-shell" ]
2023-05-18T08:20:29.084061919Z
2023-05-18T08:20:29.084076171Z ðŸ¸ Broker Configuration
2023-05-18T08:20:29.085544154Z # Flux needs to know the path to the IMP executable
2023-05-18T08:20:29.085561199Z [exec]
2023-05-18T08:20:29.085567726Z imp = "/usr/libexec/flux/flux-imp"
2023-05-18T08:20:29.085572292Z
2023-05-18T08:20:29.085576876Z [access]
2023-05-18T08:20:29.085583593Z allow-guest-user = true
2023-05-18T08:20:29.085588603Z allow-root-owner = true
2023-05-18T08:20:29.085592897Z
2023-05-18T08:20:29.085597663Z # Point to resource definition generated with flux-R(1).
2023-05-18T08:20:29.085629032Z [resource]
2023-05-18T08:20:29.085637412Z path = "/etc/flux/system/R"
2023-05-18T08:20:29.085641757Z
2023-05-18T08:20:29.085646782Z [bootstrap]
2023-05-18T08:20:29.085653778Z curve_cert = "/etc/curve/curve.cert"
2023-05-18T08:20:29.085659784Z default_port = 8050
2023-05-18T08:20:29.085664874Z default_bind = "tcp://eth0:%p"
2023-05-18T08:20:29.085672502Z default_connect = "tcp://%h.flux-service.flux-operator.svc.cluster.local:%p"
2023-05-18T08:20:29.085677055Z hosts = [
2023-05-18T08:20:29.085682302Z 	{ host="flux-sample-[0-3]"},
2023-05-18T08:20:29.085687380Z ]
2023-05-18T08:20:29.085715097Z
2023-05-18T08:20:29.085721133Z [archive]
2023-05-18T08:20:29.085727099Z dbpath = "/var/lib/flux/job-archive.sqlite"
2023-05-18T08:20:29.085731618Z period = "1m"
2023-05-18T08:20:29.166946800Z busytimeout = "50s"
2023-05-18T08:20:29.166972615Z ðŸ§Šï¸ State Directory:
2023-05-18T08:20:29.166978860Z total 0
2023-05-18T08:20:29.167117159Z
2023-05-18T08:20:29.171444949Z
2023-05-18T08:20:29.171472051Z ðŸ”’ï¸ Working directory permissions:
2023-05-18T08:20:29.171505480Z total 96
2023-05-18T08:20:29.171515031Z -rwxrwxrwx 1 flux root  2517 May 17 22:32 README.txt
2023-05-18T08:20:29.171520650Z -rwxrwxrwx 1 flux root 54692 May 17 22:32 data.hns-equil
2023-05-18T08:20:29.171525685Z -rwxrwxrwx 1 flux root 13576 May 17 22:32 ffield.reax.hns
2023-05-18T08:20:29.171530606Z -rwxrwxrwx 1 flux root   870 May 17 22:32 in.reaxc.hns
2023-05-18T08:20:29.171536483Z -rwxrwxrwx 1 flux root  4172 May 17 22:32 log.8Mar18.reaxc.hns.g++.1
2023-05-18T08:20:29.171541327Z -rwxrwxrwx 1 flux root  4168 May 17 22:32 log.8Mar18.reaxc.hns.g++.4
2023-05-18T08:20:29.171545986Z
2023-05-18T08:20:29.171552825Z
2023-05-18T08:20:29.171559879Z âœ¨ Curve certificate generated by helper pod
2023-05-18T08:20:29.173038615Z #   ****  Generated on 2023-04-26 22:54:42 by CZMQ  ****
2023-05-18T08:20:29.173060244Z #   ZeroMQ CURVE **Secret** Certificate
2023-05-18T08:20:29.173070770Z #   DO NOT PROVIDE THIS FILE TO OTHER USERS nor change its permissions.
2023-05-18T08:20:29.173095949Z
2023-05-18T08:20:29.173102282Z metadata
2023-05-18T08:20:29.173107823Z     name = "flux-cert-generator"
2023-05-18T08:20:29.173112757Z     keygen.hostname = "flux-sample-0"
2023-05-18T08:20:29.173119941Z curve
2023-05-18T08:20:29.173194062Z     public-key = "PxKG/46#=+.G#fsLt#renSo+odk9Ux:We1ShHT)o"
2023-05-18T08:20:29.173199417Z     secret-key = "g5I}&pQ/b9t=m=6mi-3$RxY}N/>[hho}:Q+?5GX."
2023-05-18T08:20:29.175347350Z
2023-05-18T08:20:29.175371739Z ðŸŒ€  flux start --wrap=strace,-e,network,-tt -o --config /etc/flux/config -Scron.directory=/etc/flux/system/cron.d   -Stbon.fanout=256   -Srundir=/run/flux    -Sstatedir=/var/lib/flux   -Slocal-uri=local:///run/flux/local -Stbon.connect_timeout=7s  -Stbon.zmqdebug=1  -Slog-stderr-level=6    -Slog-stderr-mode=local
2023-05-18T08:20:29.221297490Z 08:20:29.221018 socket(AF_NETLINK, SOCK_RAW, NETLINK_ROUTE) = 8
2023-05-18T08:20:29.221587655Z 08:20:29.221270 bind(8, {sa_family=AF_NETLINK, nl_pid=0, nl_groups=00000000}, 12) = 0
2023-05-18T08:20:29.221877672Z 08:20:29.221629 getsockname(8, {sa_family=AF_NETLINK, nl_pid=70, nl_groups=00000000}, [12]) = 0
2023-05-18T08:20:29.222290160Z 08:20:29.221912 sendto(8, {{len=20, type=RTM_GETADDR, flags=NLM_F_REQUEST|NLM_F_DUMP, seq=1684398029, pid=0}, {ifa_family=AF_UNSPEC, ...}}, 20, 0, {sa_family=AF_NETLINK, nl_pid=0, nl_groups=00000000}, 12) = 20
2023-05-18T08:20:29.222705596Z 08:20:29.222159 recvmsg(8, {msg_name={sa_family=AF_NETLINK, nl_pid=0, nl_groups=00000000}, msg_namelen=12, msg_iov=[{iov_base=[{{len=76, type=RTM_NEWADDR, flags=NLM_F_MULTI, seq=1684398029, pid=70}, {ifa_family=AF_INET, ifa_prefixlen=8, ifa_flags=IFA_F_PERMANENT, ifa_scope=RT_SCOPE_HOST, ifa_index=if_nametoindex("lo")}, [{{nla_len=8, nla_type=IFA_ADDRESS}, 127.0.0.1}, {{nla_len=8, nla_type=IFA_LOCAL}, 127.0.0.1}, {{nla_len=7, nla_type=IFA_LABEL}, "lo"}, {{nla_len=8, nla_type=IFA_FLAGS}, IFA_F_PERMANENT}, {{nla_len=20, nla_type=IFA_CACHEINFO}, {ifa_prefered=4294967295, ifa_valid=4294967295, cstamp=377216, tstamp=377216}}]}, {{len=88, type=RTM_NEWADDR, flags=NLM_F_MULTI, seq=1684398029, pid=70}, {ifa_family=AF_INET, ifa_prefixlen=24, ifa_flags=IFA_F_PERMANENT, ifa_scope=RT_SCOPE_UNIVERSE, ifa_index=if_nametoindex("eth0")}, [{{nla_len=8, nla_type=IFA_ADDRESS}, 10.24.1.151}, {{nla_len=8, nla_type=IFA_LOCAL}, 10.24.1.151}, {{nla_len=8, nla_type=IFA_BROADCAST}, 10.24.1.255}, {{nla_len=9, nla_type=IFA_LABEL}, "eth0"}, {{nla_len=8, nla_type=IFA_FLAGS}, IFA_F_PERMANENT}, {{nla_len=20, nla_type=IFA_CACHEINFO}, {ifa_prefered=4294967295, ifa_valid=4294967295, cstamp=377218, tstamp=377218}}]}], iov_len=4096}], msg_iovlen=1, msg_controllen=0, msg_flags=0}, 0) = 164
2023-05-18T08:20:29.223079980Z 08:20:29.222803 recvmsg(8, {msg_name={sa_family=AF_NETLINK, nl_pid=0, nl_groups=00000000}, msg_namelen=12, msg_iov=[{iov_base={{len=20, type=NLMSG_DONE, flags=NLM_F_MULTI, seq=1684398029, pid=70}, 0}, iov_len=4096}], msg_iovlen=1, msg_controllen=0, msg_flags=0}, 0) = 20
2023-05-18T08:20:29.223966772Z 08:20:29.223786 socket(AF_UNIX, SOCK_STREAM|SOCK_CLOEXEC|SOCK_NONBLOCK, 0) = 8
2023-05-18T08:20:29.224212493Z 08:20:29.223990 connect(8, {sa_family=AF_UNIX, sun_path="/var/run/nscd/socket"}, 110) = -1 ENOENT (No such file or directory)
2023-05-18T08:20:29.224509800Z 08:20:29.224321 socket(AF_UNIX, SOCK_STREAM|SOCK_CLOEXEC|SOCK_NONBLOCK, 0) = 8
2023-05-18T08:20:29.224857802Z 08:20:29.224576 connect(8, {sa_family=AF_UNIX, sun_path="/var/run/nscd/socket"}, 110) = -1 ENOENT (No such file or directory)
2023-05-18T08:20:29.226984910Z 08:20:29.226796 socket(AF_INET, SOCK_DGRAM|SOCK_CLOEXEC|SOCK_NONBLOCK, IPPROTO_IP) = 8
2023-05-18T08:20:29.227192028Z 08:20:29.227009 connect(8, {sa_family=AF_INET, sin_port=htons(53), sin_addr=inet_addr("169.254.169.254")}, 16) = 0
2023-05-18T08:20:29.227801363Z 08:20:29.227272 sendto(8, "\375/\1\0\0\1\0\0\0\0\0\0\rflux-sample-0\fflux-"..., 76, MSG_NOSIGNAL, NULL, 0) = 76
2023-05-18T08:20:29.231595037Z 08:20:29.231319 recvfrom(8, "\375/\201\200\0\1\0\1\0\0\0\0\rflux-sample-0\fflux-"..., 1024, 0, {sa_family=AF_INET, sin_port=htons(53), sin_addr=inet_addr("169.254.169.254")}, [28->16]) = 92
2023-05-18T08:20:29.238011796Z broker.info[2]: start: none->join 2.08313ms
2023-05-18T08:20:29.251809498Z broker.info[2]: parent-ready: join->init 13.6703ms
2023-05-18T08:20:29.252192221Z 08:20:29.251942 socketpair(AF_UNIX, SOCK_STREAM|SOCK_CLOEXEC, 0, [22, 23]) = 0
2023-05-18T08:20:29.252328642Z 08:20:29.252130 socketpair(AF_UNIX, SOCK_STREAM, 0, [24, 25]) = 0
2023-05-18T08:20:29.252641345Z 08:20:29.252431 socketpair(AF_UNIX, SOCK_STREAM, 0, [26, 27]) = 0
2023-05-18T08:20:29.252911065Z 08:20:29.252664 socketpair(AF_UNIX, SOCK_STREAM, 0, [28, 29]) = 0
2023-05-18T08:20:29.276678853Z broker.info[2]: configuration updated
2023-05-18T08:20:29.396523970Z broker.info[2]: rc1.0: running /etc/flux/rc1.d/01-sched-fluxion
2023-05-18T08:20:29.408034410Z broker.info[2]: rc1.0: running /etc/flux/rc1.d/02-cron
2023-05-18T08:20:29.441717689Z broker.info[2]: rc1.0: /etc/flux/rc1 Exited (rc=0) 0.2s
2023-05-18T08:20:29.442775939Z broker.info[2]: rc1-success: init->quorum 0.190656s
2023-05-18T08:20:35.933645451Z broker.info[2]: quorum-full: quorum->run 6.4905s
2023-05-18T08:20:46.664443794Z broker.info[2]: shutdown: run->cleanup 10.7303s
2023-05-18T08:20:46.665552327Z broker.info[2]: cleanup-none: cleanup->shutdown 0.964508ms
2023-05-18T08:20:46.666467725Z broker.info[2]: children-none: shutdown->finalize 0.887665ms
2023-05-18T08:20:46.666848280Z 08:20:46.666511 socketpair(AF_UNIX, SOCK_STREAM|SOCK_CLOEXEC, 0, [22, 23]) = 0
2023-05-18T08:20:46.667384836Z 08:20:46.666701 socketpair(AF_UNIX, SOCK_STREAM, 0, [24, 25]) = 0
2023-05-18T08:20:46.667431780Z 08:20:46.667120 socketpair(AF_UNIX, SOCK_STREAM, 0, [26, 28]) = 0
2023-05-18T08:20:46.667659870Z 08:20:46.667416 socketpair(AF_UNIX, SOCK_STREAM, 0, [58, 59]) = 0
2023-05-18T08:20:46.688144921Z broker.info[2]: rc3.0: running /etc/flux/rc3.d/01-sched-fluxion
2023-05-18T08:20:46.817653009Z broker.info[2]: rc3.0: /etc/flux/rc3 Exited (rc=0) 0.1s
2023-05-18T08:20:46.819006008Z broker.info[2]: rc3-success: finalize->goodbye 0.152299s
2023-05-18T08:20:46.820685868Z broker.info[2]: goodbye: goodbye->exit 1.01534ms
2023-05-18T08:20:46.832730336Z 08:20:46.832512 +++ exited with 0 +++
2023-05-18T08:20:46.834254099Z Return value for follower worker is 0
2023-05-18T08:20:46.834529701Z The follower worker exited cleanly. Goodbye!
