2023-05-18T05:25:58.742473363Z
2023-05-18T05:25:58.742670569Z Flux username: flux
2023-05-18T05:25:58.742714961Z
2023-05-18T05:25:58.742721149Z Flux install root: /usr
2023-05-18T05:25:58.791396693Z flux user is already added.
2023-05-18T05:25:58.794557599Z flux user identifiers:
2023-05-18T05:25:58.794589879Z uid=1234(flux) gid=1234(flux) groups=1234(flux)
2023-05-18T05:25:58.794595781Z
2023-05-18T05:25:58.794601965Z As Flux prefix for flux commands: sudo -u flux -E PYTHONPATH=/opt/conda/lib/python3.10/site-packages -E PATH=/opt/conda/bin:/usr/local/sbin:/usr/local/bin:/usr/sbin:/usr/bin:/sbin:/bin -E LD_LIBRARY_PATH=/opt/conda/lib -E HOME=/home/flux
2023-05-18T05:25:58.802453466Z
2023-05-18T05:25:58.802549174Z ðŸ‘‹ Hello, I'm flux-sample-2
2023-05-18T05:25:58.802768043Z The main host is flux-sample-0
2023-05-18T05:25:58.802780468Z The working directory is /home/flux/examples/reaxff/HNS, contents include:
2023-05-18T05:25:58.805096852Z /home/flux/examples/reaxff/HNS:
2023-05-18T05:25:58.805259244Z README.txt	ffield.reax.hns  log.8Mar18.reaxc.hns.g++.1
2023-05-18T05:25:58.805271455Z data.hns-equil	in.reaxc.hns	 log.8Mar18.reaxc.hns.g++.4
2023-05-18T05:25:58.805412228Z End of file listing, if you see nothing above there are no files.
2023-05-18T05:25:58.807772817Z flux R encode --hosts=flux-sample-[0-3]
2023-05-18T05:25:58.825387833Z
2023-05-18T05:25:58.825421018Z ðŸ“¦ Resources
2023-05-18T05:25:58.827066330Z {"version": 1, "execution": {"R_lite": [{"rank": "0-3", "children": {"core": "0"}}], "starttime": 0.0, "expiration": 0.0, "nodelist": ["flux-sample-[0-3]"]}}
2023-05-18T05:25:58.827244904Z
2023-05-18T05:25:58.827260648Z ðŸ¸ Diagnostics: false
2023-05-18T05:25:58.827442544Z ðŸš©ï¸ Flux Option Flags defined
2023-05-18T05:25:58.831659764Z
2023-05-18T05:25:58.831686523Z ðŸ¦Š Independent Minister of Privilege
2023-05-18T05:25:58.833462800Z [exec]
2023-05-18T05:25:58.833487467Z allowed-users = [ "flux", "root" ]
2023-05-18T05:25:58.833524017Z allowed-shells = [ "/usr/libexec/flux/flux-shell" ]
2023-05-18T05:25:58.833802475Z
2023-05-18T05:25:58.833818742Z ðŸ¸ Broker Configuration
2023-05-18T05:25:58.835766242Z # Flux needs to know the path to the IMP executable
2023-05-18T05:25:58.835786822Z [exec]
2023-05-18T05:25:58.835793628Z imp = "/usr/libexec/flux/flux-imp"
2023-05-18T05:25:58.835800528Z
2023-05-18T05:25:58.835806202Z [access]
2023-05-18T05:25:58.835820354Z allow-guest-user = true
2023-05-18T05:25:58.835825968Z allow-root-owner = true
2023-05-18T05:25:58.835830774Z
2023-05-18T05:25:58.835835585Z # Point to resource definition generated with flux-R(1).
2023-05-18T05:25:58.835840409Z [resource]
2023-05-18T05:25:58.835846472Z path = "/etc/flux/system/R"
2023-05-18T05:25:58.835853288Z
2023-05-18T05:25:58.835860157Z [bootstrap]
2023-05-18T05:25:58.835865581Z curve_cert = "/etc/curve/curve.cert"
2023-05-18T05:25:58.835870262Z default_port = 8050
2023-05-18T05:25:58.835875053Z default_bind = "tcp://eth0:%p"
2023-05-18T05:25:58.835880865Z default_connect = "tcp://%h.flux-service.flux-operator.svc.cluster.local:%p"
2023-05-18T05:25:58.835885727Z hosts = [
2023-05-18T05:25:58.835890424Z 	{ host="flux-sample-[0-3]"},
2023-05-18T05:25:58.835897578Z ]
2023-05-18T05:25:58.835902859Z
2023-05-18T05:25:58.835907612Z [archive]
2023-05-18T05:25:58.835912505Z dbpath = "/var/lib/flux/job-archive.sqlite"
2023-05-18T05:25:58.835917162Z period = "1m"
2023-05-18T05:25:58.924916053Z busytimeout = "50s"
2023-05-18T05:25:58.924945635Z ðŸ§Šï¸ State Directory:
2023-05-18T05:25:58.924952996Z total 0
2023-05-18T05:25:58.924958374Z
2023-05-18T05:25:58.928209192Z
2023-05-18T05:25:58.928240669Z ðŸ”’ï¸ Working directory permissions:
2023-05-18T05:25:58.928253903Z total 96
2023-05-18T05:25:58.928261163Z -rwxrwxrwx 1 flux root  2517 May 17 22:32 README.txt
2023-05-18T05:25:58.928267156Z -rwxrwxrwx 1 flux root 54692 May 17 22:32 data.hns-equil
2023-05-18T05:25:58.928272135Z -rwxrwxrwx 1 flux root 13576 May 17 22:32 ffield.reax.hns
2023-05-18T05:25:58.928277055Z -rwxrwxrwx 1 flux root   870 May 17 22:32 in.reaxc.hns
2023-05-18T05:25:58.928282864Z -rwxrwxrwx 1 flux root  4172 May 17 22:32 log.8Mar18.reaxc.hns.g++.1
2023-05-18T05:25:58.928289315Z -rwxrwxrwx 1 flux root  4168 May 17 22:32 log.8Mar18.reaxc.hns.g++.4
2023-05-18T05:25:58.928449491Z
2023-05-18T05:25:58.928461125Z
2023-05-18T05:25:58.928467944Z âœ¨ Curve certificate generated by helper pod
2023-05-18T05:25:58.930300576Z #   ****  Generated on 2023-04-26 22:54:42 by CZMQ  ****
2023-05-18T05:25:58.930332463Z #   ZeroMQ CURVE **Secret** Certificate
2023-05-18T05:25:58.930339660Z #   DO NOT PROVIDE THIS FILE TO OTHER USERS nor change its permissions.
2023-05-18T05:25:58.930344678Z
2023-05-18T05:25:58.930349838Z metadata
2023-05-18T05:25:58.930355540Z     name = "flux-cert-generator"
2023-05-18T05:25:58.930360366Z     keygen.hostname = "flux-sample-0"
2023-05-18T05:25:58.930365412Z curve
2023-05-18T05:25:58.930373004Z     public-key = "SPuTF5ZL+pM&.5qUf?Hz(:$I[r3r[6w=04%gw%Kp"
2023-05-18T05:25:58.930379662Z     secret-key = "{sX{ORVnuANE3rvPWCu%REu*s4%0wlybu[yGUU3]"
2023-05-18T05:25:58.933470089Z
2023-05-18T05:25:58.933522980Z ðŸŒ€  flux start --wrap=strace,-e,network,-tt -o --config /etc/flux/config -Scron.directory=/etc/flux/system/cron.d   -Stbon.fanout=256   -Srundir=/run/flux    -Sstatedir=/var/lib/flux   -Slocal-uri=local:///run/flux/local   -Stbon.zmqdebug=1  -Slog-stderr-level=6    -Slog-stderr-mode=local
2023-05-18T05:25:58.981294435Z 05:25:58.980922 socket(AF_NETLINK, SOCK_RAW, NETLINK_ROUTE) = 8
2023-05-18T05:25:58.981830501Z 05:25:58.981411 bind(8, {sa_family=AF_NETLINK, nl_pid=0, nl_groups=00000000}, 12) = 0
2023-05-18T05:25:58.982285420Z 05:25:58.981996 getsockname(8, {sa_family=AF_NETLINK, nl_pid=70, nl_groups=00000000}, [12]) = 0
2023-05-18T05:25:58.982785067Z 05:25:58.982334 sendto(8, {{len=20, type=RTM_GETADDR, flags=NLM_F_REQUEST|NLM_F_DUMP, seq=1684387558, pid=0}, {ifa_family=AF_UNSPEC, ...}}, 20, 0, {sa_family=AF_NETLINK, nl_pid=0, nl_groups=00000000}, 12) = 20
2023-05-18T05:25:58.983453923Z 05:25:58.982865 recvmsg(8, {msg_name={sa_family=AF_NETLINK, nl_pid=0, nl_groups=00000000}, msg_namelen=12, msg_iov=[{iov_base=[{{len=76, type=RTM_NEWADDR, flags=NLM_F_MULTI, seq=1684387558, pid=70}, {ifa_family=AF_INET, ifa_prefixlen=8, ifa_flags=IFA_F_PERMANENT, ifa_scope=RT_SCOPE_HOST, ifa_index=if_nametoindex("lo")}, [{{nla_len=8, nla_type=IFA_ADDRESS}, 127.0.0.1}, {{nla_len=8, nla_type=IFA_LOCAL}, 127.0.0.1}, {{nla_len=7, nla_type=IFA_LABEL}, "lo"}, {{nla_len=8, nla_type=IFA_FLAGS}, IFA_F_PERMANENT}, {{nla_len=20, nla_type=IFA_CACHEINFO}, {ifa_prefered=4294967295, ifa_valid=4294967295, cstamp=599418, tstamp=599418}}]}, {{len=88, type=RTM_NEWADDR, flags=NLM_F_MULTI, seq=1684387558, pid=70}, {ifa_family=AF_INET, ifa_prefixlen=24, ifa_flags=IFA_F_PERMANENT, ifa_scope=RT_SCOPE_UNIVERSE, ifa_index=if_nametoindex("eth0")}, [{{nla_len=8, nla_type=IFA_ADDRESS}, 10.24.2.224}, {{nla_len=8, nla_type=IFA_LOCAL}, 10.24.2.224}, {{nla_len=8, nla_type=IFA_BROADCAST}, 10.24.2.255}, {{nla_len=9, nla_type=IFA_LABEL}, "eth0"}, {{nla_len=8, nla_type=IFA_FLAGS}, IFA_F_PERMANENT}, {{nla_len=20, nla_type=IFA_CACHEINFO}, {ifa_prefered=4294967295, ifa_valid=4294967295, cstamp=599421, tstamp=599421}}]}], iov_len=4096}], msg_iovlen=1, msg_controllen=0, msg_flags=0}, 0) = 164
2023-05-18T05:25:58.983707291Z 05:25:58.983524 recvmsg(8, {msg_name={sa_family=AF_NETLINK, nl_pid=0, nl_groups=00000000}, msg_namelen=12, msg_iov=[{iov_base={{len=20, type=NLMSG_DONE, flags=NLM_F_MULTI, seq=1684387558, pid=70}, 0}, iov_len=4096}], msg_iovlen=1, msg_controllen=0, msg_flags=0}, 0) = 20
2023-05-18T05:25:58.984308156Z 05:25:58.984125 socket(AF_UNIX, SOCK_STREAM|SOCK_CLOEXEC|SOCK_NONBLOCK, 0) = 8
2023-05-18T05:25:58.984404443Z 05:25:58.984240 connect(8, {sa_family=AF_UNIX, sun_path="/var/run/nscd/socket"}, 110) = -1 ENOENT (No such file or directory)
2023-05-18T05:25:58.984561429Z 05:25:58.984402 socket(AF_UNIX, SOCK_STREAM|SOCK_CLOEXEC|SOCK_NONBLOCK, 0) = 8
2023-05-18T05:25:58.984684884Z 05:25:58.984521 connect(8, {sa_family=AF_UNIX, sun_path="/var/run/nscd/socket"}, 110) = -1 ENOENT (No such file or directory)
2023-05-18T05:25:58.986159544Z 05:25:58.986000 socket(AF_INET, SOCK_DGRAM|SOCK_CLOEXEC|SOCK_NONBLOCK, IPPROTO_IP) = 8
2023-05-18T05:25:58.986273895Z 05:25:58.986104 connect(8, {sa_family=AF_INET, sin_port=htons(53), sin_addr=inet_addr("169.254.169.254")}, 16) = 0
2023-05-18T05:25:58.986679234Z 05:25:58.986236 sendto(8, "\351~\1\0\0\1\0\0\0\0\0\0\rflux-sample-0\fflux-"..., 76, MSG_NOSIGNAL, NULL, 0) = 76
2023-05-18T05:25:58.990878941Z 05:25:58.990644 recvfrom(8, "\351~\201\200\0\1\0\1\0\0\0\0\rflux-sample-0\fflux-"..., 1024, 0, {sa_family=AF_INET, sin_port=htons(53), sin_addr=inet_addr("169.254.169.254")}, [28->16]) = 92
2023-05-18T05:25:58.995632059Z broker.info[2]: start: none->join 1.75124ms
2023-05-18T05:26:29.180167525Z broker.info[2]: parent-ready: join->init 30.1844s
2023-05-18T05:26:29.180597960Z 05:26:29.180276 socketpair(AF_UNIX, SOCK_STREAM|SOCK_CLOEXEC, 0, [22, 23]) = 0
2023-05-18T05:26:29.181338875Z 05:26:29.181044 socketpair(AF_UNIX, SOCK_STREAM, 0, [24, 25]) = 0
2023-05-18T05:26:29.181669213Z 05:26:29.181392 socketpair(AF_UNIX, SOCK_STREAM, 0, [26, 27]) = 0
2023-05-18T05:26:29.181869892Z 05:26:29.181667 socketpair(AF_UNIX, SOCK_STREAM, 0, [28, 29]) = 0
2023-05-18T05:26:29.209352249Z broker.info[2]: configuration updated
2023-05-18T05:26:29.360184521Z broker.info[2]: rc1.0: running /etc/flux/rc1.d/01-sched-fluxion
2023-05-18T05:26:29.372372597Z broker.info[2]: rc1.0: running /etc/flux/rc1.d/02-cron
2023-05-18T05:26:29.402753838Z broker.info[2]: rc1.0: /etc/flux/rc1 Exited (rc=0) 0.2s
2023-05-18T05:26:29.403782703Z broker.info[2]: rc1-success: init->quorum 0.223157s
2023-05-18T05:26:31.043671997Z broker.info[2]: quorum-full: quorum->run 1.63943s
2023-05-18T05:26:42.115085002Z broker.info[2]: shutdown: run->cleanup 11.0713s
2023-05-18T05:26:42.116692512Z broker.info[2]: cleanup-none: cleanup->shutdown 1.63043ms
2023-05-18T05:26:42.118248104Z broker.info[2]: children-none: shutdown->finalize 1.13761ms
2023-05-18T05:26:42.118847807Z 05:26:42.118138 socketpair(AF_UNIX, SOCK_STREAM|SOCK_CLOEXEC, 0, [22, 23]) = 0
2023-05-18T05:26:42.119115896Z 05:26:42.118578 socketpair(AF_UNIX, SOCK_STREAM, 0, [24, 25]) = 0
2023-05-18T05:26:42.119548823Z 05:26:42.118848 socketpair(AF_UNIX, SOCK_STREAM, 0, [26, 28]) = 0
2023-05-18T05:26:42.120042199Z 05:26:42.119042 socketpair(AF_UNIX, SOCK_STREAM, 0, [58, 59]) = 0
2023-05-18T05:26:42.139561021Z broker.info[2]: rc3.0: running /etc/flux/rc3.d/01-sched-fluxion
2023-05-18T05:26:42.286236386Z broker.info[2]: rc3.0: /etc/flux/rc3 Exited (rc=0) 0.2s
2023-05-18T05:26:42.287424686Z broker.info[2]: rc3-success: finalize->goodbye 0.168902s
2023-05-18T05:26:42.289619181Z broker.info[2]: goodbye: goodbye->exit 1.41748ms
2023-05-18T05:26:42.300343786Z 05:26:42.300064 +++ exited with 0 +++
2023-05-18T05:26:42.302199699Z Return value for follower worker is 0
2023-05-18T05:26:42.302490078Z The follower worker exited cleanly. Goodbye!
