2023-05-18T05:13:08.238306559Z
2023-05-18T05:13:08.239074985Z Flux username: flux
2023-05-18T05:13:08.239085794Z
2023-05-18T05:13:08.239094040Z Flux install root: /usr
2023-05-18T05:13:08.279279182Z flux user is already added.
2023-05-18T05:13:08.282150832Z flux user identifiers:
2023-05-18T05:13:08.282190560Z uid=1234(flux) gid=1234(flux) groups=1234(flux)
2023-05-18T05:13:08.282199585Z
2023-05-18T05:13:08.282208376Z As Flux prefix for flux commands: sudo -u flux -E PYTHONPATH=/opt/conda/lib/python3.10/site-packages -E PATH=/opt/conda/bin:/usr/local/sbin:/usr/local/bin:/usr/sbin:/usr/bin:/sbin:/bin -E LD_LIBRARY_PATH=/opt/conda/lib -E HOME=/home/flux
2023-05-18T05:13:08.290091242Z
2023-05-18T05:13:08.290110328Z ðŸ‘‹ Hello, I'm flux-sample-1
2023-05-18T05:13:08.290115990Z The main host is flux-sample-0
2023-05-18T05:13:08.290121600Z The working directory is /home/flux/examples/reaxff/HNS, contents include:
2023-05-18T05:13:08.291468278Z /home/flux/examples/reaxff/HNS:
2023-05-18T05:13:08.291484138Z README.txt	ffield.reax.hns  log.8Mar18.reaxc.hns.g++.1
2023-05-18T05:13:08.291489873Z data.hns-equil	in.reaxc.hns	 log.8Mar18.reaxc.hns.g++.4
2023-05-18T05:13:08.292019369Z End of file listing, if you see nothing above there are no files.
2023-05-18T05:13:08.293877589Z flux R encode --hosts=flux-sample-[0-3]
2023-05-18T05:13:08.306671099Z
2023-05-18T05:13:08.306689947Z ðŸ“¦ Resources
2023-05-18T05:13:08.308035885Z {"version": 1, "execution": {"R_lite": [{"rank": "0-3", "children": {"core": "0"}}], "starttime": 0.0, "expiration": 0.0, "nodelist": ["flux-sample-[0-3]"]}}
2023-05-18T05:13:08.308302161Z
2023-05-18T05:13:08.308318243Z ðŸ¸ Diagnostics: false
2023-05-18T05:13:08.308423431Z ðŸš©ï¸ Flux Option Flags defined
2023-05-18T05:13:08.311926977Z
2023-05-18T05:13:08.311945194Z ðŸ¦Š Independent Minister of Privilege
2023-05-18T05:13:08.313103471Z [exec]
2023-05-18T05:13:08.313119358Z allowed-users = [ "flux", "root" ]
2023-05-18T05:13:08.313126272Z allowed-shells = [ "/usr/libexec/flux/flux-shell" ]
2023-05-18T05:13:08.313489950Z
2023-05-18T05:13:08.313506874Z ðŸ¸ Broker Configuration
2023-05-18T05:13:08.314985477Z # Flux needs to know the path to the IMP executable
2023-05-18T05:13:08.315001530Z [exec]
2023-05-18T05:13:08.315009586Z imp = "/usr/libexec/flux/flux-imp"
2023-05-18T05:13:08.315015337Z
2023-05-18T05:13:08.315020274Z [access]
2023-05-18T05:13:08.315025540Z allow-guest-user = true
2023-05-18T05:13:08.315030627Z allow-root-owner = true
2023-05-18T05:13:08.315042287Z
2023-05-18T05:13:08.315047312Z # Point to resource definition generated with flux-R(1).
2023-05-18T05:13:08.315054502Z [resource]
2023-05-18T05:13:08.315061078Z path = "/etc/flux/system/R"
2023-05-18T05:13:08.315065832Z
2023-05-18T05:13:08.315070776Z [bootstrap]
2023-05-18T05:13:08.315075630Z curve_cert = "/etc/curve/curve.cert"
2023-05-18T05:13:08.315080575Z default_port = 8050
2023-05-18T05:13:08.315085692Z default_bind = "tcp://eth0:%p"
2023-05-18T05:13:08.315090944Z default_connect = "tcp://%h.flux-service.flux-operator.svc.cluster.local:%p"
2023-05-18T05:13:08.315097801Z hosts = [
2023-05-18T05:13:08.315103749Z 	{ host="flux-sample-[0-3]"},
2023-05-18T05:13:08.315108963Z ]
2023-05-18T05:13:08.315113871Z
2023-05-18T05:13:08.315118743Z [archive]
2023-05-18T05:13:08.315123616Z dbpath = "/var/lib/flux/job-archive.sqlite"
2023-05-18T05:13:08.315128499Z period = "1m"
2023-05-18T05:13:08.388008552Z busytimeout = "50s"
2023-05-18T05:13:08.388027767Z ðŸ§Šï¸ State Directory:
2023-05-18T05:13:08.388033820Z total 0
2023-05-18T05:13:08.388041021Z
2023-05-18T05:13:08.391303311Z
2023-05-18T05:13:08.391322191Z ðŸ”’ï¸ Working directory permissions:
2023-05-18T05:13:08.391327874Z total 96
2023-05-18T05:13:08.391335557Z -rwxrwxrwx 1 flux root  2517 May 17 22:32 README.txt
2023-05-18T05:13:08.391341880Z -rwxrwxrwx 1 flux root 54692 May 17 22:32 data.hns-equil
2023-05-18T05:13:08.391346971Z -rwxrwxrwx 1 flux root 13576 May 17 22:32 ffield.reax.hns
2023-05-18T05:13:08.391351919Z -rwxrwxrwx 1 flux root   870 May 17 22:32 in.reaxc.hns
2023-05-18T05:13:08.391357303Z -rwxrwxrwx 1 flux root  4172 May 17 22:32 log.8Mar18.reaxc.hns.g++.1
2023-05-18T05:13:08.391362382Z -rwxrwxrwx 1 flux root  4168 May 17 22:32 log.8Mar18.reaxc.hns.g++.4
2023-05-18T05:13:08.391367122Z
2023-05-18T05:13:08.391473513Z
2023-05-18T05:13:08.391484254Z âœ¨ Curve certificate generated by helper pod
2023-05-18T05:13:08.392904440Z #   ****  Generated on 2023-04-26 22:54:42 by CZMQ  ****
2023-05-18T05:13:08.392919931Z #   ZeroMQ CURVE **Secret** Certificate
2023-05-18T05:13:08.392925639Z #   DO NOT PROVIDE THIS FILE TO OTHER USERS nor change its permissions.
2023-05-18T05:13:08.392930386Z
2023-05-18T05:13:08.392937637Z metadata
2023-05-18T05:13:08.392943869Z     name = "flux-cert-generator"
2023-05-18T05:13:08.392948614Z     keygen.hostname = "flux-sample-0"
2023-05-18T05:13:08.392953372Z curve
2023-05-18T05:13:08.392959198Z     public-key = "n9%ogxjv(%njWv)ZFOMkWJz#{v/[bM?[WBLKpRZ/"
2023-05-18T05:13:08.392964587Z     secret-key = "f>]<JvX>Js2gPC0cseh?={K:h*6)jdgJop{NT-Nr"
2023-05-18T05:13:08.394817002Z
2023-05-18T05:13:08.394838424Z ðŸŒ€  flux start --wrap=strace,-e,network,-tt -o --config /etc/flux/config -Scron.directory=/etc/flux/system/cron.d   -Stbon.fanout=256   -Srundir=/run/flux    -Sstatedir=/var/lib/flux   -Slocal-uri=local:///run/flux/local   -Stbon.zmqdebug=1  -Slog-stderr-level=6    -Slog-stderr-mode=local
2023-05-18T05:13:08.427021696Z 05:13:08.426839 socket(AF_NETLINK, SOCK_RAW, NETLINK_ROUTE) = 8
2023-05-18T05:13:08.427108349Z 05:13:08.426965 bind(8, {sa_family=AF_NETLINK, nl_pid=0, nl_groups=00000000}, 12) = 0
2023-05-18T05:13:08.427241124Z 05:13:08.427076 getsockname(8, {sa_family=AF_NETLINK, nl_pid=70, nl_groups=00000000}, [12]) = 0
2023-05-18T05:13:08.427531464Z 05:13:08.427206 sendto(8, {{len=20, type=RTM_GETADDR, flags=NLM_F_REQUEST|NLM_F_DUMP, seq=1684386788, pid=0}, {ifa_family=AF_UNSPEC, ...}}, 20, 0, {sa_family=AF_NETLINK, nl_pid=0, nl_groups=00000000}, 12) = 20
2023-05-18T05:13:08.427823814Z 05:13:08.427422 recvmsg(8, {msg_name={sa_family=AF_NETLINK, nl_pid=0, nl_groups=00000000}, msg_namelen=12, msg_iov=[{iov_base=[{{len=76, type=RTM_NEWADDR, flags=NLM_F_MULTI, seq=1684386788, pid=70}, {ifa_family=AF_INET, ifa_prefixlen=8, ifa_flags=IFA_F_PERMANENT, ifa_scope=RT_SCOPE_HOST, ifa_index=if_nametoindex("lo")}, [{{nla_len=8, nla_type=IFA_ADDRESS}, 127.0.0.1}, {{nla_len=8, nla_type=IFA_LOCAL}, 127.0.0.1}, {{nla_len=7, nla_type=IFA_LABEL}, "lo"}, {{nla_len=8, nla_type=IFA_FLAGS}, IFA_F_PERMANENT}, {{nla_len=20, nla_type=IFA_CACHEINFO}, {ifa_prefered=4294967295, ifa_valid=4294967295, cstamp=522336, tstamp=522336}}]}, {{len=88, type=RTM_NEWADDR, flags=NLM_F_MULTI, seq=1684386788, pid=70}, {ifa_family=AF_INET, ifa_prefixlen=24, ifa_flags=IFA_F_PERMANENT, ifa_scope=RT_SCOPE_UNIVERSE, ifa_index=if_nametoindex("eth0")}, [{{nla_len=8, nla_type=IFA_ADDRESS}, 10.24.3.208}, {{nla_len=8, nla_type=IFA_LOCAL}, 10.24.3.208}, {{nla_len=8, nla_type=IFA_BROADCAST}, 10.24.3.255}, {{nla_len=9, nla_type=IFA_LABEL}, "eth0"}, {{nla_len=8, nla_type=IFA_FLAGS}, IFA_F_PERMANENT}, {{nla_len=20, nla_type=IFA_CACHEINFO}, {ifa_prefered=4294967295, ifa_valid=4294967295, cstamp=522338, tstamp=522338}}]}], iov_len=4096}], msg_iovlen=1, msg_controllen=0, msg_flags=0}, 0) = 164
2023-05-18T05:13:08.427958464Z 05:13:08.427770 recvmsg(8, {msg_name={sa_family=AF_NETLINK, nl_pid=0, nl_groups=00000000}, msg_namelen=12, msg_iov=[{iov_base={{len=20, type=NLMSG_DONE, flags=NLM_F_MULTI, seq=1684386788, pid=70}, 0}, iov_len=4096}], msg_iovlen=1, msg_controllen=0, msg_flags=0}, 0) = 20
2023-05-18T05:13:08.428642439Z 05:13:08.428487 socket(AF_UNIX, SOCK_STREAM|SOCK_CLOEXEC|SOCK_NONBLOCK, 0) = 8
2023-05-18T05:13:08.428735143Z 05:13:08.428595 connect(8, {sa_family=AF_UNIX, sun_path="/var/run/nscd/socket"}, 110) = -1 ENOENT (No such file or directory)
2023-05-18T05:13:08.429011288Z 05:13:08.428767 socket(AF_UNIX, SOCK_STREAM|SOCK_CLOEXEC|SOCK_NONBLOCK, 0) = 8
2023-05-18T05:13:08.429222064Z 05:13:08.428993 connect(8, {sa_family=AF_UNIX, sun_path="/var/run/nscd/socket"}, 110) = -1 ENOENT (No such file or directory)
2023-05-18T05:13:08.431446195Z 05:13:08.431251 socket(AF_INET, SOCK_DGRAM|SOCK_CLOEXEC|SOCK_NONBLOCK, IPPROTO_IP) = 8
2023-05-18T05:13:08.431555513Z 05:13:08.431409 connect(8, {sa_family=AF_INET, sin_port=htons(53), sin_addr=inet_addr("169.254.169.254")}, 16) = 0
2023-05-18T05:13:08.431865239Z 05:13:08.431532 sendto(8, "\356~\1\0\0\1\0\0\0\0\0\0\rflux-sample-0\fflux-"..., 76, MSG_NOSIGNAL, NULL, 0) = 76
2023-05-18T05:13:08.435663227Z 05:13:08.435448 recvfrom(8, "\356~\201\200\0\1\0\1\0\0\0\0\rflux-sample-0\fflux-"..., 1024, 0, {sa_family=AF_INET, sin_port=htons(53), sin_addr=inet_addr("169.254.169.254")}, [28->16]) = 92
2023-05-18T05:13:08.442139453Z broker.info[1]: start: none->join 2.33819ms
2023-05-18T05:13:38.618036450Z broker.info[1]: parent-ready: join->init 30.1756s
2023-05-18T05:13:38.618273197Z 05:13:38.618024 socketpair(AF_UNIX, SOCK_STREAM|SOCK_CLOEXEC, 0, [22, 23]) = 0
2023-05-18T05:13:38.618890222Z 05:13:38.618644 socketpair(AF_UNIX, SOCK_STREAM, 0, [24, 25]) = 0
2023-05-18T05:13:38.619085011Z 05:13:38.618914 socketpair(AF_UNIX, SOCK_STREAM, 0, [26, 27]) = 0
2023-05-18T05:13:38.619454410Z 05:13:38.619166 socketpair(AF_UNIX, SOCK_STREAM, 0, [28, 29]) = 0
2023-05-18T05:13:38.646159881Z broker.info[1]: configuration updated
2023-05-18T05:13:38.776844398Z broker.info[1]: rc1.0: running /etc/flux/rc1.d/01-sched-fluxion
2023-05-18T05:13:38.790032498Z broker.info[1]: rc1.0: running /etc/flux/rc1.d/02-cron
2023-05-18T05:13:38.814055562Z broker.info[1]: rc1.0: /etc/flux/rc1 Exited (rc=0) 0.2s
2023-05-18T05:13:38.815355389Z broker.info[1]: rc1-success: init->quorum 0.197176s
2023-05-18T05:13:39.154236910Z broker.info[1]: quorum-full: quorum->run 0.338391s
2023-05-18T05:13:50.103794227Z broker.info[1]: shutdown: run->cleanup 10.9495s
2023-05-18T05:13:50.104925876Z broker.info[1]: cleanup-none: cleanup->shutdown 0.886133ms
2023-05-18T05:13:50.105847293Z broker.info[1]: children-none: shutdown->finalize 0.794397ms
2023-05-18T05:13:50.106301049Z 05:13:50.105873 socketpair(AF_UNIX, SOCK_STREAM|SOCK_CLOEXEC, 0, [22, 23]) = 0
2023-05-18T05:13:50.106481023Z 05:13:50.106201 socketpair(AF_UNIX, SOCK_STREAM, 0, [24, 25]) = 0
2023-05-18T05:13:50.106800834Z 05:13:50.106501 socketpair(AF_UNIX, SOCK_STREAM, 0, [26, 28]) = 0
2023-05-18T05:13:50.106991314Z 05:13:50.106793 socketpair(AF_UNIX, SOCK_STREAM, 0, [58, 59]) = 0
2023-05-18T05:13:50.124503820Z broker.info[1]: rc3.0: running /etc/flux/rc3.d/01-sched-fluxion
2023-05-18T05:13:50.246521551Z broker.info[1]: rc3.0: /etc/flux/rc3 Exited (rc=0) 0.1s
2023-05-18T05:13:50.247658896Z broker.info[1]: rc3-success: finalize->goodbye 0.141611s
2023-05-18T05:13:50.249226441Z broker.info[1]: goodbye: goodbye->exit 0.989999ms
2023-05-18T05:13:50.256969871Z 05:13:50.256802 +++ exited with 0 +++
2023-05-18T05:13:50.258094251Z Return value for follower worker is 0
2023-05-18T05:13:50.258117751Z The follower worker exited cleanly. Goodbye!
