2023-05-18T06:53:23.572487275Z
2023-05-18T06:53:23.572520362Z Flux username: flux
2023-05-18T06:53:23.572526933Z
2023-05-18T06:53:23.572532086Z Flux install root: /usr
2023-05-18T06:53:23.616253443Z flux user is already added.
2023-05-18T06:53:23.618982142Z flux user identifiers:
2023-05-18T06:53:23.619010479Z uid=1234(flux) gid=1234(flux) groups=1234(flux)
2023-05-18T06:53:23.619138679Z
2023-05-18T06:53:23.619150080Z As Flux prefix for flux commands: sudo -u flux -E PYTHONPATH=/opt/conda/lib/python3.10/site-packages -E PATH=/opt/conda/bin:/usr/local/sbin:/usr/local/bin:/usr/sbin:/usr/bin:/sbin:/bin -E LD_LIBRARY_PATH=/opt/conda/lib -E HOME=/home/flux
2023-05-18T06:53:23.627418369Z
2023-05-18T06:53:23.627437377Z ðŸ‘‹ Hello, I'm flux-sample-2
2023-05-18T06:53:23.627553016Z The main host is flux-sample-0
2023-05-18T06:53:23.627562954Z The working directory is /home/flux/examples/reaxff/HNS, contents include:
2023-05-18T06:53:23.629209536Z /home/flux/examples/reaxff/HNS:
2023-05-18T06:53:23.629331861Z README.txt	ffield.reax.hns  log.8Mar18.reaxc.hns.g++.1
2023-05-18T06:53:23.629344018Z data.hns-equil	in.reaxc.hns	 log.8Mar18.reaxc.hns.g++.4
2023-05-18T06:53:23.629571567Z End of file listing, if you see nothing above there are no files.
2023-05-18T06:53:23.631319632Z flux R encode --hosts=flux-sample-[0-3]
2023-05-18T06:53:23.644968883Z
2023-05-18T06:53:23.644987186Z ðŸ“¦ Resources
2023-05-18T06:53:23.646446455Z {"version": 1, "execution": {"R_lite": [{"rank": "0-3", "children": {"core": "0"}}], "starttime": 0.0, "expiration": 0.0, "nodelist": ["flux-sample-[0-3]"]}}
2023-05-18T06:53:23.646719020Z
2023-05-18T06:53:23.646815640Z ðŸ¸ Diagnostics: false
2023-05-18T06:53:23.647007356Z ðŸš©ï¸ Flux Option Flags defined
2023-05-18T06:53:23.651467797Z
2023-05-18T06:53:23.651500856Z ðŸ¦Š Independent Minister of Privilege
2023-05-18T06:53:23.652775886Z [exec]
2023-05-18T06:53:23.652794225Z allowed-users = [ "flux", "root" ]
2023-05-18T06:53:23.652802447Z allowed-shells = [ "/usr/libexec/flux/flux-shell" ]
2023-05-18T06:53:23.652981659Z
2023-05-18T06:53:23.652996575Z ðŸ¸ Broker Configuration
2023-05-18T06:53:23.654256069Z # Flux needs to know the path to the IMP executable
2023-05-18T06:53:23.654274772Z [exec]
2023-05-18T06:53:23.654282303Z imp = "/usr/libexec/flux/flux-imp"
2023-05-18T06:53:23.654289136Z
2023-05-18T06:53:23.654295687Z [access]
2023-05-18T06:53:23.654302753Z allow-guest-user = true
2023-05-18T06:53:23.654309545Z allow-root-owner = true
2023-05-18T06:53:23.654315797Z
2023-05-18T06:53:23.654323636Z # Point to resource definition generated with flux-R(1).
2023-05-18T06:53:23.654331371Z [resource]
2023-05-18T06:53:23.654338443Z path = "/etc/flux/system/R"
2023-05-18T06:53:23.654344766Z
2023-05-18T06:53:23.654351259Z [bootstrap]
2023-05-18T06:53:23.654358058Z curve_cert = "/etc/curve/curve.cert"
2023-05-18T06:53:23.654364796Z default_port = 8050
2023-05-18T06:53:23.654371622Z default_bind = "tcp://eth0:%p"
2023-05-18T06:53:23.654380143Z default_connect = "tcp://%h.flux-service.flux-operator.svc.cluster.local:%p"
2023-05-18T06:53:23.654387630Z hosts = [
2023-05-18T06:53:23.654394791Z 	{ host="flux-sample-[0-3]"},
2023-05-18T06:53:23.654401395Z ]
2023-05-18T06:53:23.654407877Z
2023-05-18T06:53:23.654415098Z [archive]
2023-05-18T06:53:23.654421966Z dbpath = "/var/lib/flux/job-archive.sqlite"
2023-05-18T06:53:23.654429400Z period = "1m"
2023-05-18T06:53:23.729519467Z busytimeout = "50s"
2023-05-18T06:53:23.729542345Z ðŸ§Šï¸ State Directory:
2023-05-18T06:53:23.729548169Z total 0
2023-05-18T06:53:23.729553058Z
2023-05-18T06:53:23.732186684Z
2023-05-18T06:53:23.732209171Z ðŸ”’ï¸ Working directory permissions:
2023-05-18T06:53:23.732215314Z total 96
2023-05-18T06:53:23.732221518Z -rwxrwxrwx 1 flux root  2517 May 17 22:32 README.txt
2023-05-18T06:53:23.732226419Z -rwxrwxrwx 1 flux root 54692 May 17 22:32 data.hns-equil
2023-05-18T06:53:23.732231186Z -rwxrwxrwx 1 flux root 13576 May 17 22:32 ffield.reax.hns
2023-05-18T06:53:23.732235813Z -rwxrwxrwx 1 flux root   870 May 17 22:32 in.reaxc.hns
2023-05-18T06:53:23.732241375Z -rwxrwxrwx 1 flux root  4172 May 17 22:32 log.8Mar18.reaxc.hns.g++.1
2023-05-18T06:53:23.732366055Z -rwxrwxrwx 1 flux root  4168 May 17 22:32 log.8Mar18.reaxc.hns.g++.4
2023-05-18T06:53:23.732376099Z
2023-05-18T06:53:23.732381542Z
2023-05-18T06:53:23.732386708Z âœ¨ Curve certificate generated by helper pod
2023-05-18T06:53:23.733890828Z #   ****  Generated on 2023-04-26 22:54:42 by CZMQ  ****
2023-05-18T06:53:23.733908206Z #   ZeroMQ CURVE **Secret** Certificate
2023-05-18T06:53:23.733915002Z #   DO NOT PROVIDE THIS FILE TO OTHER USERS nor change its permissions.
2023-05-18T06:53:23.733920054Z
2023-05-18T06:53:23.733925023Z metadata
2023-05-18T06:53:23.733930241Z     name = "flux-cert-generator"
2023-05-18T06:53:23.733934901Z     keygen.hostname = "flux-sample-0"
2023-05-18T06:53:23.733939794Z curve
2023-05-18T06:53:23.733944640Z     public-key = "-KdYr[7*=s+*qjzlHWuP2?tkS{{o%jfJv*%zB+Ky"
2023-05-18T06:53:23.733952174Z     secret-key = "n><d<lg54[GLMG9t:6O![tQ@VQDiD$93*wme<7B="
2023-05-18T06:53:23.736250621Z
2023-05-18T06:53:23.736269163Z ðŸŒ€  flux start --wrap=strace,-e,network,-tt -o --config /etc/flux/config -Scron.directory=/etc/flux/system/cron.d   -Stbon.fanout=256   -Srundir=/run/flux    -Sstatedir=/var/lib/flux   -Slocal-uri=local:///run/flux/local   -Stbon.zmqdebug=1  -Slog-stderr-level=6    -Slog-stderr-mode=local
2023-05-18T06:53:23.769475666Z 06:53:23.769137 socket(AF_NETLINK, SOCK_RAW, NETLINK_ROUTE) = 8
2023-05-18T06:53:23.769501635Z 06:53:23.769251 bind(8, {sa_family=AF_NETLINK, nl_pid=0, nl_groups=00000000}, 12) = 0
2023-05-18T06:53:23.769508734Z 06:53:23.769343 getsockname(8, {sa_family=AF_NETLINK, nl_pid=71, nl_groups=00000000}, [12]) = 0
2023-05-18T06:53:23.769709095Z 06:53:23.769419 sendto(8, {{len=20, type=RTM_GETADDR, flags=NLM_F_REQUEST|NLM_F_DUMP, seq=1684392803, pid=0}, {ifa_family=AF_UNSPEC, ...}}, 20, 0, {sa_family=AF_NETLINK, nl_pid=0, nl_groups=00000000}, 12) = 20
2023-05-18T06:53:23.770083743Z 06:53:23.769673 recvmsg(8, {msg_name={sa_family=AF_NETLINK, nl_pid=0, nl_groups=00000000}, msg_namelen=12, msg_iov=[{iov_base=[{{len=76, type=RTM_NEWADDR, flags=NLM_F_MULTI, seq=1684392803, pid=71}, {ifa_family=AF_INET, ifa_prefixlen=8, ifa_flags=IFA_F_PERMANENT, ifa_scope=RT_SCOPE_HOST, ifa_index=if_nametoindex("lo")}, [{{nla_len=8, nla_type=IFA_ADDRESS}, 127.0.0.1}, {{nla_len=8, nla_type=IFA_LOCAL}, 127.0.0.1}, {{nla_len=7, nla_type=IFA_LABEL}, "lo"}, {{nla_len=8, nla_type=IFA_FLAGS}, IFA_F_PERMANENT}, {{nla_len=20, nla_type=IFA_CACHEINFO}, {ifa_prefered=4294967295, ifa_valid=4294967295, cstamp=1123870, tstamp=1123870}}]}, {{len=88, type=RTM_NEWADDR, flags=NLM_F_MULTI, seq=1684392803, pid=71}, {ifa_family=AF_INET, ifa_prefixlen=24, ifa_flags=IFA_F_PERMANENT, ifa_scope=RT_SCOPE_UNIVERSE, ifa_index=if_nametoindex("eth0")}, [{{nla_len=8, nla_type=IFA_ADDRESS}, 10.24.3.193}, {{nla_len=8, nla_type=IFA_LOCAL}, 10.24.3.193}, {{nla_len=8, nla_type=IFA_BROADCAST}, 10.24.3.255}, {{nla_len=9, nla_type=IFA_LABEL}, "eth0"}, {{nla_len=8, nla_type=IFA_FLAGS}, IFA_F_PERMANENT}, {{nla_len=20, nla_type=IFA_CACHEINFO}, {ifa_prefered=4294967295, ifa_valid=4294967295, cstamp=1123873, tstamp=1123873}}]}], iov_len=4096}], msg_iovlen=1, msg_controllen=0, msg_flags=0}, 0) = 164
2023-05-18T06:53:23.770210287Z 06:53:23.770025 recvmsg(8, {msg_name={sa_family=AF_NETLINK, nl_pid=0, nl_groups=00000000}, msg_namelen=12, msg_iov=[{iov_base={{len=20, type=NLMSG_DONE, flags=NLM_F_MULTI, seq=1684392803, pid=71}, 0}, iov_len=4096}], msg_iovlen=1, msg_controllen=0, msg_flags=0}, 0) = 20
2023-05-18T06:53:23.770752563Z 06:53:23.770624 socket(AF_UNIX, SOCK_STREAM|SOCK_CLOEXEC|SOCK_NONBLOCK, 0) = 8
2023-05-18T06:53:23.770834299Z 06:53:23.770698 connect(8, {sa_family=AF_UNIX, sun_path="/var/run/nscd/socket"}, 110) = -1 ENOENT (No such file or directory)
2023-05-18T06:53:23.770978971Z 06:53:23.770857 socket(AF_UNIX, SOCK_STREAM|SOCK_CLOEXEC|SOCK_NONBLOCK, 0) = 8
2023-05-18T06:53:23.771093214Z 06:53:23.770952 connect(8, {sa_family=AF_UNIX, sun_path="/var/run/nscd/socket"}, 110) = -1 ENOENT (No such file or directory)
2023-05-18T06:53:23.772840930Z 06:53:23.772619 socket(AF_INET, SOCK_DGRAM|SOCK_CLOEXEC|SOCK_NONBLOCK, IPPROTO_IP) = 8
2023-05-18T06:53:23.773335758Z 06:53:23.772860 connect(8, {sa_family=AF_INET, sin_port=htons(53), sin_addr=inet_addr("169.254.169.254")}, 16) = 0
2023-05-18T06:53:23.773786630Z 06:53:23.773406 sendto(8, "\251\17\1\0\0\1\0\0\0\0\0\0\rflux-sample-0\fflux-"..., 76, MSG_NOSIGNAL, NULL, 0) = 76
2023-05-18T06:53:23.778134901Z 06:53:23.777791 recvfrom(8, "\251\17\201\203\0\1\0\0\0\1\0\0\rflux-sample-0\fflux-"..., 1024, 0, {sa_family=AF_INET, sin_port=htons(53), sin_addr=inet_addr("169.254.169.254")}, [28->16]) = 172
2023-05-18T06:53:23.778528175Z 06:53:23.778252 socket(AF_INET, SOCK_DGRAM|SOCK_CLOEXEC|SOCK_NONBLOCK, IPPROTO_IP) = 8
2023-05-18T06:53:23.778638037Z 06:53:23.778480 connect(8, {sa_family=AF_INET, sin_port=htons(53), sin_addr=inet_addr("169.254.169.254")}, 16) = 0
2023-05-18T06:53:23.778863010Z 06:53:23.778628 sendto(8, "\27\26\1\0\0\1\0\0\0\0\0\0\rflux-sample-0\fflux-"..., 108, MSG_NOSIGNAL, NULL, 0) = 108
2023-05-18T06:53:23.782770678Z 06:53:23.782535 recvfrom(8, "\27\26\201\203\0\1\0\0\0\1\0\0\rflux-sample-0\fflux-"..., 1024, 0, {sa_family=AF_INET, sin_port=htons(53), sin_addr=inet_addr("169.254.169.254")}, [28->16]) = 204
2023-05-18T06:53:23.782975594Z 06:53:23.782738 socket(AF_INET, SOCK_DGRAM|SOCK_CLOEXEC|SOCK_NONBLOCK, IPPROTO_IP) = 8
2023-05-18T06:53:23.782998650Z 06:53:23.782823 connect(8, {sa_family=AF_INET, sin_port=htons(53), sin_addr=inet_addr("169.254.169.254")}, 16) = 0
2023-05-18T06:53:23.784569502Z 06:53:23.782965 sendto(8, "\277\177\1\0\0\1\0\0\0\0\0\0\rflux-sample-0\fflux-"..., 94, MSG_NOSIGNAL, NULL, 0) = 94
2023-05-18T06:53:23.786554763Z 06:53:23.786351 recvfrom(8, "\277\177\201\203\0\1\0\0\0\1\0\0\rflux-sample-0\fflux-"..., 1024, 0, {sa_family=AF_INET, sin_port=htons(53), sin_addr=inet_addr("169.254.169.254")}, [28->16]) = 190
2023-05-18T06:53:23.786732167Z 06:53:23.786598 socket(AF_INET, SOCK_DGRAM|SOCK_CLOEXEC|SOCK_NONBLOCK, IPPROTO_IP) = 8
2023-05-18T06:53:23.786834583Z 06:53:23.786700 connect(8, {sa_family=AF_INET, sin_port=htons(53), sin_addr=inet_addr("169.254.169.254")}, 16) = 0
2023-05-18T06:53:23.787109981Z 06:53:23.786855 sendto(8, "\267\356\1\0\0\1\0\0\0\0\0\0\rflux-sample-0\fflux-"..., 90, MSG_NOSIGNAL, NULL, 0) = 90
2023-05-18T06:53:23.790342739Z 06:53:23.790156 recvfrom(8, "\267\356\201\203\0\1\0\0\0\1\0\0\rflux-sample-0\fflux-"..., 1024, 0, {sa_family=AF_INET, sin_port=htons(53), sin_addr=inet_addr("169.254.169.254")}, [28->16]) = 186
2023-05-18T06:53:23.790432726Z 06:53:23.790342 socket(AF_INET, SOCK_DGRAM|SOCK_CLOEXEC|SOCK_NONBLOCK, IPPROTO_IP) = 8
2023-05-18T06:53:23.790503235Z 06:53:23.790412 connect(8, {sa_family=AF_INET, sin_port=htons(53), sin_addr=inet_addr("169.254.169.254")}, 16) = 0
2023-05-18T06:53:23.790683152Z 06:53:23.790511 sendto(8, "\245R\1\0\0\1\0\0\0\0\0\0\rflux-sample-0\fflux-"..., 111, MSG_NOSIGNAL, NULL, 0) = 111
2023-05-18T06:53:23.795475329Z 06:53:23.794918 recvfrom(8, "\245R\201\203\0\1\0\0\0\1\0\0\rflux-sample-0\fflux-"..., 1024, 0, {sa_family=AF_INET, sin_port=htons(53), sin_addr=inet_addr("169.254.169.254")}, [28->16]) = 205
2023-05-18T06:53:23.795515593Z 06:53:23.795080 socket(AF_INET, SOCK_DGRAM|SOCK_CLOEXEC|SOCK_NONBLOCK, IPPROTO_IP) = 8
2023-05-18T06:53:23.795523402Z 06:53:23.795153 connect(8, {sa_family=AF_INET, sin_port=htons(53), sin_addr=inet_addr("169.254.169.254")}, 16) = 0
2023-05-18T06:53:23.795550942Z 06:53:23.795274 sendto(8, "\301\224\1\0\0\1\0\0\0\0\0\0\rflux-sample-0\fflux-"..., 97, MSG_NOSIGNAL, NULL, 0) = 97
2023-05-18T06:53:23.800547336Z 06:53:23.800202 recvfrom(8, "\301\224\201\203\0\1\0\0\0\1\0\0\rflux-sample-0\fflux-"..., 1024, 0, {sa_family=AF_INET, sin_port=htons(53), sin_addr=inet_addr("169.254.169.254")}, [28->16]) = 186
2023-05-18T06:53:23.800710086Z 06:53:23.800358 socket(AF_INET, SOCK_DGRAM|SOCK_CLOEXEC|SOCK_NONBLOCK, IPPROTO_IP) = 8
2023-05-18T06:53:23.800724336Z 06:53:23.800429 connect(8, {sa_family=AF_INET, sin_port=htons(53), sin_addr=inet_addr("169.254.169.254")}, 16) = 0
2023-05-18T06:53:23.800740105Z 06:53:23.800529 sendto(8, "\306\321\1\0\0\1\0\0\0\0\0\0\rflux-sample-0\fflux-"..., 92, MSG_NOSIGNAL, NULL, 0) = 92
2023-05-18T06:53:23.804759214Z 06:53:23.804268 recvfrom(8, "\306\321\201\203\0\1\0\0\0\1\0\0\rflux-sample-0\fflux-"..., 1024, 0, {sa_family=AF_INET, sin_port=htons(53), sin_addr=inet_addr("169.254.169.254")}, [28->16]) = 181
2023-05-18T06:53:23.804903166Z broker.err[2]: Warning: unable to resolve upstream peer flux-sample-0.flux-service.flux-operator.svc.cluster.local: Name or service not known
2023-05-18T06:53:23.810850420Z broker.info[2]: start: none->join 2.1858ms
2023-05-18T06:53:24.788155014Z broker.info[2]: parent-ready: join->init 0.977428s
2023-05-18T06:53:24.789031246Z 06:53:24.788100 socketpair(AF_UNIX, SOCK_STREAM|SOCK_CLOEXEC, 0, [22, 23]) = 0
2023-05-18T06:53:24.789339783Z 06:53:24.788250 socketpair(AF_UNIX, SOCK_STREAM, 0, [24, 25]) = 0
2023-05-18T06:53:24.789518385Z 06:53:24.788414 socketpair(AF_UNIX, SOCK_STREAM, 0, [26, 27]) = 0
2023-05-18T06:53:24.789684399Z 06:53:24.788574 socketpair(AF_UNIX, SOCK_STREAM, 0, [28, 29]) = 0
2023-05-18T06:53:24.813243972Z broker.info[2]: configuration updated
2023-05-18T06:53:24.935034731Z broker.info[2]: rc1.0: running /etc/flux/rc1.d/01-sched-fluxion
2023-05-18T06:53:24.947052802Z broker.info[2]: rc1.0: running /etc/flux/rc1.d/02-cron
2023-05-18T06:53:24.968971372Z broker.info[2]: rc1.0: /etc/flux/rc1 Exited (rc=0) 0.2s
2023-05-18T06:53:24.970126594Z broker.info[2]: rc1-success: init->quorum 0.181856s
2023-05-18T06:53:25.176304931Z broker.info[2]: quorum-full: quorum->run 0.205665s
2023-05-18T06:53:35.930290462Z broker.info[2]: shutdown: run->cleanup 10.7538s
2023-05-18T06:53:35.931502364Z broker.info[2]: cleanup-none: cleanup->shutdown 1.06061ms
2023-05-18T06:53:35.932588628Z broker.info[2]: children-none: shutdown->finalize 0.860959ms
2023-05-18T06:53:35.932722767Z 06:53:35.932425 socketpair(AF_UNIX, SOCK_STREAM|SOCK_CLOEXEC, 0, [22, 23]) = 0
2023-05-18T06:53:35.932740593Z 06:53:35.932599 socketpair(AF_UNIX, SOCK_STREAM, 0, [24, 25]) = 0
2023-05-18T06:53:35.933260240Z 06:53:35.932809 socketpair(AF_UNIX, SOCK_STREAM, 0, [26, 28]) = 0
2023-05-18T06:53:35.933281049Z 06:53:35.933048 socketpair(AF_UNIX, SOCK_STREAM, 0, [58, 59]) = 0
2023-05-18T06:53:35.951046223Z broker.info[2]: rc3.0: running /etc/flux/rc3.d/01-sched-fluxion
2023-05-18T06:53:36.077936474Z broker.info[2]: rc3.0: /etc/flux/rc3 Exited (rc=0) 0.1s
2023-05-18T06:53:36.079036323Z broker.info[2]: rc3-success: finalize->goodbye 0.146437s
2023-05-18T06:53:36.080553618Z broker.info[2]: goodbye: goodbye->exit 0.991345ms
2023-05-18T06:53:36.088338313Z 06:53:36.088158 +++ exited with 0 +++
2023-05-18T06:53:36.089514637Z Return value for follower worker is 0
2023-05-18T06:53:36.089666146Z The follower worker exited cleanly. Goodbye!
