2023-05-18T06:53:40.854297915Z
2023-05-18T06:53:40.854733201Z Flux username: flux
2023-05-18T06:53:40.854743893Z
2023-05-18T06:53:40.854748992Z Flux install root: /usr
2023-05-18T06:53:40.896396280Z flux user is already added.
2023-05-18T06:53:40.899639549Z flux user identifiers:
2023-05-18T06:53:40.899669618Z uid=1234(flux) gid=1234(flux) groups=1234(flux)
2023-05-18T06:53:40.899764403Z
2023-05-18T06:53:40.899886936Z As Flux prefix for flux commands: sudo -u flux -E PYTHONPATH=/opt/conda/lib/python3.10/site-packages -E PATH=/opt/conda/bin:/usr/local/sbin:/usr/local/bin:/usr/sbin:/usr/bin:/sbin:/bin -E LD_LIBRARY_PATH=/opt/conda/lib -E HOME=/home/flux
2023-05-18T06:53:40.907051850Z
2023-05-18T06:53:40.907079069Z ðŸ‘‹ Hello, I'm flux-sample-1
2023-05-18T06:53:40.907195338Z The main host is flux-sample-0
2023-05-18T06:53:40.907209170Z The working directory is /home/flux/examples/reaxff/HNS, contents include:
2023-05-18T06:53:40.908858901Z /home/flux/examples/reaxff/HNS:
2023-05-18T06:53:40.908967277Z README.txt	ffield.reax.hns  log.8Mar18.reaxc.hns.g++.1
2023-05-18T06:53:40.908978198Z data.hns-equil	in.reaxc.hns	 log.8Mar18.reaxc.hns.g++.4
2023-05-18T06:53:40.909228444Z End of file listing, if you see nothing above there are no files.
2023-05-18T06:53:40.912644783Z flux R encode --hosts=flux-sample-[0-3]
2023-05-18T06:53:40.929395360Z
2023-05-18T06:53:40.929415619Z ðŸ“¦ Resources
2023-05-18T06:53:40.930967904Z {"version": 1, "execution": {"R_lite": [{"rank": "0-3", "children": {"core": "0"}}], "starttime": 0.0, "expiration": 0.0, "nodelist": ["flux-sample-[0-3]"]}}
2023-05-18T06:53:40.931214268Z
2023-05-18T06:53:40.931230409Z ðŸ¸ Diagnostics: false
2023-05-18T06:53:40.931334563Z ðŸš©ï¸ Flux Option Flags defined
2023-05-18T06:53:40.935716601Z
2023-05-18T06:53:40.935735469Z ðŸ¦Š Independent Minister of Privilege
2023-05-18T06:53:40.936988229Z [exec]
2023-05-18T06:53:40.937004052Z allowed-users = [ "flux", "root" ]
2023-05-18T06:53:40.937009916Z allowed-shells = [ "/usr/libexec/flux/flux-shell" ]
2023-05-18T06:53:40.937220078Z
2023-05-18T06:53:40.937234814Z ðŸ¸ Broker Configuration
2023-05-18T06:53:40.938366113Z # Flux needs to know the path to the IMP executable
2023-05-18T06:53:40.938381732Z [exec]
2023-05-18T06:53:40.938387435Z imp = "/usr/libexec/flux/flux-imp"
2023-05-18T06:53:40.938392087Z
2023-05-18T06:53:40.938399189Z [access]
2023-05-18T06:53:40.938405625Z allow-guest-user = true
2023-05-18T06:53:40.938411506Z allow-root-owner = true
2023-05-18T06:53:40.938416605Z
2023-05-18T06:53:40.938421372Z # Point to resource definition generated with flux-R(1).
2023-05-18T06:53:40.938426219Z [resource]
2023-05-18T06:53:40.938431604Z path = "/etc/flux/system/R"
2023-05-18T06:53:40.938436013Z
2023-05-18T06:53:40.938443092Z [bootstrap]
2023-05-18T06:53:40.938448764Z curve_cert = "/etc/curve/curve.cert"
2023-05-18T06:53:40.938453573Z default_port = 8050
2023-05-18T06:53:40.938458467Z default_bind = "tcp://eth0:%p"
2023-05-18T06:53:40.938463452Z default_connect = "tcp://%h.flux-service.flux-operator.svc.cluster.local:%p"
2023-05-18T06:53:40.938468530Z hosts = [
2023-05-18T06:53:40.938473351Z 	{ host="flux-sample-[0-3]"},
2023-05-18T06:53:40.938478173Z ]
2023-05-18T06:53:40.938485014Z
2023-05-18T06:53:40.938491125Z [archive]
2023-05-18T06:53:40.938496388Z dbpath = "/var/lib/flux/job-archive.sqlite"
2023-05-18T06:53:40.938501366Z period = "1m"
2023-05-18T06:53:41.016130757Z busytimeout = "50s"
2023-05-18T06:53:41.016152117Z ðŸ§Šï¸ State Directory:
2023-05-18T06:53:41.016158407Z total 0
2023-05-18T06:53:41.016165344Z
2023-05-18T06:53:41.019602938Z
2023-05-18T06:53:41.019622923Z ðŸ”’ï¸ Working directory permissions:
2023-05-18T06:53:41.019628895Z total 96
2023-05-18T06:53:41.019634463Z -rwxrwxrwx 1 flux root  2517 May 17 22:32 README.txt
2023-05-18T06:53:41.019639279Z -rwxrwxrwx 1 flux root 54692 May 17 22:32 data.hns-equil
2023-05-18T06:53:41.019666987Z -rwxrwxrwx 1 flux root 13576 May 17 22:32 ffield.reax.hns
2023-05-18T06:53:41.019672993Z -rwxrwxrwx 1 flux root   870 May 17 22:32 in.reaxc.hns
2023-05-18T06:53:41.019678904Z -rwxrwxrwx 1 flux root  4172 May 17 22:32 log.8Mar18.reaxc.hns.g++.1
2023-05-18T06:53:41.019683829Z -rwxrwxrwx 1 flux root  4168 May 17 22:32 log.8Mar18.reaxc.hns.g++.4
2023-05-18T06:53:41.019688423Z
2023-05-18T06:53:41.019692904Z
2023-05-18T06:53:41.019700129Z âœ¨ Curve certificate generated by helper pod
2023-05-18T06:53:41.021963280Z #   ****  Generated on 2023-04-26 22:54:42 by CZMQ  ****
2023-05-18T06:53:41.021979907Z #   ZeroMQ CURVE **Secret** Certificate
2023-05-18T06:53:41.021985952Z #   DO NOT PROVIDE THIS FILE TO OTHER USERS nor change its permissions.
2023-05-18T06:53:41.021993072Z
2023-05-18T06:53:41.021999439Z metadata
2023-05-18T06:53:41.022005148Z     name = "flux-cert-generator"
2023-05-18T06:53:41.022009894Z     keygen.hostname = "flux-sample-0"
2023-05-18T06:53:41.022023716Z curve
2023-05-18T06:53:41.022028799Z     public-key = "IqDa@Qtycqe&$Fm>i{sntqcWyCN8&p)mRjp5nJEu"
2023-05-18T06:53:41.022033692Z     secret-key = "KJ{u*V6(RcDu6>CJdJxaOBhMh43pRw[@A4hi1xDH"
2023-05-18T06:53:41.023729621Z
2023-05-18T06:53:41.023748639Z ðŸŒ€  flux start --wrap=strace,-e,network,-tt -o --config /etc/flux/config -Scron.directory=/etc/flux/system/cron.d   -Stbon.fanout=256   -Srundir=/run/flux    -Sstatedir=/var/lib/flux   -Slocal-uri=local:///run/flux/local   -Stbon.zmqdebug=1  -Slog-stderr-level=6    -Slog-stderr-mode=local
2023-05-18T06:53:41.064592202Z 06:53:41.063886 socket(AF_NETLINK, SOCK_RAW, NETLINK_ROUTE) = 8
2023-05-18T06:53:41.064611404Z 06:53:41.064230 bind(8, {sa_family=AF_NETLINK, nl_pid=0, nl_groups=00000000}, 12) = 0
2023-05-18T06:53:41.064616558Z 06:53:41.064326 getsockname(8, {sa_family=AF_NETLINK, nl_pid=70, nl_groups=00000000}, [12]) = 0
2023-05-18T06:53:41.065101180Z 06:53:41.064416 sendto(8, {{len=20, type=RTM_GETADDR, flags=NLM_F_REQUEST|NLM_F_DUMP, seq=1684392821, pid=0}, {ifa_family=AF_UNSPEC, ...}}, 20, 0, {sa_family=AF_NETLINK, nl_pid=0, nl_groups=00000000}, 12) = 20
2023-05-18T06:53:41.065620925Z 06:53:41.065142 recvmsg(8, {msg_name={sa_family=AF_NETLINK, nl_pid=0, nl_groups=00000000}, msg_namelen=12, msg_iov=[{iov_base=[{{len=76, type=RTM_NEWADDR, flags=NLM_F_MULTI, seq=1684392821, pid=70}, {ifa_family=AF_INET, ifa_prefixlen=8, ifa_flags=IFA_F_PERMANENT, ifa_scope=RT_SCOPE_HOST, ifa_index=if_nametoindex("lo")}, [{{nla_len=8, nla_type=IFA_ADDRESS}, 127.0.0.1}, {{nla_len=8, nla_type=IFA_LOCAL}, 127.0.0.1}, {{nla_len=7, nla_type=IFA_LABEL}, "lo"}, {{nla_len=8, nla_type=IFA_FLAGS}, IFA_F_PERMANENT}, {{nla_len=20, nla_type=IFA_CACHEINFO}, {ifa_prefered=4294967295, ifa_valid=4294967295, cstamp=1125592, tstamp=1125592}}]}, {{len=88, type=RTM_NEWADDR, flags=NLM_F_MULTI, seq=1684392821, pid=70}, {ifa_family=AF_INET, ifa_prefixlen=24, ifa_flags=IFA_F_PERMANENT, ifa_scope=RT_SCOPE_UNIVERSE, ifa_index=if_nametoindex("eth0")}, [{{nla_len=8, nla_type=IFA_ADDRESS}, 10.24.3.194}, {{nla_len=8, nla_type=IFA_LOCAL}, 10.24.3.194}, {{nla_len=8, nla_type=IFA_BROADCAST}, 10.24.3.255}, {{nla_len=9, nla_type=IFA_LABEL}, "eth0"}, {{nla_len=8, nla_type=IFA_FLAGS}, IFA_F_PERMANENT}, {{nla_len=20, nla_type=IFA_CACHEINFO}, {ifa_prefered=4294967295, ifa_valid=4294967295, cstamp=1125595, tstamp=1125595}}]}], iov_len=4096}], msg_iovlen=1, msg_controllen=0, msg_flags=0}, 0) = 164
2023-05-18T06:53:41.065988876Z 06:53:41.065672 recvmsg(8, {msg_name={sa_family=AF_NETLINK, nl_pid=0, nl_groups=00000000}, msg_namelen=12, msg_iov=[{iov_base={{len=20, type=NLMSG_DONE, flags=NLM_F_MULTI, seq=1684392821, pid=70}, 0}, iov_len=4096}], msg_iovlen=1, msg_controllen=0, msg_flags=0}, 0) = 20
2023-05-18T06:53:41.067322899Z 06:53:41.066546 socket(AF_UNIX, SOCK_STREAM|SOCK_CLOEXEC|SOCK_NONBLOCK, 0) = 8
2023-05-18T06:53:41.071263471Z 06:53:41.070221 connect(8, {sa_family=AF_UNIX, sun_path="/var/run/nscd/socket"}, 110) = -1 ENOENT (No such file or directory)
2023-05-18T06:53:41.071290267Z 06:53:41.070387 socket(AF_UNIX, SOCK_STREAM|SOCK_CLOEXEC|SOCK_NONBLOCK, 0) = 8
2023-05-18T06:53:41.071296708Z 06:53:41.070443 connect(8, {sa_family=AF_UNIX, sun_path="/var/run/nscd/socket"}, 110) = -1 ENOENT (No such file or directory)
2023-05-18T06:53:41.072148605Z 06:53:41.072013 socket(AF_INET, SOCK_DGRAM|SOCK_CLOEXEC|SOCK_NONBLOCK, IPPROTO_IP) = 8
2023-05-18T06:53:41.072454750Z 06:53:41.072151 connect(8, {sa_family=AF_INET, sin_port=htons(53), sin_addr=inet_addr("169.254.169.254")}, 16) = 0
2023-05-18T06:53:41.072998301Z 06:53:41.072504 sendto(8, "7\267\1\0\0\1\0\0\0\0\0\0\rflux-sample-0\fflux-"..., 76, MSG_NOSIGNAL, NULL, 0) = 76
2023-05-18T06:53:41.076445772Z 06:53:41.076187 recvfrom(8, "7\267\201\203\0\1\0\0\0\1\0\0\rflux-sample-0\fflux-"..., 1024, 0, {sa_family=AF_INET, sin_port=htons(53), sin_addr=inet_addr("169.254.169.254")}, [28->16]) = 172
2023-05-18T06:53:41.076786614Z 06:53:41.076538 socket(AF_INET, SOCK_DGRAM|SOCK_CLOEXEC|SOCK_NONBLOCK, IPPROTO_IP) = 8
2023-05-18T06:53:41.077015529Z 06:53:41.076814 connect(8, {sa_family=AF_INET, sin_port=htons(53), sin_addr=inet_addr("169.254.169.254")}, 16) = 0
2023-05-18T06:53:41.077425637Z 06:53:41.077072 sendto(8, "\355\273\1\0\0\1\0\0\0\0\0\0\rflux-sample-0\fflux-"..., 108, MSG_NOSIGNAL, NULL, 0) = 108
2023-05-18T06:53:41.084528018Z 06:53:41.084274 recvfrom(8, "\355\273\201\203\0\1\0\0\0\1\0\0\rflux-sample-0\fflux-"..., 1024, 0, {sa_family=AF_INET, sin_port=htons(53), sin_addr=inet_addr("169.254.169.254")}, [28->16]) = 204
2023-05-18T06:53:41.084868639Z 06:53:41.084625 socket(AF_INET, SOCK_DGRAM|SOCK_CLOEXEC|SOCK_NONBLOCK, IPPROTO_IP) = 8
2023-05-18T06:53:41.085140127Z 06:53:41.084918 connect(8, {sa_family=AF_INET, sin_port=htons(53), sin_addr=inet_addr("169.254.169.254")}, 16) = 0
2023-05-18T06:53:41.085494891Z 06:53:41.085227 sendto(8, "\2109\1\0\0\1\0\0\0\0\0\0\rflux-sample-0\fflux-"..., 94, MSG_NOSIGNAL, NULL, 0) = 94
2023-05-18T06:53:41.088300675Z 06:53:41.088052 recvfrom(8, "\2109\201\203\0\1\0\0\0\1\0\0\rflux-sample-0\fflux-"..., 1024, 0, {sa_family=AF_INET, sin_port=htons(53), sin_addr=inet_addr("169.254.169.254")}, [28->16]) = 190
2023-05-18T06:53:41.088473695Z 06:53:41.088302 socket(AF_INET, SOCK_DGRAM|SOCK_CLOEXEC|SOCK_NONBLOCK, IPPROTO_IP) = 8
2023-05-18T06:53:41.088545956Z 06:53:41.088411 connect(8, {sa_family=AF_INET, sin_port=htons(53), sin_addr=inet_addr("169.254.169.254")}, 16) = 0
2023-05-18T06:53:41.088800276Z 06:53:41.088566 sendto(8, "\214,\1\0\0\1\0\0\0\0\0\0\rflux-sample-0\fflux-"..., 90, MSG_NOSIGNAL, NULL, 0) = 90
2023-05-18T06:53:41.091937675Z 06:53:41.091712 recvfrom(8, "\214,\201\203\0\1\0\0\0\1\0\0\rflux-sample-0\fflux-"..., 1024, 0, {sa_family=AF_INET, sin_port=htons(53), sin_addr=inet_addr("169.254.169.254")}, [28->16]) = 186
2023-05-18T06:53:41.092125675Z 06:53:41.091943 socket(AF_INET, SOCK_DGRAM|SOCK_CLOEXEC|SOCK_NONBLOCK, IPPROTO_IP) = 8
2023-05-18T06:53:41.092268530Z 06:53:41.092080 connect(8, {sa_family=AF_INET, sin_port=htons(53), sin_addr=inet_addr("169.254.169.254")}, 16) = 0
2023-05-18T06:53:41.092490070Z 06:53:41.092249 sendto(8, "8\10\1\0\0\1\0\0\0\0\0\0\rflux-sample-0\fflux-"..., 111, MSG_NOSIGNAL, NULL, 0) = 111
2023-05-18T06:53:41.095930743Z 06:53:41.095665 recvfrom(8, "8\10\201\203\0\1\0\0\0\1\0\0\rflux-sample-0\fflux-"..., 1024, 0, {sa_family=AF_INET, sin_port=htons(53), sin_addr=inet_addr("169.254.169.254")}, [28->16]) = 205
2023-05-18T06:53:41.096140669Z 06:53:41.095950 socket(AF_INET, SOCK_DGRAM|SOCK_CLOEXEC|SOCK_NONBLOCK, IPPROTO_IP) = 8
2023-05-18T06:53:41.096234642Z 06:53:41.096014 connect(8, {sa_family=AF_INET, sin_port=htons(53), sin_addr=inet_addr("169.254.169.254")}, 16) = 0
2023-05-18T06:53:41.096411103Z 06:53:41.096127 sendto(8, "|\253\1\0\0\1\0\0\0\0\0\0\rflux-sample-0\fflux-"..., 97, MSG_NOSIGNAL, NULL, 0) = 97
2023-05-18T06:53:41.100206419Z 06:53:41.099916 recvfrom(8, "|\253\201\203\0\1\0\0\0\1\0\0\rflux-sample-0\fflux-"..., 1024, 0, {sa_family=AF_INET, sin_port=htons(53), sin_addr=inet_addr("169.254.169.254")}, [28->16]) = 186
2023-05-18T06:53:41.100397415Z 06:53:41.100091 socket(AF_INET, SOCK_DGRAM|SOCK_CLOEXEC|SOCK_NONBLOCK, IPPROTO_IP) = 8
2023-05-18T06:53:41.100411567Z 06:53:41.100184 connect(8, {sa_family=AF_INET, sin_port=htons(53), sin_addr=inet_addr("169.254.169.254")}, 16) = 0
2023-05-18T06:53:41.100660427Z 06:53:41.100288 sendto(8, "\274\3\1\0\0\1\0\0\0\0\0\0\rflux-sample-0\fflux-"..., 92, MSG_NOSIGNAL, NULL, 0) = 92
2023-05-18T06:53:41.104856478Z 06:53:41.104576 recvfrom(8, "\274\3\201\203\0\1\0\0\0\1\0\0\rflux-sample-0\fflux-"..., 1024, 0, {sa_family=AF_INET, sin_port=htons(53), sin_addr=inet_addr("169.254.169.254")}, [28->16]) = 181
2023-05-18T06:53:41.105085992Z broker.err[1]: Warning: unable to resolve upstream peer flux-sample-0.flux-service.flux-operator.svc.cluster.local: Name or service not known
2023-05-18T06:53:41.111745684Z broker.info[1]: start: none->join 2.52105ms
2023-05-18T06:53:42.873030437Z broker.info[1]: parent-ready: join->init 1.76095s
2023-05-18T06:53:42.873369511Z 06:53:42.873043 socketpair(AF_UNIX, SOCK_STREAM|SOCK_CLOEXEC, 0, [22, 23]) = 0
2023-05-18T06:53:42.873494836Z 06:53:42.873226 socketpair(AF_UNIX, SOCK_STREAM, 0, [24, 25]) = 0
2023-05-18T06:53:42.873715924Z 06:53:42.873518 socketpair(AF_UNIX, SOCK_STREAM, 0, [26, 27]) = 0
2023-05-18T06:53:42.874390741Z 06:53:42.873990 socketpair(AF_UNIX, SOCK_STREAM, 0, [28, 29]) = 0
2023-05-18T06:53:42.898692349Z broker.info[1]: configuration updated
2023-05-18T06:53:43.011759026Z broker.info[1]: rc1.0: running /etc/flux/rc1.d/01-sched-fluxion
2023-05-18T06:53:43.021941329Z broker.info[1]: rc1.0: running /etc/flux/rc1.d/02-cron
2023-05-18T06:53:43.051247612Z broker.info[1]: rc1.0: /etc/flux/rc1 Exited (rc=0) 0.2s
2023-05-18T06:53:43.052486159Z broker.info[1]: rc1-success: init->quorum 0.179275s
2023-05-18T06:53:43.175835164Z broker.info[1]: quorum-full: quorum->run 0.123057s
2023-05-18T06:53:53.765705078Z broker.info[1]: shutdown: run->cleanup 10.5896s
2023-05-18T06:53:53.767205184Z broker.info[1]: cleanup-none: cleanup->shutdown 1.22333ms
2023-05-18T06:53:53.768710517Z broker.info[1]: children-none: shutdown->finalize 1.05093ms
2023-05-18T06:53:53.769261603Z 06:53:53.768857 socketpair(AF_UNIX, SOCK_STREAM|SOCK_CLOEXEC, 0, [22, 23]) = 0
2023-05-18T06:53:53.769552989Z 06:53:53.769102 socketpair(AF_UNIX, SOCK_STREAM, 0, [24, 25]) = 0
2023-05-18T06:53:53.769880144Z 06:53:53.769551 socketpair(AF_UNIX, SOCK_STREAM, 0, [26, 28]) = 0
2023-05-18T06:53:53.770456083Z 06:53:53.769912 socketpair(AF_UNIX, SOCK_STREAM, 0, [58, 59]) = 0
2023-05-18T06:53:53.789297041Z broker.info[1]: rc3.0: running /etc/flux/rc3.d/01-sched-fluxion
2023-05-18T06:53:53.898251033Z broker.info[1]: rc3.0: /etc/flux/rc3 Exited (rc=0) 0.1s
2023-05-18T06:53:53.899196118Z broker.info[1]: rc3-success: finalize->goodbye 0.130162s
2023-05-18T06:53:53.900554716Z broker.info[1]: goodbye: goodbye->exit 1.23245ms
2023-05-18T06:53:53.907149956Z 06:53:53.907003 +++ exited with 0 +++
2023-05-18T06:53:53.908395097Z Return value for follower worker is 0
2023-05-18T06:53:53.908490445Z The follower worker exited cleanly. Goodbye!
