2023-05-18T06:58:51.547695703Z
2023-05-18T06:58:51.547722919Z Flux username: flux
2023-05-18T06:58:51.547740930Z
2023-05-18T06:58:51.547746435Z Flux install root: /usr
2023-05-18T06:58:51.593230037Z flux user is already added.
2023-05-18T06:58:51.597066816Z flux user identifiers:
2023-05-18T06:58:51.597088320Z uid=1234(flux) gid=1234(flux) groups=1234(flux)
2023-05-18T06:58:51.597104560Z
2023-05-18T06:58:51.597111568Z As Flux prefix for flux commands: sudo -u flux -E PYTHONPATH=/opt/conda/lib/python3.10/site-packages -E PATH=/opt/conda/bin:/usr/local/sbin:/usr/local/bin:/usr/sbin:/usr/bin:/sbin:/bin -E LD_LIBRARY_PATH=/opt/conda/lib -E HOME=/home/flux
2023-05-18T06:58:51.605163921Z
2023-05-18T06:58:51.605183152Z ðŸ‘‹ Hello, I'm flux-sample-3
2023-05-18T06:58:51.605189011Z The main host is flux-sample-0
2023-05-18T06:58:51.605194080Z The working directory is /home/flux/examples/reaxff/HNS, contents include:
2023-05-18T06:58:51.606739203Z /home/flux/examples/reaxff/HNS:
2023-05-18T06:58:51.606755889Z README.txt	ffield.reax.hns  log.8Mar18.reaxc.hns.g++.1
2023-05-18T06:58:51.606761502Z data.hns-equil	in.reaxc.hns	 log.8Mar18.reaxc.hns.g++.4
2023-05-18T06:58:51.606966923Z End of file listing, if you see nothing above there are no files.
2023-05-18T06:58:51.608672677Z flux R encode --hosts=flux-sample-[0-3]
2023-05-18T06:58:51.627402600Z
2023-05-18T06:58:51.627420900Z ðŸ“¦ Resources
2023-05-18T06:58:51.630565172Z {"version": 1, "execution": {"R_lite": [{"rank": "0-3", "children": {"core": "0"}}], "starttime": 0.0, "expiration": 0.0, "nodelist": ["flux-sample-[0-3]"]}}
2023-05-18T06:58:51.631154587Z
2023-05-18T06:58:51.631173376Z ðŸ¸ Diagnostics: false
2023-05-18T06:58:51.631180057Z ðŸš©ï¸ Flux Option Flags defined
2023-05-18T06:58:51.635016175Z
2023-05-18T06:58:51.635058969Z ðŸ¦Š Independent Minister of Privilege
2023-05-18T06:58:51.636419067Z [exec]
2023-05-18T06:58:51.636435324Z allowed-users = [ "flux", "root" ]
2023-05-18T06:58:51.636442044Z allowed-shells = [ "/usr/libexec/flux/flux-shell" ]
2023-05-18T06:58:51.636446933Z
2023-05-18T06:58:51.636452689Z ðŸ¸ Broker Configuration
2023-05-18T06:58:51.637945886Z # Flux needs to know the path to the IMP executable
2023-05-18T06:58:51.637962633Z [exec]
2023-05-18T06:58:51.637968355Z imp = "/usr/libexec/flux/flux-imp"
2023-05-18T06:58:51.637972767Z
2023-05-18T06:58:51.637977456Z [access]
2023-05-18T06:58:51.637983196Z allow-guest-user = true
2023-05-18T06:58:51.637988195Z allow-root-owner = true
2023-05-18T06:58:51.638009461Z
2023-05-18T06:58:51.638016149Z # Point to resource definition generated with flux-R(1).
2023-05-18T06:58:51.638037404Z [resource]
2023-05-18T06:58:51.638051269Z path = "/etc/flux/system/R"
2023-05-18T06:58:51.638058081Z
2023-05-18T06:58:51.638064011Z [bootstrap]
2023-05-18T06:58:51.638069302Z curve_cert = "/etc/curve/curve.cert"
2023-05-18T06:58:51.638074236Z default_port = 8050
2023-05-18T06:58:51.638102662Z default_bind = "tcp://eth0:%p"
2023-05-18T06:58:51.638110695Z default_connect = "tcp://%h.flux-service.flux-operator.svc.cluster.local:%p"
2023-05-18T06:58:51.638117024Z hosts = [
2023-05-18T06:58:51.638121918Z 	{ host="flux-sample-[0-3]"},
2023-05-18T06:58:51.638127220Z ]
2023-05-18T06:58:51.638132115Z
2023-05-18T06:58:51.638136703Z [archive]
2023-05-18T06:58:51.638141580Z dbpath = "/var/lib/flux/job-archive.sqlite"
2023-05-18T06:58:51.638146589Z period = "1m"
2023-05-18T06:58:51.710204244Z busytimeout = "50s"
2023-05-18T06:58:51.710226570Z ðŸ§Šï¸ State Directory:
2023-05-18T06:58:51.710232604Z total 0
2023-05-18T06:58:51.710237546Z
2023-05-18T06:58:51.713005659Z
2023-05-18T06:58:51.713061434Z ðŸ”’ï¸ Working directory permissions:
2023-05-18T06:58:51.713070722Z total 96
2023-05-18T06:58:51.713078193Z -rwxrwxrwx 1 flux root  2517 May 17 22:32 README.txt
2023-05-18T06:58:51.713084112Z -rwxrwxrwx 1 flux root 54692 May 17 22:32 data.hns-equil
2023-05-18T06:58:51.713089417Z -rwxrwxrwx 1 flux root 13576 May 17 22:32 ffield.reax.hns
2023-05-18T06:58:51.713094751Z -rwxrwxrwx 1 flux root   870 May 17 22:32 in.reaxc.hns
2023-05-18T06:58:51.713215059Z -rwxrwxrwx 1 flux root  4172 May 17 22:32 log.8Mar18.reaxc.hns.g++.1
2023-05-18T06:58:51.713257343Z -rwxrwxrwx 1 flux root  4168 May 17 22:32 log.8Mar18.reaxc.hns.g++.4
2023-05-18T06:58:51.713262917Z
2023-05-18T06:58:51.713267390Z
2023-05-18T06:58:51.713272625Z âœ¨ Curve certificate generated by helper pod
2023-05-18T06:58:51.714744277Z #   ****  Generated on 2023-04-26 22:54:42 by CZMQ  ****
2023-05-18T06:58:51.714801381Z #   ZeroMQ CURVE **Secret** Certificate
2023-05-18T06:58:51.714812218Z #   DO NOT PROVIDE THIS FILE TO OTHER USERS nor change its permissions.
2023-05-18T06:58:51.714817760Z
2023-05-18T06:58:51.714822678Z metadata
2023-05-18T06:58:51.714830269Z     name = "flux-cert-generator"
2023-05-18T06:58:51.714838200Z     keygen.hostname = "flux-sample-0"
2023-05-18T06:58:51.714843254Z curve
2023-05-18T06:58:51.714871742Z     public-key = "mh@Nw.$b{smlv$cr0%-U&-k9fT$#2s.o+(^)CR}E"
2023-05-18T06:58:51.714879214Z     secret-key = "d0SoyoDbr7ZHGeksGupJrdLXB6D&9N(iP?VeVFH9"
2023-05-18T06:58:51.717471714Z
2023-05-18T06:58:51.717682349Z ðŸŒ€  flux start --wrap=strace,-e,network,-tt -o --config /etc/flux/config -Scron.directory=/etc/flux/system/cron.d   -Stbon.fanout=256   -Srundir=/run/flux    -Sstatedir=/var/lib/flux   -Slocal-uri=local:///run/flux/local   -Stbon.zmqdebug=1  -Slog-stderr-level=6    -Slog-stderr-mode=local
2023-05-18T06:58:51.759836725Z 06:58:51.759537 socket(AF_NETLINK, SOCK_RAW, NETLINK_ROUTE) = 8
2023-05-18T06:58:51.759863100Z 06:58:51.759646 bind(8, {sa_family=AF_NETLINK, nl_pid=0, nl_groups=00000000}, 12) = 0
2023-05-18T06:58:51.760113698Z 06:58:51.759716 getsockname(8, {sa_family=AF_NETLINK, nl_pid=70, nl_groups=00000000}, [12]) = 0
2023-05-18T06:58:51.760132258Z 06:58:51.759788 sendto(8, {{len=20, type=RTM_GETADDR, flags=NLM_F_REQUEST|NLM_F_DUMP, seq=1684393131, pid=0}, {ifa_family=AF_UNSPEC, ...}}, 20, 0, {sa_family=AF_NETLINK, nl_pid=0, nl_groups=00000000}, 12) = 20
2023-05-18T06:58:51.760509695Z 06:58:51.760006 recvmsg(8, {msg_name={sa_family=AF_NETLINK, nl_pid=0, nl_groups=00000000}, msg_namelen=12, msg_iov=[{iov_base=[{{len=76, type=RTM_NEWADDR, flags=NLM_F_MULTI, seq=1684393131, pid=70}, {ifa_family=AF_INET, ifa_prefixlen=8, ifa_flags=IFA_F_PERMANENT, ifa_scope=RT_SCOPE_HOST, ifa_index=if_nametoindex("lo")}, [{{nla_len=8, nla_type=IFA_ADDRESS}, 127.0.0.1}, {{nla_len=8, nla_type=IFA_LOCAL}, 127.0.0.1}, {{nla_len=7, nla_type=IFA_LABEL}, "lo"}, {{nla_len=8, nla_type=IFA_FLAGS}, IFA_F_PERMANENT}, {{nla_len=20, nla_type=IFA_CACHEINFO}, {ifa_prefered=4294967295, ifa_valid=4294967295, cstamp=1156650, tstamp=1156650}}]}, {{len=88, type=RTM_NEWADDR, flags=NLM_F_MULTI, seq=1684393131, pid=70}, {ifa_family=AF_INET, ifa_prefixlen=24, ifa_flags=IFA_F_PERMANENT, ifa_scope=RT_SCOPE_UNIVERSE, ifa_index=if_nametoindex("eth0")}, [{{nla_len=8, nla_type=IFA_ADDRESS}, 10.24.0.188}, {{nla_len=8, nla_type=IFA_LOCAL}, 10.24.0.188}, {{nla_len=8, nla_type=IFA_BROADCAST}, 10.24.0.255}, {{nla_len=9, nla_type=IFA_LABEL}, "eth0"}, {{nla_len=8, nla_type=IFA_FLAGS}, IFA_F_PERMANENT}, {{nla_len=20, nla_type=IFA_CACHEINFO}, {ifa_prefered=4294967295, ifa_valid=4294967295, cstamp=1156652, tstamp=1156652}}]}], iov_len=4096}], msg_iovlen=1, msg_controllen=0, msg_flags=0}, 0) = 164
2023-05-18T06:58:51.760690366Z 06:58:51.760355 recvmsg(8, {msg_name={sa_family=AF_NETLINK, nl_pid=0, nl_groups=00000000}, msg_namelen=12, msg_iov=[{iov_base={{len=20, type=NLMSG_DONE, flags=NLM_F_MULTI, seq=1684393131, pid=70}, 0}, iov_len=4096}], msg_iovlen=1, msg_controllen=0, msg_flags=0}, 0) = 20
2023-05-18T06:58:51.761172334Z 06:58:51.760957 socket(AF_UNIX, SOCK_STREAM|SOCK_CLOEXEC|SOCK_NONBLOCK, 0) = 8
2023-05-18T06:58:51.761428796Z 06:58:51.761056 connect(8, {sa_family=AF_UNIX, sun_path="/var/run/nscd/socket"}, 110) = -1 ENOENT (No such file or directory)
2023-05-18T06:58:51.761442414Z 06:58:51.761175 socket(AF_UNIX, SOCK_STREAM|SOCK_CLOEXEC|SOCK_NONBLOCK, 0) = 8
2023-05-18T06:58:51.761449618Z 06:58:51.761237 connect(8, {sa_family=AF_UNIX, sun_path="/var/run/nscd/socket"}, 110) = -1 ENOENT (No such file or directory)
2023-05-18T06:58:51.763211469Z 06:58:51.762694 socket(AF_INET, SOCK_DGRAM|SOCK_CLOEXEC|SOCK_NONBLOCK, IPPROTO_IP) = 8
2023-05-18T06:58:51.763229129Z 06:58:51.762776 connect(8, {sa_family=AF_INET, sin_port=htons(53), sin_addr=inet_addr("169.254.169.254")}, 16) = 0
2023-05-18T06:58:51.763233994Z 06:58:51.762895 sendto(8, "\221\374\1\0\0\1\0\0\0\0\0\0\rflux-sample-0\fflux-"..., 76, MSG_NOSIGNAL, NULL, 0) = 76
2023-05-18T06:58:51.766926190Z 06:58:51.766679 recvfrom(8, "\221\374\201\203\0\1\0\0\0\1\0\0\rflux-sample-0\fflux-"..., 1024, 0, {sa_family=AF_INET, sin_port=htons(53), sin_addr=inet_addr("169.254.169.254")}, [28->16]) = 172
2023-05-18T06:58:51.767310912Z 06:58:51.767084 socket(AF_INET, SOCK_DGRAM|SOCK_CLOEXEC|SOCK_NONBLOCK, IPPROTO_IP) = 8
2023-05-18T06:58:51.767463540Z 06:58:51.767165 connect(8, {sa_family=AF_INET, sin_port=htons(53), sin_addr=inet_addr("169.254.169.254")}, 16) = 0
2023-05-18T06:58:51.767506334Z 06:58:51.767284 sendto(8, "\212\37\1\0\0\1\0\0\0\0\0\0\rflux-sample-0\fflux-"..., 108, MSG_NOSIGNAL, NULL, 0) = 108
2023-05-18T06:58:51.770978209Z 06:58:51.770593 recvfrom(8, "\212\37\201\203\0\1\0\0\0\1\0\0\rflux-sample-0\fflux-"..., 1024, 0, {sa_family=AF_INET, sin_port=htons(53), sin_addr=inet_addr("169.254.169.254")}, [28->16]) = 204
2023-05-18T06:58:51.771169466Z 06:58:51.770758 socket(AF_INET, SOCK_DGRAM|SOCK_CLOEXEC|SOCK_NONBLOCK, IPPROTO_IP) = 8
2023-05-18T06:58:51.771183305Z 06:58:51.770834 connect(8, {sa_family=AF_INET, sin_port=htons(53), sin_addr=inet_addr("169.254.169.254")}, 16) = 0
2023-05-18T06:58:51.771205137Z 06:58:51.770947 sendto(8, "\37\"\1\0\0\1\0\0\0\0\0\0\rflux-sample-0\fflux-"..., 94, MSG_NOSIGNAL, NULL, 0) = 94
2023-05-18T06:58:51.774150846Z 06:58:51.773923 recvfrom(8, "\37\"\201\203\0\1\0\0\0\1\0\0\rflux-sample-0\fflux-"..., 1024, 0, {sa_family=AF_INET, sin_port=htons(53), sin_addr=inet_addr("169.254.169.254")}, [28->16]) = 190
2023-05-18T06:58:51.774332455Z 06:58:51.774174 socket(AF_INET, SOCK_DGRAM|SOCK_CLOEXEC|SOCK_NONBLOCK, IPPROTO_IP) = 8
2023-05-18T06:58:51.774460279Z 06:58:51.774314 connect(8, {sa_family=AF_INET, sin_port=htons(53), sin_addr=inet_addr("169.254.169.254")}, 16) = 0
2023-05-18T06:58:51.774772609Z 06:58:51.774483 sendto(8, "b\345\1\0\0\1\0\0\0\0\0\0\rflux-sample-0\fflux-"..., 90, MSG_NOSIGNAL, NULL, 0) = 90
2023-05-18T06:58:51.778396237Z 06:58:51.778215 recvfrom(8, "b\345\201\203\0\1\0\0\0\1\0\0\rflux-sample-0\fflux-"..., 1024, 0, {sa_family=AF_INET, sin_port=htons(53), sin_addr=inet_addr("169.254.169.254")}, [28->16]) = 186
2023-05-18T06:58:51.778869806Z 06:58:51.778531 socket(AF_INET, SOCK_DGRAM|SOCK_CLOEXEC|SOCK_NONBLOCK, IPPROTO_IP) = 8
2023-05-18T06:58:51.778886308Z 06:58:51.778722 connect(8, {sa_family=AF_INET, sin_port=htons(53), sin_addr=inet_addr("169.254.169.254")}, 16) = 0
2023-05-18T06:58:51.779119729Z 06:58:51.778854 sendto(8, "\345\243\1\0\0\1\0\0\0\0\0\0\rflux-sample-0\fflux-"..., 111, MSG_NOSIGNAL, NULL, 0) = 111
2023-05-18T06:58:51.781607574Z 06:58:51.781395 recvfrom(8, "\345\243\201\203\0\1\0\0\0\1\0\0\rflux-sample-0\fflux-"..., 1024, 0, {sa_family=AF_INET, sin_port=htons(53), sin_addr=inet_addr("169.254.169.254")}, [28->16]) = 205
2023-05-18T06:58:51.782092962Z 06:58:51.781663 socket(AF_INET, SOCK_DGRAM|SOCK_CLOEXEC|SOCK_NONBLOCK, IPPROTO_IP) = 8
2023-05-18T06:58:51.782112297Z 06:58:51.781758 connect(8, {sa_family=AF_INET, sin_port=htons(53), sin_addr=inet_addr("169.254.169.254")}, 16) = 0
2023-05-18T06:58:51.782129200Z 06:58:51.781879 sendto(8, "\344\311\1\0\0\1\0\0\0\0\0\0\rflux-sample-0\fflux-"..., 97, MSG_NOSIGNAL, NULL, 0) = 97
2023-05-18T06:58:51.784682822Z 06:58:51.784484 recvfrom(8, "\344\311\201\203\0\1\0\0\0\1\0\0\rflux-sample-0\fflux-"..., 1024, 0, {sa_family=AF_INET, sin_port=htons(53), sin_addr=inet_addr("169.254.169.254")}, [28->16]) = 186
2023-05-18T06:58:51.784923924Z 06:58:51.784738 socket(AF_INET, SOCK_DGRAM|SOCK_CLOEXEC|SOCK_NONBLOCK, IPPROTO_IP) = 8
2023-05-18T06:58:51.785143123Z 06:58:51.784816 connect(8, {sa_family=AF_INET, sin_port=htons(53), sin_addr=inet_addr("169.254.169.254")}, 16) = 0
2023-05-18T06:58:51.785160076Z 06:58:51.784922 sendto(8, "\r\260\1\0\0\1\0\0\0\0\0\0\rflux-sample-0\fflux-"..., 92, MSG_NOSIGNAL, NULL, 0) = 92
2023-05-18T06:58:51.789391378Z 06:58:51.789154 recvfrom(8, "\r\260\201\203\0\1\0\0\0\1\0\0\rflux-sample-0\fflux-"..., 1024, 0, {sa_family=AF_INET, sin_port=htons(53), sin_addr=inet_addr("169.254.169.254")}, [28->16]) = 181
2023-05-18T06:58:51.789575388Z broker.err[3]: Warning: unable to resolve upstream peer flux-sample-0.flux-service.flux-operator.svc.cluster.local: Name or service not known
2023-05-18T06:58:51.796107677Z broker.info[3]: start: none->join 2.31817ms
2023-05-18T06:58:52.506946609Z broker.info[3]: parent-ready: join->init 0.710683s
2023-05-18T06:58:52.507181541Z 06:58:52.506933 socketpair(AF_UNIX, SOCK_STREAM|SOCK_CLOEXEC, 0, [22, 23]) = 0
2023-05-18T06:58:52.507474233Z 06:58:52.507261 socketpair(AF_UNIX, SOCK_STREAM, 0, [24, 25]) = 0
2023-05-18T06:58:52.507610611Z 06:58:52.507477 socketpair(AF_UNIX, SOCK_STREAM, 0, [26, 27]) = 0
2023-05-18T06:58:52.507797142Z 06:58:52.507661 socketpair(AF_UNIX, SOCK_STREAM, 0, [28, 29]) = 0
2023-05-18T06:58:52.531287808Z broker.info[3]: configuration updated
2023-05-18T06:58:52.657700009Z broker.info[3]: rc1.0: running /etc/flux/rc1.d/01-sched-fluxion
2023-05-18T06:58:52.668904986Z broker.info[3]: rc1.0: running /etc/flux/rc1.d/02-cron
2023-05-18T06:58:52.689690988Z broker.info[3]: rc1.0: /etc/flux/rc1 Exited (rc=0) 0.2s
2023-05-18T06:58:52.690843274Z broker.info[3]: rc1-success: init->quorum 0.183779s
2023-05-18T06:58:52.894390081Z broker.info[3]: quorum-full: quorum->run 0.203145s
2023-05-18T06:58:53.525015264Z 06:58:53.524626 socketpair(AF_UNIX, SOCK_STREAM|SOCK_CLOEXEC, 0, [22, 23]) = 0
2023-05-18T06:58:53.525430172Z 06:58:53.525142 socketpair(AF_UNIX, SOCK_STREAM, 0, [24, 25]) = 0
2023-05-18T06:58:53.525905605Z 06:58:53.525691 socketpair(AF_UNIX, SOCK_STREAM, 0, [26, 28]) = 0
2023-05-18T06:58:53.526223857Z 06:58:53.526010 socketpair(AF_UNIX, SOCK_STREAM, 0, [58, 59]) = 0
2023-05-18T06:59:03.600555344Z broker.info[3]: shutdown: run->cleanup 10.7057s
2023-05-18T06:59:03.601893920Z broker.info[3]: cleanup-none: cleanup->shutdown 1.20328ms
2023-05-18T06:59:03.603109748Z broker.info[3]: children-none: shutdown->finalize 0.97462ms
2023-05-18T06:59:03.603689342Z 06:59:03.603183 socketpair(AF_UNIX, SOCK_STREAM|SOCK_CLOEXEC, 0, [22, 23]) = 0
2023-05-18T06:59:03.604210778Z 06:59:03.603414 socketpair(AF_UNIX, SOCK_STREAM, 0, [24, 25]) = 0
2023-05-18T06:59:03.604683493Z 06:59:03.603716 socketpair(AF_UNIX, SOCK_STREAM, 0, [26, 28]) = 0
2023-05-18T06:59:03.605152999Z 06:59:03.603998 socketpair(AF_UNIX, SOCK_STREAM, 0, [58, 59]) = 0
2023-05-18T06:59:03.621968276Z broker.info[3]: rc3.0: running /etc/flux/rc3.d/01-sched-fluxion
2023-05-18T06:59:03.742085738Z broker.info[3]: rc3.0: /etc/flux/rc3 Exited (rc=0) 0.1s
2023-05-18T06:59:03.742685680Z broker.info[3]: rc3-success: finalize->goodbye 0.139341s
2023-05-18T06:59:03.743843871Z broker.info[3]: goodbye: goodbye->exit 0.928207ms
2023-05-18T06:59:03.751123261Z 06:59:03.750994 +++ exited with 0 +++
2023-05-18T06:59:03.752573347Z Return value for follower worker is 0
2023-05-18T06:59:03.752684782Z The follower worker exited cleanly. Goodbye!
