2023-05-18T06:52:47.964180875Z
2023-05-18T06:52:47.964231032Z Flux username: flux
2023-05-18T06:52:47.964237820Z
2023-05-18T06:52:47.964274037Z Flux install root: /usr
2023-05-18T06:52:48.009804421Z flux user is already added.
2023-05-18T06:52:48.013146156Z flux user identifiers:
2023-05-18T06:52:48.013167373Z uid=1234(flux) gid=1234(flux) groups=1234(flux)
2023-05-18T06:52:48.013172939Z
2023-05-18T06:52:48.013178761Z As Flux prefix for flux commands: sudo -u flux -E PYTHONPATH=/opt/conda/lib/python3.10/site-packages -E PATH=/opt/conda/bin:/usr/local/sbin:/usr/local/bin:/usr/sbin:/usr/bin:/sbin:/bin -E LD_LIBRARY_PATH=/opt/conda/lib -E HOME=/home/flux
2023-05-18T06:52:48.021167591Z
2023-05-18T06:52:48.021190612Z 👋 Hello, I'm flux-sample-2
2023-05-18T06:52:48.021378138Z The main host is flux-sample-0
2023-05-18T06:52:48.021474528Z The working directory is /home/flux/examples/reaxff/HNS, contents include:
2023-05-18T06:52:48.023122230Z /home/flux/examples/reaxff/HNS:
2023-05-18T06:52:48.023244573Z README.txt	ffield.reax.hns  log.8Mar18.reaxc.hns.g++.1
2023-05-18T06:52:48.023277076Z data.hns-equil	in.reaxc.hns	 log.8Mar18.reaxc.hns.g++.4
2023-05-18T06:52:48.023532080Z End of file listing, if you see nothing above there are no files.
2023-05-18T06:52:48.025236420Z flux R encode --hosts=flux-sample-[0-3]
2023-05-18T06:52:48.038833006Z
2023-05-18T06:52:48.038867768Z 📦 Resources
2023-05-18T06:52:48.040356333Z {"version": 1, "execution": {"R_lite": [{"rank": "0-3", "children": {"core": "0"}}], "starttime": 0.0, "expiration": 0.0, "nodelist": ["flux-sample-[0-3]"]}}
2023-05-18T06:52:48.040580589Z
2023-05-18T06:52:48.040595667Z 🐸 Diagnostics: false
2023-05-18T06:52:48.040735945Z 🚩️ Flux Option Flags defined
2023-05-18T06:52:48.044363642Z
2023-05-18T06:52:48.044383466Z 🦊 Independent Minister of Privilege
2023-05-18T06:52:48.045621742Z [exec]
2023-05-18T06:52:48.045639651Z allowed-users = [ "flux", "root" ]
2023-05-18T06:52:48.045646829Z allowed-shells = [ "/usr/libexec/flux/flux-shell" ]
2023-05-18T06:52:48.045817140Z
2023-05-18T06:52:48.045831572Z 🐸 Broker Configuration
2023-05-18T06:52:48.047035408Z # Flux needs to know the path to the IMP executable
2023-05-18T06:52:48.047051557Z [exec]
2023-05-18T06:52:48.047057314Z imp = "/usr/libexec/flux/flux-imp"
2023-05-18T06:52:48.047064246Z
2023-05-18T06:52:48.047070906Z [access]
2023-05-18T06:52:48.047088106Z allow-guest-user = true
2023-05-18T06:52:48.047093407Z allow-root-owner = true
2023-05-18T06:52:48.047097941Z
2023-05-18T06:52:48.047103124Z # Point to resource definition generated with flux-R(1).
2023-05-18T06:52:48.047110105Z [resource]
2023-05-18T06:52:48.047116458Z path = "/etc/flux/system/R"
2023-05-18T06:52:48.047121461Z
2023-05-18T06:52:48.047126327Z [bootstrap]
2023-05-18T06:52:48.047131268Z curve_cert = "/etc/curve/curve.cert"
2023-05-18T06:52:48.047140581Z default_port = 8050
2023-05-18T06:52:48.047145601Z default_bind = "tcp://eth0:%p"
2023-05-18T06:52:48.047151096Z default_connect = "tcp://%h.flux-service.flux-operator.svc.cluster.local:%p"
2023-05-18T06:52:48.047157935Z hosts = [
2023-05-18T06:52:48.047163957Z 	{ host="flux-sample-[0-3]"},
2023-05-18T06:52:48.047168964Z ]
2023-05-18T06:52:48.047173416Z
2023-05-18T06:52:48.047178377Z [archive]
2023-05-18T06:52:48.047183454Z dbpath = "/var/lib/flux/job-archive.sqlite"
2023-05-18T06:52:48.047188169Z period = "1m"
2023-05-18T06:52:48.123751877Z busytimeout = "50s"
2023-05-18T06:52:48.123787568Z 🧊️ State Directory:
2023-05-18T06:52:48.123794612Z total 0
2023-05-18T06:52:48.123799317Z
2023-05-18T06:52:48.126506760Z
2023-05-18T06:52:48.126529590Z 🔒️ Working directory permissions:
2023-05-18T06:52:48.126545150Z total 96
2023-05-18T06:52:48.126550808Z -rwxrwxrwx 1 flux root  2517 May 17 22:32 README.txt
2023-05-18T06:52:48.126556292Z -rwxrwxrwx 1 flux root 54692 May 17 22:32 data.hns-equil
2023-05-18T06:52:48.126560892Z -rwxrwxrwx 1 flux root 13576 May 17 22:32 ffield.reax.hns
2023-05-18T06:52:48.126568487Z -rwxrwxrwx 1 flux root   870 May 17 22:32 in.reaxc.hns
2023-05-18T06:52:48.126723546Z -rwxrwxrwx 1 flux root  4172 May 17 22:32 log.8Mar18.reaxc.hns.g++.1
2023-05-18T06:52:48.126733831Z -rwxrwxrwx 1 flux root  4168 May 17 22:32 log.8Mar18.reaxc.hns.g++.4
2023-05-18T06:52:48.126739120Z
2023-05-18T06:52:48.126743728Z
2023-05-18T06:52:48.126749126Z ✨ Curve certificate generated by helper pod
2023-05-18T06:52:48.128042651Z #   ****  Generated on 2023-04-26 22:54:42 by CZMQ  ****
2023-05-18T06:52:48.128059100Z #   ZeroMQ CURVE **Secret** Certificate
2023-05-18T06:52:48.128071040Z #   DO NOT PROVIDE THIS FILE TO OTHER USERS nor change its permissions.
2023-05-18T06:52:48.128077365Z
2023-05-18T06:52:48.128094230Z metadata
2023-05-18T06:52:48.128100071Z     name = "flux-cert-generator"
2023-05-18T06:52:48.128104679Z     keygen.hostname = "flux-sample-0"
2023-05-18T06:52:48.128109360Z curve
2023-05-18T06:52:48.128116300Z     public-key = "8u!bTw/A@9pPc$1Gr^+:qJT/qJmLPY4^QYI[lxvC"
2023-05-18T06:52:48.128122270Z     secret-key = "mUv*3LLnv<u.eaSne52bq*oO0@sjy(gg7N)Z32G}"
2023-05-18T06:52:48.131597241Z
2023-05-18T06:52:48.131616026Z 🌀  flux start --wrap=strace,-e,network,-tt -o --config /etc/flux/config -Scron.directory=/etc/flux/system/cron.d   -Stbon.fanout=256   -Srundir=/run/flux    -Sstatedir=/var/lib/flux   -Slocal-uri=local:///run/flux/local   -Stbon.zmqdebug=1  -Slog-stderr-level=6    -Slog-stderr-mode=local
2023-05-18T06:52:48.174421150Z 06:52:48.174019 socket(AF_NETLINK, SOCK_RAW, NETLINK_ROUTE) = 8
2023-05-18T06:52:48.174453930Z 06:52:48.174121 bind(8, {sa_family=AF_NETLINK, nl_pid=0, nl_groups=00000000}, 12) = 0
2023-05-18T06:52:48.174460357Z 06:52:48.174189 getsockname(8, {sa_family=AF_NETLINK, nl_pid=70, nl_groups=00000000}, [12]) = 0
2023-05-18T06:52:48.174588043Z 06:52:48.174264 sendto(8, {{len=20, type=RTM_GETADDR, flags=NLM_F_REQUEST|NLM_F_DUMP, seq=1684392768, pid=0}, {ifa_family=AF_UNSPEC, ...}}, 20, 0, {sa_family=AF_NETLINK, nl_pid=0, nl_groups=00000000}, 12) = 20
2023-05-18T06:52:48.174868421Z 06:52:48.174496 recvmsg(8, {msg_name={sa_family=AF_NETLINK, nl_pid=0, nl_groups=00000000}, msg_namelen=12, msg_iov=[{iov_base=[{{len=76, type=RTM_NEWADDR, flags=NLM_F_MULTI, seq=1684392768, pid=70}, {ifa_family=AF_INET, ifa_prefixlen=8, ifa_flags=IFA_F_PERMANENT, ifa_scope=RT_SCOPE_HOST, ifa_index=if_nametoindex("lo")}, [{{nla_len=8, nla_type=IFA_ADDRESS}, 127.0.0.1}, {{nla_len=8, nla_type=IFA_LOCAL}, 127.0.0.1}, {{nla_len=7, nla_type=IFA_LABEL}, "lo"}, {{nla_len=8, nla_type=IFA_FLAGS}, IFA_F_PERMANENT}, {{nla_len=20, nla_type=IFA_CACHEINFO}, {ifa_prefered=4294967295, ifa_valid=4294967295, cstamp=1120391, tstamp=1120391}}]}, {{len=88, type=RTM_NEWADDR, flags=NLM_F_MULTI, seq=1684392768, pid=70}, {ifa_family=AF_INET, ifa_prefixlen=24, ifa_flags=IFA_F_PERMANENT, ifa_scope=RT_SCOPE_UNIVERSE, ifa_index=if_nametoindex("eth0")}, [{{nla_len=8, nla_type=IFA_ADDRESS}, 10.24.1.202}, {{nla_len=8, nla_type=IFA_LOCAL}, 10.24.1.202}, {{nla_len=8, nla_type=IFA_BROADCAST}, 10.24.1.255}, {{nla_len=9, nla_type=IFA_LABEL}, "eth0"}, {{nla_len=8, nla_type=IFA_FLAGS}, IFA_F_PERMANENT}, {{nla_len=20, nla_type=IFA_CACHEINFO}, {ifa_prefered=4294967295, ifa_valid=4294967295, cstamp=1120393, tstamp=1120393}}]}], iov_len=4096}], msg_iovlen=1, msg_controllen=0, msg_flags=0}, 0) = 164
2023-05-18T06:52:48.174988443Z 06:52:48.174794 recvmsg(8, {msg_name={sa_family=AF_NETLINK, nl_pid=0, nl_groups=00000000}, msg_namelen=12, msg_iov=[{iov_base={{len=20, type=NLMSG_DONE, flags=NLM_F_MULTI, seq=1684392768, pid=70}, 0}, iov_len=4096}], msg_iovlen=1, msg_controllen=0, msg_flags=0}, 0) = 20
2023-05-18T06:52:48.175589491Z 06:52:48.175359 socket(AF_UNIX, SOCK_STREAM|SOCK_CLOEXEC|SOCK_NONBLOCK, 0) = 8
2023-05-18T06:52:48.175606818Z 06:52:48.175434 connect(8, {sa_family=AF_UNIX, sun_path="/var/run/nscd/socket"}, 110) = -1 ENOENT (No such file or directory)
2023-05-18T06:52:48.175710388Z 06:52:48.175546 socket(AF_UNIX, SOCK_STREAM|SOCK_CLOEXEC|SOCK_NONBLOCK, 0) = 8
2023-05-18T06:52:48.175885534Z 06:52:48.175600 connect(8, {sa_family=AF_UNIX, sun_path="/var/run/nscd/socket"}, 110) = -1 ENOENT (No such file or directory)
2023-05-18T06:52:48.177131956Z 06:52:48.176893 socket(AF_INET, SOCK_DGRAM|SOCK_CLOEXEC|SOCK_NONBLOCK, IPPROTO_IP) = 8
2023-05-18T06:52:48.177665104Z 06:52:48.176968 connect(8, {sa_family=AF_INET, sin_port=htons(53), sin_addr=inet_addr("169.254.169.254")}, 16) = 0
2023-05-18T06:52:48.177690670Z 06:52:48.177078 sendto(8, "JL\1\0\0\1\0\0\0\0\0\0\rflux-sample-0\fflux-"..., 76, MSG_NOSIGNAL, NULL, 0) = 76
2023-05-18T06:52:48.181502142Z 06:52:48.181249 recvfrom(8, "JL\201\203\0\1\0\0\0\1\0\0\rflux-sample-0\fflux-"..., 1024, 0, {sa_family=AF_INET, sin_port=htons(53), sin_addr=inet_addr("169.254.169.254")}, [28->16]) = 172
2023-05-18T06:52:48.181596845Z 06:52:48.181449 socket(AF_INET, SOCK_DGRAM|SOCK_CLOEXEC|SOCK_NONBLOCK, IPPROTO_IP) = 8
2023-05-18T06:52:48.181722396Z 06:52:48.181514 connect(8, {sa_family=AF_INET, sin_port=htons(53), sin_addr=inet_addr("169.254.169.254")}, 16) = 0
2023-05-18T06:52:48.181805347Z 06:52:48.181610 sendto(8, "\207;\1\0\0\1\0\0\0\0\0\0\rflux-sample-0\fflux-"..., 108, MSG_NOSIGNAL, NULL, 0) = 108
2023-05-18T06:52:48.185332981Z 06:52:48.185105 recvfrom(8, "\207;\201\203\0\1\0\0\0\1\0\0\rflux-sample-0\fflux-"..., 1024, 0, {sa_family=AF_INET, sin_port=htons(53), sin_addr=inet_addr("169.254.169.254")}, [28->16]) = 204
2023-05-18T06:52:48.185468369Z 06:52:48.185284 socket(AF_INET, SOCK_DGRAM|SOCK_CLOEXEC|SOCK_NONBLOCK, IPPROTO_IP) = 8
2023-05-18T06:52:48.185479843Z 06:52:48.185344 connect(8, {sa_family=AF_INET, sin_port=htons(53), sin_addr=inet_addr("169.254.169.254")}, 16) = 0
2023-05-18T06:52:48.185626157Z 06:52:48.185436 sendto(8, "\332\274\1\0\0\1\0\0\0\0\0\0\rflux-sample-0\fflux-"..., 94, MSG_NOSIGNAL, NULL, 0) = 94
2023-05-18T06:52:48.191764328Z 06:52:48.189097 recvfrom(8, "\332\274\201\203\0\1\0\0\0\1\0\0\rflux-sample-0\fflux-"..., 1024, 0, {sa_family=AF_INET, sin_port=htons(53), sin_addr=inet_addr("169.254.169.254")}, [28->16]) = 190
2023-05-18T06:52:48.191795763Z 06:52:48.189275 socket(AF_INET, SOCK_DGRAM|SOCK_CLOEXEC|SOCK_NONBLOCK, IPPROTO_IP) = 8
2023-05-18T06:52:48.191802435Z 06:52:48.189342 connect(8, {sa_family=AF_INET, sin_port=htons(53), sin_addr=inet_addr("169.254.169.254")}, 16) = 0
2023-05-18T06:52:48.191808072Z 06:52:48.189443 sendto(8, "\0278\1\0\0\1\0\0\0\0\0\0\rflux-sample-0\fflux-"..., 90, MSG_NOSIGNAL, NULL, 0) = 90
2023-05-18T06:52:48.191813945Z 06:52:48.191286 recvfrom(8, "\0278\201\203\0\1\0\0\0\1\0\0\rflux-sample-0\fflux-"..., 1024, 0, {sa_family=AF_INET, sin_port=htons(53), sin_addr=inet_addr("169.254.169.254")}, [28->16]) = 186
2023-05-18T06:52:48.191833082Z 06:52:48.191440 socket(AF_INET, SOCK_DGRAM|SOCK_CLOEXEC|SOCK_NONBLOCK, IPPROTO_IP) = 8
2023-05-18T06:52:48.191840809Z 06:52:48.191509 connect(8, {sa_family=AF_INET, sin_port=htons(53), sin_addr=inet_addr("169.254.169.254")}, 16) = 0
2023-05-18T06:52:48.191847227Z 06:52:48.191613 sendto(8, "T\334\1\0\0\1\0\0\0\0\0\0\rflux-sample-0\fflux-"..., 111, MSG_NOSIGNAL, NULL, 0) = 111
2023-05-18T06:52:48.196279961Z 06:52:48.196098 recvfrom(8, "T\334\201\203\0\1\0\0\0\1\0\0\rflux-sample-0\fflux-"..., 1024, 0, {sa_family=AF_INET, sin_port=htons(53), sin_addr=inet_addr("169.254.169.254")}, [28->16]) = 205
2023-05-18T06:52:48.196541478Z 06:52:48.196248 socket(AF_INET, SOCK_DGRAM|SOCK_CLOEXEC|SOCK_NONBLOCK, IPPROTO_IP) = 8
2023-05-18T06:52:48.196614737Z 06:52:48.196336 connect(8, {sa_family=AF_INET, sin_port=htons(53), sin_addr=inet_addr("169.254.169.254")}, 16) = 0
2023-05-18T06:52:48.196630214Z 06:52:48.196439 sendto(8, "\16\222\1\0\0\1\0\0\0\0\0\0\rflux-sample-0\fflux-"..., 97, MSG_NOSIGNAL, NULL, 0) = 97
2023-05-18T06:52:48.201532337Z 06:52:48.201138 recvfrom(8, "\16\222\201\203\0\1\0\0\0\1\0\0\rflux-sample-0\fflux-"..., 1024, 0, {sa_family=AF_INET, sin_port=htons(53), sin_addr=inet_addr("169.254.169.254")}, [28->16]) = 186
2023-05-18T06:52:48.201637755Z 06:52:48.201360 socket(AF_INET, SOCK_DGRAM|SOCK_CLOEXEC|SOCK_NONBLOCK, IPPROTO_IP) = 8
2023-05-18T06:52:48.201699121Z 06:52:48.201434 connect(8, {sa_family=AF_INET, sin_port=htons(53), sin_addr=inet_addr("169.254.169.254")}, 16) = 0
2023-05-18T06:52:48.201729147Z 06:52:48.201537 sendto(8, "\36\357\1\0\0\1\0\0\0\0\0\0\rflux-sample-0\fflux-"..., 92, MSG_NOSIGNAL, NULL, 0) = 92
2023-05-18T06:52:48.205924622Z 06:52:48.205716 recvfrom(8, "\36\357\201\203\0\1\0\0\0\1\0\0\rflux-sample-0\fflux-"..., 1024, 0, {sa_family=AF_INET, sin_port=htons(53), sin_addr=inet_addr("169.254.169.254")}, [28->16]) = 181
2023-05-18T06:52:48.206229851Z broker.err[2]: Warning: unable to resolve upstream peer flux-sample-0.flux-service.flux-operator.svc.cluster.local: Name or service not known
2023-05-18T06:52:48.211556328Z broker.info[2]: start: none->join 1.65063ms
2023-05-18T06:52:49.225816522Z broker.info[2]: parent-ready: join->init 1.01394s
2023-05-18T06:52:49.226247226Z 06:52:49.225914 socketpair(AF_UNIX, SOCK_STREAM|SOCK_CLOEXEC, 0, [22, 23]) = 0
2023-05-18T06:52:49.227463052Z 06:52:49.226199 socketpair(AF_UNIX, SOCK_STREAM, 0, [24, 25]) = 0
2023-05-18T06:52:49.227650949Z 06:52:49.227358 socketpair(AF_UNIX, SOCK_STREAM, 0, [26, 27]) = 0
2023-05-18T06:52:49.227763201Z 06:52:49.227596 socketpair(AF_UNIX, SOCK_STREAM, 0, [28, 29]) = 0
2023-05-18T06:52:49.252447487Z broker.info[2]: configuration updated
2023-05-18T06:52:49.377380269Z broker.info[2]: rc1.0: running /etc/flux/rc1.d/01-sched-fluxion
2023-05-18T06:52:49.388286272Z broker.info[2]: rc1.0: running /etc/flux/rc1.d/02-cron
2023-05-18T06:52:49.416235013Z broker.info[2]: rc1.0: /etc/flux/rc1 Exited (rc=0) 0.2s
2023-05-18T06:52:49.416876861Z broker.info[2]: rc1-success: init->quorum 0.190721s
2023-05-18T06:52:49.676688708Z broker.info[2]: quorum-full: quorum->run 0.259594s
2023-05-18T06:53:00.424083035Z broker.info[2]: shutdown: run->cleanup 10.7462s
2023-05-18T06:53:00.424600295Z broker.info[2]: cleanup-none: cleanup->shutdown 1.16227ms
2023-05-18T06:53:00.427619745Z broker.info[2]: children-none: shutdown->finalize 1.77587ms
2023-05-18T06:53:00.428011018Z 06:53:00.426704 socketpair(AF_UNIX, SOCK_STREAM|SOCK_CLOEXEC, 0, [22, 23]) = 0
2023-05-18T06:53:00.428237668Z 06:53:00.427438 socketpair(AF_UNIX, SOCK_STREAM, 0, [24, 25]) = 0
2023-05-18T06:53:00.428466010Z 06:53:00.427782 socketpair(AF_UNIX, SOCK_STREAM, 0, [26, 28]) = 0
2023-05-18T06:53:00.444679360Z 06:53:00.428089 socketpair(AF_UNIX, SOCK_STREAM, 0, [58, 59]) = 0
2023-05-18T06:53:00.468199226Z broker.info[2]: rc3.0: running /etc/flux/rc3.d/01-sched-fluxion
2023-05-18T06:53:00.590113188Z broker.info[2]: rc3.0: /etc/flux/rc3 Exited (rc=0) 0.2s
2023-05-18T06:53:00.591107040Z broker.info[2]: rc3-success: finalize->goodbye 0.164237s
2023-05-18T06:53:00.592693291Z broker.info[2]: goodbye: goodbye->exit 0.987122ms
2023-05-18T06:53:00.601129788Z 06:53:00.600974 +++ exited with 0 +++
2023-05-18T06:53:00.602825475Z Return value for follower worker is 0
2023-05-18T06:53:00.602873222Z The follower worker exited cleanly. Goodbye!
