2023-05-18T06:54:35.893329849Z
2023-05-18T06:54:35.893365162Z Flux username: flux
2023-05-18T06:54:35.893372722Z
2023-05-18T06:54:35.893378057Z Flux install root: /usr
2023-05-18T06:54:35.936999134Z flux user is already added.
2023-05-18T06:54:35.940310916Z flux user identifiers:
2023-05-18T06:54:35.940331025Z uid=1234(flux) gid=1234(flux) groups=1234(flux)
2023-05-18T06:54:35.940337504Z
2023-05-18T06:54:35.940343476Z As Flux prefix for flux commands: sudo -u flux -E PYTHONPATH=/opt/conda/lib/python3.10/site-packages -E PATH=/opt/conda/bin:/usr/local/sbin:/usr/local/bin:/usr/sbin:/usr/bin:/sbin:/bin -E LD_LIBRARY_PATH=/opt/conda/lib -E HOME=/home/flux
2023-05-18T06:54:35.947851834Z
2023-05-18T06:54:35.947871578Z 👋 Hello, I'm flux-sample-1
2023-05-18T06:54:35.947970722Z The main host is flux-sample-0
2023-05-18T06:54:35.947981350Z The working directory is /home/flux/examples/reaxff/HNS, contents include:
2023-05-18T06:54:35.949731986Z /home/flux/examples/reaxff/HNS:
2023-05-18T06:54:35.949752007Z README.txt	ffield.reax.hns  log.8Mar18.reaxc.hns.g++.1
2023-05-18T06:54:35.949767163Z data.hns-equil	in.reaxc.hns	 log.8Mar18.reaxc.hns.g++.4
2023-05-18T06:54:35.950123781Z End of file listing, if you see nothing above there are no files.
2023-05-18T06:54:35.951916330Z flux R encode --hosts=flux-sample-[0-3]
2023-05-18T06:54:35.970699903Z
2023-05-18T06:54:35.970719802Z 📦 Resources
2023-05-18T06:54:35.971247977Z {"version": 1, "execution": {"R_lite": [{"rank": "0-3", "children": {"core": "0"}}], "starttime": 0.0, "expiration": 0.0, "nodelist": ["flux-sample-[0-3]"]}}
2023-05-18T06:54:35.971502694Z
2023-05-18T06:54:35.971527147Z 🐸 Diagnostics: false
2023-05-18T06:54:35.971773608Z 🚩️ Flux Option Flags defined
2023-05-18T06:54:35.975940117Z
2023-05-18T06:54:35.975957945Z 🦊 Independent Minister of Privilege
2023-05-18T06:54:35.977393551Z [exec]
2023-05-18T06:54:35.977410212Z allowed-users = [ "flux", "root" ]
2023-05-18T06:54:35.977417925Z allowed-shells = [ "/usr/libexec/flux/flux-shell" ]
2023-05-18T06:54:35.977636271Z
2023-05-18T06:54:35.977650700Z 🐸 Broker Configuration
2023-05-18T06:54:35.978946883Z # Flux needs to know the path to the IMP executable
2023-05-18T06:54:35.978962992Z [exec]
2023-05-18T06:54:35.978969155Z imp = "/usr/libexec/flux/flux-imp"
2023-05-18T06:54:35.978973769Z
2023-05-18T06:54:35.978978488Z [access]
2023-05-18T06:54:35.978985727Z allow-guest-user = true
2023-05-18T06:54:35.978991361Z allow-root-owner = true
2023-05-18T06:54:35.978995932Z
2023-05-18T06:54:35.979000673Z # Point to resource definition generated with flux-R(1).
2023-05-18T06:54:35.979006004Z [resource]
2023-05-18T06:54:35.979011032Z path = "/etc/flux/system/R"
2023-05-18T06:54:35.979015472Z
2023-05-18T06:54:35.979020275Z [bootstrap]
2023-05-18T06:54:35.979027421Z curve_cert = "/etc/curve/curve.cert"
2023-05-18T06:54:35.979033003Z default_port = 8050
2023-05-18T06:54:35.979038498Z default_bind = "tcp://eth0:%p"
2023-05-18T06:54:35.979044088Z default_connect = "tcp://%h.flux-service.flux-operator.svc.cluster.local:%p"
2023-05-18T06:54:35.979049440Z hosts = [
2023-05-18T06:54:35.979054460Z 	{ host="flux-sample-[0-3]"},
2023-05-18T06:54:35.979059442Z ]
2023-05-18T06:54:35.979063873Z
2023-05-18T06:54:35.979070899Z [archive]
2023-05-18T06:54:35.979076730Z dbpath = "/var/lib/flux/job-archive.sqlite"
2023-05-18T06:54:35.979081661Z period = "1m"
2023-05-18T06:54:36.053038736Z busytimeout = "50s"
2023-05-18T06:54:36.053069851Z 🧊️ State Directory:
2023-05-18T06:54:36.053076672Z total 0
2023-05-18T06:54:36.053083625Z
2023-05-18T06:54:36.055813402Z
2023-05-18T06:54:36.055833765Z 🔒️ Working directory permissions:
2023-05-18T06:54:36.055840200Z total 96
2023-05-18T06:54:36.055845783Z -rwxrwxrwx 1 flux root  2517 May 17 22:32 README.txt
2023-05-18T06:54:36.055850641Z -rwxrwxrwx 1 flux root 54692 May 17 22:32 data.hns-equil
2023-05-18T06:54:36.055855519Z -rwxrwxrwx 1 flux root 13576 May 17 22:32 ffield.reax.hns
2023-05-18T06:54:36.055860234Z -rwxrwxrwx 1 flux root   870 May 17 22:32 in.reaxc.hns
2023-05-18T06:54:36.055865334Z -rwxrwxrwx 1 flux root  4172 May 17 22:32 log.8Mar18.reaxc.hns.g++.1
2023-05-18T06:54:36.055870142Z -rwxrwxrwx 1 flux root  4168 May 17 22:32 log.8Mar18.reaxc.hns.g++.4
2023-05-18T06:54:36.055876825Z
2023-05-18T06:54:36.056073890Z
2023-05-18T06:54:36.056087267Z ✨ Curve certificate generated by helper pod
2023-05-18T06:54:36.057569301Z #   ****  Generated on 2023-04-26 22:54:42 by CZMQ  ****
2023-05-18T06:54:36.057585920Z #   ZeroMQ CURVE **Secret** Certificate
2023-05-18T06:54:36.057592040Z #   DO NOT PROVIDE THIS FILE TO OTHER USERS nor change its permissions.
2023-05-18T06:54:36.057599119Z
2023-05-18T06:54:36.057605350Z metadata
2023-05-18T06:54:36.057610766Z     name = "flux-cert-generator"
2023-05-18T06:54:36.057615677Z     keygen.hostname = "flux-sample-0"
2023-05-18T06:54:36.057620492Z curve
2023-05-18T06:54:36.057625621Z     public-key = "M?sH3GP<}jU[u#aiC4VUPh0opoT>i?JLHpYo[a=5"
2023-05-18T06:54:36.057630600Z     secret-key = "]2K7z/r?koy!lh]J(l>Wfq3t{M9@Te(p>1/M1hdC"
2023-05-18T06:54:36.060008141Z
2023-05-18T06:54:36.060036988Z 🌀  flux start --wrap=strace,-e,network,-tt -o --config /etc/flux/config -Scron.directory=/etc/flux/system/cron.d   -Stbon.fanout=256   -Srundir=/run/flux    -Sstatedir=/var/lib/flux   -Slocal-uri=local:///run/flux/local   -Stbon.zmqdebug=1  -Slog-stderr-level=6    -Slog-stderr-mode=local
2023-05-18T06:54:36.101553827Z 06:54:36.101282 socket(AF_NETLINK, SOCK_RAW, NETLINK_ROUTE) = 8
2023-05-18T06:54:36.101704457Z 06:54:36.101425 bind(8, {sa_family=AF_NETLINK, nl_pid=0, nl_groups=00000000}, 12) = 0
2023-05-18T06:54:36.101836772Z 06:54:36.101562 getsockname(8, {sa_family=AF_NETLINK, nl_pid=70, nl_groups=00000000}, [12]) = 0
2023-05-18T06:54:36.102120693Z 06:54:36.101702 sendto(8, {{len=20, type=RTM_GETADDR, flags=NLM_F_REQUEST|NLM_F_DUMP, seq=1684392876, pid=0}, {ifa_family=AF_UNSPEC, ...}}, 20, 0, {sa_family=AF_NETLINK, nl_pid=0, nl_groups=00000000}, 12) = 20
2023-05-18T06:54:36.102659575Z 06:54:36.102082 recvmsg(8, {msg_name={sa_family=AF_NETLINK, nl_pid=0, nl_groups=00000000}, msg_namelen=12, msg_iov=[{iov_base=[{{len=76, type=RTM_NEWADDR, flags=NLM_F_MULTI, seq=1684392876, pid=70}, {ifa_family=AF_INET, ifa_prefixlen=8, ifa_flags=IFA_F_PERMANENT, ifa_scope=RT_SCOPE_HOST, ifa_index=if_nametoindex("lo")}, [{{nla_len=8, nla_type=IFA_ADDRESS}, 127.0.0.1}, {{nla_len=8, nla_type=IFA_LOCAL}, 127.0.0.1}, {{nla_len=7, nla_type=IFA_LABEL}, "lo"}, {{nla_len=8, nla_type=IFA_FLAGS}, IFA_F_PERMANENT}, {{nla_len=20, nla_type=IFA_CACHEINFO}, {ifa_prefered=4294967295, ifa_valid=4294967295, cstamp=1131101, tstamp=1131101}}]}, {{len=88, type=RTM_NEWADDR, flags=NLM_F_MULTI, seq=1684392876, pid=70}, {ifa_family=AF_INET, ifa_prefixlen=24, ifa_flags=IFA_F_PERMANENT, ifa_scope=RT_SCOPE_UNIVERSE, ifa_index=if_nametoindex("eth0")}, [{{nla_len=8, nla_type=IFA_ADDRESS}, 10.24.3.197}, {{nla_len=8, nla_type=IFA_LOCAL}, 10.24.3.197}, {{nla_len=8, nla_type=IFA_BROADCAST}, 10.24.3.255}, {{nla_len=9, nla_type=IFA_LABEL}, "eth0"}, {{nla_len=8, nla_type=IFA_FLAGS}, IFA_F_PERMANENT}, {{nla_len=20, nla_type=IFA_CACHEINFO}, {ifa_prefered=4294967295, ifa_valid=4294967295, cstamp=1131104, tstamp=1131104}}]}], iov_len=4096}], msg_iovlen=1, msg_controllen=0, msg_flags=0}, 0) = 164
2023-05-18T06:54:36.102783337Z 06:54:36.102542 recvmsg(8, {msg_name={sa_family=AF_NETLINK, nl_pid=0, nl_groups=00000000}, msg_namelen=12, msg_iov=[{iov_base={{len=20, type=NLMSG_DONE, flags=NLM_F_MULTI, seq=1684392876, pid=70}, 0}, iov_len=4096}], msg_iovlen=1, msg_controllen=0, msg_flags=0}, 0) = 20
2023-05-18T06:54:36.103613308Z 06:54:36.103392 socket(AF_UNIX, SOCK_STREAM|SOCK_CLOEXEC|SOCK_NONBLOCK, 0) = 8
2023-05-18T06:54:36.104247670Z 06:54:36.103503 connect(8, {sa_family=AF_UNIX, sun_path="/var/run/nscd/socket"}, 110) = -1 ENOENT (No such file or directory)
2023-05-18T06:54:36.104265047Z 06:54:36.103814 socket(AF_UNIX, SOCK_STREAM|SOCK_CLOEXEC|SOCK_NONBLOCK, 0) = 8
2023-05-18T06:54:36.104270999Z 06:54:36.103947 connect(8, {sa_family=AF_UNIX, sun_path="/var/run/nscd/socket"}, 110) = -1 ENOENT (No such file or directory)
2023-05-18T06:54:36.106341304Z 06:54:36.106052 socket(AF_INET, SOCK_DGRAM|SOCK_CLOEXEC|SOCK_NONBLOCK, IPPROTO_IP) = 8
2023-05-18T06:54:36.106358864Z 06:54:36.106162 connect(8, {sa_family=AF_INET, sin_port=htons(53), sin_addr=inet_addr("169.254.169.254")}, 16) = 0
2023-05-18T06:54:36.106653364Z 06:54:36.106298 sendto(8, "\201\340\1\0\0\1\0\0\0\0\0\0\rflux-sample-0\fflux-"..., 76, MSG_NOSIGNAL, NULL, 0) = 76
2023-05-18T06:54:36.109939510Z 06:54:36.109669 recvfrom(8, "\201\340\201\200\0\1\0\1\0\0\0\0\rflux-sample-0\fflux-"..., 1024, 0, {sa_family=AF_INET, sin_port=htons(53), sin_addr=inet_addr("169.254.169.254")}, [28->16]) = 92
2023-05-18T06:54:36.115986225Z broker.info[1]: start: none->join 1.6807ms
2023-05-18T06:54:36.126716171Z broker.info[1]: parent-ready: join->init 10.4739ms
2023-05-18T06:54:36.127127429Z 06:54:36.126845 socketpair(AF_UNIX, SOCK_STREAM|SOCK_CLOEXEC, 0, [22, 23]) = 0
2023-05-18T06:54:36.127487717Z 06:54:36.127225 socketpair(AF_UNIX, SOCK_STREAM, 0, [24, 25]) = 0
2023-05-18T06:54:36.127916677Z 06:54:36.127669 socketpair(AF_UNIX, SOCK_STREAM, 0, [26, 27]) = 0
2023-05-18T06:54:36.128299937Z 06:54:36.128070 socketpair(AF_UNIX, SOCK_STREAM, 0, [28, 29]) = 0
2023-05-18T06:54:36.150911413Z broker.info[1]: configuration updated
2023-05-18T06:54:36.261489850Z broker.info[1]: rc1.0: running /etc/flux/rc1.d/01-sched-fluxion
2023-05-18T06:54:36.272258093Z broker.info[1]: rc1.0: running /etc/flux/rc1.d/02-cron
2023-05-18T06:54:36.294279941Z broker.info[1]: rc1.0: /etc/flux/rc1 Exited (rc=0) 0.2s
2023-05-18T06:54:36.295298297Z broker.info[1]: rc1-success: init->quorum 0.168245s
2023-05-18T06:54:36.512484383Z broker.info[1]: quorum-full: quorum->run 0.216882s
2023-05-18T06:54:47.172911315Z broker.info[1]: shutdown: run->cleanup 10.6601s
2023-05-18T06:54:47.174944149Z broker.info[1]: cleanup-none: cleanup->shutdown 1.1185ms
2023-05-18T06:54:47.176130740Z broker.info[1]: children-none: shutdown->finalize 0.982411ms
2023-05-18T06:54:47.176449052Z 06:54:47.176107 socketpair(AF_UNIX, SOCK_STREAM|SOCK_CLOEXEC, 0, [22, 23]) = 0
2023-05-18T06:54:47.176668081Z 06:54:47.176392 socketpair(AF_UNIX, SOCK_STREAM, 0, [24, 25]) = 0
2023-05-18T06:54:47.177038579Z 06:54:47.176784 socketpair(AF_UNIX, SOCK_STREAM, 0, [26, 28]) = 0
2023-05-18T06:54:47.177555251Z 06:54:47.177157 socketpair(AF_UNIX, SOCK_STREAM, 0, [58, 59]) = 0
2023-05-18T06:54:47.194737553Z broker.info[1]: rc3.0: running /etc/flux/rc3.d/01-sched-fluxion
2023-05-18T06:54:47.309711934Z broker.info[1]: rc3.0: /etc/flux/rc3 Exited (rc=0) 0.1s
2023-05-18T06:54:47.310770305Z broker.info[1]: rc3-success: finalize->goodbye 0.134503s
2023-05-18T06:54:47.312394984Z broker.info[1]: goodbye: goodbye->exit 1.07993ms
2023-05-18T06:54:47.320018408Z 06:54:47.319848 +++ exited with 0 +++
2023-05-18T06:54:47.321192474Z Return value for follower worker is 0
2023-05-18T06:54:47.321215998Z The follower worker exited cleanly. Goodbye!
