2023-05-18T06:54:34.540792729Z
2023-05-18T06:54:34.540846302Z Flux username: flux
2023-05-18T06:54:34.540853303Z
2023-05-18T06:54:34.540858444Z Flux install root: /usr
2023-05-18T06:54:34.588234439Z flux user is already added.
2023-05-18T06:54:34.591107613Z flux user identifiers:
2023-05-18T06:54:34.591145430Z uid=1234(flux) gid=1234(flux) groups=1234(flux)
2023-05-18T06:54:34.591340704Z
2023-05-18T06:54:34.591356987Z As Flux prefix for flux commands: sudo -u flux -E PYTHONPATH=/opt/conda/lib/python3.10/site-packages -E PATH=/opt/conda/bin:/usr/local/sbin:/usr/local/bin:/usr/sbin:/usr/bin:/sbin:/bin -E LD_LIBRARY_PATH=/opt/conda/lib -E HOME=/home/flux
2023-05-18T06:54:34.599847878Z
2023-05-18T06:54:34.599876568Z 👋 Hello, I'm flux-sample-2
2023-05-18T06:54:34.600018277Z The main host is flux-sample-0
2023-05-18T06:54:34.600029468Z The working directory is /home/flux/examples/reaxff/HNS, contents include:
2023-05-18T06:54:34.601734472Z /home/flux/examples/reaxff/HNS:
2023-05-18T06:54:34.601851412Z README.txt	ffield.reax.hns  log.8Mar18.reaxc.hns.g++.1
2023-05-18T06:54:34.601875307Z data.hns-equil	in.reaxc.hns	 log.8Mar18.reaxc.hns.g++.4
2023-05-18T06:54:34.601990248Z End of file listing, if you see nothing above there are no files.
2023-05-18T06:54:34.603734671Z flux R encode --hosts=flux-sample-[0-3]
2023-05-18T06:54:34.617576935Z
2023-05-18T06:54:34.617607486Z 📦 Resources
2023-05-18T06:54:34.619243784Z {"version": 1, "execution": {"R_lite": [{"rank": "0-3", "children": {"core": "0"}}], "starttime": 0.0, "expiration": 0.0, "nodelist": ["flux-sample-[0-3]"]}}
2023-05-18T06:54:34.619498197Z
2023-05-18T06:54:34.619513399Z 🐸 Diagnostics: false
2023-05-18T06:54:34.619638050Z 🚩️ Flux Option Flags defined
2023-05-18T06:54:34.623779114Z
2023-05-18T06:54:34.623797557Z 🦊 Independent Minister of Privilege
2023-05-18T06:54:34.625021147Z [exec]
2023-05-18T06:54:34.625038470Z allowed-users = [ "flux", "root" ]
2023-05-18T06:54:34.625045128Z allowed-shells = [ "/usr/libexec/flux/flux-shell" ]
2023-05-18T06:54:34.625360543Z
2023-05-18T06:54:34.625377789Z 🐸 Broker Configuration
2023-05-18T06:54:34.626593314Z # Flux needs to know the path to the IMP executable
2023-05-18T06:54:34.626606906Z [exec]
2023-05-18T06:54:34.626611193Z imp = "/usr/libexec/flux/flux-imp"
2023-05-18T06:54:34.626614426Z
2023-05-18T06:54:34.626617710Z [access]
2023-05-18T06:54:34.626621466Z allow-guest-user = true
2023-05-18T06:54:34.626624757Z allow-root-owner = true
2023-05-18T06:54:34.626629678Z
2023-05-18T06:54:34.626649754Z # Point to resource definition generated with flux-R(1).
2023-05-18T06:54:34.626655079Z [resource]
2023-05-18T06:54:34.626660712Z path = "/etc/flux/system/R"
2023-05-18T06:54:34.626665226Z
2023-05-18T06:54:34.626670038Z [bootstrap]
2023-05-18T06:54:34.626677132Z curve_cert = "/etc/curve/curve.cert"
2023-05-18T06:54:34.626686579Z default_port = 8050
2023-05-18T06:54:34.626691510Z default_bind = "tcp://eth0:%p"
2023-05-18T06:54:34.626697215Z default_connect = "tcp://%h.flux-service.flux-operator.svc.cluster.local:%p"
2023-05-18T06:54:34.626701960Z hosts = [
2023-05-18T06:54:34.626706986Z 	{ host="flux-sample-[0-3]"},
2023-05-18T06:54:34.626710403Z ]
2023-05-18T06:54:34.626713468Z
2023-05-18T06:54:34.626718622Z [archive]
2023-05-18T06:54:34.626723182Z dbpath = "/var/lib/flux/job-archive.sqlite"
2023-05-18T06:54:34.626726721Z period = "1m"
2023-05-18T06:54:34.706573673Z busytimeout = "50s"
2023-05-18T06:54:34.706600498Z 🧊️ State Directory:
2023-05-18T06:54:34.706606733Z total 0
2023-05-18T06:54:34.706611446Z
2023-05-18T06:54:34.709351804Z
2023-05-18T06:54:34.709376584Z 🔒️ Working directory permissions:
2023-05-18T06:54:34.709383613Z total 96
2023-05-18T06:54:34.709389225Z -rwxrwxrwx 1 flux root  2517 May 17 22:32 README.txt
2023-05-18T06:54:34.709394219Z -rwxrwxrwx 1 flux root 54692 May 17 22:32 data.hns-equil
2023-05-18T06:54:34.709414645Z -rwxrwxrwx 1 flux root 13576 May 17 22:32 ffield.reax.hns
2023-05-18T06:54:34.709419806Z -rwxrwxrwx 1 flux root   870 May 17 22:32 in.reaxc.hns
2023-05-18T06:54:34.709506638Z -rwxrwxrwx 1 flux root  4172 May 17 22:32 log.8Mar18.reaxc.hns.g++.1
2023-05-18T06:54:34.709516815Z -rwxrwxrwx 1 flux root  4168 May 17 22:32 log.8Mar18.reaxc.hns.g++.4
2023-05-18T06:54:34.709521679Z
2023-05-18T06:54:34.709526265Z
2023-05-18T06:54:34.709532366Z ✨ Curve certificate generated by helper pod
2023-05-18T06:54:34.711143141Z #   ****  Generated on 2023-04-26 22:54:42 by CZMQ  ****
2023-05-18T06:54:34.711160262Z #   ZeroMQ CURVE **Secret** Certificate
2023-05-18T06:54:34.711166183Z #   DO NOT PROVIDE THIS FILE TO OTHER USERS nor change its permissions.
2023-05-18T06:54:34.711171205Z
2023-05-18T06:54:34.711176063Z metadata
2023-05-18T06:54:34.711181252Z     name = "flux-cert-generator"
2023-05-18T06:54:34.711186192Z     keygen.hostname = "flux-sample-0"
2023-05-18T06:54:34.711191003Z curve
2023-05-18T06:54:34.711198099Z     public-key = "M?sH3GP<}jU[u#aiC4VUPh0opoT>i?JLHpYo[a=5"
2023-05-18T06:54:34.711203659Z     secret-key = "]2K7z/r?koy!lh]J(l>Wfq3t{M9@Te(p>1/M1hdC"
2023-05-18T06:54:34.716983415Z
2023-05-18T06:54:34.717358684Z 🌀  flux start --wrap=strace,-e,network,-tt -o --config /etc/flux/config -Scron.directory=/etc/flux/system/cron.d   -Stbon.fanout=256   -Srundir=/run/flux    -Sstatedir=/var/lib/flux   -Slocal-uri=local:///run/flux/local   -Stbon.zmqdebug=1  -Slog-stderr-level=6    -Slog-stderr-mode=local
2023-05-18T06:54:34.762654905Z 06:54:34.762201 socket(AF_NETLINK, SOCK_RAW, NETLINK_ROUTE) = 8
2023-05-18T06:54:34.763075062Z 06:54:34.762602 bind(8, {sa_family=AF_NETLINK, nl_pid=0, nl_groups=00000000}, 12) = 0
2023-05-18T06:54:34.763093411Z 06:54:34.762800 getsockname(8, {sa_family=AF_NETLINK, nl_pid=70, nl_groups=00000000}, [12]) = 0
2023-05-18T06:54:34.763473575Z 06:54:34.762987 sendto(8, {{len=20, type=RTM_GETADDR, flags=NLM_F_REQUEST|NLM_F_DUMP, seq=1684392874, pid=0}, {ifa_family=AF_UNSPEC, ...}}, 20, 0, {sa_family=AF_NETLINK, nl_pid=0, nl_groups=00000000}, 12) = 20
2023-05-18T06:54:34.763899367Z 06:54:34.763388 recvmsg(8, {msg_name={sa_family=AF_NETLINK, nl_pid=0, nl_groups=00000000}, msg_namelen=12, msg_iov=[{iov_base=[{{len=76, type=RTM_NEWADDR, flags=NLM_F_MULTI, seq=1684392874, pid=70}, {ifa_family=AF_INET, ifa_prefixlen=8, ifa_flags=IFA_F_PERMANENT, ifa_scope=RT_SCOPE_HOST, ifa_index=if_nametoindex("lo")}, [{{nla_len=8, nla_type=IFA_ADDRESS}, 127.0.0.1}, {{nla_len=8, nla_type=IFA_LOCAL}, 127.0.0.1}, {{nla_len=7, nla_type=IFA_LABEL}, "lo"}, {{nla_len=8, nla_type=IFA_FLAGS}, IFA_F_PERMANENT}, {{nla_len=20, nla_type=IFA_CACHEINFO}, {ifa_prefered=4294967295, ifa_valid=4294967295, cstamp=1131046, tstamp=1131046}}]}, {{len=88, type=RTM_NEWADDR, flags=NLM_F_MULTI, seq=1684392874, pid=70}, {ifa_family=AF_INET, ifa_prefixlen=24, ifa_flags=IFA_F_PERMANENT, ifa_scope=RT_SCOPE_UNIVERSE, ifa_index=if_nametoindex("eth0")}, [{{nla_len=8, nla_type=IFA_ADDRESS}, 10.24.1.208}, {{nla_len=8, nla_type=IFA_LOCAL}, 10.24.1.208}, {{nla_len=8, nla_type=IFA_BROADCAST}, 10.24.1.255}, {{nla_len=9, nla_type=IFA_LABEL}, "eth0"}, {{nla_len=8, nla_type=IFA_FLAGS}, IFA_F_PERMANENT}, {{nla_len=20, nla_type=IFA_CACHEINFO}, {ifa_prefered=4294967295, ifa_valid=4294967295, cstamp=1131049, tstamp=1131049}}]}], iov_len=4096}], msg_iovlen=1, msg_controllen=0, msg_flags=0}, 0) = 164
2023-05-18T06:54:34.763984528Z 06:54:34.763791 recvmsg(8, {msg_name={sa_family=AF_NETLINK, nl_pid=0, nl_groups=00000000}, msg_namelen=12, msg_iov=[{iov_base={{len=20, type=NLMSG_DONE, flags=NLM_F_MULTI, seq=1684392874, pid=70}, 0}, iov_len=4096}], msg_iovlen=1, msg_controllen=0, msg_flags=0}, 0) = 20
2023-05-18T06:54:34.764622517Z 06:54:34.764438 socket(AF_UNIX, SOCK_STREAM|SOCK_CLOEXEC|SOCK_NONBLOCK, 0) = 8
2023-05-18T06:54:34.764710999Z 06:54:34.764520 connect(8, {sa_family=AF_UNIX, sun_path="/var/run/nscd/socket"}, 110) = -1 ENOENT (No such file or directory)
2023-05-18T06:54:34.764971107Z 06:54:34.764721 socket(AF_UNIX, SOCK_STREAM|SOCK_CLOEXEC|SOCK_NONBLOCK, 0) = 8
2023-05-18T06:54:34.764991637Z 06:54:34.764820 connect(8, {sa_family=AF_UNIX, sun_path="/var/run/nscd/socket"}, 110) = -1 ENOENT (No such file or directory)
2023-05-18T06:54:34.766469294Z 06:54:34.766238 socket(AF_INET, SOCK_DGRAM|SOCK_CLOEXEC|SOCK_NONBLOCK, IPPROTO_IP) = 8
2023-05-18T06:54:34.766547618Z 06:54:34.766354 connect(8, {sa_family=AF_INET, sin_port=htons(53), sin_addr=inet_addr("169.254.169.254")}, 16) = 0
2023-05-18T06:54:34.766903495Z 06:54:34.766561 sendto(8, "\36\201\1\0\0\1\0\0\0\0\0\0\rflux-sample-0\fflux-"..., 76, MSG_NOSIGNAL, NULL, 0) = 76
2023-05-18T06:54:34.770848761Z 06:54:34.770650 recvfrom(8, "\36\201\201\203\0\1\0\0\0\1\0\0\rflux-sample-0\fflux-"..., 1024, 0, {sa_family=AF_INET, sin_port=htons(53), sin_addr=inet_addr("169.254.169.254")}, [28->16]) = 172
2023-05-18T06:54:34.771117012Z 06:54:34.770868 socket(AF_INET, SOCK_DGRAM|SOCK_CLOEXEC|SOCK_NONBLOCK, IPPROTO_IP) = 8
2023-05-18T06:54:34.771129944Z 06:54:34.770977 connect(8, {sa_family=AF_INET, sin_port=htons(53), sin_addr=inet_addr("169.254.169.254")}, 16) = 0
2023-05-18T06:54:34.771369794Z 06:54:34.771108 sendto(8, "\263\0\1\0\0\1\0\0\0\0\0\0\rflux-sample-0\fflux-"..., 108, MSG_NOSIGNAL, NULL, 0) = 108
2023-05-18T06:54:34.775109227Z 06:54:34.774857 recvfrom(8, "\263\0\201\203\0\1\0\0\0\1\0\0\rflux-sample-0\fflux-"..., 1024, 0, {sa_family=AF_INET, sin_port=htons(53), sin_addr=inet_addr("169.254.169.254")}, [28->16]) = 204
2023-05-18T06:54:34.775473589Z 06:54:34.775221 socket(AF_INET, SOCK_DGRAM|SOCK_CLOEXEC|SOCK_NONBLOCK, IPPROTO_IP) = 8
2023-05-18T06:54:34.775673535Z 06:54:34.775412 connect(8, {sa_family=AF_INET, sin_port=htons(53), sin_addr=inet_addr("169.254.169.254")}, 16) = 0
2023-05-18T06:54:34.775964375Z 06:54:34.775691 sendto(8, "\24\7\1\0\0\1\0\0\0\0\0\0\rflux-sample-0\fflux-"..., 94, MSG_NOSIGNAL, NULL, 0) = 94
2023-05-18T06:54:34.779485565Z 06:54:34.779190 recvfrom(8, "\24\7\201\203\0\1\0\0\0\1\0\0\rflux-sample-0\fflux-"..., 1024, 0, {sa_family=AF_INET, sin_port=htons(53), sin_addr=inet_addr("169.254.169.254")}, [28->16]) = 190
2023-05-18T06:54:34.779744454Z 06:54:34.779535 socket(AF_INET, SOCK_DGRAM|SOCK_CLOEXEC|SOCK_NONBLOCK, IPPROTO_IP) = 8
2023-05-18T06:54:34.779955821Z 06:54:34.779693 connect(8, {sa_family=AF_INET, sin_port=htons(53), sin_addr=inet_addr("169.254.169.254")}, 16) = 0
2023-05-18T06:54:34.780247154Z 06:54:34.779983 sendto(8, " 7\1\0\0\1\0\0\0\0\0\0\rflux-sample-0\fflux-"..., 90, MSG_NOSIGNAL, NULL, 0) = 90
2023-05-18T06:54:34.785961467Z 06:54:34.785784 recvfrom(8, " 7\201\203\0\1\0\0\0\1\0\0\rflux-sample-0\fflux-"..., 1024, 0, {sa_family=AF_INET, sin_port=htons(53), sin_addr=inet_addr("169.254.169.254")}, [28->16]) = 186
2023-05-18T06:54:34.786271876Z 06:54:34.786130 socket(AF_INET, SOCK_DGRAM|SOCK_CLOEXEC|SOCK_NONBLOCK, IPPROTO_IP) = 8
2023-05-18T06:54:34.786669190Z 06:54:34.786283 connect(8, {sa_family=AF_INET, sin_port=htons(53), sin_addr=inet_addr("169.254.169.254")}, 16) = 0
2023-05-18T06:54:34.786707260Z 06:54:34.786467 sendto(8, "\352t\1\0\0\1\0\0\0\0\0\0\rflux-sample-0\fflux-"..., 111, MSG_NOSIGNAL, NULL, 0) = 111
2023-05-18T06:54:34.791797802Z 06:54:34.790765 recvfrom(8, "\352t\201\203\0\1\0\0\0\1\0\0\rflux-sample-0\fflux-"..., 1024, 0, {sa_family=AF_INET, sin_port=htons(53), sin_addr=inet_addr("169.254.169.254")}, [28->16]) = 205
2023-05-18T06:54:34.791853933Z 06:54:34.791021 socket(AF_INET, SOCK_DGRAM|SOCK_CLOEXEC|SOCK_NONBLOCK, IPPROTO_IP) = 8
2023-05-18T06:54:34.791861964Z 06:54:34.791123 connect(8, {sa_family=AF_INET, sin_port=htons(53), sin_addr=inet_addr("169.254.169.254")}, 16) = 0
2023-05-18T06:54:34.791866862Z 06:54:34.791306 sendto(8, "\201\205\1\0\0\1\0\0\0\0\0\0\rflux-sample-0\fflux-"..., 97, MSG_NOSIGNAL, NULL, 0) = 97
2023-05-18T06:54:34.800394656Z 06:54:34.798768 recvfrom(8, "\201\205\201\203\0\1\0\0\0\1\0\0\rflux-sample-0\fflux-"..., 1024, 0, {sa_family=AF_INET, sin_port=htons(53), sin_addr=inet_addr("169.254.169.254")}, [28->16]) = 186
2023-05-18T06:54:34.800417629Z 06:54:34.798956 socket(AF_INET, SOCK_DGRAM|SOCK_CLOEXEC|SOCK_NONBLOCK, IPPROTO_IP) = 8
2023-05-18T06:54:34.800426443Z 06:54:34.799026 connect(8, {sa_family=AF_INET, sin_port=htons(53), sin_addr=inet_addr("169.254.169.254")}, 16) = 0
2023-05-18T06:54:34.800433493Z 06:54:34.799127 sendto(8, "O\261\1\0\0\1\0\0\0\0\0\0\rflux-sample-0\fflux-"..., 92, MSG_NOSIGNAL, NULL, 0) = 92
2023-05-18T06:54:34.804491459Z 06:54:34.804289 recvfrom(8, "O\261\201\203\0\1\0\0\0\1\0\0\rflux-sample-0\fflux-"..., 1024, 0, {sa_family=AF_INET, sin_port=htons(53), sin_addr=inet_addr("169.254.169.254")}, [28->16]) = 181
2023-05-18T06:54:34.804683494Z broker.err[2]: Warning: unable to resolve upstream peer flux-sample-0.flux-service.flux-operator.svc.cluster.local: Name or service not known
2023-05-18T06:54:34.812968636Z broker.info[2]: start: none->join 2.16541ms
2023-05-18T06:54:35.720766907Z broker.info[2]: parent-ready: join->init 0.909885s
2023-05-18T06:54:35.721515147Z 06:54:35.720668 socketpair(AF_UNIX, SOCK_STREAM|SOCK_CLOEXEC, 0, [22, 23]) = 0
2023-05-18T06:54:35.721756054Z 06:54:35.720817 socketpair(AF_UNIX, SOCK_STREAM, 0, [24, 25]) = 0
2023-05-18T06:54:35.721919695Z 06:54:35.721015 socketpair(AF_UNIX, SOCK_STREAM, 0, [26, 27]) = 0
2023-05-18T06:54:35.722086179Z 06:54:35.721185 socketpair(AF_UNIX, SOCK_STREAM, 0, [28, 29]) = 0
2023-05-18T06:54:35.746491171Z broker.info[2]: configuration updated
2023-05-18T06:54:35.874609924Z broker.info[2]: rc1.0: running /etc/flux/rc1.d/01-sched-fluxion
2023-05-18T06:54:35.887328190Z broker.info[2]: rc1.0: running /etc/flux/rc1.d/02-cron
2023-05-18T06:54:35.912469378Z broker.info[2]: rc1.0: /etc/flux/rc1 Exited (rc=0) 0.2s
2023-05-18T06:54:35.913859827Z broker.info[2]: rc1-success: init->quorum 0.193043s
2023-05-18T06:54:36.512524900Z broker.info[2]: quorum-full: quorum->run 0.598183s
2023-05-18T06:54:47.172360229Z broker.info[2]: shutdown: run->cleanup 10.6595s
2023-05-18T06:54:47.174309360Z broker.info[2]: cleanup-none: cleanup->shutdown 1.1554ms
2023-05-18T06:54:47.175561633Z broker.info[2]: children-none: shutdown->finalize 0.866517ms
2023-05-18T06:54:47.176104207Z 06:54:47.175772 socketpair(AF_UNIX, SOCK_STREAM|SOCK_CLOEXEC, 0, [22, 23]) = 0
2023-05-18T06:54:47.176371416Z 06:54:47.176080 socketpair(AF_UNIX, SOCK_STREAM, 0, [24, 25]) = 0
2023-05-18T06:54:47.176844103Z 06:54:47.176615 socketpair(AF_UNIX, SOCK_STREAM, 0, [26, 28]) = 0
2023-05-18T06:54:47.177271363Z 06:54:47.176969 socketpair(AF_UNIX, SOCK_STREAM, 0, [58, 59]) = 0
2023-05-18T06:54:47.195177880Z broker.info[2]: rc3.0: running /etc/flux/rc3.d/01-sched-fluxion
2023-05-18T06:54:47.319841520Z broker.info[2]: rc3.0: /etc/flux/rc3 Exited (rc=0) 0.1s
2023-05-18T06:54:47.319887087Z broker.info[2]: rc3-success: finalize->goodbye 0.14205s
2023-05-18T06:54:47.319896097Z broker.info[2]: goodbye: goodbye->exit 0.673183ms
2023-05-18T06:54:47.327942818Z 06:54:47.326337 +++ exited with 0 +++
2023-05-18T06:54:47.333063461Z Return value for follower worker is 0
2023-05-18T06:54:47.333588586Z The follower worker exited cleanly. Goodbye!
