2023-05-18T06:54:17.628134497Z
2023-05-18T06:54:17.628197356Z Flux username: flux
2023-05-18T06:54:17.628206124Z
2023-05-18T06:54:17.628211274Z Flux install root: /usr
2023-05-18T06:54:17.684704055Z flux user is already added.
2023-05-18T06:54:17.690752093Z flux user identifiers:
2023-05-18T06:54:17.690768513Z uid=1234(flux) gid=1234(flux) groups=1234(flux)
2023-05-18T06:54:17.690774294Z
2023-05-18T06:54:17.690779734Z As Flux prefix for flux commands: sudo -u flux -E PYTHONPATH=/opt/conda/lib/python3.10/site-packages -E PATH=/opt/conda/bin:/usr/local/sbin:/usr/local/bin:/usr/sbin:/usr/bin:/sbin:/bin -E LD_LIBRARY_PATH=/opt/conda/lib -E HOME=/home/flux
2023-05-18T06:54:17.699193665Z
2023-05-18T06:54:17.699213515Z ðŸ‘‹ Hello, I'm flux-sample-3
2023-05-18T06:54:17.699219624Z The main host is flux-sample-0
2023-05-18T06:54:17.699224782Z The working directory is /home/flux/examples/reaxff/HNS, contents include:
2023-05-18T06:54:17.699229890Z /home/flux/examples/reaxff/HNS:
2023-05-18T06:54:17.699337790Z README.txt	ffield.reax.hns  log.8Mar18.reaxc.hns.g++.1
2023-05-18T06:54:17.699347817Z data.hns-equil	in.reaxc.hns	 log.8Mar18.reaxc.hns.g++.4
2023-05-18T06:54:17.699642997Z End of file listing, if you see nothing above there are no files.
2023-05-18T06:54:17.701843823Z flux R encode --hosts=flux-sample-[0-3]
2023-05-18T06:54:17.725126261Z
2023-05-18T06:54:17.725145989Z ðŸ“¦ Resources
2023-05-18T06:54:17.726186519Z {"version": 1, "execution": {"R_lite": [{"rank": "0-3", "children": {"core": "0"}}], "starttime": 0.0, "expiration": 0.0, "nodelist": ["flux-sample-[0-3]"]}}
2023-05-18T06:54:17.726510608Z
2023-05-18T06:54:17.726527039Z ðŸ¸ Diagnostics: false
2023-05-18T06:54:17.726667221Z ðŸš©ï¸ Flux Option Flags defined
2023-05-18T06:54:17.731496633Z
2023-05-18T06:54:17.731519563Z ðŸ¦Š Independent Minister of Privilege
2023-05-18T06:54:17.733162780Z [exec]
2023-05-18T06:54:17.733180952Z allowed-users = [ "flux", "root" ]
2023-05-18T06:54:17.733188365Z allowed-shells = [ "/usr/libexec/flux/flux-shell" ]
2023-05-18T06:54:17.733400252Z
2023-05-18T06:54:17.733414247Z ðŸ¸ Broker Configuration
2023-05-18T06:54:17.735080217Z # Flux needs to know the path to the IMP executable
2023-05-18T06:54:17.735098062Z [exec]
2023-05-18T06:54:17.735105737Z imp = "/usr/libexec/flux/flux-imp"
2023-05-18T06:54:17.735112007Z
2023-05-18T06:54:17.735119001Z [access]
2023-05-18T06:54:17.735125729Z allow-guest-user = true
2023-05-18T06:54:17.735152983Z allow-root-owner = true
2023-05-18T06:54:17.735160208Z
2023-05-18T06:54:17.735167211Z # Point to resource definition generated with flux-R(1).
2023-05-18T06:54:17.735173896Z [resource]
2023-05-18T06:54:17.735180818Z path = "/etc/flux/system/R"
2023-05-18T06:54:17.735187354Z
2023-05-18T06:54:17.735195343Z [bootstrap]
2023-05-18T06:54:17.735203047Z curve_cert = "/etc/curve/curve.cert"
2023-05-18T06:54:17.735210029Z default_port = 8050
2023-05-18T06:54:17.735216721Z default_bind = "tcp://eth0:%p"
2023-05-18T06:54:17.735242379Z default_connect = "tcp://%h.flux-service.flux-operator.svc.cluster.local:%p"
2023-05-18T06:54:17.735251112Z hosts = [
2023-05-18T06:54:17.735259660Z 	{ host="flux-sample-[0-3]"},
2023-05-18T06:54:17.735267195Z ]
2023-05-18T06:54:17.735274290Z
2023-05-18T06:54:17.735281783Z [archive]
2023-05-18T06:54:17.735288669Z dbpath = "/var/lib/flux/job-archive.sqlite"
2023-05-18T06:54:17.735295556Z period = "1m"
2023-05-18T06:54:17.837168944Z busytimeout = "50s"
2023-05-18T06:54:17.837188046Z ðŸ§Šï¸ State Directory:
2023-05-18T06:54:17.837196295Z total 0
2023-05-18T06:54:17.837202056Z
2023-05-18T06:54:17.839873002Z
2023-05-18T06:54:17.839892594Z ðŸ”’ï¸ Working directory permissions:
2023-05-18T06:54:17.839898858Z total 96
2023-05-18T06:54:17.839903968Z -rwxrwxrwx 1 flux root  2517 May 17 22:32 README.txt
2023-05-18T06:54:17.839920356Z -rwxrwxrwx 1 flux root 54692 May 17 22:32 data.hns-equil
2023-05-18T06:54:17.839926425Z -rwxrwxrwx 1 flux root 13576 May 17 22:32 ffield.reax.hns
2023-05-18T06:54:17.839931355Z -rwxrwxrwx 1 flux root   870 May 17 22:32 in.reaxc.hns
2023-05-18T06:54:17.840012622Z -rwxrwxrwx 1 flux root  4172 May 17 22:32 log.8Mar18.reaxc.hns.g++.1
2023-05-18T06:54:17.840040771Z -rwxrwxrwx 1 flux root  4168 May 17 22:32 log.8Mar18.reaxc.hns.g++.4
2023-05-18T06:54:17.840048310Z
2023-05-18T06:54:17.840053234Z
2023-05-18T06:54:17.840058267Z âœ¨ Curve certificate generated by helper pod
2023-05-18T06:54:17.843525016Z #   ****  Generated on 2023-04-26 22:54:42 by CZMQ  ****
2023-05-18T06:54:17.843540768Z #   ZeroMQ CURVE **Secret** Certificate
2023-05-18T06:54:17.843547052Z #   DO NOT PROVIDE THIS FILE TO OTHER USERS nor change its permissions.
2023-05-18T06:54:17.843551874Z
2023-05-18T06:54:17.843556999Z metadata
2023-05-18T06:54:17.843563781Z     name = "flux-cert-generator"
2023-05-18T06:54:17.843570157Z     keygen.hostname = "flux-sample-0"
2023-05-18T06:54:17.843575264Z curve
2023-05-18T06:54:17.843580157Z     public-key = "on-rs3cwL{y*RDz!Sq8bk69E#5cHs%tFyd)Ge}Zh"
2023-05-18T06:54:17.843585128Z     secret-key = "DPM>CK}6}(H09Xxf3pwkbA#*UbjHmkk>[tT*8]cr"
2023-05-18T06:54:17.846093275Z
2023-05-18T06:54:17.846139186Z ðŸŒ€  flux start --wrap=strace,-e,network,-tt -o --config /etc/flux/config -Scron.directory=/etc/flux/system/cron.d   -Stbon.fanout=256   -Srundir=/run/flux    -Sstatedir=/var/lib/flux   -Slocal-uri=local:///run/flux/local   -Stbon.zmqdebug=1  -Slog-stderr-level=6    -Slog-stderr-mode=local
2023-05-18T06:54:17.890702954Z 06:54:17.890489 socket(AF_NETLINK, SOCK_RAW, NETLINK_ROUTE) = 8
2023-05-18T06:54:17.890919101Z 06:54:17.890739 bind(8, {sa_family=AF_NETLINK, nl_pid=0, nl_groups=00000000}, 12) = 0
2023-05-18T06:54:17.891193371Z 06:54:17.890955 getsockname(8, {sa_family=AF_NETLINK, nl_pid=70, nl_groups=00000000}, [12]) = 0
2023-05-18T06:54:17.891573473Z 06:54:17.891205 sendto(8, {{len=20, type=RTM_GETADDR, flags=NLM_F_REQUEST|NLM_F_DUMP, seq=1684392857, pid=0}, {ifa_family=AF_UNSPEC, ...}}, 20, 0, {sa_family=AF_NETLINK, nl_pid=0, nl_groups=00000000}, 12) = 20
2023-05-18T06:54:17.892070689Z 06:54:17.891615 recvmsg(8, {msg_name={sa_family=AF_NETLINK, nl_pid=0, nl_groups=00000000}, msg_namelen=12, msg_iov=[{iov_base=[{{len=76, type=RTM_NEWADDR, flags=NLM_F_MULTI, seq=1684392857, pid=70}, {ifa_family=AF_INET, ifa_prefixlen=8, ifa_flags=IFA_F_PERMANENT, ifa_scope=RT_SCOPE_HOST, ifa_index=if_nametoindex("lo")}, [{{nla_len=8, nla_type=IFA_ADDRESS}, 127.0.0.1}, {{nla_len=8, nla_type=IFA_LOCAL}, 127.0.0.1}, {{nla_len=7, nla_type=IFA_LABEL}, "lo"}, {{nla_len=8, nla_type=IFA_FLAGS}, IFA_F_PERMANENT}, {{nla_len=20, nla_type=IFA_CACHEINFO}, {ifa_prefered=4294967295, ifa_valid=4294967295, cstamp=1129256, tstamp=1129256}}]}, {{len=88, type=RTM_NEWADDR, flags=NLM_F_MULTI, seq=1684392857, pid=70}, {ifa_family=AF_INET, ifa_prefixlen=24, ifa_flags=IFA_F_PERMANENT, ifa_scope=RT_SCOPE_UNIVERSE, ifa_index=if_nametoindex("eth0")}, [{{nla_len=8, nla_type=IFA_ADDRESS}, 10.24.0.168}, {{nla_len=8, nla_type=IFA_LOCAL}, 10.24.0.168}, {{nla_len=8, nla_type=IFA_BROADCAST}, 10.24.0.255}, {{nla_len=9, nla_type=IFA_LABEL}, "eth0"}, {{nla_len=8, nla_type=IFA_FLAGS}, IFA_F_PERMANENT}, {{nla_len=20, nla_type=IFA_CACHEINFO}, {ifa_prefered=4294967295, ifa_valid=4294967295, cstamp=1129260, tstamp=1129260}}]}], iov_len=4096}], msg_iovlen=1, msg_controllen=0, msg_flags=0}, 0) = 164
2023-05-18T06:54:17.892306415Z 06:54:17.892102 recvmsg(8, {msg_name={sa_family=AF_NETLINK, nl_pid=0, nl_groups=00000000}, msg_namelen=12, msg_iov=[{iov_base={{len=20, type=NLMSG_DONE, flags=NLM_F_MULTI, seq=1684392857, pid=70}, 0}, iov_len=4096}], msg_iovlen=1, msg_controllen=0, msg_flags=0}, 0) = 20
2023-05-18T06:54:17.892889749Z 06:54:17.892715 socket(AF_UNIX, SOCK_STREAM|SOCK_CLOEXEC|SOCK_NONBLOCK, 0) = 8
2023-05-18T06:54:17.893126005Z 06:54:17.892906 connect(8, {sa_family=AF_UNIX, sun_path="/var/run/nscd/socket"}, 110) = -1 ENOENT (No such file or directory)
2023-05-18T06:54:17.893365662Z 06:54:17.893216 socket(AF_UNIX, SOCK_STREAM|SOCK_CLOEXEC|SOCK_NONBLOCK, 0) = 8
2023-05-18T06:54:17.893577238Z 06:54:17.893402 connect(8, {sa_family=AF_UNIX, sun_path="/var/run/nscd/socket"}, 110) = -1 ENOENT (No such file or directory)
2023-05-18T06:54:17.894892286Z 06:54:17.894601 socket(AF_INET, SOCK_DGRAM|SOCK_CLOEXEC|SOCK_NONBLOCK, IPPROTO_IP) = 8
2023-05-18T06:54:17.895188965Z 06:54:17.894929 connect(8, {sa_family=AF_INET, sin_port=htons(53), sin_addr=inet_addr("169.254.169.254")}, 16) = 0
2023-05-18T06:54:17.895778091Z 06:54:17.895278 sendto(8, "Po\1\0\0\1\0\0\0\0\0\0\rflux-sample-0\fflux-"..., 76, MSG_NOSIGNAL, NULL, 0) = 76
2023-05-18T06:54:17.899501065Z 06:54:17.899338 recvfrom(8, "Po\201\203\0\1\0\0\0\1\0\0\rflux-sample-0\fflux-"..., 1024, 0, {sa_family=AF_INET, sin_port=htons(53), sin_addr=inet_addr("169.254.169.254")}, [28->16]) = 172
2023-05-18T06:54:17.899858176Z 06:54:17.899639 socket(AF_INET, SOCK_DGRAM|SOCK_CLOEXEC|SOCK_NONBLOCK, IPPROTO_IP) = 8
2023-05-18T06:54:17.899872873Z 06:54:17.899709 connect(8, {sa_family=AF_INET, sin_port=htons(53), sin_addr=inet_addr("169.254.169.254")}, 16) = 0
2023-05-18T06:54:17.900108269Z 06:54:17.899872 sendto(8, "j\223\1\0\0\1\0\0\0\0\0\0\rflux-sample-0\fflux-"..., 108, MSG_NOSIGNAL, NULL, 0) = 108
2023-05-18T06:54:17.902382699Z 06:54:17.902190 recvfrom(8, "j\223\201\203\0\1\0\0\0\1\0\0\rflux-sample-0\fflux-"..., 1024, 0, {sa_family=AF_INET, sin_port=htons(53), sin_addr=inet_addr("169.254.169.254")}, [28->16]) = 204
2023-05-18T06:54:17.902526488Z 06:54:17.902360 socket(AF_INET, SOCK_DGRAM|SOCK_CLOEXEC|SOCK_NONBLOCK, IPPROTO_IP) = 8
2023-05-18T06:54:17.902631281Z 06:54:17.902496 connect(8, {sa_family=AF_INET, sin_port=htons(53), sin_addr=inet_addr("169.254.169.254")}, 16) = 0
2023-05-18T06:54:17.902896751Z 06:54:17.902680 sendto(8, "Q\"\1\0\0\1\0\0\0\0\0\0\rflux-sample-0\fflux-"..., 94, MSG_NOSIGNAL, NULL, 0) = 94
2023-05-18T06:54:17.905977966Z 06:54:17.905688 recvfrom(8, "Q\"\201\203\0\1\0\0\0\1\0\0\rflux-sample-0\fflux-"..., 1024, 0, {sa_family=AF_INET, sin_port=htons(53), sin_addr=inet_addr("169.254.169.254")}, [28->16]) = 190
2023-05-18T06:54:17.906304945Z 06:54:17.906086 socket(AF_INET, SOCK_DGRAM|SOCK_CLOEXEC|SOCK_NONBLOCK, IPPROTO_IP) = 8
2023-05-18T06:54:17.906569593Z 06:54:17.906357 connect(8, {sa_family=AF_INET, sin_port=htons(53), sin_addr=inet_addr("169.254.169.254")}, 16) = 0
2023-05-18T06:54:17.906932400Z 06:54:17.906656 sendto(8, "\276\341\1\0\0\1\0\0\0\0\0\0\rflux-sample-0\fflux-"..., 90, MSG_NOSIGNAL, NULL, 0) = 90
2023-05-18T06:54:17.909581242Z 06:54:17.909310 recvfrom(8, "\276\341\201\203\0\1\0\0\0\1\0\0\rflux-sample-0\fflux-"..., 1024, 0, {sa_family=AF_INET, sin_port=htons(53), sin_addr=inet_addr("169.254.169.254")}, [28->16]) = 186
2023-05-18T06:54:17.909915361Z 06:54:17.909686 socket(AF_INET, SOCK_DGRAM|SOCK_CLOEXEC|SOCK_NONBLOCK, IPPROTO_IP) = 8
2023-05-18T06:54:17.910201581Z 06:54:17.909974 connect(8, {sa_family=AF_INET, sin_port=htons(53), sin_addr=inet_addr("169.254.169.254")}, 16) = 0
2023-05-18T06:54:17.910559428Z 06:54:17.910282 sendto(8, "\241:\1\0\0\1\0\0\0\0\0\0\rflux-sample-0\fflux-"..., 111, MSG_NOSIGNAL, NULL, 0) = 111
2023-05-18T06:54:17.914523089Z 06:54:17.914246 recvfrom(8, "\241:\201\203\0\1\0\0\0\1\0\0\rflux-sample-0\fflux-"..., 1024, 0, {sa_family=AF_INET, sin_port=htons(53), sin_addr=inet_addr("169.254.169.254")}, [28->16]) = 205
2023-05-18T06:54:17.914850570Z 06:54:17.914628 socket(AF_INET, SOCK_DGRAM|SOCK_CLOEXEC|SOCK_NONBLOCK, IPPROTO_IP) = 8
2023-05-18T06:54:17.915144884Z 06:54:17.914900 connect(8, {sa_family=AF_INET, sin_port=htons(53), sin_addr=inet_addr("169.254.169.254")}, 16) = 0
2023-05-18T06:54:17.915495580Z 06:54:17.915225 sendto(8, ".\226\1\0\0\1\0\0\0\0\0\0\rflux-sample-0\fflux-"..., 97, MSG_NOSIGNAL, NULL, 0) = 97
2023-05-18T06:54:17.919596990Z 06:54:17.919344 recvfrom(8, ".\226\201\203\0\1\0\0\0\1\0\0\rflux-sample-0\fflux-"..., 1024, 0, {sa_family=AF_INET, sin_port=htons(53), sin_addr=inet_addr("169.254.169.254")}, [28->16]) = 186
2023-05-18T06:54:17.919927751Z 06:54:17.919701 socket(AF_INET, SOCK_DGRAM|SOCK_CLOEXEC|SOCK_NONBLOCK, IPPROTO_IP) = 8
2023-05-18T06:54:17.920203255Z 06:54:17.919973 connect(8, {sa_family=AF_INET, sin_port=htons(53), sin_addr=inet_addr("169.254.169.254")}, 16) = 0
2023-05-18T06:54:17.920555772Z 06:54:17.920281 sendto(8, "\252\230\1\0\0\1\0\0\0\0\0\0\rflux-sample-0\fflux-"..., 92, MSG_NOSIGNAL, NULL, 0) = 92
2023-05-18T06:54:17.924344505Z 06:54:17.924095 recvfrom(8, "\252\230\201\203\0\1\0\0\0\1\0\0\rflux-sample-0\fflux-"..., 1024, 0, {sa_family=AF_INET, sin_port=htons(53), sin_addr=inet_addr("169.254.169.254")}, [28->16]) = 181
2023-05-18T06:54:17.924613276Z broker.err[3]: Warning: unable to resolve upstream peer flux-sample-0.flux-service.flux-operator.svc.cluster.local: Name or service not known
2023-05-18T06:54:17.933442323Z broker.info[3]: start: none->join 1.86976ms
2023-05-18T06:54:18.668275347Z broker.info[3]: parent-ready: join->init 0.734721s
2023-05-18T06:54:18.668566753Z 06:54:18.668294 socketpair(AF_UNIX, SOCK_STREAM|SOCK_CLOEXEC, 0, [22, 23]) = 0
2023-05-18T06:54:18.668687731Z 06:54:18.668457 socketpair(AF_UNIX, SOCK_STREAM, 0, [24, 25]) = 0
2023-05-18T06:54:18.668967738Z 06:54:18.668750 socketpair(AF_UNIX, SOCK_STREAM, 0, [26, 27]) = 0
2023-05-18T06:54:18.669258571Z 06:54:18.669011 socketpair(AF_UNIX, SOCK_STREAM, 0, [28, 29]) = 0
2023-05-18T06:54:18.692821812Z broker.info[3]: configuration updated
2023-05-18T06:54:18.814575197Z broker.info[3]: rc1.0: running /etc/flux/rc1.d/01-sched-fluxion
2023-05-18T06:54:18.826764700Z broker.info[3]: rc1.0: running /etc/flux/rc1.d/02-cron
2023-05-18T06:54:18.854393805Z broker.info[3]: rc1.0: /etc/flux/rc1 Exited (rc=0) 0.2s
2023-05-18T06:54:18.855015071Z broker.info[3]: rc1-success: init->quorum 0.186584s
2023-05-18T06:54:19.029468172Z broker.info[3]: quorum-full: quorum->run 0.173929s
2023-05-18T06:54:19.618927429Z 06:54:19.618595 socketpair(AF_UNIX, SOCK_STREAM|SOCK_CLOEXEC, 0, [22, 23]) = 0
2023-05-18T06:54:19.618995301Z 06:54:19.618748 socketpair(AF_UNIX, SOCK_STREAM, 0, [24, 25]) = 0
2023-05-18T06:54:19.619847360Z 06:54:19.618973 socketpair(AF_UNIX, SOCK_STREAM, 0, [26, 28]) = 0
2023-05-18T06:54:19.619904765Z 06:54:19.619555 socketpair(AF_UNIX, SOCK_STREAM, 0, [58, 59]) = 0
2023-05-18T06:54:29.563760611Z broker.info[3]: shutdown: run->cleanup 10.5339s
2023-05-18T06:54:29.565539286Z broker.info[3]: cleanup-none: cleanup->shutdown 1.07813ms
2023-05-18T06:54:29.567209927Z broker.info[3]: children-none: shutdown->finalize 1.06103ms
2023-05-18T06:54:29.567853299Z 06:54:29.567579 socketpair(AF_UNIX, SOCK_STREAM|SOCK_CLOEXEC, 0, [22, 23]) = 0
2023-05-18T06:54:29.568352440Z 06:54:29.567913 socketpair(AF_UNIX, SOCK_STREAM, 0, [24, 25]) = 0
2023-05-18T06:54:29.568859053Z 06:54:29.568687 socketpair(AF_UNIX, SOCK_STREAM, 0, [26, 28]) = 0
2023-05-18T06:54:29.569354301Z 06:54:29.569066 socketpair(AF_UNIX, SOCK_STREAM, 0, [58, 59]) = 0
2023-05-18T06:54:29.589934719Z broker.info[3]: rc3.0: running /etc/flux/rc3.d/01-sched-fluxion
2023-05-18T06:54:29.704438424Z broker.info[3]: rc3.0: /etc/flux/rc3 Exited (rc=0) 0.1s
2023-05-18T06:54:29.705652111Z broker.info[3]: rc3-success: finalize->goodbye 0.137922s
2023-05-18T06:54:29.707463664Z broker.info[3]: goodbye: goodbye->exit 1.16996ms
2023-05-18T06:54:29.715833331Z 06:54:29.715650 +++ exited with 0 +++
2023-05-18T06:54:29.717048335Z Return value for follower worker is 0
2023-05-18T06:54:29.717235608Z The follower worker exited cleanly. Goodbye!
