2023-05-18T06:59:10.010972269Z
2023-05-18T06:59:10.010999519Z Flux username: flux
2023-05-18T06:59:10.011005707Z
2023-05-18T06:59:10.011010581Z Flux install root: /usr
2023-05-18T06:59:10.066766012Z flux user is already added.
2023-05-18T06:59:10.069964263Z flux user identifiers:
2023-05-18T06:59:10.069981889Z uid=1234(flux) gid=1234(flux) groups=1234(flux)
2023-05-18T06:59:10.070146082Z
2023-05-18T06:59:10.070159990Z As Flux prefix for flux commands: sudo -u flux -E PYTHONPATH=/opt/conda/lib/python3.10/site-packages -E PATH=/opt/conda/bin:/usr/local/sbin:/usr/local/bin:/usr/sbin:/usr/bin:/sbin:/bin -E LD_LIBRARY_PATH=/opt/conda/lib -E HOME=/home/flux
2023-05-18T06:59:10.077203872Z
2023-05-18T06:59:10.077223450Z 👋 Hello, I'm flux-sample-3
2023-05-18T06:59:10.077353178Z The main host is flux-sample-0
2023-05-18T06:59:10.077363493Z The working directory is /home/flux/examples/reaxff/HNS, contents include:
2023-05-18T06:59:10.078889506Z /home/flux/examples/reaxff/HNS:
2023-05-18T06:59:10.079073510Z README.txt	ffield.reax.hns  log.8Mar18.reaxc.hns.g++.1
2023-05-18T06:59:10.079161430Z data.hns-equil	in.reaxc.hns	 log.8Mar18.reaxc.hns.g++.4
2023-05-18T06:59:10.081066702Z End of file listing, if you see nothing above there are no files.
2023-05-18T06:59:10.081599522Z flux R encode --hosts=flux-sample-[0-3]
2023-05-18T06:59:10.095866194Z
2023-05-18T06:59:10.095884727Z 📦 Resources
2023-05-18T06:59:10.097015032Z {"version": 1, "execution": {"R_lite": [{"rank": "0-3", "children": {"core": "0"}}], "starttime": 0.0, "expiration": 0.0, "nodelist": ["flux-sample-[0-3]"]}}
2023-05-18T06:59:10.097459741Z
2023-05-18T06:59:10.097477697Z 🐸 Diagnostics: false
2023-05-18T06:59:10.097658788Z 🚩️ Flux Option Flags defined
2023-05-18T06:59:10.101694189Z
2023-05-18T06:59:10.101712105Z 🦊 Independent Minister of Privilege
2023-05-18T06:59:10.102988152Z [exec]
2023-05-18T06:59:10.103003751Z allowed-users = [ "flux", "root" ]
2023-05-18T06:59:10.103009488Z allowed-shells = [ "/usr/libexec/flux/flux-shell" ]
2023-05-18T06:59:10.103222494Z
2023-05-18T06:59:10.103238404Z 🐸 Broker Configuration
2023-05-18T06:59:10.104477220Z # Flux needs to know the path to the IMP executable
2023-05-18T06:59:10.104493539Z [exec]
2023-05-18T06:59:10.104499443Z imp = "/usr/libexec/flux/flux-imp"
2023-05-18T06:59:10.104503971Z
2023-05-18T06:59:10.104508913Z [access]
2023-05-18T06:59:10.104516657Z allow-guest-user = true
2023-05-18T06:59:10.104533603Z allow-root-owner = true
2023-05-18T06:59:10.104538728Z
2023-05-18T06:59:10.104543482Z # Point to resource definition generated with flux-R(1).
2023-05-18T06:59:10.104549059Z [resource]
2023-05-18T06:59:10.104554647Z path = "/etc/flux/system/R"
2023-05-18T06:59:10.104559501Z
2023-05-18T06:59:10.104566571Z [bootstrap]
2023-05-18T06:59:10.104572909Z curve_cert = "/etc/curve/curve.cert"
2023-05-18T06:59:10.104578237Z default_port = 8050
2023-05-18T06:59:10.104582972Z default_bind = "tcp://eth0:%p"
2023-05-18T06:59:10.104588079Z default_connect = "tcp://%h.flux-service.flux-operator.svc.cluster.local:%p"
2023-05-18T06:59:10.104592882Z hosts = [
2023-05-18T06:59:10.104597709Z 	{ host="flux-sample-[0-3]"},
2023-05-18T06:59:10.104602365Z ]
2023-05-18T06:59:10.104609056Z
2023-05-18T06:59:10.104615036Z [archive]
2023-05-18T06:59:10.104620316Z dbpath = "/var/lib/flux/job-archive.sqlite"
2023-05-18T06:59:10.104625384Z period = "1m"
2023-05-18T06:59:10.183567945Z busytimeout = "50s"
2023-05-18T06:59:10.183597412Z 🧊️ State Directory:
2023-05-18T06:59:10.183603667Z total 0
2023-05-18T06:59:10.183618742Z
2023-05-18T06:59:10.186242589Z
2023-05-18T06:59:10.186261305Z 🔒️ Working directory permissions:
2023-05-18T06:59:10.186275709Z total 96
2023-05-18T06:59:10.186283612Z -rwxrwxrwx 1 flux root  2517 May 17 22:32 README.txt
2023-05-18T06:59:10.186289642Z -rwxrwxrwx 1 flux root 54692 May 17 22:32 data.hns-equil
2023-05-18T06:59:10.186294384Z -rwxrwxrwx 1 flux root 13576 May 17 22:32 ffield.reax.hns
2023-05-18T06:59:10.186299316Z -rwxrwxrwx 1 flux root   870 May 17 22:32 in.reaxc.hns
2023-05-18T06:59:10.186304585Z -rwxrwxrwx 1 flux root  4172 May 17 22:32 log.8Mar18.reaxc.hns.g++.1
2023-05-18T06:59:10.186309495Z -rwxrwxrwx 1 flux root  4168 May 17 22:32 log.8Mar18.reaxc.hns.g++.4
2023-05-18T06:59:10.186314419Z
2023-05-18T06:59:10.186395171Z
2023-05-18T06:59:10.186414241Z ✨ Curve certificate generated by helper pod
2023-05-18T06:59:10.187923278Z #   ****  Generated on 2023-04-26 22:54:42 by CZMQ  ****
2023-05-18T06:59:10.187970457Z #   ZeroMQ CURVE **Secret** Certificate
2023-05-18T06:59:10.187979792Z #   DO NOT PROVIDE THIS FILE TO OTHER USERS nor change its permissions.
2023-05-18T06:59:10.187985877Z
2023-05-18T06:59:10.187990740Z metadata
2023-05-18T06:59:10.187996080Z     name = "flux-cert-generator"
2023-05-18T06:59:10.188000963Z     keygen.hostname = "flux-sample-0"
2023-05-18T06:59:10.188005819Z curve
2023-05-18T06:59:10.188010836Z     public-key = "1sT..fML4N<JM7GF[p6gbf4+gtdwCrWj.:Py5n=*"
2023-05-18T06:59:10.188015660Z     secret-key = "-4QrWVomNudHJ6d9yapd/Y/G$+qA&$?NmcP6=%&/"
2023-05-18T06:59:10.190253740Z
2023-05-18T06:59:10.190272140Z 🌀  flux start --wrap=strace,-e,network,-tt -o --config /etc/flux/config -Scron.directory=/etc/flux/system/cron.d   -Stbon.fanout=256   -Srundir=/run/flux    -Sstatedir=/var/lib/flux   -Slocal-uri=local:///run/flux/local   -Stbon.zmqdebug=1  -Slog-stderr-level=6    -Slog-stderr-mode=local
2023-05-18T06:59:10.230065280Z 06:59:10.229881 socket(AF_NETLINK, SOCK_RAW, NETLINK_ROUTE) = 8
2023-05-18T06:59:10.230169662Z 06:59:10.230003 bind(8, {sa_family=AF_NETLINK, nl_pid=0, nl_groups=00000000}, 12) = 0
2023-05-18T06:59:10.230495365Z 06:59:10.230169 getsockname(8, {sa_family=AF_NETLINK, nl_pid=70, nl_groups=00000000}, [12]) = 0
2023-05-18T06:59:10.230589209Z 06:59:10.230285 sendto(8, {{len=20, type=RTM_GETADDR, flags=NLM_F_REQUEST|NLM_F_DUMP, seq=1684393150, pid=0}, {ifa_family=AF_UNSPEC, ...}}, 20, 0, {sa_family=AF_NETLINK, nl_pid=0, nl_groups=00000000}, 12) = 20
2023-05-18T06:59:10.230907914Z 06:59:10.230517 recvmsg(8, {msg_name={sa_family=AF_NETLINK, nl_pid=0, nl_groups=00000000}, msg_namelen=12, msg_iov=[{iov_base=[{{len=76, type=RTM_NEWADDR, flags=NLM_F_MULTI, seq=1684393150, pid=70}, {ifa_family=AF_INET, ifa_prefixlen=8, ifa_flags=IFA_F_PERMANENT, ifa_scope=RT_SCOPE_HOST, ifa_index=if_nametoindex("lo")}, [{{nla_len=8, nla_type=IFA_ADDRESS}, 127.0.0.1}, {{nla_len=8, nla_type=IFA_LOCAL}, 127.0.0.1}, {{nla_len=7, nla_type=IFA_LABEL}, "lo"}, {{nla_len=8, nla_type=IFA_FLAGS}, IFA_F_PERMANENT}, {{nla_len=20, nla_type=IFA_CACHEINFO}, {ifa_prefered=4294967295, ifa_valid=4294967295, cstamp=1158506, tstamp=1158506}}]}, {{len=88, type=RTM_NEWADDR, flags=NLM_F_MULTI, seq=1684393150, pid=70}, {ifa_family=AF_INET, ifa_prefixlen=24, ifa_flags=IFA_F_PERMANENT, ifa_scope=RT_SCOPE_UNIVERSE, ifa_index=if_nametoindex("eth0")}, [{{nla_len=8, nla_type=IFA_ADDRESS}, 10.24.0.190}, {{nla_len=8, nla_type=IFA_LOCAL}, 10.24.0.190}, {{nla_len=8, nla_type=IFA_BROADCAST}, 10.24.0.255}, {{nla_len=9, nla_type=IFA_LABEL}, "eth0"}, {{nla_len=8, nla_type=IFA_FLAGS}, IFA_F_PERMANENT}, {{nla_len=20, nla_type=IFA_CACHEINFO}, {ifa_prefered=4294967295, ifa_valid=4294967295, cstamp=1158507, tstamp=1158507}}]}], iov_len=4096}], msg_iovlen=1, msg_controllen=0, msg_flags=0}, 0) = 164
2023-05-18T06:59:10.231045587Z 06:59:10.230860 recvmsg(8, {msg_name={sa_family=AF_NETLINK, nl_pid=0, nl_groups=00000000}, msg_namelen=12, msg_iov=[{iov_base={{len=20, type=NLMSG_DONE, flags=NLM_F_MULTI, seq=1684393150, pid=70}, 0}, iov_len=4096}], msg_iovlen=1, msg_controllen=0, msg_flags=0}, 0) = 20
2023-05-18T06:59:10.231550775Z 06:59:10.231428 socket(AF_UNIX, SOCK_STREAM|SOCK_CLOEXEC|SOCK_NONBLOCK, 0) = 8
2023-05-18T06:59:10.231645210Z 06:59:10.231502 connect(8, {sa_family=AF_UNIX, sun_path="/var/run/nscd/socket"}, 110) = -1 ENOENT (No such file or directory)
2023-05-18T06:59:10.231800908Z 06:59:10.231669 socket(AF_UNIX, SOCK_STREAM|SOCK_CLOEXEC|SOCK_NONBLOCK, 0) = 8
2023-05-18T06:59:10.231899460Z 06:59:10.231768 connect(8, {sa_family=AF_UNIX, sun_path="/var/run/nscd/socket"}, 110) = -1 ENOENT (No such file or directory)
2023-05-18T06:59:10.233130744Z 06:59:10.232871 socket(AF_INET, SOCK_DGRAM|SOCK_CLOEXEC|SOCK_NONBLOCK, IPPROTO_IP) = 8
2023-05-18T06:59:10.233146881Z 06:59:10.232942 connect(8, {sa_family=AF_INET, sin_port=htons(53), sin_addr=inet_addr("169.254.169.254")}, 16) = 0
2023-05-18T06:59:10.233450614Z 06:59:10.233095 sendto(8, "D\340\1\0\0\1\0\0\0\0\0\0\rflux-sample-0\fflux-"..., 76, MSG_NOSIGNAL, NULL, 0) = 76
2023-05-18T06:59:10.236752052Z 06:59:10.236498 recvfrom(8, "D\340\201\203\0\1\0\0\0\1\0\0\rflux-sample-0\fflux-"..., 1024, 0, {sa_family=AF_INET, sin_port=htons(53), sin_addr=inet_addr("169.254.169.254")}, [28->16]) = 172
2023-05-18T06:59:10.236864351Z 06:59:10.236700 socket(AF_INET, SOCK_DGRAM|SOCK_CLOEXEC|SOCK_NONBLOCK, IPPROTO_IP) = 8
2023-05-18T06:59:10.236980586Z 06:59:10.236800 connect(8, {sa_family=AF_INET, sin_port=htons(53), sin_addr=inet_addr("169.254.169.254")}, 16) = 0
2023-05-18T06:59:10.237212388Z 06:59:10.236957 sendto(8, "-%\1\0\0\1\0\0\0\0\0\0\rflux-sample-0\fflux-"..., 108, MSG_NOSIGNAL, NULL, 0) = 108
2023-05-18T06:59:10.240362199Z 06:59:10.240145 recvfrom(8, "-%\201\203\0\1\0\0\0\1\0\0\rflux-sample-0\fflux-"..., 1024, 0, {sa_family=AF_INET, sin_port=htons(53), sin_addr=inet_addr("169.254.169.254")}, [28->16]) = 204
2023-05-18T06:59:10.240435999Z 06:59:10.240314 socket(AF_INET, SOCK_DGRAM|SOCK_CLOEXEC|SOCK_NONBLOCK, IPPROTO_IP) = 8
2023-05-18T06:59:10.240536488Z 06:59:10.240400 connect(8, {sa_family=AF_INET, sin_port=htons(53), sin_addr=inet_addr("169.254.169.254")}, 16) = 0
2023-05-18T06:59:10.240736797Z 06:59:10.240542 sendto(8, "\23\335\1\0\0\1\0\0\0\0\0\0\rflux-sample-0\fflux-"..., 94, MSG_NOSIGNAL, NULL, 0) = 94
2023-05-18T06:59:10.243870007Z 06:59:10.243701 recvfrom(8, "\23\335\201\203\0\1\0\0\0\1\0\0\rflux-sample-0\fflux-"..., 1024, 0, {sa_family=AF_INET, sin_port=htons(53), sin_addr=inet_addr("169.254.169.254")}, [28->16]) = 190
2023-05-18T06:59:10.244014379Z 06:59:10.243882 socket(AF_INET, SOCK_DGRAM|SOCK_CLOEXEC|SOCK_NONBLOCK, IPPROTO_IP) = 8
2023-05-18T06:59:10.244127278Z 06:59:10.243979 connect(8, {sa_family=AF_INET, sin_port=htons(53), sin_addr=inet_addr("169.254.169.254")}, 16) = 0
2023-05-18T06:59:10.244366559Z 06:59:10.244170 sendto(8, "\252\177\1\0\0\1\0\0\0\0\0\0\rflux-sample-0\fflux-"..., 90, MSG_NOSIGNAL, NULL, 0) = 90
2023-05-18T06:59:10.247019153Z 06:59:10.246853 recvfrom(8, "\252\177\201\203\0\1\0\0\0\1\0\0\rflux-sample-0\fflux-"..., 1024, 0, {sa_family=AF_INET, sin_port=htons(53), sin_addr=inet_addr("169.254.169.254")}, [28->16]) = 186
2023-05-18T06:59:10.247422227Z 06:59:10.247184 socket(AF_INET, SOCK_DGRAM|SOCK_CLOEXEC|SOCK_NONBLOCK, IPPROTO_IP) = 8
2023-05-18T06:59:10.247436410Z 06:59:10.247281 connect(8, {sa_family=AF_INET, sin_port=htons(53), sin_addr=inet_addr("169.254.169.254")}, 16) = 0
2023-05-18T06:59:10.247599568Z 06:59:10.247398 sendto(8, "\203\342\1\0\0\1\0\0\0\0\0\0\rflux-sample-0\fflux-"..., 111, MSG_NOSIGNAL, NULL, 0) = 111
2023-05-18T06:59:10.251630774Z 06:59:10.251473 recvfrom(8, "\203\342\201\203\0\1\0\0\0\1\0\0\rflux-sample-0\fflux-"..., 1024, 0, {sa_family=AF_INET, sin_port=htons(53), sin_addr=inet_addr("169.254.169.254")}, [28->16]) = 205
2023-05-18T06:59:10.251921096Z 06:59:10.251787 socket(AF_INET, SOCK_DGRAM|SOCK_CLOEXEC|SOCK_NONBLOCK, IPPROTO_IP) = 8
2023-05-18T06:59:10.252002303Z 06:59:10.251882 connect(8, {sa_family=AF_INET, sin_port=htons(53), sin_addr=inet_addr("169.254.169.254")}, 16) = 0
2023-05-18T06:59:10.252253188Z 06:59:10.252057 sendto(8, "\\~\1\0\0\1\0\0\0\0\0\0\rflux-sample-0\fflux-"..., 97, MSG_NOSIGNAL, NULL, 0) = 97
2023-05-18T06:59:10.256950437Z 06:59:10.256751 recvfrom(8, "\\~\201\203\0\1\0\0\0\1\0\0\rflux-sample-0\fflux-"..., 1024, 0, {sa_family=AF_INET, sin_port=htons(53), sin_addr=inet_addr("169.254.169.254")}, [28->16]) = 186
2023-05-18T06:59:10.257134930Z 06:59:10.256978 socket(AF_INET, SOCK_DGRAM|SOCK_CLOEXEC|SOCK_NONBLOCK, IPPROTO_IP) = 8
2023-05-18T06:59:10.257218480Z 06:59:10.257090 connect(8, {sa_family=AF_INET, sin_port=htons(53), sin_addr=inet_addr("169.254.169.254")}, 16) = 0
2023-05-18T06:59:10.257421671Z 06:59:10.257211 sendto(8, "9\317\1\0\0\1\0\0\0\0\0\0\rflux-sample-0\fflux-"..., 92, MSG_NOSIGNAL, NULL, 0) = 92
2023-05-18T06:59:10.261154910Z 06:59:10.260940 recvfrom(8, "9\317\201\203\0\1\0\0\0\1\0\0\rflux-sample-0\fflux-"..., 1024, 0, {sa_family=AF_INET, sin_port=htons(53), sin_addr=inet_addr("169.254.169.254")}, [28->16]) = 181
2023-05-18T06:59:10.261557638Z broker.err[3]: Warning: unable to resolve upstream peer flux-sample-0.flux-service.flux-operator.svc.cluster.local: Name or service not known
2023-05-18T06:59:10.268041914Z broker.info[3]: start: none->join 1.81857ms
2023-05-18T06:59:11.481532782Z broker.info[3]: parent-ready: join->init 1.21318s
2023-05-18T06:59:11.481799984Z 06:59:11.481539 socketpair(AF_UNIX, SOCK_STREAM|SOCK_CLOEXEC, 0, [22, 23]) = 0
2023-05-18T06:59:11.481961130Z 06:59:11.481795 socketpair(AF_UNIX, SOCK_STREAM, 0, [24, 25]) = 0
2023-05-18T06:59:11.482257883Z 06:59:11.482105 socketpair(AF_UNIX, SOCK_STREAM, 0, [26, 27]) = 0
2023-05-18T06:59:11.482642743Z 06:59:11.482476 socketpair(AF_UNIX, SOCK_STREAM, 0, [28, 29]) = 0
2023-05-18T06:59:11.506322941Z broker.info[3]: configuration updated
2023-05-18T06:59:11.636266263Z broker.info[3]: rc1.0: running /etc/flux/rc1.d/01-sched-fluxion
2023-05-18T06:59:11.641951278Z broker.info[3]: rc1.0: running /etc/flux/rc1.d/02-cron
2023-05-18T06:59:11.667740175Z broker.info[3]: rc1.0: /etc/flux/rc1 Exited (rc=0) 0.2s
2023-05-18T06:59:11.668655700Z broker.info[3]: rc1-success: init->quorum 0.186972s
2023-05-18T06:59:11.980314017Z broker.info[3]: quorum-full: quorum->run 0.311356s
2023-05-18T06:59:12.632889427Z 06:59:12.632490 socketpair(AF_UNIX, SOCK_STREAM|SOCK_CLOEXEC, 0, [22, 23]) = 0
2023-05-18T06:59:12.633153440Z 06:59:12.632626 socketpair(AF_UNIX, SOCK_STREAM, 0, [24, 25]) = 0
2023-05-18T06:59:12.633583932Z 06:59:12.632834 socketpair(AF_UNIX, SOCK_STREAM, 0, [26, 28]) = 0
2023-05-18T06:59:12.633794441Z 06:59:12.633014 socketpair(AF_UNIX, SOCK_STREAM, 0, [58, 59]) = 0
2023-05-18T06:59:22.627490326Z broker.info[3]: shutdown: run->cleanup 10.6469s
2023-05-18T06:59:22.629258432Z broker.info[3]: cleanup-none: cleanup->shutdown 1.33442ms
2023-05-18T06:59:22.630544443Z broker.info[3]: children-none: shutdown->finalize 1.17751ms
2023-05-18T06:59:22.631150885Z 06:59:22.630629 socketpair(AF_UNIX, SOCK_STREAM|SOCK_CLOEXEC, 0, [22, 23]) = 0
2023-05-18T06:59:22.631753883Z 06:59:22.630811 socketpair(AF_UNIX, SOCK_STREAM, 0, [24, 25]) = 0
2023-05-18T06:59:22.631876315Z 06:59:22.631171 socketpair(AF_UNIX, SOCK_STREAM, 0, [26, 28]) = 0
2023-05-18T06:59:22.631963531Z 06:59:22.631453 socketpair(AF_UNIX, SOCK_STREAM, 0, [58, 59]) = 0
2023-05-18T06:59:22.649421509Z broker.info[3]: rc3.0: running /etc/flux/rc3.d/01-sched-fluxion
2023-05-18T06:59:22.771104380Z broker.info[3]: rc3.0: /etc/flux/rc3 Exited (rc=0) 0.1s
2023-05-18T06:59:22.772149649Z broker.info[3]: rc3-success: finalize->goodbye 0.141384s
2023-05-18T06:59:22.773629969Z broker.info[3]: goodbye: goodbye->exit 1.06872ms
2023-05-18T06:59:22.781702855Z 06:59:22.781557 +++ exited with 0 +++
2023-05-18T06:59:22.782978571Z Return value for follower worker is 0
2023-05-18T06:59:22.783126492Z The follower worker exited cleanly. Goodbye!
