2023-05-18T06:52:30.307745666Z
2023-05-18T06:52:30.307792079Z Flux username: flux
2023-05-18T06:52:30.307799400Z
2023-05-18T06:52:30.309151401Z Flux install root: /usr
2023-05-18T06:52:30.365587754Z flux user is already added.
2023-05-18T06:52:30.369936992Z flux user identifiers:
2023-05-18T06:52:30.369955476Z uid=1234(flux) gid=1234(flux) groups=1234(flux)
2023-05-18T06:52:30.370104979Z
2023-05-18T06:52:30.370119269Z As Flux prefix for flux commands: sudo -u flux -E PYTHONPATH=/opt/conda/lib/python3.10/site-packages -E PATH=/opt/conda/bin:/usr/local/sbin:/usr/local/bin:/usr/sbin:/usr/bin:/sbin:/bin -E LD_LIBRARY_PATH=/opt/conda/lib -E HOME=/home/flux
2023-05-18T06:52:30.379408155Z
2023-05-18T06:52:30.379526238Z 👋 Hello, I'm flux-sample-3
2023-05-18T06:52:30.379701199Z The main host is flux-sample-0
2023-05-18T06:52:30.379844817Z The working directory is /home/flux/examples/reaxff/HNS, contents include:
2023-05-18T06:52:30.381978724Z /home/flux/examples/reaxff/HNS:
2023-05-18T06:52:30.382206401Z README.txt	ffield.reax.hns  log.8Mar18.reaxc.hns.g++.1
2023-05-18T06:52:30.382357930Z data.hns-equil	in.reaxc.hns	 log.8Mar18.reaxc.hns.g++.4
2023-05-18T06:52:30.382753981Z End of file listing, if you see nothing above there are no files.
2023-05-18T06:52:30.384983036Z flux R encode --hosts=flux-sample-[0-3]
2023-05-18T06:52:30.400404578Z
2023-05-18T06:52:30.400515267Z 📦 Resources
2023-05-18T06:52:30.402177259Z {"version": 1, "execution": {"R_lite": [{"rank": "0-3", "children": {"core": "0"}}], "starttime": 0.0, "expiration": 0.0, "nodelist": ["flux-sample-[0-3]"]}}
2023-05-18T06:52:30.402553716Z
2023-05-18T06:52:30.402676108Z 🐸 Diagnostics: false
2023-05-18T06:52:30.402967508Z 🚩️ Flux Option Flags defined
2023-05-18T06:52:30.406641062Z
2023-05-18T06:52:30.406760785Z 🦊 Independent Minister of Privilege
2023-05-18T06:52:30.408051520Z [exec]
2023-05-18T06:52:30.408069873Z allowed-users = [ "flux", "root" ]
2023-05-18T06:52:30.408076891Z allowed-shells = [ "/usr/libexec/flux/flux-shell" ]
2023-05-18T06:52:30.408239616Z
2023-05-18T06:52:30.408366583Z 🐸 Broker Configuration
2023-05-18T06:52:30.409645644Z # Flux needs to know the path to the IMP executable
2023-05-18T06:52:30.409661168Z [exec]
2023-05-18T06:52:30.409667038Z imp = "/usr/libexec/flux/flux-imp"
2023-05-18T06:52:30.409671743Z
2023-05-18T06:52:30.409676554Z [access]
2023-05-18T06:52:30.409681783Z allow-guest-user = true
2023-05-18T06:52:30.409700556Z allow-root-owner = true
2023-05-18T06:52:30.409705983Z
2023-05-18T06:52:30.409710746Z # Point to resource definition generated with flux-R(1).
2023-05-18T06:52:30.409715582Z [resource]
2023-05-18T06:52:30.409721095Z path = "/etc/flux/system/R"
2023-05-18T06:52:30.409725760Z
2023-05-18T06:52:30.409730556Z [bootstrap]
2023-05-18T06:52:30.409737622Z curve_cert = "/etc/curve/curve.cert"
2023-05-18T06:52:30.409743726Z default_port = 8050
2023-05-18T06:52:30.409748650Z default_bind = "tcp://eth0:%p"
2023-05-18T06:52:30.409753987Z default_connect = "tcp://%h.flux-service.flux-operator.svc.cluster.local:%p"
2023-05-18T06:52:30.409758843Z hosts = [
2023-05-18T06:52:30.409763355Z 	{ host="flux-sample-[0-3]"},
2023-05-18T06:52:30.409768762Z ]
2023-05-18T06:52:30.409773758Z
2023-05-18T06:52:30.409780618Z [archive]
2023-05-18T06:52:30.409786269Z dbpath = "/var/lib/flux/job-archive.sqlite"
2023-05-18T06:52:30.409791154Z period = "1m"
2023-05-18T06:52:30.482781397Z busytimeout = "50s"
2023-05-18T06:52:30.482943227Z 🧊️ State Directory:
2023-05-18T06:52:30.483104028Z total 0
2023-05-18T06:52:30.483230020Z
2023-05-18T06:52:30.485950450Z
2023-05-18T06:52:30.486119082Z 🔒️ Working directory permissions:
2023-05-18T06:52:30.486268977Z total 96
2023-05-18T06:52:30.486394012Z -rwxrwxrwx 1 flux root  2517 May 17 22:32 README.txt
2023-05-18T06:52:30.486530439Z -rwxrwxrwx 1 flux root 54692 May 17 22:32 data.hns-equil
2023-05-18T06:52:30.486657773Z -rwxrwxrwx 1 flux root 13576 May 17 22:32 ffield.reax.hns
2023-05-18T06:52:30.486800223Z -rwxrwxrwx 1 flux root   870 May 17 22:32 in.reaxc.hns
2023-05-18T06:52:30.486921372Z -rwxrwxrwx 1 flux root  4172 May 17 22:32 log.8Mar18.reaxc.hns.g++.1
2023-05-18T06:52:30.487075336Z -rwxrwxrwx 1 flux root  4168 May 17 22:32 log.8Mar18.reaxc.hns.g++.4
2023-05-18T06:52:30.487194943Z
2023-05-18T06:52:30.487398016Z
2023-05-18T06:52:30.487523361Z ✨ Curve certificate generated by helper pod
2023-05-18T06:52:30.488831701Z #   ****  Generated on 2023-04-26 22:54:42 by CZMQ  ****
2023-05-18T06:52:30.488852427Z #   ZeroMQ CURVE **Secret** Certificate
2023-05-18T06:52:30.488860401Z #   DO NOT PROVIDE THIS FILE TO OTHER USERS nor change its permissions.
2023-05-18T06:52:30.488866303Z
2023-05-18T06:52:30.488891750Z metadata
2023-05-18T06:52:30.488898535Z     name = "flux-cert-generator"
2023-05-18T06:52:30.488903880Z     keygen.hostname = "flux-sample-0"
2023-05-18T06:52:30.488911891Z curve
2023-05-18T06:52:30.488918863Z     public-key = "zd<UmmF1tEpqcfs2RKOR6v5Q<CBJkgpMJWMEd&mA"
2023-05-18T06:52:30.488925069Z     secret-key = "5Vo@GdOm^?88hK$LyofwiwnKI1)/^@=LaT{Kfj-["
2023-05-18T06:52:30.490864279Z
2023-05-18T06:52:30.491049007Z 🌀  flux start --wrap=strace,-e,network,-tt -o --config /etc/flux/config -Scron.directory=/etc/flux/system/cron.d   -Stbon.fanout=256   -Srundir=/run/flux    -Sstatedir=/var/lib/flux   -Slocal-uri=local:///run/flux/local   -Stbon.zmqdebug=1  -Slog-stderr-level=6    -Slog-stderr-mode=local
2023-05-18T06:52:30.530268601Z 06:52:30.529928 socket(AF_NETLINK, SOCK_RAW, NETLINK_ROUTE) = 8
2023-05-18T06:52:30.530661724Z 06:52:30.530343 bind(8, {sa_family=AF_NETLINK, nl_pid=0, nl_groups=00000000}, 12) = 0
2023-05-18T06:52:30.531047155Z 06:52:30.530729 getsockname(8, {sa_family=AF_NETLINK, nl_pid=71, nl_groups=00000000}, [12]) = 0
2023-05-18T06:52:30.531458115Z 06:52:30.531068 sendto(8, {{len=20, type=RTM_GETADDR, flags=NLM_F_REQUEST|NLM_F_DUMP, seq=1684392750, pid=0}, {ifa_family=AF_UNSPEC, ...}}, 20, 0, {sa_family=AF_NETLINK, nl_pid=0, nl_groups=00000000}, 12) = 20
2023-05-18T06:52:30.532149204Z 06:52:30.531289 recvmsg(8, {msg_name={sa_family=AF_NETLINK, nl_pid=0, nl_groups=00000000}, msg_namelen=12, msg_iov=[{iov_base=[{{len=76, type=RTM_NEWADDR, flags=NLM_F_MULTI, seq=1684392750, pid=71}, {ifa_family=AF_INET, ifa_prefixlen=8, ifa_flags=IFA_F_PERMANENT, ifa_scope=RT_SCOPE_HOST, ifa_index=if_nametoindex("lo")}, [{{nla_len=8, nla_type=IFA_ADDRESS}, 127.0.0.1}, {{nla_len=8, nla_type=IFA_LOCAL}, 127.0.0.1}, {{nla_len=7, nla_type=IFA_LABEL}, "lo"}, {{nla_len=8, nla_type=IFA_FLAGS}, IFA_F_PERMANENT}, {{nla_len=20, nla_type=IFA_CACHEINFO}, {ifa_prefered=4294967295, ifa_valid=4294967295, cstamp=1118529, tstamp=1118529}}]}, {{len=88, type=RTM_NEWADDR, flags=NLM_F_MULTI, seq=1684392750, pid=71}, {ifa_family=AF_INET, ifa_prefixlen=24, ifa_flags=IFA_F_PERMANENT, ifa_scope=RT_SCOPE_UNIVERSE, ifa_index=if_nametoindex("eth0")}, [{{nla_len=8, nla_type=IFA_ADDRESS}, 10.24.0.156}, {{nla_len=8, nla_type=IFA_LOCAL}, 10.24.0.156}, {{nla_len=8, nla_type=IFA_BROADCAST}, 10.24.0.255}, {{nla_len=9, nla_type=IFA_LABEL}, "eth0"}, {{nla_len=8, nla_type=IFA_FLAGS}, IFA_F_PERMANENT}, {{nla_len=20, nla_type=IFA_CACHEINFO}, {ifa_prefered=4294967295, ifa_valid=4294967295, cstamp=1118532, tstamp=1118532}}]}], iov_len=4096}], msg_iovlen=1, msg_controllen=0, msg_flags=0}, 0) = 164
2023-05-18T06:52:30.532173480Z 06:52:30.531963 recvmsg(8, {msg_name={sa_family=AF_NETLINK, nl_pid=0, nl_groups=00000000}, msg_namelen=12, msg_iov=[{iov_base={{len=20, type=NLMSG_DONE, flags=NLM_F_MULTI, seq=1684392750, pid=71}, 0}, iov_len=4096}], msg_iovlen=1, msg_controllen=0, msg_flags=0}, 0) = 20
2023-05-18T06:52:30.532811007Z 06:52:30.532591 socket(AF_UNIX, SOCK_STREAM|SOCK_CLOEXEC|SOCK_NONBLOCK, 0) = 8
2023-05-18T06:52:30.532888323Z 06:52:30.532670 connect(8, {sa_family=AF_UNIX, sun_path="/var/run/nscd/socket"}, 110) = -1 ENOENT (No such file or directory)
2023-05-18T06:52:30.533186351Z 06:52:30.532789 socket(AF_UNIX, SOCK_STREAM|SOCK_CLOEXEC|SOCK_NONBLOCK, 0) = 8
2023-05-18T06:52:30.533221290Z 06:52:30.533053 connect(8, {sa_family=AF_UNIX, sun_path="/var/run/nscd/socket"}, 110) = -1 ENOENT (No such file or directory)
2023-05-18T06:52:30.534610848Z 06:52:30.534368 socket(AF_INET, SOCK_DGRAM|SOCK_CLOEXEC|SOCK_NONBLOCK, IPPROTO_IP) = 8
2023-05-18T06:52:30.534663125Z 06:52:30.534450 connect(8, {sa_family=AF_INET, sin_port=htons(53), sin_addr=inet_addr("169.254.169.254")}, 16) = 0
2023-05-18T06:52:30.535161369Z 06:52:30.534778 sendto(8, "\211%\1\0\0\1\0\0\0\0\0\0\rflux-sample-0\fflux-"..., 76, MSG_NOSIGNAL, NULL, 0) = 76
2023-05-18T06:52:30.539150982Z 06:52:30.538811 recvfrom(8, "\211%\201\203\0\1\0\0\0\1\0\0\rflux-sample-0\fflux-"..., 1024, 0, {sa_family=AF_INET, sin_port=htons(53), sin_addr=inet_addr("169.254.169.254")}, [28->16]) = 172
2023-05-18T06:52:30.539515814Z 06:52:30.539275 socket(AF_INET, SOCK_DGRAM|SOCK_CLOEXEC|SOCK_NONBLOCK, IPPROTO_IP) = 8
2023-05-18T06:52:30.539830347Z 06:52:30.539575 connect(8, {sa_family=AF_INET, sin_port=htons(53), sin_addr=inet_addr("169.254.169.254")}, 16) = 0
2023-05-18T06:52:30.540250430Z 06:52:30.539921 sendto(8, "7n\1\0\0\1\0\0\0\0\0\0\rflux-sample-0\fflux-"..., 108, MSG_NOSIGNAL, NULL, 0) = 108
2023-05-18T06:52:30.543880595Z 06:52:30.543583 recvfrom(8, "7n\201\203\0\1\0\0\0\1\0\0\rflux-sample-0\fflux-"..., 1024, 0, {sa_family=AF_INET, sin_port=htons(53), sin_addr=inet_addr("169.254.169.254")}, [28->16]) = 204
2023-05-18T06:52:30.544231166Z 06:52:30.543978 socket(AF_INET, SOCK_DGRAM|SOCK_CLOEXEC|SOCK_NONBLOCK, IPPROTO_IP) = 8
2023-05-18T06:52:30.544507587Z 06:52:30.544280 connect(8, {sa_family=AF_INET, sin_port=htons(53), sin_addr=inet_addr("169.254.169.254")}, 16) = 0
2023-05-18T06:52:30.544873471Z 06:52:30.544590 sendto(8, "\352x\1\0\0\1\0\0\0\0\0\0\rflux-sample-0\fflux-"..., 94, MSG_NOSIGNAL, NULL, 0) = 94
2023-05-18T06:52:30.548132640Z 06:52:30.547853 recvfrom(8, "\352x\201\203\0\1\0\0\0\1\0\0\rflux-sample-0\fflux-"..., 1024, 0, {sa_family=AF_INET, sin_port=htons(53), sin_addr=inet_addr("169.254.169.254")}, [28->16]) = 190
2023-05-18T06:52:30.548455129Z 06:52:30.548240 socket(AF_INET, SOCK_DGRAM|SOCK_CLOEXEC|SOCK_NONBLOCK, IPPROTO_IP) = 8
2023-05-18T06:52:30.548728266Z 06:52:30.548507 connect(8, {sa_family=AF_INET, sin_port=htons(53), sin_addr=inet_addr("169.254.169.254")}, 16) = 0
2023-05-18T06:52:30.549084064Z 06:52:30.548811 sendto(8, "^\23\1\0\0\1\0\0\0\0\0\0\rflux-sample-0\fflux-"..., 90, MSG_NOSIGNAL, NULL, 0) = 90
2023-05-18T06:52:30.553158336Z 06:52:30.552964 recvfrom(8, "^\23\201\203\0\1\0\0\0\1\0\0\rflux-sample-0\fflux-"..., 1024, 0, {sa_family=AF_INET, sin_port=htons(53), sin_addr=inet_addr("169.254.169.254")}, [28->16]) = 186
2023-05-18T06:52:30.553418368Z 06:52:30.553165 socket(AF_INET, SOCK_DGRAM|SOCK_CLOEXEC|SOCK_NONBLOCK, IPPROTO_IP) = 8
2023-05-18T06:52:30.553439066Z 06:52:30.553263 connect(8, {sa_family=AF_INET, sin_port=htons(53), sin_addr=inet_addr("169.254.169.254")}, 16) = 0
2023-05-18T06:52:30.553618441Z 06:52:30.553398 sendto(8, "z\5\1\0\0\1\0\0\0\0\0\0\rflux-sample-0\fflux-"..., 111, MSG_NOSIGNAL, NULL, 0) = 111
2023-05-18T06:52:30.557857936Z 06:52:30.557659 recvfrom(8, "z\5\201\203\0\1\0\0\0\1\0\0\rflux-sample-0\fflux-"..., 1024, 0, {sa_family=AF_INET, sin_port=htons(53), sin_addr=inet_addr("169.254.169.254")}, [28->16]) = 205
2023-05-18T06:52:30.558128573Z 06:52:30.557912 socket(AF_INET, SOCK_DGRAM|SOCK_CLOEXEC|SOCK_NONBLOCK, IPPROTO_IP) = 8
2023-05-18T06:52:30.558373182Z 06:52:30.558088 connect(8, {sa_family=AF_INET, sin_port=htons(53), sin_addr=inet_addr("169.254.169.254")}, 16) = 0
2023-05-18T06:52:30.558547713Z 06:52:30.558400 sendto(8, "\2!\1\0\0\1\0\0\0\0\0\0\rflux-sample-0\fflux-"..., 97, MSG_NOSIGNAL, NULL, 0) = 97
2023-05-18T06:52:30.563756283Z 06:52:30.563481 recvfrom(8, "\2!\201\203\0\1\0\0\0\1\0\0\rflux-sample-0\fflux-"..., 1024, 0, {sa_family=AF_INET, sin_port=htons(53), sin_addr=inet_addr("169.254.169.254")}, [28->16]) = 186
2023-05-18T06:52:30.564081315Z 06:52:30.563814 socket(AF_INET, SOCK_DGRAM|SOCK_CLOEXEC|SOCK_NONBLOCK, IPPROTO_IP) = 8
2023-05-18T06:52:30.564181038Z 06:52:30.563953 connect(8, {sa_family=AF_INET, sin_port=htons(53), sin_addr=inet_addr("169.254.169.254")}, 16) = 0
2023-05-18T06:52:30.564403780Z 06:52:30.564100 sendto(8, "\24\202\1\0\0\1\0\0\0\0\0\0\rflux-sample-0\fflux-"..., 92, MSG_NOSIGNAL, NULL, 0) = 92
2023-05-18T06:52:30.568841532Z 06:52:30.568626 recvfrom(8, "\24\202\201\203\0\1\0\0\0\1\0\0\rflux-sample-0\fflux-"..., 1024, 0, {sa_family=AF_INET, sin_port=htons(53), sin_addr=inet_addr("169.254.169.254")}, [28->16]) = 181
2023-05-18T06:52:30.569195062Z broker.err[3]: Warning: unable to resolve upstream peer flux-sample-0.flux-service.flux-operator.svc.cluster.local: Name or service not known
2023-05-18T06:52:30.574676253Z broker.info[3]: start: none->join 1.64392ms
2023-05-18T06:52:31.192490329Z broker.info[3]: parent-ready: join->init 0.617734s
2023-05-18T06:52:31.192977292Z 06:52:31.192675 socketpair(AF_UNIX, SOCK_STREAM|SOCK_CLOEXEC, 0, [22, 23]) = 0
2023-05-18T06:52:31.193346861Z 06:52:31.193080 socketpair(AF_UNIX, SOCK_STREAM, 0, [24, 25]) = 0
2023-05-18T06:52:31.193825595Z 06:52:31.193524 socketpair(AF_UNIX, SOCK_STREAM, 0, [26, 27]) = 0
2023-05-18T06:52:31.194278420Z 06:52:31.194050 socketpair(AF_UNIX, SOCK_STREAM, 0, [28, 29]) = 0
2023-05-18T06:52:31.217789658Z broker.info[3]: configuration updated
2023-05-18T06:52:31.337429681Z broker.info[3]: rc1.0: running /etc/flux/rc1.d/01-sched-fluxion
2023-05-18T06:52:31.348737491Z broker.info[3]: rc1.0: running /etc/flux/rc1.d/02-cron
2023-05-18T06:52:31.371881198Z broker.info[3]: rc1.0: /etc/flux/rc1 Exited (rc=0) 0.2s
2023-05-18T06:52:31.373018943Z broker.info[3]: rc1-success: init->quorum 0.180174s
2023-05-18T06:52:31.520422376Z broker.info[3]: quorum-full: quorum->run 0.147116s
2023-05-18T06:52:32.125993062Z 06:52:32.125635 socketpair(AF_UNIX, SOCK_STREAM|SOCK_CLOEXEC, 0, [22, 23]) = 0
2023-05-18T06:52:32.126146034Z 06:52:32.125800 socketpair(AF_UNIX, SOCK_STREAM, 0, [24, 25]) = 0
2023-05-18T06:52:32.126170565Z 06:52:32.125995 socketpair(AF_UNIX, SOCK_STREAM, 0, [26, 28]) = 0
2023-05-18T06:52:32.126332021Z 06:52:32.126194 socketpair(AF_UNIX, SOCK_STREAM, 0, [58, 59]) = 0
2023-05-18T06:52:42.033355257Z broker.info[3]: shutdown: run->cleanup 10.5127s
2023-05-18T06:52:42.035174289Z broker.info[3]: cleanup-none: cleanup->shutdown 1.07358ms
2023-05-18T06:52:42.036747770Z broker.info[3]: children-none: shutdown->finalize 1.02837ms
2023-05-18T06:52:42.037457691Z 06:52:42.037199 socketpair(AF_UNIX, SOCK_STREAM|SOCK_CLOEXEC, 0, [22, 23]) = 0
2023-05-18T06:52:42.037675986Z 06:52:42.037474 socketpair(AF_UNIX, SOCK_STREAM, 0, [24, 25]) = 0
2023-05-18T06:52:42.038347207Z 06:52:42.038107 socketpair(AF_UNIX, SOCK_STREAM, 0, [26, 28]) = 0
2023-05-18T06:52:42.038755271Z 06:52:42.038545 socketpair(AF_UNIX, SOCK_STREAM, 0, [58, 59]) = 0
2023-05-18T06:52:42.058514534Z broker.info[3]: rc3.0: running /etc/flux/rc3.d/01-sched-fluxion
2023-05-18T06:52:42.192952826Z broker.info[3]: rc3.0: /etc/flux/rc3 Exited (rc=0) 0.2s
2023-05-18T06:52:42.193983156Z broker.info[3]: rc3-success: finalize->goodbye 0.156644s
2023-05-18T06:52:42.195453374Z broker.info[3]: goodbye: goodbye->exit 0.945624ms
2023-05-18T06:52:42.203242293Z 06:52:42.203094 +++ exited with 0 +++
2023-05-18T06:52:42.204459601Z Return value for follower worker is 0
2023-05-18T06:52:42.204631090Z The follower worker exited cleanly. Goodbye!
