2023-05-18T05:21:11.839968169Z
2023-05-18T05:21:11.840016557Z Flux username: flux
2023-05-18T05:21:11.840022887Z
2023-05-18T05:21:11.840028058Z Flux install root: /usr
2023-05-18T05:21:11.897019065Z flux user is already added.
2023-05-18T05:21:11.900460961Z flux user identifiers:
2023-05-18T05:21:11.900521189Z uid=1234(flux) gid=1234(flux) groups=1234(flux)
2023-05-18T05:21:11.900529535Z
2023-05-18T05:21:11.900535647Z As Flux prefix for flux commands: sudo -u flux -E PYTHONPATH=/opt/conda/lib/python3.10/site-packages -E PATH=/opt/conda/bin:/usr/local/sbin:/usr/local/bin:/usr/sbin:/usr/bin:/sbin:/bin -E LD_LIBRARY_PATH=/opt/conda/lib -E HOME=/home/flux
2023-05-18T05:21:11.909682026Z
2023-05-18T05:21:11.909721918Z 👋 Hello, I'm flux-sample-3
2023-05-18T05:21:11.909729659Z The main host is flux-sample-0
2023-05-18T05:21:11.909736799Z The working directory is /home/flux/examples/reaxff/HNS, contents include:
2023-05-18T05:21:11.911617463Z /home/flux/examples/reaxff/HNS:
2023-05-18T05:21:11.911641011Z README.txt	ffield.reax.hns  log.8Mar18.reaxc.hns.g++.1
2023-05-18T05:21:11.911647691Z data.hns-equil	in.reaxc.hns	 log.8Mar18.reaxc.hns.g++.4
2023-05-18T05:21:11.911865003Z End of file listing, if you see nothing above there are no files.
2023-05-18T05:21:11.913751315Z flux R encode --hosts=flux-sample-[0-3]
2023-05-18T05:21:11.927549243Z
2023-05-18T05:21:11.927626826Z 📦 Resources
2023-05-18T05:21:11.929297282Z {"version": 1, "execution": {"R_lite": [{"rank": "0-3", "children": {"core": "0"}}], "starttime": 0.0, "expiration": 0.0, "nodelist": ["flux-sample-[0-3]"]}}
2023-05-18T05:21:11.929634832Z
2023-05-18T05:21:11.929794101Z 🐸 Diagnostics: false
2023-05-18T05:21:11.930148369Z 🚩️ Flux Option Flags defined
2023-05-18T05:21:11.936799653Z
2023-05-18T05:21:11.936831326Z 🦊 Independent Minister of Privilege
2023-05-18T05:21:11.938215810Z [exec]
2023-05-18T05:21:11.938242620Z allowed-users = [ "flux", "root" ]
2023-05-18T05:21:11.938283588Z allowed-shells = [ "/usr/libexec/flux/flux-shell" ]
2023-05-18T05:21:11.938524746Z
2023-05-18T05:21:11.938675061Z 🐸 Broker Configuration
2023-05-18T05:21:11.940036553Z # Flux needs to know the path to the IMP executable
2023-05-18T05:21:11.940059027Z [exec]
2023-05-18T05:21:11.940066108Z imp = "/usr/libexec/flux/flux-imp"
2023-05-18T05:21:11.940071163Z
2023-05-18T05:21:11.940076452Z [access]
2023-05-18T05:21:11.940082154Z allow-guest-user = true
2023-05-18T05:21:11.940087497Z allow-root-owner = true
2023-05-18T05:21:11.940095185Z
2023-05-18T05:21:11.940102097Z # Point to resource definition generated with flux-R(1).
2023-05-18T05:21:11.940108295Z [resource]
2023-05-18T05:21:11.940114534Z path = "/etc/flux/system/R"
2023-05-18T05:21:11.940119469Z
2023-05-18T05:21:11.940124916Z [bootstrap]
2023-05-18T05:21:11.940130536Z curve_cert = "/etc/curve/curve.cert"
2023-05-18T05:21:11.940136033Z default_port = 8050
2023-05-18T05:21:11.940143829Z default_bind = "tcp://eth0:%p"
2023-05-18T05:21:11.940151140Z default_connect = "tcp://%h.flux-service.flux-operator.svc.cluster.local:%p"
2023-05-18T05:21:11.940156842Z hosts = [
2023-05-18T05:21:11.940161853Z 	{ host="flux-sample-[0-3]"},
2023-05-18T05:21:11.940166823Z ]
2023-05-18T05:21:11.940171588Z
2023-05-18T05:21:11.940176569Z [archive]
2023-05-18T05:21:11.940182065Z dbpath = "/var/lib/flux/job-archive.sqlite"
2023-05-18T05:21:11.940190205Z period = "1m"
2023-05-18T05:21:12.018058710Z busytimeout = "50s"
2023-05-18T05:21:12.018094102Z 🧊️ State Directory:
2023-05-18T05:21:12.018101936Z total 0
2023-05-18T05:21:12.018107205Z
2023-05-18T05:21:12.021921177Z
2023-05-18T05:21:12.021978809Z 🔒️ Working directory permissions:
2023-05-18T05:21:12.021990939Z total 96
2023-05-18T05:21:12.021998004Z -rwxrwxrwx 1 flux root  2517 May 17 22:32 README.txt
2023-05-18T05:21:12.022003561Z -rwxrwxrwx 1 flux root 54692 May 17 22:32 data.hns-equil
2023-05-18T05:21:12.022008835Z -rwxrwxrwx 1 flux root 13576 May 17 22:32 ffield.reax.hns
2023-05-18T05:21:12.022014105Z -rwxrwxrwx 1 flux root   870 May 17 22:32 in.reaxc.hns
2023-05-18T05:21:12.022020771Z -rwxrwxrwx 1 flux root  4172 May 17 22:32 log.8Mar18.reaxc.hns.g++.1
2023-05-18T05:21:12.022026306Z -rwxrwxrwx 1 flux root  4168 May 17 22:32 log.8Mar18.reaxc.hns.g++.4
2023-05-18T05:21:12.022059244Z
2023-05-18T05:21:12.022067130Z
2023-05-18T05:21:12.022073679Z ✨ Curve certificate generated by helper pod
2023-05-18T05:21:12.023501084Z #   ****  Generated on 2023-04-26 22:54:42 by CZMQ  ****
2023-05-18T05:21:12.023526771Z #   ZeroMQ CURVE **Secret** Certificate
2023-05-18T05:21:12.023535889Z #   DO NOT PROVIDE THIS FILE TO OTHER USERS nor change its permissions.
2023-05-18T05:21:12.023542614Z
2023-05-18T05:21:12.023549027Z metadata
2023-05-18T05:21:12.023559604Z     name = "flux-cert-generator"
2023-05-18T05:21:12.023565141Z     keygen.hostname = "flux-sample-0"
2023-05-18T05:21:12.023570325Z curve
2023-05-18T05:21:12.023575692Z     public-key = "N0%o59YtC/&A]7HyBz6<WGQwww@%ph<T&#vo]WdK"
2023-05-18T05:21:12.023581092Z     secret-key = "JxGj]2f)@+fl7Q=QmQ{+oub[E26)IgG-t=Ze(VkP"
2023-05-18T05:21:12.025893016Z
2023-05-18T05:21:12.025920559Z 🌀  flux start --wrap=strace,-e,network,-tt -o --config /etc/flux/config -Scron.directory=/etc/flux/system/cron.d   -Stbon.fanout=256   -Srundir=/run/flux    -Sstatedir=/var/lib/flux   -Slocal-uri=local:///run/flux/local   -Stbon.zmqdebug=1  -Slog-stderr-level=6    -Slog-stderr-mode=local
2023-05-18T05:21:12.063582586Z 05:21:12.063221 socket(AF_NETLINK, SOCK_RAW, NETLINK_ROUTE) = 8
2023-05-18T05:21:12.063612026Z 05:21:12.063384 bind(8, {sa_family=AF_NETLINK, nl_pid=0, nl_groups=00000000}, 12) = 0
2023-05-18T05:21:12.063779823Z 05:21:12.063577 getsockname(8, {sa_family=AF_NETLINK, nl_pid=70, nl_groups=00000000}, [12]) = 0
2023-05-18T05:21:12.064111602Z 05:21:12.063687 sendto(8, {{len=20, type=RTM_GETADDR, flags=NLM_F_REQUEST|NLM_F_DUMP, seq=1684387272, pid=0}, {ifa_family=AF_UNSPEC, ...}}, 20, 0, {sa_family=AF_NETLINK, nl_pid=0, nl_groups=00000000}, 12) = 20
2023-05-18T05:21:12.064738388Z 05:21:12.064017 recvmsg(8, {msg_name={sa_family=AF_NETLINK, nl_pid=0, nl_groups=00000000}, msg_namelen=12, msg_iov=[{iov_base=[{{len=76, type=RTM_NEWADDR, flags=NLM_F_MULTI, seq=1684387272, pid=70}, {ifa_family=AF_INET, ifa_prefixlen=8, ifa_flags=IFA_F_PERMANENT, ifa_scope=RT_SCOPE_HOST, ifa_index=if_nametoindex("lo")}, [{{nla_len=8, nla_type=IFA_ADDRESS}, 127.0.0.1}, {{nla_len=8, nla_type=IFA_LOCAL}, 127.0.0.1}, {{nla_len=7, nla_type=IFA_LABEL}, "lo"}, {{nla_len=8, nla_type=IFA_FLAGS}, IFA_F_PERMANENT}, {{nla_len=20, nla_type=IFA_CACHEINFO}, {ifa_prefered=4294967295, ifa_valid=4294967295, cstamp=570785, tstamp=570785}}]}, {{len=88, type=RTM_NEWADDR, flags=NLM_F_MULTI, seq=1684387272, pid=70}, {ifa_family=AF_INET, ifa_prefixlen=24, ifa_flags=IFA_F_PERMANENT, ifa_scope=RT_SCOPE_UNIVERSE, ifa_index=if_nametoindex("eth0")}, [{{nla_len=8, nla_type=IFA_ADDRESS}, 10.24.1.224}, {{nla_len=8, nla_type=IFA_LOCAL}, 10.24.1.224}, {{nla_len=8, nla_type=IFA_BROADCAST}, 10.24.1.255}, {{nla_len=9, nla_type=IFA_LABEL}, "eth0"}, {{nla_len=8, nla_type=IFA_FLAGS}, IFA_F_PERMANENT}, {{nla_len=20, nla_type=IFA_CACHEINFO}, {ifa_prefered=4294967295, ifa_valid=4294967295, cstamp=570788, tstamp=570788}}]}], iov_len=4096}], msg_iovlen=1, msg_controllen=0, msg_flags=0}, 0) = 164
2023-05-18T05:21:12.064854401Z 05:21:12.064604 recvmsg(8, {msg_name={sa_family=AF_NETLINK, nl_pid=0, nl_groups=00000000}, msg_namelen=12, msg_iov=[{iov_base={{len=20, type=NLMSG_DONE, flags=NLM_F_MULTI, seq=1684387272, pid=70}, 0}, iov_len=4096}], msg_iovlen=1, msg_controllen=0, msg_flags=0}, 0) = 20
2023-05-18T05:21:12.065541637Z 05:21:12.065325 socket(AF_UNIX, SOCK_STREAM|SOCK_CLOEXEC|SOCK_NONBLOCK, 0) = 8
2023-05-18T05:21:12.065630494Z 05:21:12.065410 connect(8, {sa_family=AF_UNIX, sun_path="/var/run/nscd/socket"}, 110) = -1 ENOENT (No such file or directory)
2023-05-18T05:21:12.065820213Z 05:21:12.065656 socket(AF_UNIX, SOCK_STREAM|SOCK_CLOEXEC|SOCK_NONBLOCK, 0) = 8
2023-05-18T05:21:12.066580541Z 05:21:12.065746 connect(8, {sa_family=AF_UNIX, sun_path="/var/run/nscd/socket"}, 110) = -1 ENOENT (No such file or directory)
2023-05-18T05:21:12.067610689Z 05:21:12.067405 socket(AF_INET, SOCK_DGRAM|SOCK_CLOEXEC|SOCK_NONBLOCK, IPPROTO_IP) = 8
2023-05-18T05:21:12.068144444Z 05:21:12.067499 connect(8, {sa_family=AF_INET, sin_port=htons(53), sin_addr=inet_addr("169.254.169.254")}, 16) = 0
2023-05-18T05:21:12.068160944Z 05:21:12.067681 sendto(8, "\242U\1\0\0\1\0\0\0\0\0\0\rflux-sample-0\fflux-"..., 76, MSG_NOSIGNAL, NULL, 0) = 76
2023-05-18T05:21:12.071618887Z 05:21:12.071346 recvfrom(8, "\242U\201\200\0\1\0\1\0\0\0\0\rflux-sample-0\fflux-"..., 1024, 0, {sa_family=AF_INET, sin_port=htons(53), sin_addr=inet_addr("169.254.169.254")}, [28->16]) = 92
2023-05-18T05:21:12.077445746Z broker.info[3]: start: none->join 2.09825ms
2023-05-18T05:21:42.273734865Z broker.info[3]: parent-ready: join->init 30.1961s
2023-05-18T05:21:42.274623514Z 05:21:42.274331 socketpair(AF_UNIX, SOCK_STREAM|SOCK_CLOEXEC, 0, [22, 23]) = 0
2023-05-18T05:21:42.274836089Z 05:21:42.274586 socketpair(AF_UNIX, SOCK_STREAM, 0, [24, 25]) = 0
2023-05-18T05:21:42.275228381Z 05:21:42.275010 socketpair(AF_UNIX, SOCK_STREAM, 0, [26, 27]) = 0
2023-05-18T05:21:42.275604959Z 05:21:42.275399 socketpair(AF_UNIX, SOCK_STREAM, 0, [28, 29]) = 0
2023-05-18T05:21:42.300047470Z broker.info[3]: configuration updated
2023-05-18T05:21:42.413410089Z broker.info[3]: rc1.0: running /etc/flux/rc1.d/01-sched-fluxion
2023-05-18T05:21:42.426148534Z broker.info[3]: rc1.0: running /etc/flux/rc1.d/02-cron
2023-05-18T05:21:42.459307137Z broker.info[3]: rc1.0: /etc/flux/rc1 Exited (rc=0) 0.2s
2023-05-18T05:21:42.460815684Z broker.info[3]: rc1-success: init->quorum 0.186331s
2023-05-18T05:21:42.788565064Z broker.info[3]: quorum-full: quorum->run 0.327252s
2023-05-18T05:21:43.370194643Z 05:21:43.369906 socketpair(AF_UNIX, SOCK_STREAM|SOCK_CLOEXEC, 0, [22, 23]) = 0
2023-05-18T05:21:43.370477460Z 05:21:43.370180 socketpair(AF_UNIX, SOCK_STREAM, 0, [24, 25]) = 0
2023-05-18T05:21:43.370910528Z 05:21:43.370608 socketpair(AF_UNIX, SOCK_STREAM, 0, [26, 28]) = 0
2023-05-18T05:21:43.371350288Z 05:21:43.371052 socketpair(AF_UNIX, SOCK_STREAM, 0, [58, 59]) = 0
2023-05-18T05:21:53.827462536Z broker.info[3]: shutdown: run->cleanup 11.0386s
2023-05-18T05:21:53.829427061Z broker.info[3]: cleanup-none: cleanup->shutdown 1.13508ms
2023-05-18T05:21:53.831028784Z broker.info[3]: children-none: shutdown->finalize 1.00263ms
2023-05-18T05:21:53.831590472Z 05:21:53.831297 socketpair(AF_UNIX, SOCK_STREAM|SOCK_CLOEXEC, 0, [22, 23]) = 0
2023-05-18T05:21:53.832057168Z 05:21:53.831645 socketpair(AF_UNIX, SOCK_STREAM, 0, [24, 25]) = 0
2023-05-18T05:21:53.832613950Z 05:21:53.832358 socketpair(AF_UNIX, SOCK_STREAM, 0, [26, 28]) = 0
2023-05-18T05:21:53.833175926Z 05:21:53.832948 socketpair(AF_UNIX, SOCK_STREAM, 0, [58, 59]) = 0
2023-05-18T05:21:53.853457877Z broker.info[3]: rc3.0: running /etc/flux/rc3.d/01-sched-fluxion
2023-05-18T05:21:53.995608300Z broker.info[3]: rc3.0: /etc/flux/rc3 Exited (rc=0) 0.2s
2023-05-18T05:21:53.996889188Z broker.info[3]: rc3-success: finalize->goodbye 0.165445s
2023-05-18T05:21:53.998464039Z broker.info[3]: goodbye: goodbye->exit 0.982949ms
2023-05-18T05:21:54.006585780Z 05:21:54.006405 +++ exited with 0 +++
2023-05-18T05:21:54.007952862Z Return value for follower worker is 0
2023-05-18T05:21:54.007978021Z The follower worker exited cleanly. Goodbye!
