2023-05-18T06:52:47.922043147Z
2023-05-18T06:52:47.922078840Z Flux username: flux
2023-05-18T06:52:47.922084995Z
2023-05-18T06:52:47.922089957Z Flux install root: /usr
2023-05-18T06:52:47.962886211Z flux user is already added.
2023-05-18T06:52:47.965546425Z flux user identifiers:
2023-05-18T06:52:47.965564594Z uid=1234(flux) gid=1234(flux) groups=1234(flux)
2023-05-18T06:52:47.965691135Z
2023-05-18T06:52:47.965703375Z As Flux prefix for flux commands: sudo -u flux -E PYTHONPATH=/opt/conda/lib/python3.10/site-packages -E PATH=/opt/conda/bin:/usr/local/sbin:/usr/local/bin:/usr/sbin:/usr/bin:/sbin:/bin -E LD_LIBRARY_PATH=/opt/conda/lib -E HOME=/home/flux
2023-05-18T06:52:47.973514432Z
2023-05-18T06:52:47.973533780Z 👋 Hello, I'm flux-sample-1
2023-05-18T06:52:47.973659580Z The main host is flux-sample-0
2023-05-18T06:52:47.973669603Z The working directory is /home/flux/examples/reaxff/HNS, contents include:
2023-05-18T06:52:47.975220172Z /home/flux/examples/reaxff/HNS:
2023-05-18T06:52:47.975245014Z README.txt	ffield.reax.hns  log.8Mar18.reaxc.hns.g++.1
2023-05-18T06:52:47.975251339Z data.hns-equil	in.reaxc.hns	 log.8Mar18.reaxc.hns.g++.4
2023-05-18T06:52:47.975648626Z End of file listing, if you see nothing above there are no files.
2023-05-18T06:52:47.977446047Z flux R encode --hosts=flux-sample-[0-3]
2023-05-18T06:52:47.990782809Z
2023-05-18T06:52:47.990809508Z 📦 Resources
2023-05-18T06:52:47.992213730Z {"version": 1, "execution": {"R_lite": [{"rank": "0-3", "children": {"core": "0"}}], "starttime": 0.0, "expiration": 0.0, "nodelist": ["flux-sample-[0-3]"]}}
2023-05-18T06:52:47.992405416Z
2023-05-18T06:52:47.992419703Z 🐸 Diagnostics: false
2023-05-18T06:52:47.992557117Z 🚩️ Flux Option Flags defined
2023-05-18T06:52:47.995884570Z
2023-05-18T06:52:47.995902896Z 🦊 Independent Minister of Privilege
2023-05-18T06:52:47.997102141Z [exec]
2023-05-18T06:52:47.997118764Z allowed-users = [ "flux", "root" ]
2023-05-18T06:52:47.997124654Z allowed-shells = [ "/usr/libexec/flux/flux-shell" ]
2023-05-18T06:52:47.997301382Z
2023-05-18T06:52:47.997315353Z 🐸 Broker Configuration
2023-05-18T06:52:47.998471814Z # Flux needs to know the path to the IMP executable
2023-05-18T06:52:47.998488696Z [exec]
2023-05-18T06:52:47.998495227Z imp = "/usr/libexec/flux/flux-imp"
2023-05-18T06:52:47.998499850Z
2023-05-18T06:52:47.998504871Z [access]
2023-05-18T06:52:47.998509984Z allow-guest-user = true
2023-05-18T06:52:47.998514771Z allow-root-owner = true
2023-05-18T06:52:47.998519381Z
2023-05-18T06:52:47.998524264Z # Point to resource definition generated with flux-R(1).
2023-05-18T06:52:47.998532143Z [resource]
2023-05-18T06:52:47.998538914Z path = "/etc/flux/system/R"
2023-05-18T06:52:47.998544274Z
2023-05-18T06:52:47.998549084Z [bootstrap]
2023-05-18T06:52:47.998553853Z curve_cert = "/etc/curve/curve.cert"
2023-05-18T06:52:47.998559104Z default_port = 8050
2023-05-18T06:52:47.998563666Z default_bind = "tcp://eth0:%p"
2023-05-18T06:52:47.998568955Z default_connect = "tcp://%h.flux-service.flux-operator.svc.cluster.local:%p"
2023-05-18T06:52:47.998576298Z hosts = [
2023-05-18T06:52:47.998582204Z 	{ host="flux-sample-[0-3]"},
2023-05-18T06:52:47.998586976Z ]
2023-05-18T06:52:47.998591426Z
2023-05-18T06:52:47.998596351Z [archive]
2023-05-18T06:52:47.998601298Z dbpath = "/var/lib/flux/job-archive.sqlite"
2023-05-18T06:52:47.998608642Z period = "1m"
2023-05-18T06:52:48.073483952Z busytimeout = "50s"
2023-05-18T06:52:48.073504250Z 🧊️ State Directory:
2023-05-18T06:52:48.073521879Z total 0
2023-05-18T06:52:48.073529749Z
2023-05-18T06:52:48.076121590Z
2023-05-18T06:52:48.076141762Z 🔒️ Working directory permissions:
2023-05-18T06:52:48.076148235Z total 96
2023-05-18T06:52:48.076153723Z -rwxrwxrwx 1 flux root  2517 May 17 22:32 README.txt
2023-05-18T06:52:48.076159115Z -rwxrwxrwx 1 flux root 54692 May 17 22:32 data.hns-equil
2023-05-18T06:52:48.076163901Z -rwxrwxrwx 1 flux root 13576 May 17 22:32 ffield.reax.hns
2023-05-18T06:52:48.076180428Z -rwxrwxrwx 1 flux root   870 May 17 22:32 in.reaxc.hns
2023-05-18T06:52:48.076187795Z -rwxrwxrwx 1 flux root  4172 May 17 22:32 log.8Mar18.reaxc.hns.g++.1
2023-05-18T06:52:48.076287260Z -rwxrwxrwx 1 flux root  4168 May 17 22:32 log.8Mar18.reaxc.hns.g++.4
2023-05-18T06:52:48.076296486Z
2023-05-18T06:52:48.076419448Z
2023-05-18T06:52:48.076430191Z ✨ Curve certificate generated by helper pod
2023-05-18T06:52:48.077899312Z #   ****  Generated on 2023-04-26 22:54:42 by CZMQ  ****
2023-05-18T06:52:48.077916873Z #   ZeroMQ CURVE **Secret** Certificate
2023-05-18T06:52:48.077925567Z #   DO NOT PROVIDE THIS FILE TO OTHER USERS nor change its permissions.
2023-05-18T06:52:48.077931847Z
2023-05-18T06:52:48.077946497Z metadata
2023-05-18T06:52:48.077952864Z     name = "flux-cert-generator"
2023-05-18T06:52:48.077957886Z     keygen.hostname = "flux-sample-0"
2023-05-18T06:52:48.077962847Z curve
2023-05-18T06:52:48.077970105Z     public-key = "8u!bTw/A@9pPc$1Gr^+:qJT/qJmLPY4^QYI[lxvC"
2023-05-18T06:52:48.077976076Z     secret-key = "mUv*3LLnv<u.eaSne52bq*oO0@sjy(gg7N)Z32G}"
2023-05-18T06:52:48.080376042Z
2023-05-18T06:52:48.080395285Z 🌀  flux start --wrap=strace,-e,network,-tt -o --config /etc/flux/config -Scron.directory=/etc/flux/system/cron.d   -Stbon.fanout=256   -Srundir=/run/flux    -Sstatedir=/var/lib/flux   -Slocal-uri=local:///run/flux/local   -Stbon.zmqdebug=1  -Slog-stderr-level=6    -Slog-stderr-mode=local
2023-05-18T06:52:48.120891746Z 06:52:48.120576 socket(AF_NETLINK, SOCK_RAW, NETLINK_ROUTE) = 8
2023-05-18T06:52:48.121204452Z 06:52:48.120923 bind(8, {sa_family=AF_NETLINK, nl_pid=0, nl_groups=00000000}, 12) = 0
2023-05-18T06:52:48.121502258Z 06:52:48.121247 getsockname(8, {sa_family=AF_NETLINK, nl_pid=70, nl_groups=00000000}, [12]) = 0
2023-05-18T06:52:48.122013441Z 06:52:48.121577 sendto(8, {{len=20, type=RTM_GETADDR, flags=NLM_F_REQUEST|NLM_F_DUMP, seq=1684392768, pid=0}, {ifa_family=AF_UNSPEC, ...}}, 20, 0, {sa_family=AF_NETLINK, nl_pid=0, nl_groups=00000000}, 12) = 20
2023-05-18T06:52:48.122565645Z 06:52:48.122054 recvmsg(8, {msg_name={sa_family=AF_NETLINK, nl_pid=0, nl_groups=00000000}, msg_namelen=12, msg_iov=[{iov_base=[{{len=76, type=RTM_NEWADDR, flags=NLM_F_MULTI, seq=1684392768, pid=70}, {ifa_family=AF_INET, ifa_prefixlen=8, ifa_flags=IFA_F_PERMANENT, ifa_scope=RT_SCOPE_HOST, ifa_index=if_nametoindex("lo")}, [{{nla_len=8, nla_type=IFA_ADDRESS}, 127.0.0.1}, {{nla_len=8, nla_type=IFA_LOCAL}, 127.0.0.1}, {{nla_len=7, nla_type=IFA_LABEL}, "lo"}, {{nla_len=8, nla_type=IFA_FLAGS}, IFA_F_PERMANENT}, {{nla_len=20, nla_type=IFA_CACHEINFO}, {ifa_prefered=4294967295, ifa_valid=4294967295, cstamp=1120301, tstamp=1120301}}]}, {{len=88, type=RTM_NEWADDR, flags=NLM_F_MULTI, seq=1684392768, pid=70}, {ifa_family=AF_INET, ifa_prefixlen=24, ifa_flags=IFA_F_PERMANENT, ifa_scope=RT_SCOPE_UNIVERSE, ifa_index=if_nametoindex("eth0")}, [{{nla_len=8, nla_type=IFA_ADDRESS}, 10.24.3.191}, {{nla_len=8, nla_type=IFA_LOCAL}, 10.24.3.191}, {{nla_len=8, nla_type=IFA_BROADCAST}, 10.24.3.255}, {{nla_len=9, nla_type=IFA_LABEL}, "eth0"}, {{nla_len=8, nla_type=IFA_FLAGS}, IFA_F_PERMANENT}, {{nla_len=20, nla_type=IFA_CACHEINFO}, {ifa_prefered=4294967295, ifa_valid=4294967295, cstamp=1120303, tstamp=1120303}}]}], iov_len=4096}], msg_iovlen=1, msg_controllen=0, msg_flags=0}, 0) = 164
2023-05-18T06:52:48.122906752Z 06:52:48.122636 recvmsg(8, {msg_name={sa_family=AF_NETLINK, nl_pid=0, nl_groups=00000000}, msg_namelen=12, msg_iov=[{iov_base={{len=20, type=NLMSG_DONE, flags=NLM_F_MULTI, seq=1684392768, pid=70}, 0}, iov_len=4096}], msg_iovlen=1, msg_controllen=0, msg_flags=0}, 0) = 20
2023-05-18T06:52:48.123708779Z 06:52:48.123549 socket(AF_UNIX, SOCK_STREAM|SOCK_CLOEXEC|SOCK_NONBLOCK, 0) = 8
2023-05-18T06:52:48.123808281Z 06:52:48.123658 connect(8, {sa_family=AF_UNIX, sun_path="/var/run/nscd/socket"}, 110) = -1 ENOENT (No such file or directory)
2023-05-18T06:52:48.123984947Z 06:52:48.123863 socket(AF_UNIX, SOCK_STREAM|SOCK_CLOEXEC|SOCK_NONBLOCK, 0) = 8
2023-05-18T06:52:48.124162004Z 06:52:48.123954 connect(8, {sa_family=AF_UNIX, sun_path="/var/run/nscd/socket"}, 110) = -1 ENOENT (No such file or directory)
2023-05-18T06:52:48.126122627Z 06:52:48.125893 socket(AF_INET, SOCK_DGRAM|SOCK_CLOEXEC|SOCK_NONBLOCK, IPPROTO_IP) = 8
2023-05-18T06:52:48.126258958Z 06:52:48.125994 connect(8, {sa_family=AF_INET, sin_port=htons(53), sin_addr=inet_addr("169.254.169.254")}, 16) = 0
2023-05-18T06:52:48.126516146Z 06:52:48.126157 sendto(8, "\362\302\1\0\0\1\0\0\0\0\0\0\rflux-sample-0\fflux-"..., 76, MSG_NOSIGNAL, NULL, 0) = 76
2023-05-18T06:52:48.131706350Z 06:52:48.131415 recvfrom(8, "\362\302\201\203\0\1\0\0\0\1\0\0\rflux-sample-0\fflux-"..., 1024, 0, {sa_family=AF_INET, sin_port=htons(53), sin_addr=inet_addr("169.254.169.254")}, [28->16]) = 172
2023-05-18T06:52:48.131830690Z 06:52:48.131673 socket(AF_INET, SOCK_DGRAM|SOCK_CLOEXEC|SOCK_NONBLOCK, IPPROTO_IP) = 8
2023-05-18T06:52:48.131922205Z 06:52:48.131738 connect(8, {sa_family=AF_INET, sin_port=htons(53), sin_addr=inet_addr("169.254.169.254")}, 16) = 0
2023-05-18T06:52:48.132152147Z 06:52:48.131863 sendto(8, "\226\302\1\0\0\1\0\0\0\0\0\0\rflux-sample-0\fflux-"..., 108, MSG_NOSIGNAL, NULL, 0) = 108
2023-05-18T06:52:48.135816717Z 06:52:48.135583 recvfrom(8, "\226\302\201\203\0\1\0\0\0\1\0\0\rflux-sample-0\fflux-"..., 1024, 0, {sa_family=AF_INET, sin_port=htons(53), sin_addr=inet_addr("169.254.169.254")}, [28->16]) = 204
2023-05-18T06:52:48.136158003Z 06:52:48.135940 socket(AF_INET, SOCK_DGRAM|SOCK_CLOEXEC|SOCK_NONBLOCK, IPPROTO_IP) = 8
2023-05-18T06:52:48.136317480Z 06:52:48.136148 connect(8, {sa_family=AF_INET, sin_port=htons(53), sin_addr=inet_addr("169.254.169.254")}, 16) = 0
2023-05-18T06:52:48.136558181Z 06:52:48.136340 sendto(8, "\272{\1\0\0\1\0\0\0\0\0\0\rflux-sample-0\fflux-"..., 94, MSG_NOSIGNAL, NULL, 0) = 94
2023-05-18T06:52:48.139731818Z 06:52:48.139530 recvfrom(8, "\272{\201\203\0\1\0\0\0\1\0\0\rflux-sample-0\fflux-"..., 1024, 0, {sa_family=AF_INET, sin_port=htons(53), sin_addr=inet_addr("169.254.169.254")}, [28->16]) = 190
2023-05-18T06:52:48.139861287Z 06:52:48.139695 socket(AF_INET, SOCK_DGRAM|SOCK_CLOEXEC|SOCK_NONBLOCK, IPPROTO_IP) = 8
2023-05-18T06:52:48.139871676Z 06:52:48.139756 connect(8, {sa_family=AF_INET, sin_port=htons(53), sin_addr=inet_addr("169.254.169.254")}, 16) = 0
2023-05-18T06:52:48.140059311Z 06:52:48.139852 sendto(8, "\353X\1\0\0\1\0\0\0\0\0\0\rflux-sample-0\fflux-"..., 90, MSG_NOSIGNAL, NULL, 0) = 90
2023-05-18T06:52:48.143127351Z 06:52:48.142869 recvfrom(8, "\353X\201\203\0\1\0\0\0\1\0\0\rflux-sample-0\fflux-"..., 1024, 0, {sa_family=AF_INET, sin_port=htons(53), sin_addr=inet_addr("169.254.169.254")}, [28->16]) = 186
2023-05-18T06:52:48.143247225Z 06:52:48.143015 socket(AF_INET, SOCK_DGRAM|SOCK_CLOEXEC|SOCK_NONBLOCK, IPPROTO_IP) = 8
2023-05-18T06:52:48.143260762Z 06:52:48.143076 connect(8, {sa_family=AF_INET, sin_port=htons(53), sin_addr=inet_addr("169.254.169.254")}, 16) = 0
2023-05-18T06:52:48.143406690Z 06:52:48.143191 sendto(8, "\223\332\1\0\0\1\0\0\0\0\0\0\rflux-sample-0\fflux-"..., 111, MSG_NOSIGNAL, NULL, 0) = 111
2023-05-18T06:52:48.148065965Z 06:52:48.147880 recvfrom(8, "\223\332\201\203\0\1\0\0\0\1\0\0\rflux-sample-0\fflux-"..., 1024, 0, {sa_family=AF_INET, sin_port=htons(53), sin_addr=inet_addr("169.254.169.254")}, [28->16]) = 205
2023-05-18T06:52:48.148192454Z 06:52:48.148069 socket(AF_INET, SOCK_DGRAM|SOCK_CLOEXEC|SOCK_NONBLOCK, IPPROTO_IP) = 8
2023-05-18T06:52:48.148275759Z 06:52:48.148142 connect(8, {sa_family=AF_INET, sin_port=htons(53), sin_addr=inet_addr("169.254.169.254")}, 16) = 0
2023-05-18T06:52:48.148451241Z 06:52:48.148264 sendto(8, "\357\335\1\0\0\1\0\0\0\0\0\0\rflux-sample-0\fflux-"..., 97, MSG_NOSIGNAL, NULL, 0) = 97
2023-05-18T06:52:48.155279298Z 06:52:48.155070 recvfrom(8, "\357\335\201\203\0\1\0\0\0\1\0\0\rflux-sample-0\fflux-"..., 1024, 0, {sa_family=AF_INET, sin_port=htons(53), sin_addr=inet_addr("169.254.169.254")}, [28->16]) = 186
2023-05-18T06:52:48.155465788Z 06:52:48.155313 socket(AF_INET, SOCK_DGRAM|SOCK_CLOEXEC|SOCK_NONBLOCK, IPPROTO_IP) = 8
2023-05-18T06:52:48.155617232Z 06:52:48.155439 connect(8, {sa_family=AF_INET, sin_port=htons(53), sin_addr=inet_addr("169.254.169.254")}, 16) = 0
2023-05-18T06:52:48.155819955Z 06:52:48.155597 sendto(8, "\"^\1\0\0\1\0\0\0\0\0\0\rflux-sample-0\fflux-"..., 92, MSG_NOSIGNAL, NULL, 0) = 92
2023-05-18T06:52:48.159527354Z 06:52:48.159323 recvfrom(8, "\"^\201\203\0\1\0\0\0\1\0\0\rflux-sample-0\fflux-"..., 1024, 0, {sa_family=AF_INET, sin_port=htons(53), sin_addr=inet_addr("169.254.169.254")}, [28->16]) = 181
2023-05-18T06:52:48.159680453Z broker.err[1]: Warning: unable to resolve upstream peer flux-sample-0.flux-service.flux-operator.svc.cluster.local: Name or service not known
2023-05-18T06:52:48.165938435Z broker.info[1]: start: none->join 2.3994ms
2023-05-18T06:52:49.270672837Z broker.info[1]: parent-ready: join->init 1.10456s
2023-05-18T06:52:49.271305564Z 06:52:49.271007 socketpair(AF_UNIX, SOCK_STREAM|SOCK_CLOEXEC, 0, [22, 23]) = 0
2023-05-18T06:52:49.271474964Z 06:52:49.271217 socketpair(AF_UNIX, SOCK_STREAM, 0, [24, 25]) = 0
2023-05-18T06:52:49.271772806Z 06:52:49.271577 socketpair(AF_UNIX, SOCK_STREAM, 0, [26, 27]) = 0
2023-05-18T06:52:49.272089053Z 06:52:49.271888 socketpair(AF_UNIX, SOCK_STREAM, 0, [28, 29]) = 0
2023-05-18T06:52:49.305029463Z broker.info[1]: configuration updated
2023-05-18T06:52:49.410587651Z broker.info[1]: rc1.0: running /etc/flux/rc1.d/01-sched-fluxion
2023-05-18T06:52:49.420649168Z broker.info[1]: rc1.0: running /etc/flux/rc1.d/02-cron
2023-05-18T06:52:49.448709611Z broker.info[1]: rc1.0: /etc/flux/rc1 Exited (rc=0) 0.2s
2023-05-18T06:52:49.449557980Z broker.info[1]: rc1-success: init->quorum 0.178389s
2023-05-18T06:52:49.676527483Z broker.info[1]: quorum-full: quorum->run 0.226613s
2023-05-18T06:53:00.423312501Z broker.info[1]: shutdown: run->cleanup 10.7461s
2023-05-18T06:53:00.424682853Z broker.info[1]: cleanup-none: cleanup->shutdown 1.4692ms
2023-05-18T06:53:00.426283997Z broker.info[1]: children-none: shutdown->finalize 1.11779ms
2023-05-18T06:53:00.427482075Z 06:53:00.426153 socketpair(AF_UNIX, SOCK_STREAM|SOCK_CLOEXEC, 0, [22, 23]) = 0
2023-05-18T06:53:00.427673945Z 06:53:00.426373 socketpair(AF_UNIX, SOCK_STREAM, 0, [24, 25]) = 0
2023-05-18T06:53:00.427813743Z 06:53:00.426634 socketpair(AF_UNIX, SOCK_STREAM, 0, [26, 28]) = 0
2023-05-18T06:53:00.427945452Z 06:53:00.426886 socketpair(AF_UNIX, SOCK_STREAM, 0, [58, 59]) = 0
2023-05-18T06:53:00.444195959Z broker.info[1]: rc3.0: running /etc/flux/rc3.d/01-sched-fluxion
2023-05-18T06:53:00.561600342Z broker.info[1]: rc3.0: /etc/flux/rc3 Exited (rc=0) 0.1s
2023-05-18T06:53:00.562687537Z broker.info[1]: rc3-success: finalize->goodbye 0.136402s
2023-05-18T06:53:00.564239260Z broker.info[1]: goodbye: goodbye->exit 1.01607ms
2023-05-18T06:53:00.571804043Z 06:53:00.571672 +++ exited with 0 +++
2023-05-18T06:53:00.572932911Z Return value for follower worker is 0
2023-05-18T06:53:00.573104123Z The follower worker exited cleanly. Goodbye!
