2023-05-18T06:58:51.016619564Z
2023-05-18T06:58:51.016674212Z Flux username: flux
2023-05-18T06:58:51.016680719Z
2023-05-18T06:58:51.016688476Z Flux install root: /usr
2023-05-18T06:58:51.058828124Z flux user is already added.
2023-05-18T06:58:51.062202289Z flux user identifiers:
2023-05-18T06:58:51.062221106Z uid=1234(flux) gid=1234(flux) groups=1234(flux)
2023-05-18T06:58:51.062359845Z
2023-05-18T06:58:51.062373145Z As Flux prefix for flux commands: sudo -u flux -E PYTHONPATH=/opt/conda/lib/python3.10/site-packages -E PATH=/opt/conda/bin:/usr/local/sbin:/usr/local/bin:/usr/sbin:/usr/bin:/sbin:/bin -E LD_LIBRARY_PATH=/opt/conda/lib -E HOME=/home/flux
2023-05-18T06:58:51.069710029Z
2023-05-18T06:58:51.069729723Z ðŸ‘‹ Hello, I'm flux-sample-2
2023-05-18T06:58:51.069863850Z The main host is flux-sample-0
2023-05-18T06:58:51.069875616Z The working directory is /home/flux/examples/reaxff/HNS, contents include:
2023-05-18T06:58:51.071594142Z /home/flux/examples/reaxff/HNS:
2023-05-18T06:58:51.071617573Z README.txt	ffield.reax.hns  log.8Mar18.reaxc.hns.g++.1
2023-05-18T06:58:51.071626993Z data.hns-equil	in.reaxc.hns	 log.8Mar18.reaxc.hns.g++.4
2023-05-18T06:58:51.072040853Z End of file listing, if you see nothing above there are no files.
2023-05-18T06:58:51.073819728Z flux R encode --hosts=flux-sample-[0-3]
2023-05-18T06:58:51.087089073Z
2023-05-18T06:58:51.087108391Z ðŸ“¦ Resources
2023-05-18T06:58:51.088611170Z {"version": 1, "execution": {"R_lite": [{"rank": "0-3", "children": {"core": "0"}}], "starttime": 0.0, "expiration": 0.0, "nodelist": ["flux-sample-[0-3]"]}}
2023-05-18T06:58:51.088924405Z
2023-05-18T06:58:51.088940313Z ðŸ¸ Diagnostics: false
2023-05-18T06:58:51.089155711Z ðŸš©ï¸ Flux Option Flags defined
2023-05-18T06:58:51.093421668Z
2023-05-18T06:58:51.093440380Z ðŸ¦Š Independent Minister of Privilege
2023-05-18T06:58:51.095010744Z [exec]
2023-05-18T06:58:51.095028116Z allowed-users = [ "flux", "root" ]
2023-05-18T06:58:51.095036670Z allowed-shells = [ "/usr/libexec/flux/flux-shell" ]
2023-05-18T06:58:51.095294089Z
2023-05-18T06:58:51.095310000Z ðŸ¸ Broker Configuration
2023-05-18T06:58:51.096466848Z # Flux needs to know the path to the IMP executable
2023-05-18T06:58:51.096483124Z [exec]
2023-05-18T06:58:51.096488982Z imp = "/usr/libexec/flux/flux-imp"
2023-05-18T06:58:51.096493679Z
2023-05-18T06:58:51.096498546Z [access]
2023-05-18T06:58:51.096503748Z allow-guest-user = true
2023-05-18T06:58:51.096508677Z allow-root-owner = true
2023-05-18T06:58:51.096515230Z
2023-05-18T06:58:51.096521567Z # Point to resource definition generated with flux-R(1).
2023-05-18T06:58:51.096526535Z [resource]
2023-05-18T06:58:51.096531466Z path = "/etc/flux/system/R"
2023-05-18T06:58:51.096535771Z
2023-05-18T06:58:51.096540563Z [bootstrap]
2023-05-18T06:58:51.096545179Z curve_cert = "/etc/curve/curve.cert"
2023-05-18T06:58:51.096550144Z default_port = 8050
2023-05-18T06:58:51.096557493Z default_bind = "tcp://eth0:%p"
2023-05-18T06:58:51.096564231Z default_connect = "tcp://%h.flux-service.flux-operator.svc.cluster.local:%p"
2023-05-18T06:58:51.096569494Z hosts = [
2023-05-18T06:58:51.096575242Z 	{ host="flux-sample-[0-3]"},
2023-05-18T06:58:51.096580094Z ]
2023-05-18T06:58:51.096584456Z
2023-05-18T06:58:51.096589112Z [archive]
2023-05-18T06:58:51.096594270Z dbpath = "/var/lib/flux/job-archive.sqlite"
2023-05-18T06:58:51.096601469Z period = "1m"
2023-05-18T06:58:51.175008866Z busytimeout = "50s"
2023-05-18T06:58:51.175029343Z ðŸ§Šï¸ State Directory:
2023-05-18T06:58:51.175035131Z total 0
2023-05-18T06:58:51.175040000Z
2023-05-18T06:58:51.178453041Z
2023-05-18T06:58:51.178472377Z ðŸ”’ï¸ Working directory permissions:
2023-05-18T06:58:51.178477767Z total 96
2023-05-18T06:58:51.178483372Z -rwxrwxrwx 1 flux root  2517 May 17 22:32 README.txt
2023-05-18T06:58:51.178550902Z -rwxrwxrwx 1 flux root 54692 May 17 22:32 data.hns-equil
2023-05-18T06:58:51.178656741Z -rwxrwxrwx 1 flux root 13576 May 17 22:32 ffield.reax.hns
2023-05-18T06:58:51.178666659Z -rwxrwxrwx 1 flux root   870 May 17 22:32 in.reaxc.hns
2023-05-18T06:58:51.178776883Z -rwxrwxrwx 1 flux root  4172 May 17 22:32 log.8Mar18.reaxc.hns.g++.1
2023-05-18T06:58:51.178786923Z -rwxrwxrwx 1 flux root  4168 May 17 22:32 log.8Mar18.reaxc.hns.g++.4
2023-05-18T06:58:51.178792055Z
2023-05-18T06:58:51.178954080Z
2023-05-18T06:58:51.178964660Z âœ¨ Curve certificate generated by helper pod
2023-05-18T06:58:51.180939472Z #   ****  Generated on 2023-04-26 22:54:42 by CZMQ  ****
2023-05-18T06:58:51.180955952Z #   ZeroMQ CURVE **Secret** Certificate
2023-05-18T06:58:51.180961834Z #   DO NOT PROVIDE THIS FILE TO OTHER USERS nor change its permissions.
2023-05-18T06:58:51.180968889Z
2023-05-18T06:58:51.180974999Z metadata
2023-05-18T06:58:51.180980222Z     name = "flux-cert-generator"
2023-05-18T06:58:51.180985231Z     keygen.hostname = "flux-sample-0"
2023-05-18T06:58:51.180990192Z curve
2023-05-18T06:58:51.180997487Z     public-key = "mh@Nw.$b{smlv$cr0%-U&-k9fT$#2s.o+(^)CR}E"
2023-05-18T06:58:51.181002382Z     secret-key = "d0SoyoDbr7ZHGeksGupJrdLXB6D&9N(iP?VeVFH9"
2023-05-18T06:58:51.182980503Z
2023-05-18T06:58:51.182999868Z ðŸŒ€  flux start --wrap=strace,-e,network,-tt -o --config /etc/flux/config -Scron.directory=/etc/flux/system/cron.d   -Stbon.fanout=256   -Srundir=/run/flux    -Sstatedir=/var/lib/flux   -Slocal-uri=local:///run/flux/local   -Stbon.zmqdebug=1  -Slog-stderr-level=6    -Slog-stderr-mode=local
2023-05-18T06:58:51.224752359Z 06:58:51.224558 socket(AF_NETLINK, SOCK_RAW, NETLINK_ROUTE) = 8
2023-05-18T06:58:51.225117676Z 06:58:51.224704 bind(8, {sa_family=AF_NETLINK, nl_pid=0, nl_groups=00000000}, 12) = 0
2023-05-18T06:58:51.225134147Z 06:58:51.224781 getsockname(8, {sa_family=AF_NETLINK, nl_pid=70, nl_groups=00000000}, [12]) = 0
2023-05-18T06:58:51.225140920Z 06:58:51.224857 sendto(8, {{len=20, type=RTM_GETADDR, flags=NLM_F_REQUEST|NLM_F_DUMP, seq=1684393131, pid=0}, {ifa_family=AF_UNSPEC, ...}}, 20, 0, {sa_family=AF_NETLINK, nl_pid=0, nl_groups=00000000}, 12) = 20
2023-05-18T06:58:51.225508913Z 06:58:51.225093 recvmsg(8, {msg_name={sa_family=AF_NETLINK, nl_pid=0, nl_groups=00000000}, msg_namelen=12, msg_iov=[{iov_base=[{{len=76, type=RTM_NEWADDR, flags=NLM_F_MULTI, seq=1684393131, pid=70}, {ifa_family=AF_INET, ifa_prefixlen=8, ifa_flags=IFA_F_PERMANENT, ifa_scope=RT_SCOPE_HOST, ifa_index=if_nametoindex("lo")}, [{{nla_len=8, nla_type=IFA_ADDRESS}, 127.0.0.1}, {{nla_len=8, nla_type=IFA_LOCAL}, 127.0.0.1}, {{nla_len=7, nla_type=IFA_LABEL}, "lo"}, {{nla_len=8, nla_type=IFA_FLAGS}, IFA_F_PERMANENT}, {{nla_len=20, nla_type=IFA_CACHEINFO}, {ifa_prefered=4294967295, ifa_valid=4294967295, cstamp=1156614, tstamp=1156614}}]}, {{len=88, type=RTM_NEWADDR, flags=NLM_F_MULTI, seq=1684393131, pid=70}, {ifa_family=AF_INET, ifa_prefixlen=24, ifa_flags=IFA_F_PERMANENT, ifa_scope=RT_SCOPE_UNIVERSE, ifa_index=if_nametoindex("eth0")}, [{{nla_len=8, nla_type=IFA_ADDRESS}, 10.24.3.206}, {{nla_len=8, nla_type=IFA_LOCAL}, 10.24.3.206}, {{nla_len=8, nla_type=IFA_BROADCAST}, 10.24.3.255}, {{nla_len=9, nla_type=IFA_LABEL}, "eth0"}, {{nla_len=8, nla_type=IFA_FLAGS}, IFA_F_PERMANENT}, {{nla_len=20, nla_type=IFA_CACHEINFO}, {ifa_prefered=4294967295, ifa_valid=4294967295, cstamp=1156617, tstamp=1156617}}]}], iov_len=4096}], msg_iovlen=1, msg_controllen=0, msg_flags=0}, 0) = 164
2023-05-18T06:58:51.225667514Z 06:58:51.225406 recvmsg(8, {msg_name={sa_family=AF_NETLINK, nl_pid=0, nl_groups=00000000}, msg_namelen=12, msg_iov=[{iov_base={{len=20, type=NLMSG_DONE, flags=NLM_F_MULTI, seq=1684393131, pid=70}, 0}, iov_len=4096}], msg_iovlen=1, msg_controllen=0, msg_flags=0}, 0) = 20
2023-05-18T06:58:51.226303022Z 06:58:51.226085 socket(AF_UNIX, SOCK_STREAM|SOCK_CLOEXEC|SOCK_NONBLOCK, 0) = 8
2023-05-18T06:58:51.226462422Z 06:58:51.226255 connect(8, {sa_family=AF_UNIX, sun_path="/var/run/nscd/socket"}, 110) = -1 ENOENT (No such file or directory)
2023-05-18T06:58:51.226673482Z 06:58:51.226496 socket(AF_UNIX, SOCK_STREAM|SOCK_CLOEXEC|SOCK_NONBLOCK, 0) = 8
2023-05-18T06:58:51.226745934Z 06:58:51.226608 connect(8, {sa_family=AF_UNIX, sun_path="/var/run/nscd/socket"}, 110) = -1 ENOENT (No such file or directory)
2023-05-18T06:58:51.228734790Z 06:58:51.228483 socket(AF_INET, SOCK_DGRAM|SOCK_CLOEXEC|SOCK_NONBLOCK, IPPROTO_IP) = 8
2023-05-18T06:58:51.228904630Z 06:58:51.228700 connect(8, {sa_family=AF_INET, sin_port=htons(53), sin_addr=inet_addr("169.254.169.254")}, 16) = 0
2023-05-18T06:58:51.229397967Z 06:58:51.228955 sendto(8, "\16\254\1\0\0\1\0\0\0\0\0\0\rflux-sample-0\fflux-"..., 76, MSG_NOSIGNAL, NULL, 0) = 76
2023-05-18T06:58:51.233537248Z 06:58:51.233293 recvfrom(8, "\16\254\201\203\0\1\0\0\0\1\0\0\rflux-sample-0\fflux-"..., 1024, 0, {sa_family=AF_INET, sin_port=htons(53), sin_addr=inet_addr("169.254.169.254")}, [28->16]) = 172
2023-05-18T06:58:51.233837161Z 06:58:51.233603 socket(AF_INET, SOCK_DGRAM|SOCK_CLOEXEC|SOCK_NONBLOCK, IPPROTO_IP) = 8
2023-05-18T06:58:51.234058558Z 06:58:51.233880 connect(8, {sa_family=AF_INET, sin_port=htons(53), sin_addr=inet_addr("169.254.169.254")}, 16) = 0
2023-05-18T06:58:51.234359643Z 06:58:51.234100 sendto(8, "\246m\1\0\0\1\0\0\0\0\0\0\rflux-sample-0\fflux-"..., 108, MSG_NOSIGNAL, NULL, 0) = 108
2023-05-18T06:58:51.237632937Z 06:58:51.237427 recvfrom(8, "\246m\201\203\0\1\0\0\0\1\0\0\rflux-sample-0\fflux-"..., 1024, 0, {sa_family=AF_INET, sin_port=htons(53), sin_addr=inet_addr("169.254.169.254")}, [28->16]) = 204
2023-05-18T06:58:51.237759874Z 06:58:51.237593 socket(AF_INET, SOCK_DGRAM|SOCK_CLOEXEC|SOCK_NONBLOCK, IPPROTO_IP) = 8
2023-05-18T06:58:51.237770768Z 06:58:51.237654 connect(8, {sa_family=AF_INET, sin_port=htons(53), sin_addr=inet_addr("169.254.169.254")}, 16) = 0
2023-05-18T06:58:51.237972444Z 06:58:51.237749 sendto(8, ":\213\1\0\0\1\0\0\0\0\0\0\rflux-sample-0\fflux-"..., 94, MSG_NOSIGNAL, NULL, 0) = 94
2023-05-18T06:58:51.241927429Z 06:58:51.241665 recvfrom(8, ":\213\201\203\0\1\0\0\0\1\0\0\rflux-sample-0\fflux-"..., 1024, 0, {sa_family=AF_INET, sin_port=htons(53), sin_addr=inet_addr("169.254.169.254")}, [28->16]) = 190
2023-05-18T06:58:51.242128660Z 06:58:51.241957 socket(AF_INET, SOCK_DGRAM|SOCK_CLOEXEC|SOCK_NONBLOCK, IPPROTO_IP) = 8
2023-05-18T06:58:51.242311276Z 06:58:51.242093 connect(8, {sa_family=AF_INET, sin_port=htons(53), sin_addr=inet_addr("169.254.169.254")}, 16) = 0
2023-05-18T06:58:51.242584536Z 06:58:51.242335 sendto(8, "\241\221\1\0\0\1\0\0\0\0\0\0\rflux-sample-0\fflux-"..., 90, MSG_NOSIGNAL, NULL, 0) = 90
2023-05-18T06:58:51.245516355Z 06:58:51.245265 recvfrom(8, "\241\221\201\203\0\1\0\0\0\1\0\0\rflux-sample-0\fflux-"..., 1024, 0, {sa_family=AF_INET, sin_port=htons(53), sin_addr=inet_addr("169.254.169.254")}, [28->16]) = 186
2023-05-18T06:58:51.245626877Z 06:58:51.245450 socket(AF_INET, SOCK_DGRAM|SOCK_CLOEXEC|SOCK_NONBLOCK, IPPROTO_IP) = 8
2023-05-18T06:58:51.245745981Z 06:58:51.245555 connect(8, {sa_family=AF_INET, sin_port=htons(53), sin_addr=inet_addr("169.254.169.254")}, 16) = 0
2023-05-18T06:58:51.245952360Z 06:58:51.245712 sendto(8, "\321K\1\0\0\1\0\0\0\0\0\0\rflux-sample-0\fflux-"..., 111, MSG_NOSIGNAL, NULL, 0) = 111
2023-05-18T06:58:51.250576558Z 06:58:51.250363 recvfrom(8, "\321K\201\203\0\1\0\0\0\1\0\0\rflux-sample-0\fflux-"..., 1024, 0, {sa_family=AF_INET, sin_port=htons(53), sin_addr=inet_addr("169.254.169.254")}, [28->16]) = 205
2023-05-18T06:58:51.250834832Z 06:58:51.250634 socket(AF_INET, SOCK_DGRAM|SOCK_CLOEXEC|SOCK_NONBLOCK, IPPROTO_IP) = 8
2023-05-18T06:58:51.250939296Z 06:58:51.250746 connect(8, {sa_family=AF_INET, sin_port=htons(53), sin_addr=inet_addr("169.254.169.254")}, 16) = 0
2023-05-18T06:58:51.251072552Z 06:58:51.250861 sendto(8, "\365T\1\0\0\1\0\0\0\0\0\0\rflux-sample-0\fflux-"..., 97, MSG_NOSIGNAL, NULL, 0) = 97
2023-05-18T06:58:51.255509658Z 06:58:51.255294 recvfrom(8, "\365T\201\203\0\1\0\0\0\1\0\0\rflux-sample-0\fflux-"..., 1024, 0, {sa_family=AF_INET, sin_port=htons(53), sin_addr=inet_addr("169.254.169.254")}, [28->16]) = 186
2023-05-18T06:58:51.255632789Z 06:58:51.255471 socket(AF_INET, SOCK_DGRAM|SOCK_CLOEXEC|SOCK_NONBLOCK, IPPROTO_IP) = 8
2023-05-18T06:58:51.255707437Z 06:58:51.255560 connect(8, {sa_family=AF_INET, sin_port=htons(53), sin_addr=inet_addr("169.254.169.254")}, 16) = 0
2023-05-18T06:58:51.255917137Z 06:58:51.255693 sendto(8, ">\366\1\0\0\1\0\0\0\0\0\0\rflux-sample-0\fflux-"..., 92, MSG_NOSIGNAL, NULL, 0) = 92
2023-05-18T06:58:51.259232862Z 06:58:51.258991 recvfrom(8, ">\366\201\203\0\1\0\0\0\1\0\0\rflux-sample-0\fflux-"..., 1024, 0, {sa_family=AF_INET, sin_port=htons(53), sin_addr=inet_addr("169.254.169.254")}, [28->16]) = 181
2023-05-18T06:58:51.259414956Z broker.err[2]: Warning: unable to resolve upstream peer flux-sample-0.flux-service.flux-operator.svc.cluster.local: Name or service not known
2023-05-18T06:58:51.264484932Z broker.info[2]: start: none->join 1.45192ms
2023-05-18T06:58:52.506544973Z broker.info[2]: parent-ready: join->init 1.24172s
2023-05-18T06:58:52.506830666Z 06:58:52.506581 socketpair(AF_UNIX, SOCK_STREAM|SOCK_CLOEXEC, 0, [22, 23]) = 0
2023-05-18T06:58:52.506955988Z 06:58:52.506771 socketpair(AF_UNIX, SOCK_STREAM, 0, [24, 25]) = 0
2023-05-18T06:58:52.507222923Z 06:58:52.507022 socketpair(AF_UNIX, SOCK_STREAM, 0, [26, 27]) = 0
2023-05-18T06:58:52.507434289Z 06:58:52.507267 socketpair(AF_UNIX, SOCK_STREAM, 0, [28, 29]) = 0
2023-05-18T06:58:52.531558877Z broker.info[2]: configuration updated
2023-05-18T06:58:52.643496241Z broker.info[2]: rc1.0: running /etc/flux/rc1.d/01-sched-fluxion
2023-05-18T06:58:52.654963299Z broker.info[2]: rc1.0: running /etc/flux/rc1.d/02-cron
2023-05-18T06:58:52.676783342Z broker.info[2]: rc1.0: /etc/flux/rc1 Exited (rc=0) 0.2s
2023-05-18T06:58:52.677878574Z broker.info[2]: rc1-success: init->quorum 0.171124s
2023-05-18T06:58:52.894314845Z broker.info[2]: quorum-full: quorum->run 0.216131s
2023-05-18T06:59:03.599444365Z broker.info[2]: shutdown: run->cleanup 10.7046s
2023-05-18T06:59:03.600966599Z broker.info[2]: cleanup-none: cleanup->shutdown 1.51757ms
2023-05-18T06:59:03.602511104Z broker.info[2]: children-none: shutdown->finalize 0.962287ms
2023-05-18T06:59:03.603153555Z 06:59:03.602867 socketpair(AF_UNIX, SOCK_STREAM|SOCK_CLOEXEC, 0, [22, 23]) = 0
2023-05-18T06:59:03.603614432Z 06:59:03.603056 socketpair(AF_UNIX, SOCK_STREAM, 0, [24, 25]) = 0
2023-05-18T06:59:03.603636908Z 06:59:03.603386 socketpair(AF_UNIX, SOCK_STREAM, 0, [26, 28]) = 0
2023-05-18T06:59:03.604047870Z 06:59:03.603638 socketpair(AF_UNIX, SOCK_STREAM, 0, [58, 59]) = 0
2023-05-18T06:59:03.621660493Z broker.info[2]: rc3.0: running /etc/flux/rc3.d/01-sched-fluxion
2023-05-18T06:59:03.737509665Z broker.info[2]: rc3.0: /etc/flux/rc3 Exited (rc=0) 0.1s
2023-05-18T06:59:03.738718893Z broker.info[2]: rc3-success: finalize->goodbye 0.135873s
2023-05-18T06:59:03.746218360Z broker.info[2]: goodbye: goodbye->exit 6.86071ms
2023-05-18T06:59:03.754044451Z 06:59:03.753914 +++ exited with 0 +++
2023-05-18T06:59:03.755215835Z Return value for follower worker is 0
2023-05-18T06:59:03.755815406Z The follower worker exited cleanly. Goodbye!
