2023-05-18T06:54:54.475222948Z
2023-05-18T06:54:54.475266465Z Flux username: flux
2023-05-18T06:54:54.475273113Z
2023-05-18T06:54:54.475278401Z Flux install root: /usr
2023-05-18T06:54:54.518338124Z flux user is already added.
2023-05-18T06:54:54.520986968Z flux user identifiers:
2023-05-18T06:54:54.521006058Z uid=1234(flux) gid=1234(flux) groups=1234(flux)
2023-05-18T06:54:54.521012004Z
2023-05-18T06:54:54.521017700Z As Flux prefix for flux commands: sudo -u flux -E PYTHONPATH=/opt/conda/lib/python3.10/site-packages -E PATH=/opt/conda/bin:/usr/local/sbin:/usr/local/bin:/usr/sbin:/usr/bin:/sbin:/bin -E LD_LIBRARY_PATH=/opt/conda/lib -E HOME=/home/flux
2023-05-18T06:54:54.530687435Z
2023-05-18T06:54:54.530706325Z ðŸ‘‹ Hello, I'm flux-sample-3
2023-05-18T06:54:54.530712173Z The main host is flux-sample-0
2023-05-18T06:54:54.530717286Z The working directory is /home/flux/examples/reaxff/HNS, contents include:
2023-05-18T06:54:54.532528876Z /home/flux/examples/reaxff/HNS:
2023-05-18T06:54:54.532780060Z README.txt	ffield.reax.hns  log.8Mar18.reaxc.hns.g++.1
2023-05-18T06:54:54.532798834Z data.hns-equil	in.reaxc.hns	 log.8Mar18.reaxc.hns.g++.4
2023-05-18T06:54:54.533178225Z End of file listing, if you see nothing above there are no files.
2023-05-18T06:54:54.535309647Z flux R encode --hosts=flux-sample-[0-3]
2023-05-18T06:54:54.549513317Z
2023-05-18T06:54:54.549532575Z ðŸ“¦ Resources
2023-05-18T06:54:54.551096443Z {"version": 1, "execution": {"R_lite": [{"rank": "0-3", "children": {"core": "0"}}], "starttime": 0.0, "expiration": 0.0, "nodelist": ["flux-sample-[0-3]"]}}
2023-05-18T06:54:54.551348990Z
2023-05-18T06:54:54.551363705Z ðŸ¸ Diagnostics: false
2023-05-18T06:54:54.551598446Z ðŸš©ï¸ Flux Option Flags defined
2023-05-18T06:54:54.555568865Z
2023-05-18T06:54:54.555585743Z ðŸ¦Š Independent Minister of Privilege
2023-05-18T06:54:54.556807902Z [exec]
2023-05-18T06:54:54.556822827Z allowed-users = [ "flux", "root" ]
2023-05-18T06:54:54.556828566Z allowed-shells = [ "/usr/libexec/flux/flux-shell" ]
2023-05-18T06:54:54.557011280Z
2023-05-18T06:54:54.557056220Z ðŸ¸ Broker Configuration
2023-05-18T06:54:54.558272349Z # Flux needs to know the path to the IMP executable
2023-05-18T06:54:54.558288816Z [exec]
2023-05-18T06:54:54.558295618Z imp = "/usr/libexec/flux/flux-imp"
2023-05-18T06:54:54.558300235Z
2023-05-18T06:54:54.558304869Z [access]
2023-05-18T06:54:54.558309689Z allow-guest-user = true
2023-05-18T06:54:54.558314573Z allow-root-owner = true
2023-05-18T06:54:54.558319106Z
2023-05-18T06:54:54.558324048Z # Point to resource definition generated with flux-R(1).
2023-05-18T06:54:54.558331101Z [resource]
2023-05-18T06:54:54.558336958Z path = "/etc/flux/system/R"
2023-05-18T06:54:54.558341490Z
2023-05-18T06:54:54.558346333Z [bootstrap]
2023-05-18T06:54:54.558351089Z curve_cert = "/etc/curve/curve.cert"
2023-05-18T06:54:54.558356069Z default_port = 8050
2023-05-18T06:54:54.558360952Z default_bind = "tcp://eth0:%p"
2023-05-18T06:54:54.558366477Z default_connect = "tcp://%h.flux-service.flux-operator.svc.cluster.local:%p"
2023-05-18T06:54:54.558373772Z hosts = [
2023-05-18T06:54:54.558379460Z 	{ host="flux-sample-[0-3]"},
2023-05-18T06:54:54.558384338Z ]
2023-05-18T06:54:54.558388820Z
2023-05-18T06:54:54.558393512Z [archive]
2023-05-18T06:54:54.558398167Z dbpath = "/var/lib/flux/job-archive.sqlite"
2023-05-18T06:54:54.558402859Z period = "1m"
2023-05-18T06:54:54.630089478Z busytimeout = "50s"
2023-05-18T06:54:54.630108057Z ðŸ§Šï¸ State Directory:
2023-05-18T06:54:54.630114332Z total 0
2023-05-18T06:54:54.630119068Z
2023-05-18T06:54:54.633501791Z
2023-05-18T06:54:54.633519764Z ðŸ”’ï¸ Working directory permissions:
2023-05-18T06:54:54.633526122Z total 96
2023-05-18T06:54:54.633531807Z -rwxrwxrwx 1 flux root  2517 May 17 22:32 README.txt
2023-05-18T06:54:54.633536582Z -rwxrwxrwx 1 flux root 54692 May 17 22:32 data.hns-equil
2023-05-18T06:54:54.633541216Z -rwxrwxrwx 1 flux root 13576 May 17 22:32 ffield.reax.hns
2023-05-18T06:54:54.633545826Z -rwxrwxrwx 1 flux root   870 May 17 22:32 in.reaxc.hns
2023-05-18T06:54:54.633553035Z -rwxrwxrwx 1 flux root  4172 May 17 22:32 log.8Mar18.reaxc.hns.g++.1
2023-05-18T06:54:54.633558574Z -rwxrwxrwx 1 flux root  4168 May 17 22:32 log.8Mar18.reaxc.hns.g++.4
2023-05-18T06:54:54.633562889Z
2023-05-18T06:54:54.633734515Z
2023-05-18T06:54:54.633745911Z âœ¨ Curve certificate generated by helper pod
2023-05-18T06:54:54.635168336Z #   ****  Generated on 2023-04-26 22:54:42 by CZMQ  ****
2023-05-18T06:54:54.635184367Z #   ZeroMQ CURVE **Secret** Certificate
2023-05-18T06:54:54.635190207Z #   DO NOT PROVIDE THIS FILE TO OTHER USERS nor change its permissions.
2023-05-18T06:54:54.635197216Z
2023-05-18T06:54:54.635203475Z metadata
2023-05-18T06:54:54.635208797Z     name = "flux-cert-generator"
2023-05-18T06:54:54.635213631Z     keygen.hostname = "flux-sample-0"
2023-05-18T06:54:54.635218626Z curve
2023-05-18T06:54:54.635223388Z     public-key = "HbUO.f8peGK}PkuQAcV#D8omcdtH)vgXUnfgPx:)"
2023-05-18T06:54:54.635228119Z     secret-key = "*x).F!B%mBS{#Q.&J007N9H1-{%On{5*Sa#Rh8uf"
2023-05-18T06:54:54.637065899Z
2023-05-18T06:54:54.637083599Z ðŸŒ€  flux start --wrap=strace,-e,network,-tt -o --config /etc/flux/config -Scron.directory=/etc/flux/system/cron.d   -Stbon.fanout=256   -Srundir=/run/flux    -Sstatedir=/var/lib/flux   -Slocal-uri=local:///run/flux/local   -Stbon.zmqdebug=1  -Slog-stderr-level=6    -Slog-stderr-mode=local
2023-05-18T06:54:54.676807352Z 06:54:54.676568 socket(AF_NETLINK, SOCK_RAW, NETLINK_ROUTE) = 8
2023-05-18T06:54:54.677173581Z 06:54:54.676897 bind(8, {sa_family=AF_NETLINK, nl_pid=0, nl_groups=00000000}, 12) = 0
2023-05-18T06:54:54.677494086Z 06:54:54.677260 getsockname(8, {sa_family=AF_NETLINK, nl_pid=70, nl_groups=00000000}, [12]) = 0
2023-05-18T06:54:54.677911446Z 06:54:54.677540 sendto(8, {{len=20, type=RTM_GETADDR, flags=NLM_F_REQUEST|NLM_F_DUMP, seq=1684392894, pid=0}, {ifa_family=AF_UNSPEC, ...}}, 20, 0, {sa_family=AF_NETLINK, nl_pid=0, nl_groups=00000000}, 12) = 20
2023-05-18T06:54:54.678457506Z 06:54:54.677980 recvmsg(8, {msg_name={sa_family=AF_NETLINK, nl_pid=0, nl_groups=00000000}, msg_namelen=12, msg_iov=[{iov_base=[{{len=76, type=RTM_NEWADDR, flags=NLM_F_MULTI, seq=1684392894, pid=70}, {ifa_family=AF_INET, ifa_prefixlen=8, ifa_flags=IFA_F_PERMANENT, ifa_scope=RT_SCOPE_HOST, ifa_index=if_nametoindex("lo")}, [{{nla_len=8, nla_type=IFA_ADDRESS}, 127.0.0.1}, {{nla_len=8, nla_type=IFA_LOCAL}, 127.0.0.1}, {{nla_len=7, nla_type=IFA_LABEL}, "lo"}, {{nla_len=8, nla_type=IFA_FLAGS}, IFA_F_PERMANENT}, {{nla_len=20, nla_type=IFA_CACHEINFO}, {ifa_prefered=4294967295, ifa_valid=4294967295, cstamp=1132992, tstamp=1132992}}]}, {{len=88, type=RTM_NEWADDR, flags=NLM_F_MULTI, seq=1684392894, pid=70}, {ifa_family=AF_INET, ifa_prefixlen=24, ifa_flags=IFA_F_PERMANENT, ifa_scope=RT_SCOPE_UNIVERSE, ifa_index=if_nametoindex("eth0")}, [{{nla_len=8, nla_type=IFA_ADDRESS}, 10.24.0.172}, {{nla_len=8, nla_type=IFA_LOCAL}, 10.24.0.172}, {{nla_len=8, nla_type=IFA_BROADCAST}, 10.24.0.255}, {{nla_len=9, nla_type=IFA_LABEL}, "eth0"}, {{nla_len=8, nla_type=IFA_FLAGS}, IFA_F_PERMANENT}, {{nla_len=20, nla_type=IFA_CACHEINFO}, {ifa_prefered=4294967295, ifa_valid=4294967295, cstamp=1132994, tstamp=1132994}}]}], iov_len=4096}], msg_iovlen=1, msg_controllen=0, msg_flags=0}, 0) = 164
2023-05-18T06:54:54.678586111Z 06:54:54.678361 recvmsg(8, {msg_name={sa_family=AF_NETLINK, nl_pid=0, nl_groups=00000000}, msg_namelen=12, msg_iov=[{iov_base={{len=20, type=NLMSG_DONE, flags=NLM_F_MULTI, seq=1684392894, pid=70}, 0}, iov_len=4096}], msg_iovlen=1, msg_controllen=0, msg_flags=0}, 0) = 20
2023-05-18T06:54:54.679178103Z 06:54:54.678974 socket(AF_UNIX, SOCK_STREAM|SOCK_CLOEXEC|SOCK_NONBLOCK, 0) = 8
2023-05-18T06:54:54.679203843Z 06:54:54.679055 connect(8, {sa_family=AF_UNIX, sun_path="/var/run/nscd/socket"}, 110) = -1 ENOENT (No such file or directory)
2023-05-18T06:54:54.679404127Z 06:54:54.679214 socket(AF_UNIX, SOCK_STREAM|SOCK_CLOEXEC|SOCK_NONBLOCK, 0) = 8
2023-05-18T06:54:54.679501872Z 06:54:54.679313 connect(8, {sa_family=AF_UNIX, sun_path="/var/run/nscd/socket"}, 110) = -1 ENOENT (No such file or directory)
2023-05-18T06:54:54.680826086Z 06:54:54.680646 socket(AF_INET, SOCK_DGRAM|SOCK_CLOEXEC|SOCK_NONBLOCK, IPPROTO_IP) = 8
2023-05-18T06:54:54.680973314Z 06:54:54.680719 connect(8, {sa_family=AF_INET, sin_port=htons(53), sin_addr=inet_addr("169.254.169.254")}, 16) = 0
2023-05-18T06:54:54.681266093Z 06:54:54.680877 sendto(8, "\204\r\1\0\0\1\0\0\0\0\0\0\rflux-sample-0\fflux-"..., 76, MSG_NOSIGNAL, NULL, 0) = 76
2023-05-18T06:54:54.685410095Z 06:54:54.685204 recvfrom(8, "\204\r\201\200\0\1\0\1\0\0\0\0\rflux-sample-0\fflux-"..., 1024, 0, {sa_family=AF_INET, sin_port=htons(53), sin_addr=inet_addr("169.254.169.254")}, [28->16]) = 92
2023-05-18T06:54:54.692865677Z broker.info[3]: start: none->join 1.94981ms
2023-05-18T06:55:24.866615065Z broker.info[3]: parent-ready: join->init 30.1736s
2023-05-18T06:55:24.867340203Z 06:55:24.867170 socketpair(AF_UNIX, SOCK_STREAM|SOCK_CLOEXEC, 0, [22, 23]) = 0
2023-05-18T06:55:24.867734085Z 06:55:24.867450 socketpair(AF_UNIX, SOCK_STREAM, 0, [24, 25]) = 0
2023-05-18T06:55:24.868126019Z 06:55:24.867942 socketpair(AF_UNIX, SOCK_STREAM, 0, [26, 27]) = 0
2023-05-18T06:55:24.868567939Z 06:55:24.868357 socketpair(AF_UNIX, SOCK_STREAM, 0, [28, 29]) = 0
2023-05-18T06:55:24.892682838Z broker.info[3]: configuration updated
2023-05-18T06:55:25.004135838Z broker.info[3]: rc1.0: running /etc/flux/rc1.d/01-sched-fluxion
2023-05-18T06:55:25.013568410Z broker.info[3]: rc1.0: running /etc/flux/rc1.d/02-cron
2023-05-18T06:55:25.036162465Z broker.info[3]: rc1.0: /etc/flux/rc1 Exited (rc=0) 0.2s
2023-05-18T06:55:25.036927126Z broker.info[3]: rc1-success: init->quorum 0.169562s
2023-05-18T06:55:25.254194449Z broker.info[3]: quorum-full: quorum->run 0.216998s
2023-05-18T06:55:26.021142493Z 06:55:26.020914 socketpair(AF_UNIX, SOCK_STREAM|SOCK_CLOEXEC, 0, [22, 23]) = 0
2023-05-18T06:55:26.021499221Z 06:55:26.021252 socketpair(AF_UNIX, SOCK_STREAM, 0, [24, 25]) = 0
2023-05-18T06:55:26.021881221Z 06:55:26.021637 socketpair(AF_UNIX, SOCK_STREAM, 0, [26, 28]) = 0
2023-05-18T06:55:26.022237366Z 06:55:26.022000 socketpair(AF_UNIX, SOCK_STREAM, 0, [58, 59]) = 0
2023-05-18T06:55:36.168050682Z broker.info[3]: shutdown: run->cleanup 10.9111s
2023-05-18T06:55:36.168311151Z broker.info[3]: cleanup-none: cleanup->shutdown 1.10232ms
2023-05-18T06:55:36.168332323Z broker.info[3]: children-none: shutdown->finalize 1.00544ms
2023-05-18T06:55:36.170707418Z 06:55:36.168167 socketpair(AF_UNIX, SOCK_STREAM|SOCK_CLOEXEC, 0, [22, 23]) = 0
2023-05-18T06:55:36.170743308Z 06:55:36.169248 socketpair(AF_UNIX, SOCK_STREAM, 0, [24, 25]) = 0
2023-05-18T06:55:36.170751304Z 06:55:36.169462 socketpair(AF_UNIX, SOCK_STREAM, 0, [26, 28]) = 0
2023-05-18T06:55:36.170757192Z 06:55:36.169653 socketpair(AF_UNIX, SOCK_STREAM, 0, [58, 59]) = 0
2023-05-18T06:55:36.192894684Z broker.info[3]: rc3.0: running /etc/flux/rc3.d/01-sched-fluxion
2023-05-18T06:55:36.297665141Z broker.info[3]: rc3.0: /etc/flux/rc3 Exited (rc=0) 0.1s
2023-05-18T06:55:36.298437376Z broker.info[3]: rc3-success: finalize->goodbye 0.1301s
2023-05-18T06:55:36.299624468Z broker.info[3]: goodbye: goodbye->exit 0.958125ms
2023-05-18T06:55:36.306243948Z 06:55:36.306107 +++ exited with 0 +++
2023-05-18T06:55:36.307596452Z Return value for follower worker is 0
2023-05-18T06:55:36.307627352Z The follower worker exited cleanly. Goodbye!
