
===
Output: recorded-at: 2024-04-17 20:14:21.621885
START: 1713384827
Failed to ping pod job-0-2-size-6-0.s206, retrying in 1 second...
Successfully pinged pod: job-0-2-size-6-0.s206
Failed to ping pod job-0-2-size-6-1.s206, retrying in 1 second...
Successfully pinged pod: job-0-2-size-6-1.s206
Successfully pinged pod: job-0-2-size-6-2.s206
Successfully pinged pod: job-0-2-size-6-3.s206
Failed to ping pod job-0-2-size-6-4.s206, retrying in 1 second...
Failed to ping pod job-0-2-size-6-4.s206, retrying in 1 second...
Failed to ping pod job-0-2-size-6-4.s206, retrying in 1 second...
Failed to ping pod job-0-2-size-6-4.s206, retrying in 1 second...
Failed to ping pod job-0-2-size-6-4.s206, retrying in 1 second...
Failed to ping pod job-0-2-size-6-4.s206, retrying in 1 second...
Failed to ping pod job-0-2-size-6-4.s206, retrying in 1 second...
Failed to ping pod job-0-2-size-6-4.s206, retrying in 1 second...
Failed to ping pod job-0-2-size-6-4.s206, retrying in 1 second...
Failed to ping pod job-0-2-size-6-4.s206, retrying in 1 second...
Failed to ping pod job-0-2-size-6-4.s206, retrying in 1 second...
Failed to ping pod job-0-2-size-6-4.s206, retrying in 1 second...
Failed to ping pod job-0-2-size-6-4.s206, retrying in 1 second...
Failed to ping pod job-0-2-size-6-4.s206, retrying in 1 second...
Failed to ping pod job-0-2-size-6-4.s206, retrying in 1 second...
Failed to ping pod job-0-2-size-6-4.s206, retrying in 1 second...
Failed to ping pod job-0-2-size-6-4.s206, retrying in 1 second...
Failed to ping pod job-0-2-size-6-4.s206, retrying in 1 second...
Failed to ping pod job-0-2-size-6-4.s206, retrying in 1 second...
Failed to ping pod job-0-2-size-6-4.s206, retrying in 1 second...
Failed to ping pod job-0-2-size-6-4.s206, retrying in 1 second...
Failed to ping pod job-0-2-size-6-4.s206, retrying in 1 second...
Failed to ping pod job-0-2-size-6-4.s206, retrying in 1 second...
Failed to ping pod job-0-2-size-6-4.s206, retrying in 1 second...
Failed to ping pod job-0-2-size-6-4.s206, retrying in 1 second...
Failed to ping pod job-0-2-size-6-4.s206, retrying in 1 second...
Failed to ping pod job-0-2-size-6-4.s206, retrying in 1 second...
Successfully pinged pod: job-0-2-size-6-4.s206
Successfully pinged pod: job-0-2-size-6-5.s206
DONE: 1713384857

===
Times: recorded-at: 2024-04-17 20:14:21.622165
{"end_time": "2024-04-17 20:14:21.621604", "start_time": "2024-04-17 20:14:20.980444", "batch_done_submit_time": "2024-04-17 20:08:54.482031", "submit_time": "2024-04-17 20:08:38.790770", "submit_to_completion": 342.830834, "total_time": 0.64116, "uid": "kueue-batch-0-iter-2-size-6"}
===
Output: recorded-at: 2024-04-17 20:49:06.739166
START: 1713386904
Failed to ping pod job-0-2-size-6-0.s206, retrying in 1 second...
Successfully pinged pod: job-0-2-size-6-0.s206
Failed to ping pod job-0-2-size-6-1.s206, retrying in 1 second...
Failed to ping pod job-0-2-size-6-1.s206, retrying in 1 second...
Failed to ping pod job-0-2-size-6-1.s206, retrying in 1 second...
Failed to ping pod job-0-2-size-6-1.s206, retrying in 1 second...
Failed to ping pod job-0-2-size-6-1.s206, retrying in 1 second...
Failed to ping pod job-0-2-size-6-1.s206, retrying in 1 second...
Failed to ping pod job-0-2-size-6-1.s206, retrying in 1 second...
Failed to ping pod job-0-2-size-6-1.s206, retrying in 1 second...
Failed to ping pod job-0-2-size-6-1.s206, retrying in 1 second...
Failed to ping pod job-0-2-size-6-1.s206, retrying in 1 second...
Failed to ping pod job-0-2-size-6-1.s206, retrying in 1 second...
Failed to ping pod job-0-2-size-6-1.s206, retrying in 1 second...
Failed to ping pod job-0-2-size-6-1.s206, retrying in 1 second...
Failed to ping pod job-0-2-size-6-1.s206, retrying in 1 second...
Failed to ping pod job-0-2-size-6-1.s206, retrying in 1 second...
Failed to ping pod job-0-2-size-6-1.s206, retrying in 1 second...
Failed to ping pod job-0-2-size-6-1.s206, retrying in 1 second...
Failed to ping pod job-0-2-size-6-1.s206, retrying in 1 second...
Failed to ping pod job-0-2-size-6-1.s206, retrying in 1 second...
Failed to ping pod job-0-2-size-6-1.s206, retrying in 1 second...
Failed to ping pod job-0-2-size-6-1.s206, retrying in 1 second...
Failed to ping pod job-0-2-size-6-1.s206, retrying in 1 second...
Failed to ping pod job-0-2-size-6-1.s206, retrying in 1 second...
Failed to ping pod job-0-2-size-6-1.s206, retrying in 1 second...
Failed to ping pod job-0-2-size-6-1.s206, retrying in 1 second...
Failed to ping pod job-0-2-size-6-1.s206, retrying in 1 second...
Failed to ping pod job-0-2-size-6-1.s206, retrying in 1 second...
Failed to ping pod job-0-2-size-6-1.s206, retrying in 1 second...
Failed to ping pod job-0-2-size-6-1.s206, retrying in 1 second...
Successfully pinged pod: job-0-2-size-6-1.s206
Successfully pinged pod: job-0-2-size-6-2.s206
Failed to ping pod job-0-2-size-6-3.s206, retrying in 1 second...
Failed to ping pod job-0-2-size-6-3.s206, retrying in 1 second...
Failed to ping pod job-0-2-size-6-3.s206, retrying in 1 second...
Failed to ping pod job-0-2-size-6-3.s206, retrying in 1 second...
Failed to ping pod job-0-2-size-6-3.s206, retrying in 1 second...
Failed to ping pod job-0-2-size-6-3.s206, retrying in 1 second...
Failed to ping pod job-0-2-size-6-3.s206, retrying in 1 second...
Failed to ping pod job-0-2-size-6-3.s206, retrying in 1 second...
Successfully pinged pod: job-0-2-size-6-3.s206
Successfully pinged pod: job-0-2-size-6-4.s206
Failed to ping pod job-0-2-size-6-5.s206, retrying in 1 second...
Successfully pinged pod: job-0-2-size-6-5.s206
DONE: 1713386944

===
Times: recorded-at: 2024-04-17 20:49:06.739355
{"end_time": "2024-04-17 20:49:06.739057", "start_time": "2024-04-17 20:49:06.582177", "batch_done_submit_time": "2024-04-17 20:44:11.982429", "submit_time": "2024-04-17 20:44:01.882126", "submit_to_completion": 304.856931, "total_time": 0.15688, "uid": "kueue-batch-0-iter-2-size-6"}