
===
Output: recorded-at: 2024-04-17 20:25:31.118563
START: 1713385500
Failed to ping pod job-0-8-size-6-0.s806, retrying in 1 second...
Successfully pinged pod: job-0-8-size-6-0.s806
Failed to ping pod job-0-8-size-6-1.s806, retrying in 1 second...
Successfully pinged pod: job-0-8-size-6-1.s806
Successfully pinged pod: job-0-8-size-6-2.s806
Failed to ping pod job-0-8-size-6-3.s806, retrying in 1 second...
Failed to ping pod job-0-8-size-6-3.s806, retrying in 1 second...
Failed to ping pod job-0-8-size-6-3.s806, retrying in 1 second...
Failed to ping pod job-0-8-size-6-3.s806, retrying in 1 second...
Failed to ping pod job-0-8-size-6-3.s806, retrying in 1 second...
Failed to ping pod job-0-8-size-6-3.s806, retrying in 1 second...
Failed to ping pod job-0-8-size-6-3.s806, retrying in 1 second...
Failed to ping pod job-0-8-size-6-3.s806, retrying in 1 second...
Failed to ping pod job-0-8-size-6-3.s806, retrying in 1 second...
Failed to ping pod job-0-8-size-6-3.s806, retrying in 1 second...
Failed to ping pod job-0-8-size-6-3.s806, retrying in 1 second...
Failed to ping pod job-0-8-size-6-3.s806, retrying in 1 second...
Failed to ping pod job-0-8-size-6-3.s806, retrying in 1 second...
Failed to ping pod job-0-8-size-6-3.s806, retrying in 1 second...
Failed to ping pod job-0-8-size-6-3.s806, retrying in 1 second...
Failed to ping pod job-0-8-size-6-3.s806, retrying in 1 second...
Failed to ping pod job-0-8-size-6-3.s806, retrying in 1 second...
Failed to ping pod job-0-8-size-6-3.s806, retrying in 1 second...
Failed to ping pod job-0-8-size-6-3.s806, retrying in 1 second...
Failed to ping pod job-0-8-size-6-3.s806, retrying in 1 second...
Failed to ping pod job-0-8-size-6-3.s806, retrying in 1 second...
Failed to ping pod job-0-8-size-6-3.s806, retrying in 1 second...
Failed to ping pod job-0-8-size-6-3.s806, retrying in 1 second...
Failed to ping pod job-0-8-size-6-3.s806, retrying in 1 second...
Failed to ping pod job-0-8-size-6-3.s806, retrying in 1 second...
Failed to ping pod job-0-8-size-6-3.s806, retrying in 1 second...
Successfully pinged pod: job-0-8-size-6-3.s806
Successfully pinged pod: job-0-8-size-6-4.s806
Successfully pinged pod: job-0-8-size-6-5.s806
DONE: 1713385529

===
Times: recorded-at: 2024-04-17 20:25:31.118767
{"end_time": "2024-04-17 20:25:31.118375", "start_time": "2024-04-17 20:25:30.922303", "batch_done_submit_time": "2024-04-17 20:08:54.482031", "submit_time": "2024-04-17 20:08:52.169391", "submit_to_completion": 998.948984, "total_time": 0.196072, "uid": "kueue-batch-0-iter-8-size-6"}
===
Output: recorded-at: 2024-04-17 20:58:38.205887
START: 1713387472
Failed to ping pod job-0-8-size-6-0.s806, retrying in 1 second...
Successfully pinged pod: job-0-8-size-6-0.s806
Failed to ping pod job-0-8-size-6-1.s806, retrying in 1 second...
Successfully pinged pod: job-0-8-size-6-1.s806
Successfully pinged pod: job-0-8-size-6-2.s806
Failed to ping pod job-0-8-size-6-3.s806, retrying in 1 second...
Failed to ping pod job-0-8-size-6-3.s806, retrying in 1 second...
Failed to ping pod job-0-8-size-6-3.s806, retrying in 1 second...
Failed to ping pod job-0-8-size-6-3.s806, retrying in 1 second...
Failed to ping pod job-0-8-size-6-3.s806, retrying in 1 second...
Failed to ping pod job-0-8-size-6-3.s806, retrying in 1 second...
Failed to ping pod job-0-8-size-6-3.s806, retrying in 1 second...
Failed to ping pod job-0-8-size-6-3.s806, retrying in 1 second...
Failed to ping pod job-0-8-size-6-3.s806, retrying in 1 second...
Failed to ping pod job-0-8-size-6-3.s806, retrying in 1 second...
Failed to ping pod job-0-8-size-6-3.s806, retrying in 1 second...
Failed to ping pod job-0-8-size-6-3.s806, retrying in 1 second...
Failed to ping pod job-0-8-size-6-3.s806, retrying in 1 second...
Failed to ping pod job-0-8-size-6-3.s806, retrying in 1 second...
Failed to ping pod job-0-8-size-6-3.s806, retrying in 1 second...
Failed to ping pod job-0-8-size-6-3.s806, retrying in 1 second...
Failed to ping pod job-0-8-size-6-3.s806, retrying in 1 second...
Failed to ping pod job-0-8-size-6-3.s806, retrying in 1 second...
Failed to ping pod job-0-8-size-6-3.s806, retrying in 1 second...
Failed to ping pod job-0-8-size-6-3.s806, retrying in 1 second...
Failed to ping pod job-0-8-size-6-3.s806, retrying in 1 second...
Failed to ping pod job-0-8-size-6-3.s806, retrying in 1 second...
Failed to ping pod job-0-8-size-6-3.s806, retrying in 1 second...
Failed to ping pod job-0-8-size-6-3.s806, retrying in 1 second...
Failed to ping pod job-0-8-size-6-3.s806, retrying in 1 second...
Failed to ping pod job-0-8-size-6-3.s806, retrying in 1 second...
Failed to ping pod job-0-8-size-6-3.s806, retrying in 1 second...
Failed to ping pod job-0-8-size-6-3.s806, retrying in 1 second...
Failed to ping pod job-0-8-size-6-3.s806, retrying in 1 second...
Failed to ping pod job-0-8-size-6-3.s806, retrying in 1 second...
Successfully pinged pod: job-0-8-size-6-3.s806
Successfully pinged pod: job-0-8-size-6-4.s806
Failed to ping pod job-0-8-size-6-5.s806, retrying in 1 second...
Failed to ping pod job-0-8-size-6-5.s806, retrying in 1 second...
Failed to ping pod job-0-8-size-6-5.s806, retrying in 1 second...
Failed to ping pod job-0-8-size-6-5.s806, retrying in 1 second...
Failed to ping pod job-0-8-size-6-5.s806, retrying in 1 second...
Failed to ping pod job-0-8-size-6-5.s806, retrying in 1 second...
Failed to ping pod job-0-8-size-6-5.s806, retrying in 1 second...
Failed to ping pod job-0-8-size-6-5.s806, retrying in 1 second...
Failed to ping pod job-0-8-size-6-5.s806, retrying in 1 second...
Failed to ping pod job-0-8-size-6-5.s806, retrying in 1 second...
Failed to ping pod job-0-8-size-6-5.s806, retrying in 1 second...
Successfully pinged pod: job-0-8-size-6-5.s806
DONE: 1713387516

===
Times: recorded-at: 2024-04-17 20:58:38.206101
{"end_time": "2024-04-17 20:58:38.205764", "start_time": "2024-04-17 20:58:38.095490", "batch_done_submit_time": "2024-04-17 20:44:11.982429", "submit_time": "2024-04-17 20:44:10.456582", "submit_to_completion": 867.749182, "total_time": 0.110274, "uid": "kueue-batch-0-iter-8-size-6"}