
===
Output: recorded-at: 2024-04-17 20:16:28.105787
START: 1713384946
Failed to ping pod job-0-3-size-5-0.s305, retrying in 1 second...
Successfully pinged pod: job-0-3-size-5-0.s305
Failed to ping pod job-0-3-size-5-1.s305, retrying in 1 second...
Successfully pinged pod: job-0-3-size-5-1.s305
Failed to ping pod job-0-3-size-5-2.s305, retrying in 1 second...
Successfully pinged pod: job-0-3-size-5-2.s305
Failed to ping pod job-0-3-size-5-3.s305, retrying in 1 second...
Failed to ping pod job-0-3-size-5-3.s305, retrying in 1 second...
Failed to ping pod job-0-3-size-5-3.s305, retrying in 1 second...
Failed to ping pod job-0-3-size-5-3.s305, retrying in 1 second...
Failed to ping pod job-0-3-size-5-3.s305, retrying in 1 second...
Failed to ping pod job-0-3-size-5-3.s305, retrying in 1 second...
Failed to ping pod job-0-3-size-5-3.s305, retrying in 1 second...
Failed to ping pod job-0-3-size-5-3.s305, retrying in 1 second...
Failed to ping pod job-0-3-size-5-3.s305, retrying in 1 second...
Failed to ping pod job-0-3-size-5-3.s305, retrying in 1 second...
Failed to ping pod job-0-3-size-5-3.s305, retrying in 1 second...
Failed to ping pod job-0-3-size-5-3.s305, retrying in 1 second...
Failed to ping pod job-0-3-size-5-3.s305, retrying in 1 second...
Failed to ping pod job-0-3-size-5-3.s305, retrying in 1 second...
Failed to ping pod job-0-3-size-5-3.s305, retrying in 1 second...
Failed to ping pod job-0-3-size-5-3.s305, retrying in 1 second...
Failed to ping pod job-0-3-size-5-3.s305, retrying in 1 second...
Failed to ping pod job-0-3-size-5-3.s305, retrying in 1 second...
Failed to ping pod job-0-3-size-5-3.s305, retrying in 1 second...
Failed to ping pod job-0-3-size-5-3.s305, retrying in 1 second...
Failed to ping pod job-0-3-size-5-3.s305, retrying in 1 second...
Failed to ping pod job-0-3-size-5-3.s305, retrying in 1 second...
Failed to ping pod job-0-3-size-5-3.s305, retrying in 1 second...
Failed to ping pod job-0-3-size-5-3.s305, retrying in 1 second...
Failed to ping pod job-0-3-size-5-3.s305, retrying in 1 second...
Failed to ping pod job-0-3-size-5-3.s305, retrying in 1 second...
Failed to ping pod job-0-3-size-5-3.s305, retrying in 1 second...
Failed to ping pod job-0-3-size-5-3.s305, retrying in 1 second...
Failed to ping pod job-0-3-size-5-3.s305, retrying in 1 second...
Failed to ping pod job-0-3-size-5-3.s305, retrying in 1 second...
Failed to ping pod job-0-3-size-5-3.s305, retrying in 1 second...
Failed to ping pod job-0-3-size-5-3.s305, retrying in 1 second...
Failed to ping pod job-0-3-size-5-3.s305, retrying in 1 second...
Failed to ping pod job-0-3-size-5-3.s305, retrying in 1 second...
Successfully pinged pod: job-0-3-size-5-3.s305
Successfully pinged pod: job-0-3-size-5-4.s305
DONE: 1713384985

===
Times: recorded-at: 2024-04-17 20:16:28.106058
{"end_time": "2024-04-17 20:16:28.105521", "start_time": "2024-04-17 20:16:27.505755", "batch_done_submit_time": "2024-04-17 20:08:54.482031", "submit_time": "2024-04-17 20:08:40.922597", "submit_to_completion": 467.182924, "total_time": 0.599766, "uid": "kueue-batch-0-iter-3-size-5"}
===
Output: recorded-at: 2024-04-17 20:49:51.377038
START: 1713386987
Failed to ping pod job-0-3-size-5-0.s305, retrying in 1 second...
Successfully pinged pod: job-0-3-size-5-0.s305
Successfully pinged pod: job-0-3-size-5-1.s305
Successfully pinged pod: job-0-3-size-5-2.s305
Successfully pinged pod: job-0-3-size-5-3.s305
Failed to ping pod job-0-3-size-5-4.s305, retrying in 1 second...
Successfully pinged pod: job-0-3-size-5-4.s305
DONE: 1713386989

===
Times: recorded-at: 2024-04-17 20:49:51.377323
{"end_time": "2024-04-17 20:49:51.376846", "start_time": "2024-04-17 20:49:51.061505", "batch_done_submit_time": "2024-04-17 20:44:11.982429", "submit_time": "2024-04-17 20:44:03.035160", "submit_to_completion": 348.341686, "total_time": 0.315341, "uid": "kueue-batch-0-iter-3-size-5"}