
===
Output: recorded-at: 2024-04-17 20:24:14.518495
START: 1713385410
Failed to ping pod job-0-7-size-5-0.s705, retrying in 1 second...
Successfully pinged pod: job-0-7-size-5-0.s705
Failed to ping pod job-0-7-size-5-1.s705, retrying in 1 second...
Failed to ping pod job-0-7-size-5-1.s705, retrying in 1 second...
Successfully pinged pod: job-0-7-size-5-1.s705
Successfully pinged pod: job-0-7-size-5-2.s705
Failed to ping pod job-0-7-size-5-3.s705, retrying in 1 second...
Failed to ping pod job-0-7-size-5-3.s705, retrying in 1 second...
Failed to ping pod job-0-7-size-5-3.s705, retrying in 1 second...
Failed to ping pod job-0-7-size-5-3.s705, retrying in 1 second...
Failed to ping pod job-0-7-size-5-3.s705, retrying in 1 second...
Failed to ping pod job-0-7-size-5-3.s705, retrying in 1 second...
Failed to ping pod job-0-7-size-5-3.s705, retrying in 1 second...
Failed to ping pod job-0-7-size-5-3.s705, retrying in 1 second...
Failed to ping pod job-0-7-size-5-3.s705, retrying in 1 second...
Failed to ping pod job-0-7-size-5-3.s705, retrying in 1 second...
Failed to ping pod job-0-7-size-5-3.s705, retrying in 1 second...
Failed to ping pod job-0-7-size-5-3.s705, retrying in 1 second...
Failed to ping pod job-0-7-size-5-3.s705, retrying in 1 second...
Failed to ping pod job-0-7-size-5-3.s705, retrying in 1 second...
Failed to ping pod job-0-7-size-5-3.s705, retrying in 1 second...
Failed to ping pod job-0-7-size-5-3.s705, retrying in 1 second...
Failed to ping pod job-0-7-size-5-3.s705, retrying in 1 second...
Failed to ping pod job-0-7-size-5-3.s705, retrying in 1 second...
Failed to ping pod job-0-7-size-5-3.s705, retrying in 1 second...
Failed to ping pod job-0-7-size-5-3.s705, retrying in 1 second...
Failed to ping pod job-0-7-size-5-3.s705, retrying in 1 second...
Failed to ping pod job-0-7-size-5-3.s705, retrying in 1 second...
Failed to ping pod job-0-7-size-5-3.s705, retrying in 1 second...
Failed to ping pod job-0-7-size-5-3.s705, retrying in 1 second...
Failed to ping pod job-0-7-size-5-3.s705, retrying in 1 second...
Failed to ping pod job-0-7-size-5-3.s705, retrying in 1 second...
Failed to ping pod job-0-7-size-5-3.s705, retrying in 1 second...
Failed to ping pod job-0-7-size-5-3.s705, retrying in 1 second...
Failed to ping pod job-0-7-size-5-3.s705, retrying in 1 second...
Successfully pinged pod: job-0-7-size-5-3.s705
Failed to ping pod job-0-7-size-5-4.s705, retrying in 1 second...
Failed to ping pod job-0-7-size-5-4.s705, retrying in 1 second...
Failed to ping pod job-0-7-size-5-4.s705, retrying in 1 second...
Failed to ping pod job-0-7-size-5-4.s705, retrying in 1 second...
Failed to ping pod job-0-7-size-5-4.s705, retrying in 1 second...
Failed to ping pod job-0-7-size-5-4.s705, retrying in 1 second...
Failed to ping pod job-0-7-size-5-4.s705, retrying in 1 second...
Failed to ping pod job-0-7-size-5-4.s705, retrying in 1 second...
Failed to ping pod job-0-7-size-5-4.s705, retrying in 1 second...
Failed to ping pod job-0-7-size-5-4.s705, retrying in 1 second...
Successfully pinged pod: job-0-7-size-5-4.s705
DONE: 1713385452

===
Times: recorded-at: 2024-04-17 20:24:14.518676
{"end_time": "2024-04-17 20:24:14.518324", "start_time": "2024-04-17 20:24:14.106149", "batch_done_submit_time": "2024-04-17 20:08:54.482031", "submit_time": "2024-04-17 20:08:49.713955", "submit_to_completion": 924.804369, "total_time": 0.412175, "uid": "kueue-batch-0-iter-7-size-5"}
===
Output: recorded-at: 2024-04-17 20:57:53.305668
START: 1713387463
Failed to ping pod job-0-7-size-5-0.s705, retrying in 1 second...
Successfully pinged pod: job-0-7-size-5-0.s705
Failed to ping pod job-0-7-size-5-1.s705, retrying in 1 second...
Failed to ping pod job-0-7-size-5-1.s705, retrying in 1 second...
Failed to ping pod job-0-7-size-5-1.s705, retrying in 1 second...
Failed to ping pod job-0-7-size-5-1.s705, retrying in 1 second...
Failed to ping pod job-0-7-size-5-1.s705, retrying in 1 second...
Failed to ping pod job-0-7-size-5-1.s705, retrying in 1 second...
Failed to ping pod job-0-7-size-5-1.s705, retrying in 1 second...
Successfully pinged pod: job-0-7-size-5-1.s705
Successfully pinged pod: job-0-7-size-5-2.s705
Successfully pinged pod: job-0-7-size-5-3.s705
Successfully pinged pod: job-0-7-size-5-4.s705
DONE: 1713387471

===
Times: recorded-at: 2024-04-17 20:57:53.305767
{"end_time": "2024-04-17 20:57:53.305580", "start_time": "2024-04-17 20:57:53.187275", "batch_done_submit_time": "2024-04-17 20:44:11.982429", "submit_time": "2024-04-17 20:44:08.853279", "submit_to_completion": 824.452301, "total_time": 0.118305, "uid": "kueue-batch-0-iter-7-size-5"}