
===
Output: recorded-at: 2024-04-18 07:05:48.942592
START: 1713423915
Failed to ping pod job-0-3-size-4-0.s304, retrying in 1 second...
Successfully pinged pod: job-0-3-size-4-0.s304
Failed to ping pod job-0-3-size-4-1.s304, retrying in 1 second...
Failed to ping pod job-0-3-size-4-1.s304, retrying in 1 second...
Failed to ping pod job-0-3-size-4-1.s304, retrying in 1 second...
Failed to ping pod job-0-3-size-4-1.s304, retrying in 1 second...
Failed to ping pod job-0-3-size-4-1.s304, retrying in 1 second...
Failed to ping pod job-0-3-size-4-1.s304, retrying in 1 second...
Failed to ping pod job-0-3-size-4-1.s304, retrying in 1 second...
Failed to ping pod job-0-3-size-4-1.s304, retrying in 1 second...
Failed to ping pod job-0-3-size-4-1.s304, retrying in 1 second...
Failed to ping pod job-0-3-size-4-1.s304, retrying in 1 second...
Failed to ping pod job-0-3-size-4-1.s304, retrying in 1 second...
Failed to ping pod job-0-3-size-4-1.s304, retrying in 1 second...
Failed to ping pod job-0-3-size-4-1.s304, retrying in 1 second...
Failed to ping pod job-0-3-size-4-1.s304, retrying in 1 second...
Failed to ping pod job-0-3-size-4-1.s304, retrying in 1 second...
Failed to ping pod job-0-3-size-4-1.s304, retrying in 1 second...
Failed to ping pod job-0-3-size-4-1.s304, retrying in 1 second...
Failed to ping pod job-0-3-size-4-1.s304, retrying in 1 second...
Failed to ping pod job-0-3-size-4-1.s304, retrying in 1 second...
Failed to ping pod job-0-3-size-4-1.s304, retrying in 1 second...
Failed to ping pod job-0-3-size-4-1.s304, retrying in 1 second...
Failed to ping pod job-0-3-size-4-1.s304, retrying in 1 second...
Failed to ping pod job-0-3-size-4-1.s304, retrying in 1 second...
Failed to ping pod job-0-3-size-4-1.s304, retrying in 1 second...
Failed to ping pod job-0-3-size-4-1.s304, retrying in 1 second...
Failed to ping pod job-0-3-size-4-1.s304, retrying in 1 second...
Failed to ping pod job-0-3-size-4-1.s304, retrying in 1 second...
Failed to ping pod job-0-3-size-4-1.s304, retrying in 1 second...
Failed to ping pod job-0-3-size-4-1.s304, retrying in 1 second...
Successfully pinged pod: job-0-3-size-4-1.s304
Successfully pinged pod: job-0-3-size-4-2.s304
Failed to ping pod job-0-3-size-4-3.s304, retrying in 1 second...
Successfully pinged pod: job-0-3-size-4-3.s304
DONE: 1713423946

===
Times: recorded-at: 2024-04-18 07:05:48.942781
{"end_time": "2024-04-18 07:05:48.942367", "start_time": "2024-04-18 07:05:48.822077", "batch_done_submit_time": "2024-04-18 06:59:54.889220", "submit_time": "2024-04-18 06:59:45.288177", "submit_to_completion": 363.65419, "total_time": 0.12029, "uid": "kueue-batch-0-iter-3-size-4"}