
===
Output: recorded-at: 2024-04-18 07:16:25.793904
START: 1713424547
Failed to ping pod job-0-9-size-6-0.s906, retrying in 1 second...
Successfully pinged pod: job-0-9-size-6-0.s906
Failed to ping pod job-0-9-size-6-1.s906, retrying in 1 second...
Failed to ping pod job-0-9-size-6-1.s906, retrying in 1 second...
Failed to ping pod job-0-9-size-6-1.s906, retrying in 1 second...
Failed to ping pod job-0-9-size-6-1.s906, retrying in 1 second...
Failed to ping pod job-0-9-size-6-1.s906, retrying in 1 second...
Failed to ping pod job-0-9-size-6-1.s906, retrying in 1 second...
Failed to ping pod job-0-9-size-6-1.s906, retrying in 1 second...
Failed to ping pod job-0-9-size-6-1.s906, retrying in 1 second...
Failed to ping pod job-0-9-size-6-1.s906, retrying in 1 second...
Failed to ping pod job-0-9-size-6-1.s906, retrying in 1 second...
Failed to ping pod job-0-9-size-6-1.s906, retrying in 1 second...
Failed to ping pod job-0-9-size-6-1.s906, retrying in 1 second...
Failed to ping pod job-0-9-size-6-1.s906, retrying in 1 second...
Failed to ping pod job-0-9-size-6-1.s906, retrying in 1 second...
Failed to ping pod job-0-9-size-6-1.s906, retrying in 1 second...
Failed to ping pod job-0-9-size-6-1.s906, retrying in 1 second...
Failed to ping pod job-0-9-size-6-1.s906, retrying in 1 second...
Failed to ping pod job-0-9-size-6-1.s906, retrying in 1 second...
Failed to ping pod job-0-9-size-6-1.s906, retrying in 1 second...
Failed to ping pod job-0-9-size-6-1.s906, retrying in 1 second...
Failed to ping pod job-0-9-size-6-1.s906, retrying in 1 second...
Failed to ping pod job-0-9-size-6-1.s906, retrying in 1 second...
Failed to ping pod job-0-9-size-6-1.s906, retrying in 1 second...
Failed to ping pod job-0-9-size-6-1.s906, retrying in 1 second...
Failed to ping pod job-0-9-size-6-1.s906, retrying in 1 second...
Failed to ping pod job-0-9-size-6-1.s906, retrying in 1 second...
Failed to ping pod job-0-9-size-6-1.s906, retrying in 1 second...
Failed to ping pod job-0-9-size-6-1.s906, retrying in 1 second...
Failed to ping pod job-0-9-size-6-1.s906, retrying in 1 second...
Failed to ping pod job-0-9-size-6-1.s906, retrying in 1 second...
Failed to ping pod job-0-9-size-6-1.s906, retrying in 1 second...
Failed to ping pod job-0-9-size-6-1.s906, retrying in 1 second...
Failed to ping pod job-0-9-size-6-1.s906, retrying in 1 second...
Failed to ping pod job-0-9-size-6-1.s906, retrying in 1 second...
Failed to ping pod job-0-9-size-6-1.s906, retrying in 1 second...
Successfully pinged pod: job-0-9-size-6-1.s906
Successfully pinged pod: job-0-9-size-6-2.s906
Successfully pinged pod: job-0-9-size-6-3.s906
Successfully pinged pod: job-0-9-size-6-4.s906
Successfully pinged pod: job-0-9-size-6-5.s906
DONE: 1713424583

===
Times: recorded-at: 2024-04-18 07:16:25.794109
{"end_time": "2024-04-18 07:16:25.793699", "start_time": "2024-04-18 07:16:25.705175", "batch_done_submit_time": "2024-04-18 06:59:54.889220", "submit_time": "2024-04-18 06:59:54.623098", "submit_to_completion": 991.170601, "total_time": 0.088524, "uid": "kueue-batch-0-iter-9-size-6"}