
===
Output: recorded-at: 2024-04-18 07:12:08.037349
START: 1713424294
Failed to ping pod job-0-7-size-4-0.s704, retrying in 1 second...
Successfully pinged pod: job-0-7-size-4-0.s704
Failed to ping pod job-0-7-size-4-1.s704, retrying in 1 second...
Failed to ping pod job-0-7-size-4-1.s704, retrying in 1 second...
Failed to ping pod job-0-7-size-4-1.s704, retrying in 1 second...
Failed to ping pod job-0-7-size-4-1.s704, retrying in 1 second...
Failed to ping pod job-0-7-size-4-1.s704, retrying in 1 second...
Failed to ping pod job-0-7-size-4-1.s704, retrying in 1 second...
Failed to ping pod job-0-7-size-4-1.s704, retrying in 1 second...
Failed to ping pod job-0-7-size-4-1.s704, retrying in 1 second...
Failed to ping pod job-0-7-size-4-1.s704, retrying in 1 second...
Failed to ping pod job-0-7-size-4-1.s704, retrying in 1 second...
Failed to ping pod job-0-7-size-4-1.s704, retrying in 1 second...
Failed to ping pod job-0-7-size-4-1.s704, retrying in 1 second...
Failed to ping pod job-0-7-size-4-1.s704, retrying in 1 second...
Failed to ping pod job-0-7-size-4-1.s704, retrying in 1 second...
Failed to ping pod job-0-7-size-4-1.s704, retrying in 1 second...
Failed to ping pod job-0-7-size-4-1.s704, retrying in 1 second...
Failed to ping pod job-0-7-size-4-1.s704, retrying in 1 second...
Failed to ping pod job-0-7-size-4-1.s704, retrying in 1 second...
Failed to ping pod job-0-7-size-4-1.s704, retrying in 1 second...
Failed to ping pod job-0-7-size-4-1.s704, retrying in 1 second...
Failed to ping pod job-0-7-size-4-1.s704, retrying in 1 second...
Failed to ping pod job-0-7-size-4-1.s704, retrying in 1 second...
Failed to ping pod job-0-7-size-4-1.s704, retrying in 1 second...
Failed to ping pod job-0-7-size-4-1.s704, retrying in 1 second...
Failed to ping pod job-0-7-size-4-1.s704, retrying in 1 second...
Failed to ping pod job-0-7-size-4-1.s704, retrying in 1 second...
Failed to ping pod job-0-7-size-4-1.s704, retrying in 1 second...
Failed to ping pod job-0-7-size-4-1.s704, retrying in 1 second...
Failed to ping pod job-0-7-size-4-1.s704, retrying in 1 second...
Failed to ping pod job-0-7-size-4-1.s704, retrying in 1 second...
Failed to ping pod job-0-7-size-4-1.s704, retrying in 1 second...
Successfully pinged pod: job-0-7-size-4-1.s704
Successfully pinged pod: job-0-7-size-4-2.s704
Successfully pinged pod: job-0-7-size-4-3.s704
DONE: 1713424326

===
Times: recorded-at: 2024-04-18 07:12:08.037512
{"end_time": "2024-04-18 07:12:08.037199", "start_time": "2024-04-18 07:12:07.942668", "batch_done_submit_time": "2024-04-18 06:59:54.889220", "submit_time": "2024-04-18 06:59:51.136917", "submit_to_completion": 736.900282, "total_time": 0.094531, "uid": "kueue-batch-0-iter-7-size-4"}