
===
Output: recorded-at: 2024-04-18 07:04:31.070672
START: 1713423835
Failed to ping pod job-0-2-size-4-0.s204, retrying in 1 second...
Successfully pinged pod: job-0-2-size-4-0.s204
Failed to ping pod job-0-2-size-4-1.s204, retrying in 1 second...
Failed to ping pod job-0-2-size-4-1.s204, retrying in 1 second...
Successfully pinged pod: job-0-2-size-4-1.s204
Successfully pinged pod: job-0-2-size-4-2.s204
Failed to ping pod job-0-2-size-4-3.s204, retrying in 1 second...
Failed to ping pod job-0-2-size-4-3.s204, retrying in 1 second...
Failed to ping pod job-0-2-size-4-3.s204, retrying in 1 second...
Failed to ping pod job-0-2-size-4-3.s204, retrying in 1 second...
Failed to ping pod job-0-2-size-4-3.s204, retrying in 1 second...
Failed to ping pod job-0-2-size-4-3.s204, retrying in 1 second...
Failed to ping pod job-0-2-size-4-3.s204, retrying in 1 second...
Failed to ping pod job-0-2-size-4-3.s204, retrying in 1 second...
Failed to ping pod job-0-2-size-4-3.s204, retrying in 1 second...
Failed to ping pod job-0-2-size-4-3.s204, retrying in 1 second...
Failed to ping pod job-0-2-size-4-3.s204, retrying in 1 second...
Failed to ping pod job-0-2-size-4-3.s204, retrying in 1 second...
Failed to ping pod job-0-2-size-4-3.s204, retrying in 1 second...
Failed to ping pod job-0-2-size-4-3.s204, retrying in 1 second...
Failed to ping pod job-0-2-size-4-3.s204, retrying in 1 second...
Failed to ping pod job-0-2-size-4-3.s204, retrying in 1 second...
Failed to ping pod job-0-2-size-4-3.s204, retrying in 1 second...
Failed to ping pod job-0-2-size-4-3.s204, retrying in 1 second...
Failed to ping pod job-0-2-size-4-3.s204, retrying in 1 second...
Failed to ping pod job-0-2-size-4-3.s204, retrying in 1 second...
Failed to ping pod job-0-2-size-4-3.s204, retrying in 1 second...
Failed to ping pod job-0-2-size-4-3.s204, retrying in 1 second...
Failed to ping pod job-0-2-size-4-3.s204, retrying in 1 second...
Failed to ping pod job-0-2-size-4-3.s204, retrying in 1 second...
Failed to ping pod job-0-2-size-4-3.s204, retrying in 1 second...
Failed to ping pod job-0-2-size-4-3.s204, retrying in 1 second...
Failed to ping pod job-0-2-size-4-3.s204, retrying in 1 second...
Failed to ping pod job-0-2-size-4-3.s204, retrying in 1 second...
Failed to ping pod job-0-2-size-4-3.s204, retrying in 1 second...
Failed to ping pod job-0-2-size-4-3.s204, retrying in 1 second...
Successfully pinged pod: job-0-2-size-4-3.s204
DONE: 1713423868

===
Times: recorded-at: 2024-04-18 07:04:31.070808
{"end_time": "2024-04-18 07:04:31.070539", "start_time": "2024-04-18 07:04:30.775562", "batch_done_submit_time": "2024-04-18 06:59:54.889220", "submit_time": "2024-04-18 06:59:43.819741", "submit_to_completion": 287.250798, "total_time": 0.294977, "uid": "kueue-batch-0-iter-2-size-4"}