2023-05-18T00:25:38.616569387Z
2023-05-18T00:25:38.617424539Z Flux username: flux
2023-05-18T00:25:38.617438281Z
2023-05-18T00:25:38.617444583Z Flux install root: /usr
2023-05-18T00:25:38.678659404Z flux user is already added.
2023-05-18T00:25:38.683013793Z flux user identifiers:
2023-05-18T00:25:38.683072663Z uid=1234(flux) gid=1234(flux) groups=1234(flux)
2023-05-18T00:25:38.683081033Z
2023-05-18T00:25:38.683185518Z As Flux prefix for flux commands: sudo -u flux -E PYTHONPATH=/opt/conda/lib/python3.10/site-packages -E PATH=/opt/conda/bin:/usr/local/sbin:/usr/local/bin:/usr/sbin:/usr/bin:/sbin:/bin -E LD_LIBRARY_PATH=/opt/conda/lib -E HOME=/home/flux
2023-05-18T00:25:38.693727681Z
2023-05-18T00:25:38.693797290Z ðŸ‘‹ Hello, I'm flux-sample-3
2023-05-18T00:25:38.693929460Z The main host is flux-sample-0
2023-05-18T00:25:38.693941834Z The working directory is /home/flux/examples/reaxff/HNS, contents include:
2023-05-18T00:25:38.696884504Z /home/flux/examples/reaxff/HNS:
2023-05-18T00:25:38.697081791Z README.txt	ffield.reax.hns  log.8Mar18.reaxc.hns.g++.1
2023-05-18T00:25:38.697097573Z data.hns-equil	in.reaxc.hns	 log.8Mar18.reaxc.hns.g++.4
2023-05-18T00:25:38.698008776Z End of file listing, if you see nothing above there are no files.
2023-05-18T00:25:38.700570414Z flux R encode --hosts=flux-sample-[0-3]
2023-05-18T00:25:38.716674230Z
2023-05-18T00:25:38.716728335Z ðŸ“¦ Resources
2023-05-18T00:25:38.718630420Z {"version": 1, "execution": {"R_lite": [{"rank": "0-3", "children": {"core": "0"}}], "starttime": 0.0, "expiration": 0.0, "nodelist": ["flux-sample-[0-3]"]}}
2023-05-18T00:25:38.718848513Z
2023-05-18T00:25:38.718866073Z ðŸ¸ Diagnostics: false
2023-05-18T00:25:38.719105608Z ðŸš©ï¸ Flux Option Flags defined
2023-05-18T00:25:38.725597233Z
2023-05-18T00:25:38.725645020Z ðŸ¦Š Independent Minister of Privilege
2023-05-18T00:25:38.727576725Z [exec]
2023-05-18T00:25:38.727608065Z allowed-users = [ "flux", "root" ]
2023-05-18T00:25:38.727618424Z allowed-shells = [ "/usr/libexec/flux/flux-shell" ]
2023-05-18T00:25:38.727790232Z
2023-05-18T00:25:38.727804662Z ðŸ¸ Broker Configuration
2023-05-18T00:25:38.729558477Z # Flux needs to know the path to the IMP executable
2023-05-18T00:25:38.729582060Z [exec]
2023-05-18T00:25:38.729590763Z imp = "/usr/libexec/flux/flux-imp"
2023-05-18T00:25:38.729598304Z
2023-05-18T00:25:38.729604996Z [access]
2023-05-18T00:25:38.729610792Z allow-guest-user = true
2023-05-18T00:25:38.729616198Z allow-root-owner = true
2023-05-18T00:25:38.729620812Z
2023-05-18T00:25:38.729625717Z # Point to resource definition generated with flux-R(1).
2023-05-18T00:25:38.729631067Z [resource]
2023-05-18T00:25:38.729636798Z path = "/etc/flux/system/R"
2023-05-18T00:25:38.729644223Z
2023-05-18T00:25:38.729651296Z [bootstrap]
2023-05-18T00:25:38.729656965Z curve_cert = "/etc/curve/curve.cert"
2023-05-18T00:25:38.729663170Z default_port = 8050
2023-05-18T00:25:38.729668750Z default_bind = "tcp://eth0:%p"
2023-05-18T00:25:38.729675080Z default_connect = "tcp://%h.flux-service.flux-operator.svc.cluster.local:%p"
2023-05-18T00:25:38.729680250Z hosts = [
2023-05-18T00:25:38.729685659Z 	{ host="flux-sample-[0-3]"},
2023-05-18T00:25:38.729693545Z ]
2023-05-18T00:25:38.729700169Z
2023-05-18T00:25:38.729705911Z [archive]
2023-05-18T00:25:38.729711681Z dbpath = "/var/lib/flux/job-archive.sqlite"
2023-05-18T00:25:38.729716799Z period = "1m"
2023-05-18T00:25:38.823541336Z busytimeout = "50s"
2023-05-18T00:25:38.823612953Z ðŸ§Šï¸ State Directory:
2023-05-18T00:25:38.823621406Z total 0
2023-05-18T00:25:38.823626815Z
2023-05-18T00:25:38.826919261Z
2023-05-18T00:25:38.826966976Z ðŸ”’ï¸ Working directory permissions:
2023-05-18T00:25:38.826975539Z total 96
2023-05-18T00:25:38.826982106Z -rwxrwxrwx 1 flux root  2517 May 17 22:32 README.txt
2023-05-18T00:25:38.826987425Z -rwxrwxrwx 1 flux root 54692 May 17 22:32 data.hns-equil
2023-05-18T00:25:38.826992828Z -rwxrwxrwx 1 flux root 13576 May 17 22:32 ffield.reax.hns
2023-05-18T00:25:38.826998117Z -rwxrwxrwx 1 flux root   870 May 17 22:32 in.reaxc.hns
2023-05-18T00:25:38.827004060Z -rwxrwxrwx 1 flux root  4172 May 17 22:32 log.8Mar18.reaxc.hns.g++.1
2023-05-18T00:25:38.827010204Z -rwxrwxrwx 1 flux root  4168 May 17 22:32 log.8Mar18.reaxc.hns.g++.4
2023-05-18T00:25:38.827017425Z
2023-05-18T00:25:38.827137256Z
2023-05-18T00:25:38.827150663Z âœ¨ Curve certificate generated by helper pod
2023-05-18T00:25:38.829077659Z #   ****  Generated on 2023-04-26 22:54:42 by CZMQ  ****
2023-05-18T00:25:38.829111232Z #   ZeroMQ CURVE **Secret** Certificate
2023-05-18T00:25:38.829119363Z #   DO NOT PROVIDE THIS FILE TO OTHER USERS nor change its permissions.
2023-05-18T00:25:38.829124812Z
2023-05-18T00:25:38.829130048Z metadata
2023-05-18T00:25:38.829139008Z     name = "flux-cert-generator"
2023-05-18T00:25:38.829146273Z     keygen.hostname = "flux-sample-0"
2023-05-18T00:25:38.829151896Z curve
2023-05-18T00:25:38.829157746Z     public-key = "^YWH+}$5Azv}sqyMH%v7I>?w{gxXaMquyan{L)M7"
2023-05-18T00:25:38.829163137Z     secret-key = "vlcW!KPSf=/gMq=0OFbdAR.WoX*@[IYB^o9Ah0oo"
2023-05-18T00:25:38.832156539Z
2023-05-18T00:25:38.832214784Z ðŸŒ€  flux start --wrap=strace,-e,network,-tt -o --config /etc/flux/config -Scron.directory=/etc/flux/system/cron.d   -Stbon.fanout=256   -Srundir=/run/flux    -Sstatedir=/var/lib/flux   -Slocal-uri=local:///run/flux/local   -Stbon.zmqdebug=1  -Slog-stderr-level=6    -Slog-stderr-mode=local
2023-05-18T00:25:38.880663162Z 00:25:38.880351 socket(AF_NETLINK, SOCK_RAW, NETLINK_ROUTE) = 8
2023-05-18T00:25:38.880974646Z 00:25:38.880675 bind(8, {sa_family=AF_NETLINK, nl_pid=0, nl_groups=00000000}, 12) = 0
2023-05-18T00:25:38.881802837Z 00:25:38.881521 getsockname(8, {sa_family=AF_NETLINK, nl_pid=70, nl_groups=00000000}, [12]) = 0
2023-05-18T00:25:38.882864200Z 00:25:38.881739 sendto(8, {{len=20, type=RTM_GETADDR, flags=NLM_F_REQUEST|NLM_F_DUMP, seq=1684369538, pid=0}, {ifa_family=AF_UNSPEC, ...}}, 20, 0, {sa_family=AF_NETLINK, nl_pid=0, nl_groups=00000000}, 12) = 20
2023-05-18T00:25:38.883042465Z 00:25:38.882400 recvmsg(8, {msg_name={sa_family=AF_NETLINK, nl_pid=0, nl_groups=00000000}, msg_namelen=12, msg_iov=[{iov_base=[{{len=76, type=RTM_NEWADDR, flags=NLM_F_MULTI, seq=1684369538, pid=70}, {ifa_family=AF_INET, ifa_prefixlen=8, ifa_flags=IFA_F_PERMANENT, ifa_scope=RT_SCOPE_HOST, ifa_index=if_nametoindex("lo")}, [{{nla_len=8, nla_type=IFA_ADDRESS}, 127.0.0.1}, {{nla_len=8, nla_type=IFA_LOCAL}, 127.0.0.1}, {{nla_len=7, nla_type=IFA_LABEL}, "lo"}, {{nla_len=8, nla_type=IFA_FLAGS}, IFA_F_PERMANENT}, {{nla_len=20, nla_type=IFA_CACHEINFO}, {ifa_prefered=4294967295, ifa_valid=4294967295, cstamp=884373, tstamp=884373}}]}, {{len=88, type=RTM_NEWADDR, flags=NLM_F_MULTI, seq=1684369538, pid=70}, {ifa_family=AF_INET, ifa_prefixlen=24, ifa_flags=IFA_F_PERMANENT, ifa_scope=RT_SCOPE_UNIVERSE, ifa_index=if_nametoindex("eth0")}, [{{nla_len=8, nla_type=IFA_ADDRESS}, 10.24.0.221}, {{nla_len=8, nla_type=IFA_LOCAL}, 10.24.0.221}, {{nla_len=8, nla_type=IFA_BROADCAST}, 10.24.0.255}, {{nla_len=9, nla_type=IFA_LABEL}, "eth0"}, {{nla_len=8, nla_type=IFA_FLAGS}, IFA_F_PERMANENT}, {{nla_len=20, nla_type=IFA_CACHEINFO}, {ifa_prefered=4294967295, ifa_valid=4294967295, cstamp=884375, tstamp=884375}}]}], iov_len=4096}], msg_iovlen=1, msg_controllen=0, msg_flags=0}, 0) = 164
2023-05-18T00:25:38.883830593Z 00:25:38.882832 recvmsg(8, {msg_name={sa_family=AF_NETLINK, nl_pid=0, nl_groups=00000000}, msg_namelen=12, msg_iov=[{iov_base={{len=20, type=NLMSG_DONE, flags=NLM_F_MULTI, seq=1684369538, pid=70}, 0}, iov_len=4096}], msg_iovlen=1, msg_controllen=0, msg_flags=0}, 0) = 20
2023-05-18T00:25:38.884745525Z 00:25:38.884595 socket(AF_UNIX, SOCK_STREAM|SOCK_CLOEXEC|SOCK_NONBLOCK, 0) = 8
2023-05-18T00:25:38.884905783Z 00:25:38.884716 connect(8, {sa_family=AF_UNIX, sun_path="/var/run/nscd/socket"}, 110) = -1 ENOENT (No such file or directory)
2023-05-18T00:25:38.885095247Z 00:25:38.884944 socket(AF_UNIX, SOCK_STREAM|SOCK_CLOEXEC|SOCK_NONBLOCK, 0) = 8
2023-05-18T00:25:38.885196720Z 00:25:38.885054 connect(8, {sa_family=AF_UNIX, sun_path="/var/run/nscd/socket"}, 110) = -1 ENOENT (No such file or directory)
2023-05-18T00:25:38.887538281Z 00:25:38.887216 socket(AF_INET, SOCK_DGRAM|SOCK_CLOEXEC|SOCK_NONBLOCK, IPPROTO_IP) = 8
2023-05-18T00:25:38.887568390Z 00:25:38.887336 connect(8, {sa_family=AF_INET, sin_port=htons(53), sin_addr=inet_addr("10.28.0.10")}, 16) = 0
2023-05-18T00:25:38.887748318Z 00:25:38.887480 sendto(8, ".k\1\0\0\1\0\0\0\0\0\0\rflux-sample-0\fflux-"..., 76, MSG_NOSIGNAL, NULL, 0) = 76
2023-05-18T00:25:38.888767301Z 00:25:38.888570 recvfrom(8, ".k\201\203\0\1\0\0\0\1\0\0\rflux-sample-0\fflux-"..., 1024, 0, {sa_family=AF_INET, sin_port=htons(53), sin_addr=inet_addr("10.28.0.10")}, [28->16]) = 169
2023-05-18T00:25:38.888967203Z 00:25:38.888861 socket(AF_INET, SOCK_DGRAM|SOCK_CLOEXEC|SOCK_NONBLOCK, IPPROTO_IP) = 8
2023-05-18T00:25:38.889049286Z 00:25:38.888948 connect(8, {sa_family=AF_INET, sin_port=htons(53), sin_addr=inet_addr("10.28.0.10")}, 16) = 0
2023-05-18T00:25:38.889254556Z 00:25:38.889061 sendto(8, "\3668\1\0\0\1\0\0\0\0\0\0\rflux-sample-0\fflux-"..., 108, MSG_NOSIGNAL, NULL, 0) = 108
2023-05-18T00:25:38.891557158Z 00:25:38.891211 recvfrom(8, "\3668\201\203\0\1\0\0\0\1\0\0\rflux-sample-0\fflux-"..., 1024, 0, {sa_family=AF_INET, sin_port=htons(53), sin_addr=inet_addr("10.28.0.10")}, [28->16]) = 201
2023-05-18T00:25:38.891818947Z 00:25:38.891612 socket(AF_INET, SOCK_DGRAM|SOCK_CLOEXEC|SOCK_NONBLOCK, IPPROTO_IP) = 8
2023-05-18T00:25:38.891971542Z 00:25:38.891837 connect(8, {sa_family=AF_INET, sin_port=htons(53), sin_addr=inet_addr("10.28.0.10")}, 16) = 0
2023-05-18T00:25:38.892423195Z 00:25:38.892078 sendto(8, "\265\312\1\0\0\1\0\0\0\0\0\0\rflux-sample-0\fflux-"..., 94, MSG_NOSIGNAL, NULL, 0) = 94
2023-05-18T00:25:38.893520543Z 00:25:38.893248 recvfrom(8, "\265\312\201\203\0\1\0\0\0\1\0\0\rflux-sample-0\fflux-"..., 1024, 0, {sa_family=AF_INET, sin_port=htons(53), sin_addr=inet_addr("10.28.0.10")}, [28->16]) = 187
2023-05-18T00:25:38.893877619Z 00:25:38.893636 socket(AF_INET, SOCK_DGRAM|SOCK_CLOEXEC|SOCK_NONBLOCK, IPPROTO_IP) = 8
2023-05-18T00:25:38.894200680Z 00:25:38.893934 connect(8, {sa_family=AF_INET, sin_port=htons(53), sin_addr=inet_addr("10.28.0.10")}, 16) = 0
2023-05-18T00:25:38.894660701Z 00:25:38.894323 sendto(8, "\336\343\1\0\0\1\0\0\0\0\0\0\rflux-sample-0\fflux-"..., 90, MSG_NOSIGNAL, NULL, 0) = 90
2023-05-18T00:25:38.895394160Z 00:25:38.895161 recvfrom(8, "\336\343\201\203\0\1\0\0\0\1\0\0\rflux-sample-0\fflux-"..., 1024, 0, {sa_family=AF_INET, sin_port=htons(53), sin_addr=inet_addr("10.28.0.10")}, [28->16]) = 183
2023-05-18T00:25:38.895476066Z 00:25:38.895382 socket(AF_INET, SOCK_DGRAM|SOCK_CLOEXEC|SOCK_NONBLOCK, IPPROTO_IP) = 8
2023-05-18T00:25:38.895577842Z 00:25:38.895460 connect(8, {sa_family=AF_INET, sin_port=htons(53), sin_addr=inet_addr("10.28.0.10")}, 16) = 0
2023-05-18T00:25:38.895790717Z 00:25:38.895567 sendto(8, "|#\1\0\0\1\0\0\0\0\0\0\rflux-sample-0\fflux-"..., 111, MSG_NOSIGNAL, NULL, 0) = 111
2023-05-18T00:25:38.900243659Z 00:25:38.899913 recvfrom(8, "|#\201\203\0\1\0\0\0\1\0\0\rflux-sample-0\fflux-"..., 1024, 0, {sa_family=AF_INET, sin_port=htons(53), sin_addr=inet_addr("10.28.0.10")}, [28->16]) = 205
2023-05-18T00:25:38.900388713Z 00:25:38.900221 socket(AF_INET, SOCK_DGRAM|SOCK_CLOEXEC|SOCK_NONBLOCK, IPPROTO_IP) = 8
2023-05-18T00:25:38.900514867Z 00:25:38.900356 connect(8, {sa_family=AF_INET, sin_port=htons(53), sin_addr=inet_addr("10.28.0.10")}, 16) = 0
2023-05-18T00:25:38.900826329Z 00:25:38.900538 sendto(8, "\320/\1\0\0\1\0\0\0\0\0\0\rflux-sample-0\fflux-"..., 97, MSG_NOSIGNAL, NULL, 0) = 97
2023-05-18T00:25:38.906121379Z 00:25:38.905781 recvfrom(8, "\320/\201\203\0\1\0\0\0\1\0\0\rflux-sample-0\fflux-"..., 1024, 0, {sa_family=AF_INET, sin_port=htons(53), sin_addr=inet_addr("10.28.0.10")}, [28->16]) = 186
2023-05-18T00:25:38.906237791Z 00:25:38.906061 socket(AF_INET, SOCK_DGRAM|SOCK_CLOEXEC|SOCK_NONBLOCK, IPPROTO_IP) = 8
2023-05-18T00:25:38.906375887Z 00:25:38.906162 connect(8, {sa_family=AF_INET, sin_port=htons(53), sin_addr=inet_addr("10.28.0.10")}, 16) = 0
2023-05-18T00:25:38.906615265Z 00:25:38.906331 sendto(8, "3\355\1\0\0\1\0\0\0\0\0\0\rflux-sample-0\fflux-"..., 92, MSG_NOSIGNAL, NULL, 0) = 92
2023-05-18T00:25:38.911732480Z 00:25:38.911431 recvfrom(8, "3\355\201\203\0\1\0\0\0\1\0\0\rflux-sample-0\fflux-"..., 1024, 0, {sa_family=AF_INET, sin_port=htons(53), sin_addr=inet_addr("10.28.0.10")}, [28->16]) = 181
2023-05-18T00:25:38.912073387Z broker.err[3]: Warning: unable to resolve upstream peer flux-sample-0.flux-service.flux-operator.svc.cluster.local: Name or service not known
2023-05-18T00:25:38.918167097Z broker.info[3]: start: none->join 1.78821ms
2023-05-18T00:26:09.330441140Z broker.info[3]: parent-ready: join->init 30.412s
2023-05-18T00:26:09.331279335Z 00:26:09.330403 socketpair(AF_UNIX, SOCK_STREAM|SOCK_CLOEXEC, 0, [22, 23]) = 0
2023-05-18T00:26:09.331569359Z 00:26:09.331195 socketpair(AF_UNIX, SOCK_STREAM, 0, [24, 25]) = 0
2023-05-18T00:26:09.332124888Z 00:26:09.331748 socketpair(AF_UNIX, SOCK_STREAM, 0, [26, 27]) = 0
2023-05-18T00:26:09.332527141Z 00:26:09.332248 socketpair(AF_UNIX, SOCK_STREAM, 0, [28, 29]) = 0
2023-05-18T00:26:09.360773101Z broker.info[3]: configuration updated
2023-05-18T00:26:09.499527983Z broker.info[3]: rc1.0: running /etc/flux/rc1.d/01-sched-fluxion
2023-05-18T00:26:09.512865725Z broker.info[3]: rc1.0: running /etc/flux/rc1.d/02-cron
2023-05-18T00:26:09.541823720Z broker.info[3]: rc1.0: /etc/flux/rc1 Exited (rc=0) 0.2s
2023-05-18T00:26:09.542926836Z broker.info[3]: rc1-success: init->quorum 0.212352s
2023-05-18T00:26:09.688867909Z broker.info[3]: quorum-full: quorum->run 0.145555s
2023-05-18T00:26:10.287061536Z 00:26:10.286411 socketpair(AF_UNIX, SOCK_STREAM|SOCK_CLOEXEC, 0, [22, 23]) = 0
2023-05-18T00:26:10.287532492Z 00:26:10.287205 socketpair(AF_UNIX, SOCK_STREAM, 0, [24, 25]) = 0
2023-05-18T00:26:10.287941216Z 00:26:10.287613 socketpair(AF_UNIX, SOCK_STREAM, 0, [26, 28]) = 0
2023-05-18T00:26:10.288120911Z 00:26:10.287966 socketpair(AF_UNIX, SOCK_STREAM, 0, [58, 59]) = 0
2023-05-18T00:26:21.440212749Z broker.info[3]: shutdown: run->cleanup 11.7507s
2023-05-18T00:26:21.442647943Z broker.info[3]: cleanup-none: cleanup->shutdown 1.23341ms
2023-05-18T00:26:21.444295274Z broker.info[3]: children-none: shutdown->finalize 1.27604ms
2023-05-18T00:26:21.444649065Z 00:26:21.444328 socketpair(AF_UNIX, SOCK_STREAM|SOCK_CLOEXEC, 0, [22, 23]) = 0
2023-05-18T00:26:21.444838638Z 00:26:21.444624 socketpair(AF_UNIX, SOCK_STREAM, 0, [24, 25]) = 0
2023-05-18T00:26:21.445449597Z 00:26:21.444990 socketpair(AF_UNIX, SOCK_STREAM, 0, [26, 28]) = 0
2023-05-18T00:26:21.445472776Z 00:26:21.445254 socketpair(AF_UNIX, SOCK_STREAM, 0, [58, 59]) = 0
2023-05-18T00:26:21.467065425Z broker.info[3]: rc3.0: running /etc/flux/rc3.d/01-sched-fluxion
2023-05-18T00:26:21.602702653Z broker.info[3]: rc3.0: /etc/flux/rc3 Exited (rc=0) 0.2s
2023-05-18T00:26:21.603199891Z broker.info[3]: rc3-success: finalize->goodbye 0.158767s
2023-05-18T00:26:21.604028822Z broker.info[3]: goodbye: goodbye->exit 0.716227ms
2023-05-18T00:26:21.618785047Z 00:26:21.618513 +++ exited with 0 +++
2023-05-18T00:26:21.620355181Z Return value for follower worker is 0
2023-05-18T00:26:21.620531034Z The follower worker exited cleanly. Goodbye!
