2023-05-18T02:34:30.453984068Z
2023-05-18T02:34:30.454062940Z Flux username: flux
2023-05-18T02:34:30.454071272Z
2023-05-18T02:34:30.454077948Z Flux install root: /usr
2023-05-18T02:34:30.508767928Z flux user is already added.
2023-05-18T02:34:30.512900504Z flux user identifiers:
2023-05-18T02:34:30.512944176Z uid=1234(flux) gid=1234(flux) groups=1234(flux)
2023-05-18T02:34:30.513083279Z
2023-05-18T02:34:30.513094967Z As Flux prefix for flux commands: sudo -u flux -E PYTHONPATH=/opt/conda/lib/python3.10/site-packages -E PATH=/opt/conda/bin:/usr/local/sbin:/usr/local/bin:/usr/sbin:/usr/bin:/sbin:/bin -E LD_LIBRARY_PATH=/opt/conda/lib -E HOME=/home/flux
2023-05-18T02:34:30.521939575Z
2023-05-18T02:34:30.521987328Z 👋 Hello, I'm flux-sample-3
2023-05-18T02:34:30.521993794Z The main host is flux-sample-0
2023-05-18T02:34:30.522177353Z The working directory is /home/flux/examples/reaxff/HNS, contents include:
2023-05-18T02:34:30.524327503Z /home/flux/examples/reaxff/HNS:
2023-05-18T02:34:30.524365944Z README.txt	ffield.reax.hns  log.8Mar18.reaxc.hns.g++.1
2023-05-18T02:34:30.524372161Z data.hns-equil	in.reaxc.hns	 log.8Mar18.reaxc.hns.g++.4
2023-05-18T02:34:30.524813229Z End of file listing, if you see nothing above there are no files.
2023-05-18T02:34:30.526973705Z flux R encode --hosts=flux-sample-[0-3]
2023-05-18T02:34:30.542685876Z
2023-05-18T02:34:30.542729019Z 📦 Resources
2023-05-18T02:34:30.544788271Z {"version": 1, "execution": {"R_lite": [{"rank": "0-3", "children": {"core": "0"}}], "starttime": 0.0, "expiration": 0.0, "nodelist": ["flux-sample-[0-3]"]}}
2023-05-18T02:34:30.545291924Z
2023-05-18T02:34:30.545318541Z 🐸 Diagnostics: false
2023-05-18T02:34:30.545509119Z 🚩️ Flux Option Flags defined
2023-05-18T02:34:30.550436374Z
2023-05-18T02:34:30.550470664Z 🦊 Independent Minister of Privilege
2023-05-18T02:34:30.551938663Z [exec]
2023-05-18T02:34:30.551960917Z allowed-users = [ "flux", "root" ]
2023-05-18T02:34:30.551969955Z allowed-shells = [ "/usr/libexec/flux/flux-shell" ]
2023-05-18T02:34:30.552123531Z
2023-05-18T02:34:30.552136655Z 🐸 Broker Configuration
2023-05-18T02:34:30.553407649Z # Flux needs to know the path to the IMP executable
2023-05-18T02:34:30.553427464Z [exec]
2023-05-18T02:34:30.553433801Z imp = "/usr/libexec/flux/flux-imp"
2023-05-18T02:34:30.553438754Z
2023-05-18T02:34:30.553443986Z [access]
2023-05-18T02:34:30.553452087Z allow-guest-user = true
2023-05-18T02:34:30.553458980Z allow-root-owner = true
2023-05-18T02:34:30.553463671Z
2023-05-18T02:34:30.553468624Z # Point to resource definition generated with flux-R(1).
2023-05-18T02:34:30.553473596Z [resource]
2023-05-18T02:34:30.553479745Z path = "/etc/flux/system/R"
2023-05-18T02:34:30.553484500Z
2023-05-18T02:34:30.553489231Z [bootstrap]
2023-05-18T02:34:30.553496322Z curve_cert = "/etc/curve/curve.cert"
2023-05-18T02:34:30.553502359Z default_port = 8050
2023-05-18T02:34:30.553507992Z default_bind = "tcp://eth0:%p"
2023-05-18T02:34:30.553513964Z default_connect = "tcp://%h.flux-service.flux-operator.svc.cluster.local:%p"
2023-05-18T02:34:30.553518876Z hosts = [
2023-05-18T02:34:30.553524044Z 	{ host="flux-sample-[0-3]"},
2023-05-18T02:34:30.553529044Z ]
2023-05-18T02:34:30.553533796Z
2023-05-18T02:34:30.553540702Z [archive]
2023-05-18T02:34:30.553562138Z dbpath = "/var/lib/flux/job-archive.sqlite"
2023-05-18T02:34:30.553567531Z period = "1m"
2023-05-18T02:34:30.653205917Z busytimeout = "50s"
2023-05-18T02:34:30.653238604Z 🧊️ State Directory:
2023-05-18T02:34:30.653245303Z total 0
2023-05-18T02:34:30.653250186Z
2023-05-18T02:34:30.660328467Z
2023-05-18T02:34:30.660370524Z 🔒️ Working directory permissions:
2023-05-18T02:34:30.660377070Z total 96
2023-05-18T02:34:30.660383149Z -rwxrwxrwx 1 flux root  2517 May 17 22:32 README.txt
2023-05-18T02:34:30.660388044Z -rwxrwxrwx 1 flux root 54692 May 17 22:32 data.hns-equil
2023-05-18T02:34:30.660392735Z -rwxrwxrwx 1 flux root 13576 May 17 22:32 ffield.reax.hns
2023-05-18T02:34:30.660399734Z -rwxrwxrwx 1 flux root   870 May 17 22:32 in.reaxc.hns
2023-05-18T02:34:30.660406415Z -rwxrwxrwx 1 flux root  4172 May 17 22:32 log.8Mar18.reaxc.hns.g++.1
2023-05-18T02:34:30.660411479Z -rwxrwxrwx 1 flux root  4168 May 17 22:32 log.8Mar18.reaxc.hns.g++.4
2023-05-18T02:34:30.660449326Z
2023-05-18T02:34:30.660501247Z
2023-05-18T02:34:30.660509077Z ✨ Curve certificate generated by helper pod
2023-05-18T02:34:30.662839929Z #   ****  Generated on 2023-04-26 22:54:42 by CZMQ  ****
2023-05-18T02:34:30.662864565Z #   ZeroMQ CURVE **Secret** Certificate
2023-05-18T02:34:30.662871769Z #   DO NOT PROVIDE THIS FILE TO OTHER USERS nor change its permissions.
2023-05-18T02:34:30.662877530Z
2023-05-18T02:34:30.662901269Z metadata
2023-05-18T02:34:30.662910612Z     name = "flux-cert-generator"
2023-05-18T02:34:30.662916939Z     keygen.hostname = "flux-sample-0"
2023-05-18T02:34:30.662922399Z curve
2023-05-18T02:34:30.662934538Z     public-key = "VS4H-N&u/iTNnS:DaB99X4!uuRwfOc5]TvY3?!EV"
2023-05-18T02:34:30.662940097Z     secret-key = "]AUl^U(%CgLyjXI9wr!8fM<&$yCsJ*gbQ/>?}ulr"
2023-05-18T02:34:30.665987462Z
2023-05-18T02:34:30.666018700Z 🌀  flux start --wrap=strace,-e,network,-tt -o --config /etc/flux/config -Scron.directory=/etc/flux/system/cron.d   -Stbon.fanout=256   -Srundir=/run/flux    -Sstatedir=/var/lib/flux   -Slocal-uri=local:///run/flux/local   -Stbon.zmqdebug=1  -Slog-stderr-level=6    -Slog-stderr-mode=local
2023-05-18T02:34:30.704466977Z 02:34:30.704020 socket(AF_NETLINK, SOCK_RAW, NETLINK_ROUTE) = 8
2023-05-18T02:34:30.704522675Z 02:34:30.704160 bind(8, {sa_family=AF_NETLINK, nl_pid=0, nl_groups=00000000}, 12) = 0
2023-05-18T02:34:30.704529345Z 02:34:30.704248 getsockname(8, {sa_family=AF_NETLINK, nl_pid=71, nl_groups=00000000}, [12]) = 0
2023-05-18T02:34:30.704727781Z 02:34:30.704321 sendto(8, {{len=20, type=RTM_GETADDR, flags=NLM_F_REQUEST|NLM_F_DUMP, seq=1684377270, pid=0}, {ifa_family=AF_UNSPEC, ...}}, 20, 0, {sa_family=AF_NETLINK, nl_pid=0, nl_groups=00000000}, 12) = 20
2023-05-18T02:34:30.705196485Z 02:34:30.704617 recvmsg(8, {msg_name={sa_family=AF_NETLINK, nl_pid=0, nl_groups=00000000}, msg_namelen=12, msg_iov=[{iov_base=[{{len=76, type=RTM_NEWADDR, flags=NLM_F_MULTI, seq=1684377270, pid=71}, {ifa_family=AF_INET, ifa_prefixlen=8, ifa_flags=IFA_F_PERMANENT, ifa_scope=RT_SCOPE_HOST, ifa_index=if_nametoindex("lo")}, [{{nla_len=8, nla_type=IFA_ADDRESS}, 127.0.0.1}, {{nla_len=8, nla_type=IFA_LOCAL}, 127.0.0.1}, {{nla_len=7, nla_type=IFA_LABEL}, "lo"}, {{nla_len=8, nla_type=IFA_FLAGS}, IFA_F_PERMANENT}, {{nla_len=20, nla_type=IFA_CACHEINFO}, {ifa_prefered=4294967295, ifa_valid=4294967295, cstamp=1657704, tstamp=1657704}}]}, {{len=88, type=RTM_NEWADDR, flags=NLM_F_MULTI, seq=1684377270, pid=71}, {ifa_family=AF_INET, ifa_prefixlen=24, ifa_flags=IFA_F_PERMANENT, ifa_scope=RT_SCOPE_UNIVERSE, ifa_index=if_nametoindex("eth0")}, [{{nla_len=8, nla_type=IFA_ADDRESS}, 10.24.2.164}, {{nla_len=8, nla_type=IFA_LOCAL}, 10.24.2.164}, {{nla_len=8, nla_type=IFA_BROADCAST}, 10.24.2.255}, {{nla_len=9, nla_type=IFA_LABEL}, "eth0"}, {{nla_len=8, nla_type=IFA_FLAGS}, IFA_F_PERMANENT}, {{nla_len=20, nla_type=IFA_CACHEINFO}, {ifa_prefered=4294967295, ifa_valid=4294967295, cstamp=1657707, tstamp=1657707}}]}], iov_len=4096}], msg_iovlen=1, msg_controllen=0, msg_flags=0}, 0) = 164
2023-05-18T02:34:30.705572149Z 02:34:30.705261 recvmsg(8, {msg_name={sa_family=AF_NETLINK, nl_pid=0, nl_groups=00000000}, msg_namelen=12, msg_iov=[{iov_base={{len=20, type=NLMSG_DONE, flags=NLM_F_MULTI, seq=1684377270, pid=71}, 0}, iov_len=4096}], msg_iovlen=1, msg_controllen=0, msg_flags=0}, 0) = 20
2023-05-18T02:34:30.706287777Z 02:34:30.706104 socket(AF_UNIX, SOCK_STREAM|SOCK_CLOEXEC|SOCK_NONBLOCK, 0) = 8
2023-05-18T02:34:30.706496894Z 02:34:30.706194 connect(8, {sa_family=AF_UNIX, sun_path="/var/run/nscd/socket"}, 110) = -1 ENOENT (No such file or directory)
2023-05-18T02:34:30.706508715Z 02:34:30.706323 socket(AF_UNIX, SOCK_STREAM|SOCK_CLOEXEC|SOCK_NONBLOCK, 0) = 8
2023-05-18T02:34:30.706523662Z 02:34:30.706392 connect(8, {sa_family=AF_UNIX, sun_path="/var/run/nscd/socket"}, 110) = -1 ENOENT (No such file or directory)
2023-05-18T02:34:30.708092132Z 02:34:30.707835 socket(AF_INET, SOCK_DGRAM|SOCK_CLOEXEC|SOCK_NONBLOCK, IPPROTO_IP) = 8
2023-05-18T02:34:30.708185754Z 02:34:30.707937 connect(8, {sa_family=AF_INET, sin_port=htons(53), sin_addr=inet_addr("10.28.0.10")}, 16) = 0
2023-05-18T02:34:30.708455114Z 02:34:30.708080 sendto(8, "He\1\0\0\1\0\0\0\0\0\0\rflux-sample-0\fflux-"..., 76, MSG_NOSIGNAL, NULL, 0) = 76
2023-05-18T02:34:30.710667524Z 02:34:30.710436 recvfrom(8, "He\201\200\0\1\0\1\0\0\0\0\rflux-sample-0\fflux-"..., 1024, 0, {sa_family=AF_INET, sin_port=htons(53), sin_addr=inet_addr("10.28.0.10")}, [28->16]) = 92
2023-05-18T02:34:30.716405246Z broker.info[3]: start: none->join 2.25857ms
2023-05-18T02:35:00.909567920Z broker.info[3]: parent-ready: join->init 30.1929s
2023-05-18T02:35:00.910210142Z 02:35:00.909540 socketpair(AF_UNIX, SOCK_STREAM|SOCK_CLOEXEC, 0, [22, 23]) = 0
2023-05-18T02:35:00.910833068Z 02:35:00.910154 socketpair(AF_UNIX, SOCK_STREAM, 0, [24, 25]) = 0
2023-05-18T02:35:00.911381918Z 02:35:00.910565 socketpair(AF_UNIX, SOCK_STREAM, 0, [26, 27]) = 0
2023-05-18T02:35:00.912061784Z 02:35:00.910892 socketpair(AF_UNIX, SOCK_STREAM, 0, [28, 29]) = 0
2023-05-18T02:35:00.941321572Z broker.info[3]: configuration updated
2023-05-18T02:35:01.085731167Z broker.info[3]: rc1.0: running /etc/flux/rc1.d/01-sched-fluxion
2023-05-18T02:35:01.098012335Z broker.info[3]: rc1.0: running /etc/flux/rc1.d/02-cron
2023-05-18T02:35:01.137010200Z broker.info[3]: rc1.0: /etc/flux/rc1 Exited (rc=0) 0.2s
2023-05-18T02:35:01.137460035Z broker.info[3]: rc1-success: init->quorum 0.227775s
2023-05-18T02:35:01.353113323Z broker.info[3]: quorum-full: quorum->run 0.21538s
2023-05-18T02:35:02.006403948Z 02:35:02.005849 socketpair(AF_UNIX, SOCK_STREAM|SOCK_CLOEXEC, 0, [22, 23]) = 0
2023-05-18T02:35:02.006591029Z 02:35:02.006049 socketpair(AF_UNIX, SOCK_STREAM, 0, [24, 25]) = 0
2023-05-18T02:35:02.006652717Z 02:35:02.006241 socketpair(AF_UNIX, SOCK_STREAM, 0, [26, 28]) = 0
2023-05-18T02:35:02.006663253Z 02:35:02.006418 socketpair(AF_UNIX, SOCK_STREAM, 0, [58, 59]) = 0
2023-05-18T02:35:13.567918248Z broker.info[3]: shutdown: run->cleanup 12.2141s
2023-05-18T02:35:13.569414345Z broker.info[3]: cleanup-none: cleanup->shutdown 1.6701ms
2023-05-18T02:35:13.571638603Z broker.info[3]: children-none: shutdown->finalize 1.02794ms
2023-05-18T02:35:13.572115933Z 02:35:13.571200 socketpair(AF_UNIX, SOCK_STREAM|SOCK_CLOEXEC, 0, [22, 23]) = 0
2023-05-18T02:35:13.572333481Z 02:35:13.571392 socketpair(AF_UNIX, SOCK_STREAM, 0, [24, 25]) = 0
2023-05-18T02:35:13.572525528Z 02:35:13.571668 socketpair(AF_UNIX, SOCK_STREAM, 0, [26, 28]) = 0
2023-05-18T02:35:13.572742452Z 02:35:13.571930 socketpair(AF_UNIX, SOCK_STREAM, 0, [58, 59]) = 0
2023-05-18T02:35:13.590782994Z broker.info[3]: rc3.0: running /etc/flux/rc3.d/01-sched-fluxion
2023-05-18T02:35:13.728903662Z broker.info[3]: rc3.0: /etc/flux/rc3 Exited (rc=0) 0.2s
2023-05-18T02:35:13.730347761Z broker.info[3]: rc3-success: finalize->goodbye 0.158981s
2023-05-18T02:35:13.732274559Z broker.info[3]: goodbye: goodbye->exit 1.24534ms
2023-05-18T02:35:13.739960649Z 02:35:13.739762 +++ exited with 0 +++
2023-05-18T02:35:13.741375684Z Return value for follower worker is 0
2023-05-18T02:35:13.741506913Z The follower worker exited cleanly. Goodbye!
