2023-05-18T02:20:24.794576798Z
2023-05-18T02:20:24.794625503Z Flux username: flux
2023-05-18T02:20:24.794632121Z
2023-05-18T02:20:24.794637137Z Flux install root: /usr
2023-05-18T02:20:24.857075692Z flux user is already added.
2023-05-18T02:20:24.860706859Z flux user identifiers:
2023-05-18T02:20:24.860726548Z uid=1234(flux) gid=1234(flux) groups=1234(flux)
2023-05-18T02:20:24.860825715Z
2023-05-18T02:20:24.860836597Z As Flux prefix for flux commands: sudo -u flux -E PYTHONPATH=/opt/conda/lib/python3.10/site-packages -E PATH=/opt/conda/bin:/usr/local/sbin:/usr/local/bin:/usr/sbin:/usr/bin:/sbin:/bin -E LD_LIBRARY_PATH=/opt/conda/lib -E HOME=/home/flux
2023-05-18T02:20:24.869359470Z
2023-05-18T02:20:24.869382037Z 👋 Hello, I'm flux-sample-2
2023-05-18T02:20:24.869498458Z The main host is flux-sample-0
2023-05-18T02:20:24.869509622Z The working directory is /home/flux/examples/reaxff/HNS, contents include:
2023-05-18T02:20:24.871549331Z /home/flux/examples/reaxff/HNS:
2023-05-18T02:20:24.871566455Z README.txt	ffield.reax.hns  log.8Mar18.reaxc.hns.g++.1
2023-05-18T02:20:24.871638830Z data.hns-equil	in.reaxc.hns	 log.8Mar18.reaxc.hns.g++.4
2023-05-18T02:20:24.872193087Z End of file listing, if you see nothing above there are no files.
2023-05-18T02:20:24.874021476Z flux R encode --hosts=flux-sample-[0-3]
2023-05-18T02:20:24.898966267Z
2023-05-18T02:20:24.899739869Z 📦 Resources
2023-05-18T02:20:24.901872489Z {"version": 1, "execution": {"R_lite": [{"rank": "0-3", "children": {"core": "0"}}], "starttime": 0.0, "expiration": 0.0, "nodelist": ["flux-sample-[0-3]"]}}
2023-05-18T02:20:24.906566938Z
2023-05-18T02:20:24.906593534Z 🐸 Diagnostics: false
2023-05-18T02:20:24.906599756Z 🚩️ Flux Option Flags defined
2023-05-18T02:20:24.914255815Z
2023-05-18T02:20:24.914275927Z 🦊 Independent Minister of Privilege
2023-05-18T02:20:24.915459955Z [exec]
2023-05-18T02:20:24.916262690Z allowed-users = [ "flux", "root" ]
2023-05-18T02:20:24.916298045Z allowed-shells = [ "/usr/libexec/flux/flux-shell" ]
2023-05-18T02:20:24.916317386Z
2023-05-18T02:20:24.916323172Z 🐸 Broker Configuration
2023-05-18T02:20:24.917475042Z # Flux needs to know the path to the IMP executable
2023-05-18T02:20:24.917544363Z [exec]
2023-05-18T02:20:24.917552485Z imp = "/usr/libexec/flux/flux-imp"
2023-05-18T02:20:24.917559413Z
2023-05-18T02:20:24.917566036Z [access]
2023-05-18T02:20:24.917571782Z allow-guest-user = true
2023-05-18T02:20:24.917576543Z allow-root-owner = true
2023-05-18T02:20:24.917581064Z
2023-05-18T02:20:24.917601319Z # Point to resource definition generated with flux-R(1).
2023-05-18T02:20:24.917606319Z [resource]
2023-05-18T02:20:24.917613636Z path = "/etc/flux/system/R"
2023-05-18T02:20:24.917619067Z
2023-05-18T02:20:24.917624106Z [bootstrap]
2023-05-18T02:20:24.917629064Z curve_cert = "/etc/curve/curve.cert"
2023-05-18T02:20:24.917634036Z default_port = 8050
2023-05-18T02:20:24.917639010Z default_bind = "tcp://eth0:%p"
2023-05-18T02:20:24.917645102Z default_connect = "tcp://%h.flux-service.flux-operator.svc.cluster.local:%p"
2023-05-18T02:20:24.917649782Z hosts = [
2023-05-18T02:20:24.917656653Z 	{ host="flux-sample-[0-3]"},
2023-05-18T02:20:24.917664811Z ]
2023-05-18T02:20:24.917669438Z
2023-05-18T02:20:24.917674253Z [archive]
2023-05-18T02:20:24.917679090Z dbpath = "/var/lib/flux/job-archive.sqlite"
2023-05-18T02:20:24.917683950Z period = "1m"
2023-05-18T02:20:25.057751193Z busytimeout = "50s"
2023-05-18T02:20:25.057790401Z 🧊️ State Directory:
2023-05-18T02:20:25.057796993Z total 0
2023-05-18T02:20:25.057802514Z
2023-05-18T02:20:25.062002877Z
2023-05-18T02:20:25.062037423Z 🔒️ Working directory permissions:
2023-05-18T02:20:25.064560512Z total 96
2023-05-18T02:20:25.064580007Z -rwxrwxrwx 1 flux root  2517 May 17 22:32 README.txt
2023-05-18T02:20:25.064604118Z -rwxrwxrwx 1 flux root 54692 May 17 22:32 data.hns-equil
2023-05-18T02:20:25.064609450Z -rwxrwxrwx 1 flux root 13576 May 17 22:32 ffield.reax.hns
2023-05-18T02:20:25.064614262Z -rwxrwxrwx 1 flux root   870 May 17 22:32 in.reaxc.hns
2023-05-18T02:20:25.064620255Z -rwxrwxrwx 1 flux root  4172 May 17 22:32 log.8Mar18.reaxc.hns.g++.1
2023-05-18T02:20:25.064625199Z -rwxrwxrwx 1 flux root  4168 May 17 22:32 log.8Mar18.reaxc.hns.g++.4
2023-05-18T02:20:25.064632287Z
2023-05-18T02:20:25.064638255Z
2023-05-18T02:20:25.064643971Z ✨ Curve certificate generated by helper pod
2023-05-18T02:20:25.065789357Z #   ****  Generated on 2023-04-26 22:54:42 by CZMQ  ****
2023-05-18T02:20:25.065805860Z #   ZeroMQ CURVE **Secret** Certificate
2023-05-18T02:20:25.065812328Z #   DO NOT PROVIDE THIS FILE TO OTHER USERS nor change its permissions.
2023-05-18T02:20:25.065817580Z
2023-05-18T02:20:25.065826755Z metadata
2023-05-18T02:20:25.065831977Z     name = "flux-cert-generator"
2023-05-18T02:20:25.065836733Z     keygen.hostname = "flux-sample-0"
2023-05-18T02:20:25.065843896Z curve
2023-05-18T02:20:25.065849639Z     public-key = "yQR-XjOi+*8x?&!v7W3*&dG!wh7:g(l-8ekF.C0v"
2023-05-18T02:20:25.065854469Z     secret-key = "A[&a9tJAceTp%8/<.A6{3F*?wMC:I6()v%bmm61!"
2023-05-18T02:20:25.071106907Z
2023-05-18T02:20:25.071127248Z 🌀  flux start --wrap=strace,-e,network,-tt -o --config /etc/flux/config -Scron.directory=/etc/flux/system/cron.d   -Stbon.fanout=256   -Srundir=/run/flux    -Sstatedir=/var/lib/flux   -Slocal-uri=local:///run/flux/local   -Stbon.zmqdebug=1  -Slog-stderr-level=6    -Slog-stderr-mode=local
2023-05-18T02:20:25.129794405Z 02:20:25.129555 socket(AF_NETLINK, SOCK_RAW, NETLINK_ROUTE) = 8
2023-05-18T02:20:25.129876543Z 02:20:25.129680 bind(8, {sa_family=AF_NETLINK, nl_pid=0, nl_groups=00000000}, 12) = 0
2023-05-18T02:20:25.129886459Z 02:20:25.129760 getsockname(8, {sa_family=AF_NETLINK, nl_pid=70, nl_groups=00000000}, [12]) = 0
2023-05-18T02:20:25.130128648Z 02:20:25.129832 sendto(8, {{len=20, type=RTM_GETADDR, flags=NLM_F_REQUEST|NLM_F_DUMP, seq=1684376425, pid=0}, {ifa_family=AF_UNSPEC, ...}}, 20, 0, {sa_family=AF_NETLINK, nl_pid=0, nl_groups=00000000}, 12) = 20
2023-05-18T02:20:25.130404242Z 02:20:25.130062 recvmsg(8, {msg_name={sa_family=AF_NETLINK, nl_pid=0, nl_groups=00000000}, msg_namelen=12, msg_iov=[{iov_base=[{{len=76, type=RTM_NEWADDR, flags=NLM_F_MULTI, seq=1684376425, pid=70}, {ifa_family=AF_INET, ifa_prefixlen=8, ifa_flags=IFA_F_PERMANENT, ifa_scope=RT_SCOPE_HOST, ifa_index=if_nametoindex("lo")}, [{{nla_len=8, nla_type=IFA_ADDRESS}, 127.0.0.1}, {{nla_len=8, nla_type=IFA_LOCAL}, 127.0.0.1}, {{nla_len=7, nla_type=IFA_LABEL}, "lo"}, {{nla_len=8, nla_type=IFA_FLAGS}, IFA_F_PERMANENT}, {{nla_len=20, nla_type=IFA_CACHEINFO}, {ifa_prefered=4294967295, ifa_valid=4294967295, cstamp=1573076, tstamp=1573076}}]}, {{len=88, type=RTM_NEWADDR, flags=NLM_F_MULTI, seq=1684376425, pid=70}, {ifa_family=AF_INET, ifa_prefixlen=24, ifa_flags=IFA_F_PERMANENT, ifa_scope=RT_SCOPE_UNIVERSE, ifa_index=if_nametoindex("eth0")}, [{{nla_len=8, nla_type=IFA_ADDRESS}, 10.24.3.178}, {{nla_len=8, nla_type=IFA_LOCAL}, 10.24.3.178}, {{nla_len=8, nla_type=IFA_BROADCAST}, 10.24.3.255}, {{nla_len=9, nla_type=IFA_LABEL}, "eth0"}, {{nla_len=8, nla_type=IFA_FLAGS}, IFA_F_PERMANENT}, {{nla_len=20, nla_type=IFA_CACHEINFO}, {ifa_prefered=4294967295, ifa_valid=4294967295, cstamp=1573078, tstamp=1573078}}]}], iov_len=4096}], msg_iovlen=1, msg_controllen=0, msg_flags=0}, 0) = 164
2023-05-18T02:20:25.130587270Z 02:20:25.130395 recvmsg(8, {msg_name={sa_family=AF_NETLINK, nl_pid=0, nl_groups=00000000}, msg_namelen=12, msg_iov=[{iov_base={{len=20, type=NLMSG_DONE, flags=NLM_F_MULTI, seq=1684376425, pid=70}, 0}, iov_len=4096}], msg_iovlen=1, msg_controllen=0, msg_flags=0}, 0) = 20
2023-05-18T02:20:25.133910784Z 02:20:25.130987 socket(AF_UNIX, SOCK_STREAM|SOCK_CLOEXEC|SOCK_NONBLOCK, 0) = 8
2023-05-18T02:20:25.133931171Z 02:20:25.131065 connect(8, {sa_family=AF_UNIX, sun_path="/var/run/nscd/socket"}, 110) = -1 ENOENT (No such file or directory)
2023-05-18T02:20:25.133937791Z 02:20:25.131184 socket(AF_UNIX, SOCK_STREAM|SOCK_CLOEXEC|SOCK_NONBLOCK, 0) = 8
2023-05-18T02:20:25.133945193Z 02:20:25.131243 connect(8, {sa_family=AF_UNIX, sun_path="/var/run/nscd/socket"}, 110) = -1 ENOENT (No such file or directory)
2023-05-18T02:20:25.133952794Z 02:20:25.132578 socket(AF_INET, SOCK_DGRAM|SOCK_CLOEXEC|SOCK_NONBLOCK, IPPROTO_IP) = 8
2023-05-18T02:20:25.133958778Z 02:20:25.132665 connect(8, {sa_family=AF_INET, sin_port=htons(53), sin_addr=inet_addr("10.28.0.10")}, 16) = 0
2023-05-18T02:20:25.133964186Z 02:20:25.132780 sendto(8, "O\234\1\0\0\1\0\0\0\0\0\0\rflux-sample-0\fflux-"..., 76, MSG_NOSIGNAL, NULL, 0) = 76
2023-05-18T02:20:25.133970019Z 02:20:25.133682 recvfrom(8, "O\234\205\200\0\1\0\1\0\0\0\0\rflux-sample-0\fflux-"..., 1024, 0, {sa_family=AF_INET, sin_port=htons(53), sin_addr=inet_addr("10.28.0.10")}, [28->16]) = 92
2023-05-18T02:20:25.142182871Z broker.info[2]: start: none->join 2.04128ms
2023-05-18T02:20:55.366687236Z broker.info[2]: parent-ready: join->init 30.2274s
2023-05-18T02:20:55.367241125Z 02:20:55.366951 socketpair(AF_UNIX, SOCK_STREAM|SOCK_CLOEXEC, 0, [22, 23]) = 0
2023-05-18T02:20:55.367544185Z 02:20:55.367302 socketpair(AF_UNIX, SOCK_STREAM, 0, [24, 25]) = 0
2023-05-18T02:20:55.367922013Z 02:20:55.367699 socketpair(AF_UNIX, SOCK_STREAM, 0, [26, 27]) = 0
2023-05-18T02:20:55.368317060Z 02:20:55.368135 socketpair(AF_UNIX, SOCK_STREAM, 0, [28, 29]) = 0
2023-05-18T02:20:55.393405616Z broker.info[2]: configuration updated
2023-05-18T02:20:55.513729937Z broker.info[2]: rc1.0: running /etc/flux/rc1.d/01-sched-fluxion
2023-05-18T02:20:55.525394399Z broker.info[2]: rc1.0: running /etc/flux/rc1.d/02-cron
2023-05-18T02:20:55.559416841Z broker.info[2]: rc1.0: /etc/flux/rc1 Exited (rc=0) 0.2s
2023-05-18T02:20:55.560371341Z broker.info[2]: rc1-success: init->quorum 0.193255s
2023-05-18T02:20:56.445986817Z broker.info[2]: quorum-full: quorum->run 0.885243s
2023-05-18T02:21:08.523733252Z broker.info[2]: shutdown: run->cleanup 12.0774s
2023-05-18T02:21:08.525003361Z broker.info[2]: cleanup-none: cleanup->shutdown 1.05175ms
2023-05-18T02:21:08.526820917Z broker.info[2]: children-none: shutdown->finalize 0.987086ms
2023-05-18T02:21:08.527616319Z 02:21:08.527205 socketpair(AF_UNIX, SOCK_STREAM|SOCK_CLOEXEC, 0, [22, 23]) = 0
2023-05-18T02:21:08.527874449Z 02:21:08.527572 socketpair(AF_UNIX, SOCK_STREAM, 0, [24, 25]) = 0
2023-05-18T02:21:08.528350840Z 02:21:08.528085 socketpair(AF_UNIX, SOCK_STREAM, 0, [26, 28]) = 0
2023-05-18T02:21:08.528735837Z 02:21:08.528557 socketpair(AF_UNIX, SOCK_STREAM, 0, [58, 59]) = 0
2023-05-18T02:21:08.546462852Z broker.info[2]: rc3.0: running /etc/flux/rc3.d/01-sched-fluxion
2023-05-18T02:21:08.682412492Z broker.info[2]: rc3.0: /etc/flux/rc3 Exited (rc=0) 0.2s
2023-05-18T02:21:08.683627806Z broker.info[2]: rc3-success: finalize->goodbye 0.156252s
2023-05-18T02:21:08.685233075Z broker.info[2]: goodbye: goodbye->exit 1.04382ms
2023-05-18T02:21:08.693213479Z 02:21:08.693038 +++ exited with 0 +++
2023-05-18T02:21:08.694421904Z Return value for follower worker is 0
2023-05-18T02:21:08.694660556Z The follower worker exited cleanly. Goodbye!
