2023-05-18T00:32:53.784759316Z
2023-05-18T00:32:53.785765631Z Flux username: flux
2023-05-18T00:32:53.785813171Z
2023-05-18T00:32:53.785820429Z Flux install root: /usr
2023-05-18T00:32:53.837798349Z flux user is already added.
2023-05-18T00:32:53.841022810Z flux user identifiers:
2023-05-18T00:32:53.841064423Z uid=1234(flux) gid=1234(flux) groups=1234(flux)
2023-05-18T00:32:53.841223263Z
2023-05-18T00:32:53.841244480Z As Flux prefix for flux commands: sudo -u flux -E PYTHONPATH=/opt/conda/lib/python3.10/site-packages -E PATH=/opt/conda/bin:/usr/local/sbin:/usr/local/bin:/usr/sbin:/usr/bin:/sbin:/bin -E LD_LIBRARY_PATH=/opt/conda/lib -E HOME=/home/flux
2023-05-18T00:32:53.850444526Z
2023-05-18T00:32:53.850505409Z 👋 Hello, I'm flux-sample-3
2023-05-18T00:32:53.850641742Z The main host is flux-sample-0
2023-05-18T00:32:53.850652549Z The working directory is /home/flux/examples/reaxff/HNS, contents include:
2023-05-18T00:32:53.852543233Z /home/flux/examples/reaxff/HNS:
2023-05-18T00:32:53.852580662Z README.txt	ffield.reax.hns  log.8Mar18.reaxc.hns.g++.1
2023-05-18T00:32:53.852586608Z data.hns-equil	in.reaxc.hns	 log.8Mar18.reaxc.hns.g++.4
2023-05-18T00:32:53.852930161Z End of file listing, if you see nothing above there are no files.
2023-05-18T00:32:53.855125952Z flux R encode --hosts=flux-sample-[0-3]
2023-05-18T00:32:53.870659596Z
2023-05-18T00:32:53.870697288Z 📦 Resources
2023-05-18T00:32:53.872692654Z {"version": 1, "execution": {"R_lite": [{"rank": "0-3", "children": {"core": "0"}}], "starttime": 0.0, "expiration": 0.0, "nodelist": ["flux-sample-[0-3]"]}}
2023-05-18T00:32:53.873048464Z
2023-05-18T00:32:53.873066009Z 🐸 Diagnostics: false
2023-05-18T00:32:53.873251179Z 🚩️ Flux Option Flags defined
2023-05-18T00:32:53.878340153Z
2023-05-18T00:32:53.878372244Z 🦊 Independent Minister of Privilege
2023-05-18T00:32:53.879723973Z [exec]
2023-05-18T00:32:53.879743937Z allowed-users = [ "flux", "root" ]
2023-05-18T00:32:53.879750341Z allowed-shells = [ "/usr/libexec/flux/flux-shell" ]
2023-05-18T00:32:53.879909580Z
2023-05-18T00:32:53.879922391Z 🐸 Broker Configuration
2023-05-18T00:32:53.881201126Z # Flux needs to know the path to the IMP executable
2023-05-18T00:32:53.881218997Z [exec]
2023-05-18T00:32:53.881225629Z imp = "/usr/libexec/flux/flux-imp"
2023-05-18T00:32:53.881229971Z
2023-05-18T00:32:53.881234657Z [access]
2023-05-18T00:32:53.881240263Z allow-guest-user = true
2023-05-18T00:32:53.881244984Z allow-root-owner = true
2023-05-18T00:32:53.881251464Z
2023-05-18T00:32:53.881258308Z # Point to resource definition generated with flux-R(1).
2023-05-18T00:32:53.881263480Z [resource]
2023-05-18T00:32:53.881269041Z path = "/etc/flux/system/R"
2023-05-18T00:32:53.881274118Z
2023-05-18T00:32:53.881278927Z [bootstrap]
2023-05-18T00:32:53.881340540Z curve_cert = "/etc/curve/curve.cert"
2023-05-18T00:32:53.881349728Z default_port = 8050
2023-05-18T00:32:53.881356108Z default_bind = "tcp://eth0:%p"
2023-05-18T00:32:53.881362024Z default_connect = "tcp://%h.flux-service.flux-operator.svc.cluster.local:%p"
2023-05-18T00:32:53.881367445Z hosts = [
2023-05-18T00:32:53.881372216Z 	{ host="flux-sample-[0-3]"},
2023-05-18T00:32:53.881376549Z ]
2023-05-18T00:32:53.881381089Z
2023-05-18T00:32:53.881386225Z [archive]
2023-05-18T00:32:53.881393013Z dbpath = "/var/lib/flux/job-archive.sqlite"
2023-05-18T00:32:53.881399749Z period = "1m"
2023-05-18T00:32:53.970999974Z busytimeout = "50s"
2023-05-18T00:32:53.971036106Z 🧊️ State Directory:
2023-05-18T00:32:53.971042580Z total 0
2023-05-18T00:32:53.971047488Z
2023-05-18T00:32:53.974895507Z
2023-05-18T00:32:53.974936005Z 🔒️ Working directory permissions:
2023-05-18T00:32:53.974942636Z total 96
2023-05-18T00:32:53.974948523Z -rwxrwxrwx 1 flux root  2517 May 17 22:32 README.txt
2023-05-18T00:32:53.974954218Z -rwxrwxrwx 1 flux root 54692 May 17 22:32 data.hns-equil
2023-05-18T00:32:53.974958687Z -rwxrwxrwx 1 flux root 13576 May 17 22:32 ffield.reax.hns
2023-05-18T00:32:53.974963625Z -rwxrwxrwx 1 flux root   870 May 17 22:32 in.reaxc.hns
2023-05-18T00:32:53.974969458Z -rwxrwxrwx 1 flux root  4172 May 17 22:32 log.8Mar18.reaxc.hns.g++.1
2023-05-18T00:32:53.974976297Z -rwxrwxrwx 1 flux root  4168 May 17 22:32 log.8Mar18.reaxc.hns.g++.4
2023-05-18T00:32:53.975184484Z
2023-05-18T00:32:53.975196426Z
2023-05-18T00:32:53.975204254Z ✨ Curve certificate generated by helper pod
2023-05-18T00:32:53.976954188Z #   ****  Generated on 2023-04-26 22:54:42 by CZMQ  ****
2023-05-18T00:32:53.977007051Z #   ZeroMQ CURVE **Secret** Certificate
2023-05-18T00:32:53.977014808Z #   DO NOT PROVIDE THIS FILE TO OTHER USERS nor change its permissions.
2023-05-18T00:32:53.977020000Z
2023-05-18T00:32:53.977035636Z metadata
2023-05-18T00:32:53.977042128Z     name = "flux-cert-generator"
2023-05-18T00:32:53.977046943Z     keygen.hostname = "flux-sample-0"
2023-05-18T00:32:53.977051729Z curve
2023-05-18T00:32:53.977056812Z     public-key = "sy2Ql@HE$J@!AB=X:o/@FtS?$Z3d]ahnw2*S0N5R"
2023-05-18T00:32:53.977062005Z     secret-key = "=WPC%3?G-ZC4A<j89j%5.^WJ/zIcVbN7txT<5Il7"
2023-05-18T00:32:53.979577647Z
2023-05-18T00:32:53.979611881Z 🌀  flux start --wrap=strace,-e,network,-tt -o --config /etc/flux/config -Scron.directory=/etc/flux/system/cron.d   -Stbon.fanout=256   -Srundir=/run/flux    -Sstatedir=/var/lib/flux   -Slocal-uri=local:///run/flux/local   -Stbon.zmqdebug=1  -Slog-stderr-level=6    -Slog-stderr-mode=local
2023-05-18T00:32:54.026582749Z 00:32:54.026083 socket(AF_NETLINK, SOCK_RAW, NETLINK_ROUTE) = 8
2023-05-18T00:32:54.026752330Z 00:32:54.026539 bind(8, {sa_family=AF_NETLINK, nl_pid=0, nl_groups=00000000}, 12) = 0
2023-05-18T00:32:54.026889557Z 00:32:54.026692 getsockname(8, {sa_family=AF_NETLINK, nl_pid=71, nl_groups=00000000}, [12]) = 0
2023-05-18T00:32:54.027370814Z 00:32:54.026796 sendto(8, {{len=20, type=RTM_GETADDR, flags=NLM_F_REQUEST|NLM_F_DUMP, seq=1684369974, pid=0}, {ifa_family=AF_UNSPEC, ...}}, 20, 0, {sa_family=AF_NETLINK, nl_pid=0, nl_groups=00000000}, 12) = 20
2023-05-18T00:32:54.027748598Z 00:32:54.027220 recvmsg(8, {msg_name={sa_family=AF_NETLINK, nl_pid=0, nl_groups=00000000}, msg_namelen=12, msg_iov=[{iov_base=[{{len=76, type=RTM_NEWADDR, flags=NLM_F_MULTI, seq=1684369974, pid=71}, {ifa_family=AF_INET, ifa_prefixlen=8, ifa_flags=IFA_F_PERMANENT, ifa_scope=RT_SCOPE_HOST, ifa_index=if_nametoindex("lo")}, [{{nla_len=8, nla_type=IFA_ADDRESS}, 127.0.0.1}, {{nla_len=8, nla_type=IFA_LOCAL}, 127.0.0.1}, {{nla_len=7, nla_type=IFA_LABEL}, "lo"}, {{nla_len=8, nla_type=IFA_FLAGS}, IFA_F_PERMANENT}, {{nla_len=20, nla_type=IFA_CACHEINFO}, {ifa_prefered=4294967295, ifa_valid=4294967295, cstamp=927883, tstamp=927883}}]}, {{len=88, type=RTM_NEWADDR, flags=NLM_F_MULTI, seq=1684369974, pid=71}, {ifa_family=AF_INET, ifa_prefixlen=24, ifa_flags=IFA_F_PERMANENT, ifa_scope=RT_SCOPE_UNIVERSE, ifa_index=if_nametoindex("eth0")}, [{{nla_len=8, nla_type=IFA_ADDRESS}, 10.24.0.230}, {{nla_len=8, nla_type=IFA_LOCAL}, 10.24.0.230}, {{nla_len=8, nla_type=IFA_BROADCAST}, 10.24.0.255}, {{nla_len=9, nla_type=IFA_LABEL}, "eth0"}, {{nla_len=8, nla_type=IFA_FLAGS}, IFA_F_PERMANENT}, {{nla_len=20, nla_type=IFA_CACHEINFO}, {ifa_prefered=4294967295, ifa_valid=4294967295, cstamp=927888, tstamp=927888}}]}], iov_len=4096}], msg_iovlen=1, msg_controllen=0, msg_flags=0}, 0) = 164
2023-05-18T00:32:54.027903816Z 00:32:54.027704 recvmsg(8, {msg_name={sa_family=AF_NETLINK, nl_pid=0, nl_groups=00000000}, msg_namelen=12, msg_iov=[{iov_base={{len=20, type=NLMSG_DONE, flags=NLM_F_MULTI, seq=1684369974, pid=71}, 0}, iov_len=4096}], msg_iovlen=1, msg_controllen=0, msg_flags=0}, 0) = 20
2023-05-18T00:32:54.028661147Z 00:32:54.028420 socket(AF_UNIX, SOCK_STREAM|SOCK_CLOEXEC|SOCK_NONBLOCK, 0) = 8
2023-05-18T00:32:54.028777152Z 00:32:54.028532 connect(8, {sa_family=AF_UNIX, sun_path="/var/run/nscd/socket"}, 110) = -1 ENOENT (No such file or directory)
2023-05-18T00:32:54.028912173Z 00:32:54.028733 socket(AF_UNIX, SOCK_STREAM|SOCK_CLOEXEC|SOCK_NONBLOCK, 0) = 8
2023-05-18T00:32:54.029027824Z 00:32:54.028822 connect(8, {sa_family=AF_UNIX, sun_path="/var/run/nscd/socket"}, 110) = -1 ENOENT (No such file or directory)
2023-05-18T00:32:54.030674701Z 00:32:54.030440 socket(AF_INET, SOCK_DGRAM|SOCK_CLOEXEC|SOCK_NONBLOCK, IPPROTO_IP) = 8
2023-05-18T00:32:54.030821023Z 00:32:54.030559 connect(8, {sa_family=AF_INET, sin_port=htons(53), sin_addr=inet_addr("10.28.0.10")}, 16) = 0
2023-05-18T00:32:54.031151115Z 00:32:54.030789 sendto(8, "\240\374\1\0\0\1\0\0\0\0\0\0\rflux-sample-0\fflux-"..., 76, MSG_NOSIGNAL, NULL, 0) = 76
2023-05-18T00:32:54.032985887Z 00:32:54.032611 recvfrom(8, "\240\374\201\200\0\1\0\1\0\0\0\0\rflux-sample-0\fflux-"..., 1024, 0, {sa_family=AF_INET, sin_port=htons(53), sin_addr=inet_addr("10.28.0.10")}, [28->16]) = 92
2023-05-18T00:32:54.037677792Z broker.info[3]: start: none->join 2.09676ms
2023-05-18T00:33:24.262850546Z broker.info[3]: parent-ready: join->init 30.225s
2023-05-18T00:33:24.263257521Z 00:33:24.262934 socketpair(AF_UNIX, SOCK_STREAM|SOCK_CLOEXEC, 0, [22, 23]) = 0
2023-05-18T00:33:24.263630326Z 00:33:24.263274 socketpair(AF_UNIX, SOCK_STREAM, 0, [24, 25]) = 0
2023-05-18T00:33:24.264003785Z 00:33:24.263753 socketpair(AF_UNIX, SOCK_STREAM, 0, [26, 27]) = 0
2023-05-18T00:33:24.264396955Z 00:33:24.264142 socketpair(AF_UNIX, SOCK_STREAM, 0, [28, 29]) = 0
2023-05-18T00:33:24.293520832Z broker.info[3]: configuration updated
2023-05-18T00:33:24.444643080Z broker.info[3]: rc1.0: running /etc/flux/rc1.d/01-sched-fluxion
2023-05-18T00:33:24.459271074Z broker.info[3]: rc1.0: running /etc/flux/rc1.d/02-cron
2023-05-18T00:33:24.494912622Z broker.info[3]: rc1.0: /etc/flux/rc1 Exited (rc=0) 0.2s
2023-05-18T00:33:24.496676571Z broker.info[3]: rc1-success: init->quorum 0.233477s
2023-05-18T00:33:26.038514146Z broker.info[3]: quorum-full: quorum->run 1.54077s
2023-05-18T00:33:26.715212927Z 00:33:26.714833 socketpair(AF_UNIX, SOCK_STREAM|SOCK_CLOEXEC, 0, [22, 23]) = 0
2023-05-18T00:33:26.715742002Z 00:33:26.715045 socketpair(AF_UNIX, SOCK_STREAM, 0, [24, 25]) = 0
2023-05-18T00:33:26.715769039Z 00:33:26.715280 socketpair(AF_UNIX, SOCK_STREAM, 0, [26, 28]) = 0
2023-05-18T00:33:26.716322792Z 00:33:26.715826 socketpair(AF_UNIX, SOCK_STREAM, 0, [58, 59]) = 0
2023-05-18T00:33:37.679281702Z broker.info[3]: shutdown: run->cleanup 11.6405s
2023-05-18T00:33:37.681512860Z broker.info[3]: cleanup-none: cleanup->shutdown 1.42205ms
2023-05-18T00:33:37.683274202Z broker.info[3]: children-none: shutdown->finalize 1.06633ms
2023-05-18T00:33:37.683767419Z 00:33:37.683479 socketpair(AF_UNIX, SOCK_STREAM|SOCK_CLOEXEC, 0, [22, 23]) = 0
2023-05-18T00:33:37.683891140Z 00:33:37.683727 socketpair(AF_UNIX, SOCK_STREAM, 0, [24, 25]) = 0
2023-05-18T00:33:37.684379608Z 00:33:37.684058 socketpair(AF_UNIX, SOCK_STREAM, 0, [26, 28]) = 0
2023-05-18T00:33:37.684934119Z 00:33:37.684701 socketpair(AF_UNIX, SOCK_STREAM, 0, [58, 59]) = 0
2023-05-18T00:33:37.704610388Z broker.info[3]: rc3.0: running /etc/flux/rc3.d/01-sched-fluxion
2023-05-18T00:33:37.857457663Z broker.info[3]: rc3.0: /etc/flux/rc3 Exited (rc=0) 0.2s
2023-05-18T00:33:37.858934844Z broker.info[3]: rc3-success: finalize->goodbye 0.175249s
2023-05-18T00:33:37.860667760Z broker.info[3]: goodbye: goodbye->exit 1.00811ms
2023-05-18T00:33:37.869132380Z 00:33:37.868880 +++ exited with 0 +++
2023-05-18T00:33:37.870702532Z Return value for follower worker is 0
2023-05-18T00:33:37.870852697Z The follower worker exited cleanly. Goodbye!
