2023-05-18T02:25:21.003799325Z
2023-05-18T02:25:21.004431544Z Flux username: flux
2023-05-18T02:25:21.004445645Z
2023-05-18T02:25:21.004450763Z Flux install root: /usr
2023-05-18T02:25:21.056937008Z flux user is already added.
2023-05-18T02:25:21.061742512Z flux user identifiers:
2023-05-18T02:25:21.061804175Z uid=1234(flux) gid=1234(flux) groups=1234(flux)
2023-05-18T02:25:21.061813308Z
2023-05-18T02:25:21.061831780Z As Flux prefix for flux commands: sudo -u flux -E PYTHONPATH=/opt/conda/lib/python3.10/site-packages -E PATH=/opt/conda/bin:/usr/local/sbin:/usr/local/bin:/usr/sbin:/usr/bin:/sbin:/bin -E LD_LIBRARY_PATH=/opt/conda/lib -E HOME=/home/flux
2023-05-18T02:25:21.072004335Z
2023-05-18T02:25:21.072058376Z 👋 Hello, I'm flux-sample-1
2023-05-18T02:25:21.072502154Z The main host is flux-sample-0
2023-05-18T02:25:21.072648955Z The working directory is /home/flux/examples/reaxff/HNS, contents include:
2023-05-18T02:25:21.074990759Z /home/flux/examples/reaxff/HNS:
2023-05-18T02:25:21.075198303Z README.txt	ffield.reax.hns  log.8Mar18.reaxc.hns.g++.1
2023-05-18T02:25:21.075211204Z data.hns-equil	in.reaxc.hns	 log.8Mar18.reaxc.hns.g++.4
2023-05-18T02:25:21.075521436Z End of file listing, if you see nothing above there are no files.
2023-05-18T02:25:21.078271589Z flux R encode --hosts=flux-sample-[0-3]
2023-05-18T02:25:21.095240343Z
2023-05-18T02:25:21.095366130Z 📦 Resources
2023-05-18T02:25:21.097530656Z {"version": 1, "execution": {"R_lite": [{"rank": "0-3", "children": {"core": "0"}}], "starttime": 0.0, "expiration": 0.0, "nodelist": ["flux-sample-[0-3]"]}}
2023-05-18T02:25:21.097911097Z
2023-05-18T02:25:21.097932713Z 🐸 Diagnostics: false
2023-05-18T02:25:21.098163801Z 🚩️ Flux Option Flags defined
2023-05-18T02:25:21.105599319Z
2023-05-18T02:25:21.105640200Z 🦊 Independent Minister of Privilege
2023-05-18T02:25:21.107494675Z [exec]
2023-05-18T02:25:21.107524689Z allowed-users = [ "flux", "root" ]
2023-05-18T02:25:21.107545295Z allowed-shells = [ "/usr/libexec/flux/flux-shell" ]
2023-05-18T02:25:21.107798956Z
2023-05-18T02:25:21.107814401Z 🐸 Broker Configuration
2023-05-18T02:25:21.109577001Z # Flux needs to know the path to the IMP executable
2023-05-18T02:25:21.109609401Z [exec]
2023-05-18T02:25:21.109627989Z imp = "/usr/libexec/flux/flux-imp"
2023-05-18T02:25:21.109633376Z
2023-05-18T02:25:21.109638792Z [access]
2023-05-18T02:25:21.109645195Z allow-guest-user = true
2023-05-18T02:25:21.109652217Z allow-root-owner = true
2023-05-18T02:25:21.109657454Z
2023-05-18T02:25:21.109662483Z # Point to resource definition generated with flux-R(1).
2023-05-18T02:25:21.109667396Z [resource]
2023-05-18T02:25:21.109673171Z path = "/etc/flux/system/R"
2023-05-18T02:25:21.109677772Z
2023-05-18T02:25:21.109682617Z [bootstrap]
2023-05-18T02:25:21.109687470Z curve_cert = "/etc/curve/curve.cert"
2023-05-18T02:25:21.109694680Z default_port = 8050
2023-05-18T02:25:21.109701207Z default_bind = "tcp://eth0:%p"
2023-05-18T02:25:21.109708064Z default_connect = "tcp://%h.flux-service.flux-operator.svc.cluster.local:%p"
2023-05-18T02:25:21.109712792Z hosts = [
2023-05-18T02:25:21.109717535Z 	{ host="flux-sample-[0-3]"},
2023-05-18T02:25:21.109722493Z ]
2023-05-18T02:25:21.109727636Z
2023-05-18T02:25:21.109732461Z [archive]
2023-05-18T02:25:21.109739326Z dbpath = "/var/lib/flux/job-archive.sqlite"
2023-05-18T02:25:21.109744796Z period = "1m"
2023-05-18T02:25:21.210378170Z busytimeout = "50s"
2023-05-18T02:25:21.210426072Z 🧊️ State Directory:
2023-05-18T02:25:21.210434704Z total 0
2023-05-18T02:25:21.210441100Z
2023-05-18T02:25:21.214014787Z
2023-05-18T02:25:21.214046174Z 🔒️ Working directory permissions:
2023-05-18T02:25:21.214052630Z total 96
2023-05-18T02:25:21.214058428Z -rwxrwxrwx 1 flux root  2517 May 17 22:32 README.txt
2023-05-18T02:25:21.214066237Z -rwxrwxrwx 1 flux root 54692 May 17 22:32 data.hns-equil
2023-05-18T02:25:21.214072691Z -rwxrwxrwx 1 flux root 13576 May 17 22:32 ffield.reax.hns
2023-05-18T02:25:21.214078146Z -rwxrwxrwx 1 flux root   870 May 17 22:32 in.reaxc.hns
2023-05-18T02:25:21.214083787Z -rwxrwxrwx 1 flux root  4172 May 17 22:32 log.8Mar18.reaxc.hns.g++.1
2023-05-18T02:25:21.214089114Z -rwxrwxrwx 1 flux root  4168 May 17 22:32 log.8Mar18.reaxc.hns.g++.4
2023-05-18T02:25:21.214093735Z
2023-05-18T02:25:21.214098089Z
2023-05-18T02:25:21.214103114Z ✨ Curve certificate generated by helper pod
2023-05-18T02:25:21.214968132Z #   ****  Generated on 2023-04-26 22:54:42 by CZMQ  ****
2023-05-18T02:25:21.214987922Z #   ZeroMQ CURVE **Secret** Certificate
2023-05-18T02:25:21.214993779Z #   DO NOT PROVIDE THIS FILE TO OTHER USERS nor change its permissions.
2023-05-18T02:25:21.214998449Z
2023-05-18T02:25:21.215013299Z metadata
2023-05-18T02:25:21.215021647Z     name = "flux-cert-generator"
2023-05-18T02:25:21.215028062Z     keygen.hostname = "flux-sample-0"
2023-05-18T02:25:21.215033001Z curve
2023-05-18T02:25:21.215038524Z     public-key = "JK{iO)J&Sl@sL7!O}m6=NHa8R)s]ijQ+z<Q8if2F"
2023-05-18T02:25:21.215043351Z     secret-key = "@/dQ1Bb.@gO^ObU=(p4jexH30l%.}C-j2@8QGj6+"
2023-05-18T02:25:21.217165787Z
2023-05-18T02:25:21.217192360Z 🌀  flux start --wrap=strace,-e,network,-tt -o --config /etc/flux/config -Scron.directory=/etc/flux/system/cron.d   -Stbon.fanout=256   -Srundir=/run/flux    -Sstatedir=/var/lib/flux   -Slocal-uri=local:///run/flux/local   -Stbon.zmqdebug=1  -Slog-stderr-level=6    -Slog-stderr-mode=local
2023-05-18T02:25:21.262694536Z 02:25:21.262138 socket(AF_NETLINK, SOCK_RAW, NETLINK_ROUTE) = 8
2023-05-18T02:25:21.262748813Z 02:25:21.262399 bind(8, {sa_family=AF_NETLINK, nl_pid=0, nl_groups=00000000}, 12) = 0
2023-05-18T02:25:21.262756357Z 02:25:21.262481 getsockname(8, {sa_family=AF_NETLINK, nl_pid=70, nl_groups=00000000}, [12]) = 0
2023-05-18T02:25:21.263006104Z 02:25:21.262554 sendto(8, {{len=20, type=RTM_GETADDR, flags=NLM_F_REQUEST|NLM_F_DUMP, seq=1684376721, pid=0}, {ifa_family=AF_UNSPEC, ...}}, 20, 0, {sa_family=AF_NETLINK, nl_pid=0, nl_groups=00000000}, 12) = 20
2023-05-18T02:25:21.263277638Z 02:25:21.262835 recvmsg(8, {msg_name={sa_family=AF_NETLINK, nl_pid=0, nl_groups=00000000}, msg_namelen=12, msg_iov=[{iov_base=[{{len=76, type=RTM_NEWADDR, flags=NLM_F_MULTI, seq=1684376721, pid=70}, {ifa_family=AF_INET, ifa_prefixlen=8, ifa_flags=IFA_F_PERMANENT, ifa_scope=RT_SCOPE_HOST, ifa_index=if_nametoindex("lo")}, [{{nla_len=8, nla_type=IFA_ADDRESS}, 127.0.0.1}, {{nla_len=8, nla_type=IFA_LOCAL}, 127.0.0.1}, {{nla_len=7, nla_type=IFA_LABEL}, "lo"}, {{nla_len=8, nla_type=IFA_FLAGS}, IFA_F_PERMANENT}, {{nla_len=20, nla_type=IFA_CACHEINFO}, {ifa_prefered=4294967295, ifa_valid=4294967295, cstamp=1602603, tstamp=1602603}}]}, {{len=88, type=RTM_NEWADDR, flags=NLM_F_MULTI, seq=1684376721, pid=70}, {ifa_family=AF_INET, ifa_prefixlen=24, ifa_flags=IFA_F_PERMANENT, ifa_scope=RT_SCOPE_UNIVERSE, ifa_index=if_nametoindex("eth0")}, [{{nla_len=8, nla_type=IFA_ADDRESS}, 10.24.0.194}, {{nla_len=8, nla_type=IFA_LOCAL}, 10.24.0.194}, {{nla_len=8, nla_type=IFA_BROADCAST}, 10.24.0.255}, {{nla_len=9, nla_type=IFA_LABEL}, "eth0"}, {{nla_len=8, nla_type=IFA_FLAGS}, IFA_F_PERMANENT}, {{nla_len=20, nla_type=IFA_CACHEINFO}, {ifa_prefered=4294967295, ifa_valid=4294967295, cstamp=1602608, tstamp=1602608}}]}], iov_len=4096}], msg_iovlen=1, msg_controllen=0, msg_flags=0}, 0) = 164
2023-05-18T02:25:21.263466706Z 02:25:21.263169 recvmsg(8, {msg_name={sa_family=AF_NETLINK, nl_pid=0, nl_groups=00000000}, msg_namelen=12, msg_iov=[{iov_base={{len=20, type=NLMSG_DONE, flags=NLM_F_MULTI, seq=1684376721, pid=70}, 0}, iov_len=4096}], msg_iovlen=1, msg_controllen=0, msg_flags=0}, 0) = 20
2023-05-18T02:25:21.263985003Z 02:25:21.263761 socket(AF_UNIX, SOCK_STREAM|SOCK_CLOEXEC|SOCK_NONBLOCK, 0) = 8
2023-05-18T02:25:21.264001868Z 02:25:21.263835 connect(8, {sa_family=AF_UNIX, sun_path="/var/run/nscd/socket"}, 110) = -1 ENOENT (No such file or directory)
2023-05-18T02:25:21.264134353Z 02:25:21.263956 socket(AF_UNIX, SOCK_STREAM|SOCK_CLOEXEC|SOCK_NONBLOCK, 0) = 8
2023-05-18T02:25:21.264229576Z 02:25:21.264012 connect(8, {sa_family=AF_UNIX, sun_path="/var/run/nscd/socket"}, 110) = -1 ENOENT (No such file or directory)
2023-05-18T02:25:21.266569194Z 02:25:21.266325 socket(AF_INET, SOCK_DGRAM|SOCK_CLOEXEC|SOCK_NONBLOCK, IPPROTO_IP) = 8
2023-05-18T02:25:21.266775115Z 02:25:21.266561 connect(8, {sa_family=AF_INET, sin_port=htons(53), sin_addr=inet_addr("10.28.0.10")}, 16) = 0
2023-05-18T02:25:21.268066177Z 02:25:21.266925 sendto(8, "\2572\1\0\0\1\0\0\0\0\0\0\rflux-sample-0\fflux-"..., 76, MSG_NOSIGNAL, NULL, 0) = 76
2023-05-18T02:25:21.268493382Z 02:25:21.268232 recvfrom(8, "\2572\201\203\0\1\0\0\0\1\0\0\rflux-sample-0\fflux-"..., 1024, 0, {sa_family=AF_INET, sin_port=htons(53), sin_addr=inet_addr("10.28.0.10")}, [28->16]) = 169
2023-05-18T02:25:21.268713912Z 02:25:21.268545 socket(AF_INET, SOCK_DGRAM|SOCK_CLOEXEC|SOCK_NONBLOCK, IPPROTO_IP) = 8
2023-05-18T02:25:21.268798172Z 02:25:21.268658 connect(8, {sa_family=AF_INET, sin_port=htons(53), sin_addr=inet_addr("10.28.0.10")}, 16) = 0
2023-05-18T02:25:21.269349100Z 02:25:21.268824 sendto(8, "!\202\1\0\0\1\0\0\0\0\0\0\rflux-sample-0\fflux-"..., 108, MSG_NOSIGNAL, NULL, 0) = 108
2023-05-18T02:25:21.269994415Z 02:25:21.269719 recvfrom(8, "!\202\201\203\0\1\0\0\0\1\0\0\rflux-sample-0\fflux-"..., 1024, 0, {sa_family=AF_INET, sin_port=htons(53), sin_addr=inet_addr("10.28.0.10")}, [28->16]) = 201
2023-05-18T02:25:21.270252732Z 02:25:21.269972 socket(AF_INET, SOCK_DGRAM|SOCK_CLOEXEC|SOCK_NONBLOCK, IPPROTO_IP) = 8
2023-05-18T02:25:21.270265397Z 02:25:21.270093 connect(8, {sa_family=AF_INET, sin_port=htons(53), sin_addr=inet_addr("10.28.0.10")}, 16) = 0
2023-05-18T02:25:21.270491505Z 02:25:21.270241 sendto(8, "+\247\1\0\0\1\0\0\0\0\0\0\rflux-sample-0\fflux-"..., 94, MSG_NOSIGNAL, NULL, 0) = 94
2023-05-18T02:25:21.272758525Z 02:25:21.272510 recvfrom(8, "+\247\201\203\0\1\0\0\0\1\0\0\rflux-sample-0\fflux-"..., 1024, 0, {sa_family=AF_INET, sin_port=htons(53), sin_addr=inet_addr("10.28.0.10")}, [28->16]) = 187
2023-05-18T02:25:21.272881133Z 02:25:21.272763 socket(AF_INET, SOCK_DGRAM|SOCK_CLOEXEC|SOCK_NONBLOCK, IPPROTO_IP) = 8
2023-05-18T02:25:21.272999626Z 02:25:21.272868 connect(8, {sa_family=AF_INET, sin_port=htons(53), sin_addr=inet_addr("10.28.0.10")}, 16) = 0
2023-05-18T02:25:21.273302556Z 02:25:21.273015 sendto(8, "\363\224\1\0\0\1\0\0\0\0\0\0\rflux-sample-0\fflux-"..., 90, MSG_NOSIGNAL, NULL, 0) = 90
2023-05-18T02:25:21.274087872Z 02:25:21.273857 recvfrom(8, "\363\224\201\203\0\1\0\0\0\1\0\0\rflux-sample-0\fflux-"..., 1024, 0, {sa_family=AF_INET, sin_port=htons(53), sin_addr=inet_addr("10.28.0.10")}, [28->16]) = 183
2023-05-18T02:25:21.274156296Z 02:25:21.274062 socket(AF_INET, SOCK_DGRAM|SOCK_CLOEXEC|SOCK_NONBLOCK, IPPROTO_IP) = 8
2023-05-18T02:25:21.274299780Z 02:25:21.274160 connect(8, {sa_family=AF_INET, sin_port=htons(53), sin_addr=inet_addr("10.28.0.10")}, 16) = 0
2023-05-18T02:25:21.274577312Z 02:25:21.274319 sendto(8, "\244\"\1\0\0\1\0\0\0\0\0\0\rflux-sample-0\fflux-"..., 111, MSG_NOSIGNAL, NULL, 0) = 111
2023-05-18T02:25:21.281095306Z 02:25:21.280765 recvfrom(8, "\244\"\201\203\0\1\0\0\0\1\0\0\rflux-sample-0\fflux-"..., 1024, 0, {sa_family=AF_INET, sin_port=htons(53), sin_addr=inet_addr("10.28.0.10")}, [28->16]) = 205
2023-05-18T02:25:21.281245358Z 02:25:21.281061 socket(AF_INET, SOCK_DGRAM|SOCK_CLOEXEC|SOCK_NONBLOCK, IPPROTO_IP) = 8
2023-05-18T02:25:21.281329291Z 02:25:21.281157 connect(8, {sa_family=AF_INET, sin_port=htons(53), sin_addr=inet_addr("10.28.0.10")}, 16) = 0
2023-05-18T02:25:21.281623878Z 02:25:21.281338 sendto(8, "\327\272\1\0\0\1\0\0\0\0\0\0\rflux-sample-0\fflux-"..., 97, MSG_NOSIGNAL, NULL, 0) = 97
2023-05-18T02:25:21.287063989Z 02:25:21.286607 recvfrom(8, "\327\272\201\203\0\1\0\0\0\1\0\0\rflux-sample-0\fflux-"..., 1024, 0, {sa_family=AF_INET, sin_port=htons(53), sin_addr=inet_addr("10.28.0.10")}, [28->16]) = 186
2023-05-18T02:25:21.287106753Z 02:25:21.286844 socket(AF_INET, SOCK_DGRAM|SOCK_CLOEXEC|SOCK_NONBLOCK, IPPROTO_IP) = 8
2023-05-18T02:25:21.287116162Z 02:25:21.286912 connect(8, {sa_family=AF_INET, sin_port=htons(53), sin_addr=inet_addr("10.28.0.10")}, 16) = 0
2023-05-18T02:25:21.287206053Z 02:25:21.287021 sendto(8, "g\257\1\0\0\1\0\0\0\0\0\0\rflux-sample-0\fflux-"..., 92, MSG_NOSIGNAL, NULL, 0) = 92
2023-05-18T02:25:21.293389371Z 02:25:21.292931 recvfrom(8, "g\257\201\203\0\1\0\0\0\1\0\0\rflux-sample-0\fflux-"..., 1024, 0, {sa_family=AF_INET, sin_port=htons(53), sin_addr=inet_addr("10.28.0.10")}, [28->16]) = 181
2023-05-18T02:25:21.293521826Z broker.err[1]: Warning: unable to resolve upstream peer flux-sample-0.flux-service.flux-operator.svc.cluster.local: Name or service not known
2023-05-18T02:25:21.300232054Z broker.info[1]: start: none->join 2.07693ms
2023-05-18T02:25:51.461688316Z broker.info[1]: parent-ready: join->init 30.161s
2023-05-18T02:25:51.462591320Z 02:25:51.461776 socketpair(AF_UNIX, SOCK_STREAM|SOCK_CLOEXEC, 0, [22, 23]) = 0
2023-05-18T02:25:51.462914334Z 02:25:51.462074 socketpair(AF_UNIX, SOCK_STREAM, 0, [24, 25]) = 0
2023-05-18T02:25:51.463116987Z 02:25:51.462348 socketpair(AF_UNIX, SOCK_STREAM, 0, [26, 27]) = 0
2023-05-18T02:25:51.463327668Z 02:25:51.462655 socketpair(AF_UNIX, SOCK_STREAM, 0, [28, 29]) = 0
2023-05-18T02:25:51.492589842Z broker.info[1]: configuration updated
2023-05-18T02:25:51.645387857Z broker.info[1]: rc1.0: running /etc/flux/rc1.d/01-sched-fluxion
2023-05-18T02:25:51.661131931Z broker.info[1]: rc1.0: running /etc/flux/rc1.d/02-cron
2023-05-18T02:25:51.696936265Z broker.info[1]: rc1.0: /etc/flux/rc1 Exited (rc=0) 0.2s
2023-05-18T02:25:51.698494732Z broker.info[1]: rc1-success: init->quorum 0.236479s
2023-05-18T02:25:52.826028423Z broker.info[1]: quorum-full: quorum->run 1.12696s
2023-05-18T02:26:04.825811446Z broker.info[1]: shutdown: run->cleanup 11.9991s
2023-05-18T02:26:04.827444984Z broker.info[1]: cleanup-none: cleanup->shutdown 1.68968ms
2023-05-18T02:26:04.828502516Z broker.info[1]: children-none: shutdown->finalize 0.732345ms
2023-05-18T02:26:04.828861048Z 02:26:04.828149 socketpair(AF_UNIX, SOCK_STREAM|SOCK_CLOEXEC, 0, [22, 23]) = 0
2023-05-18T02:26:04.829059698Z 02:26:04.828353 socketpair(AF_UNIX, SOCK_STREAM, 0, [24, 25]) = 0
2023-05-18T02:26:04.829244867Z 02:26:04.828534 socketpair(AF_UNIX, SOCK_STREAM, 0, [26, 28]) = 0
2023-05-18T02:26:04.829449495Z 02:26:04.828699 socketpair(AF_UNIX, SOCK_STREAM, 0, [58, 59]) = 0
2023-05-18T02:26:04.848978044Z broker.info[1]: rc3.0: running /etc/flux/rc3.d/01-sched-fluxion
2023-05-18T02:26:05.014368344Z broker.info[1]: rc3.0: /etc/flux/rc3 Exited (rc=0) 0.2s
2023-05-18T02:26:05.015353227Z broker.info[1]: rc3-success: finalize->goodbye 0.187001s
2023-05-18T02:26:05.016498358Z broker.info[1]: goodbye: goodbye->exit 0.700963ms
2023-05-18T02:26:05.024496517Z 02:26:05.024126 +++ exited with 0 +++
2023-05-18T02:26:05.028061472Z Return value for follower worker is 0
2023-05-18T02:26:05.028812970Z The follower worker exited cleanly. Goodbye!
