2023-05-18T02:23:42.234386100Z
2023-05-18T02:23:42.234456351Z Flux username: flux
2023-05-18T02:23:42.234463528Z
2023-05-18T02:23:42.234468506Z Flux install root: /usr
2023-05-18T02:23:42.295962897Z flux user is already added.
2023-05-18T02:23:42.299479420Z flux user identifiers:
2023-05-18T02:23:42.299524099Z uid=1234(flux) gid=1234(flux) groups=1234(flux)
2023-05-18T02:23:42.299540719Z
2023-05-18T02:23:42.299550463Z As Flux prefix for flux commands: sudo -u flux -E PYTHONPATH=/opt/conda/lib/python3.10/site-packages -E PATH=/opt/conda/bin:/usr/local/sbin:/usr/local/bin:/usr/sbin:/usr/bin:/sbin:/bin -E LD_LIBRARY_PATH=/opt/conda/lib -E HOME=/home/flux
2023-05-18T02:23:42.308860477Z
2023-05-18T02:23:42.308906423Z 👋 Hello, I'm flux-sample-1
2023-05-18T02:23:42.309025063Z The main host is flux-sample-0
2023-05-18T02:23:42.309036559Z The working directory is /home/flux/examples/reaxff/HNS, contents include:
2023-05-18T02:23:42.311155864Z /home/flux/examples/reaxff/HNS:
2023-05-18T02:23:42.311318921Z README.txt	ffield.reax.hns  log.8Mar18.reaxc.hns.g++.1
2023-05-18T02:23:42.311332261Z data.hns-equil	in.reaxc.hns	 log.8Mar18.reaxc.hns.g++.4
2023-05-18T02:23:42.311595982Z End of file listing, if you see nothing above there are no files.
2023-05-18T02:23:42.313981619Z flux R encode --hosts=flux-sample-[0-3]
2023-05-18T02:23:42.331168365Z
2023-05-18T02:23:42.331212339Z 📦 Resources
2023-05-18T02:23:42.333359759Z {"version": 1, "execution": {"R_lite": [{"rank": "0-3", "children": {"core": "0"}}], "starttime": 0.0, "expiration": 0.0, "nodelist": ["flux-sample-[0-3]"]}}
2023-05-18T02:23:42.333720701Z
2023-05-18T02:23:42.333740440Z 🐸 Diagnostics: false
2023-05-18T02:23:42.334004844Z 🚩️ Flux Option Flags defined
2023-05-18T02:23:42.338906810Z
2023-05-18T02:23:42.338940532Z 🦊 Independent Minister of Privilege
2023-05-18T02:23:42.340579960Z [exec]
2023-05-18T02:23:42.340605548Z allowed-users = [ "flux", "root" ]
2023-05-18T02:23:42.340612535Z allowed-shells = [ "/usr/libexec/flux/flux-shell" ]
2023-05-18T02:23:42.340858204Z
2023-05-18T02:23:42.340876793Z 🐸 Broker Configuration
2023-05-18T02:23:42.342417753Z # Flux needs to know the path to the IMP executable
2023-05-18T02:23:42.342438896Z [exec]
2023-05-18T02:23:42.342445208Z imp = "/usr/libexec/flux/flux-imp"
2023-05-18T02:23:42.342449913Z
2023-05-18T02:23:42.342454665Z [access]
2023-05-18T02:23:42.342462429Z allow-guest-user = true
2023-05-18T02:23:42.342468309Z allow-root-owner = true
2023-05-18T02:23:42.342473125Z
2023-05-18T02:23:42.342478360Z # Point to resource definition generated with flux-R(1).
2023-05-18T02:23:42.342483645Z [resource]
2023-05-18T02:23:42.342489197Z path = "/etc/flux/system/R"
2023-05-18T02:23:42.342493708Z
2023-05-18T02:23:42.342498466Z [bootstrap]
2023-05-18T02:23:42.342505416Z curve_cert = "/etc/curve/curve.cert"
2023-05-18T02:23:42.342511158Z default_port = 8050
2023-05-18T02:23:42.342516148Z default_bind = "tcp://eth0:%p"
2023-05-18T02:23:42.342522064Z default_connect = "tcp://%h.flux-service.flux-operator.svc.cluster.local:%p"
2023-05-18T02:23:42.342526813Z hosts = [
2023-05-18T02:23:42.342531686Z 	{ host="flux-sample-[0-3]"},
2023-05-18T02:23:42.342536881Z ]
2023-05-18T02:23:42.342541202Z
2023-05-18T02:23:42.342547942Z [archive]
2023-05-18T02:23:42.342553871Z dbpath = "/var/lib/flux/job-archive.sqlite"
2023-05-18T02:23:42.342558735Z period = "1m"
2023-05-18T02:23:42.447263601Z busytimeout = "50s"
2023-05-18T02:23:42.447325525Z 🧊️ State Directory:
2023-05-18T02:23:42.447333519Z total 0
2023-05-18T02:23:42.447338539Z
2023-05-18T02:23:42.451947500Z
2023-05-18T02:23:42.451992749Z 🔒️ Working directory permissions:
2023-05-18T02:23:42.452001286Z total 96
2023-05-18T02:23:42.452008670Z -rwxrwxrwx 1 flux root  2517 May 17 22:32 README.txt
2023-05-18T02:23:42.452014271Z -rwxrwxrwx 1 flux root 54692 May 17 22:32 data.hns-equil
2023-05-18T02:23:42.452019201Z -rwxrwxrwx 1 flux root 13576 May 17 22:32 ffield.reax.hns
2023-05-18T02:23:42.452024152Z -rwxrwxrwx 1 flux root   870 May 17 22:32 in.reaxc.hns
2023-05-18T02:23:42.452030022Z -rwxrwxrwx 1 flux root  4172 May 17 22:32 log.8Mar18.reaxc.hns.g++.1
2023-05-18T02:23:42.452034805Z -rwxrwxrwx 1 flux root  4168 May 17 22:32 log.8Mar18.reaxc.hns.g++.4
2023-05-18T02:23:42.452039351Z
2023-05-18T02:23:42.452220458Z
2023-05-18T02:23:42.452234057Z ✨ Curve certificate generated by helper pod
2023-05-18T02:23:42.454273352Z #   ****  Generated on 2023-04-26 22:54:42 by CZMQ  ****
2023-05-18T02:23:42.454326476Z #   ZeroMQ CURVE **Secret** Certificate
2023-05-18T02:23:42.454333984Z #   DO NOT PROVIDE THIS FILE TO OTHER USERS nor change its permissions.
2023-05-18T02:23:42.454339437Z
2023-05-18T02:23:42.454344240Z metadata
2023-05-18T02:23:42.454349671Z     name = "flux-cert-generator"
2023-05-18T02:23:42.454356691Z     keygen.hostname = "flux-sample-0"
2023-05-18T02:23:42.454363184Z curve
2023-05-18T02:23:42.454368702Z     public-key = "b2Nh{C2c=<ZWtOmo(*]P1k+=m9hav<Epg0cc)-.6"
2023-05-18T02:23:42.454373609Z     secret-key = "e>AAKu//zG2xE2auJAM@5JdGak-]llu*0WC}MkJ#"
2023-05-18T02:23:42.456808627Z
2023-05-18T02:23:42.456874765Z 🌀  flux start --wrap=strace,-e,network,-tt -o --config /etc/flux/config -Scron.directory=/etc/flux/system/cron.d   -Stbon.fanout=256   -Srundir=/run/flux    -Sstatedir=/var/lib/flux   -Slocal-uri=local:///run/flux/local   -Stbon.zmqdebug=1  -Slog-stderr-level=6    -Slog-stderr-mode=local
2023-05-18T02:23:42.502569636Z 02:23:42.502245 socket(AF_NETLINK, SOCK_RAW, NETLINK_ROUTE) = 8
2023-05-18T02:23:42.502784002Z 02:23:42.502591 bind(8, {sa_family=AF_NETLINK, nl_pid=0, nl_groups=00000000}, 12) = 0
2023-05-18T02:23:42.503334726Z 02:23:42.502737 getsockname(8, {sa_family=AF_NETLINK, nl_pid=70, nl_groups=00000000}, [12]) = 0
2023-05-18T02:23:42.503653760Z 02:23:42.503147 sendto(8, {{len=20, type=RTM_GETADDR, flags=NLM_F_REQUEST|NLM_F_DUMP, seq=1684376622, pid=0}, {ifa_family=AF_UNSPEC, ...}}, 20, 0, {sa_family=AF_NETLINK, nl_pid=0, nl_groups=00000000}, 12) = 20
2023-05-18T02:23:42.504169484Z 02:23:42.503617 recvmsg(8, {msg_name={sa_family=AF_NETLINK, nl_pid=0, nl_groups=00000000}, msg_namelen=12, msg_iov=[{iov_base=[{{len=76, type=RTM_NEWADDR, flags=NLM_F_MULTI, seq=1684376622, pid=70}, {ifa_family=AF_INET, ifa_prefixlen=8, ifa_flags=IFA_F_PERMANENT, ifa_scope=RT_SCOPE_HOST, ifa_index=if_nametoindex("lo")}, [{{nla_len=8, nla_type=IFA_ADDRESS}, 127.0.0.1}, {{nla_len=8, nla_type=IFA_LOCAL}, 127.0.0.1}, {{nla_len=7, nla_type=IFA_LABEL}, "lo"}, {{nla_len=8, nla_type=IFA_FLAGS}, IFA_F_PERMANENT}, {{nla_len=20, nla_type=IFA_CACHEINFO}, {ifa_prefered=4294967295, ifa_valid=4294967295, cstamp=1592730, tstamp=1592730}}]}, {{len=88, type=RTM_NEWADDR, flags=NLM_F_MULTI, seq=1684376622, pid=70}, {ifa_family=AF_INET, ifa_prefixlen=24, ifa_flags=IFA_F_PERMANENT, ifa_scope=RT_SCOPE_UNIVERSE, ifa_index=if_nametoindex("eth0")}, [{{nla_len=8, nla_type=IFA_ADDRESS}, 10.24.0.192}, {{nla_len=8, nla_type=IFA_LOCAL}, 10.24.0.192}, {{nla_len=8, nla_type=IFA_BROADCAST}, 10.24.0.255}, {{nla_len=9, nla_type=IFA_LABEL}, "eth0"}, {{nla_len=8, nla_type=IFA_FLAGS}, IFA_F_PERMANENT}, {{nla_len=20, nla_type=IFA_CACHEINFO}, {ifa_prefered=4294967295, ifa_valid=4294967295, cstamp=1592734, tstamp=1592734}}]}], iov_len=4096}], msg_iovlen=1, msg_controllen=0, msg_flags=0}, 0) = 164
2023-05-18T02:23:42.504342521Z 02:23:42.504101 recvmsg(8, {msg_name={sa_family=AF_NETLINK, nl_pid=0, nl_groups=00000000}, msg_namelen=12, msg_iov=[{iov_base={{len=20, type=NLMSG_DONE, flags=NLM_F_MULTI, seq=1684376622, pid=70}, 0}, iov_len=4096}], msg_iovlen=1, msg_controllen=0, msg_flags=0}, 0) = 20
2023-05-18T02:23:42.505003461Z 02:23:42.504843 socket(AF_UNIX, SOCK_STREAM|SOCK_CLOEXEC|SOCK_NONBLOCK, 0) = 8
2023-05-18T02:23:42.505210330Z 02:23:42.505020 connect(8, {sa_family=AF_UNIX, sun_path="/var/run/nscd/socket"}, 110) = -1 ENOENT (No such file or directory)
2023-05-18T02:23:42.505434459Z 02:23:42.505231 socket(AF_UNIX, SOCK_STREAM|SOCK_CLOEXEC|SOCK_NONBLOCK, 0) = 8
2023-05-18T02:23:42.505601713Z 02:23:42.505410 connect(8, {sa_family=AF_UNIX, sun_path="/var/run/nscd/socket"}, 110) = -1 ENOENT (No such file or directory)
2023-05-18T02:23:42.507161872Z 02:23:42.506953 socket(AF_INET, SOCK_DGRAM|SOCK_CLOEXEC|SOCK_NONBLOCK, IPPROTO_IP) = 8
2023-05-18T02:23:42.507452567Z 02:23:42.507212 connect(8, {sa_family=AF_INET, sin_port=htons(53), sin_addr=inet_addr("10.28.0.10")}, 16) = 0
2023-05-18T02:23:42.508365396Z 02:23:42.507426 sendto(8, "\0\3\1\0\0\1\0\0\0\0\0\0\rflux-sample-0\fflux-"..., 76, MSG_NOSIGNAL, NULL, 0) = 76
2023-05-18T02:23:42.508385061Z 02:23:42.508110 recvfrom(8, "\0\3\201\200\0\1\0\1\0\0\0\0\rflux-sample-0\fflux-"..., 1024, 0, {sa_family=AF_INET, sin_port=htons(53), sin_addr=inet_addr("10.28.0.10")}, [28->16]) = 92
2023-05-18T02:23:42.514142532Z broker.info[1]: start: none->join 2.54425ms
2023-05-18T02:24:12.719684672Z broker.info[1]: parent-ready: join->init 30.2051s
2023-05-18T02:24:12.719761399Z 02:24:12.719344 socketpair(AF_UNIX, SOCK_STREAM|SOCK_CLOEXEC, 0, [22, 23]) = 0
2023-05-18T02:24:12.720367997Z 02:24:12.719518 socketpair(AF_UNIX, SOCK_STREAM, 0, [24, 25]) = 0
2023-05-18T02:24:12.720862835Z 02:24:12.720406 socketpair(AF_UNIX, SOCK_STREAM, 0, [26, 27]) = 0
2023-05-18T02:24:12.721638581Z 02:24:12.720953 socketpair(AF_UNIX, SOCK_STREAM, 0, [28, 29]) = 0
2023-05-18T02:24:12.747936499Z broker.info[1]: configuration updated
2023-05-18T02:24:12.888620265Z broker.info[1]: rc1.0: running /etc/flux/rc1.d/01-sched-fluxion
2023-05-18T02:24:12.901622761Z broker.info[1]: rc1.0: running /etc/flux/rc1.d/02-cron
2023-05-18T02:24:12.939952697Z broker.info[1]: rc1.0: /etc/flux/rc1 Exited (rc=0) 0.2s
2023-05-18T02:24:12.941311929Z broker.info[1]: rc1-success: init->quorum 0.221737s
2023-05-18T02:24:13.717135190Z broker.info[1]: quorum-full: quorum->run 0.775342s
2023-05-18T02:24:26.172580491Z broker.info[1]: shutdown: run->cleanup 12.4548s
2023-05-18T02:24:26.174669547Z broker.info[1]: cleanup-none: cleanup->shutdown 1.20134ms
2023-05-18T02:24:26.175877750Z broker.info[1]: children-none: shutdown->finalize 0.969394ms
2023-05-18T02:24:26.176616139Z 02:24:26.176075 socketpair(AF_UNIX, SOCK_STREAM|SOCK_CLOEXEC, 0, [22, 23]) = 0
2023-05-18T02:24:26.176648119Z 02:24:26.176439 socketpair(AF_UNIX, SOCK_STREAM, 0, [24, 25]) = 0
2023-05-18T02:24:26.176859250Z 02:24:26.176665 socketpair(AF_UNIX, SOCK_STREAM, 0, [26, 28]) = 0
2023-05-18T02:24:26.177034756Z 02:24:26.176883 socketpair(AF_UNIX, SOCK_STREAM, 0, [58, 59]) = 0
2023-05-18T02:24:26.196258693Z broker.info[1]: rc3.0: running /etc/flux/rc3.d/01-sched-fluxion
2023-05-18T02:24:26.337410289Z broker.info[1]: rc3.0: /etc/flux/rc3 Exited (rc=0) 0.2s
2023-05-18T02:24:26.338866357Z broker.info[1]: rc3-success: finalize->goodbye 0.162565s
2023-05-18T02:24:26.340769535Z broker.info[1]: goodbye: goodbye->exit 0.998385ms
2023-05-18T02:24:26.349611488Z 02:24:26.349381 +++ exited with 0 +++
2023-05-18T02:24:26.351232926Z Return value for follower worker is 0
2023-05-18T02:24:26.351427899Z The follower worker exited cleanly. Goodbye!
