2023-05-18T02:22:05.334742314Z
2023-05-18T02:22:05.334794462Z Flux username: flux
2023-05-18T02:22:05.334800122Z
2023-05-18T02:22:05.334804665Z Flux install root: /usr
2023-05-18T02:22:05.409870553Z flux user is already added.
2023-05-18T02:22:05.413977860Z flux user identifiers:
2023-05-18T02:22:05.414029529Z uid=1234(flux) gid=1234(flux) groups=1234(flux)
2023-05-18T02:22:05.414037169Z
2023-05-18T02:22:05.414046864Z As Flux prefix for flux commands: sudo -u flux -E PYTHONPATH=/opt/conda/lib/python3.10/site-packages -E PATH=/opt/conda/bin:/usr/local/sbin:/usr/local/bin:/usr/sbin:/usr/bin:/sbin:/bin -E LD_LIBRARY_PATH=/opt/conda/lib -E HOME=/home/flux
2023-05-18T02:22:05.423780481Z
2023-05-18T02:22:05.423818814Z 👋 Hello, I'm flux-sample-3
2023-05-18T02:22:05.423827707Z The main host is flux-sample-0
2023-05-18T02:22:05.423838594Z The working directory is /home/flux/examples/reaxff/HNS, contents include:
2023-05-18T02:22:05.426119607Z /home/flux/examples/reaxff/HNS:
2023-05-18T02:22:05.426198448Z README.txt	ffield.reax.hns  log.8Mar18.reaxc.hns.g++.1
2023-05-18T02:22:05.426206178Z data.hns-equil	in.reaxc.hns	 log.8Mar18.reaxc.hns.g++.4
2023-05-18T02:22:05.426452559Z End of file listing, if you see nothing above there are no files.
2023-05-18T02:22:05.429146538Z flux R encode --hosts=flux-sample-[0-3]
2023-05-18T02:22:05.448481300Z
2023-05-18T02:22:05.448534133Z 📦 Resources
2023-05-18T02:22:05.450363328Z {"version": 1, "execution": {"R_lite": [{"rank": "0-3", "children": {"core": "0"}}], "starttime": 0.0, "expiration": 0.0, "nodelist": ["flux-sample-[0-3]"]}}
2023-05-18T02:22:05.450911416Z
2023-05-18T02:22:05.450930150Z 🐸 Diagnostics: false
2023-05-18T02:22:05.451094376Z 🚩️ Flux Option Flags defined
2023-05-18T02:22:05.456858413Z
2023-05-18T02:22:05.456929722Z 🦊 Independent Minister of Privilege
2023-05-18T02:22:05.458461393Z [exec]
2023-05-18T02:22:05.458511667Z allowed-users = [ "flux", "root" ]
2023-05-18T02:22:05.458519827Z allowed-shells = [ "/usr/libexec/flux/flux-shell" ]
2023-05-18T02:22:05.458999785Z
2023-05-18T02:22:05.459017587Z 🐸 Broker Configuration
2023-05-18T02:22:05.460611539Z # Flux needs to know the path to the IMP executable
2023-05-18T02:22:05.460627401Z [exec]
2023-05-18T02:22:05.460660036Z imp = "/usr/libexec/flux/flux-imp"
2023-05-18T02:22:05.460667354Z
2023-05-18T02:22:05.460672780Z [access]
2023-05-18T02:22:05.460678493Z allow-guest-user = true
2023-05-18T02:22:05.460683327Z allow-root-owner = true
2023-05-18T02:22:05.460689819Z
2023-05-18T02:22:05.460695877Z # Point to resource definition generated with flux-R(1).
2023-05-18T02:22:05.460701180Z [resource]
2023-05-18T02:22:05.460706305Z path = "/etc/flux/system/R"
2023-05-18T02:22:05.460710936Z
2023-05-18T02:22:05.460715976Z [bootstrap]
2023-05-18T02:22:05.460721127Z curve_cert = "/etc/curve/curve.cert"
2023-05-18T02:22:05.460741719Z default_port = 8050
2023-05-18T02:22:05.460746790Z default_bind = "tcp://eth0:%p"
2023-05-18T02:22:05.460752387Z default_connect = "tcp://%h.flux-service.flux-operator.svc.cluster.local:%p"
2023-05-18T02:22:05.460757438Z hosts = [
2023-05-18T02:22:05.460762106Z 	{ host="flux-sample-[0-3]"},
2023-05-18T02:22:05.460766646Z ]
2023-05-18T02:22:05.460771098Z
2023-05-18T02:22:05.460777927Z [archive]
2023-05-18T02:22:05.460783787Z dbpath = "/var/lib/flux/job-archive.sqlite"
2023-05-18T02:22:05.460788940Z period = "1m"
2023-05-18T02:22:05.564217525Z busytimeout = "50s"
2023-05-18T02:22:05.564284449Z 🧊️ State Directory:
2023-05-18T02:22:05.564292635Z total 0
2023-05-18T02:22:05.564298360Z
2023-05-18T02:22:05.570293798Z
2023-05-18T02:22:05.570360101Z 🔒️ Working directory permissions:
2023-05-18T02:22:05.570369463Z total 96
2023-05-18T02:22:05.570376676Z -rwxrwxrwx 1 flux root  2517 May 17 22:32 README.txt
2023-05-18T02:22:05.570381711Z -rwxrwxrwx 1 flux root 54692 May 17 22:32 data.hns-equil
2023-05-18T02:22:05.570386490Z -rwxrwxrwx 1 flux root 13576 May 17 22:32 ffield.reax.hns
2023-05-18T02:22:05.570391900Z -rwxrwxrwx 1 flux root   870 May 17 22:32 in.reaxc.hns
2023-05-18T02:22:05.570398246Z -rwxrwxrwx 1 flux root  4172 May 17 22:32 log.8Mar18.reaxc.hns.g++.1
2023-05-18T02:22:05.570442372Z -rwxrwxrwx 1 flux root  4168 May 17 22:32 log.8Mar18.reaxc.hns.g++.4
2023-05-18T02:22:05.570451046Z
2023-05-18T02:22:05.570456284Z
2023-05-18T02:22:05.570463189Z ✨ Curve certificate generated by helper pod
2023-05-18T02:22:05.571959137Z #   ****  Generated on 2023-04-26 22:54:42 by CZMQ  ****
2023-05-18T02:22:05.572002177Z #   ZeroMQ CURVE **Secret** Certificate
2023-05-18T02:22:05.572010872Z #   DO NOT PROVIDE THIS FILE TO OTHER USERS nor change its permissions.
2023-05-18T02:22:05.572026112Z
2023-05-18T02:22:05.572031270Z metadata
2023-05-18T02:22:05.572036830Z     name = "flux-cert-generator"
2023-05-18T02:22:05.572041664Z     keygen.hostname = "flux-sample-0"
2023-05-18T02:22:05.572046353Z curve
2023-05-18T02:22:05.572051221Z     public-key = "+ETrDwbFt5G#nh7go[C!3<r0{v8{RL]FJ8$R9]Ay"
2023-05-18T02:22:05.572058355Z     secret-key = "PR8dZ(K2:yHgvv/koxr$UmLlOG$vQ8DwYpe:E&3!"
2023-05-18T02:22:05.574540337Z
2023-05-18T02:22:05.575283427Z 🌀  flux start --wrap=strace,-e,network,-tt -o --config /etc/flux/config -Scron.directory=/etc/flux/system/cron.d   -Stbon.fanout=256   -Srundir=/run/flux    -Sstatedir=/var/lib/flux   -Slocal-uri=local:///run/flux/local   -Stbon.zmqdebug=1  -Slog-stderr-level=6    -Slog-stderr-mode=local
2023-05-18T02:22:05.619510270Z 02:22:05.619078 socket(AF_NETLINK, SOCK_RAW, NETLINK_ROUTE) = 8
2023-05-18T02:22:05.619782527Z 02:22:05.619535 bind(8, {sa_family=AF_NETLINK, nl_pid=0, nl_groups=00000000}, 12) = 0
2023-05-18T02:22:05.620022377Z 02:22:05.619819 getsockname(8, {sa_family=AF_NETLINK, nl_pid=70, nl_groups=00000000}, [12]) = 0
2023-05-18T02:22:05.620473207Z 02:22:05.620065 sendto(8, {{len=20, type=RTM_GETADDR, flags=NLM_F_REQUEST|NLM_F_DUMP, seq=1684376525, pid=0}, {ifa_family=AF_UNSPEC, ...}}, 20, 0, {sa_family=AF_NETLINK, nl_pid=0, nl_groups=00000000}, 12) = 20
2023-05-18T02:22:05.621077661Z 02:22:05.620506 recvmsg(8, {msg_name={sa_family=AF_NETLINK, nl_pid=0, nl_groups=00000000}, msg_namelen=12, msg_iov=[{iov_base=[{{len=76, type=RTM_NEWADDR, flags=NLM_F_MULTI, seq=1684376525, pid=70}, {ifa_family=AF_INET, ifa_prefixlen=8, ifa_flags=IFA_F_PERMANENT, ifa_scope=RT_SCOPE_HOST, ifa_index=if_nametoindex("lo")}, [{{nla_len=8, nla_type=IFA_ADDRESS}, 127.0.0.1}, {{nla_len=8, nla_type=IFA_LOCAL}, 127.0.0.1}, {{nla_len=7, nla_type=IFA_LABEL}, "lo"}, {{nla_len=8, nla_type=IFA_FLAGS}, IFA_F_PERMANENT}, {{nla_len=20, nla_type=IFA_CACHEINFO}, {ifa_prefered=4294967295, ifa_valid=4294967295, cstamp=1583133, tstamp=1583133}}]}, {{len=88, type=RTM_NEWADDR, flags=NLM_F_MULTI, seq=1684376525, pid=70}, {ifa_family=AF_INET, ifa_prefixlen=24, ifa_flags=IFA_F_PERMANENT, ifa_scope=RT_SCOPE_UNIVERSE, ifa_index=if_nametoindex("eth0")}, [{{nla_len=8, nla_type=IFA_ADDRESS}, 10.24.2.133}, {{nla_len=8, nla_type=IFA_LOCAL}, 10.24.2.133}, {{nla_len=8, nla_type=IFA_BROADCAST}, 10.24.2.255}, {{nla_len=9, nla_type=IFA_LABEL}, "eth0"}, {{nla_len=8, nla_type=IFA_FLAGS}, IFA_F_PERMANENT}, {{nla_len=20, nla_type=IFA_CACHEINFO}, {ifa_prefered=4294967295, ifa_valid=4294967295, cstamp=1583130, tstamp=1583130}}]}], iov_len=4096}], msg_iovlen=1, msg_controllen=0, msg_flags=0}, 0) = 164
2023-05-18T02:22:05.621354205Z 02:22:05.621112 recvmsg(8, {msg_name={sa_family=AF_NETLINK, nl_pid=0, nl_groups=00000000}, msg_namelen=12, msg_iov=[{iov_base={{len=20, type=NLMSG_DONE, flags=NLM_F_MULTI, seq=1684376525, pid=70}, 0}, iov_len=4096}], msg_iovlen=1, msg_controllen=0, msg_flags=0}, 0) = 20
2023-05-18T02:22:05.622083412Z 02:22:05.621873 socket(AF_UNIX, SOCK_STREAM|SOCK_CLOEXEC|SOCK_NONBLOCK, 0) = 8
2023-05-18T02:22:05.622344068Z 02:22:05.622118 connect(8, {sa_family=AF_UNIX, sun_path="/var/run/nscd/socket"}, 110) = -1 ENOENT (No such file or directory)
2023-05-18T02:22:05.622642507Z 02:22:05.622428 socket(AF_UNIX, SOCK_STREAM|SOCK_CLOEXEC|SOCK_NONBLOCK, 0) = 8
2023-05-18T02:22:05.622880955Z 02:22:05.622680 connect(8, {sa_family=AF_UNIX, sun_path="/var/run/nscd/socket"}, 110) = -1 ENOENT (No such file or directory)
2023-05-18T02:22:05.624458843Z 02:22:05.624239 socket(AF_INET, SOCK_DGRAM|SOCK_CLOEXEC|SOCK_NONBLOCK, IPPROTO_IP) = 8
2023-05-18T02:22:05.624728602Z 02:22:05.624498 connect(8, {sa_family=AF_INET, sin_port=htons(53), sin_addr=inet_addr("10.28.0.10")}, 16) = 0
2023-05-18T02:22:05.625286748Z 02:22:05.624826 sendto(8, "4\222\1\0\0\1\0\0\0\0\0\0\rflux-sample-0\fflux-"..., 76, MSG_NOSIGNAL, NULL, 0) = 76
2023-05-18T02:22:05.627721184Z 02:22:05.627416 recvfrom(8, "4\222\205\200\0\1\0\1\0\0\0\0\rflux-sample-0\fflux-"..., 1024, 0, {sa_family=AF_INET, sin_port=htons(53), sin_addr=inet_addr("10.28.0.10")}, [28->16]) = 92
2023-05-18T02:22:05.633956163Z broker.info[3]: start: none->join 2.4211ms
2023-05-18T02:22:05.646759706Z broker.info[3]: parent-ready: join->init 12.7315ms
2023-05-18T02:22:05.647379341Z 02:22:05.646965 socketpair(AF_UNIX, SOCK_STREAM|SOCK_CLOEXEC, 0, [22, 23]) = 0
2023-05-18T02:22:05.647836184Z 02:22:05.647466 socketpair(AF_UNIX, SOCK_STREAM, 0, [24, 25]) = 0
2023-05-18T02:22:05.648343201Z 02:22:05.648024 socketpair(AF_UNIX, SOCK_STREAM, 0, [26, 27]) = 0
2023-05-18T02:22:05.648836268Z 02:22:05.648506 socketpair(AF_UNIX, SOCK_STREAM, 0, [28, 29]) = 0
2023-05-18T02:22:05.680272994Z broker.info[3]: configuration updated
2023-05-18T02:22:05.851942140Z broker.info[3]: rc1.0: running /etc/flux/rc1.d/01-sched-fluxion
2023-05-18T02:22:05.874431334Z broker.info[3]: rc1.0: running /etc/flux/rc1.d/02-cron
2023-05-18T02:22:05.914299303Z broker.info[3]: rc1.0: /etc/flux/rc1 Exited (rc=0) 0.3s
2023-05-18T02:22:05.915205667Z broker.info[3]: rc1-success: init->quorum 0.26805s
2023-05-18T02:22:35.667385563Z broker.info[3]: quorum-full: quorum->run 29.7518s
2023-05-18T02:22:36.286660502Z 02:22:36.286275 socketpair(AF_UNIX, SOCK_STREAM|SOCK_CLOEXEC, 0, [22, 23]) = 0
2023-05-18T02:22:36.286810498Z 02:22:36.286469 socketpair(AF_UNIX, SOCK_STREAM, 0, [24, 25]) = 0
2023-05-18T02:22:36.286950686Z 02:22:36.286787 socketpair(AF_UNIX, SOCK_STREAM, 0, [26, 28]) = 0
2023-05-18T02:22:36.287659551Z 02:22:36.287086 socketpair(AF_UNIX, SOCK_STREAM, 0, [58, 59]) = 0
2023-05-18T02:22:47.297016612Z broker.info[3]: shutdown: run->cleanup 11.6292s
2023-05-18T02:22:47.299204953Z broker.info[3]: cleanup-none: cleanup->shutdown 1.15439ms
2023-05-18T02:22:47.301096097Z broker.info[3]: children-none: shutdown->finalize 1.06379ms
2023-05-18T02:22:47.302026474Z 02:22:47.301681 socketpair(AF_UNIX, SOCK_STREAM|SOCK_CLOEXEC, 0, [22, 23]) = 0
2023-05-18T02:22:47.302233726Z 02:22:47.301985 socketpair(AF_UNIX, SOCK_STREAM, 0, [24, 25]) = 0
2023-05-18T02:22:47.302725934Z 02:22:47.302448 socketpair(AF_UNIX, SOCK_STREAM, 0, [26, 28]) = 0
2023-05-18T02:22:47.303169302Z 02:22:47.302877 socketpair(AF_UNIX, SOCK_STREAM, 0, [58, 59]) = 0
2023-05-18T02:22:47.323694881Z broker.info[3]: rc3.0: running /etc/flux/rc3.d/01-sched-fluxion
2023-05-18T02:22:47.490796406Z broker.info[3]: rc3.0: /etc/flux/rc3 Exited (rc=0) 0.2s
2023-05-18T02:22:47.492251471Z broker.info[3]: rc3-success: finalize->goodbye 0.190384s
2023-05-18T02:22:47.494010395Z broker.info[3]: goodbye: goodbye->exit 1.04662ms
2023-05-18T02:22:47.503094541Z 02:22:47.502834 +++ exited with 0 +++
2023-05-18T02:22:47.505274708Z Return value for follower worker is 0
2023-05-18T02:22:47.505316363Z The follower worker exited cleanly. Goodbye!
