2023-05-18T02:22:04.624353424Z
2023-05-18T02:22:04.624436213Z Flux username: flux
2023-05-18T02:22:04.624443859Z
2023-05-18T02:22:04.624449089Z Flux install root: /usr
2023-05-18T02:22:04.685531783Z flux user is already added.
2023-05-18T02:22:04.685585727Z flux user identifiers:
2023-05-18T02:22:04.688422372Z uid=1234(flux) gid=1234(flux) groups=1234(flux)
2023-05-18T02:22:04.688457568Z
2023-05-18T02:22:04.688474599Z As Flux prefix for flux commands: sudo -u flux -E PYTHONPATH=/opt/conda/lib/python3.10/site-packages -E PATH=/opt/conda/bin:/usr/local/sbin:/usr/local/bin:/usr/sbin:/usr/bin:/sbin:/bin -E LD_LIBRARY_PATH=/opt/conda/lib -E HOME=/home/flux
2023-05-18T02:22:04.702531936Z
2023-05-18T02:22:04.702581029Z 👋 Hello, I'm flux-sample-1
2023-05-18T02:22:04.702587469Z The main host is flux-sample-0
2023-05-18T02:22:04.702596655Z The working directory is /home/flux/examples/reaxff/HNS, contents include:
2023-05-18T02:22:04.702603366Z /home/flux/examples/reaxff/HNS:
2023-05-18T02:22:04.702609834Z README.txt	ffield.reax.hns  log.8Mar18.reaxc.hns.g++.1
2023-05-18T02:22:04.702614824Z data.hns-equil	in.reaxc.hns	 log.8Mar18.reaxc.hns.g++.4
2023-05-18T02:22:04.702619576Z End of file listing, if you see nothing above there are no files.
2023-05-18T02:22:04.704305265Z flux R encode --hosts=flux-sample-[0-3]
2023-05-18T02:22:04.720881586Z
2023-05-18T02:22:04.720922903Z 📦 Resources
2023-05-18T02:22:04.722867175Z {"version": 1, "execution": {"R_lite": [{"rank": "0-3", "children": {"core": "0"}}], "starttime": 0.0, "expiration": 0.0, "nodelist": ["flux-sample-[0-3]"]}}
2023-05-18T02:22:04.723119070Z
2023-05-18T02:22:04.723136165Z 🐸 Diagnostics: false
2023-05-18T02:22:04.723349534Z 🚩️ Flux Option Flags defined
2023-05-18T02:22:04.728115294Z
2023-05-18T02:22:04.728161767Z 🦊 Independent Minister of Privilege
2023-05-18T02:22:04.729606555Z [exec]
2023-05-18T02:22:04.729640527Z allowed-users = [ "flux", "root" ]
2023-05-18T02:22:04.729647487Z allowed-shells = [ "/usr/libexec/flux/flux-shell" ]
2023-05-18T02:22:04.729821068Z
2023-05-18T02:22:04.729833890Z 🐸 Broker Configuration
2023-05-18T02:22:04.731236127Z # Flux needs to know the path to the IMP executable
2023-05-18T02:22:04.731270040Z [exec]
2023-05-18T02:22:04.731278989Z imp = "/usr/libexec/flux/flux-imp"
2023-05-18T02:22:04.731324795Z
2023-05-18T02:22:04.731331808Z [access]
2023-05-18T02:22:04.731337344Z allow-guest-user = true
2023-05-18T02:22:04.731341893Z allow-root-owner = true
2023-05-18T02:22:04.731346404Z
2023-05-18T02:22:04.731351313Z # Point to resource definition generated with flux-R(1).
2023-05-18T02:22:04.731358237Z [resource]
2023-05-18T02:22:04.731364811Z path = "/etc/flux/system/R"
2023-05-18T02:22:04.731370213Z
2023-05-18T02:22:04.731375199Z [bootstrap]
2023-05-18T02:22:04.731379736Z curve_cert = "/etc/curve/curve.cert"
2023-05-18T02:22:04.731384319Z default_port = 8050
2023-05-18T02:22:04.731398139Z default_bind = "tcp://eth0:%p"
2023-05-18T02:22:04.731404342Z default_connect = "tcp://%h.flux-service.flux-operator.svc.cluster.local:%p"
2023-05-18T02:22:04.731410801Z hosts = [
2023-05-18T02:22:04.731420553Z 	{ host="flux-sample-[0-3]"},
2023-05-18T02:22:04.731425336Z ]
2023-05-18T02:22:04.731429887Z
2023-05-18T02:22:04.731434935Z [archive]
2023-05-18T02:22:04.731439818Z dbpath = "/var/lib/flux/job-archive.sqlite"
2023-05-18T02:22:04.731444503Z period = "1m"
2023-05-18T02:22:04.829771620Z busytimeout = "50s"
2023-05-18T02:22:04.829806170Z 🧊️ State Directory:
2023-05-18T02:22:04.829812642Z total 0
2023-05-18T02:22:04.829817631Z
2023-05-18T02:22:04.833399877Z
2023-05-18T02:22:04.833439519Z 🔒️ Working directory permissions:
2023-05-18T02:22:04.833445287Z total 96
2023-05-18T02:22:04.833450619Z -rwxrwxrwx 1 flux root  2517 May 17 22:32 README.txt
2023-05-18T02:22:04.833455799Z -rwxrwxrwx 1 flux root 54692 May 17 22:32 data.hns-equil
2023-05-18T02:22:04.833460523Z -rwxrwxrwx 1 flux root 13576 May 17 22:32 ffield.reax.hns
2023-05-18T02:22:04.833468721Z -rwxrwxrwx 1 flux root   870 May 17 22:32 in.reaxc.hns
2023-05-18T02:22:04.833475581Z -rwxrwxrwx 1 flux root  4172 May 17 22:32 log.8Mar18.reaxc.hns.g++.1
2023-05-18T02:22:04.833480835Z -rwxrwxrwx 1 flux root  4168 May 17 22:32 log.8Mar18.reaxc.hns.g++.4
2023-05-18T02:22:04.833485454Z
2023-05-18T02:22:04.833644841Z
2023-05-18T02:22:04.833655919Z ✨ Curve certificate generated by helper pod
2023-05-18T02:22:04.835262107Z #   ****  Generated on 2023-04-26 22:54:42 by CZMQ  ****
2023-05-18T02:22:04.835302007Z #   ZeroMQ CURVE **Secret** Certificate
2023-05-18T02:22:04.835309614Z #   DO NOT PROVIDE THIS FILE TO OTHER USERS nor change its permissions.
2023-05-18T02:22:04.835314687Z
2023-05-18T02:22:04.835319551Z metadata
2023-05-18T02:22:04.835327189Z     name = "flux-cert-generator"
2023-05-18T02:22:04.835333386Z     keygen.hostname = "flux-sample-0"
2023-05-18T02:22:04.835338223Z curve
2023-05-18T02:22:04.835343081Z     public-key = "+ETrDwbFt5G#nh7go[C!3<r0{v8{RL]FJ8$R9]Ay"
2023-05-18T02:22:04.835347431Z     secret-key = "PR8dZ(K2:yHgvv/koxr$UmLlOG$vQ8DwYpe:E&3!"
2023-05-18T02:22:04.838164260Z
2023-05-18T02:22:04.838212396Z 🌀  flux start --wrap=strace,-e,network,-tt -o --config /etc/flux/config -Scron.directory=/etc/flux/system/cron.d   -Stbon.fanout=256   -Srundir=/run/flux    -Sstatedir=/var/lib/flux   -Slocal-uri=local:///run/flux/local   -Stbon.zmqdebug=1  -Slog-stderr-level=6    -Slog-stderr-mode=local
2023-05-18T02:22:04.882906707Z 02:22:04.882611 socket(AF_NETLINK, SOCK_RAW, NETLINK_ROUTE) = 8
2023-05-18T02:22:04.883252044Z 02:22:04.882953 bind(8, {sa_family=AF_NETLINK, nl_pid=0, nl_groups=00000000}, 12) = 0
2023-05-18T02:22:04.883554788Z 02:22:04.883276 getsockname(8, {sa_family=AF_NETLINK, nl_pid=70, nl_groups=00000000}, [12]) = 0
2023-05-18T02:22:04.884073910Z 02:22:04.883609 sendto(8, {{len=20, type=RTM_GETADDR, flags=NLM_F_REQUEST|NLM_F_DUMP, seq=1684376524, pid=0}, {ifa_family=AF_UNSPEC, ...}}, 20, 0, {sa_family=AF_NETLINK, nl_pid=0, nl_groups=00000000}, 12) = 20
2023-05-18T02:22:04.884731807Z 02:22:04.884128 recvmsg(8, {msg_name={sa_family=AF_NETLINK, nl_pid=0, nl_groups=00000000}, msg_namelen=12, msg_iov=[{iov_base=[{{len=76, type=RTM_NEWADDR, flags=NLM_F_MULTI, seq=1684376524, pid=70}, {ifa_family=AF_INET, ifa_prefixlen=8, ifa_flags=IFA_F_PERMANENT, ifa_scope=RT_SCOPE_HOST, ifa_index=if_nametoindex("lo")}, [{{nla_len=8, nla_type=IFA_ADDRESS}, 127.0.0.1}, {{nla_len=8, nla_type=IFA_LOCAL}, 127.0.0.1}, {{nla_len=7, nla_type=IFA_LABEL}, "lo"}, {{nla_len=8, nla_type=IFA_FLAGS}, IFA_F_PERMANENT}, {{nla_len=20, nla_type=IFA_CACHEINFO}, {ifa_prefered=4294967295, ifa_valid=4294967295, cstamp=1582964, tstamp=1582964}}]}, {{len=88, type=RTM_NEWADDR, flags=NLM_F_MULTI, seq=1684376524, pid=70}, {ifa_family=AF_INET, ifa_prefixlen=24, ifa_flags=IFA_F_PERMANENT, ifa_scope=RT_SCOPE_UNIVERSE, ifa_index=if_nametoindex("eth0")}, [{{nla_len=8, nla_type=IFA_ADDRESS}, 10.24.0.190}, {{nla_len=8, nla_type=IFA_LOCAL}, 10.24.0.190}, {{nla_len=8, nla_type=IFA_BROADCAST}, 10.24.0.255}, {{nla_len=9, nla_type=IFA_LABEL}, "eth0"}, {{nla_len=8, nla_type=IFA_FLAGS}, IFA_F_PERMANENT}, {{nla_len=20, nla_type=IFA_CACHEINFO}, {ifa_prefered=4294967295, ifa_valid=4294967295, cstamp=1582969, tstamp=1582969}}]}], iov_len=4096}], msg_iovlen=1, msg_controllen=0, msg_flags=0}, 0) = 164
2023-05-18T02:22:04.884936024Z 02:22:04.884723 recvmsg(8, {msg_name={sa_family=AF_NETLINK, nl_pid=0, nl_groups=00000000}, msg_namelen=12, msg_iov=[{iov_base={{len=20, type=NLMSG_DONE, flags=NLM_F_MULTI, seq=1684376524, pid=70}, 0}, iov_len=4096}], msg_iovlen=1, msg_controllen=0, msg_flags=0}, 0) = 20
2023-05-18T02:22:04.885598609Z 02:22:04.885415 socket(AF_UNIX, SOCK_STREAM|SOCK_CLOEXEC|SOCK_NONBLOCK, 0) = 8
2023-05-18T02:22:04.885791694Z 02:22:04.885617 connect(8, {sa_family=AF_UNIX, sun_path="/var/run/nscd/socket"}, 110) = -1 ENOENT (No such file or directory)
2023-05-18T02:22:04.886016844Z 02:22:04.885852 socket(AF_UNIX, SOCK_STREAM|SOCK_CLOEXEC|SOCK_NONBLOCK, 0) = 8
2023-05-18T02:22:04.886216508Z 02:22:04.886018 connect(8, {sa_family=AF_UNIX, sun_path="/var/run/nscd/socket"}, 110) = -1 ENOENT (No such file or directory)
2023-05-18T02:22:04.887960913Z 02:22:04.887727 socket(AF_INET, SOCK_DGRAM|SOCK_CLOEXEC|SOCK_NONBLOCK, IPPROTO_IP) = 8
2023-05-18T02:22:04.888177257Z 02:22:04.887946 connect(8, {sa_family=AF_INET, sin_port=htons(53), sin_addr=inet_addr("10.28.0.10")}, 16) = 0
2023-05-18T02:22:04.888737698Z 02:22:04.888214 sendto(8, "\317b\1\0\0\1\0\0\0\0\0\0\rflux-sample-0\fflux-"..., 76, MSG_NOSIGNAL, NULL, 0) = 76
2023-05-18T02:22:04.889075591Z 02:22:04.888835 recvfrom(8, "\317b\201\200\0\1\0\1\0\0\0\0\rflux-sample-0\fflux-"..., 1024, 0, {sa_family=AF_INET, sin_port=htons(53), sin_addr=inet_addr("10.28.0.10")}, [28->16]) = 92
2023-05-18T02:22:04.894409634Z broker.info[1]: start: none->join 2.31683ms
2023-05-18T02:22:35.195148603Z broker.info[1]: parent-ready: join->init 30.3004s
2023-05-18T02:22:35.195753841Z 02:22:35.195217 socketpair(AF_UNIX, SOCK_STREAM|SOCK_CLOEXEC, 0, [22, 23]) = 0
2023-05-18T02:22:35.195955912Z 02:22:35.195754 socketpair(AF_UNIX, SOCK_STREAM, 0, [24, 25]) = 0
2023-05-18T02:22:35.196480751Z 02:22:35.196148 socketpair(AF_UNIX, SOCK_STREAM, 0, [26, 27]) = 0
2023-05-18T02:22:35.196863082Z 02:22:35.196628 socketpair(AF_UNIX, SOCK_STREAM, 0, [28, 29]) = 0
2023-05-18T02:22:35.240065668Z broker.info[1]: configuration updated
2023-05-18T02:22:35.408313853Z broker.info[1]: rc1.0: running /etc/flux/rc1.d/01-sched-fluxion
2023-05-18T02:22:35.421377091Z broker.info[1]: rc1.0: running /etc/flux/rc1.d/02-cron
2023-05-18T02:22:35.449419671Z broker.info[1]: rc1.0: /etc/flux/rc1 Exited (rc=0) 0.2s
2023-05-18T02:22:35.450771831Z broker.info[1]: rc1-success: init->quorum 0.255377s
2023-05-18T02:22:35.667093889Z broker.info[1]: quorum-full: quorum->run 0.215803s
2023-05-18T02:22:47.297980616Z broker.info[1]: shutdown: run->cleanup 11.63s
2023-05-18T02:22:47.299013839Z broker.info[1]: cleanup-none: cleanup->shutdown 0.916174ms
2023-05-18T02:22:47.300036575Z broker.info[1]: children-none: shutdown->finalize 0.893314ms
2023-05-18T02:22:47.300901987Z 02:22:47.299816 socketpair(AF_UNIX, SOCK_STREAM|SOCK_CLOEXEC, 0, [22, 23]) = 0
2023-05-18T02:22:47.300933113Z 02:22:47.300042 socketpair(AF_UNIX, SOCK_STREAM, 0, [24, 25]) = 0
2023-05-18T02:22:47.300943175Z 02:22:47.300334 socketpair(AF_UNIX, SOCK_STREAM, 0, [26, 28]) = 0
2023-05-18T02:22:47.300989260Z 02:22:47.300554 socketpair(AF_UNIX, SOCK_STREAM, 0, [58, 59]) = 0
2023-05-18T02:22:47.320590054Z broker.info[1]: rc3.0: running /etc/flux/rc3.d/01-sched-fluxion
2023-05-18T02:22:47.461347099Z broker.info[1]: rc3.0: /etc/flux/rc3 Exited (rc=0) 0.2s
2023-05-18T02:22:47.462681994Z broker.info[1]: rc3-success: finalize->goodbye 0.162687s
2023-05-18T02:22:47.464377340Z broker.info[1]: goodbye: goodbye->exit 1.1051ms
2023-05-18T02:22:47.472863465Z 02:22:47.472655 +++ exited with 0 +++
2023-05-18T02:22:47.474805910Z Return value for follower worker is 0
2023-05-18T02:22:47.474944862Z The follower worker exited cleanly. Goodbye!
