2023-05-18T00:28:51.692657278Z
2023-05-18T00:28:51.693223096Z Flux username: flux
2023-05-18T00:28:51.693255700Z
2023-05-18T00:28:51.693264202Z Flux install root: /usr
2023-05-18T00:28:51.739941492Z flux user is already added.
2023-05-18T00:28:51.743112113Z flux user identifiers:
2023-05-18T00:28:51.743143765Z uid=1234(flux) gid=1234(flux) groups=1234(flux)
2023-05-18T00:28:51.743280423Z
2023-05-18T00:28:51.743293372Z As Flux prefix for flux commands: sudo -u flux -E PYTHONPATH=/opt/conda/lib/python3.10/site-packages -E PATH=/opt/conda/bin:/usr/local/sbin:/usr/local/bin:/usr/sbin:/usr/bin:/sbin:/bin -E LD_LIBRARY_PATH=/opt/conda/lib -E HOME=/home/flux
2023-05-18T00:28:51.751995569Z
2023-05-18T00:28:51.752028735Z ðŸ‘‹ Hello, I'm flux-sample-2
2023-05-18T00:28:51.752172664Z The main host is flux-sample-0
2023-05-18T00:28:51.752388280Z The working directory is /home/flux/examples/reaxff/HNS, contents include:
2023-05-18T00:28:51.754290040Z /home/flux/examples/reaxff/HNS:
2023-05-18T00:28:51.754425221Z README.txt	ffield.reax.hns  log.8Mar18.reaxc.hns.g++.1
2023-05-18T00:28:51.754435881Z data.hns-equil	in.reaxc.hns	 log.8Mar18.reaxc.hns.g++.4
2023-05-18T00:28:51.754700214Z End of file listing, if you see nothing above there are no files.
2023-05-18T00:28:51.756563269Z flux R encode --hosts=flux-sample-[0-3]
2023-05-18T00:28:51.771302123Z
2023-05-18T00:28:51.771334900Z ðŸ“¦ Resources
2023-05-18T00:28:51.772858654Z {"version": 1, "execution": {"R_lite": [{"rank": "0-3", "children": {"core": "0"}}], "starttime": 0.0, "expiration": 0.0, "nodelist": ["flux-sample-[0-3]"]}}
2023-05-18T00:28:51.773097325Z
2023-05-18T00:28:51.773112967Z ðŸ¸ Diagnostics: false
2023-05-18T00:28:51.773289661Z ðŸš©ï¸ Flux Option Flags defined
2023-05-18T00:28:51.777005097Z
2023-05-18T00:28:51.777028228Z ðŸ¦Š Independent Minister of Privilege
2023-05-18T00:28:51.778800109Z [exec]
2023-05-18T00:28:51.778842339Z allowed-users = [ "flux", "root" ]
2023-05-18T00:28:51.778849678Z allowed-shells = [ "/usr/libexec/flux/flux-shell" ]
2023-05-18T00:28:51.779011719Z
2023-05-18T00:28:51.779025404Z ðŸ¸ Broker Configuration
2023-05-18T00:28:51.780418536Z # Flux needs to know the path to the IMP executable
2023-05-18T00:28:51.780438601Z [exec]
2023-05-18T00:28:51.780445135Z imp = "/usr/libexec/flux/flux-imp"
2023-05-18T00:28:51.780450133Z
2023-05-18T00:28:51.780468364Z [access]
2023-05-18T00:28:51.780474995Z allow-guest-user = true
2023-05-18T00:28:51.780480120Z allow-root-owner = true
2023-05-18T00:28:51.780484576Z
2023-05-18T00:28:51.780489506Z # Point to resource definition generated with flux-R(1).
2023-05-18T00:28:51.780543855Z [resource]
2023-05-18T00:28:51.780553887Z path = "/etc/flux/system/R"
2023-05-18T00:28:51.780559619Z
2023-05-18T00:28:51.780565014Z [bootstrap]
2023-05-18T00:28:51.780570194Z curve_cert = "/etc/curve/curve.cert"
2023-05-18T00:28:51.780575340Z default_port = 8050
2023-05-18T00:28:51.780580002Z default_bind = "tcp://eth0:%p"
2023-05-18T00:28:51.780585734Z default_connect = "tcp://%h.flux-service.flux-operator.svc.cluster.local:%p"
2023-05-18T00:28:51.780590798Z hosts = [
2023-05-18T00:28:51.780597400Z 	{ host="flux-sample-[0-3]"},
2023-05-18T00:28:51.780603830Z ]
2023-05-18T00:28:51.780608481Z
2023-05-18T00:28:51.780613104Z [archive]
2023-05-18T00:28:51.780617792Z dbpath = "/var/lib/flux/job-archive.sqlite"
2023-05-18T00:28:51.780622687Z period = "1m"
2023-05-18T00:28:51.868287403Z busytimeout = "50s"
2023-05-18T00:28:51.868333313Z ðŸ§Šï¸ State Directory:
2023-05-18T00:28:51.868341732Z total 0
2023-05-18T00:28:51.868347487Z
2023-05-18T00:28:51.871290272Z
2023-05-18T00:28:51.871338904Z ðŸ”’ï¸ Working directory permissions:
2023-05-18T00:28:51.871347081Z total 96
2023-05-18T00:28:51.871354658Z -rwxrwxrwx 1 flux root  2517 May 17 22:32 README.txt
2023-05-18T00:28:51.871359667Z -rwxrwxrwx 1 flux root 54692 May 17 22:32 data.hns-equil
2023-05-18T00:28:51.871365840Z -rwxrwxrwx 1 flux root 13576 May 17 22:32 ffield.reax.hns
2023-05-18T00:28:51.871373576Z -rwxrwxrwx 1 flux root   870 May 17 22:32 in.reaxc.hns
2023-05-18T00:28:51.871381497Z -rwxrwxrwx 1 flux root  4172 May 17 22:32 log.8Mar18.reaxc.hns.g++.1
2023-05-18T00:28:51.871400779Z -rwxrwxrwx 1 flux root  4168 May 17 22:32 log.8Mar18.reaxc.hns.g++.4
2023-05-18T00:28:51.871405953Z
2023-05-18T00:28:51.872042626Z
2023-05-18T00:28:51.872070159Z âœ¨ Curve certificate generated by helper pod
2023-05-18T00:28:51.873773710Z #   ****  Generated on 2023-04-26 22:54:42 by CZMQ  ****
2023-05-18T00:28:51.873839392Z #   ZeroMQ CURVE **Secret** Certificate
2023-05-18T00:28:51.873850405Z #   DO NOT PROVIDE THIS FILE TO OTHER USERS nor change its permissions.
2023-05-18T00:28:51.873856183Z
2023-05-18T00:28:51.873861673Z metadata
2023-05-18T00:28:51.873867652Z     name = "flux-cert-generator"
2023-05-18T00:28:51.873872709Z     keygen.hostname = "flux-sample-0"
2023-05-18T00:28:51.873877996Z curve
2023-05-18T00:28:51.873910678Z     public-key = "y.57.iYdlnMCxbaWTX>zkb(Xh:%C@wro-U+eeSHG"
2023-05-18T00:28:51.873917253Z     secret-key = "ZX)(u9{(Rr3#V&MuKer.jcn7YVE1%*FK1<lF[1[I"
2023-05-18T00:28:51.876622878Z
2023-05-18T00:28:51.876662570Z ðŸŒ€  flux start --wrap=strace,-e,network,-tt -o --config /etc/flux/config -Scron.directory=/etc/flux/system/cron.d   -Stbon.fanout=256   -Srundir=/run/flux    -Sstatedir=/var/lib/flux   -Slocal-uri=local:///run/flux/local   -Stbon.zmqdebug=1  -Slog-stderr-level=6    -Slog-stderr-mode=local
2023-05-18T00:28:51.920739401Z 00:28:51.920288 socket(AF_NETLINK, SOCK_RAW, NETLINK_ROUTE) = 8
2023-05-18T00:28:51.920795353Z 00:28:51.920527 bind(8, {sa_family=AF_NETLINK, nl_pid=0, nl_groups=00000000}, 12) = 0
2023-05-18T00:28:51.920802618Z 00:28:51.920613 getsockname(8, {sa_family=AF_NETLINK, nl_pid=70, nl_groups=00000000}, [12]) = 0
2023-05-18T00:28:51.921114353Z 00:28:51.920698 sendto(8, {{len=20, type=RTM_GETADDR, flags=NLM_F_REQUEST|NLM_F_DUMP, seq=1684369731, pid=0}, {ifa_family=AF_UNSPEC, ...}}, 20, 0, {sa_family=AF_NETLINK, nl_pid=0, nl_groups=00000000}, 12) = 20
2023-05-18T00:28:51.921472568Z 00:28:51.920999 recvmsg(8, {msg_name={sa_family=AF_NETLINK, nl_pid=0, nl_groups=00000000}, msg_namelen=12, msg_iov=[{iov_base=[{{len=76, type=RTM_NEWADDR, flags=NLM_F_MULTI, seq=1684369731, pid=70}, {ifa_family=AF_INET, ifa_prefixlen=8, ifa_flags=IFA_F_PERMANENT, ifa_scope=RT_SCOPE_HOST, ifa_index=if_nametoindex("lo")}, [{{nla_len=8, nla_type=IFA_ADDRESS}, 127.0.0.1}, {{nla_len=8, nla_type=IFA_LOCAL}, 127.0.0.1}, {{nla_len=7, nla_type=IFA_LABEL}, "lo"}, {{nla_len=8, nla_type=IFA_FLAGS}, IFA_F_PERMANENT}, {{nla_len=20, nla_type=IFA_CACHEINFO}, {ifa_prefered=4294967295, ifa_valid=4294967295, cstamp=903766, tstamp=903766}}]}, {{len=88, type=RTM_NEWADDR, flags=NLM_F_MULTI, seq=1684369731, pid=70}, {ifa_family=AF_INET, ifa_prefixlen=24, ifa_flags=IFA_F_PERMANENT, ifa_scope=RT_SCOPE_UNIVERSE, ifa_index=if_nametoindex("eth0")}, [{{nla_len=8, nla_type=IFA_ADDRESS}, 10.24.1.219}, {{nla_len=8, nla_type=IFA_LOCAL}, 10.24.1.219}, {{nla_len=8, nla_type=IFA_BROADCAST}, 10.24.1.255}, {{nla_len=9, nla_type=IFA_LABEL}, "eth0"}, {{nla_len=8, nla_type=IFA_FLAGS}, IFA_F_PERMANENT}, {{nla_len=20, nla_type=IFA_CACHEINFO}, {ifa_prefered=4294967295, ifa_valid=4294967295, cstamp=903769, tstamp=903769}}]}], iov_len=4096}], msg_iovlen=1, msg_controllen=0, msg_flags=0}, 0) = 164
2023-05-18T00:28:51.921659368Z 00:28:51.921349 recvmsg(8, {msg_name={sa_family=AF_NETLINK, nl_pid=0, nl_groups=00000000}, msg_namelen=12, msg_iov=[{iov_base={{len=20, type=NLMSG_DONE, flags=NLM_F_MULTI, seq=1684369731, pid=70}, 0}, iov_len=4096}], msg_iovlen=1, msg_controllen=0, msg_flags=0}, 0) = 20
2023-05-18T00:28:51.922235133Z 00:28:51.921964 socket(AF_UNIX, SOCK_STREAM|SOCK_CLOEXEC|SOCK_NONBLOCK, 0) = 8
2023-05-18T00:28:51.922253647Z 00:28:51.922070 connect(8, {sa_family=AF_UNIX, sun_path="/var/run/nscd/socket"}, 110) = -1 ENOENT (No such file or directory)
2023-05-18T00:28:51.922383605Z 00:28:51.922211 socket(AF_UNIX, SOCK_STREAM|SOCK_CLOEXEC|SOCK_NONBLOCK, 0) = 8
2023-05-18T00:28:51.922561994Z 00:28:51.922268 connect(8, {sa_family=AF_UNIX, sun_path="/var/run/nscd/socket"}, 110) = -1 ENOENT (No such file or directory)
2023-05-18T00:28:51.923926360Z 00:28:51.923680 socket(AF_INET, SOCK_DGRAM|SOCK_CLOEXEC|SOCK_NONBLOCK, IPPROTO_IP) = 8
2023-05-18T00:28:51.923949189Z 00:28:51.923786 connect(8, {sa_family=AF_INET, sin_port=htons(53), sin_addr=inet_addr("10.28.0.10")}, 16) = 0
2023-05-18T00:28:51.924395219Z 00:28:51.923928 sendto(8, "\335\307\1\0\0\1\0\0\0\0\0\0\rflux-sample-0\fflux-"..., 76, MSG_NOSIGNAL, NULL, 0) = 76
2023-05-18T00:28:51.926130903Z 00:28:51.925844 recvfrom(8, "\335\307\201\200\0\1\0\1\0\0\0\0\rflux-sample-0\fflux-"..., 1024, 0, {sa_family=AF_INET, sin_port=htons(53), sin_addr=inet_addr("10.28.0.10")}, [28->16]) = 92
2023-05-18T00:28:51.931162234Z broker.info[2]: start: none->join 1.99947ms
2023-05-18T00:29:22.156140337Z broker.info[2]: parent-ready: join->init 30.2245s
2023-05-18T00:29:22.157089461Z 00:29:22.156075 socketpair(AF_UNIX, SOCK_STREAM|SOCK_CLOEXEC, 0, [22, 23]) = 0
2023-05-18T00:29:22.158025672Z 00:29:22.156232 socketpair(AF_UNIX, SOCK_STREAM, 0, [24, 25]) = 0
2023-05-18T00:29:22.158269325Z 00:29:22.156431 socketpair(AF_UNIX, SOCK_STREAM, 0, [26, 27]) = 0
2023-05-18T00:29:22.158436293Z 00:29:22.156623 socketpair(AF_UNIX, SOCK_STREAM, 0, [28, 29]) = 0
2023-05-18T00:29:22.183827363Z broker.info[2]: configuration updated
2023-05-18T00:29:22.326357101Z broker.info[2]: rc1.0: running /etc/flux/rc1.d/01-sched-fluxion
2023-05-18T00:29:22.342090840Z broker.info[2]: rc1.0: running /etc/flux/rc1.d/02-cron
2023-05-18T00:29:22.368738065Z broker.info[2]: rc1.0: /etc/flux/rc1 Exited (rc=0) 0.2s
2023-05-18T00:29:22.369529325Z broker.info[2]: rc1-success: init->quorum 0.213252s
2023-05-18T00:29:22.797977477Z broker.info[2]: quorum-full: quorum->run 0.428077s
2023-05-18T00:29:34.266144792Z broker.info[2]: shutdown: run->cleanup 11.4677s
2023-05-18T00:29:34.267662354Z broker.info[2]: cleanup-none: cleanup->shutdown 1.09739ms
2023-05-18T00:29:34.269081995Z broker.info[2]: children-none: shutdown->finalize 1.20486ms
2023-05-18T00:29:34.269767809Z 00:29:34.268963 socketpair(AF_UNIX, SOCK_STREAM|SOCK_CLOEXEC, 0, [22, 23]) = 0
2023-05-18T00:29:34.269855095Z 00:29:34.269214 socketpair(AF_UNIX, SOCK_STREAM, 0, [24, 25]) = 0
2023-05-18T00:29:34.269930246Z 00:29:34.269457 socketpair(AF_UNIX, SOCK_STREAM, 0, [26, 28]) = 0
2023-05-18T00:29:34.270562183Z 00:29:34.269752 socketpair(AF_UNIX, SOCK_STREAM, 0, [58, 59]) = 0
2023-05-18T00:29:34.290392920Z broker.info[2]: rc3.0: running /etc/flux/rc3.d/01-sched-fluxion
2023-05-18T00:29:34.431731714Z broker.info[2]: rc3.0: /etc/flux/rc3 Exited (rc=0) 0.2s
2023-05-18T00:29:34.432537336Z broker.info[2]: rc3-success: finalize->goodbye 0.163333s
2023-05-18T00:29:34.433326489Z broker.info[2]: goodbye: goodbye->exit 0.748117ms
2023-05-18T00:29:34.441424867Z 00:29:34.441202 +++ exited with 0 +++
2023-05-18T00:29:34.443448134Z Return value for follower worker is 0
2023-05-18T00:29:34.443483585Z The follower worker exited cleanly. Goodbye!
