2023-05-18T02:26:09.866393434Z
2023-05-18T02:26:09.867699098Z Flux username: flux
2023-05-18T02:26:09.867721940Z
2023-05-18T02:26:09.867728112Z Flux install root: /usr
2023-05-18T02:26:09.910980161Z flux user is already added.
2023-05-18T02:26:09.913895373Z flux user identifiers:
2023-05-18T02:26:09.913920603Z uid=1234(flux) gid=1234(flux) groups=1234(flux)
2023-05-18T02:26:09.913928419Z
2023-05-18T02:26:09.913935975Z As Flux prefix for flux commands: sudo -u flux -E PYTHONPATH=/opt/conda/lib/python3.10/site-packages -E PATH=/opt/conda/bin:/usr/local/sbin:/usr/local/bin:/usr/sbin:/usr/bin:/sbin:/bin -E LD_LIBRARY_PATH=/opt/conda/lib -E HOME=/home/flux
2023-05-18T02:26:09.921060487Z
2023-05-18T02:26:09.921086348Z 👋 Hello, I'm flux-sample-1
2023-05-18T02:26:09.921252030Z The main host is flux-sample-0
2023-05-18T02:26:09.921264537Z The working directory is /home/flux/examples/reaxff/HNS, contents include:
2023-05-18T02:26:09.923342378Z /home/flux/examples/reaxff/HNS:
2023-05-18T02:26:09.923587642Z README.txt	ffield.reax.hns  log.8Mar18.reaxc.hns.g++.1
2023-05-18T02:26:09.923604127Z data.hns-equil	in.reaxc.hns	 log.8Mar18.reaxc.hns.g++.4
2023-05-18T02:26:09.923718443Z End of file listing, if you see nothing above there are no files.
2023-05-18T02:26:09.925892450Z flux R encode --hosts=flux-sample-[0-3]
2023-05-18T02:26:09.940322458Z
2023-05-18T02:26:09.940350397Z 📦 Resources
2023-05-18T02:26:09.941905281Z {"version": 1, "execution": {"R_lite": [{"rank": "0-3", "children": {"core": "0"}}], "starttime": 0.0, "expiration": 0.0, "nodelist": ["flux-sample-[0-3]"]}}
2023-05-18T02:26:09.942175941Z
2023-05-18T02:26:09.942193049Z 🐸 Diagnostics: false
2023-05-18T02:26:09.942524661Z 🚩️ Flux Option Flags defined
2023-05-18T02:26:09.946665302Z
2023-05-18T02:26:09.946685965Z 🦊 Independent Minister of Privilege
2023-05-18T02:26:09.947872348Z [exec]
2023-05-18T02:26:09.947888428Z allowed-users = [ "flux", "root" ]
2023-05-18T02:26:09.947894522Z allowed-shells = [ "/usr/libexec/flux/flux-shell" ]
2023-05-18T02:26:09.948102672Z
2023-05-18T02:26:09.948116071Z 🐸 Broker Configuration
2023-05-18T02:26:09.949418739Z # Flux needs to know the path to the IMP executable
2023-05-18T02:26:09.949434905Z [exec]
2023-05-18T02:26:09.949440961Z imp = "/usr/libexec/flux/flux-imp"
2023-05-18T02:26:09.949445521Z
2023-05-18T02:26:09.949450507Z [access]
2023-05-18T02:26:09.949455975Z allow-guest-user = true
2023-05-18T02:26:09.949463117Z allow-root-owner = true
2023-05-18T02:26:09.949468375Z
2023-05-18T02:26:09.949473097Z # Point to resource definition generated with flux-R(1).
2023-05-18T02:26:09.949477854Z [resource]
2023-05-18T02:26:09.949482962Z path = "/etc/flux/system/R"
2023-05-18T02:26:09.949504009Z
2023-05-18T02:26:09.949517250Z [bootstrap]
2023-05-18T02:26:09.949524721Z curve_cert = "/etc/curve/curve.cert"
2023-05-18T02:26:09.949530441Z default_port = 8050
2023-05-18T02:26:09.949535312Z default_bind = "tcp://eth0:%p"
2023-05-18T02:26:09.949540767Z default_connect = "tcp://%h.flux-service.flux-operator.svc.cluster.local:%p"
2023-05-18T02:26:09.949545517Z hosts = [
2023-05-18T02:26:09.949550217Z 	{ host="flux-sample-[0-3]"},
2023-05-18T02:26:09.949554937Z ]
2023-05-18T02:26:09.949559321Z
2023-05-18T02:26:09.949566760Z [archive]
2023-05-18T02:26:09.949572521Z dbpath = "/var/lib/flux/job-archive.sqlite"
2023-05-18T02:26:09.949577359Z period = "1m"
2023-05-18T02:26:10.034661686Z busytimeout = "50s"
2023-05-18T02:26:10.034698232Z 🧊️ State Directory:
2023-05-18T02:26:10.034704945Z total 0
2023-05-18T02:26:10.034709810Z
2023-05-18T02:26:10.037609083Z
2023-05-18T02:26:10.037645956Z 🔒️ Working directory permissions:
2023-05-18T02:26:10.037652551Z total 96
2023-05-18T02:26:10.037658222Z -rwxrwxrwx 1 flux root  2517 May 17 22:32 README.txt
2023-05-18T02:26:10.037663293Z -rwxrwxrwx 1 flux root 54692 May 17 22:32 data.hns-equil
2023-05-18T02:26:10.037668123Z -rwxrwxrwx 1 flux root 13576 May 17 22:32 ffield.reax.hns
2023-05-18T02:26:10.037675063Z -rwxrwxrwx 1 flux root   870 May 17 22:32 in.reaxc.hns
2023-05-18T02:26:10.037827144Z -rwxrwxrwx 1 flux root  4172 May 17 22:32 log.8Mar18.reaxc.hns.g++.1
2023-05-18T02:26:10.037837176Z -rwxrwxrwx 1 flux root  4168 May 17 22:32 log.8Mar18.reaxc.hns.g++.4
2023-05-18T02:26:10.037843449Z
2023-05-18T02:26:10.037848076Z
2023-05-18T02:26:10.037854009Z ✨ Curve certificate generated by helper pod
2023-05-18T02:26:10.039050047Z #   ****  Generated on 2023-04-26 22:54:42 by CZMQ  ****
2023-05-18T02:26:10.039067218Z #   ZeroMQ CURVE **Secret** Certificate
2023-05-18T02:26:10.039073349Z #   DO NOT PROVIDE THIS FILE TO OTHER USERS nor change its permissions.
2023-05-18T02:26:10.039087719Z
2023-05-18T02:26:10.039093154Z metadata
2023-05-18T02:26:10.039098745Z     name = "flux-cert-generator"
2023-05-18T02:26:10.039103773Z     keygen.hostname = "flux-sample-0"
2023-05-18T02:26:10.039109105Z curve
2023-05-18T02:26:10.039113635Z     public-key = "R7z{4P%S)<2$MC@>MXsT]fbCW6U(@l)!h6qktHfw"
2023-05-18T02:26:10.039118488Z     secret-key = "r9@8LvABq>)d(E&Hj0U)^203odszv%k[RD0<8RP%"
2023-05-18T02:26:10.041447089Z
2023-05-18T02:26:10.041469051Z 🌀  flux start --wrap=strace,-e,network,-tt -o --config /etc/flux/config -Scron.directory=/etc/flux/system/cron.d   -Stbon.fanout=256   -Srundir=/run/flux    -Sstatedir=/var/lib/flux   -Slocal-uri=local:///run/flux/local   -Stbon.zmqdebug=1  -Slog-stderr-level=6    -Slog-stderr-mode=local
2023-05-18T02:26:10.083706756Z 02:26:10.083288 socket(AF_NETLINK, SOCK_RAW, NETLINK_ROUTE) = 8
2023-05-18T02:26:10.083748775Z 02:26:10.083440 bind(8, {sa_family=AF_NETLINK, nl_pid=0, nl_groups=00000000}, 12) = 0
2023-05-18T02:26:10.083755341Z 02:26:10.083544 getsockname(8, {sa_family=AF_NETLINK, nl_pid=70, nl_groups=00000000}, [12]) = 0
2023-05-18T02:26:10.083975473Z 02:26:10.083623 sendto(8, {{len=20, type=RTM_GETADDR, flags=NLM_F_REQUEST|NLM_F_DUMP, seq=1684376770, pid=0}, {ifa_family=AF_UNSPEC, ...}}, 20, 0, {sa_family=AF_NETLINK, nl_pid=0, nl_groups=00000000}, 12) = 20
2023-05-18T02:26:10.084300968Z 02:26:10.083858 recvmsg(8, {msg_name={sa_family=AF_NETLINK, nl_pid=0, nl_groups=00000000}, msg_namelen=12, msg_iov=[{iov_base=[{{len=76, type=RTM_NEWADDR, flags=NLM_F_MULTI, seq=1684376770, pid=70}, {ifa_family=AF_INET, ifa_prefixlen=8, ifa_flags=IFA_F_PERMANENT, ifa_scope=RT_SCOPE_HOST, ifa_index=if_nametoindex("lo")}, [{{nla_len=8, nla_type=IFA_ADDRESS}, 127.0.0.1}, {{nla_len=8, nla_type=IFA_LOCAL}, 127.0.0.1}, {{nla_len=7, nla_type=IFA_LABEL}, "lo"}, {{nla_len=8, nla_type=IFA_FLAGS}, IFA_F_PERMANENT}, {{nla_len=20, nla_type=IFA_CACHEINFO}, {ifa_prefered=4294967295, ifa_valid=4294967295, cstamp=1607592, tstamp=1607592}}]}, {{len=88, type=RTM_NEWADDR, flags=NLM_F_MULTI, seq=1684376770, pid=70}, {ifa_family=AF_INET, ifa_prefixlen=24, ifa_flags=IFA_F_PERMANENT, ifa_scope=RT_SCOPE_UNIVERSE, ifa_index=if_nametoindex("eth0")}, [{{nla_len=8, nla_type=IFA_ADDRESS}, 10.24.3.185}, {{nla_len=8, nla_type=IFA_LOCAL}, 10.24.3.185}, {{nla_len=8, nla_type=IFA_BROADCAST}, 10.24.3.255}, {{nla_len=9, nla_type=IFA_LABEL}, "eth0"}, {{nla_len=8, nla_type=IFA_FLAGS}, IFA_F_PERMANENT}, {{nla_len=20, nla_type=IFA_CACHEINFO}, {ifa_prefered=4294967295, ifa_valid=4294967295, cstamp=1607596, tstamp=1607596}}]}], iov_len=4096}], msg_iovlen=1, msg_controllen=0, msg_flags=0}, 0) = 164
2023-05-18T02:26:10.084414157Z 02:26:10.084162 recvmsg(8, {msg_name={sa_family=AF_NETLINK, nl_pid=0, nl_groups=00000000}, msg_namelen=12, msg_iov=[{iov_base={{len=20, type=NLMSG_DONE, flags=NLM_F_MULTI, seq=1684376770, pid=70}, 0}, iov_len=4096}], msg_iovlen=1, msg_controllen=0, msg_flags=0}, 0) = 20
2023-05-18T02:26:10.085079586Z 02:26:10.084853 socket(AF_UNIX, SOCK_STREAM|SOCK_CLOEXEC|SOCK_NONBLOCK, 0) = 8
2023-05-18T02:26:10.085303108Z 02:26:10.085058 connect(8, {sa_family=AF_UNIX, sun_path="/var/run/nscd/socket"}, 110) = -1 ENOENT (No such file or directory)
2023-05-18T02:26:10.085622160Z 02:26:10.085340 socket(AF_UNIX, SOCK_STREAM|SOCK_CLOEXEC|SOCK_NONBLOCK, 0) = 8
2023-05-18T02:26:10.085761828Z 02:26:10.085463 connect(8, {sa_family=AF_UNIX, sun_path="/var/run/nscd/socket"}, 110) = -1 ENOENT (No such file or directory)
2023-05-18T02:26:10.087662848Z 02:26:10.087455 socket(AF_INET, SOCK_DGRAM|SOCK_CLOEXEC|SOCK_NONBLOCK, IPPROTO_IP) = 8
2023-05-18T02:26:10.087797008Z 02:26:10.087625 connect(8, {sa_family=AF_INET, sin_port=htons(53), sin_addr=inet_addr("10.28.0.10")}, 16) = 0
2023-05-18T02:26:10.088314867Z 02:26:10.087833 sendto(8, "\rf\1\0\0\1\0\0\0\0\0\0\rflux-sample-0\fflux-"..., 76, MSG_NOSIGNAL, NULL, 0) = 76
2023-05-18T02:26:10.088881431Z 02:26:10.088579 recvfrom(8, "\rf\201\200\0\1\0\1\0\0\0\0\rflux-sample-0\fflux-"..., 1024, 0, {sa_family=AF_INET, sin_port=htons(53), sin_addr=inet_addr("10.28.0.10")}, [28->16]) = 92
2023-05-18T02:26:10.095607479Z broker.info[1]: start: none->join 2.70529ms
2023-05-18T02:26:40.324238254Z broker.info[1]: parent-ready: join->init 30.2283s
2023-05-18T02:26:40.324749501Z 02:26:40.324321 socketpair(AF_UNIX, SOCK_STREAM|SOCK_CLOEXEC, 0, [22, 23]) = 0
2023-05-18T02:26:40.325208871Z 02:26:40.325041 socketpair(AF_UNIX, SOCK_STREAM, 0, [24, 25]) = 0
2023-05-18T02:26:40.325714078Z 02:26:40.325373 socketpair(AF_UNIX, SOCK_STREAM, 0, [26, 27]) = 0
2023-05-18T02:26:40.326029798Z 02:26:40.325855 socketpair(AF_UNIX, SOCK_STREAM, 0, [28, 29]) = 0
2023-05-18T02:26:40.351925422Z broker.info[1]: configuration updated
2023-05-18T02:26:40.481297577Z broker.info[1]: rc1.0: running /etc/flux/rc1.d/01-sched-fluxion
2023-05-18T02:26:40.493693012Z broker.info[1]: rc1.0: running /etc/flux/rc1.d/02-cron
2023-05-18T02:26:40.518057873Z broker.info[1]: rc1.0: /etc/flux/rc1 Exited (rc=0) 0.2s
2023-05-18T02:26:40.519038698Z broker.info[1]: rc1-success: init->quorum 0.194562s
2023-05-18T02:26:41.569945828Z broker.info[1]: quorum-full: quorum->run 1.05026s
2023-05-18T02:26:54.911397710Z broker.info[1]: shutdown: run->cleanup 13.3414s
2023-05-18T02:26:54.913352391Z broker.info[1]: cleanup-none: cleanup->shutdown 1.21436ms
2023-05-18T02:26:54.915013831Z broker.info[1]: children-none: shutdown->finalize 0.985087ms
2023-05-18T02:26:54.915418645Z 02:26:54.915174 socketpair(AF_UNIX, SOCK_STREAM|SOCK_CLOEXEC, 0, [22, 23]) = 0
2023-05-18T02:26:54.915628079Z 02:26:54.915413 socketpair(AF_UNIX, SOCK_STREAM, 0, [24, 25]) = 0
2023-05-18T02:26:54.916169542Z 02:26:54.915963 socketpair(AF_UNIX, SOCK_STREAM, 0, [26, 28]) = 0
2023-05-18T02:26:54.916433522Z 02:26:54.916271 socketpair(AF_UNIX, SOCK_STREAM, 0, [58, 59]) = 0
2023-05-18T02:26:54.934542276Z broker.info[1]: rc3.0: running /etc/flux/rc3.d/01-sched-fluxion
2023-05-18T02:26:55.061461455Z broker.info[1]: rc3.0: /etc/flux/rc3 Exited (rc=0) 0.1s
2023-05-18T02:26:55.062246317Z broker.info[1]: rc3-success: finalize->goodbye 0.146922s
2023-05-18T02:26:55.063609656Z broker.info[1]: goodbye: goodbye->exit 1.13521ms
2023-05-18T02:26:55.070850289Z 02:26:55.070650 +++ exited with 0 +++
2023-05-18T02:26:55.072173373Z Return value for follower worker is 0
2023-05-18T02:26:55.072246086Z The follower worker exited cleanly. Goodbye!
