2023-07-22T16:54:13.619177582Z
2023-07-22T16:54:13.619241538Z Flux username: flux
2023-07-22T16:54:13.619321301Z
2023-07-22T16:54:13.619330801Z Flux install root: /usr
2023-07-22T16:54:13.669842648Z flux user is already added.
2023-07-22T16:54:13.673171406Z flux user identifiers:
2023-07-22T16:54:13.673207505Z uid=1234(flux) gid=1234(flux) groups=1234(flux)
2023-07-22T16:54:13.673313529Z
2023-07-22T16:54:13.673399154Z As Flux prefix for flux commands: sudo -u flux -E PYTHONPATH=/opt/conda/lib/python3.10/site-packages -E PATH=/opt/conda/bin:/usr/local/sbin:/usr/local/bin:/usr/sbin:/usr/bin:/sbin:/bin -E LD_LIBRARY_PATH=/opt/conda/lib -E HOME=/home/flux
2023-07-22T16:54:13.681920793Z
2023-07-22T16:54:13.681955237Z 👋 Hello, I'm flux-sample-3
2023-07-22T16:54:13.681961994Z The main host is flux-sample-0
2023-07-22T16:54:13.682039813Z The working directory is /home/flux/examples/reaxff/HNS, contents include:
2023-07-22T16:54:13.683836746Z /home/flux/examples/reaxff/HNS:
2023-07-22T16:54:13.683862727Z README.txt	ffield.reax.hns  log.8Mar18.reaxc.hns.g++.1
2023-07-22T16:54:13.683896708Z data.hns-equil	in.reaxc.hns	 log.8Mar18.reaxc.hns.g++.4
2023-07-22T16:54:13.684119848Z End of file listing, if you see nothing above there are no files.
2023-07-22T16:54:13.685911309Z flux R encode --hosts=flux-sample-[0-7]
2023-07-22T16:54:13.700360182Z
2023-07-22T16:54:13.700400036Z 📦 Resources
2023-07-22T16:54:13.701843955Z {"version": 1, "execution": {"R_lite": [{"rank": "0-7", "children": {"core": "0"}}], "starttime": 0.0, "expiration": 0.0, "nodelist": ["flux-sample-[0-7]"]}}
2023-07-22T16:54:13.702108781Z
2023-07-22T16:54:13.702125219Z 🐸 Diagnostics: false
2023-07-22T16:54:13.702296909Z 🚩️ Flux Option Flags defined
2023-07-22T16:54:13.706150587Z
2023-07-22T16:54:13.706195940Z 🦊 Independent Minister of Privilege
2023-07-22T16:54:13.707423374Z [exec]
2023-07-22T16:54:13.707442861Z allowed-users = [ "flux", "root" ]
2023-07-22T16:54:13.707458555Z allowed-shells = [ "/usr/libexec/flux/flux-shell" ]
2023-07-22T16:54:13.707580524Z
2023-07-22T16:54:13.707591458Z 🐸 Broker Configuration
2023-07-22T16:54:13.708862639Z # Flux needs to know the path to the IMP executable
2023-07-22T16:54:13.708943175Z [exec]
2023-07-22T16:54:13.708949134Z imp = "/usr/libexec/flux/flux-imp"
2023-07-22T16:54:13.708953456Z
2023-07-22T16:54:13.708957912Z [access]
2023-07-22T16:54:13.709017906Z allow-guest-user = true
2023-07-22T16:54:13.709024674Z allow-root-owner = true
2023-07-22T16:54:13.709028865Z
2023-07-22T16:54:13.709033677Z # Point to resource definition generated with flux-R(1).
2023-07-22T16:54:13.709038245Z [resource]
2023-07-22T16:54:13.709043534Z path = "/etc/flux/system/R"
2023-07-22T16:54:13.709047984Z
2023-07-22T16:54:13.709053451Z [bootstrap]
2023-07-22T16:54:13.709058607Z curve_cert = "/etc/curve/curve.cert"
2023-07-22T16:54:13.709086097Z default_port = 8050
2023-07-22T16:54:13.709092493Z default_bind = "tcp://eth0:%p"
2023-07-22T16:54:13.709098443Z default_connect = "tcp://%h.flux-service.flux-operator.svc.cluster.local:%p"
2023-07-22T16:54:13.709103584Z hosts = [
2023-07-22T16:54:13.709108337Z 	{ host="flux-sample-[0-7]"},
2023-07-22T16:54:13.709113032Z ]
2023-07-22T16:54:13.709117610Z [archive]
2023-07-22T16:54:13.709122627Z dbpath = "/var/lib/flux/job-archive.sqlite"
2023-07-22T16:54:13.709128094Z period = "1m"
2023-07-22T16:54:13.791937953Z busytimeout = "50s"
2023-07-22T16:54:13.792122920Z 🧊️ State Directory:
2023-07-22T16:54:13.792135212Z total 0
2023-07-22T16:54:13.792140432Z
2023-07-22T16:54:13.795774253Z
2023-07-22T16:54:13.795817885Z 🔒️ Working directory permissions:
2023-07-22T16:54:13.795824413Z total 96
2023-07-22T16:54:13.795830235Z -rwxrwxrwx 1 flux root  2517 May 17 22:32 README.txt
2023-07-22T16:54:13.795835352Z -rwxrwxrwx 1 flux root 54692 May 17 22:32 data.hns-equil
2023-07-22T16:54:13.795840012Z -rwxrwxrwx 1 flux root 13576 May 17 22:32 ffield.reax.hns
2023-07-22T16:54:13.795844776Z -rwxrwxrwx 1 flux root   870 May 17 22:32 in.reaxc.hns
2023-07-22T16:54:13.795850719Z -rwxrwxrwx 1 flux root  4172 May 17 22:32 log.8Mar18.reaxc.hns.g++.1
2023-07-22T16:54:13.795856174Z -rwxrwxrwx 1 flux root  4168 May 17 22:32 log.8Mar18.reaxc.hns.g++.4
2023-07-22T16:54:13.796032767Z
2023-07-22T16:54:13.796044330Z
2023-07-22T16:54:13.796051920Z ✨ Curve certificate generated by helper pod
2023-07-22T16:54:13.797394368Z #   ****  Generated on 2023-04-26 22:54:42 by CZMQ  ****
2023-07-22T16:54:13.797411151Z #   ZeroMQ CURVE **Secret** Certificate
2023-07-22T16:54:13.797417352Z #   DO NOT PROVIDE THIS FILE TO OTHER USERS nor change its permissions.
2023-07-22T16:54:13.797421829Z
2023-07-22T16:54:13.797427302Z metadata
2023-07-22T16:54:13.797432644Z     name = "flux-cert-generator"
2023-07-22T16:54:13.797438240Z     keygen.hostname = "flux-sample-0"
2023-07-22T16:54:13.797443436Z curve
2023-07-22T16:54:13.797448268Z     public-key = "V#/y%qzth-iHdiEOog=(&Ii=xiBU7R-z4DDO?diP"
2023-07-22T16:54:13.797453141Z     secret-key = ":})tLYISe#UUVG*cROr{MqPvm+V<-))^fYw1)Jql"
2023-07-22T16:54:15.801214521Z
2023-07-22T16:54:15.801301250Z 🌀  flux start --wrap=strace,-e,network,-tt -o --config /etc/flux/config -Scron.directory=/etc/flux/system/cron.d   -Stbon.fanout=256   -Srundir=/run/flux    -Sstatedir=/var/lib/flux   -Slocal-uri=local:///run/flux/local -Stbon.connect_timeout=2s  -Stbon.zmqdebug=1  -Slog-stderr-level=6    -Slog-stderr-mode=local
2023-07-22T16:54:15.838610430Z 16:54:15.838236 socket(AF_NETLINK, SOCK_RAW, NETLINK_ROUTE) = 8
2023-07-22T16:54:15.838707440Z 16:54:15.838347 bind(8, {sa_family=AF_NETLINK, nl_pid=0, nl_groups=00000000}, 12) = 0
2023-07-22T16:54:15.838718070Z 16:54:15.838413 getsockname(8, {sa_family=AF_NETLINK, nl_pid=72, nl_groups=00000000}, [12]) = 0
2023-07-22T16:54:15.838845972Z 16:54:15.838469 sendto(8, {{len=20, type=RTM_GETADDR, flags=NLM_F_REQUEST|NLM_F_DUMP, seq=1690044855, pid=0}, {ifa_family=AF_UNSPEC, ...}}, 20, 0, {sa_family=AF_NETLINK, nl_pid=0, nl_groups=00000000}, 12) = 20
2023-07-22T16:54:15.839147681Z 16:54:15.838692 recvmsg(8, {msg_name={sa_family=AF_NETLINK, nl_pid=0, nl_groups=00000000}, msg_namelen=12, msg_iov=[{iov_base=[{{len=76, type=RTM_NEWADDR, flags=NLM_F_MULTI, seq=1690044855, pid=72}, {ifa_family=AF_INET, ifa_prefixlen=8, ifa_flags=IFA_F_PERMANENT, ifa_scope=RT_SCOPE_HOST, ifa_index=if_nametoindex("lo")}, [{{nla_len=8, nla_type=IFA_ADDRESS}, 127.0.0.1}, {{nla_len=8, nla_type=IFA_LOCAL}, 127.0.0.1}, {{nla_len=7, nla_type=IFA_LABEL}, "lo"}, {{nla_len=8, nla_type=IFA_FLAGS}, IFA_F_PERMANENT}, {{nla_len=20, nla_type=IFA_CACHEINFO}, {ifa_prefered=4294967295, ifa_valid=4294967295, cstamp=634150, tstamp=634150}}]}, {{len=88, type=RTM_NEWADDR, flags=NLM_F_MULTI, seq=1690044855, pid=72}, {ifa_family=AF_INET, ifa_prefixlen=24, ifa_flags=IFA_F_PERMANENT, ifa_scope=RT_SCOPE_UNIVERSE, ifa_index=if_nametoindex("eth0")}, [{{nla_len=8, nla_type=IFA_ADDRESS}, 10.116.7.46}, {{nla_len=8, nla_type=IFA_LOCAL}, 10.116.7.46}, {{nla_len=8, nla_type=IFA_BROADCAST}, 10.116.7.255}, {{nla_len=9, nla_type=IFA_LABEL}, "eth0"}, {{nla_len=8, nla_type=IFA_FLAGS}, IFA_F_PERMANENT}, {{nla_len=20, nla_type=IFA_CACHEINFO}, {ifa_prefered=4294967295, ifa_valid=4294967295, cstamp=634154, tstamp=634154}}]}], iov_len=4096}], msg_iovlen=1, msg_controllen=0, msg_flags=0}, 0) = 164
2023-07-22T16:54:15.839336476Z 16:54:15.839005 recvmsg(8, {msg_name={sa_family=AF_NETLINK, nl_pid=0, nl_groups=00000000}, msg_namelen=12, msg_iov=[{iov_base={{len=20, type=NLMSG_DONE, flags=NLM_F_MULTI, seq=1690044855, pid=72}, 0}, iov_len=4096}], msg_iovlen=1, msg_controllen=0, msg_flags=0}, 0) = 20
2023-07-22T16:54:15.839712853Z 16:54:15.839525 socket(AF_UNIX, SOCK_STREAM|SOCK_CLOEXEC|SOCK_NONBLOCK, 0) = 8
2023-07-22T16:54:15.839925926Z 16:54:15.839604 connect(8, {sa_family=AF_UNIX, sun_path="/var/run/nscd/socket"}, 110) = -1 ENOENT (No such file or directory)
2023-07-22T16:54:15.839942108Z 16:54:15.839714 socket(AF_UNIX, SOCK_STREAM|SOCK_CLOEXEC|SOCK_NONBLOCK, 0) = 8
2023-07-22T16:54:15.839949057Z 16:54:15.839765 connect(8, {sa_family=AF_UNIX, sun_path="/var/run/nscd/socket"}, 110) = -1 ENOENT (No such file or directory)
2023-07-22T16:54:15.841367304Z 16:54:15.841119 socket(AF_INET, SOCK_DGRAM|SOCK_CLOEXEC|SOCK_NONBLOCK, IPPROTO_IP) = 8
2023-07-22T16:54:15.841389975Z 16:54:15.841204 connect(8, {sa_family=AF_INET, sin_port=htons(53), sin_addr=inet_addr("10.120.0.10")}, 16) = 0
2023-07-22T16:54:15.841644392Z 16:54:15.841312 sendto(8, "\204Q\1\0\0\1\0\0\0\0\0\0\rflux-sample-0\fflux-"..., 76, MSG_NOSIGNAL, NULL, 0) = 76
2023-07-22T16:54:15.842263587Z 16:54:15.842044 recvfrom(8, "\204Q\205\200\0\1\0\1\0\0\0\0\rflux-sample-0\fflux-"..., 1024, 0, {sa_family=AF_INET, sin_port=htons(53), sin_addr=inet_addr("10.120.0.10")}, [28->16]) = 150
2023-07-22T16:54:15.848337478Z broker.info[3]: start: none->join 1.87033ms
2023-07-22T16:54:22.280933914Z broker.info[3]: parent-ready: join->init 6.43218s
2023-07-22T16:54:22.281637320Z 16:54:22.280940 socketpair(AF_UNIX, SOCK_STREAM|SOCK_CLOEXEC, 0, [22, 23]) = 0
2023-07-22T16:54:22.281807707Z 16:54:22.281596 socketpair(AF_UNIX, SOCK_STREAM, 0, [24, 25]) = 0
2023-07-22T16:54:22.281969940Z 16:54:22.281829 socketpair(AF_UNIX, SOCK_STREAM, 0, [26, 27]) = 0
2023-07-22T16:54:22.282669433Z 16:54:22.282388 socketpair(AF_UNIX, SOCK_STREAM, 0, [28, 29]) = 0
2023-07-22T16:54:22.308403762Z broker.info[3]: configuration updated
2023-07-22T16:54:22.442182013Z broker.info[3]: rc1.0: running /etc/flux/rc1.d/01-sched-fluxion
2023-07-22T16:54:22.456315481Z broker.info[3]: rc1.0: running /etc/flux/rc1.d/02-cron
2023-07-22T16:54:22.483309776Z broker.info[3]: rc1.0: /etc/flux/rc1 Exited (rc=0) 0.2s
2023-07-22T16:54:22.484002661Z broker.info[3]: rc1-success: init->quorum 0.202872s
2023-07-22T16:54:24.958932357Z broker.info[3]: quorum-full: quorum->run 2.47474s
2023-07-22T16:54:25.470025839Z 16:54:25.469681 socketpair(AF_UNIX, SOCK_STREAM|SOCK_CLOEXEC, 0, [22, 23]) = 0
2023-07-22T16:54:25.470274808Z 16:54:25.470036 socketpair(AF_UNIX, SOCK_STREAM, 0, [24, 25]) = 0
2023-07-22T16:54:25.470661647Z 16:54:25.470404 socketpair(AF_UNIX, SOCK_STREAM, 0, [26, 28]) = 0
2023-07-22T16:54:25.471187415Z 16:54:25.470839 socketpair(AF_UNIX, SOCK_STREAM, 0, [58, 59]) = 0
2023-07-22T16:54:25.471547410Z 16:54:25.471306 socketpair(AF_UNIX, SOCK_STREAM, 0, [60, 61]) = 0
2023-07-22T16:54:38.697037150Z broker.info[3]: shutdown: run->cleanup 13.7379s
2023-07-22T16:54:38.698935350Z broker.info[3]: cleanup-none: cleanup->shutdown 1.42755ms
2023-07-22T16:54:38.700760836Z broker.info[3]: children-none: shutdown->finalize 1.05611ms
2023-07-22T16:54:38.702007974Z 16:54:38.701599 socketpair(AF_UNIX, SOCK_STREAM|SOCK_CLOEXEC, 0, [22, 23]) = 0
2023-07-22T16:54:38.702274837Z 16:54:38.702021 socketpair(AF_UNIX, SOCK_STREAM, 0, [24, 25]) = 0
2023-07-22T16:54:38.702838070Z 16:54:38.702550 socketpair(AF_UNIX, SOCK_STREAM, 0, [26, 28]) = 0
2023-07-22T16:54:38.703263391Z 16:54:38.702983 socketpair(AF_UNIX, SOCK_STREAM, 0, [58, 59]) = 0
2023-07-22T16:54:38.722530428Z broker.info[3]: rc3.0: running /etc/flux/rc3.d/01-sched-fluxion
2023-07-22T16:54:38.861912118Z broker.info[3]: rc3.0: /etc/flux/rc3 Exited (rc=0) 0.2s
2023-07-22T16:54:38.862762136Z broker.info[3]: rc3-success: finalize->goodbye 0.160999s
2023-07-22T16:54:38.864341272Z broker.info[3]: goodbye: goodbye->exit 0.971075ms
2023-07-22T16:54:38.873908759Z 16:54:38.873608 +++ exited with 0 +++
2023-07-22T16:54:38.875484007Z Return value for follower worker is 0
2023-07-22T16:54:38.875919693Z The follower worker exited cleanly. Goodbye!
