2023-07-22T17:23:33.974022048Z
2023-07-22T17:23:33.974065578Z Flux username: flux
2023-07-22T17:23:33.974070558Z
2023-07-22T17:23:33.974074898Z Flux install root: /usr
2023-07-22T17:23:34.006242875Z flux user is already added.
2023-07-22T17:23:34.007759505Z flux user identifiers:
2023-07-22T17:23:34.007813045Z uid=1234(flux) gid=1234(flux) groups=1234(flux)
2023-07-22T17:23:34.007859115Z
2023-07-22T17:23:34.007895435Z As Flux prefix for flux commands: sudo -u flux -E PYTHONPATH=/opt/conda/lib/python3.10/site-packages -E PATH=/opt/conda/bin:/usr/local/sbin:/usr/local/bin:/usr/sbin:/usr/bin:/sbin:/bin -E LD_LIBRARY_PATH=/opt/conda/lib -E HOME=/home/flux
2023-07-22T17:23:34.012996614Z
2023-07-22T17:23:34.013010454Z ðŸ‘‹ Hello, I'm flux-sample-3
2023-07-22T17:23:34.013179964Z The main host is flux-sample-0
2023-07-22T17:23:34.013189684Z The working directory is /home/flux/examples/reaxff/HNS, contents include:
2023-07-22T17:23:34.014214954Z /home/flux/examples/reaxff/HNS:
2023-07-22T17:23:34.014234744Z README.txt	ffield.reax.hns  log.8Mar18.reaxc.hns.g++.1
2023-07-22T17:23:34.014240624Z data.hns-equil	in.reaxc.hns	 log.8Mar18.reaxc.hns.g++.4
2023-07-22T17:23:34.014391474Z End of file listing, if you see nothing above there are no files.
2023-07-22T17:23:34.015350204Z flux R encode --hosts=flux-sample-[0-7]
2023-07-22T17:23:34.024792443Z
2023-07-22T17:23:34.024819523Z ðŸ“¦ Resources
2023-07-22T17:23:34.025703133Z {"version": 1, "execution": {"R_lite": [{"rank": "0-7", "children": {"core": "0"}}], "starttime": 0.0, "expiration": 0.0, "nodelist": ["flux-sample-[0-7]"]}}
2023-07-22T17:23:34.025851773Z
2023-07-22T17:23:34.025862083Z ðŸ¸ Diagnostics: false
2023-07-22T17:23:34.026047543Z ðŸš©ï¸ Flux Option Flags defined
2023-07-22T17:23:34.028206203Z
2023-07-22T17:23:34.028219123Z ðŸ¦Š Independent Minister of Privilege
2023-07-22T17:23:34.028883583Z [exec]
2023-07-22T17:23:34.028895493Z allowed-users = [ "flux", "root" ]
2023-07-22T17:23:34.028902073Z allowed-shells = [ "/usr/libexec/flux/flux-shell" ]
2023-07-22T17:23:34.029071023Z
2023-07-22T17:23:34.029129173Z ðŸ¸ Broker Configuration
2023-07-22T17:23:34.029828253Z # Flux needs to know the path to the IMP executable
2023-07-22T17:23:34.029839753Z [exec]
2023-07-22T17:23:34.029845093Z imp = "/usr/libexec/flux/flux-imp"
2023-07-22T17:23:34.029849193Z
2023-07-22T17:23:34.029853163Z [access]
2023-07-22T17:23:34.029857233Z allow-guest-user = true
2023-07-22T17:23:34.029860413Z allow-root-owner = true
2023-07-22T17:23:34.029863253Z
2023-07-22T17:23:34.029866363Z # Point to resource definition generated with flux-R(1).
2023-07-22T17:23:34.029869803Z [resource]
2023-07-22T17:23:34.029873423Z path = "/etc/flux/system/R"
2023-07-22T17:23:34.029876203Z
2023-07-22T17:23:34.029879073Z [bootstrap]
2023-07-22T17:23:34.029881923Z curve_cert = "/etc/curve/curve.cert"
2023-07-22T17:23:34.029884833Z default_port = 8050
2023-07-22T17:23:34.029887843Z default_bind = "tcp://eth0:%p"
2023-07-22T17:23:34.029891703Z default_connect = "tcp://%h.flux-service.flux-operator.svc.cluster.local:%p"
2023-07-22T17:23:34.029895333Z hosts = [
2023-07-22T17:23:34.029898783Z 	{ host="flux-sample-[0-7]"},
2023-07-22T17:23:34.029902093Z ]
2023-07-22T17:23:34.029905513Z [archive]
2023-07-22T17:23:34.029909183Z dbpath = "/var/lib/flux/job-archive.sqlite"
2023-07-22T17:23:34.029911053Z period = "1m"
2023-07-22T17:23:34.087484738Z busytimeout = "50s"
2023-07-22T17:23:34.087603538Z ðŸ§Šï¸ State Directory:
2023-07-22T17:23:34.087624968Z total 0
2023-07-22T17:23:34.087630538Z
2023-07-22T17:23:34.089487008Z
2023-07-22T17:23:34.089769748Z ðŸ”’ï¸ Working directory permissions:
2023-07-22T17:23:34.089776738Z total 96
2023-07-22T17:23:34.089781898Z -rwxrwxrwx 1 flux root  2517 May 17 22:32 README.txt
2023-07-22T17:23:34.089785738Z -rwxrwxrwx 1 flux root 54692 May 17 22:32 data.hns-equil
2023-07-22T17:23:34.089789928Z -rwxrwxrwx 1 flux root 13576 May 17 22:32 ffield.reax.hns
2023-07-22T17:23:34.089794198Z -rwxrwxrwx 1 flux root   870 May 17 22:32 in.reaxc.hns
2023-07-22T17:23:34.089797888Z -rwxrwxrwx 1 flux root  4172 May 17 22:32 log.8Mar18.reaxc.hns.g++.1
2023-07-22T17:23:34.089801008Z -rwxrwxrwx 1 flux root  4168 May 17 22:32 log.8Mar18.reaxc.hns.g++.4
2023-07-22T17:23:34.089803668Z
2023-07-22T17:23:34.089816578Z
2023-07-22T17:23:34.089821038Z âœ¨ Curve certificate generated by helper pod
2023-07-22T17:23:34.091142777Z #   ****  Generated on 2023-04-26 22:54:42 by CZMQ  ****
2023-07-22T17:23:34.091154777Z #   ZeroMQ CURVE **Secret** Certificate
2023-07-22T17:23:34.091159148Z #   DO NOT PROVIDE THIS FILE TO OTHER USERS nor change its permissions.
2023-07-22T17:23:34.091162497Z
2023-07-22T17:23:34.091165937Z metadata
2023-07-22T17:23:34.091169968Z     name = "flux-cert-generator"
2023-07-22T17:23:34.091173588Z     keygen.hostname = "flux-sample-0"
2023-07-22T17:23:34.091176937Z curve
2023-07-22T17:23:34.091180517Z     public-key = "X19C.9.0>+Nv&Zee@2[Xf.Z-:)es^0V9arbg.EGs"
2023-07-22T17:23:34.091183808Z     secret-key = "J*w%5W8MX]=-ka4OSpSSQ*>t@l1?F&q4dSEcYcKV"
2023-07-22T17:23:34.092659247Z
2023-07-22T17:23:34.093695377Z ðŸŒ€  flux start --wrap=strace,-e,network,-tt -o --config /etc/flux/config -Scron.directory=/etc/flux/system/cron.d   -Stbon.fanout=256   -Srundir=/run/flux    -Sstatedir=/var/lib/flux   -Slocal-uri=local:///run/flux/local -Stbon.connect_timeout=10s  -Stbon.zmqdebug=1  -Slog-stderr-level=6    -Slog-stderr-mode=local
2023-07-22T17:23:34.119940885Z 17:23:34.119701 socket(AF_NETLINK, SOCK_RAW, NETLINK_ROUTE) = 8
2023-07-22T17:23:34.120031905Z 17:23:34.119778 bind(8, {sa_family=AF_NETLINK, nl_pid=0, nl_groups=00000000}, 12) = 0
2023-07-22T17:23:34.120042535Z 17:23:34.119938 getsockname(8, {sa_family=AF_NETLINK, nl_pid=69, nl_groups=00000000}, [12]) = 0
2023-07-22T17:23:34.120364845Z 17:23:34.120027 sendto(8, {{len=20, type=RTM_GETADDR, flags=NLM_F_REQUEST|NLM_F_DUMP, seq=1690046614, pid=0}, {ifa_family=AF_UNSPEC, ...}}, 20, 0, {sa_family=AF_NETLINK, nl_pid=0, nl_groups=00000000}, 12) = 20
2023-07-22T17:23:34.120765645Z 17:23:34.120340 recvmsg(8, {msg_name={sa_family=AF_NETLINK, nl_pid=0, nl_groups=00000000}, msg_namelen=12, msg_iov=[{iov_base=[{{len=76, type=RTM_NEWADDR, flags=NLM_F_MULTI, seq=1690046614, pid=69}, {ifa_family=AF_INET, ifa_prefixlen=8, ifa_flags=IFA_F_PERMANENT, ifa_scope=RT_SCOPE_HOST, ifa_index=if_nametoindex("lo")}, [{{nla_len=8, nla_type=IFA_ADDRESS}, 127.0.0.1}, {{nla_len=8, nla_type=IFA_LOCAL}, 127.0.0.1}, {{nla_len=7, nla_type=IFA_LABEL}, "lo"}, {{nla_len=8, nla_type=IFA_FLAGS}, IFA_F_PERMANENT}, {{nla_len=20, nla_type=IFA_CACHEINFO}, {ifa_prefered=4294967295, ifa_valid=4294967295, cstamp=810443, tstamp=810443}}]}, {{len=88, type=RTM_NEWADDR, flags=NLM_F_MULTI, seq=1690046614, pid=69}, {ifa_family=AF_INET, ifa_prefixlen=24, ifa_flags=IFA_F_PERMANENT, ifa_scope=RT_SCOPE_UNIVERSE, ifa_index=if_nametoindex("eth0")}, [{{nla_len=8, nla_type=IFA_ADDRESS}, 10.116.5.98}, {{nla_len=8, nla_type=IFA_LOCAL}, 10.116.5.98}, {{nla_len=8, nla_type=IFA_BROADCAST}, 10.116.5.255}, {{nla_len=9, nla_type=IFA_LABEL}, "eth0"}, {{nla_len=8, nla_type=IFA_FLAGS}, IFA_F_PERMANENT}, {{nla_len=20, nla_type=IFA_CACHEINFO}, {ifa_prefered=4294967295, ifa_valid=4294967295, cstamp=810445, tstamp=810445}}]}], iov_len=4096}], msg_iovlen=1, msg_controllen=0, msg_flags=0}, 0) = 164
2023-07-22T17:23:34.120936125Z 17:23:34.120765 recvmsg(8, {msg_name={sa_family=AF_NETLINK, nl_pid=0, nl_groups=00000000}, msg_namelen=12, msg_iov=[{iov_base={{len=20, type=NLMSG_DONE, flags=NLM_F_MULTI, seq=1690046614, pid=69}, 0}, iov_len=4096}], msg_iovlen=1, msg_controllen=0, msg_flags=0}, 0) = 20
2023-07-22T17:23:34.121383315Z 17:23:34.121274 socket(AF_UNIX, SOCK_STREAM|SOCK_CLOEXEC|SOCK_NONBLOCK, 0) = 8
2023-07-22T17:23:34.121539375Z 17:23:34.121391 connect(8, {sa_family=AF_UNIX, sun_path="/var/run/nscd/socket"}, 110) = -1 ENOENT (No such file or directory)
2023-07-22T17:23:34.121661185Z 17:23:34.121536 socket(AF_UNIX, SOCK_STREAM|SOCK_CLOEXEC|SOCK_NONBLOCK, 0) = 8
2023-07-22T17:23:34.121819765Z 17:23:34.121675 connect(8, {sa_family=AF_UNIX, sun_path="/var/run/nscd/socket"}, 110) = -1 ENOENT (No such file or directory)
2023-07-22T17:23:34.122635735Z 17:23:34.122538 socket(AF_INET, SOCK_DGRAM|SOCK_CLOEXEC|SOCK_NONBLOCK, IPPROTO_IP) = 8
2023-07-22T17:23:34.122801885Z 17:23:34.122648 connect(8, {sa_family=AF_INET, sin_port=htons(53), sin_addr=inet_addr("10.120.0.10")}, 16) = 0
2023-07-22T17:23:34.123095725Z 17:23:34.122802 sendto(8, "\373\7\1\0\0\1\0\0\0\0\0\0\rflux-sample-0\fflux-"..., 76, MSG_NOSIGNAL, NULL, 0) = 76
2023-07-22T17:23:34.127055364Z 17:23:34.126793 recvfrom(8, "\373\7\205\200\0\1\0\1\0\0\0\0\rflux-sample-0\fflux-"..., 1024, 0, {sa_family=AF_INET, sin_port=htons(53), sin_addr=inet_addr("10.120.0.10")}, [28->16]) = 150
2023-07-22T17:23:34.130142584Z broker.info[3]: start: none->join 1.0998ms
2023-07-22T17:23:34.138124973Z broker.info[3]: parent-ready: join->init 7.8093ms
2023-07-22T17:23:34.138339664Z 17:23:34.138120 socketpair(AF_UNIX, SOCK_STREAM|SOCK_CLOEXEC, 0, [22, 23]) = 0
2023-07-22T17:23:34.138425484Z 17:23:34.138311 socketpair(AF_UNIX, SOCK_STREAM, 0, [24, 25]) = 0
2023-07-22T17:23:34.138620753Z 17:23:34.138496 socketpair(AF_UNIX, SOCK_STREAM, 0, [26, 27]) = 0
2023-07-22T17:23:34.138835113Z 17:23:34.138695 socketpair(AF_UNIX, SOCK_STREAM, 0, [28, 29]) = 0
2023-07-22T17:23:34.152927992Z broker.info[3]: configuration updated
2023-07-22T17:23:34.221095856Z broker.info[3]: rc1.0: running /etc/flux/rc1.d/01-sched-fluxion
2023-07-22T17:23:34.228909745Z broker.info[3]: rc1.0: running /etc/flux/rc1.d/02-cron
2023-07-22T17:23:34.243245664Z broker.info[3]: rc1.0: /etc/flux/rc1 Exited (rc=0) 0.1s
2023-07-22T17:23:34.243627094Z broker.info[3]: rc1-success: init->quorum 0.105419s
2023-07-22T17:23:44.370426766Z broker.info[3]: quorum-full: quorum->run 10.1265s
2023-07-22T17:23:45.069381305Z 17:23:45.069004 socketpair(AF_UNIX, SOCK_STREAM|SOCK_CLOEXEC, 0, [22, 23]) = 0
2023-07-22T17:23:45.069628755Z 17:23:45.069454 socketpair(AF_UNIX, SOCK_STREAM, 0, [24, 25]) = 0
2023-07-22T17:23:45.070040685Z 17:23:45.069903 socketpair(AF_UNIX, SOCK_STREAM, 0, [26, 28]) = 0
2023-07-22T17:23:45.070465945Z 17:23:45.070235 socketpair(AF_UNIX, SOCK_STREAM, 0, [58, 59]) = 0
2023-07-22T17:23:45.070930365Z 17:23:45.070609 socketpair(AF_UNIX, SOCK_STREAM, 0, [60, 61]) = 0
2023-07-22T17:23:59.583467393Z broker.info[3]: shutdown: run->cleanup 15.2125s
2023-07-22T17:23:59.583927513Z broker.info[3]: cleanup-none: cleanup->shutdown 0.41709ms
2023-07-22T17:23:59.584160773Z broker.info[3]: children-none: shutdown->finalize 0.38057ms
2023-07-22T17:23:59.584400723Z 17:23:59.584145 socketpair(AF_UNIX, SOCK_STREAM|SOCK_CLOEXEC, 0, [22, 23]) = 0
2023-07-22T17:23:59.584415103Z 17:23:59.584309 socketpair(AF_UNIX, SOCK_STREAM, 0, [24, 25]) = 0
2023-07-22T17:23:59.584646453Z 17:23:59.584434 socketpair(AF_UNIX, SOCK_STREAM, 0, [26, 28]) = 0
2023-07-22T17:23:59.584658313Z 17:23:59.584549 socketpair(AF_UNIX, SOCK_STREAM, 0, [58, 59]) = 0
2023-07-22T17:23:59.596776322Z broker.info[3]: rc3.0: running /etc/flux/rc3.d/01-sched-fluxion
2023-07-22T17:23:59.674728826Z broker.info[3]: rc3.0: /etc/flux/rc3 Exited (rc=0) 0.1s
2023-07-22T17:23:59.675766955Z broker.info[3]: rc3-success: finalize->goodbye 91.4902ms
2023-07-22T17:23:59.677263435Z broker.info[3]: goodbye: goodbye->exit 1.06979ms
2023-07-22T17:23:59.684504014Z 17:23:59.684335 +++ exited with 0 +++
2023-07-22T17:23:59.685323494Z Return value for follower worker is 0
2023-07-22T17:23:59.685417834Z The follower worker exited cleanly. Goodbye!
