2023-07-22T17:13:22.210690111Z
2023-07-22T17:13:22.210718251Z Flux username: flux
2023-07-22T17:13:22.210762442Z
2023-07-22T17:13:22.210769522Z Flux install root: /usr
2023-07-22T17:13:22.244055588Z flux user is already added.
2023-07-22T17:13:22.245638108Z flux user identifiers:
2023-07-22T17:13:22.245655638Z uid=1234(flux) gid=1234(flux) groups=1234(flux)
2023-07-22T17:13:22.245801988Z
2023-07-22T17:13:22.245812518Z As Flux prefix for flux commands: sudo -u flux -E PYTHONPATH=/opt/conda/lib/python3.10/site-packages -E PATH=/opt/conda/bin:/usr/local/sbin:/usr/local/bin:/usr/sbin:/usr/bin:/sbin:/bin -E LD_LIBRARY_PATH=/opt/conda/lib -E HOME=/home/flux
2023-07-22T17:13:22.250949867Z
2023-07-22T17:13:22.250964137Z ðŸ‘‹ Hello, I'm flux-sample-4
2023-07-22T17:13:22.251012937Z The main host is flux-sample-0
2023-07-22T17:13:22.251023507Z The working directory is /home/flux/examples/reaxff/HNS, contents include:
2023-07-22T17:13:22.251997227Z /home/flux/examples/reaxff/HNS:
2023-07-22T17:13:22.252009187Z README.txt	ffield.reax.hns  log.8Mar18.reaxc.hns.g++.1
2023-07-22T17:13:22.252013197Z data.hns-equil	in.reaxc.hns	 log.8Mar18.reaxc.hns.g++.4
2023-07-22T17:13:22.252223407Z End of file listing, if you see nothing above there are no files.
2023-07-22T17:13:22.253229107Z flux R encode --hosts=flux-sample-[0-7]
2023-07-22T17:13:22.262319836Z
2023-07-22T17:13:22.262335696Z ðŸ“¦ Resources
2023-07-22T17:13:22.263122846Z {"version": 1, "execution": {"R_lite": [{"rank": "0-7", "children": {"core": "0"}}], "starttime": 0.0, "expiration": 0.0, "nodelist": ["flux-sample-[0-7]"]}}
2023-07-22T17:13:22.263284946Z
2023-07-22T17:13:22.263295926Z ðŸ¸ Diagnostics: false
2023-07-22T17:13:22.263525656Z ðŸš©ï¸ Flux Option Flags defined
2023-07-22T17:13:22.265652816Z
2023-07-22T17:13:22.265665396Z ðŸ¦Š Independent Minister of Privilege
2023-07-22T17:13:22.266380136Z [exec]
2023-07-22T17:13:22.266391216Z allowed-users = [ "flux", "root" ]
2023-07-22T17:13:22.266396786Z allowed-shells = [ "/usr/libexec/flux/flux-shell" ]
2023-07-22T17:13:22.266581716Z
2023-07-22T17:13:22.266592256Z ðŸ¸ Broker Configuration
2023-07-22T17:13:22.267335646Z # Flux needs to know the path to the IMP executable
2023-07-22T17:13:22.267346506Z [exec]
2023-07-22T17:13:22.267351536Z imp = "/usr/libexec/flux/flux-imp"
2023-07-22T17:13:22.267355756Z
2023-07-22T17:13:22.267359336Z [access]
2023-07-22T17:13:22.267363956Z allow-guest-user = true
2023-07-22T17:13:22.267367126Z allow-root-owner = true
2023-07-22T17:13:22.267370016Z
2023-07-22T17:13:22.267372956Z # Point to resource definition generated with flux-R(1).
2023-07-22T17:13:22.267379536Z [resource]
2023-07-22T17:13:22.267382696Z path = "/etc/flux/system/R"
2023-07-22T17:13:22.267385536Z
2023-07-22T17:13:22.267388456Z [bootstrap]
2023-07-22T17:13:22.267397146Z curve_cert = "/etc/curve/curve.cert"
2023-07-22T17:13:22.267400356Z default_port = 8050
2023-07-22T17:13:22.267403386Z default_bind = "tcp://eth0:%p"
2023-07-22T17:13:22.267408086Z default_connect = "tcp://%h.flux-service.flux-operator.svc.cluster.local:%p"
2023-07-22T17:13:22.267411496Z hosts = [
2023-07-22T17:13:22.267414866Z 	{ host="flux-sample-[0-7]"},
2023-07-22T17:13:22.267418666Z ]
2023-07-22T17:13:22.267422566Z [archive]
2023-07-22T17:13:22.267426536Z dbpath = "/var/lib/flux/job-archive.sqlite"
2023-07-22T17:13:22.267430766Z period = "1m"
2023-07-22T17:13:22.320022140Z busytimeout = "50s"
2023-07-22T17:13:22.320047300Z ðŸ§Šï¸ State Directory:
2023-07-22T17:13:22.320053280Z total 0
2023-07-22T17:13:22.320057450Z
2023-07-22T17:13:22.321496530Z
2023-07-22T17:13:22.321525690Z ðŸ”’ï¸ Working directory permissions:
2023-07-22T17:13:22.321530580Z total 96
2023-07-22T17:13:22.321535510Z -rwxrwxrwx 1 flux root  2517 May 17 22:32 README.txt
2023-07-22T17:13:22.321540140Z -rwxrwxrwx 1 flux root 54692 May 17 22:32 data.hns-equil
2023-07-22T17:13:22.321544390Z -rwxrwxrwx 1 flux root 13576 May 17 22:32 ffield.reax.hns
2023-07-22T17:13:22.321548470Z -rwxrwxrwx 1 flux root   870 May 17 22:32 in.reaxc.hns
2023-07-22T17:13:22.321552880Z -rwxrwxrwx 1 flux root  4172 May 17 22:32 log.8Mar18.reaxc.hns.g++.1
2023-07-22T17:13:22.321556920Z -rwxrwxrwx 1 flux root  4168 May 17 22:32 log.8Mar18.reaxc.hns.g++.4
2023-07-22T17:13:22.321560870Z
2023-07-22T17:13:22.321645850Z
2023-07-22T17:13:22.321657270Z âœ¨ Curve certificate generated by helper pod
2023-07-22T17:13:22.322569970Z #   ****  Generated on 2023-04-26 22:54:42 by CZMQ  ****
2023-07-22T17:13:22.322627810Z #   ZeroMQ CURVE **Secret** Certificate
2023-07-22T17:13:22.322632910Z #   DO NOT PROVIDE THIS FILE TO OTHER USERS nor change its permissions.
2023-07-22T17:13:22.322636270Z
2023-07-22T17:13:22.322639680Z metadata
2023-07-22T17:13:22.322643860Z     name = "flux-cert-generator"
2023-07-22T17:13:22.322648330Z     keygen.hostname = "flux-sample-0"
2023-07-22T17:13:22.322652440Z curve
2023-07-22T17:13:22.322656360Z     public-key = "-ou}THM%$EzP6(t/&@uy)4PGfeKD[9A2C(+rg8F%"
2023-07-22T17:13:22.322660140Z     secret-key = "WIf1Hv-m1xA{{7hW*6Q@c%w7#Xt$s6?i@iac?z/M"
2023-07-22T17:13:22.324211910Z
2023-07-22T17:13:22.324231570Z ðŸŒ€  flux start --wrap=strace,-e,network,-tt -o --config /etc/flux/config -Scron.directory=/etc/flux/system/cron.d   -Stbon.fanout=256   -Srundir=/run/flux    -Sstatedir=/var/lib/flux   -Slocal-uri=local:///run/flux/local -Stbon.connect_timeout=2s  -Stbon.zmqdebug=1  -Slog-stderr-level=6    -Slog-stderr-mode=local
2023-07-22T17:13:22.354534487Z 17:13:22.354296 socket(AF_NETLINK, SOCK_RAW, NETLINK_ROUTE) = 8
2023-07-22T17:13:22.354701407Z 17:13:22.354466 bind(8, {sa_family=AF_NETLINK, nl_pid=0, nl_groups=00000000}, 12) = 0
2023-07-22T17:13:22.354857297Z 17:13:22.354654 getsockname(8, {sa_family=AF_NETLINK, nl_pid=69, nl_groups=00000000}, [12]) = 0
2023-07-22T17:13:22.355244927Z 17:13:22.354892 sendto(8, {{len=20, type=RTM_GETADDR, flags=NLM_F_REQUEST|NLM_F_DUMP, seq=1690046002, pid=0}, {ifa_family=AF_UNSPEC, ...}}, 20, 0, {sa_family=AF_NETLINK, nl_pid=0, nl_groups=00000000}, 12) = 20
2023-07-22T17:13:22.355697497Z 17:13:22.355253 recvmsg(8, {msg_name={sa_family=AF_NETLINK, nl_pid=0, nl_groups=00000000}, msg_namelen=12, msg_iov=[{iov_base=[{{len=76, type=RTM_NEWADDR, flags=NLM_F_MULTI, seq=1690046002, pid=69}, {ifa_family=AF_INET, ifa_prefixlen=8, ifa_flags=IFA_F_PERMANENT, ifa_scope=RT_SCOPE_HOST, ifa_index=if_nametoindex("lo")}, [{{nla_len=8, nla_type=IFA_ADDRESS}, 127.0.0.1}, {{nla_len=8, nla_type=IFA_LOCAL}, 127.0.0.1}, {{nla_len=7, nla_type=IFA_LABEL}, "lo"}, {{nla_len=8, nla_type=IFA_FLAGS}, IFA_F_PERMANENT}, {{nla_len=20, nla_type=IFA_CACHEINFO}, {ifa_prefered=4294967295, ifa_valid=4294967295, cstamp=749179, tstamp=749179}}]}, {{len=88, type=RTM_NEWADDR, flags=NLM_F_MULTI, seq=1690046002, pid=69}, {ifa_family=AF_INET, ifa_prefixlen=24, ifa_flags=IFA_F_PERMANENT, ifa_scope=RT_SCOPE_UNIVERSE, ifa_index=if_nametoindex("eth0")}, [{{nla_len=8, nla_type=IFA_ADDRESS}, 10.116.0.78}, {{nla_len=8, nla_type=IFA_LOCAL}, 10.116.0.78}, {{nla_len=8, nla_type=IFA_BROADCAST}, 10.116.0.255}, {{nla_len=9, nla_type=IFA_LABEL}, "eth0"}, {{nla_len=8, nla_type=IFA_FLAGS}, IFA_F_PERMANENT}, {{nla_len=20, nla_type=IFA_CACHEINFO}, {ifa_prefered=4294967295, ifa_valid=4294967295, cstamp=749181, tstamp=749181}}]}], iov_len=4096}], msg_iovlen=1, msg_controllen=0, msg_flags=0}, 0) = 164
2023-07-22T17:13:22.355812407Z 17:13:22.355596 recvmsg(8, {msg_name={sa_family=AF_NETLINK, nl_pid=0, nl_groups=00000000}, msg_namelen=12, msg_iov=[{iov_base={{len=20, type=NLMSG_DONE, flags=NLM_F_MULTI, seq=1690046002, pid=69}, 0}, iov_len=4096}], msg_iovlen=1, msg_controllen=0, msg_flags=0}, 0) = 20
2023-07-22T17:13:22.356609476Z 17:13:22.356462 socket(AF_UNIX, SOCK_STREAM|SOCK_CLOEXEC|SOCK_NONBLOCK, 0) = 8
2023-07-22T17:13:22.356732167Z 17:13:22.356562 connect(8, {sa_family=AF_UNIX, sun_path="/var/run/nscd/socket"}, 110) = -1 ENOENT (No such file or directory)
2023-07-22T17:13:22.356964147Z 17:13:22.356775 socket(AF_UNIX, SOCK_STREAM|SOCK_CLOEXEC|SOCK_NONBLOCK, 0) = 8
2023-07-22T17:13:22.357118486Z 17:13:22.356925 connect(8, {sa_family=AF_UNIX, sun_path="/var/run/nscd/socket"}, 110) = -1 ENOENT (No such file or directory)
2023-07-22T17:13:22.357882147Z 17:13:22.357773 socket(AF_INET, SOCK_DGRAM|SOCK_CLOEXEC|SOCK_NONBLOCK, IPPROTO_IP) = 8
2023-07-22T17:13:22.358075196Z 17:13:22.357844 connect(8, {sa_family=AF_INET, sin_port=htons(53), sin_addr=inet_addr("10.120.0.10")}, 16) = 0
2023-07-22T17:13:22.358445797Z 17:13:22.358088 sendto(8, "@\350\1\0\0\1\0\0\0\0\0\0\rflux-sample-0\fflux-"..., 76, MSG_NOSIGNAL, NULL, 0) = 76
2023-07-22T17:13:22.358852516Z 17:13:22.358654 recvfrom(8, "@\350\205\200\0\1\0\1\0\0\0\0\rflux-sample-0\fflux-"..., 1024, 0, {sa_family=AF_INET, sin_port=htons(53), sin_addr=inet_addr("10.120.0.10")}, [28->16]) = 150
2023-07-22T17:13:22.361537196Z broker.info[4]: start: none->join 1.00191ms
2023-07-22T17:13:33.122748997Z broker.info[4]: parent-ready: join->init 10.761s
2023-07-22T17:13:33.122950997Z 17:13:33.122725 socketpair(AF_UNIX, SOCK_STREAM|SOCK_CLOEXEC, 0, [22, 23]) = 0
2023-07-22T17:13:33.122966247Z 17:13:33.122825 socketpair(AF_UNIX, SOCK_STREAM, 0, [24, 25]) = 0
2023-07-22T17:13:33.123195997Z 17:13:33.123038 socketpair(AF_UNIX, SOCK_STREAM, 0, [26, 27]) = 0
2023-07-22T17:13:33.123404657Z 17:13:33.123237 socketpair(AF_UNIX, SOCK_STREAM, 0, [28, 29]) = 0
2023-07-22T17:13:33.143028446Z broker.info[4]: configuration updated
2023-07-22T17:13:33.222821438Z broker.info[4]: rc1.0: running /etc/flux/rc1.d/01-sched-fluxion
2023-07-22T17:13:33.231595567Z broker.info[4]: rc1.0: running /etc/flux/rc1.d/02-cron
2023-07-22T17:13:33.249195346Z broker.info[4]: rc1.0: /etc/flux/rc1 Exited (rc=0) 0.1s
2023-07-22T17:13:33.250932575Z broker.info[4]: rc1-success: init->quorum 0.1281s
2023-07-22T17:13:33.879512539Z broker.info[4]: quorum-full: quorum->run 0.627954s
2023-07-22T17:13:34.535511463Z 17:13:34.535220 socketpair(AF_UNIX, SOCK_STREAM|SOCK_CLOEXEC, 0, [22, 23]) = 0
2023-07-22T17:13:34.535966584Z 17:13:34.535529 socketpair(AF_UNIX, SOCK_STREAM, 0, [24, 25]) = 0
2023-07-22T17:13:34.536409323Z 17:13:34.536067 socketpair(AF_UNIX, SOCK_STREAM, 0, [26, 28]) = 0
2023-07-22T17:13:34.536647094Z 17:13:34.536457 socketpair(AF_UNIX, SOCK_STREAM, 0, [58, 59]) = 0
2023-07-22T17:13:34.537030083Z 17:13:34.536718 socketpair(AF_UNIX, SOCK_STREAM, 0, [60, 61]) = 0
2023-07-22T17:13:47.533333637Z broker.info[4]: shutdown: run->cleanup 13.6537s
2023-07-22T17:13:47.536208206Z broker.info[4]: cleanup-none: cleanup->shutdown 2.07944ms
2023-07-22T17:13:47.538194396Z broker.info[4]: children-none: shutdown->finalize 1.22632ms
2023-07-22T17:13:47.538977846Z 17:13:47.538614 socketpair(AF_UNIX, SOCK_STREAM|SOCK_CLOEXEC, 0, [22, 23]) = 0
2023-07-22T17:13:47.539341526Z 17:13:47.539013 socketpair(AF_UNIX, SOCK_STREAM, 0, [24, 25]) = 0
2023-07-22T17:13:47.539884116Z 17:13:47.539679 socketpair(AF_UNIX, SOCK_STREAM, 0, [26, 28]) = 0
2023-07-22T17:13:47.540407246Z 17:13:47.540204 socketpair(AF_UNIX, SOCK_STREAM, 0, [58, 59]) = 0
2023-07-22T17:13:47.554621435Z broker.info[4]: rc3.0: running /etc/flux/rc3.d/01-sched-fluxion
2023-07-22T17:13:47.648696306Z broker.info[4]: rc3.0: /etc/flux/rc3 Exited (rc=0) 0.1s
2023-07-22T17:13:47.649268675Z broker.info[4]: rc3-success: finalize->goodbye 0.110564s
2023-07-22T17:13:47.650838775Z broker.info[4]: goodbye: goodbye->exit 1.10546ms
2023-07-22T17:13:47.658036044Z 17:13:47.657919 +++ exited with 0 +++
2023-07-22T17:13:47.658972464Z Return value for follower worker is 0
2023-07-22T17:13:47.658987954Z The follower worker exited cleanly. Goodbye!
