2023-07-22T17:00:53.242849908Z
2023-07-22T17:00:53.244032318Z Flux username: flux
2023-07-22T17:00:53.244040718Z
2023-07-22T17:00:53.244045208Z Flux install root: /usr
2023-07-22T17:00:53.276945405Z flux user is already added.
2023-07-22T17:00:53.278561285Z flux user identifiers:
2023-07-22T17:00:53.278577675Z uid=1234(flux) gid=1234(flux) groups=1234(flux)
2023-07-22T17:00:53.278582985Z
2023-07-22T17:00:53.278590465Z As Flux prefix for flux commands: sudo -u flux -E PYTHONPATH=/opt/conda/lib/python3.10/site-packages -E PATH=/opt/conda/bin:/usr/local/sbin:/usr/local/bin:/usr/sbin:/usr/bin:/sbin:/bin -E LD_LIBRARY_PATH=/opt/conda/lib -E HOME=/home/flux
2023-07-22T17:00:53.282455595Z
2023-07-22T17:00:53.282472705Z 👋 Hello, I'm flux-sample-6
2023-07-22T17:00:53.282478935Z The main host is flux-sample-0
2023-07-22T17:00:53.282544685Z The working directory is /home/flux/examples/reaxff/HNS, contents include:
2023-07-22T17:00:53.283450045Z /home/flux/examples/reaxff/HNS:
2023-07-22T17:00:53.283464185Z README.txt	ffield.reax.hns  log.8Mar18.reaxc.hns.g++.1
2023-07-22T17:00:53.283468705Z data.hns-equil	in.reaxc.hns	 log.8Mar18.reaxc.hns.g++.4
2023-07-22T17:00:53.283626515Z End of file listing, if you see nothing above there are no files.
2023-07-22T17:00:53.284603365Z flux R encode --hosts=flux-sample-[0-7]
2023-07-22T17:00:53.293664194Z
2023-07-22T17:00:53.293704564Z 📦 Resources
2023-07-22T17:00:53.294471614Z {"version": 1, "execution": {"R_lite": [{"rank": "0-7", "children": {"core": "0"}}], "starttime": 0.0, "expiration": 0.0, "nodelist": ["flux-sample-[0-7]"]}}
2023-07-22T17:00:53.294646264Z
2023-07-22T17:00:53.294657684Z 🐸 Diagnostics: false
2023-07-22T17:00:53.294790974Z 🚩️ Flux Option Flags defined
2023-07-22T17:00:53.296805754Z
2023-07-22T17:00:53.296824914Z 🦊 Independent Minister of Privilege
2023-07-22T17:00:53.297524144Z [exec]
2023-07-22T17:00:53.297539284Z allowed-users = [ "flux", "root" ]
2023-07-22T17:00:53.297553944Z allowed-shells = [ "/usr/libexec/flux/flux-shell" ]
2023-07-22T17:00:53.297636754Z
2023-07-22T17:00:53.297661054Z 🐸 Broker Configuration
2023-07-22T17:00:53.298399054Z # Flux needs to know the path to the IMP executable
2023-07-22T17:00:53.298413654Z [exec]
2023-07-22T17:00:53.298418984Z imp = "/usr/libexec/flux/flux-imp"
2023-07-22T17:00:53.298422904Z
2023-07-22T17:00:53.298426784Z [access]
2023-07-22T17:00:53.298431024Z allow-guest-user = true
2023-07-22T17:00:53.298434914Z allow-root-owner = true
2023-07-22T17:00:53.298438674Z
2023-07-22T17:00:53.298443094Z # Point to resource definition generated with flux-R(1).
2023-07-22T17:00:53.298447214Z [resource]
2023-07-22T17:00:53.298468684Z path = "/etc/flux/system/R"
2023-07-22T17:00:53.298474674Z
2023-07-22T17:00:53.298478744Z [bootstrap]
2023-07-22T17:00:53.298483534Z curve_cert = "/etc/curve/curve.cert"
2023-07-22T17:00:53.298487864Z default_port = 8050
2023-07-22T17:00:53.298491684Z default_bind = "tcp://eth0:%p"
2023-07-22T17:00:53.298495954Z default_connect = "tcp://%h.flux-service.flux-operator.svc.cluster.local:%p"
2023-07-22T17:00:53.298499914Z hosts = [
2023-07-22T17:00:53.298503794Z 	{ host="flux-sample-[0-7]"},
2023-07-22T17:00:53.298507434Z ]
2023-07-22T17:00:53.298511284Z [archive]
2023-07-22T17:00:53.298515234Z dbpath = "/var/lib/flux/job-archive.sqlite"
2023-07-22T17:00:53.298519124Z period = "1m"
2023-07-22T17:00:53.350984350Z busytimeout = "50s"
2023-07-22T17:00:53.351011510Z 🧊️ State Directory:
2023-07-22T17:00:53.351016980Z total 0
2023-07-22T17:00:53.351020930Z
2023-07-22T17:00:53.352372900Z
2023-07-22T17:00:53.352399580Z 🔒️ Working directory permissions:
2023-07-22T17:00:53.352405510Z total 96
2023-07-22T17:00:53.352410490Z -rwxrwxrwx 1 flux root  2517 May 17 22:32 README.txt
2023-07-22T17:00:53.352503350Z -rwxrwxrwx 1 flux root 54692 May 17 22:32 data.hns-equil
2023-07-22T17:00:53.352512880Z -rwxrwxrwx 1 flux root 13576 May 17 22:32 ffield.reax.hns
2023-07-22T17:00:53.352517990Z -rwxrwxrwx 1 flux root   870 May 17 22:32 in.reaxc.hns
2023-07-22T17:00:53.352539700Z -rwxrwxrwx 1 flux root  4172 May 17 22:32 log.8Mar18.reaxc.hns.g++.1
2023-07-22T17:00:53.352545220Z -rwxrwxrwx 1 flux root  4168 May 17 22:32 log.8Mar18.reaxc.hns.g++.4
2023-07-22T17:00:53.352549320Z
2023-07-22T17:00:53.352553900Z
2023-07-22T17:00:53.352559370Z ✨ Curve certificate generated by helper pod
2023-07-22T17:00:53.353216450Z #   ****  Generated on 2023-04-26 22:54:42 by CZMQ  ****
2023-07-22T17:00:53.353230000Z #   ZeroMQ CURVE **Secret** Certificate
2023-07-22T17:00:53.353236470Z #   DO NOT PROVIDE THIS FILE TO OTHER USERS nor change its permissions.
2023-07-22T17:00:53.353241160Z
2023-07-22T17:00:53.353245530Z metadata
2023-07-22T17:00:53.353250560Z     name = "flux-cert-generator"
2023-07-22T17:00:53.353255340Z     keygen.hostname = "flux-sample-0"
2023-07-22T17:00:53.353259540Z curve
2023-07-22T17:00:53.353263260Z     public-key = "mvG&E0k}<G5=15TL/L/7hekr1&W-t}J0:jhL1YdQ"
2023-07-22T17:00:53.353266940Z     secret-key = ":F8rV}$*2.TJEM7hZ7p?Y^5hAdTlZyMhCtHzL1o>"
2023-07-22T17:00:55.355936354Z
2023-07-22T17:00:55.355987774Z 🌀  flux start --wrap=strace,-e,network,-tt -o --config /etc/flux/config -Scron.directory=/etc/flux/system/cron.d   -Stbon.fanout=256   -Srundir=/run/flux    -Sstatedir=/var/lib/flux   -Slocal-uri=local:///run/flux/local -Stbon.connect_timeout=8s  -Stbon.zmqdebug=1  -Slog-stderr-level=6    -Slog-stderr-mode=local
2023-07-22T17:00:55.385658352Z 17:00:55.385434 socket(AF_NETLINK, SOCK_RAW, NETLINK_ROUTE) = 8
2023-07-22T17:00:55.385699812Z 17:00:55.385529 bind(8, {sa_family=AF_NETLINK, nl_pid=0, nl_groups=00000000}, 12) = 0
2023-07-22T17:00:55.385768442Z 17:00:55.385580 getsockname(8, {sa_family=AF_NETLINK, nl_pid=71, nl_groups=00000000}, [12]) = 0
2023-07-22T17:00:55.386162422Z 17:00:55.385628 sendto(8, {{len=20, type=RTM_GETADDR, flags=NLM_F_REQUEST|NLM_F_DUMP, seq=1690045255, pid=0}, {ifa_family=AF_UNSPEC, ...}}, 20, 0, {sa_family=AF_NETLINK, nl_pid=0, nl_groups=00000000}, 12) = 20
2023-07-22T17:00:55.386473562Z 17:00:55.386098 recvmsg(8, {msg_name={sa_family=AF_NETLINK, nl_pid=0, nl_groups=00000000}, msg_namelen=12, msg_iov=[{iov_base=[{{len=76, type=RTM_NEWADDR, flags=NLM_F_MULTI, seq=1690045255, pid=71}, {ifa_family=AF_INET, ifa_prefixlen=8, ifa_flags=IFA_F_PERMANENT, ifa_scope=RT_SCOPE_HOST, ifa_index=if_nametoindex("lo")}, [{{nla_len=8, nla_type=IFA_ADDRESS}, 127.0.0.1}, {{nla_len=8, nla_type=IFA_LOCAL}, 127.0.0.1}, {{nla_len=7, nla_type=IFA_LABEL}, "lo"}, {{nla_len=8, nla_type=IFA_FLAGS}, IFA_F_PERMANENT}, {{nla_len=20, nla_type=IFA_CACHEINFO}, {ifa_prefered=4294967295, ifa_valid=4294967295, cstamp=674247, tstamp=674247}}]}, {{len=88, type=RTM_NEWADDR, flags=NLM_F_MULTI, seq=1690045255, pid=71}, {ifa_family=AF_INET, ifa_prefixlen=24, ifa_flags=IFA_F_PERMANENT, ifa_scope=RT_SCOPE_UNIVERSE, ifa_index=if_nametoindex("eth0")}, [{{nla_len=8, nla_type=IFA_ADDRESS}, 10.116.3.60}, {{nla_len=8, nla_type=IFA_LOCAL}, 10.116.3.60}, {{nla_len=8, nla_type=IFA_BROADCAST}, 10.116.3.255}, {{nla_len=9, nla_type=IFA_LABEL}, "eth0"}, {{nla_len=8, nla_type=IFA_FLAGS}, IFA_F_PERMANENT}, {{nla_len=20, nla_type=IFA_CACHEINFO}, {ifa_prefered=4294967295, ifa_valid=4294967295, cstamp=674249, tstamp=674249}}]}], iov_len=4096}], msg_iovlen=1, msg_controllen=0, msg_flags=0}, 0) = 164
2023-07-22T17:00:55.386563802Z 17:00:55.386360 recvmsg(8, {msg_name={sa_family=AF_NETLINK, nl_pid=0, nl_groups=00000000}, msg_namelen=12, msg_iov=[{iov_base={{len=20, type=NLMSG_DONE, flags=NLM_F_MULTI, seq=1690045255, pid=71}, 0}, iov_len=4096}], msg_iovlen=1, msg_controllen=0, msg_flags=0}, 0) = 20
2023-07-22T17:00:55.387101772Z 17:00:55.386951 socket(AF_UNIX, SOCK_STREAM|SOCK_CLOEXEC|SOCK_NONBLOCK, 0) = 8
2023-07-22T17:00:55.387115702Z 17:00:55.387001 connect(8, {sa_family=AF_UNIX, sun_path="/var/run/nscd/socket"}, 110) = -1 ENOENT (No such file or directory)
2023-07-22T17:00:55.387186142Z 17:00:55.387075 socket(AF_UNIX, SOCK_STREAM|SOCK_CLOEXEC|SOCK_NONBLOCK, 0) = 8
2023-07-22T17:00:55.387477892Z 17:00:55.387120 connect(8, {sa_family=AF_UNIX, sun_path="/var/run/nscd/socket"}, 110) = -1 ENOENT (No such file or directory)
2023-07-22T17:00:55.388337652Z 17:00:55.388250 socket(AF_INET, SOCK_DGRAM|SOCK_CLOEXEC|SOCK_NONBLOCK, IPPROTO_IP) = 8
2023-07-22T17:00:55.388400792Z 17:00:55.388313 connect(8, {sa_family=AF_INET, sin_port=htons(53), sin_addr=inet_addr("10.120.0.10")}, 16) = 0
2023-07-22T17:00:55.388804902Z 17:00:55.388583 sendto(8, "\"Z\1\0\0\1\0\0\0\0\0\0\rflux-sample-0\fflux-"..., 76, MSG_NOSIGNAL, NULL, 0) = 76
2023-07-22T17:00:55.389254952Z 17:00:55.389152 recvfrom(8, "\"Z\205\200\0\1\0\1\0\0\0\0\rflux-sample-0\fflux-"..., 1024, 0, {sa_family=AF_INET, sin_port=htons(53), sin_addr=inet_addr("10.120.0.10")}, [28->16]) = 150
2023-07-22T17:00:55.395196262Z broker.info[6]: start: none->join 2.0566ms
2023-07-22T17:01:03.546065691Z broker.info[6]: parent-ready: join->init 8.15076s
2023-07-22T17:01:03.546339481Z 17:01:03.546039 socketpair(AF_UNIX, SOCK_STREAM|SOCK_CLOEXEC, 0, [22, 23]) = 0
2023-07-22T17:01:03.546589531Z 17:01:03.546358 socketpair(AF_UNIX, SOCK_STREAM, 0, [24, 25]) = 0
2023-07-22T17:01:03.546797751Z 17:01:03.546634 socketpair(AF_UNIX, SOCK_STREAM, 0, [26, 27]) = 0
2023-07-22T17:01:03.547066031Z 17:01:03.546889 socketpair(AF_UNIX, SOCK_STREAM, 0, [28, 29]) = 0
2023-07-22T17:01:03.562950620Z broker.info[6]: configuration updated
2023-07-22T17:01:03.630716595Z broker.info[6]: rc1.0: running /etc/flux/rc1.d/01-sched-fluxion
2023-07-22T17:01:03.636459915Z broker.info[6]: rc1.0: running /etc/flux/rc1.d/02-cron
2023-07-22T17:01:03.649458334Z broker.info[6]: rc1.0: /etc/flux/rc1 Exited (rc=0) 0.1s
2023-07-22T17:01:03.649807354Z broker.info[6]: rc1-success: init->quorum 0.103726s
2023-07-22T17:01:04.146798289Z broker.info[6]: quorum-full: quorum->run 0.496707s
2023-07-22T17:01:04.642424456Z 17:01:04.641964 socketpair(AF_UNIX, SOCK_STREAM|SOCK_CLOEXEC, 0, [22, 23]) = 0
2023-07-22T17:01:04.642625186Z 17:01:04.642280 socketpair(AF_UNIX, SOCK_STREAM, 0, [24, 25]) = 0
2023-07-22T17:01:04.642641826Z 17:01:04.642446 socketpair(AF_UNIX, SOCK_STREAM, 0, [26, 28]) = 0
2023-07-22T17:01:04.642786936Z 17:01:04.642640 socketpair(AF_UNIX, SOCK_STREAM, 0, [58, 59]) = 0
2023-07-22T17:01:04.642963896Z 17:01:04.642810 socketpair(AF_UNIX, SOCK_STREAM, 0, [60, 61]) = 0
2023-07-22T17:01:18.392556377Z broker.info[6]: shutdown: run->cleanup 14.2449s
2023-07-22T17:01:18.394988387Z broker.info[6]: cleanup-none: cleanup->shutdown 1.59508ms
2023-07-22T17:01:18.396949377Z broker.info[6]: children-none: shutdown->finalize 1.15883ms
2023-07-22T17:01:18.397585607Z 17:01:18.397343 socketpair(AF_UNIX, SOCK_STREAM|SOCK_CLOEXEC, 0, [22, 23]) = 0
2023-07-22T17:01:18.397992147Z 17:01:18.397757 socketpair(AF_UNIX, SOCK_STREAM, 0, [24, 25]) = 0
2023-07-22T17:01:18.398542727Z 17:01:18.398338 socketpair(AF_UNIX, SOCK_STREAM, 0, [26, 28]) = 0
2023-07-22T17:01:18.399031507Z 17:01:18.398827 socketpair(AF_UNIX, SOCK_STREAM, 0, [58, 59]) = 0
2023-07-22T17:01:18.416818686Z broker.info[6]: rc3.0: running /etc/flux/rc3.d/01-sched-fluxion
2023-07-22T17:01:18.518400709Z broker.info[6]: rc3.0: /etc/flux/rc3 Exited (rc=0) 0.1s
2023-07-22T17:01:18.519549039Z broker.info[6]: rc3-success: finalize->goodbye 0.122098s
2023-07-22T17:01:18.521357059Z broker.info[6]: goodbye: goodbye->exit 1.42109ms
2023-07-22T17:01:18.529106728Z 17:01:18.528913 +++ exited with 0 +++
2023-07-22T17:01:18.530089638Z Return value for follower worker is 0
2023-07-22T17:01:18.530113138Z The follower worker exited cleanly. Goodbye!
