2023-07-22T17:20:32.309239890Z
2023-07-22T17:20:32.309314530Z Flux username: flux
2023-07-22T17:20:32.309488880Z
2023-07-22T17:20:32.309502280Z Flux install root: /usr
2023-07-22T17:20:32.343529029Z flux user is already added.
2023-07-22T17:20:32.345240839Z flux user identifiers:
2023-07-22T17:20:32.345261289Z uid=1234(flux) gid=1234(flux) groups=1234(flux)
2023-07-22T17:20:32.345281399Z
2023-07-22T17:20:32.345288199Z As Flux prefix for flux commands: sudo -u flux -E PYTHONPATH=/opt/conda/lib/python3.10/site-packages -E PATH=/opt/conda/bin:/usr/local/sbin:/usr/local/bin:/usr/sbin:/usr/bin:/sbin:/bin -E LD_LIBRARY_PATH=/opt/conda/lib -E HOME=/home/flux
2023-07-22T17:20:32.349718619Z
2023-07-22T17:20:32.349742039Z ðŸ‘‹ Hello, I'm flux-sample-2
2023-07-22T17:20:32.349747669Z The main host is flux-sample-0
2023-07-22T17:20:32.349752239Z The working directory is /home/flux/examples/reaxff/HNS, contents include:
2023-07-22T17:20:32.350962409Z /home/flux/examples/reaxff/HNS:
2023-07-22T17:20:32.351037749Z README.txt	ffield.reax.hns  log.8Mar18.reaxc.hns.g++.1
2023-07-22T17:20:32.351046239Z data.hns-equil	in.reaxc.hns	 log.8Mar18.reaxc.hns.g++.4
2023-07-22T17:20:32.351282949Z End of file listing, if you see nothing above there are no files.
2023-07-22T17:20:32.352437439Z flux R encode --hosts=flux-sample-[0-7]
2023-07-22T17:20:32.362344488Z
2023-07-22T17:20:32.362403659Z ðŸ“¦ Resources
2023-07-22T17:20:32.363206069Z {"version": 1, "execution": {"R_lite": [{"rank": "0-7", "children": {"core": "0"}}], "starttime": 0.0, "expiration": 0.0, "nodelist": ["flux-sample-[0-7]"]}}
2023-07-22T17:20:32.363412119Z
2023-07-22T17:20:32.363424528Z ðŸ¸ Diagnostics: false
2023-07-22T17:20:32.363559029Z ðŸš©ï¸ Flux Option Flags defined
2023-07-22T17:20:32.365912858Z
2023-07-22T17:20:32.365925209Z ðŸ¦Š Independent Minister of Privilege
2023-07-22T17:20:32.366599948Z [exec]
2023-07-22T17:20:32.366611019Z allowed-users = [ "flux", "root" ]
2023-07-22T17:20:32.366616688Z allowed-shells = [ "/usr/libexec/flux/flux-shell" ]
2023-07-22T17:20:32.366843169Z
2023-07-22T17:20:32.366854449Z ðŸ¸ Broker Configuration
2023-07-22T17:20:32.367720148Z # Flux needs to know the path to the IMP executable
2023-07-22T17:20:32.367731748Z [exec]
2023-07-22T17:20:32.367737108Z imp = "/usr/libexec/flux/flux-imp"
2023-07-22T17:20:32.367741399Z
2023-07-22T17:20:32.367745719Z [access]
2023-07-22T17:20:32.367749959Z allow-guest-user = true
2023-07-22T17:20:32.367753739Z allow-root-owner = true
2023-07-22T17:20:32.367757588Z
2023-07-22T17:20:32.367761388Z # Point to resource definition generated with flux-R(1).
2023-07-22T17:20:32.367764848Z [resource]
2023-07-22T17:20:32.367769108Z path = "/etc/flux/system/R"
2023-07-22T17:20:32.367772088Z
2023-07-22T17:20:32.367773988Z [bootstrap]
2023-07-22T17:20:32.367776048Z curve_cert = "/etc/curve/curve.cert"
2023-07-22T17:20:32.367777888Z default_port = 8050
2023-07-22T17:20:32.367779688Z default_bind = "tcp://eth0:%p"
2023-07-22T17:20:32.367782148Z default_connect = "tcp://%h.flux-service.flux-operator.svc.cluster.local:%p"
2023-07-22T17:20:32.367784048Z hosts = [
2023-07-22T17:20:32.367785848Z 	{ host="flux-sample-[0-7]"},
2023-07-22T17:20:32.367787679Z ]
2023-07-22T17:20:32.367789508Z [archive]
2023-07-22T17:20:32.367791339Z dbpath = "/var/lib/flux/job-archive.sqlite"
2023-07-22T17:20:32.367793199Z period = "1m"
2023-07-22T17:20:32.423214187Z busytimeout = "50s"
2023-07-22T17:20:32.423252207Z ðŸ§Šï¸ State Directory:
2023-07-22T17:20:32.423257297Z total 0
2023-07-22T17:20:32.423260967Z
2023-07-22T17:20:32.425326067Z
2023-07-22T17:20:32.425413967Z ðŸ”’ï¸ Working directory permissions:
2023-07-22T17:20:32.425520707Z total 96
2023-07-22T17:20:32.425531077Z -rwxrwxrwx 1 flux root  2517 May 17 22:32 README.txt
2023-07-22T17:20:32.425535887Z -rwxrwxrwx 1 flux root 54692 May 17 22:32 data.hns-equil
2023-07-22T17:20:32.425540237Z -rwxrwxrwx 1 flux root 13576 May 17 22:32 ffield.reax.hns
2023-07-22T17:20:32.425543997Z -rwxrwxrwx 1 flux root   870 May 17 22:32 in.reaxc.hns
2023-07-22T17:20:32.425548567Z -rwxrwxrwx 1 flux root  4172 May 17 22:32 log.8Mar18.reaxc.hns.g++.1
2023-07-22T17:20:32.425552667Z -rwxrwxrwx 1 flux root  4168 May 17 22:32 log.8Mar18.reaxc.hns.g++.4
2023-07-22T17:20:32.425555837Z
2023-07-22T17:20:32.425628757Z
2023-07-22T17:20:32.425637997Z âœ¨ Curve certificate generated by helper pod
2023-07-22T17:20:32.426637167Z #   ****  Generated on 2023-04-26 22:54:42 by CZMQ  ****
2023-07-22T17:20:32.426648737Z #   ZeroMQ CURVE **Secret** Certificate
2023-07-22T17:20:32.426653607Z #   DO NOT PROVIDE THIS FILE TO OTHER USERS nor change its permissions.
2023-07-22T17:20:32.426657307Z
2023-07-22T17:20:32.426660667Z metadata
2023-07-22T17:20:32.426664767Z     name = "flux-cert-generator"
2023-07-22T17:20:32.426668387Z     keygen.hostname = "flux-sample-0"
2023-07-22T17:20:32.426671997Z curve
2023-07-22T17:20:32.426675387Z     public-key = "dSvh6(GbYtw&1=%tnQX0JV>PPT{sV(M]b5ZV:%6w"
2023-07-22T17:20:32.426679197Z     secret-key = "MYQeh58*BCkl[AUY(0lrj:)/>fb?2aNZ)dpg7d=A"
2023-07-22T17:20:32.428114577Z
2023-07-22T17:20:32.428127687Z ðŸŒ€  flux start --wrap=strace,-e,network,-tt -o --config /etc/flux/config -Scron.directory=/etc/flux/system/cron.d   -Stbon.fanout=256   -Srundir=/run/flux    -Sstatedir=/var/lib/flux   -Slocal-uri=local:///run/flux/local -Stbon.connect_timeout=8s  -Stbon.zmqdebug=1  -Slog-stderr-level=6    -Slog-stderr-mode=local
2023-07-22T17:20:32.461366476Z 17:20:32.461138 socket(AF_NETLINK, SOCK_RAW, NETLINK_ROUTE) = 8
2023-07-22T17:20:32.461455846Z 17:20:32.461306 bind(8, {sa_family=AF_NETLINK, nl_pid=0, nl_groups=00000000}, 12) = 0
2023-07-22T17:20:32.461467056Z 17:20:32.461373 getsockname(8, {sa_family=AF_NETLINK, nl_pid=69, nl_groups=00000000}, [12]) = 0
2023-07-22T17:20:32.461767786Z 17:20:32.461430 sendto(8, {{len=20, type=RTM_GETADDR, flags=NLM_F_REQUEST|NLM_F_DUMP, seq=1690046432, pid=0}, {ifa_family=AF_UNSPEC, ...}}, 20, 0, {sa_family=AF_NETLINK, nl_pid=0, nl_groups=00000000}, 12) = 20
2023-07-22T17:20:32.461955496Z 17:20:32.461624 recvmsg(8, {msg_name={sa_family=AF_NETLINK, nl_pid=0, nl_groups=00000000}, msg_namelen=12, msg_iov=[{iov_base=[{{len=76, type=RTM_NEWADDR, flags=NLM_F_MULTI, seq=1690046432, pid=69}, {ifa_family=AF_INET, ifa_prefixlen=8, ifa_flags=IFA_F_PERMANENT, ifa_scope=RT_SCOPE_HOST, ifa_index=if_nametoindex("lo")}, [{{nla_len=8, nla_type=IFA_ADDRESS}, 127.0.0.1}, {{nla_len=8, nla_type=IFA_LOCAL}, 127.0.0.1}, {{nla_len=7, nla_type=IFA_LABEL}, "lo"}, {{nla_len=8, nla_type=IFA_FLAGS}, IFA_F_PERMANENT}, {{nla_len=20, nla_type=IFA_CACHEINFO}, {ifa_prefered=4294967295, ifa_valid=4294967295, cstamp=792209, tstamp=792209}}]}, {{len=88, type=RTM_NEWADDR, flags=NLM_F_MULTI, seq=1690046432, pid=69}, {ifa_family=AF_INET, ifa_prefixlen=24, ifa_flags=IFA_F_PERMANENT, ifa_scope=RT_SCOPE_UNIVERSE, ifa_index=if_nametoindex("eth0")}, [{{nla_len=8, nla_type=IFA_ADDRESS}, 10.116.2.95}, {{nla_len=8, nla_type=IFA_LOCAL}, 10.116.2.95}, {{nla_len=8, nla_type=IFA_BROADCAST}, 10.116.2.255}, {{nla_len=9, nla_type=IFA_LABEL}, "eth0"}, {{nla_len=8, nla_type=IFA_FLAGS}, IFA_F_PERMANENT}, {{nla_len=20, nla_type=IFA_CACHEINFO}, {ifa_prefered=4294967295, ifa_valid=4294967295, cstamp=792211, tstamp=792211}}]}], iov_len=4096}], msg_iovlen=1, msg_controllen=0, msg_flags=0}, 0) = 164
2023-07-22T17:20:32.461969206Z 17:20:32.461858 recvmsg(8, {msg_name={sa_family=AF_NETLINK, nl_pid=0, nl_groups=00000000}, msg_namelen=12, msg_iov=[{iov_base={{len=20, type=NLMSG_DONE, flags=NLM_F_MULTI, seq=1690046432, pid=69}, 0}, iov_len=4096}], msg_iovlen=1, msg_controllen=0, msg_flags=0}, 0) = 20
2023-07-22T17:20:32.462674676Z 17:20:32.462528 socket(AF_UNIX, SOCK_STREAM|SOCK_CLOEXEC|SOCK_NONBLOCK, 0) = 8
2023-07-22T17:20:32.462855066Z 17:20:32.462720 connect(8, {sa_family=AF_UNIX, sun_path="/var/run/nscd/socket"}, 110) = -1 ENOENT (No such file or directory)
2023-07-22T17:20:32.463014996Z 17:20:32.462907 socket(AF_UNIX, SOCK_STREAM|SOCK_CLOEXEC|SOCK_NONBLOCK, 0) = 8
2023-07-22T17:20:32.463169096Z 17:20:32.463037 connect(8, {sa_family=AF_UNIX, sun_path="/var/run/nscd/socket"}, 110) = -1 ENOENT (No such file or directory)
2023-07-22T17:20:32.463996566Z 17:20:32.463878 socket(AF_INET, SOCK_DGRAM|SOCK_CLOEXEC|SOCK_NONBLOCK, IPPROTO_IP) = 8
2023-07-22T17:20:32.464159706Z 17:20:32.464040 connect(8, {sa_family=AF_INET, sin_port=htons(53), sin_addr=inet_addr("10.120.0.10")}, 16) = 0
2023-07-22T17:20:32.464470256Z 17:20:32.464212 sendto(8, "&0\1\0\0\1\0\0\0\0\0\0\rflux-sample-0\fflux-"..., 76, MSG_NOSIGNAL, NULL, 0) = 76
2023-07-22T17:20:32.468976216Z 17:20:32.468623 recvfrom(8, "&0\205\200\0\1\0\0\0\0\0\0\rflux-sample-0\fflux-"..., 1024, 0, {sa_family=AF_INET, sin_port=htons(53), sin_addr=inet_addr("10.120.0.10")}, [28->16]) = 76
2023-07-22T17:20:32.469225346Z 17:20:32.469105 socket(AF_INET, SOCK_DGRAM|SOCK_CLOEXEC|SOCK_NONBLOCK, IPPROTO_IP) = 8
2023-07-22T17:20:32.469479946Z 17:20:32.469306 connect(8, {sa_family=AF_INET, sin_port=htons(53), sin_addr=inet_addr("10.120.0.10")}, 16) = 0
2023-07-22T17:20:32.469633146Z 17:20:32.469430 sendto(8, "{\272\1\0\0\1\0\0\0\0\0\0\rflux-sample-0\fflux-"..., 108, MSG_NOSIGNAL, NULL, 0) = 108
2023-07-22T17:20:32.470570416Z 17:20:32.470404 recvfrom(8, "{\272\201\203\0\1\0\0\0\1\0\0\rflux-sample-0\fflux-"..., 1024, 0, {sa_family=AF_INET, sin_port=htons(53), sin_addr=inet_addr("10.120.0.10")}, [28->16]) = 201
2023-07-22T17:20:32.470644416Z 17:20:32.470547 socket(AF_INET, SOCK_DGRAM|SOCK_CLOEXEC|SOCK_NONBLOCK, IPPROTO_IP) = 8
2023-07-22T17:20:32.470733706Z 17:20:32.470600 connect(8, {sa_family=AF_INET, sin_port=htons(53), sin_addr=inet_addr("10.120.0.10")}, 16) = 0
2023-07-22T17:20:32.470811396Z 17:20:32.470669 sendto(8, "\2534\1\0\0\1\0\0\0\0\0\0\rflux-sample-0\fflux-"..., 94, MSG_NOSIGNAL, NULL, 0) = 94
2023-07-22T17:20:32.471891126Z 17:20:32.471689 recvfrom(8, "\2534\201\203\0\1\0\0\0\1\0\0\rflux-sample-0\fflux-"..., 1024, 0, {sa_family=AF_INET, sin_port=htons(53), sin_addr=inet_addr("10.120.0.10")}, [28->16]) = 187
2023-07-22T17:20:32.472176706Z 17:20:32.471997 socket(AF_INET, SOCK_DGRAM|SOCK_CLOEXEC|SOCK_NONBLOCK, IPPROTO_IP) = 8
2023-07-22T17:20:32.472526526Z 17:20:32.472124 connect(8, {sa_family=AF_INET, sin_port=htons(53), sin_addr=inet_addr("10.120.0.10")}, 16) = 0
2023-07-22T17:20:32.472702436Z 17:20:32.472537 sendto(8, "\376H\1\0\0\1\0\0\0\0\0\0\rflux-sample-0\fflux-"..., 90, MSG_NOSIGNAL, NULL, 0) = 90
2023-07-22T17:20:32.473738876Z 17:20:32.473577 recvfrom(8, "\376H\201\203\0\1\0\0\0\1\0\0\rflux-sample-0\fflux-"..., 1024, 0, {sa_family=AF_INET, sin_port=htons(53), sin_addr=inet_addr("10.120.0.10")}, [28->16]) = 183
2023-07-22T17:20:32.473840836Z 17:20:32.473774 socket(AF_INET, SOCK_DGRAM|SOCK_CLOEXEC|SOCK_NONBLOCK, IPPROTO_IP) = 8
2023-07-22T17:20:32.473986756Z 17:20:32.473870 connect(8, {sa_family=AF_INET, sin_port=htons(53), sin_addr=inet_addr("10.120.0.10")}, 16) = 0
2023-07-22T17:20:32.474108776Z 17:20:32.473939 sendto(8, "\204\367\1\0\0\1\0\0\0\0\0\0\rflux-sample-0\fflux-"..., 111, MSG_NOSIGNAL, NULL, 0) = 111
2023-07-22T17:20:32.479175776Z 17:20:32.478940 recvfrom(8, "\204\367\201\203\0\1\0\0\0\1\0\0\rflux-sample-0\fflux-"..., 1024, 0, {sa_family=AF_INET, sin_port=htons(53), sin_addr=inet_addr("10.120.0.10")}, [28->16]) = 221
2023-07-22T17:20:32.479909316Z 17:20:32.479293 socket(AF_INET, SOCK_DGRAM|SOCK_CLOEXEC|SOCK_NONBLOCK, IPPROTO_IP) = 8
2023-07-22T17:20:32.479949406Z 17:20:32.479365 connect(8, {sa_family=AF_INET, sin_port=htons(53), sin_addr=inet_addr("10.120.0.10")}, 16) = 0
2023-07-22T17:20:32.479955286Z 17:20:32.479420 sendto(8, "bg\1\0\0\1\0\0\0\0\0\0\rflux-sample-0\fflux-"..., 97, MSG_NOSIGNAL, NULL, 0) = 97
2023-07-22T17:20:32.484572626Z 17:20:32.484302 recvfrom(8, "bg\201\203\0\1\0\0\0\1\0\0\rflux-sample-0\fflux-"..., 1024, 0, {sa_family=AF_INET, sin_port=htons(53), sin_addr=inet_addr("10.120.0.10")}, [28->16]) = 202
2023-07-22T17:20:32.484777706Z 17:20:32.484704 socket(AF_INET, SOCK_DGRAM|SOCK_CLOEXEC|SOCK_NONBLOCK, IPPROTO_IP) = 8
2023-07-22T17:20:32.485015756Z 17:20:32.484828 connect(8, {sa_family=AF_INET, sin_port=htons(53), sin_addr=inet_addr("10.120.0.10")}, 16) = 0
2023-07-22T17:20:32.485262265Z 17:20:32.485061 sendto(8, "\210\346\1\0\0\1\0\0\0\0\0\0\rflux-sample-0\fflux-"..., 92, MSG_NOSIGNAL, NULL, 0) = 92
2023-07-22T17:20:32.491997135Z 17:20:32.490252 recvfrom(8, "\210\346\201\203\0\1\0\0\0\1\0\0\rflux-sample-0\fflux-"..., 1024, 0, {sa_family=AF_INET, sin_port=htons(53), sin_addr=inet_addr("10.120.0.10")}, [28->16]) = 197
2023-07-22T17:20:32.492011235Z broker.err[2]: Warning: unable to resolve upstream peer flux-sample-0.flux-service.flux-operator.svc.cluster.local: No address associated with hostname
2023-07-22T17:20:32.494940925Z broker.info[2]: start: none->join 1.45847ms
2023-07-22T17:20:37.551254233Z broker.info[2]: parent-ready: join->init 5.05616s
2023-07-22T17:20:37.551415593Z 17:20:37.551142 socketpair(AF_UNIX, SOCK_STREAM|SOCK_CLOEXEC, 0, [22, 23]) = 0
2023-07-22T17:20:37.551427613Z 17:20:37.551248 socketpair(AF_UNIX, SOCK_STREAM, 0, [24, 25]) = 0
2023-07-22T17:20:37.551799673Z 17:20:37.551668 socketpair(AF_UNIX, SOCK_STREAM, 0, [26, 27]) = 0
2023-07-22T17:20:37.551958473Z 17:20:37.551833 socketpair(AF_UNIX, SOCK_STREAM, 0, [28, 29]) = 0
2023-07-22T17:20:37.568902992Z broker.info[2]: configuration updated
2023-07-22T17:20:37.799620466Z broker.info[2]: rc1.0: running /etc/flux/rc1.d/01-sched-fluxion
2023-07-22T17:20:37.809600196Z broker.info[2]: rc1.0: running /etc/flux/rc1.d/02-cron
2023-07-22T17:20:37.826558405Z broker.info[2]: rc1.0: /etc/flux/rc1 Exited (rc=0) 0.3s
2023-07-22T17:20:37.827322955Z broker.info[2]: rc1-success: init->quorum 0.276024s
2023-07-22T17:20:49.097820599Z broker.info[2]: quorum-full: quorum->run 11.2701s
2023-07-22T17:20:49.613397556Z 17:20:49.612955 socketpair(AF_UNIX, SOCK_STREAM|SOCK_CLOEXEC, 0, [22, 23]) = 0
2023-07-22T17:20:49.613551136Z 17:20:49.613241 socketpair(AF_UNIX, SOCK_STREAM, 0, [24, 25]) = 0
2023-07-22T17:20:49.613568206Z 17:20:49.613424 socketpair(AF_UNIX, SOCK_STREAM, 0, [26, 28]) = 0
2023-07-22T17:20:49.613737436Z 17:20:49.613595 socketpair(AF_UNIX, SOCK_STREAM, 0, [58, 59]) = 0
2023-07-22T17:20:49.613912496Z 17:20:49.613788 socketpair(AF_UNIX, SOCK_STREAM, 0, [60, 61]) = 0
2023-07-22T17:21:03.193456192Z broker.info[2]: shutdown: run->cleanup 14.0954s
2023-07-22T17:21:03.195394162Z broker.info[2]: cleanup-none: cleanup->shutdown 1.23792ms
2023-07-22T17:21:03.197006912Z broker.info[2]: children-none: shutdown->finalize 1.1473ms
2023-07-22T17:21:03.197608592Z 17:21:03.197363 socketpair(AF_UNIX, SOCK_STREAM|SOCK_CLOEXEC, 0, [22, 23]) = 0
2023-07-22T17:21:03.197973882Z 17:21:03.197574 socketpair(AF_UNIX, SOCK_STREAM, 0, [24, 25]) = 0
2023-07-22T17:21:03.198486632Z 17:21:03.198259 socketpair(AF_UNIX, SOCK_STREAM, 0, [26, 28]) = 0
2023-07-22T17:21:03.198939622Z 17:21:03.198807 socketpair(AF_UNIX, SOCK_STREAM, 0, [58, 59]) = 0
2023-07-22T17:21:03.216559801Z broker.info[2]: rc3.0: running /etc/flux/rc3.d/01-sched-fluxion
2023-07-22T17:21:03.315514559Z broker.info[2]: rc3.0: /etc/flux/rc3 Exited (rc=0) 0.1s
2023-07-22T17:21:03.316731009Z broker.info[2]: rc3-success: finalize->goodbye 0.119183s
2023-07-22T17:21:03.318442809Z broker.info[2]: goodbye: goodbye->exit 1.15379ms
2023-07-22T17:21:03.326295819Z 17:21:03.326089 +++ exited with 0 +++
2023-07-22T17:21:03.327400058Z Return value for follower worker is 0
2023-07-22T17:21:03.327431468Z The follower worker exited cleanly. Goodbye!
