2023-07-22T16:53:39.602006071Z
2023-07-22T16:53:39.602944321Z Flux username: flux
2023-07-22T16:53:39.602960851Z
2023-07-22T16:53:39.602965041Z Flux install root: /usr
2023-07-22T16:53:39.637658159Z flux user is already added.
2023-07-22T16:53:39.639269959Z flux user identifiers:
2023-07-22T16:53:39.639286569Z uid=1234(flux) gid=1234(flux) groups=1234(flux)
2023-07-22T16:53:39.639291099Z
2023-07-22T16:53:39.639295749Z As Flux prefix for flux commands: sudo -u flux -E PYTHONPATH=/opt/conda/lib/python3.10/site-packages -E PATH=/opt/conda/bin:/usr/local/sbin:/usr/local/bin:/usr/sbin:/usr/bin:/sbin:/bin -E LD_LIBRARY_PATH=/opt/conda/lib -E HOME=/home/flux
2023-07-22T16:53:39.643478849Z
2023-07-22T16:53:39.643504589Z 👋 Hello, I'm flux-sample-2
2023-07-22T16:53:39.643510089Z The main host is flux-sample-0
2023-07-22T16:53:39.643515109Z The working directory is /home/flux/examples/reaxff/HNS, contents include:
2023-07-22T16:53:39.644418869Z /home/flux/examples/reaxff/HNS:
2023-07-22T16:53:39.644431209Z README.txt	ffield.reax.hns  log.8Mar18.reaxc.hns.g++.1
2023-07-22T16:53:39.644434989Z data.hns-equil	in.reaxc.hns	 log.8Mar18.reaxc.hns.g++.4
2023-07-22T16:53:39.644660549Z End of file listing, if you see nothing above there are no files.
2023-07-22T16:53:39.645579909Z flux R encode --hosts=flux-sample-[0-7]
2023-07-22T16:53:39.654707298Z
2023-07-22T16:53:39.654732258Z 📦 Resources
2023-07-22T16:53:39.655544418Z {"version": 1, "execution": {"R_lite": [{"rank": "0-7", "children": {"core": "0"}}], "starttime": 0.0, "expiration": 0.0, "nodelist": ["flux-sample-[0-7]"]}}
2023-07-22T16:53:39.655687629Z
2023-07-22T16:53:39.655703158Z 🐸 Diagnostics: false
2023-07-22T16:53:39.655871228Z 🚩️ Flux Option Flags defined
2023-07-22T16:53:39.657882838Z
2023-07-22T16:53:39.657896588Z 🦊 Independent Minister of Privilege
2023-07-22T16:53:39.658518598Z [exec]
2023-07-22T16:53:39.658529298Z allowed-users = [ "flux", "root" ]
2023-07-22T16:53:39.658534548Z allowed-shells = [ "/usr/libexec/flux/flux-shell" ]
2023-07-22T16:53:39.658663758Z
2023-07-22T16:53:39.658674438Z 🐸 Broker Configuration
2023-07-22T16:53:39.659321428Z # Flux needs to know the path to the IMP executable
2023-07-22T16:53:39.659332948Z [exec]
2023-07-22T16:53:39.659338238Z imp = "/usr/libexec/flux/flux-imp"
2023-07-22T16:53:39.659342038Z
2023-07-22T16:53:39.659345668Z [access]
2023-07-22T16:53:39.659350178Z allow-guest-user = true
2023-07-22T16:53:39.659353198Z allow-root-owner = true
2023-07-22T16:53:39.659356148Z
2023-07-22T16:53:39.659359978Z # Point to resource definition generated with flux-R(1).
2023-07-22T16:53:39.659363838Z [resource]
2023-07-22T16:53:39.659367988Z path = "/etc/flux/system/R"
2023-07-22T16:53:39.659371328Z
2023-07-22T16:53:39.659389808Z [bootstrap]
2023-07-22T16:53:39.659394548Z curve_cert = "/etc/curve/curve.cert"
2023-07-22T16:53:39.659398038Z default_port = 8050
2023-07-22T16:53:39.659401578Z default_bind = "tcp://eth0:%p"
2023-07-22T16:53:39.659405688Z default_connect = "tcp://%h.flux-service.flux-operator.svc.cluster.local:%p"
2023-07-22T16:53:39.659409368Z hosts = [
2023-07-22T16:53:39.659412628Z 	{ host="flux-sample-[0-7]"},
2023-07-22T16:53:39.659415678Z ]
2023-07-22T16:53:39.659418768Z [archive]
2023-07-22T16:53:39.659422368Z dbpath = "/var/lib/flux/job-archive.sqlite"
2023-07-22T16:53:39.659426168Z period = "1m"
2023-07-22T16:53:39.715333226Z busytimeout = "50s"
2023-07-22T16:53:39.715362916Z 🧊️ State Directory:
2023-07-22T16:53:39.715374016Z total 0
2023-07-22T16:53:39.715492976Z
2023-07-22T16:53:39.718152965Z
2023-07-22T16:53:39.718203665Z 🔒️ Working directory permissions:
2023-07-22T16:53:39.718209656Z total 96
2023-07-22T16:53:39.718214256Z -rwxrwxrwx 1 flux root  2517 May 17 22:32 README.txt
2023-07-22T16:53:39.718217705Z -rwxrwxrwx 1 flux root 54692 May 17 22:32 data.hns-equil
2023-07-22T16:53:39.718221516Z -rwxrwxrwx 1 flux root 13576 May 17 22:32 ffield.reax.hns
2023-07-22T16:53:39.718225285Z -rwxrwxrwx 1 flux root   870 May 17 22:32 in.reaxc.hns
2023-07-22T16:53:39.718229505Z -rwxrwxrwx 1 flux root  4172 May 17 22:32 log.8Mar18.reaxc.hns.g++.1
2023-07-22T16:53:39.718240365Z -rwxrwxrwx 1 flux root  4168 May 17 22:32 log.8Mar18.reaxc.hns.g++.4
2023-07-22T16:53:39.718243725Z
2023-07-22T16:53:39.718327426Z
2023-07-22T16:53:39.718350046Z ✨ Curve certificate generated by helper pod
2023-07-22T16:53:39.719225225Z #   ****  Generated on 2023-04-26 22:54:42 by CZMQ  ****
2023-07-22T16:53:39.719244476Z #   ZeroMQ CURVE **Secret** Certificate
2023-07-22T16:53:39.719249765Z #   DO NOT PROVIDE THIS FILE TO OTHER USERS nor change its permissions.
2023-07-22T16:53:39.719253445Z
2023-07-22T16:53:39.719256805Z metadata
2023-07-22T16:53:39.719260645Z     name = "flux-cert-generator"
2023-07-22T16:53:39.719264145Z     keygen.hostname = "flux-sample-0"
2023-07-22T16:53:39.719267425Z curve
2023-07-22T16:53:39.719271025Z     public-key = "&3=Oi.+N}LjV[Un.![WlGv.GT1251^gP9I@gf&J]"
2023-07-22T16:53:39.719275156Z     secret-key = "!92PXSq<mHh/2cLT<lRu)OvPhfP0bW&E)6]02(sE"
2023-07-22T16:53:41.722075972Z
2023-07-22T16:53:41.722126672Z 🌀  flux start --wrap=strace,-e,network,-tt -o --config /etc/flux/config -Scron.directory=/etc/flux/system/cron.d   -Stbon.fanout=256   -Srundir=/run/flux    -Sstatedir=/var/lib/flux   -Slocal-uri=local:///run/flux/local -Stbon.connect_timeout=2s  -Stbon.zmqdebug=1  -Slog-stderr-level=6    -Slog-stderr-mode=local
2023-07-22T16:53:41.755643460Z 16:53:41.755422 socket(AF_NETLINK, SOCK_RAW, NETLINK_ROUTE) = 8
2023-07-22T16:53:41.755819181Z 16:53:41.755503 bind(8, {sa_family=AF_NETLINK, nl_pid=0, nl_groups=00000000}, 12) = 0
2023-07-22T16:53:41.755835741Z 16:53:41.755558 getsockname(8, {sa_family=AF_NETLINK, nl_pid=70, nl_groups=00000000}, [12]) = 0
2023-07-22T16:53:41.755841801Z 16:53:41.755595 sendto(8, {{len=20, type=RTM_GETADDR, flags=NLM_F_REQUEST|NLM_F_DUMP, seq=1690044821, pid=0}, {ifa_family=AF_UNSPEC, ...}}, 20, 0, {sa_family=AF_NETLINK, nl_pid=0, nl_groups=00000000}, 12) = 20
2023-07-22T16:53:41.756025901Z 16:53:41.755761 recvmsg(8, {msg_name={sa_family=AF_NETLINK, nl_pid=0, nl_groups=00000000}, msg_namelen=12, msg_iov=[{iov_base=[{{len=76, type=RTM_NEWADDR, flags=NLM_F_MULTI, seq=1690044821, pid=70}, {ifa_family=AF_INET, ifa_prefixlen=8, ifa_flags=IFA_F_PERMANENT, ifa_scope=RT_SCOPE_HOST, ifa_index=if_nametoindex("lo")}, [{{nla_len=8, nla_type=IFA_ADDRESS}, 127.0.0.1}, {{nla_len=8, nla_type=IFA_LOCAL}, 127.0.0.1}, {{nla_len=7, nla_type=IFA_LABEL}, "lo"}, {{nla_len=8, nla_type=IFA_FLAGS}, IFA_F_PERMANENT}, {{nla_len=20, nla_type=IFA_CACHEINFO}, {ifa_prefered=4294967295, ifa_valid=4294967295, cstamp=630874, tstamp=630874}}]}, {{len=88, type=RTM_NEWADDR, flags=NLM_F_MULTI, seq=1690044821, pid=70}, {ifa_family=AF_INET, ifa_prefixlen=24, ifa_flags=IFA_F_PERMANENT, ifa_scope=RT_SCOPE_UNIVERSE, ifa_index=if_nametoindex("eth0")}, [{{nla_len=8, nla_type=IFA_ADDRESS}, 10.116.4.46}, {{nla_len=8, nla_type=IFA_LOCAL}, 10.116.4.46}, {{nla_len=8, nla_type=IFA_BROADCAST}, 10.116.4.255}, {{nla_len=9, nla_type=IFA_LABEL}, "eth0"}, {{nla_len=8, nla_type=IFA_FLAGS}, IFA_F_PERMANENT}, {{nla_len=20, nla_type=IFA_CACHEINFO}, {ifa_prefered=4294967295, ifa_valid=4294967295, cstamp=630874, tstamp=630874}}]}], iov_len=4096}], msg_iovlen=1, msg_controllen=0, msg_flags=0}, 0) = 164
2023-07-22T16:53:41.756119800Z 16:53:41.755985 recvmsg(8, {msg_name={sa_family=AF_NETLINK, nl_pid=0, nl_groups=00000000}, msg_namelen=12, msg_iov=[{iov_base={{len=20, type=NLMSG_DONE, flags=NLM_F_MULTI, seq=1690044821, pid=70}, 0}, iov_len=4096}], msg_iovlen=1, msg_controllen=0, msg_flags=0}, 0) = 20
2023-07-22T16:53:41.756398481Z 16:53:41.756299 socket(AF_UNIX, SOCK_STREAM|SOCK_CLOEXEC|SOCK_NONBLOCK, 0) = 8
2023-07-22T16:53:41.756470661Z 16:53:41.756351 connect(8, {sa_family=AF_UNIX, sun_path="/var/run/nscd/socket"}, 110) = -1 ENOENT (No such file or directory)
2023-07-22T16:53:41.756548210Z 16:53:41.756426 socket(AF_UNIX, SOCK_STREAM|SOCK_CLOEXEC|SOCK_NONBLOCK, 0) = 8
2023-07-22T16:53:41.756558400Z 16:53:41.756463 connect(8, {sa_family=AF_UNIX, sun_path="/var/run/nscd/socket"}, 110) = -1 ENOENT (No such file or directory)
2023-07-22T16:53:41.757426810Z 16:53:41.757312 socket(AF_INET, SOCK_DGRAM|SOCK_CLOEXEC|SOCK_NONBLOCK, IPPROTO_IP) = 8
2023-07-22T16:53:41.757503910Z 16:53:41.757370 connect(8, {sa_family=AF_INET, sin_port=htons(53), sin_addr=inet_addr("10.120.0.10")}, 16) = 0
2023-07-22T16:53:41.757664820Z 16:53:41.757446 sendto(8, "5P\1\0\0\1\0\0\0\0\0\0\rflux-sample-0\fflux-"..., 76, MSG_NOSIGNAL, NULL, 0) = 76
2023-07-22T16:53:41.758335911Z 16:53:41.758150 recvfrom(8, "5P\205\200\0\1\0\1\0\0\0\0\rflux-sample-0\fflux-"..., 1024, 0, {sa_family=AF_INET, sin_port=htons(53), sin_addr=inet_addr("10.120.0.10")}, [28->16]) = 150
2023-07-22T16:53:41.764213230Z broker.info[2]: start: none->join 1.67928ms
2023-07-22T16:53:50.442044034Z broker.info[2]: parent-ready: join->init 8.67771s
2023-07-22T16:53:50.442298384Z 16:53:50.442101 socketpair(AF_UNIX, SOCK_STREAM|SOCK_CLOEXEC, 0, [22, 23]) = 0
2023-07-22T16:53:50.442619604Z 16:53:50.442313 socketpair(AF_UNIX, SOCK_STREAM, 0, [24, 25]) = 0
2023-07-22T16:53:50.442899604Z 16:53:50.442747 socketpair(AF_UNIX, SOCK_STREAM, 0, [26, 27]) = 0
2023-07-22T16:53:50.443161033Z 16:53:50.442984 socketpair(AF_UNIX, SOCK_STREAM, 0, [28, 29]) = 0
2023-07-22T16:53:50.460310803Z broker.info[2]: configuration updated
2023-07-22T16:53:50.552067868Z broker.info[2]: rc1.0: running /etc/flux/rc1.d/01-sched-fluxion
2023-07-22T16:53:50.559138978Z broker.info[2]: rc1.0: running /etc/flux/rc1.d/02-cron
2023-07-22T16:53:50.574741298Z broker.info[2]: rc1.0: /etc/flux/rc1 Exited (rc=0) 0.1s
2023-07-22T16:53:50.576361727Z broker.info[2]: rc1-success: init->quorum 0.134234s
2023-07-22T16:53:53.587748747Z broker.info[2]: quorum-full: quorum->run 3.01075s
2023-07-22T16:53:54.108539073Z 16:53:54.108311 socketpair(AF_UNIX, SOCK_STREAM|SOCK_CLOEXEC, 0, [22, 23]) = 0
2023-07-22T16:53:54.109022673Z 16:53:54.108451 socketpair(AF_UNIX, SOCK_STREAM, 0, [24, 25]) = 0
2023-07-22T16:53:54.109040283Z 16:53:54.108557 socketpair(AF_UNIX, SOCK_STREAM, 0, [26, 28]) = 0
2023-07-22T16:53:54.109046273Z 16:53:54.108650 socketpair(AF_UNIX, SOCK_STREAM, 0, [58, 59]) = 0
2023-07-22T16:53:54.109050873Z 16:53:54.108814 socketpair(AF_UNIX, SOCK_STREAM, 0, [60, 61]) = 0
2023-07-22T16:54:08.513170238Z broker.info[2]: shutdown: run->cleanup 14.9245s
2023-07-22T16:54:08.515420448Z broker.info[2]: cleanup-none: cleanup->shutdown 1.30259ms
2023-07-22T16:54:08.517115378Z broker.info[2]: children-none: shutdown->finalize 1.13234ms
2023-07-22T16:54:08.517733038Z 16:54:08.517462 socketpair(AF_UNIX, SOCK_STREAM|SOCK_CLOEXEC, 0, [22, 23]) = 0
2023-07-22T16:54:08.518160628Z 16:54:08.517678 socketpair(AF_UNIX, SOCK_STREAM, 0, [24, 25]) = 0
2023-07-22T16:54:08.518745738Z 16:54:08.518515 socketpair(AF_UNIX, SOCK_STREAM, 0, [26, 28]) = 0
2023-07-22T16:54:08.519222008Z 16:54:08.519056 socketpair(AF_UNIX, SOCK_STREAM, 0, [58, 59]) = 0
2023-07-22T16:54:08.532626097Z broker.info[2]: rc3.0: running /etc/flux/rc3.d/01-sched-fluxion
2023-07-22T16:54:08.625144413Z broker.info[2]: rc3.0: /etc/flux/rc3 Exited (rc=0) 0.1s
2023-07-22T16:54:08.626361503Z broker.info[2]: rc3-success: finalize->goodbye 0.108735s
2023-07-22T16:54:08.627871613Z broker.info[2]: goodbye: goodbye->exit 1.07596ms
2023-07-22T16:54:08.635219903Z 16:54:08.635093 +++ exited with 0 +++
2023-07-22T16:54:08.636334983Z Return value for follower worker is 0
2023-07-22T16:54:08.636351403Z The follower worker exited cleanly. Goodbye!
