2023-07-22T17:03:39.113012804Z
2023-07-22T17:03:39.113066644Z Flux username: flux
2023-07-22T17:03:39.113070894Z
2023-07-22T17:03:39.113074264Z Flux install root: /usr
2023-07-22T17:03:39.147584161Z flux user is already added.
2023-07-22T17:03:39.149347840Z flux user identifiers:
2023-07-22T17:03:39.149369490Z uid=1234(flux) gid=1234(flux) groups=1234(flux)
2023-07-22T17:03:39.149373470Z
2023-07-22T17:03:39.149378870Z As Flux prefix for flux commands: sudo -u flux -E PYTHONPATH=/opt/conda/lib/python3.10/site-packages -E PATH=/opt/conda/bin:/usr/local/sbin:/usr/local/bin:/usr/sbin:/usr/bin:/sbin:/bin -E LD_LIBRARY_PATH=/opt/conda/lib -E HOME=/home/flux
2023-07-22T17:03:39.153999560Z
2023-07-22T17:03:39.154023780Z 👋 Hello, I'm flux-sample-3
2023-07-22T17:03:39.154028540Z The main host is flux-sample-0
2023-07-22T17:03:39.154080900Z The working directory is /home/flux/examples/reaxff/HNS, contents include:
2023-07-22T17:03:39.154955450Z /home/flux/examples/reaxff/HNS:
2023-07-22T17:03:39.154972700Z README.txt	ffield.reax.hns  log.8Mar18.reaxc.hns.g++.1
2023-07-22T17:03:39.154978660Z data.hns-equil	in.reaxc.hns	 log.8Mar18.reaxc.hns.g++.4
2023-07-22T17:03:39.155199880Z End of file listing, if you see nothing above there are no files.
2023-07-22T17:03:39.156263120Z flux R encode --hosts=flux-sample-[0-7]
2023-07-22T17:03:39.165267569Z
2023-07-22T17:03:39.165310779Z 📦 Resources
2023-07-22T17:03:39.166421879Z {"version": 1, "execution": {"R_lite": [{"rank": "0-7", "children": {"core": "0"}}], "starttime": 0.0, "expiration": 0.0, "nodelist": ["flux-sample-[0-7]"]}}
2023-07-22T17:03:39.166587709Z
2023-07-22T17:03:39.166598429Z 🐸 Diagnostics: false
2023-07-22T17:03:39.166715989Z 🚩️ Flux Option Flags defined
2023-07-22T17:03:39.169312438Z
2023-07-22T17:03:39.169325248Z 🦊 Independent Minister of Privilege
2023-07-22T17:03:39.170942098Z [exec]
2023-07-22T17:03:39.170975188Z allowed-users = [ "flux", "root" ]
2023-07-22T17:03:39.170982088Z allowed-shells = [ "/usr/libexec/flux/flux-shell" ]
2023-07-22T17:03:39.171107608Z
2023-07-22T17:03:39.171121018Z 🐸 Broker Configuration
2023-07-22T17:03:39.171974238Z # Flux needs to know the path to the IMP executable
2023-07-22T17:03:39.171988848Z [exec]
2023-07-22T17:03:39.171993978Z imp = "/usr/libexec/flux/flux-imp"
2023-07-22T17:03:39.171998048Z
2023-07-22T17:03:39.172002128Z [access]
2023-07-22T17:03:39.172006648Z allow-guest-user = true
2023-07-22T17:03:39.172010208Z allow-root-owner = true
2023-07-22T17:03:39.172013618Z
2023-07-22T17:03:39.172017328Z # Point to resource definition generated with flux-R(1).
2023-07-22T17:03:39.172021228Z [resource]
2023-07-22T17:03:39.172025638Z path = "/etc/flux/system/R"
2023-07-22T17:03:39.172028778Z
2023-07-22T17:03:39.172032118Z [bootstrap]
2023-07-22T17:03:39.172035788Z curve_cert = "/etc/curve/curve.cert"
2023-07-22T17:03:39.172040128Z default_port = 8050
2023-07-22T17:03:39.172044258Z default_bind = "tcp://eth0:%p"
2023-07-22T17:03:39.172048668Z default_connect = "tcp://%h.flux-service.flux-operator.svc.cluster.local:%p"
2023-07-22T17:03:39.172052428Z hosts = [
2023-07-22T17:03:39.172055548Z 	{ host="flux-sample-[0-7]"},
2023-07-22T17:03:39.172058808Z ]
2023-07-22T17:03:39.172062028Z [archive]
2023-07-22T17:03:39.172065218Z dbpath = "/var/lib/flux/job-archive.sqlite"
2023-07-22T17:03:39.172068898Z period = "1m"
2023-07-22T17:03:39.237417801Z busytimeout = "50s"
2023-07-22T17:03:39.237563691Z 🧊️ State Directory:
2023-07-22T17:03:39.237571761Z total 0
2023-07-22T17:03:39.237576231Z
2023-07-22T17:03:39.239540311Z
2023-07-22T17:03:39.239572741Z 🔒️ Working directory permissions:
2023-07-22T17:03:39.239608881Z total 96
2023-07-22T17:03:39.239616131Z -rwxrwxrwx 1 flux root  2517 May 17 22:32 README.txt
2023-07-22T17:03:39.239620381Z -rwxrwxrwx 1 flux root 54692 May 17 22:32 data.hns-equil
2023-07-22T17:03:39.239624371Z -rwxrwxrwx 1 flux root 13576 May 17 22:32 ffield.reax.hns
2023-07-22T17:03:39.239628151Z -rwxrwxrwx 1 flux root   870 May 17 22:32 in.reaxc.hns
2023-07-22T17:03:39.239633911Z -rwxrwxrwx 1 flux root  4172 May 17 22:32 log.8Mar18.reaxc.hns.g++.1
2023-07-22T17:03:39.239637541Z -rwxrwxrwx 1 flux root  4168 May 17 22:32 log.8Mar18.reaxc.hns.g++.4
2023-07-22T17:03:39.239640421Z
2023-07-22T17:03:39.239643351Z
2023-07-22T17:03:39.239646491Z ✨ Curve certificate generated by helper pod
2023-07-22T17:03:39.240424571Z #   ****  Generated on 2023-04-26 22:54:42 by CZMQ  ****
2023-07-22T17:03:39.240438121Z #   ZeroMQ CURVE **Secret** Certificate
2023-07-22T17:03:39.240444051Z #   DO NOT PROVIDE THIS FILE TO OTHER USERS nor change its permissions.
2023-07-22T17:03:39.240448141Z
2023-07-22T17:03:39.240452091Z metadata
2023-07-22T17:03:39.240457591Z     name = "flux-cert-generator"
2023-07-22T17:03:39.240461861Z     keygen.hostname = "flux-sample-0"
2023-07-22T17:03:39.240465281Z curve
2023-07-22T17:03:39.240469031Z     public-key = "Y0Ys$^yc.<A$csT%k&EEblNT01@-UIJ&y^Tfi2K$"
2023-07-22T17:03:39.240472461Z     secret-key = "szi&d:5US3!=r{wIjzYq)exX3nF3xDyzOzVka.)a"
2023-07-22T17:03:41.243123719Z
2023-07-22T17:03:41.243177309Z 🌀  flux start --wrap=strace,-e,network,-tt -o --config /etc/flux/config -Scron.directory=/etc/flux/system/cron.d   -Stbon.fanout=256   -Srundir=/run/flux    -Sstatedir=/var/lib/flux   -Slocal-uri=local:///run/flux/local -Stbon.connect_timeout=10s  -Stbon.zmqdebug=1  -Slog-stderr-level=6    -Slog-stderr-mode=local
2023-07-22T17:03:41.267458377Z 17:03:41.267149 socket(AF_NETLINK, SOCK_RAW, NETLINK_ROUTE) = 8
2023-07-22T17:03:41.267512867Z 17:03:41.267237 bind(8, {sa_family=AF_NETLINK, nl_pid=0, nl_groups=00000000}, 12) = 0
2023-07-22T17:03:41.267519597Z 17:03:41.267273 getsockname(8, {sa_family=AF_NETLINK, nl_pid=70, nl_groups=00000000}, [12]) = 0
2023-07-22T17:03:41.267606527Z 17:03:41.267305 sendto(8, {{len=20, type=RTM_GETADDR, flags=NLM_F_REQUEST|NLM_F_DUMP, seq=1690045421, pid=0}, {ifa_family=AF_UNSPEC, ...}}, 20, 0, {sa_family=AF_NETLINK, nl_pid=0, nl_groups=00000000}, 12) = 20
2023-07-22T17:03:41.267754797Z 17:03:41.267439 recvmsg(8, {msg_name={sa_family=AF_NETLINK, nl_pid=0, nl_groups=00000000}, msg_namelen=12, msg_iov=[{iov_base=[{{len=76, type=RTM_NEWADDR, flags=NLM_F_MULTI, seq=1690045421, pid=70}, {ifa_family=AF_INET, ifa_prefixlen=8, ifa_flags=IFA_F_PERMANENT, ifa_scope=RT_SCOPE_HOST, ifa_index=if_nametoindex("lo")}, [{{nla_len=8, nla_type=IFA_ADDRESS}, 127.0.0.1}, {{nla_len=8, nla_type=IFA_LOCAL}, 127.0.0.1}, {{nla_len=7, nla_type=IFA_LABEL}, "lo"}, {{nla_len=8, nla_type=IFA_FLAGS}, IFA_F_PERMANENT}, {{nla_len=20, nla_type=IFA_CACHEINFO}, {ifa_prefered=4294967295, ifa_valid=4294967295, cstamp=690871, tstamp=690871}}]}, {{len=88, type=RTM_NEWADDR, flags=NLM_F_MULTI, seq=1690045421, pid=70}, {ifa_family=AF_INET, ifa_prefixlen=24, ifa_flags=IFA_F_PERMANENT, ifa_scope=RT_SCOPE_UNIVERSE, ifa_index=if_nametoindex("eth0")}, [{{nla_len=8, nla_type=IFA_ADDRESS}, 10.116.0.64}, {{nla_len=8, nla_type=IFA_LOCAL}, 10.116.0.64}, {{nla_len=8, nla_type=IFA_BROADCAST}, 10.116.0.255}, {{nla_len=9, nla_type=IFA_LABEL}, "eth0"}, {{nla_len=8, nla_type=IFA_FLAGS}, IFA_F_PERMANENT}, {{nla_len=20, nla_type=IFA_CACHEINFO}, {ifa_prefered=4294967295, ifa_valid=4294967295, cstamp=690873, tstamp=690873}}]}], iov_len=4096}], msg_iovlen=1, msg_controllen=0, msg_flags=0}, 0) = 164
2023-07-22T17:03:41.267842117Z 17:03:41.267634 recvmsg(8, {msg_name={sa_family=AF_NETLINK, nl_pid=0, nl_groups=00000000}, msg_namelen=12, msg_iov=[{iov_base={{len=20, type=NLMSG_DONE, flags=NLM_F_MULTI, seq=1690045421, pid=70}, 0}, iov_len=4096}], msg_iovlen=1, msg_controllen=0, msg_flags=0}, 0) = 20
2023-07-22T17:03:41.268151317Z 17:03:41.267985 socket(AF_UNIX, SOCK_STREAM|SOCK_CLOEXEC|SOCK_NONBLOCK, 0) = 8
2023-07-22T17:03:41.268179647Z 17:03:41.268051 connect(8, {sa_family=AF_UNIX, sun_path="/var/run/nscd/socket"}, 110) = -1 ENOENT (No such file or directory)
2023-07-22T17:03:41.268252057Z 17:03:41.268116 socket(AF_UNIX, SOCK_STREAM|SOCK_CLOEXEC|SOCK_NONBLOCK, 0) = 8
2023-07-22T17:03:41.268260777Z 17:03:41.268149 connect(8, {sa_family=AF_UNIX, sun_path="/var/run/nscd/socket"}, 110) = -1 ENOENT (No such file or directory)
2023-07-22T17:03:41.269046677Z 17:03:41.268881 socket(AF_INET, SOCK_DGRAM|SOCK_CLOEXEC|SOCK_NONBLOCK, IPPROTO_IP) = 8
2023-07-22T17:03:41.269060647Z 17:03:41.268955 connect(8, {sa_family=AF_INET, sin_port=htons(53), sin_addr=inet_addr("10.120.0.10")}, 16) = 0
2023-07-22T17:03:41.269339647Z 17:03:41.269030 sendto(8, "\16\26\1\0\0\1\0\0\0\0\0\0\rflux-sample-0\fflux-"..., 76, MSG_NOSIGNAL, NULL, 0) = 76
2023-07-22T17:03:41.273312207Z 17:03:41.272996 recvfrom(8, "\16\26\205\200\0\1\0\1\0\0\0\0\rflux-sample-0\fflux-"..., 1024, 0, {sa_family=AF_INET, sin_port=htons(53), sin_addr=inet_addr("10.120.0.10")}, [28->16]) = 150
2023-07-22T17:03:41.276334436Z broker.info[3]: start: none->join 1.15376ms
2023-07-22T17:03:41.288642925Z broker.info[3]: parent-ready: join->init 12.0402ms
2023-07-22T17:03:41.288788125Z 17:03:41.288560 socketpair(AF_UNIX, SOCK_STREAM|SOCK_CLOEXEC, 0, [22, 23]) = 0
2023-07-22T17:03:41.288817975Z 17:03:41.288652 socketpair(AF_UNIX, SOCK_STREAM, 0, [24, 25]) = 0
2023-07-22T17:03:41.288886965Z 17:03:41.288760 socketpair(AF_UNIX, SOCK_STREAM, 0, [26, 27]) = 0
2023-07-22T17:03:41.289154345Z 17:03:41.288875 socketpair(AF_UNIX, SOCK_STREAM, 0, [28, 29]) = 0
2023-07-22T17:03:41.307762793Z broker.info[3]: configuration updated
2023-07-22T17:03:41.401017983Z broker.info[3]: rc1.0: running /etc/flux/rc1.d/01-sched-fluxion
2023-07-22T17:03:41.408456343Z broker.info[3]: rc1.0: running /etc/flux/rc1.d/02-cron
2023-07-22T17:03:41.422646651Z broker.info[3]: rc1.0: /etc/flux/rc1 Exited (rc=0) 0.1s
2023-07-22T17:03:41.422976261Z broker.info[3]: rc1-success: init->quorum 0.134271s
2023-07-22T17:03:52.064238482Z broker.info[3]: quorum-full: quorum->run 10.641s
2023-07-22T17:03:52.596613098Z 17:03:52.596264 socketpair(AF_UNIX, SOCK_STREAM|SOCK_CLOEXEC, 0, [22, 23]) = 0
2023-07-22T17:03:52.597103128Z 17:03:52.596679 socketpair(AF_UNIX, SOCK_STREAM, 0, [24, 25]) = 0
2023-07-22T17:03:52.597259548Z 17:03:52.597123 socketpair(AF_UNIX, SOCK_STREAM, 0, [26, 28]) = 0
2023-07-22T17:03:52.597349918Z 17:03:52.597261 socketpair(AF_UNIX, SOCK_STREAM, 0, [58, 59]) = 0
2023-07-22T17:03:52.597544298Z 17:03:52.597392 socketpair(AF_UNIX, SOCK_STREAM, 0, [60, 61]) = 0
2023-07-22T17:04:06.448248625Z broker.info[3]: shutdown: run->cleanup 14.3836s
2023-07-22T17:04:06.451229965Z broker.info[3]: cleanup-none: cleanup->shutdown 2.09812ms
2023-07-22T17:04:06.452989635Z broker.info[3]: children-none: shutdown->finalize 1.0451ms
2023-07-22T17:04:06.453651275Z 17:04:06.453407 socketpair(AF_UNIX, SOCK_STREAM|SOCK_CLOEXEC, 0, [22, 23]) = 0
2023-07-22T17:04:06.453963485Z 17:04:06.453635 socketpair(AF_UNIX, SOCK_STREAM, 0, [24, 25]) = 0
2023-07-22T17:04:06.454394824Z 17:04:06.454251 socketpair(AF_UNIX, SOCK_STREAM, 0, [26, 28]) = 0
2023-07-22T17:04:06.454700754Z 17:04:06.454497 socketpair(AF_UNIX, SOCK_STREAM, 0, [58, 59]) = 0
2023-07-22T17:04:06.467308833Z broker.info[3]: rc3.0: running /etc/flux/rc3.d/01-sched-fluxion
2023-07-22T17:04:06.553241115Z broker.info[3]: rc3.0: /etc/flux/rc3 Exited (rc=0) 0.1s
2023-07-22T17:04:06.554324774Z broker.info[3]: rc3-success: finalize->goodbye 0.100778s
2023-07-22T17:04:06.555950804Z broker.info[3]: goodbye: goodbye->exit 1.15041ms
2023-07-22T17:04:06.563231434Z 17:04:06.563097 +++ exited with 0 +++
2023-07-22T17:04:06.564073933Z Return value for follower worker is 0
2023-07-22T17:04:06.564246204Z The follower worker exited cleanly. Goodbye!
