2023-07-22T17:03:06.333722556Z
2023-07-22T17:03:06.333771076Z Flux username: flux
2023-07-22T17:03:06.333846916Z
2023-07-22T17:03:06.333866166Z Flux install root: /usr
2023-07-22T17:03:06.368711903Z flux user is already added.
2023-07-22T17:03:06.370842433Z flux user identifiers:
2023-07-22T17:03:06.370869493Z uid=1234(flux) gid=1234(flux) groups=1234(flux)
2023-07-22T17:03:06.370976053Z
2023-07-22T17:03:06.370990113Z As Flux prefix for flux commands: sudo -u flux -E PYTHONPATH=/opt/conda/lib/python3.10/site-packages -E PATH=/opt/conda/bin:/usr/local/sbin:/usr/local/bin:/usr/sbin:/usr/bin:/sbin:/bin -E LD_LIBRARY_PATH=/opt/conda/lib -E HOME=/home/flux
2023-07-22T17:03:06.378421192Z
2023-07-22T17:03:06.378443902Z ðŸ‘‹ Hello, I'm flux-sample-2
2023-07-22T17:03:06.378448962Z The main host is flux-sample-0
2023-07-22T17:03:06.378453672Z The working directory is /home/flux/examples/reaxff/HNS, contents include:
2023-07-22T17:03:06.378457592Z /home/flux/examples/reaxff/HNS:
2023-07-22T17:03:06.378462002Z README.txt	ffield.reax.hns  log.8Mar18.reaxc.hns.g++.1
2023-07-22T17:03:06.378465772Z data.hns-equil	in.reaxc.hns	 log.8Mar18.reaxc.hns.g++.4
2023-07-22T17:03:06.378469442Z End of file listing, if you see nothing above there are no files.
2023-07-22T17:03:06.378887362Z flux R encode --hosts=flux-sample-[0-7]
2023-07-22T17:03:06.388658081Z
2023-07-22T17:03:06.388678781Z ðŸ“¦ Resources
2023-07-22T17:03:06.389555061Z {"version": 1, "execution": {"R_lite": [{"rank": "0-7", "children": {"core": "0"}}], "starttime": 0.0, "expiration": 0.0, "nodelist": ["flux-sample-[0-7]"]}}
2023-07-22T17:03:06.389671881Z
2023-07-22T17:03:06.390064371Z ðŸ¸ Diagnostics: false
2023-07-22T17:03:06.390076221Z ðŸš©ï¸ Flux Option Flags defined
2023-07-22T17:03:06.391918691Z
2023-07-22T17:03:06.391931171Z ðŸ¦Š Independent Minister of Privilege
2023-07-22T17:03:06.392623081Z [exec]
2023-07-22T17:03:06.392635410Z allowed-users = [ "flux", "root" ]
2023-07-22T17:03:06.392640061Z allowed-shells = [ "/usr/libexec/flux/flux-shell" ]
2023-07-22T17:03:06.392792410Z
2023-07-22T17:03:06.392803461Z ðŸ¸ Broker Configuration
2023-07-22T17:03:06.393708421Z # Flux needs to know the path to the IMP executable
2023-07-22T17:03:06.393720430Z [exec]
2023-07-22T17:03:06.393724730Z imp = "/usr/libexec/flux/flux-imp"
2023-07-22T17:03:06.393728561Z
2023-07-22T17:03:06.393731910Z [access]
2023-07-22T17:03:06.393735901Z allow-guest-user = true
2023-07-22T17:03:06.393739790Z allow-root-owner = true
2023-07-22T17:03:06.393743510Z
2023-07-22T17:03:06.393746941Z # Point to resource definition generated with flux-R(1).
2023-07-22T17:03:06.393750770Z [resource]
2023-07-22T17:03:06.393780221Z path = "/etc/flux/system/R"
2023-07-22T17:03:06.393784410Z
2023-07-22T17:03:06.393787561Z [bootstrap]
2023-07-22T17:03:06.393791810Z curve_cert = "/etc/curve/curve.cert"
2023-07-22T17:03:06.393795581Z default_port = 8050
2023-07-22T17:03:06.393799061Z default_bind = "tcp://eth0:%p"
2023-07-22T17:03:06.393803641Z default_connect = "tcp://%h.flux-service.flux-operator.svc.cluster.local:%p"
2023-07-22T17:03:06.393807281Z hosts = [
2023-07-22T17:03:06.393810241Z 	{ host="flux-sample-[0-7]"},
2023-07-22T17:03:06.393814050Z ]
2023-07-22T17:03:06.393817741Z [archive]
2023-07-22T17:03:06.393821481Z dbpath = "/var/lib/flux/job-archive.sqlite"
2023-07-22T17:03:06.393825350Z period = "1m"
2023-07-22T17:03:06.446833565Z busytimeout = "50s"
2023-07-22T17:03:06.446875455Z ðŸ§Šï¸ State Directory:
2023-07-22T17:03:06.446925195Z total 0
2023-07-22T17:03:06.446987795Z
2023-07-22T17:03:06.448808065Z
2023-07-22T17:03:06.448838135Z ðŸ”’ï¸ Working directory permissions:
2023-07-22T17:03:06.448844155Z total 96
2023-07-22T17:03:06.448849495Z -rwxrwxrwx 1 flux root  2517 May 17 22:32 README.txt
2023-07-22T17:03:06.448853205Z -rwxrwxrwx 1 flux root 54692 May 17 22:32 data.hns-equil
2023-07-22T17:03:06.448856695Z -rwxrwxrwx 1 flux root 13576 May 17 22:32 ffield.reax.hns
2023-07-22T17:03:06.448860755Z -rwxrwxrwx 1 flux root   870 May 17 22:32 in.reaxc.hns
2023-07-22T17:03:06.448865655Z -rwxrwxrwx 1 flux root  4172 May 17 22:32 log.8Mar18.reaxc.hns.g++.1
2023-07-22T17:03:06.448869925Z -rwxrwxrwx 1 flux root  4168 May 17 22:32 log.8Mar18.reaxc.hns.g++.4
2023-07-22T17:03:06.448873645Z
2023-07-22T17:03:06.448986645Z
2023-07-22T17:03:06.448999435Z âœ¨ Curve certificate generated by helper pod
2023-07-22T17:03:06.449847975Z #   ****  Generated on 2023-04-26 22:54:42 by CZMQ  ****
2023-07-22T17:03:06.449858395Z #   ZeroMQ CURVE **Secret** Certificate
2023-07-22T17:03:06.449862895Z #   DO NOT PROVIDE THIS FILE TO OTHER USERS nor change its permissions.
2023-07-22T17:03:06.449866665Z
2023-07-22T17:03:06.449871255Z metadata
2023-07-22T17:03:06.449875875Z     name = "flux-cert-generator"
2023-07-22T17:03:06.449880025Z     keygen.hostname = "flux-sample-0"
2023-07-22T17:03:06.449884205Z curve
2023-07-22T17:03:06.449887985Z     public-key = "t4r5N(xqTkx>QG]UJ-jMqwWcJKUA+71y4MWDAh/x"
2023-07-22T17:03:06.449891705Z     secret-key = "X-u+J[)UiVVHO$!T1=>1-*uY=frZMc(wHOaI!]$["
2023-07-22T17:03:08.452671562Z
2023-07-22T17:03:08.452749842Z ðŸŒ€  flux start --wrap=strace,-e,network,-tt -o --config /etc/flux/config -Scron.directory=/etc/flux/system/cron.d   -Stbon.fanout=256   -Srundir=/run/flux    -Sstatedir=/var/lib/flux   -Slocal-uri=local:///run/flux/local -Stbon.connect_timeout=10s  -Stbon.zmqdebug=1  -Slog-stderr-level=6    -Slog-stderr-mode=local
2023-07-22T17:03:08.480984580Z 17:03:08.480703 socket(AF_NETLINK, SOCK_RAW, NETLINK_ROUTE) = 8
2023-07-22T17:03:08.481387001Z 17:03:08.481075 bind(8, {sa_family=AF_NETLINK, nl_pid=0, nl_groups=00000000}, 12) = 0
2023-07-22T17:03:08.481671441Z 17:03:08.481423 getsockname(8, {sa_family=AF_NETLINK, nl_pid=70, nl_groups=00000000}, [12]) = 0
2023-07-22T17:03:08.482032140Z 17:03:08.481721 sendto(8, {{len=20, type=RTM_GETADDR, flags=NLM_F_REQUEST|NLM_F_DUMP, seq=1690045388, pid=0}, {ifa_family=AF_UNSPEC, ...}}, 20, 0, {sa_family=AF_NETLINK, nl_pid=0, nl_groups=00000000}, 12) = 20
2023-07-22T17:03:08.482503331Z 17:03:08.481992 recvmsg(8, {msg_name={sa_family=AF_NETLINK, nl_pid=0, nl_groups=00000000}, msg_namelen=12, msg_iov=[{iov_base=[{{len=76, type=RTM_NEWADDR, flags=NLM_F_MULTI, seq=1690045388, pid=70}, {ifa_family=AF_INET, ifa_prefixlen=8, ifa_flags=IFA_F_PERMANENT, ifa_scope=RT_SCOPE_HOST, ifa_index=if_nametoindex("lo")}, [{{nla_len=8, nla_type=IFA_ADDRESS}, 127.0.0.1}, {{nla_len=8, nla_type=IFA_LOCAL}, 127.0.0.1}, {{nla_len=7, nla_type=IFA_LABEL}, "lo"}, {{nla_len=8, nla_type=IFA_FLAGS}, IFA_F_PERMANENT}, {{nla_len=20, nla_type=IFA_CACHEINFO}, {ifa_prefered=4294967295, ifa_valid=4294967295, cstamp=687593, tstamp=687593}}]}, {{len=88, type=RTM_NEWADDR, flags=NLM_F_MULTI, seq=1690045388, pid=70}, {ifa_family=AF_INET, ifa_prefixlen=24, ifa_flags=IFA_F_PERMANENT, ifa_scope=RT_SCOPE_UNIVERSE, ifa_index=if_nametoindex("eth0")}, [{{nla_len=8, nla_type=IFA_ADDRESS}, 10.116.0.63}, {{nla_len=8, nla_type=IFA_LOCAL}, 10.116.0.63}, {{nla_len=8, nla_type=IFA_BROADCAST}, 10.116.0.255}, {{nla_len=9, nla_type=IFA_LABEL}, "eth0"}, {{nla_len=8, nla_type=IFA_FLAGS}, IFA_F_PERMANENT}, {{nla_len=20, nla_type=IFA_CACHEINFO}, {ifa_prefered=4294967295, ifa_valid=4294967295, cstamp=687595, tstamp=687595}}]}], iov_len=4096}], msg_iovlen=1, msg_controllen=0, msg_flags=0}, 0) = 164
2023-07-22T17:03:08.482708861Z 17:03:08.482367 recvmsg(8, {msg_name={sa_family=AF_NETLINK, nl_pid=0, nl_groups=00000000}, msg_namelen=12, msg_iov=[{iov_base={{len=20, type=NLMSG_DONE, flags=NLM_F_MULTI, seq=1690045388, pid=70}, 0}, iov_len=4096}], msg_iovlen=1, msg_controllen=0, msg_flags=0}, 0) = 20
2023-07-22T17:03:08.483332471Z 17:03:08.483042 socket(AF_UNIX, SOCK_STREAM|SOCK_CLOEXEC|SOCK_NONBLOCK, 0) = 8
2023-07-22T17:03:08.483418791Z 17:03:08.483192 connect(8, {sa_family=AF_UNIX, sun_path="/var/run/nscd/socket"}, 110) = -1 ENOENT (No such file or directory)
2023-07-22T17:03:08.483429391Z 17:03:08.483265 socket(AF_UNIX, SOCK_STREAM|SOCK_CLOEXEC|SOCK_NONBLOCK, 0) = 8
2023-07-22T17:03:08.483505900Z 17:03:08.483315 connect(8, {sa_family=AF_UNIX, sun_path="/var/run/nscd/socket"}, 110) = -1 ENOENT (No such file or directory)
2023-07-22T17:03:08.485038550Z 17:03:08.484837 socket(AF_INET, SOCK_DGRAM|SOCK_CLOEXEC|SOCK_NONBLOCK, IPPROTO_IP) = 8
2023-07-22T17:03:08.485118430Z 17:03:08.484990 connect(8, {sa_family=AF_INET, sin_port=htons(53), sin_addr=inet_addr("10.120.0.10")}, 16) = 0
2023-07-22T17:03:08.485318650Z 17:03:08.485086 sendto(8, "\32N\1\0\0\1\0\0\0\0\0\0\rflux-sample-0\fflux-"..., 76, MSG_NOSIGNAL, NULL, 0) = 76
2023-07-22T17:03:08.488461880Z 17:03:08.488153 recvfrom(8, "\32N\205\200\0\1\0\1\0\0\0\0\rflux-sample-0\fflux-"..., 1024, 0, {sa_family=AF_INET, sin_port=htons(53), sin_addr=inet_addr("10.120.0.10")}, [28->16]) = 150
2023-07-22T17:03:08.490978850Z broker.info[2]: start: none->join 0.88514ms
2023-07-22T17:03:08.496770319Z broker.info[2]: parent-ready: join->init 5.72306ms
2023-07-22T17:03:08.497022409Z 17:03:08.496799 socketpair(AF_UNIX, SOCK_STREAM|SOCK_CLOEXEC, 0, [22, 23]) = 0
2023-07-22T17:03:08.497108889Z 17:03:08.496956 socketpair(AF_UNIX, SOCK_STREAM, 0, [24, 25]) = 0
2023-07-22T17:03:08.497256489Z 17:03:08.497142 socketpair(AF_UNIX, SOCK_STREAM, 0, [26, 27]) = 0
2023-07-22T17:03:08.497462949Z 17:03:08.497298 socketpair(AF_UNIX, SOCK_STREAM, 0, [28, 29]) = 0
2023-07-22T17:03:08.511011018Z broker.info[2]: configuration updated
2023-07-22T17:03:08.580232681Z broker.info[2]: rc1.0: running /etc/flux/rc1.d/01-sched-fluxion
2023-07-22T17:03:08.588503160Z broker.info[2]: rc1.0: running /etc/flux/rc1.d/02-cron
2023-07-22T17:03:08.601344989Z broker.info[2]: rc1.0: /etc/flux/rc1 Exited (rc=0) 0.1s
2023-07-22T17:03:08.601844369Z broker.info[2]: rc1-success: init->quorum 0.104807s
2023-07-22T17:03:19.395039735Z broker.info[2]: quorum-full: quorum->run 10.793s
2023-07-22T17:03:19.904345834Z 17:03:19.904032 socketpair(AF_UNIX, SOCK_STREAM|SOCK_CLOEXEC, 0, [22, 23]) = 0
2023-07-22T17:03:19.904519394Z 17:03:19.904327 socketpair(AF_UNIX, SOCK_STREAM, 0, [24, 25]) = 0
2023-07-22T17:03:19.904770204Z 17:03:19.904563 socketpair(AF_UNIX, SOCK_STREAM, 0, [26, 28]) = 0
2023-07-22T17:03:19.905035504Z 17:03:19.904881 socketpair(AF_UNIX, SOCK_STREAM, 0, [58, 59]) = 0
2023-07-22T17:03:19.905433834Z 17:03:19.905146 socketpair(AF_UNIX, SOCK_STREAM, 0, [60, 61]) = 0
2023-07-22T17:03:33.638049053Z broker.info[2]: shutdown: run->cleanup 14.2428s
2023-07-22T17:03:33.640107803Z broker.info[2]: cleanup-none: cleanup->shutdown 1.30268ms
2023-07-22T17:03:33.641827103Z broker.info[2]: children-none: shutdown->finalize 1.16909ms
2023-07-22T17:03:33.642429083Z 17:03:33.642160 socketpair(AF_UNIX, SOCK_STREAM|SOCK_CLOEXEC, 0, [22, 23]) = 0
2023-07-22T17:03:33.642729243Z 17:03:33.642405 socketpair(AF_UNIX, SOCK_STREAM, 0, [24, 25]) = 0
2023-07-22T17:03:33.643228323Z 17:03:33.643087 socketpair(AF_UNIX, SOCK_STREAM, 0, [26, 28]) = 0
2023-07-22T17:03:33.643459232Z 17:03:33.643317 socketpair(AF_UNIX, SOCK_STREAM, 0, [58, 59]) = 0
2023-07-22T17:03:33.655741922Z broker.info[2]: rc3.0: running /etc/flux/rc3.d/01-sched-fluxion
2023-07-22T17:03:33.745869493Z broker.info[2]: rc3.0: /etc/flux/rc3 Exited (rc=0) 0.1s
2023-07-22T17:03:33.746946422Z broker.info[2]: rc3-success: finalize->goodbye 0.10462s
2023-07-22T17:03:33.748487452Z broker.info[2]: goodbye: goodbye->exit 1.03698ms
2023-07-22T17:03:33.755961352Z 17:03:33.755753 +++ exited with 0 +++
2023-07-22T17:03:33.757162531Z Return value for follower worker is 0
2023-07-22T17:03:33.757182161Z The follower worker exited cleanly. Goodbye!
