2023-07-22T17:25:08.887014601Z
2023-07-22T17:25:08.887072671Z Flux username: flux
2023-07-22T17:25:08.887077911Z
2023-07-22T17:25:08.887081571Z Flux install root: /usr
2023-07-22T17:25:08.925070897Z flux user is already added.
2023-07-22T17:25:08.927191287Z flux user identifiers:
2023-07-22T17:25:08.927217937Z uid=1234(flux) gid=1234(flux) groups=1234(flux)
2023-07-22T17:25:08.927316717Z
2023-07-22T17:25:08.927342277Z As Flux prefix for flux commands: sudo -u flux -E PYTHONPATH=/opt/conda/lib/python3.10/site-packages -E PATH=/opt/conda/bin:/usr/local/sbin:/usr/local/bin:/usr/sbin:/usr/bin:/sbin:/bin -E LD_LIBRARY_PATH=/opt/conda/lib -E HOME=/home/flux
2023-07-22T17:25:08.932927427Z
2023-07-22T17:25:08.933219567Z ðŸ‘‹ Hello, I'm flux-sample-5
2023-07-22T17:25:08.933462667Z The main host is flux-sample-0
2023-07-22T17:25:08.933735487Z The working directory is /home/flux/examples/reaxff/HNS, contents include:
2023-07-22T17:25:08.934834936Z /home/flux/examples/reaxff/HNS:
2023-07-22T17:25:08.934946696Z README.txt	ffield.reax.hns  log.8Mar18.reaxc.hns.g++.1
2023-07-22T17:25:08.934958547Z data.hns-equil	in.reaxc.hns	 log.8Mar18.reaxc.hns.g++.4
2023-07-22T17:25:08.935327267Z End of file listing, if you see nothing above there are no files.
2023-07-22T17:25:08.936408907Z flux R encode --hosts=flux-sample-[0-7]
2023-07-22T17:25:08.946129286Z
2023-07-22T17:25:08.946278685Z ðŸ“¦ Resources
2023-07-22T17:25:08.947344915Z {"version": 1, "execution": {"R_lite": [{"rank": "0-7", "children": {"core": "0"}}], "starttime": 0.0, "expiration": 0.0, "nodelist": ["flux-sample-[0-7]"]}}
2023-07-22T17:25:08.947687425Z
2023-07-22T17:25:08.947708996Z ðŸ¸ Diagnostics: false
2023-07-22T17:25:08.947936725Z ðŸš©ï¸ Flux Option Flags defined
2023-07-22T17:25:08.950298835Z
2023-07-22T17:25:08.950321785Z ðŸ¦Š Independent Minister of Privilege
2023-07-22T17:25:08.951146315Z [exec]
2023-07-22T17:25:08.951167785Z allowed-users = [ "flux", "root" ]
2023-07-22T17:25:08.951174595Z allowed-shells = [ "/usr/libexec/flux/flux-shell" ]
2023-07-22T17:25:08.951374035Z
2023-07-22T17:25:08.951387815Z ðŸ¸ Broker Configuration
2023-07-22T17:25:08.952217525Z # Flux needs to know the path to the IMP executable
2023-07-22T17:25:08.952232765Z [exec]
2023-07-22T17:25:08.952238955Z imp = "/usr/libexec/flux/flux-imp"
2023-07-22T17:25:08.952243355Z
2023-07-22T17:25:08.952247755Z [access]
2023-07-22T17:25:08.952252705Z allow-guest-user = true
2023-07-22T17:25:08.952260525Z allow-root-owner = true
2023-07-22T17:25:08.952264175Z
2023-07-22T17:25:08.952267735Z # Point to resource definition generated with flux-R(1).
2023-07-22T17:25:08.952271525Z [resource]
2023-07-22T17:25:08.952275895Z path = "/etc/flux/system/R"
2023-07-22T17:25:08.952280025Z
2023-07-22T17:25:08.952284045Z [bootstrap]
2023-07-22T17:25:08.952288215Z curve_cert = "/etc/curve/curve.cert"
2023-07-22T17:25:08.952292045Z default_port = 8050
2023-07-22T17:25:08.952296415Z default_bind = "tcp://eth0:%p"
2023-07-22T17:25:08.952301555Z default_connect = "tcp://%h.flux-service.flux-operator.svc.cluster.local:%p"
2023-07-22T17:25:08.952305845Z hosts = [
2023-07-22T17:25:08.952309975Z 	{ host="flux-sample-[0-7]"},
2023-07-22T17:25:08.952313815Z ]
2023-07-22T17:25:08.952317545Z [archive]
2023-07-22T17:25:08.952321565Z dbpath = "/var/lib/flux/job-archive.sqlite"
2023-07-22T17:25:08.952325535Z period = "1m"
2023-07-22T17:25:09.008864960Z busytimeout = "50s"
2023-07-22T17:25:09.008914420Z ðŸ§Šï¸ State Directory:
2023-07-22T17:25:09.008921929Z total 0
2023-07-22T17:25:09.008926800Z
2023-07-22T17:25:09.010626149Z
2023-07-22T17:25:09.010717169Z ðŸ”’ï¸ Working directory permissions:
2023-07-22T17:25:09.010724429Z total 96
2023-07-22T17:25:09.010729239Z -rwxrwxrwx 1 flux root  2517 May 17 22:32 README.txt
2023-07-22T17:25:09.010733369Z -rwxrwxrwx 1 flux root 54692 May 17 22:32 data.hns-equil
2023-07-22T17:25:09.010737229Z -rwxrwxrwx 1 flux root 13576 May 17 22:32 ffield.reax.hns
2023-07-22T17:25:09.010740879Z -rwxrwxrwx 1 flux root   870 May 17 22:32 in.reaxc.hns
2023-07-22T17:25:09.010749399Z -rwxrwxrwx 1 flux root  4172 May 17 22:32 log.8Mar18.reaxc.hns.g++.1
2023-07-22T17:25:09.010753239Z -rwxrwxrwx 1 flux root  4168 May 17 22:32 log.8Mar18.reaxc.hns.g++.4
2023-07-22T17:25:09.010756909Z
2023-07-22T17:25:09.010836249Z
2023-07-22T17:25:09.010873139Z âœ¨ Curve certificate generated by helper pod
2023-07-22T17:25:09.011996569Z #   ****  Generated on 2023-04-26 22:54:42 by CZMQ  ****
2023-07-22T17:25:09.012016049Z #   ZeroMQ CURVE **Secret** Certificate
2023-07-22T17:25:09.012022739Z #   DO NOT PROVIDE THIS FILE TO OTHER USERS nor change its permissions.
2023-07-22T17:25:09.012026609Z
2023-07-22T17:25:09.012030849Z metadata
2023-07-22T17:25:09.012035889Z     name = "flux-cert-generator"
2023-07-22T17:25:09.012039859Z     keygen.hostname = "flux-sample-0"
2023-07-22T17:25:09.012058159Z curve
2023-07-22T17:25:09.012063399Z     public-key = "rQ}:Uh4HVlhU>DKbnScXQ@Mmu7BI!mlcV!a-&pdy"
2023-07-22T17:25:09.012067179Z     secret-key = "+xK.0R=KG844&.yk#eqCf(C29){tAO<$E(F)MGqg"
2023-07-22T17:25:09.013467719Z
2023-07-22T17:25:09.013492929Z ðŸŒ€  flux start --wrap=strace,-e,network,-tt -o --config /etc/flux/config -Scron.directory=/etc/flux/system/cron.d   -Stbon.fanout=256   -Srundir=/run/flux    -Sstatedir=/var/lib/flux   -Slocal-uri=local:///run/flux/local   -Stbon.zmqdebug=1  -Slog-stderr-level=6    -Slog-stderr-mode=local
2023-07-22T17:25:09.037791387Z 17:25:09.037510 socket(AF_NETLINK, SOCK_RAW, NETLINK_ROUTE) = 8
2023-07-22T17:25:09.037851537Z 17:25:09.037616 bind(8, {sa_family=AF_NETLINK, nl_pid=0, nl_groups=00000000}, 12) = 0
2023-07-22T17:25:09.037860707Z 17:25:09.037670 getsockname(8, {sa_family=AF_NETLINK, nl_pid=69, nl_groups=00000000}, [12]) = 0
2023-07-22T17:25:09.038205957Z 17:25:09.037713 sendto(8, {{len=20, type=RTM_GETADDR, flags=NLM_F_REQUEST|NLM_F_DUMP, seq=1690046709, pid=0}, {ifa_family=AF_UNSPEC, ...}}, 20, 0, {sa_family=AF_NETLINK, nl_pid=0, nl_groups=00000000}, 12) = 20
2023-07-22T17:25:09.038701837Z 17:25:09.038240 recvmsg(8, {msg_name={sa_family=AF_NETLINK, nl_pid=0, nl_groups=00000000}, msg_namelen=12, msg_iov=[{iov_base=[{{len=76, type=RTM_NEWADDR, flags=NLM_F_MULTI, seq=1690046709, pid=69}, {ifa_family=AF_INET, ifa_prefixlen=8, ifa_flags=IFA_F_PERMANENT, ifa_scope=RT_SCOPE_HOST, ifa_index=if_nametoindex("lo")}, [{{nla_len=8, nla_type=IFA_ADDRESS}, 127.0.0.1}, {{nla_len=8, nla_type=IFA_LOCAL}, 127.0.0.1}, {{nla_len=7, nla_type=IFA_LABEL}, "lo"}, {{nla_len=8, nla_type=IFA_FLAGS}, IFA_F_PERMANENT}, {{nla_len=20, nla_type=IFA_CACHEINFO}, {ifa_prefered=4294967295, ifa_valid=4294967295, cstamp=819848, tstamp=819848}}]}, {{len=88, type=RTM_NEWADDR, flags=NLM_F_MULTI, seq=1690046709, pid=69}, {ifa_family=AF_INET, ifa_prefixlen=24, ifa_flags=IFA_F_PERMANENT, ifa_scope=RT_SCOPE_UNIVERSE, ifa_index=if_nametoindex("eth0")}, [{{nla_len=8, nla_type=IFA_ADDRESS}, 10.116.0.105}, {{nla_len=8, nla_type=IFA_LOCAL}, 10.116.0.105}, {{nla_len=8, nla_type=IFA_BROADCAST}, 10.116.0.255}, {{nla_len=9, nla_type=IFA_LABEL}, "eth0"}, {{nla_len=8, nla_type=IFA_FLAGS}, IFA_F_PERMANENT}, {{nla_len=20, nla_type=IFA_CACHEINFO}, {ifa_prefered=4294967295, ifa_valid=4294967295, cstamp=819850, tstamp=819850}}]}], iov_len=4096}], msg_iovlen=1, msg_controllen=0, msg_flags=0}, 0) = 164
2023-07-22T17:25:09.039028147Z 17:25:09.038620 recvmsg(8, {msg_name={sa_family=AF_NETLINK, nl_pid=0, nl_groups=00000000}, msg_namelen=12, msg_iov=[{iov_base={{len=20, type=NLMSG_DONE, flags=NLM_F_MULTI, seq=1690046709, pid=69}, 0}, iov_len=4096}], msg_iovlen=1, msg_controllen=0, msg_flags=0}, 0) = 20
2023-07-22T17:25:09.039500206Z 17:25:09.039362 socket(AF_UNIX, SOCK_STREAM|SOCK_CLOEXEC|SOCK_NONBLOCK, 0) = 8
2023-07-22T17:25:09.039684777Z 17:25:09.039405 connect(8, {sa_family=AF_UNIX, sun_path="/var/run/nscd/socket"}, 110) = -1 ENOENT (No such file or directory)
2023-07-22T17:25:09.040060156Z 17:25:09.039766 socket(AF_UNIX, SOCK_STREAM|SOCK_CLOEXEC|SOCK_NONBLOCK, 0) = 8
2023-07-22T17:25:09.040314397Z 17:25:09.040099 connect(8, {sa_family=AF_UNIX, sun_path="/var/run/nscd/socket"}, 110) = -1 ENOENT (No such file or directory)
2023-07-22T17:25:09.042089886Z 17:25:09.041882 socket(AF_INET, SOCK_DGRAM|SOCK_CLOEXEC|SOCK_NONBLOCK, IPPROTO_IP) = 8
2023-07-22T17:25:09.042108706Z 17:25:09.041969 connect(8, {sa_family=AF_INET, sin_port=htons(53), sin_addr=inet_addr("10.120.0.10")}, 16) = 0
2023-07-22T17:25:09.042464707Z 17:25:09.042121 sendto(8, "A\207\1\0\0\1\0\0\0\0\0\0\rflux-sample-0\fflux-"..., 76, MSG_NOSIGNAL, NULL, 0) = 76
2023-07-22T17:25:09.046011416Z 17:25:09.045738 recvfrom(8, "A\207\205\200\0\1\0\1\0\0\0\0\rflux-sample-0\fflux-"..., 1024, 0, {sa_family=AF_INET, sin_port=htons(53), sin_addr=inet_addr("10.120.0.10")}, [28->16]) = 150
2023-07-22T17:25:09.049120636Z broker.info[5]: start: none->join 1.22806ms
2023-07-22T17:25:09.055650425Z broker.info[5]: parent-ready: join->init 6.43504ms
2023-07-22T17:25:09.055874075Z 17:25:09.055697 socketpair(AF_UNIX, SOCK_STREAM|SOCK_CLOEXEC, 0, [22, 23]) = 0
2023-07-22T17:25:09.056016555Z 17:25:09.055859 socketpair(AF_UNIX, SOCK_STREAM, 0, [24, 25]) = 0
2023-07-22T17:25:09.056344015Z 17:25:09.056153 socketpair(AF_UNIX, SOCK_STREAM, 0, [26, 27]) = 0
2023-07-22T17:25:09.056593585Z 17:25:09.056476 socketpair(AF_UNIX, SOCK_STREAM, 0, [28, 29]) = 0
2023-07-22T17:25:09.071867104Z broker.info[5]: configuration updated
2023-07-22T17:25:09.147200166Z broker.info[5]: rc1.0: running /etc/flux/rc1.d/01-sched-fluxion
2023-07-22T17:25:09.156830505Z broker.info[5]: rc1.0: running /etc/flux/rc1.d/02-cron
2023-07-22T17:25:09.172567954Z broker.info[5]: rc1.0: /etc/flux/rc1 Exited (rc=0) 0.1s
2023-07-22T17:25:09.173860914Z broker.info[5]: rc1-success: init->quorum 0.118024s
2023-07-22T17:25:39.424385279Z broker.info[5]: quorum-full: quorum->run 30.2503s
2023-07-22T17:25:39.917961323Z 17:25:39.916971 socketpair(AF_UNIX, SOCK_STREAM|SOCK_CLOEXEC, 0, [22, 23]) = 0
2023-07-22T17:25:39.918055213Z 17:25:39.917812 socketpair(AF_UNIX, SOCK_STREAM, 0, [24, 25]) = 0
2023-07-22T17:25:39.918270493Z 17:25:39.918100 socketpair(AF_UNIX, SOCK_STREAM, 0, [26, 28]) = 0
2023-07-22T17:25:39.918660982Z 17:25:39.918356 socketpair(AF_UNIX, SOCK_STREAM, 0, [58, 59]) = 0
2023-07-22T17:25:39.920085463Z 17:25:39.918843 socketpair(AF_UNIX, SOCK_STREAM, 0, [60, 61]) = 0
2023-07-22T17:25:53.357211938Z broker.info[5]: shutdown: run->cleanup 13.9326s
2023-07-22T17:25:53.359255247Z broker.info[5]: cleanup-none: cleanup->shutdown 1.30653ms
2023-07-22T17:25:53.361043648Z broker.info[5]: children-none: shutdown->finalize 1.18475ms
2023-07-22T17:25:53.361618037Z 17:25:53.361382 socketpair(AF_UNIX, SOCK_STREAM|SOCK_CLOEXEC, 0, [22, 23]) = 0
2023-07-22T17:25:53.361920037Z 17:25:53.361579 socketpair(AF_UNIX, SOCK_STREAM, 0, [24, 25]) = 0
2023-07-22T17:25:53.362335997Z 17:25:53.362204 socketpair(AF_UNIX, SOCK_STREAM, 0, [26, 28]) = 0
2023-07-22T17:25:53.362734317Z 17:25:53.362603 socketpair(AF_UNIX, SOCK_STREAM, 0, [58, 59]) = 0
2023-07-22T17:25:53.374821836Z broker.info[5]: rc3.0: running /etc/flux/rc3.d/01-sched-fluxion
2023-07-22T17:25:53.471129057Z broker.info[5]: rc3.0: /etc/flux/rc3 Exited (rc=0) 0.1s
2023-07-22T17:25:53.472226857Z broker.info[5]: rc3-success: finalize->goodbye 0.110694s
2023-07-22T17:25:53.473772267Z broker.info[5]: goodbye: goodbye->exit 1.0987ms
2023-07-22T17:25:53.481744076Z 17:25:53.481549 +++ exited with 0 +++
2023-07-22T17:25:53.482724346Z Return value for follower worker is 0
2023-07-22T17:25:53.482750736Z The follower worker exited cleanly. Goodbye!
