2023-07-22T17:26:00.035600920Z
2023-07-22T17:26:00.036246570Z Flux username: flux
2023-07-22T17:26:00.036260539Z
2023-07-22T17:26:00.036264939Z Flux install root: /usr
2023-07-22T17:26:00.071992768Z flux user is already added.
2023-07-22T17:26:00.073804928Z flux user identifiers:
2023-07-22T17:26:00.073824038Z uid=1234(flux) gid=1234(flux) groups=1234(flux)
2023-07-22T17:26:00.073827958Z
2023-07-22T17:26:00.073837658Z As Flux prefix for flux commands: sudo -u flux -E PYTHONPATH=/opt/conda/lib/python3.10/site-packages -E PATH=/opt/conda/bin:/usr/local/sbin:/usr/local/bin:/usr/sbin:/usr/bin:/sbin:/bin -E LD_LIBRARY_PATH=/opt/conda/lib -E HOME=/home/flux
2023-07-22T17:26:00.078431127Z
2023-07-22T17:26:00.078571837Z 👋 Hello, I'm flux-sample-4
2023-07-22T17:26:00.078684457Z The main host is flux-sample-0
2023-07-22T17:26:00.078755568Z The working directory is /home/flux/examples/reaxff/HNS, contents include:
2023-07-22T17:26:00.079786137Z /home/flux/examples/reaxff/HNS:
2023-07-22T17:26:00.079882597Z README.txt	ffield.reax.hns  log.8Mar18.reaxc.hns.g++.1
2023-07-22T17:26:00.079892777Z data.hns-equil	in.reaxc.hns	 log.8Mar18.reaxc.hns.g++.4
2023-07-22T17:26:00.080028387Z End of file listing, if you see nothing above there are no files.
2023-07-22T17:26:00.081226227Z flux R encode --hosts=flux-sample-[0-7]
2023-07-22T17:26:00.091793827Z
2023-07-22T17:26:00.091817787Z 📦 Resources
2023-07-22T17:26:00.092659397Z {"version": 1, "execution": {"R_lite": [{"rank": "0-7", "children": {"core": "0"}}], "starttime": 0.0, "expiration": 0.0, "nodelist": ["flux-sample-[0-7]"]}}
2023-07-22T17:26:00.092962937Z
2023-07-22T17:26:00.092977627Z 🐸 Diagnostics: false
2023-07-22T17:26:00.093175517Z 🚩️ Flux Option Flags defined
2023-07-22T17:26:00.095290347Z
2023-07-22T17:26:00.095304727Z 🦊 Independent Minister of Privilege
2023-07-22T17:26:00.096423166Z [exec]
2023-07-22T17:26:00.096483257Z allowed-users = [ "flux", "root" ]
2023-07-22T17:26:00.096489126Z allowed-shells = [ "/usr/libexec/flux/flux-shell" ]
2023-07-22T17:26:00.096919436Z
2023-07-22T17:26:00.096952917Z 🐸 Broker Configuration
2023-07-22T17:26:00.098153266Z # Flux needs to know the path to the IMP executable
2023-07-22T17:26:00.098168097Z [exec]
2023-07-22T17:26:00.098173676Z imp = "/usr/libexec/flux/flux-imp"
2023-07-22T17:26:00.098176966Z
2023-07-22T17:26:00.098180086Z [access]
2023-07-22T17:26:00.098184086Z allow-guest-user = true
2023-07-22T17:26:00.098187156Z allow-root-owner = true
2023-07-22T17:26:00.098189886Z
2023-07-22T17:26:00.098192836Z # Point to resource definition generated with flux-R(1).
2023-07-22T17:26:00.098195986Z [resource]
2023-07-22T17:26:00.098199206Z path = "/etc/flux/system/R"
2023-07-22T17:26:00.098201926Z
2023-07-22T17:26:00.098204836Z [bootstrap]
2023-07-22T17:26:00.098208256Z curve_cert = "/etc/curve/curve.cert"
2023-07-22T17:26:00.098211526Z default_port = 8050
2023-07-22T17:26:00.098214896Z default_bind = "tcp://eth0:%p"
2023-07-22T17:26:00.098219816Z default_connect = "tcp://%h.flux-service.flux-operator.svc.cluster.local:%p"
2023-07-22T17:26:00.098223786Z hosts = [
2023-07-22T17:26:00.098227826Z 	{ host="flux-sample-[0-7]"},
2023-07-22T17:26:00.098231496Z ]
2023-07-22T17:26:00.098234986Z [archive]
2023-07-22T17:26:00.098238806Z dbpath = "/var/lib/flux/job-archive.sqlite"
2023-07-22T17:26:00.098243006Z period = "1m"
2023-07-22T17:26:00.159373253Z busytimeout = "50s"
2023-07-22T17:26:00.159477103Z 🧊️ State Directory:
2023-07-22T17:26:00.159488983Z total 0
2023-07-22T17:26:00.159493283Z
2023-07-22T17:26:00.161375093Z
2023-07-22T17:26:00.161407033Z 🔒️ Working directory permissions:
2023-07-22T17:26:00.161411523Z total 96
2023-07-22T17:26:00.161416193Z -rwxrwxrwx 1 flux root  2517 May 17 22:32 README.txt
2023-07-22T17:26:00.161418883Z -rwxrwxrwx 1 flux root 54692 May 17 22:32 data.hns-equil
2023-07-22T17:26:00.161420783Z -rwxrwxrwx 1 flux root 13576 May 17 22:32 ffield.reax.hns
2023-07-22T17:26:00.161439743Z -rwxrwxrwx 1 flux root   870 May 17 22:32 in.reaxc.hns
2023-07-22T17:26:00.161446443Z -rwxrwxrwx 1 flux root  4172 May 17 22:32 log.8Mar18.reaxc.hns.g++.1
2023-07-22T17:26:00.161450173Z -rwxrwxrwx 1 flux root  4168 May 17 22:32 log.8Mar18.reaxc.hns.g++.4
2023-07-22T17:26:00.161453433Z
2023-07-22T17:26:00.161456973Z
2023-07-22T17:26:00.161460853Z ✨ Curve certificate generated by helper pod
2023-07-22T17:26:00.162364063Z #   ****  Generated on 2023-04-26 22:54:42 by CZMQ  ****
2023-07-22T17:26:00.162377203Z #   ZeroMQ CURVE **Secret** Certificate
2023-07-22T17:26:00.162382493Z #   DO NOT PROVIDE THIS FILE TO OTHER USERS nor change its permissions.
2023-07-22T17:26:00.162385763Z
2023-07-22T17:26:00.162388803Z metadata
2023-07-22T17:26:00.162392433Z     name = "flux-cert-generator"
2023-07-22T17:26:00.162395373Z     keygen.hostname = "flux-sample-0"
2023-07-22T17:26:00.162398433Z curve
2023-07-22T17:26:00.162401333Z     public-key = "ZLLoJAVpi8DVzQ</K(x*REc6SR2L-*?r=l6h/>di"
2023-07-22T17:26:00.162404333Z     secret-key = "XW{ZMSjI1VLCCJzuw]l$5@GvztJ0&<o{Zu13#dYB"
2023-07-22T17:26:00.163664353Z
2023-07-22T17:26:00.163679293Z 🌀  flux start --wrap=strace,-e,network,-tt -o --config /etc/flux/config -Scron.directory=/etc/flux/system/cron.d   -Stbon.fanout=256   -Srundir=/run/flux    -Sstatedir=/var/lib/flux   -Slocal-uri=local:///run/flux/local   -Stbon.zmqdebug=1  -Slog-stderr-level=6    -Slog-stderr-mode=local
2023-07-22T17:26:00.183335222Z 17:26:00.183072 socket(AF_NETLINK, SOCK_RAW, NETLINK_ROUTE) = 8
2023-07-22T17:26:00.183370032Z 17:26:00.183168 bind(8, {sa_family=AF_NETLINK, nl_pid=0, nl_groups=00000000}, 12) = 0
2023-07-22T17:26:00.183375002Z 17:26:00.183225 getsockname(8, {sa_family=AF_NETLINK, nl_pid=70, nl_groups=00000000}, [12]) = 0
2023-07-22T17:26:00.183700812Z 17:26:00.183269 sendto(8, {{len=20, type=RTM_GETADDR, flags=NLM_F_REQUEST|NLM_F_DUMP, seq=1690046760, pid=0}, {ifa_family=AF_UNSPEC, ...}}, 20, 0, {sa_family=AF_NETLINK, nl_pid=0, nl_groups=00000000}, 12) = 20
2023-07-22T17:26:00.184151082Z 17:26:00.183704 recvmsg(8, {msg_name={sa_family=AF_NETLINK, nl_pid=0, nl_groups=00000000}, msg_namelen=12, msg_iov=[{iov_base=[{{len=76, type=RTM_NEWADDR, flags=NLM_F_MULTI, seq=1690046760, pid=70}, {ifa_family=AF_INET, ifa_prefixlen=8, ifa_flags=IFA_F_PERMANENT, ifa_scope=RT_SCOPE_HOST, ifa_index=if_nametoindex("lo")}, [{{nla_len=8, nla_type=IFA_ADDRESS}, 127.0.0.1}, {{nla_len=8, nla_type=IFA_LOCAL}, 127.0.0.1}, {{nla_len=7, nla_type=IFA_LABEL}, "lo"}, {{nla_len=8, nla_type=IFA_FLAGS}, IFA_F_PERMANENT}, {{nla_len=20, nla_type=IFA_CACHEINFO}, {ifa_prefered=4294967295, ifa_valid=4294967295, cstamp=824914, tstamp=824914}}]}, {{len=88, type=RTM_NEWADDR, flags=NLM_F_MULTI, seq=1690046760, pid=70}, {ifa_family=AF_INET, ifa_prefixlen=24, ifa_flags=IFA_F_PERMANENT, ifa_scope=RT_SCOPE_UNIVERSE, ifa_index=if_nametoindex("eth0")}, [{{nla_len=8, nla_type=IFA_ADDRESS}, 10.116.4.105}, {{nla_len=8, nla_type=IFA_LOCAL}, 10.116.4.105}, {{nla_len=8, nla_type=IFA_BROADCAST}, 10.116.4.255}, {{nla_len=9, nla_type=IFA_LABEL}, "eth0"}, {{nla_len=8, nla_type=IFA_FLAGS}, IFA_F_PERMANENT}, {{nla_len=20, nla_type=IFA_CACHEINFO}, {ifa_prefered=4294967295, ifa_valid=4294967295, cstamp=824916, tstamp=824916}}]}], iov_len=4096}], msg_iovlen=1, msg_controllen=0, msg_flags=0}, 0) = 164
2023-07-22T17:26:00.184359012Z 17:26:00.184065 recvmsg(8, {msg_name={sa_family=AF_NETLINK, nl_pid=0, nl_groups=00000000}, msg_namelen=12, msg_iov=[{iov_base={{len=20, type=NLMSG_DONE, flags=NLM_F_MULTI, seq=1690046760, pid=70}, 0}, iov_len=4096}], msg_iovlen=1, msg_controllen=0, msg_flags=0}, 0) = 20
2023-07-22T17:26:00.185321142Z 17:26:00.185189 socket(AF_UNIX, SOCK_STREAM|SOCK_CLOEXEC|SOCK_NONBLOCK, 0) = 8
2023-07-22T17:26:00.185363342Z 17:26:00.185233 connect(8, {sa_family=AF_UNIX, sun_path="/var/run/nscd/socket"}, 110) = -1 ENOENT (No such file or directory)
2023-07-22T17:26:00.185525002Z 17:26:00.185417 socket(AF_UNIX, SOCK_STREAM|SOCK_CLOEXEC|SOCK_NONBLOCK, 0) = 8
2023-07-22T17:26:00.185646072Z 17:26:00.185482 connect(8, {sa_family=AF_UNIX, sun_path="/var/run/nscd/socket"}, 110) = -1 ENOENT (No such file or directory)
2023-07-22T17:26:00.186495302Z 17:26:00.186401 socket(AF_INET, SOCK_DGRAM|SOCK_CLOEXEC|SOCK_NONBLOCK, IPPROTO_IP) = 8
2023-07-22T17:26:00.186627432Z 17:26:00.186454 connect(8, {sa_family=AF_INET, sin_port=htons(53), sin_addr=inet_addr("10.120.0.10")}, 16) = 0
2023-07-22T17:26:00.187025952Z 17:26:00.186696 sendto(8, "\222t\1\0\0\1\0\0\0\0\0\0\rflux-sample-0\fflux-"..., 76, MSG_NOSIGNAL, NULL, 0) = 76
2023-07-22T17:26:00.190832372Z 17:26:00.190711 recvfrom(8, "\222t\205\200\0\1\0\1\0\0\0\0\rflux-sample-0\fflux-"..., 1024, 0, {sa_family=AF_INET, sin_port=htons(53), sin_addr=inet_addr("10.120.0.10")}, [28->16]) = 150
2023-07-22T17:26:00.193772402Z broker.info[4]: start: none->join 0.88096ms
2023-07-22T17:26:00.204204141Z broker.info[4]: parent-ready: join->init 10.2649ms
2023-07-22T17:26:00.204635401Z 17:26:00.204458 socketpair(AF_UNIX, SOCK_STREAM|SOCK_CLOEXEC, 0, [22, 23]) = 0
2023-07-22T17:26:00.204718011Z 17:26:00.204592 socketpair(AF_UNIX, SOCK_STREAM, 0, [24, 25]) = 0
2023-07-22T17:26:00.204901631Z 17:26:00.204760 socketpair(AF_UNIX, SOCK_STREAM, 0, [26, 27]) = 0
2023-07-22T17:26:00.205057961Z 17:26:00.204939 socketpair(AF_UNIX, SOCK_STREAM, 0, [28, 29]) = 0
2023-07-22T17:26:00.219079151Z broker.info[4]: configuration updated
2023-07-22T17:26:00.297086017Z broker.info[4]: rc1.0: running /etc/flux/rc1.d/01-sched-fluxion
2023-07-22T17:26:00.306383536Z broker.info[4]: rc1.0: running /etc/flux/rc1.d/02-cron
2023-07-22T17:26:00.321603976Z broker.info[4]: rc1.0: /etc/flux/rc1 Exited (rc=0) 0.1s
2023-07-22T17:26:00.322442186Z broker.info[4]: rc1-success: init->quorum 0.118155s
2023-07-22T17:26:30.380246529Z broker.info[4]: quorum-full: quorum->run 30.0576s
2023-07-22T17:26:31.014751908Z 17:26:31.014369 socketpair(AF_UNIX, SOCK_STREAM|SOCK_CLOEXEC, 0, [22, 23]) = 0
2023-07-22T17:26:31.014895078Z 17:26:31.014619 socketpair(AF_UNIX, SOCK_STREAM, 0, [24, 25]) = 0
2023-07-22T17:26:31.015119038Z 17:26:31.014748 socketpair(AF_UNIX, SOCK_STREAM, 0, [26, 28]) = 0
2023-07-22T17:26:31.015152278Z 17:26:31.014887 socketpair(AF_UNIX, SOCK_STREAM, 0, [58, 59]) = 0
2023-07-22T17:26:31.015158498Z 17:26:31.015010 socketpair(AF_UNIX, SOCK_STREAM, 0, [60, 61]) = 0
2023-07-22T17:26:44.819570464Z broker.info[4]: shutdown: run->cleanup 14.4392s
2023-07-22T17:26:44.819988254Z broker.info[4]: cleanup-none: cleanup->shutdown 0.41859ms
2023-07-22T17:26:44.820382234Z broker.info[4]: children-none: shutdown->finalize 0.33844ms
2023-07-22T17:26:44.820476284Z 17:26:44.820350 socketpair(AF_UNIX, SOCK_STREAM|SOCK_CLOEXEC, 0, [22, 23]) = 0
2023-07-22T17:26:44.820545594Z 17:26:44.820468 socketpair(AF_UNIX, SOCK_STREAM, 0, [24, 25]) = 0
2023-07-22T17:26:44.820672724Z 17:26:44.820586 socketpair(AF_UNIX, SOCK_STREAM, 0, [26, 28]) = 0
2023-07-22T17:26:44.820788134Z 17:26:44.820721 socketpair(AF_UNIX, SOCK_STREAM, 0, [58, 59]) = 0
2023-07-22T17:26:44.832042334Z broker.info[4]: rc3.0: running /etc/flux/rc3.d/01-sched-fluxion
2023-07-22T17:26:44.916008889Z broker.info[4]: rc3.0: /etc/flux/rc3 Exited (rc=0) 0.1s
2023-07-22T17:26:44.916981449Z broker.info[4]: rc3-success: finalize->goodbye 96.4761ms
2023-07-22T17:26:44.918579809Z broker.info[4]: goodbye: goodbye->exit 1.18452ms
2023-07-22T17:26:44.927042719Z 17:26:44.926840 +++ exited with 0 +++
2023-07-22T17:26:44.928159389Z Return value for follower worker is 0
2023-07-22T17:26:44.928179849Z The follower worker exited cleanly. Goodbye!
