2023-07-22T16:55:17.798419363Z
2023-07-22T16:55:17.798459713Z Flux username: flux
2023-07-22T16:55:17.798464453Z
2023-07-22T16:55:17.798468933Z Flux install root: /usr
2023-07-22T16:55:17.830697980Z flux user is already added.
2023-07-22T16:55:17.832202041Z flux user identifiers:
2023-07-22T16:55:17.832215110Z uid=1234(flux) gid=1234(flux) groups=1234(flux)
2023-07-22T16:55:17.832258830Z
2023-07-22T16:55:17.832266381Z As Flux prefix for flux commands: sudo -u flux -E PYTHONPATH=/opt/conda/lib/python3.10/site-packages -E PATH=/opt/conda/bin:/usr/local/sbin:/usr/local/bin:/usr/sbin:/usr/bin:/sbin:/bin -E LD_LIBRARY_PATH=/opt/conda/lib -E HOME=/home/flux
2023-07-22T16:55:17.836378660Z
2023-07-22T16:55:17.836393950Z 👋 Hello, I'm flux-sample-3
2023-07-22T16:55:17.836399180Z The main host is flux-sample-0
2023-07-22T16:55:17.836446940Z The working directory is /home/flux/examples/reaxff/HNS, contents include:
2023-07-22T16:55:17.837414840Z /home/flux/examples/reaxff/HNS:
2023-07-22T16:55:17.837428280Z README.txt	ffield.reax.hns  log.8Mar18.reaxc.hns.g++.1
2023-07-22T16:55:17.837432230Z data.hns-equil	in.reaxc.hns	 log.8Mar18.reaxc.hns.g++.4
2023-07-22T16:55:17.837696170Z End of file listing, if you see nothing above there are no files.
2023-07-22T16:55:17.838702560Z flux R encode --hosts=flux-sample-[0-7]
2023-07-22T16:55:17.848703129Z
2023-07-22T16:55:17.848724729Z 📦 Resources
2023-07-22T16:55:17.849587129Z {"version": 1, "execution": {"R_lite": [{"rank": "0-7", "children": {"core": "0"}}], "starttime": 0.0, "expiration": 0.0, "nodelist": ["flux-sample-[0-7]"]}}
2023-07-22T16:55:17.849764409Z
2023-07-22T16:55:17.849774749Z 🐸 Diagnostics: false
2023-07-22T16:55:17.850002089Z 🚩️ Flux Option Flags defined
2023-07-22T16:55:17.852100059Z
2023-07-22T16:55:17.852112649Z 🦊 Independent Minister of Privilege
2023-07-22T16:55:17.852796109Z [exec]
2023-07-22T16:55:17.852807449Z allowed-users = [ "flux", "root" ]
2023-07-22T16:55:17.852813009Z allowed-shells = [ "/usr/libexec/flux/flux-shell" ]
2023-07-22T16:55:17.852953049Z
2023-07-22T16:55:17.852963519Z 🐸 Broker Configuration
2023-07-22T16:55:17.853601349Z # Flux needs to know the path to the IMP executable
2023-07-22T16:55:17.853612119Z [exec]
2023-07-22T16:55:17.853616649Z imp = "/usr/libexec/flux/flux-imp"
2023-07-22T16:55:17.853620679Z
2023-07-22T16:55:17.853624819Z [access]
2023-07-22T16:55:17.853642599Z allow-guest-user = true
2023-07-22T16:55:17.853647189Z allow-root-owner = true
2023-07-22T16:55:17.853650509Z
2023-07-22T16:55:17.853654369Z # Point to resource definition generated with flux-R(1).
2023-07-22T16:55:17.853658229Z [resource]
2023-07-22T16:55:17.853662809Z path = "/etc/flux/system/R"
2023-07-22T16:55:17.853665819Z
2023-07-22T16:55:17.853669539Z [bootstrap]
2023-07-22T16:55:17.853673719Z curve_cert = "/etc/curve/curve.cert"
2023-07-22T16:55:17.853677409Z default_port = 8050
2023-07-22T16:55:17.853681209Z default_bind = "tcp://eth0:%p"
2023-07-22T16:55:17.853685169Z default_connect = "tcp://%h.flux-service.flux-operator.svc.cluster.local:%p"
2023-07-22T16:55:17.853688739Z hosts = [
2023-07-22T16:55:17.853692419Z 	{ host="flux-sample-[0-7]"},
2023-07-22T16:55:17.853696119Z ]
2023-07-22T16:55:17.853699399Z [archive]
2023-07-22T16:55:17.853702289Z dbpath = "/var/lib/flux/job-archive.sqlite"
2023-07-22T16:55:17.853705939Z period = "1m"
2023-07-22T16:55:17.913687635Z busytimeout = "50s"
2023-07-22T16:55:17.913712995Z 🧊️ State Directory:
2023-07-22T16:55:17.913718615Z total 0
2023-07-22T16:55:17.913722775Z
2023-07-22T16:55:17.915434365Z
2023-07-22T16:55:17.915462135Z 🔒️ Working directory permissions:
2023-07-22T16:55:17.915467355Z total 96
2023-07-22T16:55:17.915471975Z -rwxrwxrwx 1 flux root  2517 May 17 22:32 README.txt
2023-07-22T16:55:17.915475545Z -rwxrwxrwx 1 flux root 54692 May 17 22:32 data.hns-equil
2023-07-22T16:55:17.915479135Z -rwxrwxrwx 1 flux root 13576 May 17 22:32 ffield.reax.hns
2023-07-22T16:55:17.915482525Z -rwxrwxrwx 1 flux root   870 May 17 22:32 in.reaxc.hns
2023-07-22T16:55:17.915487245Z -rwxrwxrwx 1 flux root  4172 May 17 22:32 log.8Mar18.reaxc.hns.g++.1
2023-07-22T16:55:17.915490535Z -rwxrwxrwx 1 flux root  4168 May 17 22:32 log.8Mar18.reaxc.hns.g++.4
2023-07-22T16:55:17.915493915Z
2023-07-22T16:55:17.915497415Z
2023-07-22T16:55:17.915501415Z ✨ Curve certificate generated by helper pod
2023-07-22T16:55:17.916244505Z #   ****  Generated on 2023-04-26 22:54:42 by CZMQ  ****
2023-07-22T16:55:17.916261085Z #   ZeroMQ CURVE **Secret** Certificate
2023-07-22T16:55:17.916265755Z #   DO NOT PROVIDE THIS FILE TO OTHER USERS nor change its permissions.
2023-07-22T16:55:17.916269115Z
2023-07-22T16:55:17.916272215Z metadata
2023-07-22T16:55:17.916276315Z     name = "flux-cert-generator"
2023-07-22T16:55:17.916279605Z     keygen.hostname = "flux-sample-0"
2023-07-22T16:55:17.916300265Z curve
2023-07-22T16:55:17.916304005Z     public-key = "r]Yx*mBelN9jYF*^bn@2bU*CC05k*lssO1&FY-{@"
2023-07-22T16:55:17.916307335Z     secret-key = "=&mT-LlC7G*FKyh-:Ht<[KL]Yn=+)tp8#O>YsoSH"
2023-07-22T16:55:19.918556760Z
2023-07-22T16:55:19.918600500Z 🌀  flux start --wrap=strace,-e,network,-tt -o --config /etc/flux/config -Scron.directory=/etc/flux/system/cron.d   -Stbon.fanout=256   -Srundir=/run/flux    -Sstatedir=/var/lib/flux   -Slocal-uri=local:///run/flux/local -Stbon.connect_timeout=4s  -Stbon.zmqdebug=1  -Slog-stderr-level=6    -Slog-stderr-mode=local
2023-07-22T16:55:19.953360908Z 16:55:19.952906 socket(AF_NETLINK, SOCK_RAW, NETLINK_ROUTE) = 8
2023-07-22T16:55:19.953405868Z 16:55:19.953149 bind(8, {sa_family=AF_NETLINK, nl_pid=0, nl_groups=00000000}, 12) = 0
2023-07-22T16:55:19.953519148Z 16:55:19.953219 getsockname(8, {sa_family=AF_NETLINK, nl_pid=71, nl_groups=00000000}, [12]) = 0
2023-07-22T16:55:19.953540697Z 16:55:19.953269 sendto(8, {{len=20, type=RTM_GETADDR, flags=NLM_F_REQUEST|NLM_F_DUMP, seq=1690044919, pid=0}, {ifa_family=AF_UNSPEC, ...}}, 20, 0, {sa_family=AF_NETLINK, nl_pid=0, nl_groups=00000000}, 12) = 20
2023-07-22T16:55:19.953745637Z 16:55:19.953457 recvmsg(8, {msg_name={sa_family=AF_NETLINK, nl_pid=0, nl_groups=00000000}, msg_namelen=12, msg_iov=[{iov_base=[{{len=76, type=RTM_NEWADDR, flags=NLM_F_MULTI, seq=1690044919, pid=71}, {ifa_family=AF_INET, ifa_prefixlen=8, ifa_flags=IFA_F_PERMANENT, ifa_scope=RT_SCOPE_HOST, ifa_index=if_nametoindex("lo")}, [{{nla_len=8, nla_type=IFA_ADDRESS}, 127.0.0.1}, {{nla_len=8, nla_type=IFA_LOCAL}, 127.0.0.1}, {{nla_len=7, nla_type=IFA_LABEL}, "lo"}, {{nla_len=8, nla_type=IFA_FLAGS}, IFA_F_PERMANENT}, {{nla_len=20, nla_type=IFA_CACHEINFO}, {ifa_prefered=4294967295, ifa_valid=4294967295, cstamp=640704, tstamp=640704}}]}, {{len=88, type=RTM_NEWADDR, flags=NLM_F_MULTI, seq=1690044919, pid=71}, {ifa_family=AF_INET, ifa_prefixlen=24, ifa_flags=IFA_F_PERMANENT, ifa_scope=RT_SCOPE_UNIVERSE, ifa_index=if_nametoindex("eth0")}, [{{nla_len=8, nla_type=IFA_ADDRESS}, 10.116.3.50}, {{nla_len=8, nla_type=IFA_LOCAL}, 10.116.3.50}, {{nla_len=8, nla_type=IFA_BROADCAST}, 10.116.3.255}, {{nla_len=9, nla_type=IFA_LABEL}, "eth0"}, {{nla_len=8, nla_type=IFA_FLAGS}, IFA_F_PERMANENT}, {{nla_len=20, nla_type=IFA_CACHEINFO}, {ifa_prefered=4294967295, ifa_valid=4294967295, cstamp=640706, tstamp=640706}}]}], iov_len=4096}], msg_iovlen=1, msg_controllen=0, msg_flags=0}, 0) = 164
2023-07-22T16:55:19.953828677Z 16:55:19.953683 recvmsg(8, {msg_name={sa_family=AF_NETLINK, nl_pid=0, nl_groups=00000000}, msg_namelen=12, msg_iov=[{iov_base={{len=20, type=NLMSG_DONE, flags=NLM_F_MULTI, seq=1690044919, pid=71}, 0}, iov_len=4096}], msg_iovlen=1, msg_controllen=0, msg_flags=0}, 0) = 20
2023-07-22T16:55:19.954120538Z 16:55:19.954023 socket(AF_UNIX, SOCK_STREAM|SOCK_CLOEXEC|SOCK_NONBLOCK, 0) = 8
2023-07-22T16:55:19.954228658Z 16:55:19.954083 connect(8, {sa_family=AF_UNIX, sun_path="/var/run/nscd/socket"}, 110) = -1 ENOENT (No such file or directory)
2023-07-22T16:55:19.954278407Z 16:55:19.954214 socket(AF_UNIX, SOCK_STREAM|SOCK_CLOEXEC|SOCK_NONBLOCK, 0) = 8
2023-07-22T16:55:19.954351527Z 16:55:19.954264 connect(8, {sa_family=AF_UNIX, sun_path="/var/run/nscd/socket"}, 110) = -1 ENOENT (No such file or directory)
2023-07-22T16:55:19.956266577Z 16:55:19.956039 socket(AF_INET, SOCK_DGRAM|SOCK_CLOEXEC|SOCK_NONBLOCK, IPPROTO_IP) = 8
2023-07-22T16:55:19.956383067Z 16:55:19.956152 connect(8, {sa_family=AF_INET, sin_port=htons(53), sin_addr=inet_addr("10.120.0.10")}, 16) = 0
2023-07-22T16:55:19.956627847Z 16:55:19.956291 sendto(8, "\257\247\1\0\0\1\0\0\0\0\0\0\rflux-sample-0\fflux-"..., 76, MSG_NOSIGNAL, NULL, 0) = 76
2023-07-22T16:55:19.957041837Z 16:55:19.956918 recvfrom(8, "\257\247\205\200\0\1\0\1\0\0\0\0\rflux-sample-0\fflux-"..., 1024, 0, {sa_family=AF_INET, sin_port=htons(53), sin_addr=inet_addr("10.120.0.10")}, [28->16]) = 150
2023-07-22T16:55:19.962470327Z broker.info[3]: start: none->join 1.70871ms
2023-07-22T16:55:32.451044963Z broker.info[3]: parent-ready: join->init 12.4884s
2023-07-22T16:55:32.451489153Z 16:55:32.450934 socketpair(AF_UNIX, SOCK_STREAM|SOCK_CLOEXEC, 0, [22, 23]) = 0
2023-07-22T16:55:32.451503643Z 16:55:32.451026 socketpair(AF_UNIX, SOCK_STREAM, 0, [24, 25]) = 0
2023-07-22T16:55:32.451509523Z 16:55:32.451176 socketpair(AF_UNIX, SOCK_STREAM, 0, [26, 27]) = 0
2023-07-22T16:55:32.451540353Z 16:55:32.451289 socketpair(AF_UNIX, SOCK_STREAM, 0, [28, 29]) = 0
2023-07-22T16:55:32.467503632Z broker.info[3]: configuration updated
2023-07-22T16:55:32.550794706Z broker.info[3]: rc1.0: running /etc/flux/rc1.d/01-sched-fluxion
2023-07-22T16:55:32.560678116Z broker.info[3]: rc1.0: running /etc/flux/rc1.d/02-cron
2023-07-22T16:55:32.576940584Z broker.info[3]: rc1.0: /etc/flux/rc1 Exited (rc=0) 0.1s
2023-07-22T16:55:32.578506054Z broker.info[3]: rc1-success: init->quorum 0.127409s
2023-07-22T16:55:32.798555960Z broker.info[3]: quorum-full: quorum->run 0.21937s
2023-07-22T16:55:33.337035564Z 16:55:33.336812 socketpair(AF_UNIX, SOCK_STREAM|SOCK_CLOEXEC, 0, [22, 23]) = 0
2023-07-22T16:55:33.337302574Z 16:55:33.337096 socketpair(AF_UNIX, SOCK_STREAM, 0, [24, 25]) = 0
2023-07-22T16:55:33.337594684Z 16:55:33.337378 socketpair(AF_UNIX, SOCK_STREAM, 0, [26, 28]) = 0
2023-07-22T16:55:33.337841464Z 16:55:33.337662 socketpair(AF_UNIX, SOCK_STREAM, 0, [58, 59]) = 0
2023-07-22T16:55:33.338026384Z 16:55:33.337910 socketpair(AF_UNIX, SOCK_STREAM, 0, [60, 61]) = 0
2023-07-22T16:55:46.826879621Z broker.info[3]: shutdown: run->cleanup 14.0275s
2023-07-22T16:55:46.828351591Z broker.info[3]: cleanup-none: cleanup->shutdown 0.96383ms
2023-07-22T16:55:46.829875261Z broker.info[3]: children-none: shutdown->finalize 1.08296ms
2023-07-22T16:55:46.830431511Z 16:55:46.830205 socketpair(AF_UNIX, SOCK_STREAM|SOCK_CLOEXEC, 0, [22, 23]) = 0
2023-07-22T16:55:46.830614001Z 16:55:46.830472 socketpair(AF_UNIX, SOCK_STREAM, 0, [24, 25]) = 0
2023-07-22T16:55:46.830891891Z 16:55:46.830692 socketpair(AF_UNIX, SOCK_STREAM, 0, [26, 28]) = 0
2023-07-22T16:55:46.831066421Z 16:55:46.830909 socketpair(AF_UNIX, SOCK_STREAM, 0, [58, 59]) = 0
2023-07-22T16:55:46.843042120Z broker.info[3]: rc3.0: running /etc/flux/rc3.d/01-sched-fluxion
2023-07-22T16:55:46.920348275Z broker.info[3]: rc3.0: /etc/flux/rc3 Exited (rc=0) 0.1s
2023-07-22T16:55:46.921470985Z broker.info[3]: rc3-success: finalize->goodbye 91.1518ms
2023-07-22T16:55:46.922976135Z broker.info[3]: goodbye: goodbye->exit 1.10015ms
2023-07-22T16:55:46.930059524Z 16:55:46.929921 +++ exited with 0 +++
2023-07-22T16:55:46.930968934Z Return value for follower worker is 0
2023-07-22T16:55:46.931037784Z The follower worker exited cleanly. Goodbye!
