2023-07-22T17:21:09.313763801Z
2023-07-22T17:21:09.313833411Z Flux username: flux
2023-07-22T17:21:09.314342571Z
2023-07-22T17:21:09.314358391Z Flux install root: /usr
2023-07-22T17:21:09.350015680Z flux user is already added.
2023-07-22T17:21:09.352300110Z flux user identifiers:
2023-07-22T17:21:09.352323390Z uid=1234(flux) gid=1234(flux) groups=1234(flux)
2023-07-22T17:21:09.352386860Z
2023-07-22T17:21:09.352397770Z As Flux prefix for flux commands: sudo -u flux -E PYTHONPATH=/opt/conda/lib/python3.10/site-packages -E PATH=/opt/conda/bin:/usr/local/sbin:/usr/local/bin:/usr/sbin:/usr/bin:/sbin:/bin -E LD_LIBRARY_PATH=/opt/conda/lib -E HOME=/home/flux
2023-07-22T17:21:09.357398290Z
2023-07-22T17:21:09.357420140Z ðŸ‘‹ Hello, I'm flux-sample-1
2023-07-22T17:21:09.357425790Z The main host is flux-sample-0
2023-07-22T17:21:09.357488400Z The working directory is /home/flux/examples/reaxff/HNS, contents include:
2023-07-22T17:21:09.358566930Z /home/flux/examples/reaxff/HNS:
2023-07-22T17:21:09.358580350Z README.txt	ffield.reax.hns  log.8Mar18.reaxc.hns.g++.1
2023-07-22T17:21:09.358643860Z data.hns-equil	in.reaxc.hns	 log.8Mar18.reaxc.hns.g++.4
2023-07-22T17:21:09.358830400Z End of file listing, if you see nothing above there are no files.
2023-07-22T17:21:09.359818310Z flux R encode --hosts=flux-sample-[0-7]
2023-07-22T17:21:09.369228210Z
2023-07-22T17:21:09.369250080Z ðŸ“¦ Resources
2023-07-22T17:21:09.370031650Z {"version": 1, "execution": {"R_lite": [{"rank": "0-7", "children": {"core": "0"}}], "starttime": 0.0, "expiration": 0.0, "nodelist": ["flux-sample-[0-7]"]}}
2023-07-22T17:21:09.370190330Z
2023-07-22T17:21:09.370201550Z ðŸ¸ Diagnostics: false
2023-07-22T17:21:09.370368190Z ðŸš©ï¸ Flux Option Flags defined
2023-07-22T17:21:09.372377530Z
2023-07-22T17:21:09.372396510Z ðŸ¦Š Independent Minister of Privilege
2023-07-22T17:21:09.373028010Z [exec]
2023-07-22T17:21:09.373037630Z allowed-users = [ "flux", "root" ]
2023-07-22T17:21:09.373042640Z allowed-shells = [ "/usr/libexec/flux/flux-shell" ]
2023-07-22T17:21:09.373165470Z
2023-07-22T17:21:09.373176110Z ðŸ¸ Broker Configuration
2023-07-22T17:21:09.373862590Z # Flux needs to know the path to the IMP executable
2023-07-22T17:21:09.373873570Z [exec]
2023-07-22T17:21:09.373877590Z imp = "/usr/libexec/flux/flux-imp"
2023-07-22T17:21:09.373880920Z
2023-07-22T17:21:09.373885030Z [access]
2023-07-22T17:21:09.373889430Z allow-guest-user = true
2023-07-22T17:21:09.373892930Z allow-root-owner = true
2023-07-22T17:21:09.373895950Z
2023-07-22T17:21:09.373899660Z # Point to resource definition generated with flux-R(1).
2023-07-22T17:21:09.373906760Z [resource]
2023-07-22T17:21:09.373911360Z path = "/etc/flux/system/R"
2023-07-22T17:21:09.373914740Z
2023-07-22T17:21:09.373918410Z [bootstrap]
2023-07-22T17:21:09.373922160Z curve_cert = "/etc/curve/curve.cert"
2023-07-22T17:21:09.373925490Z default_port = 8050
2023-07-22T17:21:09.373928910Z default_bind = "tcp://eth0:%p"
2023-07-22T17:21:09.373932290Z default_connect = "tcp://%h.flux-service.flux-operator.svc.cluster.local:%p"
2023-07-22T17:21:09.373935370Z hosts = [
2023-07-22T17:21:09.373939050Z 	{ host="flux-sample-[0-7]"},
2023-07-22T17:21:09.373942980Z ]
2023-07-22T17:21:09.373946670Z [archive]
2023-07-22T17:21:09.373950300Z dbpath = "/var/lib/flux/job-archive.sqlite"
2023-07-22T17:21:09.373954040Z period = "1m"
2023-07-22T17:21:09.430306698Z busytimeout = "50s"
2023-07-22T17:21:09.430333218Z ðŸ§Šï¸ State Directory:
2023-07-22T17:21:09.430339258Z total 0
2023-07-22T17:21:09.430342718Z
2023-07-22T17:21:09.431788188Z
2023-07-22T17:21:09.431820988Z ðŸ”’ï¸ Working directory permissions:
2023-07-22T17:21:09.431838278Z total 96
2023-07-22T17:21:09.431843948Z -rwxrwxrwx 1 flux root  2517 May 17 22:32 README.txt
2023-07-22T17:21:09.431847888Z -rwxrwxrwx 1 flux root 54692 May 17 22:32 data.hns-equil
2023-07-22T17:21:09.431851998Z -rwxrwxrwx 1 flux root 13576 May 17 22:32 ffield.reax.hns
2023-07-22T17:21:09.431855828Z -rwxrwxrwx 1 flux root   870 May 17 22:32 in.reaxc.hns
2023-07-22T17:21:09.431860128Z -rwxrwxrwx 1 flux root  4172 May 17 22:32 log.8Mar18.reaxc.hns.g++.1
2023-07-22T17:21:09.431864258Z -rwxrwxrwx 1 flux root  4168 May 17 22:32 log.8Mar18.reaxc.hns.g++.4
2023-07-22T17:21:09.431867878Z
2023-07-22T17:21:09.432024328Z
2023-07-22T17:21:09.432035908Z âœ¨ Curve certificate generated by helper pod
2023-07-22T17:21:09.432697138Z #   ****  Generated on 2023-04-26 22:54:42 by CZMQ  ****
2023-07-22T17:21:09.432708058Z #   ZeroMQ CURVE **Secret** Certificate
2023-07-22T17:21:09.432712028Z #   DO NOT PROVIDE THIS FILE TO OTHER USERS nor change its permissions.
2023-07-22T17:21:09.432715428Z
2023-07-22T17:21:09.432732308Z metadata
2023-07-22T17:21:09.432737748Z     name = "flux-cert-generator"
2023-07-22T17:21:09.432741958Z     keygen.hostname = "flux-sample-0"
2023-07-22T17:21:09.432746098Z curve
2023-07-22T17:21:09.432749998Z     public-key = "VRXJnkB/rtU-2>:8Y5y>YxRSOC+oExHr)hnNuHb+"
2023-07-22T17:21:09.432753728Z     secret-key = "qQ/^rqE^?wuHfdnze?G:Si}8htm<3ms$WLw*ET:>"
2023-07-22T17:21:09.434135678Z
2023-07-22T17:21:09.434148978Z ðŸŒ€  flux start --wrap=strace,-e,network,-tt -o --config /etc/flux/config -Scron.directory=/etc/flux/system/cron.d   -Stbon.fanout=256   -Srundir=/run/flux    -Sstatedir=/var/lib/flux   -Slocal-uri=local:///run/flux/local -Stbon.connect_timeout=8s  -Stbon.zmqdebug=1  -Slog-stderr-level=6    -Slog-stderr-mode=local
2023-07-22T17:21:09.463864088Z 17:21:09.463510 socket(AF_NETLINK, SOCK_RAW, NETLINK_ROUTE) = 8
2023-07-22T17:21:09.464089697Z 17:21:09.463869 bind(8, {sa_family=AF_NETLINK, nl_pid=0, nl_groups=00000000}, 12) = 0
2023-07-22T17:21:09.464101517Z 17:21:09.463981 getsockname(8, {sa_family=AF_NETLINK, nl_pid=70, nl_groups=00000000}, [12]) = 0
2023-07-22T17:21:09.464429027Z 17:21:09.464167 sendto(8, {{len=20, type=RTM_GETADDR, flags=NLM_F_REQUEST|NLM_F_DUMP, seq=1690046469, pid=0}, {ifa_family=AF_UNSPEC, ...}}, 20, 0, {sa_family=AF_NETLINK, nl_pid=0, nl_groups=00000000}, 12) = 20
2023-07-22T17:21:09.464793937Z 17:21:09.464402 recvmsg(8, {msg_name={sa_family=AF_NETLINK, nl_pid=0, nl_groups=00000000}, msg_namelen=12, msg_iov=[{iov_base=[{{len=76, type=RTM_NEWADDR, flags=NLM_F_MULTI, seq=1690046469, pid=70}, {ifa_family=AF_INET, ifa_prefixlen=8, ifa_flags=IFA_F_PERMANENT, ifa_scope=RT_SCOPE_HOST, ifa_index=if_nametoindex("lo")}, [{{nla_len=8, nla_type=IFA_ADDRESS}, 127.0.0.1}, {{nla_len=8, nla_type=IFA_LOCAL}, 127.0.0.1}, {{nla_len=7, nla_type=IFA_LABEL}, "lo"}, {{nla_len=8, nla_type=IFA_FLAGS}, IFA_F_PERMANENT}, {{nla_len=20, nla_type=IFA_CACHEINFO}, {ifa_prefered=4294967295, ifa_valid=4294967295, cstamp=795910, tstamp=795910}}]}, {{len=88, type=RTM_NEWADDR, flags=NLM_F_MULTI, seq=1690046469, pid=70}, {ifa_family=AF_INET, ifa_prefixlen=24, ifa_flags=IFA_F_PERMANENT, ifa_scope=RT_SCOPE_UNIVERSE, ifa_index=if_nametoindex("eth0")}, [{{nla_len=8, nla_type=IFA_ADDRESS}, 10.116.2.96}, {{nla_len=8, nla_type=IFA_LOCAL}, 10.116.2.96}, {{nla_len=8, nla_type=IFA_BROADCAST}, 10.116.2.255}, {{nla_len=9, nla_type=IFA_LABEL}, "eth0"}, {{nla_len=8, nla_type=IFA_FLAGS}, IFA_F_PERMANENT}, {{nla_len=20, nla_type=IFA_CACHEINFO}, {ifa_prefered=4294967295, ifa_valid=4294967295, cstamp=795913, tstamp=795913}}]}], iov_len=4096}], msg_iovlen=1, msg_controllen=0, msg_flags=0}, 0) = 164
2023-07-22T17:21:09.465069417Z 17:21:09.464808 recvmsg(8, {msg_name={sa_family=AF_NETLINK, nl_pid=0, nl_groups=00000000}, msg_namelen=12, msg_iov=[{iov_base={{len=20, type=NLMSG_DONE, flags=NLM_F_MULTI, seq=1690046469, pid=70}, 0}, iov_len=4096}], msg_iovlen=1, msg_controllen=0, msg_flags=0}, 0) = 20
2023-07-22T17:21:09.465951208Z 17:21:09.465765 socket(AF_UNIX, SOCK_STREAM|SOCK_CLOEXEC|SOCK_NONBLOCK, 0) = 8
2023-07-22T17:21:09.466043188Z 17:21:09.465837 connect(8, {sa_family=AF_UNIX, sun_path="/var/run/nscd/socket"}, 110) = -1 ENOENT (No such file or directory)
2023-07-22T17:21:09.466102428Z 17:21:09.465966 socket(AF_UNIX, SOCK_STREAM|SOCK_CLOEXEC|SOCK_NONBLOCK, 0) = 8
2023-07-22T17:21:09.466152137Z 17:21:09.466043 connect(8, {sa_family=AF_UNIX, sun_path="/var/run/nscd/socket"}, 110) = -1 ENOENT (No such file or directory)
2023-07-22T17:21:09.468186097Z 17:21:09.468094 socket(AF_INET, SOCK_DGRAM|SOCK_CLOEXEC|SOCK_NONBLOCK, IPPROTO_IP) = 8
2023-07-22T17:21:09.468321197Z 17:21:09.468193 connect(8, {sa_family=AF_INET, sin_port=htons(53), sin_addr=inet_addr("10.120.0.10")}, 16) = 0
2023-07-22T17:21:09.468602327Z 17:21:09.468347 sendto(8, "\354\372\1\0\0\1\0\0\0\0\0\0\rflux-sample-0\fflux-"..., 76, MSG_NOSIGNAL, NULL, 0) = 76
2023-07-22T17:21:09.471937457Z 17:21:09.471753 recvfrom(8, "\354\372\205\200\0\1\0\1\0\0\0\0\rflux-sample-0\fflux-"..., 1024, 0, {sa_family=AF_INET, sin_port=htons(53), sin_addr=inet_addr("10.120.0.10")}, [28->16]) = 150
2023-07-22T17:21:09.474421327Z broker.info[1]: start: none->join 0.85387ms
2023-07-22T17:21:09.481471807Z broker.info[1]: parent-ready: join->init 7.051ms
2023-07-22T17:21:09.481652747Z 17:21:09.481510 socketpair(AF_UNIX, SOCK_STREAM|SOCK_CLOEXEC, 0, [22, 23]) = 0
2023-07-22T17:21:09.481874017Z 17:21:09.481727 socketpair(AF_UNIX, SOCK_STREAM, 0, [24, 25]) = 0
2023-07-22T17:21:09.482106437Z 17:21:09.481979 socketpair(AF_UNIX, SOCK_STREAM, 0, [26, 27]) = 0
2023-07-22T17:21:09.482322347Z 17:21:09.482170 socketpair(AF_UNIX, SOCK_STREAM, 0, [28, 29]) = 0
2023-07-22T17:21:09.496057707Z broker.info[1]: configuration updated
2023-07-22T17:21:09.577340985Z broker.info[1]: rc1.0: running /etc/flux/rc1.d/01-sched-fluxion
2023-07-22T17:21:09.585558195Z broker.info[1]: rc1.0: running /etc/flux/rc1.d/02-cron
2023-07-22T17:21:09.601103704Z broker.info[1]: rc1.0: /etc/flux/rc1 Exited (rc=0) 0.1s
2023-07-22T17:21:09.602243464Z broker.info[1]: rc1-success: init->quorum 0.120613s
2023-07-22T17:21:26.115140992Z broker.info[1]: quorum-full: quorum->run 16.5127s
2023-07-22T17:21:26.639479985Z 17:21:26.638630 socketpair(AF_UNIX, SOCK_STREAM|SOCK_CLOEXEC, 0, [22, 23]) = 0
2023-07-22T17:21:26.639564295Z 17:21:26.638725 socketpair(AF_UNIX, SOCK_STREAM, 0, [24, 25]) = 0
2023-07-22T17:21:26.639574005Z 17:21:26.638788 socketpair(AF_UNIX, SOCK_STREAM, 0, [26, 28]) = 0
2023-07-22T17:21:26.639579505Z 17:21:26.638868 socketpair(AF_UNIX, SOCK_STREAM, 0, [58, 59]) = 0
2023-07-22T17:21:26.639584495Z 17:21:26.638927 socketpair(AF_UNIX, SOCK_STREAM, 0, [60, 61]) = 0
2023-07-22T17:21:40.243781860Z broker.info[1]: shutdown: run->cleanup 14.1285s
2023-07-22T17:21:40.246905260Z broker.info[1]: cleanup-none: cleanup->shutdown 2.2551ms
2023-07-22T17:21:40.249164710Z broker.info[1]: children-none: shutdown->finalize 1.42193ms
2023-07-22T17:21:40.250504990Z 17:21:40.249937 socketpair(AF_UNIX, SOCK_STREAM|SOCK_CLOEXEC, 0, [22, 23]) = 0
2023-07-22T17:21:40.251108030Z 17:21:40.250590 socketpair(AF_UNIX, SOCK_STREAM, 0, [24, 25]) = 0
2023-07-22T17:21:40.251563270Z 17:21:40.251420 socketpair(AF_UNIX, SOCK_STREAM, 0, [26, 28]) = 0
2023-07-22T17:21:40.252119290Z 17:21:40.251931 socketpair(AF_UNIX, SOCK_STREAM, 0, [58, 59]) = 0
2023-07-22T17:21:40.272333890Z broker.info[1]: rc3.0: running /etc/flux/rc3.d/01-sched-fluxion
2023-07-22T17:21:40.395608307Z broker.info[1]: rc3.0: /etc/flux/rc3 Exited (rc=0) 0.1s
2023-07-22T17:21:40.396690866Z broker.info[1]: rc3-success: finalize->goodbye 0.146609s
2023-07-22T17:21:40.398390696Z broker.info[1]: goodbye: goodbye->exit 1.23528ms
2023-07-22T17:21:40.406479986Z 17:21:40.406299 +++ exited with 0 +++
2023-07-22T17:21:40.407495436Z Return value for follower worker is 0
2023-07-22T17:21:40.407618837Z The follower worker exited cleanly. Goodbye!
