2023-07-22T17:08:26.622256184Z
2023-07-22T17:08:26.622303344Z Flux username: flux
2023-07-22T17:08:26.622307904Z
2023-07-22T17:08:26.622311244Z Flux install root: /usr
2023-07-22T17:08:26.657182722Z flux user is already added.
2023-07-22T17:08:26.658718362Z flux user identifiers:
2023-07-22T17:08:26.658732292Z uid=1234(flux) gid=1234(flux) groups=1234(flux)
2023-07-22T17:08:26.658853102Z
2023-07-22T17:08:26.658862182Z As Flux prefix for flux commands: sudo -u flux -E PYTHONPATH=/opt/conda/lib/python3.10/site-packages -E PATH=/opt/conda/bin:/usr/local/sbin:/usr/local/bin:/usr/sbin:/usr/bin:/sbin:/bin -E LD_LIBRARY_PATH=/opt/conda/lib -E HOME=/home/flux
2023-07-22T17:08:26.663826852Z
2023-07-22T17:08:26.663841302Z ðŸ‘‹ Hello, I'm flux-sample-5
2023-07-22T17:08:26.663953082Z The main host is flux-sample-0
2023-07-22T17:08:26.663962142Z The working directory is /home/flux/examples/reaxff/HNS, contents include:
2023-07-22T17:08:26.664881582Z /home/flux/examples/reaxff/HNS:
2023-07-22T17:08:26.664978702Z README.txt	ffield.reax.hns  log.8Mar18.reaxc.hns.g++.1
2023-07-22T17:08:26.664986482Z data.hns-equil	in.reaxc.hns	 log.8Mar18.reaxc.hns.g++.4
2023-07-22T17:08:26.665212052Z End of file listing, if you see nothing above there are no files.
2023-07-22T17:08:26.666146011Z flux R encode --hosts=flux-sample-[0-7]
2023-07-22T17:08:26.674914641Z
2023-07-22T17:08:26.674933661Z ðŸ“¦ Resources
2023-07-22T17:08:26.675733881Z {"version": 1, "execution": {"R_lite": [{"rank": "0-7", "children": {"core": "0"}}], "starttime": 0.0, "expiration": 0.0, "nodelist": ["flux-sample-[0-7]"]}}
2023-07-22T17:08:26.675930221Z
2023-07-22T17:08:26.675939951Z ðŸ¸ Diagnostics: false
2023-07-22T17:08:26.676200781Z ðŸš©ï¸ Flux Option Flags defined
2023-07-22T17:08:26.678215651Z
2023-07-22T17:08:26.678228471Z ðŸ¦Š Independent Minister of Privilege
2023-07-22T17:08:26.678965581Z [exec]
2023-07-22T17:08:26.678976531Z allowed-users = [ "flux", "root" ]
2023-07-22T17:08:26.678981221Z allowed-shells = [ "/usr/libexec/flux/flux-shell" ]
2023-07-22T17:08:26.679108771Z
2023-07-22T17:08:26.679172581Z ðŸ¸ Broker Configuration
2023-07-22T17:08:26.679817891Z # Flux needs to know the path to the IMP executable
2023-07-22T17:08:26.679828111Z [exec]
2023-07-22T17:08:26.679833101Z imp = "/usr/libexec/flux/flux-imp"
2023-07-22T17:08:26.679836711Z
2023-07-22T17:08:26.679840851Z [access]
2023-07-22T17:08:26.679845281Z allow-guest-user = true
2023-07-22T17:08:26.679848541Z allow-root-owner = true
2023-07-22T17:08:26.679851321Z
2023-07-22T17:08:26.679854411Z # Point to resource definition generated with flux-R(1).
2023-07-22T17:08:26.679857951Z [resource]
2023-07-22T17:08:26.679862571Z path = "/etc/flux/system/R"
2023-07-22T17:08:26.679896191Z
2023-07-22T17:08:26.679901461Z [bootstrap]
2023-07-22T17:08:26.679904811Z curve_cert = "/etc/curve/curve.cert"
2023-07-22T17:08:26.679907811Z default_port = 8050
2023-07-22T17:08:26.679911731Z default_bind = "tcp://eth0:%p"
2023-07-22T17:08:26.679915901Z default_connect = "tcp://%h.flux-service.flux-operator.svc.cluster.local:%p"
2023-07-22T17:08:26.679919601Z hosts = [
2023-07-22T17:08:26.679922801Z 	{ host="flux-sample-[0-7]"},
2023-07-22T17:08:26.679926431Z ]
2023-07-22T17:08:26.679930111Z [archive]
2023-07-22T17:08:26.679933771Z dbpath = "/var/lib/flux/job-archive.sqlite"
2023-07-22T17:08:26.679937511Z period = "1m"
2023-07-22T17:08:26.734834437Z busytimeout = "50s"
2023-07-22T17:08:26.734906707Z ðŸ§Šï¸ State Directory:
2023-07-22T17:08:26.734913457Z total 0
2023-07-22T17:08:26.734917337Z
2023-07-22T17:08:26.736474397Z
2023-07-22T17:08:26.736513197Z ðŸ”’ï¸ Working directory permissions:
2023-07-22T17:08:26.736519207Z total 96
2023-07-22T17:08:26.736523877Z -rwxrwxrwx 1 flux root  2517 May 17 22:32 README.txt
2023-07-22T17:08:26.736527337Z -rwxrwxrwx 1 flux root 54692 May 17 22:32 data.hns-equil
2023-07-22T17:08:26.736530837Z -rwxrwxrwx 1 flux root 13576 May 17 22:32 ffield.reax.hns
2023-07-22T17:08:26.736534227Z -rwxrwxrwx 1 flux root   870 May 17 22:32 in.reaxc.hns
2023-07-22T17:08:26.736609917Z -rwxrwxrwx 1 flux root  4172 May 17 22:32 log.8Mar18.reaxc.hns.g++.1
2023-07-22T17:08:26.736618387Z -rwxrwxrwx 1 flux root  4168 May 17 22:32 log.8Mar18.reaxc.hns.g++.4
2023-07-22T17:08:26.736622367Z
2023-07-22T17:08:26.736625517Z
2023-07-22T17:08:26.736642377Z âœ¨ Curve certificate generated by helper pod
2023-07-22T17:08:26.737374577Z #   ****  Generated on 2023-04-26 22:54:42 by CZMQ  ****
2023-07-22T17:08:26.737384987Z #   ZeroMQ CURVE **Secret** Certificate
2023-07-22T17:08:26.737389387Z #   DO NOT PROVIDE THIS FILE TO OTHER USERS nor change its permissions.
2023-07-22T17:08:26.737393277Z
2023-07-22T17:08:26.737397007Z metadata
2023-07-22T17:08:26.737401407Z     name = "flux-cert-generator"
2023-07-22T17:08:26.737416757Z     keygen.hostname = "flux-sample-0"
2023-07-22T17:08:26.737421807Z curve
2023-07-22T17:08:26.737425307Z     public-key = ")lQ.dM)Yn21}w)T*W^V?5EZ+Z.W+xYQ1ePgD9[Y9"
2023-07-22T17:08:26.737432447Z     secret-key = "-$mj]YaW-x2r8PGqujW.*>LE0)KXhLEQz#s<BT9b"
2023-07-22T17:08:28.740271631Z
2023-07-22T17:08:28.740330921Z ðŸŒ€  flux start --wrap=strace,-e,network,-tt -o --config /etc/flux/config -Scron.directory=/etc/flux/system/cron.d   -Stbon.fanout=256   -Srundir=/run/flux    -Sstatedir=/var/lib/flux   -Slocal-uri=local:///run/flux/local   -Stbon.zmqdebug=1  -Slog-stderr-level=6    -Slog-stderr-mode=local
2023-07-22T17:08:28.770370259Z 17:08:28.770119 socket(AF_NETLINK, SOCK_RAW, NETLINK_ROUTE) = 8
2023-07-22T17:08:28.770434469Z 17:08:28.770215 bind(8, {sa_family=AF_NETLINK, nl_pid=0, nl_groups=00000000}, 12) = 0
2023-07-22T17:08:28.770446259Z 17:08:28.770260 getsockname(8, {sa_family=AF_NETLINK, nl_pid=70, nl_groups=00000000}, [12]) = 0
2023-07-22T17:08:28.771006019Z 17:08:28.770753 sendto(8, {{len=20, type=RTM_GETADDR, flags=NLM_F_REQUEST|NLM_F_DUMP, seq=1690045708, pid=0}, {ifa_family=AF_UNSPEC, ...}}, 20, 0, {sa_family=AF_NETLINK, nl_pid=0, nl_groups=00000000}, 12) = 20
2023-07-22T17:08:28.771506889Z 17:08:28.771035 recvmsg(8, {msg_name={sa_family=AF_NETLINK, nl_pid=0, nl_groups=00000000}, msg_namelen=12, msg_iov=[{iov_base=[{{len=76, type=RTM_NEWADDR, flags=NLM_F_MULTI, seq=1690045708, pid=70}, {ifa_family=AF_INET, ifa_prefixlen=8, ifa_flags=IFA_F_PERMANENT, ifa_scope=RT_SCOPE_HOST, ifa_index=if_nametoindex("lo")}, [{{nla_len=8, nla_type=IFA_ADDRESS}, 127.0.0.1}, {{nla_len=8, nla_type=IFA_LOCAL}, 127.0.0.1}, {{nla_len=7, nla_type=IFA_LABEL}, "lo"}, {{nla_len=8, nla_type=IFA_FLAGS}, IFA_F_PERMANENT}, {{nla_len=20, nla_type=IFA_CACHEINFO}, {ifa_prefered=4294967295, ifa_valid=4294967295, cstamp=719586, tstamp=719586}}]}, {{len=88, type=RTM_NEWADDR, flags=NLM_F_MULTI, seq=1690045708, pid=70}, {ifa_family=AF_INET, ifa_prefixlen=24, ifa_flags=IFA_F_PERMANENT, ifa_scope=RT_SCOPE_UNIVERSE, ifa_index=if_nametoindex("eth0")}, [{{nla_len=8, nla_type=IFA_ADDRESS}, 10.116.3.72}, {{nla_len=8, nla_type=IFA_LOCAL}, 10.116.3.72}, {{nla_len=8, nla_type=IFA_BROADCAST}, 10.116.3.255}, {{nla_len=9, nla_type=IFA_LABEL}, "eth0"}, {{nla_len=8, nla_type=IFA_FLAGS}, IFA_F_PERMANENT}, {{nla_len=20, nla_type=IFA_CACHEINFO}, {ifa_prefered=4294967295, ifa_valid=4294967295, cstamp=719588, tstamp=719588}}]}], iov_len=4096}], msg_iovlen=1, msg_controllen=0, msg_flags=0}, 0) = 164
2023-07-22T17:08:28.771899289Z 17:08:28.771549 recvmsg(8, {msg_name={sa_family=AF_NETLINK, nl_pid=0, nl_groups=00000000}, msg_namelen=12, msg_iov=[{iov_base={{len=20, type=NLMSG_DONE, flags=NLM_F_MULTI, seq=1690045708, pid=70}, 0}, iov_len=4096}], msg_iovlen=1, msg_controllen=0, msg_flags=0}, 0) = 20
2023-07-22T17:08:28.772413299Z 17:08:28.772209 socket(AF_UNIX, SOCK_STREAM|SOCK_CLOEXEC|SOCK_NONBLOCK, 0) = 8
2023-07-22T17:08:28.772659319Z 17:08:28.772438 connect(8, {sa_family=AF_UNIX, sun_path="/var/run/nscd/socket"}, 110) = -1 ENOENT (No such file or directory)
2023-07-22T17:08:28.772908539Z 17:08:28.772696 socket(AF_UNIX, SOCK_STREAM|SOCK_CLOEXEC|SOCK_NONBLOCK, 0) = 8
2023-07-22T17:08:28.773060999Z 17:08:28.772848 connect(8, {sa_family=AF_UNIX, sun_path="/var/run/nscd/socket"}, 110) = -1 ENOENT (No such file or directory)
2023-07-22T17:08:28.774733319Z 17:08:28.774619 socket(AF_INET, SOCK_DGRAM|SOCK_CLOEXEC|SOCK_NONBLOCK, IPPROTO_IP) = 8
2023-07-22T17:08:28.774847949Z 17:08:28.774688 connect(8, {sa_family=AF_INET, sin_port=htons(53), sin_addr=inet_addr("10.120.0.10")}, 16) = 0
2023-07-22T17:08:28.775435779Z 17:08:28.775157 sendto(8, "\341d\1\0\0\1\0\0\0\0\0\0\rflux-sample-0\fflux-"..., 76, MSG_NOSIGNAL, NULL, 0) = 76
2023-07-22T17:08:28.776010699Z 17:08:28.775793 recvfrom(8, "\341d\205\200\0\1\0\1\0\0\0\0\rflux-sample-0\fflux-"..., 1024, 0, {sa_family=AF_INET, sin_port=htons(53), sin_addr=inet_addr("10.120.0.10")}, [28->16]) = 150
2023-07-22T17:08:28.779505648Z broker.info[5]: start: none->join 1.39477ms
2023-07-22T17:08:58.927483625Z broker.info[5]: parent-ready: join->init 30.1478s
2023-07-22T17:08:58.927748374Z 17:08:58.927530 socketpair(AF_UNIX, SOCK_STREAM|SOCK_CLOEXEC, 0, [22, 23]) = 0
2023-07-22T17:08:58.927894505Z 17:08:58.927755 socketpair(AF_UNIX, SOCK_STREAM, 0, [24, 25]) = 0
2023-07-22T17:08:58.928078304Z 17:08:58.927938 socketpair(AF_UNIX, SOCK_STREAM, 0, [26, 27]) = 0
2023-07-22T17:08:58.928279795Z 17:08:58.928107 socketpair(AF_UNIX, SOCK_STREAM, 0, [28, 29]) = 0
2023-07-22T17:08:58.945423293Z broker.info[5]: configuration updated
2023-07-22T17:08:59.016486799Z broker.info[5]: rc1.0: running /etc/flux/rc1.d/01-sched-fluxion
2023-07-22T17:08:59.024284538Z broker.info[5]: rc1.0: running /etc/flux/rc1.d/02-cron
2023-07-22T17:08:59.036776127Z broker.info[5]: rc1.0: /etc/flux/rc1 Exited (rc=0) 0.1s
2023-07-22T17:08:59.037381837Z broker.info[5]: rc1-success: init->quorum 0.109734s
2023-07-22T17:08:59.255602453Z broker.info[5]: quorum-full: quorum->run 0.217612s
2023-07-22T17:08:59.778262759Z 17:08:59.777906 socketpair(AF_UNIX, SOCK_STREAM|SOCK_CLOEXEC, 0, [22, 23]) = 0
2023-07-22T17:08:59.778781559Z 17:08:59.778251 socketpair(AF_UNIX, SOCK_STREAM, 0, [24, 25]) = 0
2023-07-22T17:08:59.779267869Z 17:08:59.779117 socketpair(AF_UNIX, SOCK_STREAM, 0, [26, 28]) = 0
2023-07-22T17:08:59.779760949Z 17:08:59.779586 socketpair(AF_UNIX, SOCK_STREAM, 0, [58, 59]) = 0
2023-07-22T17:08:59.780100199Z 17:08:59.779833 socketpair(AF_UNIX, SOCK_STREAM, 0, [60, 61]) = 0
2023-07-22T17:09:13.738468733Z broker.info[5]: shutdown: run->cleanup 14.4824s
2023-07-22T17:09:13.740360813Z broker.info[5]: cleanup-none: cleanup->shutdown 1.17671ms
2023-07-22T17:09:13.742017143Z broker.info[5]: children-none: shutdown->finalize 1.11621ms
2023-07-22T17:09:13.742571123Z 17:09:13.742365 socketpair(AF_UNIX, SOCK_STREAM|SOCK_CLOEXEC, 0, [22, 23]) = 0
2023-07-22T17:09:13.742855523Z 17:09:13.742555 socketpair(AF_UNIX, SOCK_STREAM, 0, [24, 25]) = 0
2023-07-22T17:09:13.743282143Z 17:09:13.743143 socketpair(AF_UNIX, SOCK_STREAM, 0, [26, 28]) = 0
2023-07-22T17:09:13.743704953Z 17:09:13.743553 socketpair(AF_UNIX, SOCK_STREAM, 0, [58, 59]) = 0
2023-07-22T17:09:13.756392882Z broker.info[5]: rc3.0: running /etc/flux/rc3.d/01-sched-fluxion
2023-07-22T17:09:13.841721706Z broker.info[5]: rc3.0: /etc/flux/rc3 Exited (rc=0) 0.1s
2023-07-22T17:09:13.842725686Z broker.info[5]: rc3-success: finalize->goodbye 0.100226s
2023-07-22T17:09:13.844258876Z broker.info[5]: goodbye: goodbye->exit 1.11934ms
2023-07-22T17:09:13.851568885Z 17:09:13.851410 +++ exited with 0 +++
2023-07-22T17:09:13.852578605Z Return value for follower worker is 0
2023-07-22T17:09:13.852682365Z The follower worker exited cleanly. Goodbye!
