2023-07-22T17:11:22.735481491Z
2023-07-22T17:11:22.735593851Z Flux username: flux
2023-07-22T17:11:22.736006761Z
2023-07-22T17:11:22.736018371Z Flux install root: /usr
2023-07-22T17:11:22.767118228Z flux user is already added.
2023-07-22T17:11:22.768637378Z flux user identifiers:
2023-07-22T17:11:22.768699198Z uid=1234(flux) gid=1234(flux) groups=1234(flux)
2023-07-22T17:11:22.768802718Z
2023-07-22T17:11:22.768862728Z As Flux prefix for flux commands: sudo -u flux -E PYTHONPATH=/opt/conda/lib/python3.10/site-packages -E PATH=/opt/conda/bin:/usr/local/sbin:/usr/local/bin:/usr/sbin:/usr/bin:/sbin:/bin -E LD_LIBRARY_PATH=/opt/conda/lib -E HOME=/home/flux
2023-07-22T17:11:22.772840628Z
2023-07-22T17:11:22.772853928Z 👋 Hello, I'm flux-sample-2
2023-07-22T17:11:22.772921777Z The main host is flux-sample-0
2023-07-22T17:11:22.772930137Z The working directory is /home/flux/examples/reaxff/HNS, contents include:
2023-07-22T17:11:22.774033057Z /home/flux/examples/reaxff/HNS:
2023-07-22T17:11:22.774045057Z README.txt	ffield.reax.hns  log.8Mar18.reaxc.hns.g++.1
2023-07-22T17:11:22.774098168Z data.hns-equil	in.reaxc.hns	 log.8Mar18.reaxc.hns.g++.4
2023-07-22T17:11:22.774412377Z End of file listing, if you see nothing above there are no files.
2023-07-22T17:11:22.775707647Z flux R encode --hosts=flux-sample-[0-7]
2023-07-22T17:11:22.785124267Z
2023-07-22T17:11:22.785141936Z 📦 Resources
2023-07-22T17:11:22.785994346Z {"version": 1, "execution": {"R_lite": [{"rank": "0-7", "children": {"core": "0"}}], "starttime": 0.0, "expiration": 0.0, "nodelist": ["flux-sample-[0-7]"]}}
2023-07-22T17:11:22.786132366Z
2023-07-22T17:11:22.786142386Z 🐸 Diagnostics: false
2023-07-22T17:11:22.786393886Z 🚩️ Flux Option Flags defined
2023-07-22T17:11:22.789200836Z
2023-07-22T17:11:22.789261456Z 🦊 Independent Minister of Privilege
2023-07-22T17:11:22.790090356Z [exec]
2023-07-22T17:11:22.790104486Z allowed-users = [ "flux", "root" ]
2023-07-22T17:11:22.790109546Z allowed-shells = [ "/usr/libexec/flux/flux-shell" ]
2023-07-22T17:11:22.790328756Z
2023-07-22T17:11:22.790340226Z 🐸 Broker Configuration
2023-07-22T17:11:22.791671286Z # Flux needs to know the path to the IMP executable
2023-07-22T17:11:22.791704186Z [exec]
2023-07-22T17:11:22.791709686Z imp = "/usr/libexec/flux/flux-imp"
2023-07-22T17:11:22.791713336Z
2023-07-22T17:11:22.791716676Z [access]
2023-07-22T17:11:22.791720976Z allow-guest-user = true
2023-07-22T17:11:22.791723956Z allow-root-owner = true
2023-07-22T17:11:22.791726996Z
2023-07-22T17:11:22.791730946Z # Point to resource definition generated with flux-R(1).
2023-07-22T17:11:22.791734726Z [resource]
2023-07-22T17:11:22.791738316Z path = "/etc/flux/system/R"
2023-07-22T17:11:22.791741056Z
2023-07-22T17:11:22.791743966Z [bootstrap]
2023-07-22T17:11:22.791747226Z curve_cert = "/etc/curve/curve.cert"
2023-07-22T17:11:22.791751086Z default_port = 8050
2023-07-22T17:11:22.791754646Z default_bind = "tcp://eth0:%p"
2023-07-22T17:11:22.791759436Z default_connect = "tcp://%h.flux-service.flux-operator.svc.cluster.local:%p"
2023-07-22T17:11:22.791763466Z hosts = [
2023-07-22T17:11:22.791767546Z 	{ host="flux-sample-[0-7]"},
2023-07-22T17:11:22.791771006Z ]
2023-07-22T17:11:22.791774096Z [archive]
2023-07-22T17:11:22.791777156Z dbpath = "/var/lib/flux/job-archive.sqlite"
2023-07-22T17:11:22.791780036Z period = "1m"
2023-07-22T17:11:22.846239721Z busytimeout = "50s"
2023-07-22T17:11:22.846272341Z 🧊️ State Directory:
2023-07-22T17:11:22.846278561Z total 0
2023-07-22T17:11:22.846296371Z
2023-07-22T17:11:22.847648941Z
2023-07-22T17:11:22.847676011Z 🔒️ Working directory permissions:
2023-07-22T17:11:22.847681581Z total 96
2023-07-22T17:11:22.847693501Z -rwxrwxrwx 1 flux root  2517 May 17 22:32 README.txt
2023-07-22T17:11:22.847697171Z -rwxrwxrwx 1 flux root 54692 May 17 22:32 data.hns-equil
2023-07-22T17:11:22.847700751Z -rwxrwxrwx 1 flux root 13576 May 17 22:32 ffield.reax.hns
2023-07-22T17:11:22.847703911Z -rwxrwxrwx 1 flux root   870 May 17 22:32 in.reaxc.hns
2023-07-22T17:11:22.847707981Z -rwxrwxrwx 1 flux root  4172 May 17 22:32 log.8Mar18.reaxc.hns.g++.1
2023-07-22T17:11:22.847788531Z -rwxrwxrwx 1 flux root  4168 May 17 22:32 log.8Mar18.reaxc.hns.g++.4
2023-07-22T17:11:22.847796681Z
2023-07-22T17:11:22.847800881Z
2023-07-22T17:11:22.847805421Z ✨ Curve certificate generated by helper pod
2023-07-22T17:11:22.848641521Z #   ****  Generated on 2023-04-26 22:54:42 by CZMQ  ****
2023-07-22T17:11:22.848652621Z #   ZeroMQ CURVE **Secret** Certificate
2023-07-22T17:11:22.848656511Z #   DO NOT PROVIDE THIS FILE TO OTHER USERS nor change its permissions.
2023-07-22T17:11:22.848659541Z
2023-07-22T17:11:22.848662721Z metadata
2023-07-22T17:11:22.848666391Z     name = "flux-cert-generator"
2023-07-22T17:11:22.848669341Z     keygen.hostname = "flux-sample-0"
2023-07-22T17:11:22.848672331Z curve
2023-07-22T17:11:22.848675361Z     public-key = "2<u3-pd-j9&0vDJBH)<U-/OcUkYf9+HE9Xn9KbJ*"
2023-07-22T17:11:22.848678381Z     secret-key = "iIq?YrSB9!op:yF!X:ZP[x3Q/e0K+j52=#+P#9-d"
2023-07-22T17:11:22.850058821Z
2023-07-22T17:11:22.850071731Z 🌀  flux start --wrap=strace,-e,network,-tt -o --config /etc/flux/config -Scron.directory=/etc/flux/system/cron.d   -Stbon.fanout=256   -Srundir=/run/flux    -Sstatedir=/var/lib/flux   -Slocal-uri=local:///run/flux/local -Stbon.connect_timeout=2s  -Stbon.zmqdebug=1  -Slog-stderr-level=6    -Slog-stderr-mode=local
2023-07-22T17:11:22.875536688Z 17:11:22.875392 socket(AF_NETLINK, SOCK_RAW, NETLINK_ROUTE) = 8
2023-07-22T17:11:22.875703299Z 17:11:22.875451 bind(8, {sa_family=AF_NETLINK, nl_pid=0, nl_groups=00000000}, 12) = 0
2023-07-22T17:11:22.875713708Z 17:11:22.875563 getsockname(8, {sa_family=AF_NETLINK, nl_pid=70, nl_groups=00000000}, [12]) = 0
2023-07-22T17:11:22.875877639Z 17:11:22.875653 sendto(8, {{len=20, type=RTM_GETADDR, flags=NLM_F_REQUEST|NLM_F_DUMP, seq=1690045882, pid=0}, {ifa_family=AF_UNSPEC, ...}}, 20, 0, {sa_family=AF_NETLINK, nl_pid=0, nl_groups=00000000}, 12) = 20
2023-07-22T17:11:22.876090599Z 17:11:22.875854 recvmsg(8, {msg_name={sa_family=AF_NETLINK, nl_pid=0, nl_groups=00000000}, msg_namelen=12, msg_iov=[{iov_base=[{{len=76, type=RTM_NEWADDR, flags=NLM_F_MULTI, seq=1690045882, pid=70}, {ifa_family=AF_INET, ifa_prefixlen=8, ifa_flags=IFA_F_PERMANENT, ifa_scope=RT_SCOPE_HOST, ifa_index=if_nametoindex("lo")}, [{{nla_len=8, nla_type=IFA_ADDRESS}, 127.0.0.1}, {{nla_len=8, nla_type=IFA_LOCAL}, 127.0.0.1}, {{nla_len=7, nla_type=IFA_LABEL}, "lo"}, {{nla_len=8, nla_type=IFA_FLAGS}, IFA_F_PERMANENT}, {{nla_len=20, nla_type=IFA_CACHEINFO}, {ifa_prefered=4294967295, ifa_valid=4294967295, cstamp=737321, tstamp=737321}}]}, {{len=88, type=RTM_NEWADDR, flags=NLM_F_MULTI, seq=1690045882, pid=70}, {ifa_family=AF_INET, ifa_prefixlen=24, ifa_flags=IFA_F_PERMANENT, ifa_scope=RT_SCOPE_UNIVERSE, ifa_index=if_nametoindex("eth0")}, [{{nla_len=8, nla_type=IFA_ADDRESS}, 10.116.5.73}, {{nla_len=8, nla_type=IFA_LOCAL}, 10.116.5.73}, {{nla_len=8, nla_type=IFA_BROADCAST}, 10.116.5.255}, {{nla_len=9, nla_type=IFA_LABEL}, "eth0"}, {{nla_len=8, nla_type=IFA_FLAGS}, IFA_F_PERMANENT}, {{nla_len=20, nla_type=IFA_CACHEINFO}, {ifa_prefered=4294967295, ifa_valid=4294967295, cstamp=737323, tstamp=737323}}]}], iov_len=4096}], msg_iovlen=1, msg_controllen=0, msg_flags=0}, 0) = 164
2023-07-22T17:11:22.876156279Z 17:11:22.876064 recvmsg(8, {msg_name={sa_family=AF_NETLINK, nl_pid=0, nl_groups=00000000}, msg_namelen=12, msg_iov=[{iov_base={{len=20, type=NLMSG_DONE, flags=NLM_F_MULTI, seq=1690045882, pid=70}, 0}, iov_len=4096}], msg_iovlen=1, msg_controllen=0, msg_flags=0}, 0) = 20
2023-07-22T17:11:22.876496279Z 17:11:22.876391 socket(AF_UNIX, SOCK_STREAM|SOCK_CLOEXEC|SOCK_NONBLOCK, 0) = 8
2023-07-22T17:11:22.876626079Z 17:11:22.876445 connect(8, {sa_family=AF_UNIX, sun_path="/var/run/nscd/socket"}, 110) = -1 ENOENT (No such file or directory)
2023-07-22T17:11:22.876635088Z 17:11:22.876518 socket(AF_UNIX, SOCK_STREAM|SOCK_CLOEXEC|SOCK_NONBLOCK, 0) = 8
2023-07-22T17:11:22.876639359Z 17:11:22.876560 connect(8, {sa_family=AF_UNIX, sun_path="/var/run/nscd/socket"}, 110) = -1 ENOENT (No such file or directory)
2023-07-22T17:11:22.877223858Z 17:11:22.877134 socket(AF_INET, SOCK_DGRAM|SOCK_CLOEXEC|SOCK_NONBLOCK, IPPROTO_IP) = 8
2023-07-22T17:11:22.877276078Z 17:11:22.877199 connect(8, {sa_family=AF_INET, sin_port=htons(53), sin_addr=inet_addr("10.120.0.10")}, 16) = 0
2023-07-22T17:11:22.877534898Z 17:11:22.877277 sendto(8, "\1Q\1\0\0\1\0\0\0\0\0\0\rflux-sample-0\fflux-"..., 76, MSG_NOSIGNAL, NULL, 0) = 76
2023-07-22T17:11:22.879895408Z 17:11:22.879789 recvfrom(8, "\1Q\201\203\0\1\0\0\0\1\0\0\rflux-sample-0\fflux-"..., 1024, 0, {sa_family=AF_INET, sin_port=htons(53), sin_addr=inet_addr("10.120.0.10")}, [28->16]) = 169
2023-07-22T17:11:22.879981048Z 17:11:22.879907 socket(AF_INET, SOCK_DGRAM|SOCK_CLOEXEC|SOCK_NONBLOCK, IPPROTO_IP) = 8
2023-07-22T17:11:22.880050138Z 17:11:22.879954 connect(8, {sa_family=AF_INET, sin_port=htons(53), sin_addr=inet_addr("10.120.0.10")}, 16) = 0
2023-07-22T17:11:22.880152248Z 17:11:22.880017 sendto(8, "\233u\1\0\0\1\0\0\0\0\0\0\rflux-sample-0\fflux-"..., 108, MSG_NOSIGNAL, NULL, 0) = 108
2023-07-22T17:11:22.880849338Z 17:11:22.880747 recvfrom(8, "\233u\201\203\0\1\0\0\0\1\0\0\rflux-sample-0\fflux-"..., 1024, 0, {sa_family=AF_INET, sin_port=htons(53), sin_addr=inet_addr("10.120.0.10")}, [28->16]) = 201
2023-07-22T17:11:22.880955068Z 17:11:22.880850 socket(AF_INET, SOCK_DGRAM|SOCK_CLOEXEC|SOCK_NONBLOCK, IPPROTO_IP) = 8
2023-07-22T17:11:22.880964178Z 17:11:22.880897 connect(8, {sa_family=AF_INET, sin_port=htons(53), sin_addr=inet_addr("10.120.0.10")}, 16) = 0
2023-07-22T17:11:22.881072068Z 17:11:22.880959 sendto(8, "\31\337\1\0\0\1\0\0\0\0\0\0\rflux-sample-0\fflux-"..., 94, MSG_NOSIGNAL, NULL, 0) = 94
2023-07-22T17:11:22.881725288Z 17:11:22.881613 recvfrom(8, "\31\337\201\203\0\1\0\0\0\1\0\0\rflux-sample-0\fflux-"..., 1024, 0, {sa_family=AF_INET, sin_port=htons(53), sin_addr=inet_addr("10.120.0.10")}, [28->16]) = 187
2023-07-22T17:11:22.881828668Z 17:11:22.881715 socket(AF_INET, SOCK_DGRAM|SOCK_CLOEXEC|SOCK_NONBLOCK, IPPROTO_IP) = 8
2023-07-22T17:11:22.881837398Z 17:11:22.881761 connect(8, {sa_family=AF_INET, sin_port=htons(53), sin_addr=inet_addr("10.120.0.10")}, 16) = 0
2023-07-22T17:11:22.881919648Z 17:11:22.881822 sendto(8, "\307\222\1\0\0\1\0\0\0\0\0\0\rflux-sample-0\fflux-"..., 90, MSG_NOSIGNAL, NULL, 0) = 90
2023-07-22T17:11:22.882563078Z 17:11:22.882396 recvfrom(8, "\307\222\201\203\0\1\0\0\0\1\0\0\rflux-sample-0\fflux-"..., 1024, 0, {sa_family=AF_INET, sin_port=htons(53), sin_addr=inet_addr("10.120.0.10")}, [28->16]) = 183
2023-07-22T17:11:22.882574618Z 17:11:22.882498 socket(AF_INET, SOCK_DGRAM|SOCK_CLOEXEC|SOCK_NONBLOCK, IPPROTO_IP) = 8
2023-07-22T17:11:22.882664518Z 17:11:22.882541 connect(8, {sa_family=AF_INET, sin_port=htons(53), sin_addr=inet_addr("10.120.0.10")}, 16) = 0
2023-07-22T17:11:22.882743758Z 17:11:22.882603 sendto(8, "]q\1\0\0\1\0\0\0\0\0\0\rflux-sample-0\fflux-"..., 111, MSG_NOSIGNAL, NULL, 0) = 111
2023-07-22T17:11:22.886962278Z 17:11:22.886829 recvfrom(8, "]q\201\203\0\1\0\0\0\1\0\0\rflux-sample-0\fflux-"..., 1024, 0, {sa_family=AF_INET, sin_port=htons(53), sin_addr=inet_addr("10.120.0.10")}, [28->16]) = 221
2023-07-22T17:11:22.887062218Z 17:11:22.886944 socket(AF_INET, SOCK_DGRAM|SOCK_CLOEXEC|SOCK_NONBLOCK, IPPROTO_IP) = 8
2023-07-22T17:11:22.887070958Z 17:11:22.886991 connect(8, {sa_family=AF_INET, sin_port=htons(53), sin_addr=inet_addr("10.120.0.10")}, 16) = 0
2023-07-22T17:11:22.887183898Z 17:11:22.887054 sendto(8, "\265\35\1\0\0\1\0\0\0\0\0\0\rflux-sample-0\fflux-"..., 97, MSG_NOSIGNAL, NULL, 0) = 97
2023-07-22T17:11:22.891501027Z 17:11:22.891334 recvfrom(8, "\265\35\201\203\0\1\0\0\0\1\0\0\rflux-sample-0\fflux-"..., 1024, 0, {sa_family=AF_INET, sin_port=htons(53), sin_addr=inet_addr("10.120.0.10")}, [28->16]) = 202
2023-07-22T17:11:22.891512427Z 17:11:22.891438 socket(AF_INET, SOCK_DGRAM|SOCK_CLOEXEC|SOCK_NONBLOCK, IPPROTO_IP) = 8
2023-07-22T17:11:22.891595377Z 17:11:22.891475 connect(8, {sa_family=AF_INET, sin_port=htons(53), sin_addr=inet_addr("10.120.0.10")}, 16) = 0
2023-07-22T17:11:22.891683107Z 17:11:22.891530 sendto(8, "\214`\1\0\0\1\0\0\0\0\0\0\rflux-sample-0\fflux-"..., 92, MSG_NOSIGNAL, NULL, 0) = 92
2023-07-22T17:11:22.896651827Z 17:11:22.896515 recvfrom(8, "\214`\201\203\0\1\0\0\0\1\0\0\rflux-sample-0\fflux-"..., 1024, 0, {sa_family=AF_INET, sin_port=htons(53), sin_addr=inet_addr("10.120.0.10")}, [28->16]) = 197
2023-07-22T17:11:22.896806477Z broker.err[2]: Warning: unable to resolve upstream peer flux-sample-0.flux-service.flux-operator.svc.cluster.local: Name or service not known
2023-07-22T17:11:22.899447086Z broker.info[2]: start: none->join 0.813269ms
2023-07-22T17:11:27.907614942Z broker.info[2]: parent-ready: join->init 5.0079s
2023-07-22T17:11:27.907843172Z 17:11:27.907518 socketpair(AF_UNIX, SOCK_STREAM|SOCK_CLOEXEC, 0, [22, 23]) = 0
2023-07-22T17:11:27.908023452Z 17:11:27.907864 socketpair(AF_UNIX, SOCK_STREAM, 0, [24, 25]) = 0
2023-07-22T17:11:27.908354172Z 17:11:27.908135 socketpair(AF_UNIX, SOCK_STREAM, 0, [26, 27]) = 0
2023-07-22T17:11:27.908517392Z 17:11:27.908391 socketpair(AF_UNIX, SOCK_STREAM, 0, [28, 29]) = 0
2023-07-22T17:11:27.925660461Z broker.info[2]: configuration updated
2023-07-22T17:11:28.011907556Z broker.info[2]: rc1.0: running /etc/flux/rc1.d/01-sched-fluxion
2023-07-22T17:11:28.019251435Z broker.info[2]: rc1.0: running /etc/flux/rc1.d/02-cron
2023-07-22T17:11:28.035103184Z broker.info[2]: rc1.0: /etc/flux/rc1 Exited (rc=0) 0.1s
2023-07-22T17:11:28.035971284Z broker.info[2]: rc1-success: init->quorum 0.128291s
2023-07-22T17:11:28.827476507Z broker.info[2]: quorum-full: quorum->run 0.791117s
2023-07-22T17:11:29.259531499Z 17:11:29.259112 socketpair(AF_UNIX, SOCK_STREAM|SOCK_CLOEXEC, 0, [22, 23]) = 0
2023-07-22T17:11:29.259700139Z 17:11:29.259457 socketpair(AF_UNIX, SOCK_STREAM, 0, [24, 25]) = 0
2023-07-22T17:11:29.259773339Z 17:11:29.259588 socketpair(AF_UNIX, SOCK_STREAM, 0, [26, 28]) = 0
2023-07-22T17:11:29.259943588Z 17:11:29.259814 socketpair(AF_UNIX, SOCK_STREAM, 0, [58, 59]) = 0
2023-07-22T17:11:29.260181968Z 17:11:29.260025 socketpair(AF_UNIX, SOCK_STREAM, 0, [60, 61]) = 0
2023-07-22T17:11:43.214487064Z broker.info[2]: shutdown: run->cleanup 14.3867s
2023-07-22T17:11:43.216299263Z broker.info[2]: cleanup-none: cleanup->shutdown 1.1647ms
2023-07-22T17:11:43.217822573Z broker.info[2]: children-none: shutdown->finalize 1.04051ms
2023-07-22T17:11:43.218347203Z 17:11:43.218124 socketpair(AF_UNIX, SOCK_STREAM|SOCK_CLOEXEC, 0, [22, 23]) = 0
2023-07-22T17:11:43.218699013Z 17:11:43.218378 socketpair(AF_UNIX, SOCK_STREAM, 0, [24, 25]) = 0
2023-07-22T17:11:43.219178283Z 17:11:43.218986 socketpair(AF_UNIX, SOCK_STREAM, 0, [26, 28]) = 0
2023-07-22T17:11:43.219382853Z 17:11:43.219264 socketpair(AF_UNIX, SOCK_STREAM, 0, [58, 59]) = 0
2023-07-22T17:11:43.236565702Z broker.info[2]: rc3.0: running /etc/flux/rc3.d/01-sched-fluxion
2023-07-22T17:11:43.328485676Z broker.info[2]: rc3.0: /etc/flux/rc3 Exited (rc=0) 0.1s
2023-07-22T17:11:43.329488485Z broker.info[2]: rc3-success: finalize->goodbye 0.111247s
2023-07-22T17:11:43.330936465Z broker.info[2]: goodbye: goodbye->exit 1.02793ms
2023-07-22T17:11:43.337938564Z 17:11:43.337822 +++ exited with 0 +++
2023-07-22T17:11:43.338792955Z Return value for follower worker is 0
2023-07-22T17:11:43.338809655Z The follower worker exited cleanly. Goodbye!
