2023-07-22T16:57:28.182777708Z
2023-07-22T16:57:28.182831568Z Flux username: flux
2023-07-22T16:57:28.182924368Z
2023-07-22T16:57:28.182954418Z Flux install root: /usr
2023-07-22T16:57:28.217409275Z flux user is already added.
2023-07-22T16:57:28.219312125Z flux user identifiers:
2023-07-22T16:57:28.219333455Z uid=1234(flux) gid=1234(flux) groups=1234(flux)
2023-07-22T16:57:28.219380555Z
2023-07-22T16:57:28.219389645Z As Flux prefix for flux commands: sudo -u flux -E PYTHONPATH=/opt/conda/lib/python3.10/site-packages -E PATH=/opt/conda/bin:/usr/local/sbin:/usr/local/bin:/usr/sbin:/usr/bin:/sbin:/bin -E LD_LIBRARY_PATH=/opt/conda/lib -E HOME=/home/flux
2023-07-22T16:57:28.224599835Z
2023-07-22T16:57:28.224625635Z 👋 Hello, I'm flux-sample-1
2023-07-22T16:57:28.224749415Z The main host is flux-sample-0
2023-07-22T16:57:28.224827235Z The working directory is /home/flux/examples/reaxff/HNS, contents include:
2023-07-22T16:57:28.225821664Z /home/flux/examples/reaxff/HNS:
2023-07-22T16:57:28.225851244Z README.txt	ffield.reax.hns  log.8Mar18.reaxc.hns.g++.1
2023-07-22T16:57:28.225857075Z data.hns-equil	in.reaxc.hns	 log.8Mar18.reaxc.hns.g++.4
2023-07-22T16:57:28.226068864Z End of file listing, if you see nothing above there are no files.
2023-07-22T16:57:28.227027735Z flux R encode --hosts=flux-sample-[0-7]
2023-07-22T16:57:28.236088384Z
2023-07-22T16:57:28.236114974Z 📦 Resources
2023-07-22T16:57:28.236945174Z {"version": 1, "execution": {"R_lite": [{"rank": "0-7", "children": {"core": "0"}}], "starttime": 0.0, "expiration": 0.0, "nodelist": ["flux-sample-[0-7]"]}}
2023-07-22T16:57:28.237107454Z
2023-07-22T16:57:28.237118694Z 🐸 Diagnostics: false
2023-07-22T16:57:28.237192003Z 🚩️ Flux Option Flags defined
2023-07-22T16:57:28.239261013Z
2023-07-22T16:57:28.239273883Z 🦊 Independent Minister of Privilege
2023-07-22T16:57:28.239891253Z [exec]
2023-07-22T16:57:28.239900393Z allowed-users = [ "flux", "root" ]
2023-07-22T16:57:28.239903623Z allowed-shells = [ "/usr/libexec/flux/flux-shell" ]
2023-07-22T16:57:28.240074493Z
2023-07-22T16:57:28.240127793Z 🐸 Broker Configuration
2023-07-22T16:57:28.240834453Z # Flux needs to know the path to the IMP executable
2023-07-22T16:57:28.240845633Z [exec]
2023-07-22T16:57:28.240850583Z imp = "/usr/libexec/flux/flux-imp"
2023-07-22T16:57:28.240854573Z
2023-07-22T16:57:28.240858773Z [access]
2023-07-22T16:57:28.240863463Z allow-guest-user = true
2023-07-22T16:57:28.240867073Z allow-root-owner = true
2023-07-22T16:57:28.240870453Z
2023-07-22T16:57:28.240874113Z # Point to resource definition generated with flux-R(1).
2023-07-22T16:57:28.240877263Z [resource]
2023-07-22T16:57:28.240881563Z path = "/etc/flux/system/R"
2023-07-22T16:57:28.240885173Z
2023-07-22T16:57:28.240889073Z [bootstrap]
2023-07-22T16:57:28.240892993Z curve_cert = "/etc/curve/curve.cert"
2023-07-22T16:57:28.240896783Z default_port = 8050
2023-07-22T16:57:28.240900113Z default_bind = "tcp://eth0:%p"
2023-07-22T16:57:28.240905123Z default_connect = "tcp://%h.flux-service.flux-operator.svc.cluster.local:%p"
2023-07-22T16:57:28.240909083Z hosts = [
2023-07-22T16:57:28.240912633Z 	{ host="flux-sample-[0-7]"},
2023-07-22T16:57:28.240916033Z ]
2023-07-22T16:57:28.240919383Z [archive]
2023-07-22T16:57:28.240922913Z dbpath = "/var/lib/flux/job-archive.sqlite"
2023-07-22T16:57:28.240926423Z period = "1m"
2023-07-22T16:57:28.295410998Z busytimeout = "50s"
2023-07-22T16:57:28.295552958Z 🧊️ State Directory:
2023-07-22T16:57:28.295564749Z total 0
2023-07-22T16:57:28.295569109Z
2023-07-22T16:57:28.297649538Z
2023-07-22T16:57:28.297764898Z 🔒️ Working directory permissions:
2023-07-22T16:57:28.297772368Z total 96
2023-07-22T16:57:28.297777228Z -rwxrwxrwx 1 flux root  2517 May 17 22:32 README.txt
2023-07-22T16:57:28.297780818Z -rwxrwxrwx 1 flux root 54692 May 17 22:32 data.hns-equil
2023-07-22T16:57:28.297784718Z -rwxrwxrwx 1 flux root 13576 May 17 22:32 ffield.reax.hns
2023-07-22T16:57:28.297896928Z -rwxrwxrwx 1 flux root   870 May 17 22:32 in.reaxc.hns
2023-07-22T16:57:28.297910268Z -rwxrwxrwx 1 flux root  4172 May 17 22:32 log.8Mar18.reaxc.hns.g++.1
2023-07-22T16:57:28.297914928Z -rwxrwxrwx 1 flux root  4168 May 17 22:32 log.8Mar18.reaxc.hns.g++.4
2023-07-22T16:57:28.297918648Z
2023-07-22T16:57:28.297922298Z
2023-07-22T16:57:28.297926648Z ✨ Curve certificate generated by helper pod
2023-07-22T16:57:28.298778618Z #   ****  Generated on 2023-04-26 22:54:42 by CZMQ  ****
2023-07-22T16:57:28.298790508Z #   ZeroMQ CURVE **Secret** Certificate
2023-07-22T16:57:28.298795238Z #   DO NOT PROVIDE THIS FILE TO OTHER USERS nor change its permissions.
2023-07-22T16:57:28.298798708Z
2023-07-22T16:57:28.298802088Z metadata
2023-07-22T16:57:28.298806438Z     name = "flux-cert-generator"
2023-07-22T16:57:28.298809738Z     keygen.hostname = "flux-sample-0"
2023-07-22T16:57:28.298812848Z curve
2023-07-22T16:57:28.298816778Z     public-key = "5Wz&Vd7csEL(o[nUJVPJjY7BZi.G{<ho/jFcBM*1"
2023-07-22T16:57:28.298820738Z     secret-key = ">2bbJe]NOVek?iraoH9m>.:paqXTg*0(F!g4Fx}."
2023-07-22T16:57:30.301636742Z
2023-07-22T16:57:30.301710033Z 🌀  flux start --wrap=strace,-e,network,-tt -o --config /etc/flux/config -Scron.directory=/etc/flux/system/cron.d   -Stbon.fanout=256   -Srundir=/run/flux    -Sstatedir=/var/lib/flux   -Slocal-uri=local:///run/flux/local -Stbon.connect_timeout=6s  -Stbon.zmqdebug=1  -Slog-stderr-level=6    -Slog-stderr-mode=local
2023-07-22T16:57:30.331396641Z 16:57:30.331096 socket(AF_NETLINK, SOCK_RAW, NETLINK_ROUTE) = 8
2023-07-22T16:57:30.331437811Z 16:57:30.331191 bind(8, {sa_family=AF_NETLINK, nl_pid=0, nl_groups=00000000}, 12) = 0
2023-07-22T16:57:30.331445031Z 16:57:30.331245 getsockname(8, {sa_family=AF_NETLINK, nl_pid=70, nl_groups=00000000}, [12]) = 0
2023-07-22T16:57:30.331650681Z 16:57:30.331325 sendto(8, {{len=20, type=RTM_GETADDR, flags=NLM_F_REQUEST|NLM_F_DUMP, seq=1690045050, pid=0}, {ifa_family=AF_UNSPEC, ...}}, 20, 0, {sa_family=AF_NETLINK, nl_pid=0, nl_groups=00000000}, 12) = 20
2023-07-22T16:57:30.331952811Z 16:57:30.331571 recvmsg(8, {msg_name={sa_family=AF_NETLINK, nl_pid=0, nl_groups=00000000}, msg_namelen=12, msg_iov=[{iov_base=[{{len=76, type=RTM_NEWADDR, flags=NLM_F_MULTI, seq=1690045050, pid=70}, {ifa_family=AF_INET, ifa_prefixlen=8, ifa_flags=IFA_F_PERMANENT, ifa_scope=RT_SCOPE_HOST, ifa_index=if_nametoindex("lo")}, [{{nla_len=8, nla_type=IFA_ADDRESS}, 127.0.0.1}, {{nla_len=8, nla_type=IFA_LOCAL}, 127.0.0.1}, {{nla_len=7, nla_type=IFA_LABEL}, "lo"}, {{nla_len=8, nla_type=IFA_FLAGS}, IFA_F_PERMANENT}, {{nla_len=20, nla_type=IFA_CACHEINFO}, {ifa_prefered=4294967295, ifa_valid=4294967295, cstamp=653863, tstamp=653863}}]}, {{len=88, type=RTM_NEWADDR, flags=NLM_F_MULTI, seq=1690045050, pid=70}, {ifa_family=AF_INET, ifa_prefixlen=24, ifa_flags=IFA_F_PERMANENT, ifa_scope=RT_SCOPE_UNIVERSE, ifa_index=if_nametoindex("eth0")}, [{{nla_len=8, nla_type=IFA_ADDRESS}, 10.116.5.53}, {{nla_len=8, nla_type=IFA_LOCAL}, 10.116.5.53}, {{nla_len=8, nla_type=IFA_BROADCAST}, 10.116.5.255}, {{nla_len=9, nla_type=IFA_LABEL}, "eth0"}, {{nla_len=8, nla_type=IFA_FLAGS}, IFA_F_PERMANENT}, {{nla_len=20, nla_type=IFA_CACHEINFO}, {ifa_prefered=4294967295, ifa_valid=4294967295, cstamp=653865, tstamp=653865}}]}], iov_len=4096}], msg_iovlen=1, msg_controllen=0, msg_flags=0}, 0) = 164
2023-07-22T16:57:30.331973121Z 16:57:30.331810 recvmsg(8, {msg_name={sa_family=AF_NETLINK, nl_pid=0, nl_groups=00000000}, msg_namelen=12, msg_iov=[{iov_base={{len=20, type=NLMSG_DONE, flags=NLM_F_MULTI, seq=1690045050, pid=70}, 0}, iov_len=4096}], msg_iovlen=1, msg_controllen=0, msg_flags=0}, 0) = 20
2023-07-22T16:57:30.332235680Z 16:57:30.332147 socket(AF_UNIX, SOCK_STREAM|SOCK_CLOEXEC|SOCK_NONBLOCK, 0) = 8
2023-07-22T16:57:30.332307540Z 16:57:30.332209 connect(8, {sa_family=AF_UNIX, sun_path="/var/run/nscd/socket"}, 110) = -1 ENOENT (No such file or directory)
2023-07-22T16:57:30.332378720Z 16:57:30.332312 socket(AF_UNIX, SOCK_STREAM|SOCK_CLOEXEC|SOCK_NONBLOCK, 0) = 8
2023-07-22T16:57:30.332443540Z 16:57:30.332363 connect(8, {sa_family=AF_UNIX, sun_path="/var/run/nscd/socket"}, 110) = -1 ENOENT (No such file or directory)
2023-07-22T16:57:30.333803211Z 16:57:30.333629 socket(AF_INET, SOCK_DGRAM|SOCK_CLOEXEC|SOCK_NONBLOCK, IPPROTO_IP) = 8
2023-07-22T16:57:30.333940731Z 16:57:30.333822 connect(8, {sa_family=AF_INET, sin_port=htons(53), sin_addr=inet_addr("10.120.0.10")}, 16) = 0
2023-07-22T16:57:30.334412511Z 16:57:30.334161 sendto(8, "3\207\1\0\0\1\0\0\0\0\0\0\rflux-sample-0\fflux-"..., 76, MSG_NOSIGNAL, NULL, 0) = 76
2023-07-22T16:57:30.337141740Z 16:57:30.336990 recvfrom(8, "3\207\205\200\0\1\0\1\0\0\0\0\rflux-sample-0\fflux-"..., 1024, 0, {sa_family=AF_INET, sin_port=htons(53), sin_addr=inet_addr("10.120.0.10")}, [28->16]) = 150
2023-07-22T16:57:30.340529160Z broker.info[1]: start: none->join 1.17338ms
2023-07-22T16:57:30.348625070Z broker.info[1]: parent-ready: join->init 7.95399ms
2023-07-22T16:57:30.348997739Z 16:57:30.348548 socketpair(AF_UNIX, SOCK_STREAM|SOCK_CLOEXEC, 0, [22, 23]) = 0
2023-07-22T16:57:30.349013179Z 16:57:30.348850 socketpair(AF_UNIX, SOCK_STREAM, 0, [24, 25]) = 0
2023-07-22T16:57:30.349132730Z 16:57:30.349017 socketpair(AF_UNIX, SOCK_STREAM, 0, [26, 27]) = 0
2023-07-22T16:57:30.349326279Z 16:57:30.349163 socketpair(AF_UNIX, SOCK_STREAM, 0, [28, 29]) = 0
2023-07-22T16:57:30.365705698Z broker.info[1]: configuration updated
2023-07-22T16:57:30.427476303Z broker.info[1]: rc1.0: running /etc/flux/rc1.d/01-sched-fluxion
2023-07-22T16:57:30.433906362Z broker.info[1]: rc1.0: running /etc/flux/rc1.d/02-cron
2023-07-22T16:57:30.448414481Z broker.info[1]: rc1.0: /etc/flux/rc1 Exited (rc=0) 0.1s
2023-07-22T16:57:30.448767051Z broker.info[1]: rc1-success: init->quorum 0.100119s
2023-07-22T16:57:44.039586973Z broker.info[1]: quorum-full: quorum->run 13.5898s
2023-07-22T16:57:44.544624668Z 16:57:44.544329 socketpair(AF_UNIX, SOCK_STREAM|SOCK_CLOEXEC, 0, [22, 23]) = 0
2023-07-22T16:57:44.544706978Z 16:57:44.544467 socketpair(AF_UNIX, SOCK_STREAM, 0, [24, 25]) = 0
2023-07-22T16:57:44.544790078Z 16:57:44.544590 socketpair(AF_UNIX, SOCK_STREAM, 0, [26, 28]) = 0
2023-07-22T16:57:44.544800648Z 16:57:44.544699 socketpair(AF_UNIX, SOCK_STREAM, 0, [58, 59]) = 0
2023-07-22T16:57:44.544921198Z 16:57:44.544819 socketpair(AF_UNIX, SOCK_STREAM, 0, [60, 61]) = 0
2023-07-22T16:57:58.044376210Z broker.info[1]: shutdown: run->cleanup 14.0054s
2023-07-22T16:57:58.046393310Z broker.info[1]: cleanup-none: cleanup->shutdown 1.38534ms
2023-07-22T16:57:58.048541470Z broker.info[1]: children-none: shutdown->finalize 1.30079ms
2023-07-22T16:57:58.048968490Z 16:57:58.048738 socketpair(AF_UNIX, SOCK_STREAM|SOCK_CLOEXEC, 0, [22, 23]) = 0
2023-07-22T16:57:58.049241160Z 16:57:58.049086 socketpair(AF_UNIX, SOCK_STREAM, 0, [24, 25]) = 0
2023-07-22T16:57:58.049640410Z 16:57:58.049443 socketpair(AF_UNIX, SOCK_STREAM, 0, [26, 28]) = 0
2023-07-22T16:57:58.050012660Z 16:57:58.049906 socketpair(AF_UNIX, SOCK_STREAM, 0, [58, 59]) = 0
2023-07-22T16:57:58.062407589Z broker.info[1]: rc3.0: running /etc/flux/rc3.d/01-sched-fluxion
2023-07-22T16:57:58.155378263Z broker.info[1]: rc3.0: /etc/flux/rc3 Exited (rc=0) 0.1s
2023-07-22T16:57:58.156523283Z broker.info[1]: rc3-success: finalize->goodbye 0.107632s
2023-07-22T16:57:58.158171323Z broker.info[1]: goodbye: goodbye->exit 1.12453ms
2023-07-22T16:57:58.166056512Z 16:57:58.165870 +++ exited with 0 +++
2023-07-22T16:57:58.167022412Z Return value for follower worker is 0
2023-07-22T16:57:58.167057352Z The follower worker exited cleanly. Goodbye!
