2023-07-22T17:17:41.889427835Z
2023-07-22T17:17:41.889594525Z Flux username: flux
2023-07-22T17:17:41.889766865Z
2023-07-22T17:17:41.889839045Z Flux install root: /usr
2023-07-22T17:17:41.933836041Z flux user is already added.
2023-07-22T17:17:41.935783801Z flux user identifiers:
2023-07-22T17:17:41.935797661Z uid=1234(flux) gid=1234(flux) groups=1234(flux)
2023-07-22T17:17:41.935864701Z
2023-07-22T17:17:41.935876771Z As Flux prefix for flux commands: sudo -u flux -E PYTHONPATH=/opt/conda/lib/python3.10/site-packages -E PATH=/opt/conda/bin:/usr/local/sbin:/usr/local/bin:/usr/sbin:/usr/bin:/sbin:/bin -E LD_LIBRARY_PATH=/opt/conda/lib -E HOME=/home/flux
2023-07-22T17:17:41.941835031Z
2023-07-22T17:17:41.941848851Z 👋 Hello, I'm flux-sample-6
2023-07-22T17:17:41.941853771Z The main host is flux-sample-0
2023-07-22T17:17:41.941858061Z The working directory is /home/flux/examples/reaxff/HNS, contents include:
2023-07-22T17:17:41.941861751Z /home/flux/examples/reaxff/HNS:
2023-07-22T17:17:41.941866231Z README.txt	ffield.reax.hns  log.8Mar18.reaxc.hns.g++.1
2023-07-22T17:17:41.941870071Z data.hns-equil	in.reaxc.hns	 log.8Mar18.reaxc.hns.g++.4
2023-07-22T17:17:41.941940621Z End of file listing, if you see nothing above there are no files.
2023-07-22T17:17:41.944396120Z flux R encode --hosts=flux-sample-[0-7]
2023-07-22T17:17:41.955869990Z
2023-07-22T17:17:41.956020800Z 📦 Resources
2023-07-22T17:17:41.957222470Z {"version": 1, "execution": {"R_lite": [{"rank": "0-7", "children": {"core": "0"}}], "starttime": 0.0, "expiration": 0.0, "nodelist": ["flux-sample-[0-7]"]}}
2023-07-22T17:17:41.957809030Z
2023-07-22T17:17:41.957896870Z 🐸 Diagnostics: false
2023-07-22T17:17:41.958185560Z 🚩️ Flux Option Flags defined
2023-07-22T17:17:41.962494229Z
2023-07-22T17:17:41.962509789Z 🦊 Independent Minister of Privilege
2023-07-22T17:17:41.963161959Z [exec]
2023-07-22T17:17:41.963172529Z allowed-users = [ "flux", "root" ]
2023-07-22T17:17:41.963177259Z allowed-shells = [ "/usr/libexec/flux/flux-shell" ]
2023-07-22T17:17:41.963305649Z
2023-07-22T17:17:41.963381619Z 🐸 Broker Configuration
2023-07-22T17:17:41.964184639Z # Flux needs to know the path to the IMP executable
2023-07-22T17:17:41.964195169Z [exec]
2023-07-22T17:17:41.964199249Z imp = "/usr/libexec/flux/flux-imp"
2023-07-22T17:17:41.964202569Z
2023-07-22T17:17:41.964206289Z [access]
2023-07-22T17:17:41.964209839Z allow-guest-user = true
2023-07-22T17:17:41.964213029Z allow-root-owner = true
2023-07-22T17:17:41.964216099Z
2023-07-22T17:17:41.964219599Z # Point to resource definition generated with flux-R(1).
2023-07-22T17:17:41.964223149Z [resource]
2023-07-22T17:17:41.964226849Z path = "/etc/flux/system/R"
2023-07-22T17:17:41.964230549Z
2023-07-22T17:17:41.964234519Z [bootstrap]
2023-07-22T17:17:41.964238319Z curve_cert = "/etc/curve/curve.cert"
2023-07-22T17:17:41.964242159Z default_port = 8050
2023-07-22T17:17:41.964246189Z default_bind = "tcp://eth0:%p"
2023-07-22T17:17:41.964250759Z default_connect = "tcp://%h.flux-service.flux-operator.svc.cluster.local:%p"
2023-07-22T17:17:41.964255469Z hosts = [
2023-07-22T17:17:41.964259429Z 	{ host="flux-sample-[0-7]"},
2023-07-22T17:17:41.964263369Z ]
2023-07-22T17:17:41.964267169Z [archive]
2023-07-22T17:17:41.964271409Z dbpath = "/var/lib/flux/job-archive.sqlite"
2023-07-22T17:17:41.964275149Z period = "1m"
2023-07-22T17:17:42.018057064Z busytimeout = "50s"
2023-07-22T17:17:42.018076044Z 🧊️ State Directory:
2023-07-22T17:17:42.018079575Z total 0
2023-07-22T17:17:42.018081535Z
2023-07-22T17:17:42.019721914Z
2023-07-22T17:17:42.019751984Z 🔒️ Working directory permissions:
2023-07-22T17:17:42.019758404Z total 96
2023-07-22T17:17:42.019763474Z -rwxrwxrwx 1 flux root  2517 May 17 22:32 README.txt
2023-07-22T17:17:42.019767304Z -rwxrwxrwx 1 flux root 54692 May 17 22:32 data.hns-equil
2023-07-22T17:17:42.019771154Z -rwxrwxrwx 1 flux root 13576 May 17 22:32 ffield.reax.hns
2023-07-22T17:17:42.019774674Z -rwxrwxrwx 1 flux root   870 May 17 22:32 in.reaxc.hns
2023-07-22T17:17:42.019779054Z -rwxrwxrwx 1 flux root  4172 May 17 22:32 log.8Mar18.reaxc.hns.g++.1
2023-07-22T17:17:42.019782524Z -rwxrwxrwx 1 flux root  4168 May 17 22:32 log.8Mar18.reaxc.hns.g++.4
2023-07-22T17:17:42.019785654Z
2023-07-22T17:17:42.019834184Z
2023-07-22T17:17:42.019842074Z ✨ Curve certificate generated by helper pod
2023-07-22T17:17:42.020445824Z #   ****  Generated on 2023-04-26 22:54:42 by CZMQ  ****
2023-07-22T17:17:42.020455794Z #   ZeroMQ CURVE **Secret** Certificate
2023-07-22T17:17:42.020461654Z #   DO NOT PROVIDE THIS FILE TO OTHER USERS nor change its permissions.
2023-07-22T17:17:42.020465934Z
2023-07-22T17:17:42.020470074Z metadata
2023-07-22T17:17:42.020474494Z     name = "flux-cert-generator"
2023-07-22T17:17:42.020478754Z     keygen.hostname = "flux-sample-0"
2023-07-22T17:17:42.020482644Z curve
2023-07-22T17:17:42.020486114Z     public-key = "nQVTcjpdd<Hq<JPdq=Wt2vy!4D/IF&QF}6eO%#wN"
2023-07-22T17:17:42.020489344Z     secret-key = "eC44)kFW.FWRgwEoU?dll]%jINueLWQWWE@Kp!yF"
2023-07-22T17:17:42.021513794Z
2023-07-22T17:17:42.021526324Z 🌀  flux start --wrap=strace,-e,network,-tt -o --config /etc/flux/config -Scron.directory=/etc/flux/system/cron.d   -Stbon.fanout=256   -Srundir=/run/flux    -Sstatedir=/var/lib/flux   -Slocal-uri=local:///run/flux/local -Stbon.connect_timeout=6s  -Stbon.zmqdebug=1  -Slog-stderr-level=6    -Slog-stderr-mode=local
2023-07-22T17:17:42.050475692Z 17:17:42.050230 socket(AF_NETLINK, SOCK_RAW, NETLINK_ROUTE) = 8
2023-07-22T17:17:42.050505342Z 17:17:42.050318 bind(8, {sa_family=AF_NETLINK, nl_pid=0, nl_groups=00000000}, 12) = 0
2023-07-22T17:17:42.050547892Z 17:17:42.050373 getsockname(8, {sa_family=AF_NETLINK, nl_pid=70, nl_groups=00000000}, [12]) = 0
2023-07-22T17:17:42.050668642Z 17:17:42.050419 sendto(8, {{len=20, type=RTM_GETADDR, flags=NLM_F_REQUEST|NLM_F_DUMP, seq=1690046262, pid=0}, {ifa_family=AF_UNSPEC, ...}}, 20, 0, {sa_family=AF_NETLINK, nl_pid=0, nl_groups=00000000}, 12) = 20
2023-07-22T17:17:42.050881382Z 17:17:42.050610 recvmsg(8, {msg_name={sa_family=AF_NETLINK, nl_pid=0, nl_groups=00000000}, msg_namelen=12, msg_iov=[{iov_base=[{{len=76, type=RTM_NEWADDR, flags=NLM_F_MULTI, seq=1690046262, pid=70}, {ifa_family=AF_INET, ifa_prefixlen=8, ifa_flags=IFA_F_PERMANENT, ifa_scope=RT_SCOPE_HOST, ifa_index=if_nametoindex("lo")}, [{{nla_len=8, nla_type=IFA_ADDRESS}, 127.0.0.1}, {{nla_len=8, nla_type=IFA_LOCAL}, 127.0.0.1}, {{nla_len=7, nla_type=IFA_LABEL}, "lo"}, {{nla_len=8, nla_type=IFA_FLAGS}, IFA_F_PERMANENT}, {{nla_len=20, nla_type=IFA_CACHEINFO}, {ifa_prefered=4294967295, ifa_valid=4294967295, cstamp=775092, tstamp=775092}}]}, {{len=88, type=RTM_NEWADDR, flags=NLM_F_MULTI, seq=1690046262, pid=70}, {ifa_family=AF_INET, ifa_prefixlen=24, ifa_flags=IFA_F_PERMANENT, ifa_scope=RT_SCOPE_UNIVERSE, ifa_index=if_nametoindex("eth0")}, [{{nla_len=8, nla_type=IFA_ADDRESS}, 10.116.6.86}, {{nla_len=8, nla_type=IFA_LOCAL}, 10.116.6.86}, {{nla_len=8, nla_type=IFA_BROADCAST}, 10.116.6.255}, {{nla_len=9, nla_type=IFA_LABEL}, "eth0"}, {{nla_len=8, nla_type=IFA_FLAGS}, IFA_F_PERMANENT}, {{nla_len=20, nla_type=IFA_CACHEINFO}, {ifa_prefered=4294967295, ifa_valid=4294967295, cstamp=775094, tstamp=775094}}]}], iov_len=4096}], msg_iovlen=1, msg_controllen=0, msg_flags=0}, 0) = 164
2023-07-22T17:17:42.050942372Z 17:17:42.050821 recvmsg(8, {msg_name={sa_family=AF_NETLINK, nl_pid=0, nl_groups=00000000}, msg_namelen=12, msg_iov=[{iov_base={{len=20, type=NLMSG_DONE, flags=NLM_F_MULTI, seq=1690046262, pid=70}, 0}, iov_len=4096}], msg_iovlen=1, msg_controllen=0, msg_flags=0}, 0) = 20
2023-07-22T17:17:42.051578942Z 17:17:42.051465 socket(AF_UNIX, SOCK_STREAM|SOCK_CLOEXEC|SOCK_NONBLOCK, 0) = 8
2023-07-22T17:17:42.051635682Z 17:17:42.051529 connect(8, {sa_family=AF_UNIX, sun_path="/var/run/nscd/socket"}, 110) = -1 ENOENT (No such file or directory)
2023-07-22T17:17:42.051784902Z 17:17:42.051675 socket(AF_UNIX, SOCK_STREAM|SOCK_CLOEXEC|SOCK_NONBLOCK, 0) = 8
2023-07-22T17:17:42.051850781Z 17:17:42.051753 connect(8, {sa_family=AF_UNIX, sun_path="/var/run/nscd/socket"}, 110) = -1 ENOENT (No such file or directory)
2023-07-22T17:17:42.053632651Z 17:17:42.053489 socket(AF_INET, SOCK_DGRAM|SOCK_CLOEXEC|SOCK_NONBLOCK, IPPROTO_IP) = 8
2023-07-22T17:17:42.053744682Z 17:17:42.053607 connect(8, {sa_family=AF_INET, sin_port=htons(53), sin_addr=inet_addr("10.120.0.10")}, 16) = 0
2023-07-22T17:17:42.054050461Z 17:17:42.053735 sendto(8, "%\215\1\0\0\1\0\0\0\0\0\0\rflux-sample-0\fflux-"..., 76, MSG_NOSIGNAL, NULL, 0) = 76
2023-07-22T17:17:42.057019191Z 17:17:42.056788 recvfrom(8, "%\215\205\200\0\1\0\1\0\0\0\0\rflux-sample-0\fflux-"..., 1024, 0, {sa_family=AF_INET, sin_port=htons(53), sin_addr=inet_addr("10.120.0.10")}, [28->16]) = 150
2023-07-22T17:17:42.059867721Z broker.info[6]: start: none->join 1.16029ms
2023-07-22T17:17:42.069097850Z broker.info[6]: parent-ready: join->init 9.1113ms
2023-07-22T17:17:42.069247170Z 17:17:42.069101 socketpair(AF_UNIX, SOCK_STREAM|SOCK_CLOEXEC, 0, [22, 23]) = 0
2023-07-22T17:17:42.069361790Z 17:17:42.069219 socketpair(AF_UNIX, SOCK_STREAM, 0, [24, 25]) = 0
2023-07-22T17:17:42.069488640Z 17:17:42.069371 socketpair(AF_UNIX, SOCK_STREAM, 0, [26, 27]) = 0
2023-07-22T17:17:42.069677480Z 17:17:42.069522 socketpair(AF_UNIX, SOCK_STREAM, 0, [28, 29]) = 0
2023-07-22T17:17:42.084321139Z broker.info[6]: configuration updated
2023-07-22T17:17:42.147631514Z broker.info[6]: rc1.0: running /etc/flux/rc1.d/01-sched-fluxion
2023-07-22T17:17:42.154627463Z broker.info[6]: rc1.0: running /etc/flux/rc1.d/02-cron
2023-07-22T17:17:42.168211292Z broker.info[6]: rc1.0: /etc/flux/rc1 Exited (rc=0) 0.1s
2023-07-22T17:17:42.168608162Z broker.info[6]: rc1-success: init->quorum 99.3901ms
2023-07-22T17:17:55.809713209Z broker.info[6]: quorum-full: quorum->run 13.6405s
2023-07-22T17:17:56.383327301Z 17:17:56.383027 socketpair(AF_UNIX, SOCK_STREAM|SOCK_CLOEXEC, 0, [22, 23]) = 0
2023-07-22T17:17:56.383390171Z 17:17:56.383148 socketpair(AF_UNIX, SOCK_STREAM, 0, [24, 25]) = 0
2023-07-22T17:17:56.383512251Z 17:17:56.383329 socketpair(AF_UNIX, SOCK_STREAM, 0, [26, 28]) = 0
2023-07-22T17:17:56.383744761Z 17:17:56.383556 socketpair(AF_UNIX, SOCK_STREAM, 0, [58, 59]) = 0
2023-07-22T17:17:56.384055631Z 17:17:56.383873 socketpair(AF_UNIX, SOCK_STREAM, 0, [60, 61]) = 0
2023-07-22T17:18:10.431435184Z broker.info[6]: shutdown: run->cleanup 14.6219s
2023-07-22T17:18:10.432814843Z broker.info[6]: cleanup-none: cleanup->shutdown 1.21406ms
2023-07-22T17:18:10.434633024Z broker.info[6]: children-none: shutdown->finalize 1.31329ms
2023-07-22T17:18:10.435159743Z 17:18:10.434761 socketpair(AF_UNIX, SOCK_STREAM|SOCK_CLOEXEC, 0, [22, 23]) = 0
2023-07-22T17:18:10.435169693Z 17:18:10.434913 socketpair(AF_UNIX, SOCK_STREAM, 0, [24, 25]) = 0
2023-07-22T17:18:10.435518183Z 17:18:10.435356 socketpair(AF_UNIX, SOCK_STREAM, 0, [26, 28]) = 0
2023-07-22T17:18:10.435953273Z 17:18:10.435708 socketpair(AF_UNIX, SOCK_STREAM, 0, [58, 59]) = 0
2023-07-22T17:18:10.448348362Z broker.info[6]: rc3.0: running /etc/flux/rc3.d/01-sched-fluxion
2023-07-22T17:18:10.533908975Z broker.info[6]: rc3.0: /etc/flux/rc3 Exited (rc=0) 0.1s
2023-07-22T17:18:10.534801815Z broker.info[6]: rc3-success: finalize->goodbye 99.9077ms
2023-07-22T17:18:10.536231955Z broker.info[6]: goodbye: goodbye->exit 1.08196ms
2023-07-22T17:18:10.543213134Z 17:18:10.543090 +++ exited with 0 +++
2023-07-22T17:18:10.544248634Z Return value for follower worker is 0
2023-07-22T17:18:10.544371784Z The follower worker exited cleanly. Goodbye!
