2023-07-22T17:23:32.225014615Z
2023-07-22T17:23:32.225053195Z Flux username: flux
2023-07-22T17:23:32.225109825Z
2023-07-22T17:23:32.225117685Z Flux install root: /usr
2023-07-22T17:23:32.256757592Z flux user is already added.
2023-07-22T17:23:32.258334572Z flux user identifiers:
2023-07-22T17:23:32.258406192Z uid=1234(flux) gid=1234(flux) groups=1234(flux)
2023-07-22T17:23:32.258507982Z
2023-07-22T17:23:32.258616202Z As Flux prefix for flux commands: sudo -u flux -E PYTHONPATH=/opt/conda/lib/python3.10/site-packages -E PATH=/opt/conda/bin:/usr/local/sbin:/usr/local/bin:/usr/sbin:/usr/bin:/sbin:/bin -E LD_LIBRARY_PATH=/opt/conda/lib -E HOME=/home/flux
2023-07-22T17:23:32.262909161Z
2023-07-22T17:23:32.262991292Z ðŸ‘‹ Hello, I'm flux-sample-1
2023-07-22T17:23:32.263098452Z The main host is flux-sample-0
2023-07-22T17:23:32.263188422Z The working directory is /home/flux/examples/reaxff/HNS, contents include:
2023-07-22T17:23:32.264205911Z /home/flux/examples/reaxff/HNS:
2023-07-22T17:23:32.264294071Z README.txt	ffield.reax.hns  log.8Mar18.reaxc.hns.g++.1
2023-07-22T17:23:32.264319051Z data.hns-equil	in.reaxc.hns	 log.8Mar18.reaxc.hns.g++.4
2023-07-22T17:23:32.264399191Z End of file listing, if you see nothing above there are no files.
2023-07-22T17:23:32.265553232Z flux R encode --hosts=flux-sample-[0-7]
2023-07-22T17:23:32.275732870Z
2023-07-22T17:23:32.275755781Z ðŸ“¦ Resources
2023-07-22T17:23:32.276491671Z {"version": 1, "execution": {"R_lite": [{"rank": "0-7", "children": {"core": "0"}}], "starttime": 0.0, "expiration": 0.0, "nodelist": ["flux-sample-[0-7]"]}}
2023-07-22T17:23:32.276703930Z
2023-07-22T17:23:32.276715770Z ðŸ¸ Diagnostics: false
2023-07-22T17:23:32.276788361Z ðŸš©ï¸ Flux Option Flags defined
2023-07-22T17:23:32.278813170Z
2023-07-22T17:23:32.278827120Z ðŸ¦Š Independent Minister of Privilege
2023-07-22T17:23:32.279449190Z [exec]
2023-07-22T17:23:32.279458970Z allowed-users = [ "flux", "root" ]
2023-07-22T17:23:32.279464330Z allowed-shells = [ "/usr/libexec/flux/flux-shell" ]
2023-07-22T17:23:32.279621440Z
2023-07-22T17:23:32.279633400Z ðŸ¸ Broker Configuration
2023-07-22T17:23:32.280283170Z # Flux needs to know the path to the IMP executable
2023-07-22T17:23:32.280292550Z [exec]
2023-07-22T17:23:32.280297210Z imp = "/usr/libexec/flux/flux-imp"
2023-07-22T17:23:32.280300920Z
2023-07-22T17:23:32.280305020Z [access]
2023-07-22T17:23:32.280309690Z allow-guest-user = true
2023-07-22T17:23:32.280313310Z allow-root-owner = true
2023-07-22T17:23:32.280316680Z
2023-07-22T17:23:32.280320320Z # Point to resource definition generated with flux-R(1).
2023-07-22T17:23:32.280323740Z [resource]
2023-07-22T17:23:32.280327350Z path = "/etc/flux/system/R"
2023-07-22T17:23:32.280330190Z
2023-07-22T17:23:32.280333900Z [bootstrap]
2023-07-22T17:23:32.280337780Z curve_cert = "/etc/curve/curve.cert"
2023-07-22T17:23:32.280341330Z default_port = 8050
2023-07-22T17:23:32.280345040Z default_bind = "tcp://eth0:%p"
2023-07-22T17:23:32.280349030Z default_connect = "tcp://%h.flux-service.flux-operator.svc.cluster.local:%p"
2023-07-22T17:23:32.280352780Z hosts = [
2023-07-22T17:23:32.280356890Z 	{ host="flux-sample-[0-7]"},
2023-07-22T17:23:32.280360460Z ]
2023-07-22T17:23:32.280364410Z [archive]
2023-07-22T17:23:32.280367910Z dbpath = "/var/lib/flux/job-archive.sqlite"
2023-07-22T17:23:32.280371600Z period = "1m"
2023-07-22T17:23:32.337989785Z busytimeout = "50s"
2023-07-22T17:23:32.338022685Z ðŸ§Šï¸ State Directory:
2023-07-22T17:23:32.338027885Z total 0
2023-07-22T17:23:32.338030835Z
2023-07-22T17:23:32.339322435Z
2023-07-22T17:23:32.339341125Z ðŸ”’ï¸ Working directory permissions:
2023-07-22T17:23:32.339448015Z total 96
2023-07-22T17:23:32.339458705Z -rwxrwxrwx 1 flux root  2517 May 17 22:32 README.txt
2023-07-22T17:23:32.339594655Z -rwxrwxrwx 1 flux root 54692 May 17 22:32 data.hns-equil
2023-07-22T17:23:32.339605025Z -rwxrwxrwx 1 flux root 13576 May 17 22:32 ffield.reax.hns
2023-07-22T17:23:32.339609395Z -rwxrwxrwx 1 flux root   870 May 17 22:32 in.reaxc.hns
2023-07-22T17:23:32.339613425Z -rwxrwxrwx 1 flux root  4172 May 17 22:32 log.8Mar18.reaxc.hns.g++.1
2023-07-22T17:23:32.339617065Z -rwxrwxrwx 1 flux root  4168 May 17 22:32 log.8Mar18.reaxc.hns.g++.4
2023-07-22T17:23:32.339621165Z
2023-07-22T17:23:32.339772055Z
2023-07-22T17:23:32.339781555Z âœ¨ Curve certificate generated by helper pod
2023-07-22T17:23:32.340612055Z #   ****  Generated on 2023-04-26 22:54:42 by CZMQ  ****
2023-07-22T17:23:32.340623555Z #   ZeroMQ CURVE **Secret** Certificate
2023-07-22T17:23:32.340627445Z #   DO NOT PROVIDE THIS FILE TO OTHER USERS nor change its permissions.
2023-07-22T17:23:32.340630885Z
2023-07-22T17:23:32.340634295Z metadata
2023-07-22T17:23:32.340638625Z     name = "flux-cert-generator"
2023-07-22T17:23:32.340642035Z     keygen.hostname = "flux-sample-0"
2023-07-22T17:23:32.340645315Z curve
2023-07-22T17:23:32.340648565Z     public-key = "X19C.9.0>+Nv&Zee@2[Xf.Z-:)es^0V9arbg.EGs"
2023-07-22T17:23:32.340652215Z     secret-key = "J*w%5W8MX]=-ka4OSpSSQ*>t@l1?F&q4dSEcYcKV"
2023-07-22T17:23:32.342098375Z
2023-07-22T17:23:32.342111075Z ðŸŒ€  flux start --wrap=strace,-e,network,-tt -o --config /etc/flux/config -Scron.directory=/etc/flux/system/cron.d   -Stbon.fanout=256   -Srundir=/run/flux    -Sstatedir=/var/lib/flux   -Slocal-uri=local:///run/flux/local -Stbon.connect_timeout=10s  -Stbon.zmqdebug=1  -Slog-stderr-level=6    -Slog-stderr-mode=local
2023-07-22T17:23:32.372092373Z 17:23:32.371786 socket(AF_NETLINK, SOCK_RAW, NETLINK_ROUTE) = 8
2023-07-22T17:23:32.372282452Z 17:23:32.372126 bind(8, {sa_family=AF_NETLINK, nl_pid=0, nl_groups=00000000}, 12) = 0
2023-07-22T17:23:32.372491792Z 17:23:32.372204 getsockname(8, {sa_family=AF_NETLINK, nl_pid=71, nl_groups=00000000}, [12]) = 0
2023-07-22T17:23:32.372746452Z 17:23:32.372446 sendto(8, {{len=20, type=RTM_GETADDR, flags=NLM_F_REQUEST|NLM_F_DUMP, seq=1690046612, pid=0}, {ifa_family=AF_UNSPEC, ...}}, 20, 0, {sa_family=AF_NETLINK, nl_pid=0, nl_groups=00000000}, 12) = 20
2023-07-22T17:23:32.373167562Z 17:23:32.372791 recvmsg(8, {msg_name={sa_family=AF_NETLINK, nl_pid=0, nl_groups=00000000}, msg_namelen=12, msg_iov=[{iov_base=[{{len=76, type=RTM_NEWADDR, flags=NLM_F_MULTI, seq=1690046612, pid=71}, {ifa_family=AF_INET, ifa_prefixlen=8, ifa_flags=IFA_F_PERMANENT, ifa_scope=RT_SCOPE_HOST, ifa_index=if_nametoindex("lo")}, [{{nla_len=8, nla_type=IFA_ADDRESS}, 127.0.0.1}, {{nla_len=8, nla_type=IFA_LOCAL}, 127.0.0.1}, {{nla_len=7, nla_type=IFA_LABEL}, "lo"}, {{nla_len=8, nla_type=IFA_FLAGS}, IFA_F_PERMANENT}, {{nla_len=20, nla_type=IFA_CACHEINFO}, {ifa_prefered=4294967295, ifa_valid=4294967295, cstamp=810133, tstamp=810133}}]}, {{len=88, type=RTM_NEWADDR, flags=NLM_F_MULTI, seq=1690046612, pid=71}, {ifa_family=AF_INET, ifa_prefixlen=24, ifa_flags=IFA_F_PERMANENT, ifa_scope=RT_SCOPE_UNIVERSE, ifa_index=if_nametoindex("eth0")}, [{{nla_len=8, nla_type=IFA_ADDRESS}, 10.116.6.96}, {{nla_len=8, nla_type=IFA_LOCAL}, 10.116.6.96}, {{nla_len=8, nla_type=IFA_BROADCAST}, 10.116.6.255}, {{nla_len=9, nla_type=IFA_LABEL}, "eth0"}, {{nla_len=8, nla_type=IFA_FLAGS}, IFA_F_PERMANENT}, {{nla_len=20, nla_type=IFA_CACHEINFO}, {ifa_prefered=4294967295, ifa_valid=4294967295, cstamp=810136, tstamp=810136}}]}], iov_len=4096}], msg_iovlen=1, msg_controllen=0, msg_flags=0}, 0) = 164
2023-07-22T17:23:32.373483982Z 17:23:32.373265 recvmsg(8, {msg_name={sa_family=AF_NETLINK, nl_pid=0, nl_groups=00000000}, msg_namelen=12, msg_iov=[{iov_base={{len=20, type=NLMSG_DONE, flags=NLM_F_MULTI, seq=1690046612, pid=71}, 0}, iov_len=4096}], msg_iovlen=1, msg_controllen=0, msg_flags=0}, 0) = 20
2023-07-22T17:23:32.373958723Z 17:23:32.373773 socket(AF_UNIX, SOCK_STREAM|SOCK_CLOEXEC|SOCK_NONBLOCK, 0) = 8
2023-07-22T17:23:32.374192822Z 17:23:32.373975 connect(8, {sa_family=AF_UNIX, sun_path="/var/run/nscd/socket"}, 110) = -1 ENOENT (No such file or directory)
2023-07-22T17:23:32.374409863Z 17:23:32.374218 socket(AF_UNIX, SOCK_STREAM|SOCK_CLOEXEC|SOCK_NONBLOCK, 0) = 8
2023-07-22T17:23:32.374608782Z 17:23:32.374340 connect(8, {sa_family=AF_UNIX, sun_path="/var/run/nscd/socket"}, 110) = -1 ENOENT (No such file or directory)
2023-07-22T17:23:32.375481652Z 17:23:32.375296 socket(AF_INET, SOCK_DGRAM|SOCK_CLOEXEC|SOCK_NONBLOCK, IPPROTO_IP) = 8
2023-07-22T17:23:32.375703162Z 17:23:32.375498 connect(8, {sa_family=AF_INET, sin_port=htons(53), sin_addr=inet_addr("10.120.0.10")}, 16) = 0
2023-07-22T17:23:32.375937582Z 17:23:32.375685 sendto(8, "[W\1\0\0\1\0\0\0\0\0\0\rflux-sample-0\fflux-"..., 76, MSG_NOSIGNAL, NULL, 0) = 76
2023-07-22T17:23:32.376501182Z 17:23:32.376310 recvfrom(8, "[W\205\200\0\1\0\1\0\0\0\0\rflux-sample-0\fflux-"..., 1024, 0, {sa_family=AF_INET, sin_port=htons(53), sin_addr=inet_addr("10.120.0.10")}, [28->16]) = 150
2023-07-22T17:23:32.381839692Z broker.info[1]: start: none->join 1.32694ms
2023-07-22T17:23:42.574505034Z broker.info[1]: parent-ready: join->init 10.1923s
2023-07-22T17:23:42.574833214Z 17:23:42.574585 socketpair(AF_UNIX, SOCK_STREAM|SOCK_CLOEXEC, 0, [22, 23]) = 0
2023-07-22T17:23:42.575019024Z 17:23:42.574849 socketpair(AF_UNIX, SOCK_STREAM, 0, [24, 25]) = 0
2023-07-22T17:23:42.575284654Z 17:23:42.575099 socketpair(AF_UNIX, SOCK_STREAM, 0, [26, 27]) = 0
2023-07-22T17:23:42.575576104Z 17:23:42.575354 socketpair(AF_UNIX, SOCK_STREAM, 0, [28, 29]) = 0
2023-07-22T17:23:42.591812173Z broker.info[1]: configuration updated
2023-07-22T17:23:42.673280006Z broker.info[1]: rc1.0: running /etc/flux/rc1.d/01-sched-fluxion
2023-07-22T17:23:42.680595605Z broker.info[1]: rc1.0: running /etc/flux/rc1.d/02-cron
2023-07-22T17:23:42.694308454Z broker.info[1]: rc1.0: /etc/flux/rc1 Exited (rc=0) 0.1s
2023-07-22T17:23:42.695061434Z broker.info[1]: rc1-success: init->quorum 0.120387s
2023-07-22T17:23:44.370762035Z broker.info[1]: quorum-full: quorum->run 1.67519s
2023-07-22T17:23:45.062614456Z 17:23:45.062325 socketpair(AF_UNIX, SOCK_STREAM|SOCK_CLOEXEC, 0, [22, 23]) = 0
2023-07-22T17:23:45.062840296Z 17:23:45.062503 socketpair(AF_UNIX, SOCK_STREAM, 0, [24, 25]) = 0
2023-07-22T17:23:45.062851076Z 17:23:45.062736 socketpair(AF_UNIX, SOCK_STREAM, 0, [26, 28]) = 0
2023-07-22T17:23:45.063003406Z 17:23:45.062879 socketpair(AF_UNIX, SOCK_STREAM, 0, [58, 59]) = 0
2023-07-22T17:23:45.063137016Z 17:23:45.063007 socketpair(AF_UNIX, SOCK_STREAM, 0, [60, 61]) = 0
2023-07-22T17:23:59.584359911Z broker.info[1]: shutdown: run->cleanup 15.2136s
2023-07-22T17:23:59.586250431Z broker.info[1]: cleanup-none: cleanup->shutdown 1.22115ms
2023-07-22T17:23:59.587715540Z broker.info[1]: children-none: shutdown->finalize 1.04672ms
2023-07-22T17:23:59.588245471Z 17:23:59.587990 socketpair(AF_UNIX, SOCK_STREAM|SOCK_CLOEXEC, 0, [22, 23]) = 0
2023-07-22T17:23:59.588556850Z 17:23:59.588192 socketpair(AF_UNIX, SOCK_STREAM, 0, [24, 25]) = 0
2023-07-22T17:23:59.588998341Z 17:23:59.588822 socketpair(AF_UNIX, SOCK_STREAM, 0, [26, 28]) = 0
2023-07-22T17:23:59.589328300Z 17:23:59.589193 socketpair(AF_UNIX, SOCK_STREAM, 0, [58, 59]) = 0
2023-07-22T17:23:59.605317200Z broker.info[1]: rc3.0: running /etc/flux/rc3.d/01-sched-fluxion
2023-07-22T17:23:59.703355592Z broker.info[1]: rc3.0: /etc/flux/rc3 Exited (rc=0) 0.1s
2023-07-22T17:23:59.704325252Z broker.info[1]: rc3-success: finalize->goodbye 0.116212s
2023-07-22T17:23:59.705719021Z broker.info[1]: goodbye: goodbye->exit 1.02101ms
2023-07-22T17:23:59.712968431Z 17:23:59.712825 +++ exited with 0 +++
2023-07-22T17:23:59.713887371Z Return value for follower worker is 0
2023-07-22T17:23:59.713907731Z The follower worker exited cleanly. Goodbye!
