2023-07-22T17:00:53.445068898Z
2023-07-22T17:00:53.445120148Z Flux username: flux
2023-07-22T17:00:53.445126398Z
2023-07-22T17:00:53.445131208Z Flux install root: /usr
2023-07-22T17:00:53.478102736Z flux user is already added.
2023-07-22T17:00:53.480397297Z flux user identifiers:
2023-07-22T17:00:53.480417677Z uid=1234(flux) gid=1234(flux) groups=1234(flux)
2023-07-22T17:00:53.480523266Z
2023-07-22T17:00:53.480535657Z As Flux prefix for flux commands: sudo -u flux -E PYTHONPATH=/opt/conda/lib/python3.10/site-packages -E PATH=/opt/conda/bin:/usr/local/sbin:/usr/local/bin:/usr/sbin:/usr/bin:/sbin:/bin -E LD_LIBRARY_PATH=/opt/conda/lib -E HOME=/home/flux
2023-07-22T17:00:53.485717266Z
2023-07-22T17:00:53.485742546Z 👋 Hello, I'm flux-sample-3
2023-07-22T17:00:53.485747986Z The main host is flux-sample-0
2023-07-22T17:00:53.485753157Z The working directory is /home/flux/examples/reaxff/HNS, contents include:
2023-07-22T17:00:53.486871466Z /home/flux/examples/reaxff/HNS:
2023-07-22T17:00:53.486886646Z README.txt	ffield.reax.hns  log.8Mar18.reaxc.hns.g++.1
2023-07-22T17:00:53.486940437Z data.hns-equil	in.reaxc.hns	 log.8Mar18.reaxc.hns.g++.4
2023-07-22T17:00:53.487190336Z End of file listing, if you see nothing above there are no files.
2023-07-22T17:00:53.488242976Z flux R encode --hosts=flux-sample-[0-7]
2023-07-22T17:00:53.498614806Z
2023-07-22T17:00:53.498642886Z 📦 Resources
2023-07-22T17:00:53.499512896Z {"version": 1, "execution": {"R_lite": [{"rank": "0-7", "children": {"core": "0"}}], "starttime": 0.0, "expiration": 0.0, "nodelist": ["flux-sample-[0-7]"]}}
2023-07-22T17:00:53.499721506Z
2023-07-22T17:00:53.499734196Z 🐸 Diagnostics: false
2023-07-22T17:00:53.499925626Z 🚩️ Flux Option Flags defined
2023-07-22T17:00:53.502201206Z
2023-07-22T17:00:53.502215186Z 🦊 Independent Minister of Privilege
2023-07-22T17:00:53.502997116Z [exec]
2023-07-22T17:00:53.503010486Z allowed-users = [ "flux", "root" ]
2023-07-22T17:00:53.503015946Z allowed-shells = [ "/usr/libexec/flux/flux-shell" ]
2023-07-22T17:00:53.503144806Z
2023-07-22T17:00:53.503156426Z 🐸 Broker Configuration
2023-07-22T17:00:53.503860896Z # Flux needs to know the path to the IMP executable
2023-07-22T17:00:53.503872556Z [exec]
2023-07-22T17:00:53.503877366Z imp = "/usr/libexec/flux/flux-imp"
2023-07-22T17:00:53.503881256Z
2023-07-22T17:00:53.503884846Z [access]
2023-07-22T17:00:53.503889436Z allow-guest-user = true
2023-07-22T17:00:53.503893026Z allow-root-owner = true
2023-07-22T17:00:53.503895896Z
2023-07-22T17:00:53.503899106Z # Point to resource definition generated with flux-R(1).
2023-07-22T17:00:53.503902356Z [resource]
2023-07-22T17:00:53.503906876Z path = "/etc/flux/system/R"
2023-07-22T17:00:53.503910326Z
2023-07-22T17:00:53.503913676Z [bootstrap]
2023-07-22T17:00:53.503935986Z curve_cert = "/etc/curve/curve.cert"
2023-07-22T17:00:53.503940796Z default_port = 8050
2023-07-22T17:00:53.503944146Z default_bind = "tcp://eth0:%p"
2023-07-22T17:00:53.503948606Z default_connect = "tcp://%h.flux-service.flux-operator.svc.cluster.local:%p"
2023-07-22T17:00:53.503952326Z hosts = [
2023-07-22T17:00:53.503955546Z 	{ host="flux-sample-[0-7]"},
2023-07-22T17:00:53.503959176Z ]
2023-07-22T17:00:53.503962176Z [archive]
2023-07-22T17:00:53.503965106Z dbpath = "/var/lib/flux/job-archive.sqlite"
2023-07-22T17:00:53.503968666Z period = "1m"
2023-07-22T17:00:53.566042474Z busytimeout = "50s"
2023-07-22T17:00:53.566071894Z 🧊️ State Directory:
2023-07-22T17:00:53.566076664Z total 0
2023-07-22T17:00:53.566080094Z
2023-07-22T17:00:53.567776914Z
2023-07-22T17:00:53.567812334Z 🔒️ Working directory permissions:
2023-07-22T17:00:53.567836924Z total 96
2023-07-22T17:00:53.567843874Z -rwxrwxrwx 1 flux root  2517 May 17 22:32 README.txt
2023-07-22T17:00:53.567847964Z -rwxrwxrwx 1 flux root 54692 May 17 22:32 data.hns-equil
2023-07-22T17:00:53.567851504Z -rwxrwxrwx 1 flux root 13576 May 17 22:32 ffield.reax.hns
2023-07-22T17:00:53.567855284Z -rwxrwxrwx 1 flux root   870 May 17 22:32 in.reaxc.hns
2023-07-22T17:00:53.567861084Z -rwxrwxrwx 1 flux root  4172 May 17 22:32 log.8Mar18.reaxc.hns.g++.1
2023-07-22T17:00:53.567865124Z -rwxrwxrwx 1 flux root  4168 May 17 22:32 log.8Mar18.reaxc.hns.g++.4
2023-07-22T17:00:53.567868914Z
2023-07-22T17:00:53.568007234Z
2023-07-22T17:00:53.568069864Z ✨ Curve certificate generated by helper pod
2023-07-22T17:00:53.568832224Z #   ****  Generated on 2023-04-26 22:54:42 by CZMQ  ****
2023-07-22T17:00:53.568844434Z #   ZeroMQ CURVE **Secret** Certificate
2023-07-22T17:00:53.568867284Z #   DO NOT PROVIDE THIS FILE TO OTHER USERS nor change its permissions.
2023-07-22T17:00:53.568871554Z
2023-07-22T17:00:53.568874924Z metadata
2023-07-22T17:00:53.568880674Z     name = "flux-cert-generator"
2023-07-22T17:00:53.568883764Z     keygen.hostname = "flux-sample-0"
2023-07-22T17:00:53.568886724Z curve
2023-07-22T17:00:53.568889564Z     public-key = "mvG&E0k}<G5=15TL/L/7hekr1&W-t}J0:jhL1YdQ"
2023-07-22T17:00:53.568893174Z     secret-key = ":F8rV}$*2.TJEM7hZ7p?Y^5hAdTlZyMhCtHzL1o>"
2023-07-22T17:00:55.571361912Z
2023-07-22T17:00:55.571416012Z 🌀  flux start --wrap=strace,-e,network,-tt -o --config /etc/flux/config -Scron.directory=/etc/flux/system/cron.d   -Stbon.fanout=256   -Srundir=/run/flux    -Sstatedir=/var/lib/flux   -Slocal-uri=local:///run/flux/local -Stbon.connect_timeout=8s  -Stbon.zmqdebug=1  -Slog-stderr-level=6    -Slog-stderr-mode=local
2023-07-22T17:00:55.596439820Z 17:00:55.596155 socket(AF_NETLINK, SOCK_RAW, NETLINK_ROUTE) = 8
2023-07-22T17:00:55.596625480Z 17:00:55.596449 bind(8, {sa_family=AF_NETLINK, nl_pid=0, nl_groups=00000000}, 12) = 0
2023-07-22T17:00:55.596809040Z 17:00:55.596636 getsockname(8, {sa_family=AF_NETLINK, nl_pid=71, nl_groups=00000000}, [12]) = 0
2023-07-22T17:00:55.597455690Z 17:00:55.597112 sendto(8, {{len=20, type=RTM_GETADDR, flags=NLM_F_REQUEST|NLM_F_DUMP, seq=1690045255, pid=0}, {ifa_family=AF_UNSPEC, ...}}, 20, 0, {sa_family=AF_NETLINK, nl_pid=0, nl_groups=00000000}, 12) = 20
2023-07-22T17:00:55.597905540Z 17:00:55.597396 recvmsg(8, {msg_name={sa_family=AF_NETLINK, nl_pid=0, nl_groups=00000000}, msg_namelen=12, msg_iov=[{iov_base=[{{len=76, type=RTM_NEWADDR, flags=NLM_F_MULTI, seq=1690045255, pid=71}, {ifa_family=AF_INET, ifa_prefixlen=8, ifa_flags=IFA_F_PERMANENT, ifa_scope=RT_SCOPE_HOST, ifa_index=if_nametoindex("lo")}, [{{nla_len=8, nla_type=IFA_ADDRESS}, 127.0.0.1}, {{nla_len=8, nla_type=IFA_LOCAL}, 127.0.0.1}, {{nla_len=7, nla_type=IFA_LABEL}, "lo"}, {{nla_len=8, nla_type=IFA_FLAGS}, IFA_F_PERMANENT}, {{nla_len=20, nla_type=IFA_CACHEINFO}, {ifa_prefered=4294967295, ifa_valid=4294967295, cstamp=674323, tstamp=674323}}]}, {{len=88, type=RTM_NEWADDR, flags=NLM_F_MULTI, seq=1690045255, pid=71}, {ifa_family=AF_INET, ifa_prefixlen=24, ifa_flags=IFA_F_PERMANENT, ifa_scope=RT_SCOPE_UNIVERSE, ifa_index=if_nametoindex("eth0")}, [{{nla_len=8, nla_type=IFA_ADDRESS}, 10.116.2.59}, {{nla_len=8, nla_type=IFA_LOCAL}, 10.116.2.59}, {{nla_len=8, nla_type=IFA_BROADCAST}, 10.116.2.255}, {{nla_len=9, nla_type=IFA_LABEL}, "eth0"}, {{nla_len=8, nla_type=IFA_FLAGS}, IFA_F_PERMANENT}, {{nla_len=20, nla_type=IFA_CACHEINFO}, {ifa_prefered=4294967295, ifa_valid=4294967295, cstamp=674325, tstamp=674325}}]}], iov_len=4096}], msg_iovlen=1, msg_controllen=0, msg_flags=0}, 0) = 164
2023-07-22T17:00:55.597986250Z 17:00:55.597858 recvmsg(8, {msg_name={sa_family=AF_NETLINK, nl_pid=0, nl_groups=00000000}, msg_namelen=12, msg_iov=[{iov_base={{len=20, type=NLMSG_DONE, flags=NLM_F_MULTI, seq=1690045255, pid=71}, 0}, iov_len=4096}], msg_iovlen=1, msg_controllen=0, msg_flags=0}, 0) = 20
2023-07-22T17:00:55.599628030Z 17:00:55.599402 socket(AF_UNIX, SOCK_STREAM|SOCK_CLOEXEC|SOCK_NONBLOCK, 0) = 8
2023-07-22T17:00:55.599652300Z 17:00:55.599469 connect(8, {sa_family=AF_UNIX, sun_path="/var/run/nscd/socket"}, 110) = -1 ENOENT (No such file or directory)
2023-07-22T17:00:55.599675610Z 17:00:55.599565 socket(AF_UNIX, SOCK_STREAM|SOCK_CLOEXEC|SOCK_NONBLOCK, 0) = 8
2023-07-22T17:00:55.599733450Z 17:00:55.599609 connect(8, {sa_family=AF_UNIX, sun_path="/var/run/nscd/socket"}, 110) = -1 ENOENT (No such file or directory)
2023-07-22T17:00:55.601801140Z 17:00:55.601642 socket(AF_INET, SOCK_DGRAM|SOCK_CLOEXEC|SOCK_NONBLOCK, IPPROTO_IP) = 8
2023-07-22T17:00:55.601974110Z 17:00:55.601698 connect(8, {sa_family=AF_INET, sin_port=htons(53), sin_addr=inet_addr("10.120.0.10")}, 16) = 0
2023-07-22T17:00:55.602069510Z 17:00:55.601786 sendto(8, "\235\323\1\0\0\1\0\0\0\0\0\0\rflux-sample-0\fflux-"..., 76, MSG_NOSIGNAL, NULL, 0) = 76
2023-07-22T17:00:55.605416170Z 17:00:55.605199 recvfrom(8, "\235\323\205\200\0\1\0\1\0\0\0\0\rflux-sample-0\fflux-"..., 1024, 0, {sa_family=AF_INET, sin_port=htons(53), sin_addr=inet_addr("10.120.0.10")}, [28->16]) = 150
2023-07-22T17:00:55.608454920Z broker.info[3]: start: none->join 1.29258ms
2023-07-22T17:00:55.617638059Z broker.info[3]: parent-ready: join->init 9.07597ms
2023-07-22T17:00:55.617750019Z 17:00:55.617601 socketpair(AF_UNIX, SOCK_STREAM|SOCK_CLOEXEC, 0, [22, 23]) = 0
2023-07-22T17:00:55.617942639Z 17:00:55.617708 socketpair(AF_UNIX, SOCK_STREAM, 0, [24, 25]) = 0
2023-07-22T17:00:55.618259329Z 17:00:55.618100 socketpair(AF_UNIX, SOCK_STREAM, 0, [26, 27]) = 0
2023-07-22T17:00:55.618568969Z 17:00:55.618393 socketpair(AF_UNIX, SOCK_STREAM, 0, [28, 29]) = 0
2023-07-22T17:00:55.632875079Z broker.info[3]: configuration updated
2023-07-22T17:00:55.705047997Z broker.info[3]: rc1.0: running /etc/flux/rc1.d/01-sched-fluxion
2023-07-22T17:00:55.713594876Z broker.info[3]: rc1.0: running /etc/flux/rc1.d/02-cron
2023-07-22T17:00:55.727873306Z broker.info[3]: rc1.0: /etc/flux/rc1 Exited (rc=0) 0.1s
2023-07-22T17:00:55.728167336Z broker.info[3]: rc1-success: init->quorum 0.110437s
2023-07-22T17:01:04.145363312Z broker.info[3]: quorum-full: quorum->run 8.41696s
2023-07-22T17:01:04.620360707Z 17:01:04.619935 socketpair(AF_UNIX, SOCK_STREAM|SOCK_CLOEXEC, 0, [22, 23]) = 0
2023-07-22T17:01:04.620991737Z 17:01:04.620792 socketpair(AF_UNIX, SOCK_STREAM, 0, [24, 25]) = 0
2023-07-22T17:01:04.621130477Z 17:01:04.620996 socketpair(AF_UNIX, SOCK_STREAM, 0, [26, 28]) = 0
2023-07-22T17:01:04.621321697Z 17:01:04.621190 socketpair(AF_UNIX, SOCK_STREAM, 0, [58, 59]) = 0
2023-07-22T17:01:04.621569987Z 17:01:04.621371 socketpair(AF_UNIX, SOCK_STREAM, 0, [60, 61]) = 0
2023-07-22T17:01:18.390428626Z broker.info[3]: shutdown: run->cleanup 14.2446s
2023-07-22T17:01:18.390791576Z broker.info[3]: cleanup-none: cleanup->shutdown 0.41161ms
2023-07-22T17:01:18.391295206Z broker.info[3]: children-none: shutdown->finalize 0.38982ms
2023-07-22T17:01:18.391909246Z 17:01:18.391630 socketpair(AF_UNIX, SOCK_STREAM|SOCK_CLOEXEC, 0, [22, 23]) = 0
2023-07-22T17:01:18.392120256Z 17:01:18.391807 socketpair(AF_UNIX, SOCK_STREAM, 0, [24, 25]) = 0
2023-07-22T17:01:18.392353186Z 17:01:18.392168 socketpair(AF_UNIX, SOCK_STREAM, 0, [26, 28]) = 0
2023-07-22T17:01:18.392568676Z 17:01:18.392410 socketpair(AF_UNIX, SOCK_STREAM, 0, [58, 59]) = 0
2023-07-22T17:01:18.410837905Z broker.info[3]: rc3.0: running /etc/flux/rc3.d/01-sched-fluxion
2023-07-22T17:01:18.516300471Z broker.info[3]: rc3.0: /etc/flux/rc3 Exited (rc=0) 0.1s
2023-07-22T17:01:18.517445020Z broker.info[3]: rc3-success: finalize->goodbye 0.125641s
2023-07-22T17:01:18.519002861Z broker.info[3]: goodbye: goodbye->exit 1.12308ms
2023-07-22T17:01:18.527026870Z 17:01:18.526887 +++ exited with 0 +++
2023-07-22T17:01:18.528057210Z Return value for follower worker is 0
2023-07-22T17:01:18.528076080Z The follower worker exited cleanly. Goodbye!
