2023-07-22T17:13:52.510343984Z
2023-07-22T17:13:52.510404664Z Flux username: flux
2023-07-22T17:13:52.510410364Z
2023-07-22T17:13:52.510414244Z Flux install root: /usr
2023-07-22T17:13:52.547922803Z flux user is already added.
2023-07-22T17:13:52.549627363Z flux user identifiers:
2023-07-22T17:13:52.549649213Z uid=1234(flux) gid=1234(flux) groups=1234(flux)
2023-07-22T17:13:52.549654443Z
2023-07-22T17:13:52.549658863Z As Flux prefix for flux commands: sudo -u flux -E PYTHONPATH=/opt/conda/lib/python3.10/site-packages -E PATH=/opt/conda/bin:/usr/local/sbin:/usr/local/bin:/usr/sbin:/usr/bin:/sbin:/bin -E LD_LIBRARY_PATH=/opt/conda/lib -E HOME=/home/flux
2023-07-22T17:13:52.553955053Z
2023-07-22T17:13:52.553978533Z ðŸ‘‹ Hello, I'm flux-sample-5
2023-07-22T17:13:52.553983343Z The main host is flux-sample-0
2023-07-22T17:13:52.553988483Z The working directory is /home/flux/examples/reaxff/HNS, contents include:
2023-07-22T17:13:52.554989263Z /home/flux/examples/reaxff/HNS:
2023-07-22T17:13:52.555004023Z README.txt	ffield.reax.hns  log.8Mar18.reaxc.hns.g++.1
2023-07-22T17:13:52.555008433Z data.hns-equil	in.reaxc.hns	 log.8Mar18.reaxc.hns.g++.4
2023-07-22T17:13:52.555251743Z End of file listing, if you see nothing above there are no files.
2023-07-22T17:13:52.556219322Z flux R encode --hosts=flux-sample-[0-7]
2023-07-22T17:13:52.565882582Z
2023-07-22T17:13:52.565925782Z ðŸ“¦ Resources
2023-07-22T17:13:52.566779062Z {"version": 1, "execution": {"R_lite": [{"rank": "0-7", "children": {"core": "0"}}], "starttime": 0.0, "expiration": 0.0, "nodelist": ["flux-sample-[0-7]"]}}
2023-07-22T17:13:52.566918272Z
2023-07-22T17:13:52.566930242Z ðŸ¸ Diagnostics: false
2023-07-22T17:13:52.567064732Z ðŸš©ï¸ Flux Option Flags defined
2023-07-22T17:13:52.569304002Z
2023-07-22T17:13:52.569320232Z ðŸ¦Š Independent Minister of Privilege
2023-07-22T17:13:52.569956172Z [exec]
2023-07-22T17:13:52.569967002Z allowed-users = [ "flux", "root" ]
2023-07-22T17:13:52.569972252Z allowed-shells = [ "/usr/libexec/flux/flux-shell" ]
2023-07-22T17:13:52.570089702Z
2023-07-22T17:13:52.570101422Z ðŸ¸ Broker Configuration
2023-07-22T17:13:52.570783212Z # Flux needs to know the path to the IMP executable
2023-07-22T17:13:52.570795142Z [exec]
2023-07-22T17:13:52.570800332Z imp = "/usr/libexec/flux/flux-imp"
2023-07-22T17:13:52.570804102Z
2023-07-22T17:13:52.570807612Z [access]
2023-07-22T17:13:52.570812282Z allow-guest-user = true
2023-07-22T17:13:52.570816272Z allow-root-owner = true
2023-07-22T17:13:52.570819152Z
2023-07-22T17:13:52.570822212Z # Point to resource definition generated with flux-R(1).
2023-07-22T17:13:52.570825332Z [resource]
2023-07-22T17:13:52.570829412Z path = "/etc/flux/system/R"
2023-07-22T17:13:52.570833062Z
2023-07-22T17:13:52.570852922Z [bootstrap]
2023-07-22T17:13:52.570857552Z curve_cert = "/etc/curve/curve.cert"
2023-07-22T17:13:52.570861132Z default_port = 8050
2023-07-22T17:13:52.570864792Z default_bind = "tcp://eth0:%p"
2023-07-22T17:13:52.570869092Z default_connect = "tcp://%h.flux-service.flux-operator.svc.cluster.local:%p"
2023-07-22T17:13:52.570872872Z hosts = [
2023-07-22T17:13:52.570876252Z 	{ host="flux-sample-[0-7]"},
2023-07-22T17:13:52.570879902Z ]
2023-07-22T17:13:52.570883042Z [archive]
2023-07-22T17:13:52.570886332Z dbpath = "/var/lib/flux/job-archive.sqlite"
2023-07-22T17:13:52.570889692Z period = "1m"
2023-07-22T17:13:52.628088031Z busytimeout = "50s"
2023-07-22T17:13:52.628107181Z ðŸ§Šï¸ State Directory:
2023-07-22T17:13:52.628110041Z total 0
2023-07-22T17:13:52.628112011Z
2023-07-22T17:13:52.629891521Z
2023-07-22T17:13:52.629934341Z ðŸ”’ï¸ Working directory permissions:
2023-07-22T17:13:52.629939841Z total 96
2023-07-22T17:13:52.629944891Z -rwxrwxrwx 1 flux root  2517 May 17 22:32 README.txt
2023-07-22T17:13:52.629948821Z -rwxrwxrwx 1 flux root 54692 May 17 22:32 data.hns-equil
2023-07-22T17:13:52.629953021Z -rwxrwxrwx 1 flux root 13576 May 17 22:32 ffield.reax.hns
2023-07-22T17:13:52.629956861Z -rwxrwxrwx 1 flux root   870 May 17 22:32 in.reaxc.hns
2023-07-22T17:13:52.629961671Z -rwxrwxrwx 1 flux root  4172 May 17 22:32 log.8Mar18.reaxc.hns.g++.1
2023-07-22T17:13:52.629965581Z -rwxrwxrwx 1 flux root  4168 May 17 22:32 log.8Mar18.reaxc.hns.g++.4
2023-07-22T17:13:52.629968711Z
2023-07-22T17:13:52.629971801Z
2023-07-22T17:13:52.629975801Z âœ¨ Curve certificate generated by helper pod
2023-07-22T17:13:52.630650031Z #   ****  Generated on 2023-04-26 22:54:42 by CZMQ  ****
2023-07-22T17:13:52.630663601Z #   ZeroMQ CURVE **Secret** Certificate
2023-07-22T17:13:52.630669081Z #   DO NOT PROVIDE THIS FILE TO OTHER USERS nor change its permissions.
2023-07-22T17:13:52.630672821Z
2023-07-22T17:13:52.630676321Z metadata
2023-07-22T17:13:52.630680781Z     name = "flux-cert-generator"
2023-07-22T17:13:52.630684411Z     keygen.hostname = "flux-sample-0"
2023-07-22T17:13:52.630687401Z curve
2023-07-22T17:13:52.630690941Z     public-key = "*rFH96:R1R*XQLMtuP>GTf73eS#B8LM}qdw4+I1)"
2023-07-22T17:13:52.630693941Z     secret-key = "^z@/uk%[@RzvR&285rtHU7FI:cjdDN3^k/}ry^$&"
2023-07-22T17:13:52.632436371Z
2023-07-22T17:13:52.632490521Z ðŸŒ€  flux start --wrap=strace,-e,network,-tt -o --config /etc/flux/config -Scron.directory=/etc/flux/system/cron.d   -Stbon.fanout=256   -Srundir=/run/flux    -Sstatedir=/var/lib/flux   -Slocal-uri=local:///run/flux/local -Stbon.connect_timeout=4s  -Stbon.zmqdebug=1  -Slog-stderr-level=6    -Slog-stderr-mode=local
2023-07-22T17:13:52.657740220Z 17:13:52.657400 socket(AF_NETLINK, SOCK_RAW, NETLINK_ROUTE) = 8
2023-07-22T17:13:52.657928340Z 17:13:52.657786 bind(8, {sa_family=AF_NETLINK, nl_pid=0, nl_groups=00000000}, 12) = 0
2023-07-22T17:13:52.658169910Z 17:13:52.657962 getsockname(8, {sa_family=AF_NETLINK, nl_pid=69, nl_groups=00000000}, [12]) = 0
2023-07-22T17:13:52.658593250Z 17:13:52.658099 sendto(8, {{len=20, type=RTM_GETADDR, flags=NLM_F_REQUEST|NLM_F_DUMP, seq=1690046032, pid=0}, {ifa_family=AF_UNSPEC, ...}}, 20, 0, {sa_family=AF_NETLINK, nl_pid=0, nl_groups=00000000}, 12) = 20
2023-07-22T17:13:52.658935480Z 17:13:52.658509 recvmsg(8, {msg_name={sa_family=AF_NETLINK, nl_pid=0, nl_groups=00000000}, msg_namelen=12, msg_iov=[{iov_base=[{{len=76, type=RTM_NEWADDR, flags=NLM_F_MULTI, seq=1690046032, pid=69}, {ifa_family=AF_INET, ifa_prefixlen=8, ifa_flags=IFA_F_PERMANENT, ifa_scope=RT_SCOPE_HOST, ifa_index=if_nametoindex("lo")}, [{{nla_len=8, nla_type=IFA_ADDRESS}, 127.0.0.1}, {{nla_len=8, nla_type=IFA_LOCAL}, 127.0.0.1}, {{nla_len=7, nla_type=IFA_LABEL}, "lo"}, {{nla_len=8, nla_type=IFA_FLAGS}, IFA_F_PERMANENT}, {{nla_len=20, nla_type=IFA_CACHEINFO}, {ifa_prefered=4294967295, ifa_valid=4294967295, cstamp=752230, tstamp=752230}}]}, {{len=88, type=RTM_NEWADDR, flags=NLM_F_MULTI, seq=1690046032, pid=69}, {ifa_family=AF_INET, ifa_prefixlen=24, ifa_flags=IFA_F_PERMANENT, ifa_scope=RT_SCOPE_UNIVERSE, ifa_index=if_nametoindex("eth0")}, [{{nla_len=8, nla_type=IFA_ADDRESS}, 10.116.2.79}, {{nla_len=8, nla_type=IFA_LOCAL}, 10.116.2.79}, {{nla_len=8, nla_type=IFA_BROADCAST}, 10.116.2.255}, {{nla_len=9, nla_type=IFA_LABEL}, "eth0"}, {{nla_len=8, nla_type=IFA_FLAGS}, IFA_F_PERMANENT}, {{nla_len=20, nla_type=IFA_CACHEINFO}, {ifa_prefered=4294967295, ifa_valid=4294967295, cstamp=752232, tstamp=752232}}]}], iov_len=4096}], msg_iovlen=1, msg_controllen=0, msg_flags=0}, 0) = 164
2023-07-22T17:13:52.659175880Z 17:13:52.658963 recvmsg(8, {msg_name={sa_family=AF_NETLINK, nl_pid=0, nl_groups=00000000}, msg_namelen=12, msg_iov=[{iov_base={{len=20, type=NLMSG_DONE, flags=NLM_F_MULTI, seq=1690046032, pid=69}, 0}, iov_len=4096}], msg_iovlen=1, msg_controllen=0, msg_flags=0}, 0) = 20
2023-07-22T17:13:52.659544930Z 17:13:52.659440 socket(AF_UNIX, SOCK_STREAM|SOCK_CLOEXEC|SOCK_NONBLOCK, 0) = 8
2023-07-22T17:13:52.659791600Z 17:13:52.659569 connect(8, {sa_family=AF_UNIX, sun_path="/var/run/nscd/socket"}, 110) = -1 ENOENT (No such file or directory)
2023-07-22T17:13:52.660023750Z 17:13:52.659818 socket(AF_UNIX, SOCK_STREAM|SOCK_CLOEXEC|SOCK_NONBLOCK, 0) = 8
2023-07-22T17:13:52.660149920Z 17:13:52.659947 connect(8, {sa_family=AF_UNIX, sun_path="/var/run/nscd/socket"}, 110) = -1 ENOENT (No such file or directory)
2023-07-22T17:13:52.660890710Z 17:13:52.660783 socket(AF_INET, SOCK_DGRAM|SOCK_CLOEXEC|SOCK_NONBLOCK, IPPROTO_IP) = 8
2023-07-22T17:13:52.661115360Z 17:13:52.660912 connect(8, {sa_family=AF_INET, sin_port=htons(53), sin_addr=inet_addr("10.120.0.10")}, 16) = 0
2023-07-22T17:13:52.661515990Z 17:13:52.661146 sendto(8, "\340M\1\0\0\1\0\0\0\0\0\0\rflux-sample-0\fflux-"..., 76, MSG_NOSIGNAL, NULL, 0) = 76
2023-07-22T17:13:52.665227240Z 17:13:52.664955 recvfrom(8, "\340M\205\200\0\1\0\0\0\0\0\0\rflux-sample-0\fflux-"..., 1024, 0, {sa_family=AF_INET, sin_port=htons(53), sin_addr=inet_addr("10.120.0.10")}, [28->16]) = 76
2023-07-22T17:13:52.665501810Z 17:13:52.665247 socket(AF_INET, SOCK_DGRAM|SOCK_CLOEXEC|SOCK_NONBLOCK, IPPROTO_IP) = 8
2023-07-22T17:13:52.665518850Z 17:13:52.665360 connect(8, {sa_family=AF_INET, sin_port=htons(53), sin_addr=inet_addr("10.120.0.10")}, 16) = 0
2023-07-22T17:13:52.665604260Z 17:13:52.665468 sendto(8, "B\213\1\0\0\1\0\0\0\0\0\0\rflux-sample-0\fflux-"..., 108, MSG_NOSIGNAL, NULL, 0) = 108
2023-07-22T17:13:52.667111690Z 17:13:52.666790 recvfrom(8, "B\213\201\203\0\1\0\0\0\1\0\0\rflux-sample-0\fflux-"..., 1024, 0, {sa_family=AF_INET, sin_port=htons(53), sin_addr=inet_addr("10.120.0.10")}, [28->16]) = 201
2023-07-22T17:13:52.667282870Z 17:13:52.667078 socket(AF_INET, SOCK_DGRAM|SOCK_CLOEXEC|SOCK_NONBLOCK, IPPROTO_IP) = 8
2023-07-22T17:13:52.667298220Z 17:13:52.667156 connect(8, {sa_family=AF_INET, sin_port=htons(53), sin_addr=inet_addr("10.120.0.10")}, 16) = 0
2023-07-22T17:13:52.667451700Z 17:13:52.667253 sendto(8, "\227b\1\0\0\1\0\0\0\0\0\0\rflux-sample-0\fflux-"..., 94, MSG_NOSIGNAL, NULL, 0) = 94
2023-07-22T17:13:52.676252520Z 17:13:52.675827 recvfrom(8, "\227b\201\203\0\1\0\0\0\1\0\0\rflux-sample-0\fflux-"..., 1024, 0, {sa_family=AF_INET, sin_port=htons(53), sin_addr=inet_addr("10.120.0.10")}, [28->16]) = 187
2023-07-22T17:13:52.676518480Z 17:13:52.676381 socket(AF_INET, SOCK_DGRAM|SOCK_CLOEXEC|SOCK_NONBLOCK, IPPROTO_IP) = 8
2023-07-22T17:13:52.676720330Z 17:13:52.676603 connect(8, {sa_family=AF_INET, sin_port=htons(53), sin_addr=inet_addr("10.120.0.10")}, 16) = 0
2023-07-22T17:13:52.677040020Z 17:13:52.676811 sendto(8, "F\354\1\0\0\1\0\0\0\0\0\0\rflux-sample-0\fflux-"..., 90, MSG_NOSIGNAL, NULL, 0) = 90
2023-07-22T17:13:52.678073220Z 17:13:52.677890 recvfrom(8, "F\354\201\203\0\1\0\0\0\1\0\0\rflux-sample-0\fflux-"..., 1024, 0, {sa_family=AF_INET, sin_port=htons(53), sin_addr=inet_addr("10.120.0.10")}, [28->16]) = 183
2023-07-22T17:13:52.678330200Z 17:13:52.678059 socket(AF_INET, SOCK_DGRAM|SOCK_CLOEXEC|SOCK_NONBLOCK, IPPROTO_IP) = 8
2023-07-22T17:13:52.678342040Z 17:13:52.678106 connect(8, {sa_family=AF_INET, sin_port=htons(53), sin_addr=inet_addr("10.120.0.10")}, 16) = 0
2023-07-22T17:13:52.678440850Z 17:13:52.678234 sendto(8, "\261u\1\0\0\1\0\0\0\0\0\0\rflux-sample-0\fflux-"..., 111, MSG_NOSIGNAL, NULL, 0) = 111
2023-07-22T17:13:52.683421790Z 17:13:52.683087 recvfrom(8, "\261u\201\203\0\1\0\0\0\1\0\0\rflux-sample-0\fflux-"..., 1024, 0, {sa_family=AF_INET, sin_port=htons(53), sin_addr=inet_addr("10.120.0.10")}, [28->16]) = 221
2023-07-22T17:13:52.683729070Z 17:13:52.683504 socket(AF_INET, SOCK_DGRAM|SOCK_CLOEXEC|SOCK_NONBLOCK, IPPROTO_IP) = 8
2023-07-22T17:13:52.683798120Z 17:13:52.683595 connect(8, {sa_family=AF_INET, sin_port=htons(53), sin_addr=inet_addr("10.120.0.10")}, 16) = 0
2023-07-22T17:13:52.684176140Z 17:13:52.683927 sendto(8, "n\v\1\0\0\1\0\0\0\0\0\0\rflux-sample-0\fflux-"..., 97, MSG_NOSIGNAL, NULL, 0) = 97
2023-07-22T17:13:52.688998049Z 17:13:52.688747 recvfrom(8, "n\v\201\203\0\1\0\0\0\1\0\0\rflux-sample-0\fflux-"..., 1024, 0, {sa_family=AF_INET, sin_port=htons(53), sin_addr=inet_addr("10.120.0.10")}, [28->16]) = 202
2023-07-22T17:13:52.689441629Z 17:13:52.689127 socket(AF_INET, SOCK_DGRAM|SOCK_CLOEXEC|SOCK_NONBLOCK, IPPROTO_IP) = 8
2023-07-22T17:13:52.689824459Z 17:13:52.689393 connect(8, {sa_family=AF_INET, sin_port=htons(53), sin_addr=inet_addr("10.120.0.10")}, 16) = 0
2023-07-22T17:13:52.689834130Z 17:13:52.689665 sendto(8, "p\274\1\0\0\1\0\0\0\0\0\0\rflux-sample-0\fflux-"..., 92, MSG_NOSIGNAL, NULL, 0) = 92
2023-07-22T17:13:52.695615129Z 17:13:52.695055 recvfrom(8, "p\274\201\203\0\1\0\0\0\1\0\0\rflux-sample-0\fflux-"..., 1024, 0, {sa_family=AF_INET, sin_port=htons(53), sin_addr=inet_addr("10.120.0.10")}, [28->16]) = 197
2023-07-22T17:13:52.695894339Z broker.err[5]: Warning: unable to resolve upstream peer flux-sample-0.flux-service.flux-operator.svc.cluster.local: No address associated with hostname
2023-07-22T17:13:52.699225389Z broker.info[5]: start: none->join 1.41714ms
2023-07-22T17:13:57.771989254Z broker.info[5]: parent-ready: join->init 5.07251s
2023-07-22T17:13:57.772184694Z 17:13:57.771805 socketpair(AF_UNIX, SOCK_STREAM|SOCK_CLOEXEC, 0, [22, 23]) = 0
2023-07-22T17:13:57.772193804Z 17:13:57.772041 socketpair(AF_UNIX, SOCK_STREAM, 0, [24, 25]) = 0
2023-07-22T17:13:57.772707084Z 17:13:57.772401 socketpair(AF_UNIX, SOCK_STREAM, 0, [26, 27]) = 0
2023-07-22T17:13:57.772900394Z 17:13:57.772746 socketpair(AF_UNIX, SOCK_STREAM, 0, [28, 29]) = 0
2023-07-22T17:13:57.790612484Z broker.info[5]: configuration updated
2023-07-22T17:13:57.879450651Z broker.info[5]: rc1.0: running /etc/flux/rc1.d/01-sched-fluxion
2023-07-22T17:13:57.887069591Z broker.info[5]: rc1.0: running /etc/flux/rc1.d/02-cron
2023-07-22T17:13:57.904303741Z broker.info[5]: rc1.0: /etc/flux/rc1 Exited (rc=0) 0.1s
2023-07-22T17:13:57.905707991Z broker.info[5]: rc1-success: init->quorum 0.133774s
2023-07-22T17:14:06.152527977Z broker.info[5]: quorum-full: quorum->run 8.24657s
2023-07-22T17:14:06.689803594Z 17:14:06.689359 socketpair(AF_UNIX, SOCK_STREAM|SOCK_CLOEXEC, 0, [22, 23]) = 0
2023-07-22T17:14:06.689925014Z 17:14:06.689702 socketpair(AF_UNIX, SOCK_STREAM, 0, [24, 25]) = 0
2023-07-22T17:14:06.690155524Z 17:14:06.689966 socketpair(AF_UNIX, SOCK_STREAM, 0, [26, 28]) = 0
2023-07-22T17:14:06.690441444Z 17:14:06.690298 socketpair(AF_UNIX, SOCK_STREAM, 0, [58, 59]) = 0
2023-07-22T17:14:06.690694543Z 17:14:06.690520 socketpair(AF_UNIX, SOCK_STREAM, 0, [60, 61]) = 0
2023-07-22T17:14:20.130392484Z broker.info[5]: shutdown: run->cleanup 13.9774s
2023-07-22T17:14:20.131803243Z broker.info[5]: cleanup-none: cleanup->shutdown 1.15631ms
2023-07-22T17:14:20.133471753Z broker.info[5]: children-none: shutdown->finalize 1.12238ms
2023-07-22T17:14:20.134788583Z 17:14:20.134442 socketpair(AF_UNIX, SOCK_STREAM|SOCK_CLOEXEC, 0, [22, 23]) = 0
2023-07-22T17:14:20.135262663Z 17:14:20.134855 socketpair(AF_UNIX, SOCK_STREAM, 0, [24, 25]) = 0
2023-07-22T17:14:20.135881243Z 17:14:20.135638 socketpair(AF_UNIX, SOCK_STREAM, 0, [26, 28]) = 0
2023-07-22T17:14:20.136144483Z 17:14:20.135988 socketpair(AF_UNIX, SOCK_STREAM, 0, [58, 59]) = 0
2023-07-22T17:14:20.149216973Z broker.info[5]: rc3.0: running /etc/flux/rc3.d/01-sched-fluxion
2023-07-22T17:14:20.238202510Z broker.info[5]: rc3.0: /etc/flux/rc3 Exited (rc=0) 0.1s
2023-07-22T17:14:20.239438880Z broker.info[5]: rc3-success: finalize->goodbye 0.104832s
2023-07-22T17:14:20.241042550Z broker.info[5]: goodbye: goodbye->exit 1.15572ms
2023-07-22T17:14:20.248929640Z 17:14:20.248743 +++ exited with 0 +++
2023-07-22T17:14:20.249847469Z Return value for follower worker is 0
2023-07-22T17:14:20.250011729Z The follower worker exited cleanly. Goodbye!
