2023-07-22T16:53:10.733143545Z
2023-07-22T16:53:10.733170995Z Flux username: flux
2023-07-22T16:53:10.733278225Z
2023-07-22T16:53:10.733288035Z Flux install root: /usr
2023-07-22T16:53:10.774461261Z flux user is already added.
2023-07-22T16:53:10.776161980Z flux user identifiers:
2023-07-22T16:53:10.776175120Z uid=1234(flux) gid=1234(flux) groups=1234(flux)
2023-07-22T16:53:10.776179900Z
2023-07-22T16:53:10.776185040Z As Flux prefix for flux commands: sudo -u flux -E PYTHONPATH=/opt/conda/lib/python3.10/site-packages -E PATH=/opt/conda/bin:/usr/local/sbin:/usr/local/bin:/usr/sbin:/usr/bin:/sbin:/bin -E LD_LIBRARY_PATH=/opt/conda/lib -E HOME=/home/flux
2023-07-22T16:53:10.781280520Z
2023-07-22T16:53:10.781321240Z 👋 Hello, I'm flux-sample-7
2023-07-22T16:53:10.781338450Z The main host is flux-sample-0
2023-07-22T16:53:10.781344820Z The working directory is /home/flux/examples/reaxff/HNS, contents include:
2023-07-22T16:53:10.782270530Z /home/flux/examples/reaxff/HNS:
2023-07-22T16:53:10.782282260Z README.txt	ffield.reax.hns  log.8Mar18.reaxc.hns.g++.1
2023-07-22T16:53:10.782287280Z data.hns-equil	in.reaxc.hns	 log.8Mar18.reaxc.hns.g++.4
2023-07-22T16:53:10.782515850Z End of file listing, if you see nothing above there are no files.
2023-07-22T16:53:10.783491470Z flux R encode --hosts=flux-sample-[0-7]
2023-07-22T16:53:10.791954869Z
2023-07-22T16:53:10.791970299Z 📦 Resources
2023-07-22T16:53:10.792754258Z {"version": 1, "execution": {"R_lite": [{"rank": "0-7", "children": {"core": "0"}}], "starttime": 0.0, "expiration": 0.0, "nodelist": ["flux-sample-[0-7]"]}}
2023-07-22T16:53:10.792986779Z
2023-07-22T16:53:10.792998429Z 🐸 Diagnostics: false
2023-07-22T16:53:10.793144028Z 🚩️ Flux Option Flags defined
2023-07-22T16:53:10.795151948Z
2023-07-22T16:53:10.795166068Z 🦊 Independent Minister of Privilege
2023-07-22T16:53:10.795864458Z [exec]
2023-07-22T16:53:10.795894268Z allowed-users = [ "flux", "root" ]
2023-07-22T16:53:10.795905748Z allowed-shells = [ "/usr/libexec/flux/flux-shell" ]
2023-07-22T16:53:10.796032178Z
2023-07-22T16:53:10.796042028Z 🐸 Broker Configuration
2023-07-22T16:53:10.796689048Z # Flux needs to know the path to the IMP executable
2023-07-22T16:53:10.796700088Z [exec]
2023-07-22T16:53:10.796704758Z imp = "/usr/libexec/flux/flux-imp"
2023-07-22T16:53:10.796708538Z
2023-07-22T16:53:10.796712438Z [access]
2023-07-22T16:53:10.796716388Z allow-guest-user = true
2023-07-22T16:53:10.796720498Z allow-root-owner = true
2023-07-22T16:53:10.796724058Z
2023-07-22T16:53:10.796727188Z # Point to resource definition generated with flux-R(1).
2023-07-22T16:53:10.796730378Z [resource]
2023-07-22T16:53:10.796735908Z path = "/etc/flux/system/R"
2023-07-22T16:53:10.796739508Z
2023-07-22T16:53:10.796743078Z [bootstrap]
2023-07-22T16:53:10.796746788Z curve_cert = "/etc/curve/curve.cert"
2023-07-22T16:53:10.796750068Z default_port = 8050
2023-07-22T16:53:10.796753668Z default_bind = "tcp://eth0:%p"
2023-07-22T16:53:10.796759428Z default_connect = "tcp://%h.flux-service.flux-operator.svc.cluster.local:%p"
2023-07-22T16:53:10.796763388Z hosts = [
2023-07-22T16:53:10.796767068Z 	{ host="flux-sample-[0-7]"},
2023-07-22T16:53:10.796770808Z ]
2023-07-22T16:53:10.796774528Z [archive]
2023-07-22T16:53:10.796778188Z dbpath = "/var/lib/flux/job-archive.sqlite"
2023-07-22T16:53:10.796782108Z period = "1m"
2023-07-22T16:53:10.847586462Z busytimeout = "50s"
2023-07-22T16:53:10.847606833Z 🧊️ State Directory:
2023-07-22T16:53:10.847611482Z total 0
2023-07-22T16:53:10.847615382Z
2023-07-22T16:53:10.849615933Z
2023-07-22T16:53:10.849644393Z 🔒️ Working directory permissions:
2023-07-22T16:53:10.849649733Z total 96
2023-07-22T16:53:10.849654302Z -rwxrwxrwx 1 flux root  2517 May 17 22:32 README.txt
2023-07-22T16:53:10.849658693Z -rwxrwxrwx 1 flux root 54692 May 17 22:32 data.hns-equil
2023-07-22T16:53:10.849663053Z -rwxrwxrwx 1 flux root 13576 May 17 22:32 ffield.reax.hns
2023-07-22T16:53:10.849666953Z -rwxrwxrwx 1 flux root   870 May 17 22:32 in.reaxc.hns
2023-07-22T16:53:10.849671202Z -rwxrwxrwx 1 flux root  4172 May 17 22:32 log.8Mar18.reaxc.hns.g++.1
2023-07-22T16:53:10.849675042Z -rwxrwxrwx 1 flux root  4168 May 17 22:32 log.8Mar18.reaxc.hns.g++.4
2023-07-22T16:53:10.849678673Z
2023-07-22T16:53:10.849731242Z
2023-07-22T16:53:10.849739672Z ✨ Curve certificate generated by helper pod
2023-07-22T16:53:10.850694052Z #   ****  Generated on 2023-04-26 22:54:42 by CZMQ  ****
2023-07-22T16:53:10.850706492Z #   ZeroMQ CURVE **Secret** Certificate
2023-07-22T16:53:10.850711682Z #   DO NOT PROVIDE THIS FILE TO OTHER USERS nor change its permissions.
2023-07-22T16:53:10.850714882Z
2023-07-22T16:53:10.850718012Z metadata
2023-07-22T16:53:10.850721652Z     name = "flux-cert-generator"
2023-07-22T16:53:10.850724822Z     keygen.hostname = "flux-sample-0"
2023-07-22T16:53:10.850727782Z curve
2023-07-22T16:53:10.850730882Z     public-key = "U?(UG1!*F@*ltMshiadPH:O!SDO$gz51hU$/C&<A"
2023-07-22T16:53:10.850734002Z     secret-key = "8GG+@XCsgdd&a=tk>Q8QKoCA?OpD%V[?3y@=qU^("
2023-07-22T16:53:12.853348300Z
2023-07-22T16:53:12.853407110Z 🌀  flux start --wrap=strace,-e,network,-tt -o --config /etc/flux/config -Scron.directory=/etc/flux/system/cron.d   -Stbon.fanout=256   -Srundir=/run/flux    -Sstatedir=/var/lib/flux   -Slocal-uri=local:///run/flux/local -Stbon.connect_timeout=2s  -Stbon.zmqdebug=1  -Slog-stderr-level=6    -Slog-stderr-mode=local
2023-07-22T16:53:12.881248608Z 16:53:12.881051 socket(AF_NETLINK, SOCK_RAW, NETLINK_ROUTE) = 8
2023-07-22T16:53:12.881544248Z 16:53:12.881335 bind(8, {sa_family=AF_NETLINK, nl_pid=0, nl_groups=00000000}, 12) = 0
2023-07-22T16:53:12.881659537Z 16:53:12.881441 getsockname(8, {sa_family=AF_NETLINK, nl_pid=70, nl_groups=00000000}, [12]) = 0
2023-07-22T16:53:12.882231247Z 16:53:12.881917 sendto(8, {{len=20, type=RTM_GETADDR, flags=NLM_F_REQUEST|NLM_F_DUMP, seq=1690044792, pid=0}, {ifa_family=AF_UNSPEC, ...}}, 20, 0, {sa_family=AF_NETLINK, nl_pid=0, nl_groups=00000000}, 12) = 20
2023-07-22T16:53:12.882662428Z 16:53:12.882264 recvmsg(8, {msg_name={sa_family=AF_NETLINK, nl_pid=0, nl_groups=00000000}, msg_namelen=12, msg_iov=[{iov_base=[{{len=76, type=RTM_NEWADDR, flags=NLM_F_MULTI, seq=1690044792, pid=70}, {ifa_family=AF_INET, ifa_prefixlen=8, ifa_flags=IFA_F_PERMANENT, ifa_scope=RT_SCOPE_HOST, ifa_index=if_nametoindex("lo")}, [{{nla_len=8, nla_type=IFA_ADDRESS}, 127.0.0.1}, {{nla_len=8, nla_type=IFA_LOCAL}, 127.0.0.1}, {{nla_len=7, nla_type=IFA_LABEL}, "lo"}, {{nla_len=8, nla_type=IFA_FLAGS}, IFA_F_PERMANENT}, {{nla_len=20, nla_type=IFA_CACHEINFO}, {ifa_prefered=4294967295, ifa_valid=4294967295, cstamp=628156, tstamp=628156}}]}, {{len=88, type=RTM_NEWADDR, flags=NLM_F_MULTI, seq=1690044792, pid=70}, {ifa_family=AF_INET, ifa_prefixlen=24, ifa_flags=IFA_F_PERMANENT, ifa_scope=RT_SCOPE_UNIVERSE, ifa_index=if_nametoindex("eth0")}, [{{nla_len=8, nla_type=IFA_ADDRESS}, 10.116.1.57}, {{nla_len=8, nla_type=IFA_LOCAL}, 10.116.1.57}, {{nla_len=8, nla_type=IFA_BROADCAST}, 10.116.1.255}, {{nla_len=9, nla_type=IFA_LABEL}, "eth0"}, {{nla_len=8, nla_type=IFA_FLAGS}, IFA_F_PERMANENT}, {{nla_len=20, nla_type=IFA_CACHEINFO}, {ifa_prefered=4294967295, ifa_valid=4294967295, cstamp=628158, tstamp=628158}}]}], iov_len=4096}], msg_iovlen=1, msg_controllen=0, msg_flags=0}, 0) = 164
2023-07-22T16:53:12.882966047Z 16:53:12.882735 recvmsg(8, {msg_name={sa_family=AF_NETLINK, nl_pid=0, nl_groups=00000000}, msg_namelen=12, msg_iov=[{iov_base={{len=20, type=NLMSG_DONE, flags=NLM_F_MULTI, seq=1690044792, pid=70}, 0}, iov_len=4096}], msg_iovlen=1, msg_controllen=0, msg_flags=0}, 0) = 20
2023-07-22T16:53:12.883535547Z 16:53:12.883430 socket(AF_UNIX, SOCK_STREAM|SOCK_CLOEXEC|SOCK_NONBLOCK, 0) = 8
2023-07-22T16:53:12.883714657Z 16:53:12.883530 connect(8, {sa_family=AF_UNIX, sun_path="/var/run/nscd/socket"}, 110) = -1 ENOENT (No such file or directory)
2023-07-22T16:53:12.883883677Z 16:53:12.883716 socket(AF_UNIX, SOCK_STREAM|SOCK_CLOEXEC|SOCK_NONBLOCK, 0) = 8
2023-07-22T16:53:12.883953017Z 16:53:12.883778 connect(8, {sa_family=AF_UNIX, sun_path="/var/run/nscd/socket"}, 110) = -1 ENOENT (No such file or directory)
2023-07-22T16:53:12.885846007Z 16:53:12.885673 socket(AF_INET, SOCK_DGRAM|SOCK_CLOEXEC|SOCK_NONBLOCK, IPPROTO_IP) = 8
2023-07-22T16:53:12.885990577Z 16:53:12.885875 connect(8, {sa_family=AF_INET, sin_port=htons(53), sin_addr=inet_addr("10.120.0.10")}, 16) = 0
2023-07-22T16:53:12.886574077Z 16:53:12.886044 sendto(8, "\34\301\1\0\0\1\0\0\0\0\0\0\rflux-sample-0\fflux-"..., 76, MSG_NOSIGNAL, NULL, 0) = 76
2023-07-22T16:53:12.886744827Z 16:53:12.886615 recvfrom(8, "\34\301\205\200\0\1\0\1\0\0\0\0\rflux-sample-0\fflux-"..., 1024, 0, {sa_family=AF_INET, sin_port=htons(53), sin_addr=inet_addr("10.120.0.10")}, [28->16]) = 150
2023-07-22T16:53:12.891807197Z broker.info[7]: start: none->join 1.96357ms
2023-07-22T16:53:19.306881156Z broker.info[7]: parent-ready: join->init 6.414s
2023-07-22T16:53:19.306922806Z 16:53:19.305959 socketpair(AF_UNIX, SOCK_STREAM|SOCK_CLOEXEC, 0, [22, 23]) = 0
2023-07-22T16:53:19.306929136Z 16:53:19.306074 socketpair(AF_UNIX, SOCK_STREAM, 0, [24, 25]) = 0
2023-07-22T16:53:19.306934136Z 16:53:19.306186 socketpair(AF_UNIX, SOCK_STREAM, 0, [26, 27]) = 0
2023-07-22T16:53:19.306939026Z 16:53:19.306289 socketpair(AF_UNIX, SOCK_STREAM, 0, [28, 29]) = 0
2023-07-22T16:53:19.322378204Z broker.info[7]: configuration updated
2023-07-22T16:53:19.432231172Z broker.info[7]: rc1.0: running /etc/flux/rc1.d/01-sched-fluxion
2023-07-22T16:53:19.437290042Z broker.info[7]: rc1.0: running /etc/flux/rc1.d/02-cron
2023-07-22T16:53:19.455852180Z broker.info[7]: rc1.0: /etc/flux/rc1 Exited (rc=0) 0.1s
2023-07-22T16:53:19.457149540Z broker.info[7]: rc1-success: init->quorum 0.151093s
2023-07-22T16:53:21.530848485Z broker.info[7]: quorum-full: quorum->run 2.07311s
2023-07-22T16:53:22.058545827Z 16:53:22.058156 socketpair(AF_UNIX, SOCK_STREAM|SOCK_CLOEXEC, 0, [22, 23]) = 0
2023-07-22T16:53:22.058692477Z 16:53:22.058378 socketpair(AF_UNIX, SOCK_STREAM, 0, [24, 25]) = 0
2023-07-22T16:53:22.059117347Z 16:53:22.058685 socketpair(AF_UNIX, SOCK_STREAM, 0, [26, 28]) = 0
2023-07-22T16:53:22.059313197Z 16:53:22.059054 socketpair(AF_UNIX, SOCK_STREAM, 0, [58, 59]) = 0
2023-07-22T16:53:22.059621547Z 16:53:22.059444 socketpair(AF_UNIX, SOCK_STREAM, 0, [60, 61]) = 0
2023-07-22T16:53:35.048523670Z broker.info[7]: shutdown: run->cleanup 13.5169s
2023-07-22T16:53:35.050432689Z broker.info[7]: cleanup-none: cleanup->shutdown 1.22761ms
2023-07-22T16:53:35.052183029Z broker.info[7]: children-none: shutdown->finalize 1.17667ms
2023-07-22T16:53:35.052774139Z 16:53:35.052563 socketpair(AF_UNIX, SOCK_STREAM|SOCK_CLOEXEC, 0, [22, 23]) = 0
2023-07-22T16:53:35.053180809Z 16:53:35.052794 socketpair(AF_UNIX, SOCK_STREAM, 0, [24, 25]) = 0
2023-07-22T16:53:35.053701589Z 16:53:35.053504 socketpair(AF_UNIX, SOCK_STREAM, 0, [26, 28]) = 0
2023-07-22T16:53:35.054134709Z 16:53:35.054003 socketpair(AF_UNIX, SOCK_STREAM, 0, [58, 59]) = 0
2023-07-22T16:53:35.073170337Z broker.info[7]: rc3.0: running /etc/flux/rc3.d/01-sched-fluxion
2023-07-22T16:53:35.170733957Z broker.info[7]: rc3.0: /etc/flux/rc3 Exited (rc=0) 0.1s
2023-07-22T16:53:35.171789706Z broker.info[7]: rc3-success: finalize->goodbye 0.119106s
2023-07-22T16:53:35.173127596Z broker.info[7]: goodbye: goodbye->exit 0.99663ms
2023-07-22T16:53:35.179871315Z 16:53:35.179714 +++ exited with 0 +++
2023-07-22T16:53:35.180751786Z Return value for follower worker is 0
2023-07-22T16:53:35.180766675Z The follower worker exited cleanly. Goodbye!
