2023-07-22T17:12:50.583059200Z
2023-07-22T17:12:50.583096120Z Flux username: flux
2023-07-22T17:12:50.583272269Z
2023-07-22T17:12:50.583318669Z Flux install root: /usr
2023-07-22T17:12:50.616855438Z flux user is already added.
2023-07-22T17:12:50.618724318Z flux user identifiers:
2023-07-22T17:12:50.618744748Z uid=1234(flux) gid=1234(flux) groups=1234(flux)
2023-07-22T17:12:50.618844218Z
2023-07-22T17:12:50.618854098Z As Flux prefix for flux commands: sudo -u flux -E PYTHONPATH=/opt/conda/lib/python3.10/site-packages -E PATH=/opt/conda/bin:/usr/local/sbin:/usr/local/bin:/usr/sbin:/usr/bin:/sbin:/bin -E LD_LIBRARY_PATH=/opt/conda/lib -E HOME=/home/flux
2023-07-22T17:12:50.623971467Z
2023-07-22T17:12:50.624034437Z 👋 Hello, I'm flux-sample-4
2023-07-22T17:12:50.624166517Z The main host is flux-sample-0
2023-07-22T17:12:50.624280037Z The working directory is /home/flux/examples/reaxff/HNS, contents include:
2023-07-22T17:12:50.625271177Z /home/flux/examples/reaxff/HNS:
2023-07-22T17:12:50.625329537Z README.txt	ffield.reax.hns  log.8Mar18.reaxc.hns.g++.1
2023-07-22T17:12:50.625336167Z data.hns-equil	in.reaxc.hns	 log.8Mar18.reaxc.hns.g++.4
2023-07-22T17:12:50.625564437Z End of file listing, if you see nothing above there are no files.
2023-07-22T17:12:50.626502347Z flux R encode --hosts=flux-sample-[0-7]
2023-07-22T17:12:50.637693367Z
2023-07-22T17:12:50.637709297Z 📦 Resources
2023-07-22T17:12:50.638668957Z {"version": 1, "execution": {"R_lite": [{"rank": "0-7", "children": {"core": "0"}}], "starttime": 0.0, "expiration": 0.0, "nodelist": ["flux-sample-[0-7]"]}}
2023-07-22T17:12:50.638904517Z
2023-07-22T17:12:50.638920106Z 🐸 Diagnostics: false
2023-07-22T17:12:50.639112896Z 🚩️ Flux Option Flags defined
2023-07-22T17:12:50.641353396Z
2023-07-22T17:12:50.641371236Z 🦊 Independent Minister of Privilege
2023-07-22T17:12:50.642020017Z [exec]
2023-07-22T17:12:50.642030466Z allowed-users = [ "flux", "root" ]
2023-07-22T17:12:50.642035686Z allowed-shells = [ "/usr/libexec/flux/flux-shell" ]
2023-07-22T17:12:50.642214366Z
2023-07-22T17:12:50.642225946Z 🐸 Broker Configuration
2023-07-22T17:12:50.643053806Z # Flux needs to know the path to the IMP executable
2023-07-22T17:12:50.643063886Z [exec]
2023-07-22T17:12:50.643068276Z imp = "/usr/libexec/flux/flux-imp"
2023-07-22T17:12:50.643071106Z
2023-07-22T17:12:50.643074456Z [access]
2023-07-22T17:12:50.643107117Z allow-guest-user = true
2023-07-22T17:12:50.643111297Z allow-root-owner = true
2023-07-22T17:12:50.643115346Z
2023-07-22T17:12:50.643119386Z # Point to resource definition generated with flux-R(1).
2023-07-22T17:12:50.643174506Z [resource]
2023-07-22T17:12:50.643181266Z path = "/etc/flux/system/R"
2023-07-22T17:12:50.643183966Z
2023-07-22T17:12:50.643186957Z [bootstrap]
2023-07-22T17:12:50.643190077Z curve_cert = "/etc/curve/curve.cert"
2023-07-22T17:12:50.643193617Z default_port = 8050
2023-07-22T17:12:50.643196946Z default_bind = "tcp://eth0:%p"
2023-07-22T17:12:50.643201377Z default_connect = "tcp://%h.flux-service.flux-operator.svc.cluster.local:%p"
2023-07-22T17:12:50.643205306Z hosts = [
2023-07-22T17:12:50.643209686Z 	{ host="flux-sample-[0-7]"},
2023-07-22T17:12:50.643228777Z ]
2023-07-22T17:12:50.643232926Z [archive]
2023-07-22T17:12:50.643236206Z dbpath = "/var/lib/flux/job-archive.sqlite"
2023-07-22T17:12:50.643239277Z period = "1m"
2023-07-22T17:12:50.700064683Z busytimeout = "50s"
2023-07-22T17:12:50.700086163Z 🧊️ State Directory:
2023-07-22T17:12:50.700090793Z total 0
2023-07-22T17:12:50.700094513Z
2023-07-22T17:12:50.701955633Z
2023-07-22T17:12:50.701979973Z 🔒️ Working directory permissions:
2023-07-22T17:12:50.701985713Z total 96
2023-07-22T17:12:50.701990833Z -rwxrwxrwx 1 flux root  2517 May 17 22:32 README.txt
2023-07-22T17:12:50.701994683Z -rwxrwxrwx 1 flux root 54692 May 17 22:32 data.hns-equil
2023-07-22T17:12:50.701998783Z -rwxrwxrwx 1 flux root 13576 May 17 22:32 ffield.reax.hns
2023-07-22T17:12:50.702002623Z -rwxrwxrwx 1 flux root   870 May 17 22:32 in.reaxc.hns
2023-07-22T17:12:50.702006843Z -rwxrwxrwx 1 flux root  4172 May 17 22:32 log.8Mar18.reaxc.hns.g++.1
2023-07-22T17:12:50.702010433Z -rwxrwxrwx 1 flux root  4168 May 17 22:32 log.8Mar18.reaxc.hns.g++.4
2023-07-22T17:12:50.702013703Z
2023-07-22T17:12:50.702061853Z
2023-07-22T17:12:50.702069983Z ✨ Curve certificate generated by helper pod
2023-07-22T17:12:50.702864723Z #   ****  Generated on 2023-04-26 22:54:42 by CZMQ  ****
2023-07-22T17:12:50.702877223Z #   ZeroMQ CURVE **Secret** Certificate
2023-07-22T17:12:50.702882073Z #   DO NOT PROVIDE THIS FILE TO OTHER USERS nor change its permissions.
2023-07-22T17:12:50.702885313Z
2023-07-22T17:12:50.702888363Z metadata
2023-07-22T17:12:50.702892733Z     name = "flux-cert-generator"
2023-07-22T17:12:50.702896983Z     keygen.hostname = "flux-sample-0"
2023-07-22T17:12:50.702900943Z curve
2023-07-22T17:12:50.702905183Z     public-key = "{dM#Uk.&J(K!suq[8}#?gBxf5x=]clHL8G.s*nV2"
2023-07-22T17:12:50.702909193Z     secret-key = "YZ^tHnp0T!JZ*SCQumlWr{m-OtwGQ#Y=zPe3ZNV<"
2023-07-22T17:12:50.704250373Z
2023-07-22T17:12:50.704263743Z 🌀  flux start --wrap=strace,-e,network,-tt -o --config /etc/flux/config -Scron.directory=/etc/flux/system/cron.d   -Stbon.fanout=256   -Srundir=/run/flux    -Sstatedir=/var/lib/flux   -Slocal-uri=local:///run/flux/local -Stbon.connect_timeout=2s  -Stbon.zmqdebug=1  -Slog-stderr-level=6    -Slog-stderr-mode=local
2023-07-22T17:12:50.736458871Z 17:12:50.735843 socket(AF_NETLINK, SOCK_RAW, NETLINK_ROUTE) = 8
2023-07-22T17:12:50.736487821Z 17:12:50.735934 bind(8, {sa_family=AF_NETLINK, nl_pid=0, nl_groups=00000000}, 12) = 0
2023-07-22T17:12:50.736493011Z 17:12:50.735999 getsockname(8, {sa_family=AF_NETLINK, nl_pid=70, nl_groups=00000000}, [12]) = 0
2023-07-22T17:12:50.736497301Z 17:12:50.736063 sendto(8, {{len=20, type=RTM_GETADDR, flags=NLM_F_REQUEST|NLM_F_DUMP, seq=1690045970, pid=0}, {ifa_family=AF_UNSPEC, ...}}, 20, 0, {sa_family=AF_NETLINK, nl_pid=0, nl_groups=00000000}, 12) = 20
2023-07-22T17:12:50.736647311Z 17:12:50.736250 recvmsg(8, {msg_name={sa_family=AF_NETLINK, nl_pid=0, nl_groups=00000000}, msg_namelen=12, msg_iov=[{iov_base=[{{len=76, type=RTM_NEWADDR, flags=NLM_F_MULTI, seq=1690045970, pid=70}, {ifa_family=AF_INET, ifa_prefixlen=8, ifa_flags=IFA_F_PERMANENT, ifa_scope=RT_SCOPE_HOST, ifa_index=if_nametoindex("lo")}, [{{nla_len=8, nla_type=IFA_ADDRESS}, 127.0.0.1}, {{nla_len=8, nla_type=IFA_LOCAL}, 127.0.0.1}, {{nla_len=7, nla_type=IFA_LABEL}, "lo"}, {{nla_len=8, nla_type=IFA_FLAGS}, IFA_F_PERMANENT}, {{nla_len=20, nla_type=IFA_CACHEINFO}, {ifa_prefered=4294967295, ifa_valid=4294967295, cstamp=745981, tstamp=745981}}]}, {{len=88, type=RTM_NEWADDR, flags=NLM_F_MULTI, seq=1690045970, pid=70}, {ifa_family=AF_INET, ifa_prefixlen=24, ifa_flags=IFA_F_PERMANENT, ifa_scope=RT_SCOPE_UNIVERSE, ifa_index=if_nametoindex("eth0")}, [{{nla_len=8, nla_type=IFA_ADDRESS}, 10.116.3.77}, {{nla_len=8, nla_type=IFA_LOCAL}, 10.116.3.77}, {{nla_len=8, nla_type=IFA_BROADCAST}, 10.116.3.255}, {{nla_len=9, nla_type=IFA_LABEL}, "eth0"}, {{nla_len=8, nla_type=IFA_FLAGS}, IFA_F_PERMANENT}, {{nla_len=20, nla_type=IFA_CACHEINFO}, {ifa_prefered=4294967295, ifa_valid=4294967295, cstamp=745983, tstamp=745983}}]}], iov_len=4096}], msg_iovlen=1, msg_controllen=0, msg_flags=0}, 0) = 164
2023-07-22T17:12:50.736663121Z 17:12:50.736557 recvmsg(8, {msg_name={sa_family=AF_NETLINK, nl_pid=0, nl_groups=00000000}, msg_namelen=12, msg_iov=[{iov_base={{len=20, type=NLMSG_DONE, flags=NLM_F_MULTI, seq=1690045970, pid=70}, 0}, iov_len=4096}], msg_iovlen=1, msg_controllen=0, msg_flags=0}, 0) = 20
2023-07-22T17:12:50.737082271Z 17:12:50.736944 socket(AF_UNIX, SOCK_STREAM|SOCK_CLOEXEC|SOCK_NONBLOCK, 0) = 8
2023-07-22T17:12:50.737099841Z 17:12:50.737001 connect(8, {sa_family=AF_UNIX, sun_path="/var/run/nscd/socket"}, 110) = -1 ENOENT (No such file or directory)
2023-07-22T17:12:50.737265921Z 17:12:50.737164 socket(AF_UNIX, SOCK_STREAM|SOCK_CLOEXEC|SOCK_NONBLOCK, 0) = 8
2023-07-22T17:12:50.737375641Z 17:12:50.737212 connect(8, {sa_family=AF_UNIX, sun_path="/var/run/nscd/socket"}, 110) = -1 ENOENT (No such file or directory)
2023-07-22T17:12:50.738223811Z 17:12:50.738063 socket(AF_INET, SOCK_DGRAM|SOCK_CLOEXEC|SOCK_NONBLOCK, IPPROTO_IP) = 8
2023-07-22T17:12:50.738362261Z 17:12:50.738161 connect(8, {sa_family=AF_INET, sin_port=htons(53), sin_addr=inet_addr("10.120.0.10")}, 16) = 0
2023-07-22T17:12:50.738643801Z 17:12:50.738336 sendto(8, "\213T\1\0\0\1\0\0\0\0\0\0\rflux-sample-0\fflux-"..., 76, MSG_NOSIGNAL, NULL, 0) = 76
2023-07-22T17:12:50.739178131Z 17:12:50.738945 recvfrom(8, "\213T\205\200\0\1\0\1\0\0\0\0\rflux-sample-0\fflux-"..., 1024, 0, {sa_family=AF_INET, sin_port=htons(53), sin_addr=inet_addr("10.120.0.10")}, [28->16]) = 150
2023-07-22T17:12:50.742519261Z broker.info[4]: start: none->join 1.15788ms
2023-07-22T17:13:01.537933924Z broker.info[4]: parent-ready: join->init 10.7951s
2023-07-22T17:13:01.538153954Z 17:13:01.537735 socketpair(AF_UNIX, SOCK_STREAM|SOCK_CLOEXEC, 0, [22, 23]) = 0
2023-07-22T17:13:01.538181724Z 17:13:01.537882 socketpair(AF_UNIX, SOCK_STREAM, 0, [24, 25]) = 0
2023-07-22T17:13:01.538188684Z 17:13:01.537991 socketpair(AF_UNIX, SOCK_STREAM, 0, [26, 27]) = 0
2023-07-22T17:13:01.538325194Z 17:13:01.538157 socketpair(AF_UNIX, SOCK_STREAM, 0, [28, 29]) = 0
2023-07-22T17:13:01.555174853Z broker.info[4]: configuration updated
2023-07-22T17:13:01.767991523Z broker.info[4]: rc1.0: running /etc/flux/rc1.d/01-sched-fluxion
2023-07-22T17:13:01.780550331Z broker.info[4]: rc1.0: running /etc/flux/rc1.d/02-cron
2023-07-22T17:13:01.801099350Z broker.info[4]: rc1.0: /etc/flux/rc1 Exited (rc=0) 0.3s
2023-07-22T17:13:01.802551760Z broker.info[4]: rc1-success: init->quorum 0.264683s
2023-07-22T17:13:01.963535371Z broker.info[4]: quorum-full: quorum->run 0.160357s
2023-07-22T17:13:02.477673464Z 17:13:02.477318 socketpair(AF_UNIX, SOCK_STREAM|SOCK_CLOEXEC, 0, [22, 23]) = 0
2023-07-22T17:13:02.477848575Z 17:13:02.477610 socketpair(AF_UNIX, SOCK_STREAM, 0, [24, 25]) = 0
2023-07-22T17:13:02.477859404Z 17:13:02.477771 socketpair(AF_UNIX, SOCK_STREAM, 0, [26, 28]) = 0
2023-07-22T17:13:02.478372324Z 17:13:02.478235 socketpair(AF_UNIX, SOCK_STREAM, 0, [58, 59]) = 0
2023-07-22T17:13:02.478556925Z 17:13:02.478413 socketpair(AF_UNIX, SOCK_STREAM, 0, [60, 61]) = 0
2023-07-22T17:13:15.745140997Z broker.info[4]: shutdown: run->cleanup 13.7809s
2023-07-22T17:13:15.746411567Z broker.info[4]: cleanup-none: cleanup->shutdown 0.89421ms
2023-07-22T17:13:15.748435347Z broker.info[4]: children-none: shutdown->finalize 1.2119ms
2023-07-22T17:13:15.749207557Z 17:13:15.748948 socketpair(AF_UNIX, SOCK_STREAM|SOCK_CLOEXEC, 0, [22, 23]) = 0
2023-07-22T17:13:15.749637887Z 17:13:15.749247 socketpair(AF_UNIX, SOCK_STREAM, 0, [24, 25]) = 0
2023-07-22T17:13:15.750092877Z 17:13:15.749917 socketpair(AF_UNIX, SOCK_STREAM, 0, [26, 28]) = 0
2023-07-22T17:13:15.750912697Z 17:13:15.750469 socketpair(AF_UNIX, SOCK_STREAM, 0, [58, 59]) = 0
2023-07-22T17:13:15.770939985Z broker.info[4]: rc3.0: running /etc/flux/rc3.d/01-sched-fluxion
2023-07-22T17:13:15.866194809Z broker.info[4]: rc3.0: /etc/flux/rc3 Exited (rc=0) 0.1s
2023-07-22T17:13:15.867247949Z broker.info[4]: rc3-success: finalize->goodbye 0.118173s
2023-07-22T17:13:15.868796889Z broker.info[4]: goodbye: goodbye->exit 1.13002ms
2023-07-22T17:13:15.876532099Z 17:13:15.876350 +++ exited with 0 +++
2023-07-22T17:13:15.877529189Z Return value for follower worker is 0
2023-07-22T17:13:15.877619818Z The follower worker exited cleanly. Goodbye!
