2023-07-22T16:53:41.708244151Z
2023-07-22T16:53:41.708265601Z Flux username: flux
2023-07-22T16:53:41.708270111Z
2023-07-22T16:53:41.708273641Z Flux install root: /usr
2023-07-22T16:53:41.750278487Z flux user is already added.
2023-07-22T16:53:41.752359997Z flux user identifiers:
2023-07-22T16:53:41.752379497Z uid=1234(flux) gid=1234(flux) groups=1234(flux)
2023-07-22T16:53:41.752439267Z
2023-07-22T16:53:41.752447977Z As Flux prefix for flux commands: sudo -u flux -E PYTHONPATH=/opt/conda/lib/python3.10/site-packages -E PATH=/opt/conda/bin:/usr/local/sbin:/usr/local/bin:/usr/sbin:/usr/bin:/sbin:/bin -E LD_LIBRARY_PATH=/opt/conda/lib -E HOME=/home/flux
2023-07-22T16:53:41.757487717Z
2023-07-22T16:53:41.757508457Z 👋 Hello, I'm flux-sample-5
2023-07-22T16:53:41.757513697Z The main host is flux-sample-0
2023-07-22T16:53:41.757583827Z The working directory is /home/flux/examples/reaxff/HNS, contents include:
2023-07-22T16:53:41.758628217Z /home/flux/examples/reaxff/HNS:
2023-07-22T16:53:41.758641727Z README.txt	ffield.reax.hns  log.8Mar18.reaxc.hns.g++.1
2023-07-22T16:53:41.758645527Z data.hns-equil	in.reaxc.hns	 log.8Mar18.reaxc.hns.g++.4
2023-07-22T16:53:41.758817757Z End of file listing, if you see nothing above there are no files.
2023-07-22T16:53:41.759931447Z flux R encode --hosts=flux-sample-[0-7]
2023-07-22T16:53:41.771933516Z
2023-07-22T16:53:41.771958325Z 📦 Resources
2023-07-22T16:53:41.772882135Z {"version": 1, "execution": {"R_lite": [{"rank": "0-7", "children": {"core": "0"}}], "starttime": 0.0, "expiration": 0.0, "nodelist": ["flux-sample-[0-7]"]}}
2023-07-22T16:53:41.773040536Z
2023-07-22T16:53:41.773050965Z 🐸 Diagnostics: false
2023-07-22T16:53:41.773189035Z 🚩️ Flux Option Flags defined
2023-07-22T16:53:41.775707945Z
2023-07-22T16:53:41.775722215Z 🦊 Independent Minister of Privilege
2023-07-22T16:53:41.776426875Z [exec]
2023-07-22T16:53:41.776436125Z allowed-users = [ "flux", "root" ]
2023-07-22T16:53:41.776440795Z allowed-shells = [ "/usr/libexec/flux/flux-shell" ]
2023-07-22T16:53:41.776549425Z
2023-07-22T16:53:41.776559115Z 🐸 Broker Configuration
2023-07-22T16:53:41.777349865Z # Flux needs to know the path to the IMP executable
2023-07-22T16:53:41.777361265Z [exec]
2023-07-22T16:53:41.777366205Z imp = "/usr/libexec/flux/flux-imp"
2023-07-22T16:53:41.777371105Z
2023-07-22T16:53:41.777375225Z [access]
2023-07-22T16:53:41.777379875Z allow-guest-user = true
2023-07-22T16:53:41.777383545Z allow-root-owner = true
2023-07-22T16:53:41.777387055Z
2023-07-22T16:53:41.777390045Z # Point to resource definition generated with flux-R(1).
2023-07-22T16:53:41.777393225Z [resource]
2023-07-22T16:53:41.777397395Z path = "/etc/flux/system/R"
2023-07-22T16:53:41.777400985Z
2023-07-22T16:53:41.777419105Z [bootstrap]
2023-07-22T16:53:41.777423605Z curve_cert = "/etc/curve/curve.cert"
2023-07-22T16:53:41.777427595Z default_port = 8050
2023-07-22T16:53:41.777431175Z default_bind = "tcp://eth0:%p"
2023-07-22T16:53:41.777435395Z default_connect = "tcp://%h.flux-service.flux-operator.svc.cluster.local:%p"
2023-07-22T16:53:41.777439345Z hosts = [
2023-07-22T16:53:41.777442685Z 	{ host="flux-sample-[0-7]"},
2023-07-22T16:53:41.777446075Z ]
2023-07-22T16:53:41.777449285Z [archive]
2023-07-22T16:53:41.777452165Z dbpath = "/var/lib/flux/job-archive.sqlite"
2023-07-22T16:53:41.777455765Z period = "1m"
2023-07-22T16:53:41.842451440Z busytimeout = "50s"
2023-07-22T16:53:41.842471760Z 🧊️ State Directory:
2023-07-22T16:53:41.842488820Z total 0
2023-07-22T16:53:41.842492360Z
2023-07-22T16:53:41.844534280Z
2023-07-22T16:53:41.844586800Z 🔒️ Working directory permissions:
2023-07-22T16:53:41.844593310Z total 96
2023-07-22T16:53:41.844597989Z -rwxrwxrwx 1 flux root  2517 May 17 22:32 README.txt
2023-07-22T16:53:41.844601420Z -rwxrwxrwx 1 flux root 54692 May 17 22:32 data.hns-equil
2023-07-22T16:53:41.844604660Z -rwxrwxrwx 1 flux root 13576 May 17 22:32 ffield.reax.hns
2023-07-22T16:53:41.844710809Z -rwxrwxrwx 1 flux root   870 May 17 22:32 in.reaxc.hns
2023-07-22T16:53:41.844791030Z -rwxrwxrwx 1 flux root  4172 May 17 22:32 log.8Mar18.reaxc.hns.g++.1
2023-07-22T16:53:41.844886010Z -rwxrwxrwx 1 flux root  4168 May 17 22:32 log.8Mar18.reaxc.hns.g++.4
2023-07-22T16:53:41.844934330Z
2023-07-22T16:53:41.845069029Z
2023-07-22T16:53:41.845125960Z ✨ Curve certificate generated by helper pod
2023-07-22T16:53:41.846037479Z #   ****  Generated on 2023-04-26 22:54:42 by CZMQ  ****
2023-07-22T16:53:41.846047309Z #   ZeroMQ CURVE **Secret** Certificate
2023-07-22T16:53:41.846051329Z #   DO NOT PROVIDE THIS FILE TO OTHER USERS nor change its permissions.
2023-07-22T16:53:41.846054839Z
2023-07-22T16:53:41.846057909Z metadata
2023-07-22T16:53:41.846061529Z     name = "flux-cert-generator"
2023-07-22T16:53:41.846064499Z     keygen.hostname = "flux-sample-0"
2023-07-22T16:53:41.846067849Z curve
2023-07-22T16:53:41.846071189Z     public-key = "&3=Oi.+N}LjV[Un.![WlGv.GT1251^gP9I@gf&J]"
2023-07-22T16:53:41.846074349Z     secret-key = "!92PXSq<mHh/2cLT<lRu)OvPhfP0bW&E)6]02(sE"
2023-07-22T16:53:43.848928971Z
2023-07-22T16:53:43.848976111Z 🌀  flux start --wrap=strace,-e,network,-tt -o --config /etc/flux/config -Scron.directory=/etc/flux/system/cron.d   -Stbon.fanout=256   -Srundir=/run/flux    -Sstatedir=/var/lib/flux   -Slocal-uri=local:///run/flux/local -Stbon.connect_timeout=2s  -Stbon.zmqdebug=1  -Slog-stderr-level=6    -Slog-stderr-mode=local
2023-07-22T16:53:43.878895799Z 16:53:43.878596 socket(AF_NETLINK, SOCK_RAW, NETLINK_ROUTE) = 8
2023-07-22T16:53:43.878937439Z 16:53:43.878689 bind(8, {sa_family=AF_NETLINK, nl_pid=0, nl_groups=00000000}, 12) = 0
2023-07-22T16:53:43.878999739Z 16:53:43.878740 getsockname(8, {sa_family=AF_NETLINK, nl_pid=71, nl_groups=00000000}, [12]) = 0
2023-07-22T16:53:43.879437959Z 16:53:43.878787 sendto(8, {{len=20, type=RTM_GETADDR, flags=NLM_F_REQUEST|NLM_F_DUMP, seq=1690044823, pid=0}, {ifa_family=AF_UNSPEC, ...}}, 20, 0, {sa_family=AF_NETLINK, nl_pid=0, nl_groups=00000000}, 12) = 20
2023-07-22T16:53:43.879843359Z 16:53:43.879387 recvmsg(8, {msg_name={sa_family=AF_NETLINK, nl_pid=0, nl_groups=00000000}, msg_namelen=12, msg_iov=[{iov_base=[{{len=76, type=RTM_NEWADDR, flags=NLM_F_MULTI, seq=1690044823, pid=71}, {ifa_family=AF_INET, ifa_prefixlen=8, ifa_flags=IFA_F_PERMANENT, ifa_scope=RT_SCOPE_HOST, ifa_index=if_nametoindex("lo")}, [{{nla_len=8, nla_type=IFA_ADDRESS}, 127.0.0.1}, {{nla_len=8, nla_type=IFA_LOCAL}, 127.0.0.1}, {{nla_len=7, nla_type=IFA_LABEL}, "lo"}, {{nla_len=8, nla_type=IFA_FLAGS}, IFA_F_PERMANENT}, {{nla_len=20, nla_type=IFA_CACHEINFO}, {ifa_prefered=4294967295, ifa_valid=4294967295, cstamp=631080, tstamp=631080}}]}, {{len=88, type=RTM_NEWADDR, flags=NLM_F_MULTI, seq=1690044823, pid=71}, {ifa_family=AF_INET, ifa_prefixlen=24, ifa_flags=IFA_F_PERMANENT, ifa_scope=RT_SCOPE_UNIVERSE, ifa_index=if_nametoindex("eth0")}, [{{nla_len=8, nla_type=IFA_ADDRESS}, 10.116.6.47}, {{nla_len=8, nla_type=IFA_LOCAL}, 10.116.6.47}, {{nla_len=8, nla_type=IFA_BROADCAST}, 10.116.6.255}, {{nla_len=9, nla_type=IFA_LABEL}, "eth0"}, {{nla_len=8, nla_type=IFA_FLAGS}, IFA_F_PERMANENT}, {{nla_len=20, nla_type=IFA_CACHEINFO}, {ifa_prefered=4294967295, ifa_valid=4294967295, cstamp=631082, tstamp=631082}}]}], iov_len=4096}], msg_iovlen=1, msg_controllen=0, msg_flags=0}, 0) = 164
2023-07-22T16:53:43.879924179Z 16:53:43.879759 recvmsg(8, {msg_name={sa_family=AF_NETLINK, nl_pid=0, nl_groups=00000000}, msg_namelen=12, msg_iov=[{iov_base={{len=20, type=NLMSG_DONE, flags=NLM_F_MULTI, seq=1690044823, pid=71}, 0}, iov_len=4096}], msg_iovlen=1, msg_controllen=0, msg_flags=0}, 0) = 20
2023-07-22T16:53:43.880381539Z 16:53:43.880156 socket(AF_UNIX, SOCK_STREAM|SOCK_CLOEXEC|SOCK_NONBLOCK, 0) = 8
2023-07-22T16:53:43.880396749Z 16:53:43.880219 connect(8, {sa_family=AF_UNIX, sun_path="/var/run/nscd/socket"}, 110) = -1 ENOENT (No such file or directory)
2023-07-22T16:53:43.880408839Z 16:53:43.880306 socket(AF_UNIX, SOCK_STREAM|SOCK_CLOEXEC|SOCK_NONBLOCK, 0) = 8
2023-07-22T16:53:43.880481019Z 16:53:43.880358 connect(8, {sa_family=AF_UNIX, sun_path="/var/run/nscd/socket"}, 110) = -1 ENOENT (No such file or directory)
2023-07-22T16:53:43.881971829Z 16:53:43.881727 socket(AF_INET, SOCK_DGRAM|SOCK_CLOEXEC|SOCK_NONBLOCK, IPPROTO_IP) = 8
2023-07-22T16:53:43.882263929Z 16:53:43.882004 connect(8, {sa_family=AF_INET, sin_port=htons(53), sin_addr=inet_addr("10.120.0.10")}, 16) = 0
2023-07-22T16:53:43.882698079Z 16:53:43.882310 sendto(8, "\333!\1\0\0\1\0\0\0\0\0\0\rflux-sample-0\fflux-"..., 76, MSG_NOSIGNAL, NULL, 0) = 76
2023-07-22T16:53:43.883126688Z 16:53:43.882873 recvfrom(8, "\333!\205\200\0\1\0\1\0\0\0\0\rflux-sample-0\fflux-"..., 1024, 0, {sa_family=AF_INET, sin_port=htons(53), sin_addr=inet_addr("10.120.0.10")}, [28->16]) = 150
2023-07-22T16:53:43.889224338Z broker.info[5]: start: none->join 2.0981ms
2023-07-22T16:53:52.507963091Z broker.info[5]: parent-ready: join->init 8.61861s
2023-07-22T16:53:52.508295011Z 16:53:52.508098 socketpair(AF_UNIX, SOCK_STREAM|SOCK_CLOEXEC, 0, [22, 23]) = 0
2023-07-22T16:53:52.508552961Z 16:53:52.508336 socketpair(AF_UNIX, SOCK_STREAM, 0, [24, 25]) = 0
2023-07-22T16:53:52.508887471Z 16:53:52.508670 socketpair(AF_UNIX, SOCK_STREAM, 0, [26, 27]) = 0
2023-07-22T16:53:52.509216831Z 16:53:52.508981 socketpair(AF_UNIX, SOCK_STREAM, 0, [28, 29]) = 0
2023-07-22T16:53:52.526254930Z broker.info[5]: configuration updated
2023-07-22T16:53:52.606140043Z broker.info[5]: rc1.0: running /etc/flux/rc1.d/01-sched-fluxion
2023-07-22T16:53:52.613121673Z broker.info[5]: rc1.0: running /etc/flux/rc1.d/02-cron
2023-07-22T16:53:52.626030121Z broker.info[5]: rc1.0: /etc/flux/rc1 Exited (rc=0) 0.1s
2023-07-22T16:53:52.626281421Z broker.info[5]: rc1-success: init->quorum 0.118107s
2023-07-22T16:53:53.587521272Z broker.info[5]: quorum-full: quorum->run 0.961022s
2023-07-22T16:53:54.130925135Z 16:53:54.130707 socketpair(AF_UNIX, SOCK_STREAM|SOCK_CLOEXEC, 0, [22, 23]) = 0
2023-07-22T16:53:54.131085615Z 16:53:54.130948 socketpair(AF_UNIX, SOCK_STREAM, 0, [24, 25]) = 0
2023-07-22T16:53:54.131347165Z 16:53:54.131146 socketpair(AF_UNIX, SOCK_STREAM, 0, [26, 28]) = 0
2023-07-22T16:53:54.131628145Z 16:53:54.131421 socketpair(AF_UNIX, SOCK_STREAM, 0, [58, 59]) = 0
2023-07-22T16:53:54.131918005Z 16:53:54.131711 socketpair(AF_UNIX, SOCK_STREAM, 0, [60, 61]) = 0
2023-07-22T16:54:08.512122168Z broker.info[5]: shutdown: run->cleanup 14.9244s
2023-07-22T16:54:08.512559858Z broker.info[5]: cleanup-none: cleanup->shutdown 0.47738ms
2023-07-22T16:54:08.513843878Z broker.info[5]: children-none: shutdown->finalize 1.03578ms
2023-07-22T16:54:08.514408338Z 16:54:08.514174 socketpair(AF_UNIX, SOCK_STREAM|SOCK_CLOEXEC, 0, [22, 23]) = 0
2023-07-22T16:54:08.514732198Z 16:54:08.514437 socketpair(AF_UNIX, SOCK_STREAM, 0, [24, 25]) = 0
2023-07-22T16:54:08.515072068Z 16:54:08.514823 socketpair(AF_UNIX, SOCK_STREAM, 0, [26, 28]) = 0
2023-07-22T16:54:08.515542978Z 16:54:08.515289 socketpair(AF_UNIX, SOCK_STREAM, 0, [58, 59]) = 0
2023-07-22T16:54:08.533485287Z broker.info[5]: rc3.0: running /etc/flux/rc3.d/01-sched-fluxion
2023-07-22T16:54:08.633688969Z broker.info[5]: rc3.0: /etc/flux/rc3 Exited (rc=0) 0.1s
2023-07-22T16:54:08.634823999Z broker.info[5]: rc3-success: finalize->goodbye 0.120501s
2023-07-22T16:54:08.636423219Z broker.info[5]: goodbye: goodbye->exit 1.10406ms
2023-07-22T16:54:08.643816688Z 16:54:08.643646 +++ exited with 0 +++
2023-07-22T16:54:08.644659518Z Return value for follower worker is 0
2023-07-22T16:54:08.644675448Z The follower worker exited cleanly. Goodbye!
