2023-07-22T17:03:07.205750863Z
2023-07-22T17:03:07.207094242Z Flux username: flux
2023-07-22T17:03:07.207120121Z
2023-07-22T17:03:07.207126245Z Flux install root: /usr
2023-07-22T17:03:07.254136943Z flux user is already added.
2023-07-22T17:03:07.257470056Z flux user identifiers:
2023-07-22T17:03:07.257631554Z uid=1234(flux) gid=1234(flux) groups=1234(flux)
2023-07-22T17:03:07.257734349Z
2023-07-22T17:03:07.257752681Z As Flux prefix for flux commands: sudo -u flux -E PYTHONPATH=/opt/conda/lib/python3.10/site-packages -E PATH=/opt/conda/bin:/usr/local/sbin:/usr/local/bin:/usr/sbin:/usr/bin:/sbin:/bin -E LD_LIBRARY_PATH=/opt/conda/lib -E HOME=/home/flux
2023-07-22T17:03:07.267844457Z
2023-07-22T17:03:07.267908844Z ðŸ‘‹ Hello, I'm flux-sample-3
2023-07-22T17:03:07.268038781Z The main host is flux-sample-0
2023-07-22T17:03:07.268049592Z The working directory is /home/flux/examples/reaxff/HNS, contents include:
2023-07-22T17:03:07.270278579Z /home/flux/examples/reaxff/HNS:
2023-07-22T17:03:07.270421948Z README.txt	ffield.reax.hns  log.8Mar18.reaxc.hns.g++.1
2023-07-22T17:03:07.270433307Z data.hns-equil	in.reaxc.hns	 log.8Mar18.reaxc.hns.g++.4
2023-07-22T17:03:07.270538729Z End of file listing, if you see nothing above there are no files.
2023-07-22T17:03:07.273518955Z flux R encode --hosts=flux-sample-[0-7]
2023-07-22T17:03:07.292239426Z
2023-07-22T17:03:07.292274077Z ðŸ“¦ Resources
2023-07-22T17:03:07.293708679Z {"version": 1, "execution": {"R_lite": [{"rank": "0-7", "children": {"core": "0"}}], "starttime": 0.0, "expiration": 0.0, "nodelist": ["flux-sample-[0-7]"]}}
2023-07-22T17:03:07.294134480Z
2023-07-22T17:03:07.294162877Z ðŸ¸ Diagnostics: false
2023-07-22T17:03:07.294368732Z ðŸš©ï¸ Flux Option Flags defined
2023-07-22T17:03:07.302181512Z
2023-07-22T17:03:07.302215566Z ðŸ¦Š Independent Minister of Privilege
2023-07-22T17:03:07.304767495Z [exec]
2023-07-22T17:03:07.304797205Z allowed-users = [ "flux", "root" ]
2023-07-22T17:03:07.304803742Z allowed-shells = [ "/usr/libexec/flux/flux-shell" ]
2023-07-22T17:03:07.305032586Z
2023-07-22T17:03:07.305048301Z ðŸ¸ Broker Configuration
2023-07-22T17:03:07.306709620Z # Flux needs to know the path to the IMP executable
2023-07-22T17:03:07.306735613Z [exec]
2023-07-22T17:03:07.306742500Z imp = "/usr/libexec/flux/flux-imp"
2023-07-22T17:03:07.306747095Z
2023-07-22T17:03:07.306751516Z [access]
2023-07-22T17:03:07.306758241Z allow-guest-user = true
2023-07-22T17:03:07.306762745Z allow-root-owner = true
2023-07-22T17:03:07.306767295Z
2023-07-22T17:03:07.306772165Z # Point to resource definition generated with flux-R(1).
2023-07-22T17:03:07.306777123Z [resource]
2023-07-22T17:03:07.306782983Z path = "/etc/flux/system/R"
2023-07-22T17:03:07.306787231Z
2023-07-22T17:03:07.306791604Z [bootstrap]
2023-07-22T17:03:07.306796546Z curve_cert = "/etc/curve/curve.cert"
2023-07-22T17:03:07.306801145Z default_port = 8050
2023-07-22T17:03:07.306806083Z default_bind = "tcp://eth0:%p"
2023-07-22T17:03:07.306811269Z default_connect = "tcp://%h.flux-service.flux-operator.svc.cluster.local:%p"
2023-07-22T17:03:07.306816073Z hosts = [
2023-07-22T17:03:07.306820805Z 	{ host="flux-sample-[0-7]"},
2023-07-22T17:03:07.306825566Z ]
2023-07-22T17:03:07.306830020Z [archive]
2023-07-22T17:03:07.306835038Z dbpath = "/var/lib/flux/job-archive.sqlite"
2023-07-22T17:03:07.306839789Z period = "1m"
2023-07-22T17:03:07.402659359Z busytimeout = "50s"
2023-07-22T17:03:07.402804202Z ðŸ§Šï¸ State Directory:
2023-07-22T17:03:07.402822798Z total 0
2023-07-22T17:03:07.402829118Z
2023-07-22T17:03:07.407534118Z
2023-07-22T17:03:07.407598934Z ðŸ”’ï¸ Working directory permissions:
2023-07-22T17:03:07.407608439Z total 96
2023-07-22T17:03:07.407613934Z -rwxrwxrwx 1 flux root  2517 May 17 22:32 README.txt
2023-07-22T17:03:07.407618826Z -rwxrwxrwx 1 flux root 54692 May 17 22:32 data.hns-equil
2023-07-22T17:03:07.407623672Z -rwxrwxrwx 1 flux root 13576 May 17 22:32 ffield.reax.hns
2023-07-22T17:03:07.407628981Z -rwxrwxrwx 1 flux root   870 May 17 22:32 in.reaxc.hns
2023-07-22T17:03:07.407635147Z -rwxrwxrwx 1 flux root  4172 May 17 22:32 log.8Mar18.reaxc.hns.g++.1
2023-07-22T17:03:07.407639940Z -rwxrwxrwx 1 flux root  4168 May 17 22:32 log.8Mar18.reaxc.hns.g++.4
2023-07-22T17:03:07.407645134Z
2023-07-22T17:03:07.407787034Z
2023-07-22T17:03:07.407809654Z âœ¨ Curve certificate generated by helper pod
2023-07-22T17:03:07.409879561Z #   ****  Generated on 2023-04-26 22:54:42 by CZMQ  ****
2023-07-22T17:03:07.409909688Z #   ZeroMQ CURVE **Secret** Certificate
2023-07-22T17:03:07.409917314Z #   DO NOT PROVIDE THIS FILE TO OTHER USERS nor change its permissions.
2023-07-22T17:03:07.409923329Z
2023-07-22T17:03:07.409928252Z metadata
2023-07-22T17:03:07.409933788Z     name = "flux-cert-generator"
2023-07-22T17:03:07.409938849Z     keygen.hostname = "flux-sample-0"
2023-07-22T17:03:07.409943774Z curve
2023-07-22T17:03:07.409948989Z     public-key = "t4r5N(xqTkx>QG]UJ-jMqwWcJKUA+71y4MWDAh/x"
2023-07-22T17:03:07.409954413Z     secret-key = "X-u+J[)UiVVHO$!T1=>1-*uY=frZMc(wHOaI!]$["
2023-07-22T17:03:09.415288964Z
2023-07-22T17:03:09.415345611Z ðŸŒ€  flux start --wrap=strace,-e,network,-tt -o --config /etc/flux/config -Scron.directory=/etc/flux/system/cron.d   -Stbon.fanout=256   -Srundir=/run/flux    -Sstatedir=/var/lib/flux   -Slocal-uri=local:///run/flux/local -Stbon.connect_timeout=10s  -Stbon.zmqdebug=1  -Slog-stderr-level=6    -Slog-stderr-mode=local
2023-07-22T17:03:09.453238511Z 17:03:09.452835 socket(AF_NETLINK, SOCK_RAW, NETLINK_ROUTE) = 8
2023-07-22T17:03:09.453913189Z 17:03:09.453346 bind(8, {sa_family=AF_NETLINK, nl_pid=0, nl_groups=00000000}, 12) = 0
2023-07-22T17:03:09.454181314Z 17:03:09.454031 getsockname(8, {sa_family=AF_NETLINK, nl_pid=71, nl_groups=00000000}, [12]) = 0
2023-07-22T17:03:09.454533596Z 17:03:09.454122 sendto(8, {{len=20, type=RTM_GETADDR, flags=NLM_F_REQUEST|NLM_F_DUMP, seq=1690045389, pid=0}, {ifa_family=AF_UNSPEC, ...}}, 20, 0, {sa_family=AF_NETLINK, nl_pid=0, nl_groups=00000000}, 12) = 20
2023-07-22T17:03:09.455318397Z 17:03:09.454604 recvmsg(8, {msg_name={sa_family=AF_NETLINK, nl_pid=0, nl_groups=00000000}, msg_namelen=12, msg_iov=[{iov_base=[{{len=76, type=RTM_NEWADDR, flags=NLM_F_MULTI, seq=1690045389, pid=71}, {ifa_family=AF_INET, ifa_prefixlen=8, ifa_flags=IFA_F_PERMANENT, ifa_scope=RT_SCOPE_HOST, ifa_index=if_nametoindex("lo")}, [{{nla_len=8, nla_type=IFA_ADDRESS}, 127.0.0.1}, {{nla_len=8, nla_type=IFA_LOCAL}, 127.0.0.1}, {{nla_len=7, nla_type=IFA_LABEL}, "lo"}, {{nla_len=8, nla_type=IFA_FLAGS}, IFA_F_PERMANENT}, {{nla_len=20, nla_type=IFA_CACHEINFO}, {ifa_prefered=4294967295, ifa_valid=4294967295, cstamp=687510, tstamp=687510}}]}, {{len=88, type=RTM_NEWADDR, flags=NLM_F_MULTI, seq=1690045389, pid=71}, {ifa_family=AF_INET, ifa_prefixlen=24, ifa_flags=IFA_F_PERMANENT, ifa_scope=RT_SCOPE_UNIVERSE, ifa_index=if_nametoindex("eth0")}, [{{nla_len=8, nla_type=IFA_ADDRESS}, 10.116.7.62}, {{nla_len=8, nla_type=IFA_LOCAL}, 10.116.7.62}, {{nla_len=8, nla_type=IFA_BROADCAST}, 10.116.7.255}, {{nla_len=9, nla_type=IFA_LABEL}, "eth0"}, {{nla_len=8, nla_type=IFA_FLAGS}, IFA_F_PERMANENT}, {{nla_len=20, nla_type=IFA_CACHEINFO}, {ifa_prefered=4294967295, ifa_valid=4294967295, cstamp=687514, tstamp=687514}}]}], iov_len=4096}], msg_iovlen=1, msg_controllen=0, msg_flags=0}, 0) = 164
2023-07-22T17:03:09.455496209Z 17:03:09.455215 recvmsg(8, {msg_name={sa_family=AF_NETLINK, nl_pid=0, nl_groups=00000000}, msg_namelen=12, msg_iov=[{iov_base={{len=20, type=NLMSG_DONE, flags=NLM_F_MULTI, seq=1690045389, pid=71}, 0}, iov_len=4096}], msg_iovlen=1, msg_controllen=0, msg_flags=0}, 0) = 20
2023-07-22T17:03:09.456412900Z 17:03:09.456117 socket(AF_UNIX, SOCK_STREAM|SOCK_CLOEXEC|SOCK_NONBLOCK, 0) = 8
2023-07-22T17:03:09.456434870Z 17:03:09.456204 connect(8, {sa_family=AF_UNIX, sun_path="/var/run/nscd/socket"}, 110) = -1 ENOENT (No such file or directory)
2023-07-22T17:03:09.456577268Z 17:03:09.456347 socket(AF_UNIX, SOCK_STREAM|SOCK_CLOEXEC|SOCK_NONBLOCK, 0) = 8
2023-07-22T17:03:09.456683930Z 17:03:09.456432 connect(8, {sa_family=AF_UNIX, sun_path="/var/run/nscd/socket"}, 110) = -1 ENOENT (No such file or directory)
2023-07-22T17:03:09.458663698Z 17:03:09.458360 socket(AF_INET, SOCK_DGRAM|SOCK_CLOEXEC|SOCK_NONBLOCK, IPPROTO_IP) = 8
2023-07-22T17:03:09.459275111Z 17:03:09.459003 connect(8, {sa_family=AF_INET, sin_port=htons(53), sin_addr=inet_addr("10.120.0.10")}, 16) = 0
2023-07-22T17:03:09.459992080Z 17:03:09.459557 sendto(8, "\36\352\1\0\0\1\0\0\0\0\0\0\rflux-sample-0\fflux-"..., 76, MSG_NOSIGNAL, NULL, 0) = 76
2023-07-22T17:03:09.463801255Z 17:03:09.463457 recvfrom(8, "\36\352\205\200\0\1\0\1\0\0\0\0\rflux-sample-0\fflux-"..., 1024, 0, {sa_family=AF_INET, sin_port=htons(53), sin_addr=inet_addr("10.120.0.10")}, [28->16]) = 150
2023-07-22T17:03:09.468963444Z broker.info[3]: start: none->join 2.28258ms
2023-07-22T17:03:09.477235321Z broker.info[3]: parent-ready: join->init 8.1705ms
2023-07-22T17:03:09.477470314Z 17:03:09.477264 socketpair(AF_UNIX, SOCK_STREAM|SOCK_CLOEXEC, 0, [22, 23]) = 0
2023-07-22T17:03:09.477612233Z 17:03:09.477451 socketpair(AF_UNIX, SOCK_STREAM, 0, [24, 25]) = 0
2023-07-22T17:03:09.477918285Z 17:03:09.477724 socketpair(AF_UNIX, SOCK_STREAM, 0, [26, 27]) = 0
2023-07-22T17:03:09.478126720Z 17:03:09.477965 socketpair(AF_UNIX, SOCK_STREAM, 0, [28, 29]) = 0
2023-07-22T17:03:09.502501206Z broker.info[3]: configuration updated
2023-07-22T17:03:09.623055477Z broker.info[3]: rc1.0: running /etc/flux/rc1.d/01-sched-fluxion
2023-07-22T17:03:09.638590711Z broker.info[3]: rc1.0: running /etc/flux/rc1.d/02-cron
2023-07-22T17:03:09.665526821Z broker.info[3]: rc1.0: /etc/flux/rc1 Exited (rc=0) 0.2s
2023-07-22T17:03:09.666247498Z broker.info[3]: rc1-success: init->quorum 0.188897s
2023-07-22T17:03:19.395707603Z broker.info[3]: quorum-full: quorum->run 9.72897s
2023-07-22T17:03:19.921153324Z 17:03:19.920804 socketpair(AF_UNIX, SOCK_STREAM|SOCK_CLOEXEC, 0, [22, 23]) = 0
2023-07-22T17:03:19.921280147Z 17:03:19.921120 socketpair(AF_UNIX, SOCK_STREAM, 0, [24, 25]) = 0
2023-07-22T17:03:19.921561804Z 17:03:19.921387 socketpair(AF_UNIX, SOCK_STREAM, 0, [26, 28]) = 0
2023-07-22T17:03:19.921854101Z 17:03:19.921676 socketpair(AF_UNIX, SOCK_STREAM, 0, [58, 59]) = 0
2023-07-22T17:03:19.922149899Z 17:03:19.921973 socketpair(AF_UNIX, SOCK_STREAM, 0, [60, 61]) = 0
2023-07-22T17:03:33.638055066Z broker.info[3]: shutdown: run->cleanup 14.2419s
2023-07-22T17:03:33.640245836Z broker.info[3]: cleanup-none: cleanup->shutdown 1.13664ms
2023-07-22T17:03:33.642143353Z broker.info[3]: children-none: shutdown->finalize 1.05912ms
2023-07-22T17:03:33.643040315Z 17:03:33.642685 socketpair(AF_UNIX, SOCK_STREAM|SOCK_CLOEXEC, 0, [22, 23]) = 0
2023-07-22T17:03:33.643561490Z 17:03:33.643121 socketpair(AF_UNIX, SOCK_STREAM, 0, [24, 25]) = 0
2023-07-22T17:03:33.644486480Z 17:03:33.644279 socketpair(AF_UNIX, SOCK_STREAM, 0, [26, 28]) = 0
2023-07-22T17:03:33.644856040Z 17:03:33.644612 socketpair(AF_UNIX, SOCK_STREAM, 0, [58, 59]) = 0
2023-07-22T17:03:33.664057428Z broker.info[3]: rc3.0: running /etc/flux/rc3.d/01-sched-fluxion
2023-07-22T17:03:33.800011313Z broker.info[3]: rc3.0: /etc/flux/rc3 Exited (rc=0) 0.2s
2023-07-22T17:03:33.801422993Z broker.info[3]: rc3-success: finalize->goodbye 0.158409s
2023-07-22T17:03:33.803366204Z broker.info[3]: goodbye: goodbye->exit 1.02416ms
2023-07-22T17:03:33.812637318Z 17:03:33.812386 +++ exited with 0 +++
2023-07-22T17:03:33.814149614Z Return value for follower worker is 0
2023-07-22T17:03:33.814182839Z The follower worker exited cleanly. Goodbye!
