2023-07-22T17:06:41.048539503Z
2023-07-22T17:06:41.048578753Z Flux username: flux
2023-07-22T17:06:41.049028313Z
2023-07-22T17:06:41.049554753Z Flux install root: /usr
2023-07-22T17:06:41.087515010Z flux user is already added.
2023-07-22T17:06:41.089959629Z flux user identifiers:
2023-07-22T17:06:41.089974129Z uid=1234(flux) gid=1234(flux) groups=1234(flux)
2023-07-22T17:06:41.089978969Z
2023-07-22T17:06:41.089987959Z As Flux prefix for flux commands: sudo -u flux -E PYTHONPATH=/opt/conda/lib/python3.10/site-packages -E PATH=/opt/conda/bin:/usr/local/sbin:/usr/local/bin:/usr/sbin:/usr/bin:/sbin:/bin -E LD_LIBRARY_PATH=/opt/conda/lib -E HOME=/home/flux
2023-07-22T17:06:41.095584569Z
2023-07-22T17:06:41.095600459Z ðŸ‘‹ Hello, I'm flux-sample-4
2023-07-22T17:06:41.095605579Z The main host is flux-sample-0
2023-07-22T17:06:41.095610179Z The working directory is /home/flux/examples/reaxff/HNS, contents include:
2023-07-22T17:06:41.096829209Z /home/flux/examples/reaxff/HNS:
2023-07-22T17:06:41.096904109Z README.txt	ffield.reax.hns  log.8Mar18.reaxc.hns.g++.1
2023-07-22T17:06:41.096912838Z data.hns-equil	in.reaxc.hns	 log.8Mar18.reaxc.hns.g++.4
2023-07-22T17:06:41.097031978Z End of file listing, if you see nothing above there are no files.
2023-07-22T17:06:41.098218369Z flux R encode --hosts=flux-sample-[0-7]
2023-07-22T17:06:41.107829308Z
2023-07-22T17:06:41.107913078Z ðŸ“¦ Resources
2023-07-22T17:06:41.108688797Z {"version": 1, "execution": {"R_lite": [{"rank": "0-7", "children": {"core": "0"}}], "starttime": 0.0, "expiration": 0.0, "nodelist": ["flux-sample-[0-7]"]}}
2023-07-22T17:06:41.108842668Z
2023-07-22T17:06:41.108913197Z ðŸ¸ Diagnostics: false
2023-07-22T17:06:41.109147757Z ðŸš©ï¸ Flux Option Flags defined
2023-07-22T17:06:41.111038367Z
2023-07-22T17:06:41.111129507Z ðŸ¦Š Independent Minister of Privilege
2023-07-22T17:06:41.111863797Z [exec]
2023-07-22T17:06:41.111878887Z allowed-users = [ "flux", "root" ]
2023-07-22T17:06:41.111885197Z allowed-shells = [ "/usr/libexec/flux/flux-shell" ]
2023-07-22T17:06:41.112169467Z
2023-07-22T17:06:41.112193317Z ðŸ¸ Broker Configuration
2023-07-22T17:06:41.112896597Z # Flux needs to know the path to the IMP executable
2023-07-22T17:06:41.112916687Z [exec]
2023-07-22T17:06:41.112922937Z imp = "/usr/libexec/flux/flux-imp"
2023-07-22T17:06:41.112927437Z
2023-07-22T17:06:41.112931677Z [access]
2023-07-22T17:06:41.112936507Z allow-guest-user = true
2023-07-22T17:06:41.112940917Z allow-root-owner = true
2023-07-22T17:06:41.112945617Z
2023-07-22T17:06:41.112949987Z # Point to resource definition generated with flux-R(1).
2023-07-22T17:06:41.112954207Z [resource]
2023-07-22T17:06:41.112958777Z path = "/etc/flux/system/R"
2023-07-22T17:06:41.112962967Z
2023-07-22T17:06:41.112966907Z [bootstrap]
2023-07-22T17:06:41.112970667Z curve_cert = "/etc/curve/curve.cert"
2023-07-22T17:06:41.112974777Z default_port = 8050
2023-07-22T17:06:41.112979347Z default_bind = "tcp://eth0:%p"
2023-07-22T17:06:41.112983917Z default_connect = "tcp://%h.flux-service.flux-operator.svc.cluster.local:%p"
2023-07-22T17:06:41.112988167Z hosts = [
2023-07-22T17:06:41.112992297Z 	{ host="flux-sample-[0-7]"},
2023-07-22T17:06:41.112996287Z ]
2023-07-22T17:06:41.113000657Z [archive]
2023-07-22T17:06:41.113005127Z dbpath = "/var/lib/flux/job-archive.sqlite"
2023-07-22T17:06:41.113009557Z period = "1m"
2023-07-22T17:06:41.162812063Z busytimeout = "50s"
2023-07-22T17:06:41.162878623Z ðŸ§Šï¸ State Directory:
2023-07-22T17:06:41.162886733Z total 0
2023-07-22T17:06:41.162891483Z
2023-07-22T17:06:41.164201433Z
2023-07-22T17:06:41.164252373Z ðŸ”’ï¸ Working directory permissions:
2023-07-22T17:06:41.164259673Z total 96
2023-07-22T17:06:41.164265083Z -rwxrwxrwx 1 flux root  2517 May 17 22:32 README.txt
2023-07-22T17:06:41.164269113Z -rwxrwxrwx 1 flux root 54692 May 17 22:32 data.hns-equil
2023-07-22T17:06:41.164272923Z -rwxrwxrwx 1 flux root 13576 May 17 22:32 ffield.reax.hns
2023-07-22T17:06:41.164277023Z -rwxrwxrwx 1 flux root   870 May 17 22:32 in.reaxc.hns
2023-07-22T17:06:41.164281483Z -rwxrwxrwx 1 flux root  4172 May 17 22:32 log.8Mar18.reaxc.hns.g++.1
2023-07-22T17:06:41.164321043Z -rwxrwxrwx 1 flux root  4168 May 17 22:32 log.8Mar18.reaxc.hns.g++.4
2023-07-22T17:06:41.164325263Z
2023-07-22T17:06:41.164329263Z
2023-07-22T17:06:41.164334443Z âœ¨ Curve certificate generated by helper pod
2023-07-22T17:06:41.164996763Z #   ****  Generated on 2023-04-26 22:54:42 by CZMQ  ****
2023-07-22T17:06:41.165010413Z #   ZeroMQ CURVE **Secret** Certificate
2023-07-22T17:06:41.165015923Z #   DO NOT PROVIDE THIS FILE TO OTHER USERS nor change its permissions.
2023-07-22T17:06:41.165019963Z
2023-07-22T17:06:41.165023563Z metadata
2023-07-22T17:06:41.165030453Z     name = "flux-cert-generator"
2023-07-22T17:06:41.165034353Z     keygen.hostname = "flux-sample-0"
2023-07-22T17:06:41.165063073Z curve
2023-07-22T17:06:41.165068053Z     public-key = "^kV5zVnfZ)8r:Zvj*tB>3%/%$@HFLR%nMhvd{Ai8"
2023-07-22T17:06:41.165071723Z     secret-key = "lhUZp:-Y[)sDB0duy08Lj%I1u3)Z8y<yXdFo-aji"
2023-07-22T17:06:43.167677618Z
2023-07-22T17:06:43.167736438Z ðŸŒ€  flux start --wrap=strace,-e,network,-tt -o --config /etc/flux/config -Scron.directory=/etc/flux/system/cron.d   -Stbon.fanout=256   -Srundir=/run/flux    -Sstatedir=/var/lib/flux   -Slocal-uri=local:///run/flux/local   -Stbon.zmqdebug=1  -Slog-stderr-level=6    -Slog-stderr-mode=local
2023-07-22T17:06:43.191562516Z 17:06:43.191243 socket(AF_NETLINK, SOCK_RAW, NETLINK_ROUTE) = 8
2023-07-22T17:06:43.191608146Z 17:06:43.191408 bind(8, {sa_family=AF_NETLINK, nl_pid=0, nl_groups=00000000}, 12) = 0
2023-07-22T17:06:43.191698536Z 17:06:43.191519 getsockname(8, {sa_family=AF_NETLINK, nl_pid=70, nl_groups=00000000}, [12]) = 0
2023-07-22T17:06:43.192016176Z 17:06:43.191718 sendto(8, {{len=20, type=RTM_GETADDR, flags=NLM_F_REQUEST|NLM_F_DUMP, seq=1690045603, pid=0}, {ifa_family=AF_UNSPEC, ...}}, 20, 0, {sa_family=AF_NETLINK, nl_pid=0, nl_groups=00000000}, 12) = 20
2023-07-22T17:06:43.192429896Z 17:06:43.192031 recvmsg(8, {msg_name={sa_family=AF_NETLINK, nl_pid=0, nl_groups=00000000}, msg_namelen=12, msg_iov=[{iov_base=[{{len=76, type=RTM_NEWADDR, flags=NLM_F_MULTI, seq=1690045603, pid=70}, {ifa_family=AF_INET, ifa_prefixlen=8, ifa_flags=IFA_F_PERMANENT, ifa_scope=RT_SCOPE_HOST, ifa_index=if_nametoindex("lo")}, [{{nla_len=8, nla_type=IFA_ADDRESS}, 127.0.0.1}, {{nla_len=8, nla_type=IFA_LOCAL}, 127.0.0.1}, {{nla_len=7, nla_type=IFA_LABEL}, "lo"}, {{nla_len=8, nla_type=IFA_FLAGS}, IFA_F_PERMANENT}, {{nla_len=20, nla_type=IFA_CACHEINFO}, {ifa_prefered=4294967295, ifa_valid=4294967295, cstamp=709153, tstamp=709153}}]}, {{len=88, type=RTM_NEWADDR, flags=NLM_F_MULTI, seq=1690045603, pid=70}, {ifa_family=AF_INET, ifa_prefixlen=24, ifa_flags=IFA_F_PERMANENT, ifa_scope=RT_SCOPE_UNIVERSE, ifa_index=if_nametoindex("eth0")}, [{{nla_len=8, nla_type=IFA_ADDRESS}, 10.116.5.69}, {{nla_len=8, nla_type=IFA_LOCAL}, 10.116.5.69}, {{nla_len=8, nla_type=IFA_BROADCAST}, 10.116.5.255}, {{nla_len=9, nla_type=IFA_LABEL}, "eth0"}, {{nla_len=8, nla_type=IFA_FLAGS}, IFA_F_PERMANENT}, {{nla_len=20, nla_type=IFA_CACHEINFO}, {ifa_prefered=4294967295, ifa_valid=4294967295, cstamp=709154, tstamp=709154}}]}], iov_len=4096}], msg_iovlen=1, msg_controllen=0, msg_flags=0}, 0) = 164
2023-07-22T17:06:43.192687446Z 17:06:43.192464 recvmsg(8, {msg_name={sa_family=AF_NETLINK, nl_pid=0, nl_groups=00000000}, msg_namelen=12, msg_iov=[{iov_base={{len=20, type=NLMSG_DONE, flags=NLM_F_MULTI, seq=1690045603, pid=70}, 0}, iov_len=4096}], msg_iovlen=1, msg_controllen=0, msg_flags=0}, 0) = 20
2023-07-22T17:06:43.193098306Z 17:06:43.192957 socket(AF_UNIX, SOCK_STREAM|SOCK_CLOEXEC|SOCK_NONBLOCK, 0) = 8
2023-07-22T17:06:43.193243946Z 17:06:43.193071 connect(8, {sa_family=AF_UNIX, sun_path="/var/run/nscd/socket"}, 110) = -1 ENOENT (No such file or directory)
2023-07-22T17:06:43.193516336Z 17:06:43.193260 socket(AF_UNIX, SOCK_STREAM|SOCK_CLOEXEC|SOCK_NONBLOCK, 0) = 8
2023-07-22T17:06:43.193671526Z 17:06:43.193439 connect(8, {sa_family=AF_UNIX, sun_path="/var/run/nscd/socket"}, 110) = -1 ENOENT (No such file or directory)
2023-07-22T17:06:43.194672096Z 17:06:43.194555 socket(AF_INET, SOCK_DGRAM|SOCK_CLOEXEC|SOCK_NONBLOCK, IPPROTO_IP) = 8
2023-07-22T17:06:43.194915446Z 17:06:43.194713 connect(8, {sa_family=AF_INET, sin_port=htons(53), sin_addr=inet_addr("10.120.0.10")}, 16) = 0
2023-07-22T17:06:43.195179216Z 17:06:43.194955 sendto(8, "\247\277\1\0\0\1\0\0\0\0\0\0\rflux-sample-0\fflux-"..., 76, MSG_NOSIGNAL, NULL, 0) = 76
2023-07-22T17:06:43.198611596Z 17:06:43.198368 recvfrom(8, "\247\277\205\200\0\1\0\1\0\0\0\0\rflux-sample-0\fflux-"..., 1024, 0, {sa_family=AF_INET, sin_port=htons(53), sin_addr=inet_addr("10.120.0.10")}, [28->16]) = 150
2023-07-22T17:06:43.201196466Z broker.info[4]: start: none->join 1.00875ms
2023-07-22T17:06:43.209153275Z broker.info[4]: parent-ready: join->init 7.77284ms
2023-07-22T17:06:43.209354585Z 17:06:43.209008 socketpair(AF_UNIX, SOCK_STREAM|SOCK_CLOEXEC, 0, [22, 23]) = 0
2023-07-22T17:06:43.209366805Z 17:06:43.209100 socketpair(AF_UNIX, SOCK_STREAM, 0, [24, 25]) = 0
2023-07-22T17:06:43.209498125Z 17:06:43.209232 socketpair(AF_UNIX, SOCK_STREAM, 0, [26, 27]) = 0
2023-07-22T17:06:43.209517455Z 17:06:43.209378 socketpair(AF_UNIX, SOCK_STREAM, 0, [28, 29]) = 0
2023-07-22T17:06:43.223388993Z broker.info[4]: configuration updated
2023-07-22T17:06:43.285638308Z broker.info[4]: rc1.0: running /etc/flux/rc1.d/01-sched-fluxion
2023-07-22T17:06:43.291466998Z broker.info[4]: rc1.0: running /etc/flux/rc1.d/02-cron
2023-07-22T17:06:43.302938537Z broker.info[4]: rc1.0: /etc/flux/rc1 Exited (rc=0) 0.1s
2023-07-22T17:06:43.303578126Z broker.info[4]: rc1-success: init->quorum 94.4626ms
2023-07-22T17:07:13.865774249Z broker.info[4]: quorum-full: quorum->run 30.5619s
2023-07-22T17:07:14.424254113Z 17:07:14.423952 socketpair(AF_UNIX, SOCK_STREAM|SOCK_CLOEXEC, 0, [22, 23]) = 0
2023-07-22T17:07:14.424403123Z 17:07:14.424094 socketpair(AF_UNIX, SOCK_STREAM, 0, [24, 25]) = 0
2023-07-22T17:07:14.424590163Z 17:07:14.424274 socketpair(AF_UNIX, SOCK_STREAM, 0, [26, 28]) = 0
2023-07-22T17:07:14.424928783Z 17:07:14.424707 socketpair(AF_UNIX, SOCK_STREAM, 0, [58, 59]) = 0
2023-07-22T17:07:14.425110793Z 17:07:14.424981 socketpair(AF_UNIX, SOCK_STREAM, 0, [60, 61]) = 0
2023-07-22T17:07:28.144710237Z broker.info[4]: shutdown: run->cleanup 14.2788s
2023-07-22T17:07:28.146657288Z broker.info[4]: cleanup-none: cleanup->shutdown 1.28182ms
2023-07-22T17:07:28.148060137Z broker.info[4]: children-none: shutdown->finalize 1.02067ms
2023-07-22T17:07:28.148641547Z 17:07:28.148428 socketpair(AF_UNIX, SOCK_STREAM|SOCK_CLOEXEC, 0, [22, 23]) = 0
2023-07-22T17:07:28.149039627Z 17:07:28.148606 socketpair(AF_UNIX, SOCK_STREAM, 0, [24, 25]) = 0
2023-07-22T17:07:28.149471427Z 17:07:28.149258 socketpair(AF_UNIX, SOCK_STREAM, 0, [26, 28]) = 0
2023-07-22T17:07:28.149675157Z 17:07:28.149557 socketpair(AF_UNIX, SOCK_STREAM, 0, [58, 59]) = 0
2023-07-22T17:07:28.160702936Z broker.info[4]: rc3.0: running /etc/flux/rc3.d/01-sched-fluxion
2023-07-22T17:07:28.243082889Z broker.info[4]: rc3.0: /etc/flux/rc3 Exited (rc=0) 0.1s
2023-07-22T17:07:28.244138239Z broker.info[4]: rc3-success: finalize->goodbye 95.5391ms
2023-07-22T17:07:28.245476679Z broker.info[4]: goodbye: goodbye->exit 1.02501ms
2023-07-22T17:07:28.252241098Z 17:07:28.252121 +++ exited with 0 +++
2023-07-22T17:07:28.252981258Z Return value for follower worker is 0
2023-07-22T17:07:28.252996048Z The follower worker exited cleanly. Goodbye!
