2023-07-22T17:22:52.174228209Z
2023-07-22T17:22:52.174254349Z Flux username: flux
2023-07-22T17:22:52.174291319Z
2023-07-22T17:22:52.174298949Z Flux install root: /usr
2023-07-22T17:22:52.209270916Z flux user is already added.
2023-07-22T17:22:52.210950096Z flux user identifiers:
2023-07-22T17:22:52.210963916Z uid=1234(flux) gid=1234(flux) groups=1234(flux)
2023-07-22T17:22:52.211035506Z
2023-07-22T17:22:52.211045256Z As Flux prefix for flux commands: sudo -u flux -E PYTHONPATH=/opt/conda/lib/python3.10/site-packages -E PATH=/opt/conda/bin:/usr/local/sbin:/usr/local/bin:/usr/sbin:/usr/bin:/sbin:/bin -E LD_LIBRARY_PATH=/opt/conda/lib -E HOME=/home/flux
2023-07-22T17:22:52.216624015Z
2023-07-22T17:22:52.216670615Z ðŸ‘‹ Hello, I'm flux-sample-4
2023-07-22T17:22:52.216848645Z The main host is flux-sample-0
2023-07-22T17:22:52.216933365Z The working directory is /home/flux/examples/reaxff/HNS, contents include:
2023-07-22T17:22:52.218893305Z /home/flux/examples/reaxff/HNS:
2023-07-22T17:22:52.218980955Z README.txt	ffield.reax.hns  log.8Mar18.reaxc.hns.g++.1
2023-07-22T17:22:52.218987945Z data.hns-equil	in.reaxc.hns	 log.8Mar18.reaxc.hns.g++.4
2023-07-22T17:22:52.219128135Z End of file listing, if you see nothing above there are no files.
2023-07-22T17:22:52.220247115Z flux R encode --hosts=flux-sample-[0-7]
2023-07-22T17:22:52.232086024Z
2023-07-22T17:22:52.232110404Z ðŸ“¦ Resources
2023-07-22T17:22:52.232826714Z {"version": 1, "execution": {"R_lite": [{"rank": "0-7", "children": {"core": "0"}}], "starttime": 0.0, "expiration": 0.0, "nodelist": ["flux-sample-[0-7]"]}}
2023-07-22T17:22:52.233073164Z
2023-07-22T17:22:52.233083924Z ðŸ¸ Diagnostics: false
2023-07-22T17:22:52.233231034Z ðŸš©ï¸ Flux Option Flags defined
2023-07-22T17:22:52.235231114Z
2023-07-22T17:22:52.235243184Z ðŸ¦Š Independent Minister of Privilege
2023-07-22T17:22:52.235961684Z [exec]
2023-07-22T17:22:52.235973274Z allowed-users = [ "flux", "root" ]
2023-07-22T17:22:52.235978714Z allowed-shells = [ "/usr/libexec/flux/flux-shell" ]
2023-07-22T17:22:52.236108684Z
2023-07-22T17:22:52.236120294Z ðŸ¸ Broker Configuration
2023-07-22T17:22:52.236737464Z # Flux needs to know the path to the IMP executable
2023-07-22T17:22:52.236748384Z [exec]
2023-07-22T17:22:52.236752204Z imp = "/usr/libexec/flux/flux-imp"
2023-07-22T17:22:52.236769494Z
2023-07-22T17:22:52.236774934Z [access]
2023-07-22T17:22:52.236779914Z allow-guest-user = true
2023-07-22T17:22:52.236783864Z allow-root-owner = true
2023-07-22T17:22:52.236787784Z
2023-07-22T17:22:52.236791784Z # Point to resource definition generated with flux-R(1).
2023-07-22T17:22:52.236794804Z [resource]
2023-07-22T17:22:52.236798414Z path = "/etc/flux/system/R"
2023-07-22T17:22:52.236801594Z
2023-07-22T17:22:52.236805254Z [bootstrap]
2023-07-22T17:22:52.236808934Z curve_cert = "/etc/curve/curve.cert"
2023-07-22T17:22:52.236812524Z default_port = 8050
2023-07-22T17:22:52.236815984Z default_bind = "tcp://eth0:%p"
2023-07-22T17:22:52.236819894Z default_connect = "tcp://%h.flux-service.flux-operator.svc.cluster.local:%p"
2023-07-22T17:22:52.236824034Z hosts = [
2023-07-22T17:22:52.236827634Z 	{ host="flux-sample-[0-7]"},
2023-07-22T17:22:52.236831404Z ]
2023-07-22T17:22:52.236835034Z [archive]
2023-07-22T17:22:52.236838624Z dbpath = "/var/lib/flux/job-archive.sqlite"
2023-07-22T17:22:52.236842224Z period = "1m"
2023-07-22T17:22:52.290819689Z busytimeout = "50s"
2023-07-22T17:22:52.290913979Z ðŸ§Šï¸ State Directory:
2023-07-22T17:22:52.290973439Z total 0
2023-07-22T17:22:52.291014739Z
2023-07-22T17:22:52.292525539Z
2023-07-22T17:22:52.292545409Z ðŸ”’ï¸ Working directory permissions:
2023-07-22T17:22:52.292550059Z total 96
2023-07-22T17:22:52.292554529Z -rwxrwxrwx 1 flux root  2517 May 17 22:32 README.txt
2023-07-22T17:22:52.292557899Z -rwxrwxrwx 1 flux root 54692 May 17 22:32 data.hns-equil
2023-07-22T17:22:52.292585349Z -rwxrwxrwx 1 flux root 13576 May 17 22:32 ffield.reax.hns
2023-07-22T17:22:52.292591789Z -rwxrwxrwx 1 flux root   870 May 17 22:32 in.reaxc.hns
2023-07-22T17:22:52.292596569Z -rwxrwxrwx 1 flux root  4172 May 17 22:32 log.8Mar18.reaxc.hns.g++.1
2023-07-22T17:22:52.292601169Z -rwxrwxrwx 1 flux root  4168 May 17 22:32 log.8Mar18.reaxc.hns.g++.4
2023-07-22T17:22:52.292605089Z
2023-07-22T17:22:52.292687369Z
2023-07-22T17:22:52.292696189Z âœ¨ Curve certificate generated by helper pod
2023-07-22T17:22:52.293334429Z #   ****  Generated on 2023-04-26 22:54:42 by CZMQ  ****
2023-07-22T17:22:52.293343759Z #   ZeroMQ CURVE **Secret** Certificate
2023-07-22T17:22:52.293348609Z #   DO NOT PROVIDE THIS FILE TO OTHER USERS nor change its permissions.
2023-07-22T17:22:52.293352889Z
2023-07-22T17:22:52.293356759Z metadata
2023-07-22T17:22:52.293361099Z     name = "flux-cert-generator"
2023-07-22T17:22:52.293364719Z     keygen.hostname = "flux-sample-0"
2023-07-22T17:22:52.293368579Z curve
2023-07-22T17:22:52.293371999Z     public-key = "NATkPIehxV8zR)Oc)6Gay-PEgaQnjbd%OG&-==k#"
2023-07-22T17:22:52.293375669Z     secret-key = "Z1}tNxKA]QDXl}:URW!sb*dmk)Rb.>88yYdmoFVk"
2023-07-22T17:22:52.294708649Z
2023-07-22T17:22:52.294721199Z ðŸŒ€  flux start --wrap=strace,-e,network,-tt -o --config /etc/flux/config -Scron.directory=/etc/flux/system/cron.d   -Stbon.fanout=256   -Srundir=/run/flux    -Sstatedir=/var/lib/flux   -Slocal-uri=local:///run/flux/local -Stbon.connect_timeout=10s  -Stbon.zmqdebug=1  -Slog-stderr-level=6    -Slog-stderr-mode=local
2023-07-22T17:22:52.321330897Z 17:22:52.321138 socket(AF_NETLINK, SOCK_RAW, NETLINK_ROUTE) = 8
2023-07-22T17:22:52.321452117Z 17:22:52.321206 bind(8, {sa_family=AF_NETLINK, nl_pid=0, nl_groups=00000000}, 12) = 0
2023-07-22T17:22:52.321476627Z 17:22:52.321256 getsockname(8, {sa_family=AF_NETLINK, nl_pid=70, nl_groups=00000000}, [12]) = 0
2023-07-22T17:22:52.321553377Z 17:22:52.321292 sendto(8, {{len=20, type=RTM_GETADDR, flags=NLM_F_REQUEST|NLM_F_DUMP, seq=1690046572, pid=0}, {ifa_family=AF_UNSPEC, ...}}, 20, 0, {sa_family=AF_NETLINK, nl_pid=0, nl_groups=00000000}, 12) = 20
2023-07-22T17:22:52.321722347Z 17:22:52.321435 recvmsg(8, {msg_name={sa_family=AF_NETLINK, nl_pid=0, nl_groups=00000000}, msg_namelen=12, msg_iov=[{iov_base=[{{len=76, type=RTM_NEWADDR, flags=NLM_F_MULTI, seq=1690046572, pid=70}, {ifa_family=AF_INET, ifa_prefixlen=8, ifa_flags=IFA_F_PERMANENT, ifa_scope=RT_SCOPE_HOST, ifa_index=if_nametoindex("lo")}, [{{nla_len=8, nla_type=IFA_ADDRESS}, 127.0.0.1}, {{nla_len=8, nla_type=IFA_LOCAL}, 127.0.0.1}, {{nla_len=7, nla_type=IFA_LABEL}, "lo"}, {{nla_len=8, nla_type=IFA_FLAGS}, IFA_F_PERMANENT}, {{nla_len=20, nla_type=IFA_CACHEINFO}, {ifa_prefered=4294967295, ifa_valid=4294967295, cstamp=806124, tstamp=806124}}]}, {{len=88, type=RTM_NEWADDR, flags=NLM_F_MULTI, seq=1690046572, pid=70}, {ifa_family=AF_INET, ifa_prefixlen=24, ifa_flags=IFA_F_PERMANENT, ifa_scope=RT_SCOPE_UNIVERSE, ifa_index=if_nametoindex("eth0")}, [{{nla_len=8, nla_type=IFA_ADDRESS}, 10.116.6.95}, {{nla_len=8, nla_type=IFA_LOCAL}, 10.116.6.95}, {{nla_len=8, nla_type=IFA_BROADCAST}, 10.116.6.255}, {{nla_len=9, nla_type=IFA_LABEL}, "eth0"}, {{nla_len=8, nla_type=IFA_FLAGS}, IFA_F_PERMANENT}, {{nla_len=20, nla_type=IFA_CACHEINFO}, {ifa_prefered=4294967295, ifa_valid=4294967295, cstamp=806128, tstamp=806128}}]}], iov_len=4096}], msg_iovlen=1, msg_controllen=0, msg_flags=0}, 0) = 164
2023-07-22T17:22:52.321831517Z 17:22:52.321665 recvmsg(8, {msg_name={sa_family=AF_NETLINK, nl_pid=0, nl_groups=00000000}, msg_namelen=12, msg_iov=[{iov_base={{len=20, type=NLMSG_DONE, flags=NLM_F_MULTI, seq=1690046572, pid=70}, 0}, iov_len=4096}], msg_iovlen=1, msg_controllen=0, msg_flags=0}, 0) = 20
2023-07-22T17:22:52.322450597Z 17:22:52.322277 socket(AF_UNIX, SOCK_STREAM|SOCK_CLOEXEC|SOCK_NONBLOCK, 0) = 8
2023-07-22T17:22:52.322674597Z 17:22:52.322469 connect(8, {sa_family=AF_UNIX, sun_path="/var/run/nscd/socket"}, 110) = -1 ENOENT (No such file or directory)
2023-07-22T17:22:52.322815626Z 17:22:52.322689 socket(AF_UNIX, SOCK_STREAM|SOCK_CLOEXEC|SOCK_NONBLOCK, 0) = 8
2023-07-22T17:22:52.322824426Z 17:22:52.322730 connect(8, {sa_family=AF_UNIX, sun_path="/var/run/nscd/socket"}, 110) = -1 ENOENT (No such file or directory)
2023-07-22T17:22:52.324659496Z 17:22:52.324553 socket(AF_INET, SOCK_DGRAM|SOCK_CLOEXEC|SOCK_NONBLOCK, IPPROTO_IP) = 8
2023-07-22T17:22:52.324906357Z 17:22:52.324710 connect(8, {sa_family=AF_INET, sin_port=htons(53), sin_addr=inet_addr("10.120.0.10")}, 16) = 0
2023-07-22T17:22:52.325294216Z 17:22:52.324995 sendto(8, "\343\256\1\0\0\1\0\0\0\0\0\0\rflux-sample-0\fflux-"..., 76, MSG_NOSIGNAL, NULL, 0) = 76
2023-07-22T17:22:52.325872496Z 17:22:52.325641 recvfrom(8, "\343\256\205\200\0\1\0\1\0\0\0\0\rflux-sample-0\fflux-"..., 1024, 0, {sa_family=AF_INET, sin_port=htons(53), sin_addr=inet_addr("10.120.0.10")}, [28->16]) = 150
2023-07-22T17:22:52.333302326Z broker.info[4]: start: none->join 2.44598ms
2023-07-22T17:23:02.543501569Z broker.info[4]: parent-ready: join->init 10.2102s
2023-07-22T17:23:02.543853619Z 17:23:02.543702 socketpair(AF_UNIX, SOCK_STREAM|SOCK_CLOEXEC, 0, [22, 23]) = 0
2023-07-22T17:23:02.543942639Z 17:23:02.543810 socketpair(AF_UNIX, SOCK_STREAM, 0, [24, 25]) = 0
2023-07-22T17:23:02.544028699Z 17:23:02.543931 socketpair(AF_UNIX, SOCK_STREAM, 0, [26, 27]) = 0
2023-07-22T17:23:02.544195859Z 17:23:02.544044 socketpair(AF_UNIX, SOCK_STREAM, 0, [28, 29]) = 0
2023-07-22T17:23:02.558411228Z broker.info[4]: configuration updated
2023-07-22T17:23:02.624646402Z broker.info[4]: rc1.0: running /etc/flux/rc1.d/01-sched-fluxion
2023-07-22T17:23:02.630933512Z broker.info[4]: rc1.0: running /etc/flux/rc1.d/02-cron
2023-07-22T17:23:02.644228191Z broker.info[4]: rc1.0: /etc/flux/rc1 Exited (rc=0) 0.1s
2023-07-22T17:23:02.645225481Z broker.info[4]: rc1-success: init->quorum 0.101406s
2023-07-22T17:23:13.093796743Z broker.info[4]: quorum-full: quorum->run 10.4481s
2023-07-22T17:23:13.736698150Z 17:23:13.736393 socketpair(AF_UNIX, SOCK_STREAM|SOCK_CLOEXEC, 0, [22, 23]) = 0
2023-07-22T17:23:13.736798080Z 17:23:13.736613 socketpair(AF_UNIX, SOCK_STREAM, 0, [24, 25]) = 0
2023-07-22T17:23:13.736899540Z 17:23:13.736717 socketpair(AF_UNIX, SOCK_STREAM, 0, [26, 28]) = 0
2023-07-22T17:23:13.736977310Z 17:23:13.736845 socketpair(AF_UNIX, SOCK_STREAM, 0, [58, 59]) = 0
2023-07-22T17:23:13.737052521Z 17:23:13.736960 socketpair(AF_UNIX, SOCK_STREAM, 0, [60, 61]) = 0
2023-07-22T17:23:27.088723432Z broker.info[4]: shutdown: run->cleanup 13.9941s
2023-07-22T17:23:27.090758952Z broker.info[4]: cleanup-none: cleanup->shutdown 1.25762ms
2023-07-22T17:23:27.092330682Z broker.info[4]: children-none: shutdown->finalize 1.06119ms
2023-07-22T17:23:27.092910631Z 17:23:27.092674 socketpair(AF_UNIX, SOCK_STREAM|SOCK_CLOEXEC, 0, [22, 23]) = 0
2023-07-22T17:23:27.093310671Z 17:23:27.092860 socketpair(AF_UNIX, SOCK_STREAM, 0, [24, 25]) = 0
2023-07-22T17:23:27.093771091Z 17:23:27.093606 socketpair(AF_UNIX, SOCK_STREAM, 0, [26, 28]) = 0
2023-07-22T17:23:27.094286771Z 17:23:27.094044 socketpair(AF_UNIX, SOCK_STREAM, 0, [58, 59]) = 0
2023-07-22T17:23:27.109830389Z broker.info[4]: rc3.0: running /etc/flux/rc3.d/01-sched-fluxion
2023-07-22T17:23:27.207098011Z broker.info[4]: rc3.0: /etc/flux/rc3 Exited (rc=0) 0.1s
2023-07-22T17:23:27.208053141Z broker.info[4]: rc3-success: finalize->goodbye 0.115257s
2023-07-22T17:23:27.209601071Z broker.info[4]: goodbye: goodbye->exit 1.09025ms
2023-07-22T17:23:27.217430171Z 17:23:27.217250 +++ exited with 0 +++
2023-07-22T17:23:27.218372610Z Return value for follower worker is 0
2023-07-22T17:23:27.218511510Z The follower worker exited cleanly. Goodbye!
