2023-07-22T17:15:33.074315855Z
2023-07-22T17:15:33.074339345Z Flux username: flux
2023-07-22T17:15:33.074343415Z
2023-07-22T17:15:33.074347425Z Flux install root: /usr
2023-07-22T17:15:33.105807673Z flux user is already added.
2023-07-22T17:15:33.107357443Z flux user identifiers:
2023-07-22T17:15:33.107376503Z uid=1234(flux) gid=1234(flux) groups=1234(flux)
2023-07-22T17:15:33.107486443Z
2023-07-22T17:15:33.107497703Z As Flux prefix for flux commands: sudo -u flux -E PYTHONPATH=/opt/conda/lib/python3.10/site-packages -E PATH=/opt/conda/bin:/usr/local/sbin:/usr/local/bin:/usr/sbin:/usr/bin:/sbin:/bin -E LD_LIBRARY_PATH=/opt/conda/lib -E HOME=/home/flux
2023-07-22T17:15:33.112736443Z
2023-07-22T17:15:33.112752383Z 👋 Hello, I'm flux-sample-6
2023-07-22T17:15:33.112925193Z The main host is flux-sample-0
2023-07-22T17:15:33.112937483Z The working directory is /home/flux/examples/reaxff/HNS, contents include:
2023-07-22T17:15:33.113741163Z /home/flux/examples/reaxff/HNS:
2023-07-22T17:15:33.113811563Z README.txt	ffield.reax.hns  log.8Mar18.reaxc.hns.g++.1
2023-07-22T17:15:33.113819573Z data.hns-equil	in.reaxc.hns	 log.8Mar18.reaxc.hns.g++.4
2023-07-22T17:15:33.113952793Z End of file listing, if you see nothing above there are no files.
2023-07-22T17:15:33.114809903Z flux R encode --hosts=flux-sample-[0-7]
2023-07-22T17:15:33.123623092Z
2023-07-22T17:15:33.123636142Z 📦 Resources
2023-07-22T17:15:33.124301712Z {"version": 1, "execution": {"R_lite": [{"rank": "0-7", "children": {"core": "0"}}], "starttime": 0.0, "expiration": 0.0, "nodelist": ["flux-sample-[0-7]"]}}
2023-07-22T17:15:33.124626082Z
2023-07-22T17:15:33.124637042Z 🐸 Diagnostics: false
2023-07-22T17:15:33.124762912Z 🚩️ Flux Option Flags defined
2023-07-22T17:15:33.126716432Z
2023-07-22T17:15:33.126729352Z 🦊 Independent Minister of Privilege
2023-07-22T17:15:33.127328662Z [exec]
2023-07-22T17:15:33.127339502Z allowed-users = [ "flux", "root" ]
2023-07-22T17:15:33.127345112Z allowed-shells = [ "/usr/libexec/flux/flux-shell" ]
2023-07-22T17:15:33.127474012Z
2023-07-22T17:15:33.127485642Z 🐸 Broker Configuration
2023-07-22T17:15:33.128094822Z # Flux needs to know the path to the IMP executable
2023-07-22T17:15:33.128105432Z [exec]
2023-07-22T17:15:33.128110122Z imp = "/usr/libexec/flux/flux-imp"
2023-07-22T17:15:33.128113872Z
2023-07-22T17:15:33.128117532Z [access]
2023-07-22T17:15:33.128122682Z allow-guest-user = true
2023-07-22T17:15:33.128126882Z allow-root-owner = true
2023-07-22T17:15:33.128130512Z
2023-07-22T17:15:33.128134392Z # Point to resource definition generated with flux-R(1).
2023-07-22T17:15:33.128138222Z [resource]
2023-07-22T17:15:33.128141672Z path = "/etc/flux/system/R"
2023-07-22T17:15:33.128144752Z
2023-07-22T17:15:33.128148152Z [bootstrap]
2023-07-22T17:15:33.128151952Z curve_cert = "/etc/curve/curve.cert"
2023-07-22T17:15:33.128155792Z default_port = 8050
2023-07-22T17:15:33.128159582Z default_bind = "tcp://eth0:%p"
2023-07-22T17:15:33.128163632Z default_connect = "tcp://%h.flux-service.flux-operator.svc.cluster.local:%p"
2023-07-22T17:15:33.128167392Z hosts = [
2023-07-22T17:15:33.128171572Z 	{ host="flux-sample-[0-7]"},
2023-07-22T17:15:33.128175532Z ]
2023-07-22T17:15:33.128179352Z [archive]
2023-07-22T17:15:33.128183302Z dbpath = "/var/lib/flux/job-archive.sqlite"
2023-07-22T17:15:33.128186912Z period = "1m"
2023-07-22T17:15:33.180032109Z busytimeout = "50s"
2023-07-22T17:15:33.180051469Z 🧊️ State Directory:
2023-07-22T17:15:33.180056709Z total 0
2023-07-22T17:15:33.180061249Z
2023-07-22T17:15:33.181562699Z
2023-07-22T17:15:33.181590759Z 🔒️ Working directory permissions:
2023-07-22T17:15:33.181596489Z total 96
2023-07-22T17:15:33.181600559Z -rwxrwxrwx 1 flux root  2517 May 17 22:32 README.txt
2023-07-22T17:15:33.181603499Z -rwxrwxrwx 1 flux root 54692 May 17 22:32 data.hns-equil
2023-07-22T17:15:33.181606739Z -rwxrwxrwx 1 flux root 13576 May 17 22:32 ffield.reax.hns
2023-07-22T17:15:33.181610159Z -rwxrwxrwx 1 flux root   870 May 17 22:32 in.reaxc.hns
2023-07-22T17:15:33.181613879Z -rwxrwxrwx 1 flux root  4172 May 17 22:32 log.8Mar18.reaxc.hns.g++.1
2023-07-22T17:15:33.181617609Z -rwxrwxrwx 1 flux root  4168 May 17 22:32 log.8Mar18.reaxc.hns.g++.4
2023-07-22T17:15:33.181621099Z
2023-07-22T17:15:33.181793560Z
2023-07-22T17:15:33.181805580Z ✨ Curve certificate generated by helper pod
2023-07-22T17:15:33.182544509Z #   ****  Generated on 2023-04-26 22:54:42 by CZMQ  ****
2023-07-22T17:15:33.182556609Z #   ZeroMQ CURVE **Secret** Certificate
2023-07-22T17:15:33.182561039Z #   DO NOT PROVIDE THIS FILE TO OTHER USERS nor change its permissions.
2023-07-22T17:15:33.182564159Z
2023-07-22T17:15:33.182567089Z metadata
2023-07-22T17:15:33.182570969Z     name = "flux-cert-generator"
2023-07-22T17:15:33.182573939Z     keygen.hostname = "flux-sample-0"
2023-07-22T17:15:33.182577289Z curve
2023-07-22T17:15:33.182580899Z     public-key = "(5$hd.ls#0j7ffL0Y3^)h:J-[yyinLdA(H$.gfQa"
2023-07-22T17:15:33.182584959Z     secret-key = "Jh*1{[M*0.7h:-<LP-d9H[NnBF{(1>8BsVS5U-:c"
2023-07-22T17:15:33.184387349Z
2023-07-22T17:15:33.184401249Z 🌀  flux start --wrap=strace,-e,network,-tt -o --config /etc/flux/config -Scron.directory=/etc/flux/system/cron.d   -Stbon.fanout=256   -Srundir=/run/flux    -Sstatedir=/var/lib/flux   -Slocal-uri=local:///run/flux/local -Stbon.connect_timeout=4s  -Stbon.zmqdebug=1  -Slog-stderr-level=6    -Slog-stderr-mode=local
2023-07-22T17:15:33.208835228Z 17:15:33.208665 socket(AF_NETLINK, SOCK_RAW, NETLINK_ROUTE) = 8
2023-07-22T17:15:33.209080738Z 17:15:33.208876 bind(8, {sa_family=AF_NETLINK, nl_pid=0, nl_groups=00000000}, 12) = 0
2023-07-22T17:15:33.209216648Z 17:15:33.209107 getsockname(8, {sa_family=AF_NETLINK, nl_pid=70, nl_groups=00000000}, [12]) = 0
2023-07-22T17:15:33.209515978Z 17:15:33.209232 sendto(8, {{len=20, type=RTM_GETADDR, flags=NLM_F_REQUEST|NLM_F_DUMP, seq=1690046133, pid=0}, {ifa_family=AF_UNSPEC, ...}}, 20, 0, {sa_family=AF_NETLINK, nl_pid=0, nl_groups=00000000}, 12) = 20
2023-07-22T17:15:33.209868028Z 17:15:33.209533 recvmsg(8, {msg_name={sa_family=AF_NETLINK, nl_pid=0, nl_groups=00000000}, msg_namelen=12, msg_iov=[{iov_base=[{{len=76, type=RTM_NEWADDR, flags=NLM_F_MULTI, seq=1690046133, pid=70}, {ifa_family=AF_INET, ifa_prefixlen=8, ifa_flags=IFA_F_PERMANENT, ifa_scope=RT_SCOPE_HOST, ifa_index=if_nametoindex("lo")}, [{{nla_len=8, nla_type=IFA_ADDRESS}, 127.0.0.1}, {{nla_len=8, nla_type=IFA_LOCAL}, 127.0.0.1}, {{nla_len=7, nla_type=IFA_LABEL}, "lo"}, {{nla_len=8, nla_type=IFA_FLAGS}, IFA_F_PERMANENT}, {{nla_len=20, nla_type=IFA_CACHEINFO}, {ifa_prefered=4294967295, ifa_valid=4294967295, cstamp=762218, tstamp=762218}}]}, {{len=88, type=RTM_NEWADDR, flags=NLM_F_MULTI, seq=1690046133, pid=70}, {ifa_family=AF_INET, ifa_prefixlen=24, ifa_flags=IFA_F_PERMANENT, ifa_scope=RT_SCOPE_UNIVERSE, ifa_index=if_nametoindex("eth0")}, [{{nla_len=8, nla_type=IFA_ADDRESS}, 10.116.4.82}, {{nla_len=8, nla_type=IFA_LOCAL}, 10.116.4.82}, {{nla_len=8, nla_type=IFA_BROADCAST}, 10.116.4.255}, {{nla_len=9, nla_type=IFA_LABEL}, "eth0"}, {{nla_len=8, nla_type=IFA_FLAGS}, IFA_F_PERMANENT}, {{nla_len=20, nla_type=IFA_CACHEINFO}, {ifa_prefered=4294967295, ifa_valid=4294967295, cstamp=762221, tstamp=762221}}]}], iov_len=4096}], msg_iovlen=1, msg_controllen=0, msg_flags=0}, 0) = 164
2023-07-22T17:15:33.210102408Z 17:15:33.209901 recvmsg(8, {msg_name={sa_family=AF_NETLINK, nl_pid=0, nl_groups=00000000}, msg_namelen=12, msg_iov=[{iov_base={{len=20, type=NLMSG_DONE, flags=NLM_F_MULTI, seq=1690046133, pid=70}, 0}, iov_len=4096}], msg_iovlen=1, msg_controllen=0, msg_flags=0}, 0) = 20
2023-07-22T17:15:33.210543098Z 17:15:33.210372 socket(AF_UNIX, SOCK_STREAM|SOCK_CLOEXEC|SOCK_NONBLOCK, 0) = 8
2023-07-22T17:15:33.210740728Z 17:15:33.210569 connect(8, {sa_family=AF_UNIX, sun_path="/var/run/nscd/socket"}, 110) = -1 ENOENT (No such file or directory)
2023-07-22T17:15:33.210961598Z 17:15:33.210784 socket(AF_UNIX, SOCK_STREAM|SOCK_CLOEXEC|SOCK_NONBLOCK, 0) = 8
2023-07-22T17:15:33.211147218Z 17:15:33.210988 connect(8, {sa_family=AF_UNIX, sun_path="/var/run/nscd/socket"}, 110) = -1 ENOENT (No such file or directory)
2023-07-22T17:15:33.212058628Z 17:15:33.211830 socket(AF_INET, SOCK_DGRAM|SOCK_CLOEXEC|SOCK_NONBLOCK, IPPROTO_IP) = 8
2023-07-22T17:15:33.212272508Z 17:15:33.212095 connect(8, {sa_family=AF_INET, sin_port=htons(53), sin_addr=inet_addr("10.120.0.10")}, 16) = 0
2023-07-22T17:15:33.212619358Z 17:15:33.212312 sendto(8, "q3\1\0\0\1\0\0\0\0\0\0\rflux-sample-0\fflux-"..., 76, MSG_NOSIGNAL, NULL, 0) = 76
2023-07-22T17:15:33.215527808Z 17:15:33.215312 recvfrom(8, "q3\205\200\0\1\0\1\0\0\0\0\rflux-sample-0\fflux-"..., 1024, 0, {sa_family=AF_INET, sin_port=htons(53), sin_addr=inet_addr("10.120.0.10")}, [28->16]) = 150
2023-07-22T17:15:33.218148848Z broker.info[6]: start: none->join 1.12106ms
2023-07-22T17:15:33.224592517Z broker.info[6]: parent-ready: join->init 6.35229ms
2023-07-22T17:15:33.224665147Z 17:15:33.224523 socketpair(AF_UNIX, SOCK_STREAM|SOCK_CLOEXEC, 0, [22, 23]) = 0
2023-07-22T17:15:33.224715787Z 17:15:33.224617 socketpair(AF_UNIX, SOCK_STREAM, 0, [24, 25]) = 0
2023-07-22T17:15:33.224906027Z 17:15:33.224778 socketpair(AF_UNIX, SOCK_STREAM, 0, [26, 27]) = 0
2023-07-22T17:15:33.225130117Z 17:15:33.224994 socketpair(AF_UNIX, SOCK_STREAM, 0, [28, 29]) = 0
2023-07-22T17:15:33.238780916Z broker.info[6]: configuration updated
2023-07-22T17:15:33.296626084Z broker.info[6]: rc1.0: running /etc/flux/rc1.d/01-sched-fluxion
2023-07-22T17:15:33.303864493Z broker.info[6]: rc1.0: running /etc/flux/rc1.d/02-cron
2023-07-22T17:15:33.316322073Z broker.info[6]: rc1.0: /etc/flux/rc1 Exited (rc=0) 0.1s
2023-07-22T17:15:33.316917983Z broker.info[6]: rc1-success: init->quorum 92.2583ms
2023-07-22T17:15:44.616236524Z broker.info[6]: quorum-full: quorum->run 11.299s
2023-07-22T17:15:45.128472426Z 17:15:45.128092 socketpair(AF_UNIX, SOCK_STREAM|SOCK_CLOEXEC, 0, [22, 23]) = 0
2023-07-22T17:15:45.129354685Z 17:15:45.129083 socketpair(AF_UNIX, SOCK_STREAM, 0, [24, 25]) = 0
2023-07-22T17:15:45.129480455Z 17:15:45.129364 socketpair(AF_UNIX, SOCK_STREAM, 0, [26, 28]) = 0
2023-07-22T17:15:45.129641835Z 17:15:45.129509 socketpair(AF_UNIX, SOCK_STREAM, 0, [58, 59]) = 0
2023-07-22T17:15:45.129745695Z 17:15:45.129638 socketpair(AF_UNIX, SOCK_STREAM, 0, [60, 61]) = 0
2023-07-22T17:15:58.299603748Z broker.info[6]: shutdown: run->cleanup 13.6821s
2023-07-22T17:15:58.301698788Z broker.info[6]: cleanup-none: cleanup->shutdown 1.46236ms
2023-07-22T17:15:58.303342348Z broker.info[6]: children-none: shutdown->finalize 1.10081ms
2023-07-22T17:15:58.303961058Z 17:15:58.303665 socketpair(AF_UNIX, SOCK_STREAM|SOCK_CLOEXEC, 0, [22, 23]) = 0
2023-07-22T17:15:58.304350728Z 17:15:58.304119 socketpair(AF_UNIX, SOCK_STREAM, 0, [24, 25]) = 0
2023-07-22T17:15:58.304676668Z 17:15:58.304502 socketpair(AF_UNIX, SOCK_STREAM, 0, [26, 28]) = 0
2023-07-22T17:15:58.305129278Z 17:15:58.304989 socketpair(AF_UNIX, SOCK_STREAM, 0, [58, 59]) = 0
2023-07-22T17:15:58.317301897Z broker.info[6]: rc3.0: running /etc/flux/rc3.d/01-sched-fluxion
2023-07-22T17:15:58.407068803Z broker.info[6]: rc3.0: /etc/flux/rc3 Exited (rc=0) 0.1s
2023-07-22T17:15:58.407965143Z broker.info[6]: rc3-success: finalize->goodbye 0.10409s
2023-07-22T17:15:58.409548513Z broker.info[6]: goodbye: goodbye->exit 1.23508ms
2023-07-22T17:15:58.417638852Z 17:15:58.417464 +++ exited with 0 +++
2023-07-22T17:15:58.418617042Z Return value for follower worker is 0
2023-07-22T17:15:58.418632712Z The follower worker exited cleanly. Goodbye!
