2023-07-22T17:16:05.554717874Z
2023-07-22T17:16:05.554779934Z Flux username: flux
2023-07-22T17:16:05.554851274Z
2023-07-22T17:16:05.554951134Z Flux install root: /usr
2023-07-22T17:16:05.591433073Z flux user is already added.
2023-07-22T17:16:05.593160063Z flux user identifiers:
2023-07-22T17:16:05.593180833Z uid=1234(flux) gid=1234(flux) groups=1234(flux)
2023-07-22T17:16:05.593185053Z
2023-07-22T17:16:05.593189743Z As Flux prefix for flux commands: sudo -u flux -E PYTHONPATH=/opt/conda/lib/python3.10/site-packages -E PATH=/opt/conda/bin:/usr/local/sbin:/usr/local/bin:/usr/sbin:/usr/bin:/sbin:/bin -E LD_LIBRARY_PATH=/opt/conda/lib -E HOME=/home/flux
2023-07-22T17:16:05.598930892Z
2023-07-22T17:16:05.598948852Z ðŸ‘‹ Hello, I'm flux-sample-4
2023-07-22T17:16:05.598952983Z The main host is flux-sample-0
2023-07-22T17:16:05.599103593Z The working directory is /home/flux/examples/reaxff/HNS, contents include:
2023-07-22T17:16:05.600135933Z /home/flux/examples/reaxff/HNS:
2023-07-22T17:16:05.600148263Z README.txt	ffield.reax.hns  log.8Mar18.reaxc.hns.g++.1
2023-07-22T17:16:05.600152533Z data.hns-equil	in.reaxc.hns	 log.8Mar18.reaxc.hns.g++.4
2023-07-22T17:16:05.600455202Z End of file listing, if you see nothing above there are no files.
2023-07-22T17:16:05.601469942Z flux R encode --hosts=flux-sample-[0-7]
2023-07-22T17:16:05.610596832Z
2023-07-22T17:16:05.610611152Z ðŸ“¦ Resources
2023-07-22T17:16:05.612212342Z {"version": 1, "execution": {"R_lite": [{"rank": "0-7", "children": {"core": "0"}}], "starttime": 0.0, "expiration": 0.0, "nodelist": ["flux-sample-[0-7]"]}}
2023-07-22T17:16:05.612537902Z
2023-07-22T17:16:05.612555802Z ðŸ¸ Diagnostics: false
2023-07-22T17:16:05.612759722Z ðŸš©ï¸ Flux Option Flags defined
2023-07-22T17:16:05.615184442Z
2023-07-22T17:16:05.615199892Z ðŸ¦Š Independent Minister of Privilege
2023-07-22T17:16:05.615902752Z [exec]
2023-07-22T17:16:05.615915372Z allowed-users = [ "flux", "root" ]
2023-07-22T17:16:05.615921092Z allowed-shells = [ "/usr/libexec/flux/flux-shell" ]
2023-07-22T17:16:05.616102282Z
2023-07-22T17:16:05.616113642Z ðŸ¸ Broker Configuration
2023-07-22T17:16:05.616837482Z # Flux needs to know the path to the IMP executable
2023-07-22T17:16:05.616848602Z [exec]
2023-07-22T17:16:05.616853772Z imp = "/usr/libexec/flux/flux-imp"
2023-07-22T17:16:05.616857842Z
2023-07-22T17:16:05.616861312Z [access]
2023-07-22T17:16:05.616866342Z allow-guest-user = true
2023-07-22T17:16:05.616869532Z allow-root-owner = true
2023-07-22T17:16:05.616872332Z
2023-07-22T17:16:05.616875272Z # Point to resource definition generated with flux-R(1).
2023-07-22T17:16:05.616878262Z [resource]
2023-07-22T17:16:05.616881742Z path = "/etc/flux/system/R"
2023-07-22T17:16:05.616884462Z
2023-07-22T17:16:05.616887512Z [bootstrap]
2023-07-22T17:16:05.616890382Z curve_cert = "/etc/curve/curve.cert"
2023-07-22T17:16:05.616893382Z default_port = 8050
2023-07-22T17:16:05.616896262Z default_bind = "tcp://eth0:%p"
2023-07-22T17:16:05.616899722Z default_connect = "tcp://%h.flux-service.flux-operator.svc.cluster.local:%p"
2023-07-22T17:16:05.616902632Z hosts = [
2023-07-22T17:16:05.616905692Z 	{ host="flux-sample-[0-7]"},
2023-07-22T17:16:05.616908952Z ]
2023-07-22T17:16:05.616912582Z [archive]
2023-07-22T17:16:05.616916872Z dbpath = "/var/lib/flux/job-archive.sqlite"
2023-07-22T17:16:05.616921222Z period = "1m"
2023-07-22T17:16:05.680149871Z busytimeout = "50s"
2023-07-22T17:16:05.680185791Z ðŸ§Šï¸ State Directory:
2023-07-22T17:16:05.680190781Z total 0
2023-07-22T17:16:05.680194371Z
2023-07-22T17:16:05.681753290Z
2023-07-22T17:16:05.681797591Z ðŸ”’ï¸ Working directory permissions:
2023-07-22T17:16:05.681803211Z total 96
2023-07-22T17:16:05.681827801Z -rwxrwxrwx 1 flux root  2517 May 17 22:32 README.txt
2023-07-22T17:16:05.681837391Z -rwxrwxrwx 1 flux root 54692 May 17 22:32 data.hns-equil
2023-07-22T17:16:05.681843031Z -rwxrwxrwx 1 flux root 13576 May 17 22:32 ffield.reax.hns
2023-07-22T17:16:05.681848441Z -rwxrwxrwx 1 flux root   870 May 17 22:32 in.reaxc.hns
2023-07-22T17:16:05.681853501Z -rwxrwxrwx 1 flux root  4172 May 17 22:32 log.8Mar18.reaxc.hns.g++.1
2023-07-22T17:16:05.681857391Z -rwxrwxrwx 1 flux root  4168 May 17 22:32 log.8Mar18.reaxc.hns.g++.4
2023-07-22T17:16:05.681860891Z
2023-07-22T17:16:05.681864451Z
2023-07-22T17:16:05.681868751Z âœ¨ Curve certificate generated by helper pod
2023-07-22T17:16:05.682630821Z #   ****  Generated on 2023-04-26 22:54:42 by CZMQ  ****
2023-07-22T17:16:05.682644581Z #   ZeroMQ CURVE **Secret** Certificate
2023-07-22T17:16:05.682650171Z #   DO NOT PROVIDE THIS FILE TO OTHER USERS nor change its permissions.
2023-07-22T17:16:05.682654001Z
2023-07-22T17:16:05.682657981Z metadata
2023-07-22T17:16:05.682662690Z     name = "flux-cert-generator"
2023-07-22T17:16:05.682666401Z     keygen.hostname = "flux-sample-0"
2023-07-22T17:16:05.682683701Z curve
2023-07-22T17:16:05.682686790Z     public-key = "(kH*-J[*}cfsl8{LlP..!lX]f@@f*SHsR7TPY5a2"
2023-07-22T17:16:05.682690090Z     secret-key = "sijjk]9Bi>/}aF)E8Ru.BWH9j2@ww1Ur!Dj0Qack"
2023-07-22T17:16:05.683929501Z
2023-07-22T17:16:05.683943621Z ðŸŒ€  flux start --wrap=strace,-e,network,-tt -o --config /etc/flux/config -Scron.directory=/etc/flux/system/cron.d   -Stbon.fanout=256   -Srundir=/run/flux    -Sstatedir=/var/lib/flux   -Slocal-uri=local:///run/flux/local -Stbon.connect_timeout=4s  -Stbon.zmqdebug=1  -Slog-stderr-level=6    -Slog-stderr-mode=local
2023-07-22T17:16:05.709719660Z 17:16:05.709496 socket(AF_NETLINK, SOCK_RAW, NETLINK_ROUTE) = 8
2023-07-22T17:16:05.709952010Z 17:16:05.709792 bind(8, {sa_family=AF_NETLINK, nl_pid=0, nl_groups=00000000}, 12) = 0
2023-07-22T17:16:05.710088460Z 17:16:05.709969 getsockname(8, {sa_family=AF_NETLINK, nl_pid=70, nl_groups=00000000}, [12]) = 0
2023-07-22T17:16:05.710505230Z 17:16:05.710120 sendto(8, {{len=20, type=RTM_GETADDR, flags=NLM_F_REQUEST|NLM_F_DUMP, seq=1690046165, pid=0}, {ifa_family=AF_UNSPEC, ...}}, 20, 0, {sa_family=AF_NETLINK, nl_pid=0, nl_groups=00000000}, 12) = 20
2023-07-22T17:16:05.710951440Z 17:16:05.710524 recvmsg(8, {msg_name={sa_family=AF_NETLINK, nl_pid=0, nl_groups=00000000}, msg_namelen=12, msg_iov=[{iov_base=[{{len=76, type=RTM_NEWADDR, flags=NLM_F_MULTI, seq=1690046165, pid=70}, {ifa_family=AF_INET, ifa_prefixlen=8, ifa_flags=IFA_F_PERMANENT, ifa_scope=RT_SCOPE_HOST, ifa_index=if_nametoindex("lo")}, [{{nla_len=8, nla_type=IFA_ADDRESS}, 127.0.0.1}, {{nla_len=8, nla_type=IFA_LOCAL}, 127.0.0.1}, {{nla_len=7, nla_type=IFA_LABEL}, "lo"}, {{nla_len=8, nla_type=IFA_FLAGS}, IFA_F_PERMANENT}, {{nla_len=20, nla_type=IFA_CACHEINFO}, {ifa_prefered=4294967295, ifa_valid=4294967295, cstamp=765533, tstamp=765533}}]}, {{len=88, type=RTM_NEWADDR, flags=NLM_F_MULTI, seq=1690046165, pid=70}, {ifa_family=AF_INET, ifa_prefixlen=24, ifa_flags=IFA_F_PERMANENT, ifa_scope=RT_SCOPE_UNIVERSE, ifa_index=if_nametoindex("eth0")}, [{{nla_len=8, nla_type=IFA_ADDRESS}, 10.116.2.85}, {{nla_len=8, nla_type=IFA_LOCAL}, 10.116.2.85}, {{nla_len=8, nla_type=IFA_BROADCAST}, 10.116.2.255}, {{nla_len=9, nla_type=IFA_LABEL}, "eth0"}, {{nla_len=8, nla_type=IFA_FLAGS}, IFA_F_PERMANENT}, {{nla_len=20, nla_type=IFA_CACHEINFO}, {ifa_prefered=4294967295, ifa_valid=4294967295, cstamp=765535, tstamp=765535}}]}], iov_len=4096}], msg_iovlen=1, msg_controllen=0, msg_flags=0}, 0) = 164
2023-07-22T17:16:05.711176010Z 17:16:05.710975 recvmsg(8, {msg_name={sa_family=AF_NETLINK, nl_pid=0, nl_groups=00000000}, msg_namelen=12, msg_iov=[{iov_base={{len=20, type=NLMSG_DONE, flags=NLM_F_MULTI, seq=1690046165, pid=70}, 0}, iov_len=4096}], msg_iovlen=1, msg_controllen=0, msg_flags=0}, 0) = 20
2023-07-22T17:16:05.711685890Z 17:16:05.711504 socket(AF_UNIX, SOCK_STREAM|SOCK_CLOEXEC|SOCK_NONBLOCK, 0) = 8
2023-07-22T17:16:05.712117320Z 17:16:05.711697 connect(8, {sa_family=AF_UNIX, sun_path="/var/run/nscd/socket"}, 110) = -1 ENOENT (No such file or directory)
2023-07-22T17:16:05.712125120Z 17:16:05.711928 socket(AF_UNIX, SOCK_STREAM|SOCK_CLOEXEC|SOCK_NONBLOCK, 0) = 8
2023-07-22T17:16:05.712238150Z 17:16:05.712058 connect(8, {sa_family=AF_UNIX, sun_path="/var/run/nscd/socket"}, 110) = -1 ENOENT (No such file or directory)
2023-07-22T17:16:05.713034000Z 17:16:05.712914 socket(AF_INET, SOCK_DGRAM|SOCK_CLOEXEC|SOCK_NONBLOCK, IPPROTO_IP) = 8
2023-07-22T17:16:05.713256310Z 17:16:05.713065 connect(8, {sa_family=AF_INET, sin_port=htons(53), sin_addr=inet_addr("10.120.0.10")}, 16) = 0
2023-07-22T17:16:05.713588310Z 17:16:05.713338 sendto(8, "!\233\1\0\0\1\0\0\0\0\0\0\rflux-sample-0\fflux-"..., 76, MSG_NOSIGNAL, NULL, 0) = 76
2023-07-22T17:16:05.714372720Z 17:16:05.714113 recvfrom(8, "!\233\205\200\0\1\0\1\0\0\0\0\rflux-sample-0\fflux-"..., 1024, 0, {sa_family=AF_INET, sin_port=htons(53), sin_addr=inet_addr("10.120.0.10")}, [28->16]) = 150
2023-07-22T17:16:05.717555230Z broker.info[4]: start: none->join 1.09262ms
2023-07-22T17:16:09.855381368Z broker.info[4]: parent-ready: join->init 4.13751s
2023-07-22T17:16:09.855900027Z 17:16:09.855485 socketpair(AF_UNIX, SOCK_STREAM|SOCK_CLOEXEC, 0, [22, 23]) = 0
2023-07-22T17:16:09.855987247Z 17:16:09.855598 socketpair(AF_UNIX, SOCK_STREAM, 0, [24, 25]) = 0
2023-07-22T17:16:09.856002218Z 17:16:09.855723 socketpair(AF_UNIX, SOCK_STREAM, 0, [26, 27]) = 0
2023-07-22T17:16:09.856044767Z 17:16:09.855871 socketpair(AF_UNIX, SOCK_STREAM, 0, [28, 29]) = 0
2023-07-22T17:16:09.872539547Z broker.info[4]: configuration updated
2023-07-22T17:16:09.960034065Z broker.info[4]: rc1.0: running /etc/flux/rc1.d/01-sched-fluxion
2023-07-22T17:16:09.971154454Z broker.info[4]: rc1.0: running /etc/flux/rc1.d/02-cron
2023-07-22T17:16:09.988096984Z broker.info[4]: rc1.0: /etc/flux/rc1 Exited (rc=0) 0.1s
2023-07-22T17:16:09.988767864Z broker.info[4]: rc1-success: init->quorum 0.133179s
2023-07-22T17:16:16.743200098Z broker.info[4]: quorum-full: quorum->run 6.754s
2023-07-22T17:16:17.256034006Z 17:16:17.255658 socketpair(AF_UNIX, SOCK_STREAM|SOCK_CLOEXEC, 0, [22, 23]) = 0
2023-07-22T17:16:17.256082615Z 17:16:17.255804 socketpair(AF_UNIX, SOCK_STREAM, 0, [24, 25]) = 0
2023-07-22T17:16:17.256166896Z 17:16:17.256024 socketpair(AF_UNIX, SOCK_STREAM, 0, [26, 28]) = 0
2023-07-22T17:16:17.256356245Z 17:16:17.256191 socketpair(AF_UNIX, SOCK_STREAM, 0, [58, 59]) = 0
2023-07-22T17:16:17.256541625Z 17:16:17.256406 socketpair(AF_UNIX, SOCK_STREAM, 0, [60, 61]) = 0
2023-07-22T17:16:31.090861116Z broker.info[4]: shutdown: run->cleanup 14.3476s
2023-07-22T17:16:31.091860736Z broker.info[4]: cleanup-none: cleanup->shutdown 0.39269ms
2023-07-22T17:16:31.092538106Z broker.info[4]: children-none: shutdown->finalize 0.40295ms
2023-07-22T17:16:31.093114485Z 17:16:31.092901 socketpair(AF_UNIX, SOCK_STREAM|SOCK_CLOEXEC, 0, [22, 23]) = 0
2023-07-22T17:16:31.093344186Z 17:16:31.093163 socketpair(AF_UNIX, SOCK_STREAM, 0, [24, 25]) = 0
2023-07-22T17:16:31.093835125Z 17:16:31.093432 socketpair(AF_UNIX, SOCK_STREAM, 0, [26, 28]) = 0
2023-07-22T17:16:31.094119545Z 17:16:31.093951 socketpair(AF_UNIX, SOCK_STREAM, 0, [58, 59]) = 0
2023-07-22T17:16:31.107806055Z broker.info[4]: rc3.0: running /etc/flux/rc3.d/01-sched-fluxion
2023-07-22T17:16:31.226098462Z broker.info[4]: rc3.0: /etc/flux/rc3 Exited (rc=0) 0.1s
2023-07-22T17:16:31.226494012Z broker.info[4]: rc3-success: finalize->goodbye 0.1335s
2023-07-22T17:16:31.228280442Z broker.info[4]: goodbye: goodbye->exit 1.54651ms
2023-07-22T17:16:31.235983172Z 17:16:31.235839 +++ exited with 0 +++
2023-07-22T17:16:31.236874372Z Return value for follower worker is 0
2023-07-22T17:16:31.237023792Z The follower worker exited cleanly. Goodbye!
