2023-07-22T17:09:19.506127342Z
2023-07-22T17:09:19.507300611Z Flux username: flux
2023-07-22T17:09:19.507347331Z
2023-07-22T17:09:19.507353751Z Flux install root: /usr
2023-07-22T17:09:19.538334178Z flux user is already added.
2023-07-22T17:09:19.539967628Z flux user identifiers:
2023-07-22T17:09:19.539985188Z uid=1234(flux) gid=1234(flux) groups=1234(flux)
2023-07-22T17:09:19.540109908Z
2023-07-22T17:09:19.540121258Z As Flux prefix for flux commands: sudo -u flux -E PYTHONPATH=/opt/conda/lib/python3.10/site-packages -E PATH=/opt/conda/bin:/usr/local/sbin:/usr/local/bin:/usr/sbin:/usr/bin:/sbin:/bin -E LD_LIBRARY_PATH=/opt/conda/lib -E HOME=/home/flux
2023-07-22T17:09:19.545332078Z
2023-07-22T17:09:19.545346998Z ðŸ‘‹ Hello, I'm flux-sample-1
2023-07-22T17:09:19.545351887Z The main host is flux-sample-0
2023-07-22T17:09:19.545356458Z The working directory is /home/flux/examples/reaxff/HNS, contents include:
2023-07-22T17:09:19.546310968Z /home/flux/examples/reaxff/HNS:
2023-07-22T17:09:19.546322748Z README.txt	ffield.reax.hns  log.8Mar18.reaxc.hns.g++.1
2023-07-22T17:09:19.546326538Z data.hns-equil	in.reaxc.hns	 log.8Mar18.reaxc.hns.g++.4
2023-07-22T17:09:19.546551138Z End of file listing, if you see nothing above there are no files.
2023-07-22T17:09:19.547504267Z flux R encode --hosts=flux-sample-[0-7]
2023-07-22T17:09:19.556725807Z
2023-07-22T17:09:19.556746067Z ðŸ“¦ Resources
2023-07-22T17:09:19.557535126Z {"version": 1, "execution": {"R_lite": [{"rank": "0-7", "children": {"core": "0"}}], "starttime": 0.0, "expiration": 0.0, "nodelist": ["flux-sample-[0-7]"]}}
2023-07-22T17:09:19.557690306Z
2023-07-22T17:09:19.557702157Z ðŸ¸ Diagnostics: false
2023-07-22T17:09:19.557846906Z ðŸš©ï¸ Flux Option Flags defined
2023-07-22T17:09:19.559852566Z
2023-07-22T17:09:19.559865306Z ðŸ¦Š Independent Minister of Privilege
2023-07-22T17:09:19.560514856Z [exec]
2023-07-22T17:09:19.560526476Z allowed-users = [ "flux", "root" ]
2023-07-22T17:09:19.560531656Z allowed-shells = [ "/usr/libexec/flux/flux-shell" ]
2023-07-22T17:09:19.560659556Z
2023-07-22T17:09:19.560670136Z ðŸ¸ Broker Configuration
2023-07-22T17:09:19.561312936Z # Flux needs to know the path to the IMP executable
2023-07-22T17:09:19.561323236Z [exec]
2023-07-22T17:09:19.561327976Z imp = "/usr/libexec/flux/flux-imp"
2023-07-22T17:09:19.561331516Z
2023-07-22T17:09:19.561335666Z [access]
2023-07-22T17:09:19.561340386Z allow-guest-user = true
2023-07-22T17:09:19.561344306Z allow-root-owner = true
2023-07-22T17:09:19.561347686Z
2023-07-22T17:09:19.561350836Z # Point to resource definition generated with flux-R(1).
2023-07-22T17:09:19.561354326Z [resource]
2023-07-22T17:09:19.561358116Z path = "/etc/flux/system/R"
2023-07-22T17:09:19.561361326Z
2023-07-22T17:09:19.561365126Z [bootstrap]
2023-07-22T17:09:19.561368896Z curve_cert = "/etc/curve/curve.cert"
2023-07-22T17:09:19.561372246Z default_port = 8050
2023-07-22T17:09:19.561375556Z default_bind = "tcp://eth0:%p"
2023-07-22T17:09:19.561379976Z default_connect = "tcp://%h.flux-service.flux-operator.svc.cluster.local:%p"
2023-07-22T17:09:19.561383756Z hosts = [
2023-07-22T17:09:19.561387136Z 	{ host="flux-sample-[0-7]"},
2023-07-22T17:09:19.561390586Z ]
2023-07-22T17:09:19.561394406Z [archive]
2023-07-22T17:09:19.561398096Z dbpath = "/var/lib/flux/job-archive.sqlite"
2023-07-22T17:09:19.561401616Z period = "1m"
2023-07-22T17:09:19.613479081Z busytimeout = "50s"
2023-07-22T17:09:19.613696431Z ðŸ§Šï¸ State Directory:
2023-07-22T17:09:19.613706241Z total 0
2023-07-22T17:09:19.613710051Z
2023-07-22T17:09:19.615443011Z
2023-07-22T17:09:19.615514530Z ðŸ”’ï¸ Working directory permissions:
2023-07-22T17:09:19.615566801Z total 96
2023-07-22T17:09:19.615613441Z -rwxrwxrwx 1 flux root  2517 May 17 22:32 README.txt
2023-07-22T17:09:19.615646170Z -rwxrwxrwx 1 flux root 54692 May 17 22:32 data.hns-equil
2023-07-22T17:09:19.615700630Z -rwxrwxrwx 1 flux root 13576 May 17 22:32 ffield.reax.hns
2023-07-22T17:09:19.615733601Z -rwxrwxrwx 1 flux root   870 May 17 22:32 in.reaxc.hns
2023-07-22T17:09:19.615787641Z -rwxrwxrwx 1 flux root  4172 May 17 22:32 log.8Mar18.reaxc.hns.g++.1
2023-07-22T17:09:19.615820430Z -rwxrwxrwx 1 flux root  4168 May 17 22:32 log.8Mar18.reaxc.hns.g++.4
2023-07-22T17:09:19.615870690Z
2023-07-22T17:09:19.616054680Z
2023-07-22T17:09:19.616068080Z âœ¨ Curve certificate generated by helper pod
2023-07-22T17:09:19.616857020Z #   ****  Generated on 2023-04-26 22:54:42 by CZMQ  ****
2023-07-22T17:09:19.616867440Z #   ZeroMQ CURVE **Secret** Certificate
2023-07-22T17:09:19.616871870Z #   DO NOT PROVIDE THIS FILE TO OTHER USERS nor change its permissions.
2023-07-22T17:09:19.616875930Z
2023-07-22T17:09:19.616880260Z metadata
2023-07-22T17:09:19.616884290Z     name = "flux-cert-generator"
2023-07-22T17:09:19.616902610Z     keygen.hostname = "flux-sample-0"
2023-07-22T17:09:19.616908610Z curve
2023-07-22T17:09:19.616912230Z     public-key = "7rHE$r%!eBRO![ZQiKeS&4BXNU[>3)PmPhIc]Qpq"
2023-07-22T17:09:19.616915320Z     secret-key = "YK6FZ}/RIP-LjiZ5xqNS(bPFZq0:IHmCX*kQHUb="
2023-07-22T17:09:21.619551076Z
2023-07-22T17:09:21.619607306Z ðŸŒ€  flux start --wrap=strace,-e,network,-tt -o --config /etc/flux/config -Scron.directory=/etc/flux/system/cron.d   -Stbon.fanout=256   -Srundir=/run/flux    -Sstatedir=/var/lib/flux   -Slocal-uri=local:///run/flux/local   -Stbon.zmqdebug=1  -Slog-stderr-level=6    -Slog-stderr-mode=local
2023-07-22T17:09:21.640677984Z 17:09:21.640463 socket(AF_NETLINK, SOCK_RAW, NETLINK_ROUTE) = 8
2023-07-22T17:09:21.640828194Z 17:09:21.640653 bind(8, {sa_family=AF_NETLINK, nl_pid=0, nl_groups=00000000}, 12) = 0
2023-07-22T17:09:21.640888944Z 17:09:21.640746 getsockname(8, {sa_family=AF_NETLINK, nl_pid=70, nl_groups=00000000}, [12]) = 0
2023-07-22T17:09:21.641110724Z 17:09:21.640835 sendto(8, {{len=20, type=RTM_GETADDR, flags=NLM_F_REQUEST|NLM_F_DUMP, seq=1690045761, pid=0}, {ifa_family=AF_UNSPEC, ...}}, 20, 0, {sa_family=AF_NETLINK, nl_pid=0, nl_groups=00000000}, 12) = 20
2023-07-22T17:09:21.641655674Z 17:09:21.641038 recvmsg(8, {msg_name={sa_family=AF_NETLINK, nl_pid=0, nl_groups=00000000}, msg_namelen=12, msg_iov=[{iov_base=[{{len=76, type=RTM_NEWADDR, flags=NLM_F_MULTI, seq=1690045761, pid=70}, {ifa_family=AF_INET, ifa_prefixlen=8, ifa_flags=IFA_F_PERMANENT, ifa_scope=RT_SCOPE_HOST, ifa_index=if_nametoindex("lo")}, [{{nla_len=8, nla_type=IFA_ADDRESS}, 127.0.0.1}, {{nla_len=8, nla_type=IFA_LOCAL}, 127.0.0.1}, {{nla_len=7, nla_type=IFA_LABEL}, "lo"}, {{nla_len=8, nla_type=IFA_FLAGS}, IFA_F_PERMANENT}, {{nla_len=20, nla_type=IFA_CACHEINFO}, {ifa_prefered=4294967295, ifa_valid=4294967295, cstamp=724911, tstamp=724911}}]}, {{len=88, type=RTM_NEWADDR, flags=NLM_F_MULTI, seq=1690045761, pid=70}, {ifa_family=AF_INET, ifa_prefixlen=24, ifa_flags=IFA_F_PERMANENT, ifa_scope=RT_SCOPE_UNIVERSE, ifa_index=if_nametoindex("eth0")}, [{{nla_len=8, nla_type=IFA_ADDRESS}, 10.116.0.72}, {{nla_len=8, nla_type=IFA_LOCAL}, 10.116.0.72}, {{nla_len=8, nla_type=IFA_BROADCAST}, 10.116.0.255}, {{nla_len=9, nla_type=IFA_LABEL}, "eth0"}, {{nla_len=8, nla_type=IFA_FLAGS}, IFA_F_PERMANENT}, {{nla_len=20, nla_type=IFA_CACHEINFO}, {ifa_prefered=4294967295, ifa_valid=4294967295, cstamp=724913, tstamp=724913}}]}], iov_len=4096}], msg_iovlen=1, msg_controllen=0, msg_flags=0}, 0) = 164
2023-07-22T17:09:21.641755084Z 17:09:21.641575 recvmsg(8, {msg_name={sa_family=AF_NETLINK, nl_pid=0, nl_groups=00000000}, msg_namelen=12, msg_iov=[{iov_base={{len=20, type=NLMSG_DONE, flags=NLM_F_MULTI, seq=1690045761, pid=70}, 0}, iov_len=4096}], msg_iovlen=1, msg_controllen=0, msg_flags=0}, 0) = 20
2023-07-22T17:09:21.642142484Z 17:09:21.642012 socket(AF_UNIX, SOCK_STREAM|SOCK_CLOEXEC|SOCK_NONBLOCK, 0) = 8
2023-07-22T17:09:21.642198614Z 17:09:21.642078 connect(8, {sa_family=AF_UNIX, sun_path="/var/run/nscd/socket"}, 110) = -1 ENOENT (No such file or directory)
2023-07-22T17:09:21.642288964Z 17:09:21.642194 socket(AF_UNIX, SOCK_STREAM|SOCK_CLOEXEC|SOCK_NONBLOCK, 0) = 8
2023-07-22T17:09:21.642354224Z 17:09:21.642257 connect(8, {sa_family=AF_UNIX, sun_path="/var/run/nscd/socket"}, 110) = -1 ENOENT (No such file or directory)
2023-07-22T17:09:21.643257884Z 17:09:21.643124 socket(AF_INET, SOCK_DGRAM|SOCK_CLOEXEC|SOCK_NONBLOCK, IPPROTO_IP) = 8
2023-07-22T17:09:21.643323154Z 17:09:21.643192 connect(8, {sa_family=AF_INET, sin_port=htons(53), sin_addr=inet_addr("10.120.0.10")}, 16) = 0
2023-07-22T17:09:21.643548284Z 17:09:21.643303 sendto(8, "\201\316\1\0\0\1\0\0\0\0\0\0\rflux-sample-0\fflux-"..., 76, MSG_NOSIGNAL, NULL, 0) = 76
2023-07-22T17:09:21.647255203Z 17:09:21.647108 recvfrom(8, "\201\316\205\200\0\1\0\1\0\0\0\0\rflux-sample-0\fflux-"..., 1024, 0, {sa_family=AF_INET, sin_port=htons(53), sin_addr=inet_addr("10.120.0.10")}, [28->16]) = 150
2023-07-22T17:09:21.649755353Z broker.info[1]: start: none->join 1.04114ms
2023-07-22T17:09:21.659211442Z broker.info[1]: parent-ready: join->init 9.36875ms
2023-07-22T17:09:21.659986112Z 17:09:21.659432 socketpair(AF_UNIX, SOCK_STREAM|SOCK_CLOEXEC, 0, [22, 23]) = 0
2023-07-22T17:09:21.660028022Z 17:09:21.659803 socketpair(AF_UNIX, SOCK_STREAM, 0, [24, 25]) = 0
2023-07-22T17:09:21.660536902Z 17:09:21.660085 socketpair(AF_UNIX, SOCK_STREAM, 0, [26, 27]) = 0
2023-07-22T17:09:21.660876322Z 17:09:21.660633 socketpair(AF_UNIX, SOCK_STREAM, 0, [28, 29]) = 0
2023-07-22T17:09:21.676783010Z broker.info[1]: configuration updated
2023-07-22T17:09:21.755388912Z broker.info[1]: rc1.0: running /etc/flux/rc1.d/01-sched-fluxion
2023-07-22T17:09:21.762296792Z broker.info[1]: rc1.0: running /etc/flux/rc1.d/02-cron
2023-07-22T17:09:21.779245520Z broker.info[1]: rc1.0: /etc/flux/rc1 Exited (rc=0) 0.1s
2023-07-22T17:09:21.779640510Z broker.info[1]: rc1-success: init->quorum 0.120033s
2023-07-22T17:09:52.416138541Z broker.info[1]: quorum-full: quorum->run 30.6358s
2023-07-22T17:09:53.056607886Z 17:09:53.056284 socketpair(AF_UNIX, SOCK_STREAM|SOCK_CLOEXEC, 0, [22, 23]) = 0
2023-07-22T17:09:53.056652926Z 17:09:53.056411 socketpair(AF_UNIX, SOCK_STREAM, 0, [24, 25]) = 0
2023-07-22T17:09:53.056757115Z 17:09:53.056634 socketpair(AF_UNIX, SOCK_STREAM, 0, [26, 28]) = 0
2023-07-22T17:09:53.057132486Z 17:09:53.056917 socketpair(AF_UNIX, SOCK_STREAM, 0, [58, 59]) = 0
2023-07-22T17:09:53.057446326Z 17:09:53.057249 socketpair(AF_UNIX, SOCK_STREAM, 0, [60, 61]) = 0
2023-07-22T17:10:07.402471700Z broker.info[1]: shutdown: run->cleanup 14.9864s
2023-07-22T17:10:07.404430950Z broker.info[1]: cleanup-none: cleanup->shutdown 1.26078ms
2023-07-22T17:10:07.405993510Z broker.info[1]: children-none: shutdown->finalize 1.01355ms
2023-07-22T17:10:07.406567760Z 17:10:07.406293 socketpair(AF_UNIX, SOCK_STREAM|SOCK_CLOEXEC, 0, [22, 23]) = 0
2023-07-22T17:10:07.406927790Z 17:10:07.406547 socketpair(AF_UNIX, SOCK_STREAM, 0, [24, 25]) = 0
2023-07-22T17:10:07.407399200Z 17:10:07.407234 socketpair(AF_UNIX, SOCK_STREAM, 0, [26, 28]) = 0
2023-07-22T17:10:07.407924260Z 17:10:07.407680 socketpair(AF_UNIX, SOCK_STREAM, 0, [58, 59]) = 0
2023-07-22T17:10:07.423313449Z broker.info[1]: rc3.0: running /etc/flux/rc3.d/01-sched-fluxion
2023-07-22T17:10:07.520017749Z broker.info[1]: rc3.0: /etc/flux/rc3 Exited (rc=0) 0.1s
2023-07-22T17:10:07.521190869Z broker.info[1]: rc3-success: finalize->goodbye 0.114725s
2023-07-22T17:10:07.523558089Z broker.info[1]: goodbye: goodbye->exit 1.79118ms
2023-07-22T17:10:07.532576978Z 17:10:07.532360 +++ exited with 0 +++
2023-07-22T17:10:07.533611258Z Return value for follower worker is 0
2023-07-22T17:10:07.533745107Z The follower worker exited cleanly. Goodbye!
