2023-07-22T17:16:36.937085862Z
2023-07-22T17:16:36.937139334Z Flux username: flux
2023-07-22T17:16:36.937441964Z
2023-07-22T17:16:36.937470053Z Flux install root: /usr
2023-07-22T17:16:36.994306176Z flux user is already added.
2023-07-22T17:16:36.997313607Z flux user identifiers:
2023-07-22T17:16:36.997344342Z uid=1234(flux) gid=1234(flux) groups=1234(flux)
2023-07-22T17:16:36.997418707Z
2023-07-22T17:16:36.997431143Z As Flux prefix for flux commands: sudo -u flux -E PYTHONPATH=/opt/conda/lib/python3.10/site-packages -E PATH=/opt/conda/bin:/usr/local/sbin:/usr/local/bin:/usr/sbin:/usr/bin:/sbin:/bin -E LD_LIBRARY_PATH=/opt/conda/lib -E HOME=/home/flux
2023-07-22T17:16:37.007198100Z
2023-07-22T17:16:37.007235099Z 👋 Hello, I'm flux-sample-2
2023-07-22T17:16:37.007318707Z The main host is flux-sample-0
2023-07-22T17:16:37.007329276Z The working directory is /home/flux/examples/reaxff/HNS, contents include:
2023-07-22T17:16:37.009156107Z /home/flux/examples/reaxff/HNS:
2023-07-22T17:16:37.009183334Z README.txt	ffield.reax.hns  log.8Mar18.reaxc.hns.g++.1
2023-07-22T17:16:37.009189176Z data.hns-equil	in.reaxc.hns	 log.8Mar18.reaxc.hns.g++.4
2023-07-22T17:16:37.009525687Z End of file listing, if you see nothing above there are no files.
2023-07-22T17:16:37.012020276Z flux R encode --hosts=flux-sample-[0-7]
2023-07-22T17:16:37.028601149Z
2023-07-22T17:16:37.028633916Z 📦 Resources
2023-07-22T17:16:37.030071459Z {"version": 1, "execution": {"R_lite": [{"rank": "0-7", "children": {"core": "0"}}], "starttime": 0.0, "expiration": 0.0, "nodelist": ["flux-sample-[0-7]"]}}
2023-07-22T17:16:37.030350017Z
2023-07-22T17:16:37.030370353Z 🐸 Diagnostics: false
2023-07-22T17:16:37.030651019Z 🚩️ Flux Option Flags defined
2023-07-22T17:16:37.035407241Z
2023-07-22T17:16:37.035435053Z 🦊 Independent Minister of Privilege
2023-07-22T17:16:37.036739598Z [exec]
2023-07-22T17:16:37.036760429Z allowed-users = [ "flux", "root" ]
2023-07-22T17:16:37.036766565Z allowed-shells = [ "/usr/libexec/flux/flux-shell" ]
2023-07-22T17:16:37.036996665Z
2023-07-22T17:16:37.037012820Z 🐸 Broker Configuration
2023-07-22T17:16:37.038328613Z # Flux needs to know the path to the IMP executable
2023-07-22T17:16:37.038345683Z [exec]
2023-07-22T17:16:37.038352184Z imp = "/usr/libexec/flux/flux-imp"
2023-07-22T17:16:37.038356878Z
2023-07-22T17:16:37.038361826Z [access]
2023-07-22T17:16:37.038392164Z allow-guest-user = true
2023-07-22T17:16:37.038398108Z allow-root-owner = true
2023-07-22T17:16:37.038402775Z
2023-07-22T17:16:37.038407929Z # Point to resource definition generated with flux-R(1).
2023-07-22T17:16:37.038412742Z [resource]
2023-07-22T17:16:37.038417800Z path = "/etc/flux/system/R"
2023-07-22T17:16:37.038422100Z
2023-07-22T17:16:37.038427368Z [bootstrap]
2023-07-22T17:16:37.038431924Z curve_cert = "/etc/curve/curve.cert"
2023-07-22T17:16:37.038437045Z default_port = 8050
2023-07-22T17:16:37.038441884Z default_bind = "tcp://eth0:%p"
2023-07-22T17:16:37.038480335Z default_connect = "tcp://%h.flux-service.flux-operator.svc.cluster.local:%p"
2023-07-22T17:16:37.038485147Z hosts = [
2023-07-22T17:16:37.038489741Z 	{ host="flux-sample-[0-7]"},
2023-07-22T17:16:37.038494249Z ]
2023-07-22T17:16:37.038498750Z [archive]
2023-07-22T17:16:37.038503393Z dbpath = "/var/lib/flux/job-archive.sqlite"
2023-07-22T17:16:37.038508283Z period = "1m"
2023-07-22T17:16:37.121219105Z busytimeout = "50s"
2023-07-22T17:16:37.121250759Z 🧊️ State Directory:
2023-07-22T17:16:37.121257194Z total 0
2023-07-22T17:16:37.121262166Z
2023-07-22T17:16:37.124184626Z
2023-07-22T17:16:37.124234604Z 🔒️ Working directory permissions:
2023-07-22T17:16:37.124240806Z total 96
2023-07-22T17:16:37.124246710Z -rwxrwxrwx 1 flux root  2517 May 17 22:32 README.txt
2023-07-22T17:16:37.124251828Z -rwxrwxrwx 1 flux root 54692 May 17 22:32 data.hns-equil
2023-07-22T17:16:37.124256613Z -rwxrwxrwx 1 flux root 13576 May 17 22:32 ffield.reax.hns
2023-07-22T17:16:37.124261433Z -rwxrwxrwx 1 flux root   870 May 17 22:32 in.reaxc.hns
2023-07-22T17:16:37.124267358Z -rwxrwxrwx 1 flux root  4172 May 17 22:32 log.8Mar18.reaxc.hns.g++.1
2023-07-22T17:16:37.124272622Z -rwxrwxrwx 1 flux root  4168 May 17 22:32 log.8Mar18.reaxc.hns.g++.4
2023-07-22T17:16:37.124276971Z
2023-07-22T17:16:37.124395110Z
2023-07-22T17:16:37.124405940Z ✨ Curve certificate generated by helper pod
2023-07-22T17:16:37.125889594Z #   ****  Generated on 2023-04-26 22:54:42 by CZMQ  ****
2023-07-22T17:16:37.125911094Z #   ZeroMQ CURVE **Secret** Certificate
2023-07-22T17:16:37.125918065Z #   DO NOT PROVIDE THIS FILE TO OTHER USERS nor change its permissions.
2023-07-22T17:16:37.125922862Z
2023-07-22T17:16:37.125927563Z metadata
2023-07-22T17:16:37.125933469Z     name = "flux-cert-generator"
2023-07-22T17:16:37.125938399Z     keygen.hostname = "flux-sample-0"
2023-07-22T17:16:37.125943076Z curve
2023-07-22T17:16:37.125948430Z     public-key = "z=kg%Xze)=-400DKY!e7[[w{r2{*m<jdGCTF}T)}"
2023-07-22T17:16:37.125953425Z     secret-key = "<ne:#G:Qm5!^gvN9z^tJH5!)z)z9I0&=TlDE9Buu"
2023-07-22T17:16:37.128485899Z
2023-07-22T17:16:37.128655666Z 🌀  flux start --wrap=strace,-e,network,-tt -o --config /etc/flux/config -Scron.directory=/etc/flux/system/cron.d   -Stbon.fanout=256   -Srundir=/run/flux    -Sstatedir=/var/lib/flux   -Slocal-uri=local:///run/flux/local -Stbon.connect_timeout=6s  -Stbon.zmqdebug=1  -Slog-stderr-level=6    -Slog-stderr-mode=local
2023-07-22T17:16:37.161423472Z 17:16:37.161091 socket(AF_NETLINK, SOCK_RAW, NETLINK_ROUTE) = 8
2023-07-22T17:16:37.161732822Z 17:16:37.161527 bind(8, {sa_family=AF_NETLINK, nl_pid=0, nl_groups=00000000}, 12) = 0
2023-07-22T17:16:37.162019251Z 17:16:37.161796 getsockname(8, {sa_family=AF_NETLINK, nl_pid=70, nl_groups=00000000}, [12]) = 0
2023-07-22T17:16:37.162424772Z 17:16:37.162097 sendto(8, {{len=20, type=RTM_GETADDR, flags=NLM_F_REQUEST|NLM_F_DUMP, seq=1690046197, pid=0}, {ifa_family=AF_UNSPEC, ...}}, 20, 0, {sa_family=AF_NETLINK, nl_pid=0, nl_groups=00000000}, 12) = 20
2023-07-22T17:16:37.163024007Z 17:16:37.162493 recvmsg(8, {msg_name={sa_family=AF_NETLINK, nl_pid=0, nl_groups=00000000}, msg_namelen=12, msg_iov=[{iov_base=[{{len=76, type=RTM_NEWADDR, flags=NLM_F_MULTI, seq=1690046197, pid=70}, {ifa_family=AF_INET, ifa_prefixlen=8, ifa_flags=IFA_F_PERMANENT, ifa_scope=RT_SCOPE_HOST, ifa_index=if_nametoindex("lo")}, [{{nla_len=8, nla_type=IFA_ADDRESS}, 127.0.0.1}, {{nla_len=8, nla_type=IFA_LOCAL}, 127.0.0.1}, {{nla_len=7, nla_type=IFA_LABEL}, "lo"}, {{nla_len=8, nla_type=IFA_FLAGS}, IFA_F_PERMANENT}, {{nla_len=20, nla_type=IFA_CACHEINFO}, {ifa_prefered=4294967295, ifa_valid=4294967295, cstamp=768485, tstamp=768485}}]}, {{len=88, type=RTM_NEWADDR, flags=NLM_F_MULTI, seq=1690046197, pid=70}, {ifa_family=AF_INET, ifa_prefixlen=24, ifa_flags=IFA_F_PERMANENT, ifa_scope=RT_SCOPE_UNIVERSE, ifa_index=if_nametoindex("eth0")}, [{{nla_len=8, nla_type=IFA_ADDRESS}, 10.116.7.84}, {{nla_len=8, nla_type=IFA_LOCAL}, 10.116.7.84}, {{nla_len=8, nla_type=IFA_BROADCAST}, 10.116.7.255}, {{nla_len=9, nla_type=IFA_LABEL}, "eth0"}, {{nla_len=8, nla_type=IFA_FLAGS}, IFA_F_PERMANENT}, {{nla_len=20, nla_type=IFA_CACHEINFO}, {ifa_prefered=4294967295, ifa_valid=4294967295, cstamp=768487, tstamp=768487}}]}], iov_len=4096}], msg_iovlen=1, msg_controllen=0, msg_flags=0}, 0) = 164
2023-07-22T17:16:37.163341834Z 17:16:37.163090 recvmsg(8, {msg_name={sa_family=AF_NETLINK, nl_pid=0, nl_groups=00000000}, msg_namelen=12, msg_iov=[{iov_base={{len=20, type=NLMSG_DONE, flags=NLM_F_MULTI, seq=1690046197, pid=70}, 0}, iov_len=4096}], msg_iovlen=1, msg_controllen=0, msg_flags=0}, 0) = 20
2023-07-22T17:16:37.164101210Z 17:16:37.163804 socket(AF_UNIX, SOCK_STREAM|SOCK_CLOEXEC|SOCK_NONBLOCK, 0) = 8
2023-07-22T17:16:37.164218535Z 17:16:37.164071 connect(8, {sa_family=AF_UNIX, sun_path="/var/run/nscd/socket"}, 110) = -1 ENOENT (No such file or directory)
2023-07-22T17:16:37.164373703Z 17:16:37.164241 socket(AF_UNIX, SOCK_STREAM|SOCK_CLOEXEC|SOCK_NONBLOCK, 0) = 8
2023-07-22T17:16:37.164578108Z 17:16:37.164337 connect(8, {sa_family=AF_UNIX, sun_path="/var/run/nscd/socket"}, 110) = -1 ENOENT (No such file or directory)
2023-07-22T17:16:37.165918921Z 17:16:37.165698 socket(AF_INET, SOCK_DGRAM|SOCK_CLOEXEC|SOCK_NONBLOCK, IPPROTO_IP) = 8
2023-07-22T17:16:37.166400175Z 17:16:37.165776 connect(8, {sa_family=AF_INET, sin_port=htons(53), sin_addr=inet_addr("10.120.0.10")}, 16) = 0
2023-07-22T17:16:37.166519339Z 17:16:37.165926 sendto(8, "\210\31\1\0\0\1\0\0\0\0\0\0\rflux-sample-0\fflux-"..., 76, MSG_NOSIGNAL, NULL, 0) = 76
2023-07-22T17:16:37.166961659Z 17:16:37.166681 recvfrom(8, "\210\31\205\200\0\1\0\1\0\0\0\0\rflux-sample-0\fflux-"..., 1024, 0, {sa_family=AF_INET, sin_port=htons(53), sin_addr=inet_addr("10.120.0.10")}, [28->16]) = 150
2023-07-22T17:16:37.171192221Z broker.info[2]: start: none->join 1.80722ms
2023-07-22T17:16:43.349314155Z broker.info[2]: parent-ready: join->init 6.17797s
2023-07-22T17:16:43.349635203Z 17:16:43.349289 socketpair(AF_UNIX, SOCK_STREAM|SOCK_CLOEXEC, 0, [22, 23]) = 0
2023-07-22T17:16:43.349646697Z 17:16:43.349430 socketpair(AF_UNIX, SOCK_STREAM, 0, [24, 25]) = 0
2023-07-22T17:16:43.350054107Z 17:16:43.349677 socketpair(AF_UNIX, SOCK_STREAM, 0, [26, 27]) = 0
2023-07-22T17:16:43.350656865Z 17:16:43.350356 socketpair(AF_UNIX, SOCK_STREAM, 0, [28, 29]) = 0
2023-07-22T17:16:43.378662482Z broker.info[2]: configuration updated
2023-07-22T17:16:43.495987238Z broker.info[2]: rc1.0: running /etc/flux/rc1.d/01-sched-fluxion
2023-07-22T17:16:43.508712915Z broker.info[2]: rc1.0: running /etc/flux/rc1.d/02-cron
2023-07-22T17:16:43.536433833Z broker.info[2]: rc1.0: /etc/flux/rc1 Exited (rc=0) 0.2s
2023-07-22T17:16:43.536945431Z broker.info[2]: rc1-success: init->quorum 0.18748s
2023-07-22T17:16:48.677651269Z broker.info[2]: quorum-full: quorum->run 5.14013s
2023-07-22T17:16:49.094052645Z 17:16:49.093692 socketpair(AF_UNIX, SOCK_STREAM|SOCK_CLOEXEC, 0, [22, 23]) = 0
2023-07-22T17:16:49.094157951Z 17:16:49.093829 socketpair(AF_UNIX, SOCK_STREAM, 0, [24, 25]) = 0
2023-07-22T17:16:49.094447376Z 17:16:49.094223 socketpair(AF_UNIX, SOCK_STREAM, 0, [26, 28]) = 0
2023-07-22T17:16:49.094648490Z 17:16:49.094461 socketpair(AF_UNIX, SOCK_STREAM, 0, [58, 59]) = 0
2023-07-22T17:16:49.094941582Z 17:16:49.094749 socketpair(AF_UNIX, SOCK_STREAM, 0, [60, 61]) = 0
2023-07-22T17:17:02.676946309Z broker.info[2]: shutdown: run->cleanup 13.9989s
2023-07-22T17:17:02.679414700Z broker.info[2]: cleanup-none: cleanup->shutdown 1.45829ms
2023-07-22T17:17:02.681671862Z broker.info[2]: children-none: shutdown->finalize 0.94652ms
2023-07-22T17:17:02.682260832Z 17:17:02.681962 socketpair(AF_UNIX, SOCK_STREAM|SOCK_CLOEXEC, 0, [22, 23]) = 0
2023-07-22T17:17:02.682500549Z 17:17:02.682278 socketpair(AF_UNIX, SOCK_STREAM, 0, [24, 25]) = 0
2023-07-22T17:17:02.682886738Z 17:17:02.682642 socketpair(AF_UNIX, SOCK_STREAM, 0, [26, 28]) = 0
2023-07-22T17:17:02.683097434Z 17:17:02.682899 socketpair(AF_UNIX, SOCK_STREAM, 0, [58, 59]) = 0
2023-07-22T17:17:02.701446822Z broker.info[2]: rc3.0: running /etc/flux/rc3.d/01-sched-fluxion
2023-07-22T17:17:02.834936231Z broker.info[2]: rc3.0: /etc/flux/rc3 Exited (rc=0) 0.1s
2023-07-22T17:17:02.836444062Z broker.info[2]: rc3-success: finalize->goodbye 0.15427s
2023-07-22T17:17:02.838148368Z broker.info[2]: goodbye: goodbye->exit 0.984386ms
2023-07-22T17:17:02.847295719Z 17:17:02.847059 +++ exited with 0 +++
2023-07-22T17:17:02.848963287Z Return value for follower worker is 0
2023-07-22T17:17:02.849039289Z The follower worker exited cleanly. Goodbye!
