2023-07-22T16:59:47.503863926Z
2023-07-22T16:59:47.503888815Z Flux username: flux
2023-07-22T16:59:47.503892606Z
2023-07-22T16:59:47.503895995Z Flux install root: /usr
2023-07-22T16:59:47.537315733Z flux user is already added.
2023-07-22T16:59:47.539033093Z flux user identifiers:
2023-07-22T16:59:47.539050693Z uid=1234(flux) gid=1234(flux) groups=1234(flux)
2023-07-22T16:59:47.539061523Z
2023-07-22T16:59:47.539085393Z As Flux prefix for flux commands: sudo -u flux -E PYTHONPATH=/opt/conda/lib/python3.10/site-packages -E PATH=/opt/conda/bin:/usr/local/sbin:/usr/local/bin:/usr/sbin:/usr/bin:/sbin:/bin -E LD_LIBRARY_PATH=/opt/conda/lib -E HOME=/home/flux
2023-07-22T16:59:47.543329413Z
2023-07-22T16:59:47.543351953Z 👋 Hello, I'm flux-sample-4
2023-07-22T16:59:47.543357473Z The main host is flux-sample-0
2023-07-22T16:59:47.543362163Z The working directory is /home/flux/examples/reaxff/HNS, contents include:
2023-07-22T16:59:47.544822003Z /home/flux/examples/reaxff/HNS:
2023-07-22T16:59:47.544852293Z README.txt	ffield.reax.hns  log.8Mar18.reaxc.hns.g++.1
2023-07-22T16:59:47.544862063Z data.hns-equil	in.reaxc.hns	 log.8Mar18.reaxc.hns.g++.4
2023-07-22T16:59:47.545249403Z End of file listing, if you see nothing above there are no files.
2023-07-22T16:59:47.546449313Z flux R encode --hosts=flux-sample-[0-7]
2023-07-22T16:59:47.556420832Z
2023-07-22T16:59:47.556450622Z 📦 Resources
2023-07-22T16:59:47.557306402Z {"version": 1, "execution": {"R_lite": [{"rank": "0-7", "children": {"core": "0"}}], "starttime": 0.0, "expiration": 0.0, "nodelist": ["flux-sample-[0-7]"]}}
2023-07-22T16:59:47.557518792Z
2023-07-22T16:59:47.557530622Z 🐸 Diagnostics: false
2023-07-22T16:59:47.557707572Z 🚩️ Flux Option Flags defined
2023-07-22T16:59:47.560002262Z
2023-07-22T16:59:47.560019032Z 🦊 Independent Minister of Privilege
2023-07-22T16:59:47.560734722Z [exec]
2023-07-22T16:59:47.560746192Z allowed-users = [ "flux", "root" ]
2023-07-22T16:59:47.560750562Z allowed-shells = [ "/usr/libexec/flux/flux-shell" ]
2023-07-22T16:59:47.560967712Z
2023-07-22T16:59:47.560978732Z 🐸 Broker Configuration
2023-07-22T16:59:47.561724112Z # Flux needs to know the path to the IMP executable
2023-07-22T16:59:47.561735622Z [exec]
2023-07-22T16:59:47.561739652Z imp = "/usr/libexec/flux/flux-imp"
2023-07-22T16:59:47.561742612Z
2023-07-22T16:59:47.561785422Z [access]
2023-07-22T16:59:47.561792502Z allow-guest-user = true
2023-07-22T16:59:47.561796622Z allow-root-owner = true
2023-07-22T16:59:47.561800352Z
2023-07-22T16:59:47.561804632Z # Point to resource definition generated with flux-R(1).
2023-07-22T16:59:47.561808742Z [resource]
2023-07-22T16:59:47.561813172Z path = "/etc/flux/system/R"
2023-07-22T16:59:47.561816782Z
2023-07-22T16:59:47.561820662Z [bootstrap]
2023-07-22T16:59:47.561824472Z curve_cert = "/etc/curve/curve.cert"
2023-07-22T16:59:47.561828272Z default_port = 8050
2023-07-22T16:59:47.561857632Z default_bind = "tcp://eth0:%p"
2023-07-22T16:59:47.561862482Z default_connect = "tcp://%h.flux-service.flux-operator.svc.cluster.local:%p"
2023-07-22T16:59:47.561865732Z hosts = [
2023-07-22T16:59:47.561868702Z 	{ host="flux-sample-[0-7]"},
2023-07-22T16:59:47.561871602Z ]
2023-07-22T16:59:47.561874472Z [archive]
2023-07-22T16:59:47.561877582Z dbpath = "/var/lib/flux/job-archive.sqlite"
2023-07-22T16:59:47.561880462Z period = "1m"
2023-07-22T16:59:47.619976478Z busytimeout = "50s"
2023-07-22T16:59:47.619998918Z 🧊️ State Directory:
2023-07-22T16:59:47.620003488Z total 0
2023-07-22T16:59:47.620006588Z
2023-07-22T16:59:47.622108878Z
2023-07-22T16:59:47.622164428Z 🔒️ Working directory permissions:
2023-07-22T16:59:47.622171628Z total 96
2023-07-22T16:59:47.622176768Z -rwxrwxrwx 1 flux root  2517 May 17 22:32 README.txt
2023-07-22T16:59:47.622181268Z -rwxrwxrwx 1 flux root 54692 May 17 22:32 data.hns-equil
2023-07-22T16:59:47.622226368Z -rwxrwxrwx 1 flux root 13576 May 17 22:32 ffield.reax.hns
2023-07-22T16:59:47.622250798Z -rwxrwxrwx 1 flux root   870 May 17 22:32 in.reaxc.hns
2023-07-22T16:59:47.622255898Z -rwxrwxrwx 1 flux root  4172 May 17 22:32 log.8Mar18.reaxc.hns.g++.1
2023-07-22T16:59:47.622259088Z -rwxrwxrwx 1 flux root  4168 May 17 22:32 log.8Mar18.reaxc.hns.g++.4
2023-07-22T16:59:47.622261908Z
2023-07-22T16:59:47.622379178Z
2023-07-22T16:59:47.622391058Z ✨ Curve certificate generated by helper pod
2023-07-22T16:59:47.623313597Z #   ****  Generated on 2023-04-26 22:54:42 by CZMQ  ****
2023-07-22T16:59:47.623325457Z #   ZeroMQ CURVE **Secret** Certificate
2023-07-22T16:59:47.623330708Z #   DO NOT PROVIDE THIS FILE TO OTHER USERS nor change its permissions.
2023-07-22T16:59:47.623334668Z
2023-07-22T16:59:47.623338457Z metadata
2023-07-22T16:59:47.623343297Z     name = "flux-cert-generator"
2023-07-22T16:59:47.623347277Z     keygen.hostname = "flux-sample-0"
2023-07-22T16:59:47.623350828Z curve
2023-07-22T16:59:47.623354348Z     public-key = "dJEn$Ov-ZA<6#P[k6aAepC0CbtL&GSU)1(&D=%Vj"
2023-07-22T16:59:47.623371618Z     secret-key = ":WX.<woAERT#X:P09kq6:eOtez-g<+/)Jw]2oP8l"
2023-07-22T16:59:49.626362550Z
2023-07-22T16:59:49.626413641Z 🌀  flux start --wrap=strace,-e,network,-tt -o --config /etc/flux/config -Scron.directory=/etc/flux/system/cron.d   -Stbon.fanout=256   -Srundir=/run/flux    -Sstatedir=/var/lib/flux   -Slocal-uri=local:///run/flux/local -Stbon.connect_timeout=6s  -Stbon.zmqdebug=1  -Slog-stderr-level=6    -Slog-stderr-mode=local
2023-07-22T16:59:49.655322299Z 16:59:49.655042 socket(AF_NETLINK, SOCK_RAW, NETLINK_ROUTE) = 8
2023-07-22T16:59:49.655375699Z 16:59:49.655148 bind(8, {sa_family=AF_NETLINK, nl_pid=0, nl_groups=00000000}, 12) = 0
2023-07-22T16:59:49.655383379Z 16:59:49.655203 getsockname(8, {sa_family=AF_NETLINK, nl_pid=71, nl_groups=00000000}, [12]) = 0
2023-07-22T16:59:49.655497779Z 16:59:49.655250 sendto(8, {{len=20, type=RTM_GETADDR, flags=NLM_F_REQUEST|NLM_F_DUMP, seq=1690045189, pid=0}, {ifa_family=AF_UNSPEC, ...}}, 20, 0, {sa_family=AF_NETLINK, nl_pid=0, nl_groups=00000000}, 12) = 20
2023-07-22T16:59:49.655711289Z 16:59:49.655422 recvmsg(8, {msg_name={sa_family=AF_NETLINK, nl_pid=0, nl_groups=00000000}, msg_namelen=12, msg_iov=[{iov_base=[{{len=76, type=RTM_NEWADDR, flags=NLM_F_MULTI, seq=1690045189, pid=71}, {ifa_family=AF_INET, ifa_prefixlen=8, ifa_flags=IFA_F_PERMANENT, ifa_scope=RT_SCOPE_HOST, ifa_index=if_nametoindex("lo")}, [{{nla_len=8, nla_type=IFA_ADDRESS}, 127.0.0.1}, {{nla_len=8, nla_type=IFA_LOCAL}, 127.0.0.1}, {{nla_len=7, nla_type=IFA_LABEL}, "lo"}, {{nla_len=8, nla_type=IFA_FLAGS}, IFA_F_PERMANENT}, {{nla_len=20, nla_type=IFA_CACHEINFO}, {ifa_prefered=4294967295, ifa_valid=4294967295, cstamp=667674, tstamp=667674}}]}, {{len=88, type=RTM_NEWADDR, flags=NLM_F_MULTI, seq=1690045189, pid=71}, {ifa_family=AF_INET, ifa_prefixlen=24, ifa_flags=IFA_F_PERMANENT, ifa_scope=RT_SCOPE_UNIVERSE, ifa_index=if_nametoindex("eth0")}, [{{nla_len=8, nla_type=IFA_ADDRESS}, 10.116.3.58}, {{nla_len=8, nla_type=IFA_LOCAL}, 10.116.3.58}, {{nla_len=8, nla_type=IFA_BROADCAST}, 10.116.3.255}, {{nla_len=9, nla_type=IFA_LABEL}, "eth0"}, {{nla_len=8, nla_type=IFA_FLAGS}, IFA_F_PERMANENT}, {{nla_len=20, nla_type=IFA_CACHEINFO}, {ifa_prefered=4294967295, ifa_valid=4294967295, cstamp=667676, tstamp=667676}}]}], iov_len=4096}], msg_iovlen=1, msg_controllen=0, msg_flags=0}, 0) = 164
2023-07-22T16:59:49.655804519Z 16:59:49.655638 recvmsg(8, {msg_name={sa_family=AF_NETLINK, nl_pid=0, nl_groups=00000000}, msg_namelen=12, msg_iov=[{iov_base={{len=20, type=NLMSG_DONE, flags=NLM_F_MULTI, seq=1690045189, pid=71}, 0}, iov_len=4096}], msg_iovlen=1, msg_controllen=0, msg_flags=0}, 0) = 20
2023-07-22T16:59:49.656240149Z 16:59:49.656146 socket(AF_UNIX, SOCK_STREAM|SOCK_CLOEXEC|SOCK_NONBLOCK, 0) = 8
2023-07-22T16:59:49.656374919Z 16:59:49.656209 connect(8, {sa_family=AF_UNIX, sun_path="/var/run/nscd/socket"}, 110) = -1 ENOENT (No such file or directory)
2023-07-22T16:59:49.656385729Z 16:59:49.656290 socket(AF_UNIX, SOCK_STREAM|SOCK_CLOEXEC|SOCK_NONBLOCK, 0) = 8
2023-07-22T16:59:49.656449929Z 16:59:49.656336 connect(8, {sa_family=AF_UNIX, sun_path="/var/run/nscd/socket"}, 110) = -1 ENOENT (No such file or directory)
2023-07-22T16:59:49.657646208Z 16:59:49.657442 socket(AF_INET, SOCK_DGRAM|SOCK_CLOEXEC|SOCK_NONBLOCK, IPPROTO_IP) = 8
2023-07-22T16:59:49.657739779Z 16:59:49.657634 connect(8, {sa_family=AF_INET, sin_port=htons(53), sin_addr=inet_addr("10.120.0.10")}, 16) = 0
2023-07-22T16:59:49.657953908Z 16:59:49.657728 sendto(8, "\n\245\1\0\0\1\0\0\0\0\0\0\rflux-sample-0\fflux-"..., 76, MSG_NOSIGNAL, NULL, 0) = 76
2023-07-22T16:59:49.658576018Z 16:59:49.658439 recvfrom(8, "\n\245\205\200\0\1\0\1\0\0\0\0\rflux-sample-0\fflux-"..., 1024, 0, {sa_family=AF_INET, sin_port=htons(53), sin_addr=inet_addr("10.120.0.10")}, [28->16]) = 150
2023-07-22T16:59:49.664299998Z broker.info[4]: start: none->join 1.69483ms
2023-07-22T16:59:55.788766946Z broker.info[4]: parent-ready: join->init 6.1224s
2023-07-22T16:59:55.788854656Z 16:59:55.787041 socketpair(AF_UNIX, SOCK_STREAM|SOCK_CLOEXEC, 0, [22, 23]) = 0
2023-07-22T16:59:55.788864446Z 16:59:55.787197 socketpair(AF_UNIX, SOCK_STREAM, 0, [24, 25]) = 0
2023-07-22T16:59:55.788874146Z 16:59:55.787377 socketpair(AF_UNIX, SOCK_STREAM, 0, [26, 27]) = 0
2023-07-22T16:59:55.788878776Z 16:59:55.787506 socketpair(AF_UNIX, SOCK_STREAM, 0, [28, 29]) = 0
2023-07-22T16:59:55.804742435Z broker.info[4]: configuration updated
2023-07-22T16:59:55.887564499Z broker.info[4]: rc1.0: running /etc/flux/rc1.d/01-sched-fluxion
2023-07-22T16:59:55.894628559Z broker.info[4]: rc1.0: running /etc/flux/rc1.d/02-cron
2023-07-22T16:59:55.909012278Z broker.info[4]: rc1.0: /etc/flux/rc1 Exited (rc=0) 0.1s
2023-07-22T16:59:55.909497868Z broker.info[4]: rc1-success: init->quorum 0.122339s
2023-07-22T16:59:56.131787182Z broker.info[4]: quorum-full: quorum->run 0.22199s
2023-07-22T16:59:56.648095858Z 16:59:56.647702 socketpair(AF_UNIX, SOCK_STREAM|SOCK_CLOEXEC, 0, [22, 23]) = 0
2023-07-22T16:59:56.648167638Z 16:59:56.647828 socketpair(AF_UNIX, SOCK_STREAM, 0, [24, 25]) = 0
2023-07-22T16:59:56.648407308Z 16:59:56.648187 socketpair(AF_UNIX, SOCK_STREAM, 0, [26, 28]) = 0
2023-07-22T16:59:56.648822328Z 16:59:56.648470 socketpair(AF_UNIX, SOCK_STREAM, 0, [58, 59]) = 0
2023-07-22T16:59:56.649009608Z 16:59:56.648842 socketpair(AF_UNIX, SOCK_STREAM, 0, [60, 61]) = 0
2023-07-22T17:00:09.868055295Z broker.info[4]: shutdown: run->cleanup 13.7354s
2023-07-22T17:00:09.869832685Z broker.info[4]: cleanup-none: cleanup->shutdown 1.07411ms
2023-07-22T17:00:09.871516735Z broker.info[4]: children-none: shutdown->finalize 1.14209ms
2023-07-22T17:00:09.872152655Z 17:00:09.871862 socketpair(AF_UNIX, SOCK_STREAM|SOCK_CLOEXEC, 0, [22, 23]) = 0
2023-07-22T17:00:09.872599535Z 17:00:09.872188 socketpair(AF_UNIX, SOCK_STREAM, 0, [24, 25]) = 0
2023-07-22T17:00:09.872993775Z 17:00:09.872812 socketpair(AF_UNIX, SOCK_STREAM, 0, [26, 28]) = 0
2023-07-22T17:00:09.873460915Z 17:00:09.873309 socketpair(AF_UNIX, SOCK_STREAM, 0, [58, 59]) = 0
2023-07-22T17:00:09.885993454Z broker.info[4]: rc3.0: running /etc/flux/rc3.d/01-sched-fluxion
2023-07-22T17:00:09.978105618Z broker.info[4]: rc3.0: /etc/flux/rc3 Exited (rc=0) 0.1s
2023-07-22T17:00:09.979544828Z broker.info[4]: rc3-success: finalize->goodbye 0.107508s
2023-07-22T17:00:09.981293038Z broker.info[4]: goodbye: goodbye->exit 1.16766ms
2023-07-22T17:00:09.989439007Z 17:00:09.989251 +++ exited with 0 +++
2023-07-22T17:00:09.990491877Z Return value for follower worker is 0
2023-07-22T17:00:09.990519637Z The follower worker exited cleanly. Goodbye!
