2023-07-22T17:25:58.217951219Z
2023-07-22T17:25:58.218008248Z Flux username: flux
2023-07-22T17:25:58.218013448Z
2023-07-22T17:25:58.218017299Z Flux install root: /usr
2023-07-22T17:25:58.252220148Z flux user is already added.
2023-07-22T17:25:58.254069807Z flux user identifiers:
2023-07-22T17:25:58.254094738Z uid=1234(flux) gid=1234(flux) groups=1234(flux)
2023-07-22T17:25:58.254099318Z
2023-07-22T17:25:58.254166438Z As Flux prefix for flux commands: sudo -u flux -E PYTHONPATH=/opt/conda/lib/python3.10/site-packages -E PATH=/opt/conda/bin:/usr/local/sbin:/usr/local/bin:/usr/sbin:/usr/bin:/sbin:/bin -E LD_LIBRARY_PATH=/opt/conda/lib -E HOME=/home/flux
2023-07-22T17:25:58.258890957Z
2023-07-22T17:25:58.258912788Z 👋 Hello, I'm flux-sample-6
2023-07-22T17:25:58.258917677Z The main host is flux-sample-0
2023-07-22T17:25:58.258922188Z The working directory is /home/flux/examples/reaxff/HNS, contents include:
2023-07-22T17:25:58.259964768Z /home/flux/examples/reaxff/HNS:
2023-07-22T17:25:58.259978128Z README.txt	ffield.reax.hns  log.8Mar18.reaxc.hns.g++.1
2023-07-22T17:25:58.259982408Z data.hns-equil	in.reaxc.hns	 log.8Mar18.reaxc.hns.g++.4
2023-07-22T17:25:58.260198628Z End of file listing, if you see nothing above there are no files.
2023-07-22T17:25:58.261182168Z flux R encode --hosts=flux-sample-[0-7]
2023-07-22T17:25:58.271058117Z
2023-07-22T17:25:58.271086047Z 📦 Resources
2023-07-22T17:25:58.272092637Z {"version": 1, "execution": {"R_lite": [{"rank": "0-7", "children": {"core": "0"}}], "starttime": 0.0, "expiration": 0.0, "nodelist": ["flux-sample-[0-7]"]}}
2023-07-22T17:25:58.272312677Z
2023-07-22T17:25:58.272326337Z 🐸 Diagnostics: false
2023-07-22T17:25:58.272521817Z 🚩️ Flux Option Flags defined
2023-07-22T17:25:58.274800827Z
2023-07-22T17:25:58.274818677Z 🦊 Independent Minister of Privilege
2023-07-22T17:25:58.275497217Z [exec]
2023-07-22T17:25:58.275505807Z allowed-users = [ "flux", "root" ]
2023-07-22T17:25:58.275508837Z allowed-shells = [ "/usr/libexec/flux/flux-shell" ]
2023-07-22T17:25:58.275769777Z
2023-07-22T17:25:58.275781657Z 🐸 Broker Configuration
2023-07-22T17:25:58.276555347Z # Flux needs to know the path to the IMP executable
2023-07-22T17:25:58.276564957Z [exec]
2023-07-22T17:25:58.276567637Z imp = "/usr/libexec/flux/flux-imp"
2023-07-22T17:25:58.276569537Z
2023-07-22T17:25:58.276571517Z [access]
2023-07-22T17:25:58.276574057Z allow-guest-user = true
2023-07-22T17:25:58.276575887Z allow-root-owner = true
2023-07-22T17:25:58.276577687Z
2023-07-22T17:25:58.276579627Z # Point to resource definition generated with flux-R(1).
2023-07-22T17:25:58.276581507Z [resource]
2023-07-22T17:25:58.276583967Z path = "/etc/flux/system/R"
2023-07-22T17:25:58.276585747Z
2023-07-22T17:25:58.276587627Z [bootstrap]
2023-07-22T17:25:58.276589467Z curve_cert = "/etc/curve/curve.cert"
2023-07-22T17:25:58.276591327Z default_port = 8050
2023-07-22T17:25:58.276593197Z default_bind = "tcp://eth0:%p"
2023-07-22T17:25:58.276595787Z default_connect = "tcp://%h.flux-service.flux-operator.svc.cluster.local:%p"
2023-07-22T17:25:58.276597617Z hosts = [
2023-07-22T17:25:58.276599457Z 	{ host="flux-sample-[0-7]"},
2023-07-22T17:25:58.276601807Z ]
2023-07-22T17:25:58.276603667Z [archive]
2023-07-22T17:25:58.276605597Z dbpath = "/var/lib/flux/job-archive.sqlite"
2023-07-22T17:25:58.276607417Z period = "1m"
2023-07-22T17:25:58.335599336Z busytimeout = "50s"
2023-07-22T17:25:58.335640276Z 🧊️ State Directory:
2023-07-22T17:25:58.335645785Z total 0
2023-07-22T17:25:58.335649136Z
2023-07-22T17:25:58.337078476Z
2023-07-22T17:25:58.337193416Z 🔒️ Working directory permissions:
2023-07-22T17:25:58.337322415Z total 96
2023-07-22T17:25:58.337332815Z -rwxrwxrwx 1 flux root  2517 May 17 22:32 README.txt
2023-07-22T17:25:58.337336715Z -rwxrwxrwx 1 flux root 54692 May 17 22:32 data.hns-equil
2023-07-22T17:25:58.337339795Z -rwxrwxrwx 1 flux root 13576 May 17 22:32 ffield.reax.hns
2023-07-22T17:25:58.337456326Z -rwxrwxrwx 1 flux root   870 May 17 22:32 in.reaxc.hns
2023-07-22T17:25:58.337465966Z -rwxrwxrwx 1 flux root  4172 May 17 22:32 log.8Mar18.reaxc.hns.g++.1
2023-07-22T17:25:58.337469135Z -rwxrwxrwx 1 flux root  4168 May 17 22:32 log.8Mar18.reaxc.hns.g++.4
2023-07-22T17:25:58.337472555Z
2023-07-22T17:25:58.337658406Z
2023-07-22T17:25:58.337669946Z ✨ Curve certificate generated by helper pod
2023-07-22T17:25:58.338555635Z #   ****  Generated on 2023-04-26 22:54:42 by CZMQ  ****
2023-07-22T17:25:58.338566806Z #   ZeroMQ CURVE **Secret** Certificate
2023-07-22T17:25:58.338571915Z #   DO NOT PROVIDE THIS FILE TO OTHER USERS nor change its permissions.
2023-07-22T17:25:58.338575535Z
2023-07-22T17:25:58.338579166Z metadata
2023-07-22T17:25:58.338584055Z     name = "flux-cert-generator"
2023-07-22T17:25:58.338588575Z     keygen.hostname = "flux-sample-0"
2023-07-22T17:25:58.338591675Z curve
2023-07-22T17:25:58.338594675Z     public-key = "ZLLoJAVpi8DVzQ</K(x*REc6SR2L-*?r=l6h/>di"
2023-07-22T17:25:58.338597546Z     secret-key = "XW{ZMSjI1VLCCJzuw]l$5@GvztJ0&<o{Zu13#dYB"
2023-07-22T17:25:58.340891875Z
2023-07-22T17:25:58.340928665Z 🌀  flux start --wrap=strace,-e,network,-tt -o --config /etc/flux/config -Scron.directory=/etc/flux/system/cron.d   -Stbon.fanout=256   -Srundir=/run/flux    -Sstatedir=/var/lib/flux   -Slocal-uri=local:///run/flux/local   -Stbon.zmqdebug=1  -Slog-stderr-level=6    -Slog-stderr-mode=local
2023-07-22T17:25:58.369228645Z 17:25:58.368991 socket(AF_NETLINK, SOCK_RAW, NETLINK_ROUTE) = 8
2023-07-22T17:25:58.369431075Z 17:25:58.369075 bind(8, {sa_family=AF_NETLINK, nl_pid=0, nl_groups=00000000}, 12) = 0
2023-07-22T17:25:58.369445955Z 17:25:58.369124 getsockname(8, {sa_family=AF_NETLINK, nl_pid=70, nl_groups=00000000}, [12]) = 0
2023-07-22T17:25:58.369451715Z 17:25:58.369158 sendto(8, {{len=20, type=RTM_GETADDR, flags=NLM_F_REQUEST|NLM_F_DUMP, seq=1690046758, pid=0}, {ifa_family=AF_UNSPEC, ...}}, 20, 0, {sa_family=AF_NETLINK, nl_pid=0, nl_groups=00000000}, 12) = 20
2023-07-22T17:25:58.369704125Z 17:25:58.369338 recvmsg(8, {msg_name={sa_family=AF_NETLINK, nl_pid=0, nl_groups=00000000}, msg_namelen=12, msg_iov=[{iov_base=[{{len=76, type=RTM_NEWADDR, flags=NLM_F_MULTI, seq=1690046758, pid=70}, {ifa_family=AF_INET, ifa_prefixlen=8, ifa_flags=IFA_F_PERMANENT, ifa_scope=RT_SCOPE_HOST, ifa_index=if_nametoindex("lo")}, [{{nla_len=8, nla_type=IFA_ADDRESS}, 127.0.0.1}, {{nla_len=8, nla_type=IFA_LOCAL}, 127.0.0.1}, {{nla_len=7, nla_type=IFA_LABEL}, "lo"}, {{nla_len=8, nla_type=IFA_FLAGS}, IFA_F_PERMANENT}, {{nla_len=20, nla_type=IFA_CACHEINFO}, {ifa_prefered=4294967295, ifa_valid=4294967295, cstamp=824800, tstamp=824800}}]}, {{len=88, type=RTM_NEWADDR, flags=NLM_F_MULTI, seq=1690046758, pid=70}, {ifa_family=AF_INET, ifa_prefixlen=24, ifa_flags=IFA_F_PERMANENT, ifa_scope=RT_SCOPE_UNIVERSE, ifa_index=if_nametoindex("eth0")}, [{{nla_len=8, nla_type=IFA_ADDRESS}, 10.116.2.104}, {{nla_len=8, nla_type=IFA_LOCAL}, 10.116.2.104}, {{nla_len=8, nla_type=IFA_BROADCAST}, 10.116.2.255}, {{nla_len=9, nla_type=IFA_LABEL}, "eth0"}, {{nla_len=8, nla_type=IFA_FLAGS}, IFA_F_PERMANENT}, {{nla_len=20, nla_type=IFA_CACHEINFO}, {ifa_prefered=4294967295, ifa_valid=4294967295, cstamp=824802, tstamp=824802}}]}], iov_len=4096}], msg_iovlen=1, msg_controllen=0, msg_flags=0}, 0) = 164
2023-07-22T17:25:58.369804705Z 17:25:58.369633 recvmsg(8, {msg_name={sa_family=AF_NETLINK, nl_pid=0, nl_groups=00000000}, msg_namelen=12, msg_iov=[{iov_base={{len=20, type=NLMSG_DONE, flags=NLM_F_MULTI, seq=1690046758, pid=70}, 0}, iov_len=4096}], msg_iovlen=1, msg_controllen=0, msg_flags=0}, 0) = 20
2023-07-22T17:25:58.370413265Z 17:25:58.370215 socket(AF_UNIX, SOCK_STREAM|SOCK_CLOEXEC|SOCK_NONBLOCK, 0) = 8
2023-07-22T17:25:58.370509865Z 17:25:58.370350 connect(8, {sa_family=AF_UNIX, sun_path="/var/run/nscd/socket"}, 110) = -1 ENOENT (No such file or directory)
2023-07-22T17:25:58.370562735Z 17:25:58.370426 socket(AF_UNIX, SOCK_STREAM|SOCK_CLOEXEC|SOCK_NONBLOCK, 0) = 8
2023-07-22T17:25:58.370585945Z 17:25:58.370462 connect(8, {sa_family=AF_UNIX, sun_path="/var/run/nscd/socket"}, 110) = -1 ENOENT (No such file or directory)
2023-07-22T17:25:58.371379054Z 17:25:58.371233 socket(AF_INET, SOCK_DGRAM|SOCK_CLOEXEC|SOCK_NONBLOCK, IPPROTO_IP) = 8
2023-07-22T17:25:58.371458475Z 17:25:58.371320 connect(8, {sa_family=AF_INET, sin_port=htons(53), sin_addr=inet_addr("10.120.0.10")}, 16) = 0
2023-07-22T17:25:58.371660925Z 17:25:58.371439 sendto(8, "\247\21\1\0\0\1\0\0\0\0\0\0\rflux-sample-0\fflux-"..., 76, MSG_NOSIGNAL, NULL, 0) = 76
2023-07-22T17:25:58.371977195Z 17:25:58.371863 recvfrom(8, "\247\21\205\200\0\1\0\1\0\0\0\0\rflux-sample-0\fflux-"..., 1024, 0, {sa_family=AF_INET, sin_port=htons(53), sin_addr=inet_addr("10.120.0.10")}, [28->16]) = 150
2023-07-22T17:25:58.374984175Z broker.info[6]: start: none->join 1.09031ms
2023-07-22T17:26:28.558676689Z broker.info[6]: parent-ready: join->init 30.1834s
2023-07-22T17:26:28.559364990Z 17:26:28.559142 socketpair(AF_UNIX, SOCK_STREAM|SOCK_CLOEXEC, 0, [22, 23]) = 0
2023-07-22T17:26:28.559588880Z 17:26:28.559351 socketpair(AF_UNIX, SOCK_STREAM, 0, [24, 25]) = 0
2023-07-22T17:26:28.559895340Z 17:26:28.559701 socketpair(AF_UNIX, SOCK_STREAM, 0, [26, 27]) = 0
2023-07-22T17:26:28.560142310Z 17:26:28.559928 socketpair(AF_UNIX, SOCK_STREAM, 0, [28, 29]) = 0
2023-07-22T17:26:28.578455369Z broker.info[6]: configuration updated
2023-07-22T17:26:28.670064097Z broker.info[6]: rc1.0: running /etc/flux/rc1.d/01-sched-fluxion
2023-07-22T17:26:28.678254017Z broker.info[6]: rc1.0: running /etc/flux/rc1.d/02-cron
2023-07-22T17:26:28.698846946Z broker.info[6]: rc1.0: /etc/flux/rc1 Exited (rc=0) 0.1s
2023-07-22T17:26:28.701153766Z broker.info[6]: rc1-success: init->quorum 0.141765s
2023-07-22T17:26:30.380376586Z broker.info[6]: quorum-full: quorum->run 1.67844s
2023-07-22T17:26:31.017891289Z 17:26:31.016659 socketpair(AF_UNIX, SOCK_STREAM|SOCK_CLOEXEC, 0, [22, 23]) = 0
2023-07-22T17:26:31.017933609Z 17:26:31.016769 socketpair(AF_UNIX, SOCK_STREAM, 0, [24, 25]) = 0
2023-07-22T17:26:31.017939619Z 17:26:31.016858 socketpair(AF_UNIX, SOCK_STREAM, 0, [26, 28]) = 0
2023-07-22T17:26:31.017943499Z 17:26:31.016955 socketpair(AF_UNIX, SOCK_STREAM, 0, [58, 59]) = 0
2023-07-22T17:26:31.017947109Z 17:26:31.017043 socketpair(AF_UNIX, SOCK_STREAM, 0, [60, 61]) = 0
2023-07-22T17:26:44.822714230Z broker.info[6]: shutdown: run->cleanup 14.4422s
2023-07-22T17:26:44.825004569Z broker.info[6]: cleanup-none: cleanup->shutdown 1.25347ms
2023-07-22T17:26:44.827432589Z broker.info[6]: children-none: shutdown->finalize 1.74258ms
2023-07-22T17:26:44.828474619Z 17:26:44.828100 socketpair(AF_UNIX, SOCK_STREAM|SOCK_CLOEXEC, 0, [22, 23]) = 0
2023-07-22T17:26:44.828497719Z 17:26:44.828361 socketpair(AF_UNIX, SOCK_STREAM, 0, [24, 25]) = 0
2023-07-22T17:26:44.828581949Z 17:26:44.828479 socketpair(AF_UNIX, SOCK_STREAM, 0, [26, 28]) = 0
2023-07-22T17:26:44.828968299Z 17:26:44.828623 socketpair(AF_UNIX, SOCK_STREAM, 0, [58, 59]) = 0
2023-07-22T17:26:44.846820118Z broker.info[6]: rc3.0: running /etc/flux/rc3.d/01-sched-fluxion
2023-07-22T17:26:44.945485296Z broker.info[6]: rc3.0: /etc/flux/rc3 Exited (rc=0) 0.1s
2023-07-22T17:26:44.945915206Z broker.info[6]: rc3-success: finalize->goodbye 0.117681s
2023-07-22T17:26:44.946352236Z broker.info[6]: goodbye: goodbye->exit 0.36129ms
2023-07-22T17:26:44.953015986Z 17:26:44.952806 +++ exited with 0 +++
2023-07-22T17:26:44.954377846Z Return value for follower worker is 0
2023-07-22T17:26:44.954422146Z The follower worker exited cleanly. Goodbye!
