2023-07-22T17:01:23.624401030Z
2023-07-22T17:01:23.624451240Z Flux username: flux
2023-07-22T17:01:23.624456310Z
2023-07-22T17:01:23.624460470Z Flux install root: /usr
2023-07-22T17:01:23.659323579Z flux user is already added.
2023-07-22T17:01:23.661120149Z flux user identifiers:
2023-07-22T17:01:23.661139759Z uid=1234(flux) gid=1234(flux) groups=1234(flux)
2023-07-22T17:01:23.661144259Z
2023-07-22T17:01:23.661148869Z As Flux prefix for flux commands: sudo -u flux -E PYTHONPATH=/opt/conda/lib/python3.10/site-packages -E PATH=/opt/conda/bin:/usr/local/sbin:/usr/local/bin:/usr/sbin:/usr/bin:/sbin:/bin -E LD_LIBRARY_PATH=/opt/conda/lib -E HOME=/home/flux
2023-07-22T17:01:23.665366159Z
2023-07-22T17:01:23.665381228Z 👋 Hello, I'm flux-sample-4
2023-07-22T17:01:23.665546829Z The main host is flux-sample-0
2023-07-22T17:01:23.665679578Z The working directory is /home/flux/examples/reaxff/HNS, contents include:
2023-07-22T17:01:23.666888498Z /home/flux/examples/reaxff/HNS:
2023-07-22T17:01:23.666956749Z README.txt	ffield.reax.hns  log.8Mar18.reaxc.hns.g++.1
2023-07-22T17:01:23.666964978Z data.hns-equil	in.reaxc.hns	 log.8Mar18.reaxc.hns.g++.4
2023-07-22T17:01:23.667117509Z End of file listing, if you see nothing above there are no files.
2023-07-22T17:01:23.668433668Z flux R encode --hosts=flux-sample-[0-7]
2023-07-22T17:01:23.679697538Z
2023-07-22T17:01:23.679728858Z 📦 Resources
2023-07-22T17:01:23.680666528Z {"version": 1, "execution": {"R_lite": [{"rank": "0-7", "children": {"core": "0"}}], "starttime": 0.0, "expiration": 0.0, "nodelist": ["flux-sample-[0-7]"]}}
2023-07-22T17:01:23.680873758Z
2023-07-22T17:01:23.680886668Z 🐸 Diagnostics: false
2023-07-22T17:01:23.681047058Z 🚩️ Flux Option Flags defined
2023-07-22T17:01:23.683332748Z
2023-07-22T17:01:23.683347968Z 🦊 Independent Minister of Privilege
2023-07-22T17:01:23.684071378Z [exec]
2023-07-22T17:01:23.684082518Z allowed-users = [ "flux", "root" ]
2023-07-22T17:01:23.684088038Z allowed-shells = [ "/usr/libexec/flux/flux-shell" ]
2023-07-22T17:01:23.684319858Z
2023-07-22T17:01:23.684332498Z 🐸 Broker Configuration
2023-07-22T17:01:23.685208538Z # Flux needs to know the path to the IMP executable
2023-07-22T17:01:23.685218848Z [exec]
2023-07-22T17:01:23.685223488Z imp = "/usr/libexec/flux/flux-imp"
2023-07-22T17:01:23.685227228Z
2023-07-22T17:01:23.685230738Z [access]
2023-07-22T17:01:23.685234938Z allow-guest-user = true
2023-07-22T17:01:23.685238698Z allow-root-owner = true
2023-07-22T17:01:23.685250448Z
2023-07-22T17:01:23.685254588Z # Point to resource definition generated with flux-R(1).
2023-07-22T17:01:23.685258508Z [resource]
2023-07-22T17:01:23.685263178Z path = "/etc/flux/system/R"
2023-07-22T17:01:23.685286498Z
2023-07-22T17:01:23.685292118Z [bootstrap]
2023-07-22T17:01:23.685296338Z curve_cert = "/etc/curve/curve.cert"
2023-07-22T17:01:23.685300488Z default_port = 8050
2023-07-22T17:01:23.685309218Z default_bind = "tcp://eth0:%p"
2023-07-22T17:01:23.685313288Z default_connect = "tcp://%h.flux-service.flux-operator.svc.cluster.local:%p"
2023-07-22T17:01:23.685316588Z hosts = [
2023-07-22T17:01:23.685319638Z 	{ host="flux-sample-[0-7]"},
2023-07-22T17:01:23.685323258Z ]
2023-07-22T17:01:23.685327028Z [archive]
2023-07-22T17:01:23.685330778Z dbpath = "/var/lib/flux/job-archive.sqlite"
2023-07-22T17:01:23.685334168Z period = "1m"
2023-07-22T17:01:23.745660176Z busytimeout = "50s"
2023-07-22T17:01:23.745693076Z 🧊️ State Directory:
2023-07-22T17:01:23.745699266Z total 0
2023-07-22T17:01:23.745703876Z
2023-07-22T17:01:23.747515306Z
2023-07-22T17:01:23.747556206Z 🔒️ Working directory permissions:
2023-07-22T17:01:23.747650906Z total 96
2023-07-22T17:01:23.747729716Z -rwxrwxrwx 1 flux root  2517 May 17 22:32 README.txt
2023-07-22T17:01:23.747834786Z -rwxrwxrwx 1 flux root 54692 May 17 22:32 data.hns-equil
2023-07-22T17:01:23.747925576Z -rwxrwxrwx 1 flux root 13576 May 17 22:32 ffield.reax.hns
2023-07-22T17:01:23.748024596Z -rwxrwxrwx 1 flux root   870 May 17 22:32 in.reaxc.hns
2023-07-22T17:01:23.748149596Z -rwxrwxrwx 1 flux root  4172 May 17 22:32 log.8Mar18.reaxc.hns.g++.1
2023-07-22T17:01:23.748255926Z -rwxrwxrwx 1 flux root  4168 May 17 22:32 log.8Mar18.reaxc.hns.g++.4
2023-07-22T17:01:23.748363346Z
2023-07-22T17:01:23.748502996Z
2023-07-22T17:01:23.748573216Z ✨ Curve certificate generated by helper pod
2023-07-22T17:01:23.749382966Z #   ****  Generated on 2023-04-26 22:54:42 by CZMQ  ****
2023-07-22T17:01:23.749397366Z #   ZeroMQ CURVE **Secret** Certificate
2023-07-22T17:01:23.749403806Z #   DO NOT PROVIDE THIS FILE TO OTHER USERS nor change its permissions.
2023-07-22T17:01:23.749408396Z
2023-07-22T17:01:23.749412986Z metadata
2023-07-22T17:01:23.749418166Z     name = "flux-cert-generator"
2023-07-22T17:01:23.749421896Z     keygen.hostname = "flux-sample-0"
2023-07-22T17:01:23.749425436Z curve
2023-07-22T17:01:23.749428876Z     public-key = "@<n$HK+.*)a#/>^M)Ii)0u5gFY.<BGvuo5B4nT2c"
2023-07-22T17:01:23.749432406Z     secret-key = "Rp1Li}BE96fIjgztN7[b<p*6gJmcjm=>[B[hE^^!"
2023-07-22T17:01:25.751938024Z
2023-07-22T17:01:25.752057594Z 🌀  flux start --wrap=strace,-e,network,-tt -o --config /etc/flux/config -Scron.directory=/etc/flux/system/cron.d   -Stbon.fanout=256   -Srundir=/run/flux    -Sstatedir=/var/lib/flux   -Slocal-uri=local:///run/flux/local -Stbon.connect_timeout=8s  -Stbon.zmqdebug=1  -Slog-stderr-level=6    -Slog-stderr-mode=local
2023-07-22T17:01:25.780116222Z 17:01:25.779890 socket(AF_NETLINK, SOCK_RAW, NETLINK_ROUTE) = 8
2023-07-22T17:01:25.780355772Z 17:01:25.779985 bind(8, {sa_family=AF_NETLINK, nl_pid=0, nl_groups=00000000}, 12) = 0
2023-07-22T17:01:25.780753622Z 17:01:25.780321 getsockname(8, {sa_family=AF_NETLINK, nl_pid=72, nl_groups=00000000}, [12]) = 0
2023-07-22T17:01:25.781136202Z 17:01:25.780761 sendto(8, {{len=20, type=RTM_GETADDR, flags=NLM_F_REQUEST|NLM_F_DUMP, seq=1690045285, pid=0}, {ifa_family=AF_UNSPEC, ...}}, 20, 0, {sa_family=AF_NETLINK, nl_pid=0, nl_groups=00000000}, 12) = 20
2023-07-22T17:01:25.781562272Z 17:01:25.781164 recvmsg(8, {msg_name={sa_family=AF_NETLINK, nl_pid=0, nl_groups=00000000}, msg_namelen=12, msg_iov=[{iov_base=[{{len=76, type=RTM_NEWADDR, flags=NLM_F_MULTI, seq=1690045285, pid=72}, {ifa_family=AF_INET, ifa_prefixlen=8, ifa_flags=IFA_F_PERMANENT, ifa_scope=RT_SCOPE_HOST, ifa_index=if_nametoindex("lo")}, [{{nla_len=8, nla_type=IFA_ADDRESS}, 127.0.0.1}, {{nla_len=8, nla_type=IFA_LOCAL}, 127.0.0.1}, {{nla_len=7, nla_type=IFA_LABEL}, "lo"}, {{nla_len=8, nla_type=IFA_FLAGS}, IFA_F_PERMANENT}, {{nla_len=20, nla_type=IFA_CACHEINFO}, {ifa_prefered=4294967295, ifa_valid=4294967295, cstamp=677342, tstamp=677342}}]}, {{len=88, type=RTM_NEWADDR, flags=NLM_F_MULTI, seq=1690045285, pid=72}, {ifa_family=AF_INET, ifa_prefixlen=24, ifa_flags=IFA_F_PERMANENT, ifa_scope=RT_SCOPE_UNIVERSE, ifa_index=if_nametoindex("eth0")}, [{{nla_len=8, nla_type=IFA_ADDRESS}, 10.116.2.60}, {{nla_len=8, nla_type=IFA_LOCAL}, 10.116.2.60}, {{nla_len=8, nla_type=IFA_BROADCAST}, 10.116.2.255}, {{nla_len=9, nla_type=IFA_LABEL}, "eth0"}, {{nla_len=8, nla_type=IFA_FLAGS}, IFA_F_PERMANENT}, {{nla_len=20, nla_type=IFA_CACHEINFO}, {ifa_prefered=4294967295, ifa_valid=4294967295, cstamp=677344, tstamp=677344}}]}], iov_len=4096}], msg_iovlen=1, msg_controllen=0, msg_flags=0}, 0) = 164
2023-07-22T17:01:25.782010272Z 17:01:25.781815 recvmsg(8, {msg_name={sa_family=AF_NETLINK, nl_pid=0, nl_groups=00000000}, msg_namelen=12, msg_iov=[{iov_base={{len=20, type=NLMSG_DONE, flags=NLM_F_MULTI, seq=1690045285, pid=72}, 0}, iov_len=4096}], msg_iovlen=1, msg_controllen=0, msg_flags=0}, 0) = 20
2023-07-22T17:01:25.782790172Z 17:01:25.782691 socket(AF_UNIX, SOCK_STREAM|SOCK_CLOEXEC|SOCK_NONBLOCK, 0) = 8
2023-07-22T17:01:25.782873332Z 17:01:25.782765 connect(8, {sa_family=AF_UNIX, sun_path="/var/run/nscd/socket"}, 110) = -1 ENOENT (No such file or directory)
2023-07-22T17:01:25.782940722Z 17:01:25.782854 socket(AF_UNIX, SOCK_STREAM|SOCK_CLOEXEC|SOCK_NONBLOCK, 0) = 8
2023-07-22T17:01:25.782989012Z 17:01:25.782919 connect(8, {sa_family=AF_UNIX, sun_path="/var/run/nscd/socket"}, 110) = -1 ENOENT (No such file or directory)
2023-07-22T17:01:25.785171392Z 17:01:25.785033 socket(AF_INET, SOCK_DGRAM|SOCK_CLOEXEC|SOCK_NONBLOCK, IPPROTO_IP) = 8
2023-07-22T17:01:25.785249382Z 17:01:25.785120 connect(8, {sa_family=AF_INET, sin_port=htons(53), sin_addr=inet_addr("10.120.0.10")}, 16) = 0
2023-07-22T17:01:25.785777612Z 17:01:25.785565 sendto(8, "\255\316\1\0\0\1\0\0\0\0\0\0\rflux-sample-0\fflux-"..., 76, MSG_NOSIGNAL, NULL, 0) = 76
2023-07-22T17:01:25.789599542Z 17:01:25.789238 recvfrom(8, "\255\316\205\200\0\1\0\1\0\0\0\0\rflux-sample-0\fflux-"..., 1024, 0, {sa_family=AF_INET, sin_port=htons(53), sin_addr=inet_addr("10.120.0.10")}, [28->16]) = 150
2023-07-22T17:01:25.793496001Z broker.info[4]: start: none->join 1.27856ms
2023-07-22T17:01:25.803529501Z broker.info[4]: parent-ready: join->init 10.0446ms
2023-07-22T17:01:25.804318131Z 17:01:25.804042 socketpair(AF_UNIX, SOCK_STREAM|SOCK_CLOEXEC, 0, [22, 23]) = 0
2023-07-22T17:01:25.804338441Z 17:01:25.804169 socketpair(AF_UNIX, SOCK_STREAM, 0, [24, 25]) = 0
2023-07-22T17:01:25.804476981Z 17:01:25.804329 socketpair(AF_UNIX, SOCK_STREAM, 0, [26, 27]) = 0
2023-07-22T17:01:25.804566051Z 17:01:25.804445 socketpair(AF_UNIX, SOCK_STREAM, 0, [28, 29]) = 0
2023-07-22T17:01:25.820858501Z broker.info[4]: configuration updated
2023-07-22T17:01:25.884809968Z broker.info[4]: rc1.0: running /etc/flux/rc1.d/01-sched-fluxion
2023-07-22T17:01:25.891761358Z broker.info[4]: rc1.0: running /etc/flux/rc1.d/02-cron
2023-07-22T17:01:25.906995068Z broker.info[4]: rc1.0: /etc/flux/rc1 Exited (rc=0) 0.1s
2023-07-22T17:01:25.907540418Z broker.info[4]: rc1-success: init->quorum 0.10337s
2023-07-22T17:01:36.084698319Z broker.info[4]: quorum-full: quorum->run 10.1769s
2023-07-22T17:01:36.580968713Z 17:01:36.580555 socketpair(AF_UNIX, SOCK_STREAM|SOCK_CLOEXEC, 0, [22, 23]) = 0
2023-07-22T17:01:36.581172503Z 17:01:36.580690 socketpair(AF_UNIX, SOCK_STREAM, 0, [24, 25]) = 0
2023-07-22T17:01:36.581195443Z 17:01:36.580838 socketpair(AF_UNIX, SOCK_STREAM, 0, [26, 28]) = 0
2023-07-22T17:01:36.581205673Z 17:01:36.581025 socketpair(AF_UNIX, SOCK_STREAM, 0, [58, 59]) = 0
2023-07-22T17:01:36.581356853Z 17:01:36.581203 socketpair(AF_UNIX, SOCK_STREAM, 0, [60, 61]) = 0
2023-07-22T17:01:49.783661840Z broker.info[4]: shutdown: run->cleanup 13.6969s
2023-07-22T17:01:49.783723660Z broker.info[4]: cleanup-none: cleanup->shutdown 0.43797ms
2023-07-22T17:01:49.783737809Z broker.info[4]: children-none: shutdown->finalize 0.33054ms
2023-07-22T17:01:49.783742260Z 17:01:49.783108 socketpair(AF_UNIX, SOCK_STREAM|SOCK_CLOEXEC, 0, [22, 23]) = 0
2023-07-22T17:01:49.783746240Z 17:01:49.783249 socketpair(AF_UNIX, SOCK_STREAM, 0, [24, 25]) = 0
2023-07-22T17:01:49.783750509Z 17:01:49.783379 socketpair(AF_UNIX, SOCK_STREAM, 0, [26, 28]) = 0
2023-07-22T17:01:49.787437349Z 17:01:49.784329 socketpair(AF_UNIX, SOCK_STREAM, 0, [58, 59]) = 0
2023-07-22T17:01:49.800588329Z broker.info[4]: rc3.0: running /etc/flux/rc3.d/01-sched-fluxion
2023-07-22T17:01:49.909713895Z broker.info[4]: rc3.0: /etc/flux/rc3 Exited (rc=0) 0.1s
2023-07-22T17:01:49.910986205Z broker.info[4]: rc3-success: finalize->goodbye 0.127723s
2023-07-22T17:01:49.912865695Z broker.info[4]: goodbye: goodbye->exit 1.08158ms
2023-07-22T17:01:49.921609325Z 17:01:49.921403 +++ exited with 0 +++
2023-07-22T17:01:49.922766605Z Return value for follower worker is 0
2023-07-22T17:01:49.922796585Z The follower worker exited cleanly. Goodbye!
