2023-07-22T17:19:53.950961409Z
2023-07-22T17:19:53.951442769Z Flux username: flux
2023-07-22T17:19:53.951449659Z
2023-07-22T17:19:53.951454439Z Flux install root: /usr
2023-07-22T17:19:53.983258335Z flux user is already added.
2023-07-22T17:19:53.984801015Z flux user identifiers:
2023-07-22T17:19:53.984872825Z uid=1234(flux) gid=1234(flux) groups=1234(flux)
2023-07-22T17:19:53.984954235Z
2023-07-22T17:19:53.984964885Z As Flux prefix for flux commands: sudo -u flux -E PYTHONPATH=/opt/conda/lib/python3.10/site-packages -E PATH=/opt/conda/bin:/usr/local/sbin:/usr/local/bin:/usr/sbin:/usr/bin:/sbin:/bin -E LD_LIBRARY_PATH=/opt/conda/lib -E HOME=/home/flux
2023-07-22T17:19:53.989154705Z
2023-07-22T17:19:53.989167985Z ðŸ‘‹ Hello, I'm flux-sample-1
2023-07-22T17:19:53.989173155Z The main host is flux-sample-0
2023-07-22T17:19:53.989241395Z The working directory is /home/flux/examples/reaxff/HNS, contents include:
2023-07-22T17:19:53.990092315Z /home/flux/examples/reaxff/HNS:
2023-07-22T17:19:53.990105495Z README.txt	ffield.reax.hns  log.8Mar18.reaxc.hns.g++.1
2023-07-22T17:19:53.990137325Z data.hns-equil	in.reaxc.hns	 log.8Mar18.reaxc.hns.g++.4
2023-07-22T17:19:53.990370615Z End of file listing, if you see nothing above there are no files.
2023-07-22T17:19:53.991618204Z flux R encode --hosts=flux-sample-[0-7]
2023-07-22T17:19:54.003202413Z
2023-07-22T17:19:54.003291043Z ðŸ“¦ Resources
2023-07-22T17:19:54.004268333Z {"version": 1, "execution": {"R_lite": [{"rank": "0-7", "children": {"core": "0"}}], "starttime": 0.0, "expiration": 0.0, "nodelist": ["flux-sample-[0-7]"]}}
2023-07-22T17:19:54.004443403Z
2023-07-22T17:19:54.004454123Z ðŸ¸ Diagnostics: false
2023-07-22T17:19:54.004688163Z ðŸš©ï¸ Flux Option Flags defined
2023-07-22T17:19:54.006834733Z
2023-07-22T17:19:54.006945143Z ðŸ¦Š Independent Minister of Privilege
2023-07-22T17:19:54.007687813Z [exec]
2023-07-22T17:19:54.007698143Z allowed-users = [ "flux", "root" ]
2023-07-22T17:19:54.007704273Z allowed-shells = [ "/usr/libexec/flux/flux-shell" ]
2023-07-22T17:19:54.007873713Z
2023-07-22T17:19:54.007884073Z ðŸ¸ Broker Configuration
2023-07-22T17:19:54.008650983Z # Flux needs to know the path to the IMP executable
2023-07-22T17:19:54.008669403Z [exec]
2023-07-22T17:19:54.008674903Z imp = "/usr/libexec/flux/flux-imp"
2023-07-22T17:19:54.008677993Z
2023-07-22T17:19:54.008681153Z [access]
2023-07-22T17:19:54.008685103Z allow-guest-user = true
2023-07-22T17:19:54.008688193Z allow-root-owner = true
2023-07-22T17:19:54.008690973Z
2023-07-22T17:19:54.008694373Z # Point to resource definition generated with flux-R(1).
2023-07-22T17:19:54.008697683Z [resource]
2023-07-22T17:19:54.008700983Z path = "/etc/flux/system/R"
2023-07-22T17:19:54.008703783Z
2023-07-22T17:19:54.008706753Z [bootstrap]
2023-07-22T17:19:54.008709703Z curve_cert = "/etc/curve/curve.cert"
2023-07-22T17:19:54.008712663Z default_port = 8050
2023-07-22T17:19:54.008715513Z default_bind = "tcp://eth0:%p"
2023-07-22T17:19:54.008718903Z default_connect = "tcp://%h.flux-service.flux-operator.svc.cluster.local:%p"
2023-07-22T17:19:54.008721963Z hosts = [
2023-07-22T17:19:54.008725423Z 	{ host="flux-sample-[0-7]"},
2023-07-22T17:19:54.008729273Z ]
2023-07-22T17:19:54.008732893Z [archive]
2023-07-22T17:19:54.008736403Z dbpath = "/var/lib/flux/job-archive.sqlite"
2023-07-22T17:19:54.008739913Z period = "1m"
2023-07-22T17:19:54.067718027Z busytimeout = "50s"
2023-07-22T17:19:54.067740247Z ðŸ§Šï¸ State Directory:
2023-07-22T17:19:54.067744797Z total 0
2023-07-22T17:19:54.067748307Z
2023-07-22T17:19:54.069241057Z
2023-07-22T17:19:54.069266977Z ðŸ”’ï¸ Working directory permissions:
2023-07-22T17:19:54.069271737Z total 96
2023-07-22T17:19:54.069276137Z -rwxrwxrwx 1 flux root  2517 May 17 22:32 README.txt
2023-07-22T17:19:54.069279697Z -rwxrwxrwx 1 flux root 54692 May 17 22:32 data.hns-equil
2023-07-22T17:19:54.069283306Z -rwxrwxrwx 1 flux root 13576 May 17 22:32 ffield.reax.hns
2023-07-22T17:19:54.069367677Z -rwxrwxrwx 1 flux root   870 May 17 22:32 in.reaxc.hns
2023-07-22T17:19:54.069391677Z -rwxrwxrwx 1 flux root  4172 May 17 22:32 log.8Mar18.reaxc.hns.g++.1
2023-07-22T17:19:54.069396737Z -rwxrwxrwx 1 flux root  4168 May 17 22:32 log.8Mar18.reaxc.hns.g++.4
2023-07-22T17:19:54.069400506Z
2023-07-22T17:19:54.069404346Z
2023-07-22T17:19:54.069408897Z âœ¨ Curve certificate generated by helper pod
2023-07-22T17:19:54.070074447Z #   ****  Generated on 2023-04-26 22:54:42 by CZMQ  ****
2023-07-22T17:19:54.070094136Z #   ZeroMQ CURVE **Secret** Certificate
2023-07-22T17:19:54.070099356Z #   DO NOT PROVIDE THIS FILE TO OTHER USERS nor change its permissions.
2023-07-22T17:19:54.070102956Z
2023-07-22T17:19:54.070106556Z metadata
2023-07-22T17:19:54.070111056Z     name = "flux-cert-generator"
2023-07-22T17:19:54.070114507Z     keygen.hostname = "flux-sample-0"
2023-07-22T17:19:54.070117956Z curve
2023-07-22T17:19:54.070121756Z     public-key = "7>k$bXuP&m.=d(+hO!^BB=A6QKIRq}Akb])^&Ds<"
2023-07-22T17:19:54.070125427Z     secret-key = "E!wlZirPZ$X()$-rQx)WD8-^jW]>r}qRK/4+4hqP"
2023-07-22T17:19:54.071975286Z
2023-07-22T17:19:54.072010326Z ðŸŒ€  flux start --wrap=strace,-e,network,-tt -o --config /etc/flux/config -Scron.directory=/etc/flux/system/cron.d   -Stbon.fanout=256   -Srundir=/run/flux    -Sstatedir=/var/lib/flux   -Slocal-uri=local:///run/flux/local -Stbon.connect_timeout=8s  -Stbon.zmqdebug=1  -Slog-stderr-level=6    -Slog-stderr-mode=local
2023-07-22T17:19:54.094730814Z 17:19:54.094509 socket(AF_NETLINK, SOCK_RAW, NETLINK_ROUTE) = 8
2023-07-22T17:19:54.094886884Z 17:19:54.094586 bind(8, {sa_family=AF_NETLINK, nl_pid=0, nl_groups=00000000}, 12) = 0
2023-07-22T17:19:54.094920854Z 17:19:54.094625 getsockname(8, {sa_family=AF_NETLINK, nl_pid=70, nl_groups=00000000}, [12]) = 0
2023-07-22T17:19:54.094928054Z 17:19:54.094657 sendto(8, {{len=20, type=RTM_GETADDR, flags=NLM_F_REQUEST|NLM_F_DUMP, seq=1690046394, pid=0}, {ifa_family=AF_UNSPEC, ...}}, 20, 0, {sa_family=AF_NETLINK, nl_pid=0, nl_groups=00000000}, 12) = 20
2023-07-22T17:19:54.095107354Z 17:19:54.094804 recvmsg(8, {msg_name={sa_family=AF_NETLINK, nl_pid=0, nl_groups=00000000}, msg_namelen=12, msg_iov=[{iov_base=[{{len=76, type=RTM_NEWADDR, flags=NLM_F_MULTI, seq=1690046394, pid=70}, {ifa_family=AF_INET, ifa_prefixlen=8, ifa_flags=IFA_F_PERMANENT, ifa_scope=RT_SCOPE_HOST, ifa_index=if_nametoindex("lo")}, [{{nla_len=8, nla_type=IFA_ADDRESS}, 127.0.0.1}, {{nla_len=8, nla_type=IFA_LOCAL}, 127.0.0.1}, {{nla_len=7, nla_type=IFA_LABEL}, "lo"}, {{nla_len=8, nla_type=IFA_FLAGS}, IFA_F_PERMANENT}, {{nla_len=20, nla_type=IFA_CACHEINFO}, {ifa_prefered=4294967295, ifa_valid=4294967295, cstamp=788355, tstamp=788355}}]}, {{len=88, type=RTM_NEWADDR, flags=NLM_F_MULTI, seq=1690046394, pid=70}, {ifa_family=AF_INET, ifa_prefixlen=24, ifa_flags=IFA_F_PERMANENT, ifa_scope=RT_SCOPE_UNIVERSE, ifa_index=if_nametoindex("eth0")}, [{{nla_len=8, nla_type=IFA_ADDRESS}, 10.116.0.92}, {{nla_len=8, nla_type=IFA_LOCAL}, 10.116.0.92}, {{nla_len=8, nla_type=IFA_BROADCAST}, 10.116.0.255}, {{nla_len=9, nla_type=IFA_LABEL}, "eth0"}, {{nla_len=8, nla_type=IFA_FLAGS}, IFA_F_PERMANENT}, {{nla_len=20, nla_type=IFA_CACHEINFO}, {ifa_prefered=4294967295, ifa_valid=4294967295, cstamp=788356, tstamp=788356}}]}], iov_len=4096}], msg_iovlen=1, msg_controllen=0, msg_flags=0}, 0) = 164
2023-07-22T17:19:54.095187304Z 17:19:54.095037 recvmsg(8, {msg_name={sa_family=AF_NETLINK, nl_pid=0, nl_groups=00000000}, msg_namelen=12, msg_iov=[{iov_base={{len=20, type=NLMSG_DONE, flags=NLM_F_MULTI, seq=1690046394, pid=70}, 0}, iov_len=4096}], msg_iovlen=1, msg_controllen=0, msg_flags=0}, 0) = 20
2023-07-22T17:19:54.095486474Z 17:19:54.095336 socket(AF_UNIX, SOCK_STREAM|SOCK_CLOEXEC|SOCK_NONBLOCK, 0) = 8
2023-07-22T17:19:54.095512614Z 17:19:54.095385 connect(8, {sa_family=AF_UNIX, sun_path="/var/run/nscd/socket"}, 110) = -1 ENOENT (No such file or directory)
2023-07-22T17:19:54.095580134Z 17:19:54.095453 socket(AF_UNIX, SOCK_STREAM|SOCK_CLOEXEC|SOCK_NONBLOCK, 0) = 8
2023-07-22T17:19:54.095588944Z 17:19:54.095485 connect(8, {sa_family=AF_UNIX, sun_path="/var/run/nscd/socket"}, 110) = -1 ENOENT (No such file or directory)
2023-07-22T17:19:54.096366844Z 17:19:54.096226 socket(AF_INET, SOCK_DGRAM|SOCK_CLOEXEC|SOCK_NONBLOCK, IPPROTO_IP) = 8
2023-07-22T17:19:54.096378134Z 17:19:54.096275 connect(8, {sa_family=AF_INET, sin_port=htons(53), sin_addr=inet_addr("10.120.0.10")}, 16) = 0
2023-07-22T17:19:54.096562654Z 17:19:54.096342 sendto(8, "\376$\1\0\0\1\0\0\0\0\0\0\rflux-sample-0\fflux-"..., 76, MSG_NOSIGNAL, NULL, 0) = 76
2023-07-22T17:19:54.097043004Z 17:19:54.096875 recvfrom(8, "\376$\205\200\0\1\0\1\0\0\0\0\rflux-sample-0\fflux-"..., 1024, 0, {sa_family=AF_INET, sin_port=htons(53), sin_addr=inet_addr("10.120.0.10")}, [28->16]) = 150
2023-07-22T17:19:54.106315163Z broker.info[1]: start: none->join 1.17671ms
2023-07-22T17:20:02.308730045Z broker.info[1]: parent-ready: join->init 8.20202s
2023-07-22T17:20:02.308835105Z 17:20:02.308679 socketpair(AF_UNIX, SOCK_STREAM|SOCK_CLOEXEC, 0, [22, 23]) = 0
2023-07-22T17:20:02.309223135Z 17:20:02.308983 socketpair(AF_UNIX, SOCK_STREAM, 0, [24, 25]) = 0
2023-07-22T17:20:02.309579965Z 17:20:02.309343 socketpair(AF_UNIX, SOCK_STREAM, 0, [26, 27]) = 0
2023-07-22T17:20:02.309690635Z 17:20:02.309591 socketpair(AF_UNIX, SOCK_STREAM, 0, [28, 29]) = 0
2023-07-22T17:20:02.326744103Z broker.info[1]: configuration updated
2023-07-22T17:20:02.405130445Z broker.info[1]: rc1.0: running /etc/flux/rc1.d/01-sched-fluxion
2023-07-22T17:20:02.412529575Z broker.info[1]: rc1.0: running /etc/flux/rc1.d/02-cron
2023-07-22T17:20:02.428932643Z broker.info[1]: rc1.0: /etc/flux/rc1 Exited (rc=0) 0.1s
2023-07-22T17:20:02.429429543Z broker.info[1]: rc1-success: init->quorum 0.120675s
2023-07-22T17:20:12.243469082Z broker.info[1]: quorum-full: quorum->run 9.8137s
2023-07-22T17:20:13.029939081Z 17:20:13.029649 socketpair(AF_UNIX, SOCK_STREAM|SOCK_CLOEXEC, 0, [22, 23]) = 0
2023-07-22T17:20:13.029990831Z 17:20:13.029807 socketpair(AF_UNIX, SOCK_STREAM, 0, [24, 25]) = 0
2023-07-22T17:20:13.030355381Z 17:20:13.030153 socketpair(AF_UNIX, SOCK_STREAM, 0, [26, 28]) = 0
2023-07-22T17:20:13.030607231Z 17:20:13.030438 socketpair(AF_UNIX, SOCK_STREAM, 0, [58, 59]) = 0
2023-07-22T17:20:13.030875911Z 17:20:13.030666 socketpair(AF_UNIX, SOCK_STREAM, 0, [60, 61]) = 0
2023-07-22T17:20:27.356058238Z broker.info[1]: shutdown: run->cleanup 15.1117s
2023-07-22T17:20:27.357853838Z broker.info[1]: cleanup-none: cleanup->shutdown 1.13734ms
2023-07-22T17:20:27.359292468Z broker.info[1]: children-none: shutdown->finalize 0.9595ms
2023-07-22T17:20:27.359791368Z 17:20:27.359598 socketpair(AF_UNIX, SOCK_STREAM|SOCK_CLOEXEC, 0, [22, 23]) = 0
2023-07-22T17:20:27.360149378Z 17:20:27.359834 socketpair(AF_UNIX, SOCK_STREAM, 0, [24, 25]) = 0
2023-07-22T17:20:27.360541738Z 17:20:27.360367 socketpair(AF_UNIX, SOCK_STREAM, 0, [26, 28]) = 0
2023-07-22T17:20:27.360948088Z 17:20:27.360766 socketpair(AF_UNIX, SOCK_STREAM, 0, [58, 59]) = 0
2023-07-22T17:20:27.377156846Z broker.info[1]: rc3.0: running /etc/flux/rc3.d/01-sched-fluxion
2023-07-22T17:20:27.474109846Z broker.info[1]: rc3.0: /etc/flux/rc3 Exited (rc=0) 0.1s
2023-07-22T17:20:27.475174416Z broker.info[1]: rc3-success: finalize->goodbye 0.115469s
2023-07-22T17:20:27.476701186Z broker.info[1]: goodbye: goodbye->exit 1.12478ms
2023-07-22T17:20:27.484381235Z 17:20:27.484201 +++ exited with 0 +++
2023-07-22T17:20:27.485537615Z Return value for follower worker is 0
2023-07-22T17:20:27.485554935Z The follower worker exited cleanly. Goodbye!
