2023-07-22T17:15:31.844685649Z
2023-07-22T17:15:31.845550998Z Flux username: flux
2023-07-22T17:15:31.845565898Z
2023-07-22T17:15:31.845571018Z Flux install root: /usr
2023-07-22T17:15:31.877522685Z flux user is already added.
2023-07-22T17:15:31.879090495Z flux user identifiers:
2023-07-22T17:15:31.879163615Z uid=1234(flux) gid=1234(flux) groups=1234(flux)
2023-07-22T17:15:31.879288025Z
2023-07-22T17:15:31.879437515Z As Flux prefix for flux commands: sudo -u flux -E PYTHONPATH=/opt/conda/lib/python3.10/site-packages -E PATH=/opt/conda/bin:/usr/local/sbin:/usr/local/bin:/usr/sbin:/usr/bin:/sbin:/bin -E LD_LIBRARY_PATH=/opt/conda/lib -E HOME=/home/flux
2023-07-22T17:15:31.883541964Z
2023-07-22T17:15:31.883582285Z 👋 Hello, I'm flux-sample-7
2023-07-22T17:15:31.883650305Z The main host is flux-sample-0
2023-07-22T17:15:31.883660365Z The working directory is /home/flux/examples/reaxff/HNS, contents include:
2023-07-22T17:15:31.885128745Z /home/flux/examples/reaxff/HNS:
2023-07-22T17:15:31.885143514Z README.txt	ffield.reax.hns  log.8Mar18.reaxc.hns.g++.1
2023-07-22T17:15:31.885256095Z data.hns-equil	in.reaxc.hns	 log.8Mar18.reaxc.hns.g++.4
2023-07-22T17:15:31.885587355Z End of file listing, if you see nothing above there are no files.
2023-07-22T17:15:31.887045354Z flux R encode --hosts=flux-sample-[0-7]
2023-07-22T17:15:31.898284193Z
2023-07-22T17:15:31.898322123Z 📦 Resources
2023-07-22T17:15:31.899184333Z {"version": 1, "execution": {"R_lite": [{"rank": "0-7", "children": {"core": "0"}}], "starttime": 0.0, "expiration": 0.0, "nodelist": ["flux-sample-[0-7]"]}}
2023-07-22T17:15:31.899401823Z
2023-07-22T17:15:31.899415743Z 🐸 Diagnostics: false
2023-07-22T17:15:31.899481103Z 🚩️ Flux Option Flags defined
2023-07-22T17:15:31.901670793Z
2023-07-22T17:15:31.901684803Z 🦊 Independent Minister of Privilege
2023-07-22T17:15:31.902480523Z [exec]
2023-07-22T17:15:31.902492503Z allowed-users = [ "flux", "root" ]
2023-07-22T17:15:31.902497603Z allowed-shells = [ "/usr/libexec/flux/flux-shell" ]
2023-07-22T17:15:31.902641073Z
2023-07-22T17:15:31.902653733Z 🐸 Broker Configuration
2023-07-22T17:15:31.903267773Z # Flux needs to know the path to the IMP executable
2023-07-22T17:15:31.903278383Z [exec]
2023-07-22T17:15:31.903283273Z imp = "/usr/libexec/flux/flux-imp"
2023-07-22T17:15:31.903286873Z
2023-07-22T17:15:31.903290963Z [access]
2023-07-22T17:15:31.903318583Z allow-guest-user = true
2023-07-22T17:15:31.903324783Z allow-root-owner = true
2023-07-22T17:15:31.903328633Z
2023-07-22T17:15:31.903332573Z # Point to resource definition generated with flux-R(1).
2023-07-22T17:15:31.903336513Z [resource]
2023-07-22T17:15:31.903340333Z path = "/etc/flux/system/R"
2023-07-22T17:15:31.903343173Z
2023-07-22T17:15:31.903346213Z [bootstrap]
2023-07-22T17:15:31.903349923Z curve_cert = "/etc/curve/curve.cert"
2023-07-22T17:15:31.903353963Z default_port = 8050
2023-07-22T17:15:31.903357423Z default_bind = "tcp://eth0:%p"
2023-07-22T17:15:31.903361913Z default_connect = "tcp://%h.flux-service.flux-operator.svc.cluster.local:%p"
2023-07-22T17:15:31.903365053Z hosts = [
2023-07-22T17:15:31.903368803Z 	{ host="flux-sample-[0-7]"},
2023-07-22T17:15:31.903372573Z ]
2023-07-22T17:15:31.903376293Z [archive]
2023-07-22T17:15:31.903379883Z dbpath = "/var/lib/flux/job-archive.sqlite"
2023-07-22T17:15:31.903384133Z period = "1m"
2023-07-22T17:15:31.954538568Z busytimeout = "50s"
2023-07-22T17:15:31.954635068Z 🧊️ State Directory:
2023-07-22T17:15:31.954642878Z total 0
2023-07-22T17:15:31.954647088Z
2023-07-22T17:15:31.955972638Z
2023-07-22T17:15:31.955995847Z 🔒️ Working directory permissions:
2023-07-22T17:15:31.956001758Z total 96
2023-07-22T17:15:31.956006607Z -rwxrwxrwx 1 flux root  2517 May 17 22:32 README.txt
2023-07-22T17:15:31.956010787Z -rwxrwxrwx 1 flux root 54692 May 17 22:32 data.hns-equil
2023-07-22T17:15:31.956014638Z -rwxrwxrwx 1 flux root 13576 May 17 22:32 ffield.reax.hns
2023-07-22T17:15:31.956018707Z -rwxrwxrwx 1 flux root   870 May 17 22:32 in.reaxc.hns
2023-07-22T17:15:31.956023728Z -rwxrwxrwx 1 flux root  4172 May 17 22:32 log.8Mar18.reaxc.hns.g++.1
2023-07-22T17:15:31.956027508Z -rwxrwxrwx 1 flux root  4168 May 17 22:32 log.8Mar18.reaxc.hns.g++.4
2023-07-22T17:15:31.956031018Z
2023-07-22T17:15:31.956108828Z
2023-07-22T17:15:31.956118928Z ✨ Curve certificate generated by helper pod
2023-07-22T17:15:31.956815187Z #   ****  Generated on 2023-04-26 22:54:42 by CZMQ  ****
2023-07-22T17:15:31.956826098Z #   ZeroMQ CURVE **Secret** Certificate
2023-07-22T17:15:31.956831047Z #   DO NOT PROVIDE THIS FILE TO OTHER USERS nor change its permissions.
2023-07-22T17:15:31.956834907Z
2023-07-22T17:15:31.956838758Z metadata
2023-07-22T17:15:31.956843478Z     name = "flux-cert-generator"
2023-07-22T17:15:31.956847367Z     keygen.hostname = "flux-sample-0"
2023-07-22T17:15:31.956851238Z curve
2023-07-22T17:15:31.956855278Z     public-key = "(5$hd.ls#0j7ffL0Y3^)h:J-[yyinLdA(H$.gfQa"
2023-07-22T17:15:31.956858827Z     secret-key = "Jh*1{[M*0.7h:-<LP-d9H[NnBF{(1>8BsVS5U-:c"
2023-07-22T17:15:31.958247217Z
2023-07-22T17:15:31.958259868Z 🌀  flux start --wrap=strace,-e,network,-tt -o --config /etc/flux/config -Scron.directory=/etc/flux/system/cron.d   -Stbon.fanout=256   -Srundir=/run/flux    -Sstatedir=/var/lib/flux   -Slocal-uri=local:///run/flux/local -Stbon.connect_timeout=4s  -Stbon.zmqdebug=1  -Slog-stderr-level=6    -Slog-stderr-mode=local
2023-07-22T17:15:31.987828874Z 17:15:31.987663 socket(AF_NETLINK, SOCK_RAW, NETLINK_ROUTE) = 8
2023-07-22T17:15:31.987952474Z 17:15:31.987755 bind(8, {sa_family=AF_NETLINK, nl_pid=0, nl_groups=00000000}, 12) = 0
2023-07-22T17:15:31.987979164Z 17:15:31.987796 getsockname(8, {sa_family=AF_NETLINK, nl_pid=69, nl_groups=00000000}, [12]) = 0
2023-07-22T17:15:31.988057024Z 17:15:31.987829 sendto(8, {{len=20, type=RTM_GETADDR, flags=NLM_F_REQUEST|NLM_F_DUMP, seq=1690046131, pid=0}, {ifa_family=AF_UNSPEC, ...}}, 20, 0, {sa_family=AF_NETLINK, nl_pid=0, nl_groups=00000000}, 12) = 20
2023-07-22T17:15:31.988239624Z 17:15:31.987990 recvmsg(8, {msg_name={sa_family=AF_NETLINK, nl_pid=0, nl_groups=00000000}, msg_namelen=12, msg_iov=[{iov_base=[{{len=76, type=RTM_NEWADDR, flags=NLM_F_MULTI, seq=1690046131, pid=69}, {ifa_family=AF_INET, ifa_prefixlen=8, ifa_flags=IFA_F_PERMANENT, ifa_scope=RT_SCOPE_HOST, ifa_index=if_nametoindex("lo")}, [{{nla_len=8, nla_type=IFA_ADDRESS}, 127.0.0.1}, {{nla_len=8, nla_type=IFA_LOCAL}, 127.0.0.1}, {{nla_len=7, nla_type=IFA_LABEL}, "lo"}, {{nla_len=8, nla_type=IFA_FLAGS}, IFA_F_PERMANENT}, {{nla_len=20, nla_type=IFA_CACHEINFO}, {ifa_prefered=4294967295, ifa_valid=4294967295, cstamp=762264, tstamp=762264}}]}, {{len=88, type=RTM_NEWADDR, flags=NLM_F_MULTI, seq=1690046131, pid=69}, {ifa_family=AF_INET, ifa_prefixlen=24, ifa_flags=IFA_F_PERMANENT, ifa_scope=RT_SCOPE_UNIVERSE, ifa_index=if_nametoindex("eth0")}, [{{nla_len=8, nla_type=IFA_ADDRESS}, 10.116.1.93}, {{nla_len=8, nla_type=IFA_LOCAL}, 10.116.1.93}, {{nla_len=8, nla_type=IFA_BROADCAST}, 10.116.1.255}, {{nla_len=9, nla_type=IFA_LABEL}, "eth0"}, {{nla_len=8, nla_type=IFA_FLAGS}, IFA_F_PERMANENT}, {{nla_len=20, nla_type=IFA_CACHEINFO}, {ifa_prefered=4294967295, ifa_valid=4294967295, cstamp=762266, tstamp=762266}}]}], iov_len=4096}], msg_iovlen=1, msg_controllen=0, msg_flags=0}, 0) = 164
2023-07-22T17:15:31.988316135Z 17:15:31.988184 recvmsg(8, {msg_name={sa_family=AF_NETLINK, nl_pid=0, nl_groups=00000000}, msg_namelen=12, msg_iov=[{iov_base={{len=20, type=NLMSG_DONE, flags=NLM_F_MULTI, seq=1690046131, pid=69}, 0}, iov_len=4096}], msg_iovlen=1, msg_controllen=0, msg_flags=0}, 0) = 20
2023-07-22T17:15:31.988585164Z 17:15:31.988496 socket(AF_UNIX, SOCK_STREAM|SOCK_CLOEXEC|SOCK_NONBLOCK, 0) = 8
2023-07-22T17:15:31.988641894Z 17:15:31.988541 connect(8, {sa_family=AF_UNIX, sun_path="/var/run/nscd/socket"}, 110) = -1 ENOENT (No such file or directory)
2023-07-22T17:15:31.988717345Z 17:15:31.988609 socket(AF_UNIX, SOCK_STREAM|SOCK_CLOEXEC|SOCK_NONBLOCK, 0) = 8
2023-07-22T17:15:31.988779014Z 17:15:31.988644 connect(8, {sa_family=AF_UNIX, sun_path="/var/run/nscd/socket"}, 110) = -1 ENOENT (No such file or directory)
2023-07-22T17:15:31.990120124Z 17:15:31.989854 socket(AF_INET, SOCK_DGRAM|SOCK_CLOEXEC|SOCK_NONBLOCK, IPPROTO_IP) = 8
2023-07-22T17:15:31.990249464Z 17:15:31.989940 connect(8, {sa_family=AF_INET, sin_port=htons(53), sin_addr=inet_addr("10.120.0.10")}, 16) = 0
2023-07-22T17:15:31.990345684Z 17:15:31.990016 sendto(8, "\322\"\1\0\0\1\0\0\0\0\0\0\rflux-sample-0\fflux-"..., 76, MSG_NOSIGNAL, NULL, 0) = 76
2023-07-22T17:15:31.990747754Z 17:15:31.990582 recvfrom(8, "\322\"\205\200\0\1\0\1\0\0\0\0\rflux-sample-0\fflux-"..., 1024, 0, {sa_family=AF_INET, sin_port=htons(53), sin_addr=inet_addr("10.120.0.10")}, [28->16]) = 150
2023-07-22T17:15:31.994182784Z broker.info[7]: start: none->join 1.45389ms
2023-07-22T17:15:36.150270955Z broker.info[7]: parent-ready: join->init 4.15591s
2023-07-22T17:15:36.150530985Z 17:15:36.150278 socketpair(AF_UNIX, SOCK_STREAM|SOCK_CLOEXEC, 0, [22, 23]) = 0
2023-07-22T17:15:36.150846055Z 17:15:36.150578 socketpair(AF_UNIX, SOCK_STREAM, 0, [24, 25]) = 0
2023-07-22T17:15:36.151233165Z 17:15:36.151040 socketpair(AF_UNIX, SOCK_STREAM, 0, [26, 27]) = 0
2023-07-22T17:15:36.151483085Z 17:15:36.151362 socketpair(AF_UNIX, SOCK_STREAM, 0, [28, 29]) = 0
2023-07-22T17:15:36.166807583Z broker.info[7]: configuration updated
2023-07-22T17:15:36.232280947Z broker.info[7]: rc1.0: running /etc/flux/rc1.d/01-sched-fluxion
2023-07-22T17:15:36.238649736Z broker.info[7]: rc1.0: running /etc/flux/rc1.d/02-cron
2023-07-22T17:15:36.250564545Z broker.info[7]: rc1.0: /etc/flux/rc1 Exited (rc=0) 0.1s
2023-07-22T17:15:36.251096215Z broker.info[7]: rc1-success: init->quorum 0.10071s
2023-07-22T17:15:44.614737794Z broker.info[7]: quorum-full: quorum->run 8.36333s
2023-07-22T17:15:45.128123895Z 17:15:45.127799 socketpair(AF_UNIX, SOCK_STREAM|SOCK_CLOEXEC, 0, [22, 23]) = 0
2023-07-22T17:15:45.128280615Z 17:15:45.128042 socketpair(AF_UNIX, SOCK_STREAM, 0, [24, 25]) = 0
2023-07-22T17:15:45.128378735Z 17:15:45.128186 socketpair(AF_UNIX, SOCK_STREAM, 0, [26, 28]) = 0
2023-07-22T17:15:45.128463955Z 17:15:45.128346 socketpair(AF_UNIX, SOCK_STREAM, 0, [58, 59]) = 0
2023-07-22T17:15:45.128625515Z 17:15:45.128500 socketpair(AF_UNIX, SOCK_STREAM, 0, [60, 61]) = 0
2023-07-22T17:15:58.298249526Z broker.info[7]: shutdown: run->cleanup 13.6832s
2023-07-22T17:15:58.298982986Z broker.info[7]: cleanup-none: cleanup->shutdown 0.55697ms
2023-07-22T17:15:58.300071297Z broker.info[7]: children-none: shutdown->finalize 0.899769ms
2023-07-22T17:15:58.300632276Z 17:15:58.300413 socketpair(AF_UNIX, SOCK_STREAM|SOCK_CLOEXEC, 0, [22, 23]) = 0
2023-07-22T17:15:58.300990176Z 17:15:58.300664 socketpair(AF_UNIX, SOCK_STREAM, 0, [24, 25]) = 0
2023-07-22T17:15:58.301485586Z 17:15:58.301255 socketpair(AF_UNIX, SOCK_STREAM, 0, [26, 28]) = 0
2023-07-22T17:15:58.302001496Z 17:15:58.301810 socketpair(AF_UNIX, SOCK_STREAM, 0, [58, 59]) = 0
2023-07-22T17:15:58.319494435Z broker.info[7]: rc3.0: running /etc/flux/rc3.d/01-sched-fluxion
2023-07-22T17:15:58.413101298Z broker.info[7]: rc3.0: /etc/flux/rc3 Exited (rc=0) 0.1s
2023-07-22T17:15:58.413974408Z broker.info[7]: rc3-success: finalize->goodbye 0.113431s
2023-07-22T17:15:58.415368917Z broker.info[7]: goodbye: goodbye->exit 1.0171ms
2023-07-22T17:15:58.422179577Z 17:15:58.422047 +++ exited with 0 +++
2023-07-22T17:15:58.423044777Z Return value for follower worker is 0
2023-07-22T17:15:58.423129807Z The follower worker exited cleanly. Goodbye!
