2023-07-22T17:16:04.955170083Z
2023-07-22T17:16:04.955230363Z Flux username: flux
2023-07-22T17:16:04.955236043Z
2023-07-22T17:16:04.955240343Z Flux install root: /usr
2023-07-22T17:16:04.989535700Z flux user is already added.
2023-07-22T17:16:04.991488740Z flux user identifiers:
2023-07-22T17:16:04.991507640Z uid=1234(flux) gid=1234(flux) groups=1234(flux)
2023-07-22T17:16:04.991536500Z
2023-07-22T17:16:04.991544030Z As Flux prefix for flux commands: sudo -u flux -E PYTHONPATH=/opt/conda/lib/python3.10/site-packages -E PATH=/opt/conda/bin:/usr/local/sbin:/usr/local/bin:/usr/sbin:/usr/bin:/sbin:/bin -E LD_LIBRARY_PATH=/opt/conda/lib -E HOME=/home/flux
2023-07-22T17:16:04.995915840Z
2023-07-22T17:16:04.995947080Z ðŸ‘‹ Hello, I'm flux-sample-2
2023-07-22T17:16:04.996108240Z The main host is flux-sample-0
2023-07-22T17:16:04.996156700Z The working directory is /home/flux/examples/reaxff/HNS, contents include:
2023-07-22T17:16:04.997394340Z /home/flux/examples/reaxff/HNS:
2023-07-22T17:16:04.997439130Z README.txt	ffield.reax.hns  log.8Mar18.reaxc.hns.g++.1
2023-07-22T17:16:04.997518899Z data.hns-equil	in.reaxc.hns	 log.8Mar18.reaxc.hns.g++.4
2023-07-22T17:16:04.997758480Z End of file listing, if you see nothing above there are no files.
2023-07-22T17:16:04.999049119Z flux R encode --hosts=flux-sample-[0-7]
2023-07-22T17:16:05.008852989Z
2023-07-22T17:16:05.008880069Z ðŸ“¦ Resources
2023-07-22T17:16:05.009681569Z {"version": 1, "execution": {"R_lite": [{"rank": "0-7", "children": {"core": "0"}}], "starttime": 0.0, "expiration": 0.0, "nodelist": ["flux-sample-[0-7]"]}}
2023-07-22T17:16:05.009765128Z
2023-07-22T17:16:05.009776719Z ðŸ¸ Diagnostics: false
2023-07-22T17:16:05.009949379Z ðŸš©ï¸ Flux Option Flags defined
2023-07-22T17:16:05.012066478Z
2023-07-22T17:16:05.012082189Z ðŸ¦Š Independent Minister of Privilege
2023-07-22T17:16:05.012696498Z [exec]
2023-07-22T17:16:05.012707568Z allowed-users = [ "flux", "root" ]
2023-07-22T17:16:05.012713188Z allowed-shells = [ "/usr/libexec/flux/flux-shell" ]
2023-07-22T17:16:05.012824368Z
2023-07-22T17:16:05.012834288Z ðŸ¸ Broker Configuration
2023-07-22T17:16:05.013442428Z # Flux needs to know the path to the IMP executable
2023-07-22T17:16:05.013452428Z [exec]
2023-07-22T17:16:05.013457368Z imp = "/usr/libexec/flux/flux-imp"
2023-07-22T17:16:05.013461198Z
2023-07-22T17:16:05.013465078Z [access]
2023-07-22T17:16:05.013470048Z allow-guest-user = true
2023-07-22T17:16:05.013474048Z allow-root-owner = true
2023-07-22T17:16:05.013476818Z
2023-07-22T17:16:05.013479858Z # Point to resource definition generated with flux-R(1).
2023-07-22T17:16:05.013482988Z [resource]
2023-07-22T17:16:05.013487238Z path = "/etc/flux/system/R"
2023-07-22T17:16:05.013490938Z
2023-07-22T17:16:05.013494718Z [bootstrap]
2023-07-22T17:16:05.013524478Z curve_cert = "/etc/curve/curve.cert"
2023-07-22T17:16:05.013528518Z default_port = 8050
2023-07-22T17:16:05.013531968Z default_bind = "tcp://eth0:%p"
2023-07-22T17:16:05.013535868Z default_connect = "tcp://%h.flux-service.flux-operator.svc.cluster.local:%p"
2023-07-22T17:16:05.013539468Z hosts = [
2023-07-22T17:16:05.013542448Z 	{ host="flux-sample-[0-7]"},
2023-07-22T17:16:05.013545308Z ]
2023-07-22T17:16:05.013548668Z [archive]
2023-07-22T17:16:05.013552198Z dbpath = "/var/lib/flux/job-archive.sqlite"
2023-07-22T17:16:05.013580238Z period = "1m"
2023-07-22T17:16:05.067942264Z busytimeout = "50s"
2023-07-22T17:16:05.067993624Z ðŸ§Šï¸ State Directory:
2023-07-22T17:16:05.067999274Z total 0
2023-07-22T17:16:05.068002874Z
2023-07-22T17:16:05.069492684Z
2023-07-22T17:16:05.069520684Z ðŸ”’ï¸ Working directory permissions:
2023-07-22T17:16:05.069526254Z total 96
2023-07-22T17:16:05.069531924Z -rwxrwxrwx 1 flux root  2517 May 17 22:32 README.txt
2023-07-22T17:16:05.069535714Z -rwxrwxrwx 1 flux root 54692 May 17 22:32 data.hns-equil
2023-07-22T17:16:05.069539934Z -rwxrwxrwx 1 flux root 13576 May 17 22:32 ffield.reax.hns
2023-07-22T17:16:05.069559474Z -rwxrwxrwx 1 flux root   870 May 17 22:32 in.reaxc.hns
2023-07-22T17:16:05.069577684Z -rwxrwxrwx 1 flux root  4172 May 17 22:32 log.8Mar18.reaxc.hns.g++.1
2023-07-22T17:16:05.069581534Z -rwxrwxrwx 1 flux root  4168 May 17 22:32 log.8Mar18.reaxc.hns.g++.4
2023-07-22T17:16:05.069585184Z
2023-07-22T17:16:05.069656323Z
2023-07-22T17:16:05.069665374Z âœ¨ Curve certificate generated by helper pod
2023-07-22T17:16:05.070264414Z #   ****  Generated on 2023-04-26 22:54:42 by CZMQ  ****
2023-07-22T17:16:05.070273584Z #   ZeroMQ CURVE **Secret** Certificate
2023-07-22T17:16:05.070291134Z #   DO NOT PROVIDE THIS FILE TO OTHER USERS nor change its permissions.
2023-07-22T17:16:05.070295344Z
2023-07-22T17:16:05.070298874Z metadata
2023-07-22T17:16:05.070304174Z     name = "flux-cert-generator"
2023-07-22T17:16:05.070308354Z     keygen.hostname = "flux-sample-0"
2023-07-22T17:16:05.070312014Z curve
2023-07-22T17:16:05.070316244Z     public-key = "(kH*-J[*}cfsl8{LlP..!lX]f@@f*SHsR7TPY5a2"
2023-07-22T17:16:05.070319924Z     secret-key = "sijjk]9Bi>/}aF)E8Ru.BWH9j2@ww1Ur!Dj0Qack"
2023-07-22T17:16:05.071625614Z
2023-07-22T17:16:05.071784543Z ðŸŒ€  flux start --wrap=strace,-e,network,-tt -o --config /etc/flux/config -Scron.directory=/etc/flux/system/cron.d   -Stbon.fanout=256   -Srundir=/run/flux    -Sstatedir=/var/lib/flux   -Slocal-uri=local:///run/flux/local -Stbon.connect_timeout=4s  -Stbon.zmqdebug=1  -Slog-stderr-level=6    -Slog-stderr-mode=local
2023-07-22T17:16:05.104670991Z 17:16:05.104423 socket(AF_NETLINK, SOCK_RAW, NETLINK_ROUTE) = 8
2023-07-22T17:16:05.104822831Z 17:16:05.104656 bind(8, {sa_family=AF_NETLINK, nl_pid=0, nl_groups=00000000}, 12) = 0
2023-07-22T17:16:05.104832301Z 17:16:05.104707 getsockname(8, {sa_family=AF_NETLINK, nl_pid=70, nl_groups=00000000}, [12]) = 0
2023-07-22T17:16:05.105023471Z 17:16:05.104744 sendto(8, {{len=20, type=RTM_GETADDR, flags=NLM_F_REQUEST|NLM_F_DUMP, seq=1690046165, pid=0}, {ifa_family=AF_UNSPEC, ...}}, 20, 0, {sa_family=AF_NETLINK, nl_pid=0, nl_groups=00000000}, 12) = 20
2023-07-22T17:16:05.105370291Z 17:16:05.105046 recvmsg(8, {msg_name={sa_family=AF_NETLINK, nl_pid=0, nl_groups=00000000}, msg_namelen=12, msg_iov=[{iov_base=[{{len=76, type=RTM_NEWADDR, flags=NLM_F_MULTI, seq=1690046165, pid=70}, {ifa_family=AF_INET, ifa_prefixlen=8, ifa_flags=IFA_F_PERMANENT, ifa_scope=RT_SCOPE_HOST, ifa_index=if_nametoindex("lo")}, [{{nla_len=8, nla_type=IFA_ADDRESS}, 127.0.0.1}, {{nla_len=8, nla_type=IFA_LOCAL}, 127.0.0.1}, {{nla_len=7, nla_type=IFA_LABEL}, "lo"}, {{nla_len=8, nla_type=IFA_FLAGS}, IFA_F_PERMANENT}, {{nla_len=20, nla_type=IFA_CACHEINFO}, {ifa_prefered=4294967295, ifa_valid=4294967295, cstamp=765407, tstamp=765407}}]}, {{len=88, type=RTM_NEWADDR, flags=NLM_F_MULTI, seq=1690046165, pid=70}, {ifa_family=AF_INET, ifa_prefixlen=24, ifa_flags=IFA_F_PERMANENT, ifa_scope=RT_SCOPE_UNIVERSE, ifa_index=if_nametoindex("eth0")}, [{{nla_len=8, nla_type=IFA_ADDRESS}, 10.116.6.83}, {{nla_len=8, nla_type=IFA_LOCAL}, 10.116.6.83}, {{nla_len=8, nla_type=IFA_BROADCAST}, 10.116.6.255}, {{nla_len=9, nla_type=IFA_LABEL}, "eth0"}, {{nla_len=8, nla_type=IFA_FLAGS}, IFA_F_PERMANENT}, {{nla_len=20, nla_type=IFA_CACHEINFO}, {ifa_prefered=4294967295, ifa_valid=4294967295, cstamp=765409, tstamp=765409}}]}], iov_len=4096}], msg_iovlen=1, msg_controllen=0, msg_flags=0}, 0) = 164
2023-07-22T17:16:05.105552891Z 17:16:05.105393 recvmsg(8, {msg_name={sa_family=AF_NETLINK, nl_pid=0, nl_groups=00000000}, msg_namelen=12, msg_iov=[{iov_base={{len=20, type=NLMSG_DONE, flags=NLM_F_MULTI, seq=1690046165, pid=70}, 0}, iov_len=4096}], msg_iovlen=1, msg_controllen=0, msg_flags=0}, 0) = 20
2023-07-22T17:16:05.106447701Z 17:16:05.106312 socket(AF_UNIX, SOCK_STREAM|SOCK_CLOEXEC|SOCK_NONBLOCK, 0) = 8
2023-07-22T17:16:05.106670831Z 17:16:05.106466 connect(8, {sa_family=AF_UNIX, sun_path="/var/run/nscd/socket"}, 110) = -1 ENOENT (No such file or directory)
2023-07-22T17:16:05.106777751Z 17:16:05.106635 socket(AF_UNIX, SOCK_STREAM|SOCK_CLOEXEC|SOCK_NONBLOCK, 0) = 8
2023-07-22T17:16:05.106885870Z 17:16:05.106695 connect(8, {sa_family=AF_UNIX, sun_path="/var/run/nscd/socket"}, 110) = -1 ENOENT (No such file or directory)
2023-07-22T17:16:05.108717791Z 17:16:05.108620 socket(AF_INET, SOCK_DGRAM|SOCK_CLOEXEC|SOCK_NONBLOCK, IPPROTO_IP) = 8
2023-07-22T17:16:05.108795580Z 17:16:05.108686 connect(8, {sa_family=AF_INET, sin_port=htons(53), sin_addr=inet_addr("10.120.0.10")}, 16) = 0
2023-07-22T17:16:05.108978470Z 17:16:05.108790 sendto(8, "h\210\1\0\0\1\0\0\0\0\0\0\rflux-sample-0\fflux-"..., 76, MSG_NOSIGNAL, NULL, 0) = 76
2023-07-22T17:16:05.112547540Z 17:16:05.112403 recvfrom(8, "h\210\205\200\0\1\0\1\0\0\0\0\rflux-sample-0\fflux-"..., 1024, 0, {sa_family=AF_INET, sin_port=htons(53), sin_addr=inet_addr("10.120.0.10")}, [28->16]) = 150
2023-07-22T17:16:05.115308580Z broker.info[2]: start: none->join 0.94883ms
2023-07-22T17:16:05.120137590Z broker.info[2]: parent-ready: join->init 4.69406ms
2023-07-22T17:16:05.120424320Z 17:16:05.120205 socketpair(AF_UNIX, SOCK_STREAM|SOCK_CLOEXEC, 0, [22, 23]) = 0
2023-07-22T17:16:05.120672499Z 17:16:05.120457 socketpair(AF_UNIX, SOCK_STREAM, 0, [24, 25]) = 0
2023-07-22T17:16:05.120962629Z 17:16:05.120746 socketpair(AF_UNIX, SOCK_STREAM, 0, [26, 27]) = 0
2023-07-22T17:16:05.121219759Z 17:16:05.121025 socketpair(AF_UNIX, SOCK_STREAM, 0, [28, 29]) = 0
2023-07-22T17:16:05.134643588Z broker.info[2]: configuration updated
2023-07-22T17:16:05.202929483Z broker.info[2]: rc1.0: running /etc/flux/rc1.d/01-sched-fluxion
2023-07-22T17:16:05.210022532Z broker.info[2]: rc1.0: running /etc/flux/rc1.d/02-cron
2023-07-22T17:16:05.223704251Z broker.info[2]: rc1.0: /etc/flux/rc1 Exited (rc=0) 0.1s
2023-07-22T17:16:05.223978471Z broker.info[2]: rc1-success: init->quorum 0.103637s
2023-07-22T17:16:16.743608022Z broker.info[2]: quorum-full: quorum->run 11.5195s
2023-07-22T17:16:17.235818283Z 17:16:17.235440 socketpair(AF_UNIX, SOCK_STREAM|SOCK_CLOEXEC, 0, [22, 23]) = 0
2023-07-22T17:16:17.236038033Z 17:16:17.235751 socketpair(AF_UNIX, SOCK_STREAM, 0, [24, 25]) = 0
2023-07-22T17:16:17.236214583Z 17:16:17.236047 socketpair(AF_UNIX, SOCK_STREAM, 0, [26, 28]) = 0
2023-07-22T17:16:17.236653263Z 17:16:17.236254 socketpair(AF_UNIX, SOCK_STREAM, 0, [58, 59]) = 0
2023-07-22T17:16:17.236961103Z 17:16:17.236696 socketpair(AF_UNIX, SOCK_STREAM, 0, [60, 61]) = 0
2023-07-22T17:16:31.091695811Z broker.info[2]: shutdown: run->cleanup 14.348s
2023-07-22T17:16:31.093613001Z broker.info[2]: cleanup-none: cleanup->shutdown 1.25398ms
2023-07-22T17:16:31.095211881Z broker.info[2]: children-none: shutdown->finalize 1.19565ms
2023-07-22T17:16:31.095775911Z 17:16:31.095531 socketpair(AF_UNIX, SOCK_STREAM|SOCK_CLOEXEC, 0, [22, 23]) = 0
2023-07-22T17:16:31.096102430Z 17:16:31.095759 socketpair(AF_UNIX, SOCK_STREAM, 0, [24, 25]) = 0
2023-07-22T17:16:31.096232850Z 17:16:31.096109 socketpair(AF_UNIX, SOCK_STREAM, 0, [26, 28]) = 0
2023-07-22T17:16:31.096382911Z 17:16:31.096256 socketpair(AF_UNIX, SOCK_STREAM, 0, [58, 59]) = 0
2023-07-22T17:16:31.107722120Z broker.info[2]: rc3.0: running /etc/flux/rc3.d/01-sched-fluxion
2023-07-22T17:16:31.199269882Z broker.info[2]: rc3.0: /etc/flux/rc3 Exited (rc=0) 0.1s
2023-07-22T17:16:31.200256682Z broker.info[2]: rc3-success: finalize->goodbye 0.104597s
2023-07-22T17:16:31.201835332Z broker.info[2]: goodbye: goodbye->exit 1.17139ms
2023-07-22T17:16:31.209293781Z 17:16:31.209111 +++ exited with 0 +++
2023-07-22T17:16:31.210132341Z Return value for follower worker is 0
2023-07-22T17:16:31.210267461Z The follower worker exited cleanly. Goodbye!
