2023-07-22T16:53:40.040634893Z
2023-07-22T16:53:40.040686513Z Flux username: flux
2023-07-22T16:53:40.041008783Z
2023-07-22T16:53:40.042011313Z Flux install root: /usr
2023-07-22T16:53:40.074351742Z flux user is already added.
2023-07-22T16:53:40.076253251Z flux user identifiers:
2023-07-22T16:53:40.076308802Z uid=1234(flux) gid=1234(flux) groups=1234(flux)
2023-07-22T16:53:40.076419011Z
2023-07-22T16:53:40.076430771Z As Flux prefix for flux commands: sudo -u flux -E PYTHONPATH=/opt/conda/lib/python3.10/site-packages -E PATH=/opt/conda/bin:/usr/local/sbin:/usr/local/bin:/usr/sbin:/usr/bin:/sbin:/bin -E LD_LIBRARY_PATH=/opt/conda/lib -E HOME=/home/flux
2023-07-22T16:53:40.081852761Z
2023-07-22T16:53:40.081967281Z 👋 Hello, I'm flux-sample-3
2023-07-22T16:53:40.082116312Z The main host is flux-sample-0
2023-07-22T16:53:40.082131041Z The working directory is /home/flux/examples/reaxff/HNS, contents include:
2023-07-22T16:53:40.083163521Z /home/flux/examples/reaxff/HNS:
2023-07-22T16:53:40.083176431Z README.txt	ffield.reax.hns  log.8Mar18.reaxc.hns.g++.1
2023-07-22T16:53:40.083230221Z data.hns-equil	in.reaxc.hns	 log.8Mar18.reaxc.hns.g++.4
2023-07-22T16:53:40.083525151Z End of file listing, if you see nothing above there are no files.
2023-07-22T16:53:40.084593911Z flux R encode --hosts=flux-sample-[0-7]
2023-07-22T16:53:40.094381501Z
2023-07-22T16:53:40.094400581Z 📦 Resources
2023-07-22T16:53:40.095103031Z {"version": 1, "execution": {"R_lite": [{"rank": "0-7", "children": {"core": "0"}}], "starttime": 0.0, "expiration": 0.0, "nodelist": ["flux-sample-[0-7]"]}}
2023-07-22T16:53:40.095377261Z
2023-07-22T16:53:40.095390841Z 🐸 Diagnostics: false
2023-07-22T16:53:40.095565041Z 🚩️ Flux Option Flags defined
2023-07-22T16:53:40.098035171Z
2023-07-22T16:53:40.098073801Z 🦊 Independent Minister of Privilege
2023-07-22T16:53:40.099182641Z [exec]
2023-07-22T16:53:40.099200110Z allowed-users = [ "flux", "root" ]
2023-07-22T16:53:40.099204750Z allowed-shells = [ "/usr/libexec/flux/flux-shell" ]
2023-07-22T16:53:40.099548061Z
2023-07-22T16:53:40.099563651Z 🐸 Broker Configuration
2023-07-22T16:53:40.100988041Z # Flux needs to know the path to the IMP executable
2023-07-22T16:53:40.101021801Z [exec]
2023-07-22T16:53:40.101027201Z imp = "/usr/libexec/flux/flux-imp"
2023-07-22T16:53:40.101030511Z
2023-07-22T16:53:40.101034051Z [access]
2023-07-22T16:53:40.101038561Z allow-guest-user = true
2023-07-22T16:53:40.101042011Z allow-root-owner = true
2023-07-22T16:53:40.101044981Z
2023-07-22T16:53:40.101048281Z # Point to resource definition generated with flux-R(1).
2023-07-22T16:53:40.101053011Z [resource]
2023-07-22T16:53:40.101057551Z path = "/etc/flux/system/R"
2023-07-22T16:53:40.101060681Z
2023-07-22T16:53:40.101063941Z [bootstrap]
2023-07-22T16:53:40.101068041Z curve_cert = "/etc/curve/curve.cert"
2023-07-22T16:53:40.101072201Z default_port = 8050
2023-07-22T16:53:40.101076281Z default_bind = "tcp://eth0:%p"
2023-07-22T16:53:40.101080901Z default_connect = "tcp://%h.flux-service.flux-operator.svc.cluster.local:%p"
2023-07-22T16:53:40.101084951Z hosts = [
2023-07-22T16:53:40.101088451Z 	{ host="flux-sample-[0-7]"},
2023-07-22T16:53:40.101091881Z ]
2023-07-22T16:53:40.101095381Z [archive]
2023-07-22T16:53:40.101098801Z dbpath = "/var/lib/flux/job-archive.sqlite"
2023-07-22T16:53:40.101102331Z period = "1m"
2023-07-22T16:53:40.156575359Z busytimeout = "50s"
2023-07-22T16:53:40.156598179Z 🧊️ State Directory:
2023-07-22T16:53:40.156603208Z total 0
2023-07-22T16:53:40.156606628Z
2023-07-22T16:53:40.158062788Z
2023-07-22T16:53:40.158131798Z 🔒️ Working directory permissions:
2023-07-22T16:53:40.158138618Z total 96
2023-07-22T16:53:40.158144078Z -rwxrwxrwx 1 flux root  2517 May 17 22:32 README.txt
2023-07-22T16:53:40.158148109Z -rwxrwxrwx 1 flux root 54692 May 17 22:32 data.hns-equil
2023-07-22T16:53:40.158152258Z -rwxrwxrwx 1 flux root 13576 May 17 22:32 ffield.reax.hns
2023-07-22T16:53:40.158156389Z -rwxrwxrwx 1 flux root   870 May 17 22:32 in.reaxc.hns
2023-07-22T16:53:40.158160789Z -rwxrwxrwx 1 flux root  4172 May 17 22:32 log.8Mar18.reaxc.hns.g++.1
2023-07-22T16:53:40.158164709Z -rwxrwxrwx 1 flux root  4168 May 17 22:32 log.8Mar18.reaxc.hns.g++.4
2023-07-22T16:53:40.158168218Z
2023-07-22T16:53:40.158249998Z
2023-07-22T16:53:40.158258178Z ✨ Curve certificate generated by helper pod
2023-07-22T16:53:40.158859278Z #   ****  Generated on 2023-04-26 22:54:42 by CZMQ  ****
2023-07-22T16:53:40.158871058Z #   ZeroMQ CURVE **Secret** Certificate
2023-07-22T16:53:40.158876338Z #   DO NOT PROVIDE THIS FILE TO OTHER USERS nor change its permissions.
2023-07-22T16:53:40.158880258Z
2023-07-22T16:53:40.158884378Z metadata
2023-07-22T16:53:40.158888138Z     name = "flux-cert-generator"
2023-07-22T16:53:40.158891378Z     keygen.hostname = "flux-sample-0"
2023-07-22T16:53:40.158894738Z curve
2023-07-22T16:53:40.158898458Z     public-key = "&3=Oi.+N}LjV[Un.![WlGv.GT1251^gP9I@gf&J]"
2023-07-22T16:53:40.158901558Z     secret-key = "!92PXSq<mHh/2cLT<lRu)OvPhfP0bW&E)6]02(sE"
2023-07-22T16:53:42.161222179Z
2023-07-22T16:53:42.161319759Z 🌀  flux start --wrap=strace,-e,network,-tt -o --config /etc/flux/config -Scron.directory=/etc/flux/system/cron.d   -Stbon.fanout=256   -Srundir=/run/flux    -Sstatedir=/var/lib/flux   -Slocal-uri=local:///run/flux/local -Stbon.connect_timeout=2s  -Stbon.zmqdebug=1  -Slog-stderr-level=6    -Slog-stderr-mode=local
2023-07-22T16:53:42.190145028Z 16:53:42.189881 socket(AF_NETLINK, SOCK_RAW, NETLINK_ROUTE) = 8
2023-07-22T16:53:42.190246148Z 16:53:42.189971 bind(8, {sa_family=AF_NETLINK, nl_pid=0, nl_groups=00000000}, 12) = 0
2023-07-22T16:53:42.190257037Z 16:53:42.190023 getsockname(8, {sa_family=AF_NETLINK, nl_pid=71, nl_groups=00000000}, [12]) = 0
2023-07-22T16:53:42.190387028Z 16:53:42.190073 sendto(8, {{len=20, type=RTM_GETADDR, flags=NLM_F_REQUEST|NLM_F_DUMP, seq=1690044822, pid=0}, {ifa_family=AF_UNSPEC, ...}}, 20, 0, {sa_family=AF_NETLINK, nl_pid=0, nl_groups=00000000}, 12) = 20
2023-07-22T16:53:42.190579748Z 16:53:42.190302 recvmsg(8, {msg_name={sa_family=AF_NETLINK, nl_pid=0, nl_groups=00000000}, msg_namelen=12, msg_iov=[{iov_base=[{{len=76, type=RTM_NEWADDR, flags=NLM_F_MULTI, seq=1690044822, pid=71}, {ifa_family=AF_INET, ifa_prefixlen=8, ifa_flags=IFA_F_PERMANENT, ifa_scope=RT_SCOPE_HOST, ifa_index=if_nametoindex("lo")}, [{{nla_len=8, nla_type=IFA_ADDRESS}, 127.0.0.1}, {{nla_len=8, nla_type=IFA_LOCAL}, 127.0.0.1}, {{nla_len=7, nla_type=IFA_LABEL}, "lo"}, {{nla_len=8, nla_type=IFA_FLAGS}, IFA_F_PERMANENT}, {{nla_len=20, nla_type=IFA_CACHEINFO}, {ifa_prefered=4294967295, ifa_valid=4294967295, cstamp=630980, tstamp=630980}}]}, {{len=88, type=RTM_NEWADDR, flags=NLM_F_MULTI, seq=1690044822, pid=71}, {ifa_family=AF_INET, ifa_prefixlen=24, ifa_flags=IFA_F_PERMANENT, ifa_scope=RT_SCOPE_UNIVERSE, ifa_index=if_nametoindex("eth0")}, [{{nla_len=8, nla_type=IFA_ADDRESS}, 10.116.2.46}, {{nla_len=8, nla_type=IFA_LOCAL}, 10.116.2.46}, {{nla_len=8, nla_type=IFA_BROADCAST}, 10.116.2.255}, {{nla_len=9, nla_type=IFA_LABEL}, "eth0"}, {{nla_len=8, nla_type=IFA_FLAGS}, IFA_F_PERMANENT}, {{nla_len=20, nla_type=IFA_CACHEINFO}, {ifa_prefered=4294967295, ifa_valid=4294967295, cstamp=630983, tstamp=630983}}]}], iov_len=4096}], msg_iovlen=1, msg_controllen=0, msg_flags=0}, 0) = 164
2023-07-22T16:53:42.190669558Z 16:53:42.190522 recvmsg(8, {msg_name={sa_family=AF_NETLINK, nl_pid=0, nl_groups=00000000}, msg_namelen=12, msg_iov=[{iov_base={{len=20, type=NLMSG_DONE, flags=NLM_F_MULTI, seq=1690044822, pid=71}, 0}, iov_len=4096}], msg_iovlen=1, msg_controllen=0, msg_flags=0}, 0) = 20
2023-07-22T16:53:42.190943578Z 16:53:42.190851 socket(AF_UNIX, SOCK_STREAM|SOCK_CLOEXEC|SOCK_NONBLOCK, 0) = 8
2023-07-22T16:53:42.191019608Z 16:53:42.190912 connect(8, {sa_family=AF_UNIX, sun_path="/var/run/nscd/socket"}, 110) = -1 ENOENT (No such file or directory)
2023-07-22T16:53:42.191121288Z 16:53:42.190993 socket(AF_UNIX, SOCK_STREAM|SOCK_CLOEXEC|SOCK_NONBLOCK, 0) = 8
2023-07-22T16:53:42.191133008Z 16:53:42.191038 connect(8, {sa_family=AF_UNIX, sun_path="/var/run/nscd/socket"}, 110) = -1 ENOENT (No such file or directory)
2023-07-22T16:53:42.192290728Z 16:53:42.192147 socket(AF_INET, SOCK_DGRAM|SOCK_CLOEXEC|SOCK_NONBLOCK, IPPROTO_IP) = 8
2023-07-22T16:53:42.192402368Z 16:53:42.192215 connect(8, {sa_family=AF_INET, sin_port=htons(53), sin_addr=inet_addr("10.120.0.10")}, 16) = 0
2023-07-22T16:53:42.192575657Z 16:53:42.192319 sendto(8, "I3\1\0\0\1\0\0\0\0\0\0\rflux-sample-0\fflux-"..., 76, MSG_NOSIGNAL, NULL, 0) = 76
2023-07-22T16:53:42.193322528Z 16:53:42.193108 recvfrom(8, "I3\205\200\0\1\0\1\0\0\0\0\rflux-sample-0\fflux-"..., 1024, 0, {sa_family=AF_INET, sin_port=htons(53), sin_addr=inet_addr("10.120.0.10")}, [28->16]) = 150
2023-07-22T16:53:42.198378987Z broker.info[3]: start: none->join 2.05689ms
2023-07-22T16:53:44.344251533Z broker.info[3]: parent-ready: join->init 2.14565s
2023-07-22T16:53:44.344471063Z 16:53:44.344086 socketpair(AF_UNIX, SOCK_STREAM|SOCK_CLOEXEC, 0, [22, 23]) = 0
2023-07-22T16:53:44.344541053Z 16:53:44.344187 socketpair(AF_UNIX, SOCK_STREAM, 0, [24, 25]) = 0
2023-07-22T16:53:44.344549303Z 16:53:44.344340 socketpair(AF_UNIX, SOCK_STREAM, 0, [26, 27]) = 0
2023-07-22T16:53:44.344576763Z 16:53:44.344459 socketpair(AF_UNIX, SOCK_STREAM, 0, [28, 29]) = 0
2023-07-22T16:53:44.360686342Z broker.info[3]: configuration updated
2023-07-22T16:53:44.434631589Z broker.info[3]: rc1.0: running /etc/flux/rc1.d/01-sched-fluxion
2023-07-22T16:53:44.441133918Z broker.info[3]: rc1.0: running /etc/flux/rc1.d/02-cron
2023-07-22T16:53:44.453342988Z broker.info[3]: rc1.0: /etc/flux/rc1 Exited (rc=0) 0.1s
2023-07-22T16:53:44.453903008Z broker.info[3]: rc1-success: init->quorum 0.109668s
2023-07-22T16:53:53.587050764Z broker.info[3]: quorum-full: quorum->run 9.13293s
2023-07-22T16:53:54.125351132Z 16:53:54.125055 socketpair(AF_UNIX, SOCK_STREAM|SOCK_CLOEXEC, 0, [22, 23]) = 0
2023-07-22T16:53:54.125496943Z 16:53:54.125326 socketpair(AF_UNIX, SOCK_STREAM, 0, [24, 25]) = 0
2023-07-22T16:53:54.125806613Z 16:53:54.125638 socketpair(AF_UNIX, SOCK_STREAM, 0, [26, 28]) = 0
2023-07-22T16:53:54.125961843Z 16:53:54.125795 socketpair(AF_UNIX, SOCK_STREAM, 0, [58, 59]) = 0
2023-07-22T16:53:54.126254103Z 16:53:54.126083 socketpair(AF_UNIX, SOCK_STREAM, 0, [60, 61]) = 0
2023-07-22T16:54:08.511806979Z broker.info[3]: shutdown: run->cleanup 14.9246s
2023-07-22T16:54:08.513984159Z broker.info[3]: cleanup-none: cleanup->shutdown 1.33731ms
2023-07-22T16:54:08.515596189Z broker.info[3]: children-none: shutdown->finalize 1.13507ms
2023-07-22T16:54:08.516255829Z 16:54:08.515893 socketpair(AF_UNIX, SOCK_STREAM|SOCK_CLOEXEC, 0, [22, 23]) = 0
2023-07-22T16:54:08.516343129Z 16:54:08.516155 socketpair(AF_UNIX, SOCK_STREAM, 0, [24, 25]) = 0
2023-07-22T16:54:08.516864889Z 16:54:08.516742 socketpair(AF_UNIX, SOCK_STREAM, 0, [26, 28]) = 0
2023-07-22T16:54:08.516975949Z 16:54:08.516861 socketpair(AF_UNIX, SOCK_STREAM, 0, [58, 59]) = 0
2023-07-22T16:54:08.529005158Z broker.info[3]: rc3.0: running /etc/flux/rc3.d/01-sched-fluxion
2023-07-22T16:54:08.623637024Z broker.info[3]: rc3.0: /etc/flux/rc3 Exited (rc=0) 0.1s
2023-07-22T16:54:08.624727854Z broker.info[3]: rc3-success: finalize->goodbye 0.108692s
2023-07-22T16:54:08.626384324Z broker.info[3]: goodbye: goodbye->exit 1.13533ms
2023-07-22T16:54:08.634040204Z 16:54:08.633880 +++ exited with 0 +++
2023-07-22T16:54:08.635069124Z Return value for follower worker is 0
2023-07-22T16:54:08.635085024Z The follower worker exited cleanly. Goodbye!
