2023-07-22T17:14:25.083874801Z
2023-07-22T17:14:25.083926870Z Flux username: flux
2023-07-22T17:14:25.083998181Z
2023-07-22T17:14:25.084046161Z Flux install root: /usr
2023-07-22T17:14:25.123293577Z flux user is already added.
2023-07-22T17:14:25.124883707Z flux user identifiers:
2023-07-22T17:14:25.124900717Z uid=1234(flux) gid=1234(flux) groups=1234(flux)
2023-07-22T17:14:25.124904937Z
2023-07-22T17:14:25.124910767Z As Flux prefix for flux commands: sudo -u flux -E PYTHONPATH=/opt/conda/lib/python3.10/site-packages -E PATH=/opt/conda/bin:/usr/local/sbin:/usr/local/bin:/usr/sbin:/usr/bin:/sbin:/bin -E LD_LIBRARY_PATH=/opt/conda/lib -E HOME=/home/flux
2023-07-22T17:14:25.128958857Z
2023-07-22T17:14:25.128974917Z 👋 Hello, I'm flux-sample-3
2023-07-22T17:14:25.129120207Z The main host is flux-sample-0
2023-07-22T17:14:25.129269197Z The working directory is /home/flux/examples/reaxff/HNS, contents include:
2023-07-22T17:14:25.130559727Z /home/flux/examples/reaxff/HNS:
2023-07-22T17:14:25.130613717Z README.txt	ffield.reax.hns  log.8Mar18.reaxc.hns.g++.1
2023-07-22T17:14:25.130618467Z data.hns-equil	in.reaxc.hns	 log.8Mar18.reaxc.hns.g++.4
2023-07-22T17:14:25.130797747Z End of file listing, if you see nothing above there are no files.
2023-07-22T17:14:25.132001857Z flux R encode --hosts=flux-sample-[0-7]
2023-07-22T17:14:25.141829996Z
2023-07-22T17:14:25.141853145Z 📦 Resources
2023-07-22T17:14:25.142694356Z {"version": 1, "execution": {"R_lite": [{"rank": "0-7", "children": {"core": "0"}}], "starttime": 0.0, "expiration": 0.0, "nodelist": ["flux-sample-[0-7]"]}}
2023-07-22T17:14:25.142818885Z
2023-07-22T17:14:25.142831305Z 🐸 Diagnostics: false
2023-07-22T17:14:25.142965656Z 🚩️ Flux Option Flags defined
2023-07-22T17:14:25.145076595Z
2023-07-22T17:14:25.145098865Z 🦊 Independent Minister of Privilege
2023-07-22T17:14:25.145787966Z [exec]
2023-07-22T17:14:25.145799286Z allowed-users = [ "flux", "root" ]
2023-07-22T17:14:25.145806555Z allowed-shells = [ "/usr/libexec/flux/flux-shell" ]
2023-07-22T17:14:25.145936475Z
2023-07-22T17:14:25.145947185Z 🐸 Broker Configuration
2023-07-22T17:14:25.146529565Z # Flux needs to know the path to the IMP executable
2023-07-22T17:14:25.146539515Z [exec]
2023-07-22T17:14:25.146543685Z imp = "/usr/libexec/flux/flux-imp"
2023-07-22T17:14:25.146547965Z
2023-07-22T17:14:25.146552005Z [access]
2023-07-22T17:14:25.146556815Z allow-guest-user = true
2023-07-22T17:14:25.146594185Z allow-root-owner = true
2023-07-22T17:14:25.146602025Z
2023-07-22T17:14:25.146606125Z # Point to resource definition generated with flux-R(1).
2023-07-22T17:14:25.146609155Z [resource]
2023-07-22T17:14:25.146613025Z path = "/etc/flux/system/R"
2023-07-22T17:14:25.146616125Z
2023-07-22T17:14:25.146619715Z [bootstrap]
2023-07-22T17:14:25.146623575Z curve_cert = "/etc/curve/curve.cert"
2023-07-22T17:14:25.146627395Z default_port = 8050
2023-07-22T17:14:25.146630535Z default_bind = "tcp://eth0:%p"
2023-07-22T17:14:25.146636325Z default_connect = "tcp://%h.flux-service.flux-operator.svc.cluster.local:%p"
2023-07-22T17:14:25.146640545Z hosts = [
2023-07-22T17:14:25.146644115Z 	{ host="flux-sample-[0-7]"},
2023-07-22T17:14:25.146647585Z ]
2023-07-22T17:14:25.146651085Z [archive]
2023-07-22T17:14:25.146654805Z dbpath = "/var/lib/flux/job-archive.sqlite"
2023-07-22T17:14:25.146658315Z period = "1m"
2023-07-22T17:14:25.198686401Z busytimeout = "50s"
2023-07-22T17:14:25.198787971Z 🧊️ State Directory:
2023-07-22T17:14:25.198850921Z total 0
2023-07-22T17:14:25.198907081Z
2023-07-22T17:14:25.200432321Z
2023-07-22T17:14:25.200456221Z 🔒️ Working directory permissions:
2023-07-22T17:14:25.200461031Z total 96
2023-07-22T17:14:25.200465581Z -rwxrwxrwx 1 flux root  2517 May 17 22:32 README.txt
2023-07-22T17:14:25.200469381Z -rwxrwxrwx 1 flux root 54692 May 17 22:32 data.hns-equil
2023-07-22T17:14:25.200472901Z -rwxrwxrwx 1 flux root 13576 May 17 22:32 ffield.reax.hns
2023-07-22T17:14:25.200476241Z -rwxrwxrwx 1 flux root   870 May 17 22:32 in.reaxc.hns
2023-07-22T17:14:25.200506011Z -rwxrwxrwx 1 flux root  4172 May 17 22:32 log.8Mar18.reaxc.hns.g++.1
2023-07-22T17:14:25.200512301Z -rwxrwxrwx 1 flux root  4168 May 17 22:32 log.8Mar18.reaxc.hns.g++.4
2023-07-22T17:14:25.200516201Z
2023-07-22T17:14:25.200619831Z
2023-07-22T17:14:25.200630381Z ✨ Curve certificate generated by helper pod
2023-07-22T17:14:25.201180021Z #   ****  Generated on 2023-04-26 22:54:42 by CZMQ  ****
2023-07-22T17:14:25.201190131Z #   ZeroMQ CURVE **Secret** Certificate
2023-07-22T17:14:25.201195121Z #   DO NOT PROVIDE THIS FILE TO OTHER USERS nor change its permissions.
2023-07-22T17:14:25.201198861Z
2023-07-22T17:14:25.201202171Z metadata
2023-07-22T17:14:25.201206351Z     name = "flux-cert-generator"
2023-07-22T17:14:25.201209581Z     keygen.hostname = "flux-sample-0"
2023-07-22T17:14:25.201213261Z curve
2023-07-22T17:14:25.201216251Z     public-key = ".-]p]2RTs])JS{aPc8(0TlEwe]KfrF&V/<HsWqA%"
2023-07-22T17:14:25.201219641Z     secret-key = "J@XPpOa1:T%2HIq9[Q5.WMcxj5o/)?Iv1S&Y4gnJ"
2023-07-22T17:14:25.202210671Z
2023-07-22T17:14:25.202297811Z 🌀  flux start --wrap=strace,-e,network,-tt -o --config /etc/flux/config -Scron.directory=/etc/flux/system/cron.d   -Stbon.fanout=256   -Srundir=/run/flux    -Sstatedir=/var/lib/flux   -Slocal-uri=local:///run/flux/local -Stbon.connect_timeout=4s  -Stbon.zmqdebug=1  -Slog-stderr-level=6    -Slog-stderr-mode=local
2023-07-22T17:14:25.220296499Z 17:14:25.220005 socket(AF_NETLINK, SOCK_RAW, NETLINK_ROUTE) = 8
2023-07-22T17:14:25.220474299Z 17:14:25.220364 bind(8, {sa_family=AF_NETLINK, nl_pid=0, nl_groups=00000000}, 12) = 0
2023-07-22T17:14:25.220654059Z 17:14:25.220516 getsockname(8, {sa_family=AF_NETLINK, nl_pid=70, nl_groups=00000000}, [12]) = 0
2023-07-22T17:14:25.220918649Z 17:14:25.220696 sendto(8, {{len=20, type=RTM_GETADDR, flags=NLM_F_REQUEST|NLM_F_DUMP, seq=1690046065, pid=0}, {ifa_family=AF_UNSPEC, ...}}, 20, 0, {sa_family=AF_NETLINK, nl_pid=0, nl_groups=00000000}, 12) = 20
2023-07-22T17:14:25.221298419Z 17:14:25.220963 recvmsg(8, {msg_name={sa_family=AF_NETLINK, nl_pid=0, nl_groups=00000000}, msg_namelen=12, msg_iov=[{iov_base=[{{len=76, type=RTM_NEWADDR, flags=NLM_F_MULTI, seq=1690046065, pid=70}, {ifa_family=AF_INET, ifa_prefixlen=8, ifa_flags=IFA_F_PERMANENT, ifa_scope=RT_SCOPE_HOST, ifa_index=if_nametoindex("lo")}, [{{nla_len=8, nla_type=IFA_ADDRESS}, 127.0.0.1}, {{nla_len=8, nla_type=IFA_LOCAL}, 127.0.0.1}, {{nla_len=7, nla_type=IFA_LABEL}, "lo"}, {{nla_len=8, nla_type=IFA_FLAGS}, IFA_F_PERMANENT}, {{nla_len=20, nla_type=IFA_CACHEINFO}, {ifa_prefered=4294967295, ifa_valid=4294967295, cstamp=755419, tstamp=755419}}]}, {{len=88, type=RTM_NEWADDR, flags=NLM_F_MULTI, seq=1690046065, pid=70}, {ifa_family=AF_INET, ifa_prefixlen=24, ifa_flags=IFA_F_PERMANENT, ifa_scope=RT_SCOPE_UNIVERSE, ifa_index=if_nametoindex("eth0")}, [{{nla_len=8, nla_type=IFA_ADDRESS}, 10.116.6.80}, {{nla_len=8, nla_type=IFA_LOCAL}, 10.116.6.80}, {{nla_len=8, nla_type=IFA_BROADCAST}, 10.116.6.255}, {{nla_len=9, nla_type=IFA_LABEL}, "eth0"}, {{nla_len=8, nla_type=IFA_FLAGS}, IFA_F_PERMANENT}, {{nla_len=20, nla_type=IFA_CACHEINFO}, {ifa_prefered=4294967295, ifa_valid=4294967295, cstamp=755421, tstamp=755421}}]}], iov_len=4096}], msg_iovlen=1, msg_controllen=0, msg_flags=0}, 0) = 164
2023-07-22T17:14:25.221483269Z 17:14:25.221327 recvmsg(8, {msg_name={sa_family=AF_NETLINK, nl_pid=0, nl_groups=00000000}, msg_namelen=12, msg_iov=[{iov_base={{len=20, type=NLMSG_DONE, flags=NLM_F_MULTI, seq=1690046065, pid=70}, 0}, iov_len=4096}], msg_iovlen=1, msg_controllen=0, msg_flags=0}, 0) = 20
2023-07-22T17:14:25.221833759Z 17:14:25.221726 socket(AF_UNIX, SOCK_STREAM|SOCK_CLOEXEC|SOCK_NONBLOCK, 0) = 8
2023-07-22T17:14:25.222004419Z 17:14:25.221876 connect(8, {sa_family=AF_UNIX, sun_path="/var/run/nscd/socket"}, 110) = -1 ENOENT (No such file or directory)
2023-07-22T17:14:25.222185889Z 17:14:25.222066 socket(AF_UNIX, SOCK_STREAM|SOCK_CLOEXEC|SOCK_NONBLOCK, 0) = 8
2023-07-22T17:14:25.222345679Z 17:14:25.222225 connect(8, {sa_family=AF_UNIX, sun_path="/var/run/nscd/socket"}, 110) = -1 ENOENT (No such file or directory)
2023-07-22T17:14:25.223043519Z 17:14:25.222903 socket(AF_INET, SOCK_DGRAM|SOCK_CLOEXEC|SOCK_NONBLOCK, IPPROTO_IP) = 8
2023-07-22T17:14:25.223181629Z 17:14:25.223068 connect(8, {sa_family=AF_INET, sin_port=htons(53), sin_addr=inet_addr("10.120.0.10")}, 16) = 0
2023-07-22T17:14:25.223478279Z 17:14:25.223233 sendto(8, "'\362\1\0\0\1\0\0\0\0\0\0\rflux-sample-0\fflux-"..., 76, MSG_NOSIGNAL, NULL, 0) = 76
2023-07-22T17:14:25.226448249Z 17:14:25.226075 recvfrom(8, "'\362\205\200\0\1\0\0\0\0\0\0\rflux-sample-0\fflux-"..., 1024, 0, {sa_family=AF_INET, sin_port=htons(53), sin_addr=inet_addr("10.120.0.10")}, [28->16]) = 76
2023-07-22T17:14:25.226691719Z 17:14:25.226553 socket(AF_INET, SOCK_DGRAM|SOCK_CLOEXEC|SOCK_NONBLOCK, IPPROTO_IP) = 8
2023-07-22T17:14:25.226825529Z 17:14:25.226715 connect(8, {sa_family=AF_INET, sin_port=htons(53), sin_addr=inet_addr("10.120.0.10")}, 16) = 0
2023-07-22T17:14:25.227053919Z 17:14:25.226890 sendto(8, "\247N\1\0\0\1\0\0\0\0\0\0\rflux-sample-0\fflux-"..., 108, MSG_NOSIGNAL, NULL, 0) = 108
2023-07-22T17:14:25.227947139Z 17:14:25.227779 recvfrom(8, "\247N\201\203\0\1\0\0\0\1\0\0\rflux-sample-0\fflux-"..., 1024, 0, {sa_family=AF_INET, sin_port=htons(53), sin_addr=inet_addr("10.120.0.10")}, [28->16]) = 201
2023-07-22T17:14:25.228097268Z 17:14:25.227987 socket(AF_INET, SOCK_DGRAM|SOCK_CLOEXEC|SOCK_NONBLOCK, IPPROTO_IP) = 8
2023-07-22T17:14:25.228265429Z 17:14:25.228136 connect(8, {sa_family=AF_INET, sin_port=htons(53), sin_addr=inet_addr("10.120.0.10")}, 16) = 0
2023-07-22T17:14:25.228453708Z 17:14:25.228309 sendto(8, "\352\211\1\0\0\1\0\0\0\0\0\0\rflux-sample-0\fflux-"..., 94, MSG_NOSIGNAL, NULL, 0) = 94
2023-07-22T17:14:25.229347369Z 17:14:25.229116 recvfrom(8, "\352\211\201\203\0\1\0\0\0\1\0\0\rflux-sample-0\fflux-"..., 1024, 0, {sa_family=AF_INET, sin_port=htons(53), sin_addr=inet_addr("10.120.0.10")}, [28->16]) = 187
2023-07-22T17:14:25.229388178Z 17:14:25.229246 socket(AF_INET, SOCK_DGRAM|SOCK_CLOEXEC|SOCK_NONBLOCK, IPPROTO_IP) = 8
2023-07-22T17:14:25.229486288Z 17:14:25.229286 connect(8, {sa_family=AF_INET, sin_port=htons(53), sin_addr=inet_addr("10.120.0.10")}, 16) = 0
2023-07-22T17:14:25.229503538Z 17:14:25.229340 sendto(8, "M\262\1\0\0\1\0\0\0\0\0\0\rflux-sample-0\fflux-"..., 90, MSG_NOSIGNAL, NULL, 0) = 90
2023-07-22T17:14:25.230147918Z 17:14:25.229991 recvfrom(8, "M\262\201\203\0\1\0\0\0\1\0\0\rflux-sample-0\fflux-"..., 1024, 0, {sa_family=AF_INET, sin_port=htons(53), sin_addr=inet_addr("10.120.0.10")}, [28->16]) = 183
2023-07-22T17:14:25.230228858Z 17:14:25.230103 socket(AF_INET, SOCK_DGRAM|SOCK_CLOEXEC|SOCK_NONBLOCK, IPPROTO_IP) = 8
2023-07-22T17:14:25.230276898Z 17:14:25.230139 connect(8, {sa_family=AF_INET, sin_port=htons(53), sin_addr=inet_addr("10.120.0.10")}, 16) = 0
2023-07-22T17:14:25.230367758Z 17:14:25.230193 sendto(8, "\371\36\1\0\0\1\0\0\0\0\0\0\rflux-sample-0\fflux-"..., 111, MSG_NOSIGNAL, NULL, 0) = 111
2023-07-22T17:14:25.235374438Z 17:14:25.235178 recvfrom(8, "\371\36\201\203\0\1\0\0\0\1\0\0\rflux-sample-0\fflux-"..., 1024, 0, {sa_family=AF_INET, sin_port=htons(53), sin_addr=inet_addr("10.120.0.10")}, [28->16]) = 221
2023-07-22T17:14:25.235451368Z 17:14:25.235350 socket(AF_INET, SOCK_DGRAM|SOCK_CLOEXEC|SOCK_NONBLOCK, IPPROTO_IP) = 8
2023-07-22T17:14:25.235516098Z 17:14:25.235411 connect(8, {sa_family=AF_INET, sin_port=htons(53), sin_addr=inet_addr("10.120.0.10")}, 16) = 0
2023-07-22T17:14:25.235648468Z 17:14:25.235471 sendto(8, "D?\1\0\0\1\0\0\0\0\0\0\rflux-sample-0\fflux-"..., 97, MSG_NOSIGNAL, NULL, 0) = 97
2023-07-22T17:14:25.241298568Z 17:14:25.241067 recvfrom(8, "D?\201\203\0\1\0\0\0\1\0\0\rflux-sample-0\fflux-"..., 1024, 0, {sa_family=AF_INET, sin_port=htons(53), sin_addr=inet_addr("10.120.0.10")}, [28->16]) = 202
2023-07-22T17:14:25.241458868Z 17:14:25.241340 socket(AF_INET, SOCK_DGRAM|SOCK_CLOEXEC|SOCK_NONBLOCK, IPPROTO_IP) = 8
2023-07-22T17:14:25.241529187Z 17:14:25.241434 connect(8, {sa_family=AF_INET, sin_port=htons(53), sin_addr=inet_addr("10.120.0.10")}, 16) = 0
2023-07-22T17:14:25.241718617Z 17:14:25.241601 sendto(8, "Y~\1\0\0\1\0\0\0\0\0\0\rflux-sample-0\fflux-"..., 92, MSG_NOSIGNAL, NULL, 0) = 92
2023-07-22T17:14:25.248406407Z 17:14:25.248298 recvfrom(8, "Y~\201\203\0\1\0\0\0\1\0\0\rflux-sample-0\fflux-"..., 1024, 0, {sa_family=AF_INET, sin_port=htons(53), sin_addr=inet_addr("10.120.0.10")}, [28->16]) = 197
2023-07-22T17:14:25.248787197Z broker.err[3]: Warning: unable to resolve upstream peer flux-sample-0.flux-service.flux-operator.svc.cluster.local: No address associated with hostname
2023-07-22T17:14:25.254753686Z broker.info[3]: start: none->join 2.23977ms
2023-07-22T17:14:30.250297082Z broker.info[3]: parent-ready: join->init 4.99527s
2023-07-22T17:14:30.250455742Z 17:14:30.250113 socketpair(AF_UNIX, SOCK_STREAM|SOCK_CLOEXEC, 0, [22, 23]) = 0
2023-07-22T17:14:30.250466082Z 17:14:30.250327 socketpair(AF_UNIX, SOCK_STREAM, 0, [24, 25]) = 0
2023-07-22T17:14:30.250676411Z 17:14:30.250524 socketpair(AF_UNIX, SOCK_STREAM, 0, [26, 27]) = 0
2023-07-22T17:14:30.250849092Z 17:14:30.250709 socketpair(AF_UNIX, SOCK_STREAM, 0, [28, 29]) = 0
2023-07-22T17:14:30.266314640Z broker.info[3]: configuration updated
2023-07-22T17:14:30.363445173Z broker.info[3]: rc1.0: running /etc/flux/rc1.d/01-sched-fluxion
2023-07-22T17:14:30.373316002Z broker.info[3]: rc1.0: running /etc/flux/rc1.d/02-cron
2023-07-22T17:14:30.387802920Z broker.info[3]: rc1.0: /etc/flux/rc1 Exited (rc=0) 0.1s
2023-07-22T17:14:30.388272680Z broker.info[3]: rc1-success: init->quorum 0.138054s
2023-07-22T17:14:39.594336755Z broker.info[3]: quorum-full: quorum->run 9.20569s
2023-07-22T17:14:40.149506389Z 17:14:40.149181 socketpair(AF_UNIX, SOCK_STREAM|SOCK_CLOEXEC, 0, [22, 23]) = 0
2023-07-22T17:14:40.149673768Z 17:14:40.149386 socketpair(AF_UNIX, SOCK_STREAM, 0, [24, 25]) = 0
2023-07-22T17:14:40.149686819Z 17:14:40.149534 socketpair(AF_UNIX, SOCK_STREAM, 0, [26, 28]) = 0
2023-07-22T17:14:40.149826129Z 17:14:40.149696 socketpair(AF_UNIX, SOCK_STREAM, 0, [58, 59]) = 0
2023-07-22T17:14:40.149949409Z 17:14:40.149846 socketpair(AF_UNIX, SOCK_STREAM, 0, [60, 61]) = 0
2023-07-22T17:14:53.374194470Z broker.info[3]: shutdown: run->cleanup 13.7796s
2023-07-22T17:14:53.375039630Z broker.info[3]: cleanup-none: cleanup->shutdown 0.72314ms
2023-07-22T17:14:53.376404370Z broker.info[3]: children-none: shutdown->finalize 1.04292ms
2023-07-22T17:14:53.376950000Z 17:14:53.376708 socketpair(AF_UNIX, SOCK_STREAM|SOCK_CLOEXEC, 0, [22, 23]) = 0
2023-07-22T17:14:53.377301219Z 17:14:53.376978 socketpair(AF_UNIX, SOCK_STREAM, 0, [24, 25]) = 0
2023-07-22T17:14:53.377688869Z 17:14:53.377548 socketpair(AF_UNIX, SOCK_STREAM, 0, [26, 28]) = 0
2023-07-22T17:14:53.377974239Z 17:14:53.377805 socketpair(AF_UNIX, SOCK_STREAM, 0, [58, 59]) = 0
2023-07-22T17:14:53.390087888Z broker.info[3]: rc3.0: running /etc/flux/rc3.d/01-sched-fluxion
2023-07-22T17:14:53.483986831Z broker.info[3]: rc3.0: /etc/flux/rc3 Exited (rc=0) 0.1s
2023-07-22T17:14:53.485062861Z broker.info[3]: rc3-success: finalize->goodbye 0.108238s
2023-07-22T17:14:53.486451880Z broker.info[3]: goodbye: goodbye->exit 1.02537ms
2023-07-22T17:14:53.493802340Z 17:14:53.493672 +++ exited with 0 +++
2023-07-22T17:14:53.494640550Z Return value for follower worker is 0
2023-07-22T17:14:53.494656450Z The follower worker exited cleanly. Goodbye!
