2023-07-22T16:53:10.915939412Z
2023-07-22T16:53:10.916003141Z Flux username: flux
2023-07-22T16:53:10.916009739Z
2023-07-22T16:53:10.916015071Z Flux install root: /usr
2023-07-22T16:53:10.969355101Z flux user is already added.
2023-07-22T16:53:10.974273939Z flux user identifiers:
2023-07-22T16:53:10.974308641Z uid=1234(flux) gid=1234(flux) groups=1234(flux)
2023-07-22T16:53:10.974628021Z
2023-07-22T16:53:10.974649141Z As Flux prefix for flux commands: sudo -u flux -E PYTHONPATH=/opt/conda/lib/python3.10/site-packages -E PATH=/opt/conda/bin:/usr/local/sbin:/usr/local/bin:/usr/sbin:/usr/bin:/sbin:/bin -E LD_LIBRARY_PATH=/opt/conda/lib -E HOME=/home/flux
2023-07-22T16:53:10.990366785Z
2023-07-22T16:53:10.990406670Z 👋 Hello, I'm flux-sample-2
2023-07-22T16:53:10.990524887Z The main host is flux-sample-0
2023-07-22T16:53:10.990536283Z The working directory is /home/flux/examples/reaxff/HNS, contents include:
2023-07-22T16:53:10.992966607Z /home/flux/examples/reaxff/HNS:
2023-07-22T16:53:10.993194228Z README.txt	ffield.reax.hns  log.8Mar18.reaxc.hns.g++.1
2023-07-22T16:53:10.993357449Z data.hns-equil	in.reaxc.hns	 log.8Mar18.reaxc.hns.g++.4
2023-07-22T16:53:10.993907715Z End of file listing, if you see nothing above there are no files.
2023-07-22T16:53:10.996463897Z flux R encode --hosts=flux-sample-[0-7]
2023-07-22T16:53:11.016971001Z
2023-07-22T16:53:11.017009538Z 📦 Resources
2023-07-22T16:53:11.019192064Z {"version": 1, "execution": {"R_lite": [{"rank": "0-7", "children": {"core": "0"}}], "starttime": 0.0, "expiration": 0.0, "nodelist": ["flux-sample-[0-7]"]}}
2023-07-22T16:53:11.019761942Z
2023-07-22T16:53:11.019783554Z 🐸 Diagnostics: false
2023-07-22T16:53:11.020153573Z 🚩️ Flux Option Flags defined
2023-07-22T16:53:11.025664176Z
2023-07-22T16:53:11.025693295Z 🦊 Independent Minister of Privilege
2023-07-22T16:53:11.027525949Z [exec]
2023-07-22T16:53:11.027548832Z allowed-users = [ "flux", "root" ]
2023-07-22T16:53:11.027555827Z allowed-shells = [ "/usr/libexec/flux/flux-shell" ]
2023-07-22T16:53:11.027952951Z
2023-07-22T16:53:11.027973001Z 🐸 Broker Configuration
2023-07-22T16:53:11.029748578Z # Flux needs to know the path to the IMP executable
2023-07-22T16:53:11.029781693Z [exec]
2023-07-22T16:53:11.029789281Z imp = "/usr/libexec/flux/flux-imp"
2023-07-22T16:53:11.029793663Z
2023-07-22T16:53:11.029798645Z [access]
2023-07-22T16:53:11.029804038Z allow-guest-user = true
2023-07-22T16:53:11.029808828Z allow-root-owner = true
2023-07-22T16:53:11.029813270Z
2023-07-22T16:53:11.029818107Z # Point to resource definition generated with flux-R(1).
2023-07-22T16:53:11.029822777Z [resource]
2023-07-22T16:53:11.029828624Z path = "/etc/flux/system/R"
2023-07-22T16:53:11.029833028Z
2023-07-22T16:53:11.029838173Z [bootstrap]
2023-07-22T16:53:11.029843085Z curve_cert = "/etc/curve/curve.cert"
2023-07-22T16:53:11.029847760Z default_port = 8050
2023-07-22T16:53:11.029852745Z default_bind = "tcp://eth0:%p"
2023-07-22T16:53:11.029857851Z default_connect = "tcp://%h.flux-service.flux-operator.svc.cluster.local:%p"
2023-07-22T16:53:11.029862727Z hosts = [
2023-07-22T16:53:11.029884478Z 	{ host="flux-sample-[0-7]"},
2023-07-22T16:53:11.029889644Z ]
2023-07-22T16:53:11.029894618Z [archive]
2023-07-22T16:53:11.029899296Z dbpath = "/var/lib/flux/job-archive.sqlite"
2023-07-22T16:53:11.029904192Z period = "1m"
2023-07-22T16:53:11.134257853Z busytimeout = "50s"
2023-07-22T16:53:11.134298212Z 🧊️ State Directory:
2023-07-22T16:53:11.134304722Z total 0
2023-07-22T16:53:11.134309788Z
2023-07-22T16:53:11.138076043Z
2023-07-22T16:53:11.138141970Z 🔒️ Working directory permissions:
2023-07-22T16:53:11.138148883Z total 96
2023-07-22T16:53:11.138154976Z -rwxrwxrwx 1 flux root  2517 May 17 22:32 README.txt
2023-07-22T16:53:11.138159880Z -rwxrwxrwx 1 flux root 54692 May 17 22:32 data.hns-equil
2023-07-22T16:53:11.138164654Z -rwxrwxrwx 1 flux root 13576 May 17 22:32 ffield.reax.hns
2023-07-22T16:53:11.138169400Z -rwxrwxrwx 1 flux root   870 May 17 22:32 in.reaxc.hns
2023-07-22T16:53:11.138175108Z -rwxrwxrwx 1 flux root  4172 May 17 22:32 log.8Mar18.reaxc.hns.g++.1
2023-07-22T16:53:11.138179686Z -rwxrwxrwx 1 flux root  4168 May 17 22:32 log.8Mar18.reaxc.hns.g++.4
2023-07-22T16:53:11.138183952Z
2023-07-22T16:53:11.138261816Z
2023-07-22T16:53:11.138275282Z ✨ Curve certificate generated by helper pod
2023-07-22T16:53:11.139777386Z #   ****  Generated on 2023-04-26 22:54:42 by CZMQ  ****
2023-07-22T16:53:11.139799540Z #   ZeroMQ CURVE **Secret** Certificate
2023-07-22T16:53:11.139805452Z #   DO NOT PROVIDE THIS FILE TO OTHER USERS nor change its permissions.
2023-07-22T16:53:11.139810773Z
2023-07-22T16:53:11.139815800Z metadata
2023-07-22T16:53:11.139821339Z     name = "flux-cert-generator"
2023-07-22T16:53:11.139826496Z     keygen.hostname = "flux-sample-0"
2023-07-22T16:53:11.139831925Z curve
2023-07-22T16:53:11.139837236Z     public-key = "U?(UG1!*F@*ltMshiadPH:O!SDO$gz51hU$/C&<A"
2023-07-22T16:53:11.139842130Z     secret-key = "8GG+@XCsgdd&a=tk>Q8QKoCA?OpD%V[?3y@=qU^("
2023-07-22T16:53:13.145266001Z
2023-07-22T16:53:13.145320472Z 🌀  flux start --wrap=strace,-e,network,-tt -o --config /etc/flux/config -Scron.directory=/etc/flux/system/cron.d   -Stbon.fanout=256   -Srundir=/run/flux    -Sstatedir=/var/lib/flux   -Slocal-uri=local:///run/flux/local -Stbon.connect_timeout=2s  -Stbon.zmqdebug=1  -Slog-stderr-level=6    -Slog-stderr-mode=local
2023-07-22T16:53:13.180453469Z 16:53:13.180008 socket(AF_NETLINK, SOCK_RAW, NETLINK_ROUTE) = 8
2023-07-22T16:53:13.181142151Z 16:53:13.180552 bind(8, {sa_family=AF_NETLINK, nl_pid=0, nl_groups=00000000}, 12) = 0
2023-07-22T16:53:13.181447504Z 16:53:13.181219 getsockname(8, {sa_family=AF_NETLINK, nl_pid=71, nl_groups=00000000}, [12]) = 0
2023-07-22T16:53:13.182215790Z 16:53:13.181536 sendto(8, {{len=20, type=RTM_GETADDR, flags=NLM_F_REQUEST|NLM_F_DUMP, seq=1690044793, pid=0}, {ifa_family=AF_UNSPEC, ...}}, 20, 0, {sa_family=AF_NETLINK, nl_pid=0, nl_groups=00000000}, 12) = 20
2023-07-22T16:53:13.183160547Z 16:53:13.182492 recvmsg(8, {msg_name={sa_family=AF_NETLINK, nl_pid=0, nl_groups=00000000}, msg_namelen=12, msg_iov=[{iov_base=[{{len=76, type=RTM_NEWADDR, flags=NLM_F_MULTI, seq=1690044793, pid=71}, {ifa_family=AF_INET, ifa_prefixlen=8, ifa_flags=IFA_F_PERMANENT, ifa_scope=RT_SCOPE_HOST, ifa_index=if_nametoindex("lo")}, [{{nla_len=8, nla_type=IFA_ADDRESS}, 127.0.0.1}, {{nla_len=8, nla_type=IFA_LOCAL}, 127.0.0.1}, {{nla_len=7, nla_type=IFA_LABEL}, "lo"}, {{nla_len=8, nla_type=IFA_FLAGS}, IFA_F_PERMANENT}, {{nla_len=20, nla_type=IFA_CACHEINFO}, {ifa_prefered=4294967295, ifa_valid=4294967295, cstamp=627882, tstamp=627882}}]}, {{len=88, type=RTM_NEWADDR, flags=NLM_F_MULTI, seq=1690044793, pid=71}, {ifa_family=AF_INET, ifa_prefixlen=24, ifa_flags=IFA_F_PERMANENT, ifa_scope=RT_SCOPE_UNIVERSE, ifa_index=if_nametoindex("eth0")}, [{{nla_len=8, nla_type=IFA_ADDRESS}, 10.116.7.44}, {{nla_len=8, nla_type=IFA_LOCAL}, 10.116.7.44}, {{nla_len=8, nla_type=IFA_BROADCAST}, 10.116.7.255}, {{nla_len=9, nla_type=IFA_LABEL}, "eth0"}, {{nla_len=8, nla_type=IFA_FLAGS}, IFA_F_PERMANENT}, {{nla_len=20, nla_type=IFA_CACHEINFO}, {ifa_prefered=4294967295, ifa_valid=4294967295, cstamp=627885, tstamp=627885}}]}], iov_len=4096}], msg_iovlen=1, msg_controllen=0, msg_flags=0}, 0) = 164
2023-07-22T16:53:13.183989116Z 16:53:13.183098 recvmsg(8, {msg_name={sa_family=AF_NETLINK, nl_pid=0, nl_groups=00000000}, msg_namelen=12, msg_iov=[{iov_base={{len=20, type=NLMSG_DONE, flags=NLM_F_MULTI, seq=1690044793, pid=71}, 0}, iov_len=4096}], msg_iovlen=1, msg_controllen=0, msg_flags=0}, 0) = 20
2023-07-22T16:53:13.184848757Z 16:53:13.184708 socket(AF_UNIX, SOCK_STREAM|SOCK_CLOEXEC|SOCK_NONBLOCK, 0) = 8
2023-07-22T16:53:13.185004996Z 16:53:13.184800 connect(8, {sa_family=AF_UNIX, sun_path="/var/run/nscd/socket"}, 110) = -1 ENOENT (No such file or directory)
2023-07-22T16:53:13.185187185Z 16:53:13.185037 socket(AF_UNIX, SOCK_STREAM|SOCK_CLOEXEC|SOCK_NONBLOCK, 0) = 8
2023-07-22T16:53:13.185399084Z 16:53:13.185196 connect(8, {sa_family=AF_UNIX, sun_path="/var/run/nscd/socket"}, 110) = -1 ENOENT (No such file or directory)
2023-07-22T16:53:13.187483804Z 16:53:13.187215 socket(AF_INET, SOCK_DGRAM|SOCK_CLOEXEC|SOCK_NONBLOCK, IPPROTO_IP) = 8
2023-07-22T16:53:13.187521719Z 16:53:13.187313 connect(8, {sa_family=AF_INET, sin_port=htons(53), sin_addr=inet_addr("10.120.0.10")}, 16) = 0
2023-07-22T16:53:13.187787214Z 16:53:13.187499 sendto(8, "4\37\1\0\0\1\0\0\0\0\0\0\rflux-sample-0\fflux-"..., 76, MSG_NOSIGNAL, NULL, 0) = 76
2023-07-22T16:53:13.188376970Z 16:53:13.188189 recvfrom(8, "4\37\205\200\0\1\0\1\0\0\0\0\rflux-sample-0\fflux-"..., 1024, 0, {sa_family=AF_INET, sin_port=htons(53), sin_addr=inet_addr("10.120.0.10")}, [28->16]) = 150
2023-07-22T16:53:13.193744425Z broker.info[2]: start: none->join 1.81346ms
2023-07-22T16:53:19.733249568Z broker.info[2]: parent-ready: join->init 6.53903s
2023-07-22T16:53:19.733534172Z 16:53:19.733173 socketpair(AF_UNIX, SOCK_STREAM|SOCK_CLOEXEC, 0, [22, 23]) = 0
2023-07-22T16:53:19.733559724Z 16:53:19.733336 socketpair(AF_UNIX, SOCK_STREAM, 0, [24, 25]) = 0
2023-07-22T16:53:19.733732214Z 16:53:19.733522 socketpair(AF_UNIX, SOCK_STREAM, 0, [26, 27]) = 0
2023-07-22T16:53:19.734030592Z 16:53:19.733823 socketpair(AF_UNIX, SOCK_STREAM, 0, [28, 29]) = 0
2023-07-22T16:53:19.759468662Z broker.info[2]: configuration updated
2023-07-22T16:53:19.883607037Z broker.info[2]: rc1.0: running /etc/flux/rc1.d/01-sched-fluxion
2023-07-22T16:53:19.897165444Z broker.info[2]: rc1.0: running /etc/flux/rc1.d/02-cron
2023-07-22T16:53:19.923680885Z broker.info[2]: rc1.0: /etc/flux/rc1 Exited (rc=0) 0.2s
2023-07-22T16:53:19.924235769Z broker.info[2]: rc1-success: init->quorum 0.190889s
2023-07-22T16:53:21.531060114Z broker.info[2]: quorum-full: quorum->run 1.60657s
2023-07-22T16:53:22.029886768Z 16:53:22.029469 socketpair(AF_UNIX, SOCK_STREAM|SOCK_CLOEXEC, 0, [22, 23]) = 0
2023-07-22T16:53:22.030232196Z 16:53:22.029923 socketpair(AF_UNIX, SOCK_STREAM, 0, [24, 25]) = 0
2023-07-22T16:53:22.030485435Z 16:53:22.030294 socketpair(AF_UNIX, SOCK_STREAM, 0, [26, 28]) = 0
2023-07-22T16:53:22.030716613Z 16:53:22.030530 socketpair(AF_UNIX, SOCK_STREAM, 0, [58, 59]) = 0
2023-07-22T16:53:22.031001595Z 16:53:22.030795 socketpair(AF_UNIX, SOCK_STREAM, 0, [60, 61]) = 0
2023-07-22T16:53:35.049103403Z broker.info[2]: shutdown: run->cleanup 13.5178s
2023-07-22T16:53:35.050503346Z broker.info[2]: cleanup-none: cleanup->shutdown 1.05864ms
2023-07-22T16:53:35.052646288Z broker.info[2]: children-none: shutdown->finalize 1.0385ms
2023-07-22T16:53:35.053529698Z 16:53:35.053215 socketpair(AF_UNIX, SOCK_STREAM|SOCK_CLOEXEC, 0, [22, 23]) = 0
2023-07-22T16:53:35.054031028Z 16:53:35.053498 socketpair(AF_UNIX, SOCK_STREAM, 0, [24, 25]) = 0
2023-07-22T16:53:35.054371074Z 16:53:35.054067 socketpair(AF_UNIX, SOCK_STREAM, 0, [26, 28]) = 0
2023-07-22T16:53:35.054679471Z 16:53:35.054428 socketpair(AF_UNIX, SOCK_STREAM, 0, [58, 59]) = 0
2023-07-22T16:53:35.072413280Z broker.info[2]: rc3.0: running /etc/flux/rc3.d/01-sched-fluxion
2023-07-22T16:53:35.199430187Z broker.info[2]: rc3.0: /etc/flux/rc3 Exited (rc=0) 0.1s
2023-07-22T16:53:35.200616045Z broker.info[2]: rc3-success: finalize->goodbye 0.147211s
2023-07-22T16:53:35.202263528Z broker.info[2]: goodbye: goodbye->exit 1.00221ms
2023-07-22T16:53:35.212007899Z 16:53:35.211748 +++ exited with 0 +++
2023-07-22T16:53:35.213441169Z Return value for follower worker is 0
2023-07-22T16:53:35.213473159Z The follower worker exited cleanly. Goodbye!
