2023-07-22T17:22:21.689751571Z
2023-07-22T17:22:21.689803171Z Flux username: flux
2023-07-22T17:22:21.689808141Z
2023-07-22T17:22:21.689812591Z Flux install root: /usr
2023-07-22T17:22:21.726987057Z flux user is already added.
2023-07-22T17:22:21.729181537Z flux user identifiers:
2023-07-22T17:22:21.729201757Z uid=1234(flux) gid=1234(flux) groups=1234(flux)
2023-07-22T17:22:21.729286667Z
2023-07-22T17:22:21.729297297Z As Flux prefix for flux commands: sudo -u flux -E PYTHONPATH=/opt/conda/lib/python3.10/site-packages -E PATH=/opt/conda/bin:/usr/local/sbin:/usr/local/bin:/usr/sbin:/usr/bin:/sbin:/bin -E LD_LIBRARY_PATH=/opt/conda/lib -E HOME=/home/flux
2023-07-22T17:22:21.734272107Z
2023-07-22T17:22:21.734287917Z ðŸ‘‹ Hello, I'm flux-sample-3
2023-07-22T17:22:21.734349177Z The main host is flux-sample-0
2023-07-22T17:22:21.734357537Z The working directory is /home/flux/examples/reaxff/HNS, contents include:
2023-07-22T17:22:21.735259627Z /home/flux/examples/reaxff/HNS:
2023-07-22T17:22:21.735348896Z README.txt	ffield.reax.hns  log.8Mar18.reaxc.hns.g++.1
2023-07-22T17:22:21.735472776Z data.hns-equil	in.reaxc.hns	 log.8Mar18.reaxc.hns.g++.4
2023-07-22T17:22:21.735731287Z End of file listing, if you see nothing above there are no files.
2023-07-22T17:22:21.736696127Z flux R encode --hosts=flux-sample-[0-7]
2023-07-22T17:22:21.746649495Z
2023-07-22T17:22:21.746667226Z ðŸ“¦ Resources
2023-07-22T17:22:21.747516795Z {"version": 1, "execution": {"R_lite": [{"rank": "0-7", "children": {"core": "0"}}], "starttime": 0.0, "expiration": 0.0, "nodelist": ["flux-sample-[0-7]"]}}
2023-07-22T17:22:21.747688355Z
2023-07-22T17:22:21.747699926Z ðŸ¸ Diagnostics: false
2023-07-22T17:22:21.747847515Z ðŸš©ï¸ Flux Option Flags defined
2023-07-22T17:22:21.749788565Z
2023-07-22T17:22:21.749801795Z ðŸ¦Š Independent Minister of Privilege
2023-07-22T17:22:21.750459715Z [exec]
2023-07-22T17:22:21.750470745Z allowed-users = [ "flux", "root" ]
2023-07-22T17:22:21.750476265Z allowed-shells = [ "/usr/libexec/flux/flux-shell" ]
2023-07-22T17:22:21.750611325Z
2023-07-22T17:22:21.750622355Z ðŸ¸ Broker Configuration
2023-07-22T17:22:21.751236015Z # Flux needs to know the path to the IMP executable
2023-07-22T17:22:21.751244335Z [exec]
2023-07-22T17:22:21.751246975Z imp = "/usr/libexec/flux/flux-imp"
2023-07-22T17:22:21.751248795Z
2023-07-22T17:22:21.751250695Z [access]
2023-07-22T17:22:21.751252855Z allow-guest-user = true
2023-07-22T17:22:21.751255455Z allow-root-owner = true
2023-07-22T17:22:21.751257235Z
2023-07-22T17:22:21.751259145Z # Point to resource definition generated with flux-R(1).
2023-07-22T17:22:21.751261295Z [resource]
2023-07-22T17:22:21.751263545Z path = "/etc/flux/system/R"
2023-07-22T17:22:21.751265315Z
2023-07-22T17:22:21.751267175Z [bootstrap]
2023-07-22T17:22:21.751269065Z curve_cert = "/etc/curve/curve.cert"
2023-07-22T17:22:21.751271055Z default_port = 8050
2023-07-22T17:22:21.751272895Z default_bind = "tcp://eth0:%p"
2023-07-22T17:22:21.751275215Z default_connect = "tcp://%h.flux-service.flux-operator.svc.cluster.local:%p"
2023-07-22T17:22:21.751277065Z hosts = [
2023-07-22T17:22:21.751278905Z 	{ host="flux-sample-[0-7]"},
2023-07-22T17:22:21.751280755Z ]
2023-07-22T17:22:21.751282615Z [archive]
2023-07-22T17:22:21.751284575Z dbpath = "/var/lib/flux/job-archive.sqlite"
2023-07-22T17:22:21.751286425Z period = "1m"
2023-07-22T17:22:21.805771269Z busytimeout = "50s"
2023-07-22T17:22:21.805808949Z ðŸ§Šï¸ State Directory:
2023-07-22T17:22:21.805814599Z total 0
2023-07-22T17:22:21.805818409Z
2023-07-22T17:22:21.807274079Z
2023-07-22T17:22:21.807370909Z ðŸ”’ï¸ Working directory permissions:
2023-07-22T17:22:21.807414709Z total 96
2023-07-22T17:22:21.807479619Z -rwxrwxrwx 1 flux root  2517 May 17 22:32 README.txt
2023-07-22T17:22:21.807531749Z -rwxrwxrwx 1 flux root 54692 May 17 22:32 data.hns-equil
2023-07-22T17:22:21.807581589Z -rwxrwxrwx 1 flux root 13576 May 17 22:32 ffield.reax.hns
2023-07-22T17:22:21.807617619Z -rwxrwxrwx 1 flux root   870 May 17 22:32 in.reaxc.hns
2023-07-22T17:22:21.807675789Z -rwxrwxrwx 1 flux root  4172 May 17 22:32 log.8Mar18.reaxc.hns.g++.1
2023-07-22T17:22:21.807711349Z -rwxrwxrwx 1 flux root  4168 May 17 22:32 log.8Mar18.reaxc.hns.g++.4
2023-07-22T17:22:21.807766019Z
2023-07-22T17:22:21.807854859Z
2023-07-22T17:22:21.807938909Z âœ¨ Curve certificate generated by helper pod
2023-07-22T17:22:21.808681289Z #   ****  Generated on 2023-04-26 22:54:42 by CZMQ  ****
2023-07-22T17:22:21.808691759Z #   ZeroMQ CURVE **Secret** Certificate
2023-07-22T17:22:21.808696449Z #   DO NOT PROVIDE THIS FILE TO OTHER USERS nor change its permissions.
2023-07-22T17:22:21.808700739Z
2023-07-22T17:22:21.808705259Z metadata
2023-07-22T17:22:21.808709969Z     name = "flux-cert-generator"
2023-07-22T17:22:21.808713709Z     keygen.hostname = "flux-sample-0"
2023-07-22T17:22:21.808717429Z curve
2023-07-22T17:22:21.808721299Z     public-key = "yKM)-]>!Mm3zsJi<O48PNrdeJ^:OXbym56kuJ]*}"
2023-07-22T17:22:21.808725419Z     secret-key = "mq@ua:S4{ajw.W4dWmSZW4a/H71ZGSxaVOV)1e.p"
2023-07-22T17:22:21.809952249Z
2023-07-22T17:22:21.809966279Z ðŸŒ€  flux start --wrap=strace,-e,network,-tt -o --config /etc/flux/config -Scron.directory=/etc/flux/system/cron.d   -Stbon.fanout=256   -Srundir=/run/flux    -Sstatedir=/var/lib/flux   -Slocal-uri=local:///run/flux/local -Stbon.connect_timeout=10s  -Stbon.zmqdebug=1  -Slog-stderr-level=6    -Slog-stderr-mode=local
2023-07-22T17:22:21.833066887Z 17:22:21.832828 socket(AF_NETLINK, SOCK_RAW, NETLINK_ROUTE) = 8
2023-07-22T17:22:21.833294686Z 17:22:21.832932 bind(8, {sa_family=AF_NETLINK, nl_pid=0, nl_groups=00000000}, 12) = 0
2023-07-22T17:22:21.833494957Z 17:22:21.833189 getsockname(8, {sa_family=AF_NETLINK, nl_pid=69, nl_groups=00000000}, [12]) = 0
2023-07-22T17:22:21.833725666Z 17:22:21.833427 sendto(8, {{len=20, type=RTM_GETADDR, flags=NLM_F_REQUEST|NLM_F_DUMP, seq=1690046541, pid=0}, {ifa_family=AF_UNSPEC, ...}}, 20, 0, {sa_family=AF_NETLINK, nl_pid=0, nl_groups=00000000}, 12) = 20
2023-07-22T17:22:21.834154016Z 17:22:21.833762 recvmsg(8, {msg_name={sa_family=AF_NETLINK, nl_pid=0, nl_groups=00000000}, msg_namelen=12, msg_iov=[{iov_base=[{{len=76, type=RTM_NEWADDR, flags=NLM_F_MULTI, seq=1690046541, pid=69}, {ifa_family=AF_INET, ifa_prefixlen=8, ifa_flags=IFA_F_PERMANENT, ifa_scope=RT_SCOPE_HOST, ifa_index=if_nametoindex("lo")}, [{{nla_len=8, nla_type=IFA_ADDRESS}, 127.0.0.1}, {{nla_len=8, nla_type=IFA_LOCAL}, 127.0.0.1}, {{nla_len=7, nla_type=IFA_LABEL}, "lo"}, {{nla_len=8, nla_type=IFA_FLAGS}, IFA_F_PERMANENT}, {{nla_len=20, nla_type=IFA_CACHEINFO}, {ifa_prefered=4294967295, ifa_valid=4294967295, cstamp=803125, tstamp=803125}}]}, {{len=88, type=RTM_NEWADDR, flags=NLM_F_MULTI, seq=1690046541, pid=69}, {ifa_family=AF_INET, ifa_prefixlen=24, ifa_flags=IFA_F_PERMANENT, ifa_scope=RT_SCOPE_UNIVERSE, ifa_index=if_nametoindex("eth0")}, [{{nla_len=8, nla_type=IFA_ADDRESS}, 10.116.0.98}, {{nla_len=8, nla_type=IFA_LOCAL}, 10.116.0.98}, {{nla_len=8, nla_type=IFA_BROADCAST}, 10.116.0.255}, {{nla_len=9, nla_type=IFA_LABEL}, "eth0"}, {{nla_len=8, nla_type=IFA_FLAGS}, IFA_F_PERMANENT}, {{nla_len=20, nla_type=IFA_CACHEINFO}, {ifa_prefered=4294967295, ifa_valid=4294967295, cstamp=803128, tstamp=803128}}]}], iov_len=4096}], msg_iovlen=1, msg_controllen=0, msg_flags=0}, 0) = 164
2023-07-22T17:22:21.834404636Z 17:22:21.834104 recvmsg(8, {msg_name={sa_family=AF_NETLINK, nl_pid=0, nl_groups=00000000}, msg_namelen=12, msg_iov=[{iov_base={{len=20, type=NLMSG_DONE, flags=NLM_F_MULTI, seq=1690046541, pid=69}, 0}, iov_len=4096}], msg_iovlen=1, msg_controllen=0, msg_flags=0}, 0) = 20
2023-07-22T17:22:21.835658686Z 17:22:21.835342 socket(AF_UNIX, SOCK_STREAM|SOCK_CLOEXEC|SOCK_NONBLOCK, 0) = 8
2023-07-22T17:22:21.835768056Z 17:22:21.835586 connect(8, {sa_family=AF_UNIX, sun_path="/var/run/nscd/socket"}, 110) = -1 ENOENT (No such file or directory)
2023-07-22T17:22:21.836010106Z 17:22:21.835787 socket(AF_UNIX, SOCK_STREAM|SOCK_CLOEXEC|SOCK_NONBLOCK, 0) = 8
2023-07-22T17:22:21.836094016Z 17:22:21.835919 connect(8, {sa_family=AF_UNIX, sun_path="/var/run/nscd/socket"}, 110) = -1 ENOENT (No such file or directory)
2023-07-22T17:22:21.838284126Z 17:22:21.838152 socket(AF_INET, SOCK_DGRAM|SOCK_CLOEXEC|SOCK_NONBLOCK, IPPROTO_IP) = 8
2023-07-22T17:22:21.838363136Z 17:22:21.838232 connect(8, {sa_family=AF_INET, sin_port=htons(53), sin_addr=inet_addr("10.120.0.10")}, 16) = 0
2023-07-22T17:22:21.838760576Z 17:22:21.838428 sendto(8, "\25\270\1\0\0\1\0\0\0\0\0\0\rflux-sample-0\fflux-"..., 76, MSG_NOSIGNAL, NULL, 0) = 76
2023-07-22T17:22:21.841815086Z 17:22:21.841653 recvfrom(8, "\25\270\201\203\0\1\0\0\0\1\0\0\rflux-sample-0\fflux-"..., 1024, 0, {sa_family=AF_INET, sin_port=htons(53), sin_addr=inet_addr("10.120.0.10")}, [28->16]) = 169
2023-07-22T17:22:21.842079625Z 17:22:21.841915 socket(AF_INET, SOCK_DGRAM|SOCK_CLOEXEC|SOCK_NONBLOCK, IPPROTO_IP) = 8
2023-07-22T17:22:21.842155456Z 17:22:21.842010 connect(8, {sa_family=AF_INET, sin_port=htons(53), sin_addr=inet_addr("10.120.0.10")}, 16) = 0
2023-07-22T17:22:21.842250336Z 17:22:21.842092 sendto(8, "h\342\1\0\0\1\0\0\0\0\0\0\rflux-sample-0\fflux-"..., 108, MSG_NOSIGNAL, NULL, 0) = 108
2023-07-22T17:22:21.843511236Z 17:22:21.843371 recvfrom(8, "h\342\201\203\0\1\0\0\0\1\0\0\rflux-sample-0\fflux-"..., 1024, 0, {sa_family=AF_INET, sin_port=htons(53), sin_addr=inet_addr("10.120.0.10")}, [28->16]) = 201
2023-07-22T17:22:21.843629286Z 17:22:21.843487 socket(AF_INET, SOCK_DGRAM|SOCK_CLOEXEC|SOCK_NONBLOCK, IPPROTO_IP) = 8
2023-07-22T17:22:21.843690195Z 17:22:21.843556 connect(8, {sa_family=AF_INET, sin_port=htons(53), sin_addr=inet_addr("10.120.0.10")}, 16) = 0
2023-07-22T17:22:21.843801206Z 17:22:21.843659 sendto(8, "\377M\1\0\0\1\0\0\0\0\0\0\rflux-sample-0\fflux-"..., 94, MSG_NOSIGNAL, NULL, 0) = 94
2023-07-22T17:22:21.844869135Z 17:22:21.844726 recvfrom(8, "\377M\201\203\0\1\0\0\0\1\0\0\rflux-sample-0\fflux-"..., 1024, 0, {sa_family=AF_INET, sin_port=htons(53), sin_addr=inet_addr("10.120.0.10")}, [28->16]) = 187
2023-07-22T17:22:21.845044765Z 17:22:21.844846 socket(AF_INET, SOCK_DGRAM|SOCK_CLOEXEC|SOCK_NONBLOCK, IPPROTO_IP) = 8
2023-07-22T17:22:21.845156015Z 17:22:21.844990 connect(8, {sa_family=AF_INET, sin_port=htons(53), sin_addr=inet_addr("10.120.0.10")}, 16) = 0
2023-07-22T17:22:21.845268295Z 17:22:21.845100 sendto(8, "x\367\1\0\0\1\0\0\0\0\0\0\rflux-sample-0\fflux-"..., 90, MSG_NOSIGNAL, NULL, 0) = 90
2023-07-22T17:22:21.846256945Z 17:22:21.846083 recvfrom(8, "x\367\201\203\0\1\0\0\0\1\0\0\rflux-sample-0\fflux-"..., 1024, 0, {sa_family=AF_INET, sin_port=htons(53), sin_addr=inet_addr("10.120.0.10")}, [28->16]) = 183
2023-07-22T17:22:21.846324795Z 17:22:21.846212 socket(AF_INET, SOCK_DGRAM|SOCK_CLOEXEC|SOCK_NONBLOCK, IPPROTO_IP) = 8
2023-07-22T17:22:21.846396665Z 17:22:21.846249 connect(8, {sa_family=AF_INET, sin_port=htons(53), sin_addr=inet_addr("10.120.0.10")}, 16) = 0
2023-07-22T17:22:21.846503415Z 17:22:21.846350 sendto(8, "\324\333\1\0\0\1\0\0\0\0\0\0\rflux-sample-0\fflux-"..., 111, MSG_NOSIGNAL, NULL, 0) = 111
2023-07-22T17:22:21.851855315Z 17:22:21.851540 recvfrom(8, "\324\333\201\203\0\1\0\0\0\1\0\0\rflux-sample-0\fflux-"..., 1024, 0, {sa_family=AF_INET, sin_port=htons(53), sin_addr=inet_addr("10.120.0.10")}, [28->16]) = 221
2023-07-22T17:22:21.852045935Z 17:22:21.851717 socket(AF_INET, SOCK_DGRAM|SOCK_CLOEXEC|SOCK_NONBLOCK, IPPROTO_IP) = 8
2023-07-22T17:22:21.852109905Z 17:22:21.851789 connect(8, {sa_family=AF_INET, sin_port=htons(53), sin_addr=inet_addr("10.120.0.10")}, 16) = 0
2023-07-22T17:22:21.852118705Z 17:22:21.851871 sendto(8, "\262\340\1\0\0\1\0\0\0\0\0\0\rflux-sample-0\fflux-"..., 97, MSG_NOSIGNAL, NULL, 0) = 97
2023-07-22T17:22:21.857663224Z 17:22:21.857414 recvfrom(8, "\262\340\201\203\0\1\0\0\0\1\0\0\rflux-sample-0\fflux-"..., 1024, 0, {sa_family=AF_INET, sin_port=htons(53), sin_addr=inet_addr("10.120.0.10")}, [28->16]) = 202
2023-07-22T17:22:21.857736344Z 17:22:21.857607 socket(AF_INET, SOCK_DGRAM|SOCK_CLOEXEC|SOCK_NONBLOCK, IPPROTO_IP) = 8
2023-07-22T17:22:21.857788394Z 17:22:21.857657 connect(8, {sa_family=AF_INET, sin_port=htons(53), sin_addr=inet_addr("10.120.0.10")}, 16) = 0
2023-07-22T17:22:21.857914804Z 17:22:21.857747 sendto(8, "R\10\1\0\0\1\0\0\0\0\0\0\rflux-sample-0\fflux-"..., 92, MSG_NOSIGNAL, NULL, 0) = 92
2023-07-22T17:22:21.864297733Z 17:22:21.864039 recvfrom(8, "R\10\201\203\0\1\0\0\0\1\0\0\rflux-sample-0\fflux-"..., 1024, 0, {sa_family=AF_INET, sin_port=htons(53), sin_addr=inet_addr("10.120.0.10")}, [28->16]) = 197
2023-07-22T17:22:21.864435823Z broker.err[3]: Warning: unable to resolve upstream peer flux-sample-0.flux-service.flux-operator.svc.cluster.local: Name or service not known
2023-07-22T17:22:21.869682543Z broker.info[3]: start: none->join 1.62582ms
2023-07-22T17:22:26.917270036Z broker.info[3]: parent-ready: join->init 5.04736s
2023-07-22T17:22:26.917720567Z 17:22:26.917449 socketpair(AF_UNIX, SOCK_STREAM|SOCK_CLOEXEC, 0, [22, 23]) = 0
2023-07-22T17:22:26.918106087Z 17:22:26.917793 socketpair(AF_UNIX, SOCK_STREAM, 0, [24, 25]) = 0
2023-07-22T17:22:26.918442456Z 17:22:26.918305 socketpair(AF_UNIX, SOCK_STREAM, 0, [26, 27]) = 0
2023-07-22T17:22:26.919490667Z 17:22:26.918662 socketpair(AF_UNIX, SOCK_STREAM, 0, [28, 29]) = 0
2023-07-22T17:22:26.939674045Z broker.info[3]: configuration updated
2023-07-22T17:22:27.204142879Z broker.info[3]: rc1.0: running /etc/flux/rc1.d/01-sched-fluxion
2023-07-22T17:22:27.211384438Z broker.info[3]: rc1.0: running /etc/flux/rc1.d/02-cron
2023-07-22T17:22:27.225426646Z broker.info[3]: rc1.0: /etc/flux/rc1 Exited (rc=0) 0.3s
2023-07-22T17:22:27.226511326Z broker.info[3]: rc1-success: init->quorum 0.308905s
2023-07-22T17:22:33.794114266Z broker.info[3]: quorum-full: quorum->run 6.56699s
2023-07-22T17:22:34.327698040Z 17:22:34.327413 socketpair(AF_UNIX, SOCK_STREAM|SOCK_CLOEXEC, 0, [22, 23]) = 0
2023-07-22T17:22:34.327839210Z 17:22:34.327590 socketpair(AF_UNIX, SOCK_STREAM, 0, [24, 25]) = 0
2023-07-22T17:22:34.327973330Z 17:22:34.327721 socketpair(AF_UNIX, SOCK_STREAM, 0, [26, 28]) = 0
2023-07-22T17:22:34.328128380Z 17:22:34.327823 socketpair(AF_UNIX, SOCK_STREAM, 0, [58, 59]) = 0
2023-07-22T17:22:34.328147040Z 17:22:34.327970 socketpair(AF_UNIX, SOCK_STREAM, 0, [60, 61]) = 0
2023-07-22T17:22:47.266547549Z broker.info[3]: shutdown: run->cleanup 13.4721s
2023-07-22T17:22:47.268599798Z broker.info[3]: cleanup-none: cleanup->shutdown 1.25614ms
2023-07-22T17:22:47.270181688Z broker.info[3]: children-none: shutdown->finalize 0.99895ms
2023-07-22T17:22:47.270715578Z 17:22:47.270484 socketpair(AF_UNIX, SOCK_STREAM|SOCK_CLOEXEC, 0, [22, 23]) = 0
2023-07-22T17:22:47.271023769Z 17:22:47.270697 socketpair(AF_UNIX, SOCK_STREAM, 0, [24, 25]) = 0
2023-07-22T17:22:47.271519828Z 17:22:47.271300 socketpair(AF_UNIX, SOCK_STREAM, 0, [26, 28]) = 0
2023-07-22T17:22:47.271891608Z 17:22:47.271779 socketpair(AF_UNIX, SOCK_STREAM, 0, [58, 59]) = 0
2023-07-22T17:22:47.291156747Z broker.info[3]: rc3.0: running /etc/flux/rc3.d/01-sched-fluxion
2023-07-22T17:22:47.387438487Z broker.info[3]: rc3.0: /etc/flux/rc3 Exited (rc=0) 0.1s
2023-07-22T17:22:47.388598547Z broker.info[3]: rc3-success: finalize->goodbye 0.117996s
2023-07-22T17:22:47.390017857Z broker.info[3]: goodbye: goodbye->exit 1.05527ms
2023-07-22T17:22:47.397808056Z 17:22:47.397665 +++ exited with 0 +++
2023-07-22T17:22:47.398776596Z Return value for follower worker is 0
2023-07-22T17:22:47.398793506Z The follower worker exited cleanly. Goodbye!
