2023-07-22T17:18:17.458392805Z
2023-07-22T17:18:17.458420515Z Flux username: flux
2023-07-22T17:18:17.458467285Z
2023-07-22T17:18:17.458475135Z Flux install root: /usr
2023-07-22T17:18:17.490809912Z flux user is already added.
2023-07-22T17:18:17.492448302Z flux user identifiers:
2023-07-22T17:18:17.492468611Z uid=1234(flux) gid=1234(flux) groups=1234(flux)
2023-07-22T17:18:17.492553171Z
2023-07-22T17:18:17.492562962Z As Flux prefix for flux commands: sudo -u flux -E PYTHONPATH=/opt/conda/lib/python3.10/site-packages -E PATH=/opt/conda/bin:/usr/local/sbin:/usr/local/bin:/usr/sbin:/usr/bin:/sbin:/bin -E LD_LIBRARY_PATH=/opt/conda/lib -E HOME=/home/flux
2023-07-22T17:18:17.500288331Z
2023-07-22T17:18:17.500344081Z ðŸ‘‹ Hello, I'm flux-sample-5
2023-07-22T17:18:17.500350091Z The main host is flux-sample-0
2023-07-22T17:18:17.500354761Z The working directory is /home/flux/examples/reaxff/HNS, contents include:
2023-07-22T17:18:17.500762261Z /home/flux/examples/reaxff/HNS:
2023-07-22T17:18:17.500776121Z README.txt	ffield.reax.hns  log.8Mar18.reaxc.hns.g++.1
2023-07-22T17:18:17.500780221Z data.hns-equil	in.reaxc.hns	 log.8Mar18.reaxc.hns.g++.4
2023-07-22T17:18:17.501243861Z End of file listing, if you see nothing above there are no files.
2023-07-22T17:18:17.503480321Z flux R encode --hosts=flux-sample-[0-7]
2023-07-22T17:18:17.514022970Z
2023-07-22T17:18:17.514064590Z ðŸ“¦ Resources
2023-07-22T17:18:17.514872669Z {"version": 1, "execution": {"R_lite": [{"rank": "0-7", "children": {"core": "0"}}], "starttime": 0.0, "expiration": 0.0, "nodelist": ["flux-sample-[0-7]"]}}
2023-07-22T17:18:17.515223369Z
2023-07-22T17:18:17.515238549Z ðŸ¸ Diagnostics: false
2023-07-22T17:18:17.515355369Z ðŸš©ï¸ Flux Option Flags defined
2023-07-22T17:18:17.517630599Z
2023-07-22T17:18:17.517644619Z ðŸ¦Š Independent Minister of Privilege
2023-07-22T17:18:17.518323689Z [exec]
2023-07-22T17:18:17.518335819Z allowed-users = [ "flux", "root" ]
2023-07-22T17:18:17.518348849Z allowed-shells = [ "/usr/libexec/flux/flux-shell" ]
2023-07-22T17:18:17.518439039Z
2023-07-22T17:18:17.518462689Z ðŸ¸ Broker Configuration
2023-07-22T17:18:17.519093029Z # Flux needs to know the path to the IMP executable
2023-07-22T17:18:17.519104599Z [exec]
2023-07-22T17:18:17.519109669Z imp = "/usr/libexec/flux/flux-imp"
2023-07-22T17:18:17.519113559Z
2023-07-22T17:18:17.519117499Z [access]
2023-07-22T17:18:17.519122369Z allow-guest-user = true
2023-07-22T17:18:17.519125989Z allow-root-owner = true
2023-07-22T17:18:17.519128959Z
2023-07-22T17:18:17.519132139Z # Point to resource definition generated with flux-R(1).
2023-07-22T17:18:17.519136059Z [resource]
2023-07-22T17:18:17.519140349Z path = "/etc/flux/system/R"
2023-07-22T17:18:17.519143909Z
2023-07-22T17:18:17.519163899Z [bootstrap]
2023-07-22T17:18:17.519168259Z curve_cert = "/etc/curve/curve.cert"
2023-07-22T17:18:17.519172129Z default_port = 8050
2023-07-22T17:18:17.519175819Z default_bind = "tcp://eth0:%p"
2023-07-22T17:18:17.519180039Z default_connect = "tcp://%h.flux-service.flux-operator.svc.cluster.local:%p"
2023-07-22T17:18:17.519184429Z hosts = [
2023-07-22T17:18:17.519187849Z 	{ host="flux-sample-[0-7]"},
2023-07-22T17:18:17.519191229Z ]
2023-07-22T17:18:17.519194129Z [archive]
2023-07-22T17:18:17.519197009Z dbpath = "/var/lib/flux/job-archive.sqlite"
2023-07-22T17:18:17.519200599Z period = "1m"
2023-07-22T17:18:17.581953933Z busytimeout = "50s"
2023-07-22T17:18:17.581984182Z ðŸ§Šï¸ State Directory:
2023-07-22T17:18:17.581989173Z total 0
2023-07-22T17:18:17.581993442Z
2023-07-22T17:18:17.583520072Z
2023-07-22T17:18:17.583552592Z ðŸ”’ï¸ Working directory permissions:
2023-07-22T17:18:17.583558392Z total 96
2023-07-22T17:18:17.583563912Z -rwxrwxrwx 1 flux root  2517 May 17 22:32 README.txt
2023-07-22T17:18:17.583568112Z -rwxrwxrwx 1 flux root 54692 May 17 22:32 data.hns-equil
2023-07-22T17:18:17.583572222Z -rwxrwxrwx 1 flux root 13576 May 17 22:32 ffield.reax.hns
2023-07-22T17:18:17.583576512Z -rwxrwxrwx 1 flux root   870 May 17 22:32 in.reaxc.hns
2023-07-22T17:18:17.583581482Z -rwxrwxrwx 1 flux root  4172 May 17 22:32 log.8Mar18.reaxc.hns.g++.1
2023-07-22T17:18:17.583585432Z -rwxrwxrwx 1 flux root  4168 May 17 22:32 log.8Mar18.reaxc.hns.g++.4
2023-07-22T17:18:17.583589112Z
2023-07-22T17:18:17.583661362Z
2023-07-22T17:18:17.583673092Z âœ¨ Curve certificate generated by helper pod
2023-07-22T17:18:17.584454002Z #   ****  Generated on 2023-04-26 22:54:42 by CZMQ  ****
2023-07-22T17:18:17.584466762Z #   ZeroMQ CURVE **Secret** Certificate
2023-07-22T17:18:17.584471712Z #   DO NOT PROVIDE THIS FILE TO OTHER USERS nor change its permissions.
2023-07-22T17:18:17.584475482Z
2023-07-22T17:18:17.584480172Z metadata
2023-07-22T17:18:17.584484662Z     name = "flux-cert-generator"
2023-07-22T17:18:17.584489042Z     keygen.hostname = "flux-sample-0"
2023-07-22T17:18:17.584492862Z curve
2023-07-22T17:18:17.584496702Z     public-key = "W)plexcJ&+r%:b{]>Mn#Pz0}%+G>#1^?ewy*9/0j"
2023-07-22T17:18:17.584500522Z     secret-key = "^sBmab==m]xLmsqV{+byHW}e0K}^kE5aC1UwNBY*"
2023-07-22T17:18:17.586148382Z
2023-07-22T17:18:17.586164802Z ðŸŒ€  flux start --wrap=strace,-e,network,-tt -o --config /etc/flux/config -Scron.directory=/etc/flux/system/cron.d   -Stbon.fanout=256   -Srundir=/run/flux    -Sstatedir=/var/lib/flux   -Slocal-uri=local:///run/flux/local -Stbon.connect_timeout=6s  -Stbon.zmqdebug=1  -Slog-stderr-level=6    -Slog-stderr-mode=local
2023-07-22T17:18:17.609342540Z 17:18:17.609126 socket(AF_NETLINK, SOCK_RAW, NETLINK_ROUTE) = 8
2023-07-22T17:18:17.609480709Z 17:18:17.609206 bind(8, {sa_family=AF_NETLINK, nl_pid=0, nl_groups=00000000}, 12) = 0
2023-07-22T17:18:17.609508249Z 17:18:17.609246 getsockname(8, {sa_family=AF_NETLINK, nl_pid=69, nl_groups=00000000}, [12]) = 0
2023-07-22T17:18:17.609514640Z 17:18:17.609278 sendto(8, {{len=20, type=RTM_GETADDR, flags=NLM_F_REQUEST|NLM_F_DUMP, seq=1690046297, pid=0}, {ifa_family=AF_UNSPEC, ...}}, 20, 0, {sa_family=AF_NETLINK, nl_pid=0, nl_groups=00000000}, 12) = 20
2023-07-22T17:18:17.609725190Z 17:18:17.609431 recvmsg(8, {msg_name={sa_family=AF_NETLINK, nl_pid=0, nl_groups=00000000}, msg_namelen=12, msg_iov=[{iov_base=[{{len=76, type=RTM_NEWADDR, flags=NLM_F_MULTI, seq=1690046297, pid=69}, {ifa_family=AF_INET, ifa_prefixlen=8, ifa_flags=IFA_F_PERMANENT, ifa_scope=RT_SCOPE_HOST, ifa_index=if_nametoindex("lo")}, [{{nla_len=8, nla_type=IFA_ADDRESS}, 127.0.0.1}, {{nla_len=8, nla_type=IFA_LOCAL}, 127.0.0.1}, {{nla_len=7, nla_type=IFA_LABEL}, "lo"}, {{nla_len=8, nla_type=IFA_FLAGS}, IFA_F_PERMANENT}, {{nla_len=20, nla_type=IFA_CACHEINFO}, {ifa_prefered=4294967295, ifa_valid=4294967295, cstamp=778704, tstamp=778704}}]}, {{len=88, type=RTM_NEWADDR, flags=NLM_F_MULTI, seq=1690046297, pid=69}, {ifa_family=AF_INET, ifa_prefixlen=24, ifa_flags=IFA_F_PERMANENT, ifa_scope=RT_SCOPE_UNIVERSE, ifa_index=if_nametoindex("eth0")}, [{{nla_len=8, nla_type=IFA_ADDRESS}, 10.116.0.89}, {{nla_len=8, nla_type=IFA_LOCAL}, 10.116.0.89}, {{nla_len=8, nla_type=IFA_BROADCAST}, 10.116.0.255}, {{nla_len=9, nla_type=IFA_LABEL}, "eth0"}, {{nla_len=8, nla_type=IFA_FLAGS}, IFA_F_PERMANENT}, {{nla_len=20, nla_type=IFA_CACHEINFO}, {ifa_prefered=4294967295, ifa_valid=4294967295, cstamp=778706, tstamp=778706}}]}], iov_len=4096}], msg_iovlen=1, msg_controllen=0, msg_flags=0}, 0) = 164
2023-07-22T17:18:17.609845960Z 17:18:17.609644 recvmsg(8, {msg_name={sa_family=AF_NETLINK, nl_pid=0, nl_groups=00000000}, msg_namelen=12, msg_iov=[{iov_base={{len=20, type=NLMSG_DONE, flags=NLM_F_MULTI, seq=1690046297, pid=69}, 0}, iov_len=4096}], msg_iovlen=1, msg_controllen=0, msg_flags=0}, 0) = 20
2023-07-22T17:18:17.610164150Z 17:18:17.610005 socket(AF_UNIX, SOCK_STREAM|SOCK_CLOEXEC|SOCK_NONBLOCK, 0) = 8
2023-07-22T17:18:17.610192850Z 17:18:17.610064 connect(8, {sa_family=AF_UNIX, sun_path="/var/run/nscd/socket"}, 110) = -1 ENOENT (No such file or directory)
2023-07-22T17:18:17.610259839Z 17:18:17.610130 socket(AF_UNIX, SOCK_STREAM|SOCK_CLOEXEC|SOCK_NONBLOCK, 0) = 8
2023-07-22T17:18:17.610268679Z 17:18:17.610163 connect(8, {sa_family=AF_UNIX, sun_path="/var/run/nscd/socket"}, 110) = -1 ENOENT (No such file or directory)
2023-07-22T17:18:17.611002440Z 17:18:17.610851 socket(AF_INET, SOCK_DGRAM|SOCK_CLOEXEC|SOCK_NONBLOCK, IPPROTO_IP) = 8
2023-07-22T17:18:17.611088310Z 17:18:17.610939 connect(8, {sa_family=AF_INET, sin_port=htons(53), sin_addr=inet_addr("10.120.0.10")}, 16) = 0
2023-07-22T17:18:17.611258450Z 17:18:17.611007 sendto(8, "\304\267\1\0\0\1\0\0\0\0\0\0\rflux-sample-0\fflux-"..., 76, MSG_NOSIGNAL, NULL, 0) = 76
2023-07-22T17:18:17.614514809Z 17:18:17.614367 recvfrom(8, "\304\267\205\200\0\1\0\1\0\0\0\0\rflux-sample-0\fflux-"..., 1024, 0, {sa_family=AF_INET, sin_port=htons(53), sin_addr=inet_addr("10.120.0.10")}, [28->16]) = 150
2023-07-22T17:18:17.616954019Z broker.info[5]: start: none->join 0.89383ms
2023-07-22T17:18:17.626866568Z broker.info[5]: parent-ready: join->init 9.76835ms
2023-07-22T17:18:17.627066038Z 17:18:17.626784 socketpair(AF_UNIX, SOCK_STREAM|SOCK_CLOEXEC, 0, [22, 23]) = 0
2023-07-22T17:18:17.627077328Z 17:18:17.626889 socketpair(AF_UNIX, SOCK_STREAM, 0, [24, 25]) = 0
2023-07-22T17:18:17.627144788Z 17:18:17.627031 socketpair(AF_UNIX, SOCK_STREAM, 0, [26, 27]) = 0
2023-07-22T17:18:17.627225638Z 17:18:17.627132 socketpair(AF_UNIX, SOCK_STREAM, 0, [28, 29]) = 0
2023-07-22T17:18:17.640348017Z broker.info[5]: configuration updated
2023-07-22T17:18:17.702172430Z broker.info[5]: rc1.0: running /etc/flux/rc1.d/01-sched-fluxion
2023-07-22T17:18:17.709918459Z broker.info[5]: rc1.0: running /etc/flux/rc1.d/02-cron
2023-07-22T17:18:17.724443118Z broker.info[5]: rc1.0: /etc/flux/rc1 Exited (rc=0) 0.1s
2023-07-22T17:18:17.724769828Z broker.info[5]: rc1-success: init->quorum 97.887ms
2023-07-22T17:18:24.049641109Z broker.info[5]: quorum-full: quorum->run 6.32459s
2023-07-22T17:18:24.552507850Z 17:18:24.552212 socketpair(AF_UNIX, SOCK_STREAM|SOCK_CLOEXEC, 0, [22, 23]) = 0
2023-07-22T17:18:24.552698150Z 17:18:24.552522 socketpair(AF_UNIX, SOCK_STREAM, 0, [24, 25]) = 0
2023-07-22T17:18:24.552835100Z 17:18:24.552724 socketpair(AF_UNIX, SOCK_STREAM, 0, [26, 28]) = 0
2023-07-22T17:18:24.553077880Z 17:18:24.552932 socketpair(AF_UNIX, SOCK_STREAM, 0, [58, 59]) = 0
2023-07-22T17:18:24.553273860Z 17:18:24.553130 socketpair(AF_UNIX, SOCK_STREAM, 0, [60, 61]) = 0
2023-07-22T17:18:37.650171552Z broker.info[5]: shutdown: run->cleanup 13.6003s
2023-07-22T17:18:37.652301192Z broker.info[5]: cleanup-none: cleanup->shutdown 1.43904ms
2023-07-22T17:18:37.654054642Z broker.info[5]: children-none: shutdown->finalize 1.17804ms
2023-07-22T17:18:37.654700052Z 17:18:37.654437 socketpair(AF_UNIX, SOCK_STREAM|SOCK_CLOEXEC, 0, [22, 23]) = 0
2023-07-22T17:18:37.655075972Z 17:18:37.654649 socketpair(AF_UNIX, SOCK_STREAM, 0, [24, 25]) = 0
2023-07-22T17:18:37.655583152Z 17:18:37.655234 socketpair(AF_UNIX, SOCK_STREAM, 0, [26, 28]) = 0
2023-07-22T17:18:37.655932822Z 17:18:37.655737 socketpair(AF_UNIX, SOCK_STREAM, 0, [58, 59]) = 0
2023-07-22T17:18:37.673224670Z broker.info[5]: rc3.0: running /etc/flux/rc3.d/01-sched-fluxion
2023-07-22T17:18:37.773166690Z broker.info[5]: rc3.0: /etc/flux/rc3 Exited (rc=0) 0.1s
2023-07-22T17:18:37.774249780Z broker.info[5]: rc3-success: finalize->goodbye 0.119682s
2023-07-22T17:18:37.775961330Z broker.info[5]: goodbye: goodbye->exit 1.20437ms
2023-07-22T17:18:37.783511139Z 17:18:37.783315 +++ exited with 0 +++
2023-07-22T17:18:37.784519059Z Return value for follower worker is 0
2023-07-22T17:18:37.784853779Z The follower worker exited cleanly. Goodbye!
