2023-07-22T17:08:25.394437834Z
2023-07-22T17:08:25.394476544Z Flux username: flux
2023-07-22T17:08:25.394482614Z
2023-07-22T17:08:25.394486454Z Flux install root: /usr
2023-07-22T17:08:25.425717513Z flux user is already added.
2023-07-22T17:08:25.427605283Z flux user identifiers:
2023-07-22T17:08:25.427631212Z uid=1234(flux) gid=1234(flux) groups=1234(flux)
2023-07-22T17:08:25.427718053Z
2023-07-22T17:08:25.427728602Z As Flux prefix for flux commands: sudo -u flux -E PYTHONPATH=/opt/conda/lib/python3.10/site-packages -E PATH=/opt/conda/bin:/usr/local/sbin:/usr/local/bin:/usr/sbin:/usr/bin:/sbin:/bin -E LD_LIBRARY_PATH=/opt/conda/lib -E HOME=/home/flux
2023-07-22T17:08:25.434315102Z
2023-07-22T17:08:25.434330402Z ðŸ‘‹ Hello, I'm flux-sample-4
2023-07-22T17:08:25.434336012Z The main host is flux-sample-0
2023-07-22T17:08:25.434340062Z The working directory is /home/flux/examples/reaxff/HNS, contents include:
2023-07-22T17:08:25.434343292Z /home/flux/examples/reaxff/HNS:
2023-07-22T17:08:25.434346812Z README.txt	ffield.reax.hns  log.8Mar18.reaxc.hns.g++.1
2023-07-22T17:08:25.434349952Z data.hns-equil	in.reaxc.hns	 log.8Mar18.reaxc.hns.g++.4
2023-07-22T17:08:25.434353932Z End of file listing, if you see nothing above there are no files.
2023-07-22T17:08:25.444323322Z flux R encode --hosts=flux-sample-[0-7]
2023-07-22T17:08:25.450969161Z
2023-07-22T17:08:25.450991851Z ðŸ“¦ Resources
2023-07-22T17:08:25.457308891Z {"version": 1, "execution": {"R_lite": [{"rank": "0-7", "children": {"core": "0"}}], "starttime": 0.0, "expiration": 0.0, "nodelist": ["flux-sample-[0-7]"]}}
2023-07-22T17:08:25.457320161Z
2023-07-22T17:08:25.457325771Z ðŸ¸ Diagnostics: false
2023-07-22T17:08:25.457330451Z ðŸš©ï¸ Flux Option Flags defined
2023-07-22T17:08:25.457333591Z
2023-07-22T17:08:25.457337161Z ðŸ¦Š Independent Minister of Privilege
2023-07-22T17:08:25.457340581Z [exec]
2023-07-22T17:08:25.457344271Z allowed-users = [ "flux", "root" ]
2023-07-22T17:08:25.457348931Z allowed-shells = [ "/usr/libexec/flux/flux-shell" ]
2023-07-22T17:08:25.457352391Z
2023-07-22T17:08:25.457356611Z ðŸ¸ Broker Configuration
2023-07-22T17:08:25.457359691Z # Flux needs to know the path to the IMP executable
2023-07-22T17:08:25.457362931Z [exec]
2023-07-22T17:08:25.457365871Z imp = "/usr/libexec/flux/flux-imp"
2023-07-22T17:08:25.457368961Z
2023-07-22T17:08:25.457372411Z [access]
2023-07-22T17:08:25.457375771Z allow-guest-user = true
2023-07-22T17:08:25.457393821Z allow-root-owner = true
2023-07-22T17:08:25.457398271Z
2023-07-22T17:08:25.457402071Z # Point to resource definition generated with flux-R(1).
2023-07-22T17:08:25.457405271Z [resource]
2023-07-22T17:08:25.457408351Z path = "/etc/flux/system/R"
2023-07-22T17:08:25.457411661Z
2023-07-22T17:08:25.457423241Z [bootstrap]
2023-07-22T17:08:25.457426661Z curve_cert = "/etc/curve/curve.cert"
2023-07-22T17:08:25.457429831Z default_port = 8050
2023-07-22T17:08:25.457433571Z default_bind = "tcp://eth0:%p"
2023-07-22T17:08:25.457438451Z default_connect = "tcp://%h.flux-service.flux-operator.svc.cluster.local:%p"
2023-07-22T17:08:25.457441921Z hosts = [
2023-07-22T17:08:25.457445501Z 	{ host="flux-sample-[0-7]"},
2023-07-22T17:08:25.457448981Z ]
2023-07-22T17:08:25.457452481Z [archive]
2023-07-22T17:08:25.457455531Z dbpath = "/var/lib/flux/job-archive.sqlite"
2023-07-22T17:08:25.457459001Z period = "1m"
2023-07-22T17:08:25.515023448Z busytimeout = "50s"
2023-07-22T17:08:25.515056258Z ðŸ§Šï¸ State Directory:
2023-07-22T17:08:25.515062258Z total 0
2023-07-22T17:08:25.515122398Z
2023-07-22T17:08:25.516891888Z
2023-07-22T17:08:25.516977218Z ðŸ”’ï¸ Working directory permissions:
2023-07-22T17:08:25.516991278Z total 96
2023-07-22T17:08:25.517065948Z -rwxrwxrwx 1 flux root  2517 May 17 22:32 README.txt
2023-07-22T17:08:25.517073218Z -rwxrwxrwx 1 flux root 54692 May 17 22:32 data.hns-equil
2023-07-22T17:08:25.517077338Z -rwxrwxrwx 1 flux root 13576 May 17 22:32 ffield.reax.hns
2023-07-22T17:08:25.517081758Z -rwxrwxrwx 1 flux root   870 May 17 22:32 in.reaxc.hns
2023-07-22T17:08:25.517087868Z -rwxrwxrwx 1 flux root  4172 May 17 22:32 log.8Mar18.reaxc.hns.g++.1
2023-07-22T17:08:25.517091968Z -rwxrwxrwx 1 flux root  4168 May 17 22:32 log.8Mar18.reaxc.hns.g++.4
2023-07-22T17:08:25.517172228Z
2023-07-22T17:08:25.517278908Z
2023-07-22T17:08:25.517290738Z âœ¨ Curve certificate generated by helper pod
2023-07-22T17:08:25.518157437Z #   ****  Generated on 2023-04-26 22:54:42 by CZMQ  ****
2023-07-22T17:08:25.518171908Z #   ZeroMQ CURVE **Secret** Certificate
2023-07-22T17:08:25.518177377Z #   DO NOT PROVIDE THIS FILE TO OTHER USERS nor change its permissions.
2023-07-22T17:08:25.518181817Z
2023-07-22T17:08:25.518185908Z metadata
2023-07-22T17:08:25.518190737Z     name = "flux-cert-generator"
2023-07-22T17:08:25.518194717Z     keygen.hostname = "flux-sample-0"
2023-07-22T17:08:25.518198748Z curve
2023-07-22T17:08:25.518202348Z     public-key = ")lQ.dM)Yn21}w)T*W^V?5EZ+Z.W+xYQ1ePgD9[Y9"
2023-07-22T17:08:25.518206437Z     secret-key = "-$mj]YaW-x2r8PGqujW.*>LE0)KXhLEQz#s<BT9b"
2023-07-22T17:08:27.520560317Z
2023-07-22T17:08:27.520638967Z ðŸŒ€  flux start --wrap=strace,-e,network,-tt -o --config /etc/flux/config -Scron.directory=/etc/flux/system/cron.d   -Stbon.fanout=256   -Srundir=/run/flux    -Sstatedir=/var/lib/flux   -Slocal-uri=local:///run/flux/local   -Stbon.zmqdebug=1  -Slog-stderr-level=6    -Slog-stderr-mode=local
2023-07-22T17:08:27.554152005Z 17:08:27.553801 socket(AF_NETLINK, SOCK_RAW, NETLINK_ROUTE) = 8
2023-07-22T17:08:27.554206735Z 17:08:27.553903 bind(8, {sa_family=AF_NETLINK, nl_pid=0, nl_groups=00000000}, 12) = 0
2023-07-22T17:08:27.554214115Z 17:08:27.553949 getsockname(8, {sa_family=AF_NETLINK, nl_pid=71, nl_groups=00000000}, [12]) = 0
2023-07-22T17:08:27.554298935Z 17:08:27.553983 sendto(8, {{len=20, type=RTM_GETADDR, flags=NLM_F_REQUEST|NLM_F_DUMP, seq=1690045707, pid=0}, {ifa_family=AF_UNSPEC, ...}}, 20, 0, {sa_family=AF_NETLINK, nl_pid=0, nl_groups=00000000}, 12) = 20
2023-07-22T17:08:27.554384125Z 17:08:27.554142 recvmsg(8, {msg_name={sa_family=AF_NETLINK, nl_pid=0, nl_groups=00000000}, msg_namelen=12, msg_iov=[{iov_base=[{{len=76, type=RTM_NEWADDR, flags=NLM_F_MULTI, seq=1690045707, pid=71}, {ifa_family=AF_INET, ifa_prefixlen=8, ifa_flags=IFA_F_PERMANENT, ifa_scope=RT_SCOPE_HOST, ifa_index=if_nametoindex("lo")}, [{{nla_len=8, nla_type=IFA_ADDRESS}, 127.0.0.1}, {{nla_len=8, nla_type=IFA_LOCAL}, 127.0.0.1}, {{nla_len=7, nla_type=IFA_LABEL}, "lo"}, {{nla_len=8, nla_type=IFA_FLAGS}, IFA_F_PERMANENT}, {{nla_len=20, nla_type=IFA_CACHEINFO}, {ifa_prefered=4294967295, ifa_valid=4294967295, cstamp=719450, tstamp=719450}}]}, {{len=88, type=RTM_NEWADDR, flags=NLM_F_MULTI, seq=1690045707, pid=71}, {ifa_family=AF_INET, ifa_prefixlen=24, ifa_flags=IFA_F_PERMANENT, ifa_scope=RT_SCOPE_UNIVERSE, ifa_index=if_nametoindex("eth0")}, [{{nla_len=8, nla_type=IFA_ADDRESS}, 10.116.4.71}, {{nla_len=8, nla_type=IFA_LOCAL}, 10.116.4.71}, {{nla_len=8, nla_type=IFA_BROADCAST}, 10.116.4.255}, {{nla_len=9, nla_type=IFA_LABEL}, "eth0"}, {{nla_len=8, nla_type=IFA_FLAGS}, IFA_F_PERMANENT}, {{nla_len=20, nla_type=IFA_CACHEINFO}, {ifa_prefered=4294967295, ifa_valid=4294967295, cstamp=719452, tstamp=719452}}]}], iov_len=4096}], msg_iovlen=1, msg_controllen=0, msg_flags=0}, 0) = 164
2023-07-22T17:08:27.554474575Z 17:08:27.554348 recvmsg(8, {msg_name={sa_family=AF_NETLINK, nl_pid=0, nl_groups=00000000}, msg_namelen=12, msg_iov=[{iov_base={{len=20, type=NLMSG_DONE, flags=NLM_F_MULTI, seq=1690045707, pid=71}, 0}, iov_len=4096}], msg_iovlen=1, msg_controllen=0, msg_flags=0}, 0) = 20
2023-07-22T17:08:27.554813785Z 17:08:27.554653 socket(AF_UNIX, SOCK_STREAM|SOCK_CLOEXEC|SOCK_NONBLOCK, 0) = 8
2023-07-22T17:08:27.554827795Z 17:08:27.554702 connect(8, {sa_family=AF_UNIX, sun_path="/var/run/nscd/socket"}, 110) = -1 ENOENT (No such file or directory)
2023-07-22T17:08:27.554907975Z 17:08:27.554769 socket(AF_UNIX, SOCK_STREAM|SOCK_CLOEXEC|SOCK_NONBLOCK, 0) = 8
2023-07-22T17:08:27.554933135Z 17:08:27.554807 connect(8, {sa_family=AF_UNIX, sun_path="/var/run/nscd/socket"}, 110) = -1 ENOENT (No such file or directory)
2023-07-22T17:08:27.555905185Z 17:08:27.555717 socket(AF_INET, SOCK_DGRAM|SOCK_CLOEXEC|SOCK_NONBLOCK, IPPROTO_IP) = 8
2023-07-22T17:08:27.556285035Z 17:08:27.555905 connect(8, {sa_family=AF_INET, sin_port=htons(53), sin_addr=inet_addr("10.120.0.10")}, 16) = 0
2023-07-22T17:08:27.556655145Z 17:08:27.556341 sendto(8, "9]\1\0\0\1\0\0\0\0\0\0\rflux-sample-0\fflux-"..., 76, MSG_NOSIGNAL, NULL, 0) = 76
2023-07-22T17:08:27.560761925Z 17:08:27.560439 recvfrom(8, "9]\205\200\0\1\0\1\0\0\0\0\rflux-sample-0\fflux-"..., 1024, 0, {sa_family=AF_INET, sin_port=htons(53), sin_addr=inet_addr("10.120.0.10")}, [28->16]) = 150
2023-07-22T17:08:27.564864515Z broker.info[4]: start: none->join 1.19561ms
2023-07-22T17:08:27.573109214Z broker.info[4]: parent-ready: join->init 8.1475ms
2023-07-22T17:08:27.573329824Z 17:08:27.573120 socketpair(AF_UNIX, SOCK_STREAM|SOCK_CLOEXEC, 0, [22, 23]) = 0
2023-07-22T17:08:27.573502234Z 17:08:27.573234 socketpair(AF_UNIX, SOCK_STREAM, 0, [24, 25]) = 0
2023-07-22T17:08:27.573566414Z 17:08:27.573461 socketpair(AF_UNIX, SOCK_STREAM, 0, [26, 27]) = 0
2023-07-22T17:08:27.573730004Z 17:08:27.573589 socketpair(AF_UNIX, SOCK_STREAM, 0, [28, 29]) = 0
2023-07-22T17:08:27.587064404Z broker.info[4]: configuration updated
2023-07-22T17:08:27.657233820Z broker.info[4]: rc1.0: running /etc/flux/rc1.d/01-sched-fluxion
2023-07-22T17:08:27.664014530Z broker.info[4]: rc1.0: running /etc/flux/rc1.d/02-cron
2023-07-22T17:08:27.676369109Z broker.info[4]: rc1.0: /etc/flux/rc1 Exited (rc=0) 0.1s
2023-07-22T17:08:27.676796790Z broker.info[4]: rc1-success: init->quorum 0.103565s
2023-07-22T17:08:59.253929681Z broker.info[4]: quorum-full: quorum->run 31.5768s
2023-07-22T17:08:59.776484312Z 17:08:59.776121 socketpair(AF_UNIX, SOCK_STREAM|SOCK_CLOEXEC, 0, [22, 23]) = 0
2023-07-22T17:08:59.776532222Z 17:08:59.776240 socketpair(AF_UNIX, SOCK_STREAM, 0, [24, 25]) = 0
2023-07-22T17:08:59.776539162Z 17:08:59.776363 socketpair(AF_UNIX, SOCK_STREAM, 0, [26, 28]) = 0
2023-07-22T17:08:59.776625882Z 17:08:59.776458 socketpair(AF_UNIX, SOCK_STREAM, 0, [58, 59]) = 0
2023-07-22T17:08:59.776713853Z 17:08:59.776561 socketpair(AF_UNIX, SOCK_STREAM, 0, [60, 61]) = 0
2023-07-22T17:09:13.736997076Z broker.info[4]: shutdown: run->cleanup 14.4829s
2023-07-22T17:09:13.737601465Z broker.info[4]: cleanup-none: cleanup->shutdown 0.424769ms
2023-07-22T17:09:13.738729765Z broker.info[4]: children-none: shutdown->finalize 0.953459ms
2023-07-22T17:09:13.739409226Z 17:09:13.739121 socketpair(AF_UNIX, SOCK_STREAM|SOCK_CLOEXEC, 0, [22, 23]) = 0
2023-07-22T17:09:13.739811195Z 17:09:13.739463 socketpair(AF_UNIX, SOCK_STREAM, 0, [24, 25]) = 0
2023-07-22T17:09:13.740540535Z 17:09:13.740254 socketpair(AF_UNIX, SOCK_STREAM, 0, [26, 28]) = 0
2023-07-22T17:09:13.741306165Z 17:09:13.741124 socketpair(AF_UNIX, SOCK_STREAM, 0, [58, 59]) = 0
2023-07-22T17:09:13.759991114Z broker.info[4]: rc3.0: running /etc/flux/rc3.d/01-sched-fluxion
2023-07-22T17:09:13.852178470Z broker.info[4]: rc3.0: /etc/flux/rc3 Exited (rc=0) 0.1s
2023-07-22T17:09:13.853310489Z broker.info[4]: rc3-success: finalize->goodbye 0.114056s
2023-07-22T17:09:13.854819670Z broker.info[4]: goodbye: goodbye->exit 1.064ms
2023-07-22T17:09:13.864589609Z 17:09:13.864361 +++ exited with 0 +++
2023-07-22T17:09:13.865504019Z Return value for follower worker is 0
2023-07-22T17:09:13.865539529Z The follower worker exited cleanly. Goodbye!
