2023-07-22T17:22:23.156932982Z
2023-07-22T17:22:23.157022882Z Flux username: flux
2023-07-22T17:22:23.157175652Z
2023-07-22T17:22:23.157186142Z Flux install root: /usr
2023-07-22T17:22:23.189450360Z flux user is already added.
2023-07-22T17:22:23.191659760Z flux user identifiers:
2023-07-22T17:22:23.191734640Z uid=1234(flux) gid=1234(flux) groups=1234(flux)
2023-07-22T17:22:23.191892931Z
2023-07-22T17:22:23.191912611Z As Flux prefix for flux commands: sudo -u flux -E PYTHONPATH=/opt/conda/lib/python3.10/site-packages -E PATH=/opt/conda/bin:/usr/local/sbin:/usr/local/bin:/usr/sbin:/usr/bin:/sbin:/bin -E LD_LIBRARY_PATH=/opt/conda/lib -E HOME=/home/flux
2023-07-22T17:22:23.196659100Z
2023-07-22T17:22:23.196678960Z ðŸ‘‹ Hello, I'm flux-sample-4
2023-07-22T17:22:23.196697420Z The main host is flux-sample-0
2023-07-22T17:22:23.196923860Z The working directory is /home/flux/examples/reaxff/HNS, contents include:
2023-07-22T17:22:23.197839870Z /home/flux/examples/reaxff/HNS:
2023-07-22T17:22:23.197851460Z README.txt	ffield.reax.hns  log.8Mar18.reaxc.hns.g++.1
2023-07-22T17:22:23.197855530Z data.hns-equil	in.reaxc.hns	 log.8Mar18.reaxc.hns.g++.4
2023-07-22T17:22:23.198091880Z End of file listing, if you see nothing above there are no files.
2023-07-22T17:22:23.199118700Z flux R encode --hosts=flux-sample-[0-7]
2023-07-22T17:22:23.208402709Z
2023-07-22T17:22:23.208426009Z ðŸ“¦ Resources
2023-07-22T17:22:23.209212670Z {"version": 1, "execution": {"R_lite": [{"rank": "0-7", "children": {"core": "0"}}], "starttime": 0.0, "expiration": 0.0, "nodelist": ["flux-sample-[0-7]"]}}
2023-07-22T17:22:23.209354399Z
2023-07-22T17:22:23.209364219Z ðŸ¸ Diagnostics: false
2023-07-22T17:22:23.209493739Z ðŸš©ï¸ Flux Option Flags defined
2023-07-22T17:22:23.211544990Z
2023-07-22T17:22:23.211559819Z ðŸ¦Š Independent Minister of Privilege
2023-07-22T17:22:23.212248909Z [exec]
2023-07-22T17:22:23.212260469Z allowed-users = [ "flux", "root" ]
2023-07-22T17:22:23.212265809Z allowed-shells = [ "/usr/libexec/flux/flux-shell" ]
2023-07-22T17:22:23.212398119Z
2023-07-22T17:22:23.212408859Z ðŸ¸ Broker Configuration
2023-07-22T17:22:23.213039029Z # Flux needs to know the path to the IMP executable
2023-07-22T17:22:23.213058409Z [exec]
2023-07-22T17:22:23.213064169Z imp = "/usr/libexec/flux/flux-imp"
2023-07-22T17:22:23.213067869Z
2023-07-22T17:22:23.213071099Z [access]
2023-07-22T17:22:23.213075619Z allow-guest-user = true
2023-07-22T17:22:23.213079499Z allow-root-owner = true
2023-07-22T17:22:23.213082529Z
2023-07-22T17:22:23.213085889Z # Point to resource definition generated with flux-R(1).
2023-07-22T17:22:23.213089859Z [resource]
2023-07-22T17:22:23.213094299Z path = "/etc/flux/system/R"
2023-07-22T17:22:23.213097669Z
2023-07-22T17:22:23.213101139Z [bootstrap]
2023-07-22T17:22:23.213104819Z curve_cert = "/etc/curve/curve.cert"
2023-07-22T17:22:23.213107989Z default_port = 8050
2023-07-22T17:22:23.213111539Z default_bind = "tcp://eth0:%p"
2023-07-22T17:22:23.213116309Z default_connect = "tcp://%h.flux-service.flux-operator.svc.cluster.local:%p"
2023-07-22T17:22:23.213119819Z hosts = [
2023-07-22T17:22:23.213152809Z 	{ host="flux-sample-[0-7]"},
2023-07-22T17:22:23.213158669Z ]
2023-07-22T17:22:23.213163069Z [archive]
2023-07-22T17:22:23.213167089Z dbpath = "/var/lib/flux/job-archive.sqlite"
2023-07-22T17:22:23.213170709Z period = "1m"
2023-07-22T17:22:23.270068146Z busytimeout = "50s"
2023-07-22T17:22:23.270175986Z ðŸ§Šï¸ State Directory:
2023-07-22T17:22:23.270201866Z total 0
2023-07-22T17:22:23.270208006Z
2023-07-22T17:22:23.272148916Z
2023-07-22T17:22:23.272391556Z ðŸ”’ï¸ Working directory permissions:
2023-07-22T17:22:23.272404076Z total 96
2023-07-22T17:22:23.272410206Z -rwxrwxrwx 1 flux root  2517 May 17 22:32 README.txt
2023-07-22T17:22:23.272414656Z -rwxrwxrwx 1 flux root 54692 May 17 22:32 data.hns-equil
2023-07-22T17:22:23.272419616Z -rwxrwxrwx 1 flux root 13576 May 17 22:32 ffield.reax.hns
2023-07-22T17:22:23.272424146Z -rwxrwxrwx 1 flux root   870 May 17 22:32 in.reaxc.hns
2023-07-22T17:22:23.272429366Z -rwxrwxrwx 1 flux root  4172 May 17 22:32 log.8Mar18.reaxc.hns.g++.1
2023-07-22T17:22:23.272433656Z -rwxrwxrwx 1 flux root  4168 May 17 22:32 log.8Mar18.reaxc.hns.g++.4
2023-07-22T17:22:23.272437466Z
2023-07-22T17:22:23.272482696Z
2023-07-22T17:22:23.272489476Z âœ¨ Curve certificate generated by helper pod
2023-07-22T17:22:23.273640446Z #   ****  Generated on 2023-04-26 22:54:42 by CZMQ  ****
2023-07-22T17:22:23.273655196Z #   ZeroMQ CURVE **Secret** Certificate
2023-07-22T17:22:23.273661426Z #   DO NOT PROVIDE THIS FILE TO OTHER USERS nor change its permissions.
2023-07-22T17:22:23.273666506Z
2023-07-22T17:22:23.273670546Z metadata
2023-07-22T17:22:23.273675396Z     name = "flux-cert-generator"
2023-07-22T17:22:23.273679226Z     keygen.hostname = "flux-sample-0"
2023-07-22T17:22:23.273682926Z curve
2023-07-22T17:22:23.273686736Z     public-key = "yKM)-]>!Mm3zsJi<O48PNrdeJ^:OXbym56kuJ]*}"
2023-07-22T17:22:23.273691406Z     secret-key = "mq@ua:S4{ajw.W4dWmSZW4a/H71ZGSxaVOV)1e.p"
2023-07-22T17:22:23.275174296Z
2023-07-22T17:22:23.275292846Z ðŸŒ€  flux start --wrap=strace,-e,network,-tt -o --config /etc/flux/config -Scron.directory=/etc/flux/system/cron.d   -Stbon.fanout=256   -Srundir=/run/flux    -Sstatedir=/var/lib/flux   -Slocal-uri=local:///run/flux/local -Stbon.connect_timeout=10s  -Stbon.zmqdebug=1  -Slog-stderr-level=6    -Slog-stderr-mode=local
2023-07-22T17:22:23.296887285Z 17:22:23.296737 socket(AF_NETLINK, SOCK_RAW, NETLINK_ROUTE) = 8
2023-07-22T17:22:23.297031045Z 17:22:23.296799 bind(8, {sa_family=AF_NETLINK, nl_pid=0, nl_groups=00000000}, 12) = 0
2023-07-22T17:22:23.297042025Z 17:22:23.296837 getsockname(8, {sa_family=AF_NETLINK, nl_pid=70, nl_groups=00000000}, [12]) = 0
2023-07-22T17:22:23.297109285Z 17:22:23.296899 sendto(8, {{len=20, type=RTM_GETADDR, flags=NLM_F_REQUEST|NLM_F_DUMP, seq=1690046543, pid=0}, {ifa_family=AF_UNSPEC, ...}}, 20, 0, {sa_family=AF_NETLINK, nl_pid=0, nl_groups=00000000}, 12) = 20
2023-07-22T17:22:23.297373965Z 17:22:23.297061 recvmsg(8, {msg_name={sa_family=AF_NETLINK, nl_pid=0, nl_groups=00000000}, msg_namelen=12, msg_iov=[{iov_base=[{{len=76, type=RTM_NEWADDR, flags=NLM_F_MULTI, seq=1690046543, pid=70}, {ifa_family=AF_INET, ifa_prefixlen=8, ifa_flags=IFA_F_PERMANENT, ifa_scope=RT_SCOPE_HOST, ifa_index=if_nametoindex("lo")}, [{{nla_len=8, nla_type=IFA_ADDRESS}, 127.0.0.1}, {{nla_len=8, nla_type=IFA_LOCAL}, 127.0.0.1}, {{nla_len=7, nla_type=IFA_LABEL}, "lo"}, {{nla_len=8, nla_type=IFA_FLAGS}, IFA_F_PERMANENT}, {{nla_len=20, nla_type=IFA_CACHEINFO}, {ifa_prefered=4294967295, ifa_valid=4294967295, cstamp=803238, tstamp=803238}}]}, {{len=88, type=RTM_NEWADDR, flags=NLM_F_MULTI, seq=1690046543, pid=70}, {ifa_family=AF_INET, ifa_prefixlen=24, ifa_flags=IFA_F_PERMANENT, ifa_scope=RT_SCOPE_UNIVERSE, ifa_index=if_nametoindex("eth0")}, [{{nla_len=8, nla_type=IFA_ADDRESS}, 10.116.3.94}, {{nla_len=8, nla_type=IFA_LOCAL}, 10.116.3.94}, {{nla_len=8, nla_type=IFA_BROADCAST}, 10.116.3.255}, {{nla_len=9, nla_type=IFA_LABEL}, "eth0"}, {{nla_len=8, nla_type=IFA_FLAGS}, IFA_F_PERMANENT}, {{nla_len=20, nla_type=IFA_CACHEINFO}, {ifa_prefered=4294967295, ifa_valid=4294967295, cstamp=803241, tstamp=803241}}]}], iov_len=4096}], msg_iovlen=1, msg_controllen=0, msg_flags=0}, 0) = 164
2023-07-22T17:22:23.297455435Z 17:22:23.297325 recvmsg(8, {msg_name={sa_family=AF_NETLINK, nl_pid=0, nl_groups=00000000}, msg_namelen=12, msg_iov=[{iov_base={{len=20, type=NLMSG_DONE, flags=NLM_F_MULTI, seq=1690046543, pid=70}, 0}, iov_len=4096}], msg_iovlen=1, msg_controllen=0, msg_flags=0}, 0) = 20
2023-07-22T17:22:23.297828985Z 17:22:23.297680 socket(AF_UNIX, SOCK_STREAM|SOCK_CLOEXEC|SOCK_NONBLOCK, 0) = 8
2023-07-22T17:22:23.297840635Z 17:22:23.297727 connect(8, {sa_family=AF_UNIX, sun_path="/var/run/nscd/socket"}, 110) = -1 ENOENT (No such file or directory)
2023-07-22T17:22:23.297918355Z 17:22:23.297832 socket(AF_UNIX, SOCK_STREAM|SOCK_CLOEXEC|SOCK_NONBLOCK, 0) = 8
2023-07-22T17:22:23.298002595Z 17:22:23.297869 connect(8, {sa_family=AF_UNIX, sun_path="/var/run/nscd/socket"}, 110) = -1 ENOENT (No such file or directory)
2023-07-22T17:22:23.298831345Z 17:22:23.298683 socket(AF_INET, SOCK_DGRAM|SOCK_CLOEXEC|SOCK_NONBLOCK, IPPROTO_IP) = 8
2023-07-22T17:22:23.298845875Z 17:22:23.298754 connect(8, {sa_family=AF_INET, sin_port=htons(53), sin_addr=inet_addr("10.120.0.10")}, 16) = 0
2023-07-22T17:22:23.299103715Z 17:22:23.298844 sendto(8, "p\213\1\0\0\1\0\0\0\0\0\0\rflux-sample-0\fflux-"..., 76, MSG_NOSIGNAL, NULL, 0) = 76
2023-07-22T17:22:23.299622295Z 17:22:23.299449 recvfrom(8, "p\213\205\200\0\1\0\1\0\0\0\0\rflux-sample-0\fflux-"..., 1024, 0, {sa_family=AF_INET, sin_port=htons(53), sin_addr=inet_addr("10.120.0.10")}, [28->16]) = 150
2023-07-22T17:22:23.302450324Z broker.info[4]: start: none->join 1.04589ms
2023-07-22T17:22:33.471325559Z broker.info[4]: parent-ready: join->init 10.1683s
2023-07-22T17:22:33.471456290Z 17:22:33.470888 socketpair(AF_UNIX, SOCK_STREAM|SOCK_CLOEXEC, 0, [22, 23]) = 0
2023-07-22T17:22:33.471466899Z 17:22:33.470995 socketpair(AF_UNIX, SOCK_STREAM, 0, [24, 25]) = 0
2023-07-22T17:22:33.471482119Z 17:22:33.471159 socketpair(AF_UNIX, SOCK_STREAM, 0, [26, 27]) = 0
2023-07-22T17:22:33.471487399Z 17:22:33.471339 socketpair(AF_UNIX, SOCK_STREAM, 0, [28, 29]) = 0
2023-07-22T17:22:33.486927498Z broker.info[4]: configuration updated
2023-07-22T17:22:33.558412414Z broker.info[4]: rc1.0: running /etc/flux/rc1.d/01-sched-fluxion
2023-07-22T17:22:33.567450163Z broker.info[4]: rc1.0: running /etc/flux/rc1.d/02-cron
2023-07-22T17:22:33.582166723Z broker.info[4]: rc1.0: /etc/flux/rc1 Exited (rc=0) 0.1s
2023-07-22T17:22:33.582601043Z broker.info[4]: rc1-success: init->quorum 0.111624s
2023-07-22T17:22:33.794485821Z broker.info[4]: quorum-full: quorum->run 0.211658s
2023-07-22T17:22:34.328820113Z 17:22:34.328532 socketpair(AF_UNIX, SOCK_STREAM|SOCK_CLOEXEC, 0, [22, 23]) = 0
2023-07-22T17:22:34.328984303Z 17:22:34.328704 socketpair(AF_UNIX, SOCK_STREAM, 0, [24, 25]) = 0
2023-07-22T17:22:34.329324533Z 17:22:34.329090 socketpair(AF_UNIX, SOCK_STREAM, 0, [26, 28]) = 0
2023-07-22T17:22:34.329599423Z 17:22:34.329420 socketpair(AF_UNIX, SOCK_STREAM, 0, [58, 59]) = 0
2023-07-22T17:22:34.329869573Z 17:22:34.329726 socketpair(AF_UNIX, SOCK_STREAM, 0, [60, 61]) = 0
2023-07-22T17:22:47.267297820Z broker.info[4]: shutdown: run->cleanup 13.471s
2023-07-22T17:22:47.267327440Z broker.info[4]: cleanup-none: cleanup->shutdown 0.44833ms
2023-07-22T17:22:47.267333350Z broker.info[4]: children-none: shutdown->finalize 0.38876ms
2023-07-22T17:22:47.267338980Z 17:22:47.266922 socketpair(AF_UNIX, SOCK_STREAM|SOCK_CLOEXEC, 0, [22, 23]) = 0
2023-07-22T17:22:47.267343260Z 17:22:47.267024 socketpair(AF_UNIX, SOCK_STREAM, 0, [24, 25]) = 0
2023-07-22T17:22:47.267534460Z 17:22:47.267165 socketpair(AF_UNIX, SOCK_STREAM, 0, [26, 28]) = 0
2023-07-22T17:22:47.267759070Z 17:22:47.267472 socketpair(AF_UNIX, SOCK_STREAM, 0, [58, 59]) = 0
2023-07-22T17:22:47.281159339Z broker.info[4]: rc3.0: running /etc/flux/rc3.d/01-sched-fluxion
2023-07-22T17:22:47.384777634Z broker.info[4]: rc3.0: /etc/flux/rc3 Exited (rc=0) 0.1s
2023-07-22T17:22:47.385804054Z broker.info[4]: rc3-success: finalize->goodbye 0.118755s
2023-07-22T17:22:47.387296954Z broker.info[4]: goodbye: goodbye->exit 1.05039ms
2023-07-22T17:22:47.394786603Z 17:22:47.394593 +++ exited with 0 +++
2023-07-22T17:22:47.395760483Z Return value for follower worker is 0
2023-07-22T17:22:47.395784063Z The follower worker exited cleanly. Goodbye!
