2023-05-18T18:56:10.274897702Z
2023-05-18T18:56:10.274955230Z Flux username: flux
2023-05-18T18:56:10.274962127Z
2023-05-18T18:56:10.274967275Z Flux install root: /usr
2023-05-18T18:56:10.322145618Z flux user is already added.
2023-05-18T18:56:10.325673329Z flux user identifiers:
2023-05-18T18:56:10.325701165Z uid=1234(flux) gid=1234(flux) groups=1234(flux)
2023-05-18T18:56:10.325780059Z
2023-05-18T18:56:10.325790001Z As Flux prefix for flux commands: sudo -u flux -E PYTHONPATH=/opt/conda/lib/python3.10/site-packages -E PATH=/opt/conda/bin:/usr/local/sbin:/usr/local/bin:/usr/sbin:/usr/bin:/sbin:/bin -E LD_LIBRARY_PATH=/opt/conda/lib -E HOME=/home/flux
2023-05-18T18:56:10.333990778Z
2023-05-18T18:56:10.334028548Z 👋 Hello, I'm flux-sample-1
2023-05-18T18:56:10.334222518Z The main host is flux-sample-0
2023-05-18T18:56:10.334237379Z The working directory is /home/flux/examples/reaxff/HNS, contents include:
2023-05-18T18:56:10.335824489Z /home/flux/examples/reaxff/HNS:
2023-05-18T18:56:10.335989294Z README.txt	ffield.reax.hns  log.8Mar18.reaxc.hns.g++.1
2023-05-18T18:56:10.336001659Z data.hns-equil	in.reaxc.hns	 log.8Mar18.reaxc.hns.g++.4
2023-05-18T18:56:10.336088530Z End of file listing, if you see nothing above there are no files.
2023-05-18T18:56:10.337914586Z flux R encode --hosts=flux-sample-[0-3]
2023-05-18T18:56:10.351911510Z
2023-05-18T18:56:10.351954654Z 📦 Resources
2023-05-18T18:56:10.353394419Z {"version": 1, "execution": {"R_lite": [{"rank": "0-3", "children": {"core": "0"}}], "starttime": 0.0, "expiration": 0.0, "nodelist": ["flux-sample-[0-3]"]}}
2023-05-18T18:56:10.353647295Z
2023-05-18T18:56:10.353662904Z 🐸 Diagnostics: false
2023-05-18T18:56:10.353808560Z 🚩️ Flux Option Flags defined
2023-05-18T18:56:10.357540994Z
2023-05-18T18:56:10.357563024Z 🦊 Independent Minister of Privilege
2023-05-18T18:56:10.359024397Z [exec]
2023-05-18T18:56:10.359046639Z allowed-users = [ "flux", "root" ]
2023-05-18T18:56:10.359092396Z allowed-shells = [ "/usr/libexec/flux/flux-shell" ]
2023-05-18T18:56:10.359291810Z
2023-05-18T18:56:10.359304431Z 🐸 Broker Configuration
2023-05-18T18:56:10.360476582Z # Flux needs to know the path to the IMP executable
2023-05-18T18:56:10.360493745Z [exec]
2023-05-18T18:56:10.360500034Z imp = "/usr/libexec/flux/flux-imp"
2023-05-18T18:56:10.360504452Z
2023-05-18T18:56:10.360509124Z [access]
2023-05-18T18:56:10.360527043Z allow-guest-user = true
2023-05-18T18:56:10.360534087Z allow-root-owner = true
2023-05-18T18:56:10.360539142Z
2023-05-18T18:56:10.360543980Z # Point to resource definition generated with flux-R(1).
2023-05-18T18:56:10.360549135Z [resource]
2023-05-18T18:56:10.360554593Z path = "/etc/flux/system/R"
2023-05-18T18:56:10.360558997Z
2023-05-18T18:56:10.360566066Z [bootstrap]
2023-05-18T18:56:10.360572439Z curve_cert = "/etc/curve/curve.cert"
2023-05-18T18:56:10.360577904Z default_port = 8050
2023-05-18T18:56:10.360582428Z default_bind = "tcp://eth0:%p"
2023-05-18T18:56:10.360587744Z default_connect = "tcp://%h.flux-service.flux-operator.svc.cluster.local:%p"
2023-05-18T18:56:10.360592392Z hosts = [
2023-05-18T18:56:10.360596918Z 	{ host="flux-sample-[0-3]"},
2023-05-18T18:56:10.360601479Z ]
2023-05-18T18:56:10.360608234Z
2023-05-18T18:56:10.360614374Z [archive]
2023-05-18T18:56:10.360619365Z dbpath = "/var/lib/flux/job-archive.sqlite"
2023-05-18T18:56:10.360624159Z period = "1m"
2023-05-18T18:56:10.446860545Z busytimeout = "50s"
2023-05-18T18:56:10.446887763Z 🧊️ State Directory:
2023-05-18T18:56:10.446894080Z total 0
2023-05-18T18:56:10.446898920Z
2023-05-18T18:56:10.449826272Z
2023-05-18T18:56:10.449850446Z 🔒️ Working directory permissions:
2023-05-18T18:56:10.449856418Z total 96
2023-05-18T18:56:10.449861897Z -rwxrwxrwx 1 flux root  2517 May 17 22:32 README.txt
2023-05-18T18:56:10.449866622Z -rwxrwxrwx 1 flux root 54692 May 17 22:32 data.hns-equil
2023-05-18T18:56:10.449871392Z -rwxrwxrwx 1 flux root 13576 May 17 22:32 ffield.reax.hns
2023-05-18T18:56:10.449887336Z -rwxrwxrwx 1 flux root   870 May 17 22:32 in.reaxc.hns
2023-05-18T18:56:10.449898119Z -rwxrwxrwx 1 flux root  4172 May 17 22:32 log.8Mar18.reaxc.hns.g++.1
2023-05-18T18:56:10.450028516Z -rwxrwxrwx 1 flux root  4168 May 17 22:32 log.8Mar18.reaxc.hns.g++.4
2023-05-18T18:56:10.450037928Z
2023-05-18T18:56:10.450163236Z
2023-05-18T18:56:10.450178000Z ✨ Curve certificate generated by helper pod
2023-05-18T18:56:10.451808219Z #   ****  Generated on 2023-04-26 22:54:42 by CZMQ  ****
2023-05-18T18:56:10.451826385Z #   ZeroMQ CURVE **Secret** Certificate
2023-05-18T18:56:10.451861940Z #   DO NOT PROVIDE THIS FILE TO OTHER USERS nor change its permissions.
2023-05-18T18:56:10.451869328Z
2023-05-18T18:56:10.451874500Z metadata
2023-05-18T18:56:10.451880449Z     name = "flux-cert-generator"
2023-05-18T18:56:10.451885737Z     keygen.hostname = "flux-sample-0"
2023-05-18T18:56:10.451890656Z curve
2023-05-18T18:56:10.451895648Z     public-key = "+pdcffNmuc}Iom!-j:ITSBoAygzgfY<BGdroG!F0"
2023-05-18T18:56:10.451902745Z     secret-key = "Ind0844sEN-!6+/9H9+NZX>8xp=jIj)!&@pL>)gp"
2023-05-18T18:56:10.454586021Z
2023-05-18T18:56:10.454608576Z 🌀  flux start --wrap=strace,-e,network,-tt -o --config /etc/flux/config -Scron.directory=/etc/flux/system/cron.d   -Stbon.fanout=256   -Srundir=/run/flux    -Sstatedir=/var/lib/flux   -Slocal-uri=local:///run/flux/local -Stbon.connect_timeout=7s  -Stbon.zmqdebug=1  -Slog-stderr-level=6    -Slog-stderr-mode=local
2023-05-18T18:56:10.499452523Z 18:56:10.499157 socket(AF_NETLINK, SOCK_RAW, NETLINK_ROUTE) = 8
2023-05-18T18:56:10.499599656Z 18:56:10.499351 bind(8, {sa_family=AF_NETLINK, nl_pid=0, nl_groups=00000000}, 12) = 0
2023-05-18T18:56:10.499695380Z 18:56:10.499523 getsockname(8, {sa_family=AF_NETLINK, nl_pid=70, nl_groups=00000000}, [12]) = 0
2023-05-18T18:56:10.500149843Z 18:56:10.499713 sendto(8, {{len=20, type=RTM_GETADDR, flags=NLM_F_REQUEST|NLM_F_DUMP, seq=1684436170, pid=0}, {ifa_family=AF_UNSPEC, ...}}, 20, 0, {sa_family=AF_NETLINK, nl_pid=0, nl_groups=00000000}, 12) = 20
2023-05-18T18:56:10.500504410Z 18:56:10.499987 recvmsg(8, {msg_name={sa_family=AF_NETLINK, nl_pid=0, nl_groups=00000000}, msg_namelen=12, msg_iov=[{iov_base=[{{len=76, type=RTM_NEWADDR, flags=NLM_F_MULTI, seq=1684436170, pid=70}, {ifa_family=AF_INET, ifa_prefixlen=8, ifa_flags=IFA_F_PERMANENT, ifa_scope=RT_SCOPE_HOST, ifa_index=if_nametoindex("lo")}, [{{nla_len=8, nla_type=IFA_ADDRESS}, 127.0.0.1}, {{nla_len=8, nla_type=IFA_LOCAL}, 127.0.0.1}, {{nla_len=7, nla_type=IFA_LABEL}, "lo"}, {{nla_len=8, nla_type=IFA_FLAGS}, IFA_F_PERMANENT}, {{nla_len=20, nla_type=IFA_CACHEINFO}, {ifa_prefered=4294967295, ifa_valid=4294967295, cstamp=1671414, tstamp=1671414}}]}, {{len=88, type=RTM_NEWADDR, flags=NLM_F_MULTI, seq=1684436170, pid=70}, {ifa_family=AF_INET, ifa_prefixlen=24, ifa_flags=IFA_F_PERMANENT, ifa_scope=RT_SCOPE_UNIVERSE, ifa_index=if_nametoindex("eth0")}, [{{nla_len=8, nla_type=IFA_ADDRESS}, 10.24.2.133}, {{nla_len=8, nla_type=IFA_LOCAL}, 10.24.2.133}, {{nla_len=8, nla_type=IFA_BROADCAST}, 10.24.2.255}, {{nla_len=9, nla_type=IFA_LABEL}, "eth0"}, {{nla_len=8, nla_type=IFA_FLAGS}, IFA_F_PERMANENT}, {{nla_len=20, nla_type=IFA_CACHEINFO}, {ifa_prefered=4294967295, ifa_valid=4294967295, cstamp=1671419, tstamp=1671419}}]}], iov_len=4096}], msg_iovlen=1, msg_controllen=0, msg_flags=0}, 0) = 164
2023-05-18T18:56:10.500622454Z 18:56:10.500363 recvmsg(8, {msg_name={sa_family=AF_NETLINK, nl_pid=0, nl_groups=00000000}, msg_namelen=12, msg_iov=[{iov_base={{len=20, type=NLMSG_DONE, flags=NLM_F_MULTI, seq=1684436170, pid=70}, 0}, iov_len=4096}], msg_iovlen=1, msg_controllen=0, msg_flags=0}, 0) = 20
2023-05-18T18:56:10.501218084Z 18:56:10.501055 socket(AF_UNIX, SOCK_STREAM|SOCK_CLOEXEC|SOCK_NONBLOCK, 0) = 8
2023-05-18T18:56:10.501374034Z 18:56:10.501178 connect(8, {sa_family=AF_UNIX, sun_path="/var/run/nscd/socket"}, 110) = -1 ENOENT (No such file or directory)
2023-05-18T18:56:10.501563196Z 18:56:10.501390 socket(AF_UNIX, SOCK_STREAM|SOCK_CLOEXEC|SOCK_NONBLOCK, 0) = 8
2023-05-18T18:56:10.501663997Z 18:56:10.501477 connect(8, {sa_family=AF_UNIX, sun_path="/var/run/nscd/socket"}, 110) = -1 ENOENT (No such file or directory)
2023-05-18T18:56:10.503576348Z 18:56:10.503428 socket(AF_INET, SOCK_DGRAM|SOCK_CLOEXEC|SOCK_NONBLOCK, IPPROTO_IP) = 8
2023-05-18T18:56:10.503782543Z 18:56:10.503548 connect(8, {sa_family=AF_INET, sin_port=htons(53), sin_addr=inet_addr("169.254.169.254")}, 16) = 0
2023-05-18T18:56:10.504114000Z 18:56:10.503764 sendto(8, "\337c\1\0\0\1\0\0\0\0\0\0\rflux-sample-0\fflux-"..., 76, MSG_NOSIGNAL, NULL, 0) = 76
2023-05-18T18:56:10.509184183Z 18:56:10.508864 recvfrom(8, "\337c\201\200\0\1\0\1\0\0\0\0\rflux-sample-0\fflux-"..., 1024, 0, {sa_family=AF_INET, sin_port=htons(53), sin_addr=inet_addr("169.254.169.254")}, [28->16]) = 92
2023-05-18T18:56:10.514960588Z broker.info[1]: start: none->join 1.80449ms
2023-05-18T18:56:17.685496098Z broker.info[1]: parent-ready: join->init 7.17037s
2023-05-18T18:56:17.685748983Z 18:56:17.685516 socketpair(AF_UNIX, SOCK_STREAM|SOCK_CLOEXEC, 0, [22, 23]) = 0
2023-05-18T18:56:17.685882700Z 18:56:17.685716 socketpair(AF_UNIX, SOCK_STREAM, 0, [24, 25]) = 0
2023-05-18T18:56:17.686244451Z 18:56:17.685961 socketpair(AF_UNIX, SOCK_STREAM, 0, [26, 27]) = 0
2023-05-18T18:56:17.686650876Z 18:56:17.686324 socketpair(AF_UNIX, SOCK_STREAM, 0, [28, 29]) = 0
2023-05-18T18:56:17.712719198Z broker.info[1]: configuration updated
2023-05-18T18:56:17.849423410Z broker.info[1]: rc1.0: running /etc/flux/rc1.d/01-sched-fluxion
2023-05-18T18:56:17.863244781Z broker.info[1]: rc1.0: running /etc/flux/rc1.d/02-cron
2023-05-18T18:56:17.887947065Z broker.info[1]: rc1.0: /etc/flux/rc1 Exited (rc=0) 0.2s
2023-05-18T18:56:17.889223850Z broker.info[1]: rc1-success: init->quorum 0.203486s
2023-05-18T18:56:18.506376944Z broker.info[1]: quorum-full: quorum->run 0.61656s
2023-05-18T18:56:31.491331636Z broker.info[1]: shutdown: run->cleanup 12.9848s
2023-05-18T18:56:31.492406163Z broker.info[1]: cleanup-none: cleanup->shutdown 0.912986ms
2023-05-18T18:56:31.493549947Z broker.info[1]: children-none: shutdown->finalize 0.957083ms
2023-05-18T18:56:31.494088357Z 18:56:31.493797 socketpair(AF_UNIX, SOCK_STREAM|SOCK_CLOEXEC, 0, [22, 23]) = 0
2023-05-18T18:56:31.494403489Z 18:56:31.494178 socketpair(AF_UNIX, SOCK_STREAM, 0, [24, 25]) = 0
2023-05-18T18:56:31.494675902Z 18:56:31.494478 socketpair(AF_UNIX, SOCK_STREAM, 0, [26, 28]) = 0
2023-05-18T18:56:31.494958076Z 18:56:31.494767 socketpair(AF_UNIX, SOCK_STREAM, 0, [58, 59]) = 0
2023-05-18T18:56:31.512839646Z broker.info[1]: rc3.0: running /etc/flux/rc3.d/01-sched-fluxion
2023-05-18T18:56:31.653893561Z broker.info[1]: rc3.0: /etc/flux/rc3 Exited (rc=0) 0.2s
2023-05-18T18:56:31.655292678Z broker.info[1]: rc3-success: finalize->goodbye 0.161268s
2023-05-18T18:56:31.657047269Z broker.info[1]: goodbye: goodbye->exit 1.11128ms
2023-05-18T18:56:31.665756770Z 18:56:31.665556 +++ exited with 0 +++
2023-05-18T18:56:31.667635767Z Return value for follower worker is 0
2023-05-18T18:56:31.667778157Z The follower worker exited cleanly. Goodbye!
