2023-05-18T19:05:08.268510508Z
2023-05-18T19:05:08.268617399Z Flux username: flux
2023-05-18T19:05:08.268626957Z
2023-05-18T19:05:08.268632093Z Flux install root: /usr
2023-05-18T19:05:08.318811174Z flux user is already added.
2023-05-18T19:05:08.320048525Z flux user identifiers:
2023-05-18T19:05:08.320074485Z uid=1234(flux) gid=1234(flux) groups=1234(flux)
2023-05-18T19:05:08.320079990Z
2023-05-18T19:05:08.320085728Z As Flux prefix for flux commands: sudo -u flux -E PYTHONPATH=/opt/conda/lib/python3.10/site-packages -E PATH=/opt/conda/bin:/usr/local/sbin:/usr/local/bin:/usr/sbin:/usr/bin:/sbin:/bin -E LD_LIBRARY_PATH=/opt/conda/lib -E HOME=/home/flux
2023-05-18T19:05:08.329588364Z
2023-05-18T19:05:08.329616565Z 👋 Hello, I'm flux-sample-2
2023-05-18T19:05:08.329622645Z The main host is flux-sample-0
2023-05-18T19:05:08.329630436Z The working directory is /home/flux/examples/reaxff/HNS, contents include:
2023-05-18T19:05:08.331056536Z /home/flux/examples/reaxff/HNS:
2023-05-18T19:05:08.331076725Z README.txt	ffield.reax.hns  log.8Mar18.reaxc.hns.g++.1
2023-05-18T19:05:08.331082413Z data.hns-equil	in.reaxc.hns	 log.8Mar18.reaxc.hns.g++.4
2023-05-18T19:05:08.331669438Z End of file listing, if you see nothing above there are no files.
2023-05-18T19:05:08.333679500Z flux R encode --hosts=flux-sample-[0-3]
2023-05-18T19:05:08.348262482Z
2023-05-18T19:05:08.348302183Z 📦 Resources
2023-05-18T19:05:08.350066330Z {"version": 1, "execution": {"R_lite": [{"rank": "0-3", "children": {"core": "0"}}], "starttime": 0.0, "expiration": 0.0, "nodelist": ["flux-sample-[0-3]"]}}
2023-05-18T19:05:08.350295435Z
2023-05-18T19:05:08.350310614Z 🐸 Diagnostics: false
2023-05-18T19:05:08.350496873Z 🚩️ Flux Option Flags defined
2023-05-18T19:05:08.354920421Z
2023-05-18T19:05:08.354943918Z 🦊 Independent Minister of Privilege
2023-05-18T19:05:08.356145138Z [exec]
2023-05-18T19:05:08.356162949Z allowed-users = [ "flux", "root" ]
2023-05-18T19:05:08.356169278Z allowed-shells = [ "/usr/libexec/flux/flux-shell" ]
2023-05-18T19:05:08.356396862Z
2023-05-18T19:05:08.356413823Z 🐸 Broker Configuration
2023-05-18T19:05:08.357783639Z # Flux needs to know the path to the IMP executable
2023-05-18T19:05:08.357800523Z [exec]
2023-05-18T19:05:08.357806788Z imp = "/usr/libexec/flux/flux-imp"
2023-05-18T19:05:08.357811448Z
2023-05-18T19:05:08.357816856Z [access]
2023-05-18T19:05:08.357822598Z allow-guest-user = true
2023-05-18T19:05:08.357827381Z allow-root-owner = true
2023-05-18T19:05:08.357831714Z
2023-05-18T19:05:08.357839164Z # Point to resource definition generated with flux-R(1).
2023-05-18T19:05:08.357846239Z [resource]
2023-05-18T19:05:08.357853021Z path = "/etc/flux/system/R"
2023-05-18T19:05:08.357857616Z
2023-05-18T19:05:08.357862309Z [bootstrap]
2023-05-18T19:05:08.357867512Z curve_cert = "/etc/curve/curve.cert"
2023-05-18T19:05:08.357872412Z default_port = 8050
2023-05-18T19:05:08.357877277Z default_bind = "tcp://eth0:%p"
2023-05-18T19:05:08.357885203Z default_connect = "tcp://%h.flux-service.flux-operator.svc.cluster.local:%p"
2023-05-18T19:05:08.357891206Z hosts = [
2023-05-18T19:05:08.357895996Z 	{ host="flux-sample-[0-3]"},
2023-05-18T19:05:08.357900755Z ]
2023-05-18T19:05:08.357904993Z
2023-05-18T19:05:08.357909563Z [archive]
2023-05-18T19:05:08.357914496Z dbpath = "/var/lib/flux/job-archive.sqlite"
2023-05-18T19:05:08.357919700Z period = "1m"
2023-05-18T19:05:08.445935358Z busytimeout = "50s"
2023-05-18T19:05:08.445967742Z 🧊️ State Directory:
2023-05-18T19:05:08.445973976Z total 0
2023-05-18T19:05:08.445978947Z
2023-05-18T19:05:08.450112068Z
2023-05-18T19:05:08.450168999Z 🔒️ Working directory permissions:
2023-05-18T19:05:08.450177941Z total 96
2023-05-18T19:05:08.450183468Z -rwxrwxrwx 1 flux root  2517 May 17 22:32 README.txt
2023-05-18T19:05:08.450188559Z -rwxrwxrwx 1 flux root 54692 May 17 22:32 data.hns-equil
2023-05-18T19:05:08.450195904Z -rwxrwxrwx 1 flux root 13576 May 17 22:32 ffield.reax.hns
2023-05-18T19:05:08.450202492Z -rwxrwxrwx 1 flux root   870 May 17 22:32 in.reaxc.hns
2023-05-18T19:05:08.450208265Z -rwxrwxrwx 1 flux root  4172 May 17 22:32 log.8Mar18.reaxc.hns.g++.1
2023-05-18T19:05:08.450213290Z -rwxrwxrwx 1 flux root  4168 May 17 22:32 log.8Mar18.reaxc.hns.g++.4
2023-05-18T19:05:08.450245576Z
2023-05-18T19:05:08.450254224Z
2023-05-18T19:05:08.450261582Z ✨ Curve certificate generated by helper pod
2023-05-18T19:05:08.451682787Z #   ****  Generated on 2023-04-26 22:54:42 by CZMQ  ****
2023-05-18T19:05:08.451706006Z #   ZeroMQ CURVE **Secret** Certificate
2023-05-18T19:05:08.451712123Z #   DO NOT PROVIDE THIS FILE TO OTHER USERS nor change its permissions.
2023-05-18T19:05:08.451717503Z
2023-05-18T19:05:08.451722469Z metadata
2023-05-18T19:05:08.451728589Z     name = "flux-cert-generator"
2023-05-18T19:05:08.451733417Z     keygen.hostname = "flux-sample-0"
2023-05-18T19:05:08.451740470Z curve
2023-05-18T19:05:08.451752561Z     public-key = "-#y)U=uO<ZLsX8S}E&52t2W5Vo)GNTeFeuEZ80h."
2023-05-18T19:05:08.451757890Z     secret-key = "^oFz+%c3hAmp@XE.SslLdk+Lo}?<WG6hPD^3}0Qv"
2023-05-18T19:05:08.453750080Z
2023-05-18T19:05:08.453776679Z 🌀  flux start --wrap=strace,-e,network,-tt -o --config /etc/flux/config -Scron.directory=/etc/flux/system/cron.d   -Stbon.fanout=256   -Srundir=/run/flux    -Sstatedir=/var/lib/flux   -Slocal-uri=local:///run/flux/local -Stbon.connect_timeout=8s  -Stbon.zmqdebug=1  -Slog-stderr-level=6    -Slog-stderr-mode=local
2023-05-18T19:05:08.497234131Z 19:05:08.496769 socket(AF_NETLINK, SOCK_RAW, NETLINK_ROUTE) = 8
2023-05-18T19:05:08.497279529Z 19:05:08.496934 bind(8, {sa_family=AF_NETLINK, nl_pid=0, nl_groups=00000000}, 12) = 0
2023-05-18T19:05:08.497286809Z 19:05:08.497024 getsockname(8, {sa_family=AF_NETLINK, nl_pid=71, nl_groups=00000000}, [12]) = 0
2023-05-18T19:05:08.498192305Z 19:05:08.497139 sendto(8, {{len=20, type=RTM_GETADDR, flags=NLM_F_REQUEST|NLM_F_DUMP, seq=1684436708, pid=0}, {ifa_family=AF_UNSPEC, ...}}, 20, 0, {sa_family=AF_NETLINK, nl_pid=0, nl_groups=00000000}, 12) = 20
2023-05-18T19:05:08.498361874Z 19:05:08.497518 recvmsg(8, {msg_name={sa_family=AF_NETLINK, nl_pid=0, nl_groups=00000000}, msg_namelen=12, msg_iov=[{iov_base=[{{len=76, type=RTM_NEWADDR, flags=NLM_F_MULTI, seq=1684436708, pid=71}, {ifa_family=AF_INET, ifa_prefixlen=8, ifa_flags=IFA_F_PERMANENT, ifa_scope=RT_SCOPE_HOST, ifa_index=if_nametoindex("lo")}, [{{nla_len=8, nla_type=IFA_ADDRESS}, 127.0.0.1}, {{nla_len=8, nla_type=IFA_LOCAL}, 127.0.0.1}, {{nla_len=7, nla_type=IFA_LABEL}, "lo"}, {{nla_len=8, nla_type=IFA_FLAGS}, IFA_F_PERMANENT}, {{nla_len=20, nla_type=IFA_CACHEINFO}, {ifa_prefered=4294967295, ifa_valid=4294967295, cstamp=1725401, tstamp=1725401}}]}, {{len=88, type=RTM_NEWADDR, flags=NLM_F_MULTI, seq=1684436708, pid=71}, {ifa_family=AF_INET, ifa_prefixlen=24, ifa_flags=IFA_F_PERMANENT, ifa_scope=RT_SCOPE_UNIVERSE, ifa_index=if_nametoindex("eth0")}, [{{nla_len=8, nla_type=IFA_ADDRESS}, 10.24.0.153}, {{nla_len=8, nla_type=IFA_LOCAL}, 10.24.0.153}, {{nla_len=8, nla_type=IFA_BROADCAST}, 10.24.0.255}, {{nla_len=9, nla_type=IFA_LABEL}, "eth0"}, {{nla_len=8, nla_type=IFA_FLAGS}, IFA_F_PERMANENT}, {{nla_len=20, nla_type=IFA_CACHEINFO}, {ifa_prefered=4294967295, ifa_valid=4294967295, cstamp=1725404, tstamp=1725404}}]}], iov_len=4096}], msg_iovlen=1, msg_controllen=0, msg_flags=0}, 0) = 164
2023-05-18T19:05:08.498379794Z 19:05:08.497889 recvmsg(8, {msg_name={sa_family=AF_NETLINK, nl_pid=0, nl_groups=00000000}, msg_namelen=12, msg_iov=[{iov_base={{len=20, type=NLMSG_DONE, flags=NLM_F_MULTI, seq=1684436708, pid=71}, 0}, iov_len=4096}], msg_iovlen=1, msg_controllen=0, msg_flags=0}, 0) = 20
2023-05-18T19:05:08.498773238Z 19:05:08.498617 socket(AF_UNIX, SOCK_STREAM|SOCK_CLOEXEC|SOCK_NONBLOCK, 0) = 8
2023-05-18T19:05:08.498948387Z 19:05:08.498749 connect(8, {sa_family=AF_UNIX, sun_path="/var/run/nscd/socket"}, 110) = -1 ENOENT (No such file or directory)
2023-05-18T19:05:08.499145761Z 19:05:08.498999 socket(AF_UNIX, SOCK_STREAM|SOCK_CLOEXEC|SOCK_NONBLOCK, 0) = 8
2023-05-18T19:05:08.499301304Z 19:05:08.499099 connect(8, {sa_family=AF_UNIX, sun_path="/var/run/nscd/socket"}, 110) = -1 ENOENT (No such file or directory)
2023-05-18T19:05:08.501443154Z 19:05:08.501166 socket(AF_INET, SOCK_DGRAM|SOCK_CLOEXEC|SOCK_NONBLOCK, IPPROTO_IP) = 8
2023-05-18T19:05:08.501827985Z 19:05:08.501568 connect(8, {sa_family=AF_INET, sin_port=htons(53), sin_addr=inet_addr("169.254.169.254")}, 16) = 0
2023-05-18T19:05:08.502512232Z 19:05:08.501972 sendto(8, "e\237\1\0\0\1\0\0\0\0\0\0\rflux-sample-0\fflux-"..., 76, MSG_NOSIGNAL, NULL, 0) = 76
2023-05-18T19:05:08.505830519Z 19:05:08.505521 recvfrom(8, "e\237\201\200\0\1\0\1\0\0\0\0\rflux-sample-0\fflux-"..., 1024, 0, {sa_family=AF_INET, sin_port=htons(53), sin_addr=inet_addr("169.254.169.254")}, [28->16]) = 92
2023-05-18T19:05:08.510459250Z broker.info[2]: start: none->join 1.7869ms
2023-05-18T19:05:16.700978008Z broker.info[2]: parent-ready: join->init 8.18983s
2023-05-18T19:05:16.701070562Z 19:05:16.700616 socketpair(AF_UNIX, SOCK_STREAM|SOCK_CLOEXEC, 0, [22, 23]) = 0
2023-05-18T19:05:16.701797102Z 19:05:16.700847 socketpair(AF_UNIX, SOCK_STREAM, 0, [24, 25]) = 0
2023-05-18T19:05:16.701832128Z 19:05:16.701062 socketpair(AF_UNIX, SOCK_STREAM, 0, [26, 27]) = 0
2023-05-18T19:05:16.702327852Z 19:05:16.701704 socketpair(AF_UNIX, SOCK_STREAM, 0, [28, 29]) = 0
2023-05-18T19:05:16.729222291Z broker.info[2]: configuration updated
2023-05-18T19:05:16.862888422Z broker.info[2]: rc1.0: running /etc/flux/rc1.d/01-sched-fluxion
2023-05-18T19:05:16.878329390Z broker.info[2]: rc1.0: running /etc/flux/rc1.d/02-cron
2023-05-18T19:05:16.905685689Z broker.info[2]: rc1.0: /etc/flux/rc1 Exited (rc=0) 0.2s
2023-05-18T19:05:16.906702578Z broker.info[2]: rc1-success: init->quorum 0.205817s
2023-05-18T19:05:17.093061240Z broker.info[2]: quorum-full: quorum->run 0.186175s
2023-05-18T19:05:31.837883080Z broker.info[2]: shutdown: run->cleanup 14.7435s
2023-05-18T19:05:31.839278672Z broker.info[2]: cleanup-none: cleanup->shutdown 1.71414ms
2023-05-18T19:05:31.840459103Z broker.info[2]: children-none: shutdown->finalize 0.914676ms
2023-05-18T19:05:31.841383701Z 19:05:31.840452 socketpair(AF_UNIX, SOCK_STREAM|SOCK_CLOEXEC, 0, [22, 23]) = 0
2023-05-18T19:05:31.841415174Z 19:05:31.840720 socketpair(AF_UNIX, SOCK_STREAM, 0, [24, 25]) = 0
2023-05-18T19:05:31.841424331Z 19:05:31.841008 socketpair(AF_UNIX, SOCK_STREAM, 0, [26, 28]) = 0
2023-05-18T19:05:31.842341929Z 19:05:31.841270 socketpair(AF_UNIX, SOCK_STREAM, 0, [58, 59]) = 0
2023-05-18T19:05:31.861033123Z broker.info[2]: rc3.0: running /etc/flux/rc3.d/01-sched-fluxion
2023-05-18T19:05:32.017620939Z broker.info[2]: rc3.0: /etc/flux/rc3 Exited (rc=0) 0.2s
2023-05-18T19:05:32.018349819Z broker.info[2]: rc3-success: finalize->goodbye 0.177675s
2023-05-18T19:05:32.019825415Z broker.info[2]: goodbye: goodbye->exit 1.05942ms
2023-05-18T19:05:32.027633066Z 19:05:32.027441 +++ exited with 0 +++
2023-05-18T19:05:32.029213832Z Return value for follower worker is 0
2023-05-18T19:05:32.029389457Z The follower worker exited cleanly. Goodbye!
