2023-05-18T20:32:07.389270981Z
2023-05-18T20:32:07.389307764Z Flux username: flux
2023-05-18T20:32:07.389314245Z
2023-05-18T20:32:07.389319591Z Flux install root: /usr
2023-05-18T20:32:07.436806128Z flux user is already added.
2023-05-18T20:32:07.439638505Z flux user identifiers:
2023-05-18T20:32:07.439674798Z uid=1234(flux) gid=1234(flux) groups=1234(flux)
2023-05-18T20:32:07.439760170Z
2023-05-18T20:32:07.439783131Z As Flux prefix for flux commands: sudo -u flux -E PYTHONPATH=/opt/conda/lib/python3.10/site-packages -E PATH=/opt/conda/bin:/usr/local/sbin:/usr/local/bin:/usr/sbin:/usr/bin:/sbin:/bin -E LD_LIBRARY_PATH=/opt/conda/lib -E HOME=/home/flux
2023-05-18T20:32:07.447938346Z
2023-05-18T20:32:07.447963217Z 👋 Hello, I'm flux-sample-3
2023-05-18T20:32:07.448110571Z The main host is flux-sample-0
2023-05-18T20:32:07.448120869Z The working directory is /home/flux/examples/reaxff/HNS, contents include:
2023-05-18T20:32:07.449734473Z /home/flux/examples/reaxff/HNS:
2023-05-18T20:32:07.449834227Z README.txt	ffield.reax.hns  log.8Mar18.reaxc.hns.g++.1
2023-05-18T20:32:07.449854557Z data.hns-equil	in.reaxc.hns	 log.8Mar18.reaxc.hns.g++.4
2023-05-18T20:32:07.450031255Z End of file listing, if you see nothing above there are no files.
2023-05-18T20:32:07.451784228Z flux R encode --hosts=flux-sample-[0-3]
2023-05-18T20:32:07.465512568Z
2023-05-18T20:32:07.465538898Z 📦 Resources
2023-05-18T20:32:07.466899877Z {"version": 1, "execution": {"R_lite": [{"rank": "0-3", "children": {"core": "0"}}], "starttime": 0.0, "expiration": 0.0, "nodelist": ["flux-sample-[0-3]"]}}
2023-05-18T20:32:07.467127728Z
2023-05-18T20:32:07.467153076Z 🐸 Diagnostics: false
2023-05-18T20:32:07.467393748Z 🚩️ Flux Option Flags defined
2023-05-18T20:32:07.471682506Z
2023-05-18T20:32:07.471701327Z 🦊 Independent Minister of Privilege
2023-05-18T20:32:07.472921132Z [exec]
2023-05-18T20:32:07.472938073Z allowed-users = [ "flux", "root" ]
2023-05-18T20:32:07.472944250Z allowed-shells = [ "/usr/libexec/flux/flux-shell" ]
2023-05-18T20:32:07.473147200Z
2023-05-18T20:32:07.473160398Z 🐸 Broker Configuration
2023-05-18T20:32:07.474396643Z # Flux needs to know the path to the IMP executable
2023-05-18T20:32:07.474412314Z [exec]
2023-05-18T20:32:07.474418588Z imp = "/usr/libexec/flux/flux-imp"
2023-05-18T20:32:07.474425560Z
2023-05-18T20:32:07.474431250Z [access]
2023-05-18T20:32:07.474436661Z allow-guest-user = true
2023-05-18T20:32:07.474441637Z allow-root-owner = true
2023-05-18T20:32:07.474458952Z
2023-05-18T20:32:07.474463985Z # Point to resource definition generated with flux-R(1).
2023-05-18T20:32:07.474471084Z [resource]
2023-05-18T20:32:07.474477776Z path = "/etc/flux/system/R"
2023-05-18T20:32:07.474482870Z
2023-05-18T20:32:07.474487930Z [bootstrap]
2023-05-18T20:32:07.474492925Z curve_cert = "/etc/curve/curve.cert"
2023-05-18T20:32:07.474498029Z default_port = 8050
2023-05-18T20:32:07.474502431Z default_bind = "tcp://eth0:%p"
2023-05-18T20:32:07.474507568Z default_connect = "tcp://%h.flux-service.flux-operator.svc.cluster.local:%p"
2023-05-18T20:32:07.474514343Z hosts = [
2023-05-18T20:32:07.474520564Z 	{ host="flux-sample-[0-3]"},
2023-05-18T20:32:07.474525572Z ]
2023-05-18T20:32:07.474530226Z
2023-05-18T20:32:07.474534776Z [archive]
2023-05-18T20:32:07.474539823Z dbpath = "/var/lib/flux/job-archive.sqlite"
2023-05-18T20:32:07.474544663Z period = "1m"
2023-05-18T20:32:07.559507304Z busytimeout = "50s"
2023-05-18T20:32:07.559534376Z 🧊️ State Directory:
2023-05-18T20:32:07.559540762Z total 0
2023-05-18T20:32:07.559545832Z
2023-05-18T20:32:07.562351174Z
2023-05-18T20:32:07.562372848Z 🔒️ Working directory permissions:
2023-05-18T20:32:07.562380813Z total 96
2023-05-18T20:32:07.562388098Z -rwxrwxrwx 1 flux root  2517 May 17 22:32 README.txt
2023-05-18T20:32:07.562393455Z -rwxrwxrwx 1 flux root 54692 May 17 22:32 data.hns-equil
2023-05-18T20:32:07.562398531Z -rwxrwxrwx 1 flux root 13576 May 17 22:32 ffield.reax.hns
2023-05-18T20:32:07.562403101Z -rwxrwxrwx 1 flux root   870 May 17 22:32 in.reaxc.hns
2023-05-18T20:32:07.562409250Z -rwxrwxrwx 1 flux root  4172 May 17 22:32 log.8Mar18.reaxc.hns.g++.1
2023-05-18T20:32:07.562586135Z -rwxrwxrwx 1 flux root  4168 May 17 22:32 log.8Mar18.reaxc.hns.g++.4
2023-05-18T20:32:07.562598391Z
2023-05-18T20:32:07.562602930Z
2023-05-18T20:32:07.562608850Z ✨ Curve certificate generated by helper pod
2023-05-18T20:32:07.564132420Z #   ****  Generated on 2023-04-26 22:54:42 by CZMQ  ****
2023-05-18T20:32:07.564149504Z #   ZeroMQ CURVE **Secret** Certificate
2023-05-18T20:32:07.564155625Z #   DO NOT PROVIDE THIS FILE TO OTHER USERS nor change its permissions.
2023-05-18T20:32:07.564162577Z
2023-05-18T20:32:07.564168703Z metadata
2023-05-18T20:32:07.564174148Z     name = "flux-cert-generator"
2023-05-18T20:32:07.564179446Z     keygen.hostname = "flux-sample-0"
2023-05-18T20:32:07.564184372Z curve
2023-05-18T20:32:07.564188886Z     public-key = "uf29s?AIS!n<zhz&o3R4K][qmD4iaMp^fa-Q0i@K"
2023-05-18T20:32:07.564193929Z     secret-key = "Hs!w7!(lyPn>37KQ8S$):Moo.A:?&)[tPJbG8hyJ"
2023-05-18T20:32:07.566562317Z
2023-05-18T20:32:07.566591522Z 🌀  flux start --wrap=strace,-e,network,-tt -o --config /etc/flux/config -Scron.directory=/etc/flux/system/cron.d   -Stbon.fanout=256   -Srundir=/run/flux    -Sstatedir=/var/lib/flux   -Slocal-uri=local:///run/flux/local -Stbon.connect_timeout=7s  -Stbon.zmqdebug=1  -Slog-stderr-level=6    -Slog-stderr-mode=local
2023-05-18T20:32:07.610777365Z 20:32:07.610356 socket(AF_NETLINK, SOCK_RAW, NETLINK_ROUTE) = 8
2023-05-18T20:32:07.610814655Z 20:32:07.610524 bind(8, {sa_family=AF_NETLINK, nl_pid=0, nl_groups=00000000}, 12) = 0
2023-05-18T20:32:07.610820663Z 20:32:07.610619 getsockname(8, {sa_family=AF_NETLINK, nl_pid=70, nl_groups=00000000}, [12]) = 0
2023-05-18T20:32:07.611142442Z 20:32:07.610697 sendto(8, {{len=20, type=RTM_GETADDR, flags=NLM_F_REQUEST|NLM_F_DUMP, seq=1684441927, pid=0}, {ifa_family=AF_UNSPEC, ...}}, 20, 0, {sa_family=AF_NETLINK, nl_pid=0, nl_groups=00000000}, 12) = 20
2023-05-18T20:32:07.611520925Z 20:32:07.611010 recvmsg(8, {msg_name={sa_family=AF_NETLINK, nl_pid=0, nl_groups=00000000}, msg_namelen=12, msg_iov=[{iov_base=[{{len=76, type=RTM_NEWADDR, flags=NLM_F_MULTI, seq=1684441927, pid=70}, {ifa_family=AF_INET, ifa_prefixlen=8, ifa_flags=IFA_F_PERMANENT, ifa_scope=RT_SCOPE_HOST, ifa_index=if_nametoindex("lo")}, [{{nla_len=8, nla_type=IFA_ADDRESS}, 127.0.0.1}, {{nla_len=8, nla_type=IFA_LOCAL}, 127.0.0.1}, {{nla_len=7, nla_type=IFA_LABEL}, "lo"}, {{nla_len=8, nla_type=IFA_FLAGS}, IFA_F_PERMANENT}, {{nla_len=20, nla_type=IFA_CACHEINFO}, {ifa_prefered=4294967295, ifa_valid=4294967295, cstamp=2247282, tstamp=2247282}}]}, {{len=88, type=RTM_NEWADDR, flags=NLM_F_MULTI, seq=1684441927, pid=70}, {ifa_family=AF_INET, ifa_prefixlen=24, ifa_flags=IFA_F_PERMANENT, ifa_scope=RT_SCOPE_UNIVERSE, ifa_index=if_nametoindex("eth0")}, [{{nla_len=8, nla_type=IFA_ADDRESS}, 10.24.1.206}, {{nla_len=8, nla_type=IFA_LOCAL}, 10.24.1.206}, {{nla_len=8, nla_type=IFA_BROADCAST}, 10.24.1.255}, {{nla_len=9, nla_type=IFA_LABEL}, "eth0"}, {{nla_len=8, nla_type=IFA_FLAGS}, IFA_F_PERMANENT}, {{nla_len=20, nla_type=IFA_CACHEINFO}, {ifa_prefered=4294967295, ifa_valid=4294967295, cstamp=2247285, tstamp=2247285}}]}], iov_len=4096}], msg_iovlen=1, msg_controllen=0, msg_flags=0}, 0) = 164
2023-05-18T20:32:07.611666160Z 20:32:07.611377 recvmsg(8, {msg_name={sa_family=AF_NETLINK, nl_pid=0, nl_groups=00000000}, msg_namelen=12, msg_iov=[{iov_base={{len=20, type=NLMSG_DONE, flags=NLM_F_MULTI, seq=1684441927, pid=70}, 0}, iov_len=4096}], msg_iovlen=1, msg_controllen=0, msg_flags=0}, 0) = 20
2023-05-18T20:32:07.612244602Z 20:32:07.612103 socket(AF_UNIX, SOCK_STREAM|SOCK_CLOEXEC|SOCK_NONBLOCK, 0) = 8
2023-05-18T20:32:07.612418206Z 20:32:07.612208 connect(8, {sa_family=AF_UNIX, sun_path="/var/run/nscd/socket"}, 110) = -1 ENOENT (No such file or directory)
2023-05-18T20:32:07.612570355Z 20:32:07.612426 socket(AF_UNIX, SOCK_STREAM|SOCK_CLOEXEC|SOCK_NONBLOCK, 0) = 8
2023-05-18T20:32:07.612738506Z 20:32:07.612561 connect(8, {sa_family=AF_UNIX, sun_path="/var/run/nscd/socket"}, 110) = -1 ENOENT (No such file or directory)
2023-05-18T20:32:07.615386568Z 20:32:07.615120 socket(AF_INET, SOCK_DGRAM|SOCK_CLOEXEC|SOCK_NONBLOCK, IPPROTO_IP) = 8
2023-05-18T20:32:07.615714588Z 20:32:07.615415 connect(8, {sa_family=AF_INET, sin_port=htons(53), sin_addr=inet_addr("169.254.169.254")}, 16) = 0
2023-05-18T20:32:07.616266888Z 20:32:07.615846 sendto(8, "\264o\1\0\0\1\0\0\0\0\0\0\rflux-sample-0\fflux-"..., 76, MSG_NOSIGNAL, NULL, 0) = 76
2023-05-18T20:32:07.621409541Z 20:32:07.621108 recvfrom(8, "\264o\201\200\0\1\0\1\0\0\0\0\rflux-sample-0\fflux-"..., 1024, 0, {sa_family=AF_INET, sin_port=htons(53), sin_addr=inet_addr("169.254.169.254")}, [28->16]) = 92
2023-05-18T20:32:07.627211977Z broker.info[3]: start: none->join 2.00978ms
2023-05-18T20:32:07.789044167Z broker.info[3]: parent-ready: join->init 0.161606s
2023-05-18T20:32:07.789415908Z 20:32:07.789154 socketpair(AF_UNIX, SOCK_STREAM|SOCK_CLOEXEC, 0, [22, 23]) = 0
2023-05-18T20:32:07.789680513Z 20:32:07.789428 socketpair(AF_UNIX, SOCK_STREAM, 0, [24, 25]) = 0
2023-05-18T20:32:07.789864994Z 20:32:07.789725 socketpair(AF_UNIX, SOCK_STREAM, 0, [26, 27]) = 0
2023-05-18T20:32:07.790414307Z 20:32:07.789927 socketpair(AF_UNIX, SOCK_STREAM, 0, [28, 29]) = 0
2023-05-18T20:32:07.817853775Z broker.info[3]: configuration updated
2023-05-18T20:32:07.952601949Z broker.info[3]: rc1.0: running /etc/flux/rc1.d/01-sched-fluxion
2023-05-18T20:32:07.965398449Z broker.info[3]: rc1.0: running /etc/flux/rc1.d/02-cron
2023-05-18T20:32:07.991582145Z broker.info[3]: rc1.0: /etc/flux/rc1 Exited (rc=0) 0.2s
2023-05-18T20:32:07.992207348Z broker.info[3]: rc1-success: init->quorum 0.202893s
2023-05-18T20:32:08.202965689Z broker.info[3]: quorum-full: quorum->run 0.210476s
2023-05-18T20:32:08.743652665Z 20:32:08.743347 socketpair(AF_UNIX, SOCK_STREAM|SOCK_CLOEXEC, 0, [22, 23]) = 0
2023-05-18T20:32:08.744192508Z 20:32:08.743789 socketpair(AF_UNIX, SOCK_STREAM, 0, [24, 25]) = 0
2023-05-18T20:32:08.744215583Z 20:32:08.744023 socketpair(AF_UNIX, SOCK_STREAM, 0, [26, 28]) = 0
2023-05-18T20:32:08.744579616Z 20:32:08.744245 socketpair(AF_UNIX, SOCK_STREAM, 0, [58, 59]) = 0
2023-05-18T20:32:19.345607444Z broker.info[3]: shutdown: run->cleanup 11.1414s
2023-05-18T20:32:19.347366538Z broker.info[3]: cleanup-none: cleanup->shutdown 1.91969ms
2023-05-18T20:32:19.348573506Z broker.info[3]: children-none: shutdown->finalize 0.785653ms
2023-05-18T20:32:19.349221220Z 20:32:19.348205 socketpair(AF_UNIX, SOCK_STREAM|SOCK_CLOEXEC, 0, [22, 23]) = 0
2023-05-18T20:32:19.349848714Z 20:32:19.348371 socketpair(AF_UNIX, SOCK_STREAM, 0, [24, 25]) = 0
2023-05-18T20:32:19.350322494Z 20:32:19.348676 socketpair(AF_UNIX, SOCK_STREAM, 0, [26, 28]) = 0
2023-05-18T20:32:19.350766595Z 20:32:19.348922 socketpair(AF_UNIX, SOCK_STREAM, 0, [58, 59]) = 0
2023-05-18T20:32:19.368069295Z broker.info[3]: rc3.0: running /etc/flux/rc3.d/01-sched-fluxion
2023-05-18T20:32:19.482566033Z broker.info[3]: rc3.0: /etc/flux/rc3 Exited (rc=0) 0.1s
2023-05-18T20:32:19.483078631Z broker.info[3]: rc3-success: finalize->goodbye 0.134694s
2023-05-18T20:32:19.484124798Z broker.info[3]: goodbye: goodbye->exit 0.860785ms
2023-05-18T20:32:19.491090043Z 20:32:19.490891 +++ exited with 0 +++
2023-05-18T20:32:19.492595319Z Return value for follower worker is 0
2023-05-18T20:32:19.492619790Z The follower worker exited cleanly. Goodbye!
