2023-05-18T18:20:22.763168414Z
2023-05-18T18:20:22.763403444Z Flux username: flux
2023-05-18T18:20:22.763426482Z
2023-05-18T18:20:22.763434898Z Flux install root: /usr
2023-05-18T18:20:22.812773113Z flux user is already added.
2023-05-18T18:20:22.815469713Z flux user identifiers:
2023-05-18T18:20:22.815489195Z uid=1234(flux) gid=1234(flux) groups=1234(flux)
2023-05-18T18:20:22.815495126Z
2023-05-18T18:20:22.815500482Z As Flux prefix for flux commands: sudo -u flux -E PYTHONPATH=/opt/conda/lib/python3.10/site-packages -E PATH=/opt/conda/bin:/usr/local/sbin:/usr/local/bin:/usr/sbin:/usr/bin:/sbin:/bin -E LD_LIBRARY_PATH=/opt/conda/lib -E HOME=/home/flux
2023-05-18T18:20:22.822918023Z
2023-05-18T18:20:22.822938246Z ðŸ‘‹ Hello, I'm flux-sample-3
2023-05-18T18:20:22.822944515Z The main host is flux-sample-0
2023-05-18T18:20:22.822950835Z The working directory is /home/flux/examples/reaxff/HNS, contents include:
2023-05-18T18:20:22.824275244Z /home/flux/examples/reaxff/HNS:
2023-05-18T18:20:22.824298151Z README.txt	ffield.reax.hns  log.8Mar18.reaxc.hns.g++.1
2023-05-18T18:20:22.824306038Z data.hns-equil	in.reaxc.hns	 log.8Mar18.reaxc.hns.g++.4
2023-05-18T18:20:22.824810035Z End of file listing, if you see nothing above there are no files.
2023-05-18T18:20:22.826640004Z flux R encode --hosts=flux-sample-[0-3]
2023-05-18T18:20:22.839848391Z
2023-05-18T18:20:22.839868031Z ðŸ“¦ Resources
2023-05-18T18:20:22.841050030Z {"version": 1, "execution": {"R_lite": [{"rank": "0-3", "children": {"core": "0"}}], "starttime": 0.0, "expiration": 0.0, "nodelist": ["flux-sample-[0-3]"]}}
2023-05-18T18:20:22.841753933Z
2023-05-18T18:20:22.841771701Z ðŸ¸ Diagnostics: false
2023-05-18T18:20:22.841780246Z ðŸš©ï¸ Flux Option Flags defined
2023-05-18T18:20:22.845674083Z
2023-05-18T18:20:22.845692531Z ðŸ¦Š Independent Minister of Privilege
2023-05-18T18:20:22.847065290Z [exec]
2023-05-18T18:20:22.847081202Z allowed-users = [ "flux", "root" ]
2023-05-18T18:20:22.847087821Z allowed-shells = [ "/usr/libexec/flux/flux-shell" ]
2023-05-18T18:20:22.847401085Z
2023-05-18T18:20:22.847417483Z ðŸ¸ Broker Configuration
2023-05-18T18:20:22.848603039Z # Flux needs to know the path to the IMP executable
2023-05-18T18:20:22.848618672Z [exec]
2023-05-18T18:20:22.848624439Z imp = "/usr/libexec/flux/flux-imp"
2023-05-18T18:20:22.848629080Z
2023-05-18T18:20:22.848633778Z [access]
2023-05-18T18:20:22.848639031Z allow-guest-user = true
2023-05-18T18:20:22.848643838Z allow-root-owner = true
2023-05-18T18:20:22.848648169Z
2023-05-18T18:20:22.848655090Z # Point to resource definition generated with flux-R(1).
2023-05-18T18:20:22.848661342Z [resource]
2023-05-18T18:20:22.848667369Z path = "/etc/flux/system/R"
2023-05-18T18:20:22.848672237Z
2023-05-18T18:20:22.848677258Z [bootstrap]
2023-05-18T18:20:22.848682377Z curve_cert = "/etc/curve/curve.cert"
2023-05-18T18:20:22.848687127Z default_port = 8050
2023-05-18T18:20:22.848691987Z default_bind = "tcp://eth0:%p"
2023-05-18T18:20:22.848700116Z default_connect = "tcp://%h.flux-service.flux-operator.svc.cluster.local:%p"
2023-05-18T18:20:22.848705924Z hosts = [
2023-05-18T18:20:22.848710810Z 	{ host="flux-sample-[0-3]"},
2023-05-18T18:20:22.848715450Z ]
2023-05-18T18:20:22.848720198Z
2023-05-18T18:20:22.848724714Z [archive]
2023-05-18T18:20:22.848729595Z dbpath = "/var/lib/flux/job-archive.sqlite"
2023-05-18T18:20:22.848734364Z period = "1m"
2023-05-18T18:20:22.926309532Z busytimeout = "50s"
2023-05-18T18:20:22.926331757Z ðŸ§Šï¸ State Directory:
2023-05-18T18:20:22.926337777Z total 0
2023-05-18T18:20:22.926342764Z
2023-05-18T18:20:22.928926157Z
2023-05-18T18:20:22.928947611Z ðŸ”’ï¸ Working directory permissions:
2023-05-18T18:20:22.928954118Z total 96
2023-05-18T18:20:22.928959694Z -rwxrwxrwx 1 flux root  2517 May 17 22:32 README.txt
2023-05-18T18:20:22.928964741Z -rwxrwxrwx 1 flux root 54692 May 17 22:32 data.hns-equil
2023-05-18T18:20:22.929006754Z -rwxrwxrwx 1 flux root 13576 May 17 22:32 ffield.reax.hns
2023-05-18T18:20:22.929027183Z -rwxrwxrwx 1 flux root   870 May 17 22:32 in.reaxc.hns
2023-05-18T18:20:22.929151926Z -rwxrwxrwx 1 flux root  4172 May 17 22:32 log.8Mar18.reaxc.hns.g++.1
2023-05-18T18:20:22.929163593Z -rwxrwxrwx 1 flux root  4168 May 17 22:32 log.8Mar18.reaxc.hns.g++.4
2023-05-18T18:20:22.929168002Z
2023-05-18T18:20:22.929426893Z
2023-05-18T18:20:22.929441092Z âœ¨ Curve certificate generated by helper pod
2023-05-18T18:20:22.931042940Z #   ****  Generated on 2023-04-26 22:54:42 by CZMQ  ****
2023-05-18T18:20:22.931059539Z #   ZeroMQ CURVE **Secret** Certificate
2023-05-18T18:20:22.931066215Z #   DO NOT PROVIDE THIS FILE TO OTHER USERS nor change its permissions.
2023-05-18T18:20:22.931071207Z
2023-05-18T18:20:22.931076248Z metadata
2023-05-18T18:20:22.931081351Z     name = "flux-cert-generator"
2023-05-18T18:20:22.931086371Z     keygen.hostname = "flux-sample-0"
2023-05-18T18:20:22.931091240Z curve
2023-05-18T18:20:22.931096217Z     public-key = "!*(A&npCc59QDm:/bi>)8XCPP*7.rv[S#d%VBqR}"
2023-05-18T18:20:22.931103369Z     secret-key = "/DFQbX![Yg1:=!@zZlnZUQdfUiFJYQ0l=yscVV6C"
2023-05-18T18:20:22.933338549Z
2023-05-18T18:20:22.933358297Z ðŸŒ€  flux start --wrap=strace,-e,network,-tt -o --config /etc/flux/config -Scron.directory=/etc/flux/system/cron.d   -Stbon.fanout=256   -Srundir=/run/flux    -Sstatedir=/var/lib/flux   -Slocal-uri=local:///run/flux/local -Stbon.connect_timeout=2s  -Stbon.zmqdebug=1  -Slog-stderr-level=6    -Slog-stderr-mode=local
2023-05-18T18:20:22.976251731Z 18:20:22.975895 socket(AF_NETLINK, SOCK_RAW, NETLINK_ROUTE) = 8
2023-05-18T18:20:22.976372223Z 18:20:22.976173 bind(8, {sa_family=AF_NETLINK, nl_pid=0, nl_groups=00000000}, 12) = 0
2023-05-18T18:20:22.976612515Z 18:20:22.976400 getsockname(8, {sa_family=AF_NETLINK, nl_pid=70, nl_groups=00000000}, [12]) = 0
2023-05-18T18:20:22.977012701Z 18:20:22.976627 sendto(8, {{len=20, type=RTM_GETADDR, flags=NLM_F_REQUEST|NLM_F_DUMP, seq=1684434022, pid=0}, {ifa_family=AF_UNSPEC, ...}}, 20, 0, {sa_family=AF_NETLINK, nl_pid=0, nl_groups=00000000}, 12) = 20
2023-05-18T18:20:22.977533479Z 18:20:22.977028 recvmsg(8, {msg_name={sa_family=AF_NETLINK, nl_pid=0, nl_groups=00000000}, msg_namelen=12, msg_iov=[{iov_base=[{{len=76, type=RTM_NEWADDR, flags=NLM_F_MULTI, seq=1684434022, pid=70}, {ifa_family=AF_INET, ifa_prefixlen=8, ifa_flags=IFA_F_PERMANENT, ifa_scope=RT_SCOPE_HOST, ifa_index=if_nametoindex("lo")}, [{{nla_len=8, nla_type=IFA_ADDRESS}, 127.0.0.1}, {{nla_len=8, nla_type=IFA_LOCAL}, 127.0.0.1}, {{nla_len=7, nla_type=IFA_LABEL}, "lo"}, {{nla_len=8, nla_type=IFA_FLAGS}, IFA_F_PERMANENT}, {{nla_len=20, nla_type=IFA_CACHEINFO}, {ifa_prefered=4294967295, ifa_valid=4294967295, cstamp=1456638, tstamp=1456638}}]}, {{len=88, type=RTM_NEWADDR, flags=NLM_F_MULTI, seq=1684434022, pid=70}, {ifa_family=AF_INET, ifa_prefixlen=24, ifa_flags=IFA_F_PERMANENT, ifa_scope=RT_SCOPE_UNIVERSE, ifa_index=if_nametoindex("eth0")}, [{{nla_len=8, nla_type=IFA_ADDRESS}, 10.24.3.43}, {{nla_len=8, nla_type=IFA_LOCAL}, 10.24.3.43}, {{nla_len=8, nla_type=IFA_BROADCAST}, 10.24.3.255}, {{nla_len=9, nla_type=IFA_LABEL}, "eth0"}, {{nla_len=8, nla_type=IFA_FLAGS}, IFA_F_PERMANENT}, {{nla_len=20, nla_type=IFA_CACHEINFO}, {ifa_prefered=4294967295, ifa_valid=4294967295, cstamp=1456642, tstamp=1456642}}]}], iov_len=4096}], msg_iovlen=1, msg_controllen=0, msg_flags=0}, 0) = 164
2023-05-18T18:20:22.977819082Z 18:20:22.977583 recvmsg(8, {msg_name={sa_family=AF_NETLINK, nl_pid=0, nl_groups=00000000}, msg_namelen=12, msg_iov=[{iov_base={{len=20, type=NLMSG_DONE, flags=NLM_F_MULTI, seq=1684434022, pid=70}, 0}, iov_len=4096}], msg_iovlen=1, msg_controllen=0, msg_flags=0}, 0) = 20
2023-05-18T18:20:22.978432497Z 18:20:22.978256 socket(AF_UNIX, SOCK_STREAM|SOCK_CLOEXEC|SOCK_NONBLOCK, 0) = 8
2023-05-18T18:20:22.978673659Z 18:20:22.978464 connect(8, {sa_family=AF_UNIX, sun_path="/var/run/nscd/socket"}, 110) = -1 ENOENT (No such file or directory)
2023-05-18T18:20:22.979636349Z 18:20:22.978800 socket(AF_UNIX, SOCK_STREAM|SOCK_CLOEXEC|SOCK_NONBLOCK, 0) = 8
2023-05-18T18:20:22.979685888Z 18:20:22.979190 connect(8, {sa_family=AF_UNIX, sun_path="/var/run/nscd/socket"}, 110) = -1 ENOENT (No such file or directory)
2023-05-18T18:20:22.980987276Z 18:20:22.980738 socket(AF_INET, SOCK_DGRAM|SOCK_CLOEXEC|SOCK_NONBLOCK, IPPROTO_IP) = 8
2023-05-18T18:20:22.981261159Z 18:20:22.981020 connect(8, {sa_family=AF_INET, sin_port=htons(53), sin_addr=inet_addr("169.254.169.254")}, 16) = 0
2023-05-18T18:20:22.981784989Z 18:20:22.981379 sendto(8, "\340\242\1\0\0\1\0\0\0\0\0\0\rflux-sample-0\fflux-"..., 76, MSG_NOSIGNAL, NULL, 0) = 76
2023-05-18T18:20:22.985959647Z 18:20:22.985285 recvfrom(8, "\340\242\201\200\0\1\0\1\0\0\0\0\rflux-sample-0\fflux-"..., 1024, 0, {sa_family=AF_INET, sin_port=htons(53), sin_addr=inet_addr("169.254.169.254")}, [28->16]) = 92
2023-05-18T18:20:22.989871455Z broker.info[3]: start: none->join 1.72242ms
2023-05-18T18:20:23.000495487Z broker.info[3]: parent-ready: join->init 10.2893ms
2023-05-18T18:20:23.000803304Z 18:20:23.000625 socketpair(AF_UNIX, SOCK_STREAM|SOCK_CLOEXEC, 0, [22, 23]) = 0
2023-05-18T18:20:23.000923305Z 18:20:23.000774 socketpair(AF_UNIX, SOCK_STREAM, 0, [24, 25]) = 0
2023-05-18T18:20:23.001175733Z 18:20:23.001014 socketpair(AF_UNIX, SOCK_STREAM, 0, [26, 27]) = 0
2023-05-18T18:20:23.001468489Z 18:20:23.001221 socketpair(AF_UNIX, SOCK_STREAM, 0, [28, 29]) = 0
2023-05-18T18:20:23.024654472Z broker.info[3]: configuration updated
2023-05-18T18:20:23.131914336Z broker.info[3]: rc1.0: running /etc/flux/rc1.d/01-sched-fluxion
2023-05-18T18:20:23.147283831Z broker.info[3]: rc1.0: running /etc/flux/rc1.d/02-cron
2023-05-18T18:20:23.170600154Z broker.info[3]: rc1.0: /etc/flux/rc1 Exited (rc=0) 0.2s
2023-05-18T18:20:23.173104282Z broker.info[3]: rc1-success: init->quorum 0.171405s
2023-05-18T18:20:24.100314825Z broker.info[3]: quorum-full: quorum->run 0.927863s
2023-05-18T18:20:24.680653895Z 18:20:24.680139 socketpair(AF_UNIX, SOCK_STREAM|SOCK_CLOEXEC, 0, [22, 23]) = 0
2023-05-18T18:20:24.680704673Z 18:20:24.680461 socketpair(AF_UNIX, SOCK_STREAM, 0, [24, 25]) = 0
2023-05-18T18:20:24.681285147Z 18:20:24.680714 socketpair(AF_UNIX, SOCK_STREAM, 0, [26, 28]) = 0
2023-05-18T18:20:24.681694266Z 18:20:24.681357 socketpair(AF_UNIX, SOCK_STREAM, 0, [58, 59]) = 0
2023-05-18T18:20:34.833030571Z broker.info[3]: shutdown: run->cleanup 10.7324s
2023-05-18T18:20:34.834173589Z broker.info[3]: cleanup-none: cleanup->shutdown 0.7518ms
2023-05-18T18:20:34.835078802Z broker.info[3]: children-none: shutdown->finalize 0.755571ms
2023-05-18T18:20:34.835534492Z 18:20:34.835054 socketpair(AF_UNIX, SOCK_STREAM|SOCK_CLOEXEC, 0, [22, 23]) = 0
2023-05-18T18:20:34.835554110Z 18:20:34.835219 socketpair(AF_UNIX, SOCK_STREAM, 0, [24, 25]) = 0
2023-05-18T18:20:34.835720567Z 18:20:34.835389 socketpair(AF_UNIX, SOCK_STREAM, 0, [26, 28]) = 0
2023-05-18T18:20:34.836085053Z 18:20:34.835801 socketpair(AF_UNIX, SOCK_STREAM, 0, [58, 59]) = 0
2023-05-18T18:20:34.857551829Z broker.info[3]: rc3.0: running /etc/flux/rc3.d/01-sched-fluxion
2023-05-18T18:20:35.000765390Z broker.info[3]: rc3.0: /etc/flux/rc3 Exited (rc=0) 0.2s
2023-05-18T18:20:35.001286667Z broker.info[3]: rc3-success: finalize->goodbye 0.166059s
2023-05-18T18:20:35.002168362Z broker.info[3]: goodbye: goodbye->exit 0.622013ms
2023-05-18T18:20:35.008025718Z 18:20:35.007886 +++ exited with 0 +++
2023-05-18T18:20:35.009631952Z Return value for follower worker is 0
2023-05-18T18:20:35.009986574Z The follower worker exited cleanly. Goodbye!
