2023-05-18T20:56:01.495329903Z
2023-05-18T20:56:01.495467871Z Flux username: flux
2023-05-18T20:56:01.495474832Z
2023-05-18T20:56:01.495479795Z Flux install root: /usr
2023-05-18T20:56:01.552824617Z flux user is already added.
2023-05-18T20:56:01.557260574Z flux user identifiers:
2023-05-18T20:56:01.557311371Z uid=1234(flux) gid=1234(flux) groups=1234(flux)
2023-05-18T20:56:01.557318003Z
2023-05-18T20:56:01.557325312Z As Flux prefix for flux commands: sudo -u flux -E PYTHONPATH=/opt/conda/lib/python3.10/site-packages -E PATH=/opt/conda/bin:/usr/local/sbin:/usr/local/bin:/usr/sbin:/usr/bin:/sbin:/bin -E LD_LIBRARY_PATH=/opt/conda/lib -E HOME=/home/flux
2023-05-18T20:56:01.568984677Z
2023-05-18T20:56:01.569248478Z ðŸ‘‹ Hello, I'm flux-sample-1
2023-05-18T20:56:01.569469057Z The main host is flux-sample-0
2023-05-18T20:56:01.569669975Z The working directory is /home/flux/examples/reaxff/HNS, contents include:
2023-05-18T20:56:01.574736083Z /home/flux/examples/reaxff/HNS:
2023-05-18T20:56:01.574794992Z README.txt	ffield.reax.hns  log.8Mar18.reaxc.hns.g++.1
2023-05-18T20:56:01.574801455Z data.hns-equil	in.reaxc.hns	 log.8Mar18.reaxc.hns.g++.4
2023-05-18T20:56:01.575448147Z End of file listing, if you see nothing above there are no files.
2023-05-18T20:56:01.578224435Z flux R encode --hosts=flux-sample-[0-3]
2023-05-18T20:56:01.601397646Z
2023-05-18T20:56:01.601464267Z ðŸ“¦ Resources
2023-05-18T20:56:01.604189653Z {"version": 1, "execution": {"R_lite": [{"rank": "0-3", "children": {"core": "0"}}], "starttime": 0.0, "expiration": 0.0, "nodelist": ["flux-sample-[0-3]"]}}
2023-05-18T20:56:01.604422896Z
2023-05-18T20:56:01.604452533Z ðŸ¸ Diagnostics: false
2023-05-18T20:56:01.604753555Z ðŸš©ï¸ Flux Option Flags defined
2023-05-18T20:56:01.609447187Z
2023-05-18T20:56:01.609476233Z ðŸ¦Š Independent Minister of Privilege
2023-05-18T20:56:01.611198665Z [exec]
2023-05-18T20:56:01.611222015Z allowed-users = [ "flux", "root" ]
2023-05-18T20:56:01.611230109Z allowed-shells = [ "/usr/libexec/flux/flux-shell" ]
2023-05-18T20:56:01.611592560Z
2023-05-18T20:56:01.611613782Z ðŸ¸ Broker Configuration
2023-05-18T20:56:01.613647551Z # Flux needs to know the path to the IMP executable
2023-05-18T20:56:01.613695033Z [exec]
2023-05-18T20:56:01.613702626Z imp = "/usr/libexec/flux/flux-imp"
2023-05-18T20:56:01.613708213Z
2023-05-18T20:56:01.613713414Z [access]
2023-05-18T20:56:01.613754170Z allow-guest-user = true
2023-05-18T20:56:01.613760959Z allow-root-owner = true
2023-05-18T20:56:01.613765701Z
2023-05-18T20:56:01.613772774Z # Point to resource definition generated with flux-R(1).
2023-05-18T20:56:01.613800021Z [resource]
2023-05-18T20:56:01.613806554Z path = "/etc/flux/system/R"
2023-05-18T20:56:01.613810956Z
2023-05-18T20:56:01.613816114Z [bootstrap]
2023-05-18T20:56:01.613821079Z curve_cert = "/etc/curve/curve.cert"
2023-05-18T20:56:01.613826648Z default_port = 8050
2023-05-18T20:56:01.613833603Z default_bind = "tcp://eth0:%p"
2023-05-18T20:56:01.613841137Z default_connect = "tcp://%h.flux-service.flux-operator.svc.cluster.local:%p"
2023-05-18T20:56:01.613846981Z hosts = [
2023-05-18T20:56:01.613853207Z 	{ host="flux-sample-[0-3]"},
2023-05-18T20:56:01.613858141Z ]
2023-05-18T20:56:01.613862710Z
2023-05-18T20:56:01.613867468Z [archive]
2023-05-18T20:56:01.613872415Z dbpath = "/var/lib/flux/job-archive.sqlite"
2023-05-18T20:56:01.613879665Z period = "1m"
2023-05-18T20:56:01.794435373Z busytimeout = "50s"
2023-05-18T20:56:01.794485470Z ðŸ§Šï¸ State Directory:
2023-05-18T20:56:01.794528630Z total 0
2023-05-18T20:56:01.794534137Z
2023-05-18T20:56:01.801461776Z
2023-05-18T20:56:01.801539381Z ðŸ”’ï¸ Working directory permissions:
2023-05-18T20:56:01.801548069Z total 96
2023-05-18T20:56:01.801554114Z -rwxrwxrwx 1 flux root  2517 May 17 22:32 README.txt
2023-05-18T20:56:01.801559519Z -rwxrwxrwx 1 flux root 54692 May 17 22:32 data.hns-equil
2023-05-18T20:56:01.801564811Z -rwxrwxrwx 1 flux root 13576 May 17 22:32 ffield.reax.hns
2023-05-18T20:56:01.801570351Z -rwxrwxrwx 1 flux root   870 May 17 22:32 in.reaxc.hns
2023-05-18T20:56:01.801578214Z -rwxrwxrwx 1 flux root  4172 May 17 22:32 log.8Mar18.reaxc.hns.g++.1
2023-05-18T20:56:01.801584333Z -rwxrwxrwx 1 flux root  4168 May 17 22:32 log.8Mar18.reaxc.hns.g++.4
2023-05-18T20:56:01.801623215Z
2023-05-18T20:56:01.801628961Z
2023-05-18T20:56:01.801636119Z âœ¨ Curve certificate generated by helper pod
2023-05-18T20:56:01.803312275Z #   ****  Generated on 2023-04-26 22:54:42 by CZMQ  ****
2023-05-18T20:56:01.803362903Z #   ZeroMQ CURVE **Secret** Certificate
2023-05-18T20:56:01.803373025Z #   DO NOT PROVIDE THIS FILE TO OTHER USERS nor change its permissions.
2023-05-18T20:56:01.803379623Z
2023-05-18T20:56:01.803385409Z metadata
2023-05-18T20:56:01.803391173Z     name = "flux-cert-generator"
2023-05-18T20:56:01.803396131Z     keygen.hostname = "flux-sample-0"
2023-05-18T20:56:01.803401571Z curve
2023-05-18T20:56:01.803406420Z     public-key = "u^zhFiUR}LO/70KppBo9@)bq)L$yM>ne!YMYJq(}"
2023-05-18T20:56:01.803411221Z     secret-key = "YQsg5}A4QS8l8DbymLfn@9(!4JRvDuVH8L!!:QtY"
2023-05-18T20:56:01.814567188Z
2023-05-18T20:56:01.814658082Z ðŸŒ€  flux start --wrap=strace,-e,network,-tt -o --config /etc/flux/config -Scron.directory=/etc/flux/system/cron.d   -Stbon.fanout=256   -Srundir=/run/flux    -Sstatedir=/var/lib/flux   -Slocal-uri=local:///run/flux/local   -Stbon.zmqdebug=1  -Slog-stderr-level=6    -Slog-stderr-mode=local
2023-05-18T20:56:01.877328042Z 20:56:01.875735 socket(AF_NETLINK, SOCK_RAW, NETLINK_ROUTE) = 8
2023-05-18T20:56:01.877407896Z 20:56:01.875927 bind(8, {sa_family=AF_NETLINK, nl_pid=0, nl_groups=00000000}, 12) = 0
2023-05-18T20:56:01.877416030Z 20:56:01.876025 getsockname(8, {sa_family=AF_NETLINK, nl_pid=70, nl_groups=00000000}, [12]) = 0
2023-05-18T20:56:01.877455337Z 20:56:01.876104 sendto(8, {{len=20, type=RTM_GETADDR, flags=NLM_F_REQUEST|NLM_F_DUMP, seq=1684443361, pid=0}, {ifa_family=AF_UNSPEC, ...}}, 20, 0, {sa_family=AF_NETLINK, nl_pid=0, nl_groups=00000000}, 12) = 20
2023-05-18T20:56:01.877466682Z 20:56:01.876453 recvmsg(8, {msg_name={sa_family=AF_NETLINK, nl_pid=0, nl_groups=00000000}, msg_namelen=12, msg_iov=[{iov_base=[{{len=76, type=RTM_NEWADDR, flags=NLM_F_MULTI, seq=1684443361, pid=70}, {ifa_family=AF_INET, ifa_prefixlen=8, ifa_flags=IFA_F_PERMANENT, ifa_scope=RT_SCOPE_HOST, ifa_index=if_nametoindex("lo")}, [{{nla_len=8, nla_type=IFA_ADDRESS}, 127.0.0.1}, {{nla_len=8, nla_type=IFA_LOCAL}, 127.0.0.1}, {{nla_len=7, nla_type=IFA_LABEL}, "lo"}, {{nla_len=8, nla_type=IFA_FLAGS}, IFA_F_PERMANENT}, {{nla_len=20, nla_type=IFA_CACHEINFO}, {ifa_prefered=4294967295, ifa_valid=4294967295, cstamp=2390473, tstamp=2390473}}]}, {{len=88, type=RTM_NEWADDR, flags=NLM_F_MULTI, seq=1684443361, pid=70}, {ifa_family=AF_INET, ifa_prefixlen=24, ifa_flags=IFA_F_PERMANENT, ifa_scope=RT_SCOPE_UNIVERSE, ifa_index=if_nametoindex("eth0")}, [{{nla_len=8, nla_type=IFA_ADDRESS}, 10.24.3.174}, {{nla_len=8, nla_type=IFA_LOCAL}, 10.24.3.174}, {{nla_len=8, nla_type=IFA_BROADCAST}, 10.24.3.255}, {{nla_len=9, nla_type=IFA_LABEL}, "eth0"}, {{nla_len=8, nla_type=IFA_FLAGS}, IFA_F_PERMANENT}, {{nla_len=20, nla_type=IFA_CACHEINFO}, {ifa_prefered=4294967295, ifa_valid=4294967295, cstamp=2390476, tstamp=2390476}}]}], iov_len=4096}], msg_iovlen=1, msg_controllen=0, msg_flags=0}, 0) = 164
2023-05-18T20:56:01.877478849Z 20:56:01.876805 recvmsg(8, {msg_name={sa_family=AF_NETLINK, nl_pid=0, nl_groups=00000000}, msg_namelen=12, msg_iov=[{iov_base={{len=20, type=NLMSG_DONE, flags=NLM_F_MULTI, seq=1684443361, pid=70}, 0}, iov_len=4096}], msg_iovlen=1, msg_controllen=0, msg_flags=0}, 0) = 20
2023-05-18T20:56:01.878113215Z 20:56:01.877498 socket(AF_UNIX, SOCK_STREAM|SOCK_CLOEXEC|SOCK_NONBLOCK, 0) = 8
2023-05-18T20:56:01.882876840Z 20:56:01.877595 connect(8, {sa_family=AF_UNIX, sun_path="/var/run/nscd/socket"}, 110) = -1 ENOENT (No such file or directory)
2023-05-18T20:56:01.882960545Z 20:56:01.877738 socket(AF_UNIX, SOCK_STREAM|SOCK_CLOEXEC|SOCK_NONBLOCK, 0) = 8
2023-05-18T20:56:01.882970466Z 20:56:01.877809 connect(8, {sa_family=AF_UNIX, sun_path="/var/run/nscd/socket"}, 110) = -1 ENOENT (No such file or directory)
2023-05-18T20:56:01.882982271Z 20:56:01.879663 socket(AF_INET, SOCK_DGRAM|SOCK_CLOEXEC|SOCK_NONBLOCK, IPPROTO_IP) = 8
2023-05-18T20:56:01.882988133Z 20:56:01.879770 connect(8, {sa_family=AF_INET, sin_port=htons(53), sin_addr=inet_addr("169.254.169.254")}, 16) = 0
2023-05-18T20:56:01.882993141Z 20:56:01.879908 sendto(8, "\214\357\1\0\0\1\0\0\0\0\0\0\rflux-sample-0\fflux-"..., 76, MSG_NOSIGNAL, NULL, 0) = 76
2023-05-18T20:56:01.885630042Z 20:56:01.884565 recvfrom(8, "\214\357\201\203\0\1\0\0\0\1\0\0\rflux-sample-0\fflux-"..., 1024, 0, {sa_family=AF_INET, sin_port=htons(53), sin_addr=inet_addr("169.254.169.254")}, [28->16]) = 172
2023-05-18T20:56:01.885710569Z 20:56:01.884834 socket(AF_INET, SOCK_DGRAM|SOCK_CLOEXEC|SOCK_NONBLOCK, IPPROTO_IP) = 8
2023-05-18T20:56:01.885721320Z 20:56:01.884924 connect(8, {sa_family=AF_INET, sin_port=htons(53), sin_addr=inet_addr("169.254.169.254")}, 16) = 0
2023-05-18T20:56:01.885727799Z 20:56:01.885028 sendto(8, "\346\205\1\0\0\1\0\0\0\0\0\0\rflux-sample-0\fflux-"..., 108, MSG_NOSIGNAL, NULL, 0) = 108
2023-05-18T20:56:01.891791014Z 20:56:01.889486 recvfrom(8, "\346\205\201\203\0\1\0\0\0\1\0\0\rflux-sample-0\fflux-"..., 1024, 0, {sa_family=AF_INET, sin_port=htons(53), sin_addr=inet_addr("169.254.169.254")}, [28->16]) = 204
2023-05-18T20:56:01.891858016Z 20:56:01.889811 socket(AF_INET, SOCK_DGRAM|SOCK_CLOEXEC|SOCK_NONBLOCK, IPPROTO_IP) = 8
2023-05-18T20:56:01.891865151Z 20:56:01.889892 connect(8, {sa_family=AF_INET, sin_port=htons(53), sin_addr=inet_addr("169.254.169.254")}, 16) = 0
2023-05-18T20:56:01.891874770Z 20:56:01.890013 sendto(8, "b\30\1\0\0\1\0\0\0\0\0\0\rflux-sample-0\fflux-"..., 94, MSG_NOSIGNAL, NULL, 0) = 94
2023-05-18T20:56:01.894771715Z 20:56:01.893670 recvfrom(8, "b\30\201\203\0\1\0\0\0\1\0\0\rflux-sample-0\fflux-"..., 1024, 0, {sa_family=AF_INET, sin_port=htons(53), sin_addr=inet_addr("169.254.169.254")}, [28->16]) = 190
2023-05-18T20:56:01.894873161Z 20:56:01.893928 socket(AF_INET, SOCK_DGRAM|SOCK_CLOEXEC|SOCK_NONBLOCK, IPPROTO_IP) = 8
2023-05-18T20:56:01.894905495Z 20:56:01.894021 connect(8, {sa_family=AF_INET, sin_port=htons(53), sin_addr=inet_addr("169.254.169.254")}, 16) = 0
2023-05-18T20:56:01.894928446Z 20:56:01.894254 sendto(8, "\333x\1\0\0\1\0\0\0\0\0\0\rflux-sample-0\fflux-"..., 90, MSG_NOSIGNAL, NULL, 0) = 90
2023-05-18T20:56:01.899435309Z 20:56:01.898423 recvfrom(8, "\333x\201\203\0\1\0\0\0\1\0\0\rflux-sample-0\fflux-"..., 1024, 0, {sa_family=AF_INET, sin_port=htons(53), sin_addr=inet_addr("169.254.169.254")}, [28->16]) = 186
2023-05-18T20:56:01.899509904Z 20:56:01.898746 socket(AF_INET, SOCK_DGRAM|SOCK_CLOEXEC|SOCK_NONBLOCK, IPPROTO_IP) = 8
2023-05-18T20:56:01.899519158Z 20:56:01.898835 connect(8, {sa_family=AF_INET, sin_port=htons(53), sin_addr=inet_addr("169.254.169.254")}, 16) = 0
2023-05-18T20:56:01.899524929Z 20:56:01.898971 sendto(8, "\235\264\1\0\0\1\0\0\0\0\0\0\rflux-sample-0\fflux-"..., 111, MSG_NOSIGNAL, NULL, 0) = 111
2023-05-18T20:56:01.908350394Z 20:56:01.903713 recvfrom(8, "\235\264\201\203\0\1\0\0\0\1\0\0\rflux-sample-0\fflux-"..., 1024, 0, {sa_family=AF_INET, sin_port=htons(53), sin_addr=inet_addr("169.254.169.254")}, [28->16]) = 205
2023-05-18T20:56:01.908455264Z 20:56:01.903977 socket(AF_INET, SOCK_DGRAM|SOCK_CLOEXEC|SOCK_NONBLOCK, IPPROTO_IP) = 8
2023-05-18T20:56:01.908468602Z 20:56:01.904059 connect(8, {sa_family=AF_INET, sin_port=htons(53), sin_addr=inet_addr("169.254.169.254")}, 16) = 0
2023-05-18T20:56:01.908475279Z 20:56:01.904216 sendto(8, "\367Z\1\0\0\1\0\0\0\0\0\0\rflux-sample-0\fflux-"..., 97, MSG_NOSIGNAL, NULL, 0) = 97
2023-05-18T20:56:01.912424388Z 20:56:01.911276 recvfrom(8, "\367Z\201\203\0\1\0\0\0\1\0\0\rflux-sample-0\fflux-"..., 1024, 0, {sa_family=AF_INET, sin_port=htons(53), sin_addr=inet_addr("169.254.169.254")}, [28->16]) = 186
2023-05-18T20:56:01.912493226Z 20:56:01.911659 socket(AF_INET, SOCK_DGRAM|SOCK_CLOEXEC|SOCK_NONBLOCK, IPPROTO_IP) = 8
2023-05-18T20:56:01.912501371Z 20:56:01.911771 connect(8, {sa_family=AF_INET, sin_port=htons(53), sin_addr=inet_addr("169.254.169.254")}, 16) = 0
2023-05-18T20:56:01.912506789Z 20:56:01.911940 sendto(8, "\235\233\1\0\0\1\0\0\0\0\0\0\rflux-sample-0\fflux-"..., 92, MSG_NOSIGNAL, NULL, 0) = 92
2023-05-18T20:56:01.928332696Z 20:56:01.919051 recvfrom(8, "\235\233\201\203\0\1\0\0\0\1\0\0\rflux-sample-0\fflux-"..., 1024, 0, {sa_family=AF_INET, sin_port=htons(53), sin_addr=inet_addr("169.254.169.254")}, [28->16]) = 181
2023-05-18T20:56:01.928406812Z broker.err[1]: Warning: unable to resolve upstream peer flux-sample-0.flux-service.flux-operator.svc.cluster.local: Name or service not known
2023-05-18T20:56:01.928416541Z broker.info[1]: start: none->join 2.58821ms
2023-05-18T20:56:02.299600699Z broker.info[1]: parent-ready: join->init 0.372819s
2023-05-18T20:56:02.300269067Z 20:56:02.299862 socketpair(AF_UNIX, SOCK_STREAM|SOCK_CLOEXEC, 0, [22, 23]) = 0
2023-05-18T20:56:02.300499651Z 20:56:02.300192 socketpair(AF_UNIX, SOCK_STREAM, 0, [24, 25]) = 0
2023-05-18T20:56:02.300725832Z 20:56:02.300475 socketpair(AF_UNIX, SOCK_STREAM, 0, [26, 27]) = 0
2023-05-18T20:56:02.300945192Z 20:56:02.300719 socketpair(AF_UNIX, SOCK_STREAM, 0, [28, 29]) = 0
2023-05-18T20:56:02.332290083Z broker.info[1]: configuration updated
2023-05-18T20:56:02.557073857Z broker.info[1]: rc1.0: running /etc/flux/rc1.d/01-sched-fluxion
2023-05-18T20:56:02.574009603Z broker.info[1]: rc1.0: running /etc/flux/rc1.d/02-cron
2023-05-18T20:56:02.607080363Z broker.info[1]: rc1.0: /etc/flux/rc1 Exited (rc=0) 0.3s
2023-05-18T20:56:02.608343327Z broker.info[1]: rc1-success: init->quorum 0.308153s
2023-05-18T20:56:03.293216361Z broker.info[1]: quorum-full: quorum->run 0.684109s
2023-05-18T20:56:14.542538274Z broker.info[1]: shutdown: run->cleanup 11.2487s
2023-05-18T20:56:14.544891612Z broker.info[1]: cleanup-none: cleanup->shutdown 1.44564ms
2023-05-18T20:56:14.546365890Z broker.info[1]: children-none: shutdown->finalize 1.25782ms
2023-05-18T20:56:14.547047682Z 20:56:14.546390 socketpair(AF_UNIX, SOCK_STREAM|SOCK_CLOEXEC, 0, [22, 23]) = 0
2023-05-18T20:56:14.547073266Z 20:56:14.546798 socketpair(AF_UNIX, SOCK_STREAM, 0, [24, 25]) = 0
2023-05-18T20:56:14.547516167Z 20:56:14.547104 socketpair(AF_UNIX, SOCK_STREAM, 0, [26, 28]) = 0
2023-05-18T20:56:14.548026525Z 20:56:14.547759 socketpair(AF_UNIX, SOCK_STREAM, 0, [58, 59]) = 0
2023-05-18T20:56:14.572707189Z broker.info[1]: rc3.0: running /etc/flux/rc3.d/01-sched-fluxion
2023-05-18T20:56:14.751999459Z broker.info[1]: rc3.0: /etc/flux/rc3 Exited (rc=0) 0.2s
2023-05-18T20:56:14.753154206Z broker.info[1]: rc3-success: finalize->goodbye 0.206491s
2023-05-18T20:56:14.754786493Z broker.info[1]: goodbye: goodbye->exit 1.14209ms
2023-05-18T20:56:14.763971248Z 20:56:14.763615 +++ exited with 0 +++
2023-05-18T20:56:14.765933668Z Return value for follower worker is 0
2023-05-18T20:56:14.766173341Z The follower worker exited cleanly. Goodbye!
