2023-05-18T20:31:42.347578022Z
2023-05-18T20:31:42.347836154Z Flux username: flux
2023-05-18T20:31:42.347852256Z
2023-05-18T20:31:42.347858400Z Flux install root: /usr
2023-05-18T20:31:42.412643702Z flux user is already added.
2023-05-18T20:31:42.416594089Z flux user identifiers:
2023-05-18T20:31:42.416618763Z uid=1234(flux) gid=1234(flux) groups=1234(flux)
2023-05-18T20:31:42.416710970Z
2023-05-18T20:31:42.416720650Z As Flux prefix for flux commands: sudo -u flux -E PYTHONPATH=/opt/conda/lib/python3.10/site-packages -E PATH=/opt/conda/bin:/usr/local/sbin:/usr/local/bin:/usr/sbin:/usr/bin:/sbin:/bin -E LD_LIBRARY_PATH=/opt/conda/lib -E HOME=/home/flux
2023-05-18T20:31:42.431847334Z
2023-05-18T20:31:42.431872582Z ðŸ‘‹ Hello, I'm flux-sample-3
2023-05-18T20:31:42.431878581Z The main host is flux-sample-0
2023-05-18T20:31:42.431884365Z The working directory is /home/flux/examples/reaxff/HNS, contents include:
2023-05-18T20:31:42.431889902Z /home/flux/examples/reaxff/HNS:
2023-05-18T20:31:42.431895307Z README.txt	ffield.reax.hns  log.8Mar18.reaxc.hns.g++.1
2023-05-18T20:31:42.431900445Z data.hns-equil	in.reaxc.hns	 log.8Mar18.reaxc.hns.g++.4
2023-05-18T20:31:42.431907519Z End of file listing, if you see nothing above there are no files.
2023-05-18T20:31:42.433863914Z flux R encode --hosts=flux-sample-[0-3]
2023-05-18T20:31:42.454139036Z
2023-05-18T20:31:42.454167855Z ðŸ“¦ Resources
2023-05-18T20:31:42.455964347Z {"version": 1, "execution": {"R_lite": [{"rank": "0-3", "children": {"core": "0"}}], "starttime": 0.0, "expiration": 0.0, "nodelist": ["flux-sample-[0-3]"]}}
2023-05-18T20:31:42.456324412Z
2023-05-18T20:31:42.456341471Z ðŸ¸ Diagnostics: false
2023-05-18T20:31:42.456674904Z ðŸš©ï¸ Flux Option Flags defined
2023-05-18T20:31:42.461794848Z
2023-05-18T20:31:42.461814666Z ðŸ¦Š Independent Minister of Privilege
2023-05-18T20:31:42.463474523Z [exec]
2023-05-18T20:31:42.463489364Z allowed-users = [ "flux", "root" ]
2023-05-18T20:31:42.463495568Z allowed-shells = [ "/usr/libexec/flux/flux-shell" ]
2023-05-18T20:31:42.463853078Z
2023-05-18T20:31:42.463868308Z ðŸ¸ Broker Configuration
2023-05-18T20:31:42.465527602Z # Flux needs to know the path to the IMP executable
2023-05-18T20:31:42.465542831Z [exec]
2023-05-18T20:31:42.465548984Z imp = "/usr/libexec/flux/flux-imp"
2023-05-18T20:31:42.465553527Z
2023-05-18T20:31:42.465558077Z [access]
2023-05-18T20:31:42.465563829Z allow-guest-user = true
2023-05-18T20:31:42.465568869Z allow-root-owner = true
2023-05-18T20:31:42.465573410Z
2023-05-18T20:31:42.465580591Z # Point to resource definition generated with flux-R(1).
2023-05-18T20:31:42.465586996Z [resource]
2023-05-18T20:31:42.465592840Z path = "/etc/flux/system/R"
2023-05-18T20:31:42.465597660Z
2023-05-18T20:31:42.465602483Z [bootstrap]
2023-05-18T20:31:42.465607449Z curve_cert = "/etc/curve/curve.cert"
2023-05-18T20:31:42.465612271Z default_port = 8050
2023-05-18T20:31:42.465617036Z default_bind = "tcp://eth0:%p"
2023-05-18T20:31:42.465624524Z default_connect = "tcp://%h.flux-service.flux-operator.svc.cluster.local:%p"
2023-05-18T20:31:42.465630387Z hosts = [
2023-05-18T20:31:42.465635223Z 	{ host="flux-sample-[0-3]"},
2023-05-18T20:31:42.465640159Z ]
2023-05-18T20:31:42.465644858Z
2023-05-18T20:31:42.465649448Z [archive]
2023-05-18T20:31:42.465654249Z dbpath = "/var/lib/flux/job-archive.sqlite"
2023-05-18T20:31:42.465659053Z period = "1m"
2023-05-18T20:31:42.551922108Z busytimeout = "50s"
2023-05-18T20:31:42.551948143Z ðŸ§Šï¸ State Directory:
2023-05-18T20:31:42.551953616Z total 0
2023-05-18T20:31:42.551957078Z
2023-05-18T20:31:42.554844584Z
2023-05-18T20:31:42.554867404Z ðŸ”’ï¸ Working directory permissions:
2023-05-18T20:31:42.554873145Z total 96
2023-05-18T20:31:42.554878639Z -rwxrwxrwx 1 flux root  2517 May 17 22:32 README.txt
2023-05-18T20:31:42.554883697Z -rwxrwxrwx 1 flux root 54692 May 17 22:32 data.hns-equil
2023-05-18T20:31:42.554889340Z -rwxrwxrwx 1 flux root 13576 May 17 22:32 ffield.reax.hns
2023-05-18T20:31:42.554894023Z -rwxrwxrwx 1 flux root   870 May 17 22:32 in.reaxc.hns
2023-05-18T20:31:42.554898243Z -rwxrwxrwx 1 flux root  4172 May 17 22:32 log.8Mar18.reaxc.hns.g++.1
2023-05-18T20:31:42.555050144Z -rwxrwxrwx 1 flux root  4168 May 17 22:32 log.8Mar18.reaxc.hns.g++.4
2023-05-18T20:31:42.555060784Z
2023-05-18T20:31:42.555229537Z
2023-05-18T20:31:42.555242601Z âœ¨ Curve certificate generated by helper pod
2023-05-18T20:31:42.556653536Z #   ****  Generated on 2023-04-26 22:54:42 by CZMQ  ****
2023-05-18T20:31:42.556670544Z #   ZeroMQ CURVE **Secret** Certificate
2023-05-18T20:31:42.556676708Z #   DO NOT PROVIDE THIS FILE TO OTHER USERS nor change its permissions.
2023-05-18T20:31:42.556681848Z
2023-05-18T20:31:42.556688773Z metadata
2023-05-18T20:31:42.556695371Z     name = "flux-cert-generator"
2023-05-18T20:31:42.556700733Z     keygen.hostname = "flux-sample-0"
2023-05-18T20:31:42.556706004Z curve
2023-05-18T20:31:42.556710833Z     public-key = "^4=4k}QsyKR69RJe2SaO?[Hq.)9QZgSE:bMPZM+>"
2023-05-18T20:31:42.556715518Z     secret-key = "/A$H3H3?EvOWG>Fc8G$)vlM@67>E@wfOPvTH:bn@"
2023-05-18T20:31:42.558636174Z
2023-05-18T20:31:42.558656429Z ðŸŒ€  flux start --wrap=strace,-e,network,-tt -o --config /etc/flux/config -Scron.directory=/etc/flux/system/cron.d   -Stbon.fanout=256   -Srundir=/run/flux    -Sstatedir=/var/lib/flux   -Slocal-uri=local:///run/flux/local -Stbon.connect_timeout=7s  -Stbon.zmqdebug=1  -Slog-stderr-level=6    -Slog-stderr-mode=local
2023-05-18T20:31:42.597882434Z 20:31:42.597541 socket(AF_NETLINK, SOCK_RAW, NETLINK_ROUTE) = 8
2023-05-18T20:31:42.598046440Z 20:31:42.597870 bind(8, {sa_family=AF_NETLINK, nl_pid=0, nl_groups=00000000}, 12) = 0
2023-05-18T20:31:42.598210958Z 20:31:42.598066 getsockname(8, {sa_family=AF_NETLINK, nl_pid=69, nl_groups=00000000}, [12]) = 0
2023-05-18T20:31:42.598577629Z 20:31:42.598229 sendto(8, {{len=20, type=RTM_GETADDR, flags=NLM_F_REQUEST|NLM_F_DUMP, seq=1684441902, pid=0}, {ifa_family=AF_UNSPEC, ...}}, 20, 0, {sa_family=AF_NETLINK, nl_pid=0, nl_groups=00000000}, 12) = 20
2023-05-18T20:31:42.599053627Z 20:31:42.598600 recvmsg(8, {msg_name={sa_family=AF_NETLINK, nl_pid=0, nl_groups=00000000}, msg_namelen=12, msg_iov=[{iov_base=[{{len=76, type=RTM_NEWADDR, flags=NLM_F_MULTI, seq=1684441902, pid=69}, {ifa_family=AF_INET, ifa_prefixlen=8, ifa_flags=IFA_F_PERMANENT, ifa_scope=RT_SCOPE_HOST, ifa_index=if_nametoindex("lo")}, [{{nla_len=8, nla_type=IFA_ADDRESS}, 127.0.0.1}, {{nla_len=8, nla_type=IFA_LOCAL}, 127.0.0.1}, {{nla_len=7, nla_type=IFA_LABEL}, "lo"}, {{nla_len=8, nla_type=IFA_FLAGS}, IFA_F_PERMANENT}, {{nla_len=20, nla_type=IFA_CACHEINFO}, {ifa_prefered=4294967295, ifa_valid=4294967295, cstamp=2244786, tstamp=2244786}}]}, {{len=88, type=RTM_NEWADDR, flags=NLM_F_MULTI, seq=1684441902, pid=69}, {ifa_family=AF_INET, ifa_prefixlen=24, ifa_flags=IFA_F_PERMANENT, ifa_scope=RT_SCOPE_UNIVERSE, ifa_index=if_nametoindex("eth0")}, [{{nla_len=8, nla_type=IFA_ADDRESS}, 10.24.1.204}, {{nla_len=8, nla_type=IFA_LOCAL}, 10.24.1.204}, {{nla_len=8, nla_type=IFA_BROADCAST}, 10.24.1.255}, {{nla_len=9, nla_type=IFA_LABEL}, "eth0"}, {{nla_len=8, nla_type=IFA_FLAGS}, IFA_F_PERMANENT}, {{nla_len=20, nla_type=IFA_CACHEINFO}, {ifa_prefered=4294967295, ifa_valid=4294967295, cstamp=2244789, tstamp=2244789}}]}], iov_len=4096}], msg_iovlen=1, msg_controllen=0, msg_flags=0}, 0) = 164
2023-05-18T20:31:42.599272809Z 20:31:42.599076 recvmsg(8, {msg_name={sa_family=AF_NETLINK, nl_pid=0, nl_groups=00000000}, msg_namelen=12, msg_iov=[{iov_base={{len=20, type=NLMSG_DONE, flags=NLM_F_MULTI, seq=1684441902, pid=69}, 0}, iov_len=4096}], msg_iovlen=1, msg_controllen=0, msg_flags=0}, 0) = 20
2023-05-18T20:31:42.599888537Z 20:31:42.599717 socket(AF_UNIX, SOCK_STREAM|SOCK_CLOEXEC|SOCK_NONBLOCK, 0) = 8
2023-05-18T20:31:42.600072503Z 20:31:42.599907 connect(8, {sa_family=AF_UNIX, sun_path="/var/run/nscd/socket"}, 110) = -1 ENOENT (No such file or directory)
2023-05-18T20:31:42.600269965Z 20:31:42.600124 socket(AF_UNIX, SOCK_STREAM|SOCK_CLOEXEC|SOCK_NONBLOCK, 0) = 8
2023-05-18T20:31:42.600459170Z 20:31:42.600289 connect(8, {sa_family=AF_UNIX, sun_path="/var/run/nscd/socket"}, 110) = -1 ENOENT (No such file or directory)
2023-05-18T20:31:42.601880342Z 20:31:42.601693 socket(AF_INET, SOCK_DGRAM|SOCK_CLOEXEC|SOCK_NONBLOCK, IPPROTO_IP) = 8
2023-05-18T20:31:42.602067877Z 20:31:42.601901 connect(8, {sa_family=AF_INET, sin_port=htons(53), sin_addr=inet_addr("169.254.169.254")}, 16) = 0
2023-05-18T20:31:42.602440550Z 20:31:42.602128 sendto(8, " \300\1\0\0\1\0\0\0\0\0\0\rflux-sample-0\fflux-"..., 76, MSG_NOSIGNAL, NULL, 0) = 76
2023-05-18T20:31:42.606655611Z 20:31:42.606404 recvfrom(8, " \300\201\200\0\1\0\1\0\0\0\0\rflux-sample-0\fflux-"..., 1024, 0, {sa_family=AF_INET, sin_port=htons(53), sin_addr=inet_addr("169.254.169.254")}, [28->16]) = 92
2023-05-18T20:31:42.611600418Z broker.info[3]: start: none->join 1.90306ms
2023-05-18T20:31:49.811516611Z broker.info[3]: parent-ready: join->init 7.19957s
2023-05-18T20:31:49.811928143Z 20:31:49.811636 socketpair(AF_UNIX, SOCK_STREAM|SOCK_CLOEXEC, 0, [22, 23]) = 0
2023-05-18T20:31:49.812656520Z 20:31:49.812320 socketpair(AF_UNIX, SOCK_STREAM, 0, [24, 25]) = 0
2023-05-18T20:31:49.813017629Z 20:31:49.812830 socketpair(AF_UNIX, SOCK_STREAM, 0, [26, 27]) = 0
2023-05-18T20:31:49.813269455Z 20:31:49.813072 socketpair(AF_UNIX, SOCK_STREAM, 0, [28, 29]) = 0
2023-05-18T20:31:49.839866744Z broker.info[3]: configuration updated
2023-05-18T20:31:49.967265531Z broker.info[3]: rc1.0: running /etc/flux/rc1.d/01-sched-fluxion
2023-05-18T20:31:49.979079747Z broker.info[3]: rc1.0: running /etc/flux/rc1.d/02-cron
2023-05-18T20:31:50.008169129Z broker.info[3]: rc1.0: /etc/flux/rc1 Exited (rc=0) 0.2s
2023-05-18T20:31:50.009575949Z broker.info[3]: rc1-success: init->quorum 0.197733s
2023-05-18T20:31:50.224783348Z broker.info[3]: quorum-full: quorum->run 0.214736s
2023-05-18T20:31:50.806990588Z 20:31:50.806676 socketpair(AF_UNIX, SOCK_STREAM|SOCK_CLOEXEC, 0, [22, 23]) = 0
2023-05-18T20:31:50.807231939Z 20:31:50.806973 socketpair(AF_UNIX, SOCK_STREAM, 0, [24, 25]) = 0
2023-05-18T20:31:50.807386832Z 20:31:50.807213 socketpair(AF_UNIX, SOCK_STREAM, 0, [26, 28]) = 0
2023-05-18T20:31:50.807602895Z 20:31:50.807423 socketpair(AF_UNIX, SOCK_STREAM, 0, [58, 59]) = 0
2023-05-18T20:32:01.816259891Z broker.info[3]: shutdown: run->cleanup 11.5912s
2023-05-18T20:32:01.817690893Z broker.info[3]: cleanup-none: cleanup->shutdown 1.11482ms
2023-05-18T20:32:01.818774819Z broker.info[3]: children-none: shutdown->finalize 0.771069ms
2023-05-18T20:32:01.819193829Z 20:32:01.818926 socketpair(AF_UNIX, SOCK_STREAM|SOCK_CLOEXEC, 0, [22, 23]) = 0
2023-05-18T20:32:01.819584302Z 20:32:01.819299 socketpair(AF_UNIX, SOCK_STREAM, 0, [24, 25]) = 0
2023-05-18T20:32:01.820103516Z 20:32:01.819829 socketpair(AF_UNIX, SOCK_STREAM, 0, [26, 28]) = 0
2023-05-18T20:32:01.820336522Z 20:32:01.820132 socketpair(AF_UNIX, SOCK_STREAM, 0, [58, 59]) = 0
2023-05-18T20:32:01.838172548Z broker.info[3]: rc3.0: running /etc/flux/rc3.d/01-sched-fluxion
2023-05-18T20:32:01.961034960Z broker.info[3]: rc3.0: /etc/flux/rc3 Exited (rc=0) 0.1s
2023-05-18T20:32:01.961721213Z broker.info[3]: rc3-success: finalize->goodbye 0.142631s
2023-05-18T20:32:01.963006206Z broker.info[3]: goodbye: goodbye->exit 1.18046ms
2023-05-18T20:32:01.971499075Z 20:32:01.971355 +++ exited with 0 +++
2023-05-18T20:32:01.972893094Z Return value for follower worker is 0
2023-05-18T20:32:01.972924172Z The follower worker exited cleanly. Goodbye!
