2023-05-18T18:40:29.938598693Z
2023-05-18T18:40:29.938667913Z Flux username: flux
2023-05-18T18:40:29.938676868Z
2023-05-18T18:40:29.938683005Z Flux install root: /usr
2023-05-18T18:40:29.987815773Z flux user is already added.
2023-05-18T18:40:29.990961497Z flux user identifiers:
2023-05-18T18:40:29.991001391Z uid=1234(flux) gid=1234(flux) groups=1234(flux)
2023-05-18T18:40:29.991007821Z
2023-05-18T18:40:29.991021385Z As Flux prefix for flux commands: sudo -u flux -E PYTHONPATH=/opt/conda/lib/python3.10/site-packages -E PATH=/opt/conda/bin:/usr/local/sbin:/usr/local/bin:/usr/sbin:/usr/bin:/sbin:/bin -E LD_LIBRARY_PATH=/opt/conda/lib -E HOME=/home/flux
2023-05-18T18:40:30.005616713Z
2023-05-18T18:40:30.005671807Z 👋 Hello, I'm flux-sample-1
2023-05-18T18:40:30.005680002Z The main host is flux-sample-0
2023-05-18T18:40:30.005686728Z The working directory is /home/flux/examples/reaxff/HNS, contents include:
2023-05-18T18:40:30.005692093Z /home/flux/examples/reaxff/HNS:
2023-05-18T18:40:30.005706770Z README.txt	ffield.reax.hns  log.8Mar18.reaxc.hns.g++.1
2023-05-18T18:40:30.005714917Z data.hns-equil	in.reaxc.hns	 log.8Mar18.reaxc.hns.g++.4
2023-05-18T18:40:30.008207042Z End of file listing, if you see nothing above there are no files.
2023-05-18T18:40:30.009467613Z flux R encode --hosts=flux-sample-[0-3]
2023-05-18T18:40:30.030096628Z
2023-05-18T18:40:30.030150837Z 📦 Resources
2023-05-18T18:40:30.031989477Z {"version": 1, "execution": {"R_lite": [{"rank": "0-3", "children": {"core": "0"}}], "starttime": 0.0, "expiration": 0.0, "nodelist": ["flux-sample-[0-3]"]}}
2023-05-18T18:40:30.032324818Z
2023-05-18T18:40:30.032509647Z 🐸 Diagnostics: false
2023-05-18T18:40:30.032955933Z 🚩️ Flux Option Flags defined
2023-05-18T18:40:30.038084663Z
2023-05-18T18:40:30.038131352Z 🦊 Independent Minister of Privilege
2023-05-18T18:40:30.039349810Z [exec]
2023-05-18T18:40:30.039372131Z allowed-users = [ "flux", "root" ]
2023-05-18T18:40:30.039380730Z allowed-shells = [ "/usr/libexec/flux/flux-shell" ]
2023-05-18T18:40:30.039802687Z
2023-05-18T18:40:30.039835774Z 🐸 Broker Configuration
2023-05-18T18:40:30.041328399Z # Flux needs to know the path to the IMP executable
2023-05-18T18:40:30.041357479Z [exec]
2023-05-18T18:40:30.041369203Z imp = "/usr/libexec/flux/flux-imp"
2023-05-18T18:40:30.041377279Z
2023-05-18T18:40:30.041385169Z [access]
2023-05-18T18:40:30.041394132Z allow-guest-user = true
2023-05-18T18:40:30.041401408Z allow-root-owner = true
2023-05-18T18:40:30.041408114Z
2023-05-18T18:40:30.041415617Z # Point to resource definition generated with flux-R(1).
2023-05-18T18:40:30.041423061Z [resource]
2023-05-18T18:40:30.041432929Z path = "/etc/flux/system/R"
2023-05-18T18:40:30.041441118Z
2023-05-18T18:40:30.041449243Z [bootstrap]
2023-05-18T18:40:30.041457180Z curve_cert = "/etc/curve/curve.cert"
2023-05-18T18:40:30.041465291Z default_port = 8050
2023-05-18T18:40:30.041472897Z default_bind = "tcp://eth0:%p"
2023-05-18T18:40:30.041481184Z default_connect = "tcp://%h.flux-service.flux-operator.svc.cluster.local:%p"
2023-05-18T18:40:30.041488751Z hosts = [
2023-05-18T18:40:30.041498276Z 	{ host="flux-sample-[0-3]"},
2023-05-18T18:40:30.041506482Z ]
2023-05-18T18:40:30.041513116Z
2023-05-18T18:40:30.041520893Z [archive]
2023-05-18T18:40:30.041528585Z dbpath = "/var/lib/flux/job-archive.sqlite"
2023-05-18T18:40:30.041554152Z period = "1m"
2023-05-18T18:40:30.127040682Z busytimeout = "50s"
2023-05-18T18:40:30.127086517Z 🧊️ State Directory:
2023-05-18T18:40:30.127095281Z total 0
2023-05-18T18:40:30.127100878Z
2023-05-18T18:40:30.131024492Z
2023-05-18T18:40:30.131084552Z 🔒️ Working directory permissions:
2023-05-18T18:40:30.131093705Z total 96
2023-05-18T18:40:30.131103241Z -rwxrwxrwx 1 flux root  2517 May 17 22:32 README.txt
2023-05-18T18:40:30.131110631Z -rwxrwxrwx 1 flux root 54692 May 17 22:32 data.hns-equil
2023-05-18T18:40:30.131116155Z -rwxrwxrwx 1 flux root 13576 May 17 22:32 ffield.reax.hns
2023-05-18T18:40:30.131121394Z -rwxrwxrwx 1 flux root   870 May 17 22:32 in.reaxc.hns
2023-05-18T18:40:30.131128148Z -rwxrwxrwx 1 flux root  4172 May 17 22:32 log.8Mar18.reaxc.hns.g++.1
2023-05-18T18:40:30.131133146Z -rwxrwxrwx 1 flux root  4168 May 17 22:32 log.8Mar18.reaxc.hns.g++.4
2023-05-18T18:40:30.131163049Z
2023-05-18T18:40:30.131173212Z
2023-05-18T18:40:30.131179813Z ✨ Curve certificate generated by helper pod
2023-05-18T18:40:30.133064547Z #   ****  Generated on 2023-04-26 22:54:42 by CZMQ  ****
2023-05-18T18:40:30.133093764Z #   ZeroMQ CURVE **Secret** Certificate
2023-05-18T18:40:30.133103252Z #   DO NOT PROVIDE THIS FILE TO OTHER USERS nor change its permissions.
2023-05-18T18:40:30.133110318Z
2023-05-18T18:40:30.133116889Z metadata
2023-05-18T18:40:30.133123678Z     name = "flux-cert-generator"
2023-05-18T18:40:30.133128718Z     keygen.hostname = "flux-sample-0"
2023-05-18T18:40:30.133133831Z curve
2023-05-18T18:40:30.133139424Z     public-key = "kLSX^0vA.KdVBu+z<fHKtw}%D?58VTKl-oz3I8Fx"
2023-05-18T18:40:30.133159946Z     secret-key = "tVfQjt2l#LiKwoc>G:.*@O<SeC+Aw$Kku?c8!5f&"
2023-05-18T18:40:30.135950024Z
2023-05-18T18:40:30.135986512Z 🌀  flux start --wrap=strace,-e,network,-tt -o --config /etc/flux/config -Scron.directory=/etc/flux/system/cron.d   -Stbon.fanout=256   -Srundir=/run/flux    -Sstatedir=/var/lib/flux   -Slocal-uri=local:///run/flux/local -Stbon.connect_timeout=5s  -Stbon.zmqdebug=1  -Slog-stderr-level=6    -Slog-stderr-mode=local
2023-05-18T18:40:30.177555656Z 18:40:30.177182 socket(AF_NETLINK, SOCK_RAW, NETLINK_ROUTE) = 8
2023-05-18T18:40:30.177615913Z 18:40:30.177325 bind(8, {sa_family=AF_NETLINK, nl_pid=0, nl_groups=00000000}, 12) = 0
2023-05-18T18:40:30.177712872Z 18:40:30.177407 getsockname(8, {sa_family=AF_NETLINK, nl_pid=70, nl_groups=00000000}, [12]) = 0
2023-05-18T18:40:30.177909027Z 18:40:30.177515 sendto(8, {{len=20, type=RTM_GETADDR, flags=NLM_F_REQUEST|NLM_F_DUMP, seq=1684435230, pid=0}, {ifa_family=AF_UNSPEC, ...}}, 20, 0, {sa_family=AF_NETLINK, nl_pid=0, nl_groups=00000000}, 12) = 20
2023-05-18T18:40:30.178321757Z 18:40:30.177869 recvmsg(8, {msg_name={sa_family=AF_NETLINK, nl_pid=0, nl_groups=00000000}, msg_namelen=12, msg_iov=[{iov_base=[{{len=76, type=RTM_NEWADDR, flags=NLM_F_MULTI, seq=1684435230, pid=70}, {ifa_family=AF_INET, ifa_prefixlen=8, ifa_flags=IFA_F_PERMANENT, ifa_scope=RT_SCOPE_HOST, ifa_index=if_nametoindex("lo")}, [{{nla_len=8, nla_type=IFA_ADDRESS}, 127.0.0.1}, {{nla_len=8, nla_type=IFA_LOCAL}, 127.0.0.1}, {{nla_len=7, nla_type=IFA_LABEL}, "lo"}, {{nla_len=8, nla_type=IFA_FLAGS}, IFA_F_PERMANENT}, {{nla_len=20, nla_type=IFA_CACHEINFO}, {ifa_prefered=4294967295, ifa_valid=4294967295, cstamp=1577565, tstamp=1577565}}]}, {{len=88, type=RTM_NEWADDR, flags=NLM_F_MULTI, seq=1684435230, pid=70}, {ifa_family=AF_INET, ifa_prefixlen=24, ifa_flags=IFA_F_PERMANENT, ifa_scope=RT_SCOPE_UNIVERSE, ifa_index=if_nametoindex("eth0")}, [{{nla_len=8, nla_type=IFA_ADDRESS}, 10.24.0.94}, {{nla_len=8, nla_type=IFA_LOCAL}, 10.24.0.94}, {{nla_len=8, nla_type=IFA_BROADCAST}, 10.24.0.255}, {{nla_len=9, nla_type=IFA_LABEL}, "eth0"}, {{nla_len=8, nla_type=IFA_FLAGS}, IFA_F_PERMANENT}, {{nla_len=20, nla_type=IFA_CACHEINFO}, {ifa_prefered=4294967295, ifa_valid=4294967295, cstamp=1577569, tstamp=1577569}}]}], iov_len=4096}], msg_iovlen=1, msg_controllen=0, msg_flags=0}, 0) = 164
2023-05-18T18:40:30.178475290Z 18:40:30.178277 recvmsg(8, {msg_name={sa_family=AF_NETLINK, nl_pid=0, nl_groups=00000000}, msg_namelen=12, msg_iov=[{iov_base={{len=20, type=NLMSG_DONE, flags=NLM_F_MULTI, seq=1684435230, pid=70}, 0}, iov_len=4096}], msg_iovlen=1, msg_controllen=0, msg_flags=0}, 0) = 20
2023-05-18T18:40:30.179230344Z 18:40:30.178977 socket(AF_UNIX, SOCK_STREAM|SOCK_CLOEXEC|SOCK_NONBLOCK, 0) = 8
2023-05-18T18:40:30.179250597Z 18:40:30.179076 connect(8, {sa_family=AF_UNIX, sun_path="/var/run/nscd/socket"}, 110) = -1 ENOENT (No such file or directory)
2023-05-18T18:40:30.179324112Z 18:40:30.179202 socket(AF_UNIX, SOCK_STREAM|SOCK_CLOEXEC|SOCK_NONBLOCK, 0) = 8
2023-05-18T18:40:30.179496933Z 18:40:30.179327 connect(8, {sa_family=AF_UNIX, sun_path="/var/run/nscd/socket"}, 110) = -1 ENOENT (No such file or directory)
2023-05-18T18:40:30.181218708Z 18:40:30.180888 socket(AF_INET, SOCK_DGRAM|SOCK_CLOEXEC|SOCK_NONBLOCK, IPPROTO_IP) = 8
2023-05-18T18:40:30.181241112Z 18:40:30.180978 connect(8, {sa_family=AF_INET, sin_port=htons(53), sin_addr=inet_addr("169.254.169.254")}, 16) = 0
2023-05-18T18:40:30.181563698Z 18:40:30.181100 sendto(8, "\351\304\1\0\0\1\0\0\0\0\0\0\rflux-sample-0\fflux-"..., 76, MSG_NOSIGNAL, NULL, 0) = 76
2023-05-18T18:40:30.185266145Z 18:40:30.185057 recvfrom(8, "\351\304\201\200\0\1\0\1\0\0\0\0\rflux-sample-0\fflux-"..., 1024, 0, {sa_family=AF_INET, sin_port=htons(53), sin_addr=inet_addr("169.254.169.254")}, [28->16]) = 92
2023-05-18T18:40:30.192276242Z broker.info[1]: start: none->join 2.6295ms
2023-05-18T18:40:35.361368676Z broker.info[1]: parent-ready: join->init 5.16822s
2023-05-18T18:40:35.361567138Z 18:40:35.360801 socketpair(AF_UNIX, SOCK_STREAM|SOCK_CLOEXEC, 0, [22, 23]) = 0
2023-05-18T18:40:35.361583657Z 18:40:35.360959 socketpair(AF_UNIX, SOCK_STREAM, 0, [24, 25]) = 0
2023-05-18T18:40:35.361605966Z 18:40:35.361169 socketpair(AF_UNIX, SOCK_STREAM, 0, [26, 27]) = 0
2023-05-18T18:40:35.361612974Z 18:40:35.361367 socketpair(AF_UNIX, SOCK_STREAM, 0, [28, 29]) = 0
2023-05-18T18:40:35.390066988Z broker.info[1]: configuration updated
2023-05-18T18:40:35.540115050Z broker.info[1]: rc1.0: running /etc/flux/rc1.d/01-sched-fluxion
2023-05-18T18:40:35.557862437Z broker.info[1]: rc1.0: running /etc/flux/rc1.d/02-cron
2023-05-18T18:40:35.594649197Z broker.info[1]: rc1.0: /etc/flux/rc1 Exited (rc=0) 0.2s
2023-05-18T18:40:35.596132128Z broker.info[1]: rc1-success: init->quorum 0.235118s
2023-05-18T18:40:36.068882091Z broker.info[1]: quorum-full: quorum->run 0.472353s
2023-05-18T18:40:48.303266951Z broker.info[1]: shutdown: run->cleanup 12.2335s
2023-05-18T18:40:48.304110005Z broker.info[1]: cleanup-none: cleanup->shutdown 0.843661ms
2023-05-18T18:40:48.305488368Z broker.info[1]: children-none: shutdown->finalize 0.822318ms
2023-05-18T18:40:48.305762458Z 18:40:48.305062 socketpair(AF_UNIX, SOCK_STREAM|SOCK_CLOEXEC, 0, [22, 23]) = 0
2023-05-18T18:40:48.305958953Z 18:40:48.305244 socketpair(AF_UNIX, SOCK_STREAM, 0, [24, 25]) = 0
2023-05-18T18:40:48.306391570Z 18:40:48.305476 socketpair(AF_UNIX, SOCK_STREAM, 0, [26, 28]) = 0
2023-05-18T18:40:48.306623243Z 18:40:48.305671 socketpair(AF_UNIX, SOCK_STREAM, 0, [58, 59]) = 0
2023-05-18T18:40:48.330937109Z broker.info[1]: rc3.0: running /etc/flux/rc3.d/01-sched-fluxion
2023-05-18T18:40:48.456854125Z broker.info[1]: rc3.0: /etc/flux/rc3 Exited (rc=0) 0.1s
2023-05-18T18:40:48.458202891Z broker.info[1]: rc3-success: finalize->goodbye 0.152954s
2023-05-18T18:40:48.459897069Z broker.info[1]: goodbye: goodbye->exit 1.02078ms
2023-05-18T18:40:48.467902977Z 18:40:48.467731 +++ exited with 0 +++
2023-05-18T18:40:48.469396464Z Return value for follower worker is 0
2023-05-18T18:40:48.469423394Z The follower worker exited cleanly. Goodbye!
