2023-05-18T20:35:37.132350517Z
2023-05-18T20:35:37.133494687Z Flux username: flux
2023-05-18T20:35:37.133510155Z
2023-05-18T20:35:37.133515668Z Flux install root: /usr
2023-05-18T20:35:37.184629170Z flux user is already added.
2023-05-18T20:35:37.188994497Z flux user identifiers:
2023-05-18T20:35:37.189213602Z uid=1234(flux) gid=1234(flux) groups=1234(flux)
2023-05-18T20:35:37.189226964Z
2023-05-18T20:35:37.189232578Z As Flux prefix for flux commands: sudo -u flux -E PYTHONPATH=/opt/conda/lib/python3.10/site-packages -E PATH=/opt/conda/bin:/usr/local/sbin:/usr/local/bin:/usr/sbin:/usr/bin:/sbin:/bin -E LD_LIBRARY_PATH=/opt/conda/lib -E HOME=/home/flux
2023-05-18T20:35:37.200218642Z
2023-05-18T20:35:37.200291981Z ðŸ‘‹ Hello, I'm flux-sample-2
2023-05-18T20:35:37.200301840Z The main host is flux-sample-0
2023-05-18T20:35:37.200308337Z The working directory is /home/flux/examples/reaxff/HNS, contents include:
2023-05-18T20:35:37.204278851Z /home/flux/examples/reaxff/HNS:
2023-05-18T20:35:37.204344148Z README.txt	ffield.reax.hns  log.8Mar18.reaxc.hns.g++.1
2023-05-18T20:35:37.204351306Z data.hns-equil	in.reaxc.hns	 log.8Mar18.reaxc.hns.g++.4
2023-05-18T20:35:37.204359485Z End of file listing, if you see nothing above there are no files.
2023-05-18T20:35:37.205687961Z flux R encode --hosts=flux-sample-[0-3]
2023-05-18T20:35:37.227666423Z
2023-05-18T20:35:37.227938574Z ðŸ“¦ Resources
2023-05-18T20:35:37.230936610Z {"version": 1, "execution": {"R_lite": [{"rank": "0-3", "children": {"core": "0"}}], "starttime": 0.0, "expiration": 0.0, "nodelist": ["flux-sample-[0-3]"]}}
2023-05-18T20:35:37.231963276Z
2023-05-18T20:35:37.232223422Z ðŸ¸ Diagnostics: false
2023-05-18T20:35:37.232733914Z ðŸš©ï¸ Flux Option Flags defined
2023-05-18T20:35:37.241385355Z
2023-05-18T20:35:37.241606534Z ðŸ¦Š Independent Minister of Privilege
2023-05-18T20:35:37.243850463Z [exec]
2023-05-18T20:35:37.243905311Z allowed-users = [ "flux", "root" ]
2023-05-18T20:35:37.243913176Z allowed-shells = [ "/usr/libexec/flux/flux-shell" ]
2023-05-18T20:35:37.244407732Z
2023-05-18T20:35:37.244538781Z ðŸ¸ Broker Configuration
2023-05-18T20:35:37.246770411Z # Flux needs to know the path to the IMP executable
2023-05-18T20:35:37.246793907Z [exec]
2023-05-18T20:35:37.246803872Z imp = "/usr/libexec/flux/flux-imp"
2023-05-18T20:35:37.246809219Z
2023-05-18T20:35:37.246814541Z [access]
2023-05-18T20:35:37.246820542Z allow-guest-user = true
2023-05-18T20:35:37.246826166Z allow-root-owner = true
2023-05-18T20:35:37.246831033Z
2023-05-18T20:35:37.246836720Z # Point to resource definition generated with flux-R(1).
2023-05-18T20:35:37.246842035Z [resource]
2023-05-18T20:35:37.246850117Z path = "/etc/flux/system/R"
2023-05-18T20:35:37.246855947Z
2023-05-18T20:35:37.246861753Z [bootstrap]
2023-05-18T20:35:37.246867698Z curve_cert = "/etc/curve/curve.cert"
2023-05-18T20:35:37.246872741Z default_port = 8050
2023-05-18T20:35:37.246877776Z default_bind = "tcp://eth0:%p"
2023-05-18T20:35:37.246884091Z default_connect = "tcp://%h.flux-service.flux-operator.svc.cluster.local:%p"
2023-05-18T20:35:37.246889246Z hosts = [
2023-05-18T20:35:37.246897169Z 	{ host="flux-sample-[0-3]"},
2023-05-18T20:35:37.246903660Z ]
2023-05-18T20:35:37.246908514Z
2023-05-18T20:35:37.246913389Z [archive]
2023-05-18T20:35:37.246929553Z dbpath = "/var/lib/flux/job-archive.sqlite"
2023-05-18T20:35:37.246934139Z period = "1m"
2023-05-18T20:35:37.355437781Z busytimeout = "50s"
2023-05-18T20:35:37.355494272Z ðŸ§Šï¸ State Directory:
2023-05-18T20:35:37.355502873Z total 0
2023-05-18T20:35:37.355508331Z
2023-05-18T20:35:37.359316026Z
2023-05-18T20:35:37.359444513Z ðŸ”’ï¸ Working directory permissions:
2023-05-18T20:35:37.359452703Z total 96
2023-05-18T20:35:37.359459819Z -rwxrwxrwx 1 flux root  2517 May 17 22:32 README.txt
2023-05-18T20:35:37.359466249Z -rwxrwxrwx 1 flux root 54692 May 17 22:32 data.hns-equil
2023-05-18T20:35:37.359475280Z -rwxrwxrwx 1 flux root 13576 May 17 22:32 ffield.reax.hns
2023-05-18T20:35:37.359482172Z -rwxrwxrwx 1 flux root   870 May 17 22:32 in.reaxc.hns
2023-05-18T20:35:37.359488354Z -rwxrwxrwx 1 flux root  4172 May 17 22:32 log.8Mar18.reaxc.hns.g++.1
2023-05-18T20:35:37.359493317Z -rwxrwxrwx 1 flux root  4168 May 17 22:32 log.8Mar18.reaxc.hns.g++.4
2023-05-18T20:35:37.359498302Z
2023-05-18T20:35:37.359516061Z
2023-05-18T20:35:37.359521836Z âœ¨ Curve certificate generated by helper pod
2023-05-18T20:35:37.361748109Z #   ****  Generated on 2023-04-26 22:54:42 by CZMQ  ****
2023-05-18T20:35:37.361809933Z #   ZeroMQ CURVE **Secret** Certificate
2023-05-18T20:35:37.361821523Z #   DO NOT PROVIDE THIS FILE TO OTHER USERS nor change its permissions.
2023-05-18T20:35:37.361829738Z
2023-05-18T20:35:37.361836267Z metadata
2023-05-18T20:35:37.361843181Z     name = "flux-cert-generator"
2023-05-18T20:35:37.361848656Z     keygen.hostname = "flux-sample-0"
2023-05-18T20:35:37.361854303Z curve
2023-05-18T20:35:37.361860898Z     public-key = "tkEd+{jfSwQuR7$H@YRyowV{B:tcsS6kPJw0QK@8"
2023-05-18T20:35:37.361866714Z     secret-key = "oIfjUqPSBWDSy*]pHV?wud}&r>-zLq.0!}=J?k+N"
2023-05-18T20:35:37.364899119Z
2023-05-18T20:35:37.364985417Z ðŸŒ€  flux start --wrap=strace,-e,network,-tt -o --config /etc/flux/config -Scron.directory=/etc/flux/system/cron.d   -Stbon.fanout=256   -Srundir=/run/flux    -Sstatedir=/var/lib/flux   -Slocal-uri=local:///run/flux/local -Stbon.connect_timeout=8s  -Stbon.zmqdebug=1  -Slog-stderr-level=6    -Slog-stderr-mode=local
2023-05-18T20:35:37.416711643Z 20:35:37.416045 socket(AF_NETLINK, SOCK_RAW, NETLINK_ROUTE) = 8
2023-05-18T20:35:37.417663235Z 20:35:37.417290 bind(8, {sa_family=AF_NETLINK, nl_pid=0, nl_groups=00000000}, 12) = 0
2023-05-18T20:35:37.418370193Z 20:35:37.418011 getsockname(8, {sa_family=AF_NETLINK, nl_pid=70, nl_groups=00000000}, [12]) = 0
2023-05-18T20:35:37.419218059Z 20:35:37.418450 sendto(8, {{len=20, type=RTM_GETADDR, flags=NLM_F_REQUEST|NLM_F_DUMP, seq=1684442137, pid=0}, {ifa_family=AF_UNSPEC, ...}}, 20, 0, {sa_family=AF_NETLINK, nl_pid=0, nl_groups=00000000}, 12) = 20
2023-05-18T20:35:37.419754850Z 20:35:37.418995 recvmsg(8, {msg_name={sa_family=AF_NETLINK, nl_pid=0, nl_groups=00000000}, msg_namelen=12, msg_iov=[{iov_base=[{{len=76, type=RTM_NEWADDR, flags=NLM_F_MULTI, seq=1684442137, pid=70}, {ifa_family=AF_INET, ifa_prefixlen=8, ifa_flags=IFA_F_PERMANENT, ifa_scope=RT_SCOPE_HOST, ifa_index=if_nametoindex("lo")}, [{{nla_len=8, nla_type=IFA_ADDRESS}, 127.0.0.1}, {{nla_len=8, nla_type=IFA_LOCAL}, 127.0.0.1}, {{nla_len=7, nla_type=IFA_LABEL}, "lo"}, {{nla_len=8, nla_type=IFA_FLAGS}, IFA_F_PERMANENT}, {{nla_len=20, nla_type=IFA_CACHEINFO}, {ifa_prefered=4294967295, ifa_valid=4294967295, cstamp=2268041, tstamp=2268041}}]}, {{len=88, type=RTM_NEWADDR, flags=NLM_F_MULTI, seq=1684442137, pid=70}, {ifa_family=AF_INET, ifa_prefixlen=24, ifa_flags=IFA_F_PERMANENT, ifa_scope=RT_SCOPE_UNIVERSE, ifa_index=if_nametoindex("eth0")}, [{{nla_len=8, nla_type=IFA_ADDRESS}, 10.24.3.115}, {{nla_len=8, nla_type=IFA_LOCAL}, 10.24.3.115}, {{nla_len=8, nla_type=IFA_BROADCAST}, 10.24.3.255}, {{nla_len=9, nla_type=IFA_LABEL}, "eth0"}, {{nla_len=8, nla_type=IFA_FLAGS}, IFA_F_PERMANENT}, {{nla_len=20, nla_type=IFA_CACHEINFO}, {ifa_prefered=4294967295, ifa_valid=4294967295, cstamp=2268046, tstamp=2268046}}]}], iov_len=4096}], msg_iovlen=1, msg_controllen=0, msg_flags=0}, 0) = 164
2023-05-18T20:35:37.419972007Z 20:35:37.419681 recvmsg(8, {msg_name={sa_family=AF_NETLINK, nl_pid=0, nl_groups=00000000}, msg_namelen=12, msg_iov=[{iov_base={{len=20, type=NLMSG_DONE, flags=NLM_F_MULTI, seq=1684442137, pid=70}, 0}, iov_len=4096}], msg_iovlen=1, msg_controllen=0, msg_flags=0}, 0) = 20
2023-05-18T20:35:37.421004393Z 20:35:37.420734 socket(AF_UNIX, SOCK_STREAM|SOCK_CLOEXEC|SOCK_NONBLOCK, 0) = 8
2023-05-18T20:35:37.421173899Z 20:35:37.420861 connect(8, {sa_family=AF_UNIX, sun_path="/var/run/nscd/socket"}, 110) = -1 ENOENT (No such file or directory)
2023-05-18T20:35:37.421390824Z 20:35:37.421177 socket(AF_UNIX, SOCK_STREAM|SOCK_CLOEXEC|SOCK_NONBLOCK, 0) = 8
2023-05-18T20:35:37.421576376Z 20:35:37.421328 connect(8, {sa_family=AF_UNIX, sun_path="/var/run/nscd/socket"}, 110) = -1 ENOENT (No such file or directory)
2023-05-18T20:35:37.424562958Z 20:35:37.424024 socket(AF_INET, SOCK_DGRAM|SOCK_CLOEXEC|SOCK_NONBLOCK, IPPROTO_IP) = 8
2023-05-18T20:35:37.424924757Z 20:35:37.424253 connect(8, {sa_family=AF_INET, sin_port=htons(53), sin_addr=inet_addr("169.254.169.254")}, 16) = 0
2023-05-18T20:35:37.425352811Z 20:35:37.424486 sendto(8, "M\373\1\0\0\1\0\0\0\0\0\0\rflux-sample-0\fflux-"..., 76, MSG_NOSIGNAL, NULL, 0) = 76
2023-05-18T20:35:37.429474942Z 20:35:37.429046 recvfrom(8, "M\373\201\203\0\1\0\0\0\1\0\0\rflux-sample-0\fflux-"..., 1024, 0, {sa_family=AF_INET, sin_port=htons(53), sin_addr=inet_addr("169.254.169.254")}, [28->16]) = 172
2023-05-18T20:35:37.429619372Z 20:35:37.429472 socket(AF_INET, SOCK_DGRAM|SOCK_CLOEXEC|SOCK_NONBLOCK, IPPROTO_IP) = 8
2023-05-18T20:35:37.429688034Z 20:35:37.429559 connect(8, {sa_family=AF_INET, sin_port=htons(53), sin_addr=inet_addr("169.254.169.254")}, 16) = 0
2023-05-18T20:35:37.430002143Z 20:35:37.429683 sendto(8, "\354\242\1\0\0\1\0\0\0\0\0\0\rflux-sample-0\fflux-"..., 108, MSG_NOSIGNAL, NULL, 0) = 108
2023-05-18T20:35:37.433413393Z 20:35:37.432902 recvfrom(8, "\354\242\201\203\0\1\0\0\0\1\0\0\rflux-sample-0\fflux-"..., 1024, 0, {sa_family=AF_INET, sin_port=htons(53), sin_addr=inet_addr("169.254.169.254")}, [28->16]) = 204
2023-05-18T20:35:37.433841532Z 20:35:37.433516 socket(AF_INET, SOCK_DGRAM|SOCK_CLOEXEC|SOCK_NONBLOCK, IPPROTO_IP) = 8
2023-05-18T20:35:37.434232044Z 20:35:37.433890 connect(8, {sa_family=AF_INET, sin_port=htons(53), sin_addr=inet_addr("169.254.169.254")}, 16) = 0
2023-05-18T20:35:37.434988574Z 20:35:37.434671 sendto(8, "\333?\1\0\0\1\0\0\0\0\0\0\rflux-sample-0\fflux-"..., 94, MSG_NOSIGNAL, NULL, 0) = 94
2023-05-18T20:35:37.438880122Z 20:35:37.438394 recvfrom(8, "\333?\201\203\0\1\0\0\0\1\0\0\rflux-sample-0\fflux-"..., 1024, 0, {sa_family=AF_INET, sin_port=htons(53), sin_addr=inet_addr("169.254.169.254")}, [28->16]) = 190
2023-05-18T20:35:37.439087006Z 20:35:37.438776 socket(AF_INET, SOCK_DGRAM|SOCK_CLOEXEC|SOCK_NONBLOCK, IPPROTO_IP) = 8
2023-05-18T20:35:37.439222276Z 20:35:37.438909 connect(8, {sa_family=AF_INET, sin_port=htons(53), sin_addr=inet_addr("169.254.169.254")}, 16) = 0
2023-05-18T20:35:37.439544166Z 20:35:37.439108 sendto(8, "\345\377\1\0\0\1\0\0\0\0\0\0\rflux-sample-0\fflux-"..., 90, MSG_NOSIGNAL, NULL, 0) = 90
2023-05-18T20:35:37.443247657Z 20:35:37.442666 recvfrom(8, "\345\377\201\203\0\1\0\0\0\1\0\0\rflux-sample-0\fflux-"..., 1024, 0, {sa_family=AF_INET, sin_port=htons(53), sin_addr=inet_addr("169.254.169.254")}, [28->16]) = 186
2023-05-18T20:35:37.443605608Z 20:35:37.443344 socket(AF_INET, SOCK_DGRAM|SOCK_CLOEXEC|SOCK_NONBLOCK, IPPROTO_IP) = 8
2023-05-18T20:35:37.443896836Z 20:35:37.443651 connect(8, {sa_family=AF_INET, sin_port=htons(53), sin_addr=inet_addr("169.254.169.254")}, 16) = 0
2023-05-18T20:35:37.444411468Z 20:35:37.444034 sendto(8, "\275E\1\0\0\1\0\0\0\0\0\0\rflux-sample-0\fflux-"..., 111, MSG_NOSIGNAL, NULL, 0) = 111
2023-05-18T20:35:37.448558815Z 20:35:37.448014 recvfrom(8, "\275E\201\203\0\1\0\0\0\1\0\0\rflux-sample-0\fflux-"..., 1024, 0, {sa_family=AF_INET, sin_port=htons(53), sin_addr=inet_addr("169.254.169.254")}, [28->16]) = 205
2023-05-18T20:35:37.448787857Z 20:35:37.448445 socket(AF_INET, SOCK_DGRAM|SOCK_CLOEXEC|SOCK_NONBLOCK, IPPROTO_IP) = 8
2023-05-18T20:35:37.448804653Z 20:35:37.448552 connect(8, {sa_family=AF_INET, sin_port=htons(53), sin_addr=inet_addr("169.254.169.254")}, 16) = 0
2023-05-18T20:35:37.449087909Z 20:35:37.448668 sendto(8, "\317u\1\0\0\1\0\0\0\0\0\0\rflux-sample-0\fflux-"..., 97, MSG_NOSIGNAL, NULL, 0) = 97
2023-05-18T20:35:37.453808720Z 20:35:37.453469 recvfrom(8, "\317u\201\203\0\1\0\0\0\1\0\0\rflux-sample-0\fflux-"..., 1024, 0, {sa_family=AF_INET, sin_port=htons(53), sin_addr=inet_addr("169.254.169.254")}, [28->16]) = 186
2023-05-18T20:35:37.453965484Z 20:35:37.453806 socket(AF_INET, SOCK_DGRAM|SOCK_CLOEXEC|SOCK_NONBLOCK, IPPROTO_IP) = 8
2023-05-18T20:35:37.454090121Z 20:35:37.453926 connect(8, {sa_family=AF_INET, sin_port=htons(53), sin_addr=inet_addr("169.254.169.254")}, 16) = 0
2023-05-18T20:35:37.454382258Z 20:35:37.454090 sendto(8, "\200\245\1\0\0\1\0\0\0\0\0\0\rflux-sample-0\fflux-"..., 92, MSG_NOSIGNAL, NULL, 0) = 92
2023-05-18T20:35:37.460454711Z 20:35:37.460031 recvfrom(8, "\200\245\201\203\0\1\0\0\0\1\0\0\rflux-sample-0\fflux-"..., 1024, 0, {sa_family=AF_INET, sin_port=htons(53), sin_addr=inet_addr("169.254.169.254")}, [28->16]) = 181
2023-05-18T20:35:37.461473991Z broker.err[2]: Warning: unable to resolve upstream peer flux-sample-0.flux-service.flux-operator.svc.cluster.local: Name or service not known
2023-05-18T20:35:37.468494423Z broker.info[2]: start: none->join 2.1349ms
2023-05-18T20:35:38.262514766Z broker.info[2]: parent-ready: join->init 0.793763s
2023-05-18T20:35:38.263074447Z 20:35:38.262781 socketpair(AF_UNIX, SOCK_STREAM|SOCK_CLOEXEC, 0, [22, 23]) = 0
2023-05-18T20:35:38.263428325Z 20:35:38.263169 socketpair(AF_UNIX, SOCK_STREAM, 0, [24, 25]) = 0
2023-05-18T20:35:38.264017415Z 20:35:38.263608 socketpair(AF_UNIX, SOCK_STREAM, 0, [26, 27]) = 0
2023-05-18T20:35:38.264284790Z 20:35:38.263973 socketpair(AF_UNIX, SOCK_STREAM, 0, [28, 29]) = 0
2023-05-18T20:35:38.300184795Z broker.info[2]: configuration updated
2023-05-18T20:35:38.467203706Z broker.info[2]: rc1.0: running /etc/flux/rc1.d/01-sched-fluxion
2023-05-18T20:35:38.483635788Z broker.info[2]: rc1.0: running /etc/flux/rc1.d/02-cron
2023-05-18T20:35:38.529000002Z broker.info[2]: rc1.0: /etc/flux/rc1 Exited (rc=0) 0.3s
2023-05-18T20:35:38.529911246Z broker.info[2]: rc1-success: init->quorum 0.266894s
2023-05-18T20:35:38.745105187Z broker.info[2]: quorum-full: quorum->run 0.214893s
2023-05-18T20:35:50.091014705Z broker.info[2]: shutdown: run->cleanup 11.3454s
2023-05-18T20:35:50.094441407Z broker.info[2]: cleanup-none: cleanup->shutdown 1.53234ms
2023-05-18T20:35:50.096779518Z broker.info[2]: children-none: shutdown->finalize 1.53367ms
2023-05-18T20:35:50.097689659Z 20:35:50.097109 socketpair(AF_UNIX, SOCK_STREAM|SOCK_CLOEXEC, 0, [22, 23]) = 0
2023-05-18T20:35:50.097925526Z 20:35:50.097673 socketpair(AF_UNIX, SOCK_STREAM, 0, [24, 25]) = 0
2023-05-18T20:35:50.098443261Z 20:35:50.098074 socketpair(AF_UNIX, SOCK_STREAM, 0, [26, 28]) = 0
2023-05-18T20:35:50.098931500Z 20:35:50.098608 socketpair(AF_UNIX, SOCK_STREAM, 0, [58, 59]) = 0
2023-05-18T20:35:50.122609455Z broker.info[2]: rc3.0: running /etc/flux/rc3.d/01-sched-fluxion
2023-05-18T20:35:50.306808136Z broker.info[2]: rc3.0: /etc/flux/rc3 Exited (rc=0) 0.2s
2023-05-18T20:35:50.307726003Z broker.info[2]: rc3-success: finalize->goodbye 0.210402s
2023-05-18T20:35:50.309053735Z broker.info[2]: goodbye: goodbye->exit 1.2556ms
2023-05-18T20:35:50.328163659Z 20:35:50.327805 +++ exited with 0 +++
2023-05-18T20:35:50.330417808Z Return value for follower worker is 0
2023-05-18T20:35:50.330576189Z The follower worker exited cleanly. Goodbye!
