2023-05-18T20:40:58.488105620Z
2023-05-18T20:40:58.488231167Z Flux username: flux
2023-05-18T20:40:58.488240703Z
2023-05-18T20:40:58.488247123Z Flux install root: /usr
2023-05-18T20:40:58.550666983Z flux user is already added.
2023-05-18T20:40:58.554859077Z flux user identifiers:
2023-05-18T20:40:58.554918995Z uid=1234(flux) gid=1234(flux) groups=1234(flux)
2023-05-18T20:40:58.555214472Z
2023-05-18T20:40:58.555236548Z As Flux prefix for flux commands: sudo -u flux -E PYTHONPATH=/opt/conda/lib/python3.10/site-packages -E PATH=/opt/conda/bin:/usr/local/sbin:/usr/local/bin:/usr/sbin:/usr/bin:/sbin:/bin -E LD_LIBRARY_PATH=/opt/conda/lib -E HOME=/home/flux
2023-05-18T20:40:58.567101015Z
2023-05-18T20:40:58.567183333Z ðŸ‘‹ Hello, I'm flux-sample-2
2023-05-18T20:40:58.567342068Z The main host is flux-sample-0
2023-05-18T20:40:58.567356075Z The working directory is /home/flux/examples/reaxff/HNS, contents include:
2023-05-18T20:40:58.570457535Z /home/flux/examples/reaxff/HNS:
2023-05-18T20:40:58.570673176Z README.txt	ffield.reax.hns  log.8Mar18.reaxc.hns.g++.1
2023-05-18T20:40:58.570686262Z data.hns-equil	in.reaxc.hns	 log.8Mar18.reaxc.hns.g++.4
2023-05-18T20:40:58.570804859Z End of file listing, if you see nothing above there are no files.
2023-05-18T20:40:58.573724598Z flux R encode --hosts=flux-sample-[0-3]
2023-05-18T20:40:58.592267938Z
2023-05-18T20:40:58.592312749Z ðŸ“¦ Resources
2023-05-18T20:40:58.594182620Z {"version": 1, "execution": {"R_lite": [{"rank": "0-3", "children": {"core": "0"}}], "starttime": 0.0, "expiration": 0.0, "nodelist": ["flux-sample-[0-3]"]}}
2023-05-18T20:40:58.594671519Z
2023-05-18T20:40:58.594696710Z ðŸ¸ Diagnostics: false
2023-05-18T20:40:58.595058739Z ðŸš©ï¸ Flux Option Flags defined
2023-05-18T20:40:58.606851506Z
2023-05-18T20:40:58.607929921Z ðŸ¦Š Independent Minister of Privilege
2023-05-18T20:40:58.609016919Z [exec]
2023-05-18T20:40:58.609526889Z allowed-users = [ "flux", "root" ]
2023-05-18T20:40:58.609541824Z allowed-shells = [ "/usr/libexec/flux/flux-shell" ]
2023-05-18T20:40:58.609563614Z
2023-05-18T20:40:58.609572185Z ðŸ¸ Broker Configuration
2023-05-18T20:40:58.611728955Z # Flux needs to know the path to the IMP executable
2023-05-18T20:40:58.611749405Z [exec]
2023-05-18T20:40:58.611756063Z imp = "/usr/libexec/flux/flux-imp"
2023-05-18T20:40:58.611761219Z
2023-05-18T20:40:58.611766840Z [access]
2023-05-18T20:40:58.611775110Z allow-guest-user = true
2023-05-18T20:40:58.611781026Z allow-root-owner = true
2023-05-18T20:40:58.611787017Z
2023-05-18T20:40:58.611791630Z # Point to resource definition generated with flux-R(1).
2023-05-18T20:40:58.611796353Z [resource]
2023-05-18T20:40:58.611801826Z path = "/etc/flux/system/R"
2023-05-18T20:40:58.611806552Z
2023-05-18T20:40:58.611811425Z [bootstrap]
2023-05-18T20:40:58.611818079Z curve_cert = "/etc/curve/curve.cert"
2023-05-18T20:40:58.611824868Z default_port = 8050
2023-05-18T20:40:58.611829428Z default_bind = "tcp://eth0:%p"
2023-05-18T20:40:58.611835894Z default_connect = "tcp://%h.flux-service.flux-operator.svc.cluster.local:%p"
2023-05-18T20:40:58.611841072Z hosts = [
2023-05-18T20:40:58.611846851Z 	{ host="flux-sample-[0-3]"},
2023-05-18T20:40:58.611851635Z ]
2023-05-18T20:40:58.611856218Z
2023-05-18T20:40:58.611863095Z [archive]
2023-05-18T20:40:58.611869452Z dbpath = "/var/lib/flux/job-archive.sqlite"
2023-05-18T20:40:58.611874515Z period = "1m"
2023-05-18T20:40:58.717011563Z busytimeout = "50s"
2023-05-18T20:40:58.717054552Z ðŸ§Šï¸ State Directory:
2023-05-18T20:40:58.717061185Z total 0
2023-05-18T20:40:58.717066207Z
2023-05-18T20:40:58.721423236Z
2023-05-18T20:40:58.721461217Z ðŸ”’ï¸ Working directory permissions:
2023-05-18T20:40:58.721467097Z total 96
2023-05-18T20:40:58.721473344Z -rwxrwxrwx 1 flux root  2517 May 17 22:32 README.txt
2023-05-18T20:40:58.721478376Z -rwxrwxrwx 1 flux root 54692 May 17 22:32 data.hns-equil
2023-05-18T20:40:58.721483342Z -rwxrwxrwx 1 flux root 13576 May 17 22:32 ffield.reax.hns
2023-05-18T20:40:58.721488421Z -rwxrwxrwx 1 flux root   870 May 17 22:32 in.reaxc.hns
2023-05-18T20:40:58.721496685Z -rwxrwxrwx 1 flux root  4172 May 17 22:32 log.8Mar18.reaxc.hns.g++.1
2023-05-18T20:40:58.721503323Z -rwxrwxrwx 1 flux root  4168 May 17 22:32 log.8Mar18.reaxc.hns.g++.4
2023-05-18T20:40:58.721508062Z
2023-05-18T20:40:58.721660023Z
2023-05-18T20:40:58.721674551Z âœ¨ Curve certificate generated by helper pod
2023-05-18T20:40:58.723372575Z #   ****  Generated on 2023-04-26 22:54:42 by CZMQ  ****
2023-05-18T20:40:58.723396950Z #   ZeroMQ CURVE **Secret** Certificate
2023-05-18T20:40:58.723403109Z #   DO NOT PROVIDE THIS FILE TO OTHER USERS nor change its permissions.
2023-05-18T20:40:58.723410538Z
2023-05-18T20:40:58.723416491Z metadata
2023-05-18T20:40:58.723422449Z     name = "flux-cert-generator"
2023-05-18T20:40:58.723427766Z     keygen.hostname = "flux-sample-0"
2023-05-18T20:40:58.723432368Z curve
2023-05-18T20:40:58.723437184Z     public-key = "eyJPw)++}jPlKmqk74VDX788(3RcoHdpx.7j3wcc"
2023-05-18T20:40:58.723441953Z     secret-key = "6EHI}tizn+r*OFu!-^@0veK%hFlZEuSWr=WvN}/3"
2023-05-18T20:40:58.726174207Z
2023-05-18T20:40:58.726208431Z ðŸŒ€  flux start --wrap=strace,-e,network,-tt -o --config /etc/flux/config -Scron.directory=/etc/flux/system/cron.d   -Stbon.fanout=256   -Srundir=/run/flux    -Sstatedir=/var/lib/flux   -Slocal-uri=local:///run/flux/local -Stbon.connect_timeout=8s  -Stbon.zmqdebug=1  -Slog-stderr-level=6    -Slog-stderr-mode=local
2023-05-18T20:40:58.779735095Z 20:40:58.779192 socket(AF_NETLINK, SOCK_RAW, NETLINK_ROUTE) = 8
2023-05-18T20:40:58.780162407Z 20:40:58.779767 bind(8, {sa_family=AF_NETLINK, nl_pid=0, nl_groups=00000000}, 12) = 0
2023-05-18T20:40:58.780514663Z 20:40:58.780217 getsockname(8, {sa_family=AF_NETLINK, nl_pid=70, nl_groups=00000000}, [12]) = 0
2023-05-18T20:40:58.781253556Z 20:40:58.780605 sendto(8, {{len=20, type=RTM_GETADDR, flags=NLM_F_REQUEST|NLM_F_DUMP, seq=1684442458, pid=0}, {ifa_family=AF_UNSPEC, ...}}, 20, 0, {sa_family=AF_NETLINK, nl_pid=0, nl_groups=00000000}, 12) = 20
2023-05-18T20:40:58.781962405Z 20:40:58.781360 recvmsg(8, {msg_name={sa_family=AF_NETLINK, nl_pid=0, nl_groups=00000000}, msg_namelen=12, msg_iov=[{iov_base=[{{len=76, type=RTM_NEWADDR, flags=NLM_F_MULTI, seq=1684442458, pid=70}, {ifa_family=AF_INET, ifa_prefixlen=8, ifa_flags=IFA_F_PERMANENT, ifa_scope=RT_SCOPE_HOST, ifa_index=if_nametoindex("lo")}, [{{nla_len=8, nla_type=IFA_ADDRESS}, 127.0.0.1}, {{nla_len=8, nla_type=IFA_LOCAL}, 127.0.0.1}, {{nla_len=7, nla_type=IFA_LABEL}, "lo"}, {{nla_len=8, nla_type=IFA_FLAGS}, IFA_F_PERMANENT}, {{nla_len=20, nla_type=IFA_CACHEINFO}, {ifa_prefered=4294967295, ifa_valid=4294967295, cstamp=2300167, tstamp=2300167}}]}, {{len=88, type=RTM_NEWADDR, flags=NLM_F_MULTI, seq=1684442458, pid=70}, {ifa_family=AF_INET, ifa_prefixlen=24, ifa_flags=IFA_F_PERMANENT, ifa_scope=RT_SCOPE_UNIVERSE, ifa_index=if_nametoindex("eth0")}, [{{nla_len=8, nla_type=IFA_ADDRESS}, 10.24.3.131}, {{nla_len=8, nla_type=IFA_LOCAL}, 10.24.3.131}, {{nla_len=8, nla_type=IFA_BROADCAST}, 10.24.3.255}, {{nla_len=9, nla_type=IFA_LABEL}, "eth0"}, {{nla_len=8, nla_type=IFA_FLAGS}, IFA_F_PERMANENT}, {{nla_len=20, nla_type=IFA_CACHEINFO}, {ifa_prefered=4294967295, ifa_valid=4294967295, cstamp=2300170, tstamp=2300170}}]}], iov_len=4096}], msg_iovlen=1, msg_controllen=0, msg_flags=0}, 0) = 164
2023-05-18T20:40:58.782423723Z 20:40:58.782068 recvmsg(8, {msg_name={sa_family=AF_NETLINK, nl_pid=0, nl_groups=00000000}, msg_namelen=12, msg_iov=[{iov_base={{len=20, type=NLMSG_DONE, flags=NLM_F_MULTI, seq=1684442458, pid=70}, 0}, iov_len=4096}], msg_iovlen=1, msg_controllen=0, msg_flags=0}, 0) = 20
2023-05-18T20:40:58.783022768Z 20:40:58.782800 socket(AF_UNIX, SOCK_STREAM|SOCK_CLOEXEC|SOCK_NONBLOCK, 0) = 8
2023-05-18T20:40:58.783151277Z 20:40:58.782905 connect(8, {sa_family=AF_UNIX, sun_path="/var/run/nscd/socket"}, 110) = -1 ENOENT (No such file or directory)
2023-05-18T20:40:58.783254885Z 20:40:58.783078 socket(AF_UNIX, SOCK_STREAM|SOCK_CLOEXEC|SOCK_NONBLOCK, 0) = 8
2023-05-18T20:40:58.783399269Z 20:40:58.783221 connect(8, {sa_family=AF_UNIX, sun_path="/var/run/nscd/socket"}, 110) = -1 ENOENT (No such file or directory)
2023-05-18T20:40:58.785142552Z 20:40:58.784908 socket(AF_INET, SOCK_DGRAM|SOCK_CLOEXEC|SOCK_NONBLOCK, IPPROTO_IP) = 8
2023-05-18T20:40:58.785253535Z 20:40:58.785044 connect(8, {sa_family=AF_INET, sin_port=htons(53), sin_addr=inet_addr("169.254.169.254")}, 16) = 0
2023-05-18T20:40:58.785857693Z 20:40:58.785289 sendto(8, "KU\1\0\0\1\0\0\0\0\0\0\rflux-sample-0\fflux-"..., 76, MSG_NOSIGNAL, NULL, 0) = 76
2023-05-18T20:40:58.789621886Z 20:40:58.789248 recvfrom(8, "KU\201\203\0\1\0\0\0\1\0\0\rflux-sample-0\fflux-"..., 1024, 0, {sa_family=AF_INET, sin_port=htons(53), sin_addr=inet_addr("169.254.169.254")}, [28->16]) = 172
2023-05-18T20:40:58.789859611Z 20:40:58.789624 socket(AF_INET, SOCK_DGRAM|SOCK_CLOEXEC|SOCK_NONBLOCK, IPPROTO_IP) = 8
2023-05-18T20:40:58.790107227Z 20:40:58.789835 connect(8, {sa_family=AF_INET, sin_port=htons(53), sin_addr=inet_addr("169.254.169.254")}, 16) = 0
2023-05-18T20:40:58.790448654Z 20:40:58.790055 sendto(8, "\202g\1\0\0\1\0\0\0\0\0\0\rflux-sample-0\fflux-"..., 108, MSG_NOSIGNAL, NULL, 0) = 108
2023-05-18T20:40:58.794256290Z 20:40:58.793796 recvfrom(8, "\202g\201\203\0\1\0\0\0\1\0\0\rflux-sample-0\fflux-"..., 1024, 0, {sa_family=AF_INET, sin_port=htons(53), sin_addr=inet_addr("169.254.169.254")}, [28->16]) = 204
2023-05-18T20:40:58.794301744Z 20:40:58.794069 socket(AF_INET, SOCK_DGRAM|SOCK_CLOEXEC|SOCK_NONBLOCK, IPPROTO_IP) = 8
2023-05-18T20:40:58.794413544Z 20:40:58.794179 connect(8, {sa_family=AF_INET, sin_port=htons(53), sin_addr=inet_addr("169.254.169.254")}, 16) = 0
2023-05-18T20:40:58.794634267Z 20:40:58.794358 sendto(8, "\2339\1\0\0\1\0\0\0\0\0\0\rflux-sample-0\fflux-"..., 94, MSG_NOSIGNAL, NULL, 0) = 94
2023-05-18T20:40:58.798112400Z 20:40:58.797727 recvfrom(8, "\2339\201\203\0\1\0\0\0\1\0\0\rflux-sample-0\fflux-"..., 1024, 0, {sa_family=AF_INET, sin_port=htons(53), sin_addr=inet_addr("169.254.169.254")}, [28->16]) = 190
2023-05-18T20:40:58.798294848Z 20:40:58.797978 socket(AF_INET, SOCK_DGRAM|SOCK_CLOEXEC|SOCK_NONBLOCK, IPPROTO_IP) = 8
2023-05-18T20:40:58.798309296Z 20:40:58.798112 connect(8, {sa_family=AF_INET, sin_port=htons(53), sin_addr=inet_addr("169.254.169.254")}, 16) = 0
2023-05-18T20:40:58.798641547Z 20:40:58.798303 sendto(8, "\215<\1\0\0\1\0\0\0\0\0\0\rflux-sample-0\fflux-"..., 90, MSG_NOSIGNAL, NULL, 0) = 90
2023-05-18T20:40:58.802645617Z 20:40:58.802055 recvfrom(8, "\215<\201\203\0\1\0\0\0\1\0\0\rflux-sample-0\fflux-"..., 1024, 0, {sa_family=AF_INET, sin_port=htons(53), sin_addr=inet_addr("169.254.169.254")}, [28->16]) = 186
2023-05-18T20:40:58.802789003Z 20:40:58.802479 socket(AF_INET, SOCK_DGRAM|SOCK_CLOEXEC|SOCK_NONBLOCK, IPPROTO_IP) = 8
2023-05-18T20:40:58.802802017Z 20:40:58.802608 connect(8, {sa_family=AF_INET, sin_port=htons(53), sin_addr=inet_addr("169.254.169.254")}, 16) = 0
2023-05-18T20:40:58.803184111Z 20:40:58.802781 sendto(8, "6\323\1\0\0\1\0\0\0\0\0\0\rflux-sample-0\fflux-"..., 111, MSG_NOSIGNAL, NULL, 0) = 111
2023-05-18T20:40:58.812540746Z 20:40:58.812107 recvfrom(8, "6\323\201\203\0\1\0\0\0\1\0\0\rflux-sample-0\fflux-"..., 1024, 0, {sa_family=AF_INET, sin_port=htons(53), sin_addr=inet_addr("169.254.169.254")}, [28->16]) = 205
2023-05-18T20:40:58.812885778Z 20:40:58.812568 socket(AF_INET, SOCK_DGRAM|SOCK_CLOEXEC|SOCK_NONBLOCK, IPPROTO_IP) = 8
2023-05-18T20:40:58.813185847Z 20:40:58.812896 connect(8, {sa_family=AF_INET, sin_port=htons(53), sin_addr=inet_addr("169.254.169.254")}, 16) = 0
2023-05-18T20:40:58.813628606Z 20:40:58.813222 sendto(8, "#-\1\0\0\1\0\0\0\0\0\0\rflux-sample-0\fflux-"..., 97, MSG_NOSIGNAL, NULL, 0) = 97
2023-05-18T20:40:58.820718465Z 20:40:58.820242 recvfrom(8, "#-\201\203\0\1\0\0\0\1\0\0\rflux-sample-0\fflux-"..., 1024, 0, {sa_family=AF_INET, sin_port=htons(53), sin_addr=inet_addr("169.254.169.254")}, [28->16]) = 186
2023-05-18T20:40:58.820942166Z 20:40:58.820755 socket(AF_INET, SOCK_DGRAM|SOCK_CLOEXEC|SOCK_NONBLOCK, IPPROTO_IP) = 8
2023-05-18T20:40:58.821087228Z 20:40:58.820920 connect(8, {sa_family=AF_INET, sin_port=htons(53), sin_addr=inet_addr("169.254.169.254")}, 16) = 0
2023-05-18T20:40:58.821468437Z 20:40:58.821104 sendto(8, "Cs\1\0\0\1\0\0\0\0\0\0\rflux-sample-0\fflux-"..., 92, MSG_NOSIGNAL, NULL, 0) = 92
2023-05-18T20:40:58.826635355Z 20:40:58.826198 recvfrom(8, "Cs\201\203\0\1\0\0\0\1\0\0\rflux-sample-0\fflux-"..., 1024, 0, {sa_family=AF_INET, sin_port=htons(53), sin_addr=inet_addr("169.254.169.254")}, [28->16]) = 181
2023-05-18T20:40:58.826988974Z broker.err[2]: Warning: unable to resolve upstream peer flux-sample-0.flux-service.flux-operator.svc.cluster.local: Name or service not known
2023-05-18T20:40:58.835082941Z broker.info[2]: start: none->join 2.72855ms
2023-05-18T20:40:59.268379153Z broker.info[2]: parent-ready: join->init 0.431041s
2023-05-18T20:40:59.268442497Z 20:40:59.266789 socketpair(AF_UNIX, SOCK_STREAM|SOCK_CLOEXEC, 0, [22, 23]) = 0
2023-05-18T20:40:59.268458814Z 20:40:59.266956 socketpair(AF_UNIX, SOCK_STREAM, 0, [24, 25]) = 0
2023-05-18T20:40:59.268491079Z 20:40:59.267195 socketpair(AF_UNIX, SOCK_STREAM, 0, [26, 27]) = 0
2023-05-18T20:40:59.268514388Z 20:40:59.267382 socketpair(AF_UNIX, SOCK_STREAM, 0, [28, 29]) = 0
2023-05-18T20:40:59.303372342Z broker.info[2]: configuration updated
2023-05-18T20:40:59.471268994Z broker.info[2]: rc1.0: running /etc/flux/rc1.d/01-sched-fluxion
2023-05-18T20:40:59.490979748Z broker.info[2]: rc1.0: running /etc/flux/rc1.d/02-cron
2023-05-18T20:40:59.536115504Z broker.info[2]: rc1.0: /etc/flux/rc1 Exited (rc=0) 0.3s
2023-05-18T20:40:59.537473678Z broker.info[2]: rc1-success: init->quorum 0.27048s
2023-05-18T20:40:59.687986882Z broker.info[2]: quorum-full: quorum->run 0.149971s
2023-05-18T20:41:10.953855865Z broker.info[2]: shutdown: run->cleanup 11.2646s
2023-05-18T20:41:10.955049672Z broker.info[2]: cleanup-none: cleanup->shutdown 1.15041ms
2023-05-18T20:41:10.959043760Z broker.info[2]: children-none: shutdown->finalize 0.782695ms
2023-05-18T20:41:10.959109479Z 20:41:10.955523 socketpair(AF_UNIX, SOCK_STREAM|SOCK_CLOEXEC, 0, [22, 23]) = 0
2023-05-18T20:41:10.959117465Z 20:41:10.955779 socketpair(AF_UNIX, SOCK_STREAM, 0, [24, 25]) = 0
2023-05-18T20:41:10.959140844Z 20:41:10.955989 socketpair(AF_UNIX, SOCK_STREAM, 0, [26, 28]) = 0
2023-05-18T20:41:10.959149060Z 20:41:10.956189 socketpair(AF_UNIX, SOCK_STREAM, 0, [58, 59]) = 0
2023-05-18T20:41:10.985001237Z broker.info[2]: rc3.0: running /etc/flux/rc3.d/01-sched-fluxion
2023-05-18T20:41:11.154532896Z broker.info[2]: rc3.0: /etc/flux/rc3 Exited (rc=0) 0.2s
2023-05-18T20:41:11.156336272Z broker.info[2]: rc3-success: finalize->goodbye 0.200411s
2023-05-18T20:41:11.159508348Z broker.info[2]: goodbye: goodbye->exit 1.65508ms
2023-05-18T20:41:11.171228065Z 20:41:11.170804 +++ exited with 0 +++
2023-05-18T20:41:11.173487248Z Return value for follower worker is 0
2023-05-18T20:41:11.173570379Z The follower worker exited cleanly. Goodbye!
