2023-05-18T20:31:02.626928028Z
2023-05-18T20:31:02.627044524Z Flux username: flux
2023-05-18T20:31:02.627052466Z
2023-05-18T20:31:02.627057831Z Flux install root: /usr
2023-05-18T20:31:02.686735703Z flux user is already added.
2023-05-18T20:31:02.691679093Z flux user identifiers:
2023-05-18T20:31:02.691729625Z uid=1234(flux) gid=1234(flux) groups=1234(flux)
2023-05-18T20:31:02.691735971Z
2023-05-18T20:31:02.691743256Z As Flux prefix for flux commands: sudo -u flux -E PYTHONPATH=/opt/conda/lib/python3.10/site-packages -E PATH=/opt/conda/bin:/usr/local/sbin:/usr/local/bin:/usr/sbin:/usr/bin:/sbin:/bin -E LD_LIBRARY_PATH=/opt/conda/lib -E HOME=/home/flux
2023-05-18T20:31:02.704644679Z
2023-05-18T20:31:02.704705345Z 👋 Hello, I'm flux-sample-2
2023-05-18T20:31:02.704711946Z The main host is flux-sample-0
2023-05-18T20:31:02.704716998Z The working directory is /home/flux/examples/reaxff/HNS, contents include:
2023-05-18T20:31:02.707337506Z /home/flux/examples/reaxff/HNS:
2023-05-18T20:31:02.707399937Z README.txt	ffield.reax.hns  log.8Mar18.reaxc.hns.g++.1
2023-05-18T20:31:02.707407510Z data.hns-equil	in.reaxc.hns	 log.8Mar18.reaxc.hns.g++.4
2023-05-18T20:31:02.707637597Z End of file listing, if you see nothing above there are no files.
2023-05-18T20:31:02.709955662Z flux R encode --hosts=flux-sample-[0-3]
2023-05-18T20:31:02.728243263Z
2023-05-18T20:31:02.728318362Z 📦 Resources
2023-05-18T20:31:02.730532216Z {"version": 1, "execution": {"R_lite": [{"rank": "0-3", "children": {"core": "0"}}], "starttime": 0.0, "expiration": 0.0, "nodelist": ["flux-sample-[0-3]"]}}
2023-05-18T20:31:02.730688113Z
2023-05-18T20:31:02.730701487Z 🐸 Diagnostics: false
2023-05-18T20:31:02.730868027Z 🚩️ Flux Option Flags defined
2023-05-18T20:31:02.736491152Z
2023-05-18T20:31:02.736544942Z 🦊 Independent Minister of Privilege
2023-05-18T20:31:02.738323211Z [exec]
2023-05-18T20:31:02.738355087Z allowed-users = [ "flux", "root" ]
2023-05-18T20:31:02.738362860Z allowed-shells = [ "/usr/libexec/flux/flux-shell" ]
2023-05-18T20:31:02.738549546Z
2023-05-18T20:31:02.738565348Z 🐸 Broker Configuration
2023-05-18T20:31:02.740043605Z # Flux needs to know the path to the IMP executable
2023-05-18T20:31:02.740084784Z [exec]
2023-05-18T20:31:02.740091898Z imp = "/usr/libexec/flux/flux-imp"
2023-05-18T20:31:02.740096578Z
2023-05-18T20:31:02.740100975Z [access]
2023-05-18T20:31:02.740106219Z allow-guest-user = true
2023-05-18T20:31:02.740111404Z allow-root-owner = true
2023-05-18T20:31:02.740118135Z
2023-05-18T20:31:02.740164077Z # Point to resource definition generated with flux-R(1).
2023-05-18T20:31:02.740169588Z [resource]
2023-05-18T20:31:02.740176291Z path = "/etc/flux/system/R"
2023-05-18T20:31:02.740181422Z
2023-05-18T20:31:02.740186466Z [bootstrap]
2023-05-18T20:31:02.740191418Z curve_cert = "/etc/curve/curve.cert"
2023-05-18T20:31:02.740198220Z default_port = 8050
2023-05-18T20:31:02.740204325Z default_bind = "tcp://eth0:%p"
2023-05-18T20:31:02.740211100Z default_connect = "tcp://%h.flux-service.flux-operator.svc.cluster.local:%p"
2023-05-18T20:31:02.740216289Z hosts = [
2023-05-18T20:31:02.740221683Z 	{ host="flux-sample-[0-3]"},
2023-05-18T20:31:02.740226330Z ]
2023-05-18T20:31:02.740231325Z
2023-05-18T20:31:02.740236320Z [archive]
2023-05-18T20:31:02.740242797Z dbpath = "/var/lib/flux/job-archive.sqlite"
2023-05-18T20:31:02.740249429Z period = "1m"
2023-05-18T20:31:02.841227399Z busytimeout = "50s"
2023-05-18T20:31:02.841278874Z 🧊️ State Directory:
2023-05-18T20:31:02.841285898Z total 0
2023-05-18T20:31:02.841290950Z
2023-05-18T20:31:02.844694023Z
2023-05-18T20:31:02.844761642Z 🔒️ Working directory permissions:
2023-05-18T20:31:02.844770779Z total 96
2023-05-18T20:31:02.844782792Z -rwxrwxrwx 1 flux root  2517 May 17 22:32 README.txt
2023-05-18T20:31:02.844788111Z -rwxrwxrwx 1 flux root 54692 May 17 22:32 data.hns-equil
2023-05-18T20:31:02.844793017Z -rwxrwxrwx 1 flux root 13576 May 17 22:32 ffield.reax.hns
2023-05-18T20:31:02.844798076Z -rwxrwxrwx 1 flux root   870 May 17 22:32 in.reaxc.hns
2023-05-18T20:31:02.844804072Z -rwxrwxrwx 1 flux root  4172 May 17 22:32 log.8Mar18.reaxc.hns.g++.1
2023-05-18T20:31:02.844809195Z -rwxrwxrwx 1 flux root  4168 May 17 22:32 log.8Mar18.reaxc.hns.g++.4
2023-05-18T20:31:02.844833867Z
2023-05-18T20:31:02.844840883Z
2023-05-18T20:31:02.844846120Z ✨ Curve certificate generated by helper pod
2023-05-18T20:31:02.846310956Z #   ****  Generated on 2023-04-26 22:54:42 by CZMQ  ****
2023-05-18T20:31:02.846337851Z #   ZeroMQ CURVE **Secret** Certificate
2023-05-18T20:31:02.846344514Z #   DO NOT PROVIDE THIS FILE TO OTHER USERS nor change its permissions.
2023-05-18T20:31:02.846350722Z
2023-05-18T20:31:02.846355752Z metadata
2023-05-18T20:31:02.846361985Z     name = "flux-cert-generator"
2023-05-18T20:31:02.846366957Z     keygen.hostname = "flux-sample-0"
2023-05-18T20:31:02.846392171Z curve
2023-05-18T20:31:02.846398078Z     public-key = "xO6j16{%7-t#r}e84:]s4<#OGM<G8#aN.*G.v:0X"
2023-05-18T20:31:02.846403046Z     secret-key = "ADx>d9nb/L>RILkJ/uQ[Vck5:QS>$2G!eJ8.]J8<"
2023-05-18T20:31:02.848652868Z
2023-05-18T20:31:02.848697232Z 🌀  flux start --wrap=strace,-e,network,-tt -o --config /etc/flux/config -Scron.directory=/etc/flux/system/cron.d   -Stbon.fanout=256   -Srundir=/run/flux    -Sstatedir=/var/lib/flux   -Slocal-uri=local:///run/flux/local -Stbon.connect_timeout=7s  -Stbon.zmqdebug=1  -Slog-stderr-level=6    -Slog-stderr-mode=local
2023-05-18T20:31:02.902079100Z 20:31:02.901454 socket(AF_NETLINK, SOCK_RAW, NETLINK_ROUTE) = 8
2023-05-18T20:31:02.902299449Z 20:31:02.901787 bind(8, {sa_family=AF_NETLINK, nl_pid=0, nl_groups=00000000}, 12) = 0
2023-05-18T20:31:02.902320639Z 20:31:02.902044 getsockname(8, {sa_family=AF_NETLINK, nl_pid=70, nl_groups=00000000}, [12]) = 0
2023-05-18T20:31:02.902903294Z 20:31:02.902284 sendto(8, {{len=20, type=RTM_GETADDR, flags=NLM_F_REQUEST|NLM_F_DUMP, seq=1684441862, pid=0}, {ifa_family=AF_UNSPEC, ...}}, 20, 0, {sa_family=AF_NETLINK, nl_pid=0, nl_groups=00000000}, 12) = 20
2023-05-18T20:31:02.903351851Z 20:31:02.902689 recvmsg(8, {msg_name={sa_family=AF_NETLINK, nl_pid=0, nl_groups=00000000}, msg_namelen=12, msg_iov=[{iov_base=[{{len=76, type=RTM_NEWADDR, flags=NLM_F_MULTI, seq=1684441862, pid=70}, {ifa_family=AF_INET, ifa_prefixlen=8, ifa_flags=IFA_F_PERMANENT, ifa_scope=RT_SCOPE_HOST, ifa_index=if_nametoindex("lo")}, [{{nla_len=8, nla_type=IFA_ADDRESS}, 127.0.0.1}, {{nla_len=8, nla_type=IFA_LOCAL}, 127.0.0.1}, {{nla_len=7, nla_type=IFA_LABEL}, "lo"}, {{nla_len=8, nla_type=IFA_FLAGS}, IFA_F_PERMANENT}, {{nla_len=20, nla_type=IFA_CACHEINFO}, {ifa_prefered=4294967295, ifa_valid=4294967295, cstamp=2240580, tstamp=2240580}}]}, {{len=88, type=RTM_NEWADDR, flags=NLM_F_MULTI, seq=1684441862, pid=70}, {ifa_family=AF_INET, ifa_prefixlen=24, ifa_flags=IFA_F_PERMANENT, ifa_scope=RT_SCOPE_UNIVERSE, ifa_index=if_nametoindex("eth0")}, [{{nla_len=8, nla_type=IFA_ADDRESS}, 10.24.3.101}, {{nla_len=8, nla_type=IFA_LOCAL}, 10.24.3.101}, {{nla_len=8, nla_type=IFA_BROADCAST}, 10.24.3.255}, {{nla_len=9, nla_type=IFA_LABEL}, "eth0"}, {{nla_len=8, nla_type=IFA_FLAGS}, IFA_F_PERMANENT}, {{nla_len=20, nla_type=IFA_CACHEINFO}, {ifa_prefered=4294967295, ifa_valid=4294967295, cstamp=2240584, tstamp=2240584}}]}], iov_len=4096}], msg_iovlen=1, msg_controllen=0, msg_flags=0}, 0) = 164
2023-05-18T20:31:02.903517160Z 20:31:02.903195 recvmsg(8, {msg_name={sa_family=AF_NETLINK, nl_pid=0, nl_groups=00000000}, msg_namelen=12, msg_iov=[{iov_base={{len=20, type=NLMSG_DONE, flags=NLM_F_MULTI, seq=1684441862, pid=70}, 0}, iov_len=4096}], msg_iovlen=1, msg_controllen=0, msg_flags=0}, 0) = 20
2023-05-18T20:31:02.904474536Z 20:31:02.904214 socket(AF_UNIX, SOCK_STREAM|SOCK_CLOEXEC|SOCK_NONBLOCK, 0) = 8
2023-05-18T20:31:02.904641882Z 20:31:02.904304 connect(8, {sa_family=AF_UNIX, sun_path="/var/run/nscd/socket"}, 110) = -1 ENOENT (No such file or directory)
2023-05-18T20:31:02.904656829Z 20:31:02.904492 socket(AF_UNIX, SOCK_STREAM|SOCK_CLOEXEC|SOCK_NONBLOCK, 0) = 8
2023-05-18T20:31:02.904779447Z 20:31:02.904582 connect(8, {sa_family=AF_UNIX, sun_path="/var/run/nscd/socket"}, 110) = -1 ENOENT (No such file or directory)
2023-05-18T20:31:02.907269952Z 20:31:02.906886 socket(AF_INET, SOCK_DGRAM|SOCK_CLOEXEC|SOCK_NONBLOCK, IPPROTO_IP) = 8
2023-05-18T20:31:02.907307975Z 20:31:02.907037 connect(8, {sa_family=AF_INET, sin_port=htons(53), sin_addr=inet_addr("169.254.169.254")}, 16) = 0
2023-05-18T20:31:02.907669995Z 20:31:02.907258 sendto(8, "\27\351\1\0\0\1\0\0\0\0\0\0\rflux-sample-0\fflux-"..., 76, MSG_NOSIGNAL, NULL, 0) = 76
2023-05-18T20:31:02.911259088Z 20:31:02.910908 recvfrom(8, "\27\351\201\200\0\1\0\1\0\0\0\0\rflux-sample-0\fflux-"..., 1024, 0, {sa_family=AF_INET, sin_port=htons(53), sin_addr=inet_addr("169.254.169.254")}, [28->16]) = 92
2023-05-18T20:31:02.919581088Z broker.info[2]: start: none->join 2.28117ms
2023-05-18T20:31:03.288393633Z broker.info[2]: parent-ready: join->init 0.368477s
2023-05-18T20:31:03.289061810Z 20:31:03.288605 socketpair(AF_UNIX, SOCK_STREAM|SOCK_CLOEXEC, 0, [22, 23]) = 0
2023-05-18T20:31:03.289092488Z 20:31:03.288846 socketpair(AF_UNIX, SOCK_STREAM, 0, [24, 25]) = 0
2023-05-18T20:31:03.289520202Z 20:31:03.289256 socketpair(AF_UNIX, SOCK_STREAM, 0, [26, 27]) = 0
2023-05-18T20:31:03.290003060Z 20:31:03.289620 socketpair(AF_UNIX, SOCK_STREAM, 0, [28, 29]) = 0
2023-05-18T20:31:03.321514786Z broker.info[2]: configuration updated
2023-05-18T20:31:03.488927120Z broker.info[2]: rc1.0: running /etc/flux/rc1.d/01-sched-fluxion
2023-05-18T20:31:03.507454657Z broker.info[2]: rc1.0: running /etc/flux/rc1.d/02-cron
2023-05-18T20:31:03.546102171Z broker.info[2]: rc1.0: /etc/flux/rc1 Exited (rc=0) 0.3s
2023-05-18T20:31:03.547538531Z broker.info[2]: rc1-success: init->quorum 0.258695s
2023-05-18T20:31:04.853406853Z broker.info[2]: quorum-full: quorum->run 1.30501s
2023-05-18T20:31:16.175110807Z broker.info[2]: shutdown: run->cleanup 11.3213s
2023-05-18T20:31:16.176413502Z broker.info[2]: cleanup-none: cleanup->shutdown 0.824822ms
2023-05-18T20:31:16.177402478Z broker.info[2]: children-none: shutdown->finalize 0.957649ms
2023-05-18T20:31:16.178028658Z 20:31:16.177331 socketpair(AF_UNIX, SOCK_STREAM|SOCK_CLOEXEC, 0, [22, 23]) = 0
2023-05-18T20:31:16.178255140Z 20:31:16.177580 socketpair(AF_UNIX, SOCK_STREAM, 0, [24, 25]) = 0
2023-05-18T20:31:16.178589477Z 20:31:16.177814 socketpair(AF_UNIX, SOCK_STREAM, 0, [26, 28]) = 0
2023-05-18T20:31:16.178616182Z 20:31:16.178009 socketpair(AF_UNIX, SOCK_STREAM, 0, [58, 59]) = 0
2023-05-18T20:31:16.202856057Z broker.info[2]: rc3.0: running /etc/flux/rc3.d/01-sched-fluxion
2023-05-18T20:31:16.373602322Z broker.info[2]: rc3.0: /etc/flux/rc3 Exited (rc=0) 0.2s
2023-05-18T20:31:16.374003089Z broker.info[2]: rc3-success: finalize->goodbye 0.196489s
2023-05-18T20:31:16.374906060Z broker.info[2]: goodbye: goodbye->exit 0.771385ms
2023-05-18T20:31:16.382589816Z 20:31:16.382179 +++ exited with 0 +++
2023-05-18T20:31:16.384436531Z Return value for follower worker is 0
2023-05-18T20:31:16.384633179Z The follower worker exited cleanly. Goodbye!
