2023-05-18T20:15:03.476084931Z
2023-05-18T20:15:03.476144144Z Flux username: flux
2023-05-18T20:15:03.476151481Z
2023-05-18T20:15:03.476156556Z Flux install root: /usr
2023-05-18T20:15:03.523136210Z flux user is already added.
2023-05-18T20:15:03.526643771Z flux user identifiers:
2023-05-18T20:15:03.526676380Z uid=1234(flux) gid=1234(flux) groups=1234(flux)
2023-05-18T20:15:03.526682843Z
2023-05-18T20:15:03.526691003Z As Flux prefix for flux commands: sudo -u flux -E PYTHONPATH=/opt/conda/lib/python3.10/site-packages -E PATH=/opt/conda/bin:/usr/local/sbin:/usr/local/bin:/usr/sbin:/usr/bin:/sbin:/bin -E LD_LIBRARY_PATH=/opt/conda/lib -E HOME=/home/flux
2023-05-18T20:15:03.533970560Z
2023-05-18T20:15:03.534022995Z ðŸ‘‹ Hello, I'm flux-sample-3
2023-05-18T20:15:03.535974948Z The main host is flux-sample-0
2023-05-18T20:15:03.535996100Z The working directory is /home/flux/examples/reaxff/HNS, contents include:
2023-05-18T20:15:03.538017952Z /home/flux/examples/reaxff/HNS:
2023-05-18T20:15:03.538175607Z README.txt	ffield.reax.hns  log.8Mar18.reaxc.hns.g++.1
2023-05-18T20:15:03.538189240Z data.hns-equil	in.reaxc.hns	 log.8Mar18.reaxc.hns.g++.4
2023-05-18T20:15:03.538338257Z End of file listing, if you see nothing above there are no files.
2023-05-18T20:15:03.540310615Z flux R encode --hosts=flux-sample-[0-3]
2023-05-18T20:15:03.554709325Z
2023-05-18T20:15:03.554751903Z ðŸ“¦ Resources
2023-05-18T20:15:03.556216676Z {"version": 1, "execution": {"R_lite": [{"rank": "0-3", "children": {"core": "0"}}], "starttime": 0.0, "expiration": 0.0, "nodelist": ["flux-sample-[0-3]"]}}
2023-05-18T20:15:03.556487126Z
2023-05-18T20:15:03.556505113Z ðŸ¸ Diagnostics: false
2023-05-18T20:15:03.556732257Z ðŸš©ï¸ Flux Option Flags defined
2023-05-18T20:15:03.562746394Z
2023-05-18T20:15:03.562779610Z ðŸ¦Š Independent Minister of Privilege
2023-05-18T20:15:03.564396937Z [exec]
2023-05-18T20:15:03.564414836Z allowed-users = [ "flux", "root" ]
2023-05-18T20:15:03.564423425Z allowed-shells = [ "/usr/libexec/flux/flux-shell" ]
2023-05-18T20:15:03.564661503Z
2023-05-18T20:15:03.564676418Z ðŸ¸ Broker Configuration
2023-05-18T20:15:03.566263783Z # Flux needs to know the path to the IMP executable
2023-05-18T20:15:03.566279914Z [exec]
2023-05-18T20:15:03.566285815Z imp = "/usr/libexec/flux/flux-imp"
2023-05-18T20:15:03.566290440Z
2023-05-18T20:15:03.566295271Z [access]
2023-05-18T20:15:03.566300751Z allow-guest-user = true
2023-05-18T20:15:03.566305737Z allow-root-owner = true
2023-05-18T20:15:03.566310055Z
2023-05-18T20:15:03.566316814Z # Point to resource definition generated with flux-R(1).
2023-05-18T20:15:03.566322767Z [resource]
2023-05-18T20:15:03.566328303Z path = "/etc/flux/system/R"
2023-05-18T20:15:03.566332756Z
2023-05-18T20:15:03.566337583Z [bootstrap]
2023-05-18T20:15:03.566342501Z curve_cert = "/etc/curve/curve.cert"
2023-05-18T20:15:03.566347443Z default_port = 8050
2023-05-18T20:15:03.566352113Z default_bind = "tcp://eth0:%p"
2023-05-18T20:15:03.566360167Z default_connect = "tcp://%h.flux-service.flux-operator.svc.cluster.local:%p"
2023-05-18T20:15:03.566366601Z hosts = [
2023-05-18T20:15:03.566372112Z 	{ host="flux-sample-[0-3]"},
2023-05-18T20:15:03.566377362Z ]
2023-05-18T20:15:03.566381684Z
2023-05-18T20:15:03.566386421Z [archive]
2023-05-18T20:15:03.566391404Z dbpath = "/var/lib/flux/job-archive.sqlite"
2023-05-18T20:15:03.566396317Z period = "1m"
2023-05-18T20:15:03.649104511Z busytimeout = "50s"
2023-05-18T20:15:03.649133525Z ðŸ§Šï¸ State Directory:
2023-05-18T20:15:03.649140568Z total 0
2023-05-18T20:15:03.649145598Z
2023-05-18T20:15:03.652144297Z
2023-05-18T20:15:03.652173963Z ðŸ”’ï¸ Working directory permissions:
2023-05-18T20:15:03.652179842Z total 96
2023-05-18T20:15:03.652185822Z -rwxrwxrwx 1 flux root  2517 May 17 22:32 README.txt
2023-05-18T20:15:03.652190626Z -rwxrwxrwx 1 flux root 54692 May 17 22:32 data.hns-equil
2023-05-18T20:15:03.652195325Z -rwxrwxrwx 1 flux root 13576 May 17 22:32 ffield.reax.hns
2023-05-18T20:15:03.652200065Z -rwxrwxrwx 1 flux root   870 May 17 22:32 in.reaxc.hns
2023-05-18T20:15:03.652362809Z -rwxrwxrwx 1 flux root  4172 May 17 22:32 log.8Mar18.reaxc.hns.g++.1
2023-05-18T20:15:03.652374891Z -rwxrwxrwx 1 flux root  4168 May 17 22:32 log.8Mar18.reaxc.hns.g++.4
2023-05-18T20:15:03.652380682Z
2023-05-18T20:15:03.652385097Z
2023-05-18T20:15:03.652390657Z âœ¨ Curve certificate generated by helper pod
2023-05-18T20:15:03.653982443Z #   ****  Generated on 2023-04-26 22:54:42 by CZMQ  ****
2023-05-18T20:15:03.653999443Z #   ZeroMQ CURVE **Secret** Certificate
2023-05-18T20:15:03.654007427Z #   DO NOT PROVIDE THIS FILE TO OTHER USERS nor change its permissions.
2023-05-18T20:15:03.654023924Z
2023-05-18T20:15:03.654029532Z metadata
2023-05-18T20:15:03.654035424Z     name = "flux-cert-generator"
2023-05-18T20:15:03.654040437Z     keygen.hostname = "flux-sample-0"
2023-05-18T20:15:03.654045472Z curve
2023-05-18T20:15:03.654050234Z     public-key = "02Fn{uE{SG=OI7E>T9p2dW2G6/#%!&e1$wqj>PfH"
2023-05-18T20:15:03.654057623Z     secret-key = "mTyE<E/8pwa!j9.(er$NICFBP0ukoVR1BN*y^(W:"
2023-05-18T20:15:03.656484490Z
2023-05-18T20:15:03.656507984Z ðŸŒ€  flux start --wrap=strace,-e,network,-tt -o --config /etc/flux/config -Scron.directory=/etc/flux/system/cron.d   -Stbon.fanout=256   -Srundir=/run/flux    -Sstatedir=/var/lib/flux   -Slocal-uri=local:///run/flux/local -Stbon.connect_timeout=5s  -Stbon.zmqdebug=1  -Slog-stderr-level=6    -Slog-stderr-mode=local
2023-05-18T20:15:03.698749051Z 20:15:03.698430 socket(AF_NETLINK, SOCK_RAW, NETLINK_ROUTE) = 8
2023-05-18T20:15:03.698914942Z 20:15:03.698667 bind(8, {sa_family=AF_NETLINK, nl_pid=0, nl_groups=00000000}, 12) = 0
2023-05-18T20:15:03.698938542Z 20:15:03.698778 getsockname(8, {sa_family=AF_NETLINK, nl_pid=70, nl_groups=00000000}, [12]) = 0
2023-05-18T20:15:03.699279731Z 20:15:03.698881 sendto(8, {{len=20, type=RTM_GETADDR, flags=NLM_F_REQUEST|NLM_F_DUMP, seq=1684440903, pid=0}, {ifa_family=AF_UNSPEC, ...}}, 20, 0, {sa_family=AF_NETLINK, nl_pid=0, nl_groups=00000000}, 12) = 20
2023-05-18T20:15:03.699707233Z 20:15:03.699184 recvmsg(8, {msg_name={sa_family=AF_NETLINK, nl_pid=0, nl_groups=00000000}, msg_namelen=12, msg_iov=[{iov_base=[{{len=76, type=RTM_NEWADDR, flags=NLM_F_MULTI, seq=1684440903, pid=70}, {ifa_family=AF_INET, ifa_prefixlen=8, ifa_flags=IFA_F_PERMANENT, ifa_scope=RT_SCOPE_HOST, ifa_index=if_nametoindex("lo")}, [{{nla_len=8, nla_type=IFA_ADDRESS}, 127.0.0.1}, {{nla_len=8, nla_type=IFA_LOCAL}, 127.0.0.1}, {{nla_len=7, nla_type=IFA_LABEL}, "lo"}, {{nla_len=8, nla_type=IFA_FLAGS}, IFA_F_PERMANENT}, {{nla_len=20, nla_type=IFA_CACHEINFO}, {ifa_prefered=4294967295, ifa_valid=4294967295, cstamp=2144919, tstamp=2144919}}]}, {{len=88, type=RTM_NEWADDR, flags=NLM_F_MULTI, seq=1684440903, pid=70}, {ifa_family=AF_INET, ifa_prefixlen=24, ifa_flags=IFA_F_PERMANENT, ifa_scope=RT_SCOPE_UNIVERSE, ifa_index=if_nametoindex("eth0")}, [{{nla_len=8, nla_type=IFA_ADDRESS}, 10.24.1.106}, {{nla_len=8, nla_type=IFA_LOCAL}, 10.24.1.106}, {{nla_len=8, nla_type=IFA_BROADCAST}, 10.24.1.255}, {{nla_len=9, nla_type=IFA_LABEL}, "eth0"}, {{nla_len=8, nla_type=IFA_FLAGS}, IFA_F_PERMANENT}, {{nla_len=20, nla_type=IFA_CACHEINFO}, {ifa_prefered=4294967295, ifa_valid=4294967295, cstamp=2144921, tstamp=2144921}}]}], iov_len=4096}], msg_iovlen=1, msg_controllen=0, msg_flags=0}, 0) = 164
2023-05-18T20:15:03.699892336Z 20:15:03.699575 recvmsg(8, {msg_name={sa_family=AF_NETLINK, nl_pid=0, nl_groups=00000000}, msg_namelen=12, msg_iov=[{iov_base={{len=20, type=NLMSG_DONE, flags=NLM_F_MULTI, seq=1684440903, pid=70}, 0}, iov_len=4096}], msg_iovlen=1, msg_controllen=0, msg_flags=0}, 0) = 20
2023-05-18T20:15:03.700615011Z 20:15:03.700474 socket(AF_UNIX, SOCK_STREAM|SOCK_CLOEXEC|SOCK_NONBLOCK, 0) = 8
2023-05-18T20:15:03.700810455Z 20:15:03.700585 connect(8, {sa_family=AF_UNIX, sun_path="/var/run/nscd/socket"}, 110) = -1 ENOENT (No such file or directory)
2023-05-18T20:15:03.701009389Z 20:15:03.700831 socket(AF_UNIX, SOCK_STREAM|SOCK_CLOEXEC|SOCK_NONBLOCK, 0) = 8
2023-05-18T20:15:03.701146825Z 20:15:03.700974 connect(8, {sa_family=AF_UNIX, sun_path="/var/run/nscd/socket"}, 110) = -1 ENOENT (No such file or directory)
2023-05-18T20:15:03.703299411Z 20:15:03.702944 socket(AF_INET, SOCK_DGRAM|SOCK_CLOEXEC|SOCK_NONBLOCK, IPPROTO_IP) = 8
2023-05-18T20:15:03.703585396Z 20:15:03.703217 connect(8, {sa_family=AF_INET, sin_port=htons(53), sin_addr=inet_addr("169.254.169.254")}, 16) = 0
2023-05-18T20:15:03.704188747Z 20:15:03.703663 sendto(8, "\320F\1\0\0\1\0\0\0\0\0\0\rflux-sample-0\fflux-"..., 76, MSG_NOSIGNAL, NULL, 0) = 76
2023-05-18T20:15:03.707621764Z 20:15:03.707262 recvfrom(8, "\320F\201\203\0\1\0\0\0\1\0\0\rflux-sample-0\fflux-"..., 1024, 0, {sa_family=AF_INET, sin_port=htons(53), sin_addr=inet_addr("169.254.169.254")}, [28->16]) = 172
2023-05-18T20:15:03.707878001Z 20:15:03.707739 socket(AF_INET, SOCK_DGRAM|SOCK_CLOEXEC|SOCK_NONBLOCK, IPPROTO_IP) = 8
2023-05-18T20:15:03.708163515Z 20:15:03.707934 connect(8, {sa_family=AF_INET, sin_port=htons(53), sin_addr=inet_addr("169.254.169.254")}, 16) = 0
2023-05-18T20:15:03.708395618Z 20:15:03.708100 sendto(8, "?\266\1\0\0\1\0\0\0\0\0\0\rflux-sample-0\fflux-"..., 108, MSG_NOSIGNAL, NULL, 0) = 108
2023-05-18T20:15:03.711700057Z 20:15:03.711369 recvfrom(8, "?\266\201\203\0\1\0\0\0\1\0\0\rflux-sample-0\fflux-"..., 1024, 0, {sa_family=AF_INET, sin_port=htons(53), sin_addr=inet_addr("169.254.169.254")}, [28->16]) = 204
2023-05-18T20:15:03.711851321Z 20:15:03.711642 socket(AF_INET, SOCK_DGRAM|SOCK_CLOEXEC|SOCK_NONBLOCK, IPPROTO_IP) = 8
2023-05-18T20:15:03.711932737Z 20:15:03.711717 connect(8, {sa_family=AF_INET, sin_port=htons(53), sin_addr=inet_addr("169.254.169.254")}, 16) = 0
2023-05-18T20:15:03.712136086Z 20:15:03.711851 sendto(8, "\373\223\1\0\0\1\0\0\0\0\0\0\rflux-sample-0\fflux-"..., 94, MSG_NOSIGNAL, NULL, 0) = 94
2023-05-18T20:15:03.716314823Z 20:15:03.715927 recvfrom(8, "\373\223\201\203\0\1\0\0\0\1\0\0\rflux-sample-0\fflux-"..., 1024, 0, {sa_family=AF_INET, sin_port=htons(53), sin_addr=inet_addr("169.254.169.254")}, [28->16]) = 190
2023-05-18T20:15:03.716552734Z 20:15:03.716297 socket(AF_INET, SOCK_DGRAM|SOCK_CLOEXEC|SOCK_NONBLOCK, IPPROTO_IP) = 8
2023-05-18T20:15:03.716574058Z 20:15:03.716389 connect(8, {sa_family=AF_INET, sin_port=htons(53), sin_addr=inet_addr("169.254.169.254")}, 16) = 0
2023-05-18T20:15:03.716796662Z 20:15:03.716560 sendto(8, "i\n\1\0\0\1\0\0\0\0\0\0\rflux-sample-0\fflux-"..., 90, MSG_NOSIGNAL, NULL, 0) = 90
2023-05-18T20:15:03.720709657Z 20:15:03.720167 recvfrom(8, "i\n\201\203\0\1\0\0\0\1\0\0\rflux-sample-0\fflux-"..., 1024, 0, {sa_family=AF_INET, sin_port=htons(53), sin_addr=inet_addr("169.254.169.254")}, [28->16]) = 186
2023-05-18T20:15:03.720749906Z 20:15:03.720415 socket(AF_INET, SOCK_DGRAM|SOCK_CLOEXEC|SOCK_NONBLOCK, IPPROTO_IP) = 8
2023-05-18T20:15:03.720829711Z 20:15:03.720552 connect(8, {sa_family=AF_INET, sin_port=htons(53), sin_addr=inet_addr("169.254.169.254")}, 16) = 0
2023-05-18T20:15:03.720975694Z 20:15:03.720709 sendto(8, "\265\216\1\0\0\1\0\0\0\0\0\0\rflux-sample-0\fflux-"..., 111, MSG_NOSIGNAL, NULL, 0) = 111
2023-05-18T20:15:03.726921237Z 20:15:03.726611 recvfrom(8, "\265\216\201\203\0\1\0\0\0\1\0\0\rflux-sample-0\fflux-"..., 1024, 0, {sa_family=AF_INET, sin_port=htons(53), sin_addr=inet_addr("169.254.169.254")}, [28->16]) = 205
2023-05-18T20:15:03.727119532Z 20:15:03.726855 socket(AF_INET, SOCK_DGRAM|SOCK_CLOEXEC|SOCK_NONBLOCK, IPPROTO_IP) = 8
2023-05-18T20:15:03.727180602Z 20:15:03.726988 connect(8, {sa_family=AF_INET, sin_port=htons(53), sin_addr=inet_addr("169.254.169.254")}, 16) = 0
2023-05-18T20:15:03.727419170Z 20:15:03.727185 sendto(8, "\202\215\1\0\0\1\0\0\0\0\0\0\rflux-sample-0\fflux-"..., 97, MSG_NOSIGNAL, NULL, 0) = 97
2023-05-18T20:15:03.732663416Z 20:15:03.732367 recvfrom(8, "\202\215\201\203\0\1\0\0\0\1\0\0\rflux-sample-0\fflux-"..., 1024, 0, {sa_family=AF_INET, sin_port=htons(53), sin_addr=inet_addr("169.254.169.254")}, [28->16]) = 186
2023-05-18T20:15:03.732768840Z 20:15:03.732612 socket(AF_INET, SOCK_DGRAM|SOCK_CLOEXEC|SOCK_NONBLOCK, IPPROTO_IP) = 8
2023-05-18T20:15:03.732855986Z 20:15:03.732692 connect(8, {sa_family=AF_INET, sin_port=htons(53), sin_addr=inet_addr("169.254.169.254")}, 16) = 0
2023-05-18T20:15:03.733032832Z 20:15:03.732830 sendto(8, "\204\203\1\0\0\1\0\0\0\0\0\0\rflux-sample-0\fflux-"..., 92, MSG_NOSIGNAL, NULL, 0) = 92
2023-05-18T20:15:03.738169494Z 20:15:03.737822 recvfrom(8, "\204\203\201\203\0\1\0\0\0\1\0\0\rflux-sample-0\fflux-"..., 1024, 0, {sa_family=AF_INET, sin_port=htons(53), sin_addr=inet_addr("169.254.169.254")}, [28->16]) = 181
2023-05-18T20:15:03.738286198Z broker.err[3]: Warning: unable to resolve upstream peer flux-sample-0.flux-service.flux-operator.svc.cluster.local: Name or service not known
2023-05-18T20:15:03.745335190Z broker.info[3]: start: none->join 2.942ms
2023-05-18T20:15:04.179291908Z broker.info[3]: parent-ready: join->init 0.433635s
2023-05-18T20:15:04.179932590Z 20:15:04.179412 socketpair(AF_UNIX, SOCK_STREAM|SOCK_CLOEXEC, 0, [22, 23]) = 0
2023-05-18T20:15:04.180285283Z 20:15:04.179570 socketpair(AF_UNIX, SOCK_STREAM, 0, [24, 25]) = 0
2023-05-18T20:15:04.180506203Z 20:15:04.179750 socketpair(AF_UNIX, SOCK_STREAM, 0, [26, 27]) = 0
2023-05-18T20:15:04.180727532Z 20:15:04.179940 socketpair(AF_UNIX, SOCK_STREAM, 0, [28, 29]) = 0
2023-05-18T20:15:04.205261778Z broker.info[3]: configuration updated
2023-05-18T20:15:04.342737351Z broker.info[3]: rc1.0: running /etc/flux/rc1.d/01-sched-fluxion
2023-05-18T20:15:04.354199395Z broker.info[3]: rc1.0: running /etc/flux/rc1.d/02-cron
2023-05-18T20:15:04.378931810Z broker.info[3]: rc1.0: /etc/flux/rc1 Exited (rc=0) 0.2s
2023-05-18T20:15:04.379976818Z broker.info[3]: rc1-success: init->quorum 0.200304s
2023-05-18T20:15:04.766893328Z broker.info[3]: quorum-full: quorum->run 0.386543s
2023-05-18T20:15:05.379040585Z 20:15:05.378670 socketpair(AF_UNIX, SOCK_STREAM|SOCK_CLOEXEC, 0, [22, 23]) = 0
2023-05-18T20:15:05.379270995Z 20:15:05.379036 socketpair(AF_UNIX, SOCK_STREAM, 0, [24, 25]) = 0
2023-05-18T20:15:05.380002463Z 20:15:05.379341 socketpair(AF_UNIX, SOCK_STREAM, 0, [26, 28]) = 0
2023-05-18T20:15:05.380036621Z 20:15:05.379553 socketpair(AF_UNIX, SOCK_STREAM, 0, [58, 59]) = 0
2023-05-18T20:15:16.110337170Z broker.info[3]: shutdown: run->cleanup 11.3433s
2023-05-18T20:15:16.112203574Z broker.info[3]: cleanup-none: cleanup->shutdown 1.03454ms
2023-05-18T20:15:16.113800056Z broker.info[3]: children-none: shutdown->finalize 0.968901ms
2023-05-18T20:15:16.114552574Z 20:15:16.114240 socketpair(AF_UNIX, SOCK_STREAM|SOCK_CLOEXEC, 0, [22, 23]) = 0
2023-05-18T20:15:16.114852356Z 20:15:16.114614 socketpair(AF_UNIX, SOCK_STREAM, 0, [24, 25]) = 0
2023-05-18T20:15:16.115343036Z 20:15:16.115071 socketpair(AF_UNIX, SOCK_STREAM, 0, [26, 28]) = 0
2023-05-18T20:15:16.115822360Z 20:15:16.115570 socketpair(AF_UNIX, SOCK_STREAM, 0, [58, 59]) = 0
2023-05-18T20:15:16.133502784Z broker.info[3]: rc3.0: running /etc/flux/rc3.d/01-sched-fluxion
2023-05-18T20:15:16.262230733Z broker.info[3]: rc3.0: /etc/flux/rc3 Exited (rc=0) 0.1s
2023-05-18T20:15:16.263492655Z broker.info[3]: rc3-success: finalize->goodbye 0.149072s
2023-05-18T20:15:16.265003856Z broker.info[3]: goodbye: goodbye->exit 0.956523ms
2023-05-18T20:15:16.272883932Z 20:15:16.272728 +++ exited with 0 +++
2023-05-18T20:15:16.274404958Z Return value for follower worker is 0
2023-05-18T20:15:16.274609328Z The follower worker exited cleanly. Goodbye!
