2023-05-18T18:38:48.735033614Z
2023-05-18T18:38:48.735332923Z Flux username: flux
2023-05-18T18:38:48.735346425Z
2023-05-18T18:38:48.735352050Z Flux install root: /usr
2023-05-18T18:38:48.799908302Z flux user is already added.
2023-05-18T18:38:48.804686934Z flux user identifiers:
2023-05-18T18:38:48.804750903Z uid=1234(flux) gid=1234(flux) groups=1234(flux)
2023-05-18T18:38:48.805156170Z
2023-05-18T18:38:48.805185918Z As Flux prefix for flux commands: sudo -u flux -E PYTHONPATH=/opt/conda/lib/python3.10/site-packages -E PATH=/opt/conda/bin:/usr/local/sbin:/usr/local/bin:/usr/sbin:/usr/bin:/sbin:/bin -E LD_LIBRARY_PATH=/opt/conda/lib -E HOME=/home/flux
2023-05-18T18:38:48.820058772Z
2023-05-18T18:38:48.820209378Z 👋 Hello, I'm flux-sample-3
2023-05-18T18:38:48.820513856Z The main host is flux-sample-0
2023-05-18T18:38:48.820529895Z The working directory is /home/flux/examples/reaxff/HNS, contents include:
2023-05-18T18:38:48.824974863Z /home/flux/examples/reaxff/HNS:
2023-05-18T18:38:48.825237522Z README.txt	ffield.reax.hns  log.8Mar18.reaxc.hns.g++.1
2023-05-18T18:38:48.825252687Z data.hns-equil	in.reaxc.hns	 log.8Mar18.reaxc.hns.g++.4
2023-05-18T18:38:48.825662914Z End of file listing, if you see nothing above there are no files.
2023-05-18T18:38:48.828457855Z flux R encode --hosts=flux-sample-[0-3]
2023-05-18T18:38:48.848885828Z
2023-05-18T18:38:48.848936904Z 📦 Resources
2023-05-18T18:38:48.851197763Z {"version": 1, "execution": {"R_lite": [{"rank": "0-3", "children": {"core": "0"}}], "starttime": 0.0, "expiration": 0.0, "nodelist": ["flux-sample-[0-3]"]}}
2023-05-18T18:38:48.851635290Z
2023-05-18T18:38:48.851658440Z 🐸 Diagnostics: false
2023-05-18T18:38:48.851999444Z 🚩️ Flux Option Flags defined
2023-05-18T18:38:48.858866038Z
2023-05-18T18:38:48.858930838Z 🦊 Independent Minister of Privilege
2023-05-18T18:38:48.860800850Z [exec]
2023-05-18T18:38:48.860843102Z allowed-users = [ "flux", "root" ]
2023-05-18T18:38:48.860852158Z allowed-shells = [ "/usr/libexec/flux/flux-shell" ]
2023-05-18T18:38:48.861069696Z
2023-05-18T18:38:48.861085671Z 🐸 Broker Configuration
2023-05-18T18:38:48.863407232Z # Flux needs to know the path to the IMP executable
2023-05-18T18:38:48.863472698Z [exec]
2023-05-18T18:38:48.863480940Z imp = "/usr/libexec/flux/flux-imp"
2023-05-18T18:38:48.863486426Z
2023-05-18T18:38:48.863491204Z [access]
2023-05-18T18:38:48.863496634Z allow-guest-user = true
2023-05-18T18:38:48.863504443Z allow-root-owner = true
2023-05-18T18:38:48.863510350Z
2023-05-18T18:38:48.863514885Z # Point to resource definition generated with flux-R(1).
2023-05-18T18:38:48.863519897Z [resource]
2023-05-18T18:38:48.863526443Z path = "/etc/flux/system/R"
2023-05-18T18:38:48.863530529Z
2023-05-18T18:38:48.863534732Z [bootstrap]
2023-05-18T18:38:48.863539551Z curve_cert = "/etc/curve/curve.cert"
2023-05-18T18:38:48.863546116Z default_port = 8050
2023-05-18T18:38:48.863552346Z default_bind = "tcp://eth0:%p"
2023-05-18T18:38:48.863558921Z default_connect = "tcp://%h.flux-service.flux-operator.svc.cluster.local:%p"
2023-05-18T18:38:48.863564014Z hosts = [
2023-05-18T18:38:48.863569282Z 	{ host="flux-sample-[0-3]"},
2023-05-18T18:38:48.863574031Z ]
2023-05-18T18:38:48.863578060Z
2023-05-18T18:38:48.863582724Z [archive]
2023-05-18T18:38:48.863589539Z dbpath = "/var/lib/flux/job-archive.sqlite"
2023-05-18T18:38:48.863596142Z period = "1m"
2023-05-18T18:38:48.976979252Z busytimeout = "50s"
2023-05-18T18:38:48.977053209Z 🧊️ State Directory:
2023-05-18T18:38:48.977059347Z total 0
2023-05-18T18:38:48.977064171Z
2023-05-18T18:38:48.983840449Z
2023-05-18T18:38:48.983907408Z 🔒️ Working directory permissions:
2023-05-18T18:38:48.983914526Z total 96
2023-05-18T18:38:48.984756701Z -rwxrwxrwx 1 flux root  2517 May 17 22:32 README.txt
2023-05-18T18:38:48.984776981Z -rwxrwxrwx 1 flux root 54692 May 17 22:32 data.hns-equil
2023-05-18T18:38:48.984783411Z -rwxrwxrwx 1 flux root 13576 May 17 22:32 ffield.reax.hns
2023-05-18T18:38:48.984788337Z -rwxrwxrwx 1 flux root   870 May 17 22:32 in.reaxc.hns
2023-05-18T18:38:48.984795784Z -rwxrwxrwx 1 flux root  4172 May 17 22:32 log.8Mar18.reaxc.hns.g++.1
2023-05-18T18:38:48.984801221Z -rwxrwxrwx 1 flux root  4168 May 17 22:32 log.8Mar18.reaxc.hns.g++.4
2023-05-18T18:38:48.984817449Z
2023-05-18T18:38:48.984850012Z
2023-05-18T18:38:48.984855621Z ✨ Curve certificate generated by helper pod
2023-05-18T18:38:48.986792987Z #   ****  Generated on 2023-04-26 22:54:42 by CZMQ  ****
2023-05-18T18:38:48.986816440Z #   ZeroMQ CURVE **Secret** Certificate
2023-05-18T18:38:48.986823887Z #   DO NOT PROVIDE THIS FILE TO OTHER USERS nor change its permissions.
2023-05-18T18:38:48.986828962Z
2023-05-18T18:38:48.986834267Z metadata
2023-05-18T18:38:48.986840898Z     name = "flux-cert-generator"
2023-05-18T18:38:48.986848307Z     keygen.hostname = "flux-sample-0"
2023-05-18T18:38:48.986854410Z curve
2023-05-18T18:38:48.986860097Z     public-key = "AOru}43]o8e$aw(xn!J+8HVM^KQKZD07qyR1RcUD"
2023-05-18T18:38:48.986866290Z     secret-key = "B+DgKQNg}MT{*VN15ePRjU^n)*p?fdR}/vsH<$Rj"
2023-05-18T18:38:48.990555209Z
2023-05-18T18:38:48.990632508Z 🌀  flux start --wrap=strace,-e,network,-tt -o --config /etc/flux/config -Scron.directory=/etc/flux/system/cron.d   -Stbon.fanout=256   -Srundir=/run/flux    -Sstatedir=/var/lib/flux   -Slocal-uri=local:///run/flux/local -Stbon.connect_timeout=5s  -Stbon.zmqdebug=1  -Slog-stderr-level=6    -Slog-stderr-mode=local
2023-05-18T18:38:49.049856560Z 18:38:49.049304 socket(AF_NETLINK, SOCK_RAW, NETLINK_ROUTE) = 8
2023-05-18T18:38:49.050288335Z 18:38:49.049992 bind(8, {sa_family=AF_NETLINK, nl_pid=0, nl_groups=00000000}, 12) = 0
2023-05-18T18:38:49.050505069Z 18:38:49.050309 getsockname(8, {sa_family=AF_NETLINK, nl_pid=70, nl_groups=00000000}, [12]) = 0
2023-05-18T18:38:49.051143043Z 18:38:49.050533 sendto(8, {{len=20, type=RTM_GETADDR, flags=NLM_F_REQUEST|NLM_F_DUMP, seq=1684435129, pid=0}, {ifa_family=AF_UNSPEC, ...}}, 20, 0, {sa_family=AF_NETLINK, nl_pid=0, nl_groups=00000000}, 12) = 20
2023-05-18T18:38:49.051754195Z 18:38:49.051153 recvmsg(8, {msg_name={sa_family=AF_NETLINK, nl_pid=0, nl_groups=00000000}, msg_namelen=12, msg_iov=[{iov_base=[{{len=76, type=RTM_NEWADDR, flags=NLM_F_MULTI, seq=1684435129, pid=70}, {ifa_family=AF_INET, ifa_prefixlen=8, ifa_flags=IFA_F_PERMANENT, ifa_scope=RT_SCOPE_HOST, ifa_index=if_nametoindex("lo")}, [{{nla_len=8, nla_type=IFA_ADDRESS}, 127.0.0.1}, {{nla_len=8, nla_type=IFA_LOCAL}, 127.0.0.1}, {{nla_len=7, nla_type=IFA_LABEL}, "lo"}, {{nla_len=8, nla_type=IFA_FLAGS}, IFA_F_PERMANENT}, {{nla_len=20, nla_type=IFA_CACHEINFO}, {ifa_prefered=4294967295, ifa_valid=4294967295, cstamp=1567197, tstamp=1567197}}]}, {{len=88, type=RTM_NEWADDR, flags=NLM_F_MULTI, seq=1684435129, pid=70}, {ifa_family=AF_INET, ifa_prefixlen=24, ifa_flags=IFA_F_PERMANENT, ifa_scope=RT_SCOPE_UNIVERSE, ifa_index=if_nametoindex("eth0")}, [{{nla_len=8, nla_type=IFA_ADDRESS}, 10.24.3.96}, {{nla_len=8, nla_type=IFA_LOCAL}, 10.24.3.96}, {{nla_len=8, nla_type=IFA_BROADCAST}, 10.24.3.255}, {{nla_len=9, nla_type=IFA_LABEL}, "eth0"}, {{nla_len=8, nla_type=IFA_FLAGS}, IFA_F_PERMANENT}, {{nla_len=20, nla_type=IFA_CACHEINFO}, {ifa_prefered=4294967295, ifa_valid=4294967295, cstamp=1567195, tstamp=1567195}}]}], iov_len=4096}], msg_iovlen=1, msg_controllen=0, msg_flags=0}, 0) = 164
2023-05-18T18:38:49.052019714Z 18:38:49.051768 recvmsg(8, {msg_name={sa_family=AF_NETLINK, nl_pid=0, nl_groups=00000000}, msg_namelen=12, msg_iov=[{iov_base={{len=20, type=NLMSG_DONE, flags=NLM_F_MULTI, seq=1684435129, pid=70}, 0}, iov_len=4096}], msg_iovlen=1, msg_controllen=0, msg_flags=0}, 0) = 20
2023-05-18T18:38:49.052740160Z 18:38:49.052519 socket(AF_UNIX, SOCK_STREAM|SOCK_CLOEXEC|SOCK_NONBLOCK, 0) = 8
2023-05-18T18:38:49.052989205Z 18:38:49.052748 connect(8, {sa_family=AF_UNIX, sun_path="/var/run/nscd/socket"}, 110) = -1 ENOENT (No such file or directory)
2023-05-18T18:38:49.053273630Z 18:38:49.053039 socket(AF_UNIX, SOCK_STREAM|SOCK_CLOEXEC|SOCK_NONBLOCK, 0) = 8
2023-05-18T18:38:49.053516643Z 18:38:49.053287 connect(8, {sa_family=AF_UNIX, sun_path="/var/run/nscd/socket"}, 110) = -1 ENOENT (No such file or directory)
2023-05-18T18:38:49.054957280Z 18:38:49.054694 socket(AF_INET, SOCK_DGRAM|SOCK_CLOEXEC|SOCK_NONBLOCK, IPPROTO_IP) = 8
2023-05-18T18:38:49.055212290Z 18:38:49.054949 connect(8, {sa_family=AF_INET, sin_port=htons(53), sin_addr=inet_addr("169.254.169.254")}, 16) = 0
2023-05-18T18:38:49.055848159Z 18:38:49.055305 sendto(8, "Bk\1\0\0\1\0\0\0\0\0\0\rflux-sample-0\fflux-"..., 76, MSG_NOSIGNAL, NULL, 0) = 76
2023-05-18T18:38:49.060427944Z 18:38:49.059946 recvfrom(8, "Bk\201\200\0\1\0\1\0\0\0\0\rflux-sample-0\fflux-"..., 1024, 0, {sa_family=AF_INET, sin_port=htons(53), sin_addr=inet_addr("169.254.169.254")}, [28->16]) = 92
2023-05-18T18:38:49.069145229Z broker.info[3]: start: none->join 3.01672ms
2023-05-18T18:38:54.285400044Z broker.info[3]: parent-ready: join->init 5.21531s
2023-05-18T18:38:54.285928168Z 18:38:54.285156 socketpair(AF_UNIX, SOCK_STREAM|SOCK_CLOEXEC, 0, [22, 23]) = 0
2023-05-18T18:38:54.286116414Z 18:38:54.285755 socketpair(AF_UNIX, SOCK_STREAM, 0, [24, 25]) = 0
2023-05-18T18:38:54.286415178Z 18:38:54.286106 socketpair(AF_UNIX, SOCK_STREAM, 0, [26, 27]) = 0
2023-05-18T18:38:54.286701174Z 18:38:54.286460 socketpair(AF_UNIX, SOCK_STREAM, 0, [28, 29]) = 0
2023-05-18T18:38:54.323544603Z broker.info[3]: configuration updated
2023-05-18T18:38:54.506309544Z broker.info[3]: rc1.0: running /etc/flux/rc1.d/01-sched-fluxion
2023-05-18T18:38:54.529670725Z broker.info[3]: rc1.0: running /etc/flux/rc1.d/02-cron
2023-05-18T18:38:54.564847549Z broker.info[3]: rc1.0: /etc/flux/rc1 Exited (rc=0) 0.3s
2023-05-18T18:38:54.566578508Z broker.info[3]: rc1-success: init->quorum 0.280808s
2023-05-18T18:38:54.784332882Z broker.info[3]: quorum-full: quorum->run 0.216104s
2023-05-18T18:38:55.377260433Z 18:38:55.376667 socketpair(AF_UNIX, SOCK_STREAM|SOCK_CLOEXEC, 0, [22, 23]) = 0
2023-05-18T18:38:55.377340917Z 18:38:55.377010 socketpair(AF_UNIX, SOCK_STREAM, 0, [24, 25]) = 0
2023-05-18T18:38:55.377558246Z 18:38:55.377336 socketpair(AF_UNIX, SOCK_STREAM, 0, [26, 28]) = 0
2023-05-18T18:38:55.377862215Z 18:38:55.377667 socketpair(AF_UNIX, SOCK_STREAM, 0, [58, 59]) = 0
2023-05-18T18:39:08.718423886Z broker.info[3]: shutdown: run->cleanup 13.935s
2023-05-18T18:39:08.720437234Z broker.info[3]: cleanup-none: cleanup->shutdown 1.88892ms
2023-05-18T18:39:08.723661925Z broker.info[3]: children-none: shutdown->finalize 1.60637ms
2023-05-18T18:39:08.724927824Z 18:39:08.724223 socketpair(AF_UNIX, SOCK_STREAM|SOCK_CLOEXEC, 0, [22, 23]) = 0
2023-05-18T18:39:08.725577104Z 18:39:08.725112 socketpair(AF_UNIX, SOCK_STREAM, 0, [24, 25]) = 0
2023-05-18T18:39:08.725970508Z 18:39:08.725691 socketpair(AF_UNIX, SOCK_STREAM, 0, [26, 28]) = 0
2023-05-18T18:39:08.726467851Z 18:39:08.726117 socketpair(AF_UNIX, SOCK_STREAM, 0, [58, 59]) = 0
2023-05-18T18:39:08.750895645Z broker.info[3]: rc3.0: running /etc/flux/rc3.d/01-sched-fluxion
2023-05-18T18:39:08.948715771Z broker.info[3]: rc3.0: /etc/flux/rc3 Exited (rc=0) 0.2s
2023-05-18T18:39:08.950515106Z broker.info[3]: rc3-success: finalize->goodbye 0.225987s
2023-05-18T18:39:08.953024769Z broker.info[3]: goodbye: goodbye->exit 1.19771ms
2023-05-18T18:39:08.963938145Z 18:39:08.963616 +++ exited with 0 +++
2023-05-18T18:39:08.965959946Z Return value for follower worker is 0
2023-05-18T18:39:08.966276133Z The follower worker exited cleanly. Goodbye!
