2023-05-18T20:14:45.415906056Z
2023-05-18T20:14:45.415948794Z Flux username: flux
2023-05-18T20:14:45.415955454Z
2023-05-18T20:14:45.415960627Z Flux install root: /usr
2023-05-18T20:14:45.461805768Z flux user is already added.
2023-05-18T20:14:45.465024252Z flux user identifiers:
2023-05-18T20:14:45.465052955Z uid=1234(flux) gid=1234(flux) groups=1234(flux)
2023-05-18T20:14:45.465058823Z
2023-05-18T20:14:45.465064775Z As Flux prefix for flux commands: sudo -u flux -E PYTHONPATH=/opt/conda/lib/python3.10/site-packages -E PATH=/opt/conda/bin:/usr/local/sbin:/usr/local/bin:/usr/sbin:/usr/bin:/sbin:/bin -E LD_LIBRARY_PATH=/opt/conda/lib -E HOME=/home/flux
2023-05-18T20:14:45.473578060Z
2023-05-18T20:14:45.473605997Z 👋 Hello, I'm flux-sample-2
2023-05-18T20:14:45.473612279Z The main host is flux-sample-0
2023-05-18T20:14:45.473617919Z The working directory is /home/flux/examples/reaxff/HNS, contents include:
2023-05-18T20:14:45.475068730Z /home/flux/examples/reaxff/HNS:
2023-05-18T20:14:45.475088396Z README.txt	ffield.reax.hns  log.8Mar18.reaxc.hns.g++.1
2023-05-18T20:14:45.475105249Z data.hns-equil	in.reaxc.hns	 log.8Mar18.reaxc.hns.g++.4
2023-05-18T20:14:45.475613069Z End of file listing, if you see nothing above there are no files.
2023-05-18T20:14:45.477530389Z flux R encode --hosts=flux-sample-[0-3]
2023-05-18T20:14:45.490994234Z
2023-05-18T20:14:45.491026167Z 📦 Resources
2023-05-18T20:14:45.492379478Z {"version": 1, "execution": {"R_lite": [{"rank": "0-3", "children": {"core": "0"}}], "starttime": 0.0, "expiration": 0.0, "nodelist": ["flux-sample-[0-3]"]}}
2023-05-18T20:14:45.492601649Z
2023-05-18T20:14:45.492617163Z 🐸 Diagnostics: false
2023-05-18T20:14:45.492752040Z 🚩️ Flux Option Flags defined
2023-05-18T20:14:45.496418200Z
2023-05-18T20:14:45.496438188Z 🦊 Independent Minister of Privilege
2023-05-18T20:14:45.497672710Z [exec]
2023-05-18T20:14:45.497691273Z allowed-users = [ "flux", "root" ]
2023-05-18T20:14:45.497698737Z allowed-shells = [ "/usr/libexec/flux/flux-shell" ]
2023-05-18T20:14:45.497874684Z
2023-05-18T20:14:45.497887252Z 🐸 Broker Configuration
2023-05-18T20:14:45.499110437Z # Flux needs to know the path to the IMP executable
2023-05-18T20:14:45.499127142Z [exec]
2023-05-18T20:14:45.499133292Z imp = "/usr/libexec/flux/flux-imp"
2023-05-18T20:14:45.499138083Z
2023-05-18T20:14:45.499149943Z [access]
2023-05-18T20:14:45.499157364Z allow-guest-user = true
2023-05-18T20:14:45.499162789Z allow-root-owner = true
2023-05-18T20:14:45.499167722Z
2023-05-18T20:14:45.499172644Z # Point to resource definition generated with flux-R(1).
2023-05-18T20:14:45.499177590Z [resource]
2023-05-18T20:14:45.499183099Z path = "/etc/flux/system/R"
2023-05-18T20:14:45.499187506Z
2023-05-18T20:14:45.499194406Z [bootstrap]
2023-05-18T20:14:45.499200602Z curve_cert = "/etc/curve/curve.cert"
2023-05-18T20:14:45.499205770Z default_port = 8050
2023-05-18T20:14:45.499210852Z default_bind = "tcp://eth0:%p"
2023-05-18T20:14:45.499216596Z default_connect = "tcp://%h.flux-service.flux-operator.svc.cluster.local:%p"
2023-05-18T20:14:45.499221274Z hosts = [
2023-05-18T20:14:45.499225999Z 	{ host="flux-sample-[0-3]"},
2023-05-18T20:14:45.499230469Z ]
2023-05-18T20:14:45.499239818Z
2023-05-18T20:14:45.499245968Z [archive]
2023-05-18T20:14:45.499251082Z dbpath = "/var/lib/flux/job-archive.sqlite"
2023-05-18T20:14:45.499256066Z period = "1m"
2023-05-18T20:14:45.582403670Z busytimeout = "50s"
2023-05-18T20:14:45.582434157Z 🧊️ State Directory:
2023-05-18T20:14:45.582440385Z total 0
2023-05-18T20:14:45.582447231Z
2023-05-18T20:14:45.586745133Z
2023-05-18T20:14:45.586779706Z 🔒️ Working directory permissions:
2023-05-18T20:14:45.586785938Z total 96
2023-05-18T20:14:45.586791849Z -rwxrwxrwx 1 flux root  2517 May 17 22:32 README.txt
2023-05-18T20:14:45.586796693Z -rwxrwxrwx 1 flux root 54692 May 17 22:32 data.hns-equil
2023-05-18T20:14:45.586801537Z -rwxrwxrwx 1 flux root 13576 May 17 22:32 ffield.reax.hns
2023-05-18T20:14:45.586806556Z -rwxrwxrwx 1 flux root   870 May 17 22:32 in.reaxc.hns
2023-05-18T20:14:45.586814787Z -rwxrwxrwx 1 flux root  4172 May 17 22:32 log.8Mar18.reaxc.hns.g++.1
2023-05-18T20:14:45.586821572Z -rwxrwxrwx 1 flux root  4168 May 17 22:32 log.8Mar18.reaxc.hns.g++.4
2023-05-18T20:14:45.586826202Z
2023-05-18T20:14:45.586910461Z
2023-05-18T20:14:45.586918176Z ✨ Curve certificate generated by helper pod
2023-05-18T20:14:45.588545458Z #   ****  Generated on 2023-04-26 22:54:42 by CZMQ  ****
2023-05-18T20:14:45.588595254Z #   ZeroMQ CURVE **Secret** Certificate
2023-05-18T20:14:45.588602306Z #   DO NOT PROVIDE THIS FILE TO OTHER USERS nor change its permissions.
2023-05-18T20:14:45.588616350Z
2023-05-18T20:14:45.588622517Z metadata
2023-05-18T20:14:45.588628235Z     name = "flux-cert-generator"
2023-05-18T20:14:45.588632918Z     keygen.hostname = "flux-sample-0"
2023-05-18T20:14:45.588654545Z curve
2023-05-18T20:14:45.588659764Z     public-key = ":TjlHpe#m1W*kBxwkmfixGbsn0.=60yVT<2{hcp6"
2023-05-18T20:14:45.588664592Z     secret-key = "Z!.Om*m%ViDl!LozA2k%unF^(HElK!{ZtjgI0jFt"
2023-05-18T20:14:45.590724654Z
2023-05-18T20:14:45.590758210Z 🌀  flux start --wrap=strace,-e,network,-tt -o --config /etc/flux/config -Scron.directory=/etc/flux/system/cron.d   -Stbon.fanout=256   -Srundir=/run/flux    -Sstatedir=/var/lib/flux   -Slocal-uri=local:///run/flux/local -Stbon.connect_timeout=5s  -Stbon.zmqdebug=1  -Slog-stderr-level=6    -Slog-stderr-mode=local
2023-05-18T20:14:45.635706863Z 20:14:45.635388 socket(AF_NETLINK, SOCK_RAW, NETLINK_ROUTE) = 8
2023-05-18T20:14:45.635815222Z 20:14:45.635598 bind(8, {sa_family=AF_NETLINK, nl_pid=0, nl_groups=00000000}, 12) = 0
2023-05-18T20:14:45.635927289Z 20:14:45.635764 getsockname(8, {sa_family=AF_NETLINK, nl_pid=70, nl_groups=00000000}, [12]) = 0
2023-05-18T20:14:45.636395488Z 20:14:45.635928 sendto(8, {{len=20, type=RTM_GETADDR, flags=NLM_F_REQUEST|NLM_F_DUMP, seq=1684440885, pid=0}, {ifa_family=AF_UNSPEC, ...}}, 20, 0, {sa_family=AF_NETLINK, nl_pid=0, nl_groups=00000000}, 12) = 20
2023-05-18T20:14:45.636674461Z 20:14:45.636225 recvmsg(8, {msg_name={sa_family=AF_NETLINK, nl_pid=0, nl_groups=00000000}, msg_namelen=12, msg_iov=[{iov_base=[{{len=76, type=RTM_NEWADDR, flags=NLM_F_MULTI, seq=1684440885, pid=70}, {ifa_family=AF_INET, ifa_prefixlen=8, ifa_flags=IFA_F_PERMANENT, ifa_scope=RT_SCOPE_HOST, ifa_index=if_nametoindex("lo")}, [{{nla_len=8, nla_type=IFA_ADDRESS}, 127.0.0.1}, {{nla_len=8, nla_type=IFA_LOCAL}, 127.0.0.1}, {{nla_len=7, nla_type=IFA_LABEL}, "lo"}, {{nla_len=8, nla_type=IFA_FLAGS}, IFA_F_PERMANENT}, {{nla_len=20, nla_type=IFA_CACHEINFO}, {ifa_prefered=4294967295, ifa_valid=4294967295, cstamp=2142910, tstamp=2142910}}]}, {{len=88, type=RTM_NEWADDR, flags=NLM_F_MULTI, seq=1684440885, pid=70}, {ifa_family=AF_INET, ifa_prefixlen=24, ifa_flags=IFA_F_PERMANENT, ifa_scope=RT_SCOPE_UNIVERSE, ifa_index=if_nametoindex("eth0")}, [{{nla_len=8, nla_type=IFA_ADDRESS}, 10.24.2.42}, {{nla_len=8, nla_type=IFA_LOCAL}, 10.24.2.42}, {{nla_len=8, nla_type=IFA_BROADCAST}, 10.24.2.255}, {{nla_len=9, nla_type=IFA_LABEL}, "eth0"}, {{nla_len=8, nla_type=IFA_FLAGS}, IFA_F_PERMANENT}, {{nla_len=20, nla_type=IFA_CACHEINFO}, {ifa_prefered=4294967295, ifa_valid=4294967295, cstamp=2142913, tstamp=2142913}}]}], iov_len=4096}], msg_iovlen=1, msg_controllen=0, msg_flags=0}, 0) = 164
2023-05-18T20:14:45.636693053Z 20:14:45.636534 recvmsg(8, {msg_name={sa_family=AF_NETLINK, nl_pid=0, nl_groups=00000000}, msg_namelen=12, msg_iov=[{iov_base={{len=20, type=NLMSG_DONE, flags=NLM_F_MULTI, seq=1684440885, pid=70}, 0}, iov_len=4096}], msg_iovlen=1, msg_controllen=0, msg_flags=0}, 0) = 20
2023-05-18T20:14:45.637581860Z 20:14:45.637330 socket(AF_UNIX, SOCK_STREAM|SOCK_CLOEXEC|SOCK_NONBLOCK, 0) = 8
2023-05-18T20:14:45.637805118Z 20:14:45.637644 connect(8, {sa_family=AF_UNIX, sun_path="/var/run/nscd/socket"}, 110) = -1 ENOENT (No such file or directory)
2023-05-18T20:14:45.638058360Z 20:14:45.637810 socket(AF_UNIX, SOCK_STREAM|SOCK_CLOEXEC|SOCK_NONBLOCK, 0) = 8
2023-05-18T20:14:45.638082169Z 20:14:45.637911 connect(8, {sa_family=AF_UNIX, sun_path="/var/run/nscd/socket"}, 110) = -1 ENOENT (No such file or directory)
2023-05-18T20:14:45.640118434Z 20:14:45.639848 socket(AF_INET, SOCK_DGRAM|SOCK_CLOEXEC|SOCK_NONBLOCK, IPPROTO_IP) = 8
2023-05-18T20:14:45.640259207Z 20:14:45.640009 connect(8, {sa_family=AF_INET, sin_port=htons(53), sin_addr=inet_addr("169.254.169.254")}, 16) = 0
2023-05-18T20:14:45.640647940Z 20:14:45.640260 sendto(8, "y:\1\0\0\1\0\0\0\0\0\0\rflux-sample-0\fflux-"..., 76, MSG_NOSIGNAL, NULL, 0) = 76
2023-05-18T20:14:45.646285707Z 20:14:45.645977 recvfrom(8, "y:\201\200\0\1\0\1\0\0\0\0\rflux-sample-0\fflux-"..., 1024, 0, {sa_family=AF_INET, sin_port=htons(53), sin_addr=inet_addr("169.254.169.254")}, [28->16]) = 92
2023-05-18T20:14:45.651922084Z broker.info[2]: start: none->join 1.80305ms
2023-05-18T20:14:45.662297155Z broker.info[2]: parent-ready: join->init 10.0333ms
2023-05-18T20:14:45.662794586Z 20:14:45.662451 socketpair(AF_UNIX, SOCK_STREAM|SOCK_CLOEXEC, 0, [22, 23]) = 0
2023-05-18T20:14:45.663131667Z 20:14:45.662868 socketpair(AF_UNIX, SOCK_STREAM, 0, [24, 25]) = 0
2023-05-18T20:14:45.663481842Z 20:14:45.663274 socketpair(AF_UNIX, SOCK_STREAM, 0, [26, 27]) = 0
2023-05-18T20:14:45.663868110Z 20:14:45.663634 socketpair(AF_UNIX, SOCK_STREAM, 0, [28, 29]) = 0
2023-05-18T20:14:45.688036878Z broker.info[2]: configuration updated
2023-05-18T20:14:45.815535706Z broker.info[2]: rc1.0: running /etc/flux/rc1.d/01-sched-fluxion
2023-05-18T20:14:45.827510682Z broker.info[2]: rc1.0: running /etc/flux/rc1.d/02-cron
2023-05-18T20:14:45.851798499Z broker.info[2]: rc1.0: /etc/flux/rc1 Exited (rc=0) 0.2s
2023-05-18T20:14:45.852759869Z broker.info[2]: rc1-success: init->quorum 0.190119s
2023-05-18T20:14:46.068000914Z broker.info[2]: quorum-full: quorum->run 0.214849s
2023-05-18T20:14:57.302028959Z broker.info[2]: shutdown: run->cleanup 11.2331s
2023-05-18T20:14:57.302964239Z broker.info[2]: cleanup-none: cleanup->shutdown 1.11587ms
2023-05-18T20:14:57.304148833Z broker.info[2]: children-none: shutdown->finalize 0.870204ms
2023-05-18T20:14:57.304469109Z 20:14:57.304016 socketpair(AF_UNIX, SOCK_STREAM|SOCK_CLOEXEC, 0, [22, 23]) = 0
2023-05-18T20:14:57.304488369Z 20:14:57.304238 socketpair(AF_UNIX, SOCK_STREAM, 0, [24, 25]) = 0
2023-05-18T20:14:57.305350944Z 20:14:57.304423 socketpair(AF_UNIX, SOCK_STREAM, 0, [26, 28]) = 0
2023-05-18T20:14:57.305374865Z 20:14:57.304609 socketpair(AF_UNIX, SOCK_STREAM, 0, [58, 59]) = 0
2023-05-18T20:14:57.322149393Z broker.info[2]: rc3.0: running /etc/flux/rc3.d/01-sched-fluxion
2023-05-18T20:14:57.458989679Z broker.info[2]: rc3.0: /etc/flux/rc3 Exited (rc=0) 0.2s
2023-05-18T20:14:57.460232089Z broker.info[2]: rc3-success: finalize->goodbye 0.15603s
2023-05-18T20:14:57.461815607Z broker.info[2]: goodbye: goodbye->exit 0.998881ms
2023-05-18T20:14:57.470031108Z 20:14:57.469826 +++ exited with 0 +++
2023-05-18T20:14:57.471513978Z Return value for follower worker is 0
2023-05-18T20:14:57.471663941Z The follower worker exited cleanly. Goodbye!
