2023-05-18T20:47:56.386888273Z
2023-05-18T20:47:56.387911892Z Flux username: flux
2023-05-18T20:47:56.387924368Z
2023-05-18T20:47:56.387930148Z Flux install root: /usr
2023-05-18T20:47:56.432032026Z flux user is already added.
2023-05-18T20:47:56.435209892Z flux user identifiers:
2023-05-18T20:47:56.435232961Z uid=1234(flux) gid=1234(flux) groups=1234(flux)
2023-05-18T20:47:56.435238983Z
2023-05-18T20:47:56.435245034Z As Flux prefix for flux commands: sudo -u flux -E PYTHONPATH=/opt/conda/lib/python3.10/site-packages -E PATH=/opt/conda/bin:/usr/local/sbin:/usr/local/bin:/usr/sbin:/usr/bin:/sbin:/bin -E LD_LIBRARY_PATH=/opt/conda/lib -E HOME=/home/flux
2023-05-18T20:47:56.443903367Z
2023-05-18T20:47:56.443927935Z 👋 Hello, I'm flux-sample-2
2023-05-18T20:47:56.443935750Z The main host is flux-sample-0
2023-05-18T20:47:56.443942667Z The working directory is /home/flux/examples/reaxff/HNS, contents include:
2023-05-18T20:47:56.445272583Z /home/flux/examples/reaxff/HNS:
2023-05-18T20:47:56.445291983Z README.txt	ffield.reax.hns  log.8Mar18.reaxc.hns.g++.1
2023-05-18T20:47:56.445297479Z data.hns-equil	in.reaxc.hns	 log.8Mar18.reaxc.hns.g++.4
2023-05-18T20:47:56.445816053Z End of file listing, if you see nothing above there are no files.
2023-05-18T20:47:56.447685264Z flux R encode --hosts=flux-sample-[0-3]
2023-05-18T20:47:56.461015848Z
2023-05-18T20:47:56.461040621Z 📦 Resources
2023-05-18T20:47:56.462397060Z {"version": 1, "execution": {"R_lite": [{"rank": "0-3", "children": {"core": "0"}}], "starttime": 0.0, "expiration": 0.0, "nodelist": ["flux-sample-[0-3]"]}}
2023-05-18T20:47:56.462605224Z
2023-05-18T20:47:56.462618953Z 🐸 Diagnostics: false
2023-05-18T20:47:56.462750325Z 🚩️ Flux Option Flags defined
2023-05-18T20:47:56.466476812Z
2023-05-18T20:47:56.466497120Z 🦊 Independent Minister of Privilege
2023-05-18T20:47:56.467746963Z [exec]
2023-05-18T20:47:56.467763310Z allowed-users = [ "flux", "root" ]
2023-05-18T20:47:56.467769870Z allowed-shells = [ "/usr/libexec/flux/flux-shell" ]
2023-05-18T20:47:56.467961773Z
2023-05-18T20:47:56.467976028Z 🐸 Broker Configuration
2023-05-18T20:47:56.469180624Z # Flux needs to know the path to the IMP executable
2023-05-18T20:47:56.469196502Z [exec]
2023-05-18T20:47:56.469203210Z imp = "/usr/libexec/flux/flux-imp"
2023-05-18T20:47:56.469209852Z
2023-05-18T20:47:56.469216232Z [access]
2023-05-18T20:47:56.469233494Z allow-guest-user = true
2023-05-18T20:47:56.469238922Z allow-root-owner = true
2023-05-18T20:47:56.469243569Z
2023-05-18T20:47:56.469248336Z # Point to resource definition generated with flux-R(1).
2023-05-18T20:47:56.469255394Z [resource]
2023-05-18T20:47:56.469261665Z path = "/etc/flux/system/R"
2023-05-18T20:47:56.469266693Z
2023-05-18T20:47:56.469271376Z [bootstrap]
2023-05-18T20:47:56.469276022Z curve_cert = "/etc/curve/curve.cert"
2023-05-18T20:47:56.469280574Z default_port = 8050
2023-05-18T20:47:56.469285188Z default_bind = "tcp://eth0:%p"
2023-05-18T20:47:56.469290536Z default_connect = "tcp://%h.flux-service.flux-operator.svc.cluster.local:%p"
2023-05-18T20:47:56.469297452Z hosts = [
2023-05-18T20:47:56.469303859Z 	{ host="flux-sample-[0-3]"},
2023-05-18T20:47:56.469308911Z ]
2023-05-18T20:47:56.469313697Z
2023-05-18T20:47:56.469318528Z [archive]
2023-05-18T20:47:56.469323462Z dbpath = "/var/lib/flux/job-archive.sqlite"
2023-05-18T20:47:56.469328313Z period = "1m"
2023-05-18T20:47:56.557046356Z busytimeout = "50s"
2023-05-18T20:47:56.557073016Z 🧊️ State Directory:
2023-05-18T20:47:56.557078816Z total 0
2023-05-18T20:47:56.557083603Z
2023-05-18T20:47:56.560028030Z
2023-05-18T20:47:56.560057596Z 🔒️ Working directory permissions:
2023-05-18T20:47:56.560066271Z total 96
2023-05-18T20:47:56.560073827Z -rwxrwxrwx 1 flux root  2517 May 17 22:32 README.txt
2023-05-18T20:47:56.560079380Z -rwxrwxrwx 1 flux root 54692 May 17 22:32 data.hns-equil
2023-05-18T20:47:56.560084337Z -rwxrwxrwx 1 flux root 13576 May 17 22:32 ffield.reax.hns
2023-05-18T20:47:56.560089417Z -rwxrwxrwx 1 flux root   870 May 17 22:32 in.reaxc.hns
2023-05-18T20:47:56.560132193Z -rwxrwxrwx 1 flux root  4172 May 17 22:32 log.8Mar18.reaxc.hns.g++.1
2023-05-18T20:47:56.560140714Z -rwxrwxrwx 1 flux root  4168 May 17 22:32 log.8Mar18.reaxc.hns.g++.4
2023-05-18T20:47:56.560145468Z
2023-05-18T20:47:56.560149777Z
2023-05-18T20:47:56.560154673Z ✨ Curve certificate generated by helper pod
2023-05-18T20:47:56.561844150Z #   ****  Generated on 2023-04-26 22:54:42 by CZMQ  ****
2023-05-18T20:47:56.561863646Z #   ZeroMQ CURVE **Secret** Certificate
2023-05-18T20:47:56.561870397Z #   DO NOT PROVIDE THIS FILE TO OTHER USERS nor change its permissions.
2023-05-18T20:47:56.561875206Z
2023-05-18T20:47:56.561880018Z metadata
2023-05-18T20:47:56.561885247Z     name = "flux-cert-generator"
2023-05-18T20:47:56.561892536Z     keygen.hostname = "flux-sample-0"
2023-05-18T20:47:56.561898586Z curve
2023-05-18T20:47:56.561903532Z     public-key = "]L1586.@wjKbKk#B?Cr41K9J?aR1%X<->jRBlu{@"
2023-05-18T20:47:56.561908442Z     secret-key = "bp}we.G*vU6WQ%P16r[RQ&Q*6YR{rSepfRr40E*T"
2023-05-18T20:47:56.564986735Z
2023-05-18T20:47:56.565016365Z 🌀  flux start --wrap=strace,-e,network,-tt -o --config /etc/flux/config -Scron.directory=/etc/flux/system/cron.d   -Stbon.fanout=256   -Srundir=/run/flux    -Sstatedir=/var/lib/flux   -Slocal-uri=local:///run/flux/local -Stbon.connect_timeout=9s  -Stbon.zmqdebug=1  -Slog-stderr-level=6    -Slog-stderr-mode=local
2023-05-18T20:47:56.608925006Z 20:47:56.608672 socket(AF_NETLINK, SOCK_RAW, NETLINK_ROUTE) = 8
2023-05-18T20:47:56.609040656Z 20:47:56.608910 bind(8, {sa_family=AF_NETLINK, nl_pid=0, nl_groups=00000000}, 12) = 0
2023-05-18T20:47:56.609273660Z 20:47:56.608994 getsockname(8, {sa_family=AF_NETLINK, nl_pid=70, nl_groups=00000000}, [12]) = 0
2023-05-18T20:47:56.609495651Z 20:47:56.609224 sendto(8, {{len=20, type=RTM_GETADDR, flags=NLM_F_REQUEST|NLM_F_DUMP, seq=1684442876, pid=0}, {ifa_family=AF_UNSPEC, ...}}, 20, 0, {sa_family=AF_NETLINK, nl_pid=0, nl_groups=00000000}, 12) = 20
2023-05-18T20:47:56.610042901Z 20:47:56.609455 recvmsg(8, {msg_name={sa_family=AF_NETLINK, nl_pid=0, nl_groups=00000000}, msg_namelen=12, msg_iov=[{iov_base=[{{len=76, type=RTM_NEWADDR, flags=NLM_F_MULTI, seq=1684442876, pid=70}, {ifa_family=AF_INET, ifa_prefixlen=8, ifa_flags=IFA_F_PERMANENT, ifa_scope=RT_SCOPE_HOST, ifa_index=if_nametoindex("lo")}, [{{nla_len=8, nla_type=IFA_ADDRESS}, 127.0.0.1}, {{nla_len=8, nla_type=IFA_LOCAL}, 127.0.0.1}, {{nla_len=7, nla_type=IFA_LABEL}, "lo"}, {{nla_len=8, nla_type=IFA_FLAGS}, IFA_F_PERMANENT}, {{nla_len=20, nla_type=IFA_CACHEINFO}, {ifa_prefered=4294967295, ifa_valid=4294967295, cstamp=2342026, tstamp=2342026}}]}, {{len=88, type=RTM_NEWADDR, flags=NLM_F_MULTI, seq=1684442876, pid=70}, {ifa_family=AF_INET, ifa_prefixlen=24, ifa_flags=IFA_F_PERMANENT, ifa_scope=RT_SCOPE_UNIVERSE, ifa_index=if_nametoindex("eth0")}, [{{nla_len=8, nla_type=IFA_ADDRESS}, 10.24.2.140}, {{nla_len=8, nla_type=IFA_LOCAL}, 10.24.2.140}, {{nla_len=8, nla_type=IFA_BROADCAST}, 10.24.2.255}, {{nla_len=9, nla_type=IFA_LABEL}, "eth0"}, {{nla_len=8, nla_type=IFA_FLAGS}, IFA_F_PERMANENT}, {{nla_len=20, nla_type=IFA_CACHEINFO}, {ifa_prefered=4294967295, ifa_valid=4294967295, cstamp=2342030, tstamp=2342030}}]}], iov_len=4096}], msg_iovlen=1, msg_controllen=0, msg_flags=0}, 0) = 164
2023-05-18T20:47:56.610187192Z 20:47:56.609935 recvmsg(8, {msg_name={sa_family=AF_NETLINK, nl_pid=0, nl_groups=00000000}, msg_namelen=12, msg_iov=[{iov_base={{len=20, type=NLMSG_DONE, flags=NLM_F_MULTI, seq=1684442876, pid=70}, 0}, iov_len=4096}], msg_iovlen=1, msg_controllen=0, msg_flags=0}, 0) = 20
2023-05-18T20:47:56.610858873Z 20:47:56.610595 socket(AF_UNIX, SOCK_STREAM|SOCK_CLOEXEC|SOCK_NONBLOCK, 0) = 8
2023-05-18T20:47:56.610963005Z 20:47:56.610811 connect(8, {sa_family=AF_UNIX, sun_path="/var/run/nscd/socket"}, 110) = -1 ENOENT (No such file or directory)
2023-05-18T20:47:56.611064676Z 20:47:56.610957 socket(AF_UNIX, SOCK_STREAM|SOCK_CLOEXEC|SOCK_NONBLOCK, 0) = 8
2023-05-18T20:47:56.611176201Z 20:47:56.611027 connect(8, {sa_family=AF_UNIX, sun_path="/var/run/nscd/socket"}, 110) = -1 ENOENT (No such file or directory)
2023-05-18T20:47:56.612924036Z 20:47:56.612578 socket(AF_INET, SOCK_DGRAM|SOCK_CLOEXEC|SOCK_NONBLOCK, IPPROTO_IP) = 8
2023-05-18T20:47:56.613026067Z 20:47:56.612758 connect(8, {sa_family=AF_INET, sin_port=htons(53), sin_addr=inet_addr("169.254.169.254")}, 16) = 0
2023-05-18T20:47:56.613536164Z 20:47:56.613075 sendto(8, "N\5\1\0\0\1\0\0\0\0\0\0\rflux-sample-0\fflux-"..., 76, MSG_NOSIGNAL, NULL, 0) = 76
2023-05-18T20:47:56.617816700Z 20:47:56.617526 recvfrom(8, "N\5\201\200\0\1\0\1\0\0\0\0\rflux-sample-0\fflux-"..., 1024, 0, {sa_family=AF_INET, sin_port=htons(53), sin_addr=inet_addr("169.254.169.254")}, [28->16]) = 92
2023-05-18T20:47:56.622803590Z broker.info[2]: start: none->join 1.97803ms
2023-05-18T20:48:05.807798151Z broker.info[2]: parent-ready: join->init 9.18464s
2023-05-18T20:48:05.808671211Z 20:48:05.807722 socketpair(AF_UNIX, SOCK_STREAM|SOCK_CLOEXEC, 0, [22, 23]) = 0
2023-05-18T20:48:05.808957650Z 20:48:05.807928 socketpair(AF_UNIX, SOCK_STREAM, 0, [24, 25]) = 0
2023-05-18T20:48:05.809134955Z 20:48:05.808235 socketpair(AF_UNIX, SOCK_STREAM, 0, [26, 27]) = 0
2023-05-18T20:48:05.809292244Z 20:48:05.808477 socketpair(AF_UNIX, SOCK_STREAM, 0, [28, 29]) = 0
2023-05-18T20:48:05.833438428Z broker.info[2]: configuration updated
2023-05-18T20:48:05.963860120Z broker.info[2]: rc1.0: running /etc/flux/rc1.d/01-sched-fluxion
2023-05-18T20:48:05.977597929Z broker.info[2]: rc1.0: running /etc/flux/rc1.d/02-cron
2023-05-18T20:48:06.003085129Z broker.info[2]: rc1.0: /etc/flux/rc1 Exited (rc=0) 0.2s
2023-05-18T20:48:06.003891803Z broker.info[2]: rc1-success: init->quorum 0.195944s
2023-05-18T20:48:06.783765026Z broker.info[2]: quorum-full: quorum->run 0.77931s
2023-05-18T20:48:18.367361469Z broker.info[2]: shutdown: run->cleanup 11.5835s
2023-05-18T20:48:18.369328837Z broker.info[2]: cleanup-none: cleanup->shutdown 1.14072ms
2023-05-18T20:48:18.370912670Z broker.info[2]: children-none: shutdown->finalize 0.982814ms
2023-05-18T20:48:18.371597548Z 20:48:18.371323 socketpair(AF_UNIX, SOCK_STREAM|SOCK_CLOEXEC, 0, [22, 23]) = 0
2023-05-18T20:48:18.371829248Z 20:48:18.371579 socketpair(AF_UNIX, SOCK_STREAM, 0, [24, 25]) = 0
2023-05-18T20:48:18.372124874Z 20:48:18.371927 socketpair(AF_UNIX, SOCK_STREAM, 0, [26, 28]) = 0
2023-05-18T20:48:18.372496140Z 20:48:18.372334 socketpair(AF_UNIX, SOCK_STREAM, 0, [58, 59]) = 0
2023-05-18T20:48:18.390211823Z broker.info[2]: rc3.0: running /etc/flux/rc3.d/01-sched-fluxion
2023-05-18T20:48:18.526514116Z broker.info[2]: rc3.0: /etc/flux/rc3 Exited (rc=0) 0.2s
2023-05-18T20:48:18.527792052Z broker.info[2]: rc3-success: finalize->goodbye 0.15629s
2023-05-18T20:48:18.529557596Z broker.info[2]: goodbye: goodbye->exit 1.02134ms
2023-05-18T20:48:18.538186820Z 20:48:18.537933 +++ exited with 0 +++
2023-05-18T20:48:18.539563616Z Return value for follower worker is 0
2023-05-18T20:48:18.539594515Z The follower worker exited cleanly. Goodbye!
