2023-05-18T18:46:22.174246676Z
2023-05-18T18:46:22.176263084Z Flux username: flux
2023-05-18T18:46:22.176287158Z
2023-05-18T18:46:22.176293248Z Flux install root: /usr
2023-05-18T18:46:22.220254357Z flux user is already added.
2023-05-18T18:46:22.223140437Z flux user identifiers:
2023-05-18T18:46:22.223166203Z uid=1234(flux) gid=1234(flux) groups=1234(flux)
2023-05-18T18:46:22.223172741Z
2023-05-18T18:46:22.223181517Z As Flux prefix for flux commands: sudo -u flux -E PYTHONPATH=/opt/conda/lib/python3.10/site-packages -E PATH=/opt/conda/bin:/usr/local/sbin:/usr/local/bin:/usr/sbin:/usr/bin:/sbin:/bin -E LD_LIBRARY_PATH=/opt/conda/lib -E HOME=/home/flux
2023-05-18T18:46:22.230731339Z
2023-05-18T18:46:22.230765850Z ðŸ‘‹ Hello, I'm flux-sample-2
2023-05-18T18:46:22.230908197Z The main host is flux-sample-0
2023-05-18T18:46:22.230920273Z The working directory is /home/flux/examples/reaxff/HNS, contents include:
2023-05-18T18:46:22.233254084Z /home/flux/examples/reaxff/HNS:
2023-05-18T18:46:22.233381445Z README.txt	ffield.reax.hns  log.8Mar18.reaxc.hns.g++.1
2023-05-18T18:46:22.233393494Z data.hns-equil	in.reaxc.hns	 log.8Mar18.reaxc.hns.g++.4
2023-05-18T18:46:22.233539075Z End of file listing, if you see nothing above there are no files.
2023-05-18T18:46:22.235850848Z flux R encode --hosts=flux-sample-[0-3]
2023-05-18T18:46:22.250445376Z
2023-05-18T18:46:22.250476551Z ðŸ“¦ Resources
2023-05-18T18:46:22.252209178Z {"version": 1, "execution": {"R_lite": [{"rank": "0-3", "children": {"core": "0"}}], "starttime": 0.0, "expiration": 0.0, "nodelist": ["flux-sample-[0-3]"]}}
2023-05-18T18:46:22.252622549Z
2023-05-18T18:46:22.252653837Z ðŸ¸ Diagnostics: false
2023-05-18T18:46:22.252962634Z ðŸš©ï¸ Flux Option Flags defined
2023-05-18T18:46:22.257395635Z
2023-05-18T18:46:22.257418666Z ðŸ¦Š Independent Minister of Privilege
2023-05-18T18:46:22.258813255Z [exec]
2023-05-18T18:46:22.258832331Z allowed-users = [ "flux", "root" ]
2023-05-18T18:46:22.258838517Z allowed-shells = [ "/usr/libexec/flux/flux-shell" ]
2023-05-18T18:46:22.259035317Z
2023-05-18T18:46:22.259049985Z ðŸ¸ Broker Configuration
2023-05-18T18:46:22.260284354Z # Flux needs to know the path to the IMP executable
2023-05-18T18:46:22.260300968Z [exec]
2023-05-18T18:46:22.260307675Z imp = "/usr/libexec/flux/flux-imp"
2023-05-18T18:46:22.260314988Z
2023-05-18T18:46:22.260320934Z [access]
2023-05-18T18:46:22.260326588Z allow-guest-user = true
2023-05-18T18:46:22.260331073Z allow-root-owner = true
2023-05-18T18:46:22.260335592Z
2023-05-18T18:46:22.260340210Z # Point to resource definition generated with flux-R(1).
2023-05-18T18:46:22.260345397Z [resource]
2023-05-18T18:46:22.260350686Z path = "/etc/flux/system/R"
2023-05-18T18:46:22.260357964Z
2023-05-18T18:46:22.260364344Z [bootstrap]
2023-05-18T18:46:22.260369530Z curve_cert = "/etc/curve/curve.cert"
2023-05-18T18:46:22.260374981Z default_port = 8050
2023-05-18T18:46:22.260380040Z default_bind = "tcp://eth0:%p"
2023-05-18T18:46:22.260385448Z default_connect = "tcp://%h.flux-service.flux-operator.svc.cluster.local:%p"
2023-05-18T18:46:22.260390019Z hosts = [
2023-05-18T18:46:22.260394778Z 	{ host="flux-sample-[0-3]"},
2023-05-18T18:46:22.260401857Z ]
2023-05-18T18:46:22.260407749Z
2023-05-18T18:46:22.260412801Z [archive]
2023-05-18T18:46:22.260417712Z dbpath = "/var/lib/flux/job-archive.sqlite"
2023-05-18T18:46:22.260422953Z period = "1m"
2023-05-18T18:46:22.345401519Z busytimeout = "50s"
2023-05-18T18:46:22.345430248Z ðŸ§Šï¸ State Directory:
2023-05-18T18:46:22.345438537Z total 0
2023-05-18T18:46:22.345444478Z
2023-05-18T18:46:22.348469383Z
2023-05-18T18:46:22.348499850Z ðŸ”’ï¸ Working directory permissions:
2023-05-18T18:46:22.348506651Z total 96
2023-05-18T18:46:22.348512285Z -rwxrwxrwx 1 flux root  2517 May 17 22:32 README.txt
2023-05-18T18:46:22.348517453Z -rwxrwxrwx 1 flux root 54692 May 17 22:32 data.hns-equil
2023-05-18T18:46:22.348522864Z -rwxrwxrwx 1 flux root 13576 May 17 22:32 ffield.reax.hns
2023-05-18T18:46:22.348527953Z -rwxrwxrwx 1 flux root   870 May 17 22:32 in.reaxc.hns
2023-05-18T18:46:22.348557709Z -rwxrwxrwx 1 flux root  4172 May 17 22:32 log.8Mar18.reaxc.hns.g++.1
2023-05-18T18:46:22.348565740Z -rwxrwxrwx 1 flux root  4168 May 17 22:32 log.8Mar18.reaxc.hns.g++.4
2023-05-18T18:46:22.348575854Z
2023-05-18T18:46:22.348760223Z
2023-05-18T18:46:22.348915424Z âœ¨ Curve certificate generated by helper pod
2023-05-18T18:46:22.351198496Z #   ****  Generated on 2023-04-26 22:54:42 by CZMQ  ****
2023-05-18T18:46:22.351226281Z #   ZeroMQ CURVE **Secret** Certificate
2023-05-18T18:46:22.351232548Z #   DO NOT PROVIDE THIS FILE TO OTHER USERS nor change its permissions.
2023-05-18T18:46:22.351237483Z
2023-05-18T18:46:22.351242236Z metadata
2023-05-18T18:46:22.351247577Z     name = "flux-cert-generator"
2023-05-18T18:46:22.351254492Z     keygen.hostname = "flux-sample-0"
2023-05-18T18:46:22.351261140Z curve
2023-05-18T18:46:22.351266912Z     public-key = "sVbn3+-rpe:%dAI5^D=C1XOEgng[)Fa}#N:q=Aq&"
2023-05-18T18:46:22.351271976Z     secret-key = "Zk]uDXfHz)mdK7zvByourpXvfqUbBk^PynSFSz@e"
2023-05-18T18:46:22.353863151Z
2023-05-18T18:46:22.353899665Z ðŸŒ€  flux start --wrap=strace,-e,network,-tt -o --config /etc/flux/config -Scron.directory=/etc/flux/system/cron.d   -Stbon.fanout=256   -Srundir=/run/flux    -Sstatedir=/var/lib/flux   -Slocal-uri=local:///run/flux/local -Stbon.connect_timeout=5s  -Stbon.zmqdebug=1  -Slog-stderr-level=6    -Slog-stderr-mode=local
2023-05-18T18:46:22.396995855Z 18:46:22.396372 socket(AF_NETLINK, SOCK_RAW, NETLINK_ROUTE) = 8
2023-05-18T18:46:22.398002482Z 18:46:22.396953 bind(8, {sa_family=AF_NETLINK, nl_pid=0, nl_groups=00000000}, 12) = 0
2023-05-18T18:46:22.398055272Z 18:46:22.397242 getsockname(8, {sa_family=AF_NETLINK, nl_pid=71, nl_groups=00000000}, [12]) = 0
2023-05-18T18:46:22.398065653Z 18:46:22.397346 sendto(8, {{len=20, type=RTM_GETADDR, flags=NLM_F_REQUEST|NLM_F_DUMP, seq=1684435582, pid=0}, {ifa_family=AF_UNSPEC, ...}}, 20, 0, {sa_family=AF_NETLINK, nl_pid=0, nl_groups=00000000}, 12) = 20
2023-05-18T18:46:22.398235057Z 18:46:22.397640 recvmsg(8, {msg_name={sa_family=AF_NETLINK, nl_pid=0, nl_groups=00000000}, msg_namelen=12, msg_iov=[{iov_base=[{{len=76, type=RTM_NEWADDR, flags=NLM_F_MULTI, seq=1684435582, pid=71}, {ifa_family=AF_INET, ifa_prefixlen=8, ifa_flags=IFA_F_PERMANENT, ifa_scope=RT_SCOPE_HOST, ifa_index=if_nametoindex("lo")}, [{{nla_len=8, nla_type=IFA_ADDRESS}, 127.0.0.1}, {{nla_len=8, nla_type=IFA_LOCAL}, 127.0.0.1}, {{nla_len=7, nla_type=IFA_LABEL}, "lo"}, {{nla_len=8, nla_type=IFA_FLAGS}, IFA_F_PERMANENT}, {{nla_len=20, nla_type=IFA_CACHEINFO}, {ifa_prefered=4294967295, ifa_valid=4294967295, cstamp=1612601, tstamp=1612601}}]}, {{len=88, type=RTM_NEWADDR, flags=NLM_F_MULTI, seq=1684435582, pid=71}, {ifa_family=AF_INET, ifa_prefixlen=24, ifa_flags=IFA_F_PERMANENT, ifa_scope=RT_SCOPE_UNIVERSE, ifa_index=if_nametoindex("eth0")}, [{{nla_len=8, nla_type=IFA_ADDRESS}, 10.24.2.109}, {{nla_len=8, nla_type=IFA_LOCAL}, 10.24.2.109}, {{nla_len=8, nla_type=IFA_BROADCAST}, 10.24.2.255}, {{nla_len=9, nla_type=IFA_LABEL}, "eth0"}, {{nla_len=8, nla_type=IFA_FLAGS}, IFA_F_PERMANENT}, {{nla_len=20, nla_type=IFA_CACHEINFO}, {ifa_prefered=4294967295, ifa_valid=4294967295, cstamp=1612604, tstamp=1612604}}]}], iov_len=4096}], msg_iovlen=1, msg_controllen=0, msg_flags=0}, 0) = 164
2023-05-18T18:46:22.398253186Z 18:46:22.397997 recvmsg(8, {msg_name={sa_family=AF_NETLINK, nl_pid=0, nl_groups=00000000}, msg_namelen=12, msg_iov=[{iov_base={{len=20, type=NLMSG_DONE, flags=NLM_F_MULTI, seq=1684435582, pid=71}, 0}, iov_len=4096}], msg_iovlen=1, msg_controllen=0, msg_flags=0}, 0) = 20
2023-05-18T18:46:22.399141755Z 18:46:22.398826 socket(AF_UNIX, SOCK_STREAM|SOCK_CLOEXEC|SOCK_NONBLOCK, 0) = 8
2023-05-18T18:46:22.399307667Z 18:46:22.398911 connect(8, {sa_family=AF_UNIX, sun_path="/var/run/nscd/socket"}, 110) = -1 ENOENT (No such file or directory)
2023-05-18T18:46:22.399386673Z 18:46:22.399025 socket(AF_UNIX, SOCK_STREAM|SOCK_CLOEXEC|SOCK_NONBLOCK, 0) = 8
2023-05-18T18:46:22.399395567Z 18:46:22.399081 connect(8, {sa_family=AF_UNIX, sun_path="/var/run/nscd/socket"}, 110) = -1 ENOENT (No such file or directory)
2023-05-18T18:46:22.401751697Z 18:46:22.401458 socket(AF_INET, SOCK_DGRAM|SOCK_CLOEXEC|SOCK_NONBLOCK, IPPROTO_IP) = 8
2023-05-18T18:46:22.401775062Z 18:46:22.401545 connect(8, {sa_family=AF_INET, sin_port=htons(53), sin_addr=inet_addr("169.254.169.254")}, 16) = 0
2023-05-18T18:46:22.402330287Z 18:46:22.401846 sendto(8, "\215\253\1\0\0\1\0\0\0\0\0\0\rflux-sample-0\fflux-"..., 76, MSG_NOSIGNAL, NULL, 0) = 76
2023-05-18T18:46:22.405346233Z 18:46:22.405041 recvfrom(8, "\215\253\201\200\0\1\0\1\0\0\0\0\rflux-sample-0\fflux-"..., 1024, 0, {sa_family=AF_INET, sin_port=htons(53), sin_addr=inet_addr("169.254.169.254")}, [28->16]) = 92
2023-05-18T18:46:22.411793232Z broker.info[2]: start: none->join 2.68043ms
2023-05-18T18:46:22.420532841Z broker.info[2]: parent-ready: join->init 8.3306ms
2023-05-18T18:46:22.421046722Z 18:46:22.420742 socketpair(AF_UNIX, SOCK_STREAM|SOCK_CLOEXEC, 0, [22, 23]) = 0
2023-05-18T18:46:22.421430126Z 18:46:22.421156 socketpair(AF_UNIX, SOCK_STREAM, 0, [24, 25]) = 0
2023-05-18T18:46:22.421958337Z 18:46:22.421598 socketpair(AF_UNIX, SOCK_STREAM, 0, [26, 27]) = 0
2023-05-18T18:46:22.422551677Z 18:46:22.422232 socketpair(AF_UNIX, SOCK_STREAM, 0, [28, 29]) = 0
2023-05-18T18:46:22.445676756Z broker.info[2]: configuration updated
2023-05-18T18:46:22.589693946Z broker.info[2]: rc1.0: running /etc/flux/rc1.d/01-sched-fluxion
2023-05-18T18:46:22.602983658Z broker.info[2]: rc1.0: running /etc/flux/rc1.d/02-cron
2023-05-18T18:46:22.630720480Z broker.info[2]: rc1.0: /etc/flux/rc1 Exited (rc=0) 0.2s
2023-05-18T18:46:22.632136767Z broker.info[2]: rc1-success: init->quorum 0.21116s
2023-05-18T18:46:26.630371750Z broker.info[2]: quorum-full: quorum->run 3.99788s
2023-05-18T18:46:38.892504693Z broker.info[2]: shutdown: run->cleanup 12.2619s
2023-05-18T18:46:38.894164446Z broker.info[2]: cleanup-none: cleanup->shutdown 1.39864ms
2023-05-18T18:46:38.895903240Z broker.info[2]: children-none: shutdown->finalize 0.996062ms
2023-05-18T18:46:38.896707211Z 18:46:38.895994 socketpair(AF_UNIX, SOCK_STREAM|SOCK_CLOEXEC, 0, [22, 23]) = 0
2023-05-18T18:46:38.896732627Z 18:46:38.896187 socketpair(AF_UNIX, SOCK_STREAM, 0, [24, 25]) = 0
2023-05-18T18:46:38.896821536Z 18:46:38.896378 socketpair(AF_UNIX, SOCK_STREAM, 0, [26, 28]) = 0
2023-05-18T18:46:38.897073699Z 18:46:38.896721 socketpair(AF_UNIX, SOCK_STREAM, 0, [58, 59]) = 0
2023-05-18T18:46:38.915736325Z broker.info[2]: rc3.0: running /etc/flux/rc3.d/01-sched-fluxion
2023-05-18T18:46:39.059962605Z broker.info[2]: rc3.0: /etc/flux/rc3 Exited (rc=0) 0.2s
2023-05-18T18:46:39.060874141Z broker.info[2]: rc3-success: finalize->goodbye 0.164615s
2023-05-18T18:46:39.062018909Z broker.info[2]: goodbye: goodbye->exit 1.12009ms
2023-05-18T18:46:39.070114882Z 18:46:39.069891 +++ exited with 0 +++
2023-05-18T18:46:39.071606969Z Return value for follower worker is 0
2023-05-18T18:46:39.071696971Z The follower worker exited cleanly. Goodbye!
