2023-05-18T20:55:23.936083981Z
2023-05-18T20:55:23.936691117Z Flux username: flux
2023-05-18T20:55:23.937023501Z
2023-05-18T20:55:23.937039463Z Flux install root: /usr
2023-05-18T20:55:23.999118913Z flux user is already added.
2023-05-18T20:55:24.004386448Z flux user identifiers:
2023-05-18T20:55:24.004445252Z uid=1234(flux) gid=1234(flux) groups=1234(flux)
2023-05-18T20:55:24.004461924Z
2023-05-18T20:55:24.004468398Z As Flux prefix for flux commands: sudo -u flux -E PYTHONPATH=/opt/conda/lib/python3.10/site-packages -E PATH=/opt/conda/bin:/usr/local/sbin:/usr/local/bin:/usr/sbin:/usr/bin:/sbin:/bin -E LD_LIBRARY_PATH=/opt/conda/lib -E HOME=/home/flux
2023-05-18T20:55:24.015316732Z
2023-05-18T20:55:24.015375877Z ðŸ‘‹ Hello, I'm flux-sample-1
2023-05-18T20:55:24.015396539Z The main host is flux-sample-0
2023-05-18T20:55:24.015405320Z The working directory is /home/flux/examples/reaxff/HNS, contents include:
2023-05-18T20:55:24.018479985Z /home/flux/examples/reaxff/HNS:
2023-05-18T20:55:24.018730732Z README.txt	ffield.reax.hns  log.8Mar18.reaxc.hns.g++.1
2023-05-18T20:55:24.018745297Z data.hns-equil	in.reaxc.hns	 log.8Mar18.reaxc.hns.g++.4
2023-05-18T20:55:24.019066771Z End of file listing, if you see nothing above there are no files.
2023-05-18T20:55:24.022313833Z flux R encode --hosts=flux-sample-[0-3]
2023-05-18T20:55:24.041287493Z
2023-05-18T20:55:24.041346129Z ðŸ“¦ Resources
2023-05-18T20:55:24.043262258Z {"version": 1, "execution": {"R_lite": [{"rank": "0-3", "children": {"core": "0"}}], "starttime": 0.0, "expiration": 0.0, "nodelist": ["flux-sample-[0-3]"]}}
2023-05-18T20:55:24.043485792Z
2023-05-18T20:55:24.043501213Z ðŸ¸ Diagnostics: false
2023-05-18T20:55:24.043738455Z ðŸš©ï¸ Flux Option Flags defined
2023-05-18T20:55:24.048943348Z
2023-05-18T20:55:24.048997122Z ðŸ¦Š Independent Minister of Privilege
2023-05-18T20:55:24.050639144Z [exec]
2023-05-18T20:55:24.050669309Z allowed-users = [ "flux", "root" ]
2023-05-18T20:55:24.050678503Z allowed-shells = [ "/usr/libexec/flux/flux-shell" ]
2023-05-18T20:55:24.050869854Z
2023-05-18T20:55:24.050884641Z ðŸ¸ Broker Configuration
2023-05-18T20:55:24.052446191Z # Flux needs to know the path to the IMP executable
2023-05-18T20:55:24.052467054Z [exec]
2023-05-18T20:55:24.052473291Z imp = "/usr/libexec/flux/flux-imp"
2023-05-18T20:55:24.052477724Z
2023-05-18T20:55:24.052484474Z [access]
2023-05-18T20:55:24.052491893Z allow-guest-user = true
2023-05-18T20:55:24.052496787Z allow-root-owner = true
2023-05-18T20:55:24.052501371Z
2023-05-18T20:55:24.052506894Z # Point to resource definition generated with flux-R(1).
2023-05-18T20:55:24.052511667Z [resource]
2023-05-18T20:55:24.052518684Z path = "/etc/flux/system/R"
2023-05-18T20:55:24.052523483Z
2023-05-18T20:55:24.052530752Z [bootstrap]
2023-05-18T20:55:24.052537884Z curve_cert = "/etc/curve/curve.cert"
2023-05-18T20:55:24.052543920Z default_port = 8050
2023-05-18T20:55:24.052549536Z default_bind = "tcp://eth0:%p"
2023-05-18T20:55:24.052555394Z default_connect = "tcp://%h.flux-service.flux-operator.svc.cluster.local:%p"
2023-05-18T20:55:24.052560214Z hosts = [
2023-05-18T20:55:24.052564965Z 	{ host="flux-sample-[0-3]"},
2023-05-18T20:55:24.052569541Z ]
2023-05-18T20:55:24.052576172Z
2023-05-18T20:55:24.052582403Z [archive]
2023-05-18T20:55:24.052587456Z dbpath = "/var/lib/flux/job-archive.sqlite"
2023-05-18T20:55:24.052592180Z period = "1m"
2023-05-18T20:55:24.160431941Z busytimeout = "50s"
2023-05-18T20:55:24.160468160Z ðŸ§Šï¸ State Directory:
2023-05-18T20:55:24.160474750Z total 0
2023-05-18T20:55:24.160481008Z
2023-05-18T20:55:24.164406351Z
2023-05-18T20:55:24.164443014Z ðŸ”’ï¸ Working directory permissions:
2023-05-18T20:55:24.164449558Z total 96
2023-05-18T20:55:24.164455822Z -rwxrwxrwx 1 flux root  2517 May 17 22:32 README.txt
2023-05-18T20:55:24.164460886Z -rwxrwxrwx 1 flux root 54692 May 17 22:32 data.hns-equil
2023-05-18T20:55:24.164465480Z -rwxrwxrwx 1 flux root 13576 May 17 22:32 ffield.reax.hns
2023-05-18T20:55:24.164473649Z -rwxrwxrwx 1 flux root   870 May 17 22:32 in.reaxc.hns
2023-05-18T20:55:24.164480796Z -rwxrwxrwx 1 flux root  4172 May 17 22:32 log.8Mar18.reaxc.hns.g++.1
2023-05-18T20:55:24.164485716Z -rwxrwxrwx 1 flux root  4168 May 17 22:32 log.8Mar18.reaxc.hns.g++.4
2023-05-18T20:55:24.164490076Z
2023-05-18T20:55:24.164701076Z
2023-05-18T20:55:24.164715073Z âœ¨ Curve certificate generated by helper pod
2023-05-18T20:55:24.166944708Z #   ****  Generated on 2023-04-26 22:54:42 by CZMQ  ****
2023-05-18T20:55:24.166991154Z #   ZeroMQ CURVE **Secret** Certificate
2023-05-18T20:55:24.166999863Z #   DO NOT PROVIDE THIS FILE TO OTHER USERS nor change its permissions.
2023-05-18T20:55:24.167006247Z
2023-05-18T20:55:24.167010971Z metadata
2023-05-18T20:55:24.167017878Z     name = "flux-cert-generator"
2023-05-18T20:55:24.167029971Z     keygen.hostname = "flux-sample-0"
2023-05-18T20:55:24.167034746Z curve
2023-05-18T20:55:24.167042184Z     public-key = "wk)duzIcgFWr9O0f([v)yHqt{u5]ys?vHa)B-QdV"
2023-05-18T20:55:24.167049319Z     secret-key = "GZ%$Sl)O462f6xtq%ZQZMJQ&+Lq)bJjLVsLFw{g["
2023-05-18T20:55:24.171802524Z
2023-05-18T20:55:24.181445895Z ðŸŒ€  flux start --wrap=strace,-e,network,-tt -o --config /etc/flux/config -Scron.directory=/etc/flux/system/cron.d   -Stbon.fanout=256   -Srundir=/run/flux    -Sstatedir=/var/lib/flux   -Slocal-uri=local:///run/flux/local   -Stbon.zmqdebug=1  -Slog-stderr-level=6    -Slog-stderr-mode=local
2023-05-18T20:55:24.238202140Z 20:55:24.237642 socket(AF_NETLINK, SOCK_RAW, NETLINK_ROUTE) = 8
2023-05-18T20:55:24.238654917Z 20:55:24.238314 bind(8, {sa_family=AF_NETLINK, nl_pid=0, nl_groups=00000000}, 12) = 0
2023-05-18T20:55:24.239055883Z 20:55:24.238729 getsockname(8, {sa_family=AF_NETLINK, nl_pid=70, nl_groups=00000000}, [12]) = 0
2023-05-18T20:55:24.239647619Z 20:55:24.239155 sendto(8, {{len=20, type=RTM_GETADDR, flags=NLM_F_REQUEST|NLM_F_DUMP, seq=1684443324, pid=0}, {ifa_family=AF_UNSPEC, ...}}, 20, 0, {sa_family=AF_NETLINK, nl_pid=0, nl_groups=00000000}, 12) = 20
2023-05-18T20:55:24.240459628Z 20:55:24.239730 recvmsg(8, {msg_name={sa_family=AF_NETLINK, nl_pid=0, nl_groups=00000000}, msg_namelen=12, msg_iov=[{iov_base=[{{len=76, type=RTM_NEWADDR, flags=NLM_F_MULTI, seq=1684443324, pid=70}, {ifa_family=AF_INET, ifa_prefixlen=8, ifa_flags=IFA_F_PERMANENT, ifa_scope=RT_SCOPE_HOST, ifa_index=if_nametoindex("lo")}, [{{nla_len=8, nla_type=IFA_ADDRESS}, 127.0.0.1}, {{nla_len=8, nla_type=IFA_LOCAL}, 127.0.0.1}, {{nla_len=7, nla_type=IFA_LABEL}, "lo"}, {{nla_len=8, nla_type=IFA_FLAGS}, IFA_F_PERMANENT}, {{nla_len=20, nla_type=IFA_CACHEINFO}, {ifa_prefered=4294967295, ifa_valid=4294967295, cstamp=2386723, tstamp=2386723}}]}, {{len=88, type=RTM_NEWADDR, flags=NLM_F_MULTI, seq=1684443324, pid=70}, {ifa_family=AF_INET, ifa_prefixlen=24, ifa_flags=IFA_F_PERMANENT, ifa_scope=RT_SCOPE_UNIVERSE, ifa_index=if_nametoindex("eth0")}, [{{nla_len=8, nla_type=IFA_ADDRESS}, 10.24.3.172}, {{nla_len=8, nla_type=IFA_LOCAL}, 10.24.3.172}, {{nla_len=8, nla_type=IFA_BROADCAST}, 10.24.3.255}, {{nla_len=9, nla_type=IFA_LABEL}, "eth0"}, {{nla_len=8, nla_type=IFA_FLAGS}, IFA_F_PERMANENT}, {{nla_len=20, nla_type=IFA_CACHEINFO}, {ifa_prefered=4294967295, ifa_valid=4294967295, cstamp=2386727, tstamp=2386727}}]}], iov_len=4096}], msg_iovlen=1, msg_controllen=0, msg_flags=0}, 0) = 164
2023-05-18T20:55:24.240958067Z 20:55:24.240572 recvmsg(8, {msg_name={sa_family=AF_NETLINK, nl_pid=0, nl_groups=00000000}, msg_namelen=12, msg_iov=[{iov_base={{len=20, type=NLMSG_DONE, flags=NLM_F_MULTI, seq=1684443324, pid=70}, 0}, iov_len=4096}], msg_iovlen=1, msg_controllen=0, msg_flags=0}, 0) = 20
2023-05-18T20:55:24.241903568Z 20:55:24.241572 socket(AF_UNIX, SOCK_STREAM|SOCK_CLOEXEC|SOCK_NONBLOCK, 0) = 8
2023-05-18T20:55:24.242413769Z 20:55:24.242022 connect(8, {sa_family=AF_UNIX, sun_path="/var/run/nscd/socket"}, 110) = -1 ENOENT (No such file or directory)
2023-05-18T20:55:24.242882031Z 20:55:24.242588 socket(AF_UNIX, SOCK_STREAM|SOCK_CLOEXEC|SOCK_NONBLOCK, 0) = 8
2023-05-18T20:55:24.243347758Z 20:55:24.242980 connect(8, {sa_family=AF_UNIX, sun_path="/var/run/nscd/socket"}, 110) = -1 ENOENT (No such file or directory)
2023-05-18T20:55:24.245078450Z 20:55:24.244732 socket(AF_INET, SOCK_DGRAM|SOCK_CLOEXEC|SOCK_NONBLOCK, IPPROTO_IP) = 8
2023-05-18T20:55:24.245528664Z 20:55:24.245205 connect(8, {sa_family=AF_INET, sin_port=htons(53), sin_addr=inet_addr("169.254.169.254")}, 16) = 0
2023-05-18T20:55:24.246278192Z 20:55:24.245702 sendto(8, "\325\204\1\0\0\1\0\0\0\0\0\0\rflux-sample-0\fflux-"..., 76, MSG_NOSIGNAL, NULL, 0) = 76
2023-05-18T20:55:24.250394486Z 20:55:24.249886 recvfrom(8, "\325\204\201\200\0\1\0\1\0\0\0\0\rflux-sample-0\fflux-"..., 1024, 0, {sa_family=AF_INET, sin_port=htons(53), sin_addr=inet_addr("169.254.169.254")}, [28->16]) = 92
2023-05-18T20:55:24.256249112Z broker.info[1]: start: none->join 2.19126ms
2023-05-18T20:55:24.648583254Z broker.info[1]: parent-ready: join->init 0.391624s
2023-05-18T20:55:24.648903431Z 20:55:24.648582 socketpair(AF_UNIX, SOCK_STREAM|SOCK_CLOEXEC, 0, [22, 23]) = 0
2023-05-18T20:55:24.649053550Z 20:55:24.648878 socketpair(AF_UNIX, SOCK_STREAM, 0, [24, 25]) = 0
2023-05-18T20:55:24.649575122Z 20:55:24.649190 socketpair(AF_UNIX, SOCK_STREAM, 0, [26, 27]) = 0
2023-05-18T20:55:24.650347950Z 20:55:24.649841 socketpair(AF_UNIX, SOCK_STREAM, 0, [28, 29]) = 0
2023-05-18T20:55:24.684913556Z broker.info[1]: configuration updated
2023-05-18T20:55:24.862779172Z broker.info[1]: rc1.0: running /etc/flux/rc1.d/01-sched-fluxion
2023-05-18T20:55:24.878875152Z broker.info[1]: rc1.0: running /etc/flux/rc1.d/02-cron
2023-05-18T20:55:24.927666068Z broker.info[1]: rc1.0: /etc/flux/rc1 Exited (rc=0) 0.3s
2023-05-18T20:55:24.927744254Z broker.info[1]: rc1-success: init->quorum 0.275712s
2023-05-18T20:55:25.441226796Z broker.info[1]: quorum-full: quorum->run 0.516025s
2023-05-18T20:55:36.838361689Z broker.info[1]: shutdown: run->cleanup 11.3967s
2023-05-18T20:55:36.839595385Z broker.info[1]: cleanup-none: cleanup->shutdown 0.876269ms
2023-05-18T20:55:36.840777315Z broker.info[1]: children-none: shutdown->finalize 0.887954ms
2023-05-18T20:55:36.841879620Z 20:55:36.841485 socketpair(AF_UNIX, SOCK_STREAM|SOCK_CLOEXEC, 0, [22, 23]) = 0
2023-05-18T20:55:36.842089061Z 20:55:36.841876 socketpair(AF_UNIX, SOCK_STREAM, 0, [24, 25]) = 0
2023-05-18T20:55:36.842502660Z 20:55:36.842270 socketpair(AF_UNIX, SOCK_STREAM, 0, [26, 28]) = 0
2023-05-18T20:55:36.842911575Z 20:55:36.842675 socketpair(AF_UNIX, SOCK_STREAM, 0, [58, 59]) = 0
2023-05-18T20:55:36.866033190Z broker.info[1]: rc3.0: running /etc/flux/rc3.d/01-sched-fluxion
2023-05-18T20:55:37.052843038Z broker.info[1]: rc3.0: /etc/flux/rc3 Exited (rc=0) 0.2s
2023-05-18T20:55:37.053553976Z broker.info[1]: rc3-success: finalize->goodbye 0.211862s
2023-05-18T20:55:37.054530015Z broker.info[1]: goodbye: goodbye->exit 0.710508ms
2023-05-18T20:55:37.063383256Z 20:55:37.063001 +++ exited with 0 +++
2023-05-18T20:55:37.065828432Z Return value for follower worker is 0
2023-05-18T20:55:37.066100445Z The follower worker exited cleanly. Goodbye!
