2023-05-18T18:42:06.041325588Z
2023-05-18T18:42:06.041391628Z Flux username: flux
2023-05-18T18:42:06.041400027Z
2023-05-18T18:42:06.041406249Z Flux install root: /usr
2023-05-18T18:42:06.094374120Z flux user is already added.
2023-05-18T18:42:06.097637012Z flux user identifiers:
2023-05-18T18:42:06.097670167Z uid=1234(flux) gid=1234(flux) groups=1234(flux)
2023-05-18T18:42:06.097676145Z
2023-05-18T18:42:06.097759425Z As Flux prefix for flux commands: sudo -u flux -E PYTHONPATH=/opt/conda/lib/python3.10/site-packages -E PATH=/opt/conda/bin:/usr/local/sbin:/usr/local/bin:/usr/sbin:/usr/bin:/sbin:/bin -E LD_LIBRARY_PATH=/opt/conda/lib -E HOME=/home/flux
2023-05-18T18:42:06.107029704Z
2023-05-18T18:42:06.107069683Z ðŸ‘‹ Hello, I'm flux-sample-2
2023-05-18T18:42:06.107147984Z The main host is flux-sample-0
2023-05-18T18:42:06.107159220Z The working directory is /home/flux/examples/reaxff/HNS, contents include:
2023-05-18T18:42:06.109112689Z /home/flux/examples/reaxff/HNS:
2023-05-18T18:42:06.109304690Z README.txt	ffield.reax.hns  log.8Mar18.reaxc.hns.g++.1
2023-05-18T18:42:06.109319551Z data.hns-equil	in.reaxc.hns	 log.8Mar18.reaxc.hns.g++.4
2023-05-18T18:42:06.109571503Z End of file listing, if you see nothing above there are no files.
2023-05-18T18:42:06.111839349Z flux R encode --hosts=flux-sample-[0-3]
2023-05-18T18:42:06.127464113Z
2023-05-18T18:42:06.127504225Z ðŸ“¦ Resources
2023-05-18T18:42:06.129421875Z {"version": 1, "execution": {"R_lite": [{"rank": "0-3", "children": {"core": "0"}}], "starttime": 0.0, "expiration": 0.0, "nodelist": ["flux-sample-[0-3]"]}}
2023-05-18T18:42:06.129760488Z
2023-05-18T18:42:06.129781604Z ðŸ¸ Diagnostics: false
2023-05-18T18:42:06.129995246Z ðŸš©ï¸ Flux Option Flags defined
2023-05-18T18:42:06.134708291Z
2023-05-18T18:42:06.134731515Z ðŸ¦Š Independent Minister of Privilege
2023-05-18T18:42:06.136012698Z [exec]
2023-05-18T18:42:06.136030062Z allowed-users = [ "flux", "root" ]
2023-05-18T18:42:06.136038445Z allowed-shells = [ "/usr/libexec/flux/flux-shell" ]
2023-05-18T18:42:06.136274931Z
2023-05-18T18:42:06.136290834Z ðŸ¸ Broker Configuration
2023-05-18T18:42:06.137623177Z # Flux needs to know the path to the IMP executable
2023-05-18T18:42:06.137647522Z [exec]
2023-05-18T18:42:06.137654499Z imp = "/usr/libexec/flux/flux-imp"
2023-05-18T18:42:06.137659341Z
2023-05-18T18:42:06.137666442Z [access]
2023-05-18T18:42:06.137672474Z allow-guest-user = true
2023-05-18T18:42:06.137677193Z allow-root-owner = true
2023-05-18T18:42:06.137681541Z
2023-05-18T18:42:06.137686353Z # Point to resource definition generated with flux-R(1).
2023-05-18T18:42:06.137691445Z [resource]
2023-05-18T18:42:06.137697356Z path = "/etc/flux/system/R"
2023-05-18T18:42:06.137702668Z
2023-05-18T18:42:06.137709848Z [bootstrap]
2023-05-18T18:42:06.137715562Z curve_cert = "/etc/curve/curve.cert"
2023-05-18T18:42:06.137720621Z default_port = 8050
2023-05-18T18:42:06.137726148Z default_bind = "tcp://eth0:%p"
2023-05-18T18:42:06.137732110Z default_connect = "tcp://%h.flux-service.flux-operator.svc.cluster.local:%p"
2023-05-18T18:42:06.137737360Z hosts = [
2023-05-18T18:42:06.137742159Z 	{ host="flux-sample-[0-3]"},
2023-05-18T18:42:06.137746728Z ]
2023-05-18T18:42:06.137753332Z
2023-05-18T18:42:06.137759213Z [archive]
2023-05-18T18:42:06.137764022Z dbpath = "/var/lib/flux/job-archive.sqlite"
2023-05-18T18:42:06.137768565Z period = "1m"
2023-05-18T18:42:06.221467194Z busytimeout = "50s"
2023-05-18T18:42:06.221499377Z ðŸ§Šï¸ State Directory:
2023-05-18T18:42:06.221505763Z total 0
2023-05-18T18:42:06.221511309Z
2023-05-18T18:42:06.224743598Z
2023-05-18T18:42:06.224788777Z ðŸ”’ï¸ Working directory permissions:
2023-05-18T18:42:06.224794470Z total 96
2023-05-18T18:42:06.224802495Z -rwxrwxrwx 1 flux root  2517 May 17 22:32 README.txt
2023-05-18T18:42:06.224809157Z -rwxrwxrwx 1 flux root 54692 May 17 22:32 data.hns-equil
2023-05-18T18:42:06.224814924Z -rwxrwxrwx 1 flux root 13576 May 17 22:32 ffield.reax.hns
2023-05-18T18:42:06.224820758Z -rwxrwxrwx 1 flux root   870 May 17 22:32 in.reaxc.hns
2023-05-18T18:42:06.224827487Z -rwxrwxrwx 1 flux root  4172 May 17 22:32 log.8Mar18.reaxc.hns.g++.1
2023-05-18T18:42:06.224833205Z -rwxrwxrwx 1 flux root  4168 May 17 22:32 log.8Mar18.reaxc.hns.g++.4
2023-05-18T18:42:06.224837729Z
2023-05-18T18:42:06.224843185Z
2023-05-18T18:42:06.224850633Z âœ¨ Curve certificate generated by helper pod
2023-05-18T18:42:06.226250265Z #   ****  Generated on 2023-04-26 22:54:42 by CZMQ  ****
2023-05-18T18:42:06.226271595Z #   ZeroMQ CURVE **Secret** Certificate
2023-05-18T18:42:06.226299925Z #   DO NOT PROVIDE THIS FILE TO OTHER USERS nor change its permissions.
2023-05-18T18:42:06.226307704Z
2023-05-18T18:42:06.226312842Z metadata
2023-05-18T18:42:06.226318657Z     name = "flux-cert-generator"
2023-05-18T18:42:06.226323755Z     keygen.hostname = "flux-sample-0"
2023-05-18T18:42:06.226328630Z curve
2023-05-18T18:42:06.226333695Z     public-key = "HocJzy=@Bo!#H@E{IFFeZirT.^tp*>v/w^FSxpRU"
2023-05-18T18:42:06.226340976Z     secret-key = "g?)d#GT!V78<{BuC!J.{51H7@8Wnq{yi3[fM[+}i"
2023-05-18T18:42:06.228153036Z
2023-05-18T18:42:06.228191513Z ðŸŒ€  flux start --wrap=strace,-e,network,-tt -o --config /etc/flux/config -Scron.directory=/etc/flux/system/cron.d   -Stbon.fanout=256   -Srundir=/run/flux    -Sstatedir=/var/lib/flux   -Slocal-uri=local:///run/flux/local -Stbon.connect_timeout=5s  -Stbon.zmqdebug=1  -Slog-stderr-level=6    -Slog-stderr-mode=local
2023-05-18T18:42:06.268804978Z 18:42:06.268340 socket(AF_NETLINK, SOCK_RAW, NETLINK_ROUTE) = 8
2023-05-18T18:42:06.268836204Z 18:42:06.268472 bind(8, {sa_family=AF_NETLINK, nl_pid=0, nl_groups=00000000}, 12) = 0
2023-05-18T18:42:06.268842713Z 18:42:06.268576 getsockname(8, {sa_family=AF_NETLINK, nl_pid=70, nl_groups=00000000}, [12]) = 0
2023-05-18T18:42:06.269127786Z 18:42:06.268643 sendto(8, {{len=20, type=RTM_GETADDR, flags=NLM_F_REQUEST|NLM_F_DUMP, seq=1684435326, pid=0}, {ifa_family=AF_UNSPEC, ...}}, 20, 0, {sa_family=AF_NETLINK, nl_pid=0, nl_groups=00000000}, 12) = 20
2023-05-18T18:42:06.269496461Z 18:42:06.268967 recvmsg(8, {msg_name={sa_family=AF_NETLINK, nl_pid=0, nl_groups=00000000}, msg_namelen=12, msg_iov=[{iov_base=[{{len=76, type=RTM_NEWADDR, flags=NLM_F_MULTI, seq=1684435326, pid=70}, {ifa_family=AF_INET, ifa_prefixlen=8, ifa_flags=IFA_F_PERMANENT, ifa_scope=RT_SCOPE_HOST, ifa_index=if_nametoindex("lo")}, [{{nla_len=8, nla_type=IFA_ADDRESS}, 127.0.0.1}, {{nla_len=8, nla_type=IFA_LOCAL}, 127.0.0.1}, {{nla_len=7, nla_type=IFA_LABEL}, "lo"}, {{nla_len=8, nla_type=IFA_FLAGS}, IFA_F_PERMANENT}, {{nla_len=20, nla_type=IFA_CACHEINFO}, {ifa_prefered=4294967295, ifa_valid=4294967295, cstamp=1587160, tstamp=1587160}}]}, {{len=88, type=RTM_NEWADDR, flags=NLM_F_MULTI, seq=1684435326, pid=70}, {ifa_family=AF_INET, ifa_prefixlen=24, ifa_flags=IFA_F_PERMANENT, ifa_scope=RT_SCOPE_UNIVERSE, ifa_index=if_nametoindex("eth0")}, [{{nla_len=8, nla_type=IFA_ADDRESS}, 10.24.0.98}, {{nla_len=8, nla_type=IFA_LOCAL}, 10.24.0.98}, {{nla_len=8, nla_type=IFA_BROADCAST}, 10.24.0.255}, {{nla_len=9, nla_type=IFA_LABEL}, "eth0"}, {{nla_len=8, nla_type=IFA_FLAGS}, IFA_F_PERMANENT}, {{nla_len=20, nla_type=IFA_CACHEINFO}, {ifa_prefered=4294967295, ifa_valid=4294967295, cstamp=1587162, tstamp=1587162}}]}], iov_len=4096}], msg_iovlen=1, msg_controllen=0, msg_flags=0}, 0) = 164
2023-05-18T18:42:06.269515533Z 18:42:06.269287 recvmsg(8, {msg_name={sa_family=AF_NETLINK, nl_pid=0, nl_groups=00000000}, msg_namelen=12, msg_iov=[{iov_base={{len=20, type=NLMSG_DONE, flags=NLM_F_MULTI, seq=1684435326, pid=70}, 0}, iov_len=4096}], msg_iovlen=1, msg_controllen=0, msg_flags=0}, 0) = 20
2023-05-18T18:42:06.270095382Z 18:42:06.269893 socket(AF_UNIX, SOCK_STREAM|SOCK_CLOEXEC|SOCK_NONBLOCK, 0) = 8
2023-05-18T18:42:06.270343007Z 18:42:06.269971 connect(8, {sa_family=AF_UNIX, sun_path="/var/run/nscd/socket"}, 110) = -1 ENOENT (No such file or directory)
2023-05-18T18:42:06.270356410Z 18:42:06.270124 socket(AF_UNIX, SOCK_STREAM|SOCK_CLOEXEC|SOCK_NONBLOCK, 0) = 8
2023-05-18T18:42:06.270361832Z 18:42:06.270183 connect(8, {sa_family=AF_UNIX, sun_path="/var/run/nscd/socket"}, 110) = -1 ENOENT (No such file or directory)
2023-05-18T18:42:06.271790427Z 18:42:06.271584 socket(AF_INET, SOCK_DGRAM|SOCK_CLOEXEC|SOCK_NONBLOCK, IPPROTO_IP) = 8
2023-05-18T18:42:06.272360460Z 18:42:06.271663 connect(8, {sa_family=AF_INET, sin_port=htons(53), sin_addr=inet_addr("169.254.169.254")}, 16) = 0
2023-05-18T18:42:06.272377574Z 18:42:06.271791 sendto(8, "\201\203\1\0\0\1\0\0\0\0\0\0\rflux-sample-0\fflux-"..., 76, MSG_NOSIGNAL, NULL, 0) = 76
2023-05-18T18:42:06.275009311Z 18:42:06.274670 recvfrom(8, "\201\203\201\200\0\1\0\1\0\0\0\0\rflux-sample-0\fflux-"..., 1024, 0, {sa_family=AF_INET, sin_port=htons(53), sin_addr=inet_addr("169.254.169.254")}, [28->16]) = 92
2023-05-18T18:42:06.279900631Z broker.info[2]: start: none->join 1.96129ms
2023-05-18T18:42:11.402952678Z broker.info[2]: parent-ready: join->init 5.12242s
2023-05-18T18:42:11.403138744Z 18:42:11.402429 socketpair(AF_UNIX, SOCK_STREAM|SOCK_CLOEXEC, 0, [22, 23]) = 0
2023-05-18T18:42:11.403152657Z 18:42:11.402598 socketpair(AF_UNIX, SOCK_STREAM, 0, [24, 25]) = 0
2023-05-18T18:42:11.403174927Z 18:42:11.402809 socketpair(AF_UNIX, SOCK_STREAM, 0, [26, 27]) = 0
2023-05-18T18:42:11.403201026Z 18:42:11.402995 socketpair(AF_UNIX, SOCK_STREAM, 0, [28, 29]) = 0
2023-05-18T18:42:11.430555631Z broker.info[2]: configuration updated
2023-05-18T18:42:11.556143449Z broker.info[2]: rc1.0: running /etc/flux/rc1.d/01-sched-fluxion
2023-05-18T18:42:11.576828556Z broker.info[2]: rc1.0: running /etc/flux/rc1.d/02-cron
2023-05-18T18:42:11.604497388Z broker.info[2]: rc1.0: /etc/flux/rc1 Exited (rc=0) 0.2s
2023-05-18T18:42:11.605349345Z broker.info[2]: rc1-success: init->quorum 0.202722s
2023-05-18T18:42:12.186393171Z broker.info[2]: quorum-full: quorum->run 0.580624s
2023-05-18T18:42:25.231286135Z broker.info[2]: shutdown: run->cleanup 13.0442s
2023-05-18T18:42:25.233258382Z broker.info[2]: cleanup-none: cleanup->shutdown 1.98518ms
2023-05-18T18:42:25.234962050Z broker.info[2]: children-none: shutdown->finalize 1.06235ms
2023-05-18T18:42:25.235927477Z 18:42:25.235018 socketpair(AF_UNIX, SOCK_STREAM|SOCK_CLOEXEC, 0, [22, 23]) = 0
2023-05-18T18:42:25.236480269Z 18:42:25.235329 socketpair(AF_UNIX, SOCK_STREAM, 0, [24, 25]) = 0
2023-05-18T18:42:25.236562897Z 18:42:25.235679 socketpair(AF_UNIX, SOCK_STREAM, 0, [26, 28]) = 0
2023-05-18T18:42:25.236580911Z 18:42:25.236037 socketpair(AF_UNIX, SOCK_STREAM, 0, [58, 59]) = 0
2023-05-18T18:42:25.257143605Z broker.info[2]: rc3.0: running /etc/flux/rc3.d/01-sched-fluxion
2023-05-18T18:42:25.403436683Z broker.info[2]: rc3.0: /etc/flux/rc3 Exited (rc=0) 0.2s
2023-05-18T18:42:25.404809318Z broker.info[2]: rc3-success: finalize->goodbye 0.169635s
2023-05-18T18:42:25.406438373Z broker.info[2]: goodbye: goodbye->exit 1.02827ms
2023-05-18T18:42:25.414524945Z 18:42:25.414346 +++ exited with 0 +++
2023-05-18T18:42:25.415916870Z Return value for follower worker is 0
2023-05-18T18:42:25.416382578Z The follower worker exited cleanly. Goodbye!
