2023-05-18T18:21:37.985080411Z
2023-05-18T18:21:37.985119819Z Flux username: flux
2023-05-18T18:21:37.985144458Z
2023-05-18T18:21:37.985149895Z Flux install root: /usr
2023-05-18T18:21:38.028633404Z flux user is already added.
2023-05-18T18:21:38.031427173Z flux user identifiers:
2023-05-18T18:21:38.031445805Z uid=1234(flux) gid=1234(flux) groups=1234(flux)
2023-05-18T18:21:38.031579641Z
2023-05-18T18:21:38.031595006Z As Flux prefix for flux commands: sudo -u flux -E PYTHONPATH=/opt/conda/lib/python3.10/site-packages -E PATH=/opt/conda/bin:/usr/local/sbin:/usr/local/bin:/usr/sbin:/usr/bin:/sbin:/bin -E LD_LIBRARY_PATH=/opt/conda/lib -E HOME=/home/flux
2023-05-18T18:21:38.039575421Z
2023-05-18T18:21:38.039595593Z ðŸ‘‹ Hello, I'm flux-sample-3
2023-05-18T18:21:38.039707077Z The main host is flux-sample-0
2023-05-18T18:21:38.039716450Z The working directory is /home/flux/examples/reaxff/HNS, contents include:
2023-05-18T18:21:38.041346002Z /home/flux/examples/reaxff/HNS:
2023-05-18T18:21:38.041431312Z README.txt	ffield.reax.hns  log.8Mar18.reaxc.hns.g++.1
2023-05-18T18:21:38.041441332Z data.hns-equil	in.reaxc.hns	 log.8Mar18.reaxc.hns.g++.4
2023-05-18T18:21:38.041691422Z End of file listing, if you see nothing above there are no files.
2023-05-18T18:21:38.043550400Z flux R encode --hosts=flux-sample-[0-3]
2023-05-18T18:21:38.059348346Z
2023-05-18T18:21:38.059371852Z ðŸ“¦ Resources
2023-05-18T18:21:38.060742928Z {"version": 1, "execution": {"R_lite": [{"rank": "0-3", "children": {"core": "0"}}], "starttime": 0.0, "expiration": 0.0, "nodelist": ["flux-sample-[0-3]"]}}
2023-05-18T18:21:38.060965627Z
2023-05-18T18:21:38.060981722Z ðŸ¸ Diagnostics: false
2023-05-18T18:21:38.061179728Z ðŸš©ï¸ Flux Option Flags defined
2023-05-18T18:21:38.064815195Z
2023-05-18T18:21:38.064835610Z ðŸ¦Š Independent Minister of Privilege
2023-05-18T18:21:38.066185437Z [exec]
2023-05-18T18:21:38.066204306Z allowed-users = [ "flux", "root" ]
2023-05-18T18:21:38.066212186Z allowed-shells = [ "/usr/libexec/flux/flux-shell" ]
2023-05-18T18:21:38.066381295Z
2023-05-18T18:21:38.066395459Z ðŸ¸ Broker Configuration
2023-05-18T18:21:38.067617686Z # Flux needs to know the path to the IMP executable
2023-05-18T18:21:38.067635130Z [exec]
2023-05-18T18:21:38.067642700Z imp = "/usr/libexec/flux/flux-imp"
2023-05-18T18:21:38.067649447Z
2023-05-18T18:21:38.067656229Z [access]
2023-05-18T18:21:38.067665115Z allow-guest-user = true
2023-05-18T18:21:38.067673079Z allow-root-owner = true
2023-05-18T18:21:38.067679926Z
2023-05-18T18:21:38.067686576Z # Point to resource definition generated with flux-R(1).
2023-05-18T18:21:38.067693289Z [resource]
2023-05-18T18:21:38.067700140Z path = "/etc/flux/system/R"
2023-05-18T18:21:38.067706415Z
2023-05-18T18:21:38.067713049Z [bootstrap]
2023-05-18T18:21:38.067721167Z curve_cert = "/etc/curve/curve.cert"
2023-05-18T18:21:38.067729105Z default_port = 8050
2023-05-18T18:21:38.067736039Z default_bind = "tcp://eth0:%p"
2023-05-18T18:21:38.067743683Z default_connect = "tcp://%h.flux-service.flux-operator.svc.cluster.local:%p"
2023-05-18T18:21:38.067750475Z hosts = [
2023-05-18T18:21:38.067756940Z 	{ host="flux-sample-[0-3]"},
2023-05-18T18:21:38.067763639Z ]
2023-05-18T18:21:38.067769775Z
2023-05-18T18:21:38.067777711Z [archive]
2023-05-18T18:21:38.067785272Z dbpath = "/var/lib/flux/job-archive.sqlite"
2023-05-18T18:21:38.067792927Z period = "1m"
2023-05-18T18:21:38.142113708Z busytimeout = "50s"
2023-05-18T18:21:38.142156943Z ðŸ§Šï¸ State Directory:
2023-05-18T18:21:38.142164226Z total 0
2023-05-18T18:21:38.142169165Z
2023-05-18T18:21:38.145002733Z
2023-05-18T18:21:38.145045723Z ðŸ”’ï¸ Working directory permissions:
2023-05-18T18:21:38.145052856Z total 96
2023-05-18T18:21:38.145058156Z -rwxrwxrwx 1 flux root  2517 May 17 22:32 README.txt
2023-05-18T18:21:38.145069962Z -rwxrwxrwx 1 flux root 54692 May 17 22:32 data.hns-equil
2023-05-18T18:21:38.145076093Z -rwxrwxrwx 1 flux root 13576 May 17 22:32 ffield.reax.hns
2023-05-18T18:21:38.145080974Z -rwxrwxrwx 1 flux root   870 May 17 22:32 in.reaxc.hns
2023-05-18T18:21:38.145256269Z -rwxrwxrwx 1 flux root  4172 May 17 22:32 log.8Mar18.reaxc.hns.g++.1
2023-05-18T18:21:38.145269038Z -rwxrwxrwx 1 flux root  4168 May 17 22:32 log.8Mar18.reaxc.hns.g++.4
2023-05-18T18:21:38.145273695Z
2023-05-18T18:21:38.145278359Z
2023-05-18T18:21:38.145285738Z âœ¨ Curve certificate generated by helper pod
2023-05-18T18:21:38.146711847Z #   ****  Generated on 2023-04-26 22:54:42 by CZMQ  ****
2023-05-18T18:21:38.146727759Z #   ZeroMQ CURVE **Secret** Certificate
2023-05-18T18:21:38.146745631Z #   DO NOT PROVIDE THIS FILE TO OTHER USERS nor change its permissions.
2023-05-18T18:21:38.146751839Z
2023-05-18T18:21:38.146757319Z metadata
2023-05-18T18:21:38.146762918Z     name = "flux-cert-generator"
2023-05-18T18:21:38.146768490Z     keygen.hostname = "flux-sample-0"
2023-05-18T18:21:38.146773300Z curve
2023-05-18T18:21:38.146778818Z     public-key = "u9Mj}+0P!q5}NsOLk#NLC0o6oOb8s[bfmIFb[^1="
2023-05-18T18:21:38.146783549Z     secret-key = "g#t2kDYdFtl@AR)*Z)C#Zbjb.20r.KIpQ9/nmjJc"
2023-05-18T18:21:38.149086055Z
2023-05-18T18:21:38.149237001Z ðŸŒ€  flux start --wrap=strace,-e,network,-tt -o --config /etc/flux/config -Scron.directory=/etc/flux/system/cron.d   -Stbon.fanout=256   -Srundir=/run/flux    -Sstatedir=/var/lib/flux   -Slocal-uri=local:///run/flux/local -Stbon.connect_timeout=2s  -Stbon.zmqdebug=1  -Slog-stderr-level=6    -Slog-stderr-mode=local
2023-05-18T18:21:38.189555255Z 18:21:38.189165 socket(AF_NETLINK, SOCK_RAW, NETLINK_ROUTE) = 8
2023-05-18T18:21:38.189956536Z 18:21:38.189649 bind(8, {sa_family=AF_NETLINK, nl_pid=0, nl_groups=00000000}, 12) = 0
2023-05-18T18:21:38.190077924Z 18:21:38.189884 getsockname(8, {sa_family=AF_NETLINK, nl_pid=70, nl_groups=00000000}, [12]) = 0
2023-05-18T18:21:38.190343205Z 18:21:38.189961 sendto(8, {{len=20, type=RTM_GETADDR, flags=NLM_F_REQUEST|NLM_F_DUMP, seq=1684434098, pid=0}, {ifa_family=AF_UNSPEC, ...}}, 20, 0, {sa_family=AF_NETLINK, nl_pid=0, nl_groups=00000000}, 12) = 20
2023-05-18T18:21:38.190623522Z 18:21:38.190213 recvmsg(8, {msg_name={sa_family=AF_NETLINK, nl_pid=0, nl_groups=00000000}, msg_namelen=12, msg_iov=[{iov_base=[{{len=76, type=RTM_NEWADDR, flags=NLM_F_MULTI, seq=1684434098, pid=70}, {ifa_family=AF_INET, ifa_prefixlen=8, ifa_flags=IFA_F_PERMANENT, ifa_scope=RT_SCOPE_HOST, ifa_index=if_nametoindex("lo")}, [{{nla_len=8, nla_type=IFA_ADDRESS}, 127.0.0.1}, {{nla_len=8, nla_type=IFA_LOCAL}, 127.0.0.1}, {{nla_len=7, nla_type=IFA_LABEL}, "lo"}, {{nla_len=8, nla_type=IFA_FLAGS}, IFA_F_PERMANENT}, {{nla_len=20, nla_type=IFA_CACHEINFO}, {ifa_prefered=4294967295, ifa_valid=4294967295, cstamp=1464158, tstamp=1464158}}]}, {{len=88, type=RTM_NEWADDR, flags=NLM_F_MULTI, seq=1684434098, pid=70}, {ifa_family=AF_INET, ifa_prefixlen=24, ifa_flags=IFA_F_PERMANENT, ifa_scope=RT_SCOPE_UNIVERSE, ifa_index=if_nametoindex("eth0")}, [{{nla_len=8, nla_type=IFA_ADDRESS}, 10.24.3.47}, {{nla_len=8, nla_type=IFA_LOCAL}, 10.24.3.47}, {{nla_len=8, nla_type=IFA_BROADCAST}, 10.24.3.255}, {{nla_len=9, nla_type=IFA_LABEL}, "eth0"}, {{nla_len=8, nla_type=IFA_FLAGS}, IFA_F_PERMANENT}, {{nla_len=20, nla_type=IFA_CACHEINFO}, {ifa_prefered=4294967295, ifa_valid=4294967295, cstamp=1464161, tstamp=1464161}}]}], iov_len=4096}], msg_iovlen=1, msg_controllen=0, msg_flags=0}, 0) = 164
2023-05-18T18:21:38.190791162Z 18:21:38.190517 recvmsg(8, {msg_name={sa_family=AF_NETLINK, nl_pid=0, nl_groups=00000000}, msg_namelen=12, msg_iov=[{iov_base={{len=20, type=NLMSG_DONE, flags=NLM_F_MULTI, seq=1684434098, pid=70}, 0}, iov_len=4096}], msg_iovlen=1, msg_controllen=0, msg_flags=0}, 0) = 20
2023-05-18T18:21:38.191223901Z 18:21:38.191043 socket(AF_UNIX, SOCK_STREAM|SOCK_CLOEXEC|SOCK_NONBLOCK, 0) = 8
2023-05-18T18:21:38.191353646Z 18:21:38.191115 connect(8, {sa_family=AF_UNIX, sun_path="/var/run/nscd/socket"}, 110) = -1 ENOENT (No such file or directory)
2023-05-18T18:21:38.191365874Z 18:21:38.191242 socket(AF_UNIX, SOCK_STREAM|SOCK_CLOEXEC|SOCK_NONBLOCK, 0) = 8
2023-05-18T18:21:38.191470098Z 18:21:38.191297 connect(8, {sa_family=AF_UNIX, sun_path="/var/run/nscd/socket"}, 110) = -1 ENOENT (No such file or directory)
2023-05-18T18:21:38.192757155Z 18:21:38.192570 socket(AF_INET, SOCK_DGRAM|SOCK_CLOEXEC|SOCK_NONBLOCK, IPPROTO_IP) = 8
2023-05-18T18:21:38.193055002Z 18:21:38.192676 connect(8, {sa_family=AF_INET, sin_port=htons(53), sin_addr=inet_addr("169.254.169.254")}, 16) = 0
2023-05-18T18:21:38.193069841Z 18:21:38.192792 sendto(8, "\7\217\1\0\0\1\0\0\0\0\0\0\rflux-sample-0\fflux-"..., 76, MSG_NOSIGNAL, NULL, 0) = 76
2023-05-18T18:21:38.196817549Z 18:21:38.196586 recvfrom(8, "\7\217\201\200\0\1\0\1\0\0\0\0\rflux-sample-0\fflux-"..., 1024, 0, {sa_family=AF_INET, sin_port=htons(53), sin_addr=inet_addr("169.254.169.254")}, [28->16]) = 92
2023-05-18T18:21:38.209259872Z broker.info[3]: start: none->join 1.58181ms
2023-05-18T18:21:38.223894266Z broker.info[3]: parent-ready: join->init 14.5648ms
2023-05-18T18:21:38.224044829Z 18:21:38.223870 socketpair(AF_UNIX, SOCK_STREAM|SOCK_CLOEXEC, 0, [22, 23]) = 0
2023-05-18T18:21:38.224180597Z 18:21:38.223974 socketpair(AF_UNIX, SOCK_STREAM, 0, [24, 25]) = 0
2023-05-18T18:21:38.224382702Z 18:21:38.224188 socketpair(AF_UNIX, SOCK_STREAM, 0, [26, 27]) = 0
2023-05-18T18:21:38.224520327Z 18:21:38.224376 socketpair(AF_UNIX, SOCK_STREAM, 0, [28, 29]) = 0
2023-05-18T18:21:38.250169310Z broker.info[3]: configuration updated
2023-05-18T18:21:38.356741083Z broker.info[3]: rc1.0: running /etc/flux/rc1.d/01-sched-fluxion
2023-05-18T18:21:38.368865285Z broker.info[3]: rc1.0: running /etc/flux/rc1.d/02-cron
2023-05-18T18:21:38.391637233Z broker.info[3]: rc1.0: /etc/flux/rc1 Exited (rc=0) 0.2s
2023-05-18T18:21:38.392473594Z broker.info[3]: rc1-success: init->quorum 0.168422s
2023-05-18T18:21:39.559483597Z broker.info[3]: quorum-full: quorum->run 1.16655s
2023-05-18T18:21:40.133442523Z 18:21:40.133026 socketpair(AF_UNIX, SOCK_STREAM|SOCK_CLOEXEC, 0, [22, 23]) = 0
2023-05-18T18:21:40.133487649Z 18:21:40.133216 socketpair(AF_UNIX, SOCK_STREAM, 0, [24, 25]) = 0
2023-05-18T18:21:40.134092057Z 18:21:40.133885 socketpair(AF_UNIX, SOCK_STREAM, 0, [26, 28]) = 0
2023-05-18T18:21:40.134296347Z 18:21:40.134119 socketpair(AF_UNIX, SOCK_STREAM, 0, [58, 59]) = 0
2023-05-18T18:21:50.280733201Z broker.info[3]: shutdown: run->cleanup 10.7211s
2023-05-18T18:21:50.282801248Z broker.info[3]: cleanup-none: cleanup->shutdown 1.23658ms
2023-05-18T18:21:50.285672043Z broker.info[3]: children-none: shutdown->finalize 1.12172ms
2023-05-18T18:21:50.286345479Z 18:21:50.286084 socketpair(AF_UNIX, SOCK_STREAM|SOCK_CLOEXEC, 0, [22, 23]) = 0
2023-05-18T18:21:50.286757922Z 18:21:50.286428 socketpair(AF_UNIX, SOCK_STREAM, 0, [24, 25]) = 0
2023-05-18T18:21:50.287419351Z 18:21:50.286974 socketpair(AF_UNIX, SOCK_STREAM, 0, [26, 28]) = 0
2023-05-18T18:21:50.287962697Z 18:21:50.287654 socketpair(AF_UNIX, SOCK_STREAM, 0, [58, 59]) = 0
2023-05-18T18:21:50.305762426Z broker.info[3]: rc3.0: running /etc/flux/rc3.d/01-sched-fluxion
2023-05-18T18:21:50.432780433Z broker.info[3]: rc3.0: /etc/flux/rc3 Exited (rc=0) 0.1s
2023-05-18T18:21:50.434001289Z broker.info[3]: rc3-success: finalize->goodbye 0.147754s
2023-05-18T18:21:50.435441525Z broker.info[3]: goodbye: goodbye->exit 0.992273ms
2023-05-18T18:21:50.442893996Z 18:21:50.442735 +++ exited with 0 +++
2023-05-18T18:21:50.444043118Z Return value for follower worker is 0
2023-05-18T18:21:50.444068205Z The follower worker exited cleanly. Goodbye!
