2023-05-18T20:42:49.763945748Z
2023-05-18T20:42:49.763982764Z Flux username: flux
2023-05-18T20:42:49.763990576Z
2023-05-18T20:42:49.763996871Z Flux install root: /usr
2023-05-18T20:42:49.815562099Z flux user is already added.
2023-05-18T20:42:49.827421178Z flux user identifiers:
2023-05-18T20:42:49.828332730Z uid=1234(flux) gid=1234(flux) groups=1234(flux)
2023-05-18T20:42:49.828355190Z
2023-05-18T20:42:49.828359939Z As Flux prefix for flux commands: sudo -u flux -E PYTHONPATH=/opt/conda/lib/python3.10/site-packages -E PATH=/opt/conda/bin:/usr/local/sbin:/usr/local/bin:/usr/sbin:/usr/bin:/sbin:/bin -E LD_LIBRARY_PATH=/opt/conda/lib -E HOME=/home/flux
2023-05-18T20:42:49.829706487Z
2023-05-18T20:42:49.829750589Z ðŸ‘‹ Hello, I'm flux-sample-3
2023-05-18T20:42:49.829868859Z The main host is flux-sample-0
2023-05-18T20:42:49.829936445Z The working directory is /home/flux/examples/reaxff/HNS, contents include:
2023-05-18T20:42:49.832058784Z /home/flux/examples/reaxff/HNS:
2023-05-18T20:42:49.832078561Z README.txt	ffield.reax.hns  log.8Mar18.reaxc.hns.g++.1
2023-05-18T20:42:49.832085037Z data.hns-equil	in.reaxc.hns	 log.8Mar18.reaxc.hns.g++.4
2023-05-18T20:42:49.832341012Z End of file listing, if you see nothing above there are no files.
2023-05-18T20:42:49.834424002Z flux R encode --hosts=flux-sample-[0-3]
2023-05-18T20:42:49.851106103Z
2023-05-18T20:42:49.851130192Z ðŸ“¦ Resources
2023-05-18T20:42:49.852386240Z {"version": 1, "execution": {"R_lite": [{"rank": "0-3", "children": {"core": "0"}}], "starttime": 0.0, "expiration": 0.0, "nodelist": ["flux-sample-[0-3]"]}}
2023-05-18T20:42:49.852794084Z
2023-05-18T20:42:49.852812563Z ðŸ¸ Diagnostics: false
2023-05-18T20:42:49.852932860Z ðŸš©ï¸ Flux Option Flags defined
2023-05-18T20:42:49.856493996Z
2023-05-18T20:42:49.856521355Z ðŸ¦Š Independent Minister of Privilege
2023-05-18T20:42:49.857697851Z [exec]
2023-05-18T20:42:49.857713389Z allowed-users = [ "flux", "root" ]
2023-05-18T20:42:49.857719610Z allowed-shells = [ "/usr/libexec/flux/flux-shell" ]
2023-05-18T20:42:49.857919521Z
2023-05-18T20:42:49.857932854Z ðŸ¸ Broker Configuration
2023-05-18T20:42:49.859118356Z # Flux needs to know the path to the IMP executable
2023-05-18T20:42:49.859134879Z [exec]
2023-05-18T20:42:49.859140845Z imp = "/usr/libexec/flux/flux-imp"
2023-05-18T20:42:49.859145937Z
2023-05-18T20:42:49.859150881Z [access]
2023-05-18T20:42:49.859156751Z allow-guest-user = true
2023-05-18T20:42:49.859171982Z allow-root-owner = true
2023-05-18T20:42:49.859178717Z
2023-05-18T20:42:49.859184507Z # Point to resource definition generated with flux-R(1).
2023-05-18T20:42:49.859189371Z [resource]
2023-05-18T20:42:49.859194595Z path = "/etc/flux/system/R"
2023-05-18T20:42:49.859199059Z
2023-05-18T20:42:49.859204094Z [bootstrap]
2023-05-18T20:42:49.859209052Z curve_cert = "/etc/curve/curve.cert"
2023-05-18T20:42:49.859214377Z default_port = 8050
2023-05-18T20:42:49.859221629Z default_bind = "tcp://eth0:%p"
2023-05-18T20:42:49.859228026Z default_connect = "tcp://%h.flux-service.flux-operator.svc.cluster.local:%p"
2023-05-18T20:42:49.859233201Z hosts = [
2023-05-18T20:42:49.859246753Z 	{ host="flux-sample-[0-3]"},
2023-05-18T20:42:49.859251960Z ]
2023-05-18T20:42:49.859256159Z
2023-05-18T20:42:49.859260941Z [archive]
2023-05-18T20:42:49.859267606Z dbpath = "/var/lib/flux/job-archive.sqlite"
2023-05-18T20:42:49.859273791Z period = "1m"
2023-05-18T20:42:49.940104327Z busytimeout = "50s"
2023-05-18T20:42:49.940148481Z ðŸ§Šï¸ State Directory:
2023-05-18T20:42:49.940158163Z total 0
2023-05-18T20:42:49.940165088Z
2023-05-18T20:42:49.943282672Z
2023-05-18T20:42:49.943910246Z ðŸ”’ï¸ Working directory permissions:
2023-05-18T20:42:49.943934740Z total 96
2023-05-18T20:42:49.943942608Z -rwxrwxrwx 1 flux root  2517 May 17 22:32 README.txt
2023-05-18T20:42:49.944057776Z -rwxrwxrwx 1 flux root 54692 May 17 22:32 data.hns-equil
2023-05-18T20:42:49.944177524Z -rwxrwxrwx 1 flux root 13576 May 17 22:32 ffield.reax.hns
2023-05-18T20:42:49.944290986Z -rwxrwxrwx 1 flux root   870 May 17 22:32 in.reaxc.hns
2023-05-18T20:42:49.944410140Z -rwxrwxrwx 1 flux root  4172 May 17 22:32 log.8Mar18.reaxc.hns.g++.1
2023-05-18T20:42:49.944549335Z -rwxrwxrwx 1 flux root  4168 May 17 22:32 log.8Mar18.reaxc.hns.g++.4
2023-05-18T20:42:49.944665892Z
2023-05-18T20:42:49.944823687Z
2023-05-18T20:42:49.944946885Z âœ¨ Curve certificate generated by helper pod
2023-05-18T20:42:49.946614910Z #   ****  Generated on 2023-04-26 22:54:42 by CZMQ  ****
2023-05-18T20:42:49.946640250Z #   ZeroMQ CURVE **Secret** Certificate
2023-05-18T20:42:49.946648025Z #   DO NOT PROVIDE THIS FILE TO OTHER USERS nor change its permissions.
2023-05-18T20:42:49.946653819Z
2023-05-18T20:42:49.946659597Z metadata
2023-05-18T20:42:49.946668684Z     name = "flux-cert-generator"
2023-05-18T20:42:49.946673862Z     keygen.hostname = "flux-sample-0"
2023-05-18T20:42:49.946678975Z curve
2023-05-18T20:42:49.946683954Z     public-key = "s%eE?I>tg2ViK?wl%p6$ktV9NOF$Egs&zE6yvqoz"
2023-05-18T20:42:49.946691805Z     secret-key = "*yx6.*uZc]P}r:YMy>s-L(edKQ69TfXQj47!*Vs4"
2023-05-18T20:42:49.949183860Z
2023-05-18T20:42:49.949210435Z ðŸŒ€  flux start --wrap=strace,-e,network,-tt -o --config /etc/flux/config -Scron.directory=/etc/flux/system/cron.d   -Stbon.fanout=256   -Srundir=/run/flux    -Sstatedir=/var/lib/flux   -Slocal-uri=local:///run/flux/local -Stbon.connect_timeout=9s  -Stbon.zmqdebug=1  -Slog-stderr-level=6    -Slog-stderr-mode=local
2023-05-18T20:42:49.988213966Z 20:42:49.987798 socket(AF_NETLINK, SOCK_RAW, NETLINK_ROUTE) = 8
2023-05-18T20:42:49.988259682Z 20:42:49.987950 bind(8, {sa_family=AF_NETLINK, nl_pid=0, nl_groups=00000000}, 12) = 0
2023-05-18T20:42:49.988268227Z 20:42:49.988021 getsockname(8, {sa_family=AF_NETLINK, nl_pid=70, nl_groups=00000000}, [12]) = 0
2023-05-18T20:42:49.988382991Z 20:42:49.988086 sendto(8, {{len=20, type=RTM_GETADDR, flags=NLM_F_REQUEST|NLM_F_DUMP, seq=1684442569, pid=0}, {ifa_family=AF_UNSPEC, ...}}, 20, 0, {sa_family=AF_NETLINK, nl_pid=0, nl_groups=00000000}, 12) = 20
2023-05-18T20:42:49.988776006Z 20:42:49.988315 recvmsg(8, {msg_name={sa_family=AF_NETLINK, nl_pid=0, nl_groups=00000000}, msg_namelen=12, msg_iov=[{iov_base=[{{len=76, type=RTM_NEWADDR, flags=NLM_F_MULTI, seq=1684442569, pid=70}, {ifa_family=AF_INET, ifa_prefixlen=8, ifa_flags=IFA_F_PERMANENT, ifa_scope=RT_SCOPE_HOST, ifa_index=if_nametoindex("lo")}, [{{nla_len=8, nla_type=IFA_ADDRESS}, 127.0.0.1}, {{nla_len=8, nla_type=IFA_LOCAL}, 127.0.0.1}, {{nla_len=7, nla_type=IFA_LABEL}, "lo"}, {{nla_len=8, nla_type=IFA_FLAGS}, IFA_F_PERMANENT}, {{nla_len=20, nla_type=IFA_CACHEINFO}, {ifa_prefered=4294967295, ifa_valid=4294967295, cstamp=2311521, tstamp=2311521}}]}, {{len=88, type=RTM_NEWADDR, flags=NLM_F_MULTI, seq=1684442569, pid=70}, {ifa_family=AF_INET, ifa_prefixlen=24, ifa_flags=IFA_F_PERMANENT, ifa_scope=RT_SCOPE_UNIVERSE, ifa_index=if_nametoindex("eth0")}, [{{nla_len=8, nla_type=IFA_ADDRESS}, 10.24.1.19}, {{nla_len=8, nla_type=IFA_LOCAL}, 10.24.1.19}, {{nla_len=8, nla_type=IFA_BROADCAST}, 10.24.1.255}, {{nla_len=9, nla_type=IFA_LABEL}, "eth0"}, {{nla_len=8, nla_type=IFA_FLAGS}, IFA_F_PERMANENT}, {{nla_len=20, nla_type=IFA_CACHEINFO}, {ifa_prefered=4294967295, ifa_valid=4294967295, cstamp=2311524, tstamp=2311524}}]}], iov_len=4096}], msg_iovlen=1, msg_controllen=0, msg_flags=0}, 0) = 164
2023-05-18T20:42:49.988808460Z 20:42:49.988639 recvmsg(8, {msg_name={sa_family=AF_NETLINK, nl_pid=0, nl_groups=00000000}, msg_namelen=12, msg_iov=[{iov_base={{len=20, type=NLMSG_DONE, flags=NLM_F_MULTI, seq=1684442569, pid=70}, 0}, iov_len=4096}], msg_iovlen=1, msg_controllen=0, msg_flags=0}, 0) = 20
2023-05-18T20:42:49.989419956Z 20:42:49.989171 socket(AF_UNIX, SOCK_STREAM|SOCK_CLOEXEC|SOCK_NONBLOCK, 0) = 8
2023-05-18T20:42:49.989437912Z 20:42:49.989244 connect(8, {sa_family=AF_UNIX, sun_path="/var/run/nscd/socket"}, 110) = -1 ENOENT (No such file or directory)
2023-05-18T20:42:49.989560276Z 20:42:49.989366 socket(AF_UNIX, SOCK_STREAM|SOCK_CLOEXEC|SOCK_NONBLOCK, 0) = 8
2023-05-18T20:42:49.989648558Z 20:42:49.989423 connect(8, {sa_family=AF_UNIX, sun_path="/var/run/nscd/socket"}, 110) = -1 ENOENT (No such file or directory)
2023-05-18T20:42:49.991012215Z 20:42:49.990772 socket(AF_INET, SOCK_DGRAM|SOCK_CLOEXEC|SOCK_NONBLOCK, IPPROTO_IP) = 8
2023-05-18T20:42:49.991034131Z 20:42:49.990848 connect(8, {sa_family=AF_INET, sin_port=htons(53), sin_addr=inet_addr("169.254.169.254")}, 16) = 0
2023-05-18T20:42:49.991307063Z 20:42:49.990959 sendto(8, "l\202\1\0\0\1\0\0\0\0\0\0\rflux-sample-0\fflux-"..., 76, MSG_NOSIGNAL, NULL, 0) = 76
2023-05-18T20:42:49.995431113Z 20:42:49.995176 recvfrom(8, "l\202\201\200\0\1\0\1\0\0\0\0\rflux-sample-0\fflux-"..., 1024, 0, {sa_family=AF_INET, sin_port=htons(53), sin_addr=inet_addr("169.254.169.254")}, [28->16]) = 92
2023-05-18T20:42:49.999587110Z broker.info[3]: start: none->join 1.64218ms
2023-05-18T20:42:59.143124789Z broker.info[3]: parent-ready: join->init 9.14334s
2023-05-18T20:42:59.144040793Z 20:42:59.143758 socketpair(AF_UNIX, SOCK_STREAM|SOCK_CLOEXEC, 0, [22, 23]) = 0
2023-05-18T20:42:59.144238101Z 20:42:59.144022 socketpair(AF_UNIX, SOCK_STREAM, 0, [24, 25]) = 0
2023-05-18T20:42:59.144999911Z 20:42:59.144432 socketpair(AF_UNIX, SOCK_STREAM, 0, [26, 27]) = 0
2023-05-18T20:42:59.145189317Z 20:42:59.144776 socketpair(AF_UNIX, SOCK_STREAM, 0, [28, 29]) = 0
2023-05-18T20:42:59.170027604Z broker.info[3]: configuration updated
2023-05-18T20:42:59.285028547Z broker.info[3]: rc1.0: running /etc/flux/rc1.d/01-sched-fluxion
2023-05-18T20:42:59.305159672Z broker.info[3]: rc1.0: running /etc/flux/rc1.d/02-cron
2023-05-18T20:42:59.328238348Z broker.info[3]: rc1.0: /etc/flux/rc1 Exited (rc=0) 0.2s
2023-05-18T20:42:59.329379511Z broker.info[3]: rc1-success: init->quorum 0.185409s
2023-05-18T20:42:59.548345123Z broker.info[3]: quorum-full: quorum->run 0.218719s
2023-05-18T20:43:00.149615205Z 20:43:00.149298 socketpair(AF_UNIX, SOCK_STREAM|SOCK_CLOEXEC, 0, [22, 23]) = 0
2023-05-18T20:43:00.149879977Z 20:43:00.149658 socketpair(AF_UNIX, SOCK_STREAM, 0, [24, 25]) = 0
2023-05-18T20:43:00.150205487Z 20:43:00.150012 socketpair(AF_UNIX, SOCK_STREAM, 0, [26, 28]) = 0
2023-05-18T20:43:00.150720334Z 20:43:00.150361 socketpair(AF_UNIX, SOCK_STREAM, 0, [58, 59]) = 0
2023-05-18T20:43:10.658409874Z broker.info[3]: shutdown: run->cleanup 11.1098s
2023-05-18T20:43:10.660337903Z broker.info[3]: cleanup-none: cleanup->shutdown 1.09964ms
2023-05-18T20:43:10.661955575Z broker.info[3]: children-none: shutdown->finalize 0.999745ms
2023-05-18T20:43:10.662783909Z 20:43:10.662396 socketpair(AF_UNIX, SOCK_STREAM|SOCK_CLOEXEC, 0, [22, 23]) = 0
2023-05-18T20:43:10.663130005Z 20:43:10.662687 socketpair(AF_UNIX, SOCK_STREAM, 0, [24, 25]) = 0
2023-05-18T20:43:10.663611136Z 20:43:10.663437 socketpair(AF_UNIX, SOCK_STREAM, 0, [26, 28]) = 0
2023-05-18T20:43:10.663969375Z 20:43:10.663786 socketpair(AF_UNIX, SOCK_STREAM, 0, [58, 59]) = 0
2023-05-18T20:43:10.681488407Z broker.info[3]: rc3.0: running /etc/flux/rc3.d/01-sched-fluxion
2023-05-18T20:43:10.833738430Z broker.info[3]: rc3.0: /etc/flux/rc3 Exited (rc=0) 0.2s
2023-05-18T20:43:10.834411799Z broker.info[3]: rc3-success: finalize->goodbye 0.171838s
2023-05-18T20:43:10.835432957Z broker.info[3]: goodbye: goodbye->exit 0.83511ms
2023-05-18T20:43:10.842915622Z 20:43:10.842744 +++ exited with 0 +++
2023-05-18T20:43:10.844411378Z Return value for follower worker is 0
2023-05-18T20:43:10.844651900Z The follower worker exited cleanly. Goodbye!
