2023-05-18T19:26:00.458052822Z
2023-05-18T19:26:00.458118724Z Flux username: flux
2023-05-18T19:26:00.458127729Z
2023-05-18T19:26:00.458132920Z Flux install root: /usr
2023-05-18T19:26:00.506933861Z flux user is already added.
2023-05-18T19:26:00.509939388Z flux user identifiers:
2023-05-18T19:26:00.509971182Z uid=1234(flux) gid=1234(flux) groups=1234(flux)
2023-05-18T19:26:00.509977731Z
2023-05-18T19:26:00.509983215Z As Flux prefix for flux commands: sudo -u flux -E PYTHONPATH=/opt/conda/lib/python3.10/site-packages -E PATH=/opt/conda/bin:/usr/local/sbin:/usr/local/bin:/usr/sbin:/usr/bin:/sbin:/bin -E LD_LIBRARY_PATH=/opt/conda/lib -E HOME=/home/flux
2023-05-18T19:26:00.518834326Z
2023-05-18T19:26:00.518873604Z ðŸ‘‹ Hello, I'm flux-sample-1
2023-05-18T19:26:00.519040987Z The main host is flux-sample-0
2023-05-18T19:26:00.519053085Z The working directory is /home/flux/examples/reaxff/HNS, contents include:
2023-05-18T19:26:00.520734928Z /home/flux/examples/reaxff/HNS:
2023-05-18T19:26:00.520899992Z README.txt	ffield.reax.hns  log.8Mar18.reaxc.hns.g++.1
2023-05-18T19:26:00.520912350Z data.hns-equil	in.reaxc.hns	 log.8Mar18.reaxc.hns.g++.4
2023-05-18T19:26:00.521011900Z End of file listing, if you see nothing above there are no files.
2023-05-18T19:26:00.522829683Z flux R encode --hosts=flux-sample-[0-3]
2023-05-18T19:26:00.537291975Z
2023-05-18T19:26:00.537322812Z ðŸ“¦ Resources
2023-05-18T19:26:00.538882860Z {"version": 1, "execution": {"R_lite": [{"rank": "0-3", "children": {"core": "0"}}], "starttime": 0.0, "expiration": 0.0, "nodelist": ["flux-sample-[0-3]"]}}
2023-05-18T19:26:00.539191408Z
2023-05-18T19:26:00.539212920Z ðŸ¸ Diagnostics: false
2023-05-18T19:26:00.539395441Z ðŸš©ï¸ Flux Option Flags defined
2023-05-18T19:26:00.543222152Z
2023-05-18T19:26:00.543246862Z ðŸ¦Š Independent Minister of Privilege
2023-05-18T19:26:00.544528800Z [exec]
2023-05-18T19:26:00.544548863Z allowed-users = [ "flux", "root" ]
2023-05-18T19:26:00.544555560Z allowed-shells = [ "/usr/libexec/flux/flux-shell" ]
2023-05-18T19:26:00.544715808Z
2023-05-18T19:26:00.544728076Z ðŸ¸ Broker Configuration
2023-05-18T19:26:00.545963285Z # Flux needs to know the path to the IMP executable
2023-05-18T19:26:00.545981470Z [exec]
2023-05-18T19:26:00.545987923Z imp = "/usr/libexec/flux/flux-imp"
2023-05-18T19:26:00.545992913Z
2023-05-18T19:26:00.546009152Z [access]
2023-05-18T19:26:00.546017175Z allow-guest-user = true
2023-05-18T19:26:00.546022994Z allow-root-owner = true
2023-05-18T19:26:00.546027264Z
2023-05-18T19:26:00.546031960Z # Point to resource definition generated with flux-R(1).
2023-05-18T19:26:00.546036985Z [resource]
2023-05-18T19:26:00.546043289Z path = "/etc/flux/system/R"
2023-05-18T19:26:00.546047763Z
2023-05-18T19:26:00.546052454Z [bootstrap]
2023-05-18T19:26:00.546059453Z curve_cert = "/etc/curve/curve.cert"
2023-05-18T19:26:00.546065340Z default_port = 8050
2023-05-18T19:26:00.546070785Z default_bind = "tcp://eth0:%p"
2023-05-18T19:26:00.546076318Z default_connect = "tcp://%h.flux-service.flux-operator.svc.cluster.local:%p"
2023-05-18T19:26:00.546081270Z hosts = [
2023-05-18T19:26:00.546086160Z 	{ host="flux-sample-[0-3]"},
2023-05-18T19:26:00.546090799Z ]
2023-05-18T19:26:00.546107856Z
2023-05-18T19:26:00.546116694Z [archive]
2023-05-18T19:26:00.546121947Z dbpath = "/var/lib/flux/job-archive.sqlite"
2023-05-18T19:26:00.546126778Z period = "1m"
2023-05-18T19:26:00.629306698Z busytimeout = "50s"
2023-05-18T19:26:00.629335870Z ðŸ§Šï¸ State Directory:
2023-05-18T19:26:00.629342152Z total 0
2023-05-18T19:26:00.629347369Z
2023-05-18T19:26:00.632506728Z
2023-05-18T19:26:00.632537584Z ðŸ”’ï¸ Working directory permissions:
2023-05-18T19:26:00.632543531Z total 96
2023-05-18T19:26:00.632549080Z -rwxrwxrwx 1 flux root  2517 May 17 22:32 README.txt
2023-05-18T19:26:00.632553712Z -rwxrwxrwx 1 flux root 54692 May 17 22:32 data.hns-equil
2023-05-18T19:26:00.632558181Z -rwxrwxrwx 1 flux root 13576 May 17 22:32 ffield.reax.hns
2023-05-18T19:26:00.632659413Z -rwxrwxrwx 1 flux root   870 May 17 22:32 in.reaxc.hns
2023-05-18T19:26:00.632673324Z -rwxrwxrwx 1 flux root  4172 May 17 22:32 log.8Mar18.reaxc.hns.g++.1
2023-05-18T19:26:00.632680889Z -rwxrwxrwx 1 flux root  4168 May 17 22:32 log.8Mar18.reaxc.hns.g++.4
2023-05-18T19:26:00.632686461Z
2023-05-18T19:26:00.632691038Z
2023-05-18T19:26:00.632696382Z âœ¨ Curve certificate generated by helper pod
2023-05-18T19:26:00.634215818Z #   ****  Generated on 2023-04-26 22:54:42 by CZMQ  ****
2023-05-18T19:26:00.634233813Z #   ZeroMQ CURVE **Secret** Certificate
2023-05-18T19:26:00.634240733Z #   DO NOT PROVIDE THIS FILE TO OTHER USERS nor change its permissions.
2023-05-18T19:26:00.634245984Z
2023-05-18T19:26:00.634260477Z metadata
2023-05-18T19:26:00.634265965Z     name = "flux-cert-generator"
2023-05-18T19:26:00.634270913Z     keygen.hostname = "flux-sample-0"
2023-05-18T19:26:00.634275496Z curve
2023-05-18T19:26:00.634283083Z     public-key = ")?W>-2}c2}<??uviZ.vJtjph/8-.X$a5TaL.{zQ@"
2023-05-18T19:26:00.634289243Z     secret-key = "=>VAis>Oq)T/lUwNS6S0gs%1*Z6Eo]j2}HreFs9F"
2023-05-18T19:26:00.636712149Z
2023-05-18T19:26:00.636735532Z ðŸŒ€  flux start --wrap=strace,-e,network,-tt -o --config /etc/flux/config -Scron.directory=/etc/flux/system/cron.d   -Stbon.fanout=256   -Srundir=/run/flux    -Sstatedir=/var/lib/flux   -Slocal-uri=local:///run/flux/local -Stbon.connect_timeout=10s  -Stbon.zmqdebug=1  -Slog-stderr-level=6    -Slog-stderr-mode=local
2023-05-18T19:26:00.677156319Z 19:26:00.676584 socket(AF_NETLINK, SOCK_RAW, NETLINK_ROUTE) = 8
2023-05-18T19:26:00.677426940Z 19:26:00.677063 bind(8, {sa_family=AF_NETLINK, nl_pid=0, nl_groups=00000000}, 12) = 0
2023-05-18T19:26:00.677762706Z 19:26:00.677463 getsockname(8, {sa_family=AF_NETLINK, nl_pid=70, nl_groups=00000000}, [12]) = 0
2023-05-18T19:26:00.678134319Z 19:26:00.677691 sendto(8, {{len=20, type=RTM_GETADDR, flags=NLM_F_REQUEST|NLM_F_DUMP, seq=1684437960, pid=0}, {ifa_family=AF_UNSPEC, ...}}, 20, 0, {sa_family=AF_NETLINK, nl_pid=0, nl_groups=00000000}, 12) = 20
2023-05-18T19:26:00.678521571Z 19:26:00.678014 recvmsg(8, {msg_name={sa_family=AF_NETLINK, nl_pid=0, nl_groups=00000000}, msg_namelen=12, msg_iov=[{iov_base=[{{len=76, type=RTM_NEWADDR, flags=NLM_F_MULTI, seq=1684437960, pid=70}, {ifa_family=AF_INET, ifa_prefixlen=8, ifa_flags=IFA_F_PERMANENT, ifa_scope=RT_SCOPE_HOST, ifa_index=if_nametoindex("lo")}, [{{nla_len=8, nla_type=IFA_ADDRESS}, 127.0.0.1}, {{nla_len=8, nla_type=IFA_LOCAL}, 127.0.0.1}, {{nla_len=7, nla_type=IFA_LABEL}, "lo"}, {{nla_len=8, nla_type=IFA_FLAGS}, IFA_F_PERMANENT}, {{nla_len=20, nla_type=IFA_CACHEINFO}, {ifa_prefered=4294967295, ifa_valid=4294967295, cstamp=1850434, tstamp=1850434}}]}, {{len=88, type=RTM_NEWADDR, flags=NLM_F_MULTI, seq=1684437960, pid=70}, {ifa_family=AF_INET, ifa_prefixlen=24, ifa_flags=IFA_F_PERMANENT, ifa_scope=RT_SCOPE_UNIVERSE, ifa_index=if_nametoindex("eth0")}, [{{nla_len=8, nla_type=IFA_ADDRESS}, 10.24.2.196}, {{nla_len=8, nla_type=IFA_LOCAL}, 10.24.2.196}, {{nla_len=8, nla_type=IFA_BROADCAST}, 10.24.2.255}, {{nla_len=9, nla_type=IFA_LABEL}, "eth0"}, {{nla_len=8, nla_type=IFA_FLAGS}, IFA_F_PERMANENT}, {{nla_len=20, nla_type=IFA_CACHEINFO}, {ifa_prefered=4294967295, ifa_valid=4294967295, cstamp=1850437, tstamp=1850437}}]}], iov_len=4096}], msg_iovlen=1, msg_controllen=0, msg_flags=0}, 0) = 164
2023-05-18T19:26:00.678673167Z 19:26:00.678376 recvmsg(8, {msg_name={sa_family=AF_NETLINK, nl_pid=0, nl_groups=00000000}, msg_namelen=12, msg_iov=[{iov_base={{len=20, type=NLMSG_DONE, flags=NLM_F_MULTI, seq=1684437960, pid=70}, 0}, iov_len=4096}], msg_iovlen=1, msg_controllen=0, msg_flags=0}, 0) = 20
2023-05-18T19:26:00.679285303Z 19:26:00.679089 socket(AF_UNIX, SOCK_STREAM|SOCK_CLOEXEC|SOCK_NONBLOCK, 0) = 8
2023-05-18T19:26:00.679450988Z 19:26:00.679236 connect(8, {sa_family=AF_UNIX, sun_path="/var/run/nscd/socket"}, 110) = -1 ENOENT (No such file or directory)
2023-05-18T19:26:00.679659894Z 19:26:00.679469 socket(AF_UNIX, SOCK_STREAM|SOCK_CLOEXEC|SOCK_NONBLOCK, 0) = 8
2023-05-18T19:26:00.679867681Z 19:26:00.679702 connect(8, {sa_family=AF_UNIX, sun_path="/var/run/nscd/socket"}, 110) = -1 ENOENT (No such file or directory)
2023-05-18T19:26:00.682328875Z 19:26:00.682147 socket(AF_INET, SOCK_DGRAM|SOCK_CLOEXEC|SOCK_NONBLOCK, IPPROTO_IP) = 8
2023-05-18T19:26:00.682422424Z 19:26:00.682274 connect(8, {sa_family=AF_INET, sin_port=htons(53), sin_addr=inet_addr("169.254.169.254")}, 16) = 0
2023-05-18T19:26:00.682878818Z 19:26:00.682417 sendto(8, "F\241\1\0\0\1\0\0\0\0\0\0\rflux-sample-0\fflux-"..., 76, MSG_NOSIGNAL, NULL, 0) = 76
2023-05-18T19:26:00.686344377Z 19:26:00.686124 recvfrom(8, "F\241\201\200\0\1\0\1\0\0\0\0\rflux-sample-0\fflux-"..., 1024, 0, {sa_family=AF_INET, sin_port=htons(53), sin_addr=inet_addr("169.254.169.254")}, [28->16]) = 92
2023-05-18T19:26:00.690822390Z broker.info[1]: start: none->join 1.97438ms
2023-05-18T19:26:10.904891073Z broker.info[1]: parent-ready: join->init 10.2139s
2023-05-18T19:26:10.905247728Z 19:26:10.904960 socketpair(AF_UNIX, SOCK_STREAM|SOCK_CLOEXEC, 0, [22, 23]) = 0
2023-05-18T19:26:10.905493907Z 19:26:10.905282 socketpair(AF_UNIX, SOCK_STREAM, 0, [24, 25]) = 0
2023-05-18T19:26:10.905820983Z 19:26:10.905620 socketpair(AF_UNIX, SOCK_STREAM, 0, [26, 27]) = 0
2023-05-18T19:26:10.906163414Z 19:26:10.905939 socketpair(AF_UNIX, SOCK_STREAM, 0, [28, 29]) = 0
2023-05-18T19:26:10.934639133Z broker.info[1]: configuration updated
2023-05-18T19:26:11.066930823Z broker.info[1]: rc1.0: running /etc/flux/rc1.d/01-sched-fluxion
2023-05-18T19:26:11.078445060Z broker.info[1]: rc1.0: running /etc/flux/rc1.d/02-cron
2023-05-18T19:26:11.116710850Z broker.info[1]: rc1.0: /etc/flux/rc1 Exited (rc=0) 0.2s
2023-05-18T19:26:11.118277296Z broker.info[1]: rc1-success: init->quorum 0.213074s
2023-05-18T19:26:11.835442864Z broker.info[1]: quorum-full: quorum->run 0.716548s
2023-05-18T19:26:25.338467768Z broker.info[1]: shutdown: run->cleanup 13.5023s
2023-05-18T19:26:25.340247238Z broker.info[1]: cleanup-none: cleanup->shutdown 1.21612ms
2023-05-18T19:26:25.341364130Z broker.info[1]: children-none: shutdown->finalize 0.933824ms
2023-05-18T19:26:25.341849903Z 19:26:25.341404 socketpair(AF_UNIX, SOCK_STREAM|SOCK_CLOEXEC, 0, [22, 23]) = 0
2023-05-18T19:26:25.341883948Z 19:26:25.341560 socketpair(AF_UNIX, SOCK_STREAM, 0, [24, 25]) = 0
2023-05-18T19:26:25.342318223Z 19:26:25.342014 socketpair(AF_UNIX, SOCK_STREAM, 0, [26, 28]) = 0
2023-05-18T19:26:25.342656843Z 19:26:25.342467 socketpair(AF_UNIX, SOCK_STREAM, 0, [58, 59]) = 0
2023-05-18T19:26:25.361353009Z broker.info[1]: rc3.0: running /etc/flux/rc3.d/01-sched-fluxion
2023-05-18T19:26:25.480016684Z broker.info[1]: rc3.0: /etc/flux/rc3 Exited (rc=0) 0.1s
2023-05-18T19:26:25.480482438Z broker.info[1]: rc3-success: finalize->goodbye 0.138959s
2023-05-18T19:26:25.481447198Z broker.info[1]: goodbye: goodbye->exit 0.742813ms
2023-05-18T19:26:25.489327126Z 19:26:25.489157 +++ exited with 0 +++
2023-05-18T19:26:25.490789348Z Return value for follower worker is 0
2023-05-18T19:26:25.490816683Z The follower worker exited cleanly. Goodbye!
