2023-05-18T18:59:56.126377334Z
2023-05-18T18:59:56.127403368Z Flux username: flux
2023-05-18T18:59:56.127415999Z
2023-05-18T18:59:56.127421429Z Flux install root: /usr
2023-05-18T18:59:56.176730872Z flux user is already added.
2023-05-18T18:59:56.179980896Z flux user identifiers:
2023-05-18T18:59:56.180009014Z uid=1234(flux) gid=1234(flux) groups=1234(flux)
2023-05-18T18:59:56.180366908Z
2023-05-18T18:59:56.180390954Z As Flux prefix for flux commands: sudo -u flux -E PYTHONPATH=/opt/conda/lib/python3.10/site-packages -E PATH=/opt/conda/bin:/usr/local/sbin:/usr/local/bin:/usr/sbin:/usr/bin:/sbin:/bin -E LD_LIBRARY_PATH=/opt/conda/lib -E HOME=/home/flux
2023-05-18T18:59:56.187900050Z
2023-05-18T18:59:56.187928017Z 👋 Hello, I'm flux-sample-2
2023-05-18T18:59:56.188176528Z The main host is flux-sample-0
2023-05-18T18:59:56.188192153Z The working directory is /home/flux/examples/reaxff/HNS, contents include:
2023-05-18T18:59:56.190026105Z /home/flux/examples/reaxff/HNS:
2023-05-18T18:59:56.190204540Z README.txt	ffield.reax.hns  log.8Mar18.reaxc.hns.g++.1
2023-05-18T18:59:56.190218346Z data.hns-equil	in.reaxc.hns	 log.8Mar18.reaxc.hns.g++.4
2023-05-18T18:59:56.190324114Z End of file listing, if you see nothing above there are no files.
2023-05-18T18:59:56.192668709Z flux R encode --hosts=flux-sample-[0-3]
2023-05-18T18:59:56.207380687Z
2023-05-18T18:59:56.207409896Z 📦 Resources
2023-05-18T18:59:56.209073420Z {"version": 1, "execution": {"R_lite": [{"rank": "0-3", "children": {"core": "0"}}], "starttime": 0.0, "expiration": 0.0, "nodelist": ["flux-sample-[0-3]"]}}
2023-05-18T18:59:56.209566021Z
2023-05-18T18:59:56.209586774Z 🐸 Diagnostics: false
2023-05-18T18:59:56.209839518Z 🚩️ Flux Option Flags defined
2023-05-18T18:59:56.214502515Z
2023-05-18T18:59:56.214524197Z 🦊 Independent Minister of Privilege
2023-05-18T18:59:56.215765683Z [exec]
2023-05-18T18:59:56.215783350Z allowed-users = [ "flux", "root" ]
2023-05-18T18:59:56.215789766Z allowed-shells = [ "/usr/libexec/flux/flux-shell" ]
2023-05-18T18:59:56.216082518Z
2023-05-18T18:59:56.216140430Z 🐸 Broker Configuration
2023-05-18T18:59:56.217458742Z # Flux needs to know the path to the IMP executable
2023-05-18T18:59:56.217477138Z [exec]
2023-05-18T18:59:56.217483353Z imp = "/usr/libexec/flux/flux-imp"
2023-05-18T18:59:56.217487844Z
2023-05-18T18:59:56.217492450Z [access]
2023-05-18T18:59:56.217497878Z allow-guest-user = true
2023-05-18T18:59:56.217505011Z allow-root-owner = true
2023-05-18T18:59:56.217510903Z
2023-05-18T18:59:56.217516210Z # Point to resource definition generated with flux-R(1).
2023-05-18T18:59:56.217521313Z [resource]
2023-05-18T18:59:56.217526846Z path = "/etc/flux/system/R"
2023-05-18T18:59:56.217531191Z
2023-05-18T18:59:56.217536009Z [bootstrap]
2023-05-18T18:59:56.217540773Z curve_cert = "/etc/curve/curve.cert"
2023-05-18T18:59:56.217547811Z default_port = 8050
2023-05-18T18:59:56.217553347Z default_bind = "tcp://eth0:%p"
2023-05-18T18:59:56.217558702Z default_connect = "tcp://%h.flux-service.flux-operator.svc.cluster.local:%p"
2023-05-18T18:59:56.217563588Z hosts = [
2023-05-18T18:59:56.217568345Z 	{ host="flux-sample-[0-3]"},
2023-05-18T18:59:56.217573350Z ]
2023-05-18T18:59:56.217577981Z
2023-05-18T18:59:56.217582462Z [archive]
2023-05-18T18:59:56.217588641Z dbpath = "/var/lib/flux/job-archive.sqlite"
2023-05-18T18:59:56.217593246Z period = "1m"
2023-05-18T18:59:56.303767735Z busytimeout = "50s"
2023-05-18T18:59:56.303793072Z 🧊️ State Directory:
2023-05-18T18:59:56.303799640Z total 0
2023-05-18T18:59:56.303804491Z
2023-05-18T18:59:56.307392426Z
2023-05-18T18:59:56.307421331Z 🔒️ Working directory permissions:
2023-05-18T18:59:56.307545509Z total 96
2023-05-18T18:59:56.307556111Z -rwxrwxrwx 1 flux root  2517 May 17 22:32 README.txt
2023-05-18T18:59:56.307561950Z -rwxrwxrwx 1 flux root 54692 May 17 22:32 data.hns-equil
2023-05-18T18:59:56.307569447Z -rwxrwxrwx 1 flux root 13576 May 17 22:32 ffield.reax.hns
2023-05-18T18:59:56.307575483Z -rwxrwxrwx 1 flux root   870 May 17 22:32 in.reaxc.hns
2023-05-18T18:59:56.307582092Z -rwxrwxrwx 1 flux root  4172 May 17 22:32 log.8Mar18.reaxc.hns.g++.1
2023-05-18T18:59:56.307586895Z -rwxrwxrwx 1 flux root  4168 May 17 22:32 log.8Mar18.reaxc.hns.g++.4
2023-05-18T18:59:56.307591475Z
2023-05-18T18:59:56.307595689Z
2023-05-18T18:59:56.307601056Z ✨ Curve certificate generated by helper pod
2023-05-18T18:59:56.309023274Z #   ****  Generated on 2023-04-26 22:54:42 by CZMQ  ****
2023-05-18T18:59:56.309042326Z #   ZeroMQ CURVE **Secret** Certificate
2023-05-18T18:59:56.309050360Z #   DO NOT PROVIDE THIS FILE TO OTHER USERS nor change its permissions.
2023-05-18T18:59:56.309056199Z
2023-05-18T18:59:56.309059898Z metadata
2023-05-18T18:59:56.309063568Z     name = "flux-cert-generator"
2023-05-18T18:59:56.309067175Z     keygen.hostname = "flux-sample-0"
2023-05-18T18:59:56.309070410Z curve
2023-05-18T18:59:56.309073655Z     public-key = "Uml%w2)Vy7L3DDddkdqjp8zfko[NK%bh?O@0N}o}"
2023-05-18T18:59:56.309076996Z     secret-key = ")!mXI3}3.2!jS*dOicm7T]#e<(LshFocjQ:6GLPu"
2023-05-18T18:59:56.311330506Z
2023-05-18T18:59:56.311353676Z 🌀  flux start --wrap=strace,-e,network,-tt -o --config /etc/flux/config -Scron.directory=/etc/flux/system/cron.d   -Stbon.fanout=256   -Srundir=/run/flux    -Sstatedir=/var/lib/flux   -Slocal-uri=local:///run/flux/local -Stbon.connect_timeout=7s  -Stbon.zmqdebug=1  -Slog-stderr-level=6    -Slog-stderr-mode=local
2023-05-18T18:59:56.357857230Z 18:59:56.357501 socket(AF_NETLINK, SOCK_RAW, NETLINK_ROUTE) = 8
2023-05-18T18:59:56.357893678Z 18:59:56.357692 bind(8, {sa_family=AF_NETLINK, nl_pid=0, nl_groups=00000000}, 12) = 0
2023-05-18T18:59:56.358007631Z 18:59:56.357777 getsockname(8, {sa_family=AF_NETLINK, nl_pid=70, nl_groups=00000000}, [12]) = 0
2023-05-18T18:59:56.358328240Z 18:59:56.357888 sendto(8, {{len=20, type=RTM_GETADDR, flags=NLM_F_REQUEST|NLM_F_DUMP, seq=1684436396, pid=0}, {ifa_family=AF_UNSPEC, ...}}, 20, 0, {sa_family=AF_NETLINK, nl_pid=0, nl_groups=00000000}, 12) = 20
2023-05-18T18:59:56.358629930Z 18:59:56.358201 recvmsg(8, {msg_name={sa_family=AF_NETLINK, nl_pid=0, nl_groups=00000000}, msg_namelen=12, msg_iov=[{iov_base=[{{len=76, type=RTM_NEWADDR, flags=NLM_F_MULTI, seq=1684436396, pid=70}, {ifa_family=AF_INET, ifa_prefixlen=8, ifa_flags=IFA_F_PERMANENT, ifa_scope=RT_SCOPE_HOST, ifa_index=if_nametoindex("lo")}, [{{nla_len=8, nla_type=IFA_ADDRESS}, 127.0.0.1}, {{nla_len=8, nla_type=IFA_LOCAL}, 127.0.0.1}, {{nla_len=7, nla_type=IFA_LABEL}, "lo"}, {{nla_len=8, nla_type=IFA_FLAGS}, IFA_F_PERMANENT}, {{nla_len=20, nla_type=IFA_CACHEINFO}, {ifa_prefered=4294967295, ifa_valid=4294967295, cstamp=1693998, tstamp=1693998}}]}, {{len=88, type=RTM_NEWADDR, flags=NLM_F_MULTI, seq=1684436396, pid=70}, {ifa_family=AF_INET, ifa_prefixlen=24, ifa_flags=IFA_F_PERMANENT, ifa_scope=RT_SCOPE_UNIVERSE, ifa_index=if_nametoindex("eth0")}, [{{nla_len=8, nla_type=IFA_ADDRESS}, 10.24.2.142}, {{nla_len=8, nla_type=IFA_LOCAL}, 10.24.2.142}, {{nla_len=8, nla_type=IFA_BROADCAST}, 10.24.2.255}, {{nla_len=9, nla_type=IFA_LABEL}, "eth0"}, {{nla_len=8, nla_type=IFA_FLAGS}, IFA_F_PERMANENT}, {{nla_len=20, nla_type=IFA_CACHEINFO}, {ifa_prefered=4294967295, ifa_valid=4294967295, cstamp=1694001, tstamp=1694001}}]}], iov_len=4096}], msg_iovlen=1, msg_controllen=0, msg_flags=0}, 0) = 164
2023-05-18T18:59:56.358777151Z 18:59:56.358569 recvmsg(8, {msg_name={sa_family=AF_NETLINK, nl_pid=0, nl_groups=00000000}, msg_namelen=12, msg_iov=[{iov_base={{len=20, type=NLMSG_DONE, flags=NLM_F_MULTI, seq=1684436396, pid=70}, 0}, iov_len=4096}], msg_iovlen=1, msg_controllen=0, msg_flags=0}, 0) = 20
2023-05-18T18:59:56.359702583Z 18:59:56.359321 socket(AF_UNIX, SOCK_STREAM|SOCK_CLOEXEC|SOCK_NONBLOCK, 0) = 8
2023-05-18T18:59:56.359978628Z 18:59:56.359736 connect(8, {sa_family=AF_UNIX, sun_path="/var/run/nscd/socket"}, 110) = -1 ENOENT (No such file or directory)
2023-05-18T18:59:56.360071741Z 18:59:56.359953 socket(AF_UNIX, SOCK_STREAM|SOCK_CLOEXEC|SOCK_NONBLOCK, 0) = 8
2023-05-18T18:59:56.360251403Z 18:59:56.360038 connect(8, {sa_family=AF_UNIX, sun_path="/var/run/nscd/socket"}, 110) = -1 ENOENT (No such file or directory)
2023-05-18T18:59:56.362816111Z 18:59:56.362445 socket(AF_INET, SOCK_DGRAM|SOCK_CLOEXEC|SOCK_NONBLOCK, IPPROTO_IP) = 8
2023-05-18T18:59:56.363306941Z 18:59:56.362898 connect(8, {sa_family=AF_INET, sin_port=htons(53), sin_addr=inet_addr("169.254.169.254")}, 16) = 0
2023-05-18T18:59:56.363935832Z 18:59:56.363450 sendto(8, "E\303\1\0\0\1\0\0\0\0\0\0\rflux-sample-0\fflux-"..., 76, MSG_NOSIGNAL, NULL, 0) = 76
2023-05-18T18:59:56.367741506Z 18:59:56.367466 recvfrom(8, "E\303\201\200\0\1\0\1\0\0\0\0\rflux-sample-0\fflux-"..., 1024, 0, {sa_family=AF_INET, sin_port=htons(53), sin_addr=inet_addr("169.254.169.254")}, [28->16]) = 92
2023-05-18T18:59:56.374122363Z broker.info[2]: start: none->join 2.24372ms
2023-05-18T19:00:03.569402974Z broker.info[2]: parent-ready: join->init 7.19474s
2023-05-18T19:00:03.570047919Z 19:00:03.569507 socketpair(AF_UNIX, SOCK_STREAM|SOCK_CLOEXEC, 0, [22, 23]) = 0
2023-05-18T19:00:03.570388614Z 19:00:03.569723 socketpair(AF_UNIX, SOCK_STREAM, 0, [24, 25]) = 0
2023-05-18T19:00:03.570709430Z 19:00:03.570154 socketpair(AF_UNIX, SOCK_STREAM, 0, [26, 27]) = 0
2023-05-18T19:00:03.570938249Z 19:00:03.570495 socketpair(AF_UNIX, SOCK_STREAM, 0, [28, 29]) = 0
2023-05-18T19:00:03.602904055Z broker.info[2]: configuration updated
2023-05-18T19:00:03.756461222Z broker.info[2]: rc1.0: running /etc/flux/rc1.d/01-sched-fluxion
2023-05-18T19:00:03.772822034Z broker.info[2]: rc1.0: running /etc/flux/rc1.d/02-cron
2023-05-18T19:00:03.817064572Z broker.info[2]: rc1.0: /etc/flux/rc1 Exited (rc=0) 0.2s
2023-05-18T19:00:03.817914933Z broker.info[2]: rc1-success: init->quorum 0.248197s
2023-05-18T19:00:04.037328913Z broker.info[2]: quorum-full: quorum->run 0.218941s
2023-05-18T19:00:18.548083681Z broker.info[2]: shutdown: run->cleanup 14.5105s
2023-05-18T19:00:18.550392125Z broker.info[2]: cleanup-none: cleanup->shutdown 1.26384ms
2023-05-18T19:00:18.551825416Z broker.info[2]: children-none: shutdown->finalize 1.18422ms
2023-05-18T19:00:18.552582901Z 19:00:18.552306 socketpair(AF_UNIX, SOCK_STREAM|SOCK_CLOEXEC, 0, [22, 23]) = 0
2023-05-18T19:00:18.553011950Z 19:00:18.552667 socketpair(AF_UNIX, SOCK_STREAM, 0, [24, 25]) = 0
2023-05-18T19:00:18.553339049Z 19:00:18.552874 socketpair(AF_UNIX, SOCK_STREAM, 0, [26, 28]) = 0
2023-05-18T19:00:18.553551103Z 19:00:18.553087 socketpair(AF_UNIX, SOCK_STREAM, 0, [58, 59]) = 0
2023-05-18T19:00:18.572639956Z broker.info[2]: rc3.0: running /etc/flux/rc3.d/01-sched-fluxion
2023-05-18T19:00:18.728072799Z broker.info[2]: rc3.0: /etc/flux/rc3 Exited (rc=0) 0.2s
2023-05-18T19:00:18.728289139Z broker.info[2]: rc3-success: finalize->goodbye 0.166649s
2023-05-18T19:00:18.728303392Z broker.info[2]: goodbye: goodbye->exit 0.719424ms
2023-05-18T19:00:18.728312352Z 19:00:18.727605 +++ exited with 0 +++
2023-05-18T19:00:18.729404306Z Return value for follower worker is 0
2023-05-18T19:00:18.729705964Z The follower worker exited cleanly. Goodbye!
