2023-05-18T18:10:47.648278140Z
2023-05-18T18:10:47.648345053Z Flux username: flux
2023-05-18T18:10:47.648354142Z
2023-05-18T18:10:47.648361056Z Flux install root: /usr
2023-05-18T18:10:47.697166873Z flux user is already added.
2023-05-18T18:10:47.700259437Z flux user identifiers:
2023-05-18T18:10:47.700295774Z uid=1234(flux) gid=1234(flux) groups=1234(flux)
2023-05-18T18:10:47.700301103Z
2023-05-18T18:10:47.700309268Z As Flux prefix for flux commands: sudo -u flux -E PYTHONPATH=/opt/conda/lib/python3.10/site-packages -E PATH=/opt/conda/bin:/usr/local/sbin:/usr/local/bin:/usr/sbin:/usr/bin:/sbin:/bin -E LD_LIBRARY_PATH=/opt/conda/lib -E HOME=/home/flux
2023-05-18T18:10:47.708044588Z
2023-05-18T18:10:47.708094808Z 👋 Hello, I'm flux-sample-1
2023-05-18T18:10:47.708263756Z The main host is flux-sample-0
2023-05-18T18:10:47.708276031Z The working directory is /home/flux/examples/reaxff/HNS, contents include:
2023-05-18T18:10:47.710351854Z /home/flux/examples/reaxff/HNS:
2023-05-18T18:10:47.710531735Z README.txt	ffield.reax.hns  log.8Mar18.reaxc.hns.g++.1
2023-05-18T18:10:47.710575710Z data.hns-equil	in.reaxc.hns	 log.8Mar18.reaxc.hns.g++.4
2023-05-18T18:10:47.710730053Z End of file listing, if you see nothing above there are no files.
2023-05-18T18:10:47.712844694Z flux R encode --hosts=flux-sample-[0-3]
2023-05-18T18:10:47.728082730Z
2023-05-18T18:10:47.728120942Z 📦 Resources
2023-05-18T18:10:47.729936004Z {"version": 1, "execution": {"R_lite": [{"rank": "0-3", "children": {"core": "0"}}], "starttime": 0.0, "expiration": 0.0, "nodelist": ["flux-sample-[0-3]"]}}
2023-05-18T18:10:47.730240730Z
2023-05-18T18:10:47.730258785Z 🐸 Diagnostics: false
2023-05-18T18:10:47.730607455Z 🚩️ Flux Option Flags defined
2023-05-18T18:10:47.735290595Z
2023-05-18T18:10:47.735313003Z 🦊 Independent Minister of Privilege
2023-05-18T18:10:47.736691958Z [exec]
2023-05-18T18:10:47.736710114Z allowed-users = [ "flux", "root" ]
2023-05-18T18:10:47.736725753Z allowed-shells = [ "/usr/libexec/flux/flux-shell" ]
2023-05-18T18:10:47.736956526Z
2023-05-18T18:10:47.736974591Z 🐸 Broker Configuration
2023-05-18T18:10:47.738289078Z # Flux needs to know the path to the IMP executable
2023-05-18T18:10:47.738307125Z [exec]
2023-05-18T18:10:47.738313645Z imp = "/usr/libexec/flux/flux-imp"
2023-05-18T18:10:47.738320119Z
2023-05-18T18:10:47.738326183Z [access]
2023-05-18T18:10:47.738331601Z allow-guest-user = true
2023-05-18T18:10:47.738336820Z allow-root-owner = true
2023-05-18T18:10:47.738341617Z
2023-05-18T18:10:47.738346453Z # Point to resource definition generated with flux-R(1).
2023-05-18T18:10:47.738351579Z [resource]
2023-05-18T18:10:47.738356940Z path = "/etc/flux/system/R"
2023-05-18T18:10:47.738363522Z
2023-05-18T18:10:47.738369379Z [bootstrap]
2023-05-18T18:10:47.738374818Z curve_cert = "/etc/curve/curve.cert"
2023-05-18T18:10:47.738380227Z default_port = 8050
2023-05-18T18:10:47.738385650Z default_bind = "tcp://eth0:%p"
2023-05-18T18:10:47.738391415Z default_connect = "tcp://%h.flux-service.flux-operator.svc.cluster.local:%p"
2023-05-18T18:10:47.738396400Z hosts = [
2023-05-18T18:10:47.738401217Z 	{ host="flux-sample-[0-3]"},
2023-05-18T18:10:47.738408492Z ]
2023-05-18T18:10:47.738413773Z
2023-05-18T18:10:47.738418711Z [archive]
2023-05-18T18:10:47.738423719Z dbpath = "/var/lib/flux/job-archive.sqlite"
2023-05-18T18:10:47.738429126Z period = "1m"
2023-05-18T18:10:47.821275213Z busytimeout = "50s"
2023-05-18T18:10:47.821306535Z 🧊️ State Directory:
2023-05-18T18:10:47.821312888Z total 0
2023-05-18T18:10:47.821317639Z
2023-05-18T18:10:47.824947138Z
2023-05-18T18:10:47.824972654Z 🔒️ Working directory permissions:
2023-05-18T18:10:47.824981050Z total 96
2023-05-18T18:10:47.824988380Z -rwxrwxrwx 1 flux root  2517 May 17 22:32 README.txt
2023-05-18T18:10:47.824994224Z -rwxrwxrwx 1 flux root 54692 May 17 22:32 data.hns-equil
2023-05-18T18:10:47.824999798Z -rwxrwxrwx 1 flux root 13576 May 17 22:32 ffield.reax.hns
2023-05-18T18:10:47.825004362Z -rwxrwxrwx 1 flux root   870 May 17 22:32 in.reaxc.hns
2023-05-18T18:10:47.825009949Z -rwxrwxrwx 1 flux root  4172 May 17 22:32 log.8Mar18.reaxc.hns.g++.1
2023-05-18T18:10:47.825015871Z -rwxrwxrwx 1 flux root  4168 May 17 22:32 log.8Mar18.reaxc.hns.g++.4
2023-05-18T18:10:47.825020401Z
2023-05-18T18:10:47.825179291Z
2023-05-18T18:10:47.825195638Z ✨ Curve certificate generated by helper pod
2023-05-18T18:10:47.826657227Z #   ****  Generated on 2023-04-26 22:54:42 by CZMQ  ****
2023-05-18T18:10:47.826684676Z #   ZeroMQ CURVE **Secret** Certificate
2023-05-18T18:10:47.826691455Z #   DO NOT PROVIDE THIS FILE TO OTHER USERS nor change its permissions.
2023-05-18T18:10:47.826696619Z
2023-05-18T18:10:47.826701593Z metadata
2023-05-18T18:10:47.826709241Z     name = "flux-cert-generator"
2023-05-18T18:10:47.826714928Z     keygen.hostname = "flux-sample-0"
2023-05-18T18:10:47.826727551Z curve
2023-05-18T18:10:47.826733439Z     public-key = "fL]V=m8<LweTziaktCq)LNe{?s95=PfoMI#XFKxs"
2023-05-18T18:10:47.826739075Z     secret-key = "W{q1bu#vgmIaHzZl8q[czl3Rl9Ugg++p%Jk]CXZT"
2023-05-18T18:10:47.828670705Z
2023-05-18T18:10:47.828692628Z 🌀  flux start --wrap=strace,-e,network,-tt -o --config /etc/flux/config -Scron.directory=/etc/flux/system/cron.d   -Stbon.fanout=256   -Srundir=/run/flux    -Sstatedir=/var/lib/flux   -Slocal-uri=local:///run/flux/local -Stbon.connect_timeout=1s  -Stbon.zmqdebug=1  -Slog-stderr-level=6    -Slog-stderr-mode=local
2023-05-18T18:10:47.871350260Z 18:10:47.870963 socket(AF_NETLINK, SOCK_RAW, NETLINK_ROUTE) = 8
2023-05-18T18:10:47.871811514Z 18:10:47.871418 bind(8, {sa_family=AF_NETLINK, nl_pid=0, nl_groups=00000000}, 12) = 0
2023-05-18T18:10:47.871918944Z 18:10:47.871737 getsockname(8, {sa_family=AF_NETLINK, nl_pid=70, nl_groups=00000000}, [12]) = 0
2023-05-18T18:10:47.872278535Z 18:10:47.871898 sendto(8, {{len=20, type=RTM_GETADDR, flags=NLM_F_REQUEST|NLM_F_DUMP, seq=1684433447, pid=0}, {ifa_family=AF_UNSPEC, ...}}, 20, 0, {sa_family=AF_NETLINK, nl_pid=0, nl_groups=00000000}, 12) = 20
2023-05-18T18:10:47.872772890Z 18:10:47.872244 recvmsg(8, {msg_name={sa_family=AF_NETLINK, nl_pid=0, nl_groups=00000000}, msg_namelen=12, msg_iov=[{iov_base=[{{len=76, type=RTM_NEWADDR, flags=NLM_F_MULTI, seq=1684433447, pid=70}, {ifa_family=AF_INET, ifa_prefixlen=8, ifa_flags=IFA_F_PERMANENT, ifa_scope=RT_SCOPE_HOST, ifa_index=if_nametoindex("lo")}, [{{nla_len=8, nla_type=IFA_ADDRESS}, 127.0.0.1}, {{nla_len=8, nla_type=IFA_LOCAL}, 127.0.0.1}, {{nla_len=7, nla_type=IFA_LABEL}, "lo"}, {{nla_len=8, nla_type=IFA_FLAGS}, IFA_F_PERMANENT}, {{nla_len=20, nla_type=IFA_CACHEINFO}, {ifa_prefered=4294967295, ifa_valid=4294967295, cstamp=1399341, tstamp=1399341}}]}, {{len=88, type=RTM_NEWADDR, flags=NLM_F_MULTI, seq=1684433447, pid=70}, {ifa_family=AF_INET, ifa_prefixlen=24, ifa_flags=IFA_F_PERMANENT, ifa_scope=RT_SCOPE_UNIVERSE, ifa_index=if_nametoindex("eth0")}, [{{nla_len=8, nla_type=IFA_ADDRESS}, 10.24.0.19}, {{nla_len=8, nla_type=IFA_LOCAL}, 10.24.0.19}, {{nla_len=8, nla_type=IFA_BROADCAST}, 10.24.0.255}, {{nla_len=9, nla_type=IFA_LABEL}, "eth0"}, {{nla_len=8, nla_type=IFA_FLAGS}, IFA_F_PERMANENT}, {{nla_len=20, nla_type=IFA_CACHEINFO}, {ifa_prefered=4294967295, ifa_valid=4294967295, cstamp=1399343, tstamp=1399343}}]}], iov_len=4096}], msg_iovlen=1, msg_controllen=0, msg_flags=0}, 0) = 164
2023-05-18T18:10:47.872870372Z 18:10:47.872708 recvmsg(8, {msg_name={sa_family=AF_NETLINK, nl_pid=0, nl_groups=00000000}, msg_namelen=12, msg_iov=[{iov_base={{len=20, type=NLMSG_DONE, flags=NLM_F_MULTI, seq=1684433447, pid=70}, 0}, iov_len=4096}], msg_iovlen=1, msg_controllen=0, msg_flags=0}, 0) = 20
2023-05-18T18:10:47.873763038Z 18:10:47.873480 socket(AF_UNIX, SOCK_STREAM|SOCK_CLOEXEC|SOCK_NONBLOCK, 0) = 8
2023-05-18T18:10:47.873843584Z 18:10:47.873605 connect(8, {sa_family=AF_UNIX, sun_path="/var/run/nscd/socket"}, 110) = -1 ENOENT (No such file or directory)
2023-05-18T18:10:47.873937660Z 18:10:47.873828 socket(AF_UNIX, SOCK_STREAM|SOCK_CLOEXEC|SOCK_NONBLOCK, 0) = 8
2023-05-18T18:10:47.874076778Z 18:10:47.873932 connect(8, {sa_family=AF_UNIX, sun_path="/var/run/nscd/socket"}, 110) = -1 ENOENT (No such file or directory)
2023-05-18T18:10:47.875939603Z 18:10:47.875793 socket(AF_INET, SOCK_DGRAM|SOCK_CLOEXEC|SOCK_NONBLOCK, IPPROTO_IP) = 8
2023-05-18T18:10:47.876855807Z 18:10:47.875922 connect(8, {sa_family=AF_INET, sin_port=htons(53), sin_addr=inet_addr("169.254.169.254")}, 16) = 0
2023-05-18T18:10:47.876872962Z 18:10:47.876099 sendto(8, "::\1\0\0\1\0\0\0\0\0\0\rflux-sample-0\fflux-"..., 76, MSG_NOSIGNAL, NULL, 0) = 76
2023-05-18T18:10:47.879802225Z 18:10:47.879517 recvfrom(8, "::\201\200\0\1\0\1\0\0\0\0\rflux-sample-0\fflux-"..., 1024, 0, {sa_family=AF_INET, sin_port=htons(53), sin_addr=inet_addr("169.254.169.254")}, [28->16]) = 92
2023-05-18T18:10:47.887970698Z broker.info[1]: start: none->join 1.65805ms
2023-05-18T18:10:49.021152877Z broker.info[1]: parent-ready: join->init 1.13488s
2023-05-18T18:10:49.021486862Z 18:10:49.021089 socketpair(AF_UNIX, SOCK_STREAM|SOCK_CLOEXEC, 0, [22, 23]) = 0
2023-05-18T18:10:49.021715292Z 18:10:49.021411 socketpair(AF_UNIX, SOCK_STREAM, 0, [24, 25]) = 0
2023-05-18T18:10:49.022191226Z 18:10:49.021849 socketpair(AF_UNIX, SOCK_STREAM, 0, [26, 27]) = 0
2023-05-18T18:10:49.022858368Z 18:10:49.022491 socketpair(AF_UNIX, SOCK_STREAM, 0, [28, 29]) = 0
2023-05-18T18:10:49.050525066Z broker.info[1]: configuration updated
2023-05-18T18:10:49.189995230Z broker.info[1]: rc1.0: running /etc/flux/rc1.d/01-sched-fluxion
2023-05-18T18:10:49.204252362Z broker.info[1]: rc1.0: running /etc/flux/rc1.d/02-cron
2023-05-18T18:10:49.231681689Z broker.info[1]: rc1.0: /etc/flux/rc1 Exited (rc=0) 0.2s
2023-05-18T18:10:49.233109638Z broker.info[1]: rc1-success: init->quorum 0.211807s
2023-05-18T18:10:49.412601928Z broker.info[1]: quorum-full: quorum->run 0.17903s
2023-05-18T18:11:00.346904107Z broker.info[1]: shutdown: run->cleanup 10.9339s
2023-05-18T18:11:00.348160722Z broker.info[1]: cleanup-none: cleanup->shutdown 1.11197ms
2023-05-18T18:11:00.349022392Z broker.info[1]: children-none: shutdown->finalize 0.856961ms
2023-05-18T18:11:00.349428411Z 18:11:00.349062 socketpair(AF_UNIX, SOCK_STREAM|SOCK_CLOEXEC, 0, [22, 23]) = 0
2023-05-18T18:11:00.349446304Z 18:11:00.349248 socketpair(AF_UNIX, SOCK_STREAM, 0, [24, 25]) = 0
2023-05-18T18:11:00.349655197Z 18:11:00.349461 socketpair(AF_UNIX, SOCK_STREAM, 0, [26, 28]) = 0
2023-05-18T18:11:00.349850754Z 18:11:00.349697 socketpair(AF_UNIX, SOCK_STREAM, 0, [58, 59]) = 0
2023-05-18T18:11:00.369250900Z broker.info[1]: rc3.0: running /etc/flux/rc3.d/01-sched-fluxion
2023-05-18T18:11:00.507037617Z broker.info[1]: rc3.0: /etc/flux/rc3 Exited (rc=0) 0.2s
2023-05-18T18:11:00.508375216Z broker.info[1]: rc3-success: finalize->goodbye 0.159087s
2023-05-18T18:11:00.509892641Z broker.info[1]: goodbye: goodbye->exit 0.943035ms
2023-05-18T18:11:00.518026840Z 18:11:00.517854 +++ exited with 0 +++
2023-05-18T18:11:00.519389791Z Return value for follower worker is 0
2023-05-18T18:11:00.519561307Z The follower worker exited cleanly. Goodbye!
