2023-05-18T18:45:33.620491271Z
2023-05-18T18:45:33.620563037Z Flux username: flux
2023-05-18T18:45:33.620569302Z
2023-05-18T18:45:33.620574533Z Flux install root: /usr
2023-05-18T18:45:33.677922176Z flux user is already added.
2023-05-18T18:45:33.681608210Z flux user identifiers:
2023-05-18T18:45:33.681645983Z uid=1234(flux) gid=1234(flux) groups=1234(flux)
2023-05-18T18:45:33.681652176Z
2023-05-18T18:45:33.681662175Z As Flux prefix for flux commands: sudo -u flux -E PYTHONPATH=/opt/conda/lib/python3.10/site-packages -E PATH=/opt/conda/bin:/usr/local/sbin:/usr/local/bin:/usr/sbin:/usr/bin:/sbin:/bin -E LD_LIBRARY_PATH=/opt/conda/lib -E HOME=/home/flux
2023-05-18T18:45:33.691867547Z
2023-05-18T18:45:33.691919118Z ðŸ‘‹ Hello, I'm flux-sample-3
2023-05-18T18:45:33.691926233Z The main host is flux-sample-0
2023-05-18T18:45:33.691932449Z The working directory is /home/flux/examples/reaxff/HNS, contents include:
2023-05-18T18:45:33.694658575Z /home/flux/examples/reaxff/HNS:
2023-05-18T18:45:33.694824594Z README.txt	ffield.reax.hns  log.8Mar18.reaxc.hns.g++.1
2023-05-18T18:45:33.694836778Z data.hns-equil	in.reaxc.hns	 log.8Mar18.reaxc.hns.g++.4
2023-05-18T18:45:33.695139647Z End of file listing, if you see nothing above there are no files.
2023-05-18T18:45:33.697623339Z flux R encode --hosts=flux-sample-[0-3]
2023-05-18T18:45:33.713941115Z
2023-05-18T18:45:33.713982496Z ðŸ“¦ Resources
2023-05-18T18:45:33.716350592Z {"version": 1, "execution": {"R_lite": [{"rank": "0-3", "children": {"core": "0"}}], "starttime": 0.0, "expiration": 0.0, "nodelist": ["flux-sample-[0-3]"]}}
2023-05-18T18:45:33.716703467Z
2023-05-18T18:45:33.716723117Z ðŸ¸ Diagnostics: false
2023-05-18T18:45:33.717047781Z ðŸš©ï¸ Flux Option Flags defined
2023-05-18T18:45:33.722231834Z
2023-05-18T18:45:33.722268067Z ðŸ¦Š Independent Minister of Privilege
2023-05-18T18:45:33.723825972Z [exec]
2023-05-18T18:45:33.723854525Z allowed-users = [ "flux", "root" ]
2023-05-18T18:45:33.723868805Z allowed-shells = [ "/usr/libexec/flux/flux-shell" ]
2023-05-18T18:45:33.724157886Z
2023-05-18T18:45:33.724176990Z ðŸ¸ Broker Configuration
2023-05-18T18:45:33.725660801Z # Flux needs to know the path to the IMP executable
2023-05-18T18:45:33.725679761Z [exec]
2023-05-18T18:45:33.725685765Z imp = "/usr/libexec/flux/flux-imp"
2023-05-18T18:45:33.725690409Z
2023-05-18T18:45:33.725697734Z [access]
2023-05-18T18:45:33.725704800Z allow-guest-user = true
2023-05-18T18:45:33.725710321Z allow-root-owner = true
2023-05-18T18:45:33.725714893Z
2023-05-18T18:45:33.725719638Z # Point to resource definition generated with flux-R(1).
2023-05-18T18:45:33.725724496Z [resource]
2023-05-18T18:45:33.725730488Z path = "/etc/flux/system/R"
2023-05-18T18:45:33.725735714Z
2023-05-18T18:45:33.725743112Z [bootstrap]
2023-05-18T18:45:33.725749384Z curve_cert = "/etc/curve/curve.cert"
2023-05-18T18:45:33.725754308Z default_port = 8050
2023-05-18T18:45:33.725759048Z default_bind = "tcp://eth0:%p"
2023-05-18T18:45:33.725764719Z default_connect = "tcp://%h.flux-service.flux-operator.svc.cluster.local:%p"
2023-05-18T18:45:33.725769703Z hosts = [
2023-05-18T18:45:33.725774430Z 	{ host="flux-sample-[0-3]"},
2023-05-18T18:45:33.725779274Z ]
2023-05-18T18:45:33.725785726Z
2023-05-18T18:45:33.725791671Z [archive]
2023-05-18T18:45:33.725796547Z dbpath = "/var/lib/flux/job-archive.sqlite"
2023-05-18T18:45:33.725801229Z period = "1m"
2023-05-18T18:45:33.814116391Z busytimeout = "50s"
2023-05-18T18:45:33.814299805Z ðŸ§Šï¸ State Directory:
2023-05-18T18:45:33.814308308Z total 0
2023-05-18T18:45:33.814313596Z
2023-05-18T18:45:33.819369438Z
2023-05-18T18:45:33.819420733Z ðŸ”’ï¸ Working directory permissions:
2023-05-18T18:45:33.819428583Z total 96
2023-05-18T18:45:33.819435111Z -rwxrwxrwx 1 flux root  2517 May 17 22:32 README.txt
2023-05-18T18:45:33.819440542Z -rwxrwxrwx 1 flux root 54692 May 17 22:32 data.hns-equil
2023-05-18T18:45:33.819445549Z -rwxrwxrwx 1 flux root 13576 May 17 22:32 ffield.reax.hns
2023-05-18T18:45:33.819450633Z -rwxrwxrwx 1 flux root   870 May 17 22:32 in.reaxc.hns
2023-05-18T18:45:33.819458315Z -rwxrwxrwx 1 flux root  4172 May 17 22:32 log.8Mar18.reaxc.hns.g++.1
2023-05-18T18:45:33.819463427Z -rwxrwxrwx 1 flux root  4168 May 17 22:32 log.8Mar18.reaxc.hns.g++.4
2023-05-18T18:45:33.819469674Z
2023-05-18T18:45:33.819487104Z
2023-05-18T18:45:33.819492674Z âœ¨ Curve certificate generated by helper pod
2023-05-18T18:45:33.821178944Z #   ****  Generated on 2023-04-26 22:54:42 by CZMQ  ****
2023-05-18T18:45:33.821204478Z #   ZeroMQ CURVE **Secret** Certificate
2023-05-18T18:45:33.821211210Z #   DO NOT PROVIDE THIS FILE TO OTHER USERS nor change its permissions.
2023-05-18T18:45:33.821216549Z
2023-05-18T18:45:33.821221761Z metadata
2023-05-18T18:45:33.821226957Z     name = "flux-cert-generator"
2023-05-18T18:45:33.821231915Z     keygen.hostname = "flux-sample-0"
2023-05-18T18:45:33.821238923Z curve
2023-05-18T18:45:33.821245129Z     public-key = "[$eJU]%dbvaB>Pd5Q>/z+N}rfS.rc{2W}YI=g}A2"
2023-05-18T18:45:33.821250324Z     secret-key = "=Go&ob{VdBP*A{sF4@$+dDzFm+-B$.xGPj#:(V:s"
2023-05-18T18:45:33.823469106Z
2023-05-18T18:45:33.823531475Z ðŸŒ€  flux start --wrap=strace,-e,network,-tt -o --config /etc/flux/config -Scron.directory=/etc/flux/system/cron.d   -Stbon.fanout=256   -Srundir=/run/flux    -Sstatedir=/var/lib/flux   -Slocal-uri=local:///run/flux/local -Stbon.connect_timeout=5s  -Stbon.zmqdebug=1  -Slog-stderr-level=6    -Slog-stderr-mode=local
2023-05-18T18:45:33.869988564Z 18:45:33.869365 socket(AF_NETLINK, SOCK_RAW, NETLINK_ROUTE) = 8
2023-05-18T18:45:33.870356014Z 18:45:33.870059 bind(8, {sa_family=AF_NETLINK, nl_pid=0, nl_groups=00000000}, 12) = 0
2023-05-18T18:45:33.870632041Z 18:45:33.870388 getsockname(8, {sa_family=AF_NETLINK, nl_pid=70, nl_groups=00000000}, [12]) = 0
2023-05-18T18:45:33.871096181Z 18:45:33.870649 sendto(8, {{len=20, type=RTM_GETADDR, flags=NLM_F_REQUEST|NLM_F_DUMP, seq=1684435533, pid=0}, {ifa_family=AF_UNSPEC, ...}}, 20, 0, {sa_family=AF_NETLINK, nl_pid=0, nl_groups=00000000}, 12) = 20
2023-05-18T18:45:33.871586978Z 18:45:33.871004 recvmsg(8, {msg_name={sa_family=AF_NETLINK, nl_pid=0, nl_groups=00000000}, msg_namelen=12, msg_iov=[{iov_base=[{{len=76, type=RTM_NEWADDR, flags=NLM_F_MULTI, seq=1684435533, pid=70}, {ifa_family=AF_INET, ifa_prefixlen=8, ifa_flags=IFA_F_PERMANENT, ifa_scope=RT_SCOPE_HOST, ifa_index=if_nametoindex("lo")}, [{{nla_len=8, nla_type=IFA_ADDRESS}, 127.0.0.1}, {{nla_len=8, nla_type=IFA_LOCAL}, 127.0.0.1}, {{nla_len=7, nla_type=IFA_LABEL}, "lo"}, {{nla_len=8, nla_type=IFA_FLAGS}, IFA_F_PERMANENT}, {{nla_len=20, nla_type=IFA_CACHEINFO}, {ifa_prefered=4294967295, ifa_valid=4294967295, cstamp=1607703, tstamp=1607703}}]}, {{len=88, type=RTM_NEWADDR, flags=NLM_F_MULTI, seq=1684435533, pid=70}, {ifa_family=AF_INET, ifa_prefixlen=24, ifa_flags=IFA_F_PERMANENT, ifa_scope=RT_SCOPE_UNIVERSE, ifa_index=if_nametoindex("eth0")}, [{{nla_len=8, nla_type=IFA_ADDRESS}, 10.24.3.113}, {{nla_len=8, nla_type=IFA_LOCAL}, 10.24.3.113}, {{nla_len=8, nla_type=IFA_BROADCAST}, 10.24.3.255}, {{nla_len=9, nla_type=IFA_LABEL}, "eth0"}, {{nla_len=8, nla_type=IFA_FLAGS}, IFA_F_PERMANENT}, {{nla_len=20, nla_type=IFA_CACHEINFO}, {ifa_prefered=4294967295, ifa_valid=4294967295, cstamp=1607705, tstamp=1607705}}]}], iov_len=4096}], msg_iovlen=1, msg_controllen=0, msg_flags=0}, 0) = 164
2023-05-18T18:45:33.871817821Z 18:45:33.871523 recvmsg(8, {msg_name={sa_family=AF_NETLINK, nl_pid=0, nl_groups=00000000}, msg_namelen=12, msg_iov=[{iov_base={{len=20, type=NLMSG_DONE, flags=NLM_F_MULTI, seq=1684435533, pid=70}, 0}, iov_len=4096}], msg_iovlen=1, msg_controllen=0, msg_flags=0}, 0) = 20
2023-05-18T18:45:33.872734126Z 18:45:33.872462 socket(AF_UNIX, SOCK_STREAM|SOCK_CLOEXEC|SOCK_NONBLOCK, 0) = 8
2023-05-18T18:45:33.872927624Z 18:45:33.872645 connect(8, {sa_family=AF_UNIX, sun_path="/var/run/nscd/socket"}, 110) = -1 ENOENT (No such file or directory)
2023-05-18T18:45:33.873227951Z 18:45:33.872994 socket(AF_UNIX, SOCK_STREAM|SOCK_CLOEXEC|SOCK_NONBLOCK, 0) = 8
2023-05-18T18:45:33.873545041Z 18:45:33.873320 connect(8, {sa_family=AF_UNIX, sun_path="/var/run/nscd/socket"}, 110) = -1 ENOENT (No such file or directory)
2023-05-18T18:45:33.876230640Z 18:45:33.875824 socket(AF_INET, SOCK_DGRAM|SOCK_CLOEXEC|SOCK_NONBLOCK, IPPROTO_IP) = 8
2023-05-18T18:45:33.876573672Z 18:45:33.876297 connect(8, {sa_family=AF_INET, sin_port=htons(53), sin_addr=inet_addr("169.254.169.254")}, 16) = 0
2023-05-18T18:45:33.877478621Z 18:45:33.876687 sendto(8, "`]\1\0\0\1\0\0\0\0\0\0\rflux-sample-0\fflux-"..., 76, MSG_NOSIGNAL, NULL, 0) = 76
2023-05-18T18:45:33.881617434Z 18:45:33.881178 recvfrom(8, "`]\201\200\0\1\0\1\0\0\0\0\rflux-sample-0\fflux-"..., 1024, 0, {sa_family=AF_INET, sin_port=htons(53), sin_addr=inet_addr("169.254.169.254")}, [28->16]) = 92
2023-05-18T18:45:33.889297842Z broker.info[3]: start: none->join 1.95925ms
2023-05-18T18:45:39.048433403Z broker.info[3]: parent-ready: join->init 5.15846s
2023-05-18T18:45:39.049068698Z 18:45:39.048323 socketpair(AF_UNIX, SOCK_STREAM|SOCK_CLOEXEC, 0, [22, 23]) = 0
2023-05-18T18:45:39.049429682Z 18:45:39.048625 socketpair(AF_UNIX, SOCK_STREAM, 0, [24, 25]) = 0
2023-05-18T18:45:39.049639000Z 18:45:39.048817 socketpair(AF_UNIX, SOCK_STREAM, 0, [26, 27]) = 0
2023-05-18T18:45:39.049832339Z 18:45:39.049069 socketpair(AF_UNIX, SOCK_STREAM, 0, [28, 29]) = 0
2023-05-18T18:45:39.080063986Z broker.info[3]: configuration updated
2023-05-18T18:45:39.238781975Z broker.info[3]: rc1.0: running /etc/flux/rc1.d/01-sched-fluxion
2023-05-18T18:45:39.254532882Z broker.info[3]: rc1.0: running /etc/flux/rc1.d/02-cron
2023-05-18T18:45:39.290511276Z broker.info[3]: rc1.0: /etc/flux/rc1 Exited (rc=0) 0.2s
2023-05-18T18:45:39.291515292Z broker.info[3]: rc1-success: init->quorum 0.242934s
2023-05-18T18:45:39.506950394Z broker.info[3]: quorum-full: quorum->run 0.214756s
2023-05-18T18:45:40.096705722Z 18:45:40.096153 socketpair(AF_UNIX, SOCK_STREAM|SOCK_CLOEXEC, 0, [22, 23]) = 0
2023-05-18T18:45:40.096876638Z 18:45:40.096497 socketpair(AF_UNIX, SOCK_STREAM, 0, [24, 25]) = 0
2023-05-18T18:45:40.096993202Z 18:45:40.096766 socketpair(AF_UNIX, SOCK_STREAM, 0, [26, 28]) = 0
2023-05-18T18:45:40.097832227Z 18:45:40.097600 socketpair(AF_UNIX, SOCK_STREAM, 0, [58, 59]) = 0
2023-05-18T18:45:51.665600085Z broker.info[3]: shutdown: run->cleanup 12.1576s
2023-05-18T18:45:51.668071855Z broker.info[3]: cleanup-none: cleanup->shutdown 1.1867ms
2023-05-18T18:45:51.670230127Z broker.info[3]: children-none: shutdown->finalize 1.51042ms
2023-05-18T18:45:51.670914278Z 18:45:51.670587 socketpair(AF_UNIX, SOCK_STREAM|SOCK_CLOEXEC, 0, [22, 23]) = 0
2023-05-18T18:45:51.671382166Z 18:45:51.671172 socketpair(AF_UNIX, SOCK_STREAM, 0, [24, 25]) = 0
2023-05-18T18:45:51.671771117Z 18:45:51.671486 socketpair(AF_UNIX, SOCK_STREAM, 0, [26, 28]) = 0
2023-05-18T18:45:51.672155562Z 18:45:51.671913 socketpair(AF_UNIX, SOCK_STREAM, 0, [58, 59]) = 0
2023-05-18T18:45:51.692739802Z broker.info[3]: rc3.0: running /etc/flux/rc3.d/01-sched-fluxion
2023-05-18T18:45:51.853213907Z broker.info[3]: rc3.0: /etc/flux/rc3 Exited (rc=0) 0.2s
2023-05-18T18:45:51.854617416Z broker.info[3]: rc3-success: finalize->goodbye 0.183821s
2023-05-18T18:45:51.857010464Z broker.info[3]: goodbye: goodbye->exit 1.57109ms
2023-05-18T18:45:51.867070096Z 18:45:51.866775 +++ exited with 0 +++
2023-05-18T18:45:51.869299010Z Return value for follower worker is 0
2023-05-18T18:45:51.869362147Z The follower worker exited cleanly. Goodbye!
