2023-05-18T18:32:33.293409433Z
2023-05-18T18:32:33.293463372Z Flux username: flux
2023-05-18T18:32:33.293471679Z
2023-05-18T18:32:33.293478185Z Flux install root: /usr
2023-05-18T18:32:33.336630949Z flux user is already added.
2023-05-18T18:32:33.339468853Z flux user identifiers:
2023-05-18T18:32:33.339496110Z uid=1234(flux) gid=1234(flux) groups=1234(flux)
2023-05-18T18:32:33.339670081Z
2023-05-18T18:32:33.339683980Z As Flux prefix for flux commands: sudo -u flux -E PYTHONPATH=/opt/conda/lib/python3.10/site-packages -E PATH=/opt/conda/bin:/usr/local/sbin:/usr/local/bin:/usr/sbin:/usr/bin:/sbin:/bin -E LD_LIBRARY_PATH=/opt/conda/lib -E HOME=/home/flux
2023-05-18T18:32:33.348432380Z
2023-05-18T18:32:33.348471205Z ðŸ‘‹ Hello, I'm flux-sample-2
2023-05-18T18:32:33.348718611Z The main host is flux-sample-0
2023-05-18T18:32:33.348876420Z The working directory is /home/flux/examples/reaxff/HNS, contents include:
2023-05-18T18:32:33.350700628Z /home/flux/examples/reaxff/HNS:
2023-05-18T18:32:33.350806529Z README.txt	ffield.reax.hns  log.8Mar18.reaxc.hns.g++.1
2023-05-18T18:32:33.350824579Z data.hns-equil	in.reaxc.hns	 log.8Mar18.reaxc.hns.g++.4
2023-05-18T18:32:33.351067029Z End of file listing, if you see nothing above there are no files.
2023-05-18T18:32:33.353312109Z flux R encode --hosts=flux-sample-[0-3]
2023-05-18T18:32:33.368284781Z
2023-05-18T18:32:33.368318252Z ðŸ“¦ Resources
2023-05-18T18:32:33.370072401Z {"version": 1, "execution": {"R_lite": [{"rank": "0-3", "children": {"core": "0"}}], "starttime": 0.0, "expiration": 0.0, "nodelist": ["flux-sample-[0-3]"]}}
2023-05-18T18:32:33.370346508Z
2023-05-18T18:32:33.370363402Z ðŸ¸ Diagnostics: false
2023-05-18T18:32:33.370551416Z ðŸš©ï¸ Flux Option Flags defined
2023-05-18T18:32:33.375236804Z
2023-05-18T18:32:33.375260973Z ðŸ¦Š Independent Minister of Privilege
2023-05-18T18:32:33.376641189Z [exec]
2023-05-18T18:32:33.376658506Z allowed-users = [ "flux", "root" ]
2023-05-18T18:32:33.376664785Z allowed-shells = [ "/usr/libexec/flux/flux-shell" ]
2023-05-18T18:32:33.376873150Z
2023-05-18T18:32:33.376887326Z ðŸ¸ Broker Configuration
2023-05-18T18:32:33.378086309Z # Flux needs to know the path to the IMP executable
2023-05-18T18:32:33.378116790Z [exec]
2023-05-18T18:32:33.378124170Z imp = "/usr/libexec/flux/flux-imp"
2023-05-18T18:32:33.378131030Z
2023-05-18T18:32:33.378137517Z [access]
2023-05-18T18:32:33.378143401Z allow-guest-user = true
2023-05-18T18:32:33.378148508Z allow-root-owner = true
2023-05-18T18:32:33.378152906Z
2023-05-18T18:32:33.378157581Z # Point to resource definition generated with flux-R(1).
2023-05-18T18:32:33.378161520Z [resource]
2023-05-18T18:32:33.378165402Z path = "/etc/flux/system/R"
2023-05-18T18:32:33.378170439Z
2023-05-18T18:32:33.378175254Z [bootstrap]
2023-05-18T18:32:33.378178993Z curve_cert = "/etc/curve/curve.cert"
2023-05-18T18:32:33.378182340Z default_port = 8050
2023-05-18T18:32:33.378185612Z default_bind = "tcp://eth0:%p"
2023-05-18T18:32:33.378189322Z default_connect = "tcp://%h.flux-service.flux-operator.svc.cluster.local:%p"
2023-05-18T18:32:33.378192949Z hosts = [
2023-05-18T18:32:33.378196073Z 	{ host="flux-sample-[0-3]"},
2023-05-18T18:32:33.378201325Z ]
2023-05-18T18:32:33.378205749Z
2023-05-18T18:32:33.378209317Z [archive]
2023-05-18T18:32:33.378212647Z dbpath = "/var/lib/flux/job-archive.sqlite"
2023-05-18T18:32:33.378215935Z period = "1m"
2023-05-18T18:32:33.458808458Z busytimeout = "50s"
2023-05-18T18:32:33.458835046Z ðŸ§Šï¸ State Directory:
2023-05-18T18:32:33.458841528Z total 0
2023-05-18T18:32:33.458846706Z
2023-05-18T18:32:33.461766413Z
2023-05-18T18:32:33.461796045Z ðŸ”’ï¸ Working directory permissions:
2023-05-18T18:32:33.461802914Z total 96
2023-05-18T18:32:33.461808893Z -rwxrwxrwx 1 flux root  2517 May 17 22:32 README.txt
2023-05-18T18:32:33.461813964Z -rwxrwxrwx 1 flux root 54692 May 17 22:32 data.hns-equil
2023-05-18T18:32:33.461818953Z -rwxrwxrwx 1 flux root 13576 May 17 22:32 ffield.reax.hns
2023-05-18T18:32:33.461825880Z -rwxrwxrwx 1 flux root   870 May 17 22:32 in.reaxc.hns
2023-05-18T18:32:33.461841496Z -rwxrwxrwx 1 flux root  4172 May 17 22:32 log.8Mar18.reaxc.hns.g++.1
2023-05-18T18:32:33.461847315Z -rwxrwxrwx 1 flux root  4168 May 17 22:32 log.8Mar18.reaxc.hns.g++.4
2023-05-18T18:32:33.461856354Z
2023-05-18T18:32:33.462016757Z
2023-05-18T18:32:33.462029541Z âœ¨ Curve certificate generated by helper pod
2023-05-18T18:32:33.463719071Z #   ****  Generated on 2023-04-26 22:54:42 by CZMQ  ****
2023-05-18T18:32:33.463741168Z #   ZeroMQ CURVE **Secret** Certificate
2023-05-18T18:32:33.463747492Z #   DO NOT PROVIDE THIS FILE TO OTHER USERS nor change its permissions.
2023-05-18T18:32:33.463752349Z
2023-05-18T18:32:33.463757026Z metadata
2023-05-18T18:32:33.463762340Z     name = "flux-cert-generator"
2023-05-18T18:32:33.463767434Z     keygen.hostname = "flux-sample-0"
2023-05-18T18:32:33.463772232Z curve
2023-05-18T18:32:33.463779390Z     public-key = "nrFxf4/5](0yktEJzJbZ:CGRRSGtnTkLL4hDVNyF"
2023-05-18T18:32:33.463789271Z     secret-key = "@Fm)WJm@8r6.F*oA9m9TakEgQf6yNjQH(ek*=q!e"
2023-05-18T18:32:33.466537601Z
2023-05-18T18:32:33.466564693Z ðŸŒ€  flux start --wrap=strace,-e,network,-tt -o --config /etc/flux/config -Scron.directory=/etc/flux/system/cron.d   -Stbon.fanout=256   -Srundir=/run/flux    -Sstatedir=/var/lib/flux   -Slocal-uri=local:///run/flux/local -Stbon.connect_timeout=4s  -Stbon.zmqdebug=1  -Slog-stderr-level=6    -Slog-stderr-mode=local
2023-05-18T18:32:33.510501808Z 18:32:33.510131 socket(AF_NETLINK, SOCK_RAW, NETLINK_ROUTE) = 8
2023-05-18T18:32:33.510918876Z 18:32:33.510607 bind(8, {sa_family=AF_NETLINK, nl_pid=0, nl_groups=00000000}, 12) = 0
2023-05-18T18:32:33.511227427Z 18:32:33.510838 getsockname(8, {sa_family=AF_NETLINK, nl_pid=69, nl_groups=00000000}, [12]) = 0
2023-05-18T18:32:33.511652856Z 18:32:33.511202 sendto(8, {{len=20, type=RTM_GETADDR, flags=NLM_F_REQUEST|NLM_F_DUMP, seq=1684434753, pid=0}, {ifa_family=AF_UNSPEC, ...}}, 20, 0, {sa_family=AF_NETLINK, nl_pid=0, nl_groups=00000000}, 12) = 20
2023-05-18T18:32:33.511914808Z 18:32:33.511493 recvmsg(8, {msg_name={sa_family=AF_NETLINK, nl_pid=0, nl_groups=00000000}, msg_namelen=12, msg_iov=[{iov_base=[{{len=76, type=RTM_NEWADDR, flags=NLM_F_MULTI, seq=1684434753, pid=69}, {ifa_family=AF_INET, ifa_prefixlen=8, ifa_flags=IFA_F_PERMANENT, ifa_scope=RT_SCOPE_HOST, ifa_index=if_nametoindex("lo")}, [{{nla_len=8, nla_type=IFA_ADDRESS}, 127.0.0.1}, {{nla_len=8, nla_type=IFA_LOCAL}, 127.0.0.1}, {{nla_len=7, nla_type=IFA_LABEL}, "lo"}, {{nla_len=8, nla_type=IFA_FLAGS}, IFA_F_PERMANENT}, {{nla_len=20, nla_type=IFA_CACHEINFO}, {ifa_prefered=4294967295, ifa_valid=4294967295, cstamp=1529716, tstamp=1529716}}]}, {{len=88, type=RTM_NEWADDR, flags=NLM_F_MULTI, seq=1684434753, pid=69}, {ifa_family=AF_INET, ifa_prefixlen=24, ifa_flags=IFA_F_PERMANENT, ifa_scope=RT_SCOPE_UNIVERSE, ifa_index=if_nametoindex("eth0")}, [{{nla_len=8, nla_type=IFA_ADDRESS}, 10.24.2.74}, {{nla_len=8, nla_type=IFA_LOCAL}, 10.24.2.74}, {{nla_len=8, nla_type=IFA_BROADCAST}, 10.24.2.255}, {{nla_len=9, nla_type=IFA_LABEL}, "eth0"}, {{nla_len=8, nla_type=IFA_FLAGS}, IFA_F_PERMANENT}, {{nla_len=20, nla_type=IFA_CACHEINFO}, {ifa_prefered=4294967295, ifa_valid=4294967295, cstamp=1529720, tstamp=1529720}}]}], iov_len=4096}], msg_iovlen=1, msg_controllen=0, msg_flags=0}, 0) = 164
2023-05-18T18:32:33.512069265Z 18:32:33.511812 recvmsg(8, {msg_name={sa_family=AF_NETLINK, nl_pid=0, nl_groups=00000000}, msg_namelen=12, msg_iov=[{iov_base={{len=20, type=NLMSG_DONE, flags=NLM_F_MULTI, seq=1684434753, pid=69}, 0}, iov_len=4096}], msg_iovlen=1, msg_controllen=0, msg_flags=0}, 0) = 20
2023-05-18T18:32:33.512681857Z 18:32:33.512553 socket(AF_UNIX, SOCK_STREAM|SOCK_CLOEXEC|SOCK_NONBLOCK, 0) = 8
2023-05-18T18:32:33.512867776Z 18:32:33.512681 connect(8, {sa_family=AF_UNIX, sun_path="/var/run/nscd/socket"}, 110) = -1 ENOENT (No such file or directory)
2023-05-18T18:32:33.513079797Z 18:32:33.512926 socket(AF_UNIX, SOCK_STREAM|SOCK_CLOEXEC|SOCK_NONBLOCK, 0) = 8
2023-05-18T18:32:33.513209699Z 18:32:33.512994 connect(8, {sa_family=AF_UNIX, sun_path="/var/run/nscd/socket"}, 110) = -1 ENOENT (No such file or directory)
2023-05-18T18:32:33.515284324Z 18:32:33.514965 socket(AF_INET, SOCK_DGRAM|SOCK_CLOEXEC|SOCK_NONBLOCK, IPPROTO_IP) = 8
2023-05-18T18:32:33.515624395Z 18:32:33.515358 connect(8, {sa_family=AF_INET, sin_port=htons(53), sin_addr=inet_addr("169.254.169.254")}, 16) = 0
2023-05-18T18:32:33.516256064Z 18:32:33.515733 sendto(8, "\1P\1\0\0\1\0\0\0\0\0\0\rflux-sample-0\fflux-"..., 76, MSG_NOSIGNAL, NULL, 0) = 76
2023-05-18T18:32:33.519354969Z 18:32:33.519087 recvfrom(8, "\1P\201\200\0\1\0\1\0\0\0\0\rflux-sample-0\fflux-"..., 1024, 0, {sa_family=AF_INET, sin_port=htons(53), sin_addr=inet_addr("169.254.169.254")}, [28->16]) = 92
2023-05-18T18:32:33.525941698Z broker.info[2]: start: none->join 2.15632ms
2023-05-18T18:32:37.719856665Z broker.info[2]: parent-ready: join->init 4.19359s
2023-05-18T18:32:37.720633328Z 18:32:37.719772 socketpair(AF_UNIX, SOCK_STREAM|SOCK_CLOEXEC, 0, [22, 23]) = 0
2023-05-18T18:32:37.720862479Z 18:32:37.719995 socketpair(AF_UNIX, SOCK_STREAM, 0, [24, 25]) = 0
2023-05-18T18:32:37.720993981Z 18:32:37.720543 socketpair(AF_UNIX, SOCK_STREAM, 0, [26, 27]) = 0
2023-05-18T18:32:37.721474596Z 18:32:37.720840 socketpair(AF_UNIX, SOCK_STREAM, 0, [28, 29]) = 0
2023-05-18T18:32:37.749712138Z broker.info[2]: configuration updated
2023-05-18T18:32:37.875582007Z broker.info[2]: rc1.0: running /etc/flux/rc1.d/01-sched-fluxion
2023-05-18T18:32:37.887762333Z broker.info[2]: rc1.0: running /etc/flux/rc1.d/02-cron
2023-05-18T18:32:37.920879052Z broker.info[2]: rc1.0: /etc/flux/rc1 Exited (rc=0) 0.2s
2023-05-18T18:32:37.925447928Z broker.info[2]: rc1-success: init->quorum 0.20415s
2023-05-18T18:32:38.117605523Z broker.info[2]: quorum-full: quorum->run 0.193221s
2023-05-18T18:32:49.751468346Z broker.info[2]: shutdown: run->cleanup 11.6337s
2023-05-18T18:32:49.753482642Z broker.info[2]: cleanup-none: cleanup->shutdown 1.17779ms
2023-05-18T18:32:49.755143379Z broker.info[2]: children-none: shutdown->finalize 0.970974ms
2023-05-18T18:32:49.755502866Z 18:32:49.755271 socketpair(AF_UNIX, SOCK_STREAM|SOCK_CLOEXEC, 0, [22, 23]) = 0
2023-05-18T18:32:49.755801322Z 18:32:49.755494 socketpair(AF_UNIX, SOCK_STREAM, 0, [24, 25]) = 0
2023-05-18T18:32:49.755955554Z 18:32:49.755717 socketpair(AF_UNIX, SOCK_STREAM, 0, [26, 28]) = 0
2023-05-18T18:32:49.756158791Z 18:32:49.755982 socketpair(AF_UNIX, SOCK_STREAM, 0, [58, 59]) = 0
2023-05-18T18:32:49.775718038Z broker.info[2]: rc3.0: running /etc/flux/rc3.d/01-sched-fluxion
2023-05-18T18:32:49.898326608Z broker.info[2]: rc3.0: /etc/flux/rc3 Exited (rc=0) 0.1s
2023-05-18T18:32:49.899594262Z broker.info[2]: rc3-success: finalize->goodbye 0.14413s
2023-05-18T18:32:49.913279537Z broker.info[2]: goodbye: goodbye->exit 12.952ms
2023-05-18T18:32:49.927276517Z 18:32:49.927061 +++ exited with 0 +++
2023-05-18T18:32:49.928703695Z Return value for follower worker is 0
2023-05-18T18:32:49.928882011Z The follower worker exited cleanly. Goodbye!
