2023-05-18T18:56:37.446162807Z
2023-05-18T18:56:37.447199310Z Flux username: flux
2023-05-18T18:56:37.447213145Z
2023-05-18T18:56:37.447218585Z Flux install root: /usr
2023-05-18T18:56:37.496986944Z flux user is already added.
2023-05-18T18:56:37.500196050Z flux user identifiers:
2023-05-18T18:56:37.500222071Z uid=1234(flux) gid=1234(flux) groups=1234(flux)
2023-05-18T18:56:37.500370546Z
2023-05-18T18:56:37.500384168Z As Flux prefix for flux commands: sudo -u flux -E PYTHONPATH=/opt/conda/lib/python3.10/site-packages -E PATH=/opt/conda/bin:/usr/local/sbin:/usr/local/bin:/usr/sbin:/usr/bin:/sbin:/bin -E LD_LIBRARY_PATH=/opt/conda/lib -E HOME=/home/flux
2023-05-18T18:56:37.507558000Z
2023-05-18T18:56:37.507588952Z ðŸ‘‹ Hello, I'm flux-sample-1
2023-05-18T18:56:37.507768091Z The main host is flux-sample-0
2023-05-18T18:56:37.507779831Z The working directory is /home/flux/examples/reaxff/HNS, contents include:
2023-05-18T18:56:37.509721845Z /home/flux/examples/reaxff/HNS:
2023-05-18T18:56:37.509853494Z README.txt	ffield.reax.hns  log.8Mar18.reaxc.hns.g++.1
2023-05-18T18:56:37.509874846Z data.hns-equil	in.reaxc.hns	 log.8Mar18.reaxc.hns.g++.4
2023-05-18T18:56:37.510029798Z End of file listing, if you see nothing above there are no files.
2023-05-18T18:56:37.512243836Z flux R encode --hosts=flux-sample-[0-3]
2023-05-18T18:56:37.526887419Z
2023-05-18T18:56:37.526917929Z ðŸ“¦ Resources
2023-05-18T18:56:37.528943894Z {"version": 1, "execution": {"R_lite": [{"rank": "0-3", "children": {"core": "0"}}], "starttime": 0.0, "expiration": 0.0, "nodelist": ["flux-sample-[0-3]"]}}
2023-05-18T18:56:37.529275636Z
2023-05-18T18:56:37.529296643Z ðŸ¸ Diagnostics: false
2023-05-18T18:56:37.529459755Z ðŸš©ï¸ Flux Option Flags defined
2023-05-18T18:56:37.534524781Z
2023-05-18T18:56:37.534552325Z ðŸ¦Š Independent Minister of Privilege
2023-05-18T18:56:37.535920361Z [exec]
2023-05-18T18:56:37.535938739Z allowed-users = [ "flux", "root" ]
2023-05-18T18:56:37.535945596Z allowed-shells = [ "/usr/libexec/flux/flux-shell" ]
2023-05-18T18:56:37.536172714Z
2023-05-18T18:56:37.536188336Z ðŸ¸ Broker Configuration
2023-05-18T18:56:37.537526635Z # Flux needs to know the path to the IMP executable
2023-05-18T18:56:37.537543109Z [exec]
2023-05-18T18:56:37.537548887Z imp = "/usr/libexec/flux/flux-imp"
2023-05-18T18:56:37.537555384Z
2023-05-18T18:56:37.537561535Z [access]
2023-05-18T18:56:37.537567888Z allow-guest-user = true
2023-05-18T18:56:37.537572894Z allow-root-owner = true
2023-05-18T18:56:37.537578091Z
2023-05-18T18:56:37.537582976Z # Point to resource definition generated with flux-R(1).
2023-05-18T18:56:37.537587860Z [resource]
2023-05-18T18:56:37.537593405Z path = "/etc/flux/system/R"
2023-05-18T18:56:37.537600292Z
2023-05-18T18:56:37.537606581Z [bootstrap]
2023-05-18T18:56:37.537611732Z curve_cert = "/etc/curve/curve.cert"
2023-05-18T18:56:37.537616773Z default_port = 8050
2023-05-18T18:56:37.537621498Z default_bind = "tcp://eth0:%p"
2023-05-18T18:56:37.537626860Z default_connect = "tcp://%h.flux-service.flux-operator.svc.cluster.local:%p"
2023-05-18T18:56:37.537631494Z hosts = [
2023-05-18T18:56:37.537636017Z 	{ host="flux-sample-[0-3]"},
2023-05-18T18:56:37.537642674Z ]
2023-05-18T18:56:37.537648394Z
2023-05-18T18:56:37.537653214Z [archive]
2023-05-18T18:56:37.537658159Z dbpath = "/var/lib/flux/job-archive.sqlite"
2023-05-18T18:56:37.537662902Z period = "1m"
2023-05-18T18:56:37.620307217Z busytimeout = "50s"
2023-05-18T18:56:37.620334771Z ðŸ§Šï¸ State Directory:
2023-05-18T18:56:37.620340988Z total 0
2023-05-18T18:56:37.620348021Z
2023-05-18T18:56:37.623972504Z
2023-05-18T18:56:37.623999693Z ðŸ”’ï¸ Working directory permissions:
2023-05-18T18:56:37.624005456Z total 96
2023-05-18T18:56:37.624010788Z -rwxrwxrwx 1 flux root  2517 May 17 22:32 README.txt
2023-05-18T18:56:37.624015648Z -rwxrwxrwx 1 flux root 54692 May 17 22:32 data.hns-equil
2023-05-18T18:56:37.624020962Z -rwxrwxrwx 1 flux root 13576 May 17 22:32 ffield.reax.hns
2023-05-18T18:56:37.624025836Z -rwxrwxrwx 1 flux root   870 May 17 22:32 in.reaxc.hns
2023-05-18T18:56:37.624031453Z -rwxrwxrwx 1 flux root  4172 May 17 22:32 log.8Mar18.reaxc.hns.g++.1
2023-05-18T18:56:37.624038854Z -rwxrwxrwx 1 flux root  4168 May 17 22:32 log.8Mar18.reaxc.hns.g++.4
2023-05-18T18:56:37.624186795Z
2023-05-18T18:56:37.624287361Z
2023-05-18T18:56:37.624298577Z âœ¨ Curve certificate generated by helper pod
2023-05-18T18:56:37.626044441Z #   ****  Generated on 2023-04-26 22:54:42 by CZMQ  ****
2023-05-18T18:56:37.626065611Z #   ZeroMQ CURVE **Secret** Certificate
2023-05-18T18:56:37.626072168Z #   DO NOT PROVIDE THIS FILE TO OTHER USERS nor change its permissions.
2023-05-18T18:56:37.626077343Z
2023-05-18T18:56:37.626082273Z metadata
2023-05-18T18:56:37.626089822Z     name = "flux-cert-generator"
2023-05-18T18:56:37.626133199Z     keygen.hostname = "flux-sample-0"
2023-05-18T18:56:37.626141082Z curve
2023-05-18T18:56:37.626150529Z     public-key = "XVCaG!>AJdZj#oviilkYuiMXU+i2i#NEgd]L=yFW"
2023-05-18T18:56:37.626155426Z     secret-key = "XT01rd%cQqujb:uEv5:Vz7Y{>^k!Ll@M&:b97%.6"
2023-05-18T18:56:37.628183295Z
2023-05-18T18:56:37.628207174Z ðŸŒ€  flux start --wrap=strace,-e,network,-tt -o --config /etc/flux/config -Scron.directory=/etc/flux/system/cron.d   -Stbon.fanout=256   -Srundir=/run/flux    -Sstatedir=/var/lib/flux   -Slocal-uri=local:///run/flux/local -Stbon.connect_timeout=7s  -Stbon.zmqdebug=1  -Slog-stderr-level=6    -Slog-stderr-mode=local
2023-05-18T18:56:37.663939216Z 18:56:37.663620 socket(AF_NETLINK, SOCK_RAW, NETLINK_ROUTE) = 8
2023-05-18T18:56:37.663970401Z 18:56:37.663773 bind(8, {sa_family=AF_NETLINK, nl_pid=0, nl_groups=00000000}, 12) = 0
2023-05-18T18:56:37.664079047Z 18:56:37.663867 getsockname(8, {sa_family=AF_NETLINK, nl_pid=70, nl_groups=00000000}, [12]) = 0
2023-05-18T18:56:37.664340231Z 18:56:37.663973 sendto(8, {{len=20, type=RTM_GETADDR, flags=NLM_F_REQUEST|NLM_F_DUMP, seq=1684436197, pid=0}, {ifa_family=AF_UNSPEC, ...}}, 20, 0, {sa_family=AF_NETLINK, nl_pid=0, nl_groups=00000000}, 12) = 20
2023-05-18T18:56:37.664970839Z 18:56:37.664293 recvmsg(8, {msg_name={sa_family=AF_NETLINK, nl_pid=0, nl_groups=00000000}, msg_namelen=12, msg_iov=[{iov_base=[{{len=76, type=RTM_NEWADDR, flags=NLM_F_MULTI, seq=1684436197, pid=70}, {ifa_family=AF_INET, ifa_prefixlen=8, ifa_flags=IFA_F_PERMANENT, ifa_scope=RT_SCOPE_HOST, ifa_index=if_nametoindex("lo")}, [{{nla_len=8, nla_type=IFA_ADDRESS}, 127.0.0.1}, {{nla_len=8, nla_type=IFA_LOCAL}, 127.0.0.1}, {{nla_len=7, nla_type=IFA_LABEL}, "lo"}, {{nla_len=8, nla_type=IFA_FLAGS}, IFA_F_PERMANENT}, {{nla_len=20, nla_type=IFA_CACHEINFO}, {ifa_prefered=4294967295, ifa_valid=4294967295, cstamp=1674130, tstamp=1674130}}]}, {{len=88, type=RTM_NEWADDR, flags=NLM_F_MULTI, seq=1684436197, pid=70}, {ifa_family=AF_INET, ifa_prefixlen=24, ifa_flags=IFA_F_PERMANENT, ifa_scope=RT_SCOPE_UNIVERSE, ifa_index=if_nametoindex("eth0")}, [{{nla_len=8, nla_type=IFA_ADDRESS}, 10.24.2.134}, {{nla_len=8, nla_type=IFA_LOCAL}, 10.24.2.134}, {{nla_len=8, nla_type=IFA_BROADCAST}, 10.24.2.255}, {{nla_len=9, nla_type=IFA_LABEL}, "eth0"}, {{nla_len=8, nla_type=IFA_FLAGS}, IFA_F_PERMANENT}, {{nla_len=20, nla_type=IFA_CACHEINFO}, {ifa_prefered=4294967295, ifa_valid=4294967295, cstamp=1674133, tstamp=1674133}}]}], iov_len=4096}], msg_iovlen=1, msg_controllen=0, msg_flags=0}, 0) = 164
2023-05-18T18:56:37.665076322Z 18:56:37.664853 recvmsg(8, {msg_name={sa_family=AF_NETLINK, nl_pid=0, nl_groups=00000000}, msg_namelen=12, msg_iov=[{iov_base={{len=20, type=NLMSG_DONE, flags=NLM_F_MULTI, seq=1684436197, pid=70}, 0}, iov_len=4096}], msg_iovlen=1, msg_controllen=0, msg_flags=0}, 0) = 20
2023-05-18T18:56:37.665613221Z 18:56:37.665484 socket(AF_UNIX, SOCK_STREAM|SOCK_CLOEXEC|SOCK_NONBLOCK, 0) = 8
2023-05-18T18:56:37.665742584Z 18:56:37.665568 connect(8, {sa_family=AF_UNIX, sun_path="/var/run/nscd/socket"}, 110) = -1 ENOENT (No such file or directory)
2023-05-18T18:56:37.665898046Z 18:56:37.665756 socket(AF_UNIX, SOCK_STREAM|SOCK_CLOEXEC|SOCK_NONBLOCK, 0) = 8
2023-05-18T18:56:37.665988506Z 18:56:37.665853 connect(8, {sa_family=AF_UNIX, sun_path="/var/run/nscd/socket"}, 110) = -1 ENOENT (No such file or directory)
2023-05-18T18:56:37.667326933Z 18:56:37.667069 socket(AF_INET, SOCK_DGRAM|SOCK_CLOEXEC|SOCK_NONBLOCK, IPPROTO_IP) = 8
2023-05-18T18:56:37.667347146Z 18:56:37.667181 connect(8, {sa_family=AF_INET, sin_port=htons(53), sin_addr=inet_addr("169.254.169.254")}, 16) = 0
2023-05-18T18:56:37.667669591Z 18:56:37.667334 sendto(8, "\340\36\1\0\0\1\0\0\0\0\0\0\rflux-sample-0\fflux-"..., 76, MSG_NOSIGNAL, NULL, 0) = 76
2023-05-18T18:56:37.671882415Z 18:56:37.671451 recvfrom(8, "\340\36\201\200\0\1\0\1\0\0\0\0\rflux-sample-0\fflux-"..., 1024, 0, {sa_family=AF_INET, sin_port=htons(53), sin_addr=inet_addr("169.254.169.254")}, [28->16]) = 92
2023-05-18T18:56:37.677057418Z broker.info[1]: start: none->join 1.98798ms
2023-05-18T18:56:44.803123802Z broker.info[1]: parent-ready: join->init 7.12568s
2023-05-18T18:56:44.803481952Z 18:56:44.803172 socketpair(AF_UNIX, SOCK_STREAM|SOCK_CLOEXEC, 0, [22, 23]) = 0
2023-05-18T18:56:44.803608370Z 18:56:44.803408 socketpair(AF_UNIX, SOCK_STREAM, 0, [24, 25]) = 0
2023-05-18T18:56:44.803944181Z 18:56:44.803660 socketpair(AF_UNIX, SOCK_STREAM, 0, [26, 27]) = 0
2023-05-18T18:56:44.804074128Z 18:56:44.803920 socketpair(AF_UNIX, SOCK_STREAM, 0, [28, 29]) = 0
2023-05-18T18:56:44.829128789Z broker.info[1]: configuration updated
2023-05-18T18:56:44.960897553Z broker.info[1]: rc1.0: running /etc/flux/rc1.d/01-sched-fluxion
2023-05-18T18:56:44.974659536Z broker.info[1]: rc1.0: running /etc/flux/rc1.d/02-cron
2023-05-18T18:56:45.003162315Z broker.info[1]: rc1.0: /etc/flux/rc1 Exited (rc=0) 0.2s
2023-05-18T18:56:45.004369212Z broker.info[1]: rc1-success: init->quorum 0.201017s
2023-05-18T18:56:45.741418713Z broker.info[1]: quorum-full: quorum->run 0.736437s
2023-05-18T18:56:58.175882441Z broker.info[1]: shutdown: run->cleanup 12.4332s
2023-05-18T18:56:58.176705388Z broker.info[1]: cleanup-none: cleanup->shutdown 1.17826ms
2023-05-18T18:56:58.178091614Z broker.info[1]: children-none: shutdown->finalize 0.86788ms
2023-05-18T18:56:58.178494086Z 18:56:58.177517 socketpair(AF_UNIX, SOCK_STREAM|SOCK_CLOEXEC, 0, [22, 23]) = 0
2023-05-18T18:56:58.178752010Z 18:56:58.177796 socketpair(AF_UNIX, SOCK_STREAM, 0, [24, 25]) = 0
2023-05-18T18:56:58.178922211Z 18:56:58.178048 socketpair(AF_UNIX, SOCK_STREAM, 0, [26, 28]) = 0
2023-05-18T18:56:58.179236726Z 18:56:58.178315 socketpair(AF_UNIX, SOCK_STREAM, 0, [58, 59]) = 0
2023-05-18T18:56:58.196301747Z broker.info[1]: rc3.0: running /etc/flux/rc3.d/01-sched-fluxion
2023-05-18T18:56:58.334401861Z broker.info[1]: rc3.0: /etc/flux/rc3 Exited (rc=0) 0.2s
2023-05-18T18:56:58.335733535Z broker.info[1]: rc3-success: finalize->goodbye 0.158045s
2023-05-18T18:56:58.337721186Z broker.info[1]: goodbye: goodbye->exit 1.04429ms
2023-05-18T18:56:58.346376892Z 18:56:58.346176 +++ exited with 0 +++
2023-05-18T18:56:58.347926228Z Return value for follower worker is 0
2023-05-18T18:56:58.348089203Z The follower worker exited cleanly. Goodbye!
