2023-05-18T20:43:56.314995911Z
2023-05-18T20:43:56.315075786Z Flux username: flux
2023-05-18T20:43:56.315084206Z
2023-05-18T20:43:56.315092227Z Flux install root: /usr
2023-05-18T20:43:56.377481735Z flux user is already added.
2023-05-18T20:43:56.382427445Z flux user identifiers:
2023-05-18T20:43:56.382482290Z uid=1234(flux) gid=1234(flux) groups=1234(flux)
2023-05-18T20:43:56.382663885Z
2023-05-18T20:43:56.382691064Z As Flux prefix for flux commands: sudo -u flux -E PYTHONPATH=/opt/conda/lib/python3.10/site-packages -E PATH=/opt/conda/bin:/usr/local/sbin:/usr/local/bin:/usr/sbin:/usr/bin:/sbin:/bin -E LD_LIBRARY_PATH=/opt/conda/lib -E HOME=/home/flux
2023-05-18T20:43:56.392712964Z
2023-05-18T20:43:56.392797772Z ðŸ‘‹ Hello, I'm flux-sample-2
2023-05-18T20:43:56.393017254Z The main host is flux-sample-0
2023-05-18T20:43:56.393033189Z The working directory is /home/flux/examples/reaxff/HNS, contents include:
2023-05-18T20:43:56.395361095Z /home/flux/examples/reaxff/HNS:
2023-05-18T20:43:56.395580595Z README.txt	ffield.reax.hns  log.8Mar18.reaxc.hns.g++.1
2023-05-18T20:43:56.395596667Z data.hns-equil	in.reaxc.hns	 log.8Mar18.reaxc.hns.g++.4
2023-05-18T20:43:56.395749060Z End of file listing, if you see nothing above there are no files.
2023-05-18T20:43:56.398488928Z flux R encode --hosts=flux-sample-[0-3]
2023-05-18T20:43:56.416899951Z
2023-05-18T20:43:56.416951958Z ðŸ“¦ Resources
2023-05-18T20:43:56.419341882Z {"version": 1, "execution": {"R_lite": [{"rank": "0-3", "children": {"core": "0"}}], "starttime": 0.0, "expiration": 0.0, "nodelist": ["flux-sample-[0-3]"]}}
2023-05-18T20:43:56.419575920Z
2023-05-18T20:43:56.419594390Z ðŸ¸ Diagnostics: false
2023-05-18T20:43:56.419754329Z ðŸš©ï¸ Flux Option Flags defined
2023-05-18T20:43:56.426868424Z
2023-05-18T20:43:56.426918843Z ðŸ¦Š Independent Minister of Privilege
2023-05-18T20:43:56.429381642Z [exec]
2023-05-18T20:43:56.429416134Z allowed-users = [ "flux", "root" ]
2023-05-18T20:43:56.429425351Z allowed-shells = [ "/usr/libexec/flux/flux-shell" ]
2023-05-18T20:43:56.429432514Z
2023-05-18T20:43:56.429441865Z ðŸ¸ Broker Configuration
2023-05-18T20:43:56.431471971Z # Flux needs to know the path to the IMP executable
2023-05-18T20:43:56.431507242Z [exec]
2023-05-18T20:43:56.431515684Z imp = "/usr/libexec/flux/flux-imp"
2023-05-18T20:43:56.431521824Z
2023-05-18T20:43:56.431528369Z [access]
2023-05-18T20:43:56.431537390Z allow-guest-user = true
2023-05-18T20:43:56.431545454Z allow-root-owner = true
2023-05-18T20:43:56.431552193Z
2023-05-18T20:43:56.431560781Z # Point to resource definition generated with flux-R(1).
2023-05-18T20:43:56.431569159Z [resource]
2023-05-18T20:43:56.431575828Z path = "/etc/flux/system/R"
2023-05-18T20:43:56.431582884Z
2023-05-18T20:43:56.431589640Z [bootstrap]
2023-05-18T20:43:56.431598460Z curve_cert = "/etc/curve/curve.cert"
2023-05-18T20:43:56.431606862Z default_port = 8050
2023-05-18T20:43:56.431613718Z default_bind = "tcp://eth0:%p"
2023-05-18T20:43:56.431620931Z default_connect = "tcp://%h.flux-service.flux-operator.svc.cluster.local:%p"
2023-05-18T20:43:56.431627666Z hosts = [
2023-05-18T20:43:56.431633970Z 	{ host="flux-sample-[0-3]"},
2023-05-18T20:43:56.431640988Z ]
2023-05-18T20:43:56.431646882Z
2023-05-18T20:43:56.431654640Z [archive]
2023-05-18T20:43:56.431662782Z dbpath = "/var/lib/flux/job-archive.sqlite"
2023-05-18T20:43:56.431670199Z period = "1m"
2023-05-18T20:43:56.530009452Z busytimeout = "50s"
2023-05-18T20:43:56.530632364Z ðŸ§Šï¸ State Directory:
2023-05-18T20:43:56.530653358Z total 0
2023-05-18T20:43:56.530659428Z
2023-05-18T20:43:56.534673861Z
2023-05-18T20:43:56.534715169Z ðŸ”’ï¸ Working directory permissions:
2023-05-18T20:43:56.534723723Z total 96
2023-05-18T20:43:56.534737171Z -rwxrwxrwx 1 flux root  2517 May 17 22:32 README.txt
2023-05-18T20:43:56.534743052Z -rwxrwxrwx 1 flux root 54692 May 17 22:32 data.hns-equil
2023-05-18T20:43:56.534748680Z -rwxrwxrwx 1 flux root 13576 May 17 22:32 ffield.reax.hns
2023-05-18T20:43:56.534753584Z -rwxrwxrwx 1 flux root   870 May 17 22:32 in.reaxc.hns
2023-05-18T20:43:56.534761500Z -rwxrwxrwx 1 flux root  4172 May 17 22:32 log.8Mar18.reaxc.hns.g++.1
2023-05-18T20:43:56.534766550Z -rwxrwxrwx 1 flux root  4168 May 17 22:32 log.8Mar18.reaxc.hns.g++.4
2023-05-18T20:43:56.534770919Z
2023-05-18T20:43:56.534879182Z
2023-05-18T20:43:56.534901493Z âœ¨ Curve certificate generated by helper pod
2023-05-18T20:43:56.536540756Z #   ****  Generated on 2023-04-26 22:54:42 by CZMQ  ****
2023-05-18T20:43:56.536567607Z #   ZeroMQ CURVE **Secret** Certificate
2023-05-18T20:43:56.536574804Z #   DO NOT PROVIDE THIS FILE TO OTHER USERS nor change its permissions.
2023-05-18T20:43:56.536580601Z
2023-05-18T20:43:56.536584097Z metadata
2023-05-18T20:43:56.536588186Z     name = "flux-cert-generator"
2023-05-18T20:43:56.536591535Z     keygen.hostname = "flux-sample-0"
2023-05-18T20:43:56.536594889Z curve
2023-05-18T20:43:56.536599447Z     public-key = ":)60w9nFL[osDmAzRc8b-C*#9D0D8=]XU*]sX=25"
2023-05-18T20:43:56.536606353Z     secret-key = "wfAKHjY9(odBF{Etsfv6[d4HqN}7{]!H3QQNPyZ]"
2023-05-18T20:43:56.539045793Z
2023-05-18T20:43:56.539080244Z ðŸŒ€  flux start --wrap=strace,-e,network,-tt -o --config /etc/flux/config -Scron.directory=/etc/flux/system/cron.d   -Stbon.fanout=256   -Srundir=/run/flux    -Sstatedir=/var/lib/flux   -Slocal-uri=local:///run/flux/local -Stbon.connect_timeout=9s  -Stbon.zmqdebug=1  -Slog-stderr-level=6    -Slog-stderr-mode=local
2023-05-18T20:43:56.585525040Z 20:43:56.585199 socket(AF_NETLINK, SOCK_RAW, NETLINK_ROUTE) = 8
2023-05-18T20:43:56.585801329Z 20:43:56.585517 bind(8, {sa_family=AF_NETLINK, nl_pid=0, nl_groups=00000000}, 12) = 0
2023-05-18T20:43:56.585921741Z 20:43:56.585711 getsockname(8, {sa_family=AF_NETLINK, nl_pid=71, nl_groups=00000000}, [12]) = 0
2023-05-18T20:43:56.586425119Z 20:43:56.585843 sendto(8, {{len=20, type=RTM_GETADDR, flags=NLM_F_REQUEST|NLM_F_DUMP, seq=1684442636, pid=0}, {ifa_family=AF_UNSPEC, ...}}, 20, 0, {sa_family=AF_NETLINK, nl_pid=0, nl_groups=00000000}, 12) = 20
2023-05-18T20:43:56.586843668Z 20:43:56.586312 recvmsg(8, {msg_name={sa_family=AF_NETLINK, nl_pid=0, nl_groups=00000000}, msg_namelen=12, msg_iov=[{iov_base=[{{len=76, type=RTM_NEWADDR, flags=NLM_F_MULTI, seq=1684442636, pid=71}, {ifa_family=AF_INET, ifa_prefixlen=8, ifa_flags=IFA_F_PERMANENT, ifa_scope=RT_SCOPE_HOST, ifa_index=if_nametoindex("lo")}, [{{nla_len=8, nla_type=IFA_ADDRESS}, 127.0.0.1}, {{nla_len=8, nla_type=IFA_LOCAL}, 127.0.0.1}, {{nla_len=7, nla_type=IFA_LABEL}, "lo"}, {{nla_len=8, nla_type=IFA_FLAGS}, IFA_F_PERMANENT}, {{nla_len=20, nla_type=IFA_CACHEINFO}, {ifa_prefered=4294967295, ifa_valid=4294967295, cstamp=2317948, tstamp=2317948}}]}, {{len=88, type=RTM_NEWADDR, flags=NLM_F_MULTI, seq=1684442636, pid=71}, {ifa_family=AF_INET, ifa_prefixlen=24, ifa_flags=IFA_F_PERMANENT, ifa_scope=RT_SCOPE_UNIVERSE, ifa_index=if_nametoindex("eth0")}, [{{nla_len=8, nla_type=IFA_ADDRESS}, 10.24.3.139}, {{nla_len=8, nla_type=IFA_LOCAL}, 10.24.3.139}, {{nla_len=8, nla_type=IFA_BROADCAST}, 10.24.3.255}, {{nla_len=9, nla_type=IFA_LABEL}, "eth0"}, {{nla_len=8, nla_type=IFA_FLAGS}, IFA_F_PERMANENT}, {{nla_len=20, nla_type=IFA_CACHEINFO}, {ifa_prefered=4294967295, ifa_valid=4294967295, cstamp=2317951, tstamp=2317951}}]}], iov_len=4096}], msg_iovlen=1, msg_controllen=0, msg_flags=0}, 0) = 164
2023-05-18T20:43:56.587244180Z 20:43:56.586923 recvmsg(8, {msg_name={sa_family=AF_NETLINK, nl_pid=0, nl_groups=00000000}, msg_namelen=12, msg_iov=[{iov_base={{len=20, type=NLMSG_DONE, flags=NLM_F_MULTI, seq=1684442636, pid=71}, 0}, iov_len=4096}], msg_iovlen=1, msg_controllen=0, msg_flags=0}, 0) = 20
2023-05-18T20:43:56.588233829Z 20:43:56.588017 socket(AF_UNIX, SOCK_STREAM|SOCK_CLOEXEC|SOCK_NONBLOCK, 0) = 8
2023-05-18T20:43:56.588339703Z 20:43:56.588166 connect(8, {sa_family=AF_UNIX, sun_path="/var/run/nscd/socket"}, 110) = -1 ENOENT (No such file or directory)
2023-05-18T20:43:56.588651061Z 20:43:56.588412 socket(AF_UNIX, SOCK_STREAM|SOCK_CLOEXEC|SOCK_NONBLOCK, 0) = 8
2023-05-18T20:43:56.588765253Z 20:43:56.588519 connect(8, {sa_family=AF_UNIX, sun_path="/var/run/nscd/socket"}, 110) = -1 ENOENT (No such file or directory)
2023-05-18T20:43:56.591675076Z 20:43:56.591216 socket(AF_INET, SOCK_DGRAM|SOCK_CLOEXEC|SOCK_NONBLOCK, IPPROTO_IP) = 8
2023-05-18T20:43:56.591707495Z 20:43:56.591403 connect(8, {sa_family=AF_INET, sin_port=htons(53), sin_addr=inet_addr("169.254.169.254")}, 16) = 0
2023-05-18T20:43:56.592060106Z 20:43:56.591623 sendto(8, "\302k\1\0\0\1\0\0\0\0\0\0\rflux-sample-0\fflux-"..., 76, MSG_NOSIGNAL, NULL, 0) = 76
2023-05-18T20:43:56.596176537Z 20:43:56.595758 recvfrom(8, "\302k\201\200\0\1\0\1\0\0\0\0\rflux-sample-0\fflux-"..., 1024, 0, {sa_family=AF_INET, sin_port=htons(53), sin_addr=inet_addr("169.254.169.254")}, [28->16]) = 92
2023-05-18T20:43:56.605622256Z broker.info[2]: start: none->join 4.48651ms
2023-05-18T20:43:56.616854555Z broker.info[2]: parent-ready: join->init 11.0178ms
2023-05-18T20:43:56.617584103Z 20:43:56.617069 socketpair(AF_UNIX, SOCK_STREAM|SOCK_CLOEXEC, 0, [22, 23]) = 0
2023-05-18T20:43:56.617978388Z 20:43:56.617654 socketpair(AF_UNIX, SOCK_STREAM, 0, [24, 25]) = 0
2023-05-18T20:43:56.618581953Z 20:43:56.618238 socketpair(AF_UNIX, SOCK_STREAM, 0, [26, 27]) = 0
2023-05-18T20:43:56.619079125Z 20:43:56.618757 socketpair(AF_UNIX, SOCK_STREAM, 0, [28, 29]) = 0
2023-05-18T20:43:56.647021683Z broker.info[2]: configuration updated
2023-05-18T20:43:56.787968956Z broker.info[2]: rc1.0: running /etc/flux/rc1.d/01-sched-fluxion
2023-05-18T20:43:56.803780282Z broker.info[2]: rc1.0: running /etc/flux/rc1.d/02-cron
2023-05-18T20:43:56.852314193Z broker.info[2]: rc1.0: /etc/flux/rc1 Exited (rc=0) 0.2s
2023-05-18T20:43:56.852364978Z broker.info[2]: rc1-success: init->quorum 0.233542s
2023-05-18T20:44:04.703368372Z broker.info[2]: quorum-full: quorum->run 7.85185s
2023-05-18T20:44:16.366091046Z broker.info[2]: shutdown: run->cleanup 11.6621s
2023-05-18T20:44:16.367775476Z broker.info[2]: cleanup-none: cleanup->shutdown 1.49854ms
2023-05-18T20:44:16.369948698Z broker.info[2]: children-none: shutdown->finalize 1.28491ms
2023-05-18T20:44:16.370369718Z 20:44:16.369733 socketpair(AF_UNIX, SOCK_STREAM|SOCK_CLOEXEC, 0, [22, 23]) = 0
2023-05-18T20:44:16.370390967Z 20:44:16.370039 socketpair(AF_UNIX, SOCK_STREAM, 0, [24, 25]) = 0
2023-05-18T20:44:16.370630669Z 20:44:16.370391 socketpair(AF_UNIX, SOCK_STREAM, 0, [26, 28]) = 0
2023-05-18T20:44:16.370952549Z 20:44:16.370690 socketpair(AF_UNIX, SOCK_STREAM, 0, [58, 59]) = 0
2023-05-18T20:44:16.395949515Z broker.info[2]: rc3.0: running /etc/flux/rc3.d/01-sched-fluxion
2023-05-18T20:44:16.569606067Z broker.info[2]: rc3.0: /etc/flux/rc3 Exited (rc=0) 0.2s
2023-05-18T20:44:16.571222388Z broker.info[2]: rc3-success: finalize->goodbye 0.201193s
2023-05-18T20:44:16.573105685Z broker.info[2]: goodbye: goodbye->exit 1.13635ms
2023-05-18T20:44:16.582577598Z 20:44:16.582269 +++ exited with 0 +++
2023-05-18T20:44:16.584339082Z Return value for follower worker is 0
2023-05-18T20:44:16.584402610Z The follower worker exited cleanly. Goodbye!
