2023-05-18T20:47:56.732868833Z
2023-05-18T20:47:56.732986598Z Flux username: flux
2023-05-18T20:47:56.732994923Z
2023-05-18T20:47:56.733000835Z Flux install root: /usr
2023-05-18T20:47:56.791961589Z flux user is already added.
2023-05-18T20:47:56.796335193Z flux user identifiers:
2023-05-18T20:47:56.796413851Z uid=1234(flux) gid=1234(flux) groups=1234(flux)
2023-05-18T20:47:56.796419948Z
2023-05-18T20:47:56.796429481Z As Flux prefix for flux commands: sudo -u flux -E PYTHONPATH=/opt/conda/lib/python3.10/site-packages -E PATH=/opt/conda/bin:/usr/local/sbin:/usr/local/bin:/usr/sbin:/usr/bin:/sbin:/bin -E LD_LIBRARY_PATH=/opt/conda/lib -E HOME=/home/flux
2023-05-18T20:47:56.808561502Z
2023-05-18T20:47:56.808615914Z 👋 Hello, I'm flux-sample-1
2023-05-18T20:47:56.808799071Z The main host is flux-sample-0
2023-05-18T20:47:56.808817346Z The working directory is /home/flux/examples/reaxff/HNS, contents include:
2023-05-18T20:47:56.811204389Z /home/flux/examples/reaxff/HNS:
2023-05-18T20:47:56.811357379Z README.txt	ffield.reax.hns  log.8Mar18.reaxc.hns.g++.1
2023-05-18T20:47:56.811369386Z data.hns-equil	in.reaxc.hns	 log.8Mar18.reaxc.hns.g++.4
2023-05-18T20:47:56.811674929Z End of file listing, if you see nothing above there are no files.
2023-05-18T20:47:56.814304757Z flux R encode --hosts=flux-sample-[0-3]
2023-05-18T20:47:56.835025494Z
2023-05-18T20:47:56.835084251Z 📦 Resources
2023-05-18T20:47:56.836967398Z {"version": 1, "execution": {"R_lite": [{"rank": "0-3", "children": {"core": "0"}}], "starttime": 0.0, "expiration": 0.0, "nodelist": ["flux-sample-[0-3]"]}}
2023-05-18T20:47:56.837328104Z
2023-05-18T20:47:56.837352314Z 🐸 Diagnostics: false
2023-05-18T20:47:56.837644939Z 🚩️ Flux Option Flags defined
2023-05-18T20:47:56.843318780Z
2023-05-18T20:47:56.843361362Z 🦊 Independent Minister of Privilege
2023-05-18T20:47:56.845005857Z [exec]
2023-05-18T20:47:56.845048337Z allowed-users = [ "flux", "root" ]
2023-05-18T20:47:56.845056104Z allowed-shells = [ "/usr/libexec/flux/flux-shell" ]
2023-05-18T20:47:56.845411143Z
2023-05-18T20:47:56.845432144Z 🐸 Broker Configuration
2023-05-18T20:47:56.847203941Z # Flux needs to know the path to the IMP executable
2023-05-18T20:47:56.847231910Z [exec]
2023-05-18T20:47:56.847238240Z imp = "/usr/libexec/flux/flux-imp"
2023-05-18T20:47:56.847245849Z
2023-05-18T20:47:56.847253212Z [access]
2023-05-18T20:47:56.847259831Z allow-guest-user = true
2023-05-18T20:47:56.847264962Z allow-root-owner = true
2023-05-18T20:47:56.847269997Z
2023-05-18T20:47:56.847275442Z # Point to resource definition generated with flux-R(1).
2023-05-18T20:47:56.847280414Z [resource]
2023-05-18T20:47:56.847288018Z path = "/etc/flux/system/R"
2023-05-18T20:47:56.847295619Z
2023-05-18T20:47:56.847301805Z [bootstrap]
2023-05-18T20:47:56.847307355Z curve_cert = "/etc/curve/curve.cert"
2023-05-18T20:47:56.847312996Z default_port = 8050
2023-05-18T20:47:56.847317596Z default_bind = "tcp://eth0:%p"
2023-05-18T20:47:56.847325062Z default_connect = "tcp://%h.flux-service.flux-operator.svc.cluster.local:%p"
2023-05-18T20:47:56.847330954Z hosts = [
2023-05-18T20:47:56.847337961Z 	{ host="flux-sample-[0-3]"},
2023-05-18T20:47:56.847345239Z ]
2023-05-18T20:47:56.847350665Z
2023-05-18T20:47:56.847355602Z [archive]
2023-05-18T20:47:56.847360958Z dbpath = "/var/lib/flux/job-archive.sqlite"
2023-05-18T20:47:56.847366787Z period = "1m"
2023-05-18T20:47:56.958225468Z busytimeout = "50s"
2023-05-18T20:47:56.958271169Z 🧊️ State Directory:
2023-05-18T20:47:56.958278459Z total 0
2023-05-18T20:47:56.958284055Z
2023-05-18T20:47:56.962708380Z
2023-05-18T20:47:56.962769043Z 🔒️ Working directory permissions:
2023-05-18T20:47:56.962776571Z total 96
2023-05-18T20:47:56.962783038Z -rwxrwxrwx 1 flux root  2517 May 17 22:32 README.txt
2023-05-18T20:47:56.962788066Z -rwxrwxrwx 1 flux root 54692 May 17 22:32 data.hns-equil
2023-05-18T20:47:56.962795482Z -rwxrwxrwx 1 flux root 13576 May 17 22:32 ffield.reax.hns
2023-05-18T20:47:56.962801558Z -rwxrwxrwx 1 flux root   870 May 17 22:32 in.reaxc.hns
2023-05-18T20:47:56.962807046Z -rwxrwxrwx 1 flux root  4172 May 17 22:32 log.8Mar18.reaxc.hns.g++.1
2023-05-18T20:47:56.962812374Z -rwxrwxrwx 1 flux root  4168 May 17 22:32 log.8Mar18.reaxc.hns.g++.4
2023-05-18T20:47:56.962817042Z
2023-05-18T20:47:56.963024134Z
2023-05-18T20:47:56.963046047Z ✨ Curve certificate generated by helper pod
2023-05-18T20:47:56.965058899Z #   ****  Generated on 2023-04-26 22:54:42 by CZMQ  ****
2023-05-18T20:47:56.965085405Z #   ZeroMQ CURVE **Secret** Certificate
2023-05-18T20:47:56.965092371Z #   DO NOT PROVIDE THIS FILE TO OTHER USERS nor change its permissions.
2023-05-18T20:47:56.965097791Z
2023-05-18T20:47:56.965102592Z metadata
2023-05-18T20:47:56.965112580Z     name = "flux-cert-generator"
2023-05-18T20:47:56.965119728Z     keygen.hostname = "flux-sample-0"
2023-05-18T20:47:56.965147522Z curve
2023-05-18T20:47:56.965152630Z     public-key = "]L1586.@wjKbKk#B?Cr41K9J?aR1%X<->jRBlu{@"
2023-05-18T20:47:56.965157915Z     secret-key = "bp}we.G*vU6WQ%P16r[RQ&Q*6YR{rSepfRr40E*T"
2023-05-18T20:47:56.968373541Z
2023-05-18T20:47:56.968413776Z 🌀  flux start --wrap=strace,-e,network,-tt -o --config /etc/flux/config -Scron.directory=/etc/flux/system/cron.d   -Stbon.fanout=256   -Srundir=/run/flux    -Sstatedir=/var/lib/flux   -Slocal-uri=local:///run/flux/local -Stbon.connect_timeout=9s  -Stbon.zmqdebug=1  -Slog-stderr-level=6    -Slog-stderr-mode=local
2023-05-18T20:47:57.023011965Z 20:47:57.022602 socket(AF_NETLINK, SOCK_RAW, NETLINK_ROUTE) = 8
2023-05-18T20:47:57.023066374Z 20:47:57.022760 bind(8, {sa_family=AF_NETLINK, nl_pid=0, nl_groups=00000000}, 12) = 0
2023-05-18T20:47:57.023201022Z 20:47:57.022858 getsockname(8, {sa_family=AF_NETLINK, nl_pid=70, nl_groups=00000000}, [12]) = 0
2023-05-18T20:47:57.023392260Z 20:47:57.022939 sendto(8, {{len=20, type=RTM_GETADDR, flags=NLM_F_REQUEST|NLM_F_DUMP, seq=1684442877, pid=0}, {ifa_family=AF_UNSPEC, ...}}, 20, 0, {sa_family=AF_NETLINK, nl_pid=0, nl_groups=00000000}, 12) = 20
2023-05-18T20:47:57.023796260Z 20:47:57.023324 recvmsg(8, {msg_name={sa_family=AF_NETLINK, nl_pid=0, nl_groups=00000000}, msg_namelen=12, msg_iov=[{iov_base=[{{len=76, type=RTM_NEWADDR, flags=NLM_F_MULTI, seq=1684442877, pid=70}, {ifa_family=AF_INET, ifa_prefixlen=8, ifa_flags=IFA_F_PERMANENT, ifa_scope=RT_SCOPE_HOST, ifa_index=if_nametoindex("lo")}, [{{nla_len=8, nla_type=IFA_ADDRESS}, 127.0.0.1}, {{nla_len=8, nla_type=IFA_LOCAL}, 127.0.0.1}, {{nla_len=7, nla_type=IFA_LABEL}, "lo"}, {{nla_len=8, nla_type=IFA_FLAGS}, IFA_F_PERMANENT}, {{nla_len=20, nla_type=IFA_CACHEINFO}, {ifa_prefered=4294967295, ifa_valid=4294967295, cstamp=2342001, tstamp=2342001}}]}, {{len=88, type=RTM_NEWADDR, flags=NLM_F_MULTI, seq=1684442877, pid=70}, {ifa_family=AF_INET, ifa_prefixlen=24, ifa_flags=IFA_F_PERMANENT, ifa_scope=RT_SCOPE_UNIVERSE, ifa_index=if_nametoindex("eth0")}, [{{nla_len=8, nla_type=IFA_ADDRESS}, 10.24.3.151}, {{nla_len=8, nla_type=IFA_LOCAL}, 10.24.3.151}, {{nla_len=8, nla_type=IFA_BROADCAST}, 10.24.3.255}, {{nla_len=9, nla_type=IFA_LABEL}, "eth0"}, {{nla_len=8, nla_type=IFA_FLAGS}, IFA_F_PERMANENT}, {{nla_len=20, nla_type=IFA_CACHEINFO}, {ifa_prefered=4294967295, ifa_valid=4294967295, cstamp=2342006, tstamp=2342006}}]}], iov_len=4096}], msg_iovlen=1, msg_controllen=0, msg_flags=0}, 0) = 164
2023-05-18T20:47:57.023904810Z 20:47:57.023701 recvmsg(8, {msg_name={sa_family=AF_NETLINK, nl_pid=0, nl_groups=00000000}, msg_namelen=12, msg_iov=[{iov_base={{len=20, type=NLMSG_DONE, flags=NLM_F_MULTI, seq=1684442877, pid=70}, 0}, iov_len=4096}], msg_iovlen=1, msg_controllen=0, msg_flags=0}, 0) = 20
2023-05-18T20:47:57.024498424Z 20:47:57.024329 socket(AF_UNIX, SOCK_STREAM|SOCK_CLOEXEC|SOCK_NONBLOCK, 0) = 8
2023-05-18T20:47:57.024587180Z 20:47:57.024435 connect(8, {sa_family=AF_UNIX, sun_path="/var/run/nscd/socket"}, 110) = -1 ENOENT (No such file or directory)
2023-05-18T20:47:57.024743932Z 20:47:57.024612 socket(AF_UNIX, SOCK_STREAM|SOCK_CLOEXEC|SOCK_NONBLOCK, 0) = 8
2023-05-18T20:47:57.024816550Z 20:47:57.024696 connect(8, {sa_family=AF_UNIX, sun_path="/var/run/nscd/socket"}, 110) = -1 ENOENT (No such file or directory)
2023-05-18T20:47:57.026354293Z 20:47:57.026035 socket(AF_INET, SOCK_DGRAM|SOCK_CLOEXEC|SOCK_NONBLOCK, IPPROTO_IP) = 8
2023-05-18T20:47:57.026493208Z 20:47:57.026305 connect(8, {sa_family=AF_INET, sin_port=htons(53), sin_addr=inet_addr("169.254.169.254")}, 16) = 0
2023-05-18T20:47:57.026895236Z 20:47:57.026497 sendto(8, "\312@\1\0\0\1\0\0\0\0\0\0\rflux-sample-0\fflux-"..., 76, MSG_NOSIGNAL, NULL, 0) = 76
2023-05-18T20:47:57.030677691Z 20:47:57.030048 recvfrom(8, "\312@\201\200\0\1\0\1\0\0\0\0\rflux-sample-0\fflux-"..., 1024, 0, {sa_family=AF_INET, sin_port=htons(53), sin_addr=inet_addr("169.254.169.254")}, [28->16]) = 92
2023-05-18T20:47:57.037338598Z broker.info[1]: start: none->join 2.41151ms
2023-05-18T20:48:06.170259136Z broker.info[1]: parent-ready: join->init 9.1328s
2023-05-18T20:48:06.170536464Z 20:48:06.170297 socketpair(AF_UNIX, SOCK_STREAM|SOCK_CLOEXEC, 0, [22, 23]) = 0
2023-05-18T20:48:06.170694432Z 20:48:06.170526 socketpair(AF_UNIX, SOCK_STREAM, 0, [24, 25]) = 0
2023-05-18T20:48:06.171490753Z 20:48:06.170808 socketpair(AF_UNIX, SOCK_STREAM, 0, [26, 27]) = 0
2023-05-18T20:48:06.171515847Z 20:48:06.171006 socketpair(AF_UNIX, SOCK_STREAM, 0, [28, 29]) = 0
2023-05-18T20:48:06.201157027Z broker.info[1]: configuration updated
2023-05-18T20:48:06.357099048Z broker.info[1]: rc1.0: running /etc/flux/rc1.d/01-sched-fluxion
2023-05-18T20:48:06.373263120Z broker.info[1]: rc1.0: running /etc/flux/rc1.d/02-cron
2023-05-18T20:48:06.403618286Z broker.info[1]: rc1.0: /etc/flux/rc1 Exited (rc=0) 0.2s
2023-05-18T20:48:06.404851154Z broker.info[1]: rc1-success: init->quorum 0.234392s
2023-05-18T20:48:06.788190627Z broker.info[1]: quorum-full: quorum->run 0.382734s
2023-05-18T20:48:18.368363115Z broker.info[1]: shutdown: run->cleanup 11.5794s
2023-05-18T20:48:18.370064245Z broker.info[1]: cleanup-none: cleanup->shutdown 1.45602ms
2023-05-18T20:48:18.372432803Z broker.info[1]: children-none: shutdown->finalize 1.23568ms
2023-05-18T20:48:18.373667991Z 20:48:18.373084 socketpair(AF_UNIX, SOCK_STREAM|SOCK_CLOEXEC, 0, [22, 23]) = 0
2023-05-18T20:48:18.374077854Z 20:48:18.373774 socketpair(AF_UNIX, SOCK_STREAM, 0, [24, 25]) = 0
2023-05-18T20:48:18.374498274Z 20:48:18.374189 socketpair(AF_UNIX, SOCK_STREAM, 0, [26, 28]) = 0
2023-05-18T20:48:18.375056718Z 20:48:18.374746 socketpair(AF_UNIX, SOCK_STREAM, 0, [58, 59]) = 0
2023-05-18T20:48:18.400689935Z broker.info[1]: rc3.0: running /etc/flux/rc3.d/01-sched-fluxion
2023-05-18T20:48:18.577295847Z broker.info[1]: rc3.0: /etc/flux/rc3 Exited (rc=0) 0.2s
2023-05-18T20:48:18.579258916Z broker.info[1]: rc3-success: finalize->goodbye 0.205806s
2023-05-18T20:48:18.581251213Z broker.info[1]: goodbye: goodbye->exit 1.29219ms
2023-05-18T20:48:18.590541398Z 20:48:18.590239 +++ exited with 0 +++
2023-05-18T20:48:18.592432414Z Return value for follower worker is 0
2023-05-18T20:48:18.592495602Z The follower worker exited cleanly. Goodbye!
