2023-05-18T20:31:04.221242378Z
2023-05-18T20:31:04.221275853Z Flux username: flux
2023-05-18T20:31:04.221283894Z
2023-05-18T20:31:04.221289880Z Flux install root: /usr
2023-05-18T20:31:04.271365498Z flux user is already added.
2023-05-18T20:31:04.274793712Z flux user identifiers:
2023-05-18T20:31:04.274817916Z uid=1234(flux) gid=1234(flux) groups=1234(flux)
2023-05-18T20:31:04.274985570Z
2023-05-18T20:31:04.275001620Z As Flux prefix for flux commands: sudo -u flux -E PYTHONPATH=/opt/conda/lib/python3.10/site-packages -E PATH=/opt/conda/bin:/usr/local/sbin:/usr/local/bin:/usr/sbin:/usr/bin:/sbin:/bin -E LD_LIBRARY_PATH=/opt/conda/lib -E HOME=/home/flux
2023-05-18T20:31:04.286749905Z
2023-05-18T20:31:04.286778523Z 👋 Hello, I'm flux-sample-3
2023-05-18T20:31:04.286786794Z The main host is flux-sample-0
2023-05-18T20:31:04.286793794Z The working directory is /home/flux/examples/reaxff/HNS, contents include:
2023-05-18T20:31:04.287698915Z /home/flux/examples/reaxff/HNS:
2023-05-18T20:31:04.287727956Z README.txt	ffield.reax.hns  log.8Mar18.reaxc.hns.g++.1
2023-05-18T20:31:04.287734436Z data.hns-equil	in.reaxc.hns	 log.8Mar18.reaxc.hns.g++.4
2023-05-18T20:31:04.288238827Z End of file listing, if you see nothing above there are no files.
2023-05-18T20:31:04.289920885Z flux R encode --hosts=flux-sample-[0-3]
2023-05-18T20:31:04.303671031Z
2023-05-18T20:31:04.303718876Z 📦 Resources
2023-05-18T20:31:04.305052315Z {"version": 1, "execution": {"R_lite": [{"rank": "0-3", "children": {"core": "0"}}], "starttime": 0.0, "expiration": 0.0, "nodelist": ["flux-sample-[0-3]"]}}
2023-05-18T20:31:04.305316779Z
2023-05-18T20:31:04.305333748Z 🐸 Diagnostics: false
2023-05-18T20:31:04.305547141Z 🚩️ Flux Option Flags defined
2023-05-18T20:31:04.309037719Z
2023-05-18T20:31:04.309057262Z 🦊 Independent Minister of Privilege
2023-05-18T20:31:04.310265767Z [exec]
2023-05-18T20:31:04.310282791Z allowed-users = [ "flux", "root" ]
2023-05-18T20:31:04.310290058Z allowed-shells = [ "/usr/libexec/flux/flux-shell" ]
2023-05-18T20:31:04.310489368Z
2023-05-18T20:31:04.310513590Z 🐸 Broker Configuration
2023-05-18T20:31:04.311661743Z # Flux needs to know the path to the IMP executable
2023-05-18T20:31:04.311677932Z [exec]
2023-05-18T20:31:04.311683879Z imp = "/usr/libexec/flux/flux-imp"
2023-05-18T20:31:04.311697026Z
2023-05-18T20:31:04.311702079Z [access]
2023-05-18T20:31:04.311719898Z allow-guest-user = true
2023-05-18T20:31:04.311726014Z allow-root-owner = true
2023-05-18T20:31:04.311730561Z
2023-05-18T20:31:04.311735471Z # Point to resource definition generated with flux-R(1).
2023-05-18T20:31:04.311740166Z [resource]
2023-05-18T20:31:04.311745419Z path = "/etc/flux/system/R"
2023-05-18T20:31:04.311750071Z
2023-05-18T20:31:04.311754739Z [bootstrap]
2023-05-18T20:31:04.311761730Z curve_cert = "/etc/curve/curve.cert"
2023-05-18T20:31:04.311768410Z default_port = 8050
2023-05-18T20:31:04.311773370Z default_bind = "tcp://eth0:%p"
2023-05-18T20:31:04.311778997Z default_connect = "tcp://%h.flux-service.flux-operator.svc.cluster.local:%p"
2023-05-18T20:31:04.311783813Z hosts = [
2023-05-18T20:31:04.311788777Z 	{ host="flux-sample-[0-3]"},
2023-05-18T20:31:04.311793393Z ]
2023-05-18T20:31:04.311797911Z
2023-05-18T20:31:04.311804198Z [archive]
2023-05-18T20:31:04.311810715Z dbpath = "/var/lib/flux/job-archive.sqlite"
2023-05-18T20:31:04.311816082Z period = "1m"
2023-05-18T20:31:04.395378390Z busytimeout = "50s"
2023-05-18T20:31:04.395404643Z 🧊️ State Directory:
2023-05-18T20:31:04.395411255Z total 0
2023-05-18T20:31:04.395415907Z
2023-05-18T20:31:04.398082440Z
2023-05-18T20:31:04.398105315Z 🔒️ Working directory permissions:
2023-05-18T20:31:04.398111254Z total 96
2023-05-18T20:31:04.398116756Z -rwxrwxrwx 1 flux root  2517 May 17 22:32 README.txt
2023-05-18T20:31:04.398121610Z -rwxrwxrwx 1 flux root 54692 May 17 22:32 data.hns-equil
2023-05-18T20:31:04.398126251Z -rwxrwxrwx 1 flux root 13576 May 17 22:32 ffield.reax.hns
2023-05-18T20:31:04.398130912Z -rwxrwxrwx 1 flux root   870 May 17 22:32 in.reaxc.hns
2023-05-18T20:31:04.398267683Z -rwxrwxrwx 1 flux root  4172 May 17 22:32 log.8Mar18.reaxc.hns.g++.1
2023-05-18T20:31:04.398279538Z -rwxrwxrwx 1 flux root  4168 May 17 22:32 log.8Mar18.reaxc.hns.g++.4
2023-05-18T20:31:04.398284518Z
2023-05-18T20:31:04.398347591Z
2023-05-18T20:31:04.398356138Z ✨ Curve certificate generated by helper pod
2023-05-18T20:31:04.399784818Z #   ****  Generated on 2023-04-26 22:54:42 by CZMQ  ****
2023-05-18T20:31:04.399800598Z #   ZeroMQ CURVE **Secret** Certificate
2023-05-18T20:31:04.399806537Z #   DO NOT PROVIDE THIS FILE TO OTHER USERS nor change its permissions.
2023-05-18T20:31:04.399814028Z
2023-05-18T20:31:04.399820159Z metadata
2023-05-18T20:31:04.399825241Z     name = "flux-cert-generator"
2023-05-18T20:31:04.399829920Z     keygen.hostname = "flux-sample-0"
2023-05-18T20:31:04.399835033Z curve
2023-05-18T20:31:04.399840000Z     public-key = "xO6j16{%7-t#r}e84:]s4<#OGM<G8#aN.*G.v:0X"
2023-05-18T20:31:04.399845116Z     secret-key = "ADx>d9nb/L>RILkJ/uQ[Vck5:QS>$2G!eJ8.]J8<"
2023-05-18T20:31:04.402270362Z
2023-05-18T20:31:04.402289829Z 🌀  flux start --wrap=strace,-e,network,-tt -o --config /etc/flux/config -Scron.directory=/etc/flux/system/cron.d   -Stbon.fanout=256   -Srundir=/run/flux    -Sstatedir=/var/lib/flux   -Slocal-uri=local:///run/flux/local -Stbon.connect_timeout=7s  -Stbon.zmqdebug=1  -Slog-stderr-level=6    -Slog-stderr-mode=local
2023-05-18T20:31:04.438871649Z 20:31:04.438612 socket(AF_NETLINK, SOCK_RAW, NETLINK_ROUTE) = 8
2023-05-18T20:31:04.439245241Z 20:31:04.438886 bind(8, {sa_family=AF_NETLINK, nl_pid=0, nl_groups=00000000}, 12) = 0
2023-05-18T20:31:04.439259739Z 20:31:04.439111 getsockname(8, {sa_family=AF_NETLINK, nl_pid=71, nl_groups=00000000}, [12]) = 0
2023-05-18T20:31:04.439695107Z 20:31:04.439309 sendto(8, {{len=20, type=RTM_GETADDR, flags=NLM_F_REQUEST|NLM_F_DUMP, seq=1684441864, pid=0}, {ifa_family=AF_UNSPEC, ...}}, 20, 0, {sa_family=AF_NETLINK, nl_pid=0, nl_groups=00000000}, 12) = 20
2023-05-18T20:31:04.440158719Z 20:31:04.439735 recvmsg(8, {msg_name={sa_family=AF_NETLINK, nl_pid=0, nl_groups=00000000}, msg_namelen=12, msg_iov=[{iov_base=[{{len=76, type=RTM_NEWADDR, flags=NLM_F_MULTI, seq=1684441864, pid=71}, {ifa_family=AF_INET, ifa_prefixlen=8, ifa_flags=IFA_F_PERMANENT, ifa_scope=RT_SCOPE_HOST, ifa_index=if_nametoindex("lo")}, [{{nla_len=8, nla_type=IFA_ADDRESS}, 127.0.0.1}, {{nla_len=8, nla_type=IFA_LOCAL}, 127.0.0.1}, {{nla_len=7, nla_type=IFA_LABEL}, "lo"}, {{nla_len=8, nla_type=IFA_FLAGS}, IFA_F_PERMANENT}, {{nla_len=20, nla_type=IFA_CACHEINFO}, {ifa_prefered=4294967295, ifa_valid=4294967295, cstamp=2240965, tstamp=2240965}}]}, {{len=88, type=RTM_NEWADDR, flags=NLM_F_MULTI, seq=1684441864, pid=71}, {ifa_family=AF_INET, ifa_prefixlen=24, ifa_flags=IFA_F_PERMANENT, ifa_scope=RT_SCOPE_UNIVERSE, ifa_index=if_nametoindex("eth0")}, [{{nla_len=8, nla_type=IFA_ADDRESS}, 10.24.1.200}, {{nla_len=8, nla_type=IFA_LOCAL}, 10.24.1.200}, {{nla_len=8, nla_type=IFA_BROADCAST}, 10.24.1.255}, {{nla_len=9, nla_type=IFA_LABEL}, "eth0"}, {{nla_len=8, nla_type=IFA_FLAGS}, IFA_F_PERMANENT}, {{nla_len=20, nla_type=IFA_CACHEINFO}, {ifa_prefered=4294967295, ifa_valid=4294967295, cstamp=2240969, tstamp=2240969}}]}], iov_len=4096}], msg_iovlen=1, msg_controllen=0, msg_flags=0}, 0) = 164
2023-05-18T20:31:04.440416197Z 20:31:04.440170 recvmsg(8, {msg_name={sa_family=AF_NETLINK, nl_pid=0, nl_groups=00000000}, msg_namelen=12, msg_iov=[{iov_base={{len=20, type=NLMSG_DONE, flags=NLM_F_MULTI, seq=1684441864, pid=71}, 0}, iov_len=4096}], msg_iovlen=1, msg_controllen=0, msg_flags=0}, 0) = 20
2023-05-18T20:31:04.441317344Z 20:31:04.441078 socket(AF_UNIX, SOCK_STREAM|SOCK_CLOEXEC|SOCK_NONBLOCK, 0) = 8
2023-05-18T20:31:04.441652788Z 20:31:04.441247 connect(8, {sa_family=AF_UNIX, sun_path="/var/run/nscd/socket"}, 110) = -1 ENOENT (No such file or directory)
2023-05-18T20:31:04.441808333Z 20:31:04.441553 socket(AF_UNIX, SOCK_STREAM|SOCK_CLOEXEC|SOCK_NONBLOCK, 0) = 8
2023-05-18T20:31:04.441820944Z 20:31:04.441614 connect(8, {sa_family=AF_UNIX, sun_path="/var/run/nscd/socket"}, 110) = -1 ENOENT (No such file or directory)
2023-05-18T20:31:04.443826927Z 20:31:04.443499 socket(AF_INET, SOCK_DGRAM|SOCK_CLOEXEC|SOCK_NONBLOCK, IPPROTO_IP) = 8
2023-05-18T20:31:04.444070666Z 20:31:04.443894 connect(8, {sa_family=AF_INET, sin_port=htons(53), sin_addr=inet_addr("169.254.169.254")}, 16) = 0
2023-05-18T20:31:04.444380396Z 20:31:04.444021 sendto(8, "Pe\1\0\0\1\0\0\0\0\0\0\rflux-sample-0\fflux-"..., 76, MSG_NOSIGNAL, NULL, 0) = 76
2023-05-18T20:31:04.448169808Z 20:31:04.447829 recvfrom(8, "Pe\201\200\0\1\0\1\0\0\0\0\rflux-sample-0\fflux-"..., 1024, 0, {sa_family=AF_INET, sin_port=htons(53), sin_addr=inet_addr("169.254.169.254")}, [28->16]) = 92
2023-05-18T20:31:04.454537111Z broker.info[3]: start: none->join 2.6019ms
2023-05-18T20:31:04.465244369Z broker.info[3]: parent-ready: join->init 10.6062ms
2023-05-18T20:31:04.465530726Z 20:31:04.465271 socketpair(AF_UNIX, SOCK_STREAM|SOCK_CLOEXEC, 0, [22, 23]) = 0
2023-05-18T20:31:04.465623693Z 20:31:04.465432 socketpair(AF_UNIX, SOCK_STREAM, 0, [24, 25]) = 0
2023-05-18T20:31:04.465907669Z 20:31:04.465705 socketpair(AF_UNIX, SOCK_STREAM, 0, [26, 27]) = 0
2023-05-18T20:31:04.466129847Z 20:31:04.465955 socketpair(AF_UNIX, SOCK_STREAM, 0, [28, 29]) = 0
2023-05-18T20:31:04.489255971Z broker.info[3]: configuration updated
2023-05-18T20:31:04.601635913Z broker.info[3]: rc1.0: running /etc/flux/rc1.d/01-sched-fluxion
2023-05-18T20:31:04.613090207Z broker.info[3]: rc1.0: running /etc/flux/rc1.d/02-cron
2023-05-18T20:31:04.636677006Z broker.info[3]: rc1.0: /etc/flux/rc1 Exited (rc=0) 0.2s
2023-05-18T20:31:04.637867656Z broker.info[3]: rc1-success: init->quorum 0.172408s
2023-05-18T20:31:04.852771201Z broker.info[3]: quorum-full: quorum->run 0.214449s
2023-05-18T20:31:05.420178898Z 20:31:05.419750 socketpair(AF_UNIX, SOCK_STREAM|SOCK_CLOEXEC, 0, [22, 23]) = 0
2023-05-18T20:31:05.424504144Z 20:31:05.419884 socketpair(AF_UNIX, SOCK_STREAM, 0, [24, 25]) = 0
2023-05-18T20:31:05.424557830Z 20:31:05.420104 socketpair(AF_UNIX, SOCK_STREAM, 0, [26, 28]) = 0
2023-05-18T20:31:05.424566493Z 20:31:05.420298 socketpair(AF_UNIX, SOCK_STREAM, 0, [58, 59]) = 0
2023-05-18T20:31:16.175112776Z broker.info[3]: shutdown: run->cleanup 11.3223s
2023-05-18T20:31:16.177042320Z broker.info[3]: cleanup-none: cleanup->shutdown 1.09624ms
2023-05-18T20:31:16.178501150Z broker.info[3]: children-none: shutdown->finalize 1.01427ms
2023-05-18T20:31:16.179725562Z 20:31:16.179128 socketpair(AF_UNIX, SOCK_STREAM|SOCK_CLOEXEC, 0, [22, 23]) = 0
2023-05-18T20:31:16.180094437Z 20:31:16.179706 socketpair(AF_UNIX, SOCK_STREAM, 0, [24, 25]) = 0
2023-05-18T20:31:16.180669748Z 20:31:16.180345 socketpair(AF_UNIX, SOCK_STREAM, 0, [26, 28]) = 0
2023-05-18T20:31:16.181143934Z 20:31:16.180858 socketpair(AF_UNIX, SOCK_STREAM, 0, [58, 59]) = 0
2023-05-18T20:31:16.200277018Z broker.info[3]: rc3.0: running /etc/flux/rc3.d/01-sched-fluxion
2023-05-18T20:31:16.331678206Z broker.info[3]: rc3.0: /etc/flux/rc3 Exited (rc=0) 0.1s
2023-05-18T20:31:16.332923044Z broker.info[3]: rc3-success: finalize->goodbye 0.15364s
2023-05-18T20:31:16.334697004Z broker.info[3]: goodbye: goodbye->exit 1.19426ms
2023-05-18T20:31:16.342467382Z 20:31:16.342291 +++ exited with 0 +++
2023-05-18T20:31:16.344974587Z Return value for follower worker is 0
2023-05-18T20:31:16.345172658Z The follower worker exited cleanly. Goodbye!
