2023-05-18T19:41:50.744474445Z
2023-05-18T19:41:50.744541558Z Flux username: flux
2023-05-18T19:41:50.744547475Z
2023-05-18T19:41:50.744552114Z Flux install root: /usr
2023-05-18T19:41:50.806656829Z flux user is already added.
2023-05-18T19:41:50.810660481Z flux user identifiers:
2023-05-18T19:41:50.810714794Z uid=1234(flux) gid=1234(flux) groups=1234(flux)
2023-05-18T19:41:50.810720516Z
2023-05-18T19:41:50.810727500Z As Flux prefix for flux commands: sudo -u flux -E PYTHONPATH=/opt/conda/lib/python3.10/site-packages -E PATH=/opt/conda/bin:/usr/local/sbin:/usr/local/bin:/usr/sbin:/usr/bin:/sbin:/bin -E LD_LIBRARY_PATH=/opt/conda/lib -E HOME=/home/flux
2023-05-18T19:41:50.822900224Z
2023-05-18T19:41:50.822966333Z 👋 Hello, I'm flux-sample-3
2023-05-18T19:41:50.823100312Z The main host is flux-sample-0
2023-05-18T19:41:50.823240199Z The working directory is /home/flux/examples/reaxff/HNS, contents include:
2023-05-18T19:41:50.826242253Z /home/flux/examples/reaxff/HNS:
2023-05-18T19:41:50.826397560Z README.txt	ffield.reax.hns  log.8Mar18.reaxc.hns.g++.1
2023-05-18T19:41:50.826410123Z data.hns-equil	in.reaxc.hns	 log.8Mar18.reaxc.hns.g++.4
2023-05-18T19:41:50.826777115Z End of file listing, if you see nothing above there are no files.
2023-05-18T19:41:50.829867024Z flux R encode --hosts=flux-sample-[0-3]
2023-05-18T19:41:50.850036386Z
2023-05-18T19:41:50.850111338Z 📦 Resources
2023-05-18T19:41:50.852918170Z {"version": 1, "execution": {"R_lite": [{"rank": "0-3", "children": {"core": "0"}}], "starttime": 0.0, "expiration": 0.0, "nodelist": ["flux-sample-[0-3]"]}}
2023-05-18T19:41:50.853367614Z
2023-05-18T19:41:50.853400277Z 🐸 Diagnostics: false
2023-05-18T19:41:50.853565220Z 🚩️ Flux Option Flags defined
2023-05-18T19:41:50.859693740Z
2023-05-18T19:41:50.859734799Z 🦊 Independent Minister of Privilege
2023-05-18T19:41:50.861411224Z [exec]
2023-05-18T19:41:50.861435713Z allowed-users = [ "flux", "root" ]
2023-05-18T19:41:50.861442135Z allowed-shells = [ "/usr/libexec/flux/flux-shell" ]
2023-05-18T19:41:50.861867791Z
2023-05-18T19:41:50.861893336Z 🐸 Broker Configuration
2023-05-18T19:41:50.863569870Z # Flux needs to know the path to the IMP executable
2023-05-18T19:41:50.863591764Z [exec]
2023-05-18T19:41:50.863616189Z imp = "/usr/libexec/flux/flux-imp"
2023-05-18T19:41:50.863621138Z
2023-05-18T19:41:50.863628170Z [access]
2023-05-18T19:41:50.863635270Z allow-guest-user = true
2023-05-18T19:41:50.863640791Z allow-root-owner = true
2023-05-18T19:41:50.863645562Z
2023-05-18T19:41:50.863650649Z # Point to resource definition generated with flux-R(1).
2023-05-18T19:41:50.863655958Z [resource]
2023-05-18T19:41:50.863662090Z path = "/etc/flux/system/R"
2023-05-18T19:41:50.863666660Z
2023-05-18T19:41:50.863673552Z [bootstrap]
2023-05-18T19:41:50.863679673Z curve_cert = "/etc/curve/curve.cert"
2023-05-18T19:41:50.863685386Z default_port = 8050
2023-05-18T19:41:50.863690898Z default_bind = "tcp://eth0:%p"
2023-05-18T19:41:50.863696963Z default_connect = "tcp://%h.flux-service.flux-operator.svc.cluster.local:%p"
2023-05-18T19:41:50.863701868Z hosts = [
2023-05-18T19:41:50.863706783Z 	{ host="flux-sample-[0-3]"},
2023-05-18T19:41:50.863711641Z ]
2023-05-18T19:41:50.863718381Z
2023-05-18T19:41:50.863724000Z [archive]
2023-05-18T19:41:50.863729259Z dbpath = "/var/lib/flux/job-archive.sqlite"
2023-05-18T19:41:50.863734338Z period = "1m"
2023-05-18T19:41:50.987465436Z busytimeout = "50s"
2023-05-18T19:41:50.987526663Z 🧊️ State Directory:
2023-05-18T19:41:50.987533990Z total 0
2023-05-18T19:41:50.987539792Z
2023-05-18T19:41:50.993163748Z
2023-05-18T19:41:50.993215242Z 🔒️ Working directory permissions:
2023-05-18T19:41:50.993240915Z total 96
2023-05-18T19:41:50.993249168Z -rwxrwxrwx 1 flux root  2517 May 17 22:32 README.txt
2023-05-18T19:41:50.993254558Z -rwxrwxrwx 1 flux root 54692 May 17 22:32 data.hns-equil
2023-05-18T19:41:50.993259403Z -rwxrwxrwx 1 flux root 13576 May 17 22:32 ffield.reax.hns
2023-05-18T19:41:50.993265004Z -rwxrwxrwx 1 flux root   870 May 17 22:32 in.reaxc.hns
2023-05-18T19:41:50.993271599Z -rwxrwxrwx 1 flux root  4172 May 17 22:32 log.8Mar18.reaxc.hns.g++.1
2023-05-18T19:41:50.993279587Z -rwxrwxrwx 1 flux root  4168 May 17 22:32 log.8Mar18.reaxc.hns.g++.4
2023-05-18T19:41:50.993286350Z
2023-05-18T19:41:50.993291873Z
2023-05-18T19:41:50.993296851Z ✨ Curve certificate generated by helper pod
2023-05-18T19:41:50.994314683Z #   ****  Generated on 2023-04-26 22:54:42 by CZMQ  ****
2023-05-18T19:41:50.995082717Z #   ZeroMQ CURVE **Secret** Certificate
2023-05-18T19:41:50.995100553Z #   DO NOT PROVIDE THIS FILE TO OTHER USERS nor change its permissions.
2023-05-18T19:41:50.995164517Z
2023-05-18T19:41:50.995186321Z metadata
2023-05-18T19:41:50.995193320Z     name = "flux-cert-generator"
2023-05-18T19:41:50.995199655Z     keygen.hostname = "flux-sample-0"
2023-05-18T19:41:50.995204306Z curve
2023-05-18T19:41:50.995209659Z     public-key = "m2E(Hs[x+/%6gn{jn2!n+j/Rki=<TRrv=&R@JeOp"
2023-05-18T19:41:50.995215298Z     secret-key = ":#s?5dhOE!I?vR7/KCX.<nQx(@%o&O1%be8@TJJN"
2023-05-18T19:41:50.999284681Z
2023-05-18T19:41:50.999365930Z 🌀  flux start --wrap=strace,-e,network,-tt -o --config /etc/flux/config -Scron.directory=/etc/flux/system/cron.d   -Stbon.fanout=256   -Srundir=/run/flux    -Sstatedir=/var/lib/flux   -Slocal-uri=local:///run/flux/local   -Stbon.zmqdebug=1  -Slog-stderr-level=6    -Slog-stderr-mode=local
2023-05-18T19:41:51.046442584Z 19:41:51.045633 socket(AF_NETLINK, SOCK_RAW, NETLINK_ROUTE) = 8
2023-05-18T19:41:51.046727954Z 19:41:51.045843 bind(8, {sa_family=AF_NETLINK, nl_pid=0, nl_groups=00000000}, 12) = 0
2023-05-18T19:41:51.046746235Z 19:41:51.045952 getsockname(8, {sa_family=AF_NETLINK, nl_pid=70, nl_groups=00000000}, [12]) = 0
2023-05-18T19:41:51.046768065Z 19:41:51.046022 sendto(8, {{len=20, type=RTM_GETADDR, flags=NLM_F_REQUEST|NLM_F_DUMP, seq=1684438911, pid=0}, {ifa_family=AF_UNSPEC, ...}}, 20, 0, {sa_family=AF_NETLINK, nl_pid=0, nl_groups=00000000}, 12) = 20
2023-05-18T19:41:51.047273049Z 19:41:51.046558 recvmsg(8, {msg_name={sa_family=AF_NETLINK, nl_pid=0, nl_groups=00000000}, msg_namelen=12, msg_iov=[{iov_base=[{{len=76, type=RTM_NEWADDR, flags=NLM_F_MULTI, seq=1684438911, pid=70}, {ifa_family=AF_INET, ifa_prefixlen=8, ifa_flags=IFA_F_PERMANENT, ifa_scope=RT_SCOPE_HOST, ifa_index=if_nametoindex("lo")}, [{{nla_len=8, nla_type=IFA_ADDRESS}, 127.0.0.1}, {{nla_len=8, nla_type=IFA_LOCAL}, 127.0.0.1}, {{nla_len=7, nla_type=IFA_LABEL}, "lo"}, {{nla_len=8, nla_type=IFA_FLAGS}, IFA_F_PERMANENT}, {{nla_len=20, nla_type=IFA_CACHEINFO}, {ifa_prefered=4294967295, ifa_valid=4294967295, cstamp=1945401, tstamp=1945401}}]}, {{len=88, type=RTM_NEWADDR, flags=NLM_F_MULTI, seq=1684438911, pid=70}, {ifa_family=AF_INET, ifa_prefixlen=24, ifa_flags=IFA_F_PERMANENT, ifa_scope=RT_SCOPE_UNIVERSE, ifa_index=if_nametoindex("eth0")}, [{{nla_len=8, nla_type=IFA_ADDRESS}, 10.24.3.227}, {{nla_len=8, nla_type=IFA_LOCAL}, 10.24.3.227}, {{nla_len=8, nla_type=IFA_BROADCAST}, 10.24.3.255}, {{nla_len=9, nla_type=IFA_LABEL}, "eth0"}, {{nla_len=8, nla_type=IFA_FLAGS}, IFA_F_PERMANENT}, {{nla_len=20, nla_type=IFA_CACHEINFO}, {ifa_prefered=4294967295, ifa_valid=4294967295, cstamp=1945407, tstamp=1945407}}]}], iov_len=4096}], msg_iovlen=1, msg_controllen=0, msg_flags=0}, 0) = 164
2023-05-18T19:41:51.047315295Z 19:41:51.047046 recvmsg(8, {msg_name={sa_family=AF_NETLINK, nl_pid=0, nl_groups=00000000}, msg_namelen=12, msg_iov=[{iov_base={{len=20, type=NLMSG_DONE, flags=NLM_F_MULTI, seq=1684438911, pid=70}, 0}, iov_len=4096}], msg_iovlen=1, msg_controllen=0, msg_flags=0}, 0) = 20
2023-05-18T19:41:51.048232140Z 19:41:51.047731 socket(AF_UNIX, SOCK_STREAM|SOCK_CLOEXEC|SOCK_NONBLOCK, 0) = 8
2023-05-18T19:41:51.048253134Z 19:41:51.047829 connect(8, {sa_family=AF_UNIX, sun_path="/var/run/nscd/socket"}, 110) = -1 ENOENT (No such file or directory)
2023-05-18T19:41:51.048287474Z 19:41:51.047979 socket(AF_UNIX, SOCK_STREAM|SOCK_CLOEXEC|SOCK_NONBLOCK, 0) = 8
2023-05-18T19:41:51.048296992Z 19:41:51.048048 connect(8, {sa_family=AF_UNIX, sun_path="/var/run/nscd/socket"}, 110) = -1 ENOENT (No such file or directory)
2023-05-18T19:41:51.049913691Z 19:41:51.049527 socket(AF_INET, SOCK_DGRAM|SOCK_CLOEXEC|SOCK_NONBLOCK, IPPROTO_IP) = 8
2023-05-18T19:41:51.049934402Z 19:41:51.049627 connect(8, {sa_family=AF_INET, sin_port=htons(53), sin_addr=inet_addr("169.254.169.254")}, 16) = 0
2023-05-18T19:41:51.050829961Z 19:41:51.049782 sendto(8, "\24K\1\0\0\1\0\0\0\0\0\0\rflux-sample-0\fflux-"..., 76, MSG_NOSIGNAL, NULL, 0) = 76
2023-05-18T19:41:51.054698563Z 19:41:51.054206 recvfrom(8, "\24K\201\200\0\1\0\1\0\0\0\0\rflux-sample-0\fflux-"..., 1024, 0, {sa_family=AF_INET, sin_port=htons(53), sin_addr=inet_addr("169.254.169.254")}, [28->16]) = 92
2023-05-18T19:41:51.060979518Z broker.info[3]: start: none->join 2.51997ms
2023-05-18T19:42:21.298990651Z broker.info[3]: parent-ready: join->init 30.2377s
2023-05-18T19:42:21.299692659Z 19:42:21.299011 socketpair(AF_UNIX, SOCK_STREAM|SOCK_CLOEXEC, 0, [22, 23]) = 0
2023-05-18T19:42:21.300158165Z 19:42:21.299567 socketpair(AF_UNIX, SOCK_STREAM, 0, [24, 25]) = 0
2023-05-18T19:42:21.300595312Z 19:42:21.300015 socketpair(AF_UNIX, SOCK_STREAM, 0, [26, 27]) = 0
2023-05-18T19:42:21.301005465Z 19:42:21.300485 socketpair(AF_UNIX, SOCK_STREAM, 0, [28, 29]) = 0
2023-05-18T19:42:21.335762084Z broker.info[3]: configuration updated
2023-05-18T19:42:21.505648343Z broker.info[3]: rc1.0: running /etc/flux/rc1.d/01-sched-fluxion
2023-05-18T19:42:21.532273462Z broker.info[3]: rc1.0: running /etc/flux/rc1.d/02-cron
2023-05-18T19:42:21.570326374Z broker.info[3]: rc1.0: /etc/flux/rc1 Exited (rc=0) 0.3s
2023-05-18T19:42:21.572579330Z broker.info[3]: rc1-success: init->quorum 0.273335s
2023-05-18T19:42:21.786254294Z broker.info[3]: quorum-full: quorum->run 0.21292s
2023-05-18T19:42:22.309353734Z 19:42:22.308859 socketpair(AF_UNIX, SOCK_STREAM|SOCK_CLOEXEC, 0, [22, 23]) = 0
2023-05-18T19:42:22.309722032Z 19:42:22.309393 socketpair(AF_UNIX, SOCK_STREAM, 0, [24, 25]) = 0
2023-05-18T19:42:22.310271783Z 19:42:22.309923 socketpair(AF_UNIX, SOCK_STREAM, 0, [26, 28]) = 0
2023-05-18T19:42:22.310788235Z 19:42:22.310474 socketpair(AF_UNIX, SOCK_STREAM, 0, [58, 59]) = 0
2023-05-18T19:42:35.810840204Z broker.info[3]: shutdown: run->cleanup 14.0226s
2023-05-18T19:42:35.813522149Z broker.info[3]: cleanup-none: cleanup->shutdown 2.5238ms
2023-05-18T19:42:35.816394943Z broker.info[3]: children-none: shutdown->finalize 1.40234ms
2023-05-18T19:42:35.816810309Z 19:42:35.816301 socketpair(AF_UNIX, SOCK_STREAM|SOCK_CLOEXEC, 0, [22, 23]) = 0
2023-05-18T19:42:35.817182132Z 19:42:35.816697 socketpair(AF_UNIX, SOCK_STREAM, 0, [24, 25]) = 0
2023-05-18T19:42:35.817610933Z 19:42:35.817275 socketpair(AF_UNIX, SOCK_STREAM, 0, [26, 28]) = 0
2023-05-18T19:42:35.817958695Z 19:42:35.817695 socketpair(AF_UNIX, SOCK_STREAM, 0, [58, 59]) = 0
2023-05-18T19:42:35.849978552Z broker.info[3]: rc3.0: running /etc/flux/rc3.d/01-sched-fluxion
2023-05-18T19:42:36.052894449Z broker.info[3]: rc3.0: /etc/flux/rc3 Exited (rc=0) 0.2s
2023-05-18T19:42:36.054096067Z broker.info[3]: rc3-success: finalize->goodbye 0.237536s
2023-05-18T19:42:36.055586584Z broker.info[3]: goodbye: goodbye->exit 0.989512ms
2023-05-18T19:42:36.066201084Z 19:42:36.065688 +++ exited with 0 +++
2023-05-18T19:42:36.069218115Z Return value for follower worker is 0
2023-05-18T19:42:36.069987531Z The follower worker exited cleanly. Goodbye!
