2023-05-18T18:53:13.026019015Z
2023-05-18T18:53:13.026977116Z Flux username: flux
2023-05-18T18:53:13.026990123Z
2023-05-18T18:53:13.027015779Z Flux install root: /usr
2023-05-18T18:53:13.083649910Z flux user is already added.
2023-05-18T18:53:13.087422181Z flux user identifiers:
2023-05-18T18:53:13.087464894Z uid=1234(flux) gid=1234(flux) groups=1234(flux)
2023-05-18T18:53:13.087645539Z
2023-05-18T18:53:13.087659769Z As Flux prefix for flux commands: sudo -u flux -E PYTHONPATH=/opt/conda/lib/python3.10/site-packages -E PATH=/opt/conda/bin:/usr/local/sbin:/usr/local/bin:/usr/sbin:/usr/bin:/sbin:/bin -E LD_LIBRARY_PATH=/opt/conda/lib -E HOME=/home/flux
2023-05-18T18:53:13.097455790Z
2023-05-18T18:53:13.097501395Z ðŸ‘‹ Hello, I'm flux-sample-3
2023-05-18T18:53:13.097645152Z The main host is flux-sample-0
2023-05-18T18:53:13.097845132Z The working directory is /home/flux/examples/reaxff/HNS, contents include:
2023-05-18T18:53:13.099919203Z /home/flux/examples/reaxff/HNS:
2023-05-18T18:53:13.100042563Z README.txt	ffield.reax.hns  log.8Mar18.reaxc.hns.g++.1
2023-05-18T18:53:13.100064797Z data.hns-equil	in.reaxc.hns	 log.8Mar18.reaxc.hns.g++.4
2023-05-18T18:53:13.100343098Z End of file listing, if you see nothing above there are no files.
2023-05-18T18:53:13.102678183Z flux R encode --hosts=flux-sample-[0-3]
2023-05-18T18:53:13.119973992Z
2023-05-18T18:53:13.120007266Z ðŸ“¦ Resources
2023-05-18T18:53:13.121267208Z {"version": 1, "execution": {"R_lite": [{"rank": "0-3", "children": {"core": "0"}}], "starttime": 0.0, "expiration": 0.0, "nodelist": ["flux-sample-[0-3]"]}}
2023-05-18T18:53:13.122455675Z
2023-05-18T18:53:13.122474403Z ðŸ¸ Diagnostics: false
2023-05-18T18:53:13.122480655Z ðŸš©ï¸ Flux Option Flags defined
2023-05-18T18:53:13.131029904Z
2023-05-18T18:53:13.131061045Z ðŸ¦Š Independent Minister of Privilege
2023-05-18T18:53:13.131067020Z [exec]
2023-05-18T18:53:13.131085856Z allowed-users = [ "flux", "root" ]
2023-05-18T18:53:13.131093951Z allowed-shells = [ "/usr/libexec/flux/flux-shell" ]
2023-05-18T18:53:13.131099441Z
2023-05-18T18:53:13.131104839Z ðŸ¸ Broker Configuration
2023-05-18T18:53:13.132168410Z # Flux needs to know the path to the IMP executable
2023-05-18T18:53:13.132186290Z [exec]
2023-05-18T18:53:13.132211403Z imp = "/usr/libexec/flux/flux-imp"
2023-05-18T18:53:13.132217179Z
2023-05-18T18:53:13.132221951Z [access]
2023-05-18T18:53:13.132227486Z allow-guest-user = true
2023-05-18T18:53:13.132232420Z allow-root-owner = true
2023-05-18T18:53:13.132239256Z
2023-05-18T18:53:13.132244910Z # Point to resource definition generated with flux-R(1).
2023-05-18T18:53:13.132250316Z [resource]
2023-05-18T18:53:13.132255493Z path = "/etc/flux/system/R"
2023-05-18T18:53:13.132260044Z
2023-05-18T18:53:13.132264600Z [bootstrap]
2023-05-18T18:53:13.132269555Z curve_cert = "/etc/curve/curve.cert"
2023-05-18T18:53:13.132273878Z default_port = 8050
2023-05-18T18:53:13.132291606Z default_bind = "tcp://eth0:%p"
2023-05-18T18:53:13.132298973Z default_connect = "tcp://%h.flux-service.flux-operator.svc.cluster.local:%p"
2023-05-18T18:53:13.132303976Z hosts = [
2023-05-18T18:53:13.132309456Z 	{ host="flux-sample-[0-3]"},
2023-05-18T18:53:13.132314336Z ]
2023-05-18T18:53:13.132319001Z
2023-05-18T18:53:13.132323656Z [archive]
2023-05-18T18:53:13.132330770Z dbpath = "/var/lib/flux/job-archive.sqlite"
2023-05-18T18:53:13.132336384Z period = "1m"
2023-05-18T18:53:13.222185268Z busytimeout = "50s"
2023-05-18T18:53:13.222221144Z ðŸ§Šï¸ State Directory:
2023-05-18T18:53:13.222226977Z total 0
2023-05-18T18:53:13.222231685Z
2023-05-18T18:53:13.227974277Z
2023-05-18T18:53:13.228017170Z ðŸ”’ï¸ Working directory permissions:
2023-05-18T18:53:13.228025804Z total 96
2023-05-18T18:53:13.228033142Z -rwxrwxrwx 1 flux root  2517 May 17 22:32 README.txt
2023-05-18T18:53:13.228041704Z -rwxrwxrwx 1 flux root 54692 May 17 22:32 data.hns-equil
2023-05-18T18:53:13.228049478Z -rwxrwxrwx 1 flux root 13576 May 17 22:32 ffield.reax.hns
2023-05-18T18:53:13.228056306Z -rwxrwxrwx 1 flux root   870 May 17 22:32 in.reaxc.hns
2023-05-18T18:53:13.228064066Z -rwxrwxrwx 1 flux root  4172 May 17 22:32 log.8Mar18.reaxc.hns.g++.1
2023-05-18T18:53:13.228070382Z -rwxrwxrwx 1 flux root  4168 May 17 22:32 log.8Mar18.reaxc.hns.g++.4
2023-05-18T18:53:13.228076699Z
2023-05-18T18:53:13.228095526Z
2023-05-18T18:53:13.228103622Z âœ¨ Curve certificate generated by helper pod
2023-05-18T18:53:13.230284684Z #   ****  Generated on 2023-04-26 22:54:42 by CZMQ  ****
2023-05-18T18:53:13.230341605Z #   ZeroMQ CURVE **Secret** Certificate
2023-05-18T18:53:13.230353289Z #   DO NOT PROVIDE THIS FILE TO OTHER USERS nor change its permissions.
2023-05-18T18:53:13.230361373Z
2023-05-18T18:53:13.230368524Z metadata
2023-05-18T18:53:13.230376233Z     name = "flux-cert-generator"
2023-05-18T18:53:13.230383071Z     keygen.hostname = "flux-sample-0"
2023-05-18T18:53:13.230389908Z curve
2023-05-18T18:53:13.230397168Z     public-key = "BIh%9vn4}jO}lhkle3&(wr5?sh[kkKIvD::8VJ>}"
2023-05-18T18:53:13.230427573Z     secret-key = "(vkkyraL/]D1L{k.nlzyH-u3a3w>S.97<[n)W*d>"
2023-05-18T18:53:13.233644221Z
2023-05-18T18:53:13.233678361Z ðŸŒ€  flux start --wrap=strace,-e,network,-tt -o --config /etc/flux/config -Scron.directory=/etc/flux/system/cron.d   -Stbon.fanout=256   -Srundir=/run/flux    -Sstatedir=/var/lib/flux   -Slocal-uri=local:///run/flux/local -Stbon.connect_timeout=6s  -Stbon.zmqdebug=1  -Slog-stderr-level=6    -Slog-stderr-mode=local
2023-05-18T18:53:13.279753160Z 18:53:13.279083 socket(AF_NETLINK, SOCK_RAW, NETLINK_ROUTE) = 8
2023-05-18T18:53:13.279857525Z 18:53:13.279424 bind(8, {sa_family=AF_NETLINK, nl_pid=0, nl_groups=00000000}, 12) = 0
2023-05-18T18:53:13.279868122Z 18:53:13.279531 getsockname(8, {sa_family=AF_NETLINK, nl_pid=70, nl_groups=00000000}, [12]) = 0
2023-05-18T18:53:13.280076479Z 18:53:13.279611 sendto(8, {{len=20, type=RTM_GETADDR, flags=NLM_F_REQUEST|NLM_F_DUMP, seq=1684435993, pid=0}, {ifa_family=AF_UNSPEC, ...}}, 20, 0, {sa_family=AF_NETLINK, nl_pid=0, nl_groups=00000000}, 12) = 20
2023-05-18T18:53:13.280558839Z 18:53:13.279958 recvmsg(8, {msg_name={sa_family=AF_NETLINK, nl_pid=0, nl_groups=00000000}, msg_namelen=12, msg_iov=[{iov_base=[{{len=76, type=RTM_NEWADDR, flags=NLM_F_MULTI, seq=1684435993, pid=70}, {ifa_family=AF_INET, ifa_prefixlen=8, ifa_flags=IFA_F_PERMANENT, ifa_scope=RT_SCOPE_HOST, ifa_index=if_nametoindex("lo")}, [{{nla_len=8, nla_type=IFA_ADDRESS}, 127.0.0.1}, {{nla_len=8, nla_type=IFA_LOCAL}, 127.0.0.1}, {{nla_len=7, nla_type=IFA_LABEL}, "lo"}, {{nla_len=8, nla_type=IFA_FLAGS}, IFA_F_PERMANENT}, {{nla_len=20, nla_type=IFA_CACHEINFO}, {ifa_prefered=4294967295, ifa_valid=4294967295, cstamp=1653645, tstamp=1653645}}]}, {{len=88, type=RTM_NEWADDR, flags=NLM_F_MULTI, seq=1684435993, pid=70}, {ifa_family=AF_INET, ifa_prefixlen=24, ifa_flags=IFA_F_PERMANENT, ifa_scope=RT_SCOPE_UNIVERSE, ifa_index=if_nametoindex("eth0")}, [{{nla_len=8, nla_type=IFA_ADDRESS}, 10.24.3.132}, {{nla_len=8, nla_type=IFA_LOCAL}, 10.24.3.132}, {{nla_len=8, nla_type=IFA_BROADCAST}, 10.24.3.255}, {{nla_len=9, nla_type=IFA_LABEL}, "eth0"}, {{nla_len=8, nla_type=IFA_FLAGS}, IFA_F_PERMANENT}, {{nla_len=20, nla_type=IFA_CACHEINFO}, {ifa_prefered=4294967295, ifa_valid=4294967295, cstamp=1653648, tstamp=1653648}}]}], iov_len=4096}], msg_iovlen=1, msg_controllen=0, msg_flags=0}, 0) = 164
2023-05-18T18:53:13.280581170Z 18:53:13.280350 recvmsg(8, {msg_name={sa_family=AF_NETLINK, nl_pid=0, nl_groups=00000000}, msg_namelen=12, msg_iov=[{iov_base={{len=20, type=NLMSG_DONE, flags=NLM_F_MULTI, seq=1684435993, pid=70}, 0}, iov_len=4096}], msg_iovlen=1, msg_controllen=0, msg_flags=0}, 0) = 20
2023-05-18T18:53:13.281390734Z 18:53:13.280929 socket(AF_UNIX, SOCK_STREAM|SOCK_CLOEXEC|SOCK_NONBLOCK, 0) = 8
2023-05-18T18:53:13.281440841Z 18:53:13.281020 connect(8, {sa_family=AF_UNIX, sun_path="/var/run/nscd/socket"}, 110) = -1 ENOENT (No such file or directory)
2023-05-18T18:53:13.281459253Z 18:53:13.281179 socket(AF_UNIX, SOCK_STREAM|SOCK_CLOEXEC|SOCK_NONBLOCK, 0) = 8
2023-05-18T18:53:13.281467357Z 18:53:13.281255 connect(8, {sa_family=AF_UNIX, sun_path="/var/run/nscd/socket"}, 110) = -1 ENOENT (No such file or directory)
2023-05-18T18:53:13.283117992Z 18:53:13.282780 socket(AF_INET, SOCK_DGRAM|SOCK_CLOEXEC|SOCK_NONBLOCK, IPPROTO_IP) = 8
2023-05-18T18:53:13.283275704Z 18:53:13.282904 connect(8, {sa_family=AF_INET, sin_port=htons(53), sin_addr=inet_addr("169.254.169.254")}, 16) = 0
2023-05-18T18:53:13.283688520Z 18:53:13.283076 sendto(8, "\357\365\1\0\0\1\0\0\0\0\0\0\rflux-sample-0\fflux-"..., 76, MSG_NOSIGNAL, NULL, 0) = 76
2023-05-18T18:53:13.288061443Z 18:53:13.287705 recvfrom(8, "\357\365\201\200\0\1\0\1\0\0\0\0\rflux-sample-0\fflux-"..., 1024, 0, {sa_family=AF_INET, sin_port=htons(53), sin_addr=inet_addr("169.254.169.254")}, [28->16]) = 92
2023-05-18T18:53:13.292712865Z broker.info[3]: start: none->join 1.83793ms
2023-05-18T18:53:19.463074925Z broker.info[3]: parent-ready: join->init 6.17006s
2023-05-18T18:53:19.463420205Z 18:53:19.462840 socketpair(AF_UNIX, SOCK_STREAM|SOCK_CLOEXEC, 0, [22, 23]) = 0
2023-05-18T18:53:19.463435369Z 18:53:19.463011 socketpair(AF_UNIX, SOCK_STREAM, 0, [24, 25]) = 0
2023-05-18T18:53:19.463442332Z 18:53:19.463237 socketpair(AF_UNIX, SOCK_STREAM, 0, [26, 27]) = 0
2023-05-18T18:53:19.463629862Z 18:53:19.463443 socketpair(AF_UNIX, SOCK_STREAM, 0, [28, 29]) = 0
2023-05-18T18:53:19.493189232Z broker.info[3]: configuration updated
2023-05-18T18:53:19.643310210Z broker.info[3]: rc1.0: running /etc/flux/rc1.d/01-sched-fluxion
2023-05-18T18:53:19.659460941Z broker.info[3]: rc1.0: running /etc/flux/rc1.d/02-cron
2023-05-18T18:53:19.689460614Z broker.info[3]: rc1.0: /etc/flux/rc1 Exited (rc=0) 0.2s
2023-05-18T18:53:19.690691621Z broker.info[3]: rc1-success: init->quorum 0.227618s
2023-05-18T18:53:21.224966157Z broker.info[3]: quorum-full: quorum->run 1.5337s
2023-05-18T18:53:21.765494188Z 18:53:21.765056 socketpair(AF_UNIX, SOCK_STREAM|SOCK_CLOEXEC, 0, [22, 23]) = 0
2023-05-18T18:53:21.765867287Z 18:53:21.765616 socketpair(AF_UNIX, SOCK_STREAM, 0, [24, 25]) = 0
2023-05-18T18:53:21.766186595Z 18:53:21.765987 socketpair(AF_UNIX, SOCK_STREAM, 0, [26, 28]) = 0
2023-05-18T18:53:21.766466590Z 18:53:21.766291 socketpair(AF_UNIX, SOCK_STREAM, 0, [58, 59]) = 0
2023-05-18T18:53:33.102300281Z broker.info[3]: shutdown: run->cleanup 11.8771s
2023-05-18T18:53:33.104476203Z broker.info[3]: cleanup-none: cleanup->shutdown 1.18745ms
2023-05-18T18:53:33.106531945Z broker.info[3]: children-none: shutdown->finalize 1.16215ms
2023-05-18T18:53:33.107459402Z 18:53:33.107165 socketpair(AF_UNIX, SOCK_STREAM|SOCK_CLOEXEC, 0, [22, 23]) = 0
2023-05-18T18:53:33.107885211Z 18:53:33.107403 socketpair(AF_UNIX, SOCK_STREAM, 0, [24, 25]) = 0
2023-05-18T18:53:33.107905497Z 18:53:33.107733 socketpair(AF_UNIX, SOCK_STREAM, 0, [26, 28]) = 0
2023-05-18T18:53:33.108230884Z 18:53:33.107934 socketpair(AF_UNIX, SOCK_STREAM, 0, [58, 59]) = 0
2023-05-18T18:53:33.127219111Z broker.info[3]: rc3.0: running /etc/flux/rc3.d/01-sched-fluxion
2023-05-18T18:53:33.282229459Z broker.info[3]: rc3.0: /etc/flux/rc3 Exited (rc=0) 0.2s
2023-05-18T18:53:33.282894124Z broker.info[3]: rc3-success: finalize->goodbye 0.17557s
2023-05-18T18:53:33.284182678Z broker.info[3]: goodbye: goodbye->exit 1.18663ms
2023-05-18T18:53:33.292936898Z 18:53:33.292608 +++ exited with 0 +++
2023-05-18T18:53:33.294947129Z Return value for follower worker is 0
2023-05-18T18:53:33.295003221Z The follower worker exited cleanly. Goodbye!
