2023-05-18T20:50:54.600233343Z
2023-05-18T20:50:54.600273263Z Flux username: flux
2023-05-18T20:50:54.600279459Z
2023-05-18T20:50:54.600286784Z Flux install root: /usr
2023-05-18T20:50:54.665126459Z flux user is already added.
2023-05-18T20:50:54.668894092Z flux user identifiers:
2023-05-18T20:50:54.668924719Z uid=1234(flux) gid=1234(flux) groups=1234(flux)
2023-05-18T20:50:54.669290279Z
2023-05-18T20:50:54.669385734Z As Flux prefix for flux commands: sudo -u flux -E PYTHONPATH=/opt/conda/lib/python3.10/site-packages -E PATH=/opt/conda/bin:/usr/local/sbin:/usr/local/bin:/usr/sbin:/usr/bin:/sbin:/bin -E LD_LIBRARY_PATH=/opt/conda/lib -E HOME=/home/flux
2023-05-18T20:50:54.679724795Z
2023-05-18T20:50:54.679757052Z 👋 Hello, I'm flux-sample-2
2023-05-18T20:50:54.679898537Z The main host is flux-sample-0
2023-05-18T20:50:54.680051565Z The working directory is /home/flux/examples/reaxff/HNS, contents include:
2023-05-18T20:50:54.682346316Z /home/flux/examples/reaxff/HNS:
2023-05-18T20:50:54.682499230Z README.txt	ffield.reax.hns  log.8Mar18.reaxc.hns.g++.1
2023-05-18T20:50:54.682509927Z data.hns-equil	in.reaxc.hns	 log.8Mar18.reaxc.hns.g++.4
2023-05-18T20:50:54.682901753Z End of file listing, if you see nothing above there are no files.
2023-05-18T20:50:54.685321510Z flux R encode --hosts=flux-sample-[0-3]
2023-05-18T20:50:54.704427704Z
2023-05-18T20:50:54.704459423Z 📦 Resources
2023-05-18T20:50:54.706833178Z {"version": 1, "execution": {"R_lite": [{"rank": "0-3", "children": {"core": "0"}}], "starttime": 0.0, "expiration": 0.0, "nodelist": ["flux-sample-[0-3]"]}}
2023-05-18T20:50:54.707143011Z
2023-05-18T20:50:54.707163241Z 🐸 Diagnostics: false
2023-05-18T20:50:54.707455519Z 🚩️ Flux Option Flags defined
2023-05-18T20:50:54.712370045Z
2023-05-18T20:50:54.712396125Z 🦊 Independent Minister of Privilege
2023-05-18T20:50:54.713930805Z [exec]
2023-05-18T20:50:54.713951545Z allowed-users = [ "flux", "root" ]
2023-05-18T20:50:54.713957626Z allowed-shells = [ "/usr/libexec/flux/flux-shell" ]
2023-05-18T20:50:54.714172650Z
2023-05-18T20:50:54.714188724Z 🐸 Broker Configuration
2023-05-18T20:50:54.715778912Z # Flux needs to know the path to the IMP executable
2023-05-18T20:50:54.715802890Z [exec]
2023-05-18T20:50:54.715811138Z imp = "/usr/libexec/flux/flux-imp"
2023-05-18T20:50:54.715826145Z
2023-05-18T20:50:54.715831606Z [access]
2023-05-18T20:50:54.715837570Z allow-guest-user = true
2023-05-18T20:50:54.715842623Z allow-root-owner = true
2023-05-18T20:50:54.715847300Z
2023-05-18T20:50:54.715852314Z # Point to resource definition generated with flux-R(1).
2023-05-18T20:50:54.715857008Z [resource]
2023-05-18T20:50:54.715864894Z path = "/etc/flux/system/R"
2023-05-18T20:50:54.715870577Z
2023-05-18T20:50:54.715875960Z [bootstrap]
2023-05-18T20:50:54.715880793Z curve_cert = "/etc/curve/curve.cert"
2023-05-18T20:50:54.715885845Z default_port = 8050
2023-05-18T20:50:54.715890358Z default_bind = "tcp://eth0:%p"
2023-05-18T20:50:54.715895832Z default_connect = "tcp://%h.flux-service.flux-operator.svc.cluster.local:%p"
2023-05-18T20:50:54.715900618Z hosts = [
2023-05-18T20:50:54.715907752Z 	{ host="flux-sample-[0-3]"},
2023-05-18T20:50:54.715914190Z ]
2023-05-18T20:50:54.715918517Z
2023-05-18T20:50:54.715923033Z [archive]
2023-05-18T20:50:54.715928124Z dbpath = "/var/lib/flux/job-archive.sqlite"
2023-05-18T20:50:54.715932491Z period = "1m"
2023-05-18T20:50:54.829571478Z busytimeout = "50s"
2023-05-18T20:50:54.829720437Z 🧊️ State Directory:
2023-05-18T20:50:54.829739943Z total 0
2023-05-18T20:50:54.829746274Z
2023-05-18T20:50:54.833336350Z
2023-05-18T20:50:54.833361761Z 🔒️ Working directory permissions:
2023-05-18T20:50:54.833376084Z total 96
2023-05-18T20:50:54.833381799Z -rwxrwxrwx 1 flux root  2517 May 17 22:32 README.txt
2023-05-18T20:50:54.833388840Z -rwxrwxrwx 1 flux root 54692 May 17 22:32 data.hns-equil
2023-05-18T20:50:54.833395221Z -rwxrwxrwx 1 flux root 13576 May 17 22:32 ffield.reax.hns
2023-05-18T20:50:54.833400343Z -rwxrwxrwx 1 flux root   870 May 17 22:32 in.reaxc.hns
2023-05-18T20:50:54.833405814Z -rwxrwxrwx 1 flux root  4172 May 17 22:32 log.8Mar18.reaxc.hns.g++.1
2023-05-18T20:50:54.833410659Z -rwxrwxrwx 1 flux root  4168 May 17 22:32 log.8Mar18.reaxc.hns.g++.4
2023-05-18T20:50:54.833415321Z
2023-05-18T20:50:54.833520024Z
2023-05-18T20:50:54.833530757Z ✨ Curve certificate generated by helper pod
2023-05-18T20:50:54.834933322Z #   ****  Generated on 2023-04-26 22:54:42 by CZMQ  ****
2023-05-18T20:50:54.834950697Z #   ZeroMQ CURVE **Secret** Certificate
2023-05-18T20:50:54.834956731Z #   DO NOT PROVIDE THIS FILE TO OTHER USERS nor change its permissions.
2023-05-18T20:50:54.834961751Z
2023-05-18T20:50:54.834966295Z metadata
2023-05-18T20:50:54.834972078Z     name = "flux-cert-generator"
2023-05-18T20:50:54.834976707Z     keygen.hostname = "flux-sample-0"
2023-05-18T20:50:54.834984191Z curve
2023-05-18T20:50:54.834990821Z     public-key = "chiS)M&e9#efmCISp3UDI^HrpCo!-fkoGjEVTJbi"
2023-05-18T20:50:54.834996082Z     secret-key = "ci@hvYO]9CSDKmKoZ8-da%gjKjx*A<C2udDkl?e:"
2023-05-18T20:50:54.837434224Z
2023-05-18T20:50:54.837454279Z 🌀  flux start --wrap=strace,-e,network,-tt -o --config /etc/flux/config -Scron.directory=/etc/flux/system/cron.d   -Stbon.fanout=256   -Srundir=/run/flux    -Sstatedir=/var/lib/flux   -Slocal-uri=local:///run/flux/local -Stbon.connect_timeout=10s  -Stbon.zmqdebug=1  -Slog-stderr-level=6    -Slog-stderr-mode=local
2023-05-18T20:50:54.879804751Z 20:50:54.879435 socket(AF_NETLINK, SOCK_RAW, NETLINK_ROUTE) = 8
2023-05-18T20:50:54.879847205Z 20:50:54.879566 bind(8, {sa_family=AF_NETLINK, nl_pid=0, nl_groups=00000000}, 12) = 0
2023-05-18T20:50:54.879853474Z 20:50:54.879655 getsockname(8, {sa_family=AF_NETLINK, nl_pid=70, nl_groups=00000000}, [12]) = 0
2023-05-18T20:50:54.881502926Z 20:50:54.879735 sendto(8, {{len=20, type=RTM_GETADDR, flags=NLM_F_REQUEST|NLM_F_DUMP, seq=1684443054, pid=0}, {ifa_family=AF_UNSPEC, ...}}, 20, 0, {sa_family=AF_NETLINK, nl_pid=0, nl_groups=00000000}, 12) = 20
2023-05-18T20:50:54.881527634Z 20:50:54.879995 recvmsg(8, {msg_name={sa_family=AF_NETLINK, nl_pid=0, nl_groups=00000000}, msg_namelen=12, msg_iov=[{iov_base=[{{len=76, type=RTM_NEWADDR, flags=NLM_F_MULTI, seq=1684443054, pid=70}, {ifa_family=AF_INET, ifa_prefixlen=8, ifa_flags=IFA_F_PERMANENT, ifa_scope=RT_SCOPE_HOST, ifa_index=if_nametoindex("lo")}, [{{nla_len=8, nla_type=IFA_ADDRESS}, 127.0.0.1}, {{nla_len=8, nla_type=IFA_LOCAL}, 127.0.0.1}, {{nla_len=7, nla_type=IFA_LABEL}, "lo"}, {{nla_len=8, nla_type=IFA_FLAGS}, IFA_F_PERMANENT}, {{nla_len=20, nla_type=IFA_CACHEINFO}, {ifa_prefered=4294967295, ifa_valid=4294967295, cstamp=2359836, tstamp=2359836}}]}, {{len=88, type=RTM_NEWADDR, flags=NLM_F_MULTI, seq=1684443054, pid=70}, {ifa_family=AF_INET, ifa_prefixlen=24, ifa_flags=IFA_F_PERMANENT, ifa_scope=RT_SCOPE_UNIVERSE, ifa_index=if_nametoindex("eth0")}, [{{nla_len=8, nla_type=IFA_ADDRESS}, 10.24.2.148}, {{nla_len=8, nla_type=IFA_LOCAL}, 10.24.2.148}, {{nla_len=8, nla_type=IFA_BROADCAST}, 10.24.2.255}, {{nla_len=9, nla_type=IFA_LABEL}, "eth0"}, {{nla_len=8, nla_type=IFA_FLAGS}, IFA_F_PERMANENT}, {{nla_len=20, nla_type=IFA_CACHEINFO}, {ifa_prefered=4294967295, ifa_valid=4294967295, cstamp=2359839, tstamp=2359839}}]}], iov_len=4096}], msg_iovlen=1, msg_controllen=0, msg_flags=0}, 0) = 164
2023-05-18T20:50:54.881549570Z 20:50:54.880323 recvmsg(8, {msg_name={sa_family=AF_NETLINK, nl_pid=0, nl_groups=00000000}, msg_namelen=12, msg_iov=[{iov_base={{len=20, type=NLMSG_DONE, flags=NLM_F_MULTI, seq=1684443054, pid=70}, 0}, iov_len=4096}], msg_iovlen=1, msg_controllen=0, msg_flags=0}, 0) = 20
2023-05-18T20:50:54.881577515Z 20:50:54.880863 socket(AF_UNIX, SOCK_STREAM|SOCK_CLOEXEC|SOCK_NONBLOCK, 0) = 8
2023-05-18T20:50:54.881583598Z 20:50:54.880932 connect(8, {sa_family=AF_UNIX, sun_path="/var/run/nscd/socket"}, 110) = -1 ENOENT (No such file or directory)
2023-05-18T20:50:54.881589054Z 20:50:54.881037 socket(AF_UNIX, SOCK_STREAM|SOCK_CLOEXEC|SOCK_NONBLOCK, 0) = 8
2023-05-18T20:50:54.881596322Z 20:50:54.881109 connect(8, {sa_family=AF_UNIX, sun_path="/var/run/nscd/socket"}, 110) = -1 ENOENT (No such file or directory)
2023-05-18T20:50:54.882731021Z 20:50:54.882494 socket(AF_INET, SOCK_DGRAM|SOCK_CLOEXEC|SOCK_NONBLOCK, IPPROTO_IP) = 8
2023-05-18T20:50:54.882822026Z 20:50:54.882582 connect(8, {sa_family=AF_INET, sin_port=htons(53), sin_addr=inet_addr("169.254.169.254")}, 16) = 0
2023-05-18T20:50:54.883107386Z 20:50:54.882707 sendto(8, "\313\260\1\0\0\1\0\0\0\0\0\0\rflux-sample-0\fflux-"..., 76, MSG_NOSIGNAL, NULL, 0) = 76
2023-05-18T20:50:54.887019513Z 20:50:54.886822 recvfrom(8, "\313\260\201\203\0\1\0\0\0\1\0\0\rflux-sample-0\fflux-"..., 1024, 0, {sa_family=AF_INET, sin_port=htons(53), sin_addr=inet_addr("169.254.169.254")}, [28->16]) = 172
2023-05-18T20:50:54.887246881Z 20:50:54.887115 socket(AF_INET, SOCK_DGRAM|SOCK_CLOEXEC|SOCK_NONBLOCK, IPPROTO_IP) = 8
2023-05-18T20:50:54.887364038Z 20:50:54.887215 connect(8, {sa_family=AF_INET, sin_port=htons(53), sin_addr=inet_addr("169.254.169.254")}, 16) = 0
2023-05-18T20:50:54.887639138Z 20:50:54.887384 sendto(8, "\3405\1\0\0\1\0\0\0\0\0\0\rflux-sample-0\fflux-"..., 108, MSG_NOSIGNAL, NULL, 0) = 108
2023-05-18T20:50:54.891224780Z 20:50:54.890958 recvfrom(8, "\3405\201\203\0\1\0\0\0\1\0\0\rflux-sample-0\fflux-"..., 1024, 0, {sa_family=AF_INET, sin_port=htons(53), sin_addr=inet_addr("169.254.169.254")}, [28->16]) = 204
2023-05-18T20:50:54.891541577Z 20:50:54.891242 socket(AF_INET, SOCK_DGRAM|SOCK_CLOEXEC|SOCK_NONBLOCK, IPPROTO_IP) = 8
2023-05-18T20:50:54.891556065Z 20:50:54.891399 connect(8, {sa_family=AF_INET, sin_port=htons(53), sin_addr=inet_addr("169.254.169.254")}, 16) = 0
2023-05-18T20:50:54.891815200Z 20:50:54.891570 sendto(8, "\367\262\1\0\0\1\0\0\0\0\0\0\rflux-sample-0\fflux-"..., 94, MSG_NOSIGNAL, NULL, 0) = 94
2023-05-18T20:50:54.895258008Z 20:50:54.895009 recvfrom(8, "\367\262\201\203\0\1\0\0\0\1\0\0\rflux-sample-0\fflux-"..., 1024, 0, {sa_family=AF_INET, sin_port=htons(53), sin_addr=inet_addr("169.254.169.254")}, [28->16]) = 190
2023-05-18T20:50:54.895465767Z 20:50:54.895283 socket(AF_INET, SOCK_DGRAM|SOCK_CLOEXEC|SOCK_NONBLOCK, IPPROTO_IP) = 8
2023-05-18T20:50:54.895611930Z 20:50:54.895437 connect(8, {sa_family=AF_INET, sin_port=htons(53), sin_addr=inet_addr("169.254.169.254")}, 16) = 0
2023-05-18T20:50:54.895917695Z 20:50:54.895641 sendto(8, "\20z\1\0\0\1\0\0\0\0\0\0\rflux-sample-0\fflux-"..., 90, MSG_NOSIGNAL, NULL, 0) = 90
2023-05-18T20:50:54.899625594Z 20:50:54.899382 recvfrom(8, "\20z\201\203\0\1\0\0\0\1\0\0\rflux-sample-0\fflux-"..., 1024, 0, {sa_family=AF_INET, sin_port=htons(53), sin_addr=inet_addr("169.254.169.254")}, [28->16]) = 186
2023-05-18T20:50:54.899722294Z 20:50:54.899578 socket(AF_INET, SOCK_DGRAM|SOCK_CLOEXEC|SOCK_NONBLOCK, IPPROTO_IP) = 8
2023-05-18T20:50:54.899827886Z 20:50:54.899671 connect(8, {sa_family=AF_INET, sin_port=htons(53), sin_addr=inet_addr("169.254.169.254")}, 16) = 0
2023-05-18T20:50:54.900085015Z 20:50:54.899841 sendto(8, "t+\1\0\0\1\0\0\0\0\0\0\rflux-sample-0\fflux-"..., 111, MSG_NOSIGNAL, NULL, 0) = 111
2023-05-18T20:50:54.905730291Z 20:50:54.905431 recvfrom(8, "t+\201\203\0\1\0\0\0\1\0\0\rflux-sample-0\fflux-"..., 1024, 0, {sa_family=AF_INET, sin_port=htons(53), sin_addr=inet_addr("169.254.169.254")}, [28->16]) = 205
2023-05-18T20:50:54.905882636Z 20:50:54.905637 socket(AF_INET, SOCK_DGRAM|SOCK_CLOEXEC|SOCK_NONBLOCK, IPPROTO_IP) = 8
2023-05-18T20:50:54.905979574Z 20:50:54.905750 connect(8, {sa_family=AF_INET, sin_port=htons(53), sin_addr=inet_addr("169.254.169.254")}, 16) = 0
2023-05-18T20:50:54.906167591Z 20:50:54.905903 sendto(8, "\34\301\1\0\0\1\0\0\0\0\0\0\rflux-sample-0\fflux-"..., 97, MSG_NOSIGNAL, NULL, 0) = 97
2023-05-18T20:50:54.912588310Z 20:50:54.912303 recvfrom(8, "\34\301\201\203\0\1\0\0\0\1\0\0\rflux-sample-0\fflux-"..., 1024, 0, {sa_family=AF_INET, sin_port=htons(53), sin_addr=inet_addr("169.254.169.254")}, [28->16]) = 186
2023-05-18T20:50:54.912712176Z 20:50:54.912552 socket(AF_INET, SOCK_DGRAM|SOCK_CLOEXEC|SOCK_NONBLOCK, IPPROTO_IP) = 8
2023-05-18T20:50:54.912817534Z 20:50:54.912676 connect(8, {sa_family=AF_INET, sin_port=htons(53), sin_addr=inet_addr("169.254.169.254")}, 16) = 0
2023-05-18T20:50:54.913174219Z 20:50:54.912923 sendto(8, "Ak\1\0\0\1\0\0\0\0\0\0\rflux-sample-0\fflux-"..., 92, MSG_NOSIGNAL, NULL, 0) = 92
2023-05-18T20:50:54.918959189Z 20:50:54.917787 recvfrom(8, "Ak\201\203\0\1\0\0\0\1\0\0\rflux-sample-0\fflux-"..., 1024, 0, {sa_family=AF_INET, sin_port=htons(53), sin_addr=inet_addr("169.254.169.254")}, [28->16]) = 181
2023-05-18T20:50:54.918982247Z broker.err[2]: Warning: unable to resolve upstream peer flux-sample-0.flux-service.flux-operator.svc.cluster.local: Name or service not known
2023-05-18T20:50:54.926598944Z broker.info[2]: start: none->join 2.35034ms
2023-05-18T20:50:56.119418455Z broker.info[2]: parent-ready: join->init 1.19376s
2023-05-18T20:50:56.119635512Z 20:50:56.119067 socketpair(AF_UNIX, SOCK_STREAM|SOCK_CLOEXEC, 0, [22, 23]) = 0
2023-05-18T20:50:56.119649972Z 20:50:56.119247 socketpair(AF_UNIX, SOCK_STREAM, 0, [24, 25]) = 0
2023-05-18T20:50:56.119698287Z 20:50:56.119458 socketpair(AF_UNIX, SOCK_STREAM, 0, [26, 27]) = 0
2023-05-18T20:50:56.120264016Z 20:50:56.119725 socketpair(AF_UNIX, SOCK_STREAM, 0, [28, 29]) = 0
2023-05-18T20:50:56.145894152Z broker.info[2]: configuration updated
2023-05-18T20:50:56.271456653Z broker.info[2]: rc1.0: running /etc/flux/rc1.d/01-sched-fluxion
2023-05-18T20:50:56.283942540Z broker.info[2]: rc1.0: running /etc/flux/rc1.d/02-cron
2023-05-18T20:50:56.318436559Z broker.info[2]: rc1.0: /etc/flux/rc1 Exited (rc=0) 0.2s
2023-05-18T20:50:56.319526785Z broker.info[2]: rc1-success: init->quorum 0.200275s
2023-05-18T20:50:56.508489900Z broker.info[2]: quorum-full: quorum->run 0.188621s
2023-05-18T20:51:07.857685977Z broker.info[2]: shutdown: run->cleanup 11.3481s
2023-05-18T20:51:07.859134872Z broker.info[2]: cleanup-none: cleanup->shutdown 1.76511ms
2023-05-18T20:51:07.860719504Z broker.info[2]: children-none: shutdown->finalize 1.3053ms
2023-05-18T20:51:07.861791048Z 20:51:07.861297 socketpair(AF_UNIX, SOCK_STREAM|SOCK_CLOEXEC, 0, [22, 23]) = 0
2023-05-18T20:51:07.862167271Z 20:51:07.861557 socketpair(AF_UNIX, SOCK_STREAM, 0, [24, 25]) = 0
2023-05-18T20:51:07.862532743Z 20:51:07.861803 socketpair(AF_UNIX, SOCK_STREAM, 0, [26, 28]) = 0
2023-05-18T20:51:07.862709527Z 20:51:07.861989 socketpair(AF_UNIX, SOCK_STREAM, 0, [58, 59]) = 0
2023-05-18T20:51:07.884377055Z broker.info[2]: rc3.0: running /etc/flux/rc3.d/01-sched-fluxion
2023-05-18T20:51:08.038788360Z broker.info[2]: rc3.0: /etc/flux/rc3 Exited (rc=0) 0.2s
2023-05-18T20:51:08.040145067Z broker.info[2]: rc3-success: finalize->goodbye 0.178603s
2023-05-18T20:51:08.041552596Z broker.info[2]: goodbye: goodbye->exit 1.14042ms
2023-05-18T20:51:08.049551611Z 20:51:08.049249 +++ exited with 0 +++
2023-05-18T20:51:08.052075157Z Return value for follower worker is 0
2023-05-18T20:51:08.052252142Z The follower worker exited cleanly. Goodbye!
