2023-05-18T19:30:37.547171549Z
2023-05-18T19:30:37.547229290Z Flux username: flux
2023-05-18T19:30:37.547236292Z
2023-05-18T19:30:37.547243651Z Flux install root: /usr
2023-05-18T19:30:37.592711052Z flux user is already added.
2023-05-18T19:30:37.596895309Z flux user identifiers:
2023-05-18T19:30:37.596926252Z uid=1234(flux) gid=1234(flux) groups=1234(flux)
2023-05-18T19:30:37.596932685Z
2023-05-18T19:30:37.596938869Z As Flux prefix for flux commands: sudo -u flux -E PYTHONPATH=/opt/conda/lib/python3.10/site-packages -E PATH=/opt/conda/bin:/usr/local/sbin:/usr/local/bin:/usr/sbin:/usr/bin:/sbin:/bin -E LD_LIBRARY_PATH=/opt/conda/lib -E HOME=/home/flux
2023-05-18T19:30:37.609737447Z
2023-05-18T19:30:37.609767567Z ðŸ‘‹ Hello, I'm flux-sample-1
2023-05-18T19:30:37.609887990Z The main host is flux-sample-0
2023-05-18T19:30:37.609910732Z The working directory is /home/flux/examples/reaxff/HNS, contents include:
2023-05-18T19:30:37.612510921Z /home/flux/examples/reaxff/HNS:
2023-05-18T19:30:37.612532907Z README.txt	ffield.reax.hns  log.8Mar18.reaxc.hns.g++.1
2023-05-18T19:30:37.612541255Z data.hns-equil	in.reaxc.hns	 log.8Mar18.reaxc.hns.g++.4
2023-05-18T19:30:37.613181681Z End of file listing, if you see nothing above there are no files.
2023-05-18T19:30:37.615218346Z flux R encode --hosts=flux-sample-[0-3]
2023-05-18T19:30:37.629457470Z
2023-05-18T19:30:37.629489322Z ðŸ“¦ Resources
2023-05-18T19:30:37.631081141Z {"version": 1, "execution": {"R_lite": [{"rank": "0-3", "children": {"core": "0"}}], "starttime": 0.0, "expiration": 0.0, "nodelist": ["flux-sample-[0-3]"]}}
2023-05-18T19:30:37.631394569Z
2023-05-18T19:30:37.631429099Z ðŸ¸ Diagnostics: false
2023-05-18T19:30:37.631540900Z ðŸš©ï¸ Flux Option Flags defined
2023-05-18T19:30:37.636145553Z
2023-05-18T19:30:37.636170658Z ðŸ¦Š Independent Minister of Privilege
2023-05-18T19:30:37.637457883Z [exec]
2023-05-18T19:30:37.637476150Z allowed-users = [ "flux", "root" ]
2023-05-18T19:30:37.637482972Z allowed-shells = [ "/usr/libexec/flux/flux-shell" ]
2023-05-18T19:30:37.637713132Z
2023-05-18T19:30:37.637727982Z ðŸ¸ Broker Configuration
2023-05-18T19:30:37.639252922Z # Flux needs to know the path to the IMP executable
2023-05-18T19:30:37.639269167Z [exec]
2023-05-18T19:30:37.639273740Z imp = "/usr/libexec/flux/flux-imp"
2023-05-18T19:30:37.639278918Z
2023-05-18T19:30:37.639283538Z [access]
2023-05-18T19:30:37.639287726Z allow-guest-user = true
2023-05-18T19:30:37.639290936Z allow-root-owner = true
2023-05-18T19:30:37.639293978Z
2023-05-18T19:30:37.639309644Z # Point to resource definition generated with flux-R(1).
2023-05-18T19:30:37.639316939Z [resource]
2023-05-18T19:30:37.639323690Z path = "/etc/flux/system/R"
2023-05-18T19:30:37.639328573Z
2023-05-18T19:30:37.639333458Z [bootstrap]
2023-05-18T19:30:37.639338354Z curve_cert = "/etc/curve/curve.cert"
2023-05-18T19:30:37.639343289Z default_port = 8050
2023-05-18T19:30:37.639348511Z default_bind = "tcp://eth0:%p"
2023-05-18T19:30:37.639353791Z default_connect = "tcp://%h.flux-service.flux-operator.svc.cluster.local:%p"
2023-05-18T19:30:37.639360706Z hosts = [
2023-05-18T19:30:37.639366386Z 	{ host="flux-sample-[0-3]"},
2023-05-18T19:30:37.639371014Z ]
2023-05-18T19:30:37.639375401Z
2023-05-18T19:30:37.639379472Z [archive]
2023-05-18T19:30:37.639386734Z dbpath = "/var/lib/flux/job-archive.sqlite"
2023-05-18T19:30:37.639389990Z period = "1m"
2023-05-18T19:30:37.718488596Z busytimeout = "50s"
2023-05-18T19:30:37.718529059Z ðŸ§Šï¸ State Directory:
2023-05-18T19:30:37.718537459Z total 0
2023-05-18T19:30:37.718543705Z
2023-05-18T19:30:37.721340492Z
2023-05-18T19:30:37.721377240Z ðŸ”’ï¸ Working directory permissions:
2023-05-18T19:30:37.721383443Z total 96
2023-05-18T19:30:37.721391647Z -rwxrwxrwx 1 flux root  2517 May 17 22:32 README.txt
2023-05-18T19:30:37.721397916Z -rwxrwxrwx 1 flux root 54692 May 17 22:32 data.hns-equil
2023-05-18T19:30:37.721402912Z -rwxrwxrwx 1 flux root 13576 May 17 22:32 ffield.reax.hns
2023-05-18T19:30:37.721407604Z -rwxrwxrwx 1 flux root   870 May 17 22:32 in.reaxc.hns
2023-05-18T19:30:37.721413178Z -rwxrwxrwx 1 flux root  4172 May 17 22:32 log.8Mar18.reaxc.hns.g++.1
2023-05-18T19:30:37.721418289Z -rwxrwxrwx 1 flux root  4168 May 17 22:32 log.8Mar18.reaxc.hns.g++.4
2023-05-18T19:30:37.721423125Z
2023-05-18T19:30:37.721516637Z
2023-05-18T19:30:37.721528913Z âœ¨ Curve certificate generated by helper pod
2023-05-18T19:30:37.723415288Z #   ****  Generated on 2023-04-26 22:54:42 by CZMQ  ****
2023-05-18T19:30:37.723434593Z #   ZeroMQ CURVE **Secret** Certificate
2023-05-18T19:30:37.723440378Z #   DO NOT PROVIDE THIS FILE TO OTHER USERS nor change its permissions.
2023-05-18T19:30:37.723445318Z
2023-05-18T19:30:37.723452616Z metadata
2023-05-18T19:30:37.723459361Z     name = "flux-cert-generator"
2023-05-18T19:30:37.723464250Z     keygen.hostname = "flux-sample-0"
2023-05-18T19:30:37.723468953Z curve
2023-05-18T19:30:37.723473860Z     public-key = "}NE}Y>owAh5QnabJi2ISc:Fy:Yh{%8>N7b4I-=>m"
2023-05-18T19:30:37.723479031Z     secret-key = "sYB/uo9{Uzv7]]E1aYW.WsI-aw1:@a-$sVxQ:8WE"
2023-05-18T19:30:37.726507072Z
2023-05-18T19:30:37.726536662Z ðŸŒ€  flux start --wrap=strace,-e,network,-tt -o --config /etc/flux/config -Scron.directory=/etc/flux/system/cron.d   -Stbon.fanout=256   -Srundir=/run/flux    -Sstatedir=/var/lib/flux   -Slocal-uri=local:///run/flux/local -Stbon.connect_timeout=10s  -Stbon.zmqdebug=1  -Slog-stderr-level=6    -Slog-stderr-mode=local
2023-05-18T19:30:37.772957927Z 19:30:37.772691 socket(AF_NETLINK, SOCK_RAW, NETLINK_ROUTE) = 8
2023-05-18T19:30:37.773199672Z 19:30:37.772846 bind(8, {sa_family=AF_NETLINK, nl_pid=0, nl_groups=00000000}, 12) = 0
2023-05-18T19:30:37.773397998Z 19:30:37.773170 getsockname(8, {sa_family=AF_NETLINK, nl_pid=71, nl_groups=00000000}, [12]) = 0
2023-05-18T19:30:37.773742346Z 19:30:37.773348 sendto(8, {{len=20, type=RTM_GETADDR, flags=NLM_F_REQUEST|NLM_F_DUMP, seq=1684438237, pid=0}, {ifa_family=AF_UNSPEC, ...}}, 20, 0, {sa_family=AF_NETLINK, nl_pid=0, nl_groups=00000000}, 12) = 20
2023-05-18T19:30:37.774255029Z 19:30:37.773632 recvmsg(8, {msg_name={sa_family=AF_NETLINK, nl_pid=0, nl_groups=00000000}, msg_namelen=12, msg_iov=[{iov_base=[{{len=76, type=RTM_NEWADDR, flags=NLM_F_MULTI, seq=1684438237, pid=71}, {ifa_family=AF_INET, ifa_prefixlen=8, ifa_flags=IFA_F_PERMANENT, ifa_scope=RT_SCOPE_HOST, ifa_index=if_nametoindex("lo")}, [{{nla_len=8, nla_type=IFA_ADDRESS}, 127.0.0.1}, {{nla_len=8, nla_type=IFA_LOCAL}, 127.0.0.1}, {{nla_len=7, nla_type=IFA_LABEL}, "lo"}, {{nla_len=8, nla_type=IFA_FLAGS}, IFA_F_PERMANENT}, {{nla_len=20, nla_type=IFA_CACHEINFO}, {ifa_prefered=4294967295, ifa_valid=4294967295, cstamp=1878146, tstamp=1878146}}]}, {{len=88, type=RTM_NEWADDR, flags=NLM_F_MULTI, seq=1684438237, pid=71}, {ifa_family=AF_INET, ifa_prefixlen=24, ifa_flags=IFA_F_PERMANENT, ifa_scope=RT_SCOPE_UNIVERSE, ifa_index=if_nametoindex("eth0")}, [{{nla_len=8, nla_type=IFA_ADDRESS}, 10.24.2.205}, {{nla_len=8, nla_type=IFA_LOCAL}, 10.24.2.205}, {{nla_len=8, nla_type=IFA_BROADCAST}, 10.24.2.255}, {{nla_len=9, nla_type=IFA_LABEL}, "eth0"}, {{nla_len=8, nla_type=IFA_FLAGS}, IFA_F_PERMANENT}, {{nla_len=20, nla_type=IFA_CACHEINFO}, {ifa_prefered=4294967295, ifa_valid=4294967295, cstamp=1878148, tstamp=1878148}}]}], iov_len=4096}], msg_iovlen=1, msg_controllen=0, msg_flags=0}, 0) = 164
2023-05-18T19:30:37.774438136Z 19:30:37.774116 recvmsg(8, {msg_name={sa_family=AF_NETLINK, nl_pid=0, nl_groups=00000000}, msg_namelen=12, msg_iov=[{iov_base={{len=20, type=NLMSG_DONE, flags=NLM_F_MULTI, seq=1684438237, pid=71}, 0}, iov_len=4096}], msg_iovlen=1, msg_controllen=0, msg_flags=0}, 0) = 20
2023-05-18T19:30:37.775392009Z 19:30:37.775146 socket(AF_UNIX, SOCK_STREAM|SOCK_CLOEXEC|SOCK_NONBLOCK, 0) = 8
2023-05-18T19:30:37.775535763Z 19:30:37.775302 connect(8, {sa_family=AF_UNIX, sun_path="/var/run/nscd/socket"}, 110) = -1 ENOENT (No such file or directory)
2023-05-18T19:30:37.775823872Z 19:30:37.775565 socket(AF_UNIX, SOCK_STREAM|SOCK_CLOEXEC|SOCK_NONBLOCK, 0) = 8
2023-05-18T19:30:37.776080639Z 19:30:37.775758 connect(8, {sa_family=AF_UNIX, sun_path="/var/run/nscd/socket"}, 110) = -1 ENOENT (No such file or directory)
2023-05-18T19:30:37.778580036Z 19:30:37.778354 socket(AF_INET, SOCK_DGRAM|SOCK_CLOEXEC|SOCK_NONBLOCK, IPPROTO_IP) = 8
2023-05-18T19:30:37.778659498Z 19:30:37.778511 connect(8, {sa_family=AF_INET, sin_port=htons(53), sin_addr=inet_addr("169.254.169.254")}, 16) = 0
2023-05-18T19:30:37.779126961Z 19:30:37.778778 sendto(8, "\306\21\1\0\0\1\0\0\0\0\0\0\rflux-sample-0\fflux-"..., 76, MSG_NOSIGNAL, NULL, 0) = 76
2023-05-18T19:30:37.782813074Z 19:30:37.782481 recvfrom(8, "\306\21\201\200\0\1\0\1\0\0\0\0\rflux-sample-0\fflux-"..., 1024, 0, {sa_family=AF_INET, sin_port=htons(53), sin_addr=inet_addr("169.254.169.254")}, [28->16]) = 92
2023-05-18T19:30:37.789091245Z broker.info[1]: start: none->join 2.01089ms
2023-05-18T19:30:47.984075574Z broker.info[1]: parent-ready: join->init 10.1945s
2023-05-18T19:30:47.984418390Z 19:30:47.984186 socketpair(AF_UNIX, SOCK_STREAM|SOCK_CLOEXEC, 0, [22, 23]) = 0
2023-05-18T19:30:47.984661327Z 19:30:47.984426 socketpair(AF_UNIX, SOCK_STREAM, 0, [24, 25]) = 0
2023-05-18T19:30:47.985250266Z 19:30:47.984873 socketpair(AF_UNIX, SOCK_STREAM, 0, [26, 27]) = 0
2023-05-18T19:30:47.985714212Z 19:30:47.985460 socketpair(AF_UNIX, SOCK_STREAM, 0, [28, 29]) = 0
2023-05-18T19:30:48.011479248Z broker.info[1]: configuration updated
2023-05-18T19:30:48.140364248Z broker.info[1]: rc1.0: running /etc/flux/rc1.d/01-sched-fluxion
2023-05-18T19:30:48.153862221Z broker.info[1]: rc1.0: running /etc/flux/rc1.d/02-cron
2023-05-18T19:30:48.180360100Z broker.info[1]: rc1.0: /etc/flux/rc1 Exited (rc=0) 0.2s
2023-05-18T19:30:48.181399597Z broker.info[1]: rc1-success: init->quorum 0.197016s
2023-05-18T19:30:48.398971366Z broker.info[1]: quorum-full: quorum->run 0.217318s
2023-05-18T19:31:02.299643689Z broker.info[1]: shutdown: run->cleanup 13.9004s
2023-05-18T19:31:02.300886329Z broker.info[1]: cleanup-none: cleanup->shutdown 1.04703ms
2023-05-18T19:31:02.302422326Z broker.info[1]: children-none: shutdown->finalize 1.10142ms
2023-05-18T19:31:02.302688976Z 19:31:02.302369 socketpair(AF_UNIX, SOCK_STREAM|SOCK_CLOEXEC, 0, [22, 23]) = 0
2023-05-18T19:31:02.302819028Z 19:31:02.302600 socketpair(AF_UNIX, SOCK_STREAM, 0, [24, 25]) = 0
2023-05-18T19:31:02.303550394Z 19:31:02.302957 socketpair(AF_UNIX, SOCK_STREAM, 0, [26, 28]) = 0
2023-05-18T19:31:02.303575793Z 19:31:02.303172 socketpair(AF_UNIX, SOCK_STREAM, 0, [58, 59]) = 0
2023-05-18T19:31:02.322741474Z broker.info[1]: rc3.0: running /etc/flux/rc3.d/01-sched-fluxion
2023-05-18T19:31:02.458204402Z broker.info[1]: rc3.0: /etc/flux/rc3 Exited (rc=0) 0.2s
2023-05-18T19:31:02.459499002Z broker.info[1]: rc3-success: finalize->goodbye 0.156929s
2023-05-18T19:31:02.461193579Z broker.info[1]: goodbye: goodbye->exit 1.06913ms
2023-05-18T19:31:02.468697524Z 19:31:02.468492 +++ exited with 0 +++
2023-05-18T19:31:02.470145304Z Return value for follower worker is 0
2023-05-18T19:31:02.470172060Z The follower worker exited cleanly. Goodbye!
