2023-05-18T19:16:30.714161937Z
2023-05-18T19:16:30.714233484Z Flux username: flux
2023-05-18T19:16:30.714240779Z
2023-05-18T19:16:30.714248105Z Flux install root: /usr
2023-05-18T19:16:30.761125081Z flux user is already added.
2023-05-18T19:16:30.764661475Z flux user identifiers:
2023-05-18T19:16:30.764695285Z uid=1234(flux) gid=1234(flux) groups=1234(flux)
2023-05-18T19:16:30.764703158Z
2023-05-18T19:16:30.764713563Z As Flux prefix for flux commands: sudo -u flux -E PYTHONPATH=/opt/conda/lib/python3.10/site-packages -E PATH=/opt/conda/bin:/usr/local/sbin:/usr/local/bin:/usr/sbin:/usr/bin:/sbin:/bin -E LD_LIBRARY_PATH=/opt/conda/lib -E HOME=/home/flux
2023-05-18T19:16:30.773883610Z
2023-05-18T19:16:30.773918557Z ðŸ‘‹ Hello, I'm flux-sample-1
2023-05-18T19:16:30.773925578Z The main host is flux-sample-0
2023-05-18T19:16:30.773931903Z The working directory is /home/flux/examples/reaxff/HNS, contents include:
2023-05-18T19:16:30.775479586Z /home/flux/examples/reaxff/HNS:
2023-05-18T19:16:30.775511529Z README.txt	ffield.reax.hns  log.8Mar18.reaxc.hns.g++.1
2023-05-18T19:16:30.775518607Z data.hns-equil	in.reaxc.hns	 log.8Mar18.reaxc.hns.g++.4
2023-05-18T19:16:30.776128306Z End of file listing, if you see nothing above there are no files.
2023-05-18T19:16:30.778463141Z flux R encode --hosts=flux-sample-[0-3]
2023-05-18T19:16:30.793144235Z
2023-05-18T19:16:30.793179312Z ðŸ“¦ Resources
2023-05-18T19:16:30.794841653Z {"version": 1, "execution": {"R_lite": [{"rank": "0-3", "children": {"core": "0"}}], "starttime": 0.0, "expiration": 0.0, "nodelist": ["flux-sample-[0-3]"]}}
2023-05-18T19:16:30.795186138Z
2023-05-18T19:16:30.795222771Z ðŸ¸ Diagnostics: false
2023-05-18T19:16:30.795529072Z ðŸš©ï¸ Flux Option Flags defined
2023-05-18T19:16:30.799790436Z
2023-05-18T19:16:30.799812612Z ðŸ¦Š Independent Minister of Privilege
2023-05-18T19:16:30.801077274Z [exec]
2023-05-18T19:16:30.801094598Z allowed-users = [ "flux", "root" ]
2023-05-18T19:16:30.801103279Z allowed-shells = [ "/usr/libexec/flux/flux-shell" ]
2023-05-18T19:16:30.801300793Z
2023-05-18T19:16:30.801315137Z ðŸ¸ Broker Configuration
2023-05-18T19:16:30.802642005Z # Flux needs to know the path to the IMP executable
2023-05-18T19:16:30.802658281Z [exec]
2023-05-18T19:16:30.802666280Z imp = "/usr/libexec/flux/flux-imp"
2023-05-18T19:16:30.802672402Z
2023-05-18T19:16:30.802677405Z [access]
2023-05-18T19:16:30.802683788Z allow-guest-user = true
2023-05-18T19:16:30.802688759Z allow-root-owner = true
2023-05-18T19:16:30.802693344Z
2023-05-18T19:16:30.802698074Z # Point to resource definition generated with flux-R(1).
2023-05-18T19:16:30.802703003Z [resource]
2023-05-18T19:16:30.802711232Z path = "/etc/flux/system/R"
2023-05-18T19:16:30.802717497Z
2023-05-18T19:16:30.802722794Z [bootstrap]
2023-05-18T19:16:30.802728139Z curve_cert = "/etc/curve/curve.cert"
2023-05-18T19:16:30.802733398Z default_port = 8050
2023-05-18T19:16:30.802743858Z default_bind = "tcp://eth0:%p"
2023-05-18T19:16:30.802749713Z default_connect = "tcp://%h.flux-service.flux-operator.svc.cluster.local:%p"
2023-05-18T19:16:30.802754735Z hosts = [
2023-05-18T19:16:30.802761716Z 	{ host="flux-sample-[0-3]"},
2023-05-18T19:16:30.802767301Z ]
2023-05-18T19:16:30.802771858Z
2023-05-18T19:16:30.802776858Z [archive]
2023-05-18T19:16:30.802781575Z dbpath = "/var/lib/flux/job-archive.sqlite"
2023-05-18T19:16:30.802786669Z period = "1m"
2023-05-18T19:16:30.885204742Z busytimeout = "50s"
2023-05-18T19:16:30.885239212Z ðŸ§Šï¸ State Directory:
2023-05-18T19:16:30.885247941Z total 0
2023-05-18T19:16:30.885252746Z
2023-05-18T19:16:30.889173796Z
2023-05-18T19:16:30.889208985Z ðŸ”’ï¸ Working directory permissions:
2023-05-18T19:16:30.889215930Z total 96
2023-05-18T19:16:30.889225355Z -rwxrwxrwx 1 flux root  2517 May 17 22:32 README.txt
2023-05-18T19:16:30.889230518Z -rwxrwxrwx 1 flux root 54692 May 17 22:32 data.hns-equil
2023-05-18T19:16:30.889238050Z -rwxrwxrwx 1 flux root 13576 May 17 22:32 ffield.reax.hns
2023-05-18T19:16:30.889244323Z -rwxrwxrwx 1 flux root   870 May 17 22:32 in.reaxc.hns
2023-05-18T19:16:30.889249699Z -rwxrwxrwx 1 flux root  4172 May 17 22:32 log.8Mar18.reaxc.hns.g++.1
2023-05-18T19:16:30.889254649Z -rwxrwxrwx 1 flux root  4168 May 17 22:32 log.8Mar18.reaxc.hns.g++.4
2023-05-18T19:16:30.889259122Z
2023-05-18T19:16:30.889364435Z
2023-05-18T19:16:30.889377951Z âœ¨ Curve certificate generated by helper pod
2023-05-18T19:16:30.890849216Z #   ****  Generated on 2023-04-26 22:54:42 by CZMQ  ****
2023-05-18T19:16:30.890869908Z #   ZeroMQ CURVE **Secret** Certificate
2023-05-18T19:16:30.890876827Z #   DO NOT PROVIDE THIS FILE TO OTHER USERS nor change its permissions.
2023-05-18T19:16:30.890881979Z
2023-05-18T19:16:30.890887001Z metadata
2023-05-18T19:16:30.890893281Z     name = "flux-cert-generator"
2023-05-18T19:16:30.890898108Z     keygen.hostname = "flux-sample-0"
2023-05-18T19:16:30.890903024Z curve
2023-05-18T19:16:30.890907960Z     public-key = "Q6H7T-#S>*.UlZi7eKkP.Sk!e-D..0slO]-PY$DC"
2023-05-18T19:16:30.890921140Z     secret-key = "D+}gSjwbE+NGZe6)*CFgVFM*W/kXRvegkjT6(l[3"
2023-05-18T19:16:30.892940507Z
2023-05-18T19:16:30.892962853Z ðŸŒ€  flux start --wrap=strace,-e,network,-tt -o --config /etc/flux/config -Scron.directory=/etc/flux/system/cron.d   -Stbon.fanout=256   -Srundir=/run/flux    -Sstatedir=/var/lib/flux   -Slocal-uri=local:///run/flux/local -Stbon.connect_timeout=9s  -Stbon.zmqdebug=1  -Slog-stderr-level=6    -Slog-stderr-mode=local
2023-05-18T19:16:30.938880842Z 19:16:30.938477 socket(AF_NETLINK, SOCK_RAW, NETLINK_ROUTE) = 8
2023-05-18T19:16:30.938997078Z 19:16:30.938749 bind(8, {sa_family=AF_NETLINK, nl_pid=0, nl_groups=00000000}, 12) = 0
2023-05-18T19:16:30.939109402Z 19:16:30.938899 getsockname(8, {sa_family=AF_NETLINK, nl_pid=70, nl_groups=00000000}, [12]) = 0
2023-05-18T19:16:30.939574596Z 19:16:30.939031 sendto(8, {{len=20, type=RTM_GETADDR, flags=NLM_F_REQUEST|NLM_F_DUMP, seq=1684437390, pid=0}, {ifa_family=AF_UNSPEC, ...}}, 20, 0, {sa_family=AF_NETLINK, nl_pid=0, nl_groups=00000000}, 12) = 20
2023-05-18T19:16:30.940009239Z 19:16:30.939438 recvmsg(8, {msg_name={sa_family=AF_NETLINK, nl_pid=0, nl_groups=00000000}, msg_namelen=12, msg_iov=[{iov_base=[{{len=76, type=RTM_NEWADDR, flags=NLM_F_MULTI, seq=1684437390, pid=70}, {ifa_family=AF_INET, ifa_prefixlen=8, ifa_flags=IFA_F_PERMANENT, ifa_scope=RT_SCOPE_HOST, ifa_index=if_nametoindex("lo")}, [{{nla_len=8, nla_type=IFA_ADDRESS}, 127.0.0.1}, {{nla_len=8, nla_type=IFA_LOCAL}, 127.0.0.1}, {{nla_len=7, nla_type=IFA_LABEL}, "lo"}, {{nla_len=8, nla_type=IFA_FLAGS}, IFA_F_PERMANENT}, {{nla_len=20, nla_type=IFA_CACHEINFO}, {ifa_prefered=4294967295, ifa_valid=4294967295, cstamp=1793650, tstamp=1793650}}]}, {{len=88, type=RTM_NEWADDR, flags=NLM_F_MULTI, seq=1684437390, pid=70}, {ifa_family=AF_INET, ifa_prefixlen=24, ifa_flags=IFA_F_PERMANENT, ifa_scope=RT_SCOPE_UNIVERSE, ifa_index=if_nametoindex("eth0")}, [{{nla_len=8, nla_type=IFA_ADDRESS}, 10.24.0.177}, {{nla_len=8, nla_type=IFA_LOCAL}, 10.24.0.177}, {{nla_len=8, nla_type=IFA_BROADCAST}, 10.24.0.255}, {{nla_len=9, nla_type=IFA_LABEL}, "eth0"}, {{nla_len=8, nla_type=IFA_FLAGS}, IFA_F_PERMANENT}, {{nla_len=20, nla_type=IFA_CACHEINFO}, {ifa_prefered=4294967295, ifa_valid=4294967295, cstamp=1793648, tstamp=1793648}}]}], iov_len=4096}], msg_iovlen=1, msg_controllen=0, msg_flags=0}, 0) = 164
2023-05-18T19:16:30.940181774Z 19:16:30.939866 recvmsg(8, {msg_name={sa_family=AF_NETLINK, nl_pid=0, nl_groups=00000000}, msg_namelen=12, msg_iov=[{iov_base={{len=20, type=NLMSG_DONE, flags=NLM_F_MULTI, seq=1684437390, pid=70}, 0}, iov_len=4096}], msg_iovlen=1, msg_controllen=0, msg_flags=0}, 0) = 20
2023-05-18T19:16:30.940815798Z 19:16:30.940582 socket(AF_UNIX, SOCK_STREAM|SOCK_CLOEXEC|SOCK_NONBLOCK, 0) = 8
2023-05-18T19:16:30.940910117Z 19:16:30.940672 connect(8, {sa_family=AF_UNIX, sun_path="/var/run/nscd/socket"}, 110) = -1 ENOENT (No such file or directory)
2023-05-18T19:16:30.940998299Z 19:16:30.940815 socket(AF_UNIX, SOCK_STREAM|SOCK_CLOEXEC|SOCK_NONBLOCK, 0) = 8
2023-05-18T19:16:30.941025307Z 19:16:30.940895 connect(8, {sa_family=AF_UNIX, sun_path="/var/run/nscd/socket"}, 110) = -1 ENOENT (No such file or directory)
2023-05-18T19:16:30.943070912Z 19:16:30.942821 socket(AF_INET, SOCK_DGRAM|SOCK_CLOEXEC|SOCK_NONBLOCK, IPPROTO_IP) = 8
2023-05-18T19:16:30.943089229Z 19:16:30.942918 connect(8, {sa_family=AF_INET, sin_port=htons(53), sin_addr=inet_addr("169.254.169.254")}, 16) = 0
2023-05-18T19:16:30.943492947Z 19:16:30.943057 sendto(8, "2\256\1\0\0\1\0\0\0\0\0\0\rflux-sample-0\fflux-"..., 76, MSG_NOSIGNAL, NULL, 0) = 76
2023-05-18T19:16:30.946676998Z 19:16:30.946311 recvfrom(8, "2\256\201\200\0\1\0\1\0\0\0\0\rflux-sample-0\fflux-"..., 1024, 0, {sa_family=AF_INET, sin_port=htons(53), sin_addr=inet_addr("169.254.169.254")}, [28->16]) = 92
2023-05-18T19:16:30.953463383Z broker.info[1]: start: none->join 2.53782ms
2023-05-18T19:16:40.131001530Z broker.info[1]: parent-ready: join->init 9.1769s
2023-05-18T19:16:40.131883259Z 19:16:40.130713 socketpair(AF_UNIX, SOCK_STREAM|SOCK_CLOEXEC, 0, [22, 23]) = 0
2023-05-18T19:16:40.131917033Z 19:16:40.130930 socketpair(AF_UNIX, SOCK_STREAM, 0, [24, 25]) = 0
2023-05-18T19:16:40.131923989Z 19:16:40.131248 socketpair(AF_UNIX, SOCK_STREAM, 0, [26, 27]) = 0
2023-05-18T19:16:40.131930176Z 19:16:40.131452 socketpair(AF_UNIX, SOCK_STREAM, 0, [28, 29]) = 0
2023-05-18T19:16:40.159132293Z broker.info[1]: configuration updated
2023-05-18T19:16:40.301715281Z broker.info[1]: rc1.0: running /etc/flux/rc1.d/01-sched-fluxion
2023-05-18T19:16:40.314091454Z broker.info[1]: rc1.0: running /etc/flux/rc1.d/02-cron
2023-05-18T19:16:40.341831439Z broker.info[1]: rc1.0: /etc/flux/rc1 Exited (rc=0) 0.2s
2023-05-18T19:16:40.343476862Z broker.info[1]: rc1-success: init->quorum 0.212595s
2023-05-18T19:16:41.088988415Z broker.info[1]: quorum-full: quorum->run 0.74469s
2023-05-18T19:16:54.909471054Z broker.info[1]: shutdown: run->cleanup 13.8199s
2023-05-18T19:16:54.911640595Z broker.info[1]: cleanup-none: cleanup->shutdown 1.11709ms
2023-05-18T19:16:54.913327539Z broker.info[1]: children-none: shutdown->finalize 0.958313ms
2023-05-18T19:16:54.914101357Z 19:16:54.913765 socketpair(AF_UNIX, SOCK_STREAM|SOCK_CLOEXEC, 0, [22, 23]) = 0
2023-05-18T19:16:54.914449729Z 19:16:54.914178 socketpair(AF_UNIX, SOCK_STREAM, 0, [24, 25]) = 0
2023-05-18T19:16:54.914901207Z 19:16:54.914619 socketpair(AF_UNIX, SOCK_STREAM, 0, [26, 28]) = 0
2023-05-18T19:16:54.915327260Z 19:16:54.915070 socketpair(AF_UNIX, SOCK_STREAM, 0, [58, 59]) = 0
2023-05-18T19:16:54.942210592Z broker.info[1]: rc3.0: running /etc/flux/rc3.d/01-sched-fluxion
2023-05-18T19:16:55.115846622Z broker.info[1]: rc3.0: /etc/flux/rc3 Exited (rc=0) 0.2s
2023-05-18T19:16:55.116508722Z broker.info[1]: rc3-success: finalize->goodbye 0.20256s
2023-05-18T19:16:55.117481672Z broker.info[1]: goodbye: goodbye->exit 0.795994ms
2023-05-18T19:16:55.123688168Z 19:16:55.123511 +++ exited with 0 +++
2023-05-18T19:16:55.125669249Z Return value for follower worker is 0
2023-05-18T19:16:55.125711215Z The follower worker exited cleanly. Goodbye!
