2023-05-18T20:04:00.636549144Z
2023-05-18T20:04:00.636617958Z Flux username: flux
2023-05-18T20:04:00.636624819Z
2023-05-18T20:04:00.636630264Z Flux install root: /usr
2023-05-18T20:04:00.680340206Z flux user is already added.
2023-05-18T20:04:00.683316196Z flux user identifiers:
2023-05-18T20:04:00.683353443Z uid=1234(flux) gid=1234(flux) groups=1234(flux)
2023-05-18T20:04:00.683473572Z
2023-05-18T20:04:00.683486654Z As Flux prefix for flux commands: sudo -u flux -E PYTHONPATH=/opt/conda/lib/python3.10/site-packages -E PATH=/opt/conda/bin:/usr/local/sbin:/usr/local/bin:/usr/sbin:/usr/bin:/sbin:/bin -E LD_LIBRARY_PATH=/opt/conda/lib -E HOME=/home/flux
2023-05-18T20:04:00.692100445Z
2023-05-18T20:04:00.692127419Z ðŸ‘‹ Hello, I'm flux-sample-3
2023-05-18T20:04:00.692248771Z The main host is flux-sample-0
2023-05-18T20:04:00.692258059Z The working directory is /home/flux/examples/reaxff/HNS, contents include:
2023-05-18T20:04:00.693942070Z /home/flux/examples/reaxff/HNS:
2023-05-18T20:04:00.693961396Z README.txt	ffield.reax.hns  log.8Mar18.reaxc.hns.g++.1
2023-05-18T20:04:00.693967247Z data.hns-equil	in.reaxc.hns	 log.8Mar18.reaxc.hns.g++.4
2023-05-18T20:04:00.694484323Z End of file listing, if you see nothing above there are no files.
2023-05-18T20:04:00.696530291Z flux R encode --hosts=flux-sample-[0-3]
2023-05-18T20:04:00.709665260Z
2023-05-18T20:04:00.709694281Z ðŸ“¦ Resources
2023-05-18T20:04:00.711237177Z {"version": 1, "execution": {"R_lite": [{"rank": "0-3", "children": {"core": "0"}}], "starttime": 0.0, "expiration": 0.0, "nodelist": ["flux-sample-[0-3]"]}}
2023-05-18T20:04:00.711464809Z
2023-05-18T20:04:00.711480563Z ðŸ¸ Diagnostics: false
2023-05-18T20:04:00.711664296Z ðŸš©ï¸ Flux Option Flags defined
2023-05-18T20:04:00.716302411Z
2023-05-18T20:04:00.716326625Z ðŸ¦Š Independent Minister of Privilege
2023-05-18T20:04:00.717784489Z [exec]
2023-05-18T20:04:00.717804458Z allowed-users = [ "flux", "root" ]
2023-05-18T20:04:00.717812208Z allowed-shells = [ "/usr/libexec/flux/flux-shell" ]
2023-05-18T20:04:00.717948262Z
2023-05-18T20:04:00.717959968Z ðŸ¸ Broker Configuration
2023-05-18T20:04:00.719345975Z # Flux needs to know the path to the IMP executable
2023-05-18T20:04:00.719363522Z [exec]
2023-05-18T20:04:00.719369927Z imp = "/usr/libexec/flux/flux-imp"
2023-05-18T20:04:00.719374743Z
2023-05-18T20:04:00.719379605Z [access]
2023-05-18T20:04:00.719385095Z allow-guest-user = true
2023-05-18T20:04:00.719391686Z allow-root-owner = true
2023-05-18T20:04:00.719397173Z
2023-05-18T20:04:00.719402034Z # Point to resource definition generated with flux-R(1).
2023-05-18T20:04:00.719406915Z [resource]
2023-05-18T20:04:00.719412866Z path = "/etc/flux/system/R"
2023-05-18T20:04:00.719417322Z
2023-05-18T20:04:00.719421808Z [bootstrap]
2023-05-18T20:04:00.719427247Z curve_cert = "/etc/curve/curve.cert"
2023-05-18T20:04:00.719434508Z default_port = 8050
2023-05-18T20:04:00.719440929Z default_bind = "tcp://eth0:%p"
2023-05-18T20:04:00.719495193Z default_connect = "tcp://%h.flux-service.flux-operator.svc.cluster.local:%p"
2023-05-18T20:04:00.719500214Z hosts = [
2023-05-18T20:04:00.719504722Z 	{ host="flux-sample-[0-3]"},
2023-05-18T20:04:00.719509292Z ]
2023-05-18T20:04:00.719515800Z
2023-05-18T20:04:00.719522340Z [archive]
2023-05-18T20:04:00.719527622Z dbpath = "/var/lib/flux/job-archive.sqlite"
2023-05-18T20:04:00.719532484Z period = "1m"
2023-05-18T20:04:00.800789316Z busytimeout = "50s"
2023-05-18T20:04:00.800817198Z ðŸ§Šï¸ State Directory:
2023-05-18T20:04:00.800823422Z total 0
2023-05-18T20:04:00.800827972Z
2023-05-18T20:04:00.803592687Z
2023-05-18T20:04:00.803617879Z ðŸ”’ï¸ Working directory permissions:
2023-05-18T20:04:00.803623949Z total 96
2023-05-18T20:04:00.803629782Z -rwxrwxrwx 1 flux root  2517 May 17 22:32 README.txt
2023-05-18T20:04:00.803634514Z -rwxrwxrwx 1 flux root 54692 May 17 22:32 data.hns-equil
2023-05-18T20:04:00.803639674Z -rwxrwxrwx 1 flux root 13576 May 17 22:32 ffield.reax.hns
2023-05-18T20:04:00.803644863Z -rwxrwxrwx 1 flux root   870 May 17 22:32 in.reaxc.hns
2023-05-18T20:04:00.803820164Z -rwxrwxrwx 1 flux root  4172 May 17 22:32 log.8Mar18.reaxc.hns.g++.1
2023-05-18T20:04:00.803831977Z -rwxrwxrwx 1 flux root  4168 May 17 22:32 log.8Mar18.reaxc.hns.g++.4
2023-05-18T20:04:00.803838527Z
2023-05-18T20:04:00.803844911Z
2023-05-18T20:04:00.803850435Z âœ¨ Curve certificate generated by helper pod
2023-05-18T20:04:00.805281517Z #   ****  Generated on 2023-04-26 22:54:42 by CZMQ  ****
2023-05-18T20:04:00.805298695Z #   ZeroMQ CURVE **Secret** Certificate
2023-05-18T20:04:00.805304479Z #   DO NOT PROVIDE THIS FILE TO OTHER USERS nor change its permissions.
2023-05-18T20:04:00.805309109Z
2023-05-18T20:04:00.805313986Z metadata
2023-05-18T20:04:00.805321766Z     name = "flux-cert-generator"
2023-05-18T20:04:00.805327939Z     keygen.hostname = "flux-sample-0"
2023-05-18T20:04:00.805333290Z curve
2023-05-18T20:04:00.805338246Z     public-key = "nWB$+4NM&P2{ef&UZdsS!P&B24QcK(w/88@LU][6"
2023-05-18T20:04:00.805343419Z     secret-key = "}khHY.o@$S>h2v:i3Nr3T=+v=*ivH69c7L!7){[!"
2023-05-18T20:04:00.807886289Z
2023-05-18T20:04:00.807906427Z ðŸŒ€  flux start --wrap=strace,-e,network,-tt -o --config /etc/flux/config -Scron.directory=/etc/flux/system/cron.d   -Stbon.fanout=256   -Srundir=/run/flux    -Sstatedir=/var/lib/flux   -Slocal-uri=local:///run/flux/local -Stbon.connect_timeout=3s  -Stbon.zmqdebug=1  -Slog-stderr-level=6    -Slog-stderr-mode=local
2023-05-18T20:04:00.852276445Z 20:04:00.850008 socket(AF_NETLINK, SOCK_RAW, NETLINK_ROUTE) = 8
2023-05-18T20:04:00.852312061Z 20:04:00.850183 bind(8, {sa_family=AF_NETLINK, nl_pid=0, nl_groups=00000000}, 12) = 0
2023-05-18T20:04:00.852320553Z 20:04:00.850267 getsockname(8, {sa_family=AF_NETLINK, nl_pid=70, nl_groups=00000000}, [12]) = 0
2023-05-18T20:04:00.852327634Z 20:04:00.850335 sendto(8, {{len=20, type=RTM_GETADDR, flags=NLM_F_REQUEST|NLM_F_DUMP, seq=1684440240, pid=0}, {ifa_family=AF_UNSPEC, ...}}, 20, 0, {sa_family=AF_NETLINK, nl_pid=0, nl_groups=00000000}, 12) = 20
2023-05-18T20:04:00.852334464Z 20:04:00.850587 recvmsg(8, {msg_name={sa_family=AF_NETLINK, nl_pid=0, nl_groups=00000000}, msg_namelen=12, msg_iov=[{iov_base=[{{len=76, type=RTM_NEWADDR, flags=NLM_F_MULTI, seq=1684440240, pid=70}, {ifa_family=AF_INET, ifa_prefixlen=8, ifa_flags=IFA_F_PERMANENT, ifa_scope=RT_SCOPE_HOST, ifa_index=if_nametoindex("lo")}, [{{nla_len=8, nla_type=IFA_ADDRESS}, 127.0.0.1}, {{nla_len=8, nla_type=IFA_LOCAL}, 127.0.0.1}, {{nla_len=7, nla_type=IFA_LABEL}, "lo"}, {{nla_len=8, nla_type=IFA_FLAGS}, IFA_F_PERMANENT}, {{nla_len=20, nla_type=IFA_CACHEINFO}, {ifa_prefered=4294967295, ifa_valid=4294967295, cstamp=2078656, tstamp=2078656}}]}, {{len=88, type=RTM_NEWADDR, flags=NLM_F_MULTI, seq=1684440240, pid=70}, {ifa_family=AF_INET, ifa_prefixlen=24, ifa_flags=IFA_F_PERMANENT, ifa_scope=RT_SCOPE_UNIVERSE, ifa_index=if_nametoindex("eth0")}, [{{nla_len=8, nla_type=IFA_ADDRESS}, 10.24.1.40}, {{nla_len=8, nla_type=IFA_LOCAL}, 10.24.1.40}, {{nla_len=8, nla_type=IFA_BROADCAST}, 10.24.1.255}, {{nla_len=9, nla_type=IFA_LABEL}, "eth0"}, {{nla_len=8, nla_type=IFA_FLAGS}, IFA_F_PERMANENT}, {{nla_len=20, nla_type=IFA_CACHEINFO}, {ifa_prefered=4294967295, ifa_valid=4294967295, cstamp=2078657, tstamp=2078657}}]}], iov_len=4096}], msg_iovlen=1, msg_controllen=0, msg_flags=0}, 0) = 164
2023-05-18T20:04:00.852343721Z 20:04:00.850869 recvmsg(8, {msg_name={sa_family=AF_NETLINK, nl_pid=0, nl_groups=00000000}, msg_namelen=12, msg_iov=[{iov_base={{len=20, type=NLMSG_DONE, flags=NLM_F_MULTI, seq=1684440240, pid=70}, 0}, iov_len=4096}], msg_iovlen=1, msg_controllen=0, msg_flags=0}, 0) = 20
2023-05-18T20:04:00.852367039Z 20:04:00.851398 socket(AF_UNIX, SOCK_STREAM|SOCK_CLOEXEC|SOCK_NONBLOCK, 0) = 8
2023-05-18T20:04:00.852373489Z 20:04:00.851491 connect(8, {sa_family=AF_UNIX, sun_path="/var/run/nscd/socket"}, 110) = -1 ENOENT (No such file or directory)
2023-05-18T20:04:00.852378338Z 20:04:00.851601 socket(AF_UNIX, SOCK_STREAM|SOCK_CLOEXEC|SOCK_NONBLOCK, 0) = 8
2023-05-18T20:04:00.852383407Z 20:04:00.851654 connect(8, {sa_family=AF_UNIX, sun_path="/var/run/nscd/socket"}, 110) = -1 ENOENT (No such file or directory)
2023-05-18T20:04:00.853342179Z 20:04:00.853114 socket(AF_INET, SOCK_DGRAM|SOCK_CLOEXEC|SOCK_NONBLOCK, IPPROTO_IP) = 8
2023-05-18T20:04:00.853361104Z 20:04:00.853205 connect(8, {sa_family=AF_INET, sin_port=htons(53), sin_addr=inet_addr("169.254.169.254")}, 16) = 0
2023-05-18T20:04:00.853786689Z 20:04:00.853341 sendto(8, "\334\271\1\0\0\1\0\0\0\0\0\0\rflux-sample-0\fflux-"..., 76, MSG_NOSIGNAL, NULL, 0) = 76
2023-05-18T20:04:00.857531735Z 20:04:00.857319 recvfrom(8, "\334\271\201\200\0\1\0\1\0\0\0\0\rflux-sample-0\fflux-"..., 1024, 0, {sa_family=AF_INET, sin_port=htons(53), sin_addr=inet_addr("169.254.169.254")}, [28->16]) = 92
2023-05-18T20:04:00.863528170Z broker.info[3]: start: none->join 2.04845ms
2023-05-18T20:04:00.877575523Z broker.info[3]: parent-ready: join->init 13.7936ms
2023-05-18T20:04:00.877900946Z 20:04:00.877675 socketpair(AF_UNIX, SOCK_STREAM|SOCK_CLOEXEC, 0, [22, 23]) = 0
2023-05-18T20:04:00.878032574Z 20:04:00.877816 socketpair(AF_UNIX, SOCK_STREAM, 0, [24, 25]) = 0
2023-05-18T20:04:00.878295479Z 20:04:00.878105 socketpair(AF_UNIX, SOCK_STREAM, 0, [26, 27]) = 0
2023-05-18T20:04:00.878619718Z 20:04:00.878370 socketpair(AF_UNIX, SOCK_STREAM, 0, [28, 29]) = 0
2023-05-18T20:04:00.901903484Z broker.info[3]: configuration updated
2023-05-18T20:04:01.020063411Z broker.info[3]: rc1.0: running /etc/flux/rc1.d/01-sched-fluxion
2023-05-18T20:04:01.032437906Z broker.info[3]: rc1.0: running /etc/flux/rc1.d/02-cron
2023-05-18T20:04:01.055752207Z broker.info[3]: rc1.0: /etc/flux/rc1 Exited (rc=0) 0.2s
2023-05-18T20:04:01.056537931Z broker.info[3]: rc1-success: init->quorum 0.178655s
2023-05-18T20:04:01.272277247Z broker.info[3]: quorum-full: quorum->run 0.215494s
2023-05-18T20:04:01.900219875Z 20:04:01.899774 socketpair(AF_UNIX, SOCK_STREAM|SOCK_CLOEXEC, 0, [22, 23]) = 0
2023-05-18T20:04:01.900710646Z 20:04:01.899947 socketpair(AF_UNIX, SOCK_STREAM, 0, [24, 25]) = 0
2023-05-18T20:04:01.900951530Z 20:04:01.900205 socketpair(AF_UNIX, SOCK_STREAM, 0, [26, 28]) = 0
2023-05-18T20:04:01.901341683Z 20:04:01.901009 socketpair(AF_UNIX, SOCK_STREAM, 0, [58, 59]) = 0
2023-05-18T20:04:12.605839832Z broker.info[3]: shutdown: run->cleanup 11.3333s
2023-05-18T20:04:12.608045882Z broker.info[3]: cleanup-none: cleanup->shutdown 1.33097ms
2023-05-18T20:04:12.609742742Z broker.info[3]: children-none: shutdown->finalize 0.984339ms
2023-05-18T20:04:12.610512507Z 20:04:12.610209 socketpair(AF_UNIX, SOCK_STREAM|SOCK_CLOEXEC, 0, [22, 23]) = 0
2023-05-18T20:04:12.610830211Z 20:04:12.610564 socketpair(AF_UNIX, SOCK_STREAM, 0, [24, 25]) = 0
2023-05-18T20:04:12.611286785Z 20:04:12.611055 socketpair(AF_UNIX, SOCK_STREAM, 0, [26, 28]) = 0
2023-05-18T20:04:12.611754300Z 20:04:12.611500 socketpair(AF_UNIX, SOCK_STREAM, 0, [58, 59]) = 0
2023-05-18T20:04:12.632519964Z broker.info[3]: rc3.0: running /etc/flux/rc3.d/01-sched-fluxion
2023-05-18T20:04:12.769551957Z broker.info[3]: rc3.0: /etc/flux/rc3 Exited (rc=0) 0.2s
2023-05-18T20:04:12.771217935Z broker.info[3]: rc3-success: finalize->goodbye 0.160704s
2023-05-18T20:04:12.773943098Z broker.info[3]: goodbye: goodbye->exit 1.99158ms
2023-05-18T20:04:12.783979722Z 20:04:12.783808 +++ exited with 0 +++
2023-05-18T20:04:12.785740013Z Return value for follower worker is 0
2023-05-18T20:04:12.785766858Z The follower worker exited cleanly. Goodbye!
