2023-05-18T19:13:41.838342794Z
2023-05-18T19:13:41.838371270Z Flux username: flux
2023-05-18T19:13:41.838377180Z
2023-05-18T19:13:41.838384618Z Flux install root: /usr
2023-05-18T19:13:41.894289287Z flux user is already added.
2023-05-18T19:13:41.894320215Z flux user identifiers:
2023-05-18T19:13:41.894328356Z uid=1234(flux) gid=1234(flux) groups=1234(flux)
2023-05-18T19:13:41.894333448Z
2023-05-18T19:13:41.894342573Z As Flux prefix for flux commands: sudo -u flux -E PYTHONPATH=/opt/conda/lib/python3.10/site-packages -E PATH=/opt/conda/bin:/usr/local/sbin:/usr/local/bin:/usr/sbin:/usr/bin:/sbin:/bin -E LD_LIBRARY_PATH=/opt/conda/lib -E HOME=/home/flux
2023-05-18T19:13:41.902749187Z
2023-05-18T19:13:41.902786092Z 👋 Hello, I'm flux-sample-2
2023-05-18T19:13:41.902793414Z The main host is flux-sample-0
2023-05-18T19:13:41.902799544Z The working directory is /home/flux/examples/reaxff/HNS, contents include:
2023-05-18T19:13:41.905357752Z /home/flux/examples/reaxff/HNS:
2023-05-18T19:13:41.905380020Z README.txt	ffield.reax.hns  log.8Mar18.reaxc.hns.g++.1
2023-05-18T19:13:41.905385920Z data.hns-equil	in.reaxc.hns	 log.8Mar18.reaxc.hns.g++.4
2023-05-18T19:13:41.905797925Z End of file listing, if you see nothing above there are no files.
2023-05-18T19:13:41.908305864Z flux R encode --hosts=flux-sample-[0-3]
2023-05-18T19:13:41.926719265Z
2023-05-18T19:13:41.926756110Z 📦 Resources
2023-05-18T19:13:41.928623019Z {"version": 1, "execution": {"R_lite": [{"rank": "0-3", "children": {"core": "0"}}], "starttime": 0.0, "expiration": 0.0, "nodelist": ["flux-sample-[0-3]"]}}
2023-05-18T19:13:41.929466463Z
2023-05-18T19:13:41.929487360Z 🐸 Diagnostics: false
2023-05-18T19:13:41.929494634Z 🚩️ Flux Option Flags defined
2023-05-18T19:13:41.933938572Z
2023-05-18T19:13:41.933973976Z 🦊 Independent Minister of Privilege
2023-05-18T19:13:41.935430295Z [exec]
2023-05-18T19:13:41.935453050Z allowed-users = [ "flux", "root" ]
2023-05-18T19:13:41.935461684Z allowed-shells = [ "/usr/libexec/flux/flux-shell" ]
2023-05-18T19:13:41.935683782Z
2023-05-18T19:13:41.935701331Z 🐸 Broker Configuration
2023-05-18T19:13:41.937146230Z # Flux needs to know the path to the IMP executable
2023-05-18T19:13:41.937166232Z [exec]
2023-05-18T19:13:41.937176879Z imp = "/usr/libexec/flux/flux-imp"
2023-05-18T19:13:41.937183355Z
2023-05-18T19:13:41.937188859Z [access]
2023-05-18T19:13:41.937194934Z allow-guest-user = true
2023-05-18T19:13:41.937200191Z allow-root-owner = true
2023-05-18T19:13:41.937205056Z
2023-05-18T19:13:41.937210012Z # Point to resource definition generated with flux-R(1).
2023-05-18T19:13:41.937216399Z [resource]
2023-05-18T19:13:41.937224832Z path = "/etc/flux/system/R"
2023-05-18T19:13:41.937231674Z
2023-05-18T19:13:41.937237308Z [bootstrap]
2023-05-18T19:13:41.937242799Z curve_cert = "/etc/curve/curve.cert"
2023-05-18T19:13:41.937247961Z default_port = 8050
2023-05-18T19:13:41.937253076Z default_bind = "tcp://eth0:%p"
2023-05-18T19:13:41.937259229Z default_connect = "tcp://%h.flux-service.flux-operator.svc.cluster.local:%p"
2023-05-18T19:13:41.937264773Z hosts = [
2023-05-18T19:13:41.937272623Z 	{ host="flux-sample-[0-3]"},
2023-05-18T19:13:41.937278827Z ]
2023-05-18T19:13:41.937283840Z
2023-05-18T19:13:41.937288939Z [archive]
2023-05-18T19:13:41.937294570Z dbpath = "/var/lib/flux/job-archive.sqlite"
2023-05-18T19:13:41.937299446Z period = "1m"
2023-05-18T19:13:42.017844904Z busytimeout = "50s"
2023-05-18T19:13:42.017882061Z 🧊️ State Directory:
2023-05-18T19:13:42.017890019Z total 0
2023-05-18T19:13:42.017896328Z
2023-05-18T19:13:42.021589387Z
2023-05-18T19:13:42.021626840Z 🔒️ Working directory permissions:
2023-05-18T19:13:42.021634363Z total 96
2023-05-18T19:13:42.021640472Z -rwxrwxrwx 1 flux root  2517 May 17 22:32 README.txt
2023-05-18T19:13:42.021648543Z -rwxrwxrwx 1 flux root 54692 May 17 22:32 data.hns-equil
2023-05-18T19:13:42.021655778Z -rwxrwxrwx 1 flux root 13576 May 17 22:32 ffield.reax.hns
2023-05-18T19:13:42.021661310Z -rwxrwxrwx 1 flux root   870 May 17 22:32 in.reaxc.hns
2023-05-18T19:13:42.021667694Z -rwxrwxrwx 1 flux root  4172 May 17 22:32 log.8Mar18.reaxc.hns.g++.1
2023-05-18T19:13:42.021673526Z -rwxrwxrwx 1 flux root  4168 May 17 22:32 log.8Mar18.reaxc.hns.g++.4
2023-05-18T19:13:42.021679140Z
2023-05-18T19:13:42.021821593Z
2023-05-18T19:13:42.021836682Z ✨ Curve certificate generated by helper pod
2023-05-18T19:13:42.023439377Z #   ****  Generated on 2023-04-26 22:54:42 by CZMQ  ****
2023-05-18T19:13:42.023463641Z #   ZeroMQ CURVE **Secret** Certificate
2023-05-18T19:13:42.023474383Z #   DO NOT PROVIDE THIS FILE TO OTHER USERS nor change its permissions.
2023-05-18T19:13:42.023480983Z
2023-05-18T19:13:42.023486287Z metadata
2023-05-18T19:13:42.023492331Z     name = "flux-cert-generator"
2023-05-18T19:13:42.023497536Z     keygen.hostname = "flux-sample-0"
2023-05-18T19:13:42.023503258Z curve
2023-05-18T19:13:42.023508933Z     public-key = "HIZm^ds!!VOj4VBsZH)eMxWAt?8!HJ9VT46OUU*1"
2023-05-18T19:13:42.023514326Z     secret-key = "H[czI<a%J<goX![Ho@>wul[<wiTkw!+}WkuEePN@"
2023-05-18T19:13:42.025614787Z
2023-05-18T19:13:42.025657282Z 🌀  flux start --wrap=strace,-e,network,-tt -o --config /etc/flux/config -Scron.directory=/etc/flux/system/cron.d   -Stbon.fanout=256   -Srundir=/run/flux    -Sstatedir=/var/lib/flux   -Slocal-uri=local:///run/flux/local -Stbon.connect_timeout=9s  -Stbon.zmqdebug=1  -Slog-stderr-level=6    -Slog-stderr-mode=local
2023-05-18T19:13:42.071835429Z 19:13:42.071488 socket(AF_NETLINK, SOCK_RAW, NETLINK_ROUTE) = 8
2023-05-18T19:13:42.072041904Z 19:13:42.071806 bind(8, {sa_family=AF_NETLINK, nl_pid=0, nl_groups=00000000}, 12) = 0
2023-05-18T19:13:42.072055580Z 19:13:42.071920 getsockname(8, {sa_family=AF_NETLINK, nl_pid=70, nl_groups=00000000}, [12]) = 0
2023-05-18T19:13:42.072407810Z 19:13:42.072002 sendto(8, {{len=20, type=RTM_GETADDR, flags=NLM_F_REQUEST|NLM_F_DUMP, seq=1684437222, pid=0}, {ifa_family=AF_UNSPEC, ...}}, 20, 0, {sa_family=AF_NETLINK, nl_pid=0, nl_groups=00000000}, 12) = 20
2023-05-18T19:13:42.072741733Z 19:13:42.072365 recvmsg(8, {msg_name={sa_family=AF_NETLINK, nl_pid=0, nl_groups=00000000}, msg_namelen=12, msg_iov=[{iov_base=[{{len=76, type=RTM_NEWADDR, flags=NLM_F_MULTI, seq=1684437222, pid=70}, {ifa_family=AF_INET, ifa_prefixlen=8, ifa_flags=IFA_F_PERMANENT, ifa_scope=RT_SCOPE_HOST, ifa_index=if_nametoindex("lo")}, [{{nla_len=8, nla_type=IFA_ADDRESS}, 127.0.0.1}, {{nla_len=8, nla_type=IFA_LOCAL}, 127.0.0.1}, {{nla_len=7, nla_type=IFA_LABEL}, "lo"}, {{nla_len=8, nla_type=IFA_FLAGS}, IFA_F_PERMANENT}, {{nla_len=20, nla_type=IFA_CACHEINFO}, {ifa_prefered=4294967295, ifa_valid=4294967295, cstamp=1776564, tstamp=1776564}}]}, {{len=88, type=RTM_NEWADDR, flags=NLM_F_MULTI, seq=1684437222, pid=70}, {ifa_family=AF_INET, ifa_prefixlen=24, ifa_flags=IFA_F_PERMANENT, ifa_scope=RT_SCOPE_UNIVERSE, ifa_index=if_nametoindex("eth0")}, [{{nla_len=8, nla_type=IFA_ADDRESS}, 10.24.2.171}, {{nla_len=8, nla_type=IFA_LOCAL}, 10.24.2.171}, {{nla_len=8, nla_type=IFA_BROADCAST}, 10.24.2.255}, {{nla_len=9, nla_type=IFA_LABEL}, "eth0"}, {{nla_len=8, nla_type=IFA_FLAGS}, IFA_F_PERMANENT}, {{nla_len=20, nla_type=IFA_CACHEINFO}, {ifa_prefered=4294967295, ifa_valid=4294967295, cstamp=1776567, tstamp=1776567}}]}], iov_len=4096}], msg_iovlen=1, msg_controllen=0, msg_flags=0}, 0) = 164
2023-05-18T19:13:42.072856004Z 19:13:42.072699 recvmsg(8, {msg_name={sa_family=AF_NETLINK, nl_pid=0, nl_groups=00000000}, msg_namelen=12, msg_iov=[{iov_base={{len=20, type=NLMSG_DONE, flags=NLM_F_MULTI, seq=1684437222, pid=70}, 0}, iov_len=4096}], msg_iovlen=1, msg_controllen=0, msg_flags=0}, 0) = 20
2023-05-18T19:13:42.073453346Z 19:13:42.073288 socket(AF_UNIX, SOCK_STREAM|SOCK_CLOEXEC|SOCK_NONBLOCK, 0) = 8
2023-05-18T19:13:42.073557465Z 19:13:42.073409 connect(8, {sa_family=AF_UNIX, sun_path="/var/run/nscd/socket"}, 110) = -1 ENOENT (No such file or directory)
2023-05-18T19:13:42.073750944Z 19:13:42.073532 socket(AF_UNIX, SOCK_STREAM|SOCK_CLOEXEC|SOCK_NONBLOCK, 0) = 8
2023-05-18T19:13:42.073763808Z 19:13:42.073620 connect(8, {sa_family=AF_UNIX, sun_path="/var/run/nscd/socket"}, 110) = -1 ENOENT (No such file or directory)
2023-05-18T19:13:42.075236079Z 19:13:42.075080 socket(AF_INET, SOCK_DGRAM|SOCK_CLOEXEC|SOCK_NONBLOCK, IPPROTO_IP) = 8
2023-05-18T19:13:42.075343313Z 19:13:42.075192 connect(8, {sa_family=AF_INET, sin_port=htons(53), sin_addr=inet_addr("169.254.169.254")}, 16) = 0
2023-05-18T19:13:42.075707357Z 19:13:42.075321 sendto(8, "\312\232\1\0\0\1\0\0\0\0\0\0\rflux-sample-0\fflux-"..., 76, MSG_NOSIGNAL, NULL, 0) = 76
2023-05-18T19:13:42.079467263Z 19:13:42.079270 recvfrom(8, "\312\232\201\200\0\1\0\1\0\0\0\0\rflux-sample-0\fflux-"..., 1024, 0, {sa_family=AF_INET, sin_port=htons(53), sin_addr=inet_addr("169.254.169.254")}, [28->16]) = 92
2023-05-18T19:13:42.084984272Z broker.info[2]: start: none->join 1.65092ms
2023-05-18T19:13:51.275198007Z broker.info[2]: parent-ready: join->init 9.18969s
2023-05-18T19:13:51.275260672Z 19:13:51.274945 socketpair(AF_UNIX, SOCK_STREAM|SOCK_CLOEXEC, 0, [22, 23]) = 0
2023-05-18T19:13:51.275466547Z 19:13:51.275091 socketpair(AF_UNIX, SOCK_STREAM, 0, [24, 25]) = 0
2023-05-18T19:13:51.275708208Z 19:13:51.275492 socketpair(AF_UNIX, SOCK_STREAM, 0, [26, 27]) = 0
2023-05-18T19:13:51.275841721Z 19:13:51.275698 socketpair(AF_UNIX, SOCK_STREAM, 0, [28, 29]) = 0
2023-05-18T19:13:51.301869958Z broker.info[2]: configuration updated
2023-05-18T19:13:51.431264023Z broker.info[2]: rc1.0: running /etc/flux/rc1.d/01-sched-fluxion
2023-05-18T19:13:51.448526275Z broker.info[2]: rc1.0: running /etc/flux/rc1.d/02-cron
2023-05-18T19:13:51.476576278Z broker.info[2]: rc1.0: /etc/flux/rc1 Exited (rc=0) 0.2s
2023-05-18T19:13:51.477840473Z broker.info[2]: rc1-success: init->quorum 0.202721s
2023-05-18T19:13:51.625358526Z broker.info[2]: quorum-full: quorum->run 0.147105s
2023-05-18T19:14:05.558145866Z broker.info[2]: shutdown: run->cleanup 13.9323s
2023-05-18T19:14:05.559746021Z broker.info[2]: cleanup-none: cleanup->shutdown 1.3174ms
2023-05-18T19:14:05.560981868Z broker.info[2]: children-none: shutdown->finalize 1.15743ms
2023-05-18T19:14:05.561445652Z 19:14:05.560953 socketpair(AF_UNIX, SOCK_STREAM|SOCK_CLOEXEC, 0, [22, 23]) = 0
2023-05-18T19:14:05.561754241Z 19:14:05.561349 socketpair(AF_UNIX, SOCK_STREAM, 0, [24, 25]) = 0
2023-05-18T19:14:05.562073677Z 19:14:05.561775 socketpair(AF_UNIX, SOCK_STREAM, 0, [26, 28]) = 0
2023-05-18T19:14:05.562635187Z 19:14:05.562218 socketpair(AF_UNIX, SOCK_STREAM, 0, [58, 59]) = 0
2023-05-18T19:14:05.580973617Z broker.info[2]: rc3.0: running /etc/flux/rc3.d/01-sched-fluxion
2023-05-18T19:14:05.721204683Z broker.info[2]: rc3.0: /etc/flux/rc3 Exited (rc=0) 0.2s
2023-05-18T19:14:05.722704980Z broker.info[2]: rc3-success: finalize->goodbye 0.161535s
2023-05-18T19:14:05.724416386Z broker.info[2]: goodbye: goodbye->exit 1.05937ms
2023-05-18T19:14:05.733132845Z 19:14:05.732920 +++ exited with 0 +++
2023-05-18T19:14:05.735196044Z Return value for follower worker is 0
2023-05-18T19:14:05.735231506Z The follower worker exited cleanly. Goodbye!
