2023-05-18T20:02:40.147025145Z
2023-05-18T20:02:40.147106679Z Flux username: flux
2023-05-18T20:02:40.147149677Z
2023-05-18T20:02:40.147194401Z Flux install root: /usr
2023-05-18T20:02:40.211402681Z flux user is already added.
2023-05-18T20:02:40.215933407Z flux user identifiers:
2023-05-18T20:02:40.216006674Z uid=1234(flux) gid=1234(flux) groups=1234(flux)
2023-05-18T20:02:40.216312225Z
2023-05-18T20:02:40.216339192Z As Flux prefix for flux commands: sudo -u flux -E PYTHONPATH=/opt/conda/lib/python3.10/site-packages -E PATH=/opt/conda/bin:/usr/local/sbin:/usr/local/bin:/usr/sbin:/usr/bin:/sbin:/bin -E LD_LIBRARY_PATH=/opt/conda/lib -E HOME=/home/flux
2023-05-18T20:02:40.230064660Z
2023-05-18T20:02:40.230337002Z ðŸ‘‹ Hello, I'm flux-sample-1
2023-05-18T20:02:40.230404984Z The main host is flux-sample-0
2023-05-18T20:02:40.230672044Z The working directory is /home/flux/examples/reaxff/HNS, contents include:
2023-05-18T20:02:40.234321343Z /home/flux/examples/reaxff/HNS:
2023-05-18T20:02:40.234503133Z README.txt	ffield.reax.hns  log.8Mar18.reaxc.hns.g++.1
2023-05-18T20:02:40.234516925Z data.hns-equil	in.reaxc.hns	 log.8Mar18.reaxc.hns.g++.4
2023-05-18T20:02:40.234734996Z End of file listing, if you see nothing above there are no files.
2023-05-18T20:02:40.239368407Z flux R encode --hosts=flux-sample-[0-3]
2023-05-18T20:02:40.265511859Z
2023-05-18T20:02:40.265574068Z ðŸ“¦ Resources
2023-05-18T20:02:40.268477014Z {"version": 1, "execution": {"R_lite": [{"rank": "0-3", "children": {"core": "0"}}], "starttime": 0.0, "expiration": 0.0, "nodelist": ["flux-sample-[0-3]"]}}
2023-05-18T20:02:40.269058955Z
2023-05-18T20:02:40.269085565Z ðŸ¸ Diagnostics: false
2023-05-18T20:02:40.269233845Z ðŸš©ï¸ Flux Option Flags defined
2023-05-18T20:02:40.276890846Z
2023-05-18T20:02:40.276954869Z ðŸ¦Š Independent Minister of Privilege
2023-05-18T20:02:40.279355737Z [exec]
2023-05-18T20:02:40.279394099Z allowed-users = [ "flux", "root" ]
2023-05-18T20:02:40.279401667Z allowed-shells = [ "/usr/libexec/flux/flux-shell" ]
2023-05-18T20:02:40.279643395Z
2023-05-18T20:02:40.279659644Z ðŸ¸ Broker Configuration
2023-05-18T20:02:40.281863304Z # Flux needs to know the path to the IMP executable
2023-05-18T20:02:40.282209434Z [exec]
2023-05-18T20:02:40.282224121Z imp = "/usr/libexec/flux/flux-imp"
2023-05-18T20:02:40.282231200Z
2023-05-18T20:02:40.282237077Z [access]
2023-05-18T20:02:40.282255410Z allow-guest-user = true
2023-05-18T20:02:40.282261341Z allow-root-owner = true
2023-05-18T20:02:40.282266498Z
2023-05-18T20:02:40.282274631Z # Point to resource definition generated with flux-R(1).
2023-05-18T20:02:40.282281798Z [resource]
2023-05-18T20:02:40.282289368Z path = "/etc/flux/system/R"
2023-05-18T20:02:40.282294506Z
2023-05-18T20:02:40.282299481Z [bootstrap]
2023-05-18T20:02:40.282304030Z curve_cert = "/etc/curve/curve.cert"
2023-05-18T20:02:40.282309599Z default_port = 8050
2023-05-18T20:02:40.282314994Z default_bind = "tcp://eth0:%p"
2023-05-18T20:02:40.282323665Z default_connect = "tcp://%h.flux-service.flux-operator.svc.cluster.local:%p"
2023-05-18T20:02:40.282330278Z hosts = [
2023-05-18T20:02:40.282335589Z 	{ host="flux-sample-[0-3]"},
2023-05-18T20:02:40.282341031Z ]
2023-05-18T20:02:40.282345466Z
2023-05-18T20:02:40.282350194Z [archive]
2023-05-18T20:02:40.282355680Z dbpath = "/var/lib/flux/job-archive.sqlite"
2023-05-18T20:02:40.282361028Z period = "1m"
2023-05-18T20:02:40.402192648Z busytimeout = "50s"
2023-05-18T20:02:40.402304808Z ðŸ§Šï¸ State Directory:
2023-05-18T20:02:40.402315204Z total 0
2023-05-18T20:02:40.402321319Z
2023-05-18T20:02:40.405722600Z
2023-05-18T20:02:40.405863084Z ðŸ”’ï¸ Working directory permissions:
2023-05-18T20:02:40.406060689Z total 96
2023-05-18T20:02:40.406087481Z -rwxrwxrwx 1 flux root  2517 May 17 22:32 README.txt
2023-05-18T20:02:40.406096451Z -rwxrwxrwx 1 flux root 54692 May 17 22:32 data.hns-equil
2023-05-18T20:02:40.406103769Z -rwxrwxrwx 1 flux root 13576 May 17 22:32 ffield.reax.hns
2023-05-18T20:02:40.406111229Z -rwxrwxrwx 1 flux root   870 May 17 22:32 in.reaxc.hns
2023-05-18T20:02:40.406164813Z -rwxrwxrwx 1 flux root  4172 May 17 22:32 log.8Mar18.reaxc.hns.g++.1
2023-05-18T20:02:40.406175356Z -rwxrwxrwx 1 flux root  4168 May 17 22:32 log.8Mar18.reaxc.hns.g++.4
2023-05-18T20:02:40.406183941Z
2023-05-18T20:02:40.407520199Z
2023-05-18T20:02:40.407592318Z âœ¨ Curve certificate generated by helper pod
2023-05-18T20:02:40.409657538Z #   ****  Generated on 2023-04-26 22:54:42 by CZMQ  ****
2023-05-18T20:02:40.409687172Z #   ZeroMQ CURVE **Secret** Certificate
2023-05-18T20:02:40.409695377Z #   DO NOT PROVIDE THIS FILE TO OTHER USERS nor change its permissions.
2023-05-18T20:02:40.409701569Z
2023-05-18T20:02:40.409707431Z metadata
2023-05-18T20:02:40.409716543Z     name = "flux-cert-generator"
2023-05-18T20:02:40.409723402Z     keygen.hostname = "flux-sample-0"
2023-05-18T20:02:40.409729133Z curve
2023-05-18T20:02:40.409735601Z     public-key = "jE}>CN50k1SEhE^Y3-*=I3Md1/sACOm?8b(h2F:U"
2023-05-18T20:02:40.409741441Z     secret-key = "+.VlT^:p4*28Yyv3.CR7>2M(e59/46S?KKe.U>tL"
2023-05-18T20:02:40.412379379Z
2023-05-18T20:02:40.412417585Z ðŸŒ€  flux start --wrap=strace,-e,network,-tt -o --config /etc/flux/config -Scron.directory=/etc/flux/system/cron.d   -Stbon.fanout=256   -Srundir=/run/flux    -Sstatedir=/var/lib/flux   -Slocal-uri=local:///run/flux/local -Stbon.connect_timeout=3s  -Stbon.zmqdebug=1  -Slog-stderr-level=6    -Slog-stderr-mode=local
2023-05-18T20:02:40.467317341Z 20:02:40.466700 socket(AF_NETLINK, SOCK_RAW, NETLINK_ROUTE) = 8
2023-05-18T20:02:40.467395992Z 20:02:40.466934 bind(8, {sa_family=AF_NETLINK, nl_pid=0, nl_groups=00000000}, 12) = 0
2023-05-18T20:02:40.467406023Z 20:02:40.467062 getsockname(8, {sa_family=AF_NETLINK, nl_pid=70, nl_groups=00000000}, [12]) = 0
2023-05-18T20:02:40.467847932Z 20:02:40.467182 sendto(8, {{len=20, type=RTM_GETADDR, flags=NLM_F_REQUEST|NLM_F_DUMP, seq=1684440160, pid=0}, {ifa_family=AF_UNSPEC, ...}}, 20, 0, {sa_family=AF_NETLINK, nl_pid=0, nl_groups=00000000}, 12) = 20
2023-05-18T20:02:40.468349629Z 20:02:40.467672 recvmsg(8, {msg_name={sa_family=AF_NETLINK, nl_pid=0, nl_groups=00000000}, msg_namelen=12, msg_iov=[{iov_base=[{{len=76, type=RTM_NEWADDR, flags=NLM_F_MULTI, seq=1684440160, pid=70}, {ifa_family=AF_INET, ifa_prefixlen=8, ifa_flags=IFA_F_PERMANENT, ifa_scope=RT_SCOPE_HOST, ifa_index=if_nametoindex("lo")}, [{{nla_len=8, nla_type=IFA_ADDRESS}, 127.0.0.1}, {{nla_len=8, nla_type=IFA_LOCAL}, 127.0.0.1}, {{nla_len=7, nla_type=IFA_LABEL}, "lo"}, {{nla_len=8, nla_type=IFA_FLAGS}, IFA_F_PERMANENT}, {{nla_len=20, nla_type=IFA_CACHEINFO}, {ifa_prefered=4294967295, ifa_valid=4294967295, cstamp=2070346, tstamp=2070346}}]}, {{len=88, type=RTM_NEWADDR, flags=NLM_F_MULTI, seq=1684440160, pid=70}, {ifa_family=AF_INET, ifa_prefixlen=24, ifa_flags=IFA_F_PERMANENT, ifa_scope=RT_SCOPE_UNIVERSE, ifa_index=if_nametoindex("eth0")}, [{{nla_len=8, nla_type=IFA_ADDRESS}, 10.24.3.17}, {{nla_len=8, nla_type=IFA_LOCAL}, 10.24.3.17}, {{nla_len=8, nla_type=IFA_BROADCAST}, 10.24.3.255}, {{nla_len=9, nla_type=IFA_LABEL}, "eth0"}, {{nla_len=8, nla_type=IFA_FLAGS}, IFA_F_PERMANENT}, {{nla_len=20, nla_type=IFA_CACHEINFO}, {ifa_prefered=4294967295, ifa_valid=4294967295, cstamp=2070350, tstamp=2070350}}]}], iov_len=4096}], msg_iovlen=1, msg_controllen=0, msg_flags=0}, 0) = 164
2023-05-18T20:02:40.468523622Z 20:02:40.468272 recvmsg(8, {msg_name={sa_family=AF_NETLINK, nl_pid=0, nl_groups=00000000}, msg_namelen=12, msg_iov=[{iov_base={{len=20, type=NLMSG_DONE, flags=NLM_F_MULTI, seq=1684440160, pid=70}, 0}, iov_len=4096}], msg_iovlen=1, msg_controllen=0, msg_flags=0}, 0) = 20
2023-05-18T20:02:40.469699094Z 20:02:40.469439 socket(AF_UNIX, SOCK_STREAM|SOCK_CLOEXEC|SOCK_NONBLOCK, 0) = 8
2023-05-18T20:02:40.469874834Z 20:02:40.469562 connect(8, {sa_family=AF_UNIX, sun_path="/var/run/nscd/socket"}, 110) = -1 ENOENT (No such file or directory)
2023-05-18T20:02:40.470252388Z 20:02:40.469751 socket(AF_UNIX, SOCK_STREAM|SOCK_CLOEXEC|SOCK_NONBLOCK, 0) = 8
2023-05-18T20:02:40.470277014Z 20:02:40.470059 connect(8, {sa_family=AF_UNIX, sun_path="/var/run/nscd/socket"}, 110) = -1 ENOENT (No such file or directory)
2023-05-18T20:02:40.472489244Z 20:02:40.472076 socket(AF_INET, SOCK_DGRAM|SOCK_CLOEXEC|SOCK_NONBLOCK, IPPROTO_IP) = 8
2023-05-18T20:02:40.472973773Z 20:02:40.472620 connect(8, {sa_family=AF_INET, sin_port=htons(53), sin_addr=inet_addr("169.254.169.254")}, 16) = 0
2023-05-18T20:02:40.473889430Z 20:02:40.473210 sendto(8, "a\254\1\0\0\1\0\0\0\0\0\0\rflux-sample-0\fflux-"..., 76, MSG_NOSIGNAL, NULL, 0) = 76
2023-05-18T20:02:40.478487734Z 20:02:40.477604 recvfrom(8, "a\254\201\200\0\1\0\1\0\0\0\0\rflux-sample-0\fflux-"..., 1024, 0, {sa_family=AF_INET, sin_port=htons(53), sin_addr=inet_addr("169.254.169.254")}, [28->16]) = 92
2023-05-18T20:02:40.485754509Z broker.info[1]: start: none->join 2.14705ms
2023-05-18T20:02:41.026863469Z broker.info[1]: parent-ready: join->init 0.540053s
2023-05-18T20:02:41.027729549Z 20:02:41.026336 socketpair(AF_UNIX, SOCK_STREAM|SOCK_CLOEXEC, 0, [22, 23]) = 0
2023-05-18T20:02:41.027769004Z 20:02:41.026609 socketpair(AF_UNIX, SOCK_STREAM, 0, [24, 25]) = 0
2023-05-18T20:02:41.041498769Z 20:02:41.026976 socketpair(AF_UNIX, SOCK_STREAM, 0, [26, 27]) = 0
2023-05-18T20:02:41.042037613Z 20:02:41.033534 socketpair(AF_UNIX, SOCK_STREAM, 0, [28, 29]) = 0
2023-05-18T20:02:41.076343207Z broker.info[1]: configuration updated
2023-05-18T20:02:41.231728937Z broker.info[1]: rc1.0: running /etc/flux/rc1.d/01-sched-fluxion
2023-05-18T20:02:41.249167364Z broker.info[1]: rc1.0: running /etc/flux/rc1.d/02-cron
2023-05-18T20:02:41.290239340Z broker.info[1]: rc1.0: /etc/flux/rc1 Exited (rc=0) 0.3s
2023-05-18T20:02:41.291283309Z broker.info[1]: rc1-success: init->quorum 0.264566s
2023-05-18T20:02:41.681499690Z broker.info[1]: quorum-full: quorum->run 0.389632s
2023-05-18T20:02:52.998381533Z broker.info[1]: shutdown: run->cleanup 11.3158s
2023-05-18T20:02:53.000049337Z broker.info[1]: cleanup-none: cleanup->shutdown 1.07843ms
2023-05-18T20:02:53.001602183Z broker.info[1]: children-none: shutdown->finalize 1.40417ms
2023-05-18T20:02:53.001985515Z 20:02:53.001174 socketpair(AF_UNIX, SOCK_STREAM|SOCK_CLOEXEC, 0, [22, 23]) = 0
2023-05-18T20:02:53.002492710Z 20:02:53.001439 socketpair(AF_UNIX, SOCK_STREAM, 0, [24, 25]) = 0
2023-05-18T20:02:53.002719824Z 20:02:53.001634 socketpair(AF_UNIX, SOCK_STREAM, 0, [26, 28]) = 0
2023-05-18T20:02:53.002914571Z 20:02:53.001833 socketpair(AF_UNIX, SOCK_STREAM, 0, [58, 59]) = 0
2023-05-18T20:02:53.026235097Z broker.info[1]: rc3.0: running /etc/flux/rc3.d/01-sched-fluxion
2023-05-18T20:02:53.209532466Z broker.info[1]: rc3.0: /etc/flux/rc3 Exited (rc=0) 0.2s
2023-05-18T20:02:53.211328725Z broker.info[1]: rc3-success: finalize->goodbye 0.209979s
2023-05-18T20:02:53.213454339Z broker.info[1]: goodbye: goodbye->exit 1.1903ms
2023-05-18T20:02:53.230381779Z 20:02:53.229712 +++ exited with 0 +++
2023-05-18T20:02:53.232654635Z Return value for follower worker is 0
2023-05-18T20:02:53.232735820Z The follower worker exited cleanly. Goodbye!
