2023-05-18T20:25:52.613055305Z
2023-05-18T20:25:52.614693664Z Flux username: flux
2023-05-18T20:25:52.614709249Z
2023-05-18T20:25:52.614715575Z Flux install root: /usr
2023-05-18T20:25:52.661701485Z flux user is already added.
2023-05-18T20:25:52.664798582Z flux user identifiers:
2023-05-18T20:25:52.664829412Z uid=1234(flux) gid=1234(flux) groups=1234(flux)
2023-05-18T20:25:52.665002287Z
2023-05-18T20:25:52.665016094Z As Flux prefix for flux commands: sudo -u flux -E PYTHONPATH=/opt/conda/lib/python3.10/site-packages -E PATH=/opt/conda/bin:/usr/local/sbin:/usr/local/bin:/usr/sbin:/usr/bin:/sbin:/bin -E LD_LIBRARY_PATH=/opt/conda/lib -E HOME=/home/flux
2023-05-18T20:25:52.673564496Z
2023-05-18T20:25:52.673601612Z 👋 Hello, I'm flux-sample-2
2023-05-18T20:25:52.673766216Z The main host is flux-sample-0
2023-05-18T20:25:52.673779407Z The working directory is /home/flux/examples/reaxff/HNS, contents include:
2023-05-18T20:25:52.675601332Z /home/flux/examples/reaxff/HNS:
2023-05-18T20:25:52.675712191Z README.txt	ffield.reax.hns  log.8Mar18.reaxc.hns.g++.1
2023-05-18T20:25:52.675721562Z data.hns-equil	in.reaxc.hns	 log.8Mar18.reaxc.hns.g++.4
2023-05-18T20:25:52.676205689Z End of file listing, if you see nothing above there are no files.
2023-05-18T20:25:52.678673352Z flux R encode --hosts=flux-sample-[0-3]
2023-05-18T20:25:52.693756240Z
2023-05-18T20:25:52.693791391Z 📦 Resources
2023-05-18T20:25:52.695775241Z {"version": 1, "execution": {"R_lite": [{"rank": "0-3", "children": {"core": "0"}}], "starttime": 0.0, "expiration": 0.0, "nodelist": ["flux-sample-[0-3]"]}}
2023-05-18T20:25:52.696076544Z
2023-05-18T20:25:52.696123269Z 🐸 Diagnostics: false
2023-05-18T20:25:52.696377209Z 🚩️ Flux Option Flags defined
2023-05-18T20:25:52.700770758Z
2023-05-18T20:25:52.700793880Z 🦊 Independent Minister of Privilege
2023-05-18T20:25:52.702178749Z [exec]
2023-05-18T20:25:52.702197752Z allowed-users = [ "flux", "root" ]
2023-05-18T20:25:52.702204769Z allowed-shells = [ "/usr/libexec/flux/flux-shell" ]
2023-05-18T20:25:52.702376792Z
2023-05-18T20:25:52.702389958Z 🐸 Broker Configuration
2023-05-18T20:25:52.703634882Z # Flux needs to know the path to the IMP executable
2023-05-18T20:25:52.703651481Z [exec]
2023-05-18T20:25:52.703657309Z imp = "/usr/libexec/flux/flux-imp"
2023-05-18T20:25:52.703661742Z
2023-05-18T20:25:52.703666192Z [access]
2023-05-18T20:25:52.703673757Z allow-guest-user = true
2023-05-18T20:25:52.703679906Z allow-root-owner = true
2023-05-18T20:25:52.703685017Z
2023-05-18T20:25:52.703698829Z # Point to resource definition generated with flux-R(1).
2023-05-18T20:25:52.703704382Z [resource]
2023-05-18T20:25:52.703709922Z path = "/etc/flux/system/R"
2023-05-18T20:25:52.703714546Z
2023-05-18T20:25:52.703721562Z [bootstrap]
2023-05-18T20:25:52.703727553Z curve_cert = "/etc/curve/curve.cert"
2023-05-18T20:25:52.703732386Z default_port = 8050
2023-05-18T20:25:52.703736986Z default_bind = "tcp://eth0:%p"
2023-05-18T20:25:52.703742422Z default_connect = "tcp://%h.flux-service.flux-operator.svc.cluster.local:%p"
2023-05-18T20:25:52.703747032Z hosts = [
2023-05-18T20:25:52.703751624Z 	{ host="flux-sample-[0-3]"},
2023-05-18T20:25:52.703762915Z ]
2023-05-18T20:25:52.703769716Z
2023-05-18T20:25:52.703775948Z [archive]
2023-05-18T20:25:52.703780912Z dbpath = "/var/lib/flux/job-archive.sqlite"
2023-05-18T20:25:52.703785871Z period = "1m"
2023-05-18T20:25:52.793966226Z busytimeout = "50s"
2023-05-18T20:25:52.793992792Z 🧊️ State Directory:
2023-05-18T20:25:52.793998644Z total 0
2023-05-18T20:25:52.794005576Z
2023-05-18T20:25:52.796948610Z
2023-05-18T20:25:52.796980913Z 🔒️ Working directory permissions:
2023-05-18T20:25:52.796987887Z total 96
2023-05-18T20:25:52.796994062Z -rwxrwxrwx 1 flux root  2517 May 17 22:32 README.txt
2023-05-18T20:25:52.796998701Z -rwxrwxrwx 1 flux root 54692 May 17 22:32 data.hns-equil
2023-05-18T20:25:52.797005554Z -rwxrwxrwx 1 flux root 13576 May 17 22:32 ffield.reax.hns
2023-05-18T20:25:52.797011324Z -rwxrwxrwx 1 flux root   870 May 17 22:32 in.reaxc.hns
2023-05-18T20:25:52.797017560Z -rwxrwxrwx 1 flux root  4172 May 17 22:32 log.8Mar18.reaxc.hns.g++.1
2023-05-18T20:25:52.797022776Z -rwxrwxrwx 1 flux root  4168 May 17 22:32 log.8Mar18.reaxc.hns.g++.4
2023-05-18T20:25:52.797147090Z
2023-05-18T20:25:52.797158019Z
2023-05-18T20:25:52.797164384Z ✨ Curve certificate generated by helper pod
2023-05-18T20:25:52.798676705Z #   ****  Generated on 2023-04-26 22:54:42 by CZMQ  ****
2023-05-18T20:25:52.798698657Z #   ZeroMQ CURVE **Secret** Certificate
2023-05-18T20:25:52.798707229Z #   DO NOT PROVIDE THIS FILE TO OTHER USERS nor change its permissions.
2023-05-18T20:25:52.798713223Z
2023-05-18T20:25:52.798726680Z metadata
2023-05-18T20:25:52.798732765Z     name = "flux-cert-generator"
2023-05-18T20:25:52.798737819Z     keygen.hostname = "flux-sample-0"
2023-05-18T20:25:52.798742868Z curve
2023-05-18T20:25:52.798748074Z     public-key = "4X?{yQfw=):sJt)RGd9Db0n)cXiJtxCtZK^44!bO"
2023-05-18T20:25:52.798753835Z     secret-key = "]:2/<!-vliP>:ucMl{MLO8Ao2cRH-AD{utq)y7zp"
2023-05-18T20:25:52.801307962Z
2023-05-18T20:25:52.801333234Z 🌀  flux start --wrap=strace,-e,network,-tt -o --config /etc/flux/config -Scron.directory=/etc/flux/system/cron.d   -Stbon.fanout=256   -Srundir=/run/flux    -Sstatedir=/var/lib/flux   -Slocal-uri=local:///run/flux/local -Stbon.connect_timeout=6s  -Stbon.zmqdebug=1  -Slog-stderr-level=6    -Slog-stderr-mode=local
2023-05-18T20:25:52.843973256Z 20:25:52.843660 socket(AF_NETLINK, SOCK_RAW, NETLINK_ROUTE) = 8
2023-05-18T20:25:52.844008189Z 20:25:52.843819 bind(8, {sa_family=AF_NETLINK, nl_pid=0, nl_groups=00000000}, 12) = 0
2023-05-18T20:25:52.844093714Z 20:25:52.843905 getsockname(8, {sa_family=AF_NETLINK, nl_pid=69, nl_groups=00000000}, [12]) = 0
2023-05-18T20:25:52.844363238Z 20:25:52.843980 sendto(8, {{len=20, type=RTM_GETADDR, flags=NLM_F_REQUEST|NLM_F_DUMP, seq=1684441552, pid=0}, {ifa_family=AF_UNSPEC, ...}}, 20, 0, {sa_family=AF_NETLINK, nl_pid=0, nl_groups=00000000}, 12) = 20
2023-05-18T20:25:52.844653918Z 20:25:52.844246 recvmsg(8, {msg_name={sa_family=AF_NETLINK, nl_pid=0, nl_groups=00000000}, msg_namelen=12, msg_iov=[{iov_base=[{{len=76, type=RTM_NEWADDR, flags=NLM_F_MULTI, seq=1684441552, pid=69}, {ifa_family=AF_INET, ifa_prefixlen=8, ifa_flags=IFA_F_PERMANENT, ifa_scope=RT_SCOPE_HOST, ifa_index=if_nametoindex("lo")}, [{{nla_len=8, nla_type=IFA_ADDRESS}, 127.0.0.1}, {{nla_len=8, nla_type=IFA_LOCAL}, 127.0.0.1}, {{nla_len=7, nla_type=IFA_LABEL}, "lo"}, {{nla_len=8, nla_type=IFA_FLAGS}, IFA_F_PERMANENT}, {{nla_len=20, nla_type=IFA_CACHEINFO}, {ifa_prefered=4294967295, ifa_valid=4294967295, cstamp=2209649, tstamp=2209649}}]}, {{len=88, type=RTM_NEWADDR, flags=NLM_F_MULTI, seq=1684441552, pid=69}, {ifa_family=AF_INET, ifa_prefixlen=24, ifa_flags=IFA_F_PERMANENT, ifa_scope=RT_SCOPE_UNIVERSE, ifa_index=if_nametoindex("eth0")}, [{{nla_len=8, nla_type=IFA_ADDRESS}, 10.24.2.75}, {{nla_len=8, nla_type=IFA_LOCAL}, 10.24.2.75}, {{nla_len=8, nla_type=IFA_BROADCAST}, 10.24.2.255}, {{nla_len=9, nla_type=IFA_LABEL}, "eth0"}, {{nla_len=8, nla_type=IFA_FLAGS}, IFA_F_PERMANENT}, {{nla_len=20, nla_type=IFA_CACHEINFO}, {ifa_prefered=4294967295, ifa_valid=4294967295, cstamp=2209653, tstamp=2209653}}]}], iov_len=4096}], msg_iovlen=1, msg_controllen=0, msg_flags=0}, 0) = 164
2023-05-18T20:25:52.844798872Z 20:25:52.844550 recvmsg(8, {msg_name={sa_family=AF_NETLINK, nl_pid=0, nl_groups=00000000}, msg_namelen=12, msg_iov=[{iov_base={{len=20, type=NLMSG_DONE, flags=NLM_F_MULTI, seq=1684441552, pid=69}, 0}, iov_len=4096}], msg_iovlen=1, msg_controllen=0, msg_flags=0}, 0) = 20
2023-05-18T20:25:52.845397738Z 20:25:52.845266 socket(AF_UNIX, SOCK_STREAM|SOCK_CLOEXEC|SOCK_NONBLOCK, 0) = 8
2023-05-18T20:25:52.845587247Z 20:25:52.845395 connect(8, {sa_family=AF_UNIX, sun_path="/var/run/nscd/socket"}, 110) = -1 ENOENT (No such file or directory)
2023-05-18T20:25:52.845806248Z 20:25:52.845623 socket(AF_UNIX, SOCK_STREAM|SOCK_CLOEXEC|SOCK_NONBLOCK, 0) = 8
2023-05-18T20:25:52.845918953Z 20:25:52.845712 connect(8, {sa_family=AF_UNIX, sun_path="/var/run/nscd/socket"}, 110) = -1 ENOENT (No such file or directory)
2023-05-18T20:25:52.847929307Z 20:25:52.847690 socket(AF_INET, SOCK_DGRAM|SOCK_CLOEXEC|SOCK_NONBLOCK, IPPROTO_IP) = 8
2023-05-18T20:25:52.848224979Z 20:25:52.847948 connect(8, {sa_family=AF_INET, sin_port=htons(53), sin_addr=inet_addr("169.254.169.254")}, 16) = 0
2023-05-18T20:25:52.848775235Z 20:25:52.848326 sendto(8, "H\177\1\0\0\1\0\0\0\0\0\0\rflux-sample-0\fflux-"..., 76, MSG_NOSIGNAL, NULL, 0) = 76
2023-05-18T20:25:52.853275985Z 20:25:52.852940 recvfrom(8, "H\177\201\203\0\1\0\0\0\1\0\0\rflux-sample-0\fflux-"..., 1024, 0, {sa_family=AF_INET, sin_port=htons(53), sin_addr=inet_addr("169.254.169.254")}, [28->16]) = 172
2023-05-18T20:25:52.853376004Z 20:25:52.853178 socket(AF_INET, SOCK_DGRAM|SOCK_CLOEXEC|SOCK_NONBLOCK, IPPROTO_IP) = 8
2023-05-18T20:25:52.853395147Z 20:25:52.853250 connect(8, {sa_family=AF_INET, sin_port=htons(53), sin_addr=inet_addr("169.254.169.254")}, 16) = 0
2023-05-18T20:25:52.853598729Z 20:25:52.853354 sendto(8, "\357O\1\0\0\1\0\0\0\0\0\0\rflux-sample-0\fflux-"..., 108, MSG_NOSIGNAL, NULL, 0) = 108
2023-05-18T20:25:52.857306653Z 20:25:52.857029 recvfrom(8, "\357O\201\203\0\1\0\0\0\1\0\0\rflux-sample-0\fflux-"..., 1024, 0, {sa_family=AF_INET, sin_port=htons(53), sin_addr=inet_addr("169.254.169.254")}, [28->16]) = 204
2023-05-18T20:25:52.857460956Z 20:25:52.857229 socket(AF_INET, SOCK_DGRAM|SOCK_CLOEXEC|SOCK_NONBLOCK, IPPROTO_IP) = 8
2023-05-18T20:25:52.857472293Z 20:25:52.857298 connect(8, {sa_family=AF_INET, sin_port=htons(53), sin_addr=inet_addr("169.254.169.254")}, 16) = 0
2023-05-18T20:25:52.857639110Z 20:25:52.857400 sendto(8, "Cw\1\0\0\1\0\0\0\0\0\0\rflux-sample-0\fflux-"..., 94, MSG_NOSIGNAL, NULL, 0) = 94
2023-05-18T20:25:52.861225649Z 20:25:52.860883 recvfrom(8, "Cw\201\203\0\1\0\0\0\1\0\0\rflux-sample-0\fflux-"..., 1024, 0, {sa_family=AF_INET, sin_port=htons(53), sin_addr=inet_addr("169.254.169.254")}, [28->16]) = 190
2023-05-18T20:25:52.861370824Z 20:25:52.861215 socket(AF_INET, SOCK_DGRAM|SOCK_CLOEXEC|SOCK_NONBLOCK, IPPROTO_IP) = 8
2023-05-18T20:25:52.861514758Z 20:25:52.861315 connect(8, {sa_family=AF_INET, sin_port=htons(53), sin_addr=inet_addr("169.254.169.254")}, 16) = 0
2023-05-18T20:25:52.861794728Z 20:25:52.861425 sendto(8, "#Q\1\0\0\1\0\0\0\0\0\0\rflux-sample-0\fflux-"..., 90, MSG_NOSIGNAL, NULL, 0) = 90
2023-05-18T20:25:52.864899421Z 20:25:52.864610 recvfrom(8, "#Q\201\203\0\1\0\0\0\1\0\0\rflux-sample-0\fflux-"..., 1024, 0, {sa_family=AF_INET, sin_port=htons(53), sin_addr=inet_addr("169.254.169.254")}, [28->16]) = 186
2023-05-18T20:25:52.865157857Z 20:25:52.864955 socket(AF_INET, SOCK_DGRAM|SOCK_CLOEXEC|SOCK_NONBLOCK, IPPROTO_IP) = 8
2023-05-18T20:25:52.865319710Z 20:25:52.865055 connect(8, {sa_family=AF_INET, sin_port=htons(53), sin_addr=inet_addr("169.254.169.254")}, 16) = 0
2023-05-18T20:25:52.865587198Z 20:25:52.865270 sendto(8, "Xj\1\0\0\1\0\0\0\0\0\0\rflux-sample-0\fflux-"..., 111, MSG_NOSIGNAL, NULL, 0) = 111
2023-05-18T20:25:52.871548647Z 20:25:52.871227 recvfrom(8, "Xj\201\203\0\1\0\0\0\1\0\0\rflux-sample-0\fflux-"..., 1024, 0, {sa_family=AF_INET, sin_port=htons(53), sin_addr=inet_addr("169.254.169.254")}, [28->16]) = 205
2023-05-18T20:25:52.871727070Z 20:25:52.871521 socket(AF_INET, SOCK_DGRAM|SOCK_CLOEXEC|SOCK_NONBLOCK, IPPROTO_IP) = 8
2023-05-18T20:25:52.871808023Z 20:25:52.871621 connect(8, {sa_family=AF_INET, sin_port=htons(53), sin_addr=inet_addr("169.254.169.254")}, 16) = 0
2023-05-18T20:25:52.872133610Z 20:25:52.871837 sendto(8, "\267v\1\0\0\1\0\0\0\0\0\0\rflux-sample-0\fflux-"..., 97, MSG_NOSIGNAL, NULL, 0) = 97
2023-05-18T20:25:52.876546155Z 20:25:52.876344 recvfrom(8, "\267v\201\203\0\1\0\0\0\1\0\0\rflux-sample-0\fflux-"..., 1024, 0, {sa_family=AF_INET, sin_port=htons(53), sin_addr=inet_addr("169.254.169.254")}, [28->16]) = 186
2023-05-18T20:25:52.876817156Z 20:25:52.876598 socket(AF_INET, SOCK_DGRAM|SOCK_CLOEXEC|SOCK_NONBLOCK, IPPROTO_IP) = 8
2023-05-18T20:25:52.876948150Z 20:25:52.876754 connect(8, {sa_family=AF_INET, sin_port=htons(53), sin_addr=inet_addr("169.254.169.254")}, 16) = 0
2023-05-18T20:25:52.877264989Z 20:25:52.877022 sendto(8, "\216-\1\0\0\1\0\0\0\0\0\0\rflux-sample-0\fflux-"..., 92, MSG_NOSIGNAL, NULL, 0) = 92
2023-05-18T20:25:52.883131670Z 20:25:52.882822 recvfrom(8, "\216-\201\203\0\1\0\0\0\1\0\0\rflux-sample-0\fflux-"..., 1024, 0, {sa_family=AF_INET, sin_port=htons(53), sin_addr=inet_addr("169.254.169.254")}, [28->16]) = 181
2023-05-18T20:25:52.883447878Z broker.err[2]: Warning: unable to resolve upstream peer flux-sample-0.flux-service.flux-operator.svc.cluster.local: Name or service not known
2023-05-18T20:25:52.889810659Z broker.info[2]: start: none->join 2.34425ms
2023-05-18T20:25:54.328296683Z broker.info[2]: parent-ready: join->init 1.43786s
2023-05-18T20:25:54.328694007Z 20:25:54.327924 socketpair(AF_UNIX, SOCK_STREAM|SOCK_CLOEXEC, 0, [22, 23]) = 0
2023-05-18T20:25:54.328892048Z 20:25:54.328075 socketpair(AF_UNIX, SOCK_STREAM, 0, [24, 25]) = 0
2023-05-18T20:25:54.329273284Z 20:25:54.328290 socketpair(AF_UNIX, SOCK_STREAM, 0, [26, 27]) = 0
2023-05-18T20:25:54.329302917Z 20:25:54.328450 socketpair(AF_UNIX, SOCK_STREAM, 0, [28, 29]) = 0
2023-05-18T20:25:54.355185305Z broker.info[2]: configuration updated
2023-05-18T20:25:54.508376357Z broker.info[2]: rc1.0: running /etc/flux/rc1.d/01-sched-fluxion
2023-05-18T20:25:54.528283609Z broker.info[2]: rc1.0: running /etc/flux/rc1.d/02-cron
2023-05-18T20:25:54.564498375Z broker.info[2]: rc1.0: /etc/flux/rc1 Exited (rc=0) 0.2s
2023-05-18T20:25:54.565396061Z broker.info[2]: rc1-success: init->quorum 0.237289s
2023-05-18T20:25:55.492901669Z broker.info[2]: quorum-full: quorum->run 0.927178s
2023-05-18T20:26:07.038209337Z broker.info[2]: shutdown: run->cleanup 11.5448s
2023-05-18T20:26:07.039524949Z broker.info[2]: cleanup-none: cleanup->shutdown 1.27534ms
2023-05-18T20:26:07.040934470Z broker.info[2]: children-none: shutdown->finalize 1.10349ms
2023-05-18T20:26:07.041534152Z 20:26:07.041224 socketpair(AF_UNIX, SOCK_STREAM|SOCK_CLOEXEC, 0, [22, 23]) = 0
2023-05-18T20:26:07.041841385Z 20:26:07.041391 socketpair(AF_UNIX, SOCK_STREAM, 0, [24, 25]) = 0
2023-05-18T20:26:07.042137898Z 20:26:07.041621 socketpair(AF_UNIX, SOCK_STREAM, 0, [26, 28]) = 0
2023-05-18T20:26:07.042346257Z 20:26:07.041852 socketpair(AF_UNIX, SOCK_STREAM, 0, [58, 59]) = 0
2023-05-18T20:26:07.061162467Z broker.info[2]: rc3.0: running /etc/flux/rc3.d/01-sched-fluxion
2023-05-18T20:26:07.182988508Z broker.info[2]: rc3.0: /etc/flux/rc3 Exited (rc=0) 0.1s
2023-05-18T20:26:07.183598308Z broker.info[2]: rc3-success: finalize->goodbye 0.142261s
2023-05-18T20:26:07.184684833Z broker.info[2]: goodbye: goodbye->exit 1.03717ms
2023-05-18T20:26:07.192031084Z 20:26:07.191876 +++ exited with 0 +++
2023-05-18T20:26:07.193508684Z Return value for follower worker is 0
2023-05-18T20:26:07.193717985Z The follower worker exited cleanly. Goodbye!
