2023-05-18T18:37:59.327740666Z
2023-05-18T18:37:59.327792031Z Flux username: flux
2023-05-18T18:37:59.327798378Z
2023-05-18T18:37:59.327814814Z Flux install root: /usr
2023-05-18T18:37:59.376904867Z flux user is already added.
2023-05-18T18:37:59.381237147Z flux user identifiers:
2023-05-18T18:37:59.381281019Z uid=1234(flux) gid=1234(flux) groups=1234(flux)
2023-05-18T18:37:59.381444535Z
2023-05-18T18:37:59.381464822Z As Flux prefix for flux commands: sudo -u flux -E PYTHONPATH=/opt/conda/lib/python3.10/site-packages -E PATH=/opt/conda/bin:/usr/local/sbin:/usr/local/bin:/usr/sbin:/usr/bin:/sbin:/bin -E LD_LIBRARY_PATH=/opt/conda/lib -E HOME=/home/flux
2023-05-18T18:37:59.392756375Z
2023-05-18T18:37:59.394006308Z 👋 Hello, I'm flux-sample-2
2023-05-18T18:37:59.394029330Z The main host is flux-sample-0
2023-05-18T18:37:59.394036324Z The working directory is /home/flux/examples/reaxff/HNS, contents include:
2023-05-18T18:37:59.395190443Z /home/flux/examples/reaxff/HNS:
2023-05-18T18:37:59.395209605Z README.txt	ffield.reax.hns  log.8Mar18.reaxc.hns.g++.1
2023-05-18T18:37:59.395215405Z data.hns-equil	in.reaxc.hns	 log.8Mar18.reaxc.hns.g++.4
2023-05-18T18:37:59.395428804Z End of file listing, if you see nothing above there are no files.
2023-05-18T18:37:59.400044524Z flux R encode --hosts=flux-sample-[0-3]
2023-05-18T18:37:59.417794197Z
2023-05-18T18:37:59.417863874Z 📦 Resources
2023-05-18T18:37:59.420052338Z {"version": 1, "execution": {"R_lite": [{"rank": "0-3", "children": {"core": "0"}}], "starttime": 0.0, "expiration": 0.0, "nodelist": ["flux-sample-[0-3]"]}}
2023-05-18T18:37:59.420096515Z
2023-05-18T18:37:59.420105948Z 🐸 Diagnostics: false
2023-05-18T18:37:59.420260249Z 🚩️ Flux Option Flags defined
2023-05-18T18:37:59.424596745Z
2023-05-18T18:37:59.424621413Z 🦊 Independent Minister of Privilege
2023-05-18T18:37:59.425882124Z [exec]
2023-05-18T18:37:59.425899310Z allowed-users = [ "flux", "root" ]
2023-05-18T18:37:59.425934188Z allowed-shells = [ "/usr/libexec/flux/flux-shell" ]
2023-05-18T18:37:59.426266847Z
2023-05-18T18:37:59.426285264Z 🐸 Broker Configuration
2023-05-18T18:37:59.427573539Z # Flux needs to know the path to the IMP executable
2023-05-18T18:37:59.427591122Z [exec]
2023-05-18T18:37:59.427599242Z imp = "/usr/libexec/flux/flux-imp"
2023-05-18T18:37:59.427605306Z
2023-05-18T18:37:59.427610647Z [access]
2023-05-18T18:37:59.427616503Z allow-guest-user = true
2023-05-18T18:37:59.427621089Z allow-root-owner = true
2023-05-18T18:37:59.427625773Z
2023-05-18T18:37:59.427630687Z # Point to resource definition generated with flux-R(1).
2023-05-18T18:37:59.427635515Z [resource]
2023-05-18T18:37:59.427644581Z path = "/etc/flux/system/R"
2023-05-18T18:37:59.427649895Z
2023-05-18T18:37:59.427654859Z [bootstrap]
2023-05-18T18:37:59.427660127Z curve_cert = "/etc/curve/curve.cert"
2023-05-18T18:37:59.427665190Z default_port = 8050
2023-05-18T18:37:59.427670262Z default_bind = "tcp://eth0:%p"
2023-05-18T18:37:59.427677244Z default_connect = "tcp://%h.flux-service.flux-operator.svc.cluster.local:%p"
2023-05-18T18:37:59.427692239Z hosts = [
2023-05-18T18:37:59.427698277Z 	{ host="flux-sample-[0-3]"},
2023-05-18T18:37:59.427703447Z ]
2023-05-18T18:37:59.427708244Z
2023-05-18T18:37:59.427712957Z [archive]
2023-05-18T18:37:59.427717789Z dbpath = "/var/lib/flux/job-archive.sqlite"
2023-05-18T18:37:59.427722977Z period = "1m"
2023-05-18T18:37:59.520482941Z busytimeout = "50s"
2023-05-18T18:37:59.520514869Z 🧊️ State Directory:
2023-05-18T18:37:59.520521318Z total 0
2023-05-18T18:37:59.520526106Z
2023-05-18T18:37:59.524410435Z
2023-05-18T18:37:59.524450476Z 🔒️ Working directory permissions:
2023-05-18T18:37:59.524457790Z total 96
2023-05-18T18:37:59.524466502Z -rwxrwxrwx 1 flux root  2517 May 17 22:32 README.txt
2023-05-18T18:37:59.524470374Z -rwxrwxrwx 1 flux root 54692 May 17 22:32 data.hns-equil
2023-05-18T18:37:59.524473835Z -rwxrwxrwx 1 flux root 13576 May 17 22:32 ffield.reax.hns
2023-05-18T18:37:59.524477173Z -rwxrwxrwx 1 flux root   870 May 17 22:32 in.reaxc.hns
2023-05-18T18:37:59.524481121Z -rwxrwxrwx 1 flux root  4172 May 17 22:32 log.8Mar18.reaxc.hns.g++.1
2023-05-18T18:37:59.524484694Z -rwxrwxrwx 1 flux root  4168 May 17 22:32 log.8Mar18.reaxc.hns.g++.4
2023-05-18T18:37:59.524487819Z
2023-05-18T18:37:59.524680742Z
2023-05-18T18:37:59.524698486Z ✨ Curve certificate generated by helper pod
2023-05-18T18:37:59.526353681Z #   ****  Generated on 2023-04-26 22:54:42 by CZMQ  ****
2023-05-18T18:37:59.526375669Z #   ZeroMQ CURVE **Secret** Certificate
2023-05-18T18:37:59.526384277Z #   DO NOT PROVIDE THIS FILE TO OTHER USERS nor change its permissions.
2023-05-18T18:37:59.526390305Z
2023-05-18T18:37:59.526394104Z metadata
2023-05-18T18:37:59.526398035Z     name = "flux-cert-generator"
2023-05-18T18:37:59.526401523Z     keygen.hostname = "flux-sample-0"
2023-05-18T18:37:59.526405028Z curve
2023-05-18T18:37:59.526408454Z     public-key = "AUV]5}+r3k{3F7t2.u@&FsspYy}orIIt]#&u}!*^"
2023-05-18T18:37:59.526411998Z     secret-key = "bCyj{mA(Y)ecx#Q7}h<(0n$rnr(d*ey{0lGWYx#c"
2023-05-18T18:37:59.528612700Z
2023-05-18T18:37:59.528638501Z 🌀  flux start --wrap=strace,-e,network,-tt -o --config /etc/flux/config -Scron.directory=/etc/flux/system/cron.d   -Stbon.fanout=256   -Srundir=/run/flux    -Sstatedir=/var/lib/flux   -Slocal-uri=local:///run/flux/local -Stbon.connect_timeout=4s  -Stbon.zmqdebug=1  -Slog-stderr-level=6    -Slog-stderr-mode=local
2023-05-18T18:37:59.571584928Z 18:37:59.571279 socket(AF_NETLINK, SOCK_RAW, NETLINK_ROUTE) = 8
2023-05-18T18:37:59.571898875Z 18:37:59.571592 bind(8, {sa_family=AF_NETLINK, nl_pid=0, nl_groups=00000000}, 12) = 0
2023-05-18T18:37:59.571915550Z 18:37:59.571758 getsockname(8, {sa_family=AF_NETLINK, nl_pid=70, nl_groups=00000000}, [12]) = 0
2023-05-18T18:37:59.572358220Z 18:37:59.571843 sendto(8, {{len=20, type=RTM_GETADDR, flags=NLM_F_REQUEST|NLM_F_DUMP, seq=1684435079, pid=0}, {ifa_family=AF_UNSPEC, ...}}, 20, 0, {sa_family=AF_NETLINK, nl_pid=0, nl_groups=00000000}, 12) = 20
2023-05-18T18:37:59.572669012Z 18:37:59.572176 recvmsg(8, {msg_name={sa_family=AF_NETLINK, nl_pid=0, nl_groups=00000000}, msg_namelen=12, msg_iov=[{iov_base=[{{len=76, type=RTM_NEWADDR, flags=NLM_F_MULTI, seq=1684435079, pid=70}, {ifa_family=AF_INET, ifa_prefixlen=8, ifa_flags=IFA_F_PERMANENT, ifa_scope=RT_SCOPE_HOST, ifa_index=if_nametoindex("lo")}, [{{nla_len=8, nla_type=IFA_ADDRESS}, 127.0.0.1}, {{nla_len=8, nla_type=IFA_LOCAL}, 127.0.0.1}, {{nla_len=7, nla_type=IFA_LABEL}, "lo"}, {{nla_len=8, nla_type=IFA_FLAGS}, IFA_F_PERMANENT}, {{nla_len=20, nla_type=IFA_CACHEINFO}, {ifa_prefered=4294967295, ifa_valid=4294967295, cstamp=1562505, tstamp=1562505}}]}, {{len=88, type=RTM_NEWADDR, flags=NLM_F_MULTI, seq=1684435079, pid=70}, {ifa_family=AF_INET, ifa_prefixlen=24, ifa_flags=IFA_F_PERMANENT, ifa_scope=RT_SCOPE_UNIVERSE, ifa_index=if_nametoindex("eth0")}, [{{nla_len=8, nla_type=IFA_ADDRESS}, 10.24.0.88}, {{nla_len=8, nla_type=IFA_LOCAL}, 10.24.0.88}, {{nla_len=8, nla_type=IFA_BROADCAST}, 10.24.0.255}, {{nla_len=9, nla_type=IFA_LABEL}, "eth0"}, {{nla_len=8, nla_type=IFA_FLAGS}, IFA_F_PERMANENT}, {{nla_len=20, nla_type=IFA_CACHEINFO}, {ifa_prefered=4294967295, ifa_valid=4294967295, cstamp=1562509, tstamp=1562509}}]}], iov_len=4096}], msg_iovlen=1, msg_controllen=0, msg_flags=0}, 0) = 164
2023-05-18T18:37:59.572796329Z 18:37:59.572601 recvmsg(8, {msg_name={sa_family=AF_NETLINK, nl_pid=0, nl_groups=00000000}, msg_namelen=12, msg_iov=[{iov_base={{len=20, type=NLMSG_DONE, flags=NLM_F_MULTI, seq=1684435079, pid=70}, 0}, iov_len=4096}], msg_iovlen=1, msg_controllen=0, msg_flags=0}, 0) = 20
2023-05-18T18:37:59.573441695Z 18:37:59.573249 socket(AF_UNIX, SOCK_STREAM|SOCK_CLOEXEC|SOCK_NONBLOCK, 0) = 8
2023-05-18T18:37:59.573583257Z 18:37:59.573327 connect(8, {sa_family=AF_UNIX, sun_path="/var/run/nscd/socket"}, 110) = -1 ENOENT (No such file or directory)
2023-05-18T18:37:59.573665051Z 18:37:59.573492 socket(AF_UNIX, SOCK_STREAM|SOCK_CLOEXEC|SOCK_NONBLOCK, 0) = 8
2023-05-18T18:37:59.573772906Z 18:37:59.573603 connect(8, {sa_family=AF_UNIX, sun_path="/var/run/nscd/socket"}, 110) = -1 ENOENT (No such file or directory)
2023-05-18T18:37:59.575415948Z 18:37:59.575247 socket(AF_INET, SOCK_DGRAM|SOCK_CLOEXEC|SOCK_NONBLOCK, IPPROTO_IP) = 8
2023-05-18T18:37:59.575595131Z 18:37:59.575363 connect(8, {sa_family=AF_INET, sin_port=htons(53), sin_addr=inet_addr("169.254.169.254")}, 16) = 0
2023-05-18T18:37:59.576015180Z 18:37:59.575653 sendto(8, "\310\223\1\0\0\1\0\0\0\0\0\0\rflux-sample-0\fflux-"..., 76, MSG_NOSIGNAL, NULL, 0) = 76
2023-05-18T18:37:59.579689022Z 18:37:59.579467 recvfrom(8, "\310\223\201\200\0\1\0\1\0\0\0\0\rflux-sample-0\fflux-"..., 1024, 0, {sa_family=AF_INET, sin_port=htons(53), sin_addr=inet_addr("169.254.169.254")}, [28->16]) = 92
2023-05-18T18:37:59.585645933Z broker.info[2]: start: none->join 2.13241ms
2023-05-18T18:38:03.800899900Z broker.info[2]: parent-ready: join->init 4.20799s
2023-05-18T18:38:03.801034866Z 18:38:03.793867 socketpair(AF_UNIX, SOCK_STREAM|SOCK_CLOEXEC, 0, [22, 23]) = 0
2023-05-18T18:38:03.801048448Z 18:38:03.794014 socketpair(AF_UNIX, SOCK_STREAM, 0, [24, 25]) = 0
2023-05-18T18:38:03.801055960Z 18:38:03.794191 socketpair(AF_UNIX, SOCK_STREAM, 0, [26, 27]) = 0
2023-05-18T18:38:03.801062262Z 18:38:03.794354 socketpair(AF_UNIX, SOCK_STREAM, 0, [28, 29]) = 0
2023-05-18T18:38:03.831527315Z broker.info[2]: configuration updated
2023-05-18T18:38:03.954583212Z broker.info[2]: rc1.0: running /etc/flux/rc1.d/01-sched-fluxion
2023-05-18T18:38:03.976672641Z broker.info[2]: rc1.0: running /etc/flux/rc1.d/02-cron
2023-05-18T18:38:04.006616906Z broker.info[2]: rc1.0: /etc/flux/rc1 Exited (rc=0) 0.2s
2023-05-18T18:38:04.007272091Z broker.info[2]: rc1-success: init->quorum 0.213196s
2023-05-18T18:38:04.560656482Z broker.info[2]: quorum-full: quorum->run 0.552903s
2023-05-18T18:38:18.386641836Z broker.info[2]: shutdown: run->cleanup 13.8258s
2023-05-18T18:38:18.387853505Z broker.info[2]: cleanup-none: cleanup->shutdown 1.10378ms
2023-05-18T18:38:18.388965707Z broker.info[2]: children-none: shutdown->finalize 1.00289ms
2023-05-18T18:38:18.389208144Z 18:38:18.388961 socketpair(AF_UNIX, SOCK_STREAM|SOCK_CLOEXEC, 0, [22, 23]) = 0
2023-05-18T18:38:18.389299754Z 18:38:18.389142 socketpair(AF_UNIX, SOCK_STREAM, 0, [24, 25]) = 0
2023-05-18T18:38:18.389509597Z 18:38:18.389356 socketpair(AF_UNIX, SOCK_STREAM, 0, [26, 28]) = 0
2023-05-18T18:38:18.390000068Z 18:38:18.389674 socketpair(AF_UNIX, SOCK_STREAM, 0, [58, 59]) = 0
2023-05-18T18:38:18.410467510Z broker.info[2]: rc3.0: running /etc/flux/rc3.d/01-sched-fluxion
2023-05-18T18:38:18.541156113Z broker.info[2]: rc3.0: /etc/flux/rc3 Exited (rc=0) 0.1s
2023-05-18T18:38:18.542484107Z broker.info[2]: rc3-success: finalize->goodbye 0.153343s
2023-05-18T18:38:18.544062102Z broker.info[2]: goodbye: goodbye->exit 0.972123ms
2023-05-18T18:38:18.552418159Z 18:38:18.552203 +++ exited with 0 +++
2023-05-18T18:38:18.553998693Z Return value for follower worker is 0
2023-05-18T18:38:18.554209478Z The follower worker exited cleanly. Goodbye!
