2023-05-18T20:56:02.612132493Z
2023-05-18T20:56:02.613053847Z Flux username: flux
2023-05-18T20:56:02.613090261Z
2023-05-18T20:56:02.613128097Z Flux install root: /usr
2023-05-18T20:56:02.661205716Z flux user is already added.
2023-05-18T20:56:02.664721791Z flux user identifiers:
2023-05-18T20:56:02.664752680Z uid=1234(flux) gid=1234(flux) groups=1234(flux)
2023-05-18T20:56:02.664759079Z
2023-05-18T20:56:02.664766020Z As Flux prefix for flux commands: sudo -u flux -E PYTHONPATH=/opt/conda/lib/python3.10/site-packages -E PATH=/opt/conda/bin:/usr/local/sbin:/usr/local/bin:/usr/sbin:/usr/bin:/sbin:/bin -E LD_LIBRARY_PATH=/opt/conda/lib -E HOME=/home/flux
2023-05-18T20:56:02.672341502Z
2023-05-18T20:56:02.672376509Z ðŸ‘‹ Hello, I'm flux-sample-2
2023-05-18T20:56:02.672382868Z The main host is flux-sample-0
2023-05-18T20:56:02.672388755Z The working directory is /home/flux/examples/reaxff/HNS, contents include:
2023-05-18T20:56:02.674036426Z /home/flux/examples/reaxff/HNS:
2023-05-18T20:56:02.674057663Z README.txt	ffield.reax.hns  log.8Mar18.reaxc.hns.g++.1
2023-05-18T20:56:02.674065305Z data.hns-equil	in.reaxc.hns	 log.8Mar18.reaxc.hns.g++.4
2023-05-18T20:56:02.674340514Z End of file listing, if you see nothing above there are no files.
2023-05-18T20:56:02.676542620Z flux R encode --hosts=flux-sample-[0-3]
2023-05-18T20:56:02.694845581Z
2023-05-18T20:56:02.694883930Z ðŸ“¦ Resources
2023-05-18T20:56:02.696293586Z {"version": 1, "execution": {"R_lite": [{"rank": "0-3", "children": {"core": "0"}}], "starttime": 0.0, "expiration": 0.0, "nodelist": ["flux-sample-[0-3]"]}}
2023-05-18T20:56:02.696508956Z
2023-05-18T20:56:02.696524130Z ðŸ¸ Diagnostics: false
2023-05-18T20:56:02.696704932Z ðŸš©ï¸ Flux Option Flags defined
2023-05-18T20:56:02.700400259Z
2023-05-18T20:56:02.700424141Z ðŸ¦Š Independent Minister of Privilege
2023-05-18T20:56:02.701667382Z [exec]
2023-05-18T20:56:02.701685743Z allowed-users = [ "flux", "root" ]
2023-05-18T20:56:02.701692290Z allowed-shells = [ "/usr/libexec/flux/flux-shell" ]
2023-05-18T20:56:02.701866376Z
2023-05-18T20:56:02.701879481Z ðŸ¸ Broker Configuration
2023-05-18T20:56:02.703150725Z # Flux needs to know the path to the IMP executable
2023-05-18T20:56:02.703167250Z [exec]
2023-05-18T20:56:02.703173252Z imp = "/usr/libexec/flux/flux-imp"
2023-05-18T20:56:02.703178058Z
2023-05-18T20:56:02.703183001Z [access]
2023-05-18T20:56:02.703188044Z allow-guest-user = true
2023-05-18T20:56:02.703194007Z allow-root-owner = true
2023-05-18T20:56:02.703200390Z
2023-05-18T20:56:02.703206342Z # Point to resource definition generated with flux-R(1).
2023-05-18T20:56:02.703211232Z [resource]
2023-05-18T20:56:02.703216481Z path = "/etc/flux/system/R"
2023-05-18T20:56:02.703220965Z
2023-05-18T20:56:02.703225554Z [bootstrap]
2023-05-18T20:56:02.703230281Z curve_cert = "/etc/curve/curve.cert"
2023-05-18T20:56:02.703235099Z default_port = 8050
2023-05-18T20:56:02.703242058Z default_bind = "tcp://eth0:%p"
2023-05-18T20:56:02.703248572Z default_connect = "tcp://%h.flux-service.flux-operator.svc.cluster.local:%p"
2023-05-18T20:56:02.703253779Z hosts = [
2023-05-18T20:56:02.703258627Z 	{ host="flux-sample-[0-3]"},
2023-05-18T20:56:02.703262980Z ]
2023-05-18T20:56:02.703267547Z
2023-05-18T20:56:02.703272612Z [archive]
2023-05-18T20:56:02.703277603Z dbpath = "/var/lib/flux/job-archive.sqlite"
2023-05-18T20:56:02.703283921Z period = "1m"
2023-05-18T20:56:02.795644918Z busytimeout = "50s"
2023-05-18T20:56:02.795687611Z ðŸ§Šï¸ State Directory:
2023-05-18T20:56:02.795694400Z total 0
2023-05-18T20:56:02.795699401Z
2023-05-18T20:56:02.800163962Z
2023-05-18T20:56:02.800226270Z ðŸ”’ï¸ Working directory permissions:
2023-05-18T20:56:02.800237568Z total 96
2023-05-18T20:56:02.800244236Z -rwxrwxrwx 1 flux root  2517 May 17 22:32 README.txt
2023-05-18T20:56:02.800249588Z -rwxrwxrwx 1 flux root 54692 May 17 22:32 data.hns-equil
2023-05-18T20:56:02.800404181Z -rwxrwxrwx 1 flux root 13576 May 17 22:32 ffield.reax.hns
2023-05-18T20:56:02.800415444Z -rwxrwxrwx 1 flux root   870 May 17 22:32 in.reaxc.hns
2023-05-18T20:56:02.800421214Z -rwxrwxrwx 1 flux root  4172 May 17 22:32 log.8Mar18.reaxc.hns.g++.1
2023-05-18T20:56:02.800426626Z -rwxrwxrwx 1 flux root  4168 May 17 22:32 log.8Mar18.reaxc.hns.g++.4
2023-05-18T20:56:02.800431830Z
2023-05-18T20:56:02.800436517Z
2023-05-18T20:56:02.800444808Z âœ¨ Curve certificate generated by helper pod
2023-05-18T20:56:02.801899604Z #   ****  Generated on 2023-04-26 22:54:42 by CZMQ  ****
2023-05-18T20:56:02.802643814Z #   ZeroMQ CURVE **Secret** Certificate
2023-05-18T20:56:02.802658935Z #   DO NOT PROVIDE THIS FILE TO OTHER USERS nor change its permissions.
2023-05-18T20:56:02.802666870Z
2023-05-18T20:56:02.802672849Z metadata
2023-05-18T20:56:02.802678039Z     name = "flux-cert-generator"
2023-05-18T20:56:02.802682957Z     keygen.hostname = "flux-sample-0"
2023-05-18T20:56:02.802687736Z curve
2023-05-18T20:56:02.802706279Z     public-key = "u^zhFiUR}LO/70KppBo9@)bq)L$yM>ne!YMYJq(}"
2023-05-18T20:56:02.802711662Z     secret-key = "YQsg5}A4QS8l8DbymLfn@9(!4JRvDuVH8L!!:QtY"
2023-05-18T20:56:02.805138540Z
2023-05-18T20:56:02.805216154Z ðŸŒ€  flux start --wrap=strace,-e,network,-tt -o --config /etc/flux/config -Scron.directory=/etc/flux/system/cron.d   -Stbon.fanout=256   -Srundir=/run/flux    -Sstatedir=/var/lib/flux   -Slocal-uri=local:///run/flux/local   -Stbon.zmqdebug=1  -Slog-stderr-level=6    -Slog-stderr-mode=local
2023-05-18T20:56:02.854338050Z 20:56:02.853827 socket(AF_NETLINK, SOCK_RAW, NETLINK_ROUTE) = 8
2023-05-18T20:56:02.854779690Z 20:56:02.854418 bind(8, {sa_family=AF_NETLINK, nl_pid=0, nl_groups=00000000}, 12) = 0
2023-05-18T20:56:02.855176299Z 20:56:02.854859 getsockname(8, {sa_family=AF_NETLINK, nl_pid=69, nl_groups=00000000}, [12]) = 0
2023-05-18T20:56:02.855733545Z 20:56:02.855243 sendto(8, {{len=20, type=RTM_GETADDR, flags=NLM_F_REQUEST|NLM_F_DUMP, seq=1684443362, pid=0}, {ifa_family=AF_UNSPEC, ...}}, 20, 0, {sa_family=AF_NETLINK, nl_pid=0, nl_groups=00000000}, 12) = 20
2023-05-18T20:56:02.856428051Z 20:56:02.855790 recvmsg(8, {msg_name={sa_family=AF_NETLINK, nl_pid=0, nl_groups=00000000}, msg_namelen=12, msg_iov=[{iov_base=[{{len=76, type=RTM_NEWADDR, flags=NLM_F_MULTI, seq=1684443362, pid=69}, {ifa_family=AF_INET, ifa_prefixlen=8, ifa_flags=IFA_F_PERMANENT, ifa_scope=RT_SCOPE_HOST, ifa_index=if_nametoindex("lo")}, [{{nla_len=8, nla_type=IFA_ADDRESS}, 127.0.0.1}, {{nla_len=8, nla_type=IFA_LOCAL}, 127.0.0.1}, {{nla_len=7, nla_type=IFA_LABEL}, "lo"}, {{nla_len=8, nla_type=IFA_FLAGS}, IFA_F_PERMANENT}, {{nla_len=20, nla_type=IFA_CACHEINFO}, {ifa_prefered=4294967295, ifa_valid=4294967295, cstamp=2390649, tstamp=2390649}}]}, {{len=88, type=RTM_NEWADDR, flags=NLM_F_MULTI, seq=1684443362, pid=69}, {ifa_family=AF_INET, ifa_prefixlen=24, ifa_flags=IFA_F_PERMANENT, ifa_scope=RT_SCOPE_UNIVERSE, ifa_index=if_nametoindex("eth0")}, [{{nla_len=8, nla_type=IFA_ADDRESS}, 10.24.2.163}, {{nla_len=8, nla_type=IFA_LOCAL}, 10.24.2.163}, {{nla_len=8, nla_type=IFA_BROADCAST}, 10.24.2.255}, {{nla_len=9, nla_type=IFA_LABEL}, "eth0"}, {{nla_len=8, nla_type=IFA_FLAGS}, IFA_F_PERMANENT}, {{nla_len=20, nla_type=IFA_CACHEINFO}, {ifa_prefered=4294967295, ifa_valid=4294967295, cstamp=2390651, tstamp=2390651}}]}], iov_len=4096}], msg_iovlen=1, msg_controllen=0, msg_flags=0}, 0) = 164
2023-05-18T20:56:02.856833882Z 20:56:02.856490 recvmsg(8, {msg_name={sa_family=AF_NETLINK, nl_pid=0, nl_groups=00000000}, msg_namelen=12, msg_iov=[{iov_base={{len=20, type=NLMSG_DONE, flags=NLM_F_MULTI, seq=1684443362, pid=69}, 0}, iov_len=4096}], msg_iovlen=1, msg_controllen=0, msg_flags=0}, 0) = 20
2023-05-18T20:56:02.857926311Z 20:56:02.857624 socket(AF_UNIX, SOCK_STREAM|SOCK_CLOEXEC|SOCK_NONBLOCK, 0) = 8
2023-05-18T20:56:02.858290906Z 20:56:02.857988 connect(8, {sa_family=AF_UNIX, sun_path="/var/run/nscd/socket"}, 110) = -1 ENOENT (No such file or directory)
2023-05-18T20:56:02.858659708Z 20:56:02.858412 socket(AF_UNIX, SOCK_STREAM|SOCK_CLOEXEC|SOCK_NONBLOCK, 0) = 8
2023-05-18T20:56:02.859376842Z 20:56:02.858709 connect(8, {sa_family=AF_UNIX, sun_path="/var/run/nscd/socket"}, 110) = -1 ENOENT (No such file or directory)
2023-05-18T20:56:02.861795300Z 20:56:02.861466 socket(AF_INET, SOCK_DGRAM|SOCK_CLOEXEC|SOCK_NONBLOCK, IPPROTO_IP) = 8
2023-05-18T20:56:02.862155897Z 20:56:02.861862 connect(8, {sa_family=AF_INET, sin_port=htons(53), sin_addr=inet_addr("169.254.169.254")}, 16) = 0
2023-05-18T20:56:02.862522344Z 20:56:02.862186 sendto(8, "\22+\1\0\0\1\0\0\0\0\0\0\rflux-sample-0\fflux-"..., 76, MSG_NOSIGNAL, NULL, 0) = 76
2023-05-18T20:56:02.866451056Z 20:56:02.866222 recvfrom(8, "\22+\201\200\0\1\0\1\0\0\0\0\rflux-sample-0\fflux-"..., 1024, 0, {sa_family=AF_INET, sin_port=htons(53), sin_addr=inet_addr("169.254.169.254")}, [28->16]) = 92
2023-05-18T20:56:02.872814571Z broker.info[2]: start: none->join 1.71989ms
2023-05-18T20:56:02.884684348Z broker.info[2]: parent-ready: join->init 11.3952ms
2023-05-18T20:56:02.885003290Z 20:56:02.884759 socketpair(AF_UNIX, SOCK_STREAM|SOCK_CLOEXEC, 0, [22, 23]) = 0
2023-05-18T20:56:02.885151295Z 20:56:02.884914 socketpair(AF_UNIX, SOCK_STREAM, 0, [24, 25]) = 0
2023-05-18T20:56:02.885414859Z 20:56:02.885127 socketpair(AF_UNIX, SOCK_STREAM, 0, [26, 27]) = 0
2023-05-18T20:56:02.885532168Z 20:56:02.885304 socketpair(AF_UNIX, SOCK_STREAM, 0, [28, 29]) = 0
2023-05-18T20:56:02.911587927Z broker.info[2]: configuration updated
2023-05-18T20:56:03.037143122Z broker.info[2]: rc1.0: running /etc/flux/rc1.d/01-sched-fluxion
2023-05-18T20:56:03.048409896Z broker.info[2]: rc1.0: running /etc/flux/rc1.d/02-cron
2023-05-18T20:56:03.076230501Z broker.info[2]: rc1.0: /etc/flux/rc1 Exited (rc=0) 0.2s
2023-05-18T20:56:03.076734004Z broker.info[2]: rc1-success: init->quorum 0.19178s
2023-05-18T20:56:03.292445974Z broker.info[2]: quorum-full: quorum->run 0.215528s
2023-05-18T20:56:14.541569832Z broker.info[2]: shutdown: run->cleanup 11.2486s
2023-05-18T20:56:14.543450454Z broker.info[2]: cleanup-none: cleanup->shutdown 1.12383ms
2023-05-18T20:56:14.545007962Z broker.info[2]: children-none: shutdown->finalize 0.915998ms
2023-05-18T20:56:14.545777484Z 20:56:14.545419 socketpair(AF_UNIX, SOCK_STREAM|SOCK_CLOEXEC, 0, [22, 23]) = 0
2023-05-18T20:56:14.546114333Z 20:56:14.545851 socketpair(AF_UNIX, SOCK_STREAM, 0, [24, 25]) = 0
2023-05-18T20:56:14.546545379Z 20:56:14.546280 socketpair(AF_UNIX, SOCK_STREAM, 0, [26, 28]) = 0
2023-05-18T20:56:14.546883739Z 20:56:14.546692 socketpair(AF_UNIX, SOCK_STREAM, 0, [58, 59]) = 0
2023-05-18T20:56:14.571340643Z broker.info[2]: rc3.0: running /etc/flux/rc3.d/01-sched-fluxion
2023-05-18T20:56:14.726385985Z broker.info[2]: rc3.0: /etc/flux/rc3 Exited (rc=0) 0.2s
2023-05-18T20:56:14.727178023Z broker.info[2]: rc3-success: finalize->goodbye 0.181588s
2023-05-18T20:56:14.728233826Z broker.info[2]: goodbye: goodbye->exit 0.636449ms
2023-05-18T20:56:14.734159726Z 20:56:14.733961 +++ exited with 0 +++
2023-05-18T20:56:14.735945558Z Return value for follower worker is 0
2023-05-18T20:56:14.736261170Z The follower worker exited cleanly. Goodbye!
