2023-05-18T18:21:18.187737222Z
2023-05-18T18:21:18.189311980Z Flux username: flux
2023-05-18T18:21:18.189327053Z
2023-05-18T18:21:18.189333890Z Flux install root: /usr
2023-05-18T18:21:18.233844664Z flux user is already added.
2023-05-18T18:21:18.238573317Z flux user identifiers:
2023-05-18T18:21:18.238608008Z uid=1234(flux) gid=1234(flux) groups=1234(flux)
2023-05-18T18:21:18.238615763Z
2023-05-18T18:21:18.238622561Z As Flux prefix for flux commands: sudo -u flux -E PYTHONPATH=/opt/conda/lib/python3.10/site-packages -E PATH=/opt/conda/bin:/usr/local/sbin:/usr/local/bin:/usr/sbin:/usr/bin:/sbin:/bin -E LD_LIBRARY_PATH=/opt/conda/lib -E HOME=/home/flux
2023-05-18T18:21:18.246923354Z
2023-05-18T18:21:18.246957168Z ðŸ‘‹ Hello, I'm flux-sample-2
2023-05-18T18:21:18.246964972Z The main host is flux-sample-0
2023-05-18T18:21:18.246972646Z The working directory is /home/flux/examples/reaxff/HNS, contents include:
2023-05-18T18:21:18.248355592Z /home/flux/examples/reaxff/HNS:
2023-05-18T18:21:18.248378700Z README.txt	ffield.reax.hns  log.8Mar18.reaxc.hns.g++.1
2023-05-18T18:21:18.248384343Z data.hns-equil	in.reaxc.hns	 log.8Mar18.reaxc.hns.g++.4
2023-05-18T18:21:18.248936196Z End of file listing, if you see nothing above there are no files.
2023-05-18T18:21:18.250936229Z flux R encode --hosts=flux-sample-[0-3]
2023-05-18T18:21:18.264544970Z
2023-05-18T18:21:18.264576835Z ðŸ“¦ Resources
2023-05-18T18:21:18.265947495Z {"version": 1, "execution": {"R_lite": [{"rank": "0-3", "children": {"core": "0"}}], "starttime": 0.0, "expiration": 0.0, "nodelist": ["flux-sample-[0-3]"]}}
2023-05-18T18:21:18.266206719Z
2023-05-18T18:21:18.266224487Z ðŸ¸ Diagnostics: false
2023-05-18T18:21:18.266448814Z ðŸš©ï¸ Flux Option Flags defined
2023-05-18T18:21:18.270158116Z
2023-05-18T18:21:18.270190581Z ðŸ¦Š Independent Minister of Privilege
2023-05-18T18:21:18.271444395Z [exec]
2023-05-18T18:21:18.271464655Z allowed-users = [ "flux", "root" ]
2023-05-18T18:21:18.271491198Z allowed-shells = [ "/usr/libexec/flux/flux-shell" ]
2023-05-18T18:21:18.271657042Z
2023-05-18T18:21:18.271670322Z ðŸ¸ Broker Configuration
2023-05-18T18:21:18.272909242Z # Flux needs to know the path to the IMP executable
2023-05-18T18:21:18.272926790Z [exec]
2023-05-18T18:21:18.272932823Z imp = "/usr/libexec/flux/flux-imp"
2023-05-18T18:21:18.272937403Z
2023-05-18T18:21:18.272951404Z [access]
2023-05-18T18:21:18.272959929Z allow-guest-user = true
2023-05-18T18:21:18.272966611Z allow-root-owner = true
2023-05-18T18:21:18.272971358Z
2023-05-18T18:21:18.272976572Z # Point to resource definition generated with flux-R(1).
2023-05-18T18:21:18.272981153Z [resource]
2023-05-18T18:21:18.272986482Z path = "/etc/flux/system/R"
2023-05-18T18:21:18.272990979Z
2023-05-18T18:21:18.272996043Z [bootstrap]
2023-05-18T18:21:18.273002908Z curve_cert = "/etc/curve/curve.cert"
2023-05-18T18:21:18.273008792Z default_port = 8050
2023-05-18T18:21:18.273013564Z default_bind = "tcp://eth0:%p"
2023-05-18T18:21:18.273018971Z default_connect = "tcp://%h.flux-service.flux-operator.svc.cluster.local:%p"
2023-05-18T18:21:18.273023629Z hosts = [
2023-05-18T18:21:18.273028102Z 	{ host="flux-sample-[0-3]"},
2023-05-18T18:21:18.273032768Z ]
2023-05-18T18:21:18.273037187Z
2023-05-18T18:21:18.273044342Z [archive]
2023-05-18T18:21:18.273050123Z dbpath = "/var/lib/flux/job-archive.sqlite"
2023-05-18T18:21:18.273055347Z period = "1m"
2023-05-18T18:21:18.356202297Z busytimeout = "50s"
2023-05-18T18:21:18.356238559Z ðŸ§Šï¸ State Directory:
2023-05-18T18:21:18.356244547Z total 0
2023-05-18T18:21:18.356249698Z
2023-05-18T18:21:18.359603682Z
2023-05-18T18:21:18.359633569Z ðŸ”’ï¸ Working directory permissions:
2023-05-18T18:21:18.359641620Z total 96
2023-05-18T18:21:18.359648249Z -rwxrwxrwx 1 flux root  2517 May 17 22:32 README.txt
2023-05-18T18:21:18.359653019Z -rwxrwxrwx 1 flux root 54692 May 17 22:32 data.hns-equil
2023-05-18T18:21:18.359657922Z -rwxrwxrwx 1 flux root 13576 May 17 22:32 ffield.reax.hns
2023-05-18T18:21:18.359667693Z -rwxrwxrwx 1 flux root   870 May 17 22:32 in.reaxc.hns
2023-05-18T18:21:18.359673499Z -rwxrwxrwx 1 flux root  4172 May 17 22:32 log.8Mar18.reaxc.hns.g++.1
2023-05-18T18:21:18.359678542Z -rwxrwxrwx 1 flux root  4168 May 17 22:32 log.8Mar18.reaxc.hns.g++.4
2023-05-18T18:21:18.359682967Z
2023-05-18T18:21:18.359689480Z
2023-05-18T18:21:18.359695802Z âœ¨ Curve certificate generated by helper pod
2023-05-18T18:21:18.360967771Z #   ****  Generated on 2023-04-26 22:54:42 by CZMQ  ****
2023-05-18T18:21:18.360986775Z #   ZeroMQ CURVE **Secret** Certificate
2023-05-18T18:21:18.361004018Z #   DO NOT PROVIDE THIS FILE TO OTHER USERS nor change its permissions.
2023-05-18T18:21:18.361011883Z
2023-05-18T18:21:18.361017138Z metadata
2023-05-18T18:21:18.361022547Z     name = "flux-cert-generator"
2023-05-18T18:21:18.361027435Z     keygen.hostname = "flux-sample-0"
2023-05-18T18:21:18.361032121Z curve
2023-05-18T18:21:18.361037125Z     public-key = "k}.7HSeuSsdSZ07!K><z8E9nPR1*k$jGYeyj%NpK"
2023-05-18T18:21:18.361042044Z     secret-key = "3[:$Y1my$6.PyT1(!+qDm.72Mc:(&Yp[w6KNA4<F"
2023-05-18T18:21:18.363168881Z
2023-05-18T18:21:18.363196316Z ðŸŒ€  flux start --wrap=strace,-e,network,-tt -o --config /etc/flux/config -Scron.directory=/etc/flux/system/cron.d   -Stbon.fanout=256   -Srundir=/run/flux    -Sstatedir=/var/lib/flux   -Slocal-uri=local:///run/flux/local -Stbon.connect_timeout=2s  -Stbon.zmqdebug=1  -Slog-stderr-level=6    -Slog-stderr-mode=local
2023-05-18T18:21:18.409260569Z 18:21:18.408918 socket(AF_NETLINK, SOCK_RAW, NETLINK_ROUTE) = 8
2023-05-18T18:21:18.409302143Z 18:21:18.409069 bind(8, {sa_family=AF_NETLINK, nl_pid=0, nl_groups=00000000}, 12) = 0
2023-05-18T18:21:18.409426256Z 18:21:18.409179 getsockname(8, {sa_family=AF_NETLINK, nl_pid=70, nl_groups=00000000}, [12]) = 0
2023-05-18T18:21:18.409703649Z 18:21:18.409269 sendto(8, {{len=20, type=RTM_GETADDR, flags=NLM_F_REQUEST|NLM_F_DUMP, seq=1684434078, pid=0}, {ifa_family=AF_UNSPEC, ...}}, 20, 0, {sa_family=AF_NETLINK, nl_pid=0, nl_groups=00000000}, 12) = 20
2023-05-18T18:21:18.409988730Z 18:21:18.409519 recvmsg(8, {msg_name={sa_family=AF_NETLINK, nl_pid=0, nl_groups=00000000}, msg_namelen=12, msg_iov=[{iov_base=[{{len=76, type=RTM_NEWADDR, flags=NLM_F_MULTI, seq=1684434078, pid=70}, {ifa_family=AF_INET, ifa_prefixlen=8, ifa_flags=IFA_F_PERMANENT, ifa_scope=RT_SCOPE_HOST, ifa_index=if_nametoindex("lo")}, [{{nla_len=8, nla_type=IFA_ADDRESS}, 127.0.0.1}, {{nla_len=8, nla_type=IFA_LOCAL}, 127.0.0.1}, {{nla_len=7, nla_type=IFA_LABEL}, "lo"}, {{nla_len=8, nla_type=IFA_FLAGS}, IFA_F_PERMANENT}, {{nla_len=20, nla_type=IFA_CACHEINFO}, {ifa_prefered=4294967295, ifa_valid=4294967295, cstamp=1462209, tstamp=1462209}}]}, {{len=88, type=RTM_NEWADDR, flags=NLM_F_MULTI, seq=1684434078, pid=70}, {ifa_family=AF_INET, ifa_prefixlen=24, ifa_flags=IFA_F_PERMANENT, ifa_scope=RT_SCOPE_UNIVERSE, ifa_index=if_nametoindex("eth0")}, [{{nla_len=8, nla_type=IFA_ADDRESS}, 10.24.2.40}, {{nla_len=8, nla_type=IFA_LOCAL}, 10.24.2.40}, {{nla_len=8, nla_type=IFA_BROADCAST}, 10.24.2.255}, {{nla_len=9, nla_type=IFA_LABEL}, "eth0"}, {{nla_len=8, nla_type=IFA_FLAGS}, IFA_F_PERMANENT}, {{nla_len=20, nla_type=IFA_CACHEINFO}, {ifa_prefered=4294967295, ifa_valid=4294967295, cstamp=1462211, tstamp=1462211}}]}], iov_len=4096}], msg_iovlen=1, msg_controllen=0, msg_flags=0}, 0) = 164
2023-05-18T18:21:18.410147340Z 18:21:18.409841 recvmsg(8, {msg_name={sa_family=AF_NETLINK, nl_pid=0, nl_groups=00000000}, msg_namelen=12, msg_iov=[{iov_base={{len=20, type=NLMSG_DONE, flags=NLM_F_MULTI, seq=1684434078, pid=70}, 0}, iov_len=4096}], msg_iovlen=1, msg_controllen=0, msg_flags=0}, 0) = 20
2023-05-18T18:21:18.410713181Z 18:21:18.410542 socket(AF_UNIX, SOCK_STREAM|SOCK_CLOEXEC|SOCK_NONBLOCK, 0) = 8
2023-05-18T18:21:18.410841850Z 18:21:18.410615 connect(8, {sa_family=AF_UNIX, sun_path="/var/run/nscd/socket"}, 110) = -1 ENOENT (No such file or directory)
2023-05-18T18:21:18.410952834Z 18:21:18.410785 socket(AF_UNIX, SOCK_STREAM|SOCK_CLOEXEC|SOCK_NONBLOCK, 0) = 8
2023-05-18T18:21:18.411073394Z 18:21:18.410887 connect(8, {sa_family=AF_UNIX, sun_path="/var/run/nscd/socket"}, 110) = -1 ENOENT (No such file or directory)
2023-05-18T18:21:18.413030792Z 18:21:18.412886 socket(AF_INET, SOCK_DGRAM|SOCK_CLOEXEC|SOCK_NONBLOCK, IPPROTO_IP) = 8
2023-05-18T18:21:18.413246218Z 18:21:18.413005 connect(8, {sa_family=AF_INET, sin_port=htons(53), sin_addr=inet_addr("169.254.169.254")}, 16) = 0
2023-05-18T18:21:18.413640802Z 18:21:18.413303 sendto(8, "\233\267\1\0\0\1\0\0\0\0\0\0\rflux-sample-0\fflux-"..., 76, MSG_NOSIGNAL, NULL, 0) = 76
2023-05-18T18:21:18.418256611Z 18:21:18.417942 recvfrom(8, "\233\267\201\200\0\1\0\1\0\0\0\0\rflux-sample-0\fflux-"..., 1024, 0, {sa_family=AF_INET, sin_port=htons(53), sin_addr=inet_addr("169.254.169.254")}, [28->16]) = 92
2023-05-18T18:21:18.423473893Z broker.info[2]: start: none->join 1.75953ms
2023-05-18T18:21:20.630795607Z broker.info[2]: parent-ready: join->init 2.20677s
2023-05-18T18:21:20.631008156Z 18:21:20.630639 socketpair(AF_UNIX, SOCK_STREAM|SOCK_CLOEXEC, 0, [22, 23]) = 0
2023-05-18T18:21:20.631636177Z 18:21:20.630907 socketpair(AF_UNIX, SOCK_STREAM, 0, [24, 25]) = 0
2023-05-18T18:21:20.631852743Z 18:21:20.631617 socketpair(AF_UNIX, SOCK_STREAM, 0, [26, 27]) = 0
2023-05-18T18:21:20.631959598Z 18:21:20.631824 socketpair(AF_UNIX, SOCK_STREAM, 0, [28, 29]) = 0
2023-05-18T18:21:20.661380272Z broker.info[2]: configuration updated
2023-05-18T18:21:20.774161575Z broker.info[2]: rc1.0: running /etc/flux/rc1.d/01-sched-fluxion
2023-05-18T18:21:20.786921203Z broker.info[2]: rc1.0: running /etc/flux/rc1.d/02-cron
2023-05-18T18:21:20.823302736Z broker.info[2]: rc1.0: /etc/flux/rc1 Exited (rc=0) 0.2s
2023-05-18T18:21:20.824174627Z broker.info[2]: rc1-success: init->quorum 0.193319s
2023-05-18T18:21:21.040952756Z broker.info[2]: quorum-full: quorum->run 0.216598s
2023-05-18T18:21:31.727177441Z broker.info[2]: shutdown: run->cleanup 10.686s
2023-05-18T18:21:31.728595871Z broker.info[2]: cleanup-none: cleanup->shutdown 1.08138ms
2023-05-18T18:21:31.729794988Z broker.info[2]: children-none: shutdown->finalize 0.885195ms
2023-05-18T18:21:31.730387362Z 18:21:31.729982 socketpair(AF_UNIX, SOCK_STREAM|SOCK_CLOEXEC, 0, [22, 23]) = 0
2023-05-18T18:21:31.730463392Z 18:21:31.730221 socketpair(AF_UNIX, SOCK_STREAM, 0, [24, 25]) = 0
2023-05-18T18:21:31.730644905Z 18:21:31.730443 socketpair(AF_UNIX, SOCK_STREAM, 0, [26, 28]) = 0
2023-05-18T18:21:31.730834465Z 18:21:31.730677 socketpair(AF_UNIX, SOCK_STREAM, 0, [58, 59]) = 0
2023-05-18T18:21:31.753931662Z broker.info[2]: rc3.0: running /etc/flux/rc3.d/01-sched-fluxion
2023-05-18T18:21:31.873996422Z broker.info[2]: rc3.0: /etc/flux/rc3 Exited (rc=0) 0.1s
2023-05-18T18:21:31.875236815Z broker.info[2]: rc3-success: finalize->goodbye 0.14508s
2023-05-18T18:21:31.876758858Z broker.info[2]: goodbye: goodbye->exit 1.02509ms
2023-05-18T18:21:31.885457147Z 18:21:31.885287 +++ exited with 0 +++
2023-05-18T18:21:31.886809590Z Return value for follower worker is 0
2023-05-18T18:21:31.886836688Z The follower worker exited cleanly. Goodbye!
