2023-05-18T19:33:54.767765929Z
2023-05-18T19:33:54.768947095Z Flux username: flux
2023-05-18T19:33:54.768964168Z
2023-05-18T19:33:54.768970231Z Flux install root: /usr
2023-05-18T19:33:54.815945994Z flux user is already added.
2023-05-18T19:33:54.819122928Z flux user identifiers:
2023-05-18T19:33:54.819155577Z uid=1234(flux) gid=1234(flux) groups=1234(flux)
2023-05-18T19:33:54.819160920Z
2023-05-18T19:33:54.819168151Z As Flux prefix for flux commands: sudo -u flux -E PYTHONPATH=/opt/conda/lib/python3.10/site-packages -E PATH=/opt/conda/bin:/usr/local/sbin:/usr/local/bin:/usr/sbin:/usr/bin:/sbin:/bin -E LD_LIBRARY_PATH=/opt/conda/lib -E HOME=/home/flux
2023-05-18T19:33:54.826786341Z
2023-05-18T19:33:54.826832221Z ðŸ‘‹ Hello, I'm flux-sample-2
2023-05-18T19:33:54.827001517Z The main host is flux-sample-0
2023-05-18T19:33:54.827014716Z The working directory is /home/flux/examples/reaxff/HNS, contents include:
2023-05-18T19:33:54.829024843Z /home/flux/examples/reaxff/HNS:
2023-05-18T19:33:54.829211785Z README.txt	ffield.reax.hns  log.8Mar18.reaxc.hns.g++.1
2023-05-18T19:33:54.829224163Z data.hns-equil	in.reaxc.hns	 log.8Mar18.reaxc.hns.g++.4
2023-05-18T19:33:54.829339183Z End of file listing, if you see nothing above there are no files.
2023-05-18T19:33:54.831458717Z flux R encode --hosts=flux-sample-[0-3]
2023-05-18T19:33:54.846695869Z
2023-05-18T19:33:54.846737391Z ðŸ“¦ Resources
2023-05-18T19:33:54.848737088Z {"version": 1, "execution": {"R_lite": [{"rank": "0-3", "children": {"core": "0"}}], "starttime": 0.0, "expiration": 0.0, "nodelist": ["flux-sample-[0-3]"]}}
2023-05-18T19:33:54.849120012Z
2023-05-18T19:33:54.849140409Z ðŸ¸ Diagnostics: false
2023-05-18T19:33:54.849450811Z ðŸš©ï¸ Flux Option Flags defined
2023-05-18T19:33:54.853878921Z
2023-05-18T19:33:54.853901472Z ðŸ¦Š Independent Minister of Privilege
2023-05-18T19:33:54.855261328Z [exec]
2023-05-18T19:33:54.855279248Z allowed-users = [ "flux", "root" ]
2023-05-18T19:33:54.855286162Z allowed-shells = [ "/usr/libexec/flux/flux-shell" ]
2023-05-18T19:33:54.855484779Z
2023-05-18T19:33:54.855500235Z ðŸ¸ Broker Configuration
2023-05-18T19:33:54.856901185Z # Flux needs to know the path to the IMP executable
2023-05-18T19:33:54.856919173Z [exec]
2023-05-18T19:33:54.856931922Z imp = "/usr/libexec/flux/flux-imp"
2023-05-18T19:33:54.856937562Z
2023-05-18T19:33:54.856942466Z [access]
2023-05-18T19:33:54.856948114Z allow-guest-user = true
2023-05-18T19:33:54.856953224Z allow-root-owner = true
2023-05-18T19:33:54.856957694Z
2023-05-18T19:33:54.856962642Z # Point to resource definition generated with flux-R(1).
2023-05-18T19:33:54.856970733Z [resource]
2023-05-18T19:33:54.856978269Z path = "/etc/flux/system/R"
2023-05-18T19:33:54.856983098Z
2023-05-18T19:33:54.856987899Z [bootstrap]
2023-05-18T19:33:54.856993281Z curve_cert = "/etc/curve/curve.cert"
2023-05-18T19:33:54.856998136Z default_port = 8050
2023-05-18T19:33:54.857003340Z default_bind = "tcp://eth0:%p"
2023-05-18T19:33:54.857009274Z default_connect = "tcp://%h.flux-service.flux-operator.svc.cluster.local:%p"
2023-05-18T19:33:54.857016454Z hosts = [
2023-05-18T19:33:54.857022241Z 	{ host="flux-sample-[0-3]"},
2023-05-18T19:33:54.857027298Z ]
2023-05-18T19:33:54.857031722Z
2023-05-18T19:33:54.857036247Z [archive]
2023-05-18T19:33:54.857041300Z dbpath = "/var/lib/flux/job-archive.sqlite"
2023-05-18T19:33:54.857045949Z period = "1m"
2023-05-18T19:33:54.942929993Z busytimeout = "50s"
2023-05-18T19:33:54.942966201Z ðŸ§Šï¸ State Directory:
2023-05-18T19:33:54.942972608Z total 0
2023-05-18T19:33:54.942977441Z
2023-05-18T19:33:54.946315295Z
2023-05-18T19:33:54.946350194Z ðŸ”’ï¸ Working directory permissions:
2023-05-18T19:33:54.946366197Z total 96
2023-05-18T19:33:54.946372133Z -rwxrwxrwx 1 flux root  2517 May 17 22:32 README.txt
2023-05-18T19:33:54.946379405Z -rwxrwxrwx 1 flux root 54692 May 17 22:32 data.hns-equil
2023-05-18T19:33:54.946386250Z -rwxrwxrwx 1 flux root 13576 May 17 22:32 ffield.reax.hns
2023-05-18T19:33:54.946391635Z -rwxrwxrwx 1 flux root   870 May 17 22:32 in.reaxc.hns
2023-05-18T19:33:54.946397825Z -rwxrwxrwx 1 flux root  4172 May 17 22:32 log.8Mar18.reaxc.hns.g++.1
2023-05-18T19:33:54.946403305Z -rwxrwxrwx 1 flux root  4168 May 17 22:32 log.8Mar18.reaxc.hns.g++.4
2023-05-18T19:33:54.946408425Z
2023-05-18T19:33:54.946589170Z
2023-05-18T19:33:54.946605408Z âœ¨ Curve certificate generated by helper pod
2023-05-18T19:33:54.948518406Z #   ****  Generated on 2023-04-26 22:54:42 by CZMQ  ****
2023-05-18T19:33:54.948589858Z #   ZeroMQ CURVE **Secret** Certificate
2023-05-18T19:33:54.948600822Z #   DO NOT PROVIDE THIS FILE TO OTHER USERS nor change its permissions.
2023-05-18T19:33:54.948606192Z
2023-05-18T19:33:54.948611264Z metadata
2023-05-18T19:33:54.948617077Z     name = "flux-cert-generator"
2023-05-18T19:33:54.948622194Z     keygen.hostname = "flux-sample-0"
2023-05-18T19:33:54.948627035Z curve
2023-05-18T19:33:54.948631758Z     public-key = "vG#@*+YQ>yKfCjQhq:3]j1cb:OMk*Gg!a]kCeuuL"
2023-05-18T19:33:54.948663044Z     secret-key = "DrQ#<do(VMZO@GNOj*K3)=6Ugfs2W.{<zRl]R&=:"
2023-05-18T19:33:54.951191170Z
2023-05-18T19:33:54.951245071Z ðŸŒ€  flux start --wrap=strace,-e,network,-tt -o --config /etc/flux/config -Scron.directory=/etc/flux/system/cron.d   -Stbon.fanout=256   -Srundir=/run/flux    -Sstatedir=/var/lib/flux   -Slocal-uri=local:///run/flux/local   -Stbon.zmqdebug=1  -Slog-stderr-level=6    -Slog-stderr-mode=local
2023-05-18T19:33:54.996307316Z 19:33:54.995754 socket(AF_NETLINK, SOCK_RAW, NETLINK_ROUTE) = 8
2023-05-18T19:33:54.996372102Z 19:33:54.995993 bind(8, {sa_family=AF_NETLINK, nl_pid=0, nl_groups=00000000}, 12) = 0
2023-05-18T19:33:54.996379952Z 19:33:54.996139 getsockname(8, {sa_family=AF_NETLINK, nl_pid=70, nl_groups=00000000}, [12]) = 0
2023-05-18T19:33:54.997026154Z 19:33:54.996260 sendto(8, {{len=20, type=RTM_GETADDR, flags=NLM_F_REQUEST|NLM_F_DUMP, seq=1684438434, pid=0}, {ifa_family=AF_UNSPEC, ...}}, 20, 0, {sa_family=AF_NETLINK, nl_pid=0, nl_groups=00000000}, 12) = 20
2023-05-18T19:33:54.997075518Z 19:33:54.996587 recvmsg(8, {msg_name={sa_family=AF_NETLINK, nl_pid=0, nl_groups=00000000}, msg_namelen=12, msg_iov=[{iov_base=[{{len=76, type=RTM_NEWADDR, flags=NLM_F_MULTI, seq=1684438434, pid=70}, {ifa_family=AF_INET, ifa_prefixlen=8, ifa_flags=IFA_F_PERMANENT, ifa_scope=RT_SCOPE_HOST, ifa_index=if_nametoindex("lo")}, [{{nla_len=8, nla_type=IFA_ADDRESS}, 127.0.0.1}, {{nla_len=8, nla_type=IFA_LOCAL}, 127.0.0.1}, {{nla_len=7, nla_type=IFA_LABEL}, "lo"}, {{nla_len=8, nla_type=IFA_FLAGS}, IFA_F_PERMANENT}, {{nla_len=20, nla_type=IFA_CACHEINFO}, {ifa_prefered=4294967295, ifa_valid=4294967295, cstamp=1898047, tstamp=1898047}}]}, {{len=88, type=RTM_NEWADDR, flags=NLM_F_MULTI, seq=1684438434, pid=70}, {ifa_family=AF_INET, ifa_prefixlen=24, ifa_flags=IFA_F_PERMANENT, ifa_scope=RT_SCOPE_UNIVERSE, ifa_index=if_nametoindex("eth0")}, [{{nla_len=8, nla_type=IFA_ADDRESS}, 10.24.0.211}, {{nla_len=8, nla_type=IFA_LOCAL}, 10.24.0.211}, {{nla_len=8, nla_type=IFA_BROADCAST}, 10.24.0.255}, {{nla_len=9, nla_type=IFA_LABEL}, "eth0"}, {{nla_len=8, nla_type=IFA_FLAGS}, IFA_F_PERMANENT}, {{nla_len=20, nla_type=IFA_CACHEINFO}, {ifa_prefered=4294967295, ifa_valid=4294967295, cstamp=1898049, tstamp=1898049}}]}], iov_len=4096}], msg_iovlen=1, msg_controllen=0, msg_flags=0}, 0) = 164
2023-05-18T19:33:54.997176172Z 19:33:54.996982 recvmsg(8, {msg_name={sa_family=AF_NETLINK, nl_pid=0, nl_groups=00000000}, msg_namelen=12, msg_iov=[{iov_base={{len=20, type=NLMSG_DONE, flags=NLM_F_MULTI, seq=1684438434, pid=70}, 0}, iov_len=4096}], msg_iovlen=1, msg_controllen=0, msg_flags=0}, 0) = 20
2023-05-18T19:33:54.998307313Z 19:33:54.997621 socket(AF_UNIX, SOCK_STREAM|SOCK_CLOEXEC|SOCK_NONBLOCK, 0) = 8
2023-05-18T19:33:54.998329916Z 19:33:54.997738 connect(8, {sa_family=AF_UNIX, sun_path="/var/run/nscd/socket"}, 110) = -1 ENOENT (No such file or directory)
2023-05-18T19:33:54.998337374Z 19:33:54.997908 socket(AF_UNIX, SOCK_STREAM|SOCK_CLOEXEC|SOCK_NONBLOCK, 0) = 8
2023-05-18T19:33:54.998353061Z 19:33:54.998023 connect(8, {sa_family=AF_UNIX, sun_path="/var/run/nscd/socket"}, 110) = -1 ENOENT (No such file or directory)
2023-05-18T19:33:55.000020147Z 19:33:54.999575 socket(AF_INET, SOCK_DGRAM|SOCK_CLOEXEC|SOCK_NONBLOCK, IPPROTO_IP) = 8
2023-05-18T19:33:55.000042468Z 19:33:54.999702 connect(8, {sa_family=AF_INET, sin_port=htons(53), sin_addr=inet_addr("169.254.169.254")}, 16) = 0
2023-05-18T19:33:55.000661482Z 19:33:54.999869 sendto(8, "\24\346\1\0\0\1\0\0\0\0\0\0\rflux-sample-0\fflux-"..., 76, MSG_NOSIGNAL, NULL, 0) = 76
2023-05-18T19:33:55.003751880Z 19:33:55.003415 recvfrom(8, "\24\346\201\200\0\1\0\1\0\0\0\0\rflux-sample-0\fflux-"..., 1024, 0, {sa_family=AF_INET, sin_port=htons(53), sin_addr=inet_addr("169.254.169.254")}, [28->16]) = 92
2023-05-18T19:33:55.009772256Z broker.info[2]: start: none->join 2.5933ms
2023-05-18T19:33:55.028699164Z broker.info[2]: parent-ready: join->init 18.7534ms
2023-05-18T19:33:55.029111826Z 19:33:55.028729 socketpair(AF_UNIX, SOCK_STREAM|SOCK_CLOEXEC, 0, [22, 23]) = 0
2023-05-18T19:33:55.029955191Z 19:33:55.029738 socketpair(AF_UNIX, SOCK_STREAM, 0, [24, 25]) = 0
2023-05-18T19:33:55.030357219Z 19:33:55.030139 socketpair(AF_UNIX, SOCK_STREAM, 0, [26, 27]) = 0
2023-05-18T19:33:55.030706083Z 19:33:55.030510 socketpair(AF_UNIX, SOCK_STREAM, 0, [28, 29]) = 0
2023-05-18T19:33:55.060000362Z broker.info[2]: configuration updated
2023-05-18T19:33:55.191900657Z broker.info[2]: rc1.0: running /etc/flux/rc1.d/01-sched-fluxion
2023-05-18T19:33:55.206030583Z broker.info[2]: rc1.0: running /etc/flux/rc1.d/02-cron
2023-05-18T19:33:55.234445852Z broker.info[2]: rc1.0: /etc/flux/rc1 Exited (rc=0) 0.2s
2023-05-18T19:33:55.235719882Z broker.info[2]: rc1-success: init->quorum 0.206739s
2023-05-18T19:34:24.057846107Z broker.info[2]: quorum-full: quorum->run 28.8215s
2023-05-18T19:34:38.402205710Z broker.info[2]: shutdown: run->cleanup 14.344s
2023-05-18T19:34:38.403889871Z broker.info[2]: cleanup-none: cleanup->shutdown 1.59471ms
2023-05-18T19:34:38.405614412Z broker.info[2]: children-none: shutdown->finalize 0.924413ms
2023-05-18T19:34:38.405665126Z 19:34:38.405027 socketpair(AF_UNIX, SOCK_STREAM|SOCK_CLOEXEC, 0, [22, 23]) = 0
2023-05-18T19:34:38.405673990Z 19:34:38.405251 socketpair(AF_UNIX, SOCK_STREAM, 0, [24, 25]) = 0
2023-05-18T19:34:38.405697236Z 19:34:38.405495 socketpair(AF_UNIX, SOCK_STREAM, 0, [26, 28]) = 0
2023-05-18T19:34:38.406113057Z 19:34:38.405862 socketpair(AF_UNIX, SOCK_STREAM, 0, [58, 59]) = 0
2023-05-18T19:34:38.427075652Z broker.info[2]: rc3.0: running /etc/flux/rc3.d/01-sched-fluxion
2023-05-18T19:34:38.560211075Z broker.info[2]: rc3.0: /etc/flux/rc3 Exited (rc=0) 0.1s
2023-05-18T19:34:38.560694604Z broker.info[2]: rc3-success: finalize->goodbye 0.15547s
2023-05-18T19:34:38.561740624Z broker.info[2]: goodbye: goodbye->exit 0.676536ms
2023-05-18T19:34:38.576443564Z 19:34:38.576202 +++ exited with 0 +++
2023-05-18T19:34:38.578178734Z Return value for follower worker is 0
2023-05-18T19:34:38.578253057Z The follower worker exited cleanly. Goodbye!
