2023-05-18T20:38:57.725967089Z
2023-05-18T20:38:57.726488676Z Flux username: flux
2023-05-18T20:38:57.726501900Z
2023-05-18T20:38:57.726507240Z Flux install root: /usr
2023-05-18T20:38:57.786597525Z flux user is already added.
2023-05-18T20:38:57.791357543Z flux user identifiers:
2023-05-18T20:38:57.791403152Z uid=1234(flux) gid=1234(flux) groups=1234(flux)
2023-05-18T20:38:57.791516126Z
2023-05-18T20:38:57.791532326Z As Flux prefix for flux commands: sudo -u flux -E PYTHONPATH=/opt/conda/lib/python3.10/site-packages -E PATH=/opt/conda/bin:/usr/local/sbin:/usr/local/bin:/usr/sbin:/usr/bin:/sbin:/bin -E LD_LIBRARY_PATH=/opt/conda/lib -E HOME=/home/flux
2023-05-18T20:38:57.801109497Z
2023-05-18T20:38:57.801209407Z 👋 Hello, I'm flux-sample-2
2023-05-18T20:38:57.801235072Z The main host is flux-sample-0
2023-05-18T20:38:57.801241892Z The working directory is /home/flux/examples/reaxff/HNS, contents include:
2023-05-18T20:38:57.803853193Z /home/flux/examples/reaxff/HNS:
2023-05-18T20:38:57.804117746Z README.txt	ffield.reax.hns  log.8Mar18.reaxc.hns.g++.1
2023-05-18T20:38:57.804163893Z data.hns-equil	in.reaxc.hns	 log.8Mar18.reaxc.hns.g++.4
2023-05-18T20:38:57.804626850Z End of file listing, if you see nothing above there are no files.
2023-05-18T20:38:57.807533219Z flux R encode --hosts=flux-sample-[0-3]
2023-05-18T20:38:57.827746965Z
2023-05-18T20:38:57.827796369Z 📦 Resources
2023-05-18T20:38:57.830451207Z {"version": 1, "execution": {"R_lite": [{"rank": "0-3", "children": {"core": "0"}}], "starttime": 0.0, "expiration": 0.0, "nodelist": ["flux-sample-[0-3]"]}}
2023-05-18T20:38:57.830908810Z
2023-05-18T20:38:57.830936386Z 🐸 Diagnostics: false
2023-05-18T20:38:57.831205887Z 🚩️ Flux Option Flags defined
2023-05-18T20:38:57.838351205Z
2023-05-18T20:38:57.838394568Z 🦊 Independent Minister of Privilege
2023-05-18T20:38:57.840209144Z [exec]
2023-05-18T20:38:57.840247150Z allowed-users = [ "flux", "root" ]
2023-05-18T20:38:57.840254395Z allowed-shells = [ "/usr/libexec/flux/flux-shell" ]
2023-05-18T20:38:57.840471914Z
2023-05-18T20:38:57.840489012Z 🐸 Broker Configuration
2023-05-18T20:38:57.842393221Z # Flux needs to know the path to the IMP executable
2023-05-18T20:38:57.842417676Z [exec]
2023-05-18T20:38:57.842424459Z imp = "/usr/libexec/flux/flux-imp"
2023-05-18T20:38:57.842428746Z
2023-05-18T20:38:57.842433464Z [access]
2023-05-18T20:38:57.842438432Z allow-guest-user = true
2023-05-18T20:38:57.842445255Z allow-root-owner = true
2023-05-18T20:38:57.842450920Z
2023-05-18T20:38:57.842456083Z # Point to resource definition generated with flux-R(1).
2023-05-18T20:38:57.842462228Z [resource]
2023-05-18T20:38:57.842467584Z path = "/etc/flux/system/R"
2023-05-18T20:38:57.842472188Z
2023-05-18T20:38:57.842477392Z [bootstrap]
2023-05-18T20:38:57.842482790Z curve_cert = "/etc/curve/curve.cert"
2023-05-18T20:38:57.842490665Z default_port = 8050
2023-05-18T20:38:57.842496715Z default_bind = "tcp://eth0:%p"
2023-05-18T20:38:57.842502995Z default_connect = "tcp://%h.flux-service.flux-operator.svc.cluster.local:%p"
2023-05-18T20:38:57.842508203Z hosts = [
2023-05-18T20:38:57.842512977Z 	{ host="flux-sample-[0-3]"},
2023-05-18T20:38:57.842517956Z ]
2023-05-18T20:38:57.842522349Z
2023-05-18T20:38:57.842526063Z [archive]
2023-05-18T20:38:57.842531422Z dbpath = "/var/lib/flux/job-archive.sqlite"
2023-05-18T20:38:57.842536041Z period = "1m"
2023-05-18T20:38:57.950393955Z busytimeout = "50s"
2023-05-18T20:38:57.950428033Z 🧊️ State Directory:
2023-05-18T20:38:57.950434713Z total 0
2023-05-18T20:38:57.950440114Z
2023-05-18T20:38:57.953976904Z
2023-05-18T20:38:57.954037548Z 🔒️ Working directory permissions:
2023-05-18T20:38:57.954044918Z total 96
2023-05-18T20:38:57.954051380Z -rwxrwxrwx 1 flux root  2517 May 17 22:32 README.txt
2023-05-18T20:38:57.954056368Z -rwxrwxrwx 1 flux root 54692 May 17 22:32 data.hns-equil
2023-05-18T20:38:57.954060867Z -rwxrwxrwx 1 flux root 13576 May 17 22:32 ffield.reax.hns
2023-05-18T20:38:57.954065481Z -rwxrwxrwx 1 flux root   870 May 17 22:32 in.reaxc.hns
2023-05-18T20:38:57.954071123Z -rwxrwxrwx 1 flux root  4172 May 17 22:32 log.8Mar18.reaxc.hns.g++.1
2023-05-18T20:38:57.954078358Z -rwxrwxrwx 1 flux root  4168 May 17 22:32 log.8Mar18.reaxc.hns.g++.4
2023-05-18T20:38:57.954084309Z
2023-05-18T20:38:57.954089534Z
2023-05-18T20:38:57.954094975Z ✨ Curve certificate generated by helper pod
2023-05-18T20:38:57.956076473Z #   ****  Generated on 2023-04-26 22:54:42 by CZMQ  ****
2023-05-18T20:38:57.956118227Z #   ZeroMQ CURVE **Secret** Certificate
2023-05-18T20:38:57.956197061Z #   DO NOT PROVIDE THIS FILE TO OTHER USERS nor change its permissions.
2023-05-18T20:38:57.956206355Z
2023-05-18T20:38:57.956212112Z metadata
2023-05-18T20:38:57.956218092Z     name = "flux-cert-generator"
2023-05-18T20:38:57.956223853Z     keygen.hostname = "flux-sample-0"
2023-05-18T20:38:57.956228834Z curve
2023-05-18T20:38:57.956233850Z     public-key = "xQw5((+gozQ1BRU+Tj4Bq1Vs+ZFa2KcpXIih+H/h"
2023-05-18T20:38:57.956239160Z     secret-key = "smuz?M]kPz/p9rcW<ey1aR!i*U<@I:[OnEf5Z-[="
2023-05-18T20:38:57.959100223Z
2023-05-18T20:38:57.959243554Z 🌀  flux start --wrap=strace,-e,network,-tt -o --config /etc/flux/config -Scron.directory=/etc/flux/system/cron.d   -Stbon.fanout=256   -Srundir=/run/flux    -Sstatedir=/var/lib/flux   -Slocal-uri=local:///run/flux/local -Stbon.connect_timeout=8s  -Stbon.zmqdebug=1  -Slog-stderr-level=6    -Slog-stderr-mode=local
2023-05-18T20:38:58.004383283Z 20:38:58.003711 socket(AF_NETLINK, SOCK_RAW, NETLINK_ROUTE) = 8
2023-05-18T20:38:58.004472595Z 20:38:58.003876 bind(8, {sa_family=AF_NETLINK, nl_pid=0, nl_groups=00000000}, 12) = 0
2023-05-18T20:38:58.004482890Z 20:38:58.003963 getsockname(8, {sa_family=AF_NETLINK, nl_pid=70, nl_groups=00000000}, [12]) = 0
2023-05-18T20:38:58.004667312Z 20:38:58.004035 sendto(8, {{len=20, type=RTM_GETADDR, flags=NLM_F_REQUEST|NLM_F_DUMP, seq=1684442338, pid=0}, {ifa_family=AF_UNSPEC, ...}}, 20, 0, {sa_family=AF_NETLINK, nl_pid=0, nl_groups=00000000}, 12) = 20
2023-05-18T20:38:58.005101692Z 20:38:58.004549 recvmsg(8, {msg_name={sa_family=AF_NETLINK, nl_pid=0, nl_groups=00000000}, msg_namelen=12, msg_iov=[{iov_base=[{{len=76, type=RTM_NEWADDR, flags=NLM_F_MULTI, seq=1684442338, pid=70}, {ifa_family=AF_INET, ifa_prefixlen=8, ifa_flags=IFA_F_PERMANENT, ifa_scope=RT_SCOPE_HOST, ifa_index=if_nametoindex("lo")}, [{{nla_len=8, nla_type=IFA_ADDRESS}, 127.0.0.1}, {{nla_len=8, nla_type=IFA_LOCAL}, 127.0.0.1}, {{nla_len=7, nla_type=IFA_LABEL}, "lo"}, {{nla_len=8, nla_type=IFA_FLAGS}, IFA_F_PERMANENT}, {{nla_len=20, nla_type=IFA_CACHEINFO}, {ifa_prefered=4294967295, ifa_valid=4294967295, cstamp=2288100, tstamp=2288100}}]}, {{len=88, type=RTM_NEWADDR, flags=NLM_F_MULTI, seq=1684442338, pid=70}, {ifa_family=AF_INET, ifa_prefixlen=24, ifa_flags=IFA_F_PERMANENT, ifa_scope=RT_SCOPE_UNIVERSE, ifa_index=if_nametoindex("eth0")}, [{{nla_len=8, nla_type=IFA_ADDRESS}, 10.24.3.125}, {{nla_len=8, nla_type=IFA_LOCAL}, 10.24.3.125}, {{nla_len=8, nla_type=IFA_BROADCAST}, 10.24.3.255}, {{nla_len=9, nla_type=IFA_LABEL}, "eth0"}, {{nla_len=8, nla_type=IFA_FLAGS}, IFA_F_PERMANENT}, {{nla_len=20, nla_type=IFA_CACHEINFO}, {ifa_prefered=4294967295, ifa_valid=4294967295, cstamp=2288105, tstamp=2288105}}]}], iov_len=4096}], msg_iovlen=1, msg_controllen=0, msg_flags=0}, 0) = 164
2023-05-18T20:38:58.005286265Z 20:38:58.005001 recvmsg(8, {msg_name={sa_family=AF_NETLINK, nl_pid=0, nl_groups=00000000}, msg_namelen=12, msg_iov=[{iov_base={{len=20, type=NLMSG_DONE, flags=NLM_F_MULTI, seq=1684442338, pid=70}, 0}, iov_len=4096}], msg_iovlen=1, msg_controllen=0, msg_flags=0}, 0) = 20
2023-05-18T20:38:58.006050751Z 20:38:58.005770 socket(AF_UNIX, SOCK_STREAM|SOCK_CLOEXEC|SOCK_NONBLOCK, 0) = 8
2023-05-18T20:38:58.006225146Z 20:38:58.005885 connect(8, {sa_family=AF_UNIX, sun_path="/var/run/nscd/socket"}, 110) = -1 ENOENT (No such file or directory)
2023-05-18T20:38:58.006367701Z 20:38:58.006107 socket(AF_UNIX, SOCK_STREAM|SOCK_CLOEXEC|SOCK_NONBLOCK, 0) = 8
2023-05-18T20:38:58.006531208Z 20:38:58.006256 connect(8, {sa_family=AF_UNIX, sun_path="/var/run/nscd/socket"}, 110) = -1 ENOENT (No such file or directory)
2023-05-18T20:38:58.008827865Z 20:38:58.008461 socket(AF_INET, SOCK_DGRAM|SOCK_CLOEXEC|SOCK_NONBLOCK, IPPROTO_IP) = 8
2023-05-18T20:38:58.008929439Z 20:38:58.008590 connect(8, {sa_family=AF_INET, sin_port=htons(53), sin_addr=inet_addr("169.254.169.254")}, 16) = 0
2023-05-18T20:38:58.009460448Z 20:38:58.008755 sendto(8, ":n\1\0\0\1\0\0\0\0\0\0\rflux-sample-0\fflux-"..., 76, MSG_NOSIGNAL, NULL, 0) = 76
2023-05-18T20:38:58.014355613Z 20:38:58.013783 recvfrom(8, ":n\201\203\0\1\0\0\0\1\0\0\rflux-sample-0\fflux-"..., 1024, 0, {sa_family=AF_INET, sin_port=htons(53), sin_addr=inet_addr("169.254.169.254")}, [28->16]) = 172
2023-05-18T20:38:58.014513346Z 20:38:58.014232 socket(AF_INET, SOCK_DGRAM|SOCK_CLOEXEC|SOCK_NONBLOCK, IPPROTO_IP) = 8
2023-05-18T20:38:58.014607432Z 20:38:58.014378 connect(8, {sa_family=AF_INET, sin_port=htons(53), sin_addr=inet_addr("169.254.169.254")}, 16) = 0
2023-05-18T20:38:58.014936741Z 20:38:58.014556 sendto(8, "\361 \1\0\0\1\0\0\0\0\0\0\rflux-sample-0\fflux-"..., 108, MSG_NOSIGNAL, NULL, 0) = 108
2023-05-18T20:38:58.019468832Z 20:38:58.018931 recvfrom(8, "\361 \201\203\0\1\0\0\0\1\0\0\rflux-sample-0\fflux-"..., 1024, 0, {sa_family=AF_INET, sin_port=htons(53), sin_addr=inet_addr("169.254.169.254")}, [28->16]) = 204
2023-05-18T20:38:58.019611616Z 20:38:58.019313 socket(AF_INET, SOCK_DGRAM|SOCK_CLOEXEC|SOCK_NONBLOCK, IPPROTO_IP) = 8
2023-05-18T20:38:58.019623185Z 20:38:58.019424 connect(8, {sa_family=AF_INET, sin_port=htons(53), sin_addr=inet_addr("169.254.169.254")}, 16) = 0
2023-05-18T20:38:58.019873683Z 20:38:58.019580 sendto(8, "&~\1\0\0\1\0\0\0\0\0\0\rflux-sample-0\fflux-"..., 94, MSG_NOSIGNAL, NULL, 0) = 94
2023-05-18T20:38:58.023660449Z 20:38:58.023199 recvfrom(8, "&~\201\203\0\1\0\0\0\1\0\0\rflux-sample-0\fflux-"..., 1024, 0, {sa_family=AF_INET, sin_port=htons(53), sin_addr=inet_addr("169.254.169.254")}, [28->16]) = 190
2023-05-18T20:38:58.023797320Z 20:38:58.023605 socket(AF_INET, SOCK_DGRAM|SOCK_CLOEXEC|SOCK_NONBLOCK, IPPROTO_IP) = 8
2023-05-18T20:38:58.024030331Z 20:38:58.023825 connect(8, {sa_family=AF_INET, sin_port=htons(53), sin_addr=inet_addr("169.254.169.254")}, 16) = 0
2023-05-18T20:38:58.024498983Z 20:38:58.024107 sendto(8, "b4\1\0\0\1\0\0\0\0\0\0\rflux-sample-0\fflux-"..., 90, MSG_NOSIGNAL, NULL, 0) = 90
2023-05-18T20:38:58.027986860Z 20:38:58.027508 recvfrom(8, "b4\201\203\0\1\0\0\0\1\0\0\rflux-sample-0\fflux-"..., 1024, 0, {sa_family=AF_INET, sin_port=htons(53), sin_addr=inet_addr("169.254.169.254")}, [28->16]) = 186
2023-05-18T20:38:58.028179887Z 20:38:58.027865 socket(AF_INET, SOCK_DGRAM|SOCK_CLOEXEC|SOCK_NONBLOCK, IPPROTO_IP) = 8
2023-05-18T20:38:58.028285818Z 20:38:58.028015 connect(8, {sa_family=AF_INET, sin_port=htons(53), sin_addr=inet_addr("169.254.169.254")}, 16) = 0
2023-05-18T20:38:58.028568467Z 20:38:58.028237 sendto(8, "\357r\1\0\0\1\0\0\0\0\0\0\rflux-sample-0\fflux-"..., 111, MSG_NOSIGNAL, NULL, 0) = 111
2023-05-18T20:38:58.036269772Z 20:38:58.035559 recvfrom(8, "\357r\201\203\0\1\0\0\0\1\0\0\rflux-sample-0\fflux-"..., 1024, 0, {sa_family=AF_INET, sin_port=htons(53), sin_addr=inet_addr("169.254.169.254")}, [28->16]) = 205
2023-05-18T20:38:58.036500497Z 20:38:58.036180 socket(AF_INET, SOCK_DGRAM|SOCK_CLOEXEC|SOCK_NONBLOCK, IPPROTO_IP) = 8
2023-05-18T20:38:58.036586309Z 20:38:58.036389 connect(8, {sa_family=AF_INET, sin_port=htons(53), sin_addr=inet_addr("169.254.169.254")}, 16) = 0
2023-05-18T20:38:58.037076524Z 20:38:58.036646 sendto(8, "\302\240\1\0\0\1\0\0\0\0\0\0\rflux-sample-0\fflux-"..., 97, MSG_NOSIGNAL, NULL, 0) = 97
2023-05-18T20:38:58.042933647Z 20:38:58.042482 recvfrom(8, "\302\240\201\203\0\1\0\0\0\1\0\0\rflux-sample-0\fflux-"..., 1024, 0, {sa_family=AF_INET, sin_port=htons(53), sin_addr=inet_addr("169.254.169.254")}, [28->16]) = 186
2023-05-18T20:38:58.043153018Z 20:38:58.042773 socket(AF_INET, SOCK_DGRAM|SOCK_CLOEXEC|SOCK_NONBLOCK, IPPROTO_IP) = 8
2023-05-18T20:38:58.043169453Z 20:38:58.042939 connect(8, {sa_family=AF_INET, sin_port=htons(53), sin_addr=inet_addr("169.254.169.254")}, 16) = 0
2023-05-18T20:38:58.043576999Z 20:38:58.043090 sendto(8, "\320\301\1\0\0\1\0\0\0\0\0\0\rflux-sample-0\fflux-"..., 92, MSG_NOSIGNAL, NULL, 0) = 92
2023-05-18T20:38:58.049865037Z 20:38:58.049371 recvfrom(8, "\320\301\201\203\0\1\0\0\0\1\0\0\rflux-sample-0\fflux-"..., 1024, 0, {sa_family=AF_INET, sin_port=htons(53), sin_addr=inet_addr("169.254.169.254")}, [28->16]) = 181
2023-05-18T20:38:58.050055182Z broker.err[2]: Warning: unable to resolve upstream peer flux-sample-0.flux-service.flux-operator.svc.cluster.local: Name or service not known
2023-05-18T20:38:58.057158286Z broker.info[2]: start: none->join 2.23542ms
2023-05-18T20:38:58.856500231Z broker.info[2]: parent-ready: join->init 0.798693s
2023-05-18T20:38:58.857642504Z 20:38:58.856937 socketpair(AF_UNIX, SOCK_STREAM|SOCK_CLOEXEC, 0, [22, 23]) = 0
2023-05-18T20:38:58.857801066Z 20:38:58.857414 socketpair(AF_UNIX, SOCK_STREAM, 0, [24, 25]) = 0
2023-05-18T20:38:58.858221116Z 20:38:58.857864 socketpair(AF_UNIX, SOCK_STREAM, 0, [26, 27]) = 0
2023-05-18T20:38:58.858674665Z 20:38:58.858331 socketpair(AF_UNIX, SOCK_STREAM, 0, [28, 29]) = 0
2023-05-18T20:38:58.892223151Z broker.info[2]: configuration updated
2023-05-18T20:38:59.063394534Z broker.info[2]: rc1.0: running /etc/flux/rc1.d/01-sched-fluxion
2023-05-18T20:38:59.079764309Z broker.info[2]: rc1.0: running /etc/flux/rc1.d/02-cron
2023-05-18T20:38:59.122882088Z broker.info[2]: rc1.0: /etc/flux/rc1 Exited (rc=0) 0.3s
2023-05-18T20:38:59.123908183Z broker.info[2]: rc1-success: init->quorum 0.266723s
2023-05-18T20:38:59.326537991Z broker.info[2]: quorum-full: quorum->run 0.20178s
2023-05-18T20:39:10.938314953Z broker.info[2]: shutdown: run->cleanup 11.6109s
2023-05-18T20:39:10.940641961Z broker.info[2]: cleanup-none: cleanup->shutdown 1.89402ms
2023-05-18T20:39:10.942247658Z broker.info[2]: children-none: shutdown->finalize 1.00988ms
2023-05-18T20:39:10.942332723Z 20:39:10.941832 socketpair(AF_UNIX, SOCK_STREAM|SOCK_CLOEXEC, 0, [22, 23]) = 0
2023-05-18T20:39:10.942343320Z 20:39:10.942032 socketpair(AF_UNIX, SOCK_STREAM, 0, [24, 25]) = 0
2023-05-18T20:39:10.942921364Z 20:39:10.942272 socketpair(AF_UNIX, SOCK_STREAM, 0, [26, 28]) = 0
2023-05-18T20:39:10.943342498Z 20:39:10.942536 socketpair(AF_UNIX, SOCK_STREAM, 0, [58, 59]) = 0
2023-05-18T20:39:10.965965835Z broker.info[2]: rc3.0: running /etc/flux/rc3.d/01-sched-fluxion
2023-05-18T20:39:11.146970780Z broker.info[2]: rc3.0: /etc/flux/rc3 Exited (rc=0) 0.2s
2023-05-18T20:39:11.148603580Z broker.info[2]: rc3-success: finalize->goodbye 0.206552s
2023-05-18T20:39:11.150527610Z broker.info[2]: goodbye: goodbye->exit 1.14123ms
2023-05-18T20:39:11.161320023Z 20:39:11.160784 +++ exited with 0 +++
2023-05-18T20:39:11.163534802Z Return value for follower worker is 0
2023-05-18T20:39:11.163592274Z The follower worker exited cleanly. Goodbye!
