2023-05-18T18:11:59.948379194Z
2023-05-18T18:11:59.948563356Z Flux username: flux
2023-05-18T18:11:59.948574167Z
2023-05-18T18:11:59.948606872Z Flux install root: /usr
2023-05-18T18:11:59.994119462Z flux user is already added.
2023-05-18T18:11:59.998355527Z flux user identifiers:
2023-05-18T18:11:59.998396033Z uid=1234(flux) gid=1234(flux) groups=1234(flux)
2023-05-18T18:11:59.998402587Z
2023-05-18T18:11:59.998408142Z As Flux prefix for flux commands: sudo -u flux -E PYTHONPATH=/opt/conda/lib/python3.10/site-packages -E PATH=/opt/conda/bin:/usr/local/sbin:/usr/local/bin:/usr/sbin:/usr/bin:/sbin:/bin -E LD_LIBRARY_PATH=/opt/conda/lib -E HOME=/home/flux
2023-05-18T18:12:00.006118650Z
2023-05-18T18:12:00.006150545Z ðŸ‘‹ Hello, I'm flux-sample-1
2023-05-18T18:12:00.006156487Z The main host is flux-sample-0
2023-05-18T18:12:00.006162363Z The working directory is /home/flux/examples/reaxff/HNS, contents include:
2023-05-18T18:12:00.007642627Z /home/flux/examples/reaxff/HNS:
2023-05-18T18:12:00.007672412Z README.txt	ffield.reax.hns  log.8Mar18.reaxc.hns.g++.1
2023-05-18T18:12:00.007696478Z data.hns-equil	in.reaxc.hns	 log.8Mar18.reaxc.hns.g++.4
2023-05-18T18:12:00.008254581Z End of file listing, if you see nothing above there are no files.
2023-05-18T18:12:00.010249067Z flux R encode --hosts=flux-sample-[0-3]
2023-05-18T18:12:00.024274203Z
2023-05-18T18:12:00.024306269Z ðŸ“¦ Resources
2023-05-18T18:12:00.025747234Z {"version": 1, "execution": {"R_lite": [{"rank": "0-3", "children": {"core": "0"}}], "starttime": 0.0, "expiration": 0.0, "nodelist": ["flux-sample-[0-3]"]}}
2023-05-18T18:12:00.026052635Z
2023-05-18T18:12:00.026068946Z ðŸ¸ Diagnostics: false
2023-05-18T18:12:00.026448352Z ðŸš©ï¸ Flux Option Flags defined
2023-05-18T18:12:00.030702161Z
2023-05-18T18:12:00.030722860Z ðŸ¦Š Independent Minister of Privilege
2023-05-18T18:12:00.032011204Z [exec]
2023-05-18T18:12:00.032027493Z allowed-users = [ "flux", "root" ]
2023-05-18T18:12:00.032033419Z allowed-shells = [ "/usr/libexec/flux/flux-shell" ]
2023-05-18T18:12:00.032375198Z
2023-05-18T18:12:00.032393995Z ðŸ¸ Broker Configuration
2023-05-18T18:12:00.034775202Z # Flux needs to know the path to the IMP executable
2023-05-18T18:12:00.034792367Z [exec]
2023-05-18T18:12:00.034798599Z imp = "/usr/libexec/flux/flux-imp"
2023-05-18T18:12:00.034805312Z
2023-05-18T18:12:00.034811286Z [access]
2023-05-18T18:12:00.034816909Z allow-guest-user = true
2023-05-18T18:12:00.034821597Z allow-root-owner = true
2023-05-18T18:12:00.034825975Z
2023-05-18T18:12:00.034830559Z # Point to resource definition generated with flux-R(1).
2023-05-18T18:12:00.034835645Z [resource]
2023-05-18T18:12:00.034840734Z path = "/etc/flux/system/R"
2023-05-18T18:12:00.034847201Z
2023-05-18T18:12:00.034853640Z [bootstrap]
2023-05-18T18:12:00.034859510Z curve_cert = "/etc/curve/curve.cert"
2023-05-18T18:12:00.034864800Z default_port = 8050
2023-05-18T18:12:00.034869608Z default_bind = "tcp://eth0:%p"
2023-05-18T18:12:00.034874980Z default_connect = "tcp://%h.flux-service.flux-operator.svc.cluster.local:%p"
2023-05-18T18:12:00.034879816Z hosts = [
2023-05-18T18:12:00.034884641Z 	{ host="flux-sample-[0-3]"},
2023-05-18T18:12:00.034891565Z ]
2023-05-18T18:12:00.034896836Z
2023-05-18T18:12:00.034901552Z [archive]
2023-05-18T18:12:00.034906424Z dbpath = "/var/lib/flux/job-archive.sqlite"
2023-05-18T18:12:00.034911214Z period = "1m"
2023-05-18T18:12:00.124001845Z busytimeout = "50s"
2023-05-18T18:12:00.124029180Z ðŸ§Šï¸ State Directory:
2023-05-18T18:12:00.124035283Z total 0
2023-05-18T18:12:00.124040484Z
2023-05-18T18:12:00.127879883Z
2023-05-18T18:12:00.127916161Z ðŸ”’ï¸ Working directory permissions:
2023-05-18T18:12:00.127922697Z total 96
2023-05-18T18:12:00.127927960Z -rwxrwxrwx 1 flux root  2517 May 17 22:32 README.txt
2023-05-18T18:12:00.127935448Z -rwxrwxrwx 1 flux root 54692 May 17 22:32 data.hns-equil
2023-05-18T18:12:00.127941219Z -rwxrwxrwx 1 flux root 13576 May 17 22:32 ffield.reax.hns
2023-05-18T18:12:00.127945962Z -rwxrwxrwx 1 flux root   870 May 17 22:32 in.reaxc.hns
2023-05-18T18:12:00.127951279Z -rwxrwxrwx 1 flux root  4172 May 17 22:32 log.8Mar18.reaxc.hns.g++.1
2023-05-18T18:12:00.127956129Z -rwxrwxrwx 1 flux root  4168 May 17 22:32 log.8Mar18.reaxc.hns.g++.4
2023-05-18T18:12:00.127960736Z
2023-05-18T18:12:00.127965043Z
2023-05-18T18:12:00.127969713Z âœ¨ Curve certificate generated by helper pod
2023-05-18T18:12:00.129151871Z #   ****  Generated on 2023-04-26 22:54:42 by CZMQ  ****
2023-05-18T18:12:00.129172991Z #   ZeroMQ CURVE **Secret** Certificate
2023-05-18T18:12:00.129179155Z #   DO NOT PROVIDE THIS FILE TO OTHER USERS nor change its permissions.
2023-05-18T18:12:00.129184253Z
2023-05-18T18:12:00.129189235Z metadata
2023-05-18T18:12:00.129196893Z     name = "flux-cert-generator"
2023-05-18T18:12:00.129202685Z     keygen.hostname = "flux-sample-0"
2023-05-18T18:12:00.129207525Z curve
2023-05-18T18:12:00.129212544Z     public-key = "1Fzp^..u-$4mhs}c#oc>8vGYgEknHFgsR)K(0!)J"
2023-05-18T18:12:00.129217337Z     secret-key = "ZH.wHVY}!-2v8wu/TUhufCT3$qKU@F[9^l>AY4e>"
2023-05-18T18:12:00.131541189Z
2023-05-18T18:12:00.131562117Z ðŸŒ€  flux start --wrap=strace,-e,network,-tt -o --config /etc/flux/config -Scron.directory=/etc/flux/system/cron.d   -Stbon.fanout=256   -Srundir=/run/flux    -Sstatedir=/var/lib/flux   -Slocal-uri=local:///run/flux/local -Stbon.connect_timeout=1s  -Stbon.zmqdebug=1  -Slog-stderr-level=6    -Slog-stderr-mode=local
2023-05-18T18:12:00.167052156Z 18:12:00.166818 socket(AF_NETLINK, SOCK_RAW, NETLINK_ROUTE) = 8
2023-05-18T18:12:00.167320913Z 18:12:00.167016 bind(8, {sa_family=AF_NETLINK, nl_pid=0, nl_groups=00000000}, 12) = 0
2023-05-18T18:12:00.168232819Z 18:12:00.167094 getsockname(8, {sa_family=AF_NETLINK, nl_pid=70, nl_groups=00000000}, [12]) = 0
2023-05-18T18:12:00.168263748Z 18:12:00.167239 sendto(8, {{len=20, type=RTM_GETADDR, flags=NLM_F_REQUEST|NLM_F_DUMP, seq=1684433520, pid=0}, {ifa_family=AF_UNSPEC, ...}}, 20, 0, {sa_family=AF_NETLINK, nl_pid=0, nl_groups=00000000}, 12) = 20
2023-05-18T18:12:00.168279311Z 18:12:00.167557 recvmsg(8, {msg_name={sa_family=AF_NETLINK, nl_pid=0, nl_groups=00000000}, msg_namelen=12, msg_iov=[{iov_base=[{{len=76, type=RTM_NEWADDR, flags=NLM_F_MULTI, seq=1684433520, pid=70}, {ifa_family=AF_INET, ifa_prefixlen=8, ifa_flags=IFA_F_PERMANENT, ifa_scope=RT_SCOPE_HOST, ifa_index=if_nametoindex("lo")}, [{{nla_len=8, nla_type=IFA_ADDRESS}, 127.0.0.1}, {{nla_len=8, nla_type=IFA_LOCAL}, 127.0.0.1}, {{nla_len=7, nla_type=IFA_LABEL}, "lo"}, {{nla_len=8, nla_type=IFA_FLAGS}, IFA_F_PERMANENT}, {{nla_len=20, nla_type=IFA_CACHEINFO}, {ifa_prefered=4294967295, ifa_valid=4294967295, cstamp=1406384, tstamp=1406384}}]}, {{len=88, type=RTM_NEWADDR, flags=NLM_F_MULTI, seq=1684433520, pid=70}, {ifa_family=AF_INET, ifa_prefixlen=24, ifa_flags=IFA_F_PERMANENT, ifa_scope=RT_SCOPE_UNIVERSE, ifa_index=if_nametoindex("eth0")}, [{{nla_len=8, nla_type=IFA_ADDRESS}, 10.24.2.23}, {{nla_len=8, nla_type=IFA_LOCAL}, 10.24.2.23}, {{nla_len=8, nla_type=IFA_BROADCAST}, 10.24.2.255}, {{nla_len=9, nla_type=IFA_LABEL}, "eth0"}, {{nla_len=8, nla_type=IFA_FLAGS}, IFA_F_PERMANENT}, {{nla_len=20, nla_type=IFA_CACHEINFO}, {ifa_prefered=4294967295, ifa_valid=4294967295, cstamp=1406386, tstamp=1406386}}]}], iov_len=4096}], msg_iovlen=1, msg_controllen=0, msg_flags=0}, 0) = 164
2023-05-18T18:12:00.168302894Z 18:12:00.167947 recvmsg(8, {msg_name={sa_family=AF_NETLINK, nl_pid=0, nl_groups=00000000}, msg_namelen=12, msg_iov=[{iov_base={{len=20, type=NLMSG_DONE, flags=NLM_F_MULTI, seq=1684433520, pid=70}, 0}, iov_len=4096}], msg_iovlen=1, msg_controllen=0, msg_flags=0}, 0) = 20
2023-05-18T18:12:00.168781494Z 18:12:00.168649 socket(AF_UNIX, SOCK_STREAM|SOCK_CLOEXEC|SOCK_NONBLOCK, 0) = 8
2023-05-18T18:12:00.169023653Z 18:12:00.168773 connect(8, {sa_family=AF_UNIX, sun_path="/var/run/nscd/socket"}, 110) = -1 ENOENT (No such file or directory)
2023-05-18T18:12:00.169248337Z 18:12:00.168989 socket(AF_UNIX, SOCK_STREAM|SOCK_CLOEXEC|SOCK_NONBLOCK, 0) = 8
2023-05-18T18:12:00.169263348Z 18:12:00.169048 connect(8, {sa_family=AF_UNIX, sun_path="/var/run/nscd/socket"}, 110) = -1 ENOENT (No such file or directory)
2023-05-18T18:12:00.170686085Z 18:12:00.170457 socket(AF_INET, SOCK_DGRAM|SOCK_CLOEXEC|SOCK_NONBLOCK, IPPROTO_IP) = 8
2023-05-18T18:12:00.170933315Z 18:12:00.170577 connect(8, {sa_family=AF_INET, sin_port=htons(53), sin_addr=inet_addr("169.254.169.254")}, 16) = 0
2023-05-18T18:12:00.171092812Z 18:12:00.170692 sendto(8, "oV\1\0\0\1\0\0\0\0\0\0\rflux-sample-0\fflux-"..., 76, MSG_NOSIGNAL, NULL, 0) = 76
2023-05-18T18:12:00.174718781Z 18:12:00.174386 recvfrom(8, "oV\201\200\0\1\0\1\0\0\0\0\rflux-sample-0\fflux-"..., 1024, 0, {sa_family=AF_INET, sin_port=htons(53), sin_addr=inet_addr("169.254.169.254")}, [28->16]) = 92
2023-05-18T18:12:00.180088759Z broker.info[1]: start: none->join 2.07412ms
2023-05-18T18:12:01.355361688Z broker.info[1]: parent-ready: join->init 1.17517s
2023-05-18T18:12:01.355734515Z 18:12:01.355442 socketpair(AF_UNIX, SOCK_STREAM|SOCK_CLOEXEC, 0, [22, 23]) = 0
2023-05-18T18:12:01.356014545Z 18:12:01.355765 socketpair(AF_UNIX, SOCK_STREAM, 0, [24, 25]) = 0
2023-05-18T18:12:01.356426307Z 18:12:01.356182 socketpair(AF_UNIX, SOCK_STREAM, 0, [26, 27]) = 0
2023-05-18T18:12:01.356862700Z 18:12:01.356565 socketpair(AF_UNIX, SOCK_STREAM, 0, [28, 29]) = 0
2023-05-18T18:12:01.382507878Z broker.info[1]: configuration updated
2023-05-18T18:12:01.513353672Z broker.info[1]: rc1.0: running /etc/flux/rc1.d/01-sched-fluxion
2023-05-18T18:12:01.527382820Z broker.info[1]: rc1.0: running /etc/flux/rc1.d/02-cron
2023-05-18T18:12:01.552345498Z broker.info[1]: rc1.0: /etc/flux/rc1 Exited (rc=0) 0.2s
2023-05-18T18:12:01.553618720Z broker.info[1]: rc1-success: init->quorum 0.198017s
2023-05-18T18:12:01.840529071Z broker.info[1]: quorum-full: quorum->run 0.286533s
2023-05-18T18:12:12.598239233Z broker.info[1]: shutdown: run->cleanup 10.7571s
2023-05-18T18:12:12.600025932Z broker.info[1]: cleanup-none: cleanup->shutdown 1.34066ms
2023-05-18T18:12:12.601529627Z broker.info[1]: children-none: shutdown->finalize 1.0784ms
2023-05-18T18:12:12.601861565Z 18:12:12.601587 socketpair(AF_UNIX, SOCK_STREAM|SOCK_CLOEXEC, 0, [22, 23]) = 0
2023-05-18T18:12:12.602050576Z 18:12:12.601847 socketpair(AF_UNIX, SOCK_STREAM, 0, [24, 25]) = 0
2023-05-18T18:12:12.602410055Z 18:12:12.602202 socketpair(AF_UNIX, SOCK_STREAM, 0, [26, 28]) = 0
2023-05-18T18:12:12.602691690Z 18:12:12.602498 socketpair(AF_UNIX, SOCK_STREAM, 0, [58, 59]) = 0
2023-05-18T18:12:12.621471298Z broker.info[1]: rc3.0: running /etc/flux/rc3.d/01-sched-fluxion
2023-05-18T18:12:12.753233229Z broker.info[1]: rc3.0: /etc/flux/rc3 Exited (rc=0) 0.1s
2023-05-18T18:12:12.754475886Z broker.info[1]: rc3-success: finalize->goodbye 0.152717s
2023-05-18T18:12:12.756237644Z broker.info[1]: goodbye: goodbye->exit 1.17466ms
2023-05-18T18:12:12.764235852Z 18:12:12.764023 +++ exited with 0 +++
2023-05-18T18:12:12.765625737Z Return value for follower worker is 0
2023-05-18T18:12:12.765749949Z The follower worker exited cleanly. Goodbye!
