2023-05-18T21:00:58.924689695Z
2023-05-18T21:00:58.924768406Z Flux username: flux
2023-05-18T21:00:58.924776580Z
2023-05-18T21:00:58.924783039Z Flux install root: /usr
2023-05-18T21:00:58.988072037Z flux user is already added.
2023-05-18T21:00:58.992296146Z flux user identifiers:
2023-05-18T21:00:58.992353691Z uid=1234(flux) gid=1234(flux) groups=1234(flux)
2023-05-18T21:00:58.992505016Z
2023-05-18T21:00:58.992523128Z As Flux prefix for flux commands: sudo -u flux -E PYTHONPATH=/opt/conda/lib/python3.10/site-packages -E PATH=/opt/conda/bin:/usr/local/sbin:/usr/local/bin:/usr/sbin:/usr/bin:/sbin:/bin -E LD_LIBRARY_PATH=/opt/conda/lib -E HOME=/home/flux
2023-05-18T21:00:59.005723213Z
2023-05-18T21:00:59.005788499Z ðŸ‘‹ Hello, I'm flux-sample-1
2023-05-18T21:00:59.005978424Z The main host is flux-sample-0
2023-05-18T21:00:59.005991261Z The working directory is /home/flux/examples/reaxff/HNS, contents include:
2023-05-18T21:00:59.008489795Z /home/flux/examples/reaxff/HNS:
2023-05-18T21:00:59.008755614Z README.txt	ffield.reax.hns  log.8Mar18.reaxc.hns.g++.1
2023-05-18T21:00:59.008929600Z data.hns-equil	in.reaxc.hns	 log.8Mar18.reaxc.hns.g++.4
2023-05-18T21:00:59.009519252Z End of file listing, if you see nothing above there are no files.
2023-05-18T21:00:59.012390375Z flux R encode --hosts=flux-sample-[0-3]
2023-05-18T21:00:59.032992171Z
2023-05-18T21:00:59.033051716Z ðŸ“¦ Resources
2023-05-18T21:00:59.035305524Z {"version": 1, "execution": {"R_lite": [{"rank": "0-3", "children": {"core": "0"}}], "starttime": 0.0, "expiration": 0.0, "nodelist": ["flux-sample-[0-3]"]}}
2023-05-18T21:00:59.035618439Z
2023-05-18T21:00:59.035658091Z ðŸ¸ Diagnostics: false
2023-05-18T21:00:59.035964510Z ðŸš©ï¸ Flux Option Flags defined
2023-05-18T21:00:59.041625875Z
2023-05-18T21:00:59.041677261Z ðŸ¦Š Independent Minister of Privilege
2023-05-18T21:00:59.043426029Z [exec]
2023-05-18T21:00:59.043460463Z allowed-users = [ "flux", "root" ]
2023-05-18T21:00:59.043467619Z allowed-shells = [ "/usr/libexec/flux/flux-shell" ]
2023-05-18T21:00:59.043657390Z
2023-05-18T21:00:59.043672407Z ðŸ¸ Broker Configuration
2023-05-18T21:00:59.045453771Z # Flux needs to know the path to the IMP executable
2023-05-18T21:00:59.045511086Z [exec]
2023-05-18T21:00:59.045518506Z imp = "/usr/libexec/flux/flux-imp"
2023-05-18T21:00:59.045523594Z
2023-05-18T21:00:59.045530560Z [access]
2023-05-18T21:00:59.045538577Z allow-guest-user = true
2023-05-18T21:00:59.045546395Z allow-root-owner = true
2023-05-18T21:00:59.045551342Z
2023-05-18T21:00:59.045556899Z # Point to resource definition generated with flux-R(1).
2023-05-18T21:00:59.045562749Z [resource]
2023-05-18T21:00:59.045568720Z path = "/etc/flux/system/R"
2023-05-18T21:00:59.045573563Z
2023-05-18T21:00:59.045580237Z [bootstrap]
2023-05-18T21:00:59.045587488Z curve_cert = "/etc/curve/curve.cert"
2023-05-18T21:00:59.045593686Z default_port = 8050
2023-05-18T21:00:59.045599203Z default_bind = "tcp://eth0:%p"
2023-05-18T21:00:59.045605914Z default_connect = "tcp://%h.flux-service.flux-operator.svc.cluster.local:%p"
2023-05-18T21:00:59.045612200Z hosts = [
2023-05-18T21:00:59.045617901Z 	{ host="flux-sample-[0-3]"},
2023-05-18T21:00:59.045623881Z ]
2023-05-18T21:00:59.045629893Z
2023-05-18T21:00:59.045636046Z [archive]
2023-05-18T21:00:59.045641962Z dbpath = "/var/lib/flux/job-archive.sqlite"
2023-05-18T21:00:59.045648021Z period = "1m"
2023-05-18T21:00:59.152600136Z busytimeout = "50s"
2023-05-18T21:00:59.152641401Z ðŸ§Šï¸ State Directory:
2023-05-18T21:00:59.152648882Z total 0
2023-05-18T21:00:59.152655044Z
2023-05-18T21:00:59.157837177Z
2023-05-18T21:00:59.157907567Z ðŸ”’ï¸ Working directory permissions:
2023-05-18T21:00:59.157916009Z total 96
2023-05-18T21:00:59.157922870Z -rwxrwxrwx 1 flux root  2517 May 17 22:32 README.txt
2023-05-18T21:00:59.157928708Z -rwxrwxrwx 1 flux root 54692 May 17 22:32 data.hns-equil
2023-05-18T21:00:59.157941995Z -rwxrwxrwx 1 flux root 13576 May 17 22:32 ffield.reax.hns
2023-05-18T21:00:59.157949044Z -rwxrwxrwx 1 flux root   870 May 17 22:32 in.reaxc.hns
2023-05-18T21:00:59.157956153Z -rwxrwxrwx 1 flux root  4172 May 17 22:32 log.8Mar18.reaxc.hns.g++.1
2023-05-18T21:00:59.157979322Z -rwxrwxrwx 1 flux root  4168 May 17 22:32 log.8Mar18.reaxc.hns.g++.4
2023-05-18T21:00:59.157983827Z
2023-05-18T21:00:59.158015217Z
2023-05-18T21:00:59.158023793Z âœ¨ Curve certificate generated by helper pod
2023-05-18T21:00:59.159786553Z #   ****  Generated on 2023-04-26 22:54:42 by CZMQ  ****
2023-05-18T21:00:59.159814315Z #   ZeroMQ CURVE **Secret** Certificate
2023-05-18T21:00:59.159822795Z #   DO NOT PROVIDE THIS FILE TO OTHER USERS nor change its permissions.
2023-05-18T21:00:59.159828786Z
2023-05-18T21:00:59.159834600Z metadata
2023-05-18T21:00:59.159840431Z     name = "flux-cert-generator"
2023-05-18T21:00:59.159845358Z     keygen.hostname = "flux-sample-0"
2023-05-18T21:00:59.159850878Z curve
2023-05-18T21:00:59.159856069Z     public-key = "mUMhYK6>ev*2I.6p7Bx/(b6B1w<*-*:fMf>AM>x<"
2023-05-18T21:00:59.159861098Z     secret-key = ".9vfmy@*P>JXuDE:7pvMY^[Ll!ylysezrXoQZi<<"
2023-05-18T21:00:59.162368045Z
2023-05-18T21:00:59.162397936Z ðŸŒ€  flux start --wrap=strace,-e,network,-tt -o --config /etc/flux/config -Scron.directory=/etc/flux/system/cron.d   -Stbon.fanout=256   -Srundir=/run/flux    -Sstatedir=/var/lib/flux   -Slocal-uri=local:///run/flux/local   -Stbon.zmqdebug=1  -Slog-stderr-level=6    -Slog-stderr-mode=local
2023-05-18T21:00:59.223349565Z 21:00:59.219741 socket(AF_NETLINK, SOCK_RAW, NETLINK_ROUTE) = 8
2023-05-18T21:00:59.223389203Z 21:00:59.219977 bind(8, {sa_family=AF_NETLINK, nl_pid=0, nl_groups=00000000}, 12) = 0
2023-05-18T21:00:59.223394601Z 21:00:59.220093 getsockname(8, {sa_family=AF_NETLINK, nl_pid=70, nl_groups=00000000}, [12]) = 0
2023-05-18T21:00:59.228832596Z 21:00:59.220206 sendto(8, {{len=20, type=RTM_GETADDR, flags=NLM_F_REQUEST|NLM_F_DUMP, seq=1684443659, pid=0}, {ifa_family=AF_UNSPEC, ...}}, 20, 0, {sa_family=AF_NETLINK, nl_pid=0, nl_groups=00000000}, 12) = 20
2023-05-18T21:00:59.228889883Z 21:00:59.224379 recvmsg(8, {msg_name={sa_family=AF_NETLINK, nl_pid=0, nl_groups=00000000}, msg_namelen=12, msg_iov=[{iov_base=[{{len=76, type=RTM_NEWADDR, flags=NLM_F_MULTI, seq=1684443659, pid=70}, {ifa_family=AF_INET, ifa_prefixlen=8, ifa_flags=IFA_F_PERMANENT, ifa_scope=RT_SCOPE_HOST, ifa_index=if_nametoindex("lo")}, [{{nla_len=8, nla_type=IFA_ADDRESS}, 127.0.0.1}, {{nla_len=8, nla_type=IFA_LOCAL}, 127.0.0.1}, {{nla_len=7, nla_type=IFA_LABEL}, "lo"}, {{nla_len=8, nla_type=IFA_FLAGS}, IFA_F_PERMANENT}, {{nla_len=20, nla_type=IFA_CACHEINFO}, {ifa_prefered=4294967295, ifa_valid=4294967295, cstamp=2420222, tstamp=2420222}}]}, {{len=88, type=RTM_NEWADDR, flags=NLM_F_MULTI, seq=1684443659, pid=70}, {ifa_family=AF_INET, ifa_prefixlen=24, ifa_flags=IFA_F_PERMANENT, ifa_scope=RT_SCOPE_UNIVERSE, ifa_index=if_nametoindex("eth0")}, [{{nla_len=8, nla_type=IFA_ADDRESS}, 10.24.3.185}, {{nla_len=8, nla_type=IFA_LOCAL}, 10.24.3.185}, {{nla_len=8, nla_type=IFA_BROADCAST}, 10.24.3.255}, {{nla_len=9, nla_type=IFA_LABEL}, "eth0"}, {{nla_len=8, nla_type=IFA_FLAGS}, IFA_F_PERMANENT}, {{nla_len=20, nla_type=IFA_CACHEINFO}, {ifa_prefered=4294967295, ifa_valid=4294967295, cstamp=2420227, tstamp=2420227}}]}], iov_len=4096}], msg_iovlen=1, msg_controllen=0, msg_flags=0}, 0) = 164
2023-05-18T21:00:59.228901989Z 21:00:59.225183 recvmsg(8, {msg_name={sa_family=AF_NETLINK, nl_pid=0, nl_groups=00000000}, msg_namelen=12, msg_iov=[{iov_base={{len=20, type=NLMSG_DONE, flags=NLM_F_MULTI, seq=1684443659, pid=70}, 0}, iov_len=4096}], msg_iovlen=1, msg_controllen=0, msg_flags=0}, 0) = 20
2023-05-18T21:00:59.228944859Z 21:00:59.225839 socket(AF_UNIX, SOCK_STREAM|SOCK_CLOEXEC|SOCK_NONBLOCK, 0) = 8
2023-05-18T21:00:59.228952324Z 21:00:59.225941 connect(8, {sa_family=AF_UNIX, sun_path="/var/run/nscd/socket"}, 110) = -1 ENOENT (No such file or directory)
2023-05-18T21:00:59.228957348Z 21:00:59.226092 socket(AF_UNIX, SOCK_STREAM|SOCK_CLOEXEC|SOCK_NONBLOCK, 0) = 8
2023-05-18T21:00:59.228962575Z 21:00:59.226176 connect(8, {sa_family=AF_UNIX, sun_path="/var/run/nscd/socket"}, 110) = -1 ENOENT (No such file or directory)
2023-05-18T21:00:59.228968514Z 21:00:59.227792 socket(AF_INET, SOCK_DGRAM|SOCK_CLOEXEC|SOCK_NONBLOCK, IPPROTO_IP) = 8
2023-05-18T21:00:59.228973997Z 21:00:59.227914 connect(8, {sa_family=AF_INET, sin_port=htons(53), sin_addr=inet_addr("169.254.169.254")}, 16) = 0
2023-05-18T21:00:59.228980256Z 21:00:59.228071 sendto(8, "u\324\1\0\0\1\0\0\0\0\0\0\rflux-sample-0\fflux-"..., 76, MSG_NOSIGNAL, NULL, 0) = 76
2023-05-18T21:00:59.233995631Z 21:00:59.232887 recvfrom(8, "u\324\201\203\0\1\0\0\0\1\0\0\rflux-sample-0\fflux-"..., 1024, 0, {sa_family=AF_INET, sin_port=htons(53), sin_addr=inet_addr("169.254.169.254")}, [28->16]) = 172
2023-05-18T21:00:59.234044988Z 21:00:59.233246 socket(AF_INET, SOCK_DGRAM|SOCK_CLOEXEC|SOCK_NONBLOCK, IPPROTO_IP) = 8
2023-05-18T21:00:59.234052922Z 21:00:59.233347 connect(8, {sa_family=AF_INET, sin_port=htons(53), sin_addr=inet_addr("169.254.169.254")}, 16) = 0
2023-05-18T21:00:59.234058493Z 21:00:59.233477 sendto(8, "\37f\1\0\0\1\0\0\0\0\0\0\rflux-sample-0\fflux-"..., 108, MSG_NOSIGNAL, NULL, 0) = 108
2023-05-18T21:00:59.240433825Z 21:00:59.238272 recvfrom(8, "\37f\201\203\0\1\0\0\0\1\0\0\rflux-sample-0\fflux-"..., 1024, 0, {sa_family=AF_INET, sin_port=htons(53), sin_addr=inet_addr("169.254.169.254")}, [28->16]) = 204
2023-05-18T21:00:59.240475846Z 21:00:59.238570 socket(AF_INET, SOCK_DGRAM|SOCK_CLOEXEC|SOCK_NONBLOCK, IPPROTO_IP) = 8
2023-05-18T21:00:59.240483727Z 21:00:59.238665 connect(8, {sa_family=AF_INET, sin_port=htons(53), sin_addr=inet_addr("169.254.169.254")}, 16) = 0
2023-05-18T21:00:59.240490174Z 21:00:59.238785 sendto(8, "\267:\1\0\0\1\0\0\0\0\0\0\rflux-sample-0\fflux-"..., 94, MSG_NOSIGNAL, NULL, 0) = 94
2023-05-18T21:00:59.244921069Z 21:00:59.243858 recvfrom(8, "\267:\201\203\0\1\0\0\0\1\0\0\rflux-sample-0\fflux-"..., 1024, 0, {sa_family=AF_INET, sin_port=htons(53), sin_addr=inet_addr("169.254.169.254")}, [28->16]) = 190
2023-05-18T21:00:59.245281263Z 21:00:59.244148 socket(AF_INET, SOCK_DGRAM|SOCK_CLOEXEC|SOCK_NONBLOCK, IPPROTO_IP) = 8
2023-05-18T21:00:59.245305226Z 21:00:59.244231 connect(8, {sa_family=AF_INET, sin_port=htons(53), sin_addr=inet_addr("169.254.169.254")}, 16) = 0
2023-05-18T21:00:59.245310920Z 21:00:59.244337 sendto(8, "\353Y\1\0\0\1\0\0\0\0\0\0\rflux-sample-0\fflux-"..., 90, MSG_NOSIGNAL, NULL, 0) = 90
2023-05-18T21:00:59.249480809Z 21:00:59.248579 recvfrom(8, "\353Y\201\203\0\1\0\0\0\1\0\0\rflux-sample-0\fflux-"..., 1024, 0, {sa_family=AF_INET, sin_port=htons(53), sin_addr=inet_addr("169.254.169.254")}, [28->16]) = 186
2023-05-18T21:00:59.249506787Z 21:00:59.248812 socket(AF_INET, SOCK_DGRAM|SOCK_CLOEXEC|SOCK_NONBLOCK, IPPROTO_IP) = 8
2023-05-18T21:00:59.249513470Z 21:00:59.248882 connect(8, {sa_family=AF_INET, sin_port=htons(53), sin_addr=inet_addr("169.254.169.254")}, 16) = 0
2023-05-18T21:00:59.249518386Z 21:00:59.248985 sendto(8, "\266\261\1\0\0\1\0\0\0\0\0\0\rflux-sample-0\fflux-"..., 111, MSG_NOSIGNAL, NULL, 0) = 111
2023-05-18T21:00:59.256119084Z 21:00:59.254899 recvfrom(8, "\266\261\201\203\0\1\0\0\0\1\0\0\rflux-sample-0\fflux-"..., 1024, 0, {sa_family=AF_INET, sin_port=htons(53), sin_addr=inet_addr("169.254.169.254")}, [28->16]) = 205
2023-05-18T21:00:59.256255104Z 21:00:59.255217 socket(AF_INET, SOCK_DGRAM|SOCK_CLOEXEC|SOCK_NONBLOCK, IPPROTO_IP) = 8
2023-05-18T21:00:59.256261730Z 21:00:59.255314 connect(8, {sa_family=AF_INET, sin_port=htons(53), sin_addr=inet_addr("169.254.169.254")}, 16) = 0
2023-05-18T21:00:59.256270324Z 21:00:59.255437 sendto(8, "\234[\1\0\0\1\0\0\0\0\0\0\rflux-sample-0\fflux-"..., 97, MSG_NOSIGNAL, NULL, 0) = 97
2023-05-18T21:00:59.262657964Z 21:00:59.261807 recvfrom(8, "\234[\201\203\0\1\0\0\0\1\0\0\rflux-sample-0\fflux-"..., 1024, 0, {sa_family=AF_INET, sin_port=htons(53), sin_addr=inet_addr("169.254.169.254")}, [28->16]) = 186
2023-05-18T21:00:59.262712398Z 21:00:59.262058 socket(AF_INET, SOCK_DGRAM|SOCK_CLOEXEC|SOCK_NONBLOCK, IPPROTO_IP) = 8
2023-05-18T21:00:59.262722712Z 21:00:59.262166 connect(8, {sa_family=AF_INET, sin_port=htons(53), sin_addr=inet_addr("169.254.169.254")}, 16) = 0
2023-05-18T21:00:59.262729804Z 21:00:59.262278 sendto(8, "y\214\1\0\0\1\0\0\0\0\0\0\rflux-sample-0\fflux-"..., 92, MSG_NOSIGNAL, NULL, 0) = 92
2023-05-18T21:00:59.274953623Z 21:00:59.268078 recvfrom(8, "y\214\201\203\0\1\0\0\0\1\0\0\rflux-sample-0\fflux-"..., 1024, 0, {sa_family=AF_INET, sin_port=htons(53), sin_addr=inet_addr("169.254.169.254")}, [28->16]) = 181
2023-05-18T21:00:59.275000447Z broker.err[1]: Warning: unable to resolve upstream peer flux-sample-0.flux-service.flux-operator.svc.cluster.local: Name or service not known
2023-05-18T21:00:59.275007302Z broker.info[1]: start: none->join 2.07453ms
2023-05-18T21:01:00.082491933Z broker.info[1]: parent-ready: join->init 0.807875s
2023-05-18T21:01:00.083553631Z 21:01:00.083028 socketpair(AF_UNIX, SOCK_STREAM|SOCK_CLOEXEC, 0, [22, 23]) = 0
2023-05-18T21:01:00.083744781Z 21:01:00.083517 socketpair(AF_UNIX, SOCK_STREAM, 0, [24, 25]) = 0
2023-05-18T21:01:00.084112024Z 21:01:00.083866 socketpair(AF_UNIX, SOCK_STREAM, 0, [26, 27]) = 0
2023-05-18T21:01:00.084415160Z 21:01:00.084175 socketpair(AF_UNIX, SOCK_STREAM, 0, [28, 29]) = 0
2023-05-18T21:01:00.118075902Z broker.info[1]: configuration updated
2023-05-18T21:01:00.289826790Z broker.info[1]: rc1.0: running /etc/flux/rc1.d/01-sched-fluxion
2023-05-18T21:01:00.305957407Z broker.info[1]: rc1.0: running /etc/flux/rc1.d/02-cron
2023-05-18T21:01:00.346041024Z broker.info[1]: rc1.0: /etc/flux/rc1 Exited (rc=0) 0.3s
2023-05-18T21:01:00.347447024Z broker.info[1]: rc1-success: init->quorum 0.2642s
2023-05-18T21:01:00.562190630Z broker.info[1]: quorum-full: quorum->run 0.213674s
2023-05-18T21:01:11.839795115Z broker.info[1]: shutdown: run->cleanup 11.2775s
2023-05-18T21:01:11.841876379Z broker.info[1]: cleanup-none: cleanup->shutdown 1.50535ms
2023-05-18T21:01:11.844613960Z broker.info[1]: children-none: shutdown->finalize 1.84442ms
2023-05-18T21:01:11.845534814Z 21:01:11.844893 socketpair(AF_UNIX, SOCK_STREAM|SOCK_CLOEXEC, 0, [22, 23]) = 0
2023-05-18T21:01:11.845920982Z 21:01:11.845388 socketpair(AF_UNIX, SOCK_STREAM, 0, [24, 25]) = 0
2023-05-18T21:01:11.846246025Z 21:01:11.845780 socketpair(AF_UNIX, SOCK_STREAM, 0, [26, 28]) = 0
2023-05-18T21:01:11.846754565Z 21:01:11.846228 socketpair(AF_UNIX, SOCK_STREAM, 0, [58, 59]) = 0
2023-05-18T21:01:11.869628465Z broker.info[1]: rc3.0: running /etc/flux/rc3.d/01-sched-fluxion
2023-05-18T21:01:12.033443032Z broker.info[1]: rc3.0: /etc/flux/rc3 Exited (rc=0) 0.2s
2023-05-18T21:01:12.034114152Z broker.info[1]: rc3-success: finalize->goodbye 0.18901s
2023-05-18T21:01:12.035190109Z broker.info[1]: goodbye: goodbye->exit 0.846121ms
2023-05-18T21:01:12.044991107Z 21:01:12.044628 +++ exited with 0 +++
2023-05-18T21:01:12.047288684Z Return value for follower worker is 0
2023-05-18T21:01:12.047497836Z The follower worker exited cleanly. Goodbye!
