2023-05-18T20:16:00.601635097Z
2023-05-18T20:16:00.603220623Z Flux username: flux
2023-05-18T20:16:00.603235246Z
2023-05-18T20:16:00.603240802Z Flux install root: /usr
2023-05-18T20:16:00.650385959Z flux user is already added.
2023-05-18T20:16:00.654662986Z flux user identifiers:
2023-05-18T20:16:00.654697500Z uid=1234(flux) gid=1234(flux) groups=1234(flux)
2023-05-18T20:16:00.654705230Z
2023-05-18T20:16:00.654712998Z As Flux prefix for flux commands: sudo -u flux -E PYTHONPATH=/opt/conda/lib/python3.10/site-packages -E PATH=/opt/conda/bin:/usr/local/sbin:/usr/local/bin:/usr/sbin:/usr/bin:/sbin:/bin -E LD_LIBRARY_PATH=/opt/conda/lib -E HOME=/home/flux
2023-05-18T20:16:00.662943146Z
2023-05-18T20:16:00.662981018Z ðŸ‘‹ Hello, I'm flux-sample-3
2023-05-18T20:16:00.663185609Z The main host is flux-sample-0
2023-05-18T20:16:00.663199410Z The working directory is /home/flux/examples/reaxff/HNS, contents include:
2023-05-18T20:16:00.664990440Z /home/flux/examples/reaxff/HNS:
2023-05-18T20:16:00.665118884Z README.txt	ffield.reax.hns  log.8Mar18.reaxc.hns.g++.1
2023-05-18T20:16:00.665131179Z data.hns-equil	in.reaxc.hns	 log.8Mar18.reaxc.hns.g++.4
2023-05-18T20:16:00.665383131Z End of file listing, if you see nothing above there are no files.
2023-05-18T20:16:00.667515554Z flux R encode --hosts=flux-sample-[0-3]
2023-05-18T20:16:00.682505758Z
2023-05-18T20:16:00.682552093Z ðŸ“¦ Resources
2023-05-18T20:16:00.684106417Z {"version": 1, "execution": {"R_lite": [{"rank": "0-3", "children": {"core": "0"}}], "starttime": 0.0, "expiration": 0.0, "nodelist": ["flux-sample-[0-3]"]}}
2023-05-18T20:16:00.684317791Z
2023-05-18T20:16:00.684334689Z ðŸ¸ Diagnostics: false
2023-05-18T20:16:00.684590791Z ðŸš©ï¸ Flux Option Flags defined
2023-05-18T20:16:00.688556574Z
2023-05-18T20:16:00.688586617Z ðŸ¦Š Independent Minister of Privilege
2023-05-18T20:16:00.689969941Z [exec]
2023-05-18T20:16:00.689990398Z allowed-users = [ "flux", "root" ]
2023-05-18T20:16:00.689998911Z allowed-shells = [ "/usr/libexec/flux/flux-shell" ]
2023-05-18T20:16:00.690229335Z
2023-05-18T20:16:00.690245088Z ðŸ¸ Broker Configuration
2023-05-18T20:16:00.691782116Z # Flux needs to know the path to the IMP executable
2023-05-18T20:16:00.691802335Z [exec]
2023-05-18T20:16:00.691810276Z imp = "/usr/libexec/flux/flux-imp"
2023-05-18T20:16:00.691816866Z
2023-05-18T20:16:00.691823159Z [access]
2023-05-18T20:16:00.691830350Z allow-guest-user = true
2023-05-18T20:16:00.691837537Z allow-root-owner = true
2023-05-18T20:16:00.691843650Z
2023-05-18T20:16:00.691850550Z # Point to resource definition generated with flux-R(1).
2023-05-18T20:16:00.691858138Z [resource]
2023-05-18T20:16:00.691866564Z path = "/etc/flux/system/R"
2023-05-18T20:16:00.691872923Z
2023-05-18T20:16:00.691879520Z [bootstrap]
2023-05-18T20:16:00.691887188Z curve_cert = "/etc/curve/curve.cert"
2023-05-18T20:16:00.691894017Z default_port = 8050
2023-05-18T20:16:00.691901433Z default_bind = "tcp://eth0:%p"
2023-05-18T20:16:00.691909464Z default_connect = "tcp://%h.flux-service.flux-operator.svc.cluster.local:%p"
2023-05-18T20:16:00.691918103Z hosts = [
2023-05-18T20:16:00.691927167Z 	{ host="flux-sample-[0-3]"},
2023-05-18T20:16:00.691934540Z ]
2023-05-18T20:16:00.691941185Z
2023-05-18T20:16:00.691947744Z [archive]
2023-05-18T20:16:00.691954574Z dbpath = "/var/lib/flux/job-archive.sqlite"
2023-05-18T20:16:00.691961326Z period = "1m"
2023-05-18T20:16:00.776289962Z busytimeout = "50s"
2023-05-18T20:16:00.776317373Z ðŸ§Šï¸ State Directory:
2023-05-18T20:16:00.776323967Z total 0
2023-05-18T20:16:00.776328840Z
2023-05-18T20:16:00.779733732Z
2023-05-18T20:16:00.779760136Z ðŸ”’ï¸ Working directory permissions:
2023-05-18T20:16:00.779766118Z total 96
2023-05-18T20:16:00.779771791Z -rwxrwxrwx 1 flux root  2517 May 17 22:32 README.txt
2023-05-18T20:16:00.779776861Z -rwxrwxrwx 1 flux root 54692 May 17 22:32 data.hns-equil
2023-05-18T20:16:00.779781936Z -rwxrwxrwx 1 flux root 13576 May 17 22:32 ffield.reax.hns
2023-05-18T20:16:00.779787069Z -rwxrwxrwx 1 flux root   870 May 17 22:32 in.reaxc.hns
2023-05-18T20:16:00.779794105Z -rwxrwxrwx 1 flux root  4172 May 17 22:32 log.8Mar18.reaxc.hns.g++.1
2023-05-18T20:16:00.779961533Z -rwxrwxrwx 1 flux root  4168 May 17 22:32 log.8Mar18.reaxc.hns.g++.4
2023-05-18T20:16:00.779970469Z
2023-05-18T20:16:00.779977215Z
2023-05-18T20:16:00.779984430Z âœ¨ Curve certificate generated by helper pod
2023-05-18T20:16:00.781564944Z #   ****  Generated on 2023-04-26 22:54:42 by CZMQ  ****
2023-05-18T20:16:00.781585470Z #   ZeroMQ CURVE **Secret** Certificate
2023-05-18T20:16:00.781593783Z #   DO NOT PROVIDE THIS FILE TO OTHER USERS nor change its permissions.
2023-05-18T20:16:00.781601008Z
2023-05-18T20:16:00.781607949Z metadata
2023-05-18T20:16:00.781615185Z     name = "flux-cert-generator"
2023-05-18T20:16:00.781623366Z     keygen.hostname = "flux-sample-0"
2023-05-18T20:16:00.781630640Z curve
2023-05-18T20:16:00.781637446Z     public-key = "oT>?vu8kyLU3!^HK=E]zH4h*!UXXU>7CiWK6oSow"
2023-05-18T20:16:00.781644057Z     secret-key = "?5m>0S[U>ckwKPcc?Ro^3zfemY2Ft&Y.U?-nh(v4"
2023-05-18T20:16:00.784231739Z
2023-05-18T20:16:00.784334098Z ðŸŒ€  flux start --wrap=strace,-e,network,-tt -o --config /etc/flux/config -Scron.directory=/etc/flux/system/cron.d   -Stbon.fanout=256   -Srundir=/run/flux    -Sstatedir=/var/lib/flux   -Slocal-uri=local:///run/flux/local -Stbon.connect_timeout=5s  -Stbon.zmqdebug=1  -Slog-stderr-level=6    -Slog-stderr-mode=local
2023-05-18T20:16:00.828495161Z 20:16:00.828214 socket(AF_NETLINK, SOCK_RAW, NETLINK_ROUTE) = 8
2023-05-18T20:16:00.828636418Z 20:16:00.828487 bind(8, {sa_family=AF_NETLINK, nl_pid=0, nl_groups=00000000}, 12) = 0
2023-05-18T20:16:00.828785399Z 20:16:00.828610 getsockname(8, {sa_family=AF_NETLINK, nl_pid=70, nl_groups=00000000}, [12]) = 0
2023-05-18T20:16:00.829113676Z 20:16:00.828751 sendto(8, {{len=20, type=RTM_GETADDR, flags=NLM_F_REQUEST|NLM_F_DUMP, seq=1684440960, pid=0}, {ifa_family=AF_UNSPEC, ...}}, 20, 0, {sa_family=AF_NETLINK, nl_pid=0, nl_groups=00000000}, 12) = 20
2023-05-18T20:16:00.829425367Z 20:16:00.829016 recvmsg(8, {msg_name={sa_family=AF_NETLINK, nl_pid=0, nl_groups=00000000}, msg_namelen=12, msg_iov=[{iov_base=[{{len=76, type=RTM_NEWADDR, flags=NLM_F_MULTI, seq=1684440960, pid=70}, {ifa_family=AF_INET, ifa_prefixlen=8, ifa_flags=IFA_F_PERMANENT, ifa_scope=RT_SCOPE_HOST, ifa_index=if_nametoindex("lo")}, [{{nla_len=8, nla_type=IFA_ADDRESS}, 127.0.0.1}, {{nla_len=8, nla_type=IFA_LOCAL}, 127.0.0.1}, {{nla_len=7, nla_type=IFA_LABEL}, "lo"}, {{nla_len=8, nla_type=IFA_FLAGS}, IFA_F_PERMANENT}, {{nla_len=20, nla_type=IFA_CACHEINFO}, {ifa_prefered=4294967295, ifa_valid=4294967295, cstamp=2150650, tstamp=2150650}}]}, {{len=88, type=RTM_NEWADDR, flags=NLM_F_MULTI, seq=1684440960, pid=70}, {ifa_family=AF_INET, ifa_prefixlen=24, ifa_flags=IFA_F_PERMANENT, ifa_scope=RT_SCOPE_UNIVERSE, ifa_index=if_nametoindex("eth0")}, [{{nla_len=8, nla_type=IFA_ADDRESS}, 10.24.1.112}, {{nla_len=8, nla_type=IFA_LOCAL}, 10.24.1.112}, {{nla_len=8, nla_type=IFA_BROADCAST}, 10.24.1.255}, {{nla_len=9, nla_type=IFA_LABEL}, "eth0"}, {{nla_len=8, nla_type=IFA_FLAGS}, IFA_F_PERMANENT}, {{nla_len=20, nla_type=IFA_CACHEINFO}, {ifa_prefered=4294967295, ifa_valid=4294967295, cstamp=2150653, tstamp=2150653}}]}], iov_len=4096}], msg_iovlen=1, msg_controllen=0, msg_flags=0}, 0) = 164
2023-05-18T20:16:00.829595456Z 20:16:00.829321 recvmsg(8, {msg_name={sa_family=AF_NETLINK, nl_pid=0, nl_groups=00000000}, msg_namelen=12, msg_iov=[{iov_base={{len=20, type=NLMSG_DONE, flags=NLM_F_MULTI, seq=1684440960, pid=70}, 0}, iov_len=4096}], msg_iovlen=1, msg_controllen=0, msg_flags=0}, 0) = 20
2023-05-18T20:16:00.830376269Z 20:16:00.830184 socket(AF_UNIX, SOCK_STREAM|SOCK_CLOEXEC|SOCK_NONBLOCK, 0) = 8
2023-05-18T20:16:00.830673099Z 20:16:00.830328 connect(8, {sa_family=AF_UNIX, sun_path="/var/run/nscd/socket"}, 110) = -1 ENOENT (No such file or directory)
2023-05-18T20:16:00.830868580Z 20:16:00.830734 socket(AF_UNIX, SOCK_STREAM|SOCK_CLOEXEC|SOCK_NONBLOCK, 0) = 8
2023-05-18T20:16:00.831110380Z 20:16:00.830870 connect(8, {sa_family=AF_UNIX, sun_path="/var/run/nscd/socket"}, 110) = -1 ENOENT (No such file or directory)
2023-05-18T20:16:00.833436720Z 20:16:00.833185 socket(AF_INET, SOCK_DGRAM|SOCK_CLOEXEC|SOCK_NONBLOCK, IPPROTO_IP) = 8
2023-05-18T20:16:00.833486274Z 20:16:00.833277 connect(8, {sa_family=AF_INET, sin_port=htons(53), sin_addr=inet_addr("169.254.169.254")}, 16) = 0
2023-05-18T20:16:00.833893694Z 20:16:00.833479 sendto(8, "%g\1\0\0\1\0\0\0\0\0\0\rflux-sample-0\fflux-"..., 76, MSG_NOSIGNAL, NULL, 0) = 76
2023-05-18T20:16:00.837993369Z 20:16:00.837723 recvfrom(8, "%g\201\203\0\1\0\0\0\1\0\0\rflux-sample-0\fflux-"..., 1024, 0, {sa_family=AF_INET, sin_port=htons(53), sin_addr=inet_addr("169.254.169.254")}, [28->16]) = 172
2023-05-18T20:16:00.838229799Z 20:16:00.838008 socket(AF_INET, SOCK_DGRAM|SOCK_CLOEXEC|SOCK_NONBLOCK, IPPROTO_IP) = 8
2023-05-18T20:16:00.838244947Z 20:16:00.838107 connect(8, {sa_family=AF_INET, sin_port=htons(53), sin_addr=inet_addr("169.254.169.254")}, 16) = 0
2023-05-18T20:16:00.838508615Z 20:16:00.838231 sendto(8, "'`\1\0\0\1\0\0\0\0\0\0\rflux-sample-0\fflux-"..., 108, MSG_NOSIGNAL, NULL, 0) = 108
2023-05-18T20:16:00.842303822Z 20:16:00.842082 recvfrom(8, "'`\201\203\0\1\0\0\0\1\0\0\rflux-sample-0\fflux-"..., 1024, 0, {sa_family=AF_INET, sin_port=htons(53), sin_addr=inet_addr("169.254.169.254")}, [28->16]) = 204
2023-05-18T20:16:00.842464689Z 20:16:00.842270 socket(AF_INET, SOCK_DGRAM|SOCK_CLOEXEC|SOCK_NONBLOCK, IPPROTO_IP) = 8
2023-05-18T20:16:00.842551677Z 20:16:00.842360 connect(8, {sa_family=AF_INET, sin_port=htons(53), sin_addr=inet_addr("169.254.169.254")}, 16) = 0
2023-05-18T20:16:00.842809577Z 20:16:00.842516 sendto(8, "i\207\1\0\0\1\0\0\0\0\0\0\rflux-sample-0\fflux-"..., 94, MSG_NOSIGNAL, NULL, 0) = 94
2023-05-18T20:16:00.846304691Z 20:16:00.845979 recvfrom(8, "i\207\201\203\0\1\0\0\0\1\0\0\rflux-sample-0\fflux-"..., 1024, 0, {sa_family=AF_INET, sin_port=htons(53), sin_addr=inet_addr("169.254.169.254")}, [28->16]) = 190
2023-05-18T20:16:00.846613157Z 20:16:00.846344 socket(AF_INET, SOCK_DGRAM|SOCK_CLOEXEC|SOCK_NONBLOCK, IPPROTO_IP) = 8
2023-05-18T20:16:00.846630183Z 20:16:00.846460 connect(8, {sa_family=AF_INET, sin_port=htons(53), sin_addr=inet_addr("169.254.169.254")}, 16) = 0
2023-05-18T20:16:00.846907980Z 20:16:00.846593 sendto(8, "\376\212\1\0\0\1\0\0\0\0\0\0\rflux-sample-0\fflux-"..., 90, MSG_NOSIGNAL, NULL, 0) = 90
2023-05-18T20:16:00.850072062Z 20:16:00.849633 recvfrom(8, "\376\212\201\203\0\1\0\0\0\1\0\0\rflux-sample-0\fflux-"..., 1024, 0, {sa_family=AF_INET, sin_port=htons(53), sin_addr=inet_addr("169.254.169.254")}, [28->16]) = 186
2023-05-18T20:16:00.850308074Z 20:16:00.850094 socket(AF_INET, SOCK_DGRAM|SOCK_CLOEXEC|SOCK_NONBLOCK, IPPROTO_IP) = 8
2023-05-18T20:16:00.850515319Z 20:16:00.850277 connect(8, {sa_family=AF_INET, sin_port=htons(53), sin_addr=inet_addr("169.254.169.254")}, 16) = 0
2023-05-18T20:16:00.850815956Z 20:16:00.850500 sendto(8, "\250\363\1\0\0\1\0\0\0\0\0\0\rflux-sample-0\fflux-"..., 111, MSG_NOSIGNAL, NULL, 0) = 111
2023-05-18T20:16:00.865702688Z 20:16:00.865291 recvfrom(8, "\250\363\201\203\0\1\0\0\0\1\0\0\rflux-sample-0\fflux-"..., 1024, 0, {sa_family=AF_INET, sin_port=htons(53), sin_addr=inet_addr("169.254.169.254")}, [28->16]) = 205
2023-05-18T20:16:00.865862455Z 20:16:00.865662 socket(AF_INET, SOCK_DGRAM|SOCK_CLOEXEC|SOCK_NONBLOCK, IPPROTO_IP) = 8
2023-05-18T20:16:00.866008724Z 20:16:00.865808 connect(8, {sa_family=AF_INET, sin_port=htons(53), sin_addr=inet_addr("169.254.169.254")}, 16) = 0
2023-05-18T20:16:00.866286899Z 20:16:00.865994 sendto(8, "(Y\1\0\0\1\0\0\0\0\0\0\rflux-sample-0\fflux-"..., 97, MSG_NOSIGNAL, NULL, 0) = 97
2023-05-18T20:16:00.872497056Z 20:16:00.872173 recvfrom(8, "(Y\201\203\0\1\0\0\0\1\0\0\rflux-sample-0\fflux-"..., 1024, 0, {sa_family=AF_INET, sin_port=htons(53), sin_addr=inet_addr("169.254.169.254")}, [28->16]) = 186
2023-05-18T20:16:00.872811051Z 20:16:00.872655 socket(AF_INET, SOCK_DGRAM|SOCK_CLOEXEC|SOCK_NONBLOCK, IPPROTO_IP) = 8
2023-05-18T20:16:00.872990190Z 20:16:00.872825 connect(8, {sa_family=AF_INET, sin_port=htons(53), sin_addr=inet_addr("169.254.169.254")}, 16) = 0
2023-05-18T20:16:00.873437766Z 20:16:00.873078 sendto(8, "F\206\1\0\0\1\0\0\0\0\0\0\rflux-sample-0\fflux-"..., 92, MSG_NOSIGNAL, NULL, 0) = 92
2023-05-18T20:16:00.879136251Z 20:16:00.878871 recvfrom(8, "F\206\201\203\0\1\0\0\0\1\0\0\rflux-sample-0\fflux-"..., 1024, 0, {sa_family=AF_INET, sin_port=htons(53), sin_addr=inet_addr("169.254.169.254")}, [28->16]) = 181
2023-05-18T20:16:00.879281443Z broker.err[3]: Warning: unable to resolve upstream peer flux-sample-0.flux-service.flux-operator.svc.cluster.local: Name or service not known
2023-05-18T20:16:00.885570150Z broker.info[3]: start: none->join 2.47241ms
2023-05-18T20:16:01.514290973Z broker.info[3]: parent-ready: join->init 0.628504s
2023-05-18T20:16:01.514633327Z 20:16:01.514308 socketpair(AF_UNIX, SOCK_STREAM|SOCK_CLOEXEC, 0, [22, 23]) = 0
2023-05-18T20:16:01.515318887Z 20:16:01.514991 socketpair(AF_UNIX, SOCK_STREAM, 0, [24, 25]) = 0
2023-05-18T20:16:01.515460388Z 20:16:01.515300 socketpair(AF_UNIX, SOCK_STREAM, 0, [26, 27]) = 0
2023-05-18T20:16:01.515855880Z 20:16:01.515616 socketpair(AF_UNIX, SOCK_STREAM, 0, [28, 29]) = 0
2023-05-18T20:16:01.542577366Z broker.info[3]: configuration updated
2023-05-18T20:16:01.670596598Z broker.info[3]: rc1.0: running /etc/flux/rc1.d/01-sched-fluxion
2023-05-18T20:16:01.684490489Z broker.info[3]: rc1.0: running /etc/flux/rc1.d/02-cron
2023-05-18T20:16:01.717642455Z broker.info[3]: rc1.0: /etc/flux/rc1 Exited (rc=0) 0.2s
2023-05-18T20:16:01.718321859Z broker.info[3]: rc1-success: init->quorum 0.203749s
2023-05-18T20:16:01.869733755Z broker.info[3]: quorum-full: quorum->run 0.151258s
2023-05-18T20:16:02.469171525Z 20:16:02.468796 socketpair(AF_UNIX, SOCK_STREAM|SOCK_CLOEXEC, 0, [22, 23]) = 0
2023-05-18T20:16:02.469768992Z 20:16:02.468980 socketpair(AF_UNIX, SOCK_STREAM, 0, [24, 25]) = 0
2023-05-18T20:16:02.470005562Z 20:16:02.469175 socketpair(AF_UNIX, SOCK_STREAM, 0, [26, 28]) = 0
2023-05-18T20:16:02.470199471Z 20:16:02.469349 socketpair(AF_UNIX, SOCK_STREAM, 0, [58, 59]) = 0
2023-05-18T20:16:13.140016431Z broker.info[3]: shutdown: run->cleanup 11.2699s
2023-05-18T20:16:13.142090372Z broker.info[3]: cleanup-none: cleanup->shutdown 1.16518ms
2023-05-18T20:16:13.144140130Z broker.info[3]: children-none: shutdown->finalize 1.05185ms
2023-05-18T20:16:13.144903352Z 20:16:13.144617 socketpair(AF_UNIX, SOCK_STREAM|SOCK_CLOEXEC, 0, [22, 23]) = 0
2023-05-18T20:16:13.145243820Z 20:16:13.145012 socketpair(AF_UNIX, SOCK_STREAM, 0, [24, 25]) = 0
2023-05-18T20:16:13.145788215Z 20:16:13.145468 socketpair(AF_UNIX, SOCK_STREAM, 0, [26, 28]) = 0
2023-05-18T20:16:13.146226761Z 20:16:13.145988 socketpair(AF_UNIX, SOCK_STREAM, 0, [58, 59]) = 0
2023-05-18T20:16:13.163922141Z broker.info[3]: rc3.0: running /etc/flux/rc3.d/01-sched-fluxion
2023-05-18T20:16:13.292107358Z broker.info[3]: rc3.0: /etc/flux/rc3 Exited (rc=0) 0.1s
2023-05-18T20:16:13.293417545Z broker.info[3]: rc3-success: finalize->goodbye 0.148632s
2023-05-18T20:16:13.295166399Z broker.info[3]: goodbye: goodbye->exit 1.0298ms
2023-05-18T20:16:13.311364898Z 20:16:13.311145 +++ exited with 0 +++
2023-05-18T20:16:13.312830742Z Return value for follower worker is 0
2023-05-18T20:16:13.312970636Z The follower worker exited cleanly. Goodbye!
