2023-05-18T20:45:18.389104160Z
2023-05-18T20:45:18.389235222Z Flux username: flux
2023-05-18T20:45:18.389244408Z
2023-05-18T20:45:18.389251344Z Flux install root: /usr
2023-05-18T20:45:18.440043071Z flux user is already added.
2023-05-18T20:45:18.443469180Z flux user identifiers:
2023-05-18T20:45:18.443510629Z uid=1234(flux) gid=1234(flux) groups=1234(flux)
2023-05-18T20:45:18.443656168Z
2023-05-18T20:45:18.443670459Z As Flux prefix for flux commands: sudo -u flux -E PYTHONPATH=/opt/conda/lib/python3.10/site-packages -E PATH=/opt/conda/bin:/usr/local/sbin:/usr/local/bin:/usr/sbin:/usr/bin:/sbin:/bin -E LD_LIBRARY_PATH=/opt/conda/lib -E HOME=/home/flux
2023-05-18T20:45:18.453434601Z
2023-05-18T20:45:18.453477635Z 👋 Hello, I'm flux-sample-1
2023-05-18T20:45:18.453593034Z The main host is flux-sample-0
2023-05-18T20:45:18.453604561Z The working directory is /home/flux/examples/reaxff/HNS, contents include:
2023-05-18T20:45:18.455544357Z /home/flux/examples/reaxff/HNS:
2023-05-18T20:45:18.455708296Z README.txt	ffield.reax.hns  log.8Mar18.reaxc.hns.g++.1
2023-05-18T20:45:18.455720292Z data.hns-equil	in.reaxc.hns	 log.8Mar18.reaxc.hns.g++.4
2023-05-18T20:45:18.456036066Z End of file listing, if you see nothing above there are no files.
2023-05-18T20:45:18.458355870Z flux R encode --hosts=flux-sample-[0-3]
2023-05-18T20:45:18.475512732Z
2023-05-18T20:45:18.475548350Z 📦 Resources
2023-05-18T20:45:18.477075845Z {"version": 1, "execution": {"R_lite": [{"rank": "0-3", "children": {"core": "0"}}], "starttime": 0.0, "expiration": 0.0, "nodelist": ["flux-sample-[0-3]"]}}
2023-05-18T20:45:18.477340752Z
2023-05-18T20:45:18.477366396Z 🐸 Diagnostics: false
2023-05-18T20:45:18.477519076Z 🚩️ Flux Option Flags defined
2023-05-18T20:45:18.481615583Z
2023-05-18T20:45:18.481655716Z 🦊 Independent Minister of Privilege
2023-05-18T20:45:18.483006153Z [exec]
2023-05-18T20:45:18.483038761Z allowed-users = [ "flux", "root" ]
2023-05-18T20:45:18.483045588Z allowed-shells = [ "/usr/libexec/flux/flux-shell" ]
2023-05-18T20:45:18.483231323Z
2023-05-18T20:45:18.483247575Z 🐸 Broker Configuration
2023-05-18T20:45:18.484565714Z # Flux needs to know the path to the IMP executable
2023-05-18T20:45:18.484600287Z [exec]
2023-05-18T20:45:18.484607676Z imp = "/usr/libexec/flux/flux-imp"
2023-05-18T20:45:18.484612307Z
2023-05-18T20:45:18.484617442Z [access]
2023-05-18T20:45:18.484625423Z allow-guest-user = true
2023-05-18T20:45:18.484631270Z allow-root-owner = true
2023-05-18T20:45:18.484635548Z
2023-05-18T20:45:18.484640601Z # Point to resource definition generated with flux-R(1).
2023-05-18T20:45:18.484645613Z [resource]
2023-05-18T20:45:18.484651761Z path = "/etc/flux/system/R"
2023-05-18T20:45:18.484656088Z
2023-05-18T20:45:18.484660884Z [bootstrap]
2023-05-18T20:45:18.484668172Z curve_cert = "/etc/curve/curve.cert"
2023-05-18T20:45:18.484674549Z default_port = 8050
2023-05-18T20:45:18.484679361Z default_bind = "tcp://eth0:%p"
2023-05-18T20:45:18.484685823Z default_connect = "tcp://%h.flux-service.flux-operator.svc.cluster.local:%p"
2023-05-18T20:45:18.484690722Z hosts = [
2023-05-18T20:45:18.484695549Z 	{ host="flux-sample-[0-3]"},
2023-05-18T20:45:18.484700441Z ]
2023-05-18T20:45:18.484704616Z
2023-05-18T20:45:18.484711040Z [archive]
2023-05-18T20:45:18.484718004Z dbpath = "/var/lib/flux/job-archive.sqlite"
2023-05-18T20:45:18.484723670Z period = "1m"
2023-05-18T20:45:18.574570151Z busytimeout = "50s"
2023-05-18T20:45:18.574610018Z 🧊️ State Directory:
2023-05-18T20:45:18.574616400Z total 0
2023-05-18T20:45:18.574621466Z
2023-05-18T20:45:18.578302691Z
2023-05-18T20:45:18.578347969Z 🔒️ Working directory permissions:
2023-05-18T20:45:18.578354742Z total 96
2023-05-18T20:45:18.578363238Z -rwxrwxrwx 1 flux root  2517 May 17 22:32 README.txt
2023-05-18T20:45:18.578368365Z -rwxrwxrwx 1 flux root 54692 May 17 22:32 data.hns-equil
2023-05-18T20:45:18.578373438Z -rwxrwxrwx 1 flux root 13576 May 17 22:32 ffield.reax.hns
2023-05-18T20:45:18.578378220Z -rwxrwxrwx 1 flux root   870 May 17 22:32 in.reaxc.hns
2023-05-18T20:45:18.578383617Z -rwxrwxrwx 1 flux root  4172 May 17 22:32 log.8Mar18.reaxc.hns.g++.1
2023-05-18T20:45:18.578388567Z -rwxrwxrwx 1 flux root  4168 May 17 22:32 log.8Mar18.reaxc.hns.g++.4
2023-05-18T20:45:18.578395557Z
2023-05-18T20:45:18.578563929Z
2023-05-18T20:45:18.578576305Z ✨ Curve certificate generated by helper pod
2023-05-18T20:45:18.580190119Z #   ****  Generated on 2023-04-26 22:54:42 by CZMQ  ****
2023-05-18T20:45:18.580224900Z #   ZeroMQ CURVE **Secret** Certificate
2023-05-18T20:45:18.580231913Z #   DO NOT PROVIDE THIS FILE TO OTHER USERS nor change its permissions.
2023-05-18T20:45:18.580237308Z
2023-05-18T20:45:18.580242557Z metadata
2023-05-18T20:45:18.580248068Z     name = "flux-cert-generator"
2023-05-18T20:45:18.580255240Z     keygen.hostname = "flux-sample-0"
2023-05-18T20:45:18.580261694Z curve
2023-05-18T20:45:18.580267155Z     public-key = "5}{FNDyd{(^AY<t7anG^>)cTq<uMYtcq1J$qlEfD"
2023-05-18T20:45:18.580272632Z     secret-key = "14sM&&gDQN2AVZ@fSRpS4{%vO12$P9gdENGM<XTT"
2023-05-18T20:45:18.583012851Z
2023-05-18T20:45:18.583039962Z 🌀  flux start --wrap=strace,-e,network,-tt -o --config /etc/flux/config -Scron.directory=/etc/flux/system/cron.d   -Stbon.fanout=256   -Srundir=/run/flux    -Sstatedir=/var/lib/flux   -Slocal-uri=local:///run/flux/local -Stbon.connect_timeout=9s  -Stbon.zmqdebug=1  -Slog-stderr-level=6    -Slog-stderr-mode=local
2023-05-18T20:45:18.632221125Z 20:45:18.631852 socket(AF_NETLINK, SOCK_RAW, NETLINK_ROUTE) = 8
2023-05-18T20:45:18.632477082Z 20:45:18.632297 bind(8, {sa_family=AF_NETLINK, nl_pid=0, nl_groups=00000000}, 12) = 0
2023-05-18T20:45:18.632710749Z 20:45:18.632504 getsockname(8, {sa_family=AF_NETLINK, nl_pid=71, nl_groups=00000000}, [12]) = 0
2023-05-18T20:45:18.633236001Z 20:45:18.632737 sendto(8, {{len=20, type=RTM_GETADDR, flags=NLM_F_REQUEST|NLM_F_DUMP, seq=1684442718, pid=0}, {ifa_family=AF_UNSPEC, ...}}, 20, 0, {sa_family=AF_NETLINK, nl_pid=0, nl_groups=00000000}, 12) = 20
2023-05-18T20:45:18.633792688Z 20:45:18.633296 recvmsg(8, {msg_name={sa_family=AF_NETLINK, nl_pid=0, nl_groups=00000000}, msg_namelen=12, msg_iov=[{iov_base=[{{len=76, type=RTM_NEWADDR, flags=NLM_F_MULTI, seq=1684442718, pid=71}, {ifa_family=AF_INET, ifa_prefixlen=8, ifa_flags=IFA_F_PERMANENT, ifa_scope=RT_SCOPE_HOST, ifa_index=if_nametoindex("lo")}, [{{nla_len=8, nla_type=IFA_ADDRESS}, 127.0.0.1}, {{nla_len=8, nla_type=IFA_LOCAL}, 127.0.0.1}, {{nla_len=7, nla_type=IFA_LABEL}, "lo"}, {{nla_len=8, nla_type=IFA_FLAGS}, IFA_F_PERMANENT}, {{nla_len=20, nla_type=IFA_CACHEINFO}, {ifa_prefered=4294967295, ifa_valid=4294967295, cstamp=2326177, tstamp=2326177}}]}, {{len=88, type=RTM_NEWADDR, flags=NLM_F_MULTI, seq=1684442718, pid=71}, {ifa_family=AF_INET, ifa_prefixlen=24, ifa_flags=IFA_F_PERMANENT, ifa_scope=RT_SCOPE_UNIVERSE, ifa_index=if_nametoindex("eth0")}, [{{nla_len=8, nla_type=IFA_ADDRESS}, 10.24.3.143}, {{nla_len=8, nla_type=IFA_LOCAL}, 10.24.3.143}, {{nla_len=8, nla_type=IFA_BROADCAST}, 10.24.3.255}, {{nla_len=9, nla_type=IFA_LABEL}, "eth0"}, {{nla_len=8, nla_type=IFA_FLAGS}, IFA_F_PERMANENT}, {{nla_len=20, nla_type=IFA_CACHEINFO}, {ifa_prefered=4294967295, ifa_valid=4294967295, cstamp=2326181, tstamp=2326181}}]}], iov_len=4096}], msg_iovlen=1, msg_controllen=0, msg_flags=0}, 0) = 164
2023-05-18T20:45:18.633924812Z 20:45:18.633651 recvmsg(8, {msg_name={sa_family=AF_NETLINK, nl_pid=0, nl_groups=00000000}, msg_namelen=12, msg_iov=[{iov_base={{len=20, type=NLMSG_DONE, flags=NLM_F_MULTI, seq=1684442718, pid=71}, 0}, iov_len=4096}], msg_iovlen=1, msg_controllen=0, msg_flags=0}, 0) = 20
2023-05-18T20:45:18.635314718Z 20:45:18.635031 socket(AF_UNIX, SOCK_STREAM|SOCK_CLOEXEC|SOCK_NONBLOCK, 0) = 8
2023-05-18T20:45:18.635561430Z 20:45:18.635264 connect(8, {sa_family=AF_UNIX, sun_path="/var/run/nscd/socket"}, 110) = -1 ENOENT (No such file or directory)
2023-05-18T20:45:18.635781039Z 20:45:18.635593 socket(AF_UNIX, SOCK_STREAM|SOCK_CLOEXEC|SOCK_NONBLOCK, 0) = 8
2023-05-18T20:45:18.635893987Z 20:45:18.635695 connect(8, {sa_family=AF_UNIX, sun_path="/var/run/nscd/socket"}, 110) = -1 ENOENT (No such file or directory)
2023-05-18T20:45:18.638012863Z 20:45:18.637804 socket(AF_INET, SOCK_DGRAM|SOCK_CLOEXEC|SOCK_NONBLOCK, IPPROTO_IP) = 8
2023-05-18T20:45:18.638302820Z 20:45:18.637962 connect(8, {sa_family=AF_INET, sin_port=htons(53), sin_addr=inet_addr("169.254.169.254")}, 16) = 0
2023-05-18T20:45:18.638989549Z 20:45:18.638265 sendto(8, "\244\354\1\0\0\1\0\0\0\0\0\0\rflux-sample-0\fflux-"..., 76, MSG_NOSIGNAL, NULL, 0) = 76
2023-05-18T20:45:18.642752179Z 20:45:18.642361 recvfrom(8, "\244\354\201\203\0\1\0\0\0\1\0\0\rflux-sample-0\fflux-"..., 1024, 0, {sa_family=AF_INET, sin_port=htons(53), sin_addr=inet_addr("169.254.169.254")}, [28->16]) = 172
2023-05-18T20:45:18.643118903Z 20:45:18.642783 socket(AF_INET, SOCK_DGRAM|SOCK_CLOEXEC|SOCK_NONBLOCK, IPPROTO_IP) = 8
2023-05-18T20:45:18.643188891Z 20:45:18.642945 connect(8, {sa_family=AF_INET, sin_port=htons(53), sin_addr=inet_addr("169.254.169.254")}, 16) = 0
2023-05-18T20:45:18.643572834Z 20:45:18.643094 sendto(8, "\316\337\1\0\0\1\0\0\0\0\0\0\rflux-sample-0\fflux-"..., 108, MSG_NOSIGNAL, NULL, 0) = 108
2023-05-18T20:45:18.647430621Z 20:45:18.647094 recvfrom(8, "\316\337\201\203\0\1\0\0\0\1\0\0\rflux-sample-0\fflux-"..., 1024, 0, {sa_family=AF_INET, sin_port=htons(53), sin_addr=inet_addr("169.254.169.254")}, [28->16]) = 204
2023-05-18T20:45:18.647719062Z 20:45:18.647434 socket(AF_INET, SOCK_DGRAM|SOCK_CLOEXEC|SOCK_NONBLOCK, IPPROTO_IP) = 8
2023-05-18T20:45:18.647875435Z 20:45:18.647611 connect(8, {sa_family=AF_INET, sin_port=htons(53), sin_addr=inet_addr("169.254.169.254")}, 16) = 0
2023-05-18T20:45:18.648263313Z 20:45:18.647847 sendto(8, "\341\324\1\0\0\1\0\0\0\0\0\0\rflux-sample-0\fflux-"..., 94, MSG_NOSIGNAL, NULL, 0) = 94
2023-05-18T20:45:18.651770485Z 20:45:18.651485 recvfrom(8, "\341\324\201\203\0\1\0\0\0\1\0\0\rflux-sample-0\fflux-"..., 1024, 0, {sa_family=AF_INET, sin_port=htons(53), sin_addr=inet_addr("169.254.169.254")}, [28->16]) = 190
2023-05-18T20:45:18.651947680Z 20:45:18.651789 socket(AF_INET, SOCK_DGRAM|SOCK_CLOEXEC|SOCK_NONBLOCK, IPPROTO_IP) = 8
2023-05-18T20:45:18.652078167Z 20:45:18.651921 connect(8, {sa_family=AF_INET, sin_port=htons(53), sin_addr=inet_addr("169.254.169.254")}, 16) = 0
2023-05-18T20:45:18.652366538Z 20:45:18.652094 sendto(8, "\366\370\1\0\0\1\0\0\0\0\0\0\rflux-sample-0\fflux-"..., 90, MSG_NOSIGNAL, NULL, 0) = 90
2023-05-18T20:45:18.656859054Z 20:45:18.656186 recvfrom(8, "\366\370\201\203\0\1\0\0\0\1\0\0\rflux-sample-0\fflux-"..., 1024, 0, {sa_family=AF_INET, sin_port=htons(53), sin_addr=inet_addr("169.254.169.254")}, [28->16]) = 186
2023-05-18T20:45:18.656893794Z 20:45:18.656434 socket(AF_INET, SOCK_DGRAM|SOCK_CLOEXEC|SOCK_NONBLOCK, IPPROTO_IP) = 8
2023-05-18T20:45:18.656902208Z 20:45:18.656523 connect(8, {sa_family=AF_INET, sin_port=htons(53), sin_addr=inet_addr("169.254.169.254")}, 16) = 0
2023-05-18T20:45:18.657164877Z 20:45:18.656641 sendto(8, "\244\365\1\0\0\1\0\0\0\0\0\0\rflux-sample-0\fflux-"..., 111, MSG_NOSIGNAL, NULL, 0) = 111
2023-05-18T20:45:18.663173712Z 20:45:18.662504 recvfrom(8, "\244\365\201\203\0\1\0\0\0\1\0\0\rflux-sample-0\fflux-"..., 1024, 0, {sa_family=AF_INET, sin_port=htons(53), sin_addr=inet_addr("169.254.169.254")}, [28->16]) = 205
2023-05-18T20:45:18.663378360Z 20:45:18.663102 socket(AF_INET, SOCK_DGRAM|SOCK_CLOEXEC|SOCK_NONBLOCK, IPPROTO_IP) = 8
2023-05-18T20:45:18.663456771Z 20:45:18.663286 connect(8, {sa_family=AF_INET, sin_port=htons(53), sin_addr=inet_addr("169.254.169.254")}, 16) = 0
2023-05-18T20:45:18.663878872Z 20:45:18.663478 sendto(8, "\217\355\1\0\0\1\0\0\0\0\0\0\rflux-sample-0\fflux-"..., 97, MSG_NOSIGNAL, NULL, 0) = 97
2023-05-18T20:45:18.669502954Z 20:45:18.669165 recvfrom(8, "\217\355\201\203\0\1\0\0\0\1\0\0\rflux-sample-0\fflux-"..., 1024, 0, {sa_family=AF_INET, sin_port=htons(53), sin_addr=inet_addr("169.254.169.254")}, [28->16]) = 186
2023-05-18T20:45:18.669736091Z 20:45:18.669598 socket(AF_INET, SOCK_DGRAM|SOCK_CLOEXEC|SOCK_NONBLOCK, IPPROTO_IP) = 8
2023-05-18T20:45:18.669889469Z 20:45:18.669771 connect(8, {sa_family=AF_INET, sin_port=htons(53), sin_addr=inet_addr("169.254.169.254")}, 16) = 0
2023-05-18T20:45:18.670443146Z 20:45:18.670031 sendto(8, "}\355\1\0\0\1\0\0\0\0\0\0\rflux-sample-0\fflux-"..., 92, MSG_NOSIGNAL, NULL, 0) = 92
2023-05-18T20:45:18.676679011Z 20:45:18.676353 recvfrom(8, "}\355\201\203\0\1\0\0\0\1\0\0\rflux-sample-0\fflux-"..., 1024, 0, {sa_family=AF_INET, sin_port=htons(53), sin_addr=inet_addr("169.254.169.254")}, [28->16]) = 181
2023-05-18T20:45:18.676936685Z broker.err[1]: Warning: unable to resolve upstream peer flux-sample-0.flux-service.flux-operator.svc.cluster.local: Name or service not known
2023-05-18T20:45:18.683718022Z broker.info[1]: start: none->join 1.89585ms
2023-05-18T20:45:19.302988123Z broker.info[1]: parent-ready: join->init 0.619025s
2023-05-18T20:45:19.303152685Z 20:45:19.302791 socketpair(AF_UNIX, SOCK_STREAM|SOCK_CLOEXEC, 0, [22, 23]) = 0
2023-05-18T20:45:19.303167618Z 20:45:19.302985 socketpair(AF_UNIX, SOCK_STREAM, 0, [24, 25]) = 0
2023-05-18T20:45:19.303401718Z 20:45:19.303239 socketpair(AF_UNIX, SOCK_STREAM, 0, [26, 27]) = 0
2023-05-18T20:45:19.303579524Z 20:45:19.303433 socketpair(AF_UNIX, SOCK_STREAM, 0, [28, 29]) = 0
2023-05-18T20:45:19.334620343Z broker.info[1]: configuration updated
2023-05-18T20:45:19.490996565Z broker.info[1]: rc1.0: running /etc/flux/rc1.d/01-sched-fluxion
2023-05-18T20:45:19.506324630Z broker.info[1]: rc1.0: running /etc/flux/rc1.d/02-cron
2023-05-18T20:45:19.543686275Z broker.info[1]: rc1.0: /etc/flux/rc1 Exited (rc=0) 0.2s
2023-05-18T20:45:19.545377033Z broker.info[1]: rc1-success: init->quorum 0.242265s
2023-05-18T20:45:19.715751102Z broker.info[1]: quorum-full: quorum->run 0.169908s
2023-05-18T20:45:30.936426406Z broker.info[1]: shutdown: run->cleanup 11.2203s
2023-05-18T20:45:30.938192119Z broker.info[1]: cleanup-none: cleanup->shutdown 1.12734ms
2023-05-18T20:45:30.939372583Z broker.info[1]: children-none: shutdown->finalize 0.968179ms
2023-05-18T20:45:30.939541875Z 20:45:30.939272 socketpair(AF_UNIX, SOCK_STREAM|SOCK_CLOEXEC, 0, [22, 23]) = 0
2023-05-18T20:45:30.939657012Z 20:45:30.939493 socketpair(AF_UNIX, SOCK_STREAM, 0, [24, 25]) = 0
2023-05-18T20:45:30.939915338Z 20:45:30.939693 socketpair(AF_UNIX, SOCK_STREAM, 0, [26, 28]) = 0
2023-05-18T20:45:30.940023967Z 20:45:30.939881 socketpair(AF_UNIX, SOCK_STREAM, 0, [58, 59]) = 0
2023-05-18T20:45:30.962604146Z broker.info[1]: rc3.0: running /etc/flux/rc3.d/01-sched-fluxion
2023-05-18T20:45:31.131489058Z broker.info[1]: rc3.0: /etc/flux/rc3 Exited (rc=0) 0.2s
2023-05-18T20:45:31.131824828Z broker.info[1]: rc3-success: finalize->goodbye 0.192352s
2023-05-18T20:45:31.133234608Z broker.info[1]: goodbye: goodbye->exit 1.25103ms
2023-05-18T20:45:31.141561666Z 20:45:31.141076 +++ exited with 0 +++
2023-05-18T20:45:31.144275878Z Return value for follower worker is 0
2023-05-18T20:45:31.144731197Z The follower worker exited cleanly. Goodbye!
