2023-05-18T20:57:27.628650602Z
2023-05-18T20:57:27.628700438Z Flux username: flux
2023-05-18T20:57:27.628706912Z
2023-05-18T20:57:27.628712142Z Flux install root: /usr
2023-05-18T20:57:27.689990511Z flux user is already added.
2023-05-18T20:57:27.693653773Z flux user identifiers:
2023-05-18T20:57:27.693680647Z uid=1234(flux) gid=1234(flux) groups=1234(flux)
2023-05-18T20:57:27.693804129Z
2023-05-18T20:57:27.693816699Z As Flux prefix for flux commands: sudo -u flux -E PYTHONPATH=/opt/conda/lib/python3.10/site-packages -E PATH=/opt/conda/bin:/usr/local/sbin:/usr/local/bin:/usr/sbin:/usr/bin:/sbin:/bin -E LD_LIBRARY_PATH=/opt/conda/lib -E HOME=/home/flux
2023-05-18T20:57:27.702819901Z
2023-05-18T20:57:27.702846349Z 👋 Hello, I'm flux-sample-3
2023-05-18T20:57:27.702943238Z The main host is flux-sample-0
2023-05-18T20:57:27.702953230Z The working directory is /home/flux/examples/reaxff/HNS, contents include:
2023-05-18T20:57:27.704982718Z /home/flux/examples/reaxff/HNS:
2023-05-18T20:57:27.705119468Z README.txt	ffield.reax.hns  log.8Mar18.reaxc.hns.g++.1
2023-05-18T20:57:27.705132432Z data.hns-equil	in.reaxc.hns	 log.8Mar18.reaxc.hns.g++.4
2023-05-18T20:57:27.705309121Z End of file listing, if you see nothing above there are no files.
2023-05-18T20:57:27.707461399Z flux R encode --hosts=flux-sample-[0-3]
2023-05-18T20:57:27.728527571Z
2023-05-18T20:57:27.728555170Z 📦 Resources
2023-05-18T20:57:27.732292303Z {"version": 1, "execution": {"R_lite": [{"rank": "0-3", "children": {"core": "0"}}], "starttime": 0.0, "expiration": 0.0, "nodelist": ["flux-sample-[0-3]"]}}
2023-05-18T20:57:27.732830527Z
2023-05-18T20:57:27.732848187Z 🐸 Diagnostics: false
2023-05-18T20:57:27.732932898Z 🚩️ Flux Option Flags defined
2023-05-18T20:57:27.739594604Z
2023-05-18T20:57:27.739617314Z 🦊 Independent Minister of Privilege
2023-05-18T20:57:27.741078146Z [exec]
2023-05-18T20:57:27.741095034Z allowed-users = [ "flux", "root" ]
2023-05-18T20:57:27.741100564Z allowed-shells = [ "/usr/libexec/flux/flux-shell" ]
2023-05-18T20:57:27.741272248Z
2023-05-18T20:57:27.741285842Z 🐸 Broker Configuration
2023-05-18T20:57:27.742754851Z # Flux needs to know the path to the IMP executable
2023-05-18T20:57:27.742779060Z [exec]
2023-05-18T20:57:27.742785289Z imp = "/usr/libexec/flux/flux-imp"
2023-05-18T20:57:27.742789924Z
2023-05-18T20:57:27.742794893Z [access]
2023-05-18T20:57:27.742802500Z allow-guest-user = true
2023-05-18T20:57:27.742809092Z allow-root-owner = true
2023-05-18T20:57:27.742813770Z
2023-05-18T20:57:27.742818671Z # Point to resource definition generated with flux-R(1).
2023-05-18T20:57:27.742823565Z [resource]
2023-05-18T20:57:27.742828988Z path = "/etc/flux/system/R"
2023-05-18T20:57:27.742833384Z
2023-05-18T20:57:27.742838131Z [bootstrap]
2023-05-18T20:57:27.742845233Z curve_cert = "/etc/curve/curve.cert"
2023-05-18T20:57:27.742851161Z default_port = 8050
2023-05-18T20:57:27.742856081Z default_bind = "tcp://eth0:%p"
2023-05-18T20:57:27.742861878Z default_connect = "tcp://%h.flux-service.flux-operator.svc.cluster.local:%p"
2023-05-18T20:57:27.742866610Z hosts = [
2023-05-18T20:57:27.742871340Z 	{ host="flux-sample-[0-3]"},
2023-05-18T20:57:27.742879041Z ]
2023-05-18T20:57:27.742883719Z
2023-05-18T20:57:27.742890643Z [archive]
2023-05-18T20:57:27.742897354Z dbpath = "/var/lib/flux/job-archive.sqlite"
2023-05-18T20:57:27.742903251Z period = "1m"
2023-05-18T20:57:27.873080579Z busytimeout = "50s"
2023-05-18T20:57:27.873105603Z 🧊️ State Directory:
2023-05-18T20:57:27.873111283Z total 0
2023-05-18T20:57:27.873116484Z
2023-05-18T20:57:27.878222561Z
2023-05-18T20:57:27.878250044Z 🔒️ Working directory permissions:
2023-05-18T20:57:27.878258213Z total 96
2023-05-18T20:57:27.878265048Z -rwxrwxrwx 1 flux root  2517 May 17 22:32 README.txt
2023-05-18T20:57:27.878270122Z -rwxrwxrwx 1 flux root 54692 May 17 22:32 data.hns-equil
2023-05-18T20:57:27.878274836Z -rwxrwxrwx 1 flux root 13576 May 17 22:32 ffield.reax.hns
2023-05-18T20:57:27.878279844Z -rwxrwxrwx 1 flux root   870 May 17 22:32 in.reaxc.hns
2023-05-18T20:57:27.878304530Z -rwxrwxrwx 1 flux root  4172 May 17 22:32 log.8Mar18.reaxc.hns.g++.1
2023-05-18T20:57:27.878313187Z -rwxrwxrwx 1 flux root  4168 May 17 22:32 log.8Mar18.reaxc.hns.g++.4
2023-05-18T20:57:27.878319226Z
2023-05-18T20:57:27.878323867Z
2023-05-18T20:57:27.878328942Z ✨ Curve certificate generated by helper pod
2023-05-18T20:57:27.879853008Z #   ****  Generated on 2023-04-26 22:54:42 by CZMQ  ****
2023-05-18T20:57:27.879872141Z #   ZeroMQ CURVE **Secret** Certificate
2023-05-18T20:57:27.879877879Z #   DO NOT PROVIDE THIS FILE TO OTHER USERS nor change its permissions.
2023-05-18T20:57:27.879883236Z
2023-05-18T20:57:27.879890265Z metadata
2023-05-18T20:57:27.879896830Z     name = "flux-cert-generator"
2023-05-18T20:57:27.879902313Z     keygen.hostname = "flux-sample-0"
2023-05-18T20:57:27.879907410Z curve
2023-05-18T20:57:27.879912769Z     public-key = "@GXnq6Br[iCsLG#5%$Q5Vh42]4g]WuQs?k/6j@%N"
2023-05-18T20:57:27.879918038Z     secret-key = "Mj2-f6a<]P[V<n91&!#ATD$iYB.U?.JQ?RXR%O>e"
2023-05-18T20:57:27.882677979Z
2023-05-18T20:57:27.882698292Z 🌀  flux start --wrap=strace,-e,network,-tt -o --config /etc/flux/config -Scron.directory=/etc/flux/system/cron.d   -Stbon.fanout=256   -Srundir=/run/flux    -Sstatedir=/var/lib/flux   -Slocal-uri=local:///run/flux/local   -Stbon.zmqdebug=1  -Slog-stderr-level=6    -Slog-stderr-mode=local
2023-05-18T20:57:27.929950741Z 20:57:27.928979 socket(AF_NETLINK, SOCK_RAW, NETLINK_ROUTE) = 8
2023-05-18T20:57:27.929989529Z 20:57:27.929107 bind(8, {sa_family=AF_NETLINK, nl_pid=0, nl_groups=00000000}, 12) = 0
2023-05-18T20:57:27.929997537Z 20:57:27.929182 getsockname(8, {sa_family=AF_NETLINK, nl_pid=70, nl_groups=00000000}, [12]) = 0
2023-05-18T20:57:27.930006490Z 20:57:27.929256 sendto(8, {{len=20, type=RTM_GETADDR, flags=NLM_F_REQUEST|NLM_F_DUMP, seq=1684443447, pid=0}, {ifa_family=AF_UNSPEC, ...}}, 20, 0, {sa_family=AF_NETLINK, nl_pid=0, nl_groups=00000000}, 12) = 20
2023-05-18T20:57:27.930014501Z 20:57:27.929491 recvmsg(8, {msg_name={sa_family=AF_NETLINK, nl_pid=0, nl_groups=00000000}, msg_namelen=12, msg_iov=[{iov_base=[{{len=76, type=RTM_NEWADDR, flags=NLM_F_MULTI, seq=1684443447, pid=70}, {ifa_family=AF_INET, ifa_prefixlen=8, ifa_flags=IFA_F_PERMANENT, ifa_scope=RT_SCOPE_HOST, ifa_index=if_nametoindex("lo")}, [{{nla_len=8, nla_type=IFA_ADDRESS}, 127.0.0.1}, {{nla_len=8, nla_type=IFA_LOCAL}, 127.0.0.1}, {{nla_len=7, nla_type=IFA_LABEL}, "lo"}, {{nla_len=8, nla_type=IFA_FLAGS}, IFA_F_PERMANENT}, {{nla_len=20, nla_type=IFA_CACHEINFO}, {ifa_prefered=4294967295, ifa_valid=4294967295, cstamp=2399281, tstamp=2399281}}]}, {{len=88, type=RTM_NEWADDR, flags=NLM_F_MULTI, seq=1684443447, pid=70}, {ifa_family=AF_INET, ifa_prefixlen=24, ifa_flags=IFA_F_PERMANENT, ifa_scope=RT_SCOPE_UNIVERSE, ifa_index=if_nametoindex("eth0")}, [{{nla_len=8, nla_type=IFA_ADDRESS}, 10.24.1.101}, {{nla_len=8, nla_type=IFA_LOCAL}, 10.24.1.101}, {{nla_len=8, nla_type=IFA_BROADCAST}, 10.24.1.255}, {{nla_len=9, nla_type=IFA_LABEL}, "eth0"}, {{nla_len=8, nla_type=IFA_FLAGS}, IFA_F_PERMANENT}, {{nla_len=20, nla_type=IFA_CACHEINFO}, {ifa_prefered=4294967295, ifa_valid=4294967295, cstamp=2399286, tstamp=2399286}}]}], iov_len=4096}], msg_iovlen=1, msg_controllen=0, msg_flags=0}, 0) = 164
2023-05-18T20:57:27.930024177Z 20:57:27.929795 recvmsg(8, {msg_name={sa_family=AF_NETLINK, nl_pid=0, nl_groups=00000000}, msg_namelen=12, msg_iov=[{iov_base={{len=20, type=NLMSG_DONE, flags=NLM_F_MULTI, seq=1684443447, pid=70}, 0}, iov_len=4096}], msg_iovlen=1, msg_controllen=0, msg_flags=0}, 0) = 20
2023-05-18T20:57:27.930751446Z 20:57:27.930590 socket(AF_UNIX, SOCK_STREAM|SOCK_CLOEXEC|SOCK_NONBLOCK, 0) = 8
2023-05-18T20:57:27.932809984Z 20:57:27.930656 connect(8, {sa_family=AF_UNIX, sun_path="/var/run/nscd/socket"}, 110) = -1 ENOENT (No such file or directory)
2023-05-18T20:57:27.932835559Z 20:57:27.930903 socket(AF_UNIX, SOCK_STREAM|SOCK_CLOEXEC|SOCK_NONBLOCK, 0) = 8
2023-05-18T20:57:27.932841899Z 20:57:27.930969 connect(8, {sa_family=AF_UNIX, sun_path="/var/run/nscd/socket"}, 110) = -1 ENOENT (No such file or directory)
2023-05-18T20:57:27.932847544Z 20:57:27.932304 socket(AF_INET, SOCK_DGRAM|SOCK_CLOEXEC|SOCK_NONBLOCK, IPPROTO_IP) = 8
2023-05-18T20:57:27.932853481Z 20:57:27.932387 connect(8, {sa_family=AF_INET, sin_port=htons(53), sin_addr=inet_addr("169.254.169.254")}, 16) = 0
2023-05-18T20:57:27.933027439Z 20:57:27.932529 sendto(8, "M\25\1\0\0\1\0\0\0\0\0\0\rflux-sample-0\fflux-"..., 76, MSG_NOSIGNAL, NULL, 0) = 76
2023-05-18T20:57:27.936696819Z 20:57:27.936421 recvfrom(8, "M\25\201\203\0\1\0\0\0\1\0\0\rflux-sample-0\fflux-"..., 1024, 0, {sa_family=AF_INET, sin_port=htons(53), sin_addr=inet_addr("169.254.169.254")}, [28->16]) = 172
2023-05-18T20:57:27.936951032Z 20:57:27.936745 socket(AF_INET, SOCK_DGRAM|SOCK_CLOEXEC|SOCK_NONBLOCK, IPPROTO_IP) = 8
2023-05-18T20:57:27.937137690Z 20:57:27.936848 connect(8, {sa_family=AF_INET, sin_port=htons(53), sin_addr=inet_addr("169.254.169.254")}, 16) = 0
2023-05-18T20:57:27.938811578Z 20:57:27.936982 sendto(8, "\1\362\1\0\0\1\0\0\0\0\0\0\rflux-sample-0\fflux-"..., 108, MSG_NOSIGNAL, NULL, 0) = 108
2023-05-18T20:57:27.941332646Z 20:57:27.941092 recvfrom(8, "\1\362\201\203\0\1\0\0\0\1\0\0\rflux-sample-0\fflux-"..., 1024, 0, {sa_family=AF_INET, sin_port=htons(53), sin_addr=inet_addr("169.254.169.254")}, [28->16]) = 204
2023-05-18T20:57:27.941600655Z 20:57:27.941386 socket(AF_INET, SOCK_DGRAM|SOCK_CLOEXEC|SOCK_NONBLOCK, IPPROTO_IP) = 8
2023-05-18T20:57:27.941617420Z 20:57:27.941479 connect(8, {sa_family=AF_INET, sin_port=htons(53), sin_addr=inet_addr("169.254.169.254")}, 16) = 0
2023-05-18T20:57:27.941843350Z 20:57:27.941595 sendto(8, "\"\312\1\0\0\1\0\0\0\0\0\0\rflux-sample-0\fflux-"..., 94, MSG_NOSIGNAL, NULL, 0) = 94
2023-05-18T20:57:27.945736270Z 20:57:27.945514 recvfrom(8, "\"\312\201\203\0\1\0\0\0\1\0\0\rflux-sample-0\fflux-"..., 1024, 0, {sa_family=AF_INET, sin_port=htons(53), sin_addr=inet_addr("169.254.169.254")}, [28->16]) = 190
2023-05-18T20:57:27.945902493Z 20:57:27.945704 socket(AF_INET, SOCK_DGRAM|SOCK_CLOEXEC|SOCK_NONBLOCK, IPPROTO_IP) = 8
2023-05-18T20:57:27.945916385Z 20:57:27.945772 connect(8, {sa_family=AF_INET, sin_port=htons(53), sin_addr=inet_addr("169.254.169.254")}, 16) = 0
2023-05-18T20:57:27.946064298Z 20:57:27.945879 sendto(8, "\337j\1\0\0\1\0\0\0\0\0\0\rflux-sample-0\fflux-"..., 90, MSG_NOSIGNAL, NULL, 0) = 90
2023-05-18T20:57:27.949506096Z 20:57:27.949213 recvfrom(8, "\337j\201\203\0\1\0\0\0\1\0\0\rflux-sample-0\fflux-"..., 1024, 0, {sa_family=AF_INET, sin_port=htons(53), sin_addr=inet_addr("169.254.169.254")}, [28->16]) = 186
2023-05-18T20:57:27.949618781Z 20:57:27.949506 socket(AF_INET, SOCK_DGRAM|SOCK_CLOEXEC|SOCK_NONBLOCK, IPPROTO_IP) = 8
2023-05-18T20:57:27.949716466Z 20:57:27.949583 connect(8, {sa_family=AF_INET, sin_port=htons(53), sin_addr=inet_addr("169.254.169.254")}, 16) = 0
2023-05-18T20:57:27.949891663Z 20:57:27.949689 sendto(8, "7\313\1\0\0\1\0\0\0\0\0\0\rflux-sample-0\fflux-"..., 111, MSG_NOSIGNAL, NULL, 0) = 111
2023-05-18T20:57:27.954951654Z 20:57:27.954675 recvfrom(8, "7\313\201\203\0\1\0\0\0\1\0\0\rflux-sample-0\fflux-"..., 1024, 0, {sa_family=AF_INET, sin_port=htons(53), sin_addr=inet_addr("169.254.169.254")}, [28->16]) = 205
2023-05-18T20:57:27.955131503Z 20:57:27.954934 socket(AF_INET, SOCK_DGRAM|SOCK_CLOEXEC|SOCK_NONBLOCK, IPPROTO_IP) = 8
2023-05-18T20:57:27.955154593Z 20:57:27.955005 connect(8, {sa_family=AF_INET, sin_port=htons(53), sin_addr=inet_addr("169.254.169.254")}, 16) = 0
2023-05-18T20:57:27.955310738Z 20:57:27.955113 sendto(8, "\273U\1\0\0\1\0\0\0\0\0\0\rflux-sample-0\fflux-"..., 97, MSG_NOSIGNAL, NULL, 0) = 97
2023-05-18T20:57:27.960203542Z 20:57:27.959858 recvfrom(8, "\273U\201\203\0\1\0\0\0\1\0\0\rflux-sample-0\fflux-"..., 1024, 0, {sa_family=AF_INET, sin_port=htons(53), sin_addr=inet_addr("169.254.169.254")}, [28->16]) = 186
2023-05-18T20:57:27.960349500Z 20:57:27.960190 socket(AF_INET, SOCK_DGRAM|SOCK_CLOEXEC|SOCK_NONBLOCK, IPPROTO_IP) = 8
2023-05-18T20:57:27.960490298Z 20:57:27.960322 connect(8, {sa_family=AF_INET, sin_port=htons(53), sin_addr=inet_addr("169.254.169.254")}, 16) = 0
2023-05-18T20:57:27.960749898Z 20:57:27.960486 sendto(8, "\213\314\1\0\0\1\0\0\0\0\0\0\rflux-sample-0\fflux-"..., 92, MSG_NOSIGNAL, NULL, 0) = 92
2023-05-18T20:57:27.965662092Z 20:57:27.965378 recvfrom(8, "\213\314\201\203\0\1\0\0\0\1\0\0\rflux-sample-0\fflux-"..., 1024, 0, {sa_family=AF_INET, sin_port=htons(53), sin_addr=inet_addr("169.254.169.254")}, [28->16]) = 181
2023-05-18T20:57:27.965816439Z broker.err[3]: Warning: unable to resolve upstream peer flux-sample-0.flux-service.flux-operator.svc.cluster.local: Name or service not known
2023-05-18T20:57:27.971283792Z broker.info[3]: start: none->join 2.38691ms
2023-05-18T20:57:28.345801189Z broker.info[3]: parent-ready: join->init 0.373771s
2023-05-18T20:57:28.346160339Z 20:57:28.345166 socketpair(AF_UNIX, SOCK_STREAM|SOCK_CLOEXEC, 0, [22, 23]) = 0
2023-05-18T20:57:28.346323737Z 20:57:28.345300 socketpair(AF_UNIX, SOCK_STREAM, 0, [24, 25]) = 0
2023-05-18T20:57:28.346503890Z 20:57:28.345574 socketpair(AF_UNIX, SOCK_STREAM, 0, [26, 27]) = 0
2023-05-18T20:57:28.349394502Z 20:57:28.345811 socketpair(AF_UNIX, SOCK_STREAM, 0, [28, 29]) = 0
2023-05-18T20:57:28.371640127Z broker.info[3]: configuration updated
2023-05-18T20:57:28.482536627Z broker.info[3]: rc1.0: running /etc/flux/rc1.d/01-sched-fluxion
2023-05-18T20:57:28.495769549Z broker.info[3]: rc1.0: running /etc/flux/rc1.d/02-cron
2023-05-18T20:57:28.527135384Z broker.info[3]: rc1.0: /etc/flux/rc1 Exited (rc=0) 0.2s
2023-05-18T20:57:28.527899300Z broker.info[3]: rc1-success: init->quorum 0.182554s
2023-05-18T20:57:28.891919509Z broker.info[3]: quorum-full: quorum->run 0.363776s
2023-05-18T20:57:29.537497874Z 20:57:29.537047 socketpair(AF_UNIX, SOCK_STREAM|SOCK_CLOEXEC, 0, [22, 23]) = 0
2023-05-18T20:57:29.537571981Z 20:57:29.537218 socketpair(AF_UNIX, SOCK_STREAM, 0, [24, 25]) = 0
2023-05-18T20:57:29.538098579Z 20:57:29.537431 socketpair(AF_UNIX, SOCK_STREAM, 0, [26, 28]) = 0
2023-05-18T20:57:29.538328403Z 20:57:29.537663 socketpair(AF_UNIX, SOCK_STREAM, 0, [58, 59]) = 0
2023-05-18T20:57:40.180680403Z broker.info[3]: shutdown: run->cleanup 11.2882s
2023-05-18T20:57:40.182612972Z broker.info[3]: cleanup-none: cleanup->shutdown 1.0847ms
2023-05-18T20:57:40.184390747Z broker.info[3]: children-none: shutdown->finalize 0.990586ms
2023-05-18T20:57:40.185153538Z 20:57:40.184845 socketpair(AF_UNIX, SOCK_STREAM|SOCK_CLOEXEC, 0, [22, 23]) = 0
2023-05-18T20:57:40.185835274Z 20:57:40.185576 socketpair(AF_UNIX, SOCK_STREAM, 0, [24, 25]) = 0
2023-05-18T20:57:40.186105464Z 20:57:40.185929 socketpair(AF_UNIX, SOCK_STREAM, 0, [26, 28]) = 0
2023-05-18T20:57:40.186359426Z 20:57:40.186157 socketpair(AF_UNIX, SOCK_STREAM, 0, [58, 59]) = 0
2023-05-18T20:57:40.203693942Z broker.info[3]: rc3.0: running /etc/flux/rc3.d/01-sched-fluxion
2023-05-18T20:57:40.328880799Z broker.info[3]: rc3.0: /etc/flux/rc3 Exited (rc=0) 0.1s
2023-05-18T20:57:40.330099355Z broker.info[3]: rc3-success: finalize->goodbye 0.14507s
2023-05-18T20:57:40.331606279Z broker.info[3]: goodbye: goodbye->exit 0.950251ms
2023-05-18T20:57:40.339647867Z 20:57:40.339472 +++ exited with 0 +++
2023-05-18T20:57:40.340878085Z Return value for follower worker is 0
2023-05-18T20:57:40.340903399Z The follower worker exited cleanly. Goodbye!
