2023-05-18T18:27:00.662452754Z
2023-05-18T18:27:00.662490078Z Flux username: flux
2023-05-18T18:27:00.662496785Z
2023-05-18T18:27:00.662502099Z Flux install root: /usr
2023-05-18T18:27:00.704683720Z flux user is already added.
2023-05-18T18:27:00.707655494Z flux user identifiers:
2023-05-18T18:27:00.707673772Z uid=1234(flux) gid=1234(flux) groups=1234(flux)
2023-05-18T18:27:00.707679210Z
2023-05-18T18:27:00.707687379Z As Flux prefix for flux commands: sudo -u flux -E PYTHONPATH=/opt/conda/lib/python3.10/site-packages -E PATH=/opt/conda/bin:/usr/local/sbin:/usr/local/bin:/usr/sbin:/usr/bin:/sbin:/bin -E LD_LIBRARY_PATH=/opt/conda/lib -E HOME=/home/flux
2023-05-18T18:27:00.715022017Z
2023-05-18T18:27:00.715042088Z ðŸ‘‹ Hello, I'm flux-sample-3
2023-05-18T18:27:00.715186636Z The main host is flux-sample-0
2023-05-18T18:27:00.715350994Z The working directory is /home/flux/examples/reaxff/HNS, contents include:
2023-05-18T18:27:00.717073639Z /home/flux/examples/reaxff/HNS:
2023-05-18T18:27:00.717177175Z README.txt	ffield.reax.hns  log.8Mar18.reaxc.hns.g++.1
2023-05-18T18:27:00.717189020Z data.hns-equil	in.reaxc.hns	 log.8Mar18.reaxc.hns.g++.4
2023-05-18T18:27:00.717407896Z End of file listing, if you see nothing above there are no files.
2023-05-18T18:27:00.719217310Z flux R encode --hosts=flux-sample-[0-3]
2023-05-18T18:27:00.734194387Z
2023-05-18T18:27:00.734216194Z ðŸ“¦ Resources
2023-05-18T18:27:00.735909219Z {"version": 1, "execution": {"R_lite": [{"rank": "0-3", "children": {"core": "0"}}], "starttime": 0.0, "expiration": 0.0, "nodelist": ["flux-sample-[0-3]"]}}
2023-05-18T18:27:00.736177122Z
2023-05-18T18:27:00.736195445Z ðŸ¸ Diagnostics: false
2023-05-18T18:27:00.736416209Z ðŸš©ï¸ Flux Option Flags defined
2023-05-18T18:27:00.741150567Z
2023-05-18T18:27:00.741172422Z ðŸ¦Š Independent Minister of Privilege
2023-05-18T18:27:00.742712226Z [exec]
2023-05-18T18:27:00.742729752Z allowed-users = [ "flux", "root" ]
2023-05-18T18:27:00.742736995Z allowed-shells = [ "/usr/libexec/flux/flux-shell" ]
2023-05-18T18:27:00.742919217Z
2023-05-18T18:27:00.742932561Z ðŸ¸ Broker Configuration
2023-05-18T18:27:00.744160150Z # Flux needs to know the path to the IMP executable
2023-05-18T18:27:00.744177276Z [exec]
2023-05-18T18:27:00.744184053Z imp = "/usr/libexec/flux/flux-imp"
2023-05-18T18:27:00.744189014Z
2023-05-18T18:27:00.744194008Z [access]
2023-05-18T18:27:00.744199355Z allow-guest-user = true
2023-05-18T18:27:00.744204274Z allow-root-owner = true
2023-05-18T18:27:00.744210960Z
2023-05-18T18:27:00.744217075Z # Point to resource definition generated with flux-R(1).
2023-05-18T18:27:00.744222048Z [resource]
2023-05-18T18:27:00.744227245Z path = "/etc/flux/system/R"
2023-05-18T18:27:00.744231595Z
2023-05-18T18:27:00.744236157Z [bootstrap]
2023-05-18T18:27:00.744241102Z curve_cert = "/etc/curve/curve.cert"
2023-05-18T18:27:00.744246255Z default_port = 8050
2023-05-18T18:27:00.744253903Z default_bind = "tcp://eth0:%p"
2023-05-18T18:27:00.744260622Z default_connect = "tcp://%h.flux-service.flux-operator.svc.cluster.local:%p"
2023-05-18T18:27:00.744265694Z hosts = [
2023-05-18T18:27:00.744270781Z 	{ host="flux-sample-[0-3]"},
2023-05-18T18:27:00.744275761Z ]
2023-05-18T18:27:00.744280457Z
2023-05-18T18:27:00.744285192Z [archive]
2023-05-18T18:27:00.744290118Z dbpath = "/var/lib/flux/job-archive.sqlite"
2023-05-18T18:27:00.744297531Z period = "1m"
2023-05-18T18:27:00.818019737Z busytimeout = "50s"
2023-05-18T18:27:00.818200257Z ðŸ§Šï¸ State Directory:
2023-05-18T18:27:00.818249521Z total 0
2023-05-18T18:27:00.818320864Z
2023-05-18T18:27:00.821699183Z
2023-05-18T18:27:00.821718095Z ðŸ”’ï¸ Working directory permissions:
2023-05-18T18:27:00.821808267Z total 96
2023-05-18T18:27:00.821827951Z -rwxrwxrwx 1 flux root  2517 May 17 22:32 README.txt
2023-05-18T18:27:00.821833287Z -rwxrwxrwx 1 flux root 54692 May 17 22:32 data.hns-equil
2023-05-18T18:27:00.821838331Z -rwxrwxrwx 1 flux root 13576 May 17 22:32 ffield.reax.hns
2023-05-18T18:27:00.821843287Z -rwxrwxrwx 1 flux root   870 May 17 22:32 in.reaxc.hns
2023-05-18T18:27:00.821848934Z -rwxrwxrwx 1 flux root  4172 May 17 22:32 log.8Mar18.reaxc.hns.g++.1
2023-05-18T18:27:00.821856126Z -rwxrwxrwx 1 flux root  4168 May 17 22:32 log.8Mar18.reaxc.hns.g++.4
2023-05-18T18:27:00.821862085Z
2023-05-18T18:27:00.821867018Z
2023-05-18T18:27:00.821872518Z âœ¨ Curve certificate generated by helper pod
2023-05-18T18:27:00.823269477Z #   ****  Generated on 2023-04-26 22:54:42 by CZMQ  ****
2023-05-18T18:27:00.823285909Z #   ZeroMQ CURVE **Secret** Certificate
2023-05-18T18:27:00.823291888Z #   DO NOT PROVIDE THIS FILE TO OTHER USERS nor change its permissions.
2023-05-18T18:27:00.823296682Z
2023-05-18T18:27:00.823301480Z metadata
2023-05-18T18:27:00.823307041Z     name = "flux-cert-generator"
2023-05-18T18:27:00.823311965Z     keygen.hostname = "flux-sample-0"
2023-05-18T18:27:00.823319053Z curve
2023-05-18T18:27:00.823324743Z     public-key = "!U3G.36/eCdo#/f!vO.MQ8KeO3M$&RId[N]ncdye"
2023-05-18T18:27:00.823329838Z     secret-key = "p6@oaAr>I&nB@qBpIn=M/=+r$-O^P>sKo]X3usTT"
2023-05-18T18:27:00.825253319Z
2023-05-18T18:27:00.825272746Z ðŸŒ€  flux start --wrap=strace,-e,network,-tt -o --config /etc/flux/config -Scron.directory=/etc/flux/system/cron.d   -Stbon.fanout=256   -Srundir=/run/flux    -Sstatedir=/var/lib/flux   -Slocal-uri=local:///run/flux/local -Stbon.connect_timeout=3s  -Stbon.zmqdebug=1  -Slog-stderr-level=6    -Slog-stderr-mode=local
2023-05-18T18:27:00.865056227Z 18:27:00.864844 socket(AF_NETLINK, SOCK_RAW, NETLINK_ROUTE) = 8
2023-05-18T18:27:00.865198057Z 18:27:00.865006 bind(8, {sa_family=AF_NETLINK, nl_pid=0, nl_groups=00000000}, 12) = 0
2023-05-18T18:27:00.865305151Z 18:27:00.865153 getsockname(8, {sa_family=AF_NETLINK, nl_pid=70, nl_groups=00000000}, [12]) = 0
2023-05-18T18:27:00.865609281Z 18:27:00.865263 sendto(8, {{len=20, type=RTM_GETADDR, flags=NLM_F_REQUEST|NLM_F_DUMP, seq=1684434420, pid=0}, {ifa_family=AF_UNSPEC, ...}}, 20, 0, {sa_family=AF_NETLINK, nl_pid=0, nl_groups=00000000}, 12) = 20
2023-05-18T18:27:00.865997533Z 18:27:00.865552 recvmsg(8, {msg_name={sa_family=AF_NETLINK, nl_pid=0, nl_groups=00000000}, msg_namelen=12, msg_iov=[{iov_base=[{{len=76, type=RTM_NEWADDR, flags=NLM_F_MULTI, seq=1684434420, pid=70}, {ifa_family=AF_INET, ifa_prefixlen=8, ifa_flags=IFA_F_PERMANENT, ifa_scope=RT_SCOPE_HOST, ifa_index=if_nametoindex("lo")}, [{{nla_len=8, nla_type=IFA_ADDRESS}, 127.0.0.1}, {{nla_len=8, nla_type=IFA_LOCAL}, 127.0.0.1}, {{nla_len=7, nla_type=IFA_LABEL}, "lo"}, {{nla_len=8, nla_type=IFA_FLAGS}, IFA_F_PERMANENT}, {{nla_len=20, nla_type=IFA_CACHEINFO}, {ifa_prefered=4294967295, ifa_valid=4294967295, cstamp=1496427, tstamp=1496427}}]}, {{len=88, type=RTM_NEWADDR, flags=NLM_F_MULTI, seq=1684434420, pid=70}, {ifa_family=AF_INET, ifa_prefixlen=24, ifa_flags=IFA_F_PERMANENT, ifa_scope=RT_SCOPE_UNIVERSE, ifa_index=if_nametoindex("eth0")}, [{{nla_len=8, nla_type=IFA_ADDRESS}, 10.24.3.64}, {{nla_len=8, nla_type=IFA_LOCAL}, 10.24.3.64}, {{nla_len=8, nla_type=IFA_BROADCAST}, 10.24.3.255}, {{nla_len=9, nla_type=IFA_LABEL}, "eth0"}, {{nla_len=8, nla_type=IFA_FLAGS}, IFA_F_PERMANENT}, {{nla_len=20, nla_type=IFA_CACHEINFO}, {ifa_prefered=4294967295, ifa_valid=4294967295, cstamp=1496431, tstamp=1496431}}]}], iov_len=4096}], msg_iovlen=1, msg_controllen=0, msg_flags=0}, 0) = 164
2023-05-18T18:27:00.866178235Z 18:27:00.865965 recvmsg(8, {msg_name={sa_family=AF_NETLINK, nl_pid=0, nl_groups=00000000}, msg_namelen=12, msg_iov=[{iov_base={{len=20, type=NLMSG_DONE, flags=NLM_F_MULTI, seq=1684434420, pid=70}, 0}, iov_len=4096}], msg_iovlen=1, msg_controllen=0, msg_flags=0}, 0) = 20
2023-05-18T18:27:00.866765517Z 18:27:00.866628 socket(AF_UNIX, SOCK_STREAM|SOCK_CLOEXEC|SOCK_NONBLOCK, 0) = 8
2023-05-18T18:27:00.866878096Z 18:27:00.866740 connect(8, {sa_family=AF_UNIX, sun_path="/var/run/nscd/socket"}, 110) = -1 ENOENT (No such file or directory)
2023-05-18T18:27:00.867025877Z 18:27:00.866882 socket(AF_UNIX, SOCK_STREAM|SOCK_CLOEXEC|SOCK_NONBLOCK, 0) = 8
2023-05-18T18:27:00.867184242Z 18:27:00.867008 connect(8, {sa_family=AF_UNIX, sun_path="/var/run/nscd/socket"}, 110) = -1 ENOENT (No such file or directory)
2023-05-18T18:27:00.868529038Z 18:27:00.868396 socket(AF_INET, SOCK_DGRAM|SOCK_CLOEXEC|SOCK_NONBLOCK, IPPROTO_IP) = 8
2023-05-18T18:27:00.868671822Z 18:27:00.868497 connect(8, {sa_family=AF_INET, sin_port=htons(53), sin_addr=inet_addr("169.254.169.254")}, 16) = 0
2023-05-18T18:27:00.869073298Z 18:27:00.868675 sendto(8, "S\236\1\0\0\1\0\0\0\0\0\0\rflux-sample-0\fflux-"..., 76, MSG_NOSIGNAL, NULL, 0) = 76
2023-05-18T18:27:00.872137331Z 18:27:00.871895 recvfrom(8, "S\236\201\200\0\1\0\1\0\0\0\0\rflux-sample-0\fflux-"..., 1024, 0, {sa_family=AF_INET, sin_port=htons(53), sin_addr=inet_addr("169.254.169.254")}, [28->16]) = 92
2023-05-18T18:27:00.876789352Z broker.info[3]: start: none->join 1.92273ms
2023-05-18T18:27:01.563910824Z broker.info[3]: parent-ready: join->init 0.686578s
2023-05-18T18:27:01.564205519Z 18:27:01.563517 socketpair(AF_UNIX, SOCK_STREAM|SOCK_CLOEXEC, 0, [22, 23]) = 0
2023-05-18T18:27:01.564364950Z 18:27:01.563656 socketpair(AF_UNIX, SOCK_STREAM, 0, [24, 25]) = 0
2023-05-18T18:27:01.564649004Z 18:27:01.563924 socketpair(AF_UNIX, SOCK_STREAM, 0, [26, 27]) = 0
2023-05-18T18:27:01.564829180Z 18:27:01.564097 socketpair(AF_UNIX, SOCK_STREAM, 0, [28, 29]) = 0
2023-05-18T18:27:01.589742557Z broker.info[3]: configuration updated
2023-05-18T18:27:01.767173896Z broker.info[3]: rc1.0: running /etc/flux/rc1.d/01-sched-fluxion
2023-05-18T18:27:01.785276764Z broker.info[3]: rc1.0: running /etc/flux/rc1.d/02-cron
2023-05-18T18:27:01.830842059Z broker.info[3]: rc1.0: /etc/flux/rc1 Exited (rc=0) 0.3s
2023-05-18T18:27:01.831236864Z broker.info[3]: rc1-success: init->quorum 0.263996s
2023-05-18T18:27:01.996104379Z broker.info[3]: quorum-full: quorum->run 0.167973s
2023-05-18T18:27:02.568224333Z 18:27:02.567758 socketpair(AF_UNIX, SOCK_STREAM|SOCK_CLOEXEC, 0, [22, 23]) = 0
2023-05-18T18:27:02.568383039Z 18:27:02.567993 socketpair(AF_UNIX, SOCK_STREAM, 0, [24, 25]) = 0
2023-05-18T18:27:02.568405497Z 18:27:02.568218 socketpair(AF_UNIX, SOCK_STREAM, 0, [26, 28]) = 0
2023-05-18T18:27:02.568527609Z 18:27:02.568404 socketpair(AF_UNIX, SOCK_STREAM, 0, [58, 59]) = 0
2023-05-18T18:27:12.685449514Z broker.info[3]: shutdown: run->cleanup 10.6889s
2023-05-18T18:27:12.686792376Z broker.info[3]: cleanup-none: cleanup->shutdown 1.44332ms
2023-05-18T18:27:12.688166035Z broker.info[3]: children-none: shutdown->finalize 1.1104ms
2023-05-18T18:27:12.688651943Z 18:27:12.688224 socketpair(AF_UNIX, SOCK_STREAM|SOCK_CLOEXEC, 0, [22, 23]) = 0
2023-05-18T18:27:12.689008700Z 18:27:12.688414 socketpair(AF_UNIX, SOCK_STREAM, 0, [24, 25]) = 0
2023-05-18T18:27:12.689337578Z 18:27:12.688746 socketpair(AF_UNIX, SOCK_STREAM, 0, [26, 28]) = 0
2023-05-18T18:27:12.689600187Z 18:27:12.689165 socketpair(AF_UNIX, SOCK_STREAM, 0, [58, 59]) = 0
2023-05-18T18:27:12.707277433Z broker.info[3]: rc3.0: running /etc/flux/rc3.d/01-sched-fluxion
2023-05-18T18:27:12.837008385Z broker.info[3]: rc3.0: /etc/flux/rc3 Exited (rc=0) 0.1s
2023-05-18T18:27:12.838168233Z broker.info[3]: rc3-success: finalize->goodbye 0.149743s
2023-05-18T18:27:12.839673839Z broker.info[3]: goodbye: goodbye->exit 0.946895ms
2023-05-18T18:27:12.847243812Z 18:27:12.847084 +++ exited with 0 +++
2023-05-18T18:27:12.848520098Z Return value for follower worker is 0
2023-05-18T18:27:12.848577320Z The follower worker exited cleanly. Goodbye!
