2023-05-18T20:21:22.037143920Z
2023-05-18T20:21:22.038523132Z Flux username: flux
2023-05-18T20:21:22.038551701Z
2023-05-18T20:21:22.038557713Z Flux install root: /usr
2023-05-18T20:21:22.104310900Z flux user is already added.
2023-05-18T20:21:22.109381950Z flux user identifiers:
2023-05-18T20:21:22.109432339Z uid=1234(flux) gid=1234(flux) groups=1234(flux)
2023-05-18T20:21:22.109602815Z
2023-05-18T20:21:22.109630186Z As Flux prefix for flux commands: sudo -u flux -E PYTHONPATH=/opt/conda/lib/python3.10/site-packages -E PATH=/opt/conda/bin:/usr/local/sbin:/usr/local/bin:/usr/sbin:/usr/bin:/sbin:/bin -E LD_LIBRARY_PATH=/opt/conda/lib -E HOME=/home/flux
2023-05-18T20:21:22.120206345Z
2023-05-18T20:21:22.120290780Z 👋 Hello, I'm flux-sample-1
2023-05-18T20:21:22.120501969Z The main host is flux-sample-0
2023-05-18T20:21:22.120515447Z The working directory is /home/flux/examples/reaxff/HNS, contents include:
2023-05-18T20:21:22.123744835Z /home/flux/examples/reaxff/HNS:
2023-05-18T20:21:22.124035218Z README.txt	ffield.reax.hns  log.8Mar18.reaxc.hns.g++.1
2023-05-18T20:21:22.124052115Z data.hns-equil	in.reaxc.hns	 log.8Mar18.reaxc.hns.g++.4
2023-05-18T20:21:22.124215686Z End of file listing, if you see nothing above there are no files.
2023-05-18T20:21:22.127721791Z flux R encode --hosts=flux-sample-[0-3]
2023-05-18T20:21:22.148465074Z
2023-05-18T20:21:22.148520358Z 📦 Resources
2023-05-18T20:21:22.150959160Z {"version": 1, "execution": {"R_lite": [{"rank": "0-3", "children": {"core": "0"}}], "starttime": 0.0, "expiration": 0.0, "nodelist": ["flux-sample-[0-3]"]}}
2023-05-18T20:21:22.151536190Z
2023-05-18T20:21:22.151569609Z 🐸 Diagnostics: false
2023-05-18T20:21:22.151744375Z 🚩️ Flux Option Flags defined
2023-05-18T20:21:22.158354947Z
2023-05-18T20:21:22.158408874Z 🦊 Independent Minister of Privilege
2023-05-18T20:21:22.160271961Z [exec]
2023-05-18T20:21:22.160304906Z allowed-users = [ "flux", "root" ]
2023-05-18T20:21:22.160310326Z allowed-shells = [ "/usr/libexec/flux/flux-shell" ]
2023-05-18T20:21:22.160733105Z
2023-05-18T20:21:22.160755194Z 🐸 Broker Configuration
2023-05-18T20:21:22.162494233Z # Flux needs to know the path to the IMP executable
2023-05-18T20:21:22.162516920Z [exec]
2023-05-18T20:21:22.162523466Z imp = "/usr/libexec/flux/flux-imp"
2023-05-18T20:21:22.162528692Z
2023-05-18T20:21:22.162533340Z [access]
2023-05-18T20:21:22.162542008Z allow-guest-user = true
2023-05-18T20:21:22.162548552Z allow-root-owner = true
2023-05-18T20:21:22.162553529Z
2023-05-18T20:21:22.162558345Z # Point to resource definition generated with flux-R(1).
2023-05-18T20:21:22.162563054Z [resource]
2023-05-18T20:21:22.162569603Z path = "/etc/flux/system/R"
2023-05-18T20:21:22.162574065Z
2023-05-18T20:21:22.162580050Z [bootstrap]
2023-05-18T20:21:22.162587165Z curve_cert = "/etc/curve/curve.cert"
2023-05-18T20:21:22.162593936Z default_port = 8050
2023-05-18T20:21:22.162600073Z default_bind = "tcp://eth0:%p"
2023-05-18T20:21:22.162606976Z default_connect = "tcp://%h.flux-service.flux-operator.svc.cluster.local:%p"
2023-05-18T20:21:22.162612257Z hosts = [
2023-05-18T20:21:22.162616989Z 	{ host="flux-sample-[0-3]"},
2023-05-18T20:21:22.162622113Z ]
2023-05-18T20:21:22.162626668Z
2023-05-18T20:21:22.162633605Z [archive]
2023-05-18T20:21:22.162639911Z dbpath = "/var/lib/flux/job-archive.sqlite"
2023-05-18T20:21:22.162645042Z period = "1m"
2023-05-18T20:21:22.295598140Z busytimeout = "50s"
2023-05-18T20:21:22.295634430Z 🧊️ State Directory:
2023-05-18T20:21:22.295640505Z total 0
2023-05-18T20:21:22.295645598Z
2023-05-18T20:21:22.300668186Z
2023-05-18T20:21:22.300762817Z 🔒️ Working directory permissions:
2023-05-18T20:21:22.300772565Z total 96
2023-05-18T20:21:22.300782323Z -rwxrwxrwx 1 flux root  2517 May 17 22:32 README.txt
2023-05-18T20:21:22.300787680Z -rwxrwxrwx 1 flux root 54692 May 17 22:32 data.hns-equil
2023-05-18T20:21:22.300824133Z -rwxrwxrwx 1 flux root 13576 May 17 22:32 ffield.reax.hns
2023-05-18T20:21:22.300831822Z -rwxrwxrwx 1 flux root   870 May 17 22:32 in.reaxc.hns
2023-05-18T20:21:22.300840195Z -rwxrwxrwx 1 flux root  4172 May 17 22:32 log.8Mar18.reaxc.hns.g++.1
2023-05-18T20:21:22.300846321Z -rwxrwxrwx 1 flux root  4168 May 17 22:32 log.8Mar18.reaxc.hns.g++.4
2023-05-18T20:21:22.300850867Z
2023-05-18T20:21:22.300857604Z
2023-05-18T20:21:22.300863799Z ✨ Curve certificate generated by helper pod
2023-05-18T20:21:22.302561830Z #   ****  Generated on 2023-04-26 22:54:42 by CZMQ  ****
2023-05-18T20:21:22.303258887Z #   ZeroMQ CURVE **Secret** Certificate
2023-05-18T20:21:22.303272394Z #   DO NOT PROVIDE THIS FILE TO OTHER USERS nor change its permissions.
2023-05-18T20:21:22.303278608Z
2023-05-18T20:21:22.303286297Z metadata
2023-05-18T20:21:22.303296138Z     name = "flux-cert-generator"
2023-05-18T20:21:22.303301789Z     keygen.hostname = "flux-sample-0"
2023-05-18T20:21:22.303315971Z curve
2023-05-18T20:21:22.303321921Z     public-key = "D%oqSOulV3wi!EXa.7<3xyI#BK?AG<8Q[lCon56J"
2023-05-18T20:21:22.303327137Z     secret-key = "wBc=6fB08p@/+1%UNpC3a4)y6SUtO-m6uMoatLJG"
2023-05-18T20:21:22.305473512Z
2023-05-18T20:21:22.305503147Z 🌀  flux start --wrap=strace,-e,network,-tt -o --config /etc/flux/config -Scron.directory=/etc/flux/system/cron.d   -Stbon.fanout=256   -Srundir=/run/flux    -Sstatedir=/var/lib/flux   -Slocal-uri=local:///run/flux/local -Stbon.connect_timeout=6s  -Stbon.zmqdebug=1  -Slog-stderr-level=6    -Slog-stderr-mode=local
2023-05-18T20:21:22.357691059Z 20:21:22.357101 socket(AF_NETLINK, SOCK_RAW, NETLINK_ROUTE) = 8
2023-05-18T20:21:22.357872808Z 20:21:22.357556 bind(8, {sa_family=AF_NETLINK, nl_pid=0, nl_groups=00000000}, 12) = 0
2023-05-18T20:21:22.358674644Z 20:21:22.357745 getsockname(8, {sa_family=AF_NETLINK, nl_pid=70, nl_groups=00000000}, [12]) = 0
2023-05-18T20:21:22.359141777Z 20:21:22.358556 sendto(8, {{len=20, type=RTM_GETADDR, flags=NLM_F_REQUEST|NLM_F_DUMP, seq=1684441282, pid=0}, {ifa_family=AF_UNSPEC, ...}}, 20, 0, {sa_family=AF_NETLINK, nl_pid=0, nl_groups=00000000}, 12) = 20
2023-05-18T20:21:22.359776017Z 20:21:22.359206 recvmsg(8, {msg_name={sa_family=AF_NETLINK, nl_pid=0, nl_groups=00000000}, msg_namelen=12, msg_iov=[{iov_base=[{{len=76, type=RTM_NEWADDR, flags=NLM_F_MULTI, seq=1684441282, pid=70}, {ifa_family=AF_INET, ifa_prefixlen=8, ifa_flags=IFA_F_PERMANENT, ifa_scope=RT_SCOPE_HOST, ifa_index=if_nametoindex("lo")}, [{{nla_len=8, nla_type=IFA_ADDRESS}, 127.0.0.1}, {{nla_len=8, nla_type=IFA_LOCAL}, 127.0.0.1}, {{nla_len=7, nla_type=IFA_LABEL}, "lo"}, {{nla_len=8, nla_type=IFA_FLAGS}, IFA_F_PERMANENT}, {{nla_len=20, nla_type=IFA_CACHEINFO}, {ifa_prefered=4294967295, ifa_valid=4294967295, cstamp=2182530, tstamp=2182530}}]}, {{len=88, type=RTM_NEWADDR, flags=NLM_F_MULTI, seq=1684441282, pid=70}, {ifa_family=AF_INET, ifa_prefixlen=24, ifa_flags=IFA_F_PERMANENT, ifa_scope=RT_SCOPE_UNIVERSE, ifa_index=if_nametoindex("eth0")}, [{{nla_len=8, nla_type=IFA_ADDRESS}, 10.24.3.73}, {{nla_len=8, nla_type=IFA_LOCAL}, 10.24.3.73}, {{nla_len=8, nla_type=IFA_BROADCAST}, 10.24.3.255}, {{nla_len=9, nla_type=IFA_LABEL}, "eth0"}, {{nla_len=8, nla_type=IFA_FLAGS}, IFA_F_PERMANENT}, {{nla_len=20, nla_type=IFA_CACHEINFO}, {ifa_prefered=4294967295, ifa_valid=4294967295, cstamp=2182535, tstamp=2182535}}]}], iov_len=4096}], msg_iovlen=1, msg_controllen=0, msg_flags=0}, 0) = 164
2023-05-18T20:21:22.360078429Z 20:21:22.359753 recvmsg(8, {msg_name={sa_family=AF_NETLINK, nl_pid=0, nl_groups=00000000}, msg_namelen=12, msg_iov=[{iov_base={{len=20, type=NLMSG_DONE, flags=NLM_F_MULTI, seq=1684441282, pid=70}, 0}, iov_len=4096}], msg_iovlen=1, msg_controllen=0, msg_flags=0}, 0) = 20
2023-05-18T20:21:22.360979247Z 20:21:22.360622 socket(AF_UNIX, SOCK_STREAM|SOCK_CLOEXEC|SOCK_NONBLOCK, 0) = 8
2023-05-18T20:21:22.361196966Z 20:21:22.360941 connect(8, {sa_family=AF_UNIX, sun_path="/var/run/nscd/socket"}, 110) = -1 ENOENT (No such file or directory)
2023-05-18T20:21:22.361396479Z 20:21:22.361198 socket(AF_UNIX, SOCK_STREAM|SOCK_CLOEXEC|SOCK_NONBLOCK, 0) = 8
2023-05-18T20:21:22.361523665Z 20:21:22.361357 connect(8, {sa_family=AF_UNIX, sun_path="/var/run/nscd/socket"}, 110) = -1 ENOENT (No such file or directory)
2023-05-18T20:21:22.363524045Z 20:21:22.363327 socket(AF_INET, SOCK_DGRAM|SOCK_CLOEXEC|SOCK_NONBLOCK, IPPROTO_IP) = 8
2023-05-18T20:21:22.363635585Z 20:21:22.363479 connect(8, {sa_family=AF_INET, sin_port=htons(53), sin_addr=inet_addr("169.254.169.254")}, 16) = 0
2023-05-18T20:21:22.364338967Z 20:21:22.363696 sendto(8, "\225\21\1\0\0\1\0\0\0\0\0\0\rflux-sample-0\fflux-"..., 76, MSG_NOSIGNAL, NULL, 0) = 76
2023-05-18T20:21:22.368894716Z 20:21:22.368256 recvfrom(8, "\225\21\201\200\0\1\0\1\0\0\0\0\rflux-sample-0\fflux-"..., 1024, 0, {sa_family=AF_INET, sin_port=htons(53), sin_addr=inet_addr("169.254.169.254")}, [28->16]) = 92
2023-05-18T20:21:22.375410435Z broker.info[1]: start: none->join 2.48174ms
2023-05-18T20:21:28.588475841Z broker.info[1]: parent-ready: join->init 6.21251s
2023-05-18T20:21:28.589256730Z 20:21:28.588693 socketpair(AF_UNIX, SOCK_STREAM|SOCK_CLOEXEC, 0, [22, 23]) = 0
2023-05-18T20:21:28.589471808Z 20:21:28.588957 socketpair(AF_UNIX, SOCK_STREAM, 0, [24, 25]) = 0
2023-05-18T20:21:28.590046378Z 20:21:28.589401 socketpair(AF_UNIX, SOCK_STREAM, 0, [26, 27]) = 0
2023-05-18T20:21:28.590281857Z 20:21:28.589774 socketpair(AF_UNIX, SOCK_STREAM, 0, [28, 29]) = 0
2023-05-18T20:21:28.619556051Z broker.info[1]: configuration updated
2023-05-18T20:21:28.772411035Z broker.info[1]: rc1.0: running /etc/flux/rc1.d/01-sched-fluxion
2023-05-18T20:21:28.787354364Z broker.info[1]: rc1.0: running /etc/flux/rc1.d/02-cron
2023-05-18T20:21:28.827592399Z broker.info[1]: rc1.0: /etc/flux/rc1 Exited (rc=0) 0.2s
2023-05-18T20:21:28.828179474Z broker.info[1]: rc1-success: init->quorum 0.239265s
2023-05-18T20:21:29.042499267Z broker.info[1]: quorum-full: quorum->run 0.214194s
2023-05-18T20:21:40.586745828Z broker.info[1]: shutdown: run->cleanup 11.5432s
2023-05-18T20:21:40.588178318Z broker.info[1]: cleanup-none: cleanup->shutdown 0.969019ms
2023-05-18T20:21:40.589389640Z broker.info[1]: children-none: shutdown->finalize 1.06985ms
2023-05-18T20:21:40.590621619Z 20:21:40.589385 socketpair(AF_UNIX, SOCK_STREAM|SOCK_CLOEXEC, 0, [22, 23]) = 0
2023-05-18T20:21:40.590718165Z 20:21:40.589624 socketpair(AF_UNIX, SOCK_STREAM, 0, [24, 25]) = 0
2023-05-18T20:21:40.590779503Z 20:21:40.589916 socketpair(AF_UNIX, SOCK_STREAM, 0, [26, 28]) = 0
2023-05-18T20:21:40.590869419Z 20:21:40.590228 socketpair(AF_UNIX, SOCK_STREAM, 0, [58, 59]) = 0
2023-05-18T20:21:40.618017496Z broker.info[1]: rc3.0: running /etc/flux/rc3.d/01-sched-fluxion
2023-05-18T20:21:40.806616030Z broker.info[1]: rc3.0: /etc/flux/rc3 Exited (rc=0) 0.2s
2023-05-18T20:21:40.808666008Z broker.info[1]: rc3-success: finalize->goodbye 0.218955s
2023-05-18T20:21:40.811024159Z broker.info[1]: goodbye: goodbye->exit 1.22559ms
2023-05-18T20:21:40.827546322Z 20:21:40.827203 +++ exited with 0 +++
2023-05-18T20:21:40.829698510Z Return value for follower worker is 0
2023-05-18T20:21:40.829923403Z The follower worker exited cleanly. Goodbye!
