2023-05-18T18:49:58.635625742Z
2023-05-18T18:49:58.635693172Z Flux username: flux
2023-05-18T18:49:58.635699704Z
2023-05-18T18:49:58.635704809Z Flux install root: /usr
2023-05-18T18:49:58.683633131Z flux user is already added.
2023-05-18T18:49:58.686625141Z flux user identifiers:
2023-05-18T18:49:58.686657284Z uid=1234(flux) gid=1234(flux) groups=1234(flux)
2023-05-18T18:49:58.686805375Z
2023-05-18T18:49:58.686822946Z As Flux prefix for flux commands: sudo -u flux -E PYTHONPATH=/opt/conda/lib/python3.10/site-packages -E PATH=/opt/conda/bin:/usr/local/sbin:/usr/local/bin:/usr/sbin:/usr/bin:/sbin:/bin -E LD_LIBRARY_PATH=/opt/conda/lib -E HOME=/home/flux
2023-05-18T18:49:58.695512119Z
2023-05-18T18:49:58.695548227Z 👋 Hello, I'm flux-sample-2
2023-05-18T18:49:58.695554137Z The main host is flux-sample-0
2023-05-18T18:49:58.695718519Z The working directory is /home/flux/examples/reaxff/HNS, contents include:
2023-05-18T18:49:58.697675906Z /home/flux/examples/reaxff/HNS:
2023-05-18T18:49:58.697827479Z README.txt	ffield.reax.hns  log.8Mar18.reaxc.hns.g++.1
2023-05-18T18:49:58.697839919Z data.hns-equil	in.reaxc.hns	 log.8Mar18.reaxc.hns.g++.4
2023-05-18T18:49:58.698077553Z End of file listing, if you see nothing above there are no files.
2023-05-18T18:49:58.700418547Z flux R encode --hosts=flux-sample-[0-3]
2023-05-18T18:49:58.716300892Z
2023-05-18T18:49:58.716335040Z 📦 Resources
2023-05-18T18:49:58.718241764Z {"version": 1, "execution": {"R_lite": [{"rank": "0-3", "children": {"core": "0"}}], "starttime": 0.0, "expiration": 0.0, "nodelist": ["flux-sample-[0-3]"]}}
2023-05-18T18:49:58.718530323Z
2023-05-18T18:49:58.718547305Z 🐸 Diagnostics: false
2023-05-18T18:49:58.718846739Z 🚩️ Flux Option Flags defined
2023-05-18T18:49:58.723396724Z
2023-05-18T18:49:58.723423526Z 🦊 Independent Minister of Privilege
2023-05-18T18:49:58.724806698Z [exec]
2023-05-18T18:49:58.724827448Z allowed-users = [ "flux", "root" ]
2023-05-18T18:49:58.724835286Z allowed-shells = [ "/usr/libexec/flux/flux-shell" ]
2023-05-18T18:49:58.725012249Z
2023-05-18T18:49:58.725026270Z 🐸 Broker Configuration
2023-05-18T18:49:58.726337259Z # Flux needs to know the path to the IMP executable
2023-05-18T18:49:58.726354935Z [exec]
2023-05-18T18:49:58.726361623Z imp = "/usr/libexec/flux/flux-imp"
2023-05-18T18:49:58.726368256Z
2023-05-18T18:49:58.726374154Z [access]
2023-05-18T18:49:58.726380025Z allow-guest-user = true
2023-05-18T18:49:58.726384833Z allow-root-owner = true
2023-05-18T18:49:58.726389484Z
2023-05-18T18:49:58.726394462Z # Point to resource definition generated with flux-R(1).
2023-05-18T18:49:58.726399241Z [resource]
2023-05-18T18:49:58.726405513Z path = "/etc/flux/system/R"
2023-05-18T18:49:58.726412049Z
2023-05-18T18:49:58.726418317Z [bootstrap]
2023-05-18T18:49:58.726423650Z curve_cert = "/etc/curve/curve.cert"
2023-05-18T18:49:58.726428454Z default_port = 8050
2023-05-18T18:49:58.726433095Z default_bind = "tcp://eth0:%p"
2023-05-18T18:49:58.726438346Z default_connect = "tcp://%h.flux-service.flux-operator.svc.cluster.local:%p"
2023-05-18T18:49:58.726443124Z hosts = [
2023-05-18T18:49:58.726447519Z 	{ host="flux-sample-[0-3]"},
2023-05-18T18:49:58.726454421Z ]
2023-05-18T18:49:58.726460377Z
2023-05-18T18:49:58.726465213Z [archive]
2023-05-18T18:49:58.726470167Z dbpath = "/var/lib/flux/job-archive.sqlite"
2023-05-18T18:49:58.726474845Z period = "1m"
2023-05-18T18:49:58.812287011Z busytimeout = "50s"
2023-05-18T18:49:58.812316809Z 🧊️ State Directory:
2023-05-18T18:49:58.812323153Z total 0
2023-05-18T18:49:58.812327796Z
2023-05-18T18:49:58.816524827Z
2023-05-18T18:49:58.816557584Z 🔒️ Working directory permissions:
2023-05-18T18:49:58.816564086Z total 96
2023-05-18T18:49:58.816570093Z -rwxrwxrwx 1 flux root  2517 May 17 22:32 README.txt
2023-05-18T18:49:58.816727696Z -rwxrwxrwx 1 flux root 54692 May 17 22:32 data.hns-equil
2023-05-18T18:49:58.816738989Z -rwxrwxrwx 1 flux root 13576 May 17 22:32 ffield.reax.hns
2023-05-18T18:49:58.816744134Z -rwxrwxrwx 1 flux root   870 May 17 22:32 in.reaxc.hns
2023-05-18T18:49:58.816749123Z -rwxrwxrwx 1 flux root  4172 May 17 22:32 log.8Mar18.reaxc.hns.g++.1
2023-05-18T18:49:58.816754117Z -rwxrwxrwx 1 flux root  4168 May 17 22:32 log.8Mar18.reaxc.hns.g++.4
2023-05-18T18:49:58.816760328Z
2023-05-18T18:49:58.816765650Z
2023-05-18T18:49:58.816771302Z ✨ Curve certificate generated by helper pod
2023-05-18T18:49:58.818340836Z #   ****  Generated on 2023-04-26 22:54:42 by CZMQ  ****
2023-05-18T18:49:58.818364746Z #   ZeroMQ CURVE **Secret** Certificate
2023-05-18T18:49:58.818370680Z #   DO NOT PROVIDE THIS FILE TO OTHER USERS nor change its permissions.
2023-05-18T18:49:58.818375776Z
2023-05-18T18:49:58.818380819Z metadata
2023-05-18T18:49:58.818386121Z     name = "flux-cert-generator"
2023-05-18T18:49:58.818390978Z     keygen.hostname = "flux-sample-0"
2023-05-18T18:49:58.818395558Z curve
2023-05-18T18:49:58.818402336Z     public-key = "s$uE$V{a2b@XGE[({+WAI1B0^5wiXv!S{Dl:<J<q"
2023-05-18T18:49:58.818408329Z     secret-key = "2qfz2cht[CEZV8T7&@kYC*nNgm%9>70pJFr+@y]W"
2023-05-18T18:49:58.820590886Z
2023-05-18T18:49:58.820618790Z 🌀  flux start --wrap=strace,-e,network,-tt -o --config /etc/flux/config -Scron.directory=/etc/flux/system/cron.d   -Stbon.fanout=256   -Srundir=/run/flux    -Sstatedir=/var/lib/flux   -Slocal-uri=local:///run/flux/local -Stbon.connect_timeout=6s  -Stbon.zmqdebug=1  -Slog-stderr-level=6    -Slog-stderr-mode=local
2023-05-18T18:49:58.855668667Z 18:49:58.855405 socket(AF_NETLINK, SOCK_RAW, NETLINK_ROUTE) = 8
2023-05-18T18:49:58.855836982Z 18:49:58.855511 bind(8, {sa_family=AF_NETLINK, nl_pid=0, nl_groups=00000000}, 12) = 0
2023-05-18T18:49:58.855849399Z 18:49:58.855597 getsockname(8, {sa_family=AF_NETLINK, nl_pid=70, nl_groups=00000000}, [12]) = 0
2023-05-18T18:49:58.856190733Z 18:49:58.855701 sendto(8, {{len=20, type=RTM_GETADDR, flags=NLM_F_REQUEST|NLM_F_DUMP, seq=1684435798, pid=0}, {ifa_family=AF_UNSPEC, ...}}, 20, 0, {sa_family=AF_NETLINK, nl_pid=0, nl_groups=00000000}, 12) = 20
2023-05-18T18:49:58.856555981Z 18:49:58.856036 recvmsg(8, {msg_name={sa_family=AF_NETLINK, nl_pid=0, nl_groups=00000000}, msg_namelen=12, msg_iov=[{iov_base=[{{len=76, type=RTM_NEWADDR, flags=NLM_F_MULTI, seq=1684435798, pid=70}, {ifa_family=AF_INET, ifa_prefixlen=8, ifa_flags=IFA_F_PERMANENT, ifa_scope=RT_SCOPE_HOST, ifa_index=if_nametoindex("lo")}, [{{nla_len=8, nla_type=IFA_ADDRESS}, 127.0.0.1}, {{nla_len=8, nla_type=IFA_LOCAL}, 127.0.0.1}, {{nla_len=7, nla_type=IFA_LABEL}, "lo"}, {{nla_len=8, nla_type=IFA_FLAGS}, IFA_F_PERMANENT}, {{nla_len=20, nla_type=IFA_CACHEINFO}, {ifa_prefered=4294967295, ifa_valid=4294967295, cstamp=1634244, tstamp=1634244}}]}, {{len=88, type=RTM_NEWADDR, flags=NLM_F_MULTI, seq=1684435798, pid=70}, {ifa_family=AF_INET, ifa_prefixlen=24, ifa_flags=IFA_F_PERMANENT, ifa_scope=RT_SCOPE_UNIVERSE, ifa_index=if_nametoindex("eth0")}, [{{nla_len=8, nla_type=IFA_ADDRESS}, 10.24.2.118}, {{nla_len=8, nla_type=IFA_LOCAL}, 10.24.2.118}, {{nla_len=8, nla_type=IFA_BROADCAST}, 10.24.2.255}, {{nla_len=9, nla_type=IFA_LABEL}, "eth0"}, {{nla_len=8, nla_type=IFA_FLAGS}, IFA_F_PERMANENT}, {{nla_len=20, nla_type=IFA_CACHEINFO}, {ifa_prefered=4294967295, ifa_valid=4294967295, cstamp=1634247, tstamp=1634247}}]}], iov_len=4096}], msg_iovlen=1, msg_controllen=0, msg_flags=0}, 0) = 164
2023-05-18T18:49:58.856666040Z 18:49:58.856421 recvmsg(8, {msg_name={sa_family=AF_NETLINK, nl_pid=0, nl_groups=00000000}, msg_namelen=12, msg_iov=[{iov_base={{len=20, type=NLMSG_DONE, flags=NLM_F_MULTI, seq=1684435798, pid=70}, 0}, iov_len=4096}], msg_iovlen=1, msg_controllen=0, msg_flags=0}, 0) = 20
2023-05-18T18:49:58.857266099Z 18:49:58.857060 socket(AF_UNIX, SOCK_STREAM|SOCK_CLOEXEC|SOCK_NONBLOCK, 0) = 8
2023-05-18T18:49:58.857388081Z 18:49:58.857165 connect(8, {sa_family=AF_UNIX, sun_path="/var/run/nscd/socket"}, 110) = -1 ENOENT (No such file or directory)
2023-05-18T18:49:58.857470455Z 18:49:58.857326 socket(AF_UNIX, SOCK_STREAM|SOCK_CLOEXEC|SOCK_NONBLOCK, 0) = 8
2023-05-18T18:49:58.857595519Z 18:49:58.857424 connect(8, {sa_family=AF_UNIX, sun_path="/var/run/nscd/socket"}, 110) = -1 ENOENT (No such file or directory)
2023-05-18T18:49:58.859055115Z 18:49:58.858836 socket(AF_INET, SOCK_DGRAM|SOCK_CLOEXEC|SOCK_NONBLOCK, IPPROTO_IP) = 8
2023-05-18T18:49:58.859071231Z 18:49:58.858909 connect(8, {sa_family=AF_INET, sin_port=htons(53), sin_addr=inet_addr("169.254.169.254")}, 16) = 0
2023-05-18T18:49:58.859422476Z 18:49:58.859072 sendto(8, "\36\344\1\0\0\1\0\0\0\0\0\0\rflux-sample-0\fflux-"..., 76, MSG_NOSIGNAL, NULL, 0) = 76
2023-05-18T18:49:58.863198332Z 18:49:58.862970 recvfrom(8, "\36\344\201\200\0\1\0\1\0\0\0\0\rflux-sample-0\fflux-"..., 1024, 0, {sa_family=AF_INET, sin_port=htons(53), sin_addr=inet_addr("169.254.169.254")}, [28->16]) = 92
2023-05-18T18:49:58.869716187Z broker.info[2]: start: none->join 1.80489ms
2023-05-18T18:50:05.004713152Z broker.info[2]: parent-ready: join->init 6.13266s
2023-05-18T18:50:05.005199368Z 18:50:05.002817 socketpair(AF_UNIX, SOCK_STREAM|SOCK_CLOEXEC, 0, [22, 23]) = 0
2023-05-18T18:50:05.005426443Z 18:50:05.002977 socketpair(AF_UNIX, SOCK_STREAM, 0, [24, 25]) = 0
2023-05-18T18:50:05.005856952Z 18:50:05.003258 socketpair(AF_UNIX, SOCK_STREAM, 0, [26, 27]) = 0
2023-05-18T18:50:05.006325468Z 18:50:05.003493 socketpair(AF_UNIX, SOCK_STREAM, 0, [28, 29]) = 0
2023-05-18T18:50:05.030907561Z broker.info[2]: configuration updated
2023-05-18T18:50:05.161138121Z broker.info[2]: rc1.0: running /etc/flux/rc1.d/01-sched-fluxion
2023-05-18T18:50:05.172987751Z broker.info[2]: rc1.0: running /etc/flux/rc1.d/02-cron
2023-05-18T18:50:05.198162825Z broker.info[2]: rc1.0: /etc/flux/rc1 Exited (rc=0) 0.2s
2023-05-18T18:50:05.198886686Z broker.info[2]: rc1-success: init->quorum 0.195861s
2023-05-18T18:50:05.415476552Z broker.info[2]: quorum-full: quorum->run 0.21629s
2023-05-18T18:50:17.214028297Z broker.info[2]: shutdown: run->cleanup 11.7981s
2023-05-18T18:50:17.215658335Z broker.info[2]: cleanup-none: cleanup->shutdown 1.56937ms
2023-05-18T18:50:17.217081240Z broker.info[2]: children-none: shutdown->finalize 1.20828ms
2023-05-18T18:50:17.217539715Z 18:50:17.217299 socketpair(AF_UNIX, SOCK_STREAM|SOCK_CLOEXEC, 0, [22, 23]) = 0
2023-05-18T18:50:17.217839856Z 18:50:17.217592 socketpair(AF_UNIX, SOCK_STREAM, 0, [24, 25]) = 0
2023-05-18T18:50:17.218239279Z 18:50:17.218025 socketpair(AF_UNIX, SOCK_STREAM, 0, [26, 28]) = 0
2023-05-18T18:50:17.218580613Z 18:50:17.218371 socketpair(AF_UNIX, SOCK_STREAM, 0, [58, 59]) = 0
2023-05-18T18:50:17.238169592Z broker.info[2]: rc3.0: running /etc/flux/rc3.d/01-sched-fluxion
2023-05-18T18:50:17.381449394Z broker.info[2]: rc3.0: /etc/flux/rc3 Exited (rc=0) 0.2s
2023-05-18T18:50:17.383077027Z broker.info[2]: rc3-success: finalize->goodbye 0.165331s
2023-05-18T18:50:17.384783137Z broker.info[2]: goodbye: goodbye->exit 1.01071ms
2023-05-18T18:50:17.395732828Z 18:50:17.395550 +++ exited with 0 +++
2023-05-18T18:50:17.397291134Z Return value for follower worker is 0
2023-05-18T18:50:17.397425314Z The follower worker exited cleanly. Goodbye!
