2023-05-18T20:46:24.514831001Z
2023-05-18T20:46:24.514904624Z Flux username: flux
2023-05-18T20:46:24.514913911Z
2023-05-18T20:46:24.514920835Z Flux install root: /usr
2023-05-18T20:46:24.573436812Z flux user is already added.
2023-05-18T20:46:24.578105274Z flux user identifiers:
2023-05-18T20:46:24.578190874Z uid=1234(flux) gid=1234(flux) groups=1234(flux)
2023-05-18T20:46:24.578307855Z
2023-05-18T20:46:24.578317884Z As Flux prefix for flux commands: sudo -u flux -E PYTHONPATH=/opt/conda/lib/python3.10/site-packages -E PATH=/opt/conda/bin:/usr/local/sbin:/usr/local/bin:/usr/sbin:/usr/bin:/sbin:/bin -E LD_LIBRARY_PATH=/opt/conda/lib -E HOME=/home/flux
2023-05-18T20:46:24.589995331Z
2023-05-18T20:46:24.590067114Z 👋 Hello, I'm flux-sample-1
2023-05-18T20:46:24.590531607Z The main host is flux-sample-0
2023-05-18T20:46:24.590640253Z The working directory is /home/flux/examples/reaxff/HNS, contents include:
2023-05-18T20:46:24.593658713Z /home/flux/examples/reaxff/HNS:
2023-05-18T20:46:24.593844440Z README.txt	ffield.reax.hns  log.8Mar18.reaxc.hns.g++.1
2023-05-18T20:46:24.593857350Z data.hns-equil	in.reaxc.hns	 log.8Mar18.reaxc.hns.g++.4
2023-05-18T20:46:24.594231779Z End of file listing, if you see nothing above there are no files.
2023-05-18T20:46:24.596988247Z flux R encode --hosts=flux-sample-[0-3]
2023-05-18T20:46:24.615385421Z
2023-05-18T20:46:24.615431744Z 📦 Resources
2023-05-18T20:46:24.618003963Z {"version": 1, "execution": {"R_lite": [{"rank": "0-3", "children": {"core": "0"}}], "starttime": 0.0, "expiration": 0.0, "nodelist": ["flux-sample-[0-3]"]}}
2023-05-18T20:46:24.618873773Z
2023-05-18T20:46:24.618908723Z 🐸 Diagnostics: false
2023-05-18T20:46:24.619100298Z 🚩️ Flux Option Flags defined
2023-05-18T20:46:24.625612043Z
2023-05-18T20:46:24.625666541Z 🦊 Independent Minister of Privilege
2023-05-18T20:46:24.627442986Z [exec]
2023-05-18T20:46:24.627478473Z allowed-users = [ "flux", "root" ]
2023-05-18T20:46:24.627485257Z allowed-shells = [ "/usr/libexec/flux/flux-shell" ]
2023-05-18T20:46:24.627691936Z
2023-05-18T20:46:24.627708730Z 🐸 Broker Configuration
2023-05-18T20:46:24.629323238Z # Flux needs to know the path to the IMP executable
2023-05-18T20:46:24.629352456Z [exec]
2023-05-18T20:46:24.629359846Z imp = "/usr/libexec/flux/flux-imp"
2023-05-18T20:46:24.629366522Z
2023-05-18T20:46:24.629372835Z [access]
2023-05-18T20:46:24.629379383Z allow-guest-user = true
2023-05-18T20:46:24.629384432Z allow-root-owner = true
2023-05-18T20:46:24.629389115Z
2023-05-18T20:46:24.629394730Z # Point to resource definition generated with flux-R(1).
2023-05-18T20:46:24.629400319Z [resource]
2023-05-18T20:46:24.629406184Z path = "/etc/flux/system/R"
2023-05-18T20:46:24.629412675Z
2023-05-18T20:46:24.629418350Z [bootstrap]
2023-05-18T20:46:24.629423187Z curve_cert = "/etc/curve/curve.cert"
2023-05-18T20:46:24.629428479Z default_port = 8050
2023-05-18T20:46:24.629432497Z default_bind = "tcp://eth0:%p"
2023-05-18T20:46:24.629436974Z default_connect = "tcp://%h.flux-service.flux-operator.svc.cluster.local:%p"
2023-05-18T20:46:24.629440349Z hosts = [
2023-05-18T20:46:24.629444069Z 	{ host="flux-sample-[0-3]"},
2023-05-18T20:46:24.629449186Z ]
2023-05-18T20:46:24.629453586Z
2023-05-18T20:46:24.629457313Z [archive]
2023-05-18T20:46:24.629461753Z dbpath = "/var/lib/flux/job-archive.sqlite"
2023-05-18T20:46:24.629466986Z period = "1m"
2023-05-18T20:46:24.750250147Z busytimeout = "50s"
2023-05-18T20:46:24.750297188Z 🧊️ State Directory:
2023-05-18T20:46:24.750303957Z total 0
2023-05-18T20:46:24.750311157Z
2023-05-18T20:46:24.755047129Z
2023-05-18T20:46:24.755099256Z 🔒️ Working directory permissions:
2023-05-18T20:46:24.755112048Z total 96
2023-05-18T20:46:24.755135896Z -rwxrwxrwx 1 flux root  2517 May 17 22:32 README.txt
2023-05-18T20:46:24.755144251Z -rwxrwxrwx 1 flux root 54692 May 17 22:32 data.hns-equil
2023-05-18T20:46:24.755149284Z -rwxrwxrwx 1 flux root 13576 May 17 22:32 ffield.reax.hns
2023-05-18T20:46:24.755154284Z -rwxrwxrwx 1 flux root   870 May 17 22:32 in.reaxc.hns
2023-05-18T20:46:24.755160078Z -rwxrwxrwx 1 flux root  4172 May 17 22:32 log.8Mar18.reaxc.hns.g++.1
2023-05-18T20:46:24.755165628Z -rwxrwxrwx 1 flux root  4168 May 17 22:32 log.8Mar18.reaxc.hns.g++.4
2023-05-18T20:46:24.755172129Z
2023-05-18T20:46:24.755366780Z
2023-05-18T20:46:24.755380073Z ✨ Curve certificate generated by helper pod
2023-05-18T20:46:24.757254494Z #   ****  Generated on 2023-04-26 22:54:42 by CZMQ  ****
2023-05-18T20:46:24.757282616Z #   ZeroMQ CURVE **Secret** Certificate
2023-05-18T20:46:24.757289316Z #   DO NOT PROVIDE THIS FILE TO OTHER USERS nor change its permissions.
2023-05-18T20:46:24.757294549Z
2023-05-18T20:46:24.757301291Z metadata
2023-05-18T20:46:24.757308217Z     name = "flux-cert-generator"
2023-05-18T20:46:24.757312962Z     keygen.hostname = "flux-sample-0"
2023-05-18T20:46:24.757317834Z curve
2023-05-18T20:46:24.757322595Z     public-key = "wIcfXt)HAlXpDXSGm<rCy54hX8PVl)ynpqF^bp-V"
2023-05-18T20:46:24.757327557Z     secret-key = "3=oL))UB0Z2BK{lC1bF[<9FbO8OXt8Ut^UDjo7<q"
2023-05-18T20:46:24.759980878Z
2023-05-18T20:46:24.760021082Z 🌀  flux start --wrap=strace,-e,network,-tt -o --config /etc/flux/config -Scron.directory=/etc/flux/system/cron.d   -Stbon.fanout=256   -Srundir=/run/flux    -Sstatedir=/var/lib/flux   -Slocal-uri=local:///run/flux/local -Stbon.connect_timeout=9s  -Stbon.zmqdebug=1  -Slog-stderr-level=6    -Slog-stderr-mode=local
2023-05-18T20:46:24.812678488Z 20:46:24.812283 socket(AF_NETLINK, SOCK_RAW, NETLINK_ROUTE) = 8
2023-05-18T20:46:24.812993212Z 20:46:24.812558 bind(8, {sa_family=AF_NETLINK, nl_pid=0, nl_groups=00000000}, 12) = 0
2023-05-18T20:46:24.813210524Z 20:46:24.812965 getsockname(8, {sa_family=AF_NETLINK, nl_pid=70, nl_groups=00000000}, [12]) = 0
2023-05-18T20:46:24.813780338Z 20:46:24.813217 sendto(8, {{len=20, type=RTM_GETADDR, flags=NLM_F_REQUEST|NLM_F_DUMP, seq=1684442784, pid=0}, {ifa_family=AF_UNSPEC, ...}}, 20, 0, {sa_family=AF_NETLINK, nl_pid=0, nl_groups=00000000}, 12) = 20
2023-05-18T20:46:24.814143342Z 20:46:24.813618 recvmsg(8, {msg_name={sa_family=AF_NETLINK, nl_pid=0, nl_groups=00000000}, msg_namelen=12, msg_iov=[{iov_base=[{{len=76, type=RTM_NEWADDR, flags=NLM_F_MULTI, seq=1684442784, pid=70}, {ifa_family=AF_INET, ifa_prefixlen=8, ifa_flags=IFA_F_PERMANENT, ifa_scope=RT_SCOPE_HOST, ifa_index=if_nametoindex("lo")}, [{{nla_len=8, nla_type=IFA_ADDRESS}, 127.0.0.1}, {{nla_len=8, nla_type=IFA_LOCAL}, 127.0.0.1}, {{nla_len=7, nla_type=IFA_LABEL}, "lo"}, {{nla_len=8, nla_type=IFA_FLAGS}, IFA_F_PERMANENT}, {{nla_len=20, nla_type=IFA_CACHEINFO}, {ifa_prefered=4294967295, ifa_valid=4294967295, cstamp=2332785, tstamp=2332785}}]}, {{len=88, type=RTM_NEWADDR, flags=NLM_F_MULTI, seq=1684442784, pid=70}, {ifa_family=AF_INET, ifa_prefixlen=24, ifa_flags=IFA_F_PERMANENT, ifa_scope=RT_SCOPE_UNIVERSE, ifa_index=if_nametoindex("eth0")}, [{{nla_len=8, nla_type=IFA_ADDRESS}, 10.24.3.146}, {{nla_len=8, nla_type=IFA_LOCAL}, 10.24.3.146}, {{nla_len=8, nla_type=IFA_BROADCAST}, 10.24.3.255}, {{nla_len=9, nla_type=IFA_LABEL}, "eth0"}, {{nla_len=8, nla_type=IFA_FLAGS}, IFA_F_PERMANENT}, {{nla_len=20, nla_type=IFA_CACHEINFO}, {ifa_prefered=4294967295, ifa_valid=4294967295, cstamp=2332788, tstamp=2332788}}]}], iov_len=4096}], msg_iovlen=1, msg_controllen=0, msg_flags=0}, 0) = 164
2023-05-18T20:46:24.814318698Z 20:46:24.814027 recvmsg(8, {msg_name={sa_family=AF_NETLINK, nl_pid=0, nl_groups=00000000}, msg_namelen=12, msg_iov=[{iov_base={{len=20, type=NLMSG_DONE, flags=NLM_F_MULTI, seq=1684442784, pid=70}, 0}, iov_len=4096}], msg_iovlen=1, msg_controllen=0, msg_flags=0}, 0) = 20
2023-05-18T20:46:24.815115024Z 20:46:24.814913 socket(AF_UNIX, SOCK_STREAM|SOCK_CLOEXEC|SOCK_NONBLOCK, 0) = 8
2023-05-18T20:46:24.815505511Z 20:46:24.815226 connect(8, {sa_family=AF_UNIX, sun_path="/var/run/nscd/socket"}, 110) = -1 ENOENT (No such file or directory)
2023-05-18T20:46:24.815671975Z 20:46:24.815450 socket(AF_UNIX, SOCK_STREAM|SOCK_CLOEXEC|SOCK_NONBLOCK, 0) = 8
2023-05-18T20:46:24.815786630Z 20:46:24.815527 connect(8, {sa_family=AF_UNIX, sun_path="/var/run/nscd/socket"}, 110) = -1 ENOENT (No such file or directory)
2023-05-18T20:46:24.818628353Z 20:46:24.818408 socket(AF_INET, SOCK_DGRAM|SOCK_CLOEXEC|SOCK_NONBLOCK, IPPROTO_IP) = 8
2023-05-18T20:46:24.818884690Z 20:46:24.818536 connect(8, {sa_family=AF_INET, sin_port=htons(53), sin_addr=inet_addr("169.254.169.254")}, 16) = 0
2023-05-18T20:46:24.819538020Z 20:46:24.818958 sendto(8, "\37\1\1\0\0\1\0\0\0\0\0\0\rflux-sample-0\fflux-"..., 76, MSG_NOSIGNAL, NULL, 0) = 76
2023-05-18T20:46:24.824154288Z 20:46:24.823416 recvfrom(8, "\37\1\201\200\0\1\0\1\0\0\0\0\rflux-sample-0\fflux-"..., 1024, 0, {sa_family=AF_INET, sin_port=htons(53), sin_addr=inet_addr("169.254.169.254")}, [28->16]) = 92
2023-05-18T20:46:24.832983188Z broker.info[1]: start: none->join 2.88368ms
2023-05-18T20:46:24.843067551Z broker.info[1]: parent-ready: join->init 9.56381ms
2023-05-18T20:46:24.843792372Z 20:46:24.843288 socketpair(AF_UNIX, SOCK_STREAM|SOCK_CLOEXEC, 0, [22, 23]) = 0
2023-05-18T20:46:24.844219560Z 20:46:24.843837 socketpair(AF_UNIX, SOCK_STREAM, 0, [24, 25]) = 0
2023-05-18T20:46:24.844853152Z 20:46:24.844425 socketpair(AF_UNIX, SOCK_STREAM, 0, [26, 27]) = 0
2023-05-18T20:46:24.845431081Z 20:46:24.845040 socketpair(AF_UNIX, SOCK_STREAM, 0, [28, 29]) = 0
2023-05-18T20:46:24.875771193Z broker.info[1]: configuration updated
2023-05-18T20:46:25.096733824Z broker.info[1]: rc1.0: running /etc/flux/rc1.d/01-sched-fluxion
2023-05-18T20:46:25.118187138Z broker.info[1]: rc1.0: running /etc/flux/rc1.d/02-cron
2023-05-18T20:46:25.171372452Z broker.info[1]: rc1.0: /etc/flux/rc1 Exited (rc=0) 0.3s
2023-05-18T20:46:25.172940013Z broker.info[1]: rc1-success: init->quorum 0.329375s
2023-05-18T20:46:25.387943639Z broker.info[1]: quorum-full: quorum->run 0.214175s
2023-05-18T20:46:36.858358544Z broker.info[1]: shutdown: run->cleanup 11.4692s
2023-05-18T20:46:36.859534837Z broker.info[1]: cleanup-none: cleanup->shutdown 0.898216ms
2023-05-18T20:46:36.860279735Z broker.info[1]: children-none: shutdown->finalize 0.93294ms
2023-05-18T20:46:36.860864638Z 20:46:36.860353 socketpair(AF_UNIX, SOCK_STREAM|SOCK_CLOEXEC, 0, [22, 23]) = 0
2023-05-18T20:46:36.861062398Z 20:46:36.860571 socketpair(AF_UNIX, SOCK_STREAM, 0, [24, 25]) = 0
2023-05-18T20:46:36.861555089Z 20:46:36.860819 socketpair(AF_UNIX, SOCK_STREAM, 0, [26, 28]) = 0
2023-05-18T20:46:36.861739041Z 20:46:36.861025 socketpair(AF_UNIX, SOCK_STREAM, 0, [58, 59]) = 0
2023-05-18T20:46:36.884502494Z broker.info[1]: rc3.0: running /etc/flux/rc3.d/01-sched-fluxion
2023-05-18T20:46:37.047084891Z broker.info[1]: rc3.0: /etc/flux/rc3 Exited (rc=0) 0.2s
2023-05-18T20:46:37.048793812Z broker.info[1]: rc3-success: finalize->goodbye 0.188181s
2023-05-18T20:46:37.051020346Z broker.info[1]: goodbye: goodbye->exit 1.17523ms
2023-05-18T20:46:37.060564935Z 20:46:37.060211 +++ exited with 0 +++
2023-05-18T20:46:37.062754117Z Return value for follower worker is 0
2023-05-18T20:46:37.062840495Z The follower worker exited cleanly. Goodbye!
