2023-05-18T18:44:02.686677735Z
2023-05-18T18:44:02.686730861Z Flux username: flux
2023-05-18T18:44:02.686738725Z
2023-05-18T18:44:02.686743697Z Flux install root: /usr
2023-05-18T18:44:02.741901028Z flux user is already added.
2023-05-18T18:44:02.744882023Z flux user identifiers:
2023-05-18T18:44:02.744917111Z uid=1234(flux) gid=1234(flux) groups=1234(flux)
2023-05-18T18:44:02.745066573Z
2023-05-18T18:44:02.745082529Z As Flux prefix for flux commands: sudo -u flux -E PYTHONPATH=/opt/conda/lib/python3.10/site-packages -E PATH=/opt/conda/bin:/usr/local/sbin:/usr/local/bin:/usr/sbin:/usr/bin:/sbin:/bin -E LD_LIBRARY_PATH=/opt/conda/lib -E HOME=/home/flux
2023-05-18T18:44:02.754475335Z
2023-05-18T18:44:02.754520778Z 👋 Hello, I'm flux-sample-2
2023-05-18T18:44:02.754751487Z The main host is flux-sample-0
2023-05-18T18:44:02.754769282Z The working directory is /home/flux/examples/reaxff/HNS, contents include:
2023-05-18T18:44:02.756522110Z /home/flux/examples/reaxff/HNS:
2023-05-18T18:44:02.756708807Z README.txt	ffield.reax.hns  log.8Mar18.reaxc.hns.g++.1
2023-05-18T18:44:02.756722917Z data.hns-equil	in.reaxc.hns	 log.8Mar18.reaxc.hns.g++.4
2023-05-18T18:44:02.756825039Z End of file listing, if you see nothing above there are no files.
2023-05-18T18:44:02.758687807Z flux R encode --hosts=flux-sample-[0-3]
2023-05-18T18:44:02.773715928Z
2023-05-18T18:44:02.773754060Z 📦 Resources
2023-05-18T18:44:02.775206517Z {"version": 1, "execution": {"R_lite": [{"rank": "0-3", "children": {"core": "0"}}], "starttime": 0.0, "expiration": 0.0, "nodelist": ["flux-sample-[0-3]"]}}
2023-05-18T18:44:02.775471538Z
2023-05-18T18:44:02.775491564Z 🐸 Diagnostics: false
2023-05-18T18:44:02.775649015Z 🚩️ Flux Option Flags defined
2023-05-18T18:44:02.779524016Z
2023-05-18T18:44:02.779586125Z 🦊 Independent Minister of Privilege
2023-05-18T18:44:02.780847263Z [exec]
2023-05-18T18:44:02.780865472Z allowed-users = [ "flux", "root" ]
2023-05-18T18:44:02.780874772Z allowed-shells = [ "/usr/libexec/flux/flux-shell" ]
2023-05-18T18:44:02.781038880Z
2023-05-18T18:44:02.781052285Z 🐸 Broker Configuration
2023-05-18T18:44:02.782280830Z # Flux needs to know the path to the IMP executable
2023-05-18T18:44:02.782297462Z [exec]
2023-05-18T18:44:02.782304428Z imp = "/usr/libexec/flux/flux-imp"
2023-05-18T18:44:02.782309453Z
2023-05-18T18:44:02.782314867Z [access]
2023-05-18T18:44:02.782333356Z allow-guest-user = true
2023-05-18T18:44:02.782339727Z allow-root-owner = true
2023-05-18T18:44:02.782346623Z
2023-05-18T18:44:02.782353134Z # Point to resource definition generated with flux-R(1).
2023-05-18T18:44:02.782358237Z [resource]
2023-05-18T18:44:02.782363957Z path = "/etc/flux/system/R"
2023-05-18T18:44:02.782368442Z
2023-05-18T18:44:02.782373027Z [bootstrap]
2023-05-18T18:44:02.782377891Z curve_cert = "/etc/curve/curve.cert"
2023-05-18T18:44:02.782382861Z default_port = 8050
2023-05-18T18:44:02.782390169Z default_bind = "tcp://eth0:%p"
2023-05-18T18:44:02.782396830Z default_connect = "tcp://%h.flux-service.flux-operator.svc.cluster.local:%p"
2023-05-18T18:44:02.782402124Z hosts = [
2023-05-18T18:44:02.782406814Z 	{ host="flux-sample-[0-3]"},
2023-05-18T18:44:02.782411658Z ]
2023-05-18T18:44:02.782416254Z
2023-05-18T18:44:02.782420982Z [archive]
2023-05-18T18:44:02.782425657Z dbpath = "/var/lib/flux/job-archive.sqlite"
2023-05-18T18:44:02.782432434Z period = "1m"
2023-05-18T18:44:02.868114492Z busytimeout = "50s"
2023-05-18T18:44:02.868150774Z 🧊️ State Directory:
2023-05-18T18:44:02.868157418Z total 0
2023-05-18T18:44:02.868162421Z
2023-05-18T18:44:02.872808453Z
2023-05-18T18:44:02.872860406Z 🔒️ Working directory permissions:
2023-05-18T18:44:02.872867277Z total 96
2023-05-18T18:44:02.872873921Z -rwxrwxrwx 1 flux root  2517 May 17 22:32 README.txt
2023-05-18T18:44:02.872882328Z -rwxrwxrwx 1 flux root 54692 May 17 22:32 data.hns-equil
2023-05-18T18:44:02.872889104Z -rwxrwxrwx 1 flux root 13576 May 17 22:32 ffield.reax.hns
2023-05-18T18:44:02.872894909Z -rwxrwxrwx 1 flux root   870 May 17 22:32 in.reaxc.hns
2023-05-18T18:44:02.872901398Z -rwxrwxrwx 1 flux root  4172 May 17 22:32 log.8Mar18.reaxc.hns.g++.1
2023-05-18T18:44:02.872986849Z -rwxrwxrwx 1 flux root  4168 May 17 22:32 log.8Mar18.reaxc.hns.g++.4
2023-05-18T18:44:02.872998145Z
2023-05-18T18:44:02.873003078Z
2023-05-18T18:44:02.873008061Z ✨ Curve certificate generated by helper pod
2023-05-18T18:44:02.874618121Z #   ****  Generated on 2023-04-26 22:54:42 by CZMQ  ****
2023-05-18T18:44:02.874643250Z #   ZeroMQ CURVE **Secret** Certificate
2023-05-18T18:44:02.874649405Z #   DO NOT PROVIDE THIS FILE TO OTHER USERS nor change its permissions.
2023-05-18T18:44:02.874687278Z
2023-05-18T18:44:02.874692869Z metadata
2023-05-18T18:44:02.874698633Z     name = "flux-cert-generator"
2023-05-18T18:44:02.874703846Z     keygen.hostname = "flux-sample-0"
2023-05-18T18:44:02.874714394Z curve
2023-05-18T18:44:02.874721771Z     public-key = "P4oHACDY8xa[7<Em1ExB?hzOFT^ije)oZy2EzhHK"
2023-05-18T18:44:02.874727947Z     secret-key = "K8de7ei2Hom.zYa}q!WjwbqqGj$q}sVPQ-[=r2td"
2023-05-18T18:44:02.876751747Z
2023-05-18T18:44:02.876780255Z 🌀  flux start --wrap=strace,-e,network,-tt -o --config /etc/flux/config -Scron.directory=/etc/flux/system/cron.d   -Stbon.fanout=256   -Srundir=/run/flux    -Sstatedir=/var/lib/flux   -Slocal-uri=local:///run/flux/local -Stbon.connect_timeout=5s  -Stbon.zmqdebug=1  -Slog-stderr-level=6    -Slog-stderr-mode=local
2023-05-18T18:44:02.912552656Z 18:44:02.912151 socket(AF_NETLINK, SOCK_RAW, NETLINK_ROUTE) = 8
2023-05-18T18:44:02.912821499Z 18:44:02.912384 bind(8, {sa_family=AF_NETLINK, nl_pid=0, nl_groups=00000000}, 12) = 0
2023-05-18T18:44:02.912919065Z 18:44:02.912764 getsockname(8, {sa_family=AF_NETLINK, nl_pid=70, nl_groups=00000000}, [12]) = 0
2023-05-18T18:44:02.913374944Z 18:44:02.912907 sendto(8, {{len=20, type=RTM_GETADDR, flags=NLM_F_REQUEST|NLM_F_DUMP, seq=1684435442, pid=0}, {ifa_family=AF_UNSPEC, ...}}, 20, 0, {sa_family=AF_NETLINK, nl_pid=0, nl_groups=00000000}, 12) = 20
2023-05-18T18:44:02.913786566Z 18:44:02.913277 recvmsg(8, {msg_name={sa_family=AF_NETLINK, nl_pid=0, nl_groups=00000000}, msg_namelen=12, msg_iov=[{iov_base=[{{len=76, type=RTM_NEWADDR, flags=NLM_F_MULTI, seq=1684435442, pid=70}, {ifa_family=AF_INET, ifa_prefixlen=8, ifa_flags=IFA_F_PERMANENT, ifa_scope=RT_SCOPE_HOST, ifa_index=if_nametoindex("lo")}, [{{nla_len=8, nla_type=IFA_ADDRESS}, 127.0.0.1}, {{nla_len=8, nla_type=IFA_LOCAL}, 127.0.0.1}, {{nla_len=7, nla_type=IFA_LABEL}, "lo"}, {{nla_len=8, nla_type=IFA_FLAGS}, IFA_F_PERMANENT}, {{nla_len=20, nla_type=IFA_CACHEINFO}, {ifa_prefered=4294967295, ifa_valid=4294967295, cstamp=1598842, tstamp=1598842}}]}, {{len=88, type=RTM_NEWADDR, flags=NLM_F_MULTI, seq=1684435442, pid=70}, {ifa_family=AF_INET, ifa_prefixlen=24, ifa_flags=IFA_F_PERMANENT, ifa_scope=RT_SCOPE_UNIVERSE, ifa_index=if_nametoindex("eth0")}, [{{nla_len=8, nla_type=IFA_ADDRESS}, 10.24.0.103}, {{nla_len=8, nla_type=IFA_LOCAL}, 10.24.0.103}, {{nla_len=8, nla_type=IFA_BROADCAST}, 10.24.0.255}, {{nla_len=9, nla_type=IFA_LABEL}, "eth0"}, {{nla_len=8, nla_type=IFA_FLAGS}, IFA_F_PERMANENT}, {{nla_len=20, nla_type=IFA_CACHEINFO}, {ifa_prefered=4294967295, ifa_valid=4294967295, cstamp=1598847, tstamp=1598847}}]}], iov_len=4096}], msg_iovlen=1, msg_controllen=0, msg_flags=0}, 0) = 164
2023-05-18T18:44:02.913924102Z 18:44:02.913740 recvmsg(8, {msg_name={sa_family=AF_NETLINK, nl_pid=0, nl_groups=00000000}, msg_namelen=12, msg_iov=[{iov_base={{len=20, type=NLMSG_DONE, flags=NLM_F_MULTI, seq=1684435442, pid=70}, 0}, iov_len=4096}], msg_iovlen=1, msg_controllen=0, msg_flags=0}, 0) = 20
2023-05-18T18:44:02.914518297Z 18:44:02.914376 socket(AF_UNIX, SOCK_STREAM|SOCK_CLOEXEC|SOCK_NONBLOCK, 0) = 8
2023-05-18T18:44:02.914663453Z 18:44:02.914474 connect(8, {sa_family=AF_UNIX, sun_path="/var/run/nscd/socket"}, 110) = -1 ENOENT (No such file or directory)
2023-05-18T18:44:02.914942511Z 18:44:02.914675 socket(AF_UNIX, SOCK_STREAM|SOCK_CLOEXEC|SOCK_NONBLOCK, 0) = 8
2023-05-18T18:44:02.914964798Z 18:44:02.914779 connect(8, {sa_family=AF_UNIX, sun_path="/var/run/nscd/socket"}, 110) = -1 ENOENT (No such file or directory)
2023-05-18T18:44:02.916615202Z 18:44:02.916267 socket(AF_INET, SOCK_DGRAM|SOCK_CLOEXEC|SOCK_NONBLOCK, IPPROTO_IP) = 8
2023-05-18T18:44:02.916640807Z 18:44:02.916396 connect(8, {sa_family=AF_INET, sin_port=htons(53), sin_addr=inet_addr("169.254.169.254")}, 16) = 0
2023-05-18T18:44:02.916989143Z 18:44:02.916610 sendto(8, "\16\244\1\0\0\1\0\0\0\0\0\0\rflux-sample-0\fflux-"..., 76, MSG_NOSIGNAL, NULL, 0) = 76
2023-05-18T18:44:02.920683576Z 18:44:02.920335 recvfrom(8, "\16\244\201\203\0\1\0\0\0\1\0\0\rflux-sample-0\fflux-"..., 1024, 0, {sa_family=AF_INET, sin_port=htons(53), sin_addr=inet_addr("169.254.169.254")}, [28->16]) = 172
2023-05-18T18:44:02.921096434Z 18:44:02.920876 socket(AF_INET, SOCK_DGRAM|SOCK_CLOEXEC|SOCK_NONBLOCK, IPPROTO_IP) = 8
2023-05-18T18:44:02.921432296Z 18:44:02.921169 connect(8, {sa_family=AF_INET, sin_port=htons(53), sin_addr=inet_addr("169.254.169.254")}, 16) = 0
2023-05-18T18:44:02.922095473Z 18:44:02.921523 sendto(8, "Aq\1\0\0\1\0\0\0\0\0\0\rflux-sample-0\fflux-"..., 108, MSG_NOSIGNAL, NULL, 0) = 108
2023-05-18T18:44:02.925067029Z 18:44:02.924853 recvfrom(8, "Aq\201\203\0\1\0\0\0\1\0\0\rflux-sample-0\fflux-"..., 1024, 0, {sa_family=AF_INET, sin_port=htons(53), sin_addr=inet_addr("169.254.169.254")}, [28->16]) = 204
2023-05-18T18:44:02.925368759Z 18:44:02.925129 socket(AF_INET, SOCK_DGRAM|SOCK_CLOEXEC|SOCK_NONBLOCK, IPPROTO_IP) = 8
2023-05-18T18:44:02.925554904Z 18:44:02.925325 connect(8, {sa_family=AF_INET, sin_port=htons(53), sin_addr=inet_addr("169.254.169.254")}, 16) = 0
2023-05-18T18:44:02.925858286Z 18:44:02.925611 sendto(8, "\2634\1\0\0\1\0\0\0\0\0\0\rflux-sample-0\fflux-"..., 94, MSG_NOSIGNAL, NULL, 0) = 94
2023-05-18T18:44:02.929777173Z 18:44:02.929359 recvfrom(8, "\2634\201\203\0\1\0\0\0\1\0\0\rflux-sample-0\fflux-"..., 1024, 0, {sa_family=AF_INET, sin_port=htons(53), sin_addr=inet_addr("169.254.169.254")}, [28->16]) = 190
2023-05-18T18:44:02.930082928Z 18:44:02.929802 socket(AF_INET, SOCK_DGRAM|SOCK_CLOEXEC|SOCK_NONBLOCK, IPPROTO_IP) = 8
2023-05-18T18:44:02.930312665Z 18:44:02.930025 connect(8, {sa_family=AF_INET, sin_port=htons(53), sin_addr=inet_addr("169.254.169.254")}, 16) = 0
2023-05-18T18:44:02.930756323Z 18:44:02.930411 sendto(8, "/}\1\0\0\1\0\0\0\0\0\0\rflux-sample-0\fflux-"..., 90, MSG_NOSIGNAL, NULL, 0) = 90
2023-05-18T18:44:02.934275433Z 18:44:02.933966 recvfrom(8, "/}\201\203\0\1\0\0\0\1\0\0\rflux-sample-0\fflux-"..., 1024, 0, {sa_family=AF_INET, sin_port=htons(53), sin_addr=inet_addr("169.254.169.254")}, [28->16]) = 186
2023-05-18T18:44:02.934737581Z 18:44:02.934376 socket(AF_INET, SOCK_DGRAM|SOCK_CLOEXEC|SOCK_NONBLOCK, IPPROTO_IP) = 8
2023-05-18T18:44:02.934756491Z 18:44:02.934557 connect(8, {sa_family=AF_INET, sin_port=htons(53), sin_addr=inet_addr("169.254.169.254")}, 16) = 0
2023-05-18T18:44:02.934996897Z 18:44:02.934773 sendto(8, "\2713\1\0\0\1\0\0\0\0\0\0\rflux-sample-0\fflux-"..., 111, MSG_NOSIGNAL, NULL, 0) = 111
2023-05-18T18:44:02.940049635Z 18:44:02.939716 recvfrom(8, "\2713\201\203\0\1\0\0\0\1\0\0\rflux-sample-0\fflux-"..., 1024, 0, {sa_family=AF_INET, sin_port=htons(53), sin_addr=inet_addr("169.254.169.254")}, [28->16]) = 205
2023-05-18T18:44:02.940312866Z 18:44:02.940047 socket(AF_INET, SOCK_DGRAM|SOCK_CLOEXEC|SOCK_NONBLOCK, IPPROTO_IP) = 8
2023-05-18T18:44:02.940327942Z 18:44:02.940153 connect(8, {sa_family=AF_INET, sin_port=htons(53), sin_addr=inet_addr("169.254.169.254")}, 16) = 0
2023-05-18T18:44:02.940614396Z 18:44:02.940321 sendto(8, "\373\v\1\0\0\1\0\0\0\0\0\0\rflux-sample-0\fflux-"..., 97, MSG_NOSIGNAL, NULL, 0) = 97
2023-05-18T18:44:02.945501591Z 18:44:02.945133 recvfrom(8, "\373\v\201\203\0\1\0\0\0\1\0\0\rflux-sample-0\fflux-"..., 1024, 0, {sa_family=AF_INET, sin_port=htons(53), sin_addr=inet_addr("169.254.169.254")}, [28->16]) = 186
2023-05-18T18:44:02.945754232Z 18:44:02.945510 socket(AF_INET, SOCK_DGRAM|SOCK_CLOEXEC|SOCK_NONBLOCK, IPPROTO_IP) = 8
2023-05-18T18:44:02.945866559Z 18:44:02.945651 connect(8, {sa_family=AF_INET, sin_port=htons(53), sin_addr=inet_addr("169.254.169.254")}, 16) = 0
2023-05-18T18:44:02.946204474Z 18:44:02.945892 sendto(8, "\3533\1\0\0\1\0\0\0\0\0\0\rflux-sample-0\fflux-"..., 92, MSG_NOSIGNAL, NULL, 0) = 92
2023-05-18T18:44:02.952416546Z 18:44:02.952135 recvfrom(8, "\3533\201\203\0\1\0\0\0\1\0\0\rflux-sample-0\fflux-"..., 1024, 0, {sa_family=AF_INET, sin_port=htons(53), sin_addr=inet_addr("169.254.169.254")}, [28->16]) = 181
2023-05-18T18:44:02.952814259Z broker.err[2]: Warning: unable to resolve upstream peer flux-sample-0.flux-service.flux-operator.svc.cluster.local: Name or service not known
2023-05-18T18:44:02.960158991Z broker.info[2]: start: none->join 3.07837ms
2023-05-18T18:44:03.658946765Z broker.info[2]: parent-ready: join->init 0.698416s
2023-05-18T18:44:03.660430159Z 18:44:03.659301 socketpair(AF_UNIX, SOCK_STREAM|SOCK_CLOEXEC, 0, [22, 23]) = 0
2023-05-18T18:44:03.660477473Z 18:44:03.659474 socketpair(AF_UNIX, SOCK_STREAM, 0, [24, 25]) = 0
2023-05-18T18:44:03.660495338Z 18:44:03.659715 socketpair(AF_UNIX, SOCK_STREAM, 0, [26, 27]) = 0
2023-05-18T18:44:03.661091327Z 18:44:03.660044 socketpair(AF_UNIX, SOCK_STREAM, 0, [28, 29]) = 0
2023-05-18T18:44:03.690250120Z broker.info[2]: configuration updated
2023-05-18T18:44:03.831644129Z broker.info[2]: rc1.0: running /etc/flux/rc1.d/01-sched-fluxion
2023-05-18T18:44:03.845062626Z broker.info[2]: rc1.0: running /etc/flux/rc1.d/02-cron
2023-05-18T18:44:03.880893594Z broker.info[2]: rc1.0: /etc/flux/rc1 Exited (rc=0) 0.2s
2023-05-18T18:44:03.881748901Z broker.info[2]: rc1-success: init->quorum 0.222189s
2023-05-18T18:44:04.076482860Z broker.info[2]: quorum-full: quorum->run 0.193383s
2023-05-18T18:44:16.390249730Z broker.info[2]: shutdown: run->cleanup 12.3146s
2023-05-18T18:44:16.391995997Z broker.info[2]: cleanup-none: cleanup->shutdown 1.37311ms
2023-05-18T18:44:16.393140932Z broker.info[2]: children-none: shutdown->finalize 0.990468ms
2023-05-18T18:44:16.393583462Z 18:44:16.393049 socketpair(AF_UNIX, SOCK_STREAM|SOCK_CLOEXEC, 0, [22, 23]) = 0
2023-05-18T18:44:16.393779178Z 18:44:16.393264 socketpair(AF_UNIX, SOCK_STREAM, 0, [24, 25]) = 0
2023-05-18T18:44:16.394081983Z 18:44:16.393520 socketpair(AF_UNIX, SOCK_STREAM, 0, [26, 28]) = 0
2023-05-18T18:44:16.394243787Z 18:44:16.393720 socketpair(AF_UNIX, SOCK_STREAM, 0, [58, 59]) = 0
2023-05-18T18:44:16.414531988Z broker.info[2]: rc3.0: running /etc/flux/rc3.d/01-sched-fluxion
2023-05-18T18:44:16.555552155Z broker.info[2]: rc3.0: /etc/flux/rc3 Exited (rc=0) 0.2s
2023-05-18T18:44:16.556930167Z broker.info[2]: rc3-success: finalize->goodbye 0.163678s
2023-05-18T18:44:16.558660177Z broker.info[2]: goodbye: goodbye->exit 0.998657ms
2023-05-18T18:44:16.566854739Z 18:44:16.566670 +++ exited with 0 +++
2023-05-18T18:44:16.568267206Z Return value for follower worker is 0
2023-05-18T18:44:16.568377046Z The follower worker exited cleanly. Goodbye!
