2023-05-18T19:56:39.020394051Z
2023-05-18T19:56:39.021840650Z Flux username: flux
2023-05-18T19:56:39.021886270Z
2023-05-18T19:56:39.021894294Z Flux install root: /usr
2023-05-18T19:56:39.089251828Z flux user is already added.
2023-05-18T19:56:39.094016354Z flux user identifiers:
2023-05-18T19:56:39.094095286Z uid=1234(flux) gid=1234(flux) groups=1234(flux)
2023-05-18T19:56:39.094101257Z
2023-05-18T19:56:39.094173500Z As Flux prefix for flux commands: sudo -u flux -E PYTHONPATH=/opt/conda/lib/python3.10/site-packages -E PATH=/opt/conda/bin:/usr/local/sbin:/usr/local/bin:/usr/sbin:/usr/bin:/sbin:/bin -E LD_LIBRARY_PATH=/opt/conda/lib -E HOME=/home/flux
2023-05-18T19:56:39.104680234Z
2023-05-18T19:56:39.104770635Z ðŸ‘‹ Hello, I'm flux-sample-1
2023-05-18T19:56:39.104776864Z The main host is flux-sample-0
2023-05-18T19:56:39.104803649Z The working directory is /home/flux/examples/reaxff/HNS, contents include:
2023-05-18T19:56:39.107413492Z /home/flux/examples/reaxff/HNS:
2023-05-18T19:56:39.107509844Z README.txt	ffield.reax.hns  log.8Mar18.reaxc.hns.g++.1
2023-05-18T19:56:39.107518846Z data.hns-equil	in.reaxc.hns	 log.8Mar18.reaxc.hns.g++.4
2023-05-18T19:56:39.107660906Z End of file listing, if you see nothing above there are no files.
2023-05-18T19:56:39.110983556Z flux R encode --hosts=flux-sample-[0-3]
2023-05-18T19:56:39.131589825Z
2023-05-18T19:56:39.131750288Z ðŸ“¦ Resources
2023-05-18T19:56:39.133968522Z {"version": 1, "execution": {"R_lite": [{"rank": "0-3", "children": {"core": "0"}}], "starttime": 0.0, "expiration": 0.0, "nodelist": ["flux-sample-[0-3]"]}}
2023-05-18T19:56:39.134315007Z
2023-05-18T19:56:39.134373903Z ðŸ¸ Diagnostics: false
2023-05-18T19:56:39.134530266Z ðŸš©ï¸ Flux Option Flags defined
2023-05-18T19:56:39.139938328Z
2023-05-18T19:56:39.140010160Z ðŸ¦Š Independent Minister of Privilege
2023-05-18T19:56:39.141573904Z [exec]
2023-05-18T19:56:39.141600068Z allowed-users = [ "flux", "root" ]
2023-05-18T19:56:39.141608573Z allowed-shells = [ "/usr/libexec/flux/flux-shell" ]
2023-05-18T19:56:39.141782496Z
2023-05-18T19:56:39.141795787Z ðŸ¸ Broker Configuration
2023-05-18T19:56:39.143362991Z # Flux needs to know the path to the IMP executable
2023-05-18T19:56:39.143385712Z [exec]
2023-05-18T19:56:39.143392555Z imp = "/usr/libexec/flux/flux-imp"
2023-05-18T19:56:39.143397725Z
2023-05-18T19:56:39.143402825Z [access]
2023-05-18T19:56:39.143408123Z allow-guest-user = true
2023-05-18T19:56:39.143413055Z allow-root-owner = true
2023-05-18T19:56:39.143435655Z
2023-05-18T19:56:39.143443065Z # Point to resource definition generated with flux-R(1).
2023-05-18T19:56:39.143448861Z [resource]
2023-05-18T19:56:39.143455181Z path = "/etc/flux/system/R"
2023-05-18T19:56:39.143459475Z
2023-05-18T19:56:39.143464909Z [bootstrap]
2023-05-18T19:56:39.143470492Z curve_cert = "/etc/curve/curve.cert"
2023-05-18T19:56:39.143475558Z default_port = 8050
2023-05-18T19:56:39.143483044Z default_bind = "tcp://eth0:%p"
2023-05-18T19:56:39.143489792Z default_connect = "tcp://%h.flux-service.flux-operator.svc.cluster.local:%p"
2023-05-18T19:56:39.143495379Z hosts = [
2023-05-18T19:56:39.143500567Z 	{ host="flux-sample-[0-3]"},
2023-05-18T19:56:39.143522274Z ]
2023-05-18T19:56:39.143528763Z
2023-05-18T19:56:39.143534778Z [archive]
2023-05-18T19:56:39.143540882Z dbpath = "/var/lib/flux/job-archive.sqlite"
2023-05-18T19:56:39.143546496Z period = "1m"
2023-05-18T19:56:39.265253234Z busytimeout = "50s"
2023-05-18T19:56:39.265328480Z ðŸ§Šï¸ State Directory:
2023-05-18T19:56:39.265334597Z total 0
2023-05-18T19:56:39.265339694Z
2023-05-18T19:56:39.269927294Z
2023-05-18T19:56:39.270029012Z ðŸ”’ï¸ Working directory permissions:
2023-05-18T19:56:39.270037901Z total 96
2023-05-18T19:56:39.270063970Z -rwxrwxrwx 1 flux root  2517 May 17 22:32 README.txt
2023-05-18T19:56:39.270071336Z -rwxrwxrwx 1 flux root 54692 May 17 22:32 data.hns-equil
2023-05-18T19:56:39.270077059Z -rwxrwxrwx 1 flux root 13576 May 17 22:32 ffield.reax.hns
2023-05-18T19:56:39.270082696Z -rwxrwxrwx 1 flux root   870 May 17 22:32 in.reaxc.hns
2023-05-18T19:56:39.270090776Z -rwxrwxrwx 1 flux root  4172 May 17 22:32 log.8Mar18.reaxc.hns.g++.1
2023-05-18T19:56:39.270097476Z -rwxrwxrwx 1 flux root  4168 May 17 22:32 log.8Mar18.reaxc.hns.g++.4
2023-05-18T19:56:39.270102485Z
2023-05-18T19:56:39.270333940Z
2023-05-18T19:56:39.270355533Z âœ¨ Curve certificate generated by helper pod
2023-05-18T19:56:39.272717344Z #   ****  Generated on 2023-04-26 22:54:42 by CZMQ  ****
2023-05-18T19:56:39.272748688Z #   ZeroMQ CURVE **Secret** Certificate
2023-05-18T19:56:39.272756948Z #   DO NOT PROVIDE THIS FILE TO OTHER USERS nor change its permissions.
2023-05-18T19:56:39.272762293Z
2023-05-18T19:56:39.272806420Z metadata
2023-05-18T19:56:39.272828425Z     name = "flux-cert-generator"
2023-05-18T19:56:39.272836346Z     keygen.hostname = "flux-sample-0"
2023-05-18T19:56:39.272843471Z curve
2023-05-18T19:56:39.272848938Z     public-key = ">bsZn)nFpEo9qIPuEt7H?v!(VC{o7@.kRB4G(WI%"
2023-05-18T19:56:39.272866534Z     secret-key = "D!jUNV7J2&:r&GtKmQ@FGj7HfaR8BO1ottssJ8op"
2023-05-18T19:56:39.276388218Z
2023-05-18T19:56:39.276439101Z ðŸŒ€  flux start --wrap=strace,-e,network,-tt -o --config /etc/flux/config -Scron.directory=/etc/flux/system/cron.d   -Stbon.fanout=256   -Srundir=/run/flux    -Sstatedir=/var/lib/flux   -Slocal-uri=local:///run/flux/local -Stbon.connect_timeout=2s  -Stbon.zmqdebug=1  -Slog-stderr-level=6    -Slog-stderr-mode=local
2023-05-18T19:56:39.322478832Z 19:56:39.321582 socket(AF_NETLINK, SOCK_RAW, NETLINK_ROUTE) = 8
2023-05-18T19:56:39.322676148Z 19:56:39.321822 bind(8, {sa_family=AF_NETLINK, nl_pid=0, nl_groups=00000000}, 12) = 0
2023-05-18T19:56:39.322689632Z 19:56:39.322069 getsockname(8, {sa_family=AF_NETLINK, nl_pid=70, nl_groups=00000000}, [12]) = 0
2023-05-18T19:56:39.323215549Z 19:56:39.322251 sendto(8, {{len=20, type=RTM_GETADDR, flags=NLM_F_REQUEST|NLM_F_DUMP, seq=1684439799, pid=0}, {ifa_family=AF_UNSPEC, ...}}, 20, 0, {sa_family=AF_NETLINK, nl_pid=0, nl_groups=00000000}, 12) = 20
2023-05-18T19:56:39.324229591Z 19:56:39.323325 recvmsg(8, {msg_name={sa_family=AF_NETLINK, nl_pid=0, nl_groups=00000000}, msg_namelen=12, msg_iov=[{iov_base=[{{len=76, type=RTM_NEWADDR, flags=NLM_F_MULTI, seq=1684439799, pid=70}, {ifa_family=AF_INET, ifa_prefixlen=8, ifa_flags=IFA_F_PERMANENT, ifa_scope=RT_SCOPE_HOST, ifa_index=if_nametoindex("lo")}, [{{nla_len=8, nla_type=IFA_ADDRESS}, 127.0.0.1}, {{nla_len=8, nla_type=IFA_LOCAL}, 127.0.0.1}, {{nla_len=7, nla_type=IFA_LABEL}, "lo"}, {{nla_len=8, nla_type=IFA_FLAGS}, IFA_F_PERMANENT}, {{nla_len=20, nla_type=IFA_CACHEINFO}, {ifa_prefered=4294967295, ifa_valid=4294967295, cstamp=2034225, tstamp=2034225}}]}, {{len=88, type=RTM_NEWADDR, flags=NLM_F_MULTI, seq=1684439799, pid=70}, {ifa_family=AF_INET, ifa_prefixlen=24, ifa_flags=IFA_F_PERMANENT, ifa_scope=RT_SCOPE_UNIVERSE, ifa_index=if_nametoindex("eth0")}, [{{nla_len=8, nla_type=IFA_ADDRESS}, 10.24.3.244}, {{nla_len=8, nla_type=IFA_LOCAL}, 10.24.3.244}, {{nla_len=8, nla_type=IFA_BROADCAST}, 10.24.3.255}, {{nla_len=9, nla_type=IFA_LABEL}, "eth0"}, {{nla_len=8, nla_type=IFA_FLAGS}, IFA_F_PERMANENT}, {{nla_len=20, nla_type=IFA_CACHEINFO}, {ifa_prefered=4294967295, ifa_valid=4294967295, cstamp=2034229, tstamp=2034229}}]}], iov_len=4096}], msg_iovlen=1, msg_controllen=0, msg_flags=0}, 0) = 164
2023-05-18T19:56:39.324709706Z 19:56:39.324326 recvmsg(8, {msg_name={sa_family=AF_NETLINK, nl_pid=0, nl_groups=00000000}, msg_namelen=12, msg_iov=[{iov_base={{len=20, type=NLMSG_DONE, flags=NLM_F_MULTI, seq=1684439799, pid=70}, 0}, iov_len=4096}], msg_iovlen=1, msg_controllen=0, msg_flags=0}, 0) = 20
2023-05-18T19:56:39.325801576Z 19:56:39.325429 socket(AF_UNIX, SOCK_STREAM|SOCK_CLOEXEC|SOCK_NONBLOCK, 0) = 8
2023-05-18T19:56:39.326285143Z 19:56:39.325902 connect(8, {sa_family=AF_UNIX, sun_path="/var/run/nscd/socket"}, 110) = -1 ENOENT (No such file or directory)
2023-05-18T19:56:39.326723257Z 19:56:39.326419 socket(AF_UNIX, SOCK_STREAM|SOCK_CLOEXEC|SOCK_NONBLOCK, 0) = 8
2023-05-18T19:56:39.327147111Z 19:56:39.326816 connect(8, {sa_family=AF_UNIX, sun_path="/var/run/nscd/socket"}, 110) = -1 ENOENT (No such file or directory)
2023-05-18T19:56:39.328854860Z 19:56:39.328595 socket(AF_INET, SOCK_DGRAM|SOCK_CLOEXEC|SOCK_NONBLOCK, IPPROTO_IP) = 8
2023-05-18T19:56:39.329275837Z 19:56:39.328953 connect(8, {sa_family=AF_INET, sin_port=htons(53), sin_addr=inet_addr("169.254.169.254")}, 16) = 0
2023-05-18T19:56:39.329934896Z 19:56:39.329413 sendto(8, "\221\305\1\0\0\1\0\0\0\0\0\0\rflux-sample-0\fflux-"..., 76, MSG_NOSIGNAL, NULL, 0) = 76
2023-05-18T19:56:39.333938081Z 19:56:39.333605 recvfrom(8, "\221\305\201\200\0\1\0\1\0\0\0\0\rflux-sample-0\fflux-"..., 1024, 0, {sa_family=AF_INET, sin_port=htons(53), sin_addr=inet_addr("169.254.169.254")}, [28->16]) = 92
2023-05-18T19:56:39.339428160Z broker.info[1]: start: none->join 1.86777ms
2023-05-18T19:56:39.654597542Z broker.info[1]: parent-ready: join->init 0.314238s
2023-05-18T19:56:39.654873678Z 19:56:39.654303 socketpair(AF_UNIX, SOCK_STREAM|SOCK_CLOEXEC, 0, [22, 23]) = 0
2023-05-18T19:56:39.654889486Z 19:56:39.654596 socketpair(AF_UNIX, SOCK_STREAM, 0, [24, 25]) = 0
2023-05-18T19:56:39.655031446Z 19:56:39.654876 socketpair(AF_UNIX, SOCK_STREAM, 0, [26, 27]) = 0
2023-05-18T19:56:39.655470303Z 19:56:39.655157 socketpair(AF_UNIX, SOCK_STREAM, 0, [28, 29]) = 0
2023-05-18T19:56:39.691882170Z broker.info[1]: configuration updated
2023-05-18T19:56:39.892420983Z broker.info[1]: rc1.0: running /etc/flux/rc1.d/01-sched-fluxion
2023-05-18T19:56:39.912280817Z broker.info[1]: rc1.0: running /etc/flux/rc1.d/02-cron
2023-05-18T19:56:39.964540944Z broker.info[1]: rc1.0: /etc/flux/rc1 Exited (rc=0) 0.3s
2023-05-18T19:56:39.965183183Z broker.info[1]: rc1-success: init->quorum 0.309197s
2023-05-18T19:56:40.181194614Z broker.info[1]: quorum-full: quorum->run 0.216769s
2023-05-18T19:56:51.401209639Z broker.info[1]: shutdown: run->cleanup 11.22s
2023-05-18T19:56:51.402354039Z broker.info[1]: cleanup-none: cleanup->shutdown 0.891955ms
2023-05-18T19:56:51.404294344Z broker.info[1]: children-none: shutdown->finalize 0.882761ms
2023-05-18T19:56:51.404600676Z 19:56:51.403677 socketpair(AF_UNIX, SOCK_STREAM|SOCK_CLOEXEC, 0, [22, 23]) = 0
2023-05-18T19:56:51.404795748Z 19:56:51.404010 socketpair(AF_UNIX, SOCK_STREAM, 0, [24, 25]) = 0
2023-05-18T19:56:51.405231357Z 19:56:51.404309 socketpair(AF_UNIX, SOCK_STREAM, 0, [26, 28]) = 0
2023-05-18T19:56:51.405291789Z 19:56:51.404534 socketpair(AF_UNIX, SOCK_STREAM, 0, [58, 59]) = 0
2023-05-18T19:56:51.429558128Z broker.info[1]: rc3.0: running /etc/flux/rc3.d/01-sched-fluxion
2023-05-18T19:56:51.630051874Z broker.info[1]: rc3.0: /etc/flux/rc3 Exited (rc=0) 0.2s
2023-05-18T19:56:51.631452717Z broker.info[1]: rc3-success: finalize->goodbye 0.227646s
2023-05-18T19:56:51.633395647Z broker.info[1]: goodbye: goodbye->exit 1.19111ms
2023-05-18T19:56:51.644320240Z 19:56:51.643784 +++ exited with 0 +++
2023-05-18T19:56:51.647016640Z Return value for follower worker is 0
2023-05-18T19:56:51.647245677Z The follower worker exited cleanly. Goodbye!
