2023-05-18T18:28:19.122510712Z
2023-05-18T18:28:19.122773158Z Flux username: flux
2023-05-18T18:28:19.122786370Z
2023-05-18T18:28:19.122793481Z Flux install root: /usr
2023-05-18T18:28:19.173355490Z flux user is already added.
2023-05-18T18:28:19.177221526Z flux user identifiers:
2023-05-18T18:28:19.177252503Z uid=1234(flux) gid=1234(flux) groups=1234(flux)
2023-05-18T18:28:19.177446529Z
2023-05-18T18:28:19.177465175Z As Flux prefix for flux commands: sudo -u flux -E PYTHONPATH=/opt/conda/lib/python3.10/site-packages -E PATH=/opt/conda/bin:/usr/local/sbin:/usr/local/bin:/usr/sbin:/usr/bin:/sbin:/bin -E LD_LIBRARY_PATH=/opt/conda/lib -E HOME=/home/flux
2023-05-18T18:28:19.185499339Z
2023-05-18T18:28:19.185542145Z ðŸ‘‹ Hello, I'm flux-sample-3
2023-05-18T18:28:19.185717522Z The main host is flux-sample-0
2023-05-18T18:28:19.185731302Z The working directory is /home/flux/examples/reaxff/HNS, contents include:
2023-05-18T18:28:19.187552776Z /home/flux/examples/reaxff/HNS:
2023-05-18T18:28:19.187722464Z README.txt	ffield.reax.hns  log.8Mar18.reaxc.hns.g++.1
2023-05-18T18:28:19.187734270Z data.hns-equil	in.reaxc.hns	 log.8Mar18.reaxc.hns.g++.4
2023-05-18T18:28:19.187880547Z End of file listing, if you see nothing above there are no files.
2023-05-18T18:28:19.190016091Z flux R encode --hosts=flux-sample-[0-3]
2023-05-18T18:28:19.206528612Z
2023-05-18T18:28:19.206566928Z ðŸ“¦ Resources
2023-05-18T18:28:19.208902575Z {"version": 1, "execution": {"R_lite": [{"rank": "0-3", "children": {"core": "0"}}], "starttime": 0.0, "expiration": 0.0, "nodelist": ["flux-sample-[0-3]"]}}
2023-05-18T18:28:19.209255763Z
2023-05-18T18:28:19.209281451Z ðŸ¸ Diagnostics: false
2023-05-18T18:28:19.209516564Z ðŸš©ï¸ Flux Option Flags defined
2023-05-18T18:28:19.214194737Z
2023-05-18T18:28:19.214226185Z ðŸ¦Š Independent Minister of Privilege
2023-05-18T18:28:19.215530592Z [exec]
2023-05-18T18:28:19.215552337Z allowed-users = [ "flux", "root" ]
2023-05-18T18:28:19.215559793Z allowed-shells = [ "/usr/libexec/flux/flux-shell" ]
2023-05-18T18:28:19.215768951Z
2023-05-18T18:28:19.215783836Z ðŸ¸ Broker Configuration
2023-05-18T18:28:19.217046176Z # Flux needs to know the path to the IMP executable
2023-05-18T18:28:19.217063806Z [exec]
2023-05-18T18:28:19.217070126Z imp = "/usr/libexec/flux/flux-imp"
2023-05-18T18:28:19.217076565Z
2023-05-18T18:28:19.217083304Z [access]
2023-05-18T18:28:19.217088977Z allow-guest-user = true
2023-05-18T18:28:19.217094078Z allow-root-owner = true
2023-05-18T18:28:19.217098200Z
2023-05-18T18:28:19.217103610Z # Point to resource definition generated with flux-R(1).
2023-05-18T18:28:19.217108872Z [resource]
2023-05-18T18:28:19.217114352Z path = "/etc/flux/system/R"
2023-05-18T18:28:19.217143715Z
2023-05-18T18:28:19.217151170Z [bootstrap]
2023-05-18T18:28:19.217156010Z curve_cert = "/etc/curve/curve.cert"
2023-05-18T18:28:19.217160533Z default_port = 8050
2023-05-18T18:28:19.217164991Z default_bind = "tcp://eth0:%p"
2023-05-18T18:28:19.217170788Z default_connect = "tcp://%h.flux-service.flux-operator.svc.cluster.local:%p"
2023-05-18T18:28:19.217177742Z hosts = [
2023-05-18T18:28:19.217183670Z 	{ host="flux-sample-[0-3]"},
2023-05-18T18:28:19.217188486Z ]
2023-05-18T18:28:19.217192772Z
2023-05-18T18:28:19.217197399Z [archive]
2023-05-18T18:28:19.217202072Z dbpath = "/var/lib/flux/job-archive.sqlite"
2023-05-18T18:28:19.217206635Z period = "1m"
2023-05-18T18:28:19.306442239Z busytimeout = "50s"
2023-05-18T18:28:19.306493300Z ðŸ§Šï¸ State Directory:
2023-05-18T18:28:19.306502041Z total 0
2023-05-18T18:28:19.306507718Z
2023-05-18T18:28:19.309643107Z
2023-05-18T18:28:19.309681595Z ðŸ”’ï¸ Working directory permissions:
2023-05-18T18:28:19.309688673Z total 96
2023-05-18T18:28:19.309699413Z -rwxrwxrwx 1 flux root  2517 May 17 22:32 README.txt
2023-05-18T18:28:19.309704693Z -rwxrwxrwx 1 flux root 54692 May 17 22:32 data.hns-equil
2023-05-18T18:28:19.309709681Z -rwxrwxrwx 1 flux root 13576 May 17 22:32 ffield.reax.hns
2023-05-18T18:28:19.309717412Z -rwxrwxrwx 1 flux root   870 May 17 22:32 in.reaxc.hns
2023-05-18T18:28:19.309724835Z -rwxrwxrwx 1 flux root  4172 May 17 22:32 log.8Mar18.reaxc.hns.g++.1
2023-05-18T18:28:19.309891789Z -rwxrwxrwx 1 flux root  4168 May 17 22:32 log.8Mar18.reaxc.hns.g++.4
2023-05-18T18:28:19.309903141Z
2023-05-18T18:28:19.309909947Z
2023-05-18T18:28:19.309916091Z âœ¨ Curve certificate generated by helper pod
2023-05-18T18:28:19.311527922Z #   ****  Generated on 2023-04-26 22:54:42 by CZMQ  ****
2023-05-18T18:28:19.311557420Z #   ZeroMQ CURVE **Secret** Certificate
2023-05-18T18:28:19.311565799Z #   DO NOT PROVIDE THIS FILE TO OTHER USERS nor change its permissions.
2023-05-18T18:28:19.311571484Z
2023-05-18T18:28:19.311576649Z metadata
2023-05-18T18:28:19.311583146Z     name = "flux-cert-generator"
2023-05-18T18:28:19.311588281Z     keygen.hostname = "flux-sample-0"
2023-05-18T18:28:19.311593513Z curve
2023-05-18T18:28:19.311599130Z     public-key = "KNc1%n=!kpS/a4tzd0qeZMvwMi%uf@k{Tx4K{?>8"
2023-05-18T18:28:19.311606942Z     secret-key = "TNns1vyfGWhjWcXsJ@GlT*Tj9!jc?Wt3ZTK*wct3"
2023-05-18T18:28:19.314391067Z
2023-05-18T18:28:19.314425681Z ðŸŒ€  flux start --wrap=strace,-e,network,-tt -o --config /etc/flux/config -Scron.directory=/etc/flux/system/cron.d   -Stbon.fanout=256   -Srundir=/run/flux    -Sstatedir=/var/lib/flux   -Slocal-uri=local:///run/flux/local -Stbon.connect_timeout=3s  -Stbon.zmqdebug=1  -Slog-stderr-level=6    -Slog-stderr-mode=local
2023-05-18T18:28:19.359159086Z 18:28:19.358637 socket(AF_NETLINK, SOCK_RAW, NETLINK_ROUTE) = 8
2023-05-18T18:28:19.359433702Z 18:28:19.359052 bind(8, {sa_family=AF_NETLINK, nl_pid=0, nl_groups=00000000}, 12) = 0
2023-05-18T18:28:19.359529166Z 18:28:19.359374 getsockname(8, {sa_family=AF_NETLINK, nl_pid=70, nl_groups=00000000}, [12]) = 0
2023-05-18T18:28:19.359912355Z 18:28:19.359511 sendto(8, {{len=20, type=RTM_GETADDR, flags=NLM_F_REQUEST|NLM_F_DUMP, seq=1684434499, pid=0}, {ifa_family=AF_UNSPEC, ...}}, 20, 0, {sa_family=AF_NETLINK, nl_pid=0, nl_groups=00000000}, 12) = 20
2023-05-18T18:28:19.360430426Z 18:28:19.359889 recvmsg(8, {msg_name={sa_family=AF_NETLINK, nl_pid=0, nl_groups=00000000}, msg_namelen=12, msg_iov=[{iov_base=[{{len=76, type=RTM_NEWADDR, flags=NLM_F_MULTI, seq=1684434499, pid=70}, {ifa_family=AF_INET, ifa_prefixlen=8, ifa_flags=IFA_F_PERMANENT, ifa_scope=RT_SCOPE_HOST, ifa_index=if_nametoindex("lo")}, [{{nla_len=8, nla_type=IFA_ADDRESS}, 127.0.0.1}, {{nla_len=8, nla_type=IFA_LOCAL}, 127.0.0.1}, {{nla_len=7, nla_type=IFA_LABEL}, "lo"}, {{nla_len=8, nla_type=IFA_FLAGS}, IFA_F_PERMANENT}, {{nla_len=20, nla_type=IFA_CACHEINFO}, {ifa_prefered=4294967295, ifa_valid=4294967295, cstamp=1504265, tstamp=1504265}}]}, {{len=88, type=RTM_NEWADDR, flags=NLM_F_MULTI, seq=1684434499, pid=70}, {ifa_family=AF_INET, ifa_prefixlen=24, ifa_flags=IFA_F_PERMANENT, ifa_scope=RT_SCOPE_UNIVERSE, ifa_index=if_nametoindex("eth0")}, [{{nla_len=8, nla_type=IFA_ADDRESS}, 10.24.3.68}, {{nla_len=8, nla_type=IFA_LOCAL}, 10.24.3.68}, {{nla_len=8, nla_type=IFA_BROADCAST}, 10.24.3.255}, {{nla_len=9, nla_type=IFA_LABEL}, "eth0"}, {{nla_len=8, nla_type=IFA_FLAGS}, IFA_F_PERMANENT}, {{nla_len=20, nla_type=IFA_CACHEINFO}, {ifa_prefered=4294967295, ifa_valid=4294967295, cstamp=1504269, tstamp=1504269}}]}], iov_len=4096}], msg_iovlen=1, msg_controllen=0, msg_flags=0}, 0) = 164
2023-05-18T18:28:19.360606123Z 18:28:19.360394 recvmsg(8, {msg_name={sa_family=AF_NETLINK, nl_pid=0, nl_groups=00000000}, msg_namelen=12, msg_iov=[{iov_base={{len=20, type=NLMSG_DONE, flags=NLM_F_MULTI, seq=1684434499, pid=70}, 0}, iov_len=4096}], msg_iovlen=1, msg_controllen=0, msg_flags=0}, 0) = 20
2023-05-18T18:28:19.361472588Z 18:28:19.361243 socket(AF_UNIX, SOCK_STREAM|SOCK_CLOEXEC|SOCK_NONBLOCK, 0) = 8
2023-05-18T18:28:19.361498223Z 18:28:19.361323 connect(8, {sa_family=AF_UNIX, sun_path="/var/run/nscd/socket"}, 110) = -1 ENOENT (No such file or directory)
2023-05-18T18:28:19.361635216Z 18:28:19.361438 socket(AF_UNIX, SOCK_STREAM|SOCK_CLOEXEC|SOCK_NONBLOCK, 0) = 8
2023-05-18T18:28:19.361648021Z 18:28:19.361495 connect(8, {sa_family=AF_UNIX, sun_path="/var/run/nscd/socket"}, 110) = -1 ENOENT (No such file or directory)
2023-05-18T18:28:19.363690869Z 18:28:19.363397 socket(AF_INET, SOCK_DGRAM|SOCK_CLOEXEC|SOCK_NONBLOCK, IPPROTO_IP) = 8
2023-05-18T18:28:19.364009058Z 18:28:19.363772 connect(8, {sa_family=AF_INET, sin_port=htons(53), sin_addr=inet_addr("169.254.169.254")}, 16) = 0
2023-05-18T18:28:19.364400605Z 18:28:19.363948 sendto(8, "\210m\1\0\0\1\0\0\0\0\0\0\rflux-sample-0\fflux-"..., 76, MSG_NOSIGNAL, NULL, 0) = 76
2023-05-18T18:28:19.368091552Z 18:28:19.367791 recvfrom(8, "\210m\201\200\0\1\0\1\0\0\0\0\rflux-sample-0\fflux-"..., 1024, 0, {sa_family=AF_INET, sin_port=htons(53), sin_addr=inet_addr("169.254.169.254")}, [28->16]) = 92
2023-05-18T18:28:19.372654006Z broker.info[3]: start: none->join 1.87968ms
2023-05-18T18:28:22.589354913Z broker.info[3]: parent-ready: join->init 3.2164s
2023-05-18T18:28:22.589692505Z 18:28:22.589108 socketpair(AF_UNIX, SOCK_STREAM|SOCK_CLOEXEC, 0, [22, 23]) = 0
2023-05-18T18:28:22.589710737Z 18:28:22.589328 socketpair(AF_UNIX, SOCK_STREAM, 0, [24, 25]) = 0
2023-05-18T18:28:22.589717028Z 18:28:22.589519 socketpair(AF_UNIX, SOCK_STREAM, 0, [26, 27]) = 0
2023-05-18T18:28:22.589898121Z 18:28:22.589720 socketpair(AF_UNIX, SOCK_STREAM, 0, [28, 29]) = 0
2023-05-18T18:28:22.616832273Z broker.info[3]: configuration updated
2023-05-18T18:28:22.758560296Z broker.info[3]: rc1.0: running /etc/flux/rc1.d/01-sched-fluxion
2023-05-18T18:28:22.772385553Z broker.info[3]: rc1.0: running /etc/flux/rc1.d/02-cron
2023-05-18T18:28:22.800683874Z broker.info[3]: rc1.0: /etc/flux/rc1 Exited (rc=0) 0.2s
2023-05-18T18:28:22.801767429Z broker.info[3]: rc1-success: init->quorum 0.212438s
2023-05-18T18:28:23.016006270Z broker.info[3]: quorum-full: quorum->run 0.213733s
2023-05-18T18:28:23.617740167Z 18:28:23.617320 socketpair(AF_UNIX, SOCK_STREAM|SOCK_CLOEXEC, 0, [22, 23]) = 0
2023-05-18T18:28:23.617949918Z 18:28:23.617524 socketpair(AF_UNIX, SOCK_STREAM, 0, [24, 25]) = 0
2023-05-18T18:28:23.618085699Z 18:28:23.617719 socketpair(AF_UNIX, SOCK_STREAM, 0, [26, 28]) = 0
2023-05-18T18:28:23.618096357Z 18:28:23.617931 socketpair(AF_UNIX, SOCK_STREAM, 0, [58, 59]) = 0
2023-05-18T18:28:34.470650393Z broker.info[3]: shutdown: run->cleanup 11.4545s
2023-05-18T18:28:34.472176005Z broker.info[3]: cleanup-none: cleanup->shutdown 1.34898ms
2023-05-18T18:28:34.473371082Z broker.info[3]: children-none: shutdown->finalize 0.851908ms
2023-05-18T18:28:34.473904981Z 18:28:34.473477 socketpair(AF_UNIX, SOCK_STREAM|SOCK_CLOEXEC, 0, [22, 23]) = 0
2023-05-18T18:28:34.473937059Z 18:28:34.473714 socketpair(AF_UNIX, SOCK_STREAM, 0, [24, 25]) = 0
2023-05-18T18:28:34.474541588Z 18:28:34.473986 socketpair(AF_UNIX, SOCK_STREAM, 0, [26, 28]) = 0
2023-05-18T18:28:34.474562993Z 18:28:34.474258 socketpair(AF_UNIX, SOCK_STREAM, 0, [58, 59]) = 0
2023-05-18T18:28:34.493739925Z broker.info[3]: rc3.0: running /etc/flux/rc3.d/01-sched-fluxion
2023-05-18T18:28:34.636167268Z broker.info[3]: rc3.0: /etc/flux/rc3 Exited (rc=0) 0.2s
2023-05-18T18:28:34.637567074Z broker.info[3]: rc3-success: finalize->goodbye 0.163852s
2023-05-18T18:28:34.639471942Z broker.info[3]: goodbye: goodbye->exit 1.01712ms
2023-05-18T18:28:34.648221291Z 18:28:34.647947 +++ exited with 0 +++
2023-05-18T18:28:34.649583797Z Return value for follower worker is 0
2023-05-18T18:28:34.649615976Z The follower worker exited cleanly. Goodbye!
