2023-05-18T20:59:52.654762032Z
2023-05-18T20:59:52.654802240Z Flux username: flux
2023-05-18T20:59:52.654808929Z
2023-05-18T20:59:52.654814274Z Flux install root: /usr
2023-05-18T20:59:52.703379976Z flux user is already added.
2023-05-18T20:59:52.706594462Z flux user identifiers:
2023-05-18T20:59:52.706622570Z uid=1234(flux) gid=1234(flux) groups=1234(flux)
2023-05-18T20:59:52.706628224Z
2023-05-18T20:59:52.706634417Z As Flux prefix for flux commands: sudo -u flux -E PYTHONPATH=/opt/conda/lib/python3.10/site-packages -E PATH=/opt/conda/bin:/usr/local/sbin:/usr/local/bin:/usr/sbin:/usr/bin:/sbin:/bin -E LD_LIBRARY_PATH=/opt/conda/lib -E HOME=/home/flux
2023-05-18T20:59:52.714511924Z
2023-05-18T20:59:52.714540839Z ðŸ‘‹ Hello, I'm flux-sample-3
2023-05-18T20:59:52.714547155Z The main host is flux-sample-0
2023-05-18T20:59:52.714559657Z The working directory is /home/flux/examples/reaxff/HNS, contents include:
2023-05-18T20:59:52.716402106Z /home/flux/examples/reaxff/HNS:
2023-05-18T20:59:52.716422135Z README.txt	ffield.reax.hns  log.8Mar18.reaxc.hns.g++.1
2023-05-18T20:59:52.716427926Z data.hns-equil	in.reaxc.hns	 log.8Mar18.reaxc.hns.g++.4
2023-05-18T20:59:52.716758755Z End of file listing, if you see nothing above there are no files.
2023-05-18T20:59:52.718558454Z flux R encode --hosts=flux-sample-[0-3]
2023-05-18T20:59:52.732766361Z
2023-05-18T20:59:52.732805847Z ðŸ“¦ Resources
2023-05-18T20:59:52.734157725Z {"version": 1, "execution": {"R_lite": [{"rank": "0-3", "children": {"core": "0"}}], "starttime": 0.0, "expiration": 0.0, "nodelist": ["flux-sample-[0-3]"]}}
2023-05-18T20:59:52.734405375Z
2023-05-18T20:59:52.734421822Z ðŸ¸ Diagnostics: false
2023-05-18T20:59:52.734645810Z ðŸš©ï¸ Flux Option Flags defined
2023-05-18T20:59:52.738248235Z
2023-05-18T20:59:52.738269835Z ðŸ¦Š Independent Minister of Privilege
2023-05-18T20:59:52.739581806Z [exec]
2023-05-18T20:59:52.739598373Z allowed-users = [ "flux", "root" ]
2023-05-18T20:59:52.739606434Z allowed-shells = [ "/usr/libexec/flux/flux-shell" ]
2023-05-18T20:59:52.739801591Z
2023-05-18T20:59:52.739815651Z ðŸ¸ Broker Configuration
2023-05-18T20:59:52.741033661Z # Flux needs to know the path to the IMP executable
2023-05-18T20:59:52.741049590Z [exec]
2023-05-18T20:59:52.741056481Z imp = "/usr/libexec/flux/flux-imp"
2023-05-18T20:59:52.741061501Z
2023-05-18T20:59:52.741066022Z [access]
2023-05-18T20:59:52.741082922Z allow-guest-user = true
2023-05-18T20:59:52.741090181Z allow-root-owner = true
2023-05-18T20:59:52.741095334Z
2023-05-18T20:59:52.741100029Z # Point to resource definition generated with flux-R(1).
2023-05-18T20:59:52.741104994Z [resource]
2023-05-18T20:59:52.741110525Z path = "/etc/flux/system/R"
2023-05-18T20:59:52.741115136Z
2023-05-18T20:59:52.741120420Z [bootstrap]
2023-05-18T20:59:52.741127297Z curve_cert = "/etc/curve/curve.cert"
2023-05-18T20:59:52.741133145Z default_port = 8050
2023-05-18T20:59:52.741138220Z default_bind = "tcp://eth0:%p"
2023-05-18T20:59:52.741143597Z default_connect = "tcp://%h.flux-service.flux-operator.svc.cluster.local:%p"
2023-05-18T20:59:52.741148545Z hosts = [
2023-05-18T20:59:52.741153034Z 	{ host="flux-sample-[0-3]"},
2023-05-18T20:59:52.741158147Z ]
2023-05-18T20:59:52.741162677Z
2023-05-18T20:59:52.741169535Z [archive]
2023-05-18T20:59:52.741176089Z dbpath = "/var/lib/flux/job-archive.sqlite"
2023-05-18T20:59:52.741181182Z period = "1m"
2023-05-18T20:59:52.822003821Z busytimeout = "50s"
2023-05-18T20:59:52.822040119Z ðŸ§Šï¸ State Directory:
2023-05-18T20:59:52.822046044Z total 0
2023-05-18T20:59:52.822052704Z
2023-05-18T20:59:52.824884140Z
2023-05-18T20:59:52.824918551Z ðŸ”’ï¸ Working directory permissions:
2023-05-18T20:59:52.824925066Z total 96
2023-05-18T20:59:52.824930736Z -rwxrwxrwx 1 flux root  2517 May 17 22:32 README.txt
2023-05-18T20:59:52.824935477Z -rwxrwxrwx 1 flux root 54692 May 17 22:32 data.hns-equil
2023-05-18T20:59:52.824940143Z -rwxrwxrwx 1 flux root 13576 May 17 22:32 ffield.reax.hns
2023-05-18T20:59:52.824944840Z -rwxrwxrwx 1 flux root   870 May 17 22:32 in.reaxc.hns
2023-05-18T20:59:52.824950667Z -rwxrwxrwx 1 flux root  4172 May 17 22:32 log.8Mar18.reaxc.hns.g++.1
2023-05-18T20:59:52.824957985Z -rwxrwxrwx 1 flux root  4168 May 17 22:32 log.8Mar18.reaxc.hns.g++.4
2023-05-18T20:59:52.824964242Z
2023-05-18T20:59:52.825132153Z
2023-05-18T20:59:52.825147362Z âœ¨ Curve certificate generated by helper pod
2023-05-18T20:59:52.826655039Z #   ****  Generated on 2023-04-26 22:54:42 by CZMQ  ****
2023-05-18T20:59:52.826673951Z #   ZeroMQ CURVE **Secret** Certificate
2023-05-18T20:59:52.826679934Z #   DO NOT PROVIDE THIS FILE TO OTHER USERS nor change its permissions.
2023-05-18T20:59:52.826684914Z
2023-05-18T20:59:52.826689699Z metadata
2023-05-18T20:59:52.826697779Z     name = "flux-cert-generator"
2023-05-18T20:59:52.826722419Z     keygen.hostname = "flux-sample-0"
2023-05-18T20:59:52.826727545Z curve
2023-05-18T20:59:52.826732622Z     public-key = "0Iy}r4=jhI[(Gu%^9)ezKbzBKrhxlNI4a]DW+J/N"
2023-05-18T20:59:52.826737945Z     secret-key = "}YBetDUfiSJvqv[z7@84C/[R&ZMsLMRB^fT=HD9f"
2023-05-18T20:59:52.829456622Z
2023-05-18T20:59:52.829479392Z ðŸŒ€  flux start --wrap=strace,-e,network,-tt -o --config /etc/flux/config -Scron.directory=/etc/flux/system/cron.d   -Stbon.fanout=256   -Srundir=/run/flux    -Sstatedir=/var/lib/flux   -Slocal-uri=local:///run/flux/local   -Stbon.zmqdebug=1  -Slog-stderr-level=6    -Slog-stderr-mode=local
2023-05-18T20:59:52.881089619Z 20:59:52.880696 socket(AF_NETLINK, SOCK_RAW, NETLINK_ROUTE) = 8
2023-05-18T20:59:52.881132040Z 20:59:52.880798 bind(8, {sa_family=AF_NETLINK, nl_pid=0, nl_groups=00000000}, 12) = 0
2023-05-18T20:59:52.881151145Z 20:59:52.880873 getsockname(8, {sa_family=AF_NETLINK, nl_pid=70, nl_groups=00000000}, [12]) = 0
2023-05-18T20:59:52.881269789Z 20:59:52.880936 sendto(8, {{len=20, type=RTM_GETADDR, flags=NLM_F_REQUEST|NLM_F_DUMP, seq=1684443592, pid=0}, {ifa_family=AF_UNSPEC, ...}}, 20, 0, {sa_family=AF_NETLINK, nl_pid=0, nl_groups=00000000}, 12) = 20
2023-05-18T20:59:52.881590828Z 20:59:52.881187 recvmsg(8, {msg_name={sa_family=AF_NETLINK, nl_pid=0, nl_groups=00000000}, msg_namelen=12, msg_iov=[{iov_base=[{{len=76, type=RTM_NEWADDR, flags=NLM_F_MULTI, seq=1684443592, pid=70}, {ifa_family=AF_INET, ifa_prefixlen=8, ifa_flags=IFA_F_PERMANENT, ifa_scope=RT_SCOPE_HOST, ifa_index=if_nametoindex("lo")}, [{{nla_len=8, nla_type=IFA_ADDRESS}, 127.0.0.1}, {{nla_len=8, nla_type=IFA_LOCAL}, 127.0.0.1}, {{nla_len=7, nla_type=IFA_LABEL}, "lo"}, {{nla_len=8, nla_type=IFA_FLAGS}, IFA_F_PERMANENT}, {{nla_len=20, nla_type=IFA_CACHEINFO}, {ifa_prefered=4294967295, ifa_valid=4294967295, cstamp=2413809, tstamp=2413809}}]}, {{len=88, type=RTM_NEWADDR, flags=NLM_F_MULTI, seq=1684443592, pid=70}, {ifa_family=AF_INET, ifa_prefixlen=24, ifa_flags=IFA_F_PERMANENT, ifa_scope=RT_SCOPE_UNIVERSE, ifa_index=if_nametoindex("eth0")}, [{{nla_len=8, nla_type=IFA_ADDRESS}, 10.24.1.113}, {{nla_len=8, nla_type=IFA_LOCAL}, 10.24.1.113}, {{nla_len=8, nla_type=IFA_BROADCAST}, 10.24.1.255}, {{nla_len=9, nla_type=IFA_LABEL}, "eth0"}, {{nla_len=8, nla_type=IFA_FLAGS}, IFA_F_PERMANENT}, {{nla_len=20, nla_type=IFA_CACHEINFO}, {ifa_prefered=4294967295, ifa_valid=4294967295, cstamp=2413810, tstamp=2413810}}]}], iov_len=4096}], msg_iovlen=1, msg_controllen=0, msg_flags=0}, 0) = 164
2023-05-18T20:59:52.881755960Z 20:59:52.881527 recvmsg(8, {msg_name={sa_family=AF_NETLINK, nl_pid=0, nl_groups=00000000}, msg_namelen=12, msg_iov=[{iov_base={{len=20, type=NLMSG_DONE, flags=NLM_F_MULTI, seq=1684443592, pid=70}, 0}, iov_len=4096}], msg_iovlen=1, msg_controllen=0, msg_flags=0}, 0) = 20
2023-05-18T20:59:52.882277298Z 20:59:52.882064 socket(AF_UNIX, SOCK_STREAM|SOCK_CLOEXEC|SOCK_NONBLOCK, 0) = 8
2023-05-18T20:59:52.882291643Z 20:59:52.882129 connect(8, {sa_family=AF_UNIX, sun_path="/var/run/nscd/socket"}, 110) = -1 ENOENT (No such file or directory)
2023-05-18T20:59:52.882391533Z 20:59:52.882239 socket(AF_UNIX, SOCK_STREAM|SOCK_CLOEXEC|SOCK_NONBLOCK, 0) = 8
2023-05-18T20:59:52.882538708Z 20:59:52.882293 connect(8, {sa_family=AF_UNIX, sun_path="/var/run/nscd/socket"}, 110) = -1 ENOENT (No such file or directory)
2023-05-18T20:59:52.883900461Z 20:59:52.883609 socket(AF_INET, SOCK_DGRAM|SOCK_CLOEXEC|SOCK_NONBLOCK, IPPROTO_IP) = 8
2023-05-18T20:59:52.883925984Z 20:59:52.883690 connect(8, {sa_family=AF_INET, sin_port=htons(53), sin_addr=inet_addr("169.254.169.254")}, 16) = 0
2023-05-18T20:59:52.884153288Z 20:59:52.883804 sendto(8, "wH\1\0\0\1\0\0\0\0\0\0\rflux-sample-0\fflux-"..., 76, MSG_NOSIGNAL, NULL, 0) = 76
2023-05-18T20:59:52.888292790Z 20:59:52.888041 recvfrom(8, "wH\201\203\0\1\0\0\0\1\0\0\rflux-sample-0\fflux-"..., 1024, 0, {sa_family=AF_INET, sin_port=htons(53), sin_addr=inet_addr("169.254.169.254")}, [28->16]) = 172
2023-05-18T20:59:52.888411114Z 20:59:52.888224 socket(AF_INET, SOCK_DGRAM|SOCK_CLOEXEC|SOCK_NONBLOCK, IPPROTO_IP) = 8
2023-05-18T20:59:52.888517627Z 20:59:52.888314 connect(8, {sa_family=AF_INET, sin_port=htons(53), sin_addr=inet_addr("169.254.169.254")}, 16) = 0
2023-05-18T20:59:52.888638561Z 20:59:52.888414 sendto(8, "\4Y\1\0\0\1\0\0\0\0\0\0\rflux-sample-0\fflux-"..., 108, MSG_NOSIGNAL, NULL, 0) = 108
2023-05-18T20:59:52.891873881Z 20:59:52.891610 recvfrom(8, "\4Y\201\203\0\1\0\0\0\1\0\0\rflux-sample-0\fflux-"..., 1024, 0, {sa_family=AF_INET, sin_port=htons(53), sin_addr=inet_addr("169.254.169.254")}, [28->16]) = 204
2023-05-18T20:59:52.891966703Z 20:59:52.891777 socket(AF_INET, SOCK_DGRAM|SOCK_CLOEXEC|SOCK_NONBLOCK, IPPROTO_IP) = 8
2023-05-18T20:59:52.891977442Z 20:59:52.891839 connect(8, {sa_family=AF_INET, sin_port=htons(53), sin_addr=inet_addr("169.254.169.254")}, 16) = 0
2023-05-18T20:59:52.892175211Z 20:59:52.891930 sendto(8, "R\16\1\0\0\1\0\0\0\0\0\0\rflux-sample-0\fflux-"..., 94, MSG_NOSIGNAL, NULL, 0) = 94
2023-05-18T20:59:52.896727967Z 20:59:52.896518 recvfrom(8, "R\16\201\203\0\1\0\0\0\1\0\0\rflux-sample-0\fflux-"..., 1024, 0, {sa_family=AF_INET, sin_port=htons(53), sin_addr=inet_addr("169.254.169.254")}, [28->16]) = 190
2023-05-18T20:59:52.896839375Z 20:59:52.896678 socket(AF_INET, SOCK_DGRAM|SOCK_CLOEXEC|SOCK_NONBLOCK, IPPROTO_IP) = 8
2023-05-18T20:59:52.896936149Z 20:59:52.896738 connect(8, {sa_family=AF_INET, sin_port=htons(53), sin_addr=inet_addr("169.254.169.254")}, 16) = 0
2023-05-18T20:59:52.897034858Z 20:59:52.896859 sendto(8, "\r\22\1\0\0\1\0\0\0\0\0\0\rflux-sample-0\fflux-"..., 90, MSG_NOSIGNAL, NULL, 0) = 90
2023-05-18T20:59:52.900754022Z 20:59:52.900532 recvfrom(8, "\r\22\201\203\0\1\0\0\0\1\0\0\rflux-sample-0\fflux-"..., 1024, 0, {sa_family=AF_INET, sin_port=htons(53), sin_addr=inet_addr("169.254.169.254")}, [28->16]) = 186
2023-05-18T20:59:52.900863330Z 20:59:52.900686 socket(AF_INET, SOCK_DGRAM|SOCK_CLOEXEC|SOCK_NONBLOCK, IPPROTO_IP) = 8
2023-05-18T20:59:52.900962134Z 20:59:52.900747 connect(8, {sa_family=AF_INET, sin_port=htons(53), sin_addr=inet_addr("169.254.169.254")}, 16) = 0
2023-05-18T20:59:52.901063564Z 20:59:52.900872 sendto(8, "~\267\1\0\0\1\0\0\0\0\0\0\rflux-sample-0\fflux-"..., 111, MSG_NOSIGNAL, NULL, 0) = 111
2023-05-18T20:59:52.908008331Z 20:59:52.906601 recvfrom(8, "~\267\201\203\0\1\0\0\0\1\0\0\rflux-sample-0\fflux-"..., 1024, 0, {sa_family=AF_INET, sin_port=htons(53), sin_addr=inet_addr("169.254.169.254")}, [28->16]) = 205
2023-05-18T20:59:52.908052172Z 20:59:52.906765 socket(AF_INET, SOCK_DGRAM|SOCK_CLOEXEC|SOCK_NONBLOCK, IPPROTO_IP) = 8
2023-05-18T20:59:52.908058383Z 20:59:52.906833 connect(8, {sa_family=AF_INET, sin_port=htons(53), sin_addr=inet_addr("169.254.169.254")}, 16) = 0
2023-05-18T20:59:52.908063961Z 20:59:52.906936 sendto(8, "\235\4\1\0\0\1\0\0\0\0\0\0\rflux-sample-0\fflux-"..., 97, MSG_NOSIGNAL, NULL, 0) = 97
2023-05-18T20:59:52.912845391Z 20:59:52.912289 recvfrom(8, "\235\4\201\203\0\1\0\0\0\1\0\0\rflux-sample-0\fflux-"..., 1024, 0, {sa_family=AF_INET, sin_port=htons(53), sin_addr=inet_addr("169.254.169.254")}, [28->16]) = 186
2023-05-18T20:59:52.913323704Z 20:59:52.912945 socket(AF_INET, SOCK_DGRAM|SOCK_CLOEXEC|SOCK_NONBLOCK, IPPROTO_IP) = 8
2023-05-18T20:59:52.913338845Z 20:59:52.913047 connect(8, {sa_family=AF_INET, sin_port=htons(53), sin_addr=inet_addr("169.254.169.254")}, 16) = 0
2023-05-18T20:59:52.913730514Z 20:59:52.913155 sendto(8, "&\276\1\0\0\1\0\0\0\0\0\0\rflux-sample-0\fflux-"..., 92, MSG_NOSIGNAL, NULL, 0) = 92
2023-05-18T20:59:52.921636609Z 20:59:52.918151 recvfrom(8, "&\276\201\203\0\1\0\0\0\1\0\0\rflux-sample-0\fflux-"..., 1024, 0, {sa_family=AF_INET, sin_port=htons(53), sin_addr=inet_addr("169.254.169.254")}, [28->16]) = 181
2023-05-18T20:59:52.921670541Z broker.err[3]: Warning: unable to resolve upstream peer flux-sample-0.flux-service.flux-operator.svc.cluster.local: Name or service not known
2023-05-18T20:59:52.929842818Z broker.info[3]: start: none->join 7.60314ms
2023-05-18T20:59:53.716706461Z broker.info[3]: parent-ready: join->init 0.787234s
2023-05-18T20:59:53.717159149Z 20:59:53.716843 socketpair(AF_UNIX, SOCK_STREAM|SOCK_CLOEXEC, 0, [22, 23]) = 0
2023-05-18T20:59:53.717179125Z 20:59:53.716988 socketpair(AF_UNIX, SOCK_STREAM, 0, [24, 25]) = 0
2023-05-18T20:59:53.717357393Z 20:59:53.717175 socketpair(AF_UNIX, SOCK_STREAM, 0, [26, 27]) = 0
2023-05-18T20:59:53.717552648Z 20:59:53.717348 socketpair(AF_UNIX, SOCK_STREAM, 0, [28, 29]) = 0
2023-05-18T20:59:53.743531262Z broker.info[3]: configuration updated
2023-05-18T20:59:53.871150496Z broker.info[3]: rc1.0: running /etc/flux/rc1.d/01-sched-fluxion
2023-05-18T20:59:53.882606901Z broker.info[3]: rc1.0: running /etc/flux/rc1.d/02-cron
2023-05-18T20:59:53.929369666Z broker.info[3]: rc1.0: /etc/flux/rc1 Exited (rc=0) 0.2s
2023-05-18T20:59:53.929739054Z broker.info[3]: rc1-success: init->quorum 0.209917s
2023-05-18T20:59:54.275632926Z broker.info[3]: quorum-full: quorum->run 0.348348s
2023-05-18T20:59:54.900016803Z 20:59:54.899469 socketpair(AF_UNIX, SOCK_STREAM|SOCK_CLOEXEC, 0, [22, 23]) = 0
2023-05-18T20:59:54.900187124Z 20:59:54.899654 socketpair(AF_UNIX, SOCK_STREAM, 0, [24, 25]) = 0
2023-05-18T20:59:54.900213450Z 20:59:54.899869 socketpair(AF_UNIX, SOCK_STREAM, 0, [26, 28]) = 0
2023-05-18T20:59:54.900221346Z 20:59:54.900050 socketpair(AF_UNIX, SOCK_STREAM, 0, [58, 59]) = 0
2023-05-18T21:00:05.755218043Z broker.info[3]: shutdown: run->cleanup 11.4794s
2023-05-18T21:00:05.757120294Z broker.info[3]: cleanup-none: cleanup->shutdown 1.20599ms
2023-05-18T21:00:05.758690830Z broker.info[3]: children-none: shutdown->finalize 1.02482ms
2023-05-18T21:00:05.759480143Z 21:00:05.759030 socketpair(AF_UNIX, SOCK_STREAM|SOCK_CLOEXEC, 0, [22, 23]) = 0
2023-05-18T21:00:05.759924607Z 21:00:05.759598 socketpair(AF_UNIX, SOCK_STREAM, 0, [24, 25]) = 0
2023-05-18T21:00:05.760481810Z 21:00:05.760186 socketpair(AF_UNIX, SOCK_STREAM, 0, [26, 28]) = 0
2023-05-18T21:00:05.760996137Z 21:00:05.760725 socketpair(AF_UNIX, SOCK_STREAM, 0, [58, 59]) = 0
2023-05-18T21:00:05.786973977Z broker.info[3]: rc3.0: running /etc/flux/rc3.d/01-sched-fluxion
2023-05-18T21:00:05.943989719Z broker.info[3]: rc3.0: /etc/flux/rc3 Exited (rc=0) 0.2s
2023-05-18T21:00:05.944362444Z broker.info[3]: rc3-success: finalize->goodbye 0.185193s
2023-05-18T21:00:05.945213687Z broker.info[3]: goodbye: goodbye->exit 0.736442ms
2023-05-18T21:00:05.952722478Z 21:00:05.952523 +++ exited with 0 +++
2023-05-18T21:00:05.953988453Z Return value for follower worker is 0
2023-05-18T21:00:05.954011123Z The follower worker exited cleanly. Goodbye!
