2023-05-18T20:07:00.168175166Z
2023-05-18T20:07:00.168281895Z Flux username: flux
2023-05-18T20:07:00.168291782Z
2023-05-18T20:07:00.168299655Z Flux install root: /usr
2023-05-18T20:07:00.223274076Z flux user is already added.
2023-05-18T20:07:00.226293965Z flux user identifiers:
2023-05-18T20:07:00.226327838Z uid=1234(flux) gid=1234(flux) groups=1234(flux)
2023-05-18T20:07:00.226335618Z
2023-05-18T20:07:00.226341855Z As Flux prefix for flux commands: sudo -u flux -E PYTHONPATH=/opt/conda/lib/python3.10/site-packages -E PATH=/opt/conda/bin:/usr/local/sbin:/usr/local/bin:/usr/sbin:/usr/bin:/sbin:/bin -E LD_LIBRARY_PATH=/opt/conda/lib -E HOME=/home/flux
2023-05-18T20:07:00.234581453Z
2023-05-18T20:07:00.234607649Z ðŸ‘‹ Hello, I'm flux-sample-3
2023-05-18T20:07:00.234720596Z The main host is flux-sample-0
2023-05-18T20:07:00.234731042Z The working directory is /home/flux/examples/reaxff/HNS, contents include:
2023-05-18T20:07:00.236395705Z /home/flux/examples/reaxff/HNS:
2023-05-18T20:07:00.236415012Z README.txt	ffield.reax.hns  log.8Mar18.reaxc.hns.g++.1
2023-05-18T20:07:00.236420415Z data.hns-equil	in.reaxc.hns	 log.8Mar18.reaxc.hns.g++.4
2023-05-18T20:07:00.236741746Z End of file listing, if you see nothing above there are no files.
2023-05-18T20:07:00.238647034Z flux R encode --hosts=flux-sample-[0-3]
2023-05-18T20:07:00.254404386Z
2023-05-18T20:07:00.254433274Z ðŸ“¦ Resources
2023-05-18T20:07:00.255808901Z {"version": 1, "execution": {"R_lite": [{"rank": "0-3", "children": {"core": "0"}}], "starttime": 0.0, "expiration": 0.0, "nodelist": ["flux-sample-[0-3]"]}}
2023-05-18T20:07:00.256007174Z
2023-05-18T20:07:00.256021329Z ðŸ¸ Diagnostics: false
2023-05-18T20:07:00.256156630Z ðŸš©ï¸ Flux Option Flags defined
2023-05-18T20:07:00.259690050Z
2023-05-18T20:07:00.259709032Z ðŸ¦Š Independent Minister of Privilege
2023-05-18T20:07:00.260918633Z [exec]
2023-05-18T20:07:00.260934582Z allowed-users = [ "flux", "root" ]
2023-05-18T20:07:00.260940836Z allowed-shells = [ "/usr/libexec/flux/flux-shell" ]
2023-05-18T20:07:00.261119405Z
2023-05-18T20:07:00.261132307Z ðŸ¸ Broker Configuration
2023-05-18T20:07:00.262325981Z # Flux needs to know the path to the IMP executable
2023-05-18T20:07:00.262342969Z [exec]
2023-05-18T20:07:00.262348792Z imp = "/usr/libexec/flux/flux-imp"
2023-05-18T20:07:00.262353504Z
2023-05-18T20:07:00.262360678Z [access]
2023-05-18T20:07:00.262367269Z allow-guest-user = true
2023-05-18T20:07:00.262372004Z allow-root-owner = true
2023-05-18T20:07:00.262376408Z
2023-05-18T20:07:00.262381083Z # Point to resource definition generated with flux-R(1).
2023-05-18T20:07:00.262385895Z [resource]
2023-05-18T20:07:00.262391112Z path = "/etc/flux/system/R"
2023-05-18T20:07:00.262395643Z
2023-05-18T20:07:00.262402916Z [bootstrap]
2023-05-18T20:07:00.262408848Z curve_cert = "/etc/curve/curve.cert"
2023-05-18T20:07:00.262414304Z default_port = 8050
2023-05-18T20:07:00.262419254Z default_bind = "tcp://eth0:%p"
2023-05-18T20:07:00.262424697Z default_connect = "tcp://%h.flux-service.flux-operator.svc.cluster.local:%p"
2023-05-18T20:07:00.262429785Z hosts = [
2023-05-18T20:07:00.262434468Z 	{ host="flux-sample-[0-3]"},
2023-05-18T20:07:00.262439236Z ]
2023-05-18T20:07:00.262459835Z
2023-05-18T20:07:00.262467206Z [archive]
2023-05-18T20:07:00.262471916Z dbpath = "/var/lib/flux/job-archive.sqlite"
2023-05-18T20:07:00.262476627Z period = "1m"
2023-05-18T20:07:00.347681050Z busytimeout = "50s"
2023-05-18T20:07:00.347704746Z ðŸ§Šï¸ State Directory:
2023-05-18T20:07:00.347713158Z total 0
2023-05-18T20:07:00.347719744Z
2023-05-18T20:07:00.351235433Z
2023-05-18T20:07:00.351259705Z ðŸ”’ï¸ Working directory permissions:
2023-05-18T20:07:00.351265566Z total 96
2023-05-18T20:07:00.351271747Z -rwxrwxrwx 1 flux root  2517 May 17 22:32 README.txt
2023-05-18T20:07:00.351276490Z -rwxrwxrwx 1 flux root 54692 May 17 22:32 data.hns-equil
2023-05-18T20:07:00.351281300Z -rwxrwxrwx 1 flux root 13576 May 17 22:32 ffield.reax.hns
2023-05-18T20:07:00.351286234Z -rwxrwxrwx 1 flux root   870 May 17 22:32 in.reaxc.hns
2023-05-18T20:07:00.351291935Z -rwxrwxrwx 1 flux root  4172 May 17 22:32 log.8Mar18.reaxc.hns.g++.1
2023-05-18T20:07:00.351400312Z -rwxrwxrwx 1 flux root  4168 May 17 22:32 log.8Mar18.reaxc.hns.g++.4
2023-05-18T20:07:00.351411060Z
2023-05-18T20:07:00.351416258Z
2023-05-18T20:07:00.351421646Z âœ¨ Curve certificate generated by helper pod
2023-05-18T20:07:00.352911013Z #   ****  Generated on 2023-04-26 22:54:42 by CZMQ  ****
2023-05-18T20:07:00.352929176Z #   ZeroMQ CURVE **Secret** Certificate
2023-05-18T20:07:00.352935254Z #   DO NOT PROVIDE THIS FILE TO OTHER USERS nor change its permissions.
2023-05-18T20:07:00.352940128Z
2023-05-18T20:07:00.352944955Z metadata
2023-05-18T20:07:00.352952843Z     name = "flux-cert-generator"
2023-05-18T20:07:00.352958386Z     keygen.hostname = "flux-sample-0"
2023-05-18T20:07:00.352963652Z curve
2023-05-18T20:07:00.352968599Z     public-key = "drta))V2Eq:z!KNUvZ+2k^@pc*sf8?ZBa:2PWXj2"
2023-05-18T20:07:00.352973500Z     secret-key = ":Vle(:kw9n[e?5yfn3RVv?zR6AEKT8f^tVF2qQ39"
2023-05-18T20:07:00.354946900Z
2023-05-18T20:07:00.354966720Z ðŸŒ€  flux start --wrap=strace,-e,network,-tt -o --config /etc/flux/config -Scron.directory=/etc/flux/system/cron.d   -Stbon.fanout=256   -Srundir=/run/flux    -Sstatedir=/var/lib/flux   -Slocal-uri=local:///run/flux/local -Stbon.connect_timeout=3s  -Stbon.zmqdebug=1  -Slog-stderr-level=6    -Slog-stderr-mode=local
2023-05-18T20:07:00.397829808Z 20:07:00.397511 socket(AF_NETLINK, SOCK_RAW, NETLINK_ROUTE) = 8
2023-05-18T20:07:00.397865140Z 20:07:00.397664 bind(8, {sa_family=AF_NETLINK, nl_pid=0, nl_groups=00000000}, 12) = 0
2023-05-18T20:07:00.397963545Z 20:07:00.397760 getsockname(8, {sa_family=AF_NETLINK, nl_pid=70, nl_groups=00000000}, [12]) = 0
2023-05-18T20:07:00.398227311Z 20:07:00.397835 sendto(8, {{len=20, type=RTM_GETADDR, flags=NLM_F_REQUEST|NLM_F_DUMP, seq=1684440420, pid=0}, {ifa_family=AF_UNSPEC, ...}}, 20, 0, {sa_family=AF_NETLINK, nl_pid=0, nl_groups=00000000}, 12) = 20
2023-05-18T20:07:00.398562917Z 20:07:00.398078 recvmsg(8, {msg_name={sa_family=AF_NETLINK, nl_pid=0, nl_groups=00000000}, msg_namelen=12, msg_iov=[{iov_base=[{{len=76, type=RTM_NEWADDR, flags=NLM_F_MULTI, seq=1684440420, pid=70}, {ifa_family=AF_INET, ifa_prefixlen=8, ifa_flags=IFA_F_PERMANENT, ifa_scope=RT_SCOPE_HOST, ifa_index=if_nametoindex("lo")}, [{{nla_len=8, nla_type=IFA_ADDRESS}, 127.0.0.1}, {{nla_len=8, nla_type=IFA_LOCAL}, 127.0.0.1}, {{nla_len=7, nla_type=IFA_LABEL}, "lo"}, {{nla_len=8, nla_type=IFA_FLAGS}, IFA_F_PERMANENT}, {{nla_len=20, nla_type=IFA_CACHEINFO}, {ifa_prefered=4294967295, ifa_valid=4294967295, cstamp=2096579, tstamp=2096579}}]}, {{len=88, type=RTM_NEWADDR, flags=NLM_F_MULTI, seq=1684440420, pid=70}, {ifa_family=AF_INET, ifa_prefixlen=24, ifa_flags=IFA_F_PERMANENT, ifa_scope=RT_SCOPE_UNIVERSE, ifa_index=if_nametoindex("eth0")}, [{{nla_len=8, nla_type=IFA_ADDRESS}, 10.24.1.58}, {{nla_len=8, nla_type=IFA_LOCAL}, 10.24.1.58}, {{nla_len=8, nla_type=IFA_BROADCAST}, 10.24.1.255}, {{nla_len=9, nla_type=IFA_LABEL}, "eth0"}, {{nla_len=8, nla_type=IFA_FLAGS}, IFA_F_PERMANENT}, {{nla_len=20, nla_type=IFA_CACHEINFO}, {ifa_prefered=4294967295, ifa_valid=4294967295, cstamp=2096582, tstamp=2096582}}]}], iov_len=4096}], msg_iovlen=1, msg_controllen=0, msg_flags=0}, 0) = 164
2023-05-18T20:07:00.398679219Z 20:07:00.398401 recvmsg(8, {msg_name={sa_family=AF_NETLINK, nl_pid=0, nl_groups=00000000}, msg_namelen=12, msg_iov=[{iov_base={{len=20, type=NLMSG_DONE, flags=NLM_F_MULTI, seq=1684440420, pid=70}, 0}, iov_len=4096}], msg_iovlen=1, msg_controllen=0, msg_flags=0}, 0) = 20
2023-05-18T20:07:00.399364208Z 20:07:00.399153 socket(AF_UNIX, SOCK_STREAM|SOCK_CLOEXEC|SOCK_NONBLOCK, 0) = 8
2023-05-18T20:07:00.399511046Z 20:07:00.399287 connect(8, {sa_family=AF_UNIX, sun_path="/var/run/nscd/socket"}, 110) = -1 ENOENT (No such file or directory)
2023-05-18T20:07:00.399867575Z 20:07:00.399637 socket(AF_UNIX, SOCK_STREAM|SOCK_CLOEXEC|SOCK_NONBLOCK, 0) = 8
2023-05-18T20:07:00.399988425Z 20:07:00.399843 connect(8, {sa_family=AF_UNIX, sun_path="/var/run/nscd/socket"}, 110) = -1 ENOENT (No such file or directory)
2023-05-18T20:07:00.402068061Z 20:07:00.401902 socket(AF_INET, SOCK_DGRAM|SOCK_CLOEXEC|SOCK_NONBLOCK, IPPROTO_IP) = 8
2023-05-18T20:07:00.402355115Z 20:07:00.402130 connect(8, {sa_family=AF_INET, sin_port=htons(53), sin_addr=inet_addr("169.254.169.254")}, 16) = 0
2023-05-18T20:07:00.402905864Z 20:07:00.402371 sendto(8, "/\253\1\0\0\1\0\0\0\0\0\0\rflux-sample-0\fflux-"..., 76, MSG_NOSIGNAL, NULL, 0) = 76
2023-05-18T20:07:00.407215725Z 20:07:00.406942 recvfrom(8, "/\253\201\203\0\1\0\0\0\1\0\0\rflux-sample-0\fflux-"..., 1024, 0, {sa_family=AF_INET, sin_port=htons(53), sin_addr=inet_addr("169.254.169.254")}, [28->16]) = 172
2023-05-18T20:07:00.407425852Z 20:07:00.407155 socket(AF_INET, SOCK_DGRAM|SOCK_CLOEXEC|SOCK_NONBLOCK, IPPROTO_IP) = 8
2023-05-18T20:07:00.407438966Z 20:07:00.407225 connect(8, {sa_family=AF_INET, sin_port=htons(53), sin_addr=inet_addr("169.254.169.254")}, 16) = 0
2023-05-18T20:07:00.407601236Z 20:07:00.407339 sendto(8, "`;\1\0\0\1\0\0\0\0\0\0\rflux-sample-0\fflux-"..., 108, MSG_NOSIGNAL, NULL, 0) = 108
2023-05-18T20:07:00.411309317Z 20:07:00.411093 recvfrom(8, "`;\201\203\0\1\0\0\0\1\0\0\rflux-sample-0\fflux-"..., 1024, 0, {sa_family=AF_INET, sin_port=htons(53), sin_addr=inet_addr("169.254.169.254")}, [28->16]) = 204
2023-05-18T20:07:00.411479103Z 20:07:00.411301 socket(AF_INET, SOCK_DGRAM|SOCK_CLOEXEC|SOCK_NONBLOCK, IPPROTO_IP) = 8
2023-05-18T20:07:00.411590016Z 20:07:00.411396 connect(8, {sa_family=AF_INET, sin_port=htons(53), sin_addr=inet_addr("169.254.169.254")}, 16) = 0
2023-05-18T20:07:00.411822254Z 20:07:00.411599 sendto(8, "o\267\1\0\0\1\0\0\0\0\0\0\rflux-sample-0\fflux-"..., 94, MSG_NOSIGNAL, NULL, 0) = 94
2023-05-18T20:07:00.415585329Z 20:07:00.415376 recvfrom(8, "o\267\201\203\0\1\0\0\0\1\0\0\rflux-sample-0\fflux-"..., 1024, 0, {sa_family=AF_INET, sin_port=htons(53), sin_addr=inet_addr("169.254.169.254")}, [28->16]) = 190
2023-05-18T20:07:00.416037389Z 20:07:00.415710 socket(AF_INET, SOCK_DGRAM|SOCK_CLOEXEC|SOCK_NONBLOCK, IPPROTO_IP) = 8
2023-05-18T20:07:00.416172617Z 20:07:00.415886 connect(8, {sa_family=AF_INET, sin_port=htons(53), sin_addr=inet_addr("169.254.169.254")}, 16) = 0
2023-05-18T20:07:00.416516494Z 20:07:00.416092 sendto(8, "lH\1\0\0\1\0\0\0\0\0\0\rflux-sample-0\fflux-"..., 90, MSG_NOSIGNAL, NULL, 0) = 90
2023-05-18T20:07:00.419456456Z 20:07:00.419159 recvfrom(8, "lH\201\203\0\1\0\0\0\1\0\0\rflux-sample-0\fflux-"..., 1024, 0, {sa_family=AF_INET, sin_port=htons(53), sin_addr=inet_addr("169.254.169.254")}, [28->16]) = 186
2023-05-18T20:07:00.419636857Z 20:07:00.419419 socket(AF_INET, SOCK_DGRAM|SOCK_CLOEXEC|SOCK_NONBLOCK, IPPROTO_IP) = 8
2023-05-18T20:07:00.419814152Z 20:07:00.419560 connect(8, {sa_family=AF_INET, sin_port=htons(53), sin_addr=inet_addr("169.254.169.254")}, 16) = 0
2023-05-18T20:07:00.419987445Z 20:07:00.419702 sendto(8, "}\334\1\0\0\1\0\0\0\0\0\0\rflux-sample-0\fflux-"..., 111, MSG_NOSIGNAL, NULL, 0) = 111
2023-05-18T20:07:00.423764731Z 20:07:00.423419 recvfrom(8, "}\334\201\203\0\1\0\0\0\1\0\0\rflux-sample-0\fflux-"..., 1024, 0, {sa_family=AF_INET, sin_port=htons(53), sin_addr=inet_addr("169.254.169.254")}, [28->16]) = 205
2023-05-18T20:07:00.424324674Z 20:07:00.423879 socket(AF_INET, SOCK_DGRAM|SOCK_CLOEXEC|SOCK_NONBLOCK, IPPROTO_IP) = 8
2023-05-18T20:07:00.424559879Z 20:07:00.424174 connect(8, {sa_family=AF_INET, sin_port=htons(53), sin_addr=inet_addr("169.254.169.254")}, 16) = 0
2023-05-18T20:07:00.424786874Z 20:07:00.424486 sendto(8, "\245q\1\0\0\1\0\0\0\0\0\0\rflux-sample-0\fflux-"..., 97, MSG_NOSIGNAL, NULL, 0) = 97
2023-05-18T20:07:00.432241295Z 20:07:00.431954 recvfrom(8, "\245q\201\203\0\1\0\0\0\1\0\0\rflux-sample-0\fflux-"..., 1024, 0, {sa_family=AF_INET, sin_port=htons(53), sin_addr=inet_addr("169.254.169.254")}, [28->16]) = 186
2023-05-18T20:07:00.432632253Z 20:07:00.432378 socket(AF_INET, SOCK_DGRAM|SOCK_CLOEXEC|SOCK_NONBLOCK, IPPROTO_IP) = 8
2023-05-18T20:07:00.432823863Z 20:07:00.432670 connect(8, {sa_family=AF_INET, sin_port=htons(53), sin_addr=inet_addr("169.254.169.254")}, 16) = 0
2023-05-18T20:07:00.433157670Z 20:07:00.432898 sendto(8, "n\"\1\0\0\1\0\0\0\0\0\0\rflux-sample-0\fflux-"..., 92, MSG_NOSIGNAL, NULL, 0) = 92
2023-05-18T20:07:00.437835676Z 20:07:00.437564 recvfrom(8, "n\"\201\203\0\1\0\0\0\1\0\0\rflux-sample-0\fflux-"..., 1024, 0, {sa_family=AF_INET, sin_port=htons(53), sin_addr=inet_addr("169.254.169.254")}, [28->16]) = 181
2023-05-18T20:07:00.438036364Z broker.err[3]: Warning: unable to resolve upstream peer flux-sample-0.flux-service.flux-operator.svc.cluster.local: Name or service not known
2023-05-18T20:07:00.446761707Z broker.info[3]: start: none->join 4.90703ms
2023-05-18T20:07:01.197936044Z broker.info[3]: parent-ready: join->init 0.750759s
2023-05-18T20:07:01.198277712Z 20:07:01.197888 socketpair(AF_UNIX, SOCK_STREAM|SOCK_CLOEXEC, 0, [22, 23]) = 0
2023-05-18T20:07:01.198302778Z 20:07:01.198124 socketpair(AF_UNIX, SOCK_STREAM, 0, [24, 25]) = 0
2023-05-18T20:07:01.199206297Z 20:07:01.198347 socketpair(AF_UNIX, SOCK_STREAM, 0, [26, 27]) = 0
2023-05-18T20:07:01.199296619Z 20:07:01.198566 socketpair(AF_UNIX, SOCK_STREAM, 0, [28, 29]) = 0
2023-05-18T20:07:01.225027944Z broker.info[3]: configuration updated
2023-05-18T20:07:01.362135605Z broker.info[3]: rc1.0: running /etc/flux/rc1.d/01-sched-fluxion
2023-05-18T20:07:01.374326048Z broker.info[3]: rc1.0: running /etc/flux/rc1.d/02-cron
2023-05-18T20:07:01.399140471Z broker.info[3]: rc1.0: /etc/flux/rc1 Exited (rc=0) 0.2s
2023-05-18T20:07:01.399852597Z broker.info[3]: rc1-success: init->quorum 0.20174s
2023-05-18T20:07:01.806110699Z broker.info[3]: quorum-full: quorum->run 0.406005s
2023-05-18T20:07:02.444100646Z 20:07:02.443740 socketpair(AF_UNIX, SOCK_STREAM|SOCK_CLOEXEC, 0, [22, 23]) = 0
2023-05-18T20:07:02.444290086Z 20:07:02.444073 socketpair(AF_UNIX, SOCK_STREAM, 0, [24, 25]) = 0
2023-05-18T20:07:02.444545877Z 20:07:02.444374 socketpair(AF_UNIX, SOCK_STREAM, 0, [26, 28]) = 0
2023-05-18T20:07:02.444721524Z 20:07:02.444589 socketpair(AF_UNIX, SOCK_STREAM, 0, [58, 59]) = 0
2023-05-18T20:07:13.019196390Z broker.info[3]: shutdown: run->cleanup 11.2128s
2023-05-18T20:07:13.020923598Z broker.info[3]: cleanup-none: cleanup->shutdown 1.04149ms
2023-05-18T20:07:13.022563944Z broker.info[3]: children-none: shutdown->finalize 0.996302ms
2023-05-18T20:07:13.023271684Z 20:07:13.023018 socketpair(AF_UNIX, SOCK_STREAM|SOCK_CLOEXEC, 0, [22, 23]) = 0
2023-05-18T20:07:13.023669909Z 20:07:13.023478 socketpair(AF_UNIX, SOCK_STREAM, 0, [24, 25]) = 0
2023-05-18T20:07:13.024081142Z 20:07:13.023921 socketpair(AF_UNIX, SOCK_STREAM, 0, [26, 28]) = 0
2023-05-18T20:07:13.024495796Z 20:07:13.024319 socketpair(AF_UNIX, SOCK_STREAM, 0, [58, 59]) = 0
2023-05-18T20:07:13.045530805Z broker.info[3]: rc3.0: running /etc/flux/rc3.d/01-sched-fluxion
2023-05-18T20:07:13.173616531Z broker.info[3]: rc3.0: /etc/flux/rc3 Exited (rc=0) 0.1s
2023-05-18T20:07:13.174860795Z broker.info[3]: rc3-success: finalize->goodbye 0.151655s
2023-05-18T20:07:13.176464091Z broker.info[3]: goodbye: goodbye->exit 1.00744ms
2023-05-18T20:07:13.184905010Z 20:07:13.184703 +++ exited with 0 +++
2023-05-18T20:07:13.186140524Z Return value for follower worker is 0
2023-05-18T20:07:13.186265267Z The follower worker exited cleanly. Goodbye!
