2023-05-18T20:40:58.552294586Z
2023-05-18T20:40:58.552339646Z Flux username: flux
2023-05-18T20:40:58.552345887Z
2023-05-18T20:40:58.552350798Z Flux install root: /usr
2023-05-18T20:40:58.617440516Z flux user is already added.
2023-05-18T20:40:58.620491409Z flux user identifiers:
2023-05-18T20:40:58.620513161Z uid=1234(flux) gid=1234(flux) groups=1234(flux)
2023-05-18T20:40:58.620623830Z
2023-05-18T20:40:58.620635413Z As Flux prefix for flux commands: sudo -u flux -E PYTHONPATH=/opt/conda/lib/python3.10/site-packages -E PATH=/opt/conda/bin:/usr/local/sbin:/usr/local/bin:/usr/sbin:/usr/bin:/sbin:/bin -E LD_LIBRARY_PATH=/opt/conda/lib -E HOME=/home/flux
2023-05-18T20:40:58.628867971Z
2023-05-18T20:40:58.628897950Z ðŸ‘‹ Hello, I'm flux-sample-3
2023-05-18T20:40:58.628998462Z The main host is flux-sample-0
2023-05-18T20:40:58.629008264Z The working directory is /home/flux/examples/reaxff/HNS, contents include:
2023-05-18T20:40:58.630694337Z /home/flux/examples/reaxff/HNS:
2023-05-18T20:40:58.630713996Z README.txt	ffield.reax.hns  log.8Mar18.reaxc.hns.g++.1
2023-05-18T20:40:58.630719374Z data.hns-equil	in.reaxc.hns	 log.8Mar18.reaxc.hns.g++.4
2023-05-18T20:40:58.630982487Z End of file listing, if you see nothing above there are no files.
2023-05-18T20:40:58.632905788Z flux R encode --hosts=flux-sample-[0-3]
2023-05-18T20:40:58.647067611Z
2023-05-18T20:40:58.647107329Z ðŸ“¦ Resources
2023-05-18T20:40:58.648512550Z {"version": 1, "execution": {"R_lite": [{"rank": "0-3", "children": {"core": "0"}}], "starttime": 0.0, "expiration": 0.0, "nodelist": ["flux-sample-[0-3]"]}}
2023-05-18T20:40:58.648649474Z
2023-05-18T20:40:58.648662734Z ðŸ¸ Diagnostics: false
2023-05-18T20:40:58.648833301Z ðŸš©ï¸ Flux Option Flags defined
2023-05-18T20:40:58.652393608Z
2023-05-18T20:40:58.652415195Z ðŸ¦Š Independent Minister of Privilege
2023-05-18T20:40:58.653610505Z [exec]
2023-05-18T20:40:58.653626892Z allowed-users = [ "flux", "root" ]
2023-05-18T20:40:58.653633075Z allowed-shells = [ "/usr/libexec/flux/flux-shell" ]
2023-05-18T20:40:58.653847059Z
2023-05-18T20:40:58.653860499Z ðŸ¸ Broker Configuration
2023-05-18T20:40:58.655067268Z # Flux needs to know the path to the IMP executable
2023-05-18T20:40:58.655083336Z [exec]
2023-05-18T20:40:58.655089192Z imp = "/usr/libexec/flux/flux-imp"
2023-05-18T20:40:58.655093903Z
2023-05-18T20:40:58.655098394Z [access]
2023-05-18T20:40:58.655104074Z allow-guest-user = true
2023-05-18T20:40:58.655119078Z allow-root-owner = true
2023-05-18T20:40:58.655125548Z
2023-05-18T20:40:58.655132198Z # Point to resource definition generated with flux-R(1).
2023-05-18T20:40:58.655137333Z [resource]
2023-05-18T20:40:58.655142912Z path = "/etc/flux/system/R"
2023-05-18T20:40:58.655147313Z
2023-05-18T20:40:58.655151813Z [bootstrap]
2023-05-18T20:40:58.655156453Z curve_cert = "/etc/curve/curve.cert"
2023-05-18T20:40:58.655161132Z default_port = 8050
2023-05-18T20:40:58.655168224Z default_bind = "tcp://eth0:%p"
2023-05-18T20:40:58.655175584Z default_connect = "tcp://%h.flux-service.flux-operator.svc.cluster.local:%p"
2023-05-18T20:40:58.655180484Z hosts = [
2023-05-18T20:40:58.655185260Z 	{ host="flux-sample-[0-3]"},
2023-05-18T20:40:58.655190000Z ]
2023-05-18T20:40:58.655194700Z
2023-05-18T20:40:58.655199483Z [archive]
2023-05-18T20:40:58.655204391Z dbpath = "/var/lib/flux/job-archive.sqlite"
2023-05-18T20:40:58.655211510Z period = "1m"
2023-05-18T20:40:58.742010199Z busytimeout = "50s"
2023-05-18T20:40:58.742180175Z ðŸ§Šï¸ State Directory:
2023-05-18T20:40:58.742198133Z total 0
2023-05-18T20:40:58.742204163Z
2023-05-18T20:40:58.746142360Z
2023-05-18T20:40:58.746169732Z ðŸ”’ï¸ Working directory permissions:
2023-05-18T20:40:58.746176494Z total 96
2023-05-18T20:40:58.746182418Z -rwxrwxrwx 1 flux root  2517 May 17 22:32 README.txt
2023-05-18T20:40:58.746187176Z -rwxrwxrwx 1 flux root 54692 May 17 22:32 data.hns-equil
2023-05-18T20:40:58.746420010Z -rwxrwxrwx 1 flux root 13576 May 17 22:32 ffield.reax.hns
2023-05-18T20:40:58.746476738Z -rwxrwxrwx 1 flux root   870 May 17 22:32 in.reaxc.hns
2023-05-18T20:40:58.746486592Z -rwxrwxrwx 1 flux root  4172 May 17 22:32 log.8Mar18.reaxc.hns.g++.1
2023-05-18T20:40:58.746515364Z -rwxrwxrwx 1 flux root  4168 May 17 22:32 log.8Mar18.reaxc.hns.g++.4
2023-05-18T20:40:58.746521368Z
2023-05-18T20:40:58.746534717Z
2023-05-18T20:40:58.746540728Z âœ¨ Curve certificate generated by helper pod
2023-05-18T20:40:58.748072750Z #   ****  Generated on 2023-04-26 22:54:42 by CZMQ  ****
2023-05-18T20:40:58.748099537Z #   ZeroMQ CURVE **Secret** Certificate
2023-05-18T20:40:58.748108704Z #   DO NOT PROVIDE THIS FILE TO OTHER USERS nor change its permissions.
2023-05-18T20:40:58.748114957Z
2023-05-18T20:40:58.748119989Z metadata
2023-05-18T20:40:58.748125684Z     name = "flux-cert-generator"
2023-05-18T20:40:58.748130470Z     keygen.hostname = "flux-sample-0"
2023-05-18T20:40:58.748135333Z curve
2023-05-18T20:40:58.748144258Z     public-key = "eyJPw)++}jPlKmqk74VDX788(3RcoHdpx.7j3wcc"
2023-05-18T20:40:58.748149473Z     secret-key = "6EHI}tizn+r*OFu!-^@0veK%hFlZEuSWr=WvN}/3"
2023-05-18T20:40:58.750223827Z
2023-05-18T20:40:58.750244432Z ðŸŒ€  flux start --wrap=strace,-e,network,-tt -o --config /etc/flux/config -Scron.directory=/etc/flux/system/cron.d   -Stbon.fanout=256   -Srundir=/run/flux    -Sstatedir=/var/lib/flux   -Slocal-uri=local:///run/flux/local -Stbon.connect_timeout=8s  -Stbon.zmqdebug=1  -Slog-stderr-level=6    -Slog-stderr-mode=local
2023-05-18T20:40:58.797275838Z 20:40:58.796910 socket(AF_NETLINK, SOCK_RAW, NETLINK_ROUTE) = 8
2023-05-18T20:40:58.797508710Z 20:40:58.797179 bind(8, {sa_family=AF_NETLINK, nl_pid=0, nl_groups=00000000}, 12) = 0
2023-05-18T20:40:58.797945162Z 20:40:58.797485 getsockname(8, {sa_family=AF_NETLINK, nl_pid=70, nl_groups=00000000}, [12]) = 0
2023-05-18T20:40:58.798403761Z 20:40:58.797923 sendto(8, {{len=20, type=RTM_GETADDR, flags=NLM_F_REQUEST|NLM_F_DUMP, seq=1684442458, pid=0}, {ifa_family=AF_UNSPEC, ...}}, 20, 0, {sa_family=AF_NETLINK, nl_pid=0, nl_groups=00000000}, 12) = 20
2023-05-18T20:40:58.798882906Z 20:40:58.798274 recvmsg(8, {msg_name={sa_family=AF_NETLINK, nl_pid=0, nl_groups=00000000}, msg_namelen=12, msg_iov=[{iov_base=[{{len=76, type=RTM_NEWADDR, flags=NLM_F_MULTI, seq=1684442458, pid=70}, {ifa_family=AF_INET, ifa_prefixlen=8, ifa_flags=IFA_F_PERMANENT, ifa_scope=RT_SCOPE_HOST, ifa_index=if_nametoindex("lo")}, [{{nla_len=8, nla_type=IFA_ADDRESS}, 127.0.0.1}, {{nla_len=8, nla_type=IFA_LOCAL}, 127.0.0.1}, {{nla_len=7, nla_type=IFA_LABEL}, "lo"}, {{nla_len=8, nla_type=IFA_FLAGS}, IFA_F_PERMANENT}, {{nla_len=20, nla_type=IFA_CACHEINFO}, {ifa_prefered=4294967295, ifa_valid=4294967295, cstamp=2300400, tstamp=2300400}}]}, {{len=88, type=RTM_NEWADDR, flags=NLM_F_MULTI, seq=1684442458, pid=70}, {ifa_family=AF_INET, ifa_prefixlen=24, ifa_flags=IFA_F_PERMANENT, ifa_scope=RT_SCOPE_UNIVERSE, ifa_index=if_nametoindex("eth0")}, [{{nla_len=8, nla_type=IFA_ADDRESS}, 10.24.1.9}, {{nla_len=8, nla_type=IFA_LOCAL}, 10.24.1.9}, {{nla_len=8, nla_type=IFA_BROADCAST}, 10.24.1.255}, {{nla_len=9, nla_type=IFA_LABEL}, "eth0"}, {{nla_len=8, nla_type=IFA_FLAGS}, IFA_F_PERMANENT}, {{nla_len=20, nla_type=IFA_CACHEINFO}, {ifa_prefered=4294967295, ifa_valid=4294967295, cstamp=2300402, tstamp=2300402}}]}], iov_len=4096}], msg_iovlen=1, msg_controllen=0, msg_flags=0}, 0) = 164
2023-05-18T20:40:58.799040050Z 20:40:58.798783 recvmsg(8, {msg_name={sa_family=AF_NETLINK, nl_pid=0, nl_groups=00000000}, msg_namelen=12, msg_iov=[{iov_base={{len=20, type=NLMSG_DONE, flags=NLM_F_MULTI, seq=1684442458, pid=70}, 0}, iov_len=4096}], msg_iovlen=1, msg_controllen=0, msg_flags=0}, 0) = 20
2023-05-18T20:40:58.799977237Z 20:40:58.799717 socket(AF_UNIX, SOCK_STREAM|SOCK_CLOEXEC|SOCK_NONBLOCK, 0) = 8
2023-05-18T20:40:58.799998431Z 20:40:58.799838 connect(8, {sa_family=AF_UNIX, sun_path="/var/run/nscd/socket"}, 110) = -1 ENOENT (No such file or directory)
2023-05-18T20:40:58.800153666Z 20:40:58.799986 socket(AF_UNIX, SOCK_STREAM|SOCK_CLOEXEC|SOCK_NONBLOCK, 0) = 8
2023-05-18T20:40:58.800265711Z 20:40:58.800051 connect(8, {sa_family=AF_UNIX, sun_path="/var/run/nscd/socket"}, 110) = -1 ENOENT (No such file or directory)
2023-05-18T20:40:58.802484739Z 20:40:58.802166 socket(AF_INET, SOCK_DGRAM|SOCK_CLOEXEC|SOCK_NONBLOCK, IPPROTO_IP) = 8
2023-05-18T20:40:58.802654367Z 20:40:58.802318 connect(8, {sa_family=AF_INET, sin_port=htons(53), sin_addr=inet_addr("169.254.169.254")}, 16) = 0
2023-05-18T20:40:58.803077270Z 20:40:58.802606 sendto(8, "\n\263\1\0\0\1\0\0\0\0\0\0\rflux-sample-0\fflux-"..., 76, MSG_NOSIGNAL, NULL, 0) = 76
2023-05-18T20:40:58.806815119Z 20:40:58.806539 recvfrom(8, "\n\263\201\203\0\1\0\0\0\1\0\0\rflux-sample-0\fflux-"..., 1024, 0, {sa_family=AF_INET, sin_port=htons(53), sin_addr=inet_addr("169.254.169.254")}, [28->16]) = 172
2023-05-18T20:40:58.806981284Z 20:40:58.806843 socket(AF_INET, SOCK_DGRAM|SOCK_CLOEXEC|SOCK_NONBLOCK, IPPROTO_IP) = 8
2023-05-18T20:40:58.807258784Z 20:40:58.807022 connect(8, {sa_family=AF_INET, sin_port=htons(53), sin_addr=inet_addr("169.254.169.254")}, 16) = 0
2023-05-18T20:40:58.807610059Z 20:40:58.807346 sendto(8, "g\6\1\0\0\1\0\0\0\0\0\0\rflux-sample-0\fflux-"..., 108, MSG_NOSIGNAL, NULL, 0) = 108
2023-05-18T20:40:58.811664805Z 20:40:58.811347 recvfrom(8, "g\6\201\203\0\1\0\0\0\1\0\0\rflux-sample-0\fflux-"..., 1024, 0, {sa_family=AF_INET, sin_port=htons(53), sin_addr=inet_addr("169.254.169.254")}, [28->16]) = 204
2023-05-18T20:40:58.812062372Z 20:40:58.811827 socket(AF_INET, SOCK_DGRAM|SOCK_CLOEXEC|SOCK_NONBLOCK, IPPROTO_IP) = 8
2023-05-18T20:40:58.812252512Z 20:40:58.812078 connect(8, {sa_family=AF_INET, sin_port=htons(53), sin_addr=inet_addr("169.254.169.254")}, 16) = 0
2023-05-18T20:40:58.812746795Z 20:40:58.812355 sendto(8, "\340\336\1\0\0\1\0\0\0\0\0\0\rflux-sample-0\fflux-"..., 94, MSG_NOSIGNAL, NULL, 0) = 94
2023-05-18T20:40:58.816698289Z 20:40:58.816423 recvfrom(8, "\340\336\201\203\0\1\0\0\0\1\0\0\rflux-sample-0\fflux-"..., 1024, 0, {sa_family=AF_INET, sin_port=htons(53), sin_addr=inet_addr("169.254.169.254")}, [28->16]) = 190
2023-05-18T20:40:58.816828662Z 20:40:58.816676 socket(AF_INET, SOCK_DGRAM|SOCK_CLOEXEC|SOCK_NONBLOCK, IPPROTO_IP) = 8
2023-05-18T20:40:58.816952779Z 20:40:58.816747 connect(8, {sa_family=AF_INET, sin_port=htons(53), sin_addr=inet_addr("169.254.169.254")}, 16) = 0
2023-05-18T20:40:58.817193161Z 20:40:58.816920 sendto(8, "\253&\1\0\0\1\0\0\0\0\0\0\rflux-sample-0\fflux-"..., 90, MSG_NOSIGNAL, NULL, 0) = 90
2023-05-18T20:40:58.820799555Z 20:40:58.820463 recvfrom(8, "\253&\201\203\0\1\0\0\0\1\0\0\rflux-sample-0\fflux-"..., 1024, 0, {sa_family=AF_INET, sin_port=htons(53), sin_addr=inet_addr("169.254.169.254")}, [28->16]) = 186
2023-05-18T20:40:58.820897932Z 20:40:58.820725 socket(AF_INET, SOCK_DGRAM|SOCK_CLOEXEC|SOCK_NONBLOCK, IPPROTO_IP) = 8
2023-05-18T20:40:58.821033515Z 20:40:58.820806 connect(8, {sa_family=AF_INET, sin_port=htons(53), sin_addr=inet_addr("169.254.169.254")}, 16) = 0
2023-05-18T20:40:58.821216881Z 20:40:58.820927 sendto(8, "\310y\1\0\0\1\0\0\0\0\0\0\rflux-sample-0\fflux-"..., 111, MSG_NOSIGNAL, NULL, 0) = 111
2023-05-18T20:40:58.826821436Z 20:40:58.826557 recvfrom(8, "\310y\201\203\0\1\0\0\0\1\0\0\rflux-sample-0\fflux-"..., 1024, 0, {sa_family=AF_INET, sin_port=htons(53), sin_addr=inet_addr("169.254.169.254")}, [28->16]) = 205
2023-05-18T20:40:58.826987286Z 20:40:58.826774 socket(AF_INET, SOCK_DGRAM|SOCK_CLOEXEC|SOCK_NONBLOCK, IPPROTO_IP) = 8
2023-05-18T20:40:58.827068610Z 20:40:58.826869 connect(8, {sa_family=AF_INET, sin_port=htons(53), sin_addr=inet_addr("169.254.169.254")}, 16) = 0
2023-05-18T20:40:58.827314306Z 20:40:58.827018 sendto(8, "\374X\1\0\0\1\0\0\0\0\0\0\rflux-sample-0\fflux-"..., 97, MSG_NOSIGNAL, NULL, 0) = 97
2023-05-18T20:40:58.833355323Z 20:40:58.832998 recvfrom(8, "\374X\201\203\0\1\0\0\0\1\0\0\rflux-sample-0\fflux-"..., 1024, 0, {sa_family=AF_INET, sin_port=htons(53), sin_addr=inet_addr("169.254.169.254")}, [28->16]) = 186
2023-05-18T20:40:58.833655659Z 20:40:58.833502 socket(AF_INET, SOCK_DGRAM|SOCK_CLOEXEC|SOCK_NONBLOCK, IPPROTO_IP) = 8
2023-05-18T20:40:58.833805777Z 20:40:58.833627 connect(8, {sa_family=AF_INET, sin_port=htons(53), sin_addr=inet_addr("169.254.169.254")}, 16) = 0
2023-05-18T20:40:58.834063150Z 20:40:58.833847 sendto(8, "\226f\1\0\0\1\0\0\0\0\0\0\rflux-sample-0\fflux-"..., 92, MSG_NOSIGNAL, NULL, 0) = 92
2023-05-18T20:40:58.840553513Z 20:40:58.840242 recvfrom(8, "\226f\201\203\0\1\0\0\0\1\0\0\rflux-sample-0\fflux-"..., 1024, 0, {sa_family=AF_INET, sin_port=htons(53), sin_addr=inet_addr("169.254.169.254")}, [28->16]) = 181
2023-05-18T20:40:58.840785236Z broker.err[3]: Warning: unable to resolve upstream peer flux-sample-0.flux-service.flux-operator.svc.cluster.local: Name or service not known
2023-05-18T20:40:58.846189098Z broker.info[3]: start: none->join 1.69795ms
2023-05-18T20:40:59.266338931Z broker.info[3]: parent-ready: join->init 0.419833s
2023-05-18T20:40:59.267030095Z 20:40:59.266695 socketpair(AF_UNIX, SOCK_STREAM|SOCK_CLOEXEC, 0, [22, 23]) = 0
2023-05-18T20:40:59.267341412Z 20:40:59.267092 socketpair(AF_UNIX, SOCK_STREAM, 0, [24, 25]) = 0
2023-05-18T20:40:59.267627367Z 20:40:59.267375 socketpair(AF_UNIX, SOCK_STREAM, 0, [26, 27]) = 0
2023-05-18T20:40:59.267892331Z 20:40:59.267674 socketpair(AF_UNIX, SOCK_STREAM, 0, [28, 29]) = 0
2023-05-18T20:40:59.293678592Z broker.info[3]: configuration updated
2023-05-18T20:40:59.433054486Z broker.info[3]: rc1.0: running /etc/flux/rc1.d/01-sched-fluxion
2023-05-18T20:40:59.447706610Z broker.info[3]: rc1.0: running /etc/flux/rc1.d/02-cron
2023-05-18T20:40:59.471529932Z broker.info[3]: rc1.0: /etc/flux/rc1 Exited (rc=0) 0.2s
2023-05-18T20:40:59.472066637Z broker.info[3]: rc1-success: init->quorum 0.205259s
2023-05-18T20:40:59.687472278Z broker.info[3]: quorum-full: quorum->run 0.215206s
2023-05-18T20:41:00.300655099Z 20:41:00.300253 socketpair(AF_UNIX, SOCK_STREAM|SOCK_CLOEXEC, 0, [22, 23]) = 0
2023-05-18T20:41:00.301228243Z 20:41:00.300437 socketpair(AF_UNIX, SOCK_STREAM, 0, [24, 25]) = 0
2023-05-18T20:41:00.301481632Z 20:41:00.300709 socketpair(AF_UNIX, SOCK_STREAM, 0, [26, 28]) = 0
2023-05-18T20:41:00.301650975Z 20:41:00.300992 socketpair(AF_UNIX, SOCK_STREAM, 0, [58, 59]) = 0
2023-05-18T20:41:10.953111428Z broker.info[3]: shutdown: run->cleanup 11.2646s
2023-05-18T20:41:10.954322200Z broker.info[3]: cleanup-none: cleanup->shutdown 1.34161ms
2023-05-18T20:41:10.956419354Z broker.info[3]: children-none: shutdown->finalize 1.25434ms
2023-05-18T20:41:10.956778270Z 20:41:10.955746 socketpair(AF_UNIX, SOCK_STREAM|SOCK_CLOEXEC, 0, [22, 23]) = 0
2023-05-18T20:41:10.956852868Z 20:41:10.955906 socketpair(AF_UNIX, SOCK_STREAM, 0, [24, 25]) = 0
2023-05-18T20:41:10.956867545Z 20:41:10.956167 socketpair(AF_UNIX, SOCK_STREAM, 0, [26, 28]) = 0
2023-05-18T20:41:10.956933502Z 20:41:10.956416 socketpair(AF_UNIX, SOCK_STREAM, 0, [58, 59]) = 0
2023-05-18T20:41:10.974307219Z broker.info[3]: rc3.0: running /etc/flux/rc3.d/01-sched-fluxion
2023-05-18T20:41:11.106947185Z broker.info[3]: rc3.0: /etc/flux/rc3 Exited (rc=0) 0.1s
2023-05-18T20:41:11.108216865Z broker.info[3]: rc3-success: finalize->goodbye 0.152312s
2023-05-18T20:41:11.109790083Z broker.info[3]: goodbye: goodbye->exit 1.04528ms
2023-05-18T20:41:11.118048743Z 20:41:11.117889 +++ exited with 0 +++
2023-05-18T20:41:11.119258495Z Return value for follower worker is 0
2023-05-18T20:41:11.119292263Z The follower worker exited cleanly. Goodbye!
