2023-05-18T18:28:41.187606349Z
2023-05-18T18:28:41.187660643Z Flux username: flux
2023-05-18T18:28:41.187667181Z
2023-05-18T18:28:41.187671953Z Flux install root: /usr
2023-05-18T18:28:41.233894522Z flux user is already added.
2023-05-18T18:28:41.237141559Z flux user identifiers:
2023-05-18T18:28:41.237171116Z uid=1234(flux) gid=1234(flux) groups=1234(flux)
2023-05-18T18:28:41.237333197Z
2023-05-18T18:28:41.237346282Z As Flux prefix for flux commands: sudo -u flux -E PYTHONPATH=/opt/conda/lib/python3.10/site-packages -E PATH=/opt/conda/bin:/usr/local/sbin:/usr/local/bin:/usr/sbin:/usr/bin:/sbin:/bin -E LD_LIBRARY_PATH=/opt/conda/lib -E HOME=/home/flux
2023-05-18T18:28:41.246150462Z
2023-05-18T18:28:41.246183102Z 👋 Hello, I'm flux-sample-2
2023-05-18T18:28:41.246191471Z The main host is flux-sample-0
2023-05-18T18:28:41.246200222Z The working directory is /home/flux/examples/reaxff/HNS, contents include:
2023-05-18T18:28:41.247917350Z /home/flux/examples/reaxff/HNS:
2023-05-18T18:28:41.248038824Z README.txt	ffield.reax.hns  log.8Mar18.reaxc.hns.g++.1
2023-05-18T18:28:41.248050034Z data.hns-equil	in.reaxc.hns	 log.8Mar18.reaxc.hns.g++.4
2023-05-18T18:28:41.248293865Z End of file listing, if you see nothing above there are no files.
2023-05-18T18:28:41.250691913Z flux R encode --hosts=flux-sample-[0-3]
2023-05-18T18:28:41.268846949Z
2023-05-18T18:28:41.268878951Z 📦 Resources
2023-05-18T18:28:41.268886727Z {"version": 1, "execution": {"R_lite": [{"rank": "0-3", "children": {"core": "0"}}], "starttime": 0.0, "expiration": 0.0, "nodelist": ["flux-sample-[0-3]"]}}
2023-05-18T18:28:41.268891575Z
2023-05-18T18:28:41.268897595Z 🐸 Diagnostics: false
2023-05-18T18:28:41.268906151Z 🚩️ Flux Option Flags defined
2023-05-18T18:28:41.272699928Z
2023-05-18T18:28:41.272726806Z 🦊 Independent Minister of Privilege
2023-05-18T18:28:41.274214771Z [exec]
2023-05-18T18:28:41.274235546Z allowed-users = [ "flux", "root" ]
2023-05-18T18:28:41.274250841Z allowed-shells = [ "/usr/libexec/flux/flux-shell" ]
2023-05-18T18:28:41.274590159Z
2023-05-18T18:28:41.274607788Z 🐸 Broker Configuration
2023-05-18T18:28:41.276078129Z # Flux needs to know the path to the IMP executable
2023-05-18T18:28:41.276107140Z [exec]
2023-05-18T18:28:41.276115303Z imp = "/usr/libexec/flux/flux-imp"
2023-05-18T18:28:41.276119740Z
2023-05-18T18:28:41.276124180Z [access]
2023-05-18T18:28:41.276131533Z allow-guest-user = true
2023-05-18T18:28:41.276137614Z allow-root-owner = true
2023-05-18T18:28:41.276142090Z
2023-05-18T18:28:41.276147410Z # Point to resource definition generated with flux-R(1).
2023-05-18T18:28:41.276152565Z [resource]
2023-05-18T18:28:41.276158001Z path = "/etc/flux/system/R"
2023-05-18T18:28:41.276162501Z
2023-05-18T18:28:41.276167319Z [bootstrap]
2023-05-18T18:28:41.276174240Z curve_cert = "/etc/curve/curve.cert"
2023-05-18T18:28:41.276180556Z default_port = 8050
2023-05-18T18:28:41.276185479Z default_bind = "tcp://eth0:%p"
2023-05-18T18:28:41.276190980Z default_connect = "tcp://%h.flux-service.flux-operator.svc.cluster.local:%p"
2023-05-18T18:28:41.276197467Z hosts = [
2023-05-18T18:28:41.276201948Z 	{ host="flux-sample-[0-3]"},
2023-05-18T18:28:41.276206402Z ]
2023-05-18T18:28:41.276210602Z
2023-05-18T18:28:41.276217545Z [archive]
2023-05-18T18:28:41.276223509Z dbpath = "/var/lib/flux/job-archive.sqlite"
2023-05-18T18:28:41.276228470Z period = "1m"
2023-05-18T18:28:41.360002872Z busytimeout = "50s"
2023-05-18T18:28:41.360028278Z 🧊️ State Directory:
2023-05-18T18:28:41.360038464Z total 0
2023-05-18T18:28:41.360043325Z
2023-05-18T18:28:41.363014292Z
2023-05-18T18:28:41.363039201Z 🔒️ Working directory permissions:
2023-05-18T18:28:41.363044971Z total 96
2023-05-18T18:28:41.363049232Z -rwxrwxrwx 1 flux root  2517 May 17 22:32 README.txt
2023-05-18T18:28:41.363052520Z -rwxrwxrwx 1 flux root 54692 May 17 22:32 data.hns-equil
2023-05-18T18:28:41.363055703Z -rwxrwxrwx 1 flux root 13576 May 17 22:32 ffield.reax.hns
2023-05-18T18:28:41.363059327Z -rwxrwxrwx 1 flux root   870 May 17 22:32 in.reaxc.hns
2023-05-18T18:28:41.363232798Z -rwxrwxrwx 1 flux root  4172 May 17 22:32 log.8Mar18.reaxc.hns.g++.1
2023-05-18T18:28:41.363245993Z -rwxrwxrwx 1 flux root  4168 May 17 22:32 log.8Mar18.reaxc.hns.g++.4
2023-05-18T18:28:41.363257503Z
2023-05-18T18:28:41.363443499Z
2023-05-18T18:28:41.363458469Z ✨ Curve certificate generated by helper pod
2023-05-18T18:28:41.365225901Z #   ****  Generated on 2023-04-26 22:54:42 by CZMQ  ****
2023-05-18T18:28:41.365246834Z #   ZeroMQ CURVE **Secret** Certificate
2023-05-18T18:28:41.365254287Z #   DO NOT PROVIDE THIS FILE TO OTHER USERS nor change its permissions.
2023-05-18T18:28:41.365259434Z
2023-05-18T18:28:41.365264294Z metadata
2023-05-18T18:28:41.365269541Z     name = "flux-cert-generator"
2023-05-18T18:28:41.365274337Z     keygen.hostname = "flux-sample-0"
2023-05-18T18:28:41.365279304Z curve
2023-05-18T18:28:41.365283994Z     public-key = "!<g^iVEFmWjIN8ZMSw2{J%!uAcY)qm.]nMSvRx^)"
2023-05-18T18:28:41.365291213Z     secret-key = "sbSls<3f2lu$ih:pG:G@il]#6*gbkcVCGww!bFe:"
2023-05-18T18:28:41.368068844Z
2023-05-18T18:28:41.368112946Z 🌀  flux start --wrap=strace,-e,network,-tt -o --config /etc/flux/config -Scron.directory=/etc/flux/system/cron.d   -Stbon.fanout=256   -Srundir=/run/flux    -Sstatedir=/var/lib/flux   -Slocal-uri=local:///run/flux/local -Stbon.connect_timeout=3s  -Stbon.zmqdebug=1  -Slog-stderr-level=6    -Slog-stderr-mode=local
2023-05-18T18:28:41.412984903Z 18:28:41.412427 socket(AF_NETLINK, SOCK_RAW, NETLINK_ROUTE) = 8
2023-05-18T18:28:41.413355578Z 18:28:41.413010 bind(8, {sa_family=AF_NETLINK, nl_pid=0, nl_groups=00000000}, 12) = 0
2023-05-18T18:28:41.413564762Z 18:28:41.413323 getsockname(8, {sa_family=AF_NETLINK, nl_pid=70, nl_groups=00000000}, [12]) = 0
2023-05-18T18:28:41.414037110Z 18:28:41.413670 sendto(8, {{len=20, type=RTM_GETADDR, flags=NLM_F_REQUEST|NLM_F_DUMP, seq=1684434521, pid=0}, {ifa_family=AF_UNSPEC, ...}}, 20, 0, {sa_family=AF_NETLINK, nl_pid=0, nl_groups=00000000}, 12) = 20
2023-05-18T18:28:41.414525998Z 18:28:41.414013 recvmsg(8, {msg_name={sa_family=AF_NETLINK, nl_pid=0, nl_groups=00000000}, msg_namelen=12, msg_iov=[{iov_base=[{{len=76, type=RTM_NEWADDR, flags=NLM_F_MULTI, seq=1684434521, pid=70}, {ifa_family=AF_INET, ifa_prefixlen=8, ifa_flags=IFA_F_PERMANENT, ifa_scope=RT_SCOPE_HOST, ifa_index=if_nametoindex("lo")}, [{{nla_len=8, nla_type=IFA_ADDRESS}, 127.0.0.1}, {{nla_len=8, nla_type=IFA_LOCAL}, 127.0.0.1}, {{nla_len=7, nla_type=IFA_LABEL}, "lo"}, {{nla_len=8, nla_type=IFA_FLAGS}, IFA_F_PERMANENT}, {{nla_len=20, nla_type=IFA_CACHEINFO}, {ifa_prefered=4294967295, ifa_valid=4294967295, cstamp=1506503, tstamp=1506503}}]}, {{len=88, type=RTM_NEWADDR, flags=NLM_F_MULTI, seq=1684434521, pid=70}, {ifa_family=AF_INET, ifa_prefixlen=24, ifa_flags=IFA_F_PERMANENT, ifa_scope=RT_SCOPE_UNIVERSE, ifa_index=if_nametoindex("eth0")}, [{{nla_len=8, nla_type=IFA_ADDRESS}, 10.24.2.63}, {{nla_len=8, nla_type=IFA_LOCAL}, 10.24.2.63}, {{nla_len=8, nla_type=IFA_BROADCAST}, 10.24.2.255}, {{nla_len=9, nla_type=IFA_LABEL}, "eth0"}, {{nla_len=8, nla_type=IFA_FLAGS}, IFA_F_PERMANENT}, {{nla_len=20, nla_type=IFA_CACHEINFO}, {ifa_prefered=4294967295, ifa_valid=4294967295, cstamp=1506506, tstamp=1506506}}]}], iov_len=4096}], msg_iovlen=1, msg_controllen=0, msg_flags=0}, 0) = 164
2023-05-18T18:28:41.414773674Z 18:28:41.414504 recvmsg(8, {msg_name={sa_family=AF_NETLINK, nl_pid=0, nl_groups=00000000}, msg_namelen=12, msg_iov=[{iov_base={{len=20, type=NLMSG_DONE, flags=NLM_F_MULTI, seq=1684434521, pid=70}, 0}, iov_len=4096}], msg_iovlen=1, msg_controllen=0, msg_flags=0}, 0) = 20
2023-05-18T18:28:41.415481862Z 18:28:41.415304 socket(AF_UNIX, SOCK_STREAM|SOCK_CLOEXEC|SOCK_NONBLOCK, 0) = 8
2023-05-18T18:28:41.415684720Z 18:28:41.415448 connect(8, {sa_family=AF_UNIX, sun_path="/var/run/nscd/socket"}, 110) = -1 ENOENT (No such file or directory)
2023-05-18T18:28:41.415948110Z 18:28:41.415716 socket(AF_UNIX, SOCK_STREAM|SOCK_CLOEXEC|SOCK_NONBLOCK, 0) = 8
2023-05-18T18:28:41.416193255Z 18:28:41.415979 connect(8, {sa_family=AF_UNIX, sun_path="/var/run/nscd/socket"}, 110) = -1 ENOENT (No such file or directory)
2023-05-18T18:28:41.417806205Z 18:28:41.417651 socket(AF_INET, SOCK_DGRAM|SOCK_CLOEXEC|SOCK_NONBLOCK, IPPROTO_IP) = 8
2023-05-18T18:28:41.418148311Z 18:28:41.417898 connect(8, {sa_family=AF_INET, sin_port=htons(53), sin_addr=inet_addr("169.254.169.254")}, 16) = 0
2023-05-18T18:28:41.418702051Z 18:28:41.418195 sendto(8, "Kv\1\0\0\1\0\0\0\0\0\0\rflux-sample-0\fflux-"..., 76, MSG_NOSIGNAL, NULL, 0) = 76
2023-05-18T18:28:41.422577173Z 18:28:41.422301 recvfrom(8, "Kv\201\200\0\1\0\1\0\0\0\0\rflux-sample-0\fflux-"..., 1024, 0, {sa_family=AF_INET, sin_port=htons(53), sin_addr=inet_addr("169.254.169.254")}, [28->16]) = 92
2023-05-18T18:28:41.429186005Z broker.info[2]: start: none->join 2.63421ms
2023-05-18T18:28:44.622854379Z broker.info[2]: parent-ready: join->init 3.19358s
2023-05-18T18:28:44.623366801Z 18:28:44.623003 socketpair(AF_UNIX, SOCK_STREAM|SOCK_CLOEXEC, 0, [22, 23]) = 0
2023-05-18T18:28:44.623742915Z 18:28:44.623450 socketpair(AF_UNIX, SOCK_STREAM, 0, [24, 25]) = 0
2023-05-18T18:28:44.624422750Z 18:28:44.623946 socketpair(AF_UNIX, SOCK_STREAM, 0, [26, 27]) = 0
2023-05-18T18:28:44.624876772Z 18:28:44.624618 socketpair(AF_UNIX, SOCK_STREAM, 0, [28, 29]) = 0
2023-05-18T18:28:44.660708953Z broker.info[2]: configuration updated
2023-05-18T18:28:44.805136628Z broker.info[2]: rc1.0: running /etc/flux/rc1.d/01-sched-fluxion
2023-05-18T18:28:44.817903000Z broker.info[2]: rc1.0: running /etc/flux/rc1.d/02-cron
2023-05-18T18:28:44.843489049Z broker.info[2]: rc1.0: /etc/flux/rc1 Exited (rc=0) 0.2s
2023-05-18T18:28:44.844229720Z broker.info[2]: rc1-success: init->quorum 0.221043s
2023-05-18T18:28:45.058914918Z broker.info[2]: quorum-full: quorum->run 0.214313s
2023-05-18T18:28:56.448827026Z broker.info[2]: shutdown: run->cleanup 11.3893s
2023-05-18T18:28:56.449626299Z broker.info[2]: cleanup-none: cleanup->shutdown 0.842482ms
2023-05-18T18:28:56.450629869Z broker.info[2]: children-none: shutdown->finalize 0.784406ms
2023-05-18T18:28:56.451052302Z 18:28:56.450751 socketpair(AF_UNIX, SOCK_STREAM|SOCK_CLOEXEC, 0, [22, 23]) = 0
2023-05-18T18:28:56.451447662Z 18:28:56.450954 socketpair(AF_UNIX, SOCK_STREAM, 0, [24, 25]) = 0
2023-05-18T18:28:56.451866826Z 18:28:56.451286 socketpair(AF_UNIX, SOCK_STREAM, 0, [26, 28]) = 0
2023-05-18T18:28:56.452605566Z 18:28:56.451649 socketpair(AF_UNIX, SOCK_STREAM, 0, [58, 59]) = 0
2023-05-18T18:28:56.473771247Z broker.info[2]: rc3.0: running /etc/flux/rc3.d/01-sched-fluxion
2023-05-18T18:28:56.596621331Z broker.info[2]: rc3.0: /etc/flux/rc3 Exited (rc=0) 0.1s
2023-05-18T18:28:56.597400692Z broker.info[2]: rc3-success: finalize->goodbye 0.1465s
2023-05-18T18:28:56.599039947Z broker.info[2]: goodbye: goodbye->exit 1.06034ms
2023-05-18T18:28:56.618346534Z 18:28:56.618138 +++ exited with 0 +++
2023-05-18T18:28:56.619891283Z Return value for follower worker is 0
2023-05-18T18:28:56.620015241Z The follower worker exited cleanly. Goodbye!
