2023-05-18T20:05:17.515080097Z
2023-05-18T20:05:17.515158830Z Flux username: flux
2023-05-18T20:05:17.521590664Z
2023-05-18T20:05:17.521619889Z Flux install root: /usr
2023-05-18T20:05:17.570838607Z flux user is already added.
2023-05-18T20:05:17.573196489Z flux user identifiers:
2023-05-18T20:05:17.573260043Z uid=1234(flux) gid=1234(flux) groups=1234(flux)
2023-05-18T20:05:17.573268333Z
2023-05-18T20:05:17.573275369Z As Flux prefix for flux commands: sudo -u flux -E PYTHONPATH=/opt/conda/lib/python3.10/site-packages -E PATH=/opt/conda/bin:/usr/local/sbin:/usr/local/bin:/usr/sbin:/usr/bin:/sbin:/bin -E LD_LIBRARY_PATH=/opt/conda/lib -E HOME=/home/flux
2023-05-18T20:05:17.582107822Z
2023-05-18T20:05:17.582135385Z ðŸ‘‹ Hello, I'm flux-sample-3
2023-05-18T20:05:17.582141459Z The main host is flux-sample-0
2023-05-18T20:05:17.582146754Z The working directory is /home/flux/examples/reaxff/HNS, contents include:
2023-05-18T20:05:17.585102235Z /home/flux/examples/reaxff/HNS:
2023-05-18T20:05:17.586375096Z README.txt	ffield.reax.hns  log.8Mar18.reaxc.hns.g++.1
2023-05-18T20:05:17.586394909Z data.hns-equil	in.reaxc.hns	 log.8Mar18.reaxc.hns.g++.4
2023-05-18T20:05:17.586401156Z End of file listing, if you see nothing above there are no files.
2023-05-18T20:05:17.588269894Z flux R encode --hosts=flux-sample-[0-3]
2023-05-18T20:05:17.605738691Z
2023-05-18T20:05:17.605760697Z ðŸ“¦ Resources
2023-05-18T20:05:17.607177682Z {"version": 1, "execution": {"R_lite": [{"rank": "0-3", "children": {"core": "0"}}], "starttime": 0.0, "expiration": 0.0, "nodelist": ["flux-sample-[0-3]"]}}
2023-05-18T20:05:17.607572947Z
2023-05-18T20:05:17.607604304Z ðŸ¸ Diagnostics: false
2023-05-18T20:05:17.607908623Z ðŸš©ï¸ Flux Option Flags defined
2023-05-18T20:05:17.617487697Z
2023-05-18T20:05:17.617511049Z ðŸ¦Š Independent Minister of Privilege
2023-05-18T20:05:17.618795752Z [exec]
2023-05-18T20:05:17.618813019Z allowed-users = [ "flux", "root" ]
2023-05-18T20:05:17.618819586Z allowed-shells = [ "/usr/libexec/flux/flux-shell" ]
2023-05-18T20:05:17.619344415Z
2023-05-18T20:05:17.619360282Z ðŸ¸ Broker Configuration
2023-05-18T20:05:17.620398745Z # Flux needs to know the path to the IMP executable
2023-05-18T20:05:17.620415162Z [exec]
2023-05-18T20:05:17.620420827Z imp = "/usr/libexec/flux/flux-imp"
2023-05-18T20:05:17.620425749Z
2023-05-18T20:05:17.620430609Z [access]
2023-05-18T20:05:17.620435937Z allow-guest-user = true
2023-05-18T20:05:17.620463454Z allow-root-owner = true
2023-05-18T20:05:17.620470726Z
2023-05-18T20:05:17.620476120Z # Point to resource definition generated with flux-R(1).
2023-05-18T20:05:17.620481371Z [resource]
2023-05-18T20:05:17.620486826Z path = "/etc/flux/system/R"
2023-05-18T20:05:17.620491244Z
2023-05-18T20:05:17.620495905Z [bootstrap]
2023-05-18T20:05:17.620502753Z curve_cert = "/etc/curve/curve.cert"
2023-05-18T20:05:17.620508791Z default_port = 8050
2023-05-18T20:05:17.620513773Z default_bind = "tcp://eth0:%p"
2023-05-18T20:05:17.620519194Z default_connect = "tcp://%h.flux-service.flux-operator.svc.cluster.local:%p"
2023-05-18T20:05:17.620524371Z hosts = [
2023-05-18T20:05:17.620529018Z 	{ host="flux-sample-[0-3]"},
2023-05-18T20:05:17.620534067Z ]
2023-05-18T20:05:17.620538562Z
2023-05-18T20:05:17.620545410Z [archive]
2023-05-18T20:05:17.620550986Z dbpath = "/var/lib/flux/job-archive.sqlite"
2023-05-18T20:05:17.620555876Z period = "1m"
2023-05-18T20:05:17.706764044Z busytimeout = "50s"
2023-05-18T20:05:17.706793201Z ðŸ§Šï¸ State Directory:
2023-05-18T20:05:17.706799614Z total 0
2023-05-18T20:05:17.706804598Z
2023-05-18T20:05:17.709913683Z
2023-05-18T20:05:17.709943929Z ðŸ”’ï¸ Working directory permissions:
2023-05-18T20:05:17.709952562Z total 96
2023-05-18T20:05:17.709959303Z -rwxrwxrwx 1 flux root  2517 May 17 22:32 README.txt
2023-05-18T20:05:17.709964785Z -rwxrwxrwx 1 flux root 54692 May 17 22:32 data.hns-equil
2023-05-18T20:05:17.709969575Z -rwxrwxrwx 1 flux root 13576 May 17 22:32 ffield.reax.hns
2023-05-18T20:05:17.709974446Z -rwxrwxrwx 1 flux root   870 May 17 22:32 in.reaxc.hns
2023-05-18T20:05:17.709979873Z -rwxrwxrwx 1 flux root  4172 May 17 22:32 log.8Mar18.reaxc.hns.g++.1
2023-05-18T20:05:17.710163337Z -rwxrwxrwx 1 flux root  4168 May 17 22:32 log.8Mar18.reaxc.hns.g++.4
2023-05-18T20:05:17.710174591Z
2023-05-18T20:05:17.710179862Z
2023-05-18T20:05:17.710185079Z âœ¨ Curve certificate generated by helper pod
2023-05-18T20:05:17.712010620Z #   ****  Generated on 2023-04-26 22:54:42 by CZMQ  ****
2023-05-18T20:05:17.712032463Z #   ZeroMQ CURVE **Secret** Certificate
2023-05-18T20:05:17.712038947Z #   DO NOT PROVIDE THIS FILE TO OTHER USERS nor change its permissions.
2023-05-18T20:05:17.712044079Z
2023-05-18T20:05:17.712048903Z metadata
2023-05-18T20:05:17.712056323Z     name = "flux-cert-generator"
2023-05-18T20:05:17.712062041Z     keygen.hostname = "flux-sample-0"
2023-05-18T20:05:17.712066892Z curve
2023-05-18T20:05:17.712071936Z     public-key = "P00Nm9?1RNjpZ(v=^A{S]M}[m*H5Az>#cN-z{$1)"
2023-05-18T20:05:17.712076756Z     secret-key = "]J#2sEI{9THb)Q2H&ehW07esc<@Jp751U58.(4+l"
2023-05-18T20:05:17.714609352Z
2023-05-18T20:05:17.714631221Z ðŸŒ€  flux start --wrap=strace,-e,network,-tt -o --config /etc/flux/config -Scron.directory=/etc/flux/system/cron.d   -Stbon.fanout=256   -Srundir=/run/flux    -Sstatedir=/var/lib/flux   -Slocal-uri=local:///run/flux/local -Stbon.connect_timeout=3s  -Stbon.zmqdebug=1  -Slog-stderr-level=6    -Slog-stderr-mode=local
2023-05-18T20:05:17.755339931Z 20:05:17.755050 socket(AF_NETLINK, SOCK_RAW, NETLINK_ROUTE) = 8
2023-05-18T20:05:17.755477965Z 20:05:17.755169 bind(8, {sa_family=AF_NETLINK, nl_pid=0, nl_groups=00000000}, 12) = 0
2023-05-18T20:05:17.755491115Z 20:05:17.755254 getsockname(8, {sa_family=AF_NETLINK, nl_pid=70, nl_groups=00000000}, [12]) = 0
2023-05-18T20:05:17.755705821Z 20:05:17.755375 sendto(8, {{len=20, type=RTM_GETADDR, flags=NLM_F_REQUEST|NLM_F_DUMP, seq=1684440317, pid=0}, {ifa_family=AF_UNSPEC, ...}}, 20, 0, {sa_family=AF_NETLINK, nl_pid=0, nl_groups=00000000}, 12) = 20
2023-05-18T20:05:17.756127794Z 20:05:17.755669 recvmsg(8, {msg_name={sa_family=AF_NETLINK, nl_pid=0, nl_groups=00000000}, msg_namelen=12, msg_iov=[{iov_base=[{{len=76, type=RTM_NEWADDR, flags=NLM_F_MULTI, seq=1684440317, pid=70}, {ifa_family=AF_INET, ifa_prefixlen=8, ifa_flags=IFA_F_PERMANENT, ifa_scope=RT_SCOPE_HOST, ifa_index=if_nametoindex("lo")}, [{{nla_len=8, nla_type=IFA_ADDRESS}, 127.0.0.1}, {{nla_len=8, nla_type=IFA_LOCAL}, 127.0.0.1}, {{nla_len=7, nla_type=IFA_LABEL}, "lo"}, {{nla_len=8, nla_type=IFA_FLAGS}, IFA_F_PERMANENT}, {{nla_len=20, nla_type=IFA_CACHEINFO}, {ifa_prefered=4294967295, ifa_valid=4294967295, cstamp=2086307, tstamp=2086307}}]}, {{len=88, type=RTM_NEWADDR, flags=NLM_F_MULTI, seq=1684440317, pid=70}, {ifa_family=AF_INET, ifa_prefixlen=24, ifa_flags=IFA_F_PERMANENT, ifa_scope=RT_SCOPE_UNIVERSE, ifa_index=if_nametoindex("eth0")}, [{{nla_len=8, nla_type=IFA_ADDRESS}, 10.24.1.48}, {{nla_len=8, nla_type=IFA_LOCAL}, 10.24.1.48}, {{nla_len=8, nla_type=IFA_BROADCAST}, 10.24.1.255}, {{nla_len=9, nla_type=IFA_LABEL}, "eth0"}, {{nla_len=8, nla_type=IFA_FLAGS}, IFA_F_PERMANENT}, {{nla_len=20, nla_type=IFA_CACHEINFO}, {ifa_prefered=4294967295, ifa_valid=4294967295, cstamp=2086310, tstamp=2086310}}]}], iov_len=4096}], msg_iovlen=1, msg_controllen=0, msg_flags=0}, 0) = 164
2023-05-18T20:05:17.756223138Z 20:05:17.756032 recvmsg(8, {msg_name={sa_family=AF_NETLINK, nl_pid=0, nl_groups=00000000}, msg_namelen=12, msg_iov=[{iov_base={{len=20, type=NLMSG_DONE, flags=NLM_F_MULTI, seq=1684440317, pid=70}, 0}, iov_len=4096}], msg_iovlen=1, msg_controllen=0, msg_flags=0}, 0) = 20
2023-05-18T20:05:17.756980513Z 20:05:17.756824 socket(AF_UNIX, SOCK_STREAM|SOCK_CLOEXEC|SOCK_NONBLOCK, 0) = 8
2023-05-18T20:05:17.757082152Z 20:05:17.756925 connect(8, {sa_family=AF_UNIX, sun_path="/var/run/nscd/socket"}, 110) = -1 ENOENT (No such file or directory)
2023-05-18T20:05:17.757237769Z 20:05:17.757103 socket(AF_UNIX, SOCK_STREAM|SOCK_CLOEXEC|SOCK_NONBLOCK, 0) = 8
2023-05-18T20:05:17.757329255Z 20:05:17.757204 connect(8, {sa_family=AF_UNIX, sun_path="/var/run/nscd/socket"}, 110) = -1 ENOENT (No such file or directory)
2023-05-18T20:05:17.758596008Z 20:05:17.758328 socket(AF_INET, SOCK_DGRAM|SOCK_CLOEXEC|SOCK_NONBLOCK, IPPROTO_IP) = 8
2023-05-18T20:05:17.758614090Z 20:05:17.758410 connect(8, {sa_family=AF_INET, sin_port=htons(53), sin_addr=inet_addr("169.254.169.254")}, 16) = 0
2023-05-18T20:05:17.758834335Z 20:05:17.758548 sendto(8, "0\277\1\0\0\1\0\0\0\0\0\0\rflux-sample-0\fflux-"..., 76, MSG_NOSIGNAL, NULL, 0) = 76
2023-05-18T20:05:17.762599969Z 20:05:17.762364 recvfrom(8, "0\277\201\203\0\1\0\0\0\1\0\0\rflux-sample-0\fflux-"..., 1024, 0, {sa_family=AF_INET, sin_port=htons(53), sin_addr=inet_addr("169.254.169.254")}, [28->16]) = 172
2023-05-18T20:05:17.762792655Z 20:05:17.762608 socket(AF_INET, SOCK_DGRAM|SOCK_CLOEXEC|SOCK_NONBLOCK, IPPROTO_IP) = 8
2023-05-18T20:05:17.762886358Z 20:05:17.762713 connect(8, {sa_family=AF_INET, sin_port=htons(53), sin_addr=inet_addr("169.254.169.254")}, 16) = 0
2023-05-18T20:05:17.763137519Z 20:05:17.762875 sendto(8, "I\307\1\0\0\1\0\0\0\0\0\0\rflux-sample-0\fflux-"..., 108, MSG_NOSIGNAL, NULL, 0) = 108
2023-05-18T20:05:17.765819258Z 20:05:17.765527 recvfrom(8, "I\307\201\203\0\1\0\0\0\1\0\0\rflux-sample-0\fflux-"..., 1024, 0, {sa_family=AF_INET, sin_port=htons(53), sin_addr=inet_addr("169.254.169.254")}, [28->16]) = 204
2023-05-18T20:05:17.766143271Z 20:05:17.765827 socket(AF_INET, SOCK_DGRAM|SOCK_CLOEXEC|SOCK_NONBLOCK, IPPROTO_IP) = 8
2023-05-18T20:05:17.766158297Z 20:05:17.765934 connect(8, {sa_family=AF_INET, sin_port=htons(53), sin_addr=inet_addr("169.254.169.254")}, 16) = 0
2023-05-18T20:05:17.766294743Z 20:05:17.766042 sendto(8, "\23\372\1\0\0\1\0\0\0\0\0\0\rflux-sample-0\fflux-"..., 94, MSG_NOSIGNAL, NULL, 0) = 94
2023-05-18T20:05:17.769851075Z 20:05:17.769558 recvfrom(8, "\23\372\201\203\0\1\0\0\0\1\0\0\rflux-sample-0\fflux-"..., 1024, 0, {sa_family=AF_INET, sin_port=htons(53), sin_addr=inet_addr("169.254.169.254")}, [28->16]) = 190
2023-05-18T20:05:17.770131058Z 20:05:17.769874 socket(AF_INET, SOCK_DGRAM|SOCK_CLOEXEC|SOCK_NONBLOCK, IPPROTO_IP) = 8
2023-05-18T20:05:17.770245136Z 20:05:17.770093 connect(8, {sa_family=AF_INET, sin_port=htons(53), sin_addr=inet_addr("169.254.169.254")}, 16) = 0
2023-05-18T20:05:17.770495803Z 20:05:17.770288 sendto(8, "\254\336\1\0\0\1\0\0\0\0\0\0\rflux-sample-0\fflux-"..., 90, MSG_NOSIGNAL, NULL, 0) = 90
2023-05-18T20:05:17.773698365Z 20:05:17.773494 recvfrom(8, "\254\336\201\203\0\1\0\0\0\1\0\0\rflux-sample-0\fflux-"..., 1024, 0, {sa_family=AF_INET, sin_port=htons(53), sin_addr=inet_addr("169.254.169.254")}, [28->16]) = 186
2023-05-18T20:05:17.773844506Z 20:05:17.773721 socket(AF_INET, SOCK_DGRAM|SOCK_CLOEXEC|SOCK_NONBLOCK, IPPROTO_IP) = 8
2023-05-18T20:05:17.773941200Z 20:05:17.773811 connect(8, {sa_family=AF_INET, sin_port=htons(53), sin_addr=inet_addr("169.254.169.254")}, 16) = 0
2023-05-18T20:05:17.774118470Z 20:05:17.773920 sendto(8, "9\334\1\0\0\1\0\0\0\0\0\0\rflux-sample-0\fflux-"..., 111, MSG_NOSIGNAL, NULL, 0) = 111
2023-05-18T20:05:17.779086390Z 20:05:17.778789 recvfrom(8, "9\334\201\203\0\1\0\0\0\1\0\0\rflux-sample-0\fflux-"..., 1024, 0, {sa_family=AF_INET, sin_port=htons(53), sin_addr=inet_addr("169.254.169.254")}, [28->16]) = 205
2023-05-18T20:05:17.779198331Z 20:05:17.778990 socket(AF_INET, SOCK_DGRAM|SOCK_CLOEXEC|SOCK_NONBLOCK, IPPROTO_IP) = 8
2023-05-18T20:05:17.779218864Z 20:05:17.779074 connect(8, {sa_family=AF_INET, sin_port=htons(53), sin_addr=inet_addr("169.254.169.254")}, 16) = 0
2023-05-18T20:05:17.779492446Z 20:05:17.779232 sendto(8, "\357\302\1\0\0\1\0\0\0\0\0\0\rflux-sample-0\fflux-"..., 97, MSG_NOSIGNAL, NULL, 0) = 97
2023-05-18T20:05:17.786096737Z 20:05:17.785881 recvfrom(8, "\357\302\201\203\0\1\0\0\0\1\0\0\rflux-sample-0\fflux-"..., 1024, 0, {sa_family=AF_INET, sin_port=htons(53), sin_addr=inet_addr("169.254.169.254")}, [28->16]) = 186
2023-05-18T20:05:17.786265324Z 20:05:17.786057 socket(AF_INET, SOCK_DGRAM|SOCK_CLOEXEC|SOCK_NONBLOCK, IPPROTO_IP) = 8
2023-05-18T20:05:17.786340103Z 20:05:17.786120 connect(8, {sa_family=AF_INET, sin_port=htons(53), sin_addr=inet_addr("169.254.169.254")}, 16) = 0
2023-05-18T20:05:17.786458936Z 20:05:17.786217 sendto(8, "\234\274\1\0\0\1\0\0\0\0\0\0\rflux-sample-0\fflux-"..., 92, MSG_NOSIGNAL, NULL, 0) = 92
2023-05-18T20:05:17.792745855Z 20:05:17.792469 recvfrom(8, "\234\274\201\203\0\1\0\0\0\1\0\0\rflux-sample-0\fflux-"..., 1024, 0, {sa_family=AF_INET, sin_port=htons(53), sin_addr=inet_addr("169.254.169.254")}, [28->16]) = 181
2023-05-18T20:05:17.792891592Z broker.err[3]: Warning: unable to resolve upstream peer flux-sample-0.flux-service.flux-operator.svc.cluster.local: Name or service not known
2023-05-18T20:05:17.798942041Z broker.info[3]: start: none->join 2.34793ms
2023-05-18T20:05:18.617723937Z broker.info[3]: parent-ready: join->init 0.818404s
2023-05-18T20:05:18.618084906Z 20:05:18.617767 socketpair(AF_UNIX, SOCK_STREAM|SOCK_CLOEXEC, 0, [22, 23]) = 0
2023-05-18T20:05:18.618217555Z 20:05:18.617958 socketpair(AF_UNIX, SOCK_STREAM, 0, [24, 25]) = 0
2023-05-18T20:05:18.618434007Z 20:05:18.618219 socketpair(AF_UNIX, SOCK_STREAM, 0, [26, 27]) = 0
2023-05-18T20:05:18.618698259Z 20:05:18.618473 socketpair(AF_UNIX, SOCK_STREAM, 0, [28, 29]) = 0
2023-05-18T20:05:18.643233629Z broker.info[3]: configuration updated
2023-05-18T20:05:18.768783411Z broker.info[3]: rc1.0: running /etc/flux/rc1.d/01-sched-fluxion
2023-05-18T20:05:18.781845487Z broker.info[3]: rc1.0: running /etc/flux/rc1.d/02-cron
2023-05-18T20:05:18.813467770Z broker.info[3]: rc1.0: /etc/flux/rc1 Exited (rc=0) 0.2s
2023-05-18T20:05:18.814938278Z broker.info[3]: rc1-success: init->quorum 0.196815s
2023-05-18T20:05:18.970003247Z broker.info[3]: quorum-full: quorum->run 0.154767s
2023-05-18T20:05:19.609309870Z 20:05:19.608998 socketpair(AF_UNIX, SOCK_STREAM|SOCK_CLOEXEC, 0, [22, 23]) = 0
2023-05-18T20:05:19.609863065Z 20:05:19.609177 socketpair(AF_UNIX, SOCK_STREAM, 0, [24, 25]) = 0
2023-05-18T20:05:19.610218025Z 20:05:19.609517 socketpair(AF_UNIX, SOCK_STREAM, 0, [26, 28]) = 0
2023-05-18T20:05:19.610488639Z 20:05:19.609787 socketpair(AF_UNIX, SOCK_STREAM, 0, [58, 59]) = 0
2023-05-18T20:05:30.353225772Z broker.info[3]: shutdown: run->cleanup 11.383s
2023-05-18T20:05:30.355094698Z broker.info[3]: cleanup-none: cleanup->shutdown 1.0681ms
2023-05-18T20:05:30.356772576Z broker.info[3]: children-none: shutdown->finalize 0.986416ms
2023-05-18T20:05:30.357480438Z 20:05:30.357182 socketpair(AF_UNIX, SOCK_STREAM|SOCK_CLOEXEC, 0, [22, 23]) = 0
2023-05-18T20:05:30.357817446Z 20:05:30.357582 socketpair(AF_UNIX, SOCK_STREAM, 0, [24, 25]) = 0
2023-05-18T20:05:30.358261084Z 20:05:30.358037 socketpair(AF_UNIX, SOCK_STREAM, 0, [26, 28]) = 0
2023-05-18T20:05:30.358656213Z 20:05:30.358476 socketpair(AF_UNIX, SOCK_STREAM, 0, [58, 59]) = 0
2023-05-18T20:05:30.376420980Z broker.info[3]: rc3.0: running /etc/flux/rc3.d/01-sched-fluxion
2023-05-18T20:05:30.508939738Z broker.info[3]: rc3.0: /etc/flux/rc3 Exited (rc=0) 0.1s
2023-05-18T20:05:30.510210509Z broker.info[3]: rc3-success: finalize->goodbye 0.152871s
2023-05-18T20:05:30.511830070Z broker.info[3]: goodbye: goodbye->exit 0.980594ms
2023-05-18T20:05:30.520015041Z 20:05:30.519823 +++ exited with 0 +++
2023-05-18T20:05:30.521201303Z Return value for follower worker is 0
2023-05-18T20:05:30.521229895Z The follower worker exited cleanly. Goodbye!
