2023-05-18T19:14:11.700236510Z
2023-05-18T19:14:11.700451715Z Flux username: flux
2023-05-18T19:14:11.700461474Z
2023-05-18T19:14:11.700466570Z Flux install root: /usr
2023-05-18T19:14:11.749609904Z flux user is already added.
2023-05-18T19:14:11.753159890Z flux user identifiers:
2023-05-18T19:14:11.753183783Z uid=1234(flux) gid=1234(flux) groups=1234(flux)
2023-05-18T19:14:11.753763691Z
2023-05-18T19:14:11.753785802Z As Flux prefix for flux commands: sudo -u flux -E PYTHONPATH=/opt/conda/lib/python3.10/site-packages -E PATH=/opt/conda/bin:/usr/local/sbin:/usr/local/bin:/usr/sbin:/usr/bin:/sbin:/bin -E LD_LIBRARY_PATH=/opt/conda/lib -E HOME=/home/flux
2023-05-18T19:14:11.762156150Z
2023-05-18T19:14:11.762183958Z ðŸ‘‹ Hello, I'm flux-sample-2
2023-05-18T19:14:11.762191898Z The main host is flux-sample-0
2023-05-18T19:14:11.762198467Z The working directory is /home/flux/examples/reaxff/HNS, contents include:
2023-05-18T19:14:11.763505928Z /home/flux/examples/reaxff/HNS:
2023-05-18T19:14:11.763523812Z README.txt	ffield.reax.hns  log.8Mar18.reaxc.hns.g++.1
2023-05-18T19:14:11.763529297Z data.hns-equil	in.reaxc.hns	 log.8Mar18.reaxc.hns.g++.4
2023-05-18T19:14:11.764056389Z End of file listing, if you see nothing above there are no files.
2023-05-18T19:14:11.766294214Z flux R encode --hosts=flux-sample-[0-3]
2023-05-18T19:14:11.780142949Z
2023-05-18T19:14:11.780176976Z ðŸ“¦ Resources
2023-05-18T19:14:11.781773395Z {"version": 1, "execution": {"R_lite": [{"rank": "0-3", "children": {"core": "0"}}], "starttime": 0.0, "expiration": 0.0, "nodelist": ["flux-sample-[0-3]"]}}
2023-05-18T19:14:11.782130165Z
2023-05-18T19:14:11.782150080Z ðŸ¸ Diagnostics: false
2023-05-18T19:14:11.782464498Z ðŸš©ï¸ Flux Option Flags defined
2023-05-18T19:14:11.787469351Z
2023-05-18T19:14:11.787494883Z ðŸ¦Š Independent Minister of Privilege
2023-05-18T19:14:11.788958079Z [exec]
2023-05-18T19:14:11.788975804Z allowed-users = [ "flux", "root" ]
2023-05-18T19:14:11.788981857Z allowed-shells = [ "/usr/libexec/flux/flux-shell" ]
2023-05-18T19:14:11.789244802Z
2023-05-18T19:14:11.789263362Z ðŸ¸ Broker Configuration
2023-05-18T19:14:11.790582907Z # Flux needs to know the path to the IMP executable
2023-05-18T19:14:11.790598877Z [exec]
2023-05-18T19:14:11.790604611Z imp = "/usr/libexec/flux/flux-imp"
2023-05-18T19:14:11.790611469Z
2023-05-18T19:14:11.790617951Z [access]
2023-05-18T19:14:11.790623844Z allow-guest-user = true
2023-05-18T19:14:11.790639179Z allow-root-owner = true
2023-05-18T19:14:11.790644256Z
2023-05-18T19:14:11.790649518Z # Point to resource definition generated with flux-R(1).
2023-05-18T19:14:11.790654458Z [resource]
2023-05-18T19:14:11.790662337Z path = "/etc/flux/system/R"
2023-05-18T19:14:11.790668503Z
2023-05-18T19:14:11.790674104Z [bootstrap]
2023-05-18T19:14:11.790679130Z curve_cert = "/etc/curve/curve.cert"
2023-05-18T19:14:11.790683953Z default_port = 8050
2023-05-18T19:14:11.790688718Z default_bind = "tcp://eth0:%p"
2023-05-18T19:14:11.790694140Z default_connect = "tcp://%h.flux-service.flux-operator.svc.cluster.local:%p"
2023-05-18T19:14:11.790698920Z hosts = [
2023-05-18T19:14:11.790706026Z 	{ host="flux-sample-[0-3]"},
2023-05-18T19:14:11.790711647Z ]
2023-05-18T19:14:11.790716133Z
2023-05-18T19:14:11.790720832Z [archive]
2023-05-18T19:14:11.790725743Z dbpath = "/var/lib/flux/job-archive.sqlite"
2023-05-18T19:14:11.790730304Z period = "1m"
2023-05-18T19:14:11.873458418Z busytimeout = "50s"
2023-05-18T19:14:11.873487311Z ðŸ§Šï¸ State Directory:
2023-05-18T19:14:11.873495598Z total 0
2023-05-18T19:14:11.873501867Z
2023-05-18T19:14:11.876494813Z
2023-05-18T19:14:11.876523103Z ðŸ”’ï¸ Working directory permissions:
2023-05-18T19:14:11.876528952Z total 96
2023-05-18T19:14:11.876534783Z -rwxrwxrwx 1 flux root  2517 May 17 22:32 README.txt
2023-05-18T19:14:11.876581836Z -rwxrwxrwx 1 flux root 54692 May 17 22:32 data.hns-equil
2023-05-18T19:14:11.876588389Z -rwxrwxrwx 1 flux root 13576 May 17 22:32 ffield.reax.hns
2023-05-18T19:14:11.876595778Z -rwxrwxrwx 1 flux root   870 May 17 22:32 in.reaxc.hns
2023-05-18T19:14:11.876617455Z -rwxrwxrwx 1 flux root  4172 May 17 22:32 log.8Mar18.reaxc.hns.g++.1
2023-05-18T19:14:11.876623155Z -rwxrwxrwx 1 flux root  4168 May 17 22:32 log.8Mar18.reaxc.hns.g++.4
2023-05-18T19:14:11.876656221Z
2023-05-18T19:14:11.876759281Z
2023-05-18T19:14:11.876769889Z âœ¨ Curve certificate generated by helper pod
2023-05-18T19:14:11.878275390Z #   ****  Generated on 2023-04-26 22:54:42 by CZMQ  ****
2023-05-18T19:14:11.878295023Z #   ZeroMQ CURVE **Secret** Certificate
2023-05-18T19:14:11.878302823Z #   DO NOT PROVIDE THIS FILE TO OTHER USERS nor change its permissions.
2023-05-18T19:14:11.878307923Z
2023-05-18T19:14:11.878312888Z metadata
2023-05-18T19:14:11.878318556Z     name = "flux-cert-generator"
2023-05-18T19:14:11.878323760Z     keygen.hostname = "flux-sample-0"
2023-05-18T19:14:11.878328888Z curve
2023-05-18T19:14:11.878333648Z     public-key = "U0M>cVgGsG]Kpf)L[h<BX4gA7KQIdGmEVj??0{Tz"
2023-05-18T19:14:11.878340887Z     secret-key = ">ZcnXL>Dx+Y}$o(4$/$N!M^jP0Pk#88zek2M@i%@"
2023-05-18T19:14:11.880636348Z
2023-05-18T19:14:11.880656835Z ðŸŒ€  flux start --wrap=strace,-e,network,-tt -o --config /etc/flux/config -Scron.directory=/etc/flux/system/cron.d   -Stbon.fanout=256   -Srundir=/run/flux    -Sstatedir=/var/lib/flux   -Slocal-uri=local:///run/flux/local -Stbon.connect_timeout=9s  -Stbon.zmqdebug=1  -Slog-stderr-level=6    -Slog-stderr-mode=local
2023-05-18T19:14:11.915836005Z 19:14:11.915571 socket(AF_NETLINK, SOCK_RAW, NETLINK_ROUTE) = 8
2023-05-18T19:14:11.916063805Z 19:14:11.915834 bind(8, {sa_family=AF_NETLINK, nl_pid=0, nl_groups=00000000}, 12) = 0
2023-05-18T19:14:11.916353629Z 19:14:11.916082 getsockname(8, {sa_family=AF_NETLINK, nl_pid=70, nl_groups=00000000}, [12]) = 0
2023-05-18T19:14:11.916884365Z 19:14:11.916373 sendto(8, {{len=20, type=RTM_GETADDR, flags=NLM_F_REQUEST|NLM_F_DUMP, seq=1684437251, pid=0}, {ifa_family=AF_UNSPEC, ...}}, 20, 0, {sa_family=AF_NETLINK, nl_pid=0, nl_groups=00000000}, 12) = 20
2023-05-18T19:14:11.917358883Z 19:14:11.916800 recvmsg(8, {msg_name={sa_family=AF_NETLINK, nl_pid=0, nl_groups=00000000}, msg_namelen=12, msg_iov=[{iov_base=[{{len=76, type=RTM_NEWADDR, flags=NLM_F_MULTI, seq=1684437251, pid=70}, {ifa_family=AF_INET, ifa_prefixlen=8, ifa_flags=IFA_F_PERMANENT, ifa_scope=RT_SCOPE_HOST, ifa_index=if_nametoindex("lo")}, [{{nla_len=8, nla_type=IFA_ADDRESS}, 127.0.0.1}, {{nla_len=8, nla_type=IFA_LOCAL}, 127.0.0.1}, {{nla_len=7, nla_type=IFA_LABEL}, "lo"}, {{nla_len=8, nla_type=IFA_FLAGS}, IFA_F_PERMANENT}, {{nla_len=20, nla_type=IFA_CACHEINFO}, {ifa_prefered=4294967295, ifa_valid=4294967295, cstamp=1779560, tstamp=1779560}}]}, {{len=88, type=RTM_NEWADDR, flags=NLM_F_MULTI, seq=1684437251, pid=70}, {ifa_family=AF_INET, ifa_prefixlen=24, ifa_flags=IFA_F_PERMANENT, ifa_scope=RT_SCOPE_UNIVERSE, ifa_index=if_nametoindex("eth0")}, [{{nla_len=8, nla_type=IFA_ADDRESS}, 10.24.2.172}, {{nla_len=8, nla_type=IFA_LOCAL}, 10.24.2.172}, {{nla_len=8, nla_type=IFA_BROADCAST}, 10.24.2.255}, {{nla_len=9, nla_type=IFA_LABEL}, "eth0"}, {{nla_len=8, nla_type=IFA_FLAGS}, IFA_F_PERMANENT}, {{nla_len=20, nla_type=IFA_CACHEINFO}, {ifa_prefered=4294967295, ifa_valid=4294967295, cstamp=1779562, tstamp=1779562}}]}], iov_len=4096}], msg_iovlen=1, msg_controllen=0, msg_flags=0}, 0) = 164
2023-05-18T19:14:11.917588790Z 19:14:11.917325 recvmsg(8, {msg_name={sa_family=AF_NETLINK, nl_pid=0, nl_groups=00000000}, msg_namelen=12, msg_iov=[{iov_base={{len=20, type=NLMSG_DONE, flags=NLM_F_MULTI, seq=1684437251, pid=70}, 0}, iov_len=4096}], msg_iovlen=1, msg_controllen=0, msg_flags=0}, 0) = 20
2023-05-18T19:14:11.918409077Z 19:14:11.918221 socket(AF_UNIX, SOCK_STREAM|SOCK_CLOEXEC|SOCK_NONBLOCK, 0) = 8
2023-05-18T19:14:11.918611012Z 19:14:11.918391 connect(8, {sa_family=AF_UNIX, sun_path="/var/run/nscd/socket"}, 110) = -1 ENOENT (No such file or directory)
2023-05-18T19:14:11.918833304Z 19:14:11.918662 socket(AF_UNIX, SOCK_STREAM|SOCK_CLOEXEC|SOCK_NONBLOCK, 0) = 8
2023-05-18T19:14:11.919028185Z 19:14:11.918814 connect(8, {sa_family=AF_UNIX, sun_path="/var/run/nscd/socket"}, 110) = -1 ENOENT (No such file or directory)
2023-05-18T19:14:11.920628353Z 19:14:11.920463 socket(AF_INET, SOCK_DGRAM|SOCK_CLOEXEC|SOCK_NONBLOCK, IPPROTO_IP) = 8
2023-05-18T19:14:11.921746699Z 19:14:11.920577 connect(8, {sa_family=AF_INET, sin_port=htons(53), sin_addr=inet_addr("169.254.169.254")}, 16) = 0
2023-05-18T19:14:11.921770283Z 19:14:11.920824 sendto(8, "^'\1\0\0\1\0\0\0\0\0\0\rflux-sample-0\fflux-"..., 76, MSG_NOSIGNAL, NULL, 0) = 76
2023-05-18T19:14:11.925467325Z 19:14:11.924686 recvfrom(8, "^'\201\200\0\1\0\1\0\0\0\0\rflux-sample-0\fflux-"..., 1024, 0, {sa_family=AF_INET, sin_port=htons(53), sin_addr=inet_addr("169.254.169.254")}, [28->16]) = 92
2023-05-18T19:14:11.931292568Z broker.info[2]: start: none->join 1.82065ms
2023-05-18T19:14:21.116682160Z broker.info[2]: parent-ready: join->init 9.18501s
2023-05-18T19:14:21.117343579Z 19:14:21.116787 socketpair(AF_UNIX, SOCK_STREAM|SOCK_CLOEXEC, 0, [22, 23]) = 0
2023-05-18T19:14:21.117471581Z 19:14:21.117213 socketpair(AF_UNIX, SOCK_STREAM, 0, [24, 25]) = 0
2023-05-18T19:14:21.117644341Z 19:14:21.117465 socketpair(AF_UNIX, SOCK_STREAM, 0, [26, 27]) = 0
2023-05-18T19:14:21.118150842Z 19:14:21.117807 socketpair(AF_UNIX, SOCK_STREAM, 0, [28, 29]) = 0
2023-05-18T19:14:21.144391103Z broker.info[2]: configuration updated
2023-05-18T19:14:21.275431811Z broker.info[2]: rc1.0: running /etc/flux/rc1.d/01-sched-fluxion
2023-05-18T19:14:21.287548031Z broker.info[2]: rc1.0: running /etc/flux/rc1.d/02-cron
2023-05-18T19:14:21.323125504Z broker.info[2]: rc1.0: /etc/flux/rc1 Exited (rc=0) 0.2s
2023-05-18T19:14:21.323933114Z broker.info[2]: rc1-success: init->quorum 0.206955s
2023-05-18T19:14:21.540282349Z broker.info[2]: quorum-full: quorum->run 0.215501s
2023-05-18T19:14:35.585435922Z broker.info[2]: shutdown: run->cleanup 14.0453s
2023-05-18T19:14:35.586874861Z broker.info[2]: cleanup-none: cleanup->shutdown 1.03378ms
2023-05-18T19:14:35.588339061Z broker.info[2]: children-none: shutdown->finalize 1.06491ms
2023-05-18T19:14:35.589080547Z 19:14:35.588647 socketpair(AF_UNIX, SOCK_STREAM|SOCK_CLOEXEC, 0, [22, 23]) = 0
2023-05-18T19:14:35.589330423Z 19:14:35.588854 socketpair(AF_UNIX, SOCK_STREAM, 0, [24, 25]) = 0
2023-05-18T19:14:35.589677658Z 19:14:35.589318 socketpair(AF_UNIX, SOCK_STREAM, 0, [26, 28]) = 0
2023-05-18T19:14:35.590124538Z 19:14:35.589754 socketpair(AF_UNIX, SOCK_STREAM, 0, [58, 59]) = 0
2023-05-18T19:14:35.608372798Z broker.info[2]: rc3.0: running /etc/flux/rc3.d/01-sched-fluxion
2023-05-18T19:14:35.739872591Z broker.info[2]: rc3.0: /etc/flux/rc3 Exited (rc=0) 0.1s
2023-05-18T19:14:35.740668435Z broker.info[2]: rc3-success: finalize->goodbye 0.151846s
2023-05-18T19:14:35.741812396Z broker.info[2]: goodbye: goodbye->exit 0.885807ms
2023-05-18T19:14:35.749287433Z 19:14:35.749072 +++ exited with 0 +++
2023-05-18T19:14:35.750728551Z Return value for follower worker is 0
2023-05-18T19:14:35.750847933Z The follower worker exited cleanly. Goodbye!
