2023-05-18T18:19:22.576195880Z
2023-05-18T18:19:22.576237723Z Flux username: flux
2023-05-18T18:19:22.576243943Z
2023-05-18T18:19:22.576249179Z Flux install root: /usr
2023-05-18T18:19:22.623824601Z flux user is already added.
2023-05-18T18:19:22.626398911Z flux user identifiers:
2023-05-18T18:19:22.626419801Z uid=1234(flux) gid=1234(flux) groups=1234(flux)
2023-05-18T18:19:22.627199029Z
2023-05-18T18:19:22.627221014Z As Flux prefix for flux commands: sudo -u flux -E PYTHONPATH=/opt/conda/lib/python3.10/site-packages -E PATH=/opt/conda/bin:/usr/local/sbin:/usr/local/bin:/usr/sbin:/usr/bin:/sbin:/bin -E LD_LIBRARY_PATH=/opt/conda/lib -E HOME=/home/flux
2023-05-18T18:19:22.634852474Z
2023-05-18T18:19:22.634871485Z ðŸ‘‹ Hello, I'm flux-sample-3
2023-05-18T18:19:22.635013553Z The main host is flux-sample-0
2023-05-18T18:19:22.635118464Z The working directory is /home/flux/examples/reaxff/HNS, contents include:
2023-05-18T18:19:22.636848467Z /home/flux/examples/reaxff/HNS:
2023-05-18T18:19:22.636948135Z README.txt	ffield.reax.hns  log.8Mar18.reaxc.hns.g++.1
2023-05-18T18:19:22.636958374Z data.hns-equil	in.reaxc.hns	 log.8Mar18.reaxc.hns.g++.4
2023-05-18T18:19:22.637202239Z End of file listing, if you see nothing above there are no files.
2023-05-18T18:19:22.639078224Z flux R encode --hosts=flux-sample-[0-3]
2023-05-18T18:19:22.659866612Z
2023-05-18T18:19:22.659886011Z ðŸ“¦ Resources
2023-05-18T18:19:22.661323937Z {"version": 1, "execution": {"R_lite": [{"rank": "0-3", "children": {"core": "0"}}], "starttime": 0.0, "expiration": 0.0, "nodelist": ["flux-sample-[0-3]"]}}
2023-05-18T18:19:22.662005325Z
2023-05-18T18:19:22.662021775Z ðŸ¸ Diagnostics: false
2023-05-18T18:19:22.662027740Z ðŸš©ï¸ Flux Option Flags defined
2023-05-18T18:19:22.666592872Z
2023-05-18T18:19:22.666612316Z ðŸ¦Š Independent Minister of Privilege
2023-05-18T18:19:22.668425079Z [exec]
2023-05-18T18:19:22.668441821Z allowed-users = [ "flux", "root" ]
2023-05-18T18:19:22.668447924Z allowed-shells = [ "/usr/libexec/flux/flux-shell" ]
2023-05-18T18:19:22.668526394Z
2023-05-18T18:19:22.668535985Z ðŸ¸ Broker Configuration
2023-05-18T18:19:22.669719880Z # Flux needs to know the path to the IMP executable
2023-05-18T18:19:22.669735665Z [exec]
2023-05-18T18:19:22.669743541Z imp = "/usr/libexec/flux/flux-imp"
2023-05-18T18:19:22.669749299Z
2023-05-18T18:19:22.669754124Z [access]
2023-05-18T18:19:22.669759143Z allow-guest-user = true
2023-05-18T18:19:22.669766619Z allow-root-owner = true
2023-05-18T18:19:22.669770893Z
2023-05-18T18:19:22.669776032Z # Point to resource definition generated with flux-R(1).
2023-05-18T18:19:22.669790781Z [resource]
2023-05-18T18:19:22.669798644Z path = "/etc/flux/system/R"
2023-05-18T18:19:22.669804516Z
2023-05-18T18:19:22.669809179Z [bootstrap]
2023-05-18T18:19:22.669813878Z curve_cert = "/etc/curve/curve.cert"
2023-05-18T18:19:22.669818594Z default_port = 8050
2023-05-18T18:19:22.669825004Z default_bind = "tcp://eth0:%p"
2023-05-18T18:19:22.669832998Z default_connect = "tcp://%h.flux-service.flux-operator.svc.cluster.local:%p"
2023-05-18T18:19:22.669837845Z hosts = [
2023-05-18T18:19:22.669844851Z 	{ host="flux-sample-[0-3]"},
2023-05-18T18:19:22.669850952Z ]
2023-05-18T18:19:22.669855863Z
2023-05-18T18:19:22.669860893Z [archive]
2023-05-18T18:19:22.669865995Z dbpath = "/var/lib/flux/job-archive.sqlite"
2023-05-18T18:19:22.669870661Z period = "1m"
2023-05-18T18:19:22.752322716Z busytimeout = "50s"
2023-05-18T18:19:22.752345097Z ðŸ§Šï¸ State Directory:
2023-05-18T18:19:22.752350952Z total 0
2023-05-18T18:19:22.752355658Z
2023-05-18T18:19:22.754965598Z
2023-05-18T18:19:22.754988363Z ðŸ”’ï¸ Working directory permissions:
2023-05-18T18:19:22.754994386Z total 96
2023-05-18T18:19:22.755000132Z -rwxrwxrwx 1 flux root  2517 May 17 22:32 README.txt
2023-05-18T18:19:22.755005218Z -rwxrwxrwx 1 flux root 54692 May 17 22:32 data.hns-equil
2023-05-18T18:19:22.755010063Z -rwxrwxrwx 1 flux root 13576 May 17 22:32 ffield.reax.hns
2023-05-18T18:19:22.755017222Z -rwxrwxrwx 1 flux root   870 May 17 22:32 in.reaxc.hns
2023-05-18T18:19:22.755023874Z -rwxrwxrwx 1 flux root  4172 May 17 22:32 log.8Mar18.reaxc.hns.g++.1
2023-05-18T18:19:22.755029046Z -rwxrwxrwx 1 flux root  4168 May 17 22:32 log.8Mar18.reaxc.hns.g++.4
2023-05-18T18:19:22.755033754Z
2023-05-18T18:19:22.755113128Z
2023-05-18T18:19:22.755141526Z âœ¨ Curve certificate generated by helper pod
2023-05-18T18:19:22.756313469Z #   ****  Generated on 2023-04-26 22:54:42 by CZMQ  ****
2023-05-18T18:19:22.756329617Z #   ZeroMQ CURVE **Secret** Certificate
2023-05-18T18:19:22.756337851Z #   DO NOT PROVIDE THIS FILE TO OTHER USERS nor change its permissions.
2023-05-18T18:19:22.756344373Z
2023-05-18T18:19:22.756349753Z metadata
2023-05-18T18:19:22.756355778Z     name = "flux-cert-generator"
2023-05-18T18:19:22.756360227Z     keygen.hostname = "flux-sample-0"
2023-05-18T18:19:22.756364970Z curve
2023-05-18T18:19:22.756369945Z     public-key = "^7zVdarJF5cI6*VHP!!jsQs?D/=O6q=3nuU2y2$L"
2023-05-18T18:19:22.756374899Z     secret-key = "f@J?Xq)dL:YyS[H{:}=bFHy+gltiqtn%!EB^:c0j"
2023-05-18T18:19:22.758160566Z
2023-05-18T18:19:22.758181193Z ðŸŒ€  flux start --wrap=strace,-e,network,-tt -o --config /etc/flux/config -Scron.directory=/etc/flux/system/cron.d   -Stbon.fanout=256   -Srundir=/run/flux    -Sstatedir=/var/lib/flux   -Slocal-uri=local:///run/flux/local -Stbon.connect_timeout=2s  -Stbon.zmqdebug=1  -Slog-stderr-level=6    -Slog-stderr-mode=local
2023-05-18T18:19:22.794359803Z 18:19:22.794188 socket(AF_NETLINK, SOCK_RAW, NETLINK_ROUTE) = 8
2023-05-18T18:19:22.794604641Z 18:19:22.794356 bind(8, {sa_family=AF_NETLINK, nl_pid=0, nl_groups=00000000}, 12) = 0
2023-05-18T18:19:22.794617931Z 18:19:22.794480 getsockname(8, {sa_family=AF_NETLINK, nl_pid=70, nl_groups=00000000}, [12]) = 0
2023-05-18T18:19:22.794828789Z 18:19:22.794557 sendto(8, {{len=20, type=RTM_GETADDR, flags=NLM_F_REQUEST|NLM_F_DUMP, seq=1684433962, pid=0}, {ifa_family=AF_UNSPEC, ...}}, 20, 0, {sa_family=AF_NETLINK, nl_pid=0, nl_groups=00000000}, 12) = 20
2023-05-18T18:19:22.795146832Z 18:19:22.794785 recvmsg(8, {msg_name={sa_family=AF_NETLINK, nl_pid=0, nl_groups=00000000}, msg_namelen=12, msg_iov=[{iov_base=[{{len=76, type=RTM_NEWADDR, flags=NLM_F_MULTI, seq=1684433962, pid=70}, {ifa_family=AF_INET, ifa_prefixlen=8, ifa_flags=IFA_F_PERMANENT, ifa_scope=RT_SCOPE_HOST, ifa_index=if_nametoindex("lo")}, [{{nla_len=8, nla_type=IFA_ADDRESS}, 127.0.0.1}, {{nla_len=8, nla_type=IFA_LOCAL}, 127.0.0.1}, {{nla_len=7, nla_type=IFA_LABEL}, "lo"}, {{nla_len=8, nla_type=IFA_FLAGS}, IFA_F_PERMANENT}, {{nla_len=20, nla_type=IFA_CACHEINFO}, {ifa_prefered=4294967295, ifa_valid=4294967295, cstamp=1450620, tstamp=1450620}}]}, {{len=88, type=RTM_NEWADDR, flags=NLM_F_MULTI, seq=1684433962, pid=70}, {ifa_family=AF_INET, ifa_prefixlen=24, ifa_flags=IFA_F_PERMANENT, ifa_scope=RT_SCOPE_UNIVERSE, ifa_index=if_nametoindex("eth0")}, [{{nla_len=8, nla_type=IFA_ADDRESS}, 10.24.3.40}, {{nla_len=8, nla_type=IFA_LOCAL}, 10.24.3.40}, {{nla_len=8, nla_type=IFA_BROADCAST}, 10.24.3.255}, {{nla_len=9, nla_type=IFA_LABEL}, "eth0"}, {{nla_len=8, nla_type=IFA_FLAGS}, IFA_F_PERMANENT}, {{nla_len=20, nla_type=IFA_CACHEINFO}, {ifa_prefered=4294967295, ifa_valid=4294967295, cstamp=1450623, tstamp=1450623}}]}], iov_len=4096}], msg_iovlen=1, msg_controllen=0, msg_flags=0}, 0) = 164
2023-05-18T18:19:22.795247196Z 18:19:22.795090 recvmsg(8, {msg_name={sa_family=AF_NETLINK, nl_pid=0, nl_groups=00000000}, msg_namelen=12, msg_iov=[{iov_base={{len=20, type=NLMSG_DONE, flags=NLM_F_MULTI, seq=1684433962, pid=70}, 0}, iov_len=4096}], msg_iovlen=1, msg_controllen=0, msg_flags=0}, 0) = 20
2023-05-18T18:19:22.795716184Z 18:19:22.795589 socket(AF_UNIX, SOCK_STREAM|SOCK_CLOEXEC|SOCK_NONBLOCK, 0) = 8
2023-05-18T18:19:22.795976559Z 18:19:22.795663 connect(8, {sa_family=AF_UNIX, sun_path="/var/run/nscd/socket"}, 110) = -1 ENOENT (No such file or directory)
2023-05-18T18:19:22.795998818Z 18:19:22.795792 socket(AF_UNIX, SOCK_STREAM|SOCK_CLOEXEC|SOCK_NONBLOCK, 0) = 8
2023-05-18T18:19:22.796005190Z 18:19:22.795860 connect(8, {sa_family=AF_UNIX, sun_path="/var/run/nscd/socket"}, 110) = -1 ENOENT (No such file or directory)
2023-05-18T18:19:22.797165260Z 18:19:22.796934 socket(AF_INET, SOCK_DGRAM|SOCK_CLOEXEC|SOCK_NONBLOCK, IPPROTO_IP) = 8
2023-05-18T18:19:22.797181692Z 18:19:22.797012 connect(8, {sa_family=AF_INET, sin_port=htons(53), sin_addr=inet_addr("169.254.169.254")}, 16) = 0
2023-05-18T18:19:22.797500390Z 18:19:22.797157 sendto(8, "\230V\1\0\0\1\0\0\0\0\0\0\rflux-sample-0\fflux-"..., 76, MSG_NOSIGNAL, NULL, 0) = 76
2023-05-18T18:19:22.801296624Z 18:19:22.801112 recvfrom(8, "\230V\201\200\0\1\0\1\0\0\0\0\rflux-sample-0\fflux-"..., 1024, 0, {sa_family=AF_INET, sin_port=htons(53), sin_addr=inet_addr("169.254.169.254")}, [28->16]) = 92
2023-05-18T18:19:22.805242573Z broker.info[3]: start: none->join 1.59296ms
2023-05-18T18:19:25.013427737Z broker.info[3]: parent-ready: join->init 2.20602s
2023-05-18T18:19:25.013474330Z 18:19:25.011412 socketpair(AF_UNIX, SOCK_STREAM|SOCK_CLOEXEC, 0, [22, 23]) = 0
2023-05-18T18:19:25.013482812Z 18:19:25.011529 socketpair(AF_UNIX, SOCK_STREAM, 0, [24, 25]) = 0
2023-05-18T18:19:25.013488529Z 18:19:25.011721 socketpair(AF_UNIX, SOCK_STREAM, 0, [26, 27]) = 0
2023-05-18T18:19:25.013494027Z 18:19:25.011887 socketpair(AF_UNIX, SOCK_STREAM, 0, [28, 29]) = 0
2023-05-18T18:19:25.041099292Z broker.info[3]: configuration updated
2023-05-18T18:19:25.179918817Z broker.info[3]: rc1.0: running /etc/flux/rc1.d/01-sched-fluxion
2023-05-18T18:19:25.195425806Z broker.info[3]: rc1.0: running /etc/flux/rc1.d/02-cron
2023-05-18T18:19:25.227054249Z broker.info[3]: rc1.0: /etc/flux/rc1 Exited (rc=0) 0.2s
2023-05-18T18:19:25.227884101Z broker.info[3]: rc1-success: init->quorum 0.216319s
2023-05-18T18:19:25.411938420Z broker.info[3]: quorum-full: quorum->run 0.183684s
2023-05-18T18:19:26.071898321Z 18:19:26.071534 socketpair(AF_UNIX, SOCK_STREAM|SOCK_CLOEXEC, 0, [22, 23]) = 0
2023-05-18T18:19:26.072048399Z 18:19:26.071709 socketpair(AF_UNIX, SOCK_STREAM, 0, [24, 25]) = 0
2023-05-18T18:19:26.072086894Z 18:19:26.071909 socketpair(AF_UNIX, SOCK_STREAM, 0, [26, 28]) = 0
2023-05-18T18:19:26.072306753Z 18:19:26.072142 socketpair(AF_UNIX, SOCK_STREAM, 0, [58, 59]) = 0
2023-05-18T18:19:36.351805251Z broker.info[3]: shutdown: run->cleanup 10.9395s
2023-05-18T18:19:36.353644445Z broker.info[3]: cleanup-none: cleanup->shutdown 1.07225ms
2023-05-18T18:19:36.355233774Z broker.info[3]: children-none: shutdown->finalize 0.972462ms
2023-05-18T18:19:36.355760087Z 18:19:36.355414 socketpair(AF_UNIX, SOCK_STREAM|SOCK_CLOEXEC, 0, [22, 23]) = 0
2023-05-18T18:19:36.356100784Z 18:19:36.355793 socketpair(AF_UNIX, SOCK_STREAM, 0, [24, 25]) = 0
2023-05-18T18:19:36.356417867Z 18:19:36.356168 socketpair(AF_UNIX, SOCK_STREAM, 0, [26, 28]) = 0
2023-05-18T18:19:36.356648494Z 18:19:36.356421 socketpair(AF_UNIX, SOCK_STREAM, 0, [58, 59]) = 0
2023-05-18T18:19:36.373777746Z broker.info[3]: rc3.0: running /etc/flux/rc3.d/01-sched-fluxion
2023-05-18T18:19:36.486780027Z broker.info[3]: rc3.0: /etc/flux/rc3 Exited (rc=0) 0.1s
2023-05-18T18:19:36.488086059Z broker.info[3]: rc3-success: finalize->goodbye 0.132418s
2023-05-18T18:19:36.489656699Z broker.info[3]: goodbye: goodbye->exit 0.954599ms
2023-05-18T18:19:36.497231229Z 18:19:36.497066 +++ exited with 0 +++
2023-05-18T18:19:36.498503144Z Return value for follower worker is 0
2023-05-18T18:19:36.498527926Z The follower worker exited cleanly. Goodbye!
