2023-05-18T19:08:53.870300784Z
2023-05-18T19:08:53.870373183Z Flux username: flux
2023-05-18T19:08:53.870382127Z
2023-05-18T19:08:53.870388300Z Flux install root: /usr
2023-05-18T19:08:53.917842944Z flux user is already added.
2023-05-18T19:08:53.921245856Z flux user identifiers:
2023-05-18T19:08:53.921281554Z uid=1234(flux) gid=1234(flux) groups=1234(flux)
2023-05-18T19:08:53.921287606Z
2023-05-18T19:08:53.921293962Z As Flux prefix for flux commands: sudo -u flux -E PYTHONPATH=/opt/conda/lib/python3.10/site-packages -E PATH=/opt/conda/bin:/usr/local/sbin:/usr/local/bin:/usr/sbin:/usr/bin:/sbin:/bin -E LD_LIBRARY_PATH=/opt/conda/lib -E HOME=/home/flux
2023-05-18T19:08:53.930098957Z
2023-05-18T19:08:53.930135320Z ðŸ‘‹ Hello, I'm flux-sample-1
2023-05-18T19:08:53.930273514Z The main host is flux-sample-0
2023-05-18T19:08:53.930287981Z The working directory is /home/flux/examples/reaxff/HNS, contents include:
2023-05-18T19:08:53.932417807Z /home/flux/examples/reaxff/HNS:
2023-05-18T19:08:53.932637543Z README.txt	ffield.reax.hns  log.8Mar18.reaxc.hns.g++.1
2023-05-18T19:08:53.932652811Z data.hns-equil	in.reaxc.hns	 log.8Mar18.reaxc.hns.g++.4
2023-05-18T19:08:53.932848378Z End of file listing, if you see nothing above there are no files.
2023-05-18T19:08:53.935051286Z flux R encode --hosts=flux-sample-[0-3]
2023-05-18T19:08:53.950252543Z
2023-05-18T19:08:53.950284201Z ðŸ“¦ Resources
2023-05-18T19:08:53.952025932Z {"version": 1, "execution": {"R_lite": [{"rank": "0-3", "children": {"core": "0"}}], "starttime": 0.0, "expiration": 0.0, "nodelist": ["flux-sample-[0-3]"]}}
2023-05-18T19:08:53.952412151Z
2023-05-18T19:08:53.952429741Z ðŸ¸ Diagnostics: false
2023-05-18T19:08:53.952620991Z ðŸš©ï¸ Flux Option Flags defined
2023-05-18T19:08:53.957223922Z
2023-05-18T19:08:53.957244696Z ðŸ¦Š Independent Minister of Privilege
2023-05-18T19:08:53.958486478Z [exec]
2023-05-18T19:08:53.958502917Z allowed-users = [ "flux", "root" ]
2023-05-18T19:08:53.958511798Z allowed-shells = [ "/usr/libexec/flux/flux-shell" ]
2023-05-18T19:08:53.958732477Z
2023-05-18T19:08:53.958749772Z ðŸ¸ Broker Configuration
2023-05-18T19:08:53.959910061Z # Flux needs to know the path to the IMP executable
2023-05-18T19:08:53.959926366Z [exec]
2023-05-18T19:08:53.959932421Z imp = "/usr/libexec/flux/flux-imp"
2023-05-18T19:08:53.959936831Z
2023-05-18T19:08:53.959942004Z [access]
2023-05-18T19:08:53.959948361Z allow-guest-user = true
2023-05-18T19:08:53.959953443Z allow-root-owner = true
2023-05-18T19:08:53.959958025Z
2023-05-18T19:08:53.959965532Z # Point to resource definition generated with flux-R(1).
2023-05-18T19:08:53.959971855Z [resource]
2023-05-18T19:08:53.959978044Z path = "/etc/flux/system/R"
2023-05-18T19:08:53.959982599Z
2023-05-18T19:08:53.959987819Z [bootstrap]
2023-05-18T19:08:53.959997945Z curve_cert = "/etc/curve/curve.cert"
2023-05-18T19:08:53.960002698Z default_port = 8050
2023-05-18T19:08:53.960007415Z default_bind = "tcp://eth0:%p"
2023-05-18T19:08:53.960015289Z default_connect = "tcp://%h.flux-service.flux-operator.svc.cluster.local:%p"
2023-05-18T19:08:53.960021711Z hosts = [
2023-05-18T19:08:53.960026750Z 	{ host="flux-sample-[0-3]"},
2023-05-18T19:08:53.960031690Z ]
2023-05-18T19:08:53.960036146Z
2023-05-18T19:08:53.960040890Z [archive]
2023-05-18T19:08:53.960046023Z dbpath = "/var/lib/flux/job-archive.sqlite"
2023-05-18T19:08:53.960050762Z period = "1m"
2023-05-18T19:08:54.050755910Z busytimeout = "50s"
2023-05-18T19:08:54.050798609Z ðŸ§Šï¸ State Directory:
2023-05-18T19:08:54.050806753Z total 0
2023-05-18T19:08:54.050812471Z
2023-05-18T19:08:54.053856884Z
2023-05-18T19:08:54.053891593Z ðŸ”’ï¸ Working directory permissions:
2023-05-18T19:08:54.053898679Z total 96
2023-05-18T19:08:54.053905496Z -rwxrwxrwx 1 flux root  2517 May 17 22:32 README.txt
2023-05-18T19:08:54.053911070Z -rwxrwxrwx 1 flux root 54692 May 17 22:32 data.hns-equil
2023-05-18T19:08:54.053916572Z -rwxrwxrwx 1 flux root 13576 May 17 22:32 ffield.reax.hns
2023-05-18T19:08:54.053921551Z -rwxrwxrwx 1 flux root   870 May 17 22:32 in.reaxc.hns
2023-05-18T19:08:54.053931395Z -rwxrwxrwx 1 flux root  4172 May 17 22:32 log.8Mar18.reaxc.hns.g++.1
2023-05-18T19:08:54.053938109Z -rwxrwxrwx 1 flux root  4168 May 17 22:32 log.8Mar18.reaxc.hns.g++.4
2023-05-18T19:08:54.053943744Z
2023-05-18T19:08:54.053948703Z
2023-05-18T19:08:54.053954418Z âœ¨ Curve certificate generated by helper pod
2023-05-18T19:08:54.055280382Z #   ****  Generated on 2023-04-26 22:54:42 by CZMQ  ****
2023-05-18T19:08:54.055314552Z #   ZeroMQ CURVE **Secret** Certificate
2023-05-18T19:08:54.055325129Z #   DO NOT PROVIDE THIS FILE TO OTHER USERS nor change its permissions.
2023-05-18T19:08:54.055330930Z
2023-05-18T19:08:54.055336738Z metadata
2023-05-18T19:08:54.055342968Z     name = "flux-cert-generator"
2023-05-18T19:08:54.055348407Z     keygen.hostname = "flux-sample-0"
2023-05-18T19:08:54.055353839Z curve
2023-05-18T19:08:54.055362244Z     public-key = "O*}}Y69pOUm:J:GCPi-}FWc^)=*MA?>05-e[VW{4"
2023-05-18T19:08:54.055368716Z     secret-key = "[oRpiC/XHF[yRR!LoSZH[G&NLq=?#4?x9@r*7{Bv"
2023-05-18T19:08:54.057381974Z
2023-05-18T19:08:54.057421058Z ðŸŒ€  flux start --wrap=strace,-e,network,-tt -o --config /etc/flux/config -Scron.directory=/etc/flux/system/cron.d   -Stbon.fanout=256   -Srundir=/run/flux    -Sstatedir=/var/lib/flux   -Slocal-uri=local:///run/flux/local -Stbon.connect_timeout=8s  -Stbon.zmqdebug=1  -Slog-stderr-level=6    -Slog-stderr-mode=local
2023-05-18T19:08:54.096865577Z 19:08:54.096586 socket(AF_NETLINK, SOCK_RAW, NETLINK_ROUTE) = 8
2023-05-18T19:08:54.097099519Z 19:08:54.096863 bind(8, {sa_family=AF_NETLINK, nl_pid=0, nl_groups=00000000}, 12) = 0
2023-05-18T19:08:54.097345495Z 19:08:54.097129 getsockname(8, {sa_family=AF_NETLINK, nl_pid=70, nl_groups=00000000}, [12]) = 0
2023-05-18T19:08:54.097829042Z 19:08:54.097362 sendto(8, {{len=20, type=RTM_GETADDR, flags=NLM_F_REQUEST|NLM_F_DUMP, seq=1684436934, pid=0}, {ifa_family=AF_UNSPEC, ...}}, 20, 0, {sa_family=AF_NETLINK, nl_pid=0, nl_groups=00000000}, 12) = 20
2023-05-18T19:08:54.098381498Z 19:08:54.097827 recvmsg(8, {msg_name={sa_family=AF_NETLINK, nl_pid=0, nl_groups=00000000}, msg_namelen=12, msg_iov=[{iov_base=[{{len=76, type=RTM_NEWADDR, flags=NLM_F_MULTI, seq=1684436934, pid=70}, {ifa_family=AF_INET, ifa_prefixlen=8, ifa_flags=IFA_F_PERMANENT, ifa_scope=RT_SCOPE_HOST, ifa_index=if_nametoindex("lo")}, [{{nla_len=8, nla_type=IFA_ADDRESS}, 127.0.0.1}, {{nla_len=8, nla_type=IFA_LOCAL}, 127.0.0.1}, {{nla_len=7, nla_type=IFA_LABEL}, "lo"}, {{nla_len=8, nla_type=IFA_FLAGS}, IFA_F_PERMANENT}, {{nla_len=20, nla_type=IFA_CACHEINFO}, {ifa_prefered=4294967295, ifa_valid=4294967295, cstamp=1747960, tstamp=1747960}}]}, {{len=88, type=RTM_NEWADDR, flags=NLM_F_MULTI, seq=1684436934, pid=70}, {ifa_family=AF_INET, ifa_prefixlen=24, ifa_flags=IFA_F_PERMANENT, ifa_scope=RT_SCOPE_UNIVERSE, ifa_index=if_nametoindex("eth0")}, [{{nla_len=8, nla_type=IFA_ADDRESS}, 10.24.0.161}, {{nla_len=8, nla_type=IFA_LOCAL}, 10.24.0.161}, {{nla_len=8, nla_type=IFA_BROADCAST}, 10.24.0.255}, {{nla_len=9, nla_type=IFA_LABEL}, "eth0"}, {{nla_len=8, nla_type=IFA_FLAGS}, IFA_F_PERMANENT}, {{nla_len=20, nla_type=IFA_CACHEINFO}, {ifa_prefered=4294967295, ifa_valid=4294967295, cstamp=1747963, tstamp=1747963}}]}], iov_len=4096}], msg_iovlen=1, msg_controllen=0, msg_flags=0}, 0) = 164
2023-05-18T19:08:54.098572158Z 19:08:54.098330 recvmsg(8, {msg_name={sa_family=AF_NETLINK, nl_pid=0, nl_groups=00000000}, msg_namelen=12, msg_iov=[{iov_base={{len=20, type=NLMSG_DONE, flags=NLM_F_MULTI, seq=1684436934, pid=70}, 0}, iov_len=4096}], msg_iovlen=1, msg_controllen=0, msg_flags=0}, 0) = 20
2023-05-18T19:08:54.099224159Z 19:08:54.099065 socket(AF_UNIX, SOCK_STREAM|SOCK_CLOEXEC|SOCK_NONBLOCK, 0) = 8
2023-05-18T19:08:54.099384245Z 19:08:54.099189 connect(8, {sa_family=AF_UNIX, sun_path="/var/run/nscd/socket"}, 110) = -1 ENOENT (No such file or directory)
2023-05-18T19:08:54.099619240Z 19:08:54.099422 socket(AF_UNIX, SOCK_STREAM|SOCK_CLOEXEC|SOCK_NONBLOCK, 0) = 8
2023-05-18T19:08:54.099773570Z 19:08:54.099603 connect(8, {sa_family=AF_UNIX, sun_path="/var/run/nscd/socket"}, 110) = -1 ENOENT (No such file or directory)
2023-05-18T19:08:54.101250209Z 19:08:54.101088 socket(AF_INET, SOCK_DGRAM|SOCK_CLOEXEC|SOCK_NONBLOCK, IPPROTO_IP) = 8
2023-05-18T19:08:54.101420599Z 19:08:54.101222 connect(8, {sa_family=AF_INET, sin_port=htons(53), sin_addr=inet_addr("169.254.169.254")}, 16) = 0
2023-05-18T19:08:54.101851969Z 19:08:54.101468 sendto(8, "72\1\0\0\1\0\0\0\0\0\0\rflux-sample-0\fflux-"..., 76, MSG_NOSIGNAL, NULL, 0) = 76
2023-05-18T19:08:54.106036252Z 19:08:54.105810 recvfrom(8, "72\201\200\0\1\0\1\0\0\0\0\rflux-sample-0\fflux-"..., 1024, 0, {sa_family=AF_INET, sin_port=htons(53), sin_addr=inet_addr("169.254.169.254")}, [28->16]) = 92
2023-05-18T19:08:54.111302920Z broker.info[1]: start: none->join 2.12739ms
2023-05-18T19:09:02.247888966Z broker.info[1]: parent-ready: join->init 8.13617s
2023-05-18T19:09:02.248117446Z 19:09:02.247708 socketpair(AF_UNIX, SOCK_STREAM|SOCK_CLOEXEC, 0, [22, 23]) = 0
2023-05-18T19:09:02.248160528Z 19:09:02.247873 socketpair(AF_UNIX, SOCK_STREAM, 0, [24, 25]) = 0
2023-05-18T19:09:02.248305129Z 19:09:02.248079 socketpair(AF_UNIX, SOCK_STREAM, 0, [26, 27]) = 0
2023-05-18T19:09:02.248478724Z 19:09:02.248262 socketpair(AF_UNIX, SOCK_STREAM, 0, [28, 29]) = 0
2023-05-18T19:09:02.274762096Z broker.info[1]: configuration updated
2023-05-18T19:09:02.414086967Z broker.info[1]: rc1.0: running /etc/flux/rc1.d/01-sched-fluxion
2023-05-18T19:09:02.427094032Z broker.info[1]: rc1.0: running /etc/flux/rc1.d/02-cron
2023-05-18T19:09:02.452756448Z broker.info[1]: rc1.0: /etc/flux/rc1 Exited (rc=0) 0.2s
2023-05-18T19:09:02.453913464Z broker.info[1]: rc1-success: init->quorum 0.205929s
2023-05-18T19:09:02.671111936Z broker.info[1]: quorum-full: quorum->run 0.216961s
2023-05-18T19:09:16.625609346Z broker.info[1]: shutdown: run->cleanup 13.9539s
2023-05-18T19:09:16.627438331Z broker.info[1]: cleanup-none: cleanup->shutdown 1.34125ms
2023-05-18T19:09:16.628759677Z broker.info[1]: children-none: shutdown->finalize 1.02849ms
2023-05-18T19:09:16.629169579Z 19:09:16.628931 socketpair(AF_UNIX, SOCK_STREAM|SOCK_CLOEXEC, 0, [22, 23]) = 0
2023-05-18T19:09:16.629457549Z 19:09:16.629246 socketpair(AF_UNIX, SOCK_STREAM, 0, [24, 25]) = 0
2023-05-18T19:09:16.630051515Z 19:09:16.629848 socketpair(AF_UNIX, SOCK_STREAM, 0, [26, 28]) = 0
2023-05-18T19:09:16.630572282Z 19:09:16.630263 socketpair(AF_UNIX, SOCK_STREAM, 0, [58, 59]) = 0
2023-05-18T19:09:16.653092243Z broker.info[1]: rc3.0: running /etc/flux/rc3.d/01-sched-fluxion
2023-05-18T19:09:16.807612795Z broker.info[1]: rc3.0: /etc/flux/rc3 Exited (rc=0) 0.2s
2023-05-18T19:09:16.808315708Z broker.info[1]: rc3-success: finalize->goodbye 0.179171s
2023-05-18T19:09:16.809409481Z broker.info[1]: goodbye: goodbye->exit 0.860356ms
2023-05-18T19:09:16.816786421Z 19:09:16.816612 +++ exited with 0 +++
2023-05-18T19:09:16.818138209Z Return value for follower worker is 0
2023-05-18T19:09:16.818175848Z The follower worker exited cleanly. Goodbye!
