2023-05-18T19:36:46.138859783Z
2023-05-18T19:36:46.138956244Z Flux username: flux
2023-05-18T19:36:46.138962787Z
2023-05-18T19:36:46.138967550Z Flux install root: /usr
2023-05-18T19:36:46.201695867Z flux user is already added.
2023-05-18T19:36:46.206301682Z flux user identifiers:
2023-05-18T19:36:46.206357400Z uid=1234(flux) gid=1234(flux) groups=1234(flux)
2023-05-18T19:36:46.206363734Z
2023-05-18T19:36:46.206370098Z As Flux prefix for flux commands: sudo -u flux -E PYTHONPATH=/opt/conda/lib/python3.10/site-packages -E PATH=/opt/conda/bin:/usr/local/sbin:/usr/local/bin:/usr/sbin:/usr/bin:/sbin:/bin -E LD_LIBRARY_PATH=/opt/conda/lib -E HOME=/home/flux
2023-05-18T19:36:46.217287341Z
2023-05-18T19:36:46.217348378Z 👋 Hello, I'm flux-sample-3
2023-05-18T19:36:46.217571303Z The main host is flux-sample-0
2023-05-18T19:36:46.217586553Z The working directory is /home/flux/examples/reaxff/HNS, contents include:
2023-05-18T19:36:46.221557743Z /home/flux/examples/reaxff/HNS:
2023-05-18T19:36:46.221858365Z README.txt	ffield.reax.hns  log.8Mar18.reaxc.hns.g++.1
2023-05-18T19:36:46.221871872Z data.hns-equil	in.reaxc.hns	 log.8Mar18.reaxc.hns.g++.4
2023-05-18T19:36:46.222003220Z End of file listing, if you see nothing above there are no files.
2023-05-18T19:36:46.225032061Z flux R encode --hosts=flux-sample-[0-3]
2023-05-18T19:36:46.249285817Z
2023-05-18T19:36:46.249342138Z 📦 Resources
2023-05-18T19:36:46.251566738Z {"version": 1, "execution": {"R_lite": [{"rank": "0-3", "children": {"core": "0"}}], "starttime": 0.0, "expiration": 0.0, "nodelist": ["flux-sample-[0-3]"]}}
2023-05-18T19:36:46.252089787Z
2023-05-18T19:36:46.252116346Z 🐸 Diagnostics: false
2023-05-18T19:36:46.252526381Z 🚩️ Flux Option Flags defined
2023-05-18T19:36:46.260158756Z
2023-05-18T19:36:46.260231672Z 🦊 Independent Minister of Privilege
2023-05-18T19:36:46.262636084Z [exec]
2023-05-18T19:36:46.262671885Z allowed-users = [ "flux", "root" ]
2023-05-18T19:36:46.262681270Z allowed-shells = [ "/usr/libexec/flux/flux-shell" ]
2023-05-18T19:36:46.263178715Z
2023-05-18T19:36:46.263822529Z 🐸 Broker Configuration
2023-05-18T19:36:46.265777895Z # Flux needs to know the path to the IMP executable
2023-05-18T19:36:46.266329800Z [exec]
2023-05-18T19:36:46.266355903Z imp = "/usr/libexec/flux/flux-imp"
2023-05-18T19:36:46.266361456Z
2023-05-18T19:36:46.266365564Z [access]
2023-05-18T19:36:46.266370610Z allow-guest-user = true
2023-05-18T19:36:46.266374411Z allow-root-owner = true
2023-05-18T19:36:46.266377594Z
2023-05-18T19:36:46.266382456Z # Point to resource definition generated with flux-R(1).
2023-05-18T19:36:46.266390910Z [resource]
2023-05-18T19:36:46.266399474Z path = "/etc/flux/system/R"
2023-05-18T19:36:46.266404210Z
2023-05-18T19:36:46.266409369Z [bootstrap]
2023-05-18T19:36:46.266415454Z curve_cert = "/etc/curve/curve.cert"
2023-05-18T19:36:46.266420910Z default_port = 8050
2023-05-18T19:36:46.266426172Z default_bind = "tcp://eth0:%p"
2023-05-18T19:36:46.266435626Z default_connect = "tcp://%h.flux-service.flux-operator.svc.cluster.local:%p"
2023-05-18T19:36:46.266442823Z hosts = [
2023-05-18T19:36:46.266448085Z 	{ host="flux-sample-[0-3]"},
2023-05-18T19:36:46.266451901Z ]
2023-05-18T19:36:46.266455782Z
2023-05-18T19:36:46.266459207Z [archive]
2023-05-18T19:36:46.266464156Z dbpath = "/var/lib/flux/job-archive.sqlite"
2023-05-18T19:36:46.266468026Z period = "1m"
2023-05-18T19:36:46.381819095Z busytimeout = "50s"
2023-05-18T19:36:46.381903916Z 🧊️ State Directory:
2023-05-18T19:36:46.382045167Z total 0
2023-05-18T19:36:46.382054463Z
2023-05-18T19:36:46.387448143Z
2023-05-18T19:36:46.387536486Z 🔒️ Working directory permissions:
2023-05-18T19:36:46.387545731Z total 96
2023-05-18T19:36:46.387552627Z -rwxrwxrwx 1 flux root  2517 May 17 22:32 README.txt
2023-05-18T19:36:46.387558983Z -rwxrwxrwx 1 flux root 54692 May 17 22:32 data.hns-equil
2023-05-18T19:36:46.387567171Z -rwxrwxrwx 1 flux root 13576 May 17 22:32 ffield.reax.hns
2023-05-18T19:36:46.387575154Z -rwxrwxrwx 1 flux root   870 May 17 22:32 in.reaxc.hns
2023-05-18T19:36:46.387582565Z -rwxrwxrwx 1 flux root  4172 May 17 22:32 log.8Mar18.reaxc.hns.g++.1
2023-05-18T19:36:46.387588464Z -rwxrwxrwx 1 flux root  4168 May 17 22:32 log.8Mar18.reaxc.hns.g++.4
2023-05-18T19:36:46.387594058Z
2023-05-18T19:36:46.387598852Z
2023-05-18T19:36:46.387605272Z ✨ Curve certificate generated by helper pod
2023-05-18T19:36:46.389218470Z #   ****  Generated on 2023-04-26 22:54:42 by CZMQ  ****
2023-05-18T19:36:46.389245568Z #   ZeroMQ CURVE **Secret** Certificate
2023-05-18T19:36:46.389254811Z #   DO NOT PROVIDE THIS FILE TO OTHER USERS nor change its permissions.
2023-05-18T19:36:46.389261061Z
2023-05-18T19:36:46.389267009Z metadata
2023-05-18T19:36:46.389273479Z     name = "flux-cert-generator"
2023-05-18T19:36:46.389279422Z     keygen.hostname = "flux-sample-0"
2023-05-18T19:36:46.389288791Z curve
2023-05-18T19:36:46.389295613Z     public-key = ".*hjE1&C{g<TUyqFzr/GIBqMWf<BTu(AWRT=$)U^"
2023-05-18T19:36:46.389302612Z     secret-key = "XuP5>Klv2jDaG&@bM2vCV{E#+aH0EBPm5/nuGv%W"
2023-05-18T19:36:46.391626469Z
2023-05-18T19:36:46.391667033Z 🌀  flux start --wrap=strace,-e,network,-tt -o --config /etc/flux/config -Scron.directory=/etc/flux/system/cron.d   -Stbon.fanout=256   -Srundir=/run/flux    -Sstatedir=/var/lib/flux   -Slocal-uri=local:///run/flux/local   -Stbon.zmqdebug=1  -Slog-stderr-level=6    -Slog-stderr-mode=local
2023-05-18T19:36:46.447411931Z 19:36:46.446724 socket(AF_NETLINK, SOCK_RAW, NETLINK_ROUTE) = 8
2023-05-18T19:36:46.447740188Z 19:36:46.447441 bind(8, {sa_family=AF_NETLINK, nl_pid=0, nl_groups=00000000}, 12) = 0
2023-05-18T19:36:46.447757325Z 19:36:46.447578 getsockname(8, {sa_family=AF_NETLINK, nl_pid=70, nl_groups=00000000}, [12]) = 0
2023-05-18T19:36:46.448330172Z 19:36:46.447653 sendto(8, {{len=20, type=RTM_GETADDR, flags=NLM_F_REQUEST|NLM_F_DUMP, seq=1684438606, pid=0}, {ifa_family=AF_UNSPEC, ...}}, 20, 0, {sa_family=AF_NETLINK, nl_pid=0, nl_groups=00000000}, 12) = 20
2023-05-18T19:36:46.448646335Z 19:36:46.448059 recvmsg(8, {msg_name={sa_family=AF_NETLINK, nl_pid=0, nl_groups=00000000}, msg_namelen=12, msg_iov=[{iov_base=[{{len=76, type=RTM_NEWADDR, flags=NLM_F_MULTI, seq=1684438606, pid=70}, {ifa_family=AF_INET, ifa_prefixlen=8, ifa_flags=IFA_F_PERMANENT, ifa_scope=RT_SCOPE_HOST, ifa_index=if_nametoindex("lo")}, [{{nla_len=8, nla_type=IFA_ADDRESS}, 127.0.0.1}, {{nla_len=8, nla_type=IFA_LOCAL}, 127.0.0.1}, {{nla_len=7, nla_type=IFA_LABEL}, "lo"}, {{nla_len=8, nla_type=IFA_FLAGS}, IFA_F_PERMANENT}, {{nla_len=20, nla_type=IFA_CACHEINFO}, {ifa_prefered=4294967295, ifa_valid=4294967295, cstamp=1914915, tstamp=1914915}}]}, {{len=88, type=RTM_NEWADDR, flags=NLM_F_MULTI, seq=1684438606, pid=70}, {ifa_family=AF_INET, ifa_prefixlen=24, ifa_flags=IFA_F_PERMANENT, ifa_scope=RT_SCOPE_UNIVERSE, ifa_index=if_nametoindex("eth0")}, [{{nla_len=8, nla_type=IFA_ADDRESS}, 10.24.3.221}, {{nla_len=8, nla_type=IFA_LOCAL}, 10.24.3.221}, {{nla_len=8, nla_type=IFA_BROADCAST}, 10.24.3.255}, {{nla_len=9, nla_type=IFA_LABEL}, "eth0"}, {{nla_len=8, nla_type=IFA_FLAGS}, IFA_F_PERMANENT}, {{nla_len=20, nla_type=IFA_CACHEINFO}, {ifa_prefered=4294967295, ifa_valid=4294967295, cstamp=1914919, tstamp=1914919}}]}], iov_len=4096}], msg_iovlen=1, msg_controllen=0, msg_flags=0}, 0) = 164
2023-05-18T19:36:46.448759843Z 19:36:46.448495 recvmsg(8, {msg_name={sa_family=AF_NETLINK, nl_pid=0, nl_groups=00000000}, msg_namelen=12, msg_iov=[{iov_base={{len=20, type=NLMSG_DONE, flags=NLM_F_MULTI, seq=1684438606, pid=70}, 0}, iov_len=4096}], msg_iovlen=1, msg_controllen=0, msg_flags=0}, 0) = 20
2023-05-18T19:36:46.449325907Z 19:36:46.449140 socket(AF_UNIX, SOCK_STREAM|SOCK_CLOEXEC|SOCK_NONBLOCK, 0) = 8
2023-05-18T19:36:46.449446343Z 19:36:46.449215 connect(8, {sa_family=AF_UNIX, sun_path="/var/run/nscd/socket"}, 110) = -1 ENOENT (No such file or directory)
2023-05-18T19:36:46.449570794Z 19:36:46.449343 socket(AF_UNIX, SOCK_STREAM|SOCK_CLOEXEC|SOCK_NONBLOCK, 0) = 8
2023-05-18T19:36:46.449585115Z 19:36:46.449404 connect(8, {sa_family=AF_UNIX, sun_path="/var/run/nscd/socket"}, 110) = -1 ENOENT (No such file or directory)
2023-05-18T19:36:46.451247630Z 19:36:46.450933 socket(AF_INET, SOCK_DGRAM|SOCK_CLOEXEC|SOCK_NONBLOCK, IPPROTO_IP) = 8
2023-05-18T19:36:46.451268911Z 19:36:46.451032 connect(8, {sa_family=AF_INET, sin_port=htons(53), sin_addr=inet_addr("169.254.169.254")}, 16) = 0
2023-05-18T19:36:46.451733636Z 19:36:46.451207 sendto(8, "\372'\1\0\0\1\0\0\0\0\0\0\rflux-sample-0\fflux-"..., 76, MSG_NOSIGNAL, NULL, 0) = 76
2023-05-18T19:36:46.456578624Z 19:36:46.456306 recvfrom(8, "\372'\201\200\0\1\0\1\0\0\0\0\rflux-sample-0\fflux-"..., 1024, 0, {sa_family=AF_INET, sin_port=htons(53), sin_addr=inet_addr("169.254.169.254")}, [28->16]) = 92
2023-05-18T19:36:46.464008589Z broker.info[3]: start: none->join 2.31702ms
2023-05-18T19:36:46.479419546Z broker.info[3]: parent-ready: join->init 15.2239ms
2023-05-18T19:36:46.479711529Z 19:36:46.479079 socketpair(AF_UNIX, SOCK_STREAM|SOCK_CLOEXEC, 0, [22, 23]) = 0
2023-05-18T19:36:46.479726243Z 19:36:46.479348 socketpair(AF_UNIX, SOCK_STREAM, 0, [24, 25]) = 0
2023-05-18T19:36:46.480503739Z 19:36:46.480066 socketpair(AF_UNIX, SOCK_STREAM, 0, [26, 27]) = 0
2023-05-18T19:36:46.480947018Z 19:36:46.480692 socketpair(AF_UNIX, SOCK_STREAM, 0, [28, 29]) = 0
2023-05-18T19:36:46.512511632Z broker.info[3]: configuration updated
2023-05-18T19:36:46.719554092Z broker.info[3]: rc1.0: running /etc/flux/rc1.d/01-sched-fluxion
2023-05-18T19:36:46.737671396Z broker.info[3]: rc1.0: running /etc/flux/rc1.d/02-cron
2023-05-18T19:36:46.775082728Z broker.info[3]: rc1.0: /etc/flux/rc1 Exited (rc=0) 0.3s
2023-05-18T19:36:46.776353817Z broker.info[3]: rc1-success: init->quorum 0.297057s
2023-05-18T19:37:16.518760416Z broker.info[3]: quorum-full: quorum->run 29.7414s
2023-05-18T19:37:17.090551311Z 19:37:17.089908 socketpair(AF_UNIX, SOCK_STREAM|SOCK_CLOEXEC, 0, [22, 23]) = 0
2023-05-18T19:37:17.090687971Z 19:37:17.090226 socketpair(AF_UNIX, SOCK_STREAM, 0, [24, 25]) = 0
2023-05-18T19:37:17.091799526Z 19:37:17.090502 socketpair(AF_UNIX, SOCK_STREAM, 0, [26, 28]) = 0
2023-05-18T19:37:17.092357293Z 19:37:17.090778 socketpair(AF_UNIX, SOCK_STREAM, 0, [58, 59]) = 0
2023-05-18T19:37:30.413351596Z broker.info[3]: shutdown: run->cleanup 13.8943s
2023-05-18T19:37:30.416431350Z broker.info[3]: cleanup-none: cleanup->shutdown 1.31139ms
2023-05-18T19:37:30.418728710Z broker.info[3]: children-none: shutdown->finalize 1.43411ms
2023-05-18T19:37:30.419636925Z 19:37:30.419227 socketpair(AF_UNIX, SOCK_STREAM|SOCK_CLOEXEC, 0, [22, 23]) = 0
2023-05-18T19:37:30.420259131Z 19:37:30.419789 socketpair(AF_UNIX, SOCK_STREAM, 0, [24, 25]) = 0
2023-05-18T19:37:30.420867165Z 19:37:30.420464 socketpair(AF_UNIX, SOCK_STREAM, 0, [26, 28]) = 0
2023-05-18T19:37:30.421420976Z 19:37:30.421052 socketpair(AF_UNIX, SOCK_STREAM, 0, [58, 59]) = 0
2023-05-18T19:37:30.448392754Z broker.info[3]: rc3.0: running /etc/flux/rc3.d/01-sched-fluxion
2023-05-18T19:37:30.645716713Z broker.info[3]: rc3.0: /etc/flux/rc3 Exited (rc=0) 0.2s
2023-05-18T19:37:30.647749845Z broker.info[3]: rc3-success: finalize->goodbye 0.228219s
2023-05-18T19:37:30.649807130Z broker.info[3]: goodbye: goodbye->exit 1.13194ms
2023-05-18T19:37:30.661523620Z 19:37:30.660882 +++ exited with 0 +++
2023-05-18T19:37:30.664998958Z Return value for follower worker is 0
2023-05-18T19:37:30.665089173Z The follower worker exited cleanly. Goodbye!
