2023-05-18T18:27:39.725595417Z
2023-05-18T18:27:39.725641237Z Flux username: flux
2023-05-18T18:27:39.725648097Z
2023-05-18T18:27:39.725652937Z Flux install root: /usr
2023-05-18T18:27:39.775817980Z flux user is already added.
2023-05-18T18:27:39.778805297Z flux user identifiers:
2023-05-18T18:27:39.778835664Z uid=1234(flux) gid=1234(flux) groups=1234(flux)
2023-05-18T18:27:39.778955111Z
2023-05-18T18:27:39.778968004Z As Flux prefix for flux commands: sudo -u flux -E PYTHONPATH=/opt/conda/lib/python3.10/site-packages -E PATH=/opt/conda/bin:/usr/local/sbin:/usr/local/bin:/usr/sbin:/usr/bin:/sbin:/bin -E LD_LIBRARY_PATH=/opt/conda/lib -E HOME=/home/flux
2023-05-18T18:27:39.787781585Z
2023-05-18T18:27:39.787814570Z ðŸ‘‹ Hello, I'm flux-sample-2
2023-05-18T18:27:39.787820839Z The main host is flux-sample-0
2023-05-18T18:27:39.787977872Z The working directory is /home/flux/examples/reaxff/HNS, contents include:
2023-05-18T18:27:39.789837813Z /home/flux/examples/reaxff/HNS:
2023-05-18T18:27:39.790257989Z README.txt	ffield.reax.hns  log.8Mar18.reaxc.hns.g++.1
2023-05-18T18:27:39.790282258Z data.hns-equil	in.reaxc.hns	 log.8Mar18.reaxc.hns.g++.4
2023-05-18T18:27:39.790573621Z End of file listing, if you see nothing above there are no files.
2023-05-18T18:27:39.792950880Z flux R encode --hosts=flux-sample-[0-3]
2023-05-18T18:27:39.807360088Z
2023-05-18T18:27:39.807386598Z ðŸ“¦ Resources
2023-05-18T18:27:39.809163398Z {"version": 1, "execution": {"R_lite": [{"rank": "0-3", "children": {"core": "0"}}], "starttime": 0.0, "expiration": 0.0, "nodelist": ["flux-sample-[0-3]"]}}
2023-05-18T18:27:39.809443794Z
2023-05-18T18:27:39.809538804Z ðŸ¸ Diagnostics: false
2023-05-18T18:27:39.809836888Z ðŸš©ï¸ Flux Option Flags defined
2023-05-18T18:27:39.814089615Z
2023-05-18T18:27:39.814128576Z ðŸ¦Š Independent Minister of Privilege
2023-05-18T18:27:39.815395667Z [exec]
2023-05-18T18:27:39.815412194Z allowed-users = [ "flux", "root" ]
2023-05-18T18:27:39.815418834Z allowed-shells = [ "/usr/libexec/flux/flux-shell" ]
2023-05-18T18:27:39.815632396Z
2023-05-18T18:27:39.815646759Z ðŸ¸ Broker Configuration
2023-05-18T18:27:39.816876516Z # Flux needs to know the path to the IMP executable
2023-05-18T18:27:39.816892910Z [exec]
2023-05-18T18:27:39.816901149Z imp = "/usr/libexec/flux/flux-imp"
2023-05-18T18:27:39.816907195Z
2023-05-18T18:27:39.816912062Z [access]
2023-05-18T18:27:39.816917695Z allow-guest-user = true
2023-05-18T18:27:39.816922585Z allow-root-owner = true
2023-05-18T18:27:39.816926982Z
2023-05-18T18:27:39.816931602Z # Point to resource definition generated with flux-R(1).
2023-05-18T18:27:39.816936492Z [resource]
2023-05-18T18:27:39.816943774Z path = "/etc/flux/system/R"
2023-05-18T18:27:39.816949456Z
2023-05-18T18:27:39.816954922Z [bootstrap]
2023-05-18T18:27:39.816960748Z curve_cert = "/etc/curve/curve.cert"
2023-05-18T18:27:39.816966003Z default_port = 8050
2023-05-18T18:27:39.816971182Z default_bind = "tcp://eth0:%p"
2023-05-18T18:27:39.816976435Z default_connect = "tcp://%h.flux-service.flux-operator.svc.cluster.local:%p"
2023-05-18T18:27:39.816981126Z hosts = [
2023-05-18T18:27:39.816988098Z 	{ host="flux-sample-[0-3]"},
2023-05-18T18:27:39.816993701Z ]
2023-05-18T18:27:39.816998258Z
2023-05-18T18:27:39.817003075Z [archive]
2023-05-18T18:27:39.817007994Z dbpath = "/var/lib/flux/job-archive.sqlite"
2023-05-18T18:27:39.817012688Z period = "1m"
2023-05-18T18:27:39.898304855Z busytimeout = "50s"
2023-05-18T18:27:39.898331529Z ðŸ§Šï¸ State Directory:
2023-05-18T18:27:39.898338048Z total 0
2023-05-18T18:27:39.898342672Z
2023-05-18T18:27:39.902087185Z
2023-05-18T18:27:39.902164533Z ðŸ”’ï¸ Working directory permissions:
2023-05-18T18:27:39.902173092Z total 96
2023-05-18T18:27:39.902179332Z -rwxrwxrwx 1 flux root  2517 May 17 22:32 README.txt
2023-05-18T18:27:39.902393662Z -rwxrwxrwx 1 flux root 54692 May 17 22:32 data.hns-equil
2023-05-18T18:27:39.902415624Z -rwxrwxrwx 1 flux root 13576 May 17 22:32 ffield.reax.hns
2023-05-18T18:27:39.902422161Z -rwxrwxrwx 1 flux root   870 May 17 22:32 in.reaxc.hns
2023-05-18T18:27:39.902428369Z -rwxrwxrwx 1 flux root  4172 May 17 22:32 log.8Mar18.reaxc.hns.g++.1
2023-05-18T18:27:39.902521164Z -rwxrwxrwx 1 flux root  4168 May 17 22:32 log.8Mar18.reaxc.hns.g++.4
2023-05-18T18:27:39.902531093Z
2023-05-18T18:27:39.902654212Z
2023-05-18T18:27:39.902665253Z âœ¨ Curve certificate generated by helper pod
2023-05-18T18:27:39.904128958Z #   ****  Generated on 2023-04-26 22:54:42 by CZMQ  ****
2023-05-18T18:27:39.904147932Z #   ZeroMQ CURVE **Secret** Certificate
2023-05-18T18:27:39.904155153Z #   DO NOT PROVIDE THIS FILE TO OTHER USERS nor change its permissions.
2023-05-18T18:27:39.904159920Z
2023-05-18T18:27:39.904164833Z metadata
2023-05-18T18:27:39.904170400Z     name = "flux-cert-generator"
2023-05-18T18:27:39.904175071Z     keygen.hostname = "flux-sample-0"
2023-05-18T18:27:39.904179789Z curve
2023-05-18T18:27:39.904184690Z     public-key = "EdQRY&l5ASntVu0ZnGKW]5Ez/.l=D6/T%DW-pQ=p"
2023-05-18T18:27:39.904191971Z     secret-key = "[=yA@WZ6rOI2X+c9>t{=Nl(?sSFGBm!Re[^&sN]a"
2023-05-18T18:27:39.906539630Z
2023-05-18T18:27:39.906559937Z ðŸŒ€  flux start --wrap=strace,-e,network,-tt -o --config /etc/flux/config -Scron.directory=/etc/flux/system/cron.d   -Stbon.fanout=256   -Srundir=/run/flux    -Sstatedir=/var/lib/flux   -Slocal-uri=local:///run/flux/local -Stbon.connect_timeout=3s  -Stbon.zmqdebug=1  -Slog-stderr-level=6    -Slog-stderr-mode=local
2023-05-18T18:27:39.953879713Z 18:27:39.953444 socket(AF_NETLINK, SOCK_RAW, NETLINK_ROUTE) = 8
2023-05-18T18:27:39.954564826Z 18:27:39.953860 bind(8, {sa_family=AF_NETLINK, nl_pid=0, nl_groups=00000000}, 12) = 0
2023-05-18T18:27:39.954774089Z 18:27:39.954504 getsockname(8, {sa_family=AF_NETLINK, nl_pid=70, nl_groups=00000000}, [12]) = 0
2023-05-18T18:27:39.955467613Z 18:27:39.954711 sendto(8, {{len=20, type=RTM_GETADDR, flags=NLM_F_REQUEST|NLM_F_DUMP, seq=1684434459, pid=0}, {ifa_family=AF_UNSPEC, ...}}, 20, 0, {sa_family=AF_NETLINK, nl_pid=0, nl_groups=00000000}, 12) = 20
2023-05-18T18:27:39.956221929Z 18:27:39.955350 recvmsg(8, {msg_name={sa_family=AF_NETLINK, nl_pid=0, nl_groups=00000000}, msg_namelen=12, msg_iov=[{iov_base=[{{len=76, type=RTM_NEWADDR, flags=NLM_F_MULTI, seq=1684434459, pid=70}, {ifa_family=AF_INET, ifa_prefixlen=8, ifa_flags=IFA_F_PERMANENT, ifa_scope=RT_SCOPE_HOST, ifa_index=if_nametoindex("lo")}, [{{nla_len=8, nla_type=IFA_ADDRESS}, 127.0.0.1}, {{nla_len=8, nla_type=IFA_LOCAL}, 127.0.0.1}, {{nla_len=7, nla_type=IFA_LABEL}, "lo"}, {{nla_len=8, nla_type=IFA_FLAGS}, IFA_F_PERMANENT}, {{nla_len=20, nla_type=IFA_CACHEINFO}, {ifa_prefered=4294967295, ifa_valid=4294967295, cstamp=1500363, tstamp=1500363}}]}, {{len=88, type=RTM_NEWADDR, flags=NLM_F_MULTI, seq=1684434459, pid=70}, {ifa_family=AF_INET, ifa_prefixlen=24, ifa_flags=IFA_F_PERMANENT, ifa_scope=RT_SCOPE_UNIVERSE, ifa_index=if_nametoindex("eth0")}, [{{nla_len=8, nla_type=IFA_ADDRESS}, 10.24.2.60}, {{nla_len=8, nla_type=IFA_LOCAL}, 10.24.2.60}, {{nla_len=8, nla_type=IFA_BROADCAST}, 10.24.2.255}, {{nla_len=9, nla_type=IFA_LABEL}, "eth0"}, {{nla_len=8, nla_type=IFA_FLAGS}, IFA_F_PERMANENT}, {{nla_len=20, nla_type=IFA_CACHEINFO}, {ifa_prefered=4294967295, ifa_valid=4294967295, cstamp=1500365, tstamp=1500365}}]}], iov_len=4096}], msg_iovlen=1, msg_controllen=0, msg_flags=0}, 0) = 164
2023-05-18T18:27:39.956419049Z 18:27:39.956056 recvmsg(8, {msg_name={sa_family=AF_NETLINK, nl_pid=0, nl_groups=00000000}, msg_namelen=12, msg_iov=[{iov_base={{len=20, type=NLMSG_DONE, flags=NLM_F_MULTI, seq=1684434459, pid=70}, 0}, iov_len=4096}], msg_iovlen=1, msg_controllen=0, msg_flags=0}, 0) = 20
2023-05-18T18:27:39.958269336Z 18:27:39.957938 socket(AF_UNIX, SOCK_STREAM|SOCK_CLOEXEC|SOCK_NONBLOCK, 0) = 8
2023-05-18T18:27:39.958592769Z 18:27:39.958218 connect(8, {sa_family=AF_UNIX, sun_path="/var/run/nscd/socket"}, 110) = -1 ENOENT (No such file or directory)
2023-05-18T18:27:39.958920659Z 18:27:39.958675 socket(AF_UNIX, SOCK_STREAM|SOCK_CLOEXEC|SOCK_NONBLOCK, 0) = 8
2023-05-18T18:27:39.959297190Z 18:27:39.958958 connect(8, {sa_family=AF_UNIX, sun_path="/var/run/nscd/socket"}, 110) = -1 ENOENT (No such file or directory)
2023-05-18T18:27:39.960559209Z 18:27:39.960432 socket(AF_INET, SOCK_DGRAM|SOCK_CLOEXEC|SOCK_NONBLOCK, IPPROTO_IP) = 8
2023-05-18T18:27:39.960775789Z 18:27:39.960620 connect(8, {sa_family=AF_INET, sin_port=htons(53), sin_addr=inet_addr("169.254.169.254")}, 16) = 0
2023-05-18T18:27:39.961184316Z 18:27:39.960771 sendto(8, "\334\367\1\0\0\1\0\0\0\0\0\0\rflux-sample-0\fflux-"..., 76, MSG_NOSIGNAL, NULL, 0) = 76
2023-05-18T18:27:39.964924136Z 18:27:39.964717 recvfrom(8, "\334\367\201\200\0\1\0\1\0\0\0\0\rflux-sample-0\fflux-"..., 1024, 0, {sa_family=AF_INET, sin_port=htons(53), sin_addr=inet_addr("169.254.169.254")}, [28->16]) = 92
2023-05-18T18:27:39.969855144Z broker.info[2]: start: none->join 2.03773ms
2023-05-18T18:27:39.981746307Z broker.info[2]: parent-ready: join->init 11.7597ms
2023-05-18T18:27:39.982061043Z 18:27:39.981749 socketpair(AF_UNIX, SOCK_STREAM|SOCK_CLOEXEC, 0, [22, 23]) = 0
2023-05-18T18:27:39.982077253Z 18:27:39.981894 socketpair(AF_UNIX, SOCK_STREAM, 0, [24, 25]) = 0
2023-05-18T18:27:39.982359912Z 18:27:39.982090 socketpair(AF_UNIX, SOCK_STREAM, 0, [26, 27]) = 0
2023-05-18T18:27:39.982514889Z 18:27:39.982299 socketpair(AF_UNIX, SOCK_STREAM, 0, [28, 29]) = 0
2023-05-18T18:27:40.006962454Z broker.info[2]: configuration updated
2023-05-18T18:27:40.139306933Z broker.info[2]: rc1.0: running /etc/flux/rc1.d/01-sched-fluxion
2023-05-18T18:27:40.151353575Z broker.info[2]: rc1.0: running /etc/flux/rc1.d/02-cron
2023-05-18T18:27:40.176350620Z broker.info[2]: rc1.0: /etc/flux/rc1 Exited (rc=0) 0.2s
2023-05-18T18:27:40.177466617Z broker.info[2]: rc1-success: init->quorum 0.195354s
2023-05-18T18:27:41.931965834Z broker.info[2]: quorum-full: quorum->run 1.75402s
2023-05-18T18:27:52.648654448Z broker.info[2]: shutdown: run->cleanup 10.7165s
2023-05-18T18:27:52.650666407Z broker.info[2]: cleanup-none: cleanup->shutdown 1.32964ms
2023-05-18T18:27:52.652013790Z broker.info[2]: children-none: shutdown->finalize 1.16022ms
2023-05-18T18:27:52.652681148Z 18:27:52.652417 socketpair(AF_UNIX, SOCK_STREAM|SOCK_CLOEXEC, 0, [22, 23]) = 0
2023-05-18T18:27:52.652975392Z 18:27:52.652652 socketpair(AF_UNIX, SOCK_STREAM, 0, [24, 25]) = 0
2023-05-18T18:27:52.653255490Z 18:27:52.652984 socketpair(AF_UNIX, SOCK_STREAM, 0, [26, 28]) = 0
2023-05-18T18:27:52.653526951Z 18:27:52.653254 socketpair(AF_UNIX, SOCK_STREAM, 0, [58, 59]) = 0
2023-05-18T18:27:52.671034555Z broker.info[2]: rc3.0: running /etc/flux/rc3.d/01-sched-fluxion
2023-05-18T18:27:52.793055675Z broker.info[2]: rc3.0: /etc/flux/rc3 Exited (rc=0) 0.1s
2023-05-18T18:27:52.794348615Z broker.info[2]: rc3-success: finalize->goodbye 0.141782s
2023-05-18T18:27:52.796140822Z broker.info[2]: goodbye: goodbye->exit 1.11632ms
2023-05-18T18:27:52.803681851Z 18:27:52.803459 +++ exited with 0 +++
2023-05-18T18:27:52.805014664Z Return value for follower worker is 0
2023-05-18T18:27:52.805043576Z The follower worker exited cleanly. Goodbye!
