2023-05-18T18:18:21.866712293Z
2023-05-18T18:18:21.866764030Z Flux username: flux
2023-05-18T18:18:21.866770920Z
2023-05-18T18:18:21.866775857Z Flux install root: /usr
2023-05-18T18:18:21.916295451Z flux user is already added.
2023-05-18T18:18:21.921185839Z flux user identifiers:
2023-05-18T18:18:21.921246499Z uid=1234(flux) gid=1234(flux) groups=1234(flux)
2023-05-18T18:18:21.921255420Z
2023-05-18T18:18:21.921261833Z As Flux prefix for flux commands: sudo -u flux -E PYTHONPATH=/opt/conda/lib/python3.10/site-packages -E PATH=/opt/conda/bin:/usr/local/sbin:/usr/local/bin:/usr/sbin:/usr/bin:/sbin:/bin -E LD_LIBRARY_PATH=/opt/conda/lib -E HOME=/home/flux
2023-05-18T18:18:21.936289744Z
2023-05-18T18:18:21.936335112Z 👋 Hello, I'm flux-sample-1
2023-05-18T18:18:21.936491128Z The main host is flux-sample-0
2023-05-18T18:18:21.936505498Z The working directory is /home/flux/examples/reaxff/HNS, contents include:
2023-05-18T18:18:21.938701068Z /home/flux/examples/reaxff/HNS:
2023-05-18T18:18:21.938878067Z README.txt	ffield.reax.hns  log.8Mar18.reaxc.hns.g++.1
2023-05-18T18:18:21.938893996Z data.hns-equil	in.reaxc.hns	 log.8Mar18.reaxc.hns.g++.4
2023-05-18T18:18:21.939007344Z End of file listing, if you see nothing above there are no files.
2023-05-18T18:18:21.941325012Z flux R encode --hosts=flux-sample-[0-3]
2023-05-18T18:18:21.955654904Z
2023-05-18T18:18:21.955696483Z 📦 Resources
2023-05-18T18:18:21.957551122Z {"version": 1, "execution": {"R_lite": [{"rank": "0-3", "children": {"core": "0"}}], "starttime": 0.0, "expiration": 0.0, "nodelist": ["flux-sample-[0-3]"]}}
2023-05-18T18:18:21.957855535Z
2023-05-18T18:18:21.957875738Z 🐸 Diagnostics: false
2023-05-18T18:18:21.958086417Z 🚩️ Flux Option Flags defined
2023-05-18T18:18:21.962607419Z
2023-05-18T18:18:21.962636651Z 🦊 Independent Minister of Privilege
2023-05-18T18:18:21.963969539Z [exec]
2023-05-18T18:18:21.963993842Z allowed-users = [ "flux", "root" ]
2023-05-18T18:18:21.964000870Z allowed-shells = [ "/usr/libexec/flux/flux-shell" ]
2023-05-18T18:18:21.964170843Z
2023-05-18T18:18:21.964187077Z 🐸 Broker Configuration
2023-05-18T18:18:21.965428463Z # Flux needs to know the path to the IMP executable
2023-05-18T18:18:21.965450339Z [exec]
2023-05-18T18:18:21.965457697Z imp = "/usr/libexec/flux/flux-imp"
2023-05-18T18:18:21.965465273Z
2023-05-18T18:18:21.965472274Z [access]
2023-05-18T18:18:21.965478860Z allow-guest-user = true
2023-05-18T18:18:21.965483941Z allow-root-owner = true
2023-05-18T18:18:21.965488932Z
2023-05-18T18:18:21.965494380Z # Point to resource definition generated with flux-R(1).
2023-05-18T18:18:21.965500348Z [resource]
2023-05-18T18:18:21.965506262Z path = "/etc/flux/system/R"
2023-05-18T18:18:21.965513449Z
2023-05-18T18:18:21.965519974Z [bootstrap]
2023-05-18T18:18:21.965525562Z curve_cert = "/etc/curve/curve.cert"
2023-05-18T18:18:21.965530854Z default_port = 8050
2023-05-18T18:18:21.965535947Z default_bind = "tcp://eth0:%p"
2023-05-18T18:18:21.965541814Z default_connect = "tcp://%h.flux-service.flux-operator.svc.cluster.local:%p"
2023-05-18T18:18:21.965547103Z hosts = [
2023-05-18T18:18:21.965552322Z 	{ host="flux-sample-[0-3]"},
2023-05-18T18:18:21.965560412Z ]
2023-05-18T18:18:21.965566825Z
2023-05-18T18:18:21.965572164Z [archive]
2023-05-18T18:18:21.965577293Z dbpath = "/var/lib/flux/job-archive.sqlite"
2023-05-18T18:18:21.965582260Z period = "1m"
2023-05-18T18:18:22.049684565Z busytimeout = "50s"
2023-05-18T18:18:22.049726002Z 🧊️ State Directory:
2023-05-18T18:18:22.049736745Z total 0
2023-05-18T18:18:22.049743266Z
2023-05-18T18:18:22.053308041Z
2023-05-18T18:18:22.053351242Z 🔒️ Working directory permissions:
2023-05-18T18:18:22.053359332Z total 96
2023-05-18T18:18:22.053365310Z -rwxrwxrwx 1 flux root  2517 May 17 22:32 README.txt
2023-05-18T18:18:22.053515952Z -rwxrwxrwx 1 flux root 54692 May 17 22:32 data.hns-equil
2023-05-18T18:18:22.053526948Z -rwxrwxrwx 1 flux root 13576 May 17 22:32 ffield.reax.hns
2023-05-18T18:18:22.053533371Z -rwxrwxrwx 1 flux root   870 May 17 22:32 in.reaxc.hns
2023-05-18T18:18:22.053539324Z -rwxrwxrwx 1 flux root  4172 May 17 22:32 log.8Mar18.reaxc.hns.g++.1
2023-05-18T18:18:22.053544798Z -rwxrwxrwx 1 flux root  4168 May 17 22:32 log.8Mar18.reaxc.hns.g++.4
2023-05-18T18:18:22.053552080Z
2023-05-18T18:18:22.053703305Z
2023-05-18T18:18:22.053715436Z ✨ Curve certificate generated by helper pod
2023-05-18T18:18:22.055844498Z #   ****  Generated on 2023-04-26 22:54:42 by CZMQ  ****
2023-05-18T18:18:22.055881793Z #   ZeroMQ CURVE **Secret** Certificate
2023-05-18T18:18:22.055889675Z #   DO NOT PROVIDE THIS FILE TO OTHER USERS nor change its permissions.
2023-05-18T18:18:22.055895208Z
2023-05-18T18:18:22.055900462Z metadata
2023-05-18T18:18:22.055906710Z     name = "flux-cert-generator"
2023-05-18T18:18:22.055914442Z     keygen.hostname = "flux-sample-0"
2023-05-18T18:18:22.055920995Z curve
2023-05-18T18:18:22.055926615Z     public-key = "HkKV)8ypxR@+RRXBXaXD4H^$N{0Ndr8vd2WBMx.A"
2023-05-18T18:18:22.055932410Z     secret-key = "GA<}u@Kp4D+dL^abXl1eKr^O0PvJZjgd-HIF3Au^"
2023-05-18T18:18:22.058461749Z
2023-05-18T18:18:22.058494241Z 🌀  flux start --wrap=strace,-e,network,-tt -o --config /etc/flux/config -Scron.directory=/etc/flux/system/cron.d   -Stbon.fanout=256   -Srundir=/run/flux    -Sstatedir=/var/lib/flux   -Slocal-uri=local:///run/flux/local -Stbon.connect_timeout=2s  -Stbon.zmqdebug=1  -Slog-stderr-level=6    -Slog-stderr-mode=local
2023-05-18T18:18:22.101119037Z 18:18:22.100660 socket(AF_NETLINK, SOCK_RAW, NETLINK_ROUTE) = 8
2023-05-18T18:18:22.101166097Z 18:18:22.100809 bind(8, {sa_family=AF_NETLINK, nl_pid=0, nl_groups=00000000}, 12) = 0
2023-05-18T18:18:22.101174391Z 18:18:22.100899 getsockname(8, {sa_family=AF_NETLINK, nl_pid=70, nl_groups=00000000}, [12]) = 0
2023-05-18T18:18:22.101420033Z 18:18:22.100986 sendto(8, {{len=20, type=RTM_GETADDR, flags=NLM_F_REQUEST|NLM_F_DUMP, seq=1684433902, pid=0}, {ifa_family=AF_UNSPEC, ...}}, 20, 0, {sa_family=AF_NETLINK, nl_pid=0, nl_groups=00000000}, 12) = 20
2023-05-18T18:18:22.101857553Z 18:18:22.101315 recvmsg(8, {msg_name={sa_family=AF_NETLINK, nl_pid=0, nl_groups=00000000}, msg_namelen=12, msg_iov=[{iov_base=[{{len=76, type=RTM_NEWADDR, flags=NLM_F_MULTI, seq=1684433902, pid=70}, {ifa_family=AF_INET, ifa_prefixlen=8, ifa_flags=IFA_F_PERMANENT, ifa_scope=RT_SCOPE_HOST, ifa_index=if_nametoindex("lo")}, [{{nla_len=8, nla_type=IFA_ADDRESS}, 127.0.0.1}, {{nla_len=8, nla_type=IFA_LOCAL}, 127.0.0.1}, {{nla_len=7, nla_type=IFA_LABEL}, "lo"}, {{nla_len=8, nla_type=IFA_FLAGS}, IFA_F_PERMANENT}, {{nla_len=20, nla_type=IFA_CACHEINFO}, {ifa_prefered=4294967295, ifa_valid=4294967295, cstamp=1444574, tstamp=1444574}}]}, {{len=88, type=RTM_NEWADDR, flags=NLM_F_MULTI, seq=1684433902, pid=70}, {ifa_family=AF_INET, ifa_prefixlen=24, ifa_flags=IFA_F_PERMANENT, ifa_scope=RT_SCOPE_UNIVERSE, ifa_index=if_nametoindex("eth0")}, [{{nla_len=8, nla_type=IFA_ADDRESS}, 10.24.2.31}, {{nla_len=8, nla_type=IFA_LOCAL}, 10.24.2.31}, {{nla_len=8, nla_type=IFA_BROADCAST}, 10.24.2.255}, {{nla_len=9, nla_type=IFA_LABEL}, "eth0"}, {{nla_len=8, nla_type=IFA_FLAGS}, IFA_F_PERMANENT}, {{nla_len=20, nla_type=IFA_CACHEINFO}, {ifa_prefered=4294967295, ifa_valid=4294967295, cstamp=1444577, tstamp=1444577}}]}], iov_len=4096}], msg_iovlen=1, msg_controllen=0, msg_flags=0}, 0) = 164
2023-05-18T18:18:22.101972868Z 18:18:22.101747 recvmsg(8, {msg_name={sa_family=AF_NETLINK, nl_pid=0, nl_groups=00000000}, msg_namelen=12, msg_iov=[{iov_base={{len=20, type=NLMSG_DONE, flags=NLM_F_MULTI, seq=1684433902, pid=70}, 0}, iov_len=4096}], msg_iovlen=1, msg_controllen=0, msg_flags=0}, 0) = 20
2023-05-18T18:18:22.102761145Z 18:18:22.102470 socket(AF_UNIX, SOCK_STREAM|SOCK_CLOEXEC|SOCK_NONBLOCK, 0) = 8
2023-05-18T18:18:22.102780525Z 18:18:22.102602 connect(8, {sa_family=AF_UNIX, sun_path="/var/run/nscd/socket"}, 110) = -1 ENOENT (No such file or directory)
2023-05-18T18:18:22.102920744Z 18:18:22.102774 socket(AF_UNIX, SOCK_STREAM|SOCK_CLOEXEC|SOCK_NONBLOCK, 0) = 8
2023-05-18T18:18:22.103222420Z 18:18:22.103034 connect(8, {sa_family=AF_UNIX, sun_path="/var/run/nscd/socket"}, 110) = -1 ENOENT (No such file or directory)
2023-05-18T18:18:22.104786570Z 18:18:22.104524 socket(AF_INET, SOCK_DGRAM|SOCK_CLOEXEC|SOCK_NONBLOCK, IPPROTO_IP) = 8
2023-05-18T18:18:22.104809789Z 18:18:22.104624 connect(8, {sa_family=AF_INET, sin_port=htons(53), sin_addr=inet_addr("169.254.169.254")}, 16) = 0
2023-05-18T18:18:22.105146229Z 18:18:22.104762 sendto(8, "V\264\1\0\0\1\0\0\0\0\0\0\rflux-sample-0\fflux-"..., 76, MSG_NOSIGNAL, NULL, 0) = 76
2023-05-18T18:18:22.109252568Z 18:18:22.108880 recvfrom(8, "V\264\201\200\0\1\0\1\0\0\0\0\rflux-sample-0\fflux-"..., 1024, 0, {sa_family=AF_INET, sin_port=htons(53), sin_addr=inet_addr("169.254.169.254")}, [28->16]) = 92
2023-05-18T18:18:22.115402273Z broker.info[1]: start: none->join 1.70371ms
2023-05-18T18:18:26.453361109Z broker.info[1]: parent-ready: join->init 4.33721s
2023-05-18T18:18:26.453418677Z 18:18:26.452997 socketpair(AF_UNIX, SOCK_STREAM|SOCK_CLOEXEC, 0, [22, 23]) = 0
2023-05-18T18:18:26.453427409Z 18:18:26.453172 socketpair(AF_UNIX, SOCK_STREAM, 0, [24, 25]) = 0
2023-05-18T18:18:26.453978280Z 18:18:26.453409 socketpair(AF_UNIX, SOCK_STREAM, 0, [26, 27]) = 0
2023-05-18T18:18:26.454007618Z 18:18:26.453768 socketpair(AF_UNIX, SOCK_STREAM, 0, [28, 29]) = 0
2023-05-18T18:18:26.481985695Z broker.info[1]: configuration updated
2023-05-18T18:18:26.615540780Z broker.info[1]: rc1.0: running /etc/flux/rc1.d/01-sched-fluxion
2023-05-18T18:18:26.628087620Z broker.info[1]: rc1.0: running /etc/flux/rc1.d/02-cron
2023-05-18T18:18:26.657368780Z broker.info[1]: rc1.0: /etc/flux/rc1 Exited (rc=0) 0.2s
2023-05-18T18:18:26.658385226Z broker.info[1]: rc1-success: init->quorum 0.2052s
2023-05-18T18:18:26.861792283Z broker.info[1]: quorum-full: quorum->run 0.203006s
2023-05-18T18:18:37.529731559Z broker.info[1]: shutdown: run->cleanup 10.6674s
2023-05-18T18:18:37.532153369Z broker.info[1]: cleanup-none: cleanup->shutdown 1.41952ms
2023-05-18T18:18:37.533861167Z broker.info[1]: children-none: shutdown->finalize 1.22591ms
2023-05-18T18:18:37.534618624Z 18:18:37.533945 socketpair(AF_UNIX, SOCK_STREAM|SOCK_CLOEXEC, 0, [22, 23]) = 0
2023-05-18T18:18:37.535156623Z 18:18:37.534298 socketpair(AF_UNIX, SOCK_STREAM, 0, [24, 25]) = 0
2023-05-18T18:18:37.535861583Z 18:18:37.534697 socketpair(AF_UNIX, SOCK_STREAM, 0, [26, 28]) = 0
2023-05-18T18:18:37.535880598Z 18:18:37.535239 socketpair(AF_UNIX, SOCK_STREAM, 0, [58, 59]) = 0
2023-05-18T18:18:37.557867898Z broker.info[1]: rc3.0: running /etc/flux/rc3.d/01-sched-fluxion
2023-05-18T18:18:37.689404945Z broker.info[1]: rc3.0: /etc/flux/rc3 Exited (rc=0) 0.1s
2023-05-18T18:18:37.690438912Z broker.info[1]: rc3-success: finalize->goodbye 0.156288s
2023-05-18T18:18:37.691882077Z broker.info[1]: goodbye: goodbye->exit 1.07871ms
2023-05-18T18:18:37.701760120Z 18:18:37.701519 +++ exited with 0 +++
2023-05-18T18:18:37.703250281Z Return value for follower worker is 0
2023-05-18T18:18:37.703279654Z The follower worker exited cleanly. Goodbye!
