2023-05-18T18:48:21.509020702Z
2023-05-18T18:48:21.509100109Z Flux username: flux
2023-05-18T18:48:21.509108943Z
2023-05-18T18:48:21.509115839Z Flux install root: /usr
2023-05-18T18:48:21.559140360Z flux user is already added.
2023-05-18T18:48:21.563058787Z flux user identifiers:
2023-05-18T18:48:21.563102395Z uid=1234(flux) gid=1234(flux) groups=1234(flux)
2023-05-18T18:48:21.563110501Z
2023-05-18T18:48:21.563118690Z As Flux prefix for flux commands: sudo -u flux -E PYTHONPATH=/opt/conda/lib/python3.10/site-packages -E PATH=/opt/conda/bin:/usr/local/sbin:/usr/local/bin:/usr/sbin:/usr/bin:/sbin:/bin -E LD_LIBRARY_PATH=/opt/conda/lib -E HOME=/home/flux
2023-05-18T18:48:21.570901218Z
2023-05-18T18:48:21.570957119Z 👋 Hello, I'm flux-sample-2
2023-05-18T18:48:21.570966059Z The main host is flux-sample-0
2023-05-18T18:48:21.570974415Z The working directory is /home/flux/examples/reaxff/HNS, contents include:
2023-05-18T18:48:21.572839511Z /home/flux/examples/reaxff/HNS:
2023-05-18T18:48:21.573049267Z README.txt	ffield.reax.hns  log.8Mar18.reaxc.hns.g++.1
2023-05-18T18:48:21.573064422Z data.hns-equil	in.reaxc.hns	 log.8Mar18.reaxc.hns.g++.4
2023-05-18T18:48:21.573216507Z End of file listing, if you see nothing above there are no files.
2023-05-18T18:48:21.575460768Z flux R encode --hosts=flux-sample-[0-3]
2023-05-18T18:48:21.595411891Z
2023-05-18T18:48:21.595448225Z 📦 Resources
2023-05-18T18:48:21.596968518Z {"version": 1, "execution": {"R_lite": [{"rank": "0-3", "children": {"core": "0"}}], "starttime": 0.0, "expiration": 0.0, "nodelist": ["flux-sample-[0-3]"]}}
2023-05-18T18:48:21.597929305Z
2023-05-18T18:48:21.597964688Z 🐸 Diagnostics: false
2023-05-18T18:48:21.597971519Z 🚩️ Flux Option Flags defined
2023-05-18T18:48:21.604573769Z
2023-05-18T18:48:21.604600936Z 🦊 Independent Minister of Privilege
2023-05-18T18:48:21.606126681Z [exec]
2023-05-18T18:48:21.606146538Z allowed-users = [ "flux", "root" ]
2023-05-18T18:48:21.606153597Z allowed-shells = [ "/usr/libexec/flux/flux-shell" ]
2023-05-18T18:48:21.606401202Z
2023-05-18T18:48:21.606416768Z 🐸 Broker Configuration
2023-05-18T18:48:21.608109762Z # Flux needs to know the path to the IMP executable
2023-05-18T18:48:21.608129412Z [exec]
2023-05-18T18:48:21.608139308Z imp = "/usr/libexec/flux/flux-imp"
2023-05-18T18:48:21.608146874Z
2023-05-18T18:48:21.608153626Z [access]
2023-05-18T18:48:21.608160414Z allow-guest-user = true
2023-05-18T18:48:21.608164617Z allow-root-owner = true
2023-05-18T18:48:21.608169749Z
2023-05-18T18:48:21.608176418Z # Point to resource definition generated with flux-R(1).
2023-05-18T18:48:21.608183696Z [resource]
2023-05-18T18:48:21.608192848Z path = "/etc/flux/system/R"
2023-05-18T18:48:21.608200525Z
2023-05-18T18:48:21.608207432Z [bootstrap]
2023-05-18T18:48:21.608214854Z curve_cert = "/etc/curve/curve.cert"
2023-05-18T18:48:21.608221788Z default_port = 8050
2023-05-18T18:48:21.608228540Z default_bind = "tcp://eth0:%p"
2023-05-18T18:48:21.608236198Z default_connect = "tcp://%h.flux-service.flux-operator.svc.cluster.local:%p"
2023-05-18T18:48:21.608243136Z hosts = [
2023-05-18T18:48:21.608251503Z 	{ host="flux-sample-[0-3]"},
2023-05-18T18:48:21.608258663Z ]
2023-05-18T18:48:21.608262739Z
2023-05-18T18:48:21.608266874Z [archive]
2023-05-18T18:48:21.608270992Z dbpath = "/var/lib/flux/job-archive.sqlite"
2023-05-18T18:48:21.608275052Z period = "1m"
2023-05-18T18:48:21.693059742Z busytimeout = "50s"
2023-05-18T18:48:21.693092467Z 🧊️ State Directory:
2023-05-18T18:48:21.693099482Z total 0
2023-05-18T18:48:21.693104906Z
2023-05-18T18:48:21.697013273Z
2023-05-18T18:48:21.697088636Z 🔒️ Working directory permissions:
2023-05-18T18:48:21.697098415Z total 96
2023-05-18T18:48:21.697105569Z -rwxrwxrwx 1 flux root  2517 May 17 22:32 README.txt
2023-05-18T18:48:21.697111421Z -rwxrwxrwx 1 flux root 54692 May 17 22:32 data.hns-equil
2023-05-18T18:48:21.697117027Z -rwxrwxrwx 1 flux root 13576 May 17 22:32 ffield.reax.hns
2023-05-18T18:48:21.697152689Z -rwxrwxrwx 1 flux root   870 May 17 22:32 in.reaxc.hns
2023-05-18T18:48:21.697160580Z -rwxrwxrwx 1 flux root  4172 May 17 22:32 log.8Mar18.reaxc.hns.g++.1
2023-05-18T18:48:21.697166481Z -rwxrwxrwx 1 flux root  4168 May 17 22:32 log.8Mar18.reaxc.hns.g++.4
2023-05-18T18:48:21.697171338Z
2023-05-18T18:48:21.697175830Z
2023-05-18T18:48:21.697183562Z ✨ Curve certificate generated by helper pod
2023-05-18T18:48:21.698615613Z #   ****  Generated on 2023-04-26 22:54:42 by CZMQ  ****
2023-05-18T18:48:21.698638214Z #   ZeroMQ CURVE **Secret** Certificate
2023-05-18T18:48:21.698644391Z #   DO NOT PROVIDE THIS FILE TO OTHER USERS nor change its permissions.
2023-05-18T18:48:21.698649397Z
2023-05-18T18:48:21.698656923Z metadata
2023-05-18T18:48:21.698664079Z     name = "flux-cert-generator"
2023-05-18T18:48:21.698669198Z     keygen.hostname = "flux-sample-0"
2023-05-18T18:48:21.698674090Z curve
2023-05-18T18:48:21.698679235Z     public-key = "g8xWI}WinqJ/CM*AAbn++V5DVj!=aJ5?gRd02H[)"
2023-05-18T18:48:21.698684139Z     secret-key = "o:NF}x@sX7aWb2xxfAOBi2BFc@4m=6<!Y?=Tw-3q"
2023-05-18T18:48:21.700622486Z
2023-05-18T18:48:21.700649836Z 🌀  flux start --wrap=strace,-e,network,-tt -o --config /etc/flux/config -Scron.directory=/etc/flux/system/cron.d   -Stbon.fanout=256   -Srundir=/run/flux    -Sstatedir=/var/lib/flux   -Slocal-uri=local:///run/flux/local -Stbon.connect_timeout=6s  -Stbon.zmqdebug=1  -Slog-stderr-level=6    -Slog-stderr-mode=local
2023-05-18T18:48:21.752565888Z 18:48:21.752037 socket(AF_NETLINK, SOCK_RAW, NETLINK_ROUTE) = 8
2023-05-18T18:48:21.752600426Z 18:48:21.752383 bind(8, {sa_family=AF_NETLINK, nl_pid=0, nl_groups=00000000}, 12) = 0
2023-05-18T18:48:21.752754847Z 18:48:21.752566 getsockname(8, {sa_family=AF_NETLINK, nl_pid=71, nl_groups=00000000}, [12]) = 0
2023-05-18T18:48:21.753138040Z 18:48:21.752654 sendto(8, {{len=20, type=RTM_GETADDR, flags=NLM_F_REQUEST|NLM_F_DUMP, seq=1684435701, pid=0}, {ifa_family=AF_UNSPEC, ...}}, 20, 0, {sa_family=AF_NETLINK, nl_pid=0, nl_groups=00000000}, 12) = 20
2023-05-18T18:48:21.753578071Z 18:48:21.753115 recvmsg(8, {msg_name={sa_family=AF_NETLINK, nl_pid=0, nl_groups=00000000}, msg_namelen=12, msg_iov=[{iov_base=[{{len=76, type=RTM_NEWADDR, flags=NLM_F_MULTI, seq=1684435701, pid=71}, {ifa_family=AF_INET, ifa_prefixlen=8, ifa_flags=IFA_F_PERMANENT, ifa_scope=RT_SCOPE_HOST, ifa_index=if_nametoindex("lo")}, [{{nla_len=8, nla_type=IFA_ADDRESS}, 127.0.0.1}, {{nla_len=8, nla_type=IFA_LOCAL}, 127.0.0.1}, {{nla_len=7, nla_type=IFA_LABEL}, "lo"}, {{nla_len=8, nla_type=IFA_FLAGS}, IFA_F_PERMANENT}, {{nla_len=20, nla_type=IFA_CACHEINFO}, {ifa_prefered=4294967295, ifa_valid=4294967295, cstamp=1624728, tstamp=1624728}}]}, {{len=88, type=RTM_NEWADDR, flags=NLM_F_MULTI, seq=1684435701, pid=71}, {ifa_family=AF_INET, ifa_prefixlen=24, ifa_flags=IFA_F_PERMANENT, ifa_scope=RT_SCOPE_UNIVERSE, ifa_index=if_nametoindex("eth0")}, [{{nla_len=8, nla_type=IFA_ADDRESS}, 10.24.0.114}, {{nla_len=8, nla_type=IFA_LOCAL}, 10.24.0.114}, {{nla_len=8, nla_type=IFA_BROADCAST}, 10.24.0.255}, {{nla_len=9, nla_type=IFA_LABEL}, "eth0"}, {{nla_len=8, nla_type=IFA_FLAGS}, IFA_F_PERMANENT}, {{nla_len=20, nla_type=IFA_CACHEINFO}, {ifa_prefered=4294967295, ifa_valid=4294967295, cstamp=1624731, tstamp=1624731}}]}], iov_len=4096}], msg_iovlen=1, msg_controllen=0, msg_flags=0}, 0) = 164
2023-05-18T18:48:21.753845621Z 18:48:21.753570 recvmsg(8, {msg_name={sa_family=AF_NETLINK, nl_pid=0, nl_groups=00000000}, msg_namelen=12, msg_iov=[{iov_base={{len=20, type=NLMSG_DONE, flags=NLM_F_MULTI, seq=1684435701, pid=71}, 0}, iov_len=4096}], msg_iovlen=1, msg_controllen=0, msg_flags=0}, 0) = 20
2023-05-18T18:48:21.754478225Z 18:48:21.754251 socket(AF_UNIX, SOCK_STREAM|SOCK_CLOEXEC|SOCK_NONBLOCK, 0) = 8
2023-05-18T18:48:21.754703835Z 18:48:21.754507 connect(8, {sa_family=AF_UNIX, sun_path="/var/run/nscd/socket"}, 110) = -1 ENOENT (No such file or directory)
2023-05-18T18:48:21.755015435Z 18:48:21.754751 socket(AF_UNIX, SOCK_STREAM|SOCK_CLOEXEC|SOCK_NONBLOCK, 0) = 8
2023-05-18T18:48:21.755097953Z 18:48:21.754904 connect(8, {sa_family=AF_UNIX, sun_path="/var/run/nscd/socket"}, 110) = -1 ENOENT (No such file or directory)
2023-05-18T18:48:21.756690352Z 18:48:21.756321 socket(AF_INET, SOCK_DGRAM|SOCK_CLOEXEC|SOCK_NONBLOCK, IPPROTO_IP) = 8
2023-05-18T18:48:21.756721151Z 18:48:21.756452 connect(8, {sa_family=AF_INET, sin_port=htons(53), sin_addr=inet_addr("169.254.169.254")}, 16) = 0
2023-05-18T18:48:21.757188135Z 18:48:21.756662 sendto(8, "C\23\1\0\0\1\0\0\0\0\0\0\rflux-sample-0\fflux-"..., 76, MSG_NOSIGNAL, NULL, 0) = 76
2023-05-18T18:48:21.760477282Z 18:48:21.760218 recvfrom(8, "C\23\201\200\0\1\0\1\0\0\0\0\rflux-sample-0\fflux-"..., 1024, 0, {sa_family=AF_INET, sin_port=htons(53), sin_addr=inet_addr("169.254.169.254")}, [28->16]) = 92
2023-05-18T18:48:21.765891898Z broker.info[2]: start: none->join 2.19732ms
2023-05-18T18:48:21.777908478Z broker.info[2]: parent-ready: join->init 11.6813ms
2023-05-18T18:48:21.778450846Z 18:48:21.778070 socketpair(AF_UNIX, SOCK_STREAM|SOCK_CLOEXEC, 0, [22, 23]) = 0
2023-05-18T18:48:21.778851807Z 18:48:21.778512 socketpair(AF_UNIX, SOCK_STREAM, 0, [24, 25]) = 0
2023-05-18T18:48:21.779202803Z 18:48:21.779027 socketpair(AF_UNIX, SOCK_STREAM, 0, [26, 27]) = 0
2023-05-18T18:48:21.779556978Z 18:48:21.779331 socketpair(AF_UNIX, SOCK_STREAM, 0, [28, 29]) = 0
2023-05-18T18:48:21.807457818Z broker.info[2]: configuration updated
2023-05-18T18:48:21.943354292Z broker.info[2]: rc1.0: running /etc/flux/rc1.d/01-sched-fluxion
2023-05-18T18:48:21.957651619Z broker.info[2]: rc1.0: running /etc/flux/rc1.d/02-cron
2023-05-18T18:48:21.995211736Z broker.info[2]: rc1.0: /etc/flux/rc1 Exited (rc=0) 0.2s
2023-05-18T18:48:21.996115103Z broker.info[2]: rc1-success: init->quorum 0.217686s
2023-05-18T18:48:27.022425785Z broker.info[2]: quorum-full: quorum->run 5.02624s
2023-05-18T18:48:39.208162163Z broker.info[2]: shutdown: run->cleanup 12.1852s
2023-05-18T18:48:39.209891433Z broker.info[2]: cleanup-none: cleanup->shutdown 1.19959ms
2023-05-18T18:48:39.210955091Z broker.info[2]: children-none: shutdown->finalize 1.16493ms
2023-05-18T18:48:39.211915536Z 18:48:39.211019 socketpair(AF_UNIX, SOCK_STREAM|SOCK_CLOEXEC, 0, [22, 23]) = 0
2023-05-18T18:48:39.211944002Z 18:48:39.211255 socketpair(AF_UNIX, SOCK_STREAM, 0, [24, 25]) = 0
2023-05-18T18:48:39.211951416Z 18:48:39.211516 socketpair(AF_UNIX, SOCK_STREAM, 0, [26, 28]) = 0
2023-05-18T18:48:39.212006330Z 18:48:39.211761 socketpair(AF_UNIX, SOCK_STREAM, 0, [58, 59]) = 0
2023-05-18T18:48:39.231841345Z broker.info[2]: rc3.0: running /etc/flux/rc3.d/01-sched-fluxion
2023-05-18T18:48:39.392434831Z broker.info[2]: rc3.0: /etc/flux/rc3 Exited (rc=0) 0.2s
2023-05-18T18:48:39.393696088Z broker.info[2]: rc3-success: finalize->goodbye 0.182442s
2023-05-18T18:48:39.395072545Z broker.info[2]: goodbye: goodbye->exit 1.06525ms
2023-05-18T18:48:39.403528551Z 18:48:39.403312 +++ exited with 0 +++
2023-05-18T18:48:39.404918799Z Return value for follower worker is 0
2023-05-18T18:48:39.404945188Z The follower worker exited cleanly. Goodbye!
