2023-05-18T19:42:40.973793691Z
2023-05-18T19:42:40.973897746Z Flux username: flux
2023-05-18T19:42:40.973905587Z
2023-05-18T19:42:40.973913235Z Flux install root: /usr
2023-05-18T19:42:41.043057454Z flux user is already added.
2023-05-18T19:42:41.048366249Z flux user identifiers:
2023-05-18T19:42:41.048692147Z uid=1234(flux) gid=1234(flux) groups=1234(flux)
2023-05-18T19:42:41.048709784Z
2023-05-18T19:42:41.048719751Z As Flux prefix for flux commands: sudo -u flux -E PYTHONPATH=/opt/conda/lib/python3.10/site-packages -E PATH=/opt/conda/bin:/usr/local/sbin:/usr/local/bin:/usr/sbin:/usr/bin:/sbin:/bin -E LD_LIBRARY_PATH=/opt/conda/lib -E HOME=/home/flux
2023-05-18T19:42:41.059730425Z
2023-05-18T19:42:41.059822957Z ðŸ‘‹ Hello, I'm flux-sample-3
2023-05-18T19:42:41.060061669Z The main host is flux-sample-0
2023-05-18T19:42:41.060075027Z The working directory is /home/flux/examples/reaxff/HNS, contents include:
2023-05-18T19:42:41.061951185Z /home/flux/examples/reaxff/HNS:
2023-05-18T19:42:41.062163627Z README.txt	ffield.reax.hns  log.8Mar18.reaxc.hns.g++.1
2023-05-18T19:42:41.062180848Z data.hns-equil	in.reaxc.hns	 log.8Mar18.reaxc.hns.g++.4
2023-05-18T19:42:41.062406927Z End of file listing, if you see nothing above there are no files.
2023-05-18T19:42:41.064299668Z flux R encode --hosts=flux-sample-[0-3]
2023-05-18T19:42:41.083276241Z
2023-05-18T19:42:41.083344699Z ðŸ“¦ Resources
2023-05-18T19:42:41.085546603Z {"version": 1, "execution": {"R_lite": [{"rank": "0-3", "children": {"core": "0"}}], "starttime": 0.0, "expiration": 0.0, "nodelist": ["flux-sample-[0-3]"]}}
2023-05-18T19:42:41.086106699Z
2023-05-18T19:42:41.086179993Z ðŸ¸ Diagnostics: false
2023-05-18T19:42:41.086598389Z ðŸš©ï¸ Flux Option Flags defined
2023-05-18T19:42:41.091622485Z
2023-05-18T19:42:41.091680652Z ðŸ¦Š Independent Minister of Privilege
2023-05-18T19:42:41.094164368Z [exec]
2023-05-18T19:42:41.094211939Z allowed-users = [ "flux", "root" ]
2023-05-18T19:42:41.094220123Z allowed-shells = [ "/usr/libexec/flux/flux-shell" ]
2023-05-18T19:42:41.094684806Z
2023-05-18T19:42:41.094704441Z ðŸ¸ Broker Configuration
2023-05-18T19:42:41.096912899Z # Flux needs to know the path to the IMP executable
2023-05-18T19:42:41.096948033Z [exec]
2023-05-18T19:42:41.096953617Z imp = "/usr/libexec/flux/flux-imp"
2023-05-18T19:42:41.096957168Z
2023-05-18T19:42:41.096960401Z [access]
2023-05-18T19:42:41.096966678Z allow-guest-user = true
2023-05-18T19:42:41.096973110Z allow-root-owner = true
2023-05-18T19:42:41.096978575Z
2023-05-18T19:42:41.096984333Z # Point to resource definition generated with flux-R(1).
2023-05-18T19:42:41.096989921Z [resource]
2023-05-18T19:42:41.096997873Z path = "/etc/flux/system/R"
2023-05-18T19:42:41.097002674Z
2023-05-18T19:42:41.097008307Z [bootstrap]
2023-05-18T19:42:41.097015518Z curve_cert = "/etc/curve/curve.cert"
2023-05-18T19:42:41.097022337Z default_port = 8050
2023-05-18T19:42:41.097027142Z default_bind = "tcp://eth0:%p"
2023-05-18T19:42:41.097033253Z default_connect = "tcp://%h.flux-service.flux-operator.svc.cluster.local:%p"
2023-05-18T19:42:41.097038574Z hosts = [
2023-05-18T19:42:41.097043693Z 	{ host="flux-sample-[0-3]"},
2023-05-18T19:42:41.097047168Z ]
2023-05-18T19:42:41.097050135Z
2023-05-18T19:42:41.097055268Z [archive]
2023-05-18T19:42:41.097060222Z dbpath = "/var/lib/flux/job-archive.sqlite"
2023-05-18T19:42:41.097064000Z period = "1m"
2023-05-18T19:42:41.208339515Z busytimeout = "50s"
2023-05-18T19:42:41.208385708Z ðŸ§Šï¸ State Directory:
2023-05-18T19:42:41.208393410Z total 0
2023-05-18T19:42:41.208398925Z
2023-05-18T19:42:41.214246334Z
2023-05-18T19:42:41.214330708Z ðŸ”’ï¸ Working directory permissions:
2023-05-18T19:42:41.214337126Z total 96
2023-05-18T19:42:41.214355500Z -rwxrwxrwx 1 flux root  2517 May 17 22:32 README.txt
2023-05-18T19:42:41.214362521Z -rwxrwxrwx 1 flux root 54692 May 17 22:32 data.hns-equil
2023-05-18T19:42:41.214379040Z -rwxrwxrwx 1 flux root 13576 May 17 22:32 ffield.reax.hns
2023-05-18T19:42:41.214385254Z -rwxrwxrwx 1 flux root   870 May 17 22:32 in.reaxc.hns
2023-05-18T19:42:41.214391864Z -rwxrwxrwx 1 flux root  4172 May 17 22:32 log.8Mar18.reaxc.hns.g++.1
2023-05-18T19:42:41.214397462Z -rwxrwxrwx 1 flux root  4168 May 17 22:32 log.8Mar18.reaxc.hns.g++.4
2023-05-18T19:42:41.214402410Z
2023-05-18T19:42:41.214420072Z
2023-05-18T19:42:41.214427960Z âœ¨ Curve certificate generated by helper pod
2023-05-18T19:42:41.216418118Z #   ****  Generated on 2023-04-26 22:54:42 by CZMQ  ****
2023-05-18T19:42:41.216457332Z #   ZeroMQ CURVE **Secret** Certificate
2023-05-18T19:42:41.216465068Z #   DO NOT PROVIDE THIS FILE TO OTHER USERS nor change its permissions.
2023-05-18T19:42:41.216470909Z
2023-05-18T19:42:41.216477135Z metadata
2023-05-18T19:42:41.216482689Z     name = "flux-cert-generator"
2023-05-18T19:42:41.216489872Z     keygen.hostname = "flux-sample-0"
2023-05-18T19:42:41.216496419Z curve
2023-05-18T19:42:41.216502353Z     public-key = "=+?efABuPAnr*h(KQ3&bXA5$b[%2rBkx>>*=eX.m"
2023-05-18T19:42:41.216507300Z     secret-key = "4(gfxW>8K$6zO0!i[78QjlDc{<8[qj.[mDyipq)B"
2023-05-18T19:42:41.219079092Z
2023-05-18T19:42:41.219151549Z ðŸŒ€  flux start --wrap=strace,-e,network,-tt -o --config /etc/flux/config -Scron.directory=/etc/flux/system/cron.d   -Stbon.fanout=256   -Srundir=/run/flux    -Sstatedir=/var/lib/flux   -Slocal-uri=local:///run/flux/local   -Stbon.zmqdebug=1  -Slog-stderr-level=6    -Slog-stderr-mode=local
2023-05-18T19:42:41.271142205Z 19:42:41.270559 socket(AF_NETLINK, SOCK_RAW, NETLINK_ROUTE) = 8
2023-05-18T19:42:41.271454390Z 19:42:41.270825 bind(8, {sa_family=AF_NETLINK, nl_pid=0, nl_groups=00000000}, 12) = 0
2023-05-18T19:42:41.271902868Z 19:42:41.271557 getsockname(8, {sa_family=AF_NETLINK, nl_pid=70, nl_groups=00000000}, [12]) = 0
2023-05-18T19:42:41.272685581Z 19:42:41.271829 sendto(8, {{len=20, type=RTM_GETADDR, flags=NLM_F_REQUEST|NLM_F_DUMP, seq=1684438961, pid=0}, {ifa_family=AF_UNSPEC, ...}}, 20, 0, {sa_family=AF_NETLINK, nl_pid=0, nl_groups=00000000}, 12) = 20
2023-05-18T19:42:41.273491610Z 19:42:41.272743 recvmsg(8, {msg_name={sa_family=AF_NETLINK, nl_pid=0, nl_groups=00000000}, msg_namelen=12, msg_iov=[{iov_base=[{{len=76, type=RTM_NEWADDR, flags=NLM_F_MULTI, seq=1684438961, pid=70}, {ifa_family=AF_INET, ifa_prefixlen=8, ifa_flags=IFA_F_PERMANENT, ifa_scope=RT_SCOPE_HOST, ifa_index=if_nametoindex("lo")}, [{{nla_len=8, nla_type=IFA_ADDRESS}, 127.0.0.1}, {{nla_len=8, nla_type=IFA_LOCAL}, 127.0.0.1}, {{nla_len=7, nla_type=IFA_LABEL}, "lo"}, {{nla_len=8, nla_type=IFA_FLAGS}, IFA_F_PERMANENT}, {{nla_len=20, nla_type=IFA_CACHEINFO}, {ifa_prefered=4294967295, ifa_valid=4294967295, cstamp=1950424, tstamp=1950424}}]}, {{len=88, type=RTM_NEWADDR, flags=NLM_F_MULTI, seq=1684438961, pid=70}, {ifa_family=AF_INET, ifa_prefixlen=24, ifa_flags=IFA_F_PERMANENT, ifa_scope=RT_SCOPE_UNIVERSE, ifa_index=if_nametoindex("eth0")}, [{{nla_len=8, nla_type=IFA_ADDRESS}, 10.24.3.228}, {{nla_len=8, nla_type=IFA_LOCAL}, 10.24.3.228}, {{nla_len=8, nla_type=IFA_BROADCAST}, 10.24.3.255}, {{nla_len=9, nla_type=IFA_LABEL}, "eth0"}, {{nla_len=8, nla_type=IFA_FLAGS}, IFA_F_PERMANENT}, {{nla_len=20, nla_type=IFA_CACHEINFO}, {ifa_prefered=4294967295, ifa_valid=4294967295, cstamp=1950429, tstamp=1950429}}]}], iov_len=4096}], msg_iovlen=1, msg_controllen=0, msg_flags=0}, 0) = 164
2023-05-18T19:42:41.274337257Z 19:42:41.273385 recvmsg(8, {msg_name={sa_family=AF_NETLINK, nl_pid=0, nl_groups=00000000}, msg_namelen=12, msg_iov=[{iov_base={{len=20, type=NLMSG_DONE, flags=NLM_F_MULTI, seq=1684438961, pid=70}, 0}, iov_len=4096}], msg_iovlen=1, msg_controllen=0, msg_flags=0}, 0) = 20
2023-05-18T19:42:41.274760960Z 19:42:41.274566 socket(AF_UNIX, SOCK_STREAM|SOCK_CLOEXEC|SOCK_NONBLOCK, 0) = 8
2023-05-18T19:42:41.274908949Z 19:42:41.274667 connect(8, {sa_family=AF_UNIX, sun_path="/var/run/nscd/socket"}, 110) = -1 ENOENT (No such file or directory)
2023-05-18T19:42:41.275092784Z 19:42:41.274893 socket(AF_UNIX, SOCK_STREAM|SOCK_CLOEXEC|SOCK_NONBLOCK, 0) = 8
2023-05-18T19:42:41.275225962Z 19:42:41.274981 connect(8, {sa_family=AF_UNIX, sun_path="/var/run/nscd/socket"}, 110) = -1 ENOENT (No such file or directory)
2023-05-18T19:42:41.276788279Z 19:42:41.276521 socket(AF_INET, SOCK_DGRAM|SOCK_CLOEXEC|SOCK_NONBLOCK, IPPROTO_IP) = 8
2023-05-18T19:42:41.276809644Z 19:42:41.276618 connect(8, {sa_family=AF_INET, sin_port=htons(53), sin_addr=inet_addr("169.254.169.254")}, 16) = 0
2023-05-18T19:42:41.277558645Z 19:42:41.276800 sendto(8, "H\23\1\0\0\1\0\0\0\0\0\0\rflux-sample-0\fflux-"..., 76, MSG_NOSIGNAL, NULL, 0) = 76
2023-05-18T19:42:41.282085683Z 19:42:41.281356 recvfrom(8, "H\23\201\200\0\1\0\1\0\0\0\0\rflux-sample-0\fflux-"..., 1024, 0, {sa_family=AF_INET, sin_port=htons(53), sin_addr=inet_addr("169.254.169.254")}, [28->16]) = 92
2023-05-18T19:42:41.288784462Z broker.info[3]: start: none->join 2.62024ms
2023-05-18T19:42:41.485642083Z broker.info[3]: parent-ready: join->init 0.196739s
2023-05-18T19:42:41.486334551Z 19:42:41.485940 socketpair(AF_UNIX, SOCK_STREAM|SOCK_CLOEXEC, 0, [22, 23]) = 0
2023-05-18T19:42:41.486737024Z 19:42:41.486367 socketpair(AF_UNIX, SOCK_STREAM, 0, [24, 25]) = 0
2023-05-18T19:42:41.487290569Z 19:42:41.486927 socketpair(AF_UNIX, SOCK_STREAM, 0, [26, 27]) = 0
2023-05-18T19:42:41.487716131Z 19:42:41.487486 socketpair(AF_UNIX, SOCK_STREAM, 0, [28, 29]) = 0
2023-05-18T19:42:41.525714452Z broker.info[3]: configuration updated
2023-05-18T19:42:41.707913146Z broker.info[3]: rc1.0: running /etc/flux/rc1.d/01-sched-fluxion
2023-05-18T19:42:41.734336014Z broker.info[3]: rc1.0: running /etc/flux/rc1.d/02-cron
2023-05-18T19:42:41.776406553Z broker.info[3]: rc1.0: /etc/flux/rc1 Exited (rc=0) 0.3s
2023-05-18T19:42:41.778604443Z broker.info[3]: rc1-success: init->quorum 0.292385s
2023-05-18T19:43:11.444799304Z broker.info[3]: quorum-full: quorum->run 29.6656s
2023-05-18T19:43:12.017776238Z 19:43:12.016102 socketpair(AF_UNIX, SOCK_STREAM|SOCK_CLOEXEC, 0, [22, 23]) = 0
2023-05-18T19:43:12.017933738Z 19:43:12.016411 socketpair(AF_UNIX, SOCK_STREAM, 0, [24, 25]) = 0
2023-05-18T19:43:12.017945230Z 19:43:12.016610 socketpair(AF_UNIX, SOCK_STREAM, 0, [26, 28]) = 0
2023-05-18T19:43:12.017954814Z 19:43:12.016799 socketpair(AF_UNIX, SOCK_STREAM, 0, [58, 59]) = 0
2023-05-18T19:43:25.481258047Z broker.info[3]: shutdown: run->cleanup 14.0345s
2023-05-18T19:43:25.487997411Z broker.info[3]: cleanup-none: cleanup->shutdown 1.60228ms
2023-05-18T19:43:25.490200256Z broker.info[3]: children-none: shutdown->finalize 1.27512ms
2023-05-18T19:43:25.491164930Z 19:43:25.490754 socketpair(AF_UNIX, SOCK_STREAM|SOCK_CLOEXEC, 0, [22, 23]) = 0
2023-05-18T19:43:25.491744447Z 19:43:25.491290 socketpair(AF_UNIX, SOCK_STREAM, 0, [24, 25]) = 0
2023-05-18T19:43:25.492538173Z 19:43:25.492186 socketpair(AF_UNIX, SOCK_STREAM, 0, [26, 28]) = 0
2023-05-18T19:43:25.493360178Z 19:43:25.493002 socketpair(AF_UNIX, SOCK_STREAM, 0, [58, 59]) = 0
2023-05-18T19:43:25.518245519Z broker.info[3]: rc3.0: running /etc/flux/rc3.d/01-sched-fluxion
2023-05-18T19:43:25.706892797Z broker.info[3]: rc3.0: /etc/flux/rc3 Exited (rc=0) 0.2s
2023-05-18T19:43:25.708970095Z broker.info[3]: rc3-success: finalize->goodbye 0.21785s
2023-05-18T19:43:25.711378528Z broker.info[3]: goodbye: goodbye->exit 1.22272ms
2023-05-18T19:43:25.730356855Z 19:43:25.729725 +++ exited with 0 +++
2023-05-18T19:43:25.732854346Z Return value for follower worker is 0
2023-05-18T19:43:25.732972851Z The follower worker exited cleanly. Goodbye!
