2023-05-18T18:28:40.327878265Z
2023-05-18T18:28:40.328096371Z Flux username: flux
2023-05-18T18:28:40.328116831Z
2023-05-18T18:28:40.328137841Z Flux install root: /usr
2023-05-18T18:28:40.377612972Z flux user is already added.
2023-05-18T18:28:40.380676936Z flux user identifiers:
2023-05-18T18:28:40.380712364Z uid=1234(flux) gid=1234(flux) groups=1234(flux)
2023-05-18T18:28:40.380718038Z
2023-05-18T18:28:40.380723575Z As Flux prefix for flux commands: sudo -u flux -E PYTHONPATH=/opt/conda/lib/python3.10/site-packages -E PATH=/opt/conda/bin:/usr/local/sbin:/usr/local/bin:/usr/sbin:/usr/bin:/sbin:/bin -E LD_LIBRARY_PATH=/opt/conda/lib -E HOME=/home/flux
2023-05-18T18:28:40.388444085Z
2023-05-18T18:28:40.388483835Z 👋 Hello, I'm flux-sample-3
2023-05-18T18:28:40.388632370Z The main host is flux-sample-0
2023-05-18T18:28:40.388645030Z The working directory is /home/flux/examples/reaxff/HNS, contents include:
2023-05-18T18:28:40.390610575Z /home/flux/examples/reaxff/HNS:
2023-05-18T18:28:40.390633223Z README.txt	ffield.reax.hns  log.8Mar18.reaxc.hns.g++.1
2023-05-18T18:28:40.390639051Z data.hns-equil	in.reaxc.hns	 log.8Mar18.reaxc.hns.g++.4
2023-05-18T18:28:40.391220852Z End of file listing, if you see nothing above there are no files.
2023-05-18T18:28:40.393260562Z flux R encode --hosts=flux-sample-[0-3]
2023-05-18T18:28:40.407482375Z
2023-05-18T18:28:40.407517655Z 📦 Resources
2023-05-18T18:28:40.409401080Z {"version": 1, "execution": {"R_lite": [{"rank": "0-3", "children": {"core": "0"}}], "starttime": 0.0, "expiration": 0.0, "nodelist": ["flux-sample-[0-3]"]}}
2023-05-18T18:28:40.409735331Z
2023-05-18T18:28:40.409764187Z 🐸 Diagnostics: false
2023-05-18T18:28:40.409956926Z 🚩️ Flux Option Flags defined
2023-05-18T18:28:40.415364291Z
2023-05-18T18:28:40.415397796Z 🦊 Independent Minister of Privilege
2023-05-18T18:28:40.416653899Z [exec]
2023-05-18T18:28:40.416675643Z allowed-users = [ "flux", "root" ]
2023-05-18T18:28:40.416681740Z allowed-shells = [ "/usr/libexec/flux/flux-shell" ]
2023-05-18T18:28:40.416820797Z
2023-05-18T18:28:40.416832742Z 🐸 Broker Configuration
2023-05-18T18:28:40.418083396Z # Flux needs to know the path to the IMP executable
2023-05-18T18:28:40.418101889Z [exec]
2023-05-18T18:28:40.418107614Z imp = "/usr/libexec/flux/flux-imp"
2023-05-18T18:28:40.418112402Z
2023-05-18T18:28:40.418117350Z [access]
2023-05-18T18:28:40.418158667Z allow-guest-user = true
2023-05-18T18:28:40.418165852Z allow-root-owner = true
2023-05-18T18:28:40.418172903Z
2023-05-18T18:28:40.418180374Z # Point to resource definition generated with flux-R(1).
2023-05-18T18:28:40.418185567Z [resource]
2023-05-18T18:28:40.418191375Z path = "/etc/flux/system/R"
2023-05-18T18:28:40.418195901Z
2023-05-18T18:28:40.418200649Z [bootstrap]
2023-05-18T18:28:40.418205637Z curve_cert = "/etc/curve/curve.cert"
2023-05-18T18:28:40.418209187Z default_port = 8050
2023-05-18T18:28:40.418214469Z default_bind = "tcp://eth0:%p"
2023-05-18T18:28:40.418220047Z default_connect = "tcp://%h.flux-service.flux-operator.svc.cluster.local:%p"
2023-05-18T18:28:40.418223711Z hosts = [
2023-05-18T18:28:40.418227043Z 	{ host="flux-sample-[0-3]"},
2023-05-18T18:28:40.418230353Z ]
2023-05-18T18:28:40.418233412Z
2023-05-18T18:28:40.418236488Z [archive]
2023-05-18T18:28:40.418239745Z dbpath = "/var/lib/flux/job-archive.sqlite"
2023-05-18T18:28:40.418245389Z period = "1m"
2023-05-18T18:28:40.501622532Z busytimeout = "50s"
2023-05-18T18:28:40.501660541Z 🧊️ State Directory:
2023-05-18T18:28:40.501668221Z total 0
2023-05-18T18:28:40.501675643Z
2023-05-18T18:28:40.505105405Z
2023-05-18T18:28:40.505177903Z 🔒️ Working directory permissions:
2023-05-18T18:28:40.505188628Z total 96
2023-05-18T18:28:40.505196373Z -rwxrwxrwx 1 flux root  2517 May 17 22:32 README.txt
2023-05-18T18:28:40.505204088Z -rwxrwxrwx 1 flux root 54692 May 17 22:32 data.hns-equil
2023-05-18T18:28:40.505210980Z -rwxrwxrwx 1 flux root 13576 May 17 22:32 ffield.reax.hns
2023-05-18T18:28:40.505219278Z -rwxrwxrwx 1 flux root   870 May 17 22:32 in.reaxc.hns
2023-05-18T18:28:40.505227399Z -rwxrwxrwx 1 flux root  4172 May 17 22:32 log.8Mar18.reaxc.hns.g++.1
2023-05-18T18:28:40.505235072Z -rwxrwxrwx 1 flux root  4168 May 17 22:32 log.8Mar18.reaxc.hns.g++.4
2023-05-18T18:28:40.505241635Z
2023-05-18T18:28:40.505424534Z
2023-05-18T18:28:40.505442193Z ✨ Curve certificate generated by helper pod
2023-05-18T18:28:40.507156868Z #   ****  Generated on 2023-04-26 22:54:42 by CZMQ  ****
2023-05-18T18:28:40.507183958Z #   ZeroMQ CURVE **Secret** Certificate
2023-05-18T18:28:40.507191416Z #   DO NOT PROVIDE THIS FILE TO OTHER USERS nor change its permissions.
2023-05-18T18:28:40.507198008Z
2023-05-18T18:28:40.507204715Z metadata
2023-05-18T18:28:40.507213040Z     name = "flux-cert-generator"
2023-05-18T18:28:40.507220435Z     keygen.hostname = "flux-sample-0"
2023-05-18T18:28:40.507227585Z curve
2023-05-18T18:28:40.507234282Z     public-key = "!<g^iVEFmWjIN8ZMSw2{J%!uAcY)qm.]nMSvRx^)"
2023-05-18T18:28:40.507241545Z     secret-key = "sbSls<3f2lu$ih:pG:G@il]#6*gbkcVCGww!bFe:"
2023-05-18T18:28:40.510015601Z
2023-05-18T18:28:40.510183344Z 🌀  flux start --wrap=strace,-e,network,-tt -o --config /etc/flux/config -Scron.directory=/etc/flux/system/cron.d   -Stbon.fanout=256   -Srundir=/run/flux    -Sstatedir=/var/lib/flux   -Slocal-uri=local:///run/flux/local -Stbon.connect_timeout=3s  -Stbon.zmqdebug=1  -Slog-stderr-level=6    -Slog-stderr-mode=local
2023-05-18T18:28:40.555734700Z 18:28:40.555403 socket(AF_NETLINK, SOCK_RAW, NETLINK_ROUTE) = 8
2023-05-18T18:28:40.555772582Z 18:28:40.555563 bind(8, {sa_family=AF_NETLINK, nl_pid=0, nl_groups=00000000}, 12) = 0
2023-05-18T18:28:40.555869931Z 18:28:40.555651 getsockname(8, {sa_family=AF_NETLINK, nl_pid=70, nl_groups=00000000}, [12]) = 0
2023-05-18T18:28:40.556101337Z 18:28:40.555728 sendto(8, {{len=20, type=RTM_GETADDR, flags=NLM_F_REQUEST|NLM_F_DUMP, seq=1684434520, pid=0}, {ifa_family=AF_UNSPEC, ...}}, 20, 0, {sa_family=AF_NETLINK, nl_pid=0, nl_groups=00000000}, 12) = 20
2023-05-18T18:28:40.556428389Z 18:28:40.556011 recvmsg(8, {msg_name={sa_family=AF_NETLINK, nl_pid=0, nl_groups=00000000}, msg_namelen=12, msg_iov=[{iov_base=[{{len=76, type=RTM_NEWADDR, flags=NLM_F_MULTI, seq=1684434520, pid=70}, {ifa_family=AF_INET, ifa_prefixlen=8, ifa_flags=IFA_F_PERMANENT, ifa_scope=RT_SCOPE_HOST, ifa_index=if_nametoindex("lo")}, [{{nla_len=8, nla_type=IFA_ADDRESS}, 127.0.0.1}, {{nla_len=8, nla_type=IFA_LOCAL}, 127.0.0.1}, {{nla_len=7, nla_type=IFA_LABEL}, "lo"}, {{nla_len=8, nla_type=IFA_FLAGS}, IFA_F_PERMANENT}, {{nla_len=20, nla_type=IFA_CACHEINFO}, {ifa_prefered=4294967295, ifa_valid=4294967295, cstamp=1506386, tstamp=1506386}}]}, {{len=88, type=RTM_NEWADDR, flags=NLM_F_MULTI, seq=1684434520, pid=70}, {ifa_family=AF_INET, ifa_prefixlen=24, ifa_flags=IFA_F_PERMANENT, ifa_scope=RT_SCOPE_UNIVERSE, ifa_index=if_nametoindex("eth0")}, [{{nla_len=8, nla_type=IFA_ADDRESS}, 10.24.3.69}, {{nla_len=8, nla_type=IFA_LOCAL}, 10.24.3.69}, {{nla_len=8, nla_type=IFA_BROADCAST}, 10.24.3.255}, {{nla_len=9, nla_type=IFA_LABEL}, "eth0"}, {{nla_len=8, nla_type=IFA_FLAGS}, IFA_F_PERMANENT}, {{nla_len=20, nla_type=IFA_CACHEINFO}, {ifa_prefered=4294967295, ifa_valid=4294967295, cstamp=1506390, tstamp=1506390}}]}], iov_len=4096}], msg_iovlen=1, msg_controllen=0, msg_flags=0}, 0) = 164
2023-05-18T18:28:40.556562742Z 18:28:40.556356 recvmsg(8, {msg_name={sa_family=AF_NETLINK, nl_pid=0, nl_groups=00000000}, msg_namelen=12, msg_iov=[{iov_base={{len=20, type=NLMSG_DONE, flags=NLM_F_MULTI, seq=1684434520, pid=70}, 0}, iov_len=4096}], msg_iovlen=1, msg_controllen=0, msg_flags=0}, 0) = 20
2023-05-18T18:28:40.557336985Z 18:28:40.557090 socket(AF_UNIX, SOCK_STREAM|SOCK_CLOEXEC|SOCK_NONBLOCK, 0) = 8
2023-05-18T18:28:40.557514991Z 18:28:40.557284 connect(8, {sa_family=AF_UNIX, sun_path="/var/run/nscd/socket"}, 110) = -1 ENOENT (No such file or directory)
2023-05-18T18:28:40.557728349Z 18:28:40.557544 socket(AF_UNIX, SOCK_STREAM|SOCK_CLOEXEC|SOCK_NONBLOCK, 0) = 8
2023-05-18T18:28:40.557892205Z 18:28:40.557658 connect(8, {sa_family=AF_UNIX, sun_path="/var/run/nscd/socket"}, 110) = -1 ENOENT (No such file or directory)
2023-05-18T18:28:40.560084398Z 18:28:40.559800 socket(AF_INET, SOCK_DGRAM|SOCK_CLOEXEC|SOCK_NONBLOCK, IPPROTO_IP) = 8
2023-05-18T18:28:40.560259884Z 18:28:40.559955 connect(8, {sa_family=AF_INET, sin_port=htons(53), sin_addr=inet_addr("169.254.169.254")}, 16) = 0
2023-05-18T18:28:40.560606574Z 18:28:40.560196 sendto(8, "\215\304\1\0\0\1\0\0\0\0\0\0\rflux-sample-0\fflux-"..., 76, MSG_NOSIGNAL, NULL, 0) = 76
2023-05-18T18:28:40.564779902Z 18:28:40.564512 recvfrom(8, "\215\304\201\200\0\1\0\1\0\0\0\0\rflux-sample-0\fflux-"..., 1024, 0, {sa_family=AF_INET, sin_port=htons(53), sin_addr=inet_addr("169.254.169.254")}, [28->16]) = 92
2023-05-18T18:28:40.572352097Z broker.info[3]: start: none->join 2.75965ms
2023-05-18T18:28:43.786113678Z broker.info[3]: parent-ready: join->init 3.21371s
2023-05-18T18:28:43.786349757Z 18:28:43.786057 socketpair(AF_UNIX, SOCK_STREAM|SOCK_CLOEXEC, 0, [22, 23]) = 0
2023-05-18T18:28:43.786465473Z 18:28:43.786285 socketpair(AF_UNIX, SOCK_STREAM, 0, [24, 25]) = 0
2023-05-18T18:28:43.786767541Z 18:28:43.786573 socketpair(AF_UNIX, SOCK_STREAM, 0, [26, 27]) = 0
2023-05-18T18:28:43.787047142Z 18:28:43.786840 socketpair(AF_UNIX, SOCK_STREAM, 0, [28, 29]) = 0
2023-05-18T18:28:43.813098406Z broker.info[3]: configuration updated
2023-05-18T18:28:43.944586789Z broker.info[3]: rc1.0: running /etc/flux/rc1.d/01-sched-fluxion
2023-05-18T18:28:43.957842040Z broker.info[3]: rc1.0: running /etc/flux/rc1.d/02-cron
2023-05-18T18:28:43.984726617Z broker.info[3]: rc1.0: /etc/flux/rc1 Exited (rc=0) 0.2s
2023-05-18T18:28:43.985274208Z broker.info[3]: rc1-success: init->quorum 0.198928s
2023-05-18T18:28:45.058542812Z broker.info[3]: quorum-full: quorum->run 1.07317s
2023-05-18T18:28:45.616443423Z 18:28:45.615911 socketpair(AF_UNIX, SOCK_STREAM|SOCK_CLOEXEC, 0, [22, 23]) = 0
2023-05-18T18:28:45.616831295Z 18:28:45.616113 socketpair(AF_UNIX, SOCK_STREAM, 0, [24, 25]) = 0
2023-05-18T18:28:45.617368014Z 18:28:45.616401 socketpair(AF_UNIX, SOCK_STREAM, 0, [26, 28]) = 0
2023-05-18T18:28:45.617598966Z 18:28:45.616603 socketpair(AF_UNIX, SOCK_STREAM, 0, [58, 59]) = 0
2023-05-18T18:28:56.447925499Z broker.info[3]: shutdown: run->cleanup 11.3886s
2023-05-18T18:28:56.449675067Z broker.info[3]: cleanup-none: cleanup->shutdown 1.36954ms
2023-05-18T18:28:56.451764720Z broker.info[3]: children-none: shutdown->finalize 1.3773ms
2023-05-18T18:28:56.451834832Z 18:28:56.451178 socketpair(AF_UNIX, SOCK_STREAM|SOCK_CLOEXEC, 0, [22, 23]) = 0
2023-05-18T18:28:56.451844715Z 18:28:56.451344 socketpair(AF_UNIX, SOCK_STREAM, 0, [24, 25]) = 0
2023-05-18T18:28:56.451862193Z 18:28:56.451568 socketpair(AF_UNIX, SOCK_STREAM, 0, [26, 28]) = 0
2023-05-18T18:28:56.452588699Z 18:28:56.451827 socketpair(AF_UNIX, SOCK_STREAM, 0, [58, 59]) = 0
2023-05-18T18:28:56.471277364Z broker.info[3]: rc3.0: running /etc/flux/rc3.d/01-sched-fluxion
2023-05-18T18:28:56.602111039Z broker.info[3]: rc3.0: /etc/flux/rc3 Exited (rc=0) 0.1s
2023-05-18T18:28:56.603457351Z broker.info[3]: rc3-success: finalize->goodbye 0.15206s
2023-05-18T18:28:56.605199530Z broker.info[3]: goodbye: goodbye->exit 1.02362ms
2023-05-18T18:28:56.620491044Z 18:28:56.620203 +++ exited with 0 +++
2023-05-18T18:28:56.621923000Z Return value for follower worker is 0
2023-05-18T18:28:56.622142201Z The follower worker exited cleanly. Goodbye!
