2023-05-18T20:12:24.543678222Z
2023-05-18T20:12:24.543800635Z Flux username: flux
2023-05-18T20:12:24.543808915Z
2023-05-18T20:12:24.543817570Z Flux install root: /usr
2023-05-18T20:12:24.640285325Z flux user is already added.
2023-05-18T20:12:24.643119549Z flux user identifiers:
2023-05-18T20:12:24.644808940Z uid=1234(flux) gid=1234(flux) groups=1234(flux)
2023-05-18T20:12:24.644912145Z
2023-05-18T20:12:24.644933049Z As Flux prefix for flux commands: sudo -u flux -E PYTHONPATH=/opt/conda/lib/python3.10/site-packages -E PATH=/opt/conda/bin:/usr/local/sbin:/usr/local/bin:/usr/sbin:/usr/bin:/sbin:/bin -E LD_LIBRARY_PATH=/opt/conda/lib -E HOME=/home/flux
2023-05-18T20:12:24.661074866Z
2023-05-18T20:12:24.661185524Z 👋 Hello, I'm flux-sample-1
2023-05-18T20:12:24.661196486Z The main host is flux-sample-0
2023-05-18T20:12:24.661205237Z The working directory is /home/flux/examples/reaxff/HNS, contents include:
2023-05-18T20:12:24.663251479Z /home/flux/examples/reaxff/HNS:
2023-05-18T20:12:24.663308315Z README.txt	ffield.reax.hns  log.8Mar18.reaxc.hns.g++.1
2023-05-18T20:12:24.663314739Z data.hns-equil	in.reaxc.hns	 log.8Mar18.reaxc.hns.g++.4
2023-05-18T20:12:24.664108774Z End of file listing, if you see nothing above there are no files.
2023-05-18T20:12:24.668206104Z flux R encode --hosts=flux-sample-[0-3]
2023-05-18T20:12:24.688568699Z
2023-05-18T20:12:24.688634522Z 📦 Resources
2023-05-18T20:12:24.690572467Z {"version": 1, "execution": {"R_lite": [{"rank": "0-3", "children": {"core": "0"}}], "starttime": 0.0, "expiration": 0.0, "nodelist": ["flux-sample-[0-3]"]}}
2023-05-18T20:12:24.691173568Z
2023-05-18T20:12:24.691221806Z 🐸 Diagnostics: false
2023-05-18T20:12:24.691406083Z 🚩️ Flux Option Flags defined
2023-05-18T20:12:24.697573209Z
2023-05-18T20:12:24.697648156Z 🦊 Independent Minister of Privilege
2023-05-18T20:12:24.699504080Z [exec]
2023-05-18T20:12:24.699617897Z allowed-users = [ "flux", "root" ]
2023-05-18T20:12:24.699627816Z allowed-shells = [ "/usr/libexec/flux/flux-shell" ]
2023-05-18T20:12:24.700051797Z
2023-05-18T20:12:24.700073803Z 🐸 Broker Configuration
2023-05-18T20:12:24.702640333Z # Flux needs to know the path to the IMP executable
2023-05-18T20:12:24.702693689Z [exec]
2023-05-18T20:12:24.702701974Z imp = "/usr/libexec/flux/flux-imp"
2023-05-18T20:12:24.702706502Z
2023-05-18T20:12:24.702711301Z [access]
2023-05-18T20:12:24.702718157Z allow-guest-user = true
2023-05-18T20:12:24.702723529Z allow-root-owner = true
2023-05-18T20:12:24.702728375Z
2023-05-18T20:12:24.702735364Z # Point to resource definition generated with flux-R(1).
2023-05-18T20:12:24.702741919Z [resource]
2023-05-18T20:12:24.702748770Z path = "/etc/flux/system/R"
2023-05-18T20:12:24.702752389Z
2023-05-18T20:12:24.702755841Z [bootstrap]
2023-05-18T20:12:24.702759438Z curve_cert = "/etc/curve/curve.cert"
2023-05-18T20:12:24.702762789Z default_port = 8050
2023-05-18T20:12:24.702766068Z default_bind = "tcp://eth0:%p"
2023-05-18T20:12:24.702772835Z default_connect = "tcp://%h.flux-service.flux-operator.svc.cluster.local:%p"
2023-05-18T20:12:24.702777549Z hosts = [
2023-05-18T20:12:24.702782087Z 	{ host="flux-sample-[0-3]"},
2023-05-18T20:12:24.702786080Z ]
2023-05-18T20:12:24.702790611Z
2023-05-18T20:12:24.702794874Z [archive]
2023-05-18T20:12:24.702800224Z dbpath = "/var/lib/flux/job-archive.sqlite"
2023-05-18T20:12:24.702804946Z period = "1m"
2023-05-18T20:12:24.808162559Z busytimeout = "50s"
2023-05-18T20:12:24.808213579Z 🧊️ State Directory:
2023-05-18T20:12:24.808219576Z total 0
2023-05-18T20:12:24.808226593Z
2023-05-18T20:12:24.813266937Z
2023-05-18T20:12:24.813333924Z 🔒️ Working directory permissions:
2023-05-18T20:12:24.813342758Z total 96
2023-05-18T20:12:24.813351015Z -rwxrwxrwx 1 flux root  2517 May 17 22:32 README.txt
2023-05-18T20:12:24.813357787Z -rwxrwxrwx 1 flux root 54692 May 17 22:32 data.hns-equil
2023-05-18T20:12:24.813362920Z -rwxrwxrwx 1 flux root 13576 May 17 22:32 ffield.reax.hns
2023-05-18T20:12:24.813368455Z -rwxrwxrwx 1 flux root   870 May 17 22:32 in.reaxc.hns
2023-05-18T20:12:24.813375381Z -rwxrwxrwx 1 flux root  4172 May 17 22:32 log.8Mar18.reaxc.hns.g++.1
2023-05-18T20:12:24.813381780Z -rwxrwxrwx 1 flux root  4168 May 17 22:32 log.8Mar18.reaxc.hns.g++.4
2023-05-18T20:12:24.813404785Z
2023-05-18T20:12:24.813524047Z
2023-05-18T20:12:24.813537139Z ✨ Curve certificate generated by helper pod
2023-05-18T20:12:24.815389463Z #   ****  Generated on 2023-04-26 22:54:42 by CZMQ  ****
2023-05-18T20:12:24.815417517Z #   ZeroMQ CURVE **Secret** Certificate
2023-05-18T20:12:24.815425114Z #   DO NOT PROVIDE THIS FILE TO OTHER USERS nor change its permissions.
2023-05-18T20:12:24.815432123Z
2023-05-18T20:12:24.815438824Z metadata
2023-05-18T20:12:24.815446174Z     name = "flux-cert-generator"
2023-05-18T20:12:24.815451645Z     keygen.hostname = "flux-sample-0"
2023-05-18T20:12:24.815456358Z curve
2023-05-18T20:12:24.815461961Z     public-key = "v(zF*I<-dWf%@HPvmGt}/H:HHNnj{KAE99O&3NOV"
2023-05-18T20:12:24.815467213Z     secret-key = "pyWcC.^dPKI[xMd2L?]/p]rgN7Af!/IQucg/ylng"
2023-05-18T20:12:24.818890196Z
2023-05-18T20:12:24.818979777Z 🌀  flux start --wrap=strace,-e,network,-tt -o --config /etc/flux/config -Scron.directory=/etc/flux/system/cron.d   -Stbon.fanout=256   -Srundir=/run/flux    -Sstatedir=/var/lib/flux   -Slocal-uri=local:///run/flux/local -Stbon.connect_timeout=4s  -Stbon.zmqdebug=1  -Slog-stderr-level=6    -Slog-stderr-mode=local
2023-05-18T20:12:24.875869284Z 20:12:24.875068 socket(AF_NETLINK, SOCK_RAW, NETLINK_ROUTE) = 8
2023-05-18T20:12:24.875967945Z 20:12:24.875397 bind(8, {sa_family=AF_NETLINK, nl_pid=0, nl_groups=00000000}, 12) = 0
2023-05-18T20:12:24.876001821Z 20:12:24.875608 getsockname(8, {sa_family=AF_NETLINK, nl_pid=70, nl_groups=00000000}, [12]) = 0
2023-05-18T20:12:24.876624381Z 20:12:24.875812 sendto(8, {{len=20, type=RTM_GETADDR, flags=NLM_F_REQUEST|NLM_F_DUMP, seq=1684440744, pid=0}, {ifa_family=AF_UNSPEC, ...}}, 20, 0, {sa_family=AF_NETLINK, nl_pid=0, nl_groups=00000000}, 12) = 20
2023-05-18T20:12:24.877006093Z 20:12:24.876366 recvmsg(8, {msg_name={sa_family=AF_NETLINK, nl_pid=0, nl_groups=00000000}, msg_namelen=12, msg_iov=[{iov_base=[{{len=76, type=RTM_NEWADDR, flags=NLM_F_MULTI, seq=1684440744, pid=70}, {ifa_family=AF_INET, ifa_prefixlen=8, ifa_flags=IFA_F_PERMANENT, ifa_scope=RT_SCOPE_HOST, ifa_index=if_nametoindex("lo")}, [{{nla_len=8, nla_type=IFA_ADDRESS}, 127.0.0.1}, {{nla_len=8, nla_type=IFA_LOCAL}, 127.0.0.1}, {{nla_len=7, nla_type=IFA_LABEL}, "lo"}, {{nla_len=8, nla_type=IFA_FLAGS}, IFA_F_PERMANENT}, {{nla_len=20, nla_type=IFA_CACHEINFO}, {ifa_prefered=4294967295, ifa_valid=4294967295, cstamp=2128780, tstamp=2128780}}]}, {{len=88, type=RTM_NEWADDR, flags=NLM_F_MULTI, seq=1684440744, pid=70}, {ifa_family=AF_INET, ifa_prefixlen=24, ifa_flags=IFA_F_PERMANENT, ifa_scope=RT_SCOPE_UNIVERSE, ifa_index=if_nametoindex("eth0")}, [{{nla_len=8, nla_type=IFA_ADDRESS}, 10.24.3.46}, {{nla_len=8, nla_type=IFA_LOCAL}, 10.24.3.46}, {{nla_len=8, nla_type=IFA_BROADCAST}, 10.24.3.255}, {{nla_len=9, nla_type=IFA_LABEL}, "eth0"}, {{nla_len=8, nla_type=IFA_FLAGS}, IFA_F_PERMANENT}, {{nla_len=20, nla_type=IFA_CACHEINFO}, {ifa_prefered=4294967295, ifa_valid=4294967295, cstamp=2128784, tstamp=2128784}}]}], iov_len=4096}], msg_iovlen=1, msg_controllen=0, msg_flags=0}, 0) = 164
2023-05-18T20:12:24.877197324Z 20:12:24.876833 recvmsg(8, {msg_name={sa_family=AF_NETLINK, nl_pid=0, nl_groups=00000000}, msg_namelen=12, msg_iov=[{iov_base={{len=20, type=NLMSG_DONE, flags=NLM_F_MULTI, seq=1684440744, pid=70}, 0}, iov_len=4096}], msg_iovlen=1, msg_controllen=0, msg_flags=0}, 0) = 20
2023-05-18T20:12:24.878157537Z 20:12:24.877884 socket(AF_UNIX, SOCK_STREAM|SOCK_CLOEXEC|SOCK_NONBLOCK, 0) = 8
2023-05-18T20:12:24.878356695Z 20:12:24.878046 connect(8, {sa_family=AF_UNIX, sun_path="/var/run/nscd/socket"}, 110) = -1 ENOENT (No such file or directory)
2023-05-18T20:12:24.878653496Z 20:12:24.878412 socket(AF_UNIX, SOCK_STREAM|SOCK_CLOEXEC|SOCK_NONBLOCK, 0) = 8
2023-05-18T20:12:24.878761460Z 20:12:24.878553 connect(8, {sa_family=AF_UNIX, sun_path="/var/run/nscd/socket"}, 110) = -1 ENOENT (No such file or directory)
2023-05-18T20:12:24.881633058Z 20:12:24.881285 socket(AF_INET, SOCK_DGRAM|SOCK_CLOEXEC|SOCK_NONBLOCK, IPPROTO_IP) = 8
2023-05-18T20:12:24.882063695Z 20:12:24.881748 connect(8, {sa_family=AF_INET, sin_port=htons(53), sin_addr=inet_addr("169.254.169.254")}, 16) = 0
2023-05-18T20:12:24.883439666Z 20:12:24.882262 sendto(8, "c\255\1\0\0\1\0\0\0\0\0\0\rflux-sample-0\fflux-"..., 76, MSG_NOSIGNAL, NULL, 0) = 76
2023-05-18T20:12:24.888473552Z 20:12:24.887920 recvfrom(8, "c\255\201\200\0\1\0\1\0\0\0\0\rflux-sample-0\fflux-"..., 1024, 0, {sa_family=AF_INET, sin_port=htons(53), sin_addr=inet_addr("169.254.169.254")}, [28->16]) = 92
2023-05-18T20:12:24.896275171Z broker.info[1]: start: none->join 3.0372ms
2023-05-18T20:12:25.262795851Z broker.info[1]: parent-ready: join->init 0.366252s
2023-05-18T20:12:25.263364665Z 20:12:25.263031 socketpair(AF_UNIX, SOCK_STREAM|SOCK_CLOEXEC, 0, [22, 23]) = 0
2023-05-18T20:12:25.263696864Z 20:12:25.263453 socketpair(AF_UNIX, SOCK_STREAM, 0, [24, 25]) = 0
2023-05-18T20:12:25.264115061Z 20:12:25.263902 socketpair(AF_UNIX, SOCK_STREAM, 0, [26, 27]) = 0
2023-05-18T20:12:25.264516376Z 20:12:25.264320 socketpair(AF_UNIX, SOCK_STREAM, 0, [28, 29]) = 0
2023-05-18T20:12:25.307852631Z broker.info[1]: configuration updated
2023-05-18T20:12:25.495431393Z broker.info[1]: rc1.0: running /etc/flux/rc1.d/01-sched-fluxion
2023-05-18T20:12:25.514750695Z broker.info[1]: rc1.0: running /etc/flux/rc1.d/02-cron
2023-05-18T20:12:25.557476173Z broker.info[1]: rc1.0: /etc/flux/rc1 Exited (rc=0) 0.3s
2023-05-18T20:12:25.558504703Z broker.info[1]: rc1-success: init->quorum 0.295197s
2023-05-18T20:12:26.056083650Z broker.info[1]: quorum-full: quorum->run 0.497154s
2023-05-18T20:12:37.464946416Z broker.info[1]: shutdown: run->cleanup 11.4083s
2023-05-18T20:12:37.466181422Z broker.info[1]: cleanup-none: cleanup->shutdown 1.29408ms
2023-05-18T20:12:37.467833982Z broker.info[1]: children-none: shutdown->finalize 1.06861ms
2023-05-18T20:12:37.468338798Z 20:12:37.467787 socketpair(AF_UNIX, SOCK_STREAM|SOCK_CLOEXEC, 0, [22, 23]) = 0
2023-05-18T20:12:37.468709411Z 20:12:37.468070 socketpair(AF_UNIX, SOCK_STREAM, 0, [24, 25]) = 0
2023-05-18T20:12:37.468957234Z 20:12:37.468505 socketpair(AF_UNIX, SOCK_STREAM, 0, [26, 28]) = 0
2023-05-18T20:12:37.469289141Z 20:12:37.468796 socketpair(AF_UNIX, SOCK_STREAM, 0, [58, 59]) = 0
2023-05-18T20:12:37.493320579Z broker.info[1]: rc3.0: running /etc/flux/rc3.d/01-sched-fluxion
2023-05-18T20:12:37.668562169Z broker.info[1]: rc3.0: /etc/flux/rc3 Exited (rc=0) 0.2s
2023-05-18T20:12:37.669305471Z broker.info[1]: rc3-success: finalize->goodbye 0.201297s
2023-05-18T20:12:37.670424243Z broker.info[1]: goodbye: goodbye->exit 0.885518ms
2023-05-18T20:12:37.680492541Z 20:12:37.680080 +++ exited with 0 +++
2023-05-18T20:12:37.682761744Z Return value for follower worker is 0
2023-05-18T20:12:37.682821701Z The follower worker exited cleanly. Goodbye!
