2023-05-18T19:59:50.080208655Z
2023-05-18T19:59:50.080265704Z Flux username: flux
2023-05-18T19:59:50.080272298Z
2023-05-18T19:59:50.080277581Z Flux install root: /usr
2023-05-18T19:59:50.124935593Z flux user is already added.
2023-05-18T19:59:50.127789384Z flux user identifiers:
2023-05-18T19:59:50.127817536Z uid=1234(flux) gid=1234(flux) groups=1234(flux)
2023-05-18T19:59:50.127978869Z
2023-05-18T19:59:50.127992416Z As Flux prefix for flux commands: sudo -u flux -E PYTHONPATH=/opt/conda/lib/python3.10/site-packages -E PATH=/opt/conda/bin:/usr/local/sbin:/usr/local/bin:/usr/sbin:/usr/bin:/sbin:/bin -E LD_LIBRARY_PATH=/opt/conda/lib -E HOME=/home/flux
2023-05-18T19:59:50.136825406Z
2023-05-18T19:59:50.136861786Z 👋 Hello, I'm flux-sample-2
2023-05-18T19:59:50.137000862Z The main host is flux-sample-0
2023-05-18T19:59:50.137012756Z The working directory is /home/flux/examples/reaxff/HNS, contents include:
2023-05-18T19:59:50.138681619Z /home/flux/examples/reaxff/HNS:
2023-05-18T19:59:50.138829232Z README.txt	ffield.reax.hns  log.8Mar18.reaxc.hns.g++.1
2023-05-18T19:59:50.138841031Z data.hns-equil	in.reaxc.hns	 log.8Mar18.reaxc.hns.g++.4
2023-05-18T19:59:50.139075551Z End of file listing, if you see nothing above there are no files.
2023-05-18T19:59:50.140939989Z flux R encode --hosts=flux-sample-[0-3]
2023-05-18T19:59:50.158044186Z
2023-05-18T19:59:50.158072057Z 📦 Resources
2023-05-18T19:59:50.159793218Z {"version": 1, "execution": {"R_lite": [{"rank": "0-3", "children": {"core": "0"}}], "starttime": 0.0, "expiration": 0.0, "nodelist": ["flux-sample-[0-3]"]}}
2023-05-18T19:59:50.160067195Z
2023-05-18T19:59:50.160081948Z 🐸 Diagnostics: false
2023-05-18T19:59:50.162783247Z 🚩️ Flux Option Flags defined
2023-05-18T19:59:50.166335721Z
2023-05-18T19:59:50.166357210Z 🦊 Independent Minister of Privilege
2023-05-18T19:59:50.167566870Z [exec]
2023-05-18T19:59:50.167584257Z allowed-users = [ "flux", "root" ]
2023-05-18T19:59:50.167591652Z allowed-shells = [ "/usr/libexec/flux/flux-shell" ]
2023-05-18T19:59:50.167812440Z
2023-05-18T19:59:50.167828162Z 🐸 Broker Configuration
2023-05-18T19:59:50.169188992Z # Flux needs to know the path to the IMP executable
2023-05-18T19:59:50.169205739Z [exec]
2023-05-18T19:59:50.169212115Z imp = "/usr/libexec/flux/flux-imp"
2023-05-18T19:59:50.169216855Z
2023-05-18T19:59:50.169221935Z [access]
2023-05-18T19:59:50.169227403Z allow-guest-user = true
2023-05-18T19:59:50.169234458Z allow-root-owner = true
2023-05-18T19:59:50.169240247Z
2023-05-18T19:59:50.169245490Z # Point to resource definition generated with flux-R(1).
2023-05-18T19:59:50.169250451Z [resource]
2023-05-18T19:59:50.169255825Z path = "/etc/flux/system/R"
2023-05-18T19:59:50.169260350Z
2023-05-18T19:59:50.169265394Z [bootstrap]
2023-05-18T19:59:50.169270442Z curve_cert = "/etc/curve/curve.cert"
2023-05-18T19:59:50.169278173Z default_port = 8050
2023-05-18T19:59:50.169284321Z default_bind = "tcp://eth0:%p"
2023-05-18T19:59:50.169289947Z default_connect = "tcp://%h.flux-service.flux-operator.svc.cluster.local:%p"
2023-05-18T19:59:50.169294792Z hosts = [
2023-05-18T19:59:50.169299580Z 	{ host="flux-sample-[0-3]"},
2023-05-18T19:59:50.169304357Z ]
2023-05-18T19:59:50.169308788Z
2023-05-18T19:59:50.169313450Z [archive]
2023-05-18T19:59:50.169320493Z dbpath = "/var/lib/flux/job-archive.sqlite"
2023-05-18T19:59:50.169326101Z period = "1m"
2023-05-18T19:59:50.267383603Z busytimeout = "50s"
2023-05-18T19:59:50.267410340Z 🧊️ State Directory:
2023-05-18T19:59:50.267434444Z total 0
2023-05-18T19:59:50.267441797Z
2023-05-18T19:59:50.270172506Z
2023-05-18T19:59:50.270224040Z 🔒️ Working directory permissions:
2023-05-18T19:59:50.270234443Z total 96
2023-05-18T19:59:50.270241911Z -rwxrwxrwx 1 flux root  2517 May 17 22:32 README.txt
2023-05-18T19:59:50.270247454Z -rwxrwxrwx 1 flux root 54692 May 17 22:32 data.hns-equil
2023-05-18T19:59:50.270252317Z -rwxrwxrwx 1 flux root 13576 May 17 22:32 ffield.reax.hns
2023-05-18T19:59:50.270257178Z -rwxrwxrwx 1 flux root   870 May 17 22:32 in.reaxc.hns
2023-05-18T19:59:50.270271074Z -rwxrwxrwx 1 flux root  4172 May 17 22:32 log.8Mar18.reaxc.hns.g++.1
2023-05-18T19:59:50.270429612Z -rwxrwxrwx 1 flux root  4168 May 17 22:32 log.8Mar18.reaxc.hns.g++.4
2023-05-18T19:59:50.270440906Z
2023-05-18T19:59:50.270445458Z
2023-05-18T19:59:50.270450876Z ✨ Curve certificate generated by helper pod
2023-05-18T19:59:50.272159564Z #   ****  Generated on 2023-04-26 22:54:42 by CZMQ  ****
2023-05-18T19:59:50.272180398Z #   ZeroMQ CURVE **Secret** Certificate
2023-05-18T19:59:50.272205287Z #   DO NOT PROVIDE THIS FILE TO OTHER USERS nor change its permissions.
2023-05-18T19:59:50.272211605Z
2023-05-18T19:59:50.272217143Z metadata
2023-05-18T19:59:50.272226145Z     name = "flux-cert-generator"
2023-05-18T19:59:50.272233171Z     keygen.hostname = "flux-sample-0"
2023-05-18T19:59:50.272238090Z curve
2023-05-18T19:59:50.272243092Z     public-key = "6AOy3Uiud(LYy}JPkqk2FVF.95*?r^EblUi8[nsq"
2023-05-18T19:59:50.272247956Z     secret-key = "o&yqeo(uC&-v91yG@RVMe<HEzetlKF+nIqZGSQGR"
2023-05-18T19:59:50.275071041Z
2023-05-18T19:59:50.275130848Z 🌀  flux start --wrap=strace,-e,network,-tt -o --config /etc/flux/config -Scron.directory=/etc/flux/system/cron.d   -Stbon.fanout=256   -Srundir=/run/flux    -Sstatedir=/var/lib/flux   -Slocal-uri=local:///run/flux/local -Stbon.connect_timeout=2s  -Stbon.zmqdebug=1  -Slog-stderr-level=6    -Slog-stderr-mode=local
2023-05-18T19:59:50.318645081Z 19:59:50.318217 socket(AF_NETLINK, SOCK_RAW, NETLINK_ROUTE) = 8
2023-05-18T19:59:50.318753272Z 19:59:50.318377 bind(8, {sa_family=AF_NETLINK, nl_pid=0, nl_groups=00000000}, 12) = 0
2023-05-18T19:59:50.318760914Z 19:59:50.318467 getsockname(8, {sa_family=AF_NETLINK, nl_pid=70, nl_groups=00000000}, [12]) = 0
2023-05-18T19:59:50.318979010Z 19:59:50.318545 sendto(8, {{len=20, type=RTM_GETADDR, flags=NLM_F_REQUEST|NLM_F_DUMP, seq=1684439990, pid=0}, {ifa_family=AF_UNSPEC, ...}}, 20, 0, {sa_family=AF_NETLINK, nl_pid=0, nl_groups=00000000}, 12) = 20
2023-05-18T19:59:50.319450811Z 19:59:50.318872 recvmsg(8, {msg_name={sa_family=AF_NETLINK, nl_pid=0, nl_groups=00000000}, msg_namelen=12, msg_iov=[{iov_base=[{{len=76, type=RTM_NEWADDR, flags=NLM_F_MULTI, seq=1684439990, pid=70}, {ifa_family=AF_INET, ifa_prefixlen=8, ifa_flags=IFA_F_PERMANENT, ifa_scope=RT_SCOPE_HOST, ifa_index=if_nametoindex("lo")}, [{{nla_len=8, nla_type=IFA_ADDRESS}, 127.0.0.1}, {{nla_len=8, nla_type=IFA_LOCAL}, 127.0.0.1}, {{nla_len=7, nla_type=IFA_LABEL}, "lo"}, {{nla_len=8, nla_type=IFA_FLAGS}, IFA_F_PERMANENT}, {{nla_len=20, nla_type=IFA_CACHEINFO}, {ifa_prefered=4294967295, ifa_valid=4294967295, cstamp=2053399, tstamp=2053399}}]}, {{len=88, type=RTM_NEWADDR, flags=NLM_F_MULTI, seq=1684439990, pid=70}, {ifa_family=AF_INET, ifa_prefixlen=24, ifa_flags=IFA_F_PERMANENT, ifa_scope=RT_SCOPE_UNIVERSE, ifa_index=if_nametoindex("eth0")}, [{{nla_len=8, nla_type=IFA_ADDRESS}, 10.24.2.248}, {{nla_len=8, nla_type=IFA_LOCAL}, 10.24.2.248}, {{nla_len=8, nla_type=IFA_BROADCAST}, 10.24.2.255}, {{nla_len=9, nla_type=IFA_LABEL}, "eth0"}, {{nla_len=8, nla_type=IFA_FLAGS}, IFA_F_PERMANENT}, {{nla_len=20, nla_type=IFA_CACHEINFO}, {ifa_prefered=4294967295, ifa_valid=4294967295, cstamp=2053401, tstamp=2053401}}]}], iov_len=4096}], msg_iovlen=1, msg_controllen=0, msg_flags=0}, 0) = 164
2023-05-18T19:59:50.319472103Z 19:59:50.319251 recvmsg(8, {msg_name={sa_family=AF_NETLINK, nl_pid=0, nl_groups=00000000}, msg_namelen=12, msg_iov=[{iov_base={{len=20, type=NLMSG_DONE, flags=NLM_F_MULTI, seq=1684439990, pid=70}, 0}, iov_len=4096}], msg_iovlen=1, msg_controllen=0, msg_flags=0}, 0) = 20
2023-05-18T19:59:50.320191120Z 19:59:50.319917 socket(AF_UNIX, SOCK_STREAM|SOCK_CLOEXEC|SOCK_NONBLOCK, 0) = 8
2023-05-18T19:59:50.320532924Z 19:59:50.320253 connect(8, {sa_family=AF_UNIX, sun_path="/var/run/nscd/socket"}, 110) = -1 ENOENT (No such file or directory)
2023-05-18T19:59:50.320787935Z 19:59:50.320633 socket(AF_UNIX, SOCK_STREAM|SOCK_CLOEXEC|SOCK_NONBLOCK, 0) = 8
2023-05-18T19:59:50.321017688Z 19:59:50.320864 connect(8, {sa_family=AF_UNIX, sun_path="/var/run/nscd/socket"}, 110) = -1 ENOENT (No such file or directory)
2023-05-18T19:59:50.323089590Z 19:59:50.322891 socket(AF_INET, SOCK_DGRAM|SOCK_CLOEXEC|SOCK_NONBLOCK, IPPROTO_IP) = 8
2023-05-18T19:59:50.323384226Z 19:59:50.323036 connect(8, {sa_family=AF_INET, sin_port=htons(53), sin_addr=inet_addr("169.254.169.254")}, 16) = 0
2023-05-18T19:59:50.323765823Z 19:59:50.323263 sendto(8, "&+\1\0\0\1\0\0\0\0\0\0\rflux-sample-0\fflux-"..., 76, MSG_NOSIGNAL, NULL, 0) = 76
2023-05-18T19:59:50.327900227Z 19:59:50.327593 recvfrom(8, "&+\201\203\0\1\0\0\0\1\0\0\rflux-sample-0\fflux-"..., 1024, 0, {sa_family=AF_INET, sin_port=htons(53), sin_addr=inet_addr("169.254.169.254")}, [28->16]) = 172
2023-05-18T19:59:50.328497560Z 19:59:50.328167 socket(AF_INET, SOCK_DGRAM|SOCK_CLOEXEC|SOCK_NONBLOCK, IPPROTO_IP) = 8
2023-05-18T19:59:50.328572115Z 19:59:50.328351 connect(8, {sa_family=AF_INET, sin_port=htons(53), sin_addr=inet_addr("169.254.169.254")}, 16) = 0
2023-05-18T19:59:50.328756610Z 19:59:50.328510 sendto(8, "_L\1\0\0\1\0\0\0\0\0\0\rflux-sample-0\fflux-"..., 108, MSG_NOSIGNAL, NULL, 0) = 108
2023-05-18T19:59:50.332432965Z 19:59:50.332207 recvfrom(8, "_L\201\203\0\1\0\0\0\1\0\0\rflux-sample-0\fflux-"..., 1024, 0, {sa_family=AF_INET, sin_port=htons(53), sin_addr=inet_addr("169.254.169.254")}, [28->16]) = 204
2023-05-18T19:59:50.332579494Z 19:59:50.332435 socket(AF_INET, SOCK_DGRAM|SOCK_CLOEXEC|SOCK_NONBLOCK, IPPROTO_IP) = 8
2023-05-18T19:59:50.332737443Z 19:59:50.332545 connect(8, {sa_family=AF_INET, sin_port=htons(53), sin_addr=inet_addr("169.254.169.254")}, 16) = 0
2023-05-18T19:59:50.332950984Z 19:59:50.332692 sendto(8, "\213Y\1\0\0\1\0\0\0\0\0\0\rflux-sample-0\fflux-"..., 94, MSG_NOSIGNAL, NULL, 0) = 94
2023-05-18T19:59:50.336449669Z 19:59:50.336183 recvfrom(8, "\213Y\201\203\0\1\0\0\0\1\0\0\rflux-sample-0\fflux-"..., 1024, 0, {sa_family=AF_INET, sin_port=htons(53), sin_addr=inet_addr("169.254.169.254")}, [28->16]) = 190
2023-05-18T19:59:50.336538411Z 19:59:50.336373 socket(AF_INET, SOCK_DGRAM|SOCK_CLOEXEC|SOCK_NONBLOCK, IPPROTO_IP) = 8
2023-05-18T19:59:50.336617858Z 19:59:50.336476 connect(8, {sa_family=AF_INET, sin_port=htons(53), sin_addr=inet_addr("169.254.169.254")}, 16) = 0
2023-05-18T19:59:50.336883995Z 19:59:50.336609 sendto(8, "\302\322\1\0\0\1\0\0\0\0\0\0\rflux-sample-0\fflux-"..., 90, MSG_NOSIGNAL, NULL, 0) = 90
2023-05-18T19:59:50.339974663Z 19:59:50.339710 recvfrom(8, "\302\322\201\203\0\1\0\0\0\1\0\0\rflux-sample-0\fflux-"..., 1024, 0, {sa_family=AF_INET, sin_port=htons(53), sin_addr=inet_addr("169.254.169.254")}, [28->16]) = 186
2023-05-18T19:59:50.340166200Z 19:59:50.339982 socket(AF_INET, SOCK_DGRAM|SOCK_CLOEXEC|SOCK_NONBLOCK, IPPROTO_IP) = 8
2023-05-18T19:59:50.340348173Z 19:59:50.340088 connect(8, {sa_family=AF_INET, sin_port=htons(53), sin_addr=inet_addr("169.254.169.254")}, 16) = 0
2023-05-18T19:59:50.340623747Z 19:59:50.340364 sendto(8, "\310\360\1\0\0\1\0\0\0\0\0\0\rflux-sample-0\fflux-"..., 111, MSG_NOSIGNAL, NULL, 0) = 111
2023-05-18T19:59:50.346013136Z 19:59:50.345779 recvfrom(8, "\310\360\201\203\0\1\0\0\0\1\0\0\rflux-sample-0\fflux-"..., 1024, 0, {sa_family=AF_INET, sin_port=htons(53), sin_addr=inet_addr("169.254.169.254")}, [28->16]) = 205
2023-05-18T19:59:50.346146668Z 19:59:50.345969 socket(AF_INET, SOCK_DGRAM|SOCK_CLOEXEC|SOCK_NONBLOCK, IPPROTO_IP) = 8
2023-05-18T19:59:50.346236969Z 19:59:50.346061 connect(8, {sa_family=AF_INET, sin_port=htons(53), sin_addr=inet_addr("169.254.169.254")}, 16) = 0
2023-05-18T19:59:50.346467546Z 19:59:50.346260 sendto(8, ");\1\0\0\1\0\0\0\0\0\0\rflux-sample-0\fflux-"..., 97, MSG_NOSIGNAL, NULL, 0) = 97
2023-05-18T19:59:50.353121388Z 19:59:50.352884 recvfrom(8, ");\201\203\0\1\0\0\0\1\0\0\rflux-sample-0\fflux-"..., 1024, 0, {sa_family=AF_INET, sin_port=htons(53), sin_addr=inet_addr("169.254.169.254")}, [28->16]) = 186
2023-05-18T19:59:50.353309805Z 19:59:50.353143 socket(AF_INET, SOCK_DGRAM|SOCK_CLOEXEC|SOCK_NONBLOCK, IPPROTO_IP) = 8
2023-05-18T19:59:50.353470779Z 19:59:50.353241 connect(8, {sa_family=AF_INET, sin_port=htons(53), sin_addr=inet_addr("169.254.169.254")}, 16) = 0
2023-05-18T19:59:50.353606716Z 19:59:50.353342 sendto(8, "\357\7\1\0\0\1\0\0\0\0\0\0\rflux-sample-0\fflux-"..., 92, MSG_NOSIGNAL, NULL, 0) = 92
2023-05-18T19:59:50.359064054Z 19:59:50.358843 recvfrom(8, "\357\7\201\203\0\1\0\0\0\1\0\0\rflux-sample-0\fflux-"..., 1024, 0, {sa_family=AF_INET, sin_port=htons(53), sin_addr=inet_addr("169.254.169.254")}, [28->16]) = 181
2023-05-18T19:59:50.359323115Z broker.err[2]: Warning: unable to resolve upstream peer flux-sample-0.flux-service.flux-operator.svc.cluster.local: Name or service not known
2023-05-18T19:59:50.364993877Z broker.info[2]: start: none->join 1.65254ms
2023-05-18T19:59:51.564550370Z broker.info[2]: parent-ready: join->init 1.19901s
2023-05-18T19:59:51.564880129Z 19:59:51.564354 socketpair(AF_UNIX, SOCK_STREAM|SOCK_CLOEXEC, 0, [22, 23]) = 0
2023-05-18T19:59:51.564900520Z 19:59:51.564499 socketpair(AF_UNIX, SOCK_STREAM, 0, [24, 25]) = 0
2023-05-18T19:59:51.565140269Z 19:59:51.564683 socketpair(AF_UNIX, SOCK_STREAM, 0, [26, 27]) = 0
2023-05-18T19:59:51.565155275Z 19:59:51.564914 socketpair(AF_UNIX, SOCK_STREAM, 0, [28, 29]) = 0
2023-05-18T19:59:51.591622268Z broker.info[2]: configuration updated
2023-05-18T19:59:51.726497449Z broker.info[2]: rc1.0: running /etc/flux/rc1.d/01-sched-fluxion
2023-05-18T19:59:51.746528002Z broker.info[2]: rc1.0: running /etc/flux/rc1.d/02-cron
2023-05-18T19:59:51.768463428Z broker.info[2]: rc1.0: /etc/flux/rc1 Exited (rc=0) 0.2s
2023-05-18T19:59:51.769326435Z broker.info[2]: rc1-success: init->quorum 0.204662s
2023-05-18T19:59:51.987084033Z broker.info[2]: quorum-full: quorum->run 0.217389s
2023-05-18T20:00:03.521379078Z broker.info[2]: shutdown: run->cleanup 11.5336s
2023-05-18T20:00:03.523039730Z broker.info[2]: cleanup-none: cleanup->shutdown 1.52876ms
2023-05-18T20:00:03.524649163Z broker.info[2]: children-none: shutdown->finalize 0.991373ms
2023-05-18T20:00:03.525562504Z 20:00:03.524768 socketpair(AF_UNIX, SOCK_STREAM|SOCK_CLOEXEC, 0, [22, 23]) = 0
2023-05-18T20:00:03.526014177Z 20:00:03.525247 socketpair(AF_UNIX, SOCK_STREAM, 0, [24, 25]) = 0
2023-05-18T20:00:03.526530443Z 20:00:03.525556 socketpair(AF_UNIX, SOCK_STREAM, 0, [26, 28]) = 0
2023-05-18T20:00:03.527136578Z 20:00:03.526048 socketpair(AF_UNIX, SOCK_STREAM, 0, [58, 59]) = 0
2023-05-18T20:00:03.546723133Z broker.info[2]: rc3.0: running /etc/flux/rc3.d/01-sched-fluxion
2023-05-18T20:00:03.677639643Z broker.info[2]: rc3.0: /etc/flux/rc3 Exited (rc=0) 0.1s
2023-05-18T20:00:03.678832512Z broker.info[2]: rc3-success: finalize->goodbye 0.153857s
2023-05-18T20:00:03.679975945Z broker.info[2]: goodbye: goodbye->exit 0.915431ms
2023-05-18T20:00:03.686717510Z 20:00:03.686521 +++ exited with 0 +++
2023-05-18T20:00:03.687914829Z Return value for follower worker is 0
2023-05-18T20:00:03.688081983Z The follower worker exited cleanly. Goodbye!
