2023-05-18T20:04:17.613683735Z
2023-05-18T20:04:17.613741722Z Flux username: flux
2023-05-18T20:04:17.613748797Z
2023-05-18T20:04:17.613756061Z Flux install root: /usr
2023-05-18T20:04:17.662513405Z flux user is already added.
2023-05-18T20:04:17.666202811Z flux user identifiers:
2023-05-18T20:04:17.666231595Z uid=1234(flux) gid=1234(flux) groups=1234(flux)
2023-05-18T20:04:17.666239083Z
2023-05-18T20:04:17.666247223Z As Flux prefix for flux commands: sudo -u flux -E PYTHONPATH=/opt/conda/lib/python3.10/site-packages -E PATH=/opt/conda/bin:/usr/local/sbin:/usr/local/bin:/usr/sbin:/usr/bin:/sbin:/bin -E LD_LIBRARY_PATH=/opt/conda/lib -E HOME=/home/flux
2023-05-18T20:04:17.674262819Z
2023-05-18T20:04:17.674300475Z 👋 Hello, I'm flux-sample-2
2023-05-18T20:04:17.674435478Z The main host is flux-sample-0
2023-05-18T20:04:17.674579049Z The working directory is /home/flux/examples/reaxff/HNS, contents include:
2023-05-18T20:04:17.676987104Z /home/flux/examples/reaxff/HNS:
2023-05-18T20:04:17.677004878Z README.txt	ffield.reax.hns  log.8Mar18.reaxc.hns.g++.1
2023-05-18T20:04:17.677089240Z data.hns-equil	in.reaxc.hns	 log.8Mar18.reaxc.hns.g++.4
2023-05-18T20:04:17.679498907Z End of file listing, if you see nothing above there are no files.
2023-05-18T20:04:17.681376594Z flux R encode --hosts=flux-sample-[0-3]
2023-05-18T20:04:17.695635300Z
2023-05-18T20:04:17.695668357Z 📦 Resources
2023-05-18T20:04:17.697544204Z {"version": 1, "execution": {"R_lite": [{"rank": "0-3", "children": {"core": "0"}}], "starttime": 0.0, "expiration": 0.0, "nodelist": ["flux-sample-[0-3]"]}}
2023-05-18T20:04:17.701885338Z
2023-05-18T20:04:17.701908619Z 🐸 Diagnostics: false
2023-05-18T20:04:17.701915322Z 🚩️ Flux Option Flags defined
2023-05-18T20:04:17.703740061Z
2023-05-18T20:04:17.703759627Z 🦊 Independent Minister of Privilege
2023-05-18T20:04:17.705128480Z [exec]
2023-05-18T20:04:17.705145434Z allowed-users = [ "flux", "root" ]
2023-05-18T20:04:17.705151511Z allowed-shells = [ "/usr/libexec/flux/flux-shell" ]
2023-05-18T20:04:17.705350482Z
2023-05-18T20:04:17.705365910Z 🐸 Broker Configuration
2023-05-18T20:04:17.706548525Z # Flux needs to know the path to the IMP executable
2023-05-18T20:04:17.706564664Z [exec]
2023-05-18T20:04:17.706571030Z imp = "/usr/libexec/flux/flux-imp"
2023-05-18T20:04:17.706575813Z
2023-05-18T20:04:17.706582906Z [access]
2023-05-18T20:04:17.706590170Z allow-guest-user = true
2023-05-18T20:04:17.706595401Z allow-root-owner = true
2023-05-18T20:04:17.706599786Z
2023-05-18T20:04:17.706605053Z # Point to resource definition generated with flux-R(1).
2023-05-18T20:04:17.706610498Z [resource]
2023-05-18T20:04:17.706615900Z path = "/etc/flux/system/R"
2023-05-18T20:04:17.706620181Z
2023-05-18T20:04:17.706627389Z [bootstrap]
2023-05-18T20:04:17.706633465Z curve_cert = "/etc/curve/curve.cert"
2023-05-18T20:04:17.706638377Z default_port = 8050
2023-05-18T20:04:17.706643177Z default_bind = "tcp://eth0:%p"
2023-05-18T20:04:17.706648481Z default_connect = "tcp://%h.flux-service.flux-operator.svc.cluster.local:%p"
2023-05-18T20:04:17.706653149Z hosts = [
2023-05-18T20:04:17.706657869Z 	{ host="flux-sample-[0-3]"},
2023-05-18T20:04:17.706662575Z ]
2023-05-18T20:04:17.706669100Z
2023-05-18T20:04:17.706675382Z [archive]
2023-05-18T20:04:17.706680314Z dbpath = "/var/lib/flux/job-archive.sqlite"
2023-05-18T20:04:17.706685245Z period = "1m"
2023-05-18T20:04:17.790693341Z busytimeout = "50s"
2023-05-18T20:04:17.790722942Z 🧊️ State Directory:
2023-05-18T20:04:17.790729328Z total 0
2023-05-18T20:04:17.790737248Z
2023-05-18T20:04:17.794553115Z
2023-05-18T20:04:17.794584222Z 🔒️ Working directory permissions:
2023-05-18T20:04:17.794591040Z total 96
2023-05-18T20:04:17.794597213Z -rwxrwxrwx 1 flux root  2517 May 17 22:32 README.txt
2023-05-18T20:04:17.794611521Z -rwxrwxrwx 1 flux root 54692 May 17 22:32 data.hns-equil
2023-05-18T20:04:17.794616865Z -rwxrwxrwx 1 flux root 13576 May 17 22:32 ffield.reax.hns
2023-05-18T20:04:17.794621634Z -rwxrwxrwx 1 flux root   870 May 17 22:32 in.reaxc.hns
2023-05-18T20:04:17.794626945Z -rwxrwxrwx 1 flux root  4172 May 17 22:32 log.8Mar18.reaxc.hns.g++.1
2023-05-18T20:04:17.794633962Z -rwxrwxrwx 1 flux root  4168 May 17 22:32 log.8Mar18.reaxc.hns.g++.4
2023-05-18T20:04:17.794639220Z
2023-05-18T20:04:17.795041575Z
2023-05-18T20:04:17.795064768Z ✨ Curve certificate generated by helper pod
2023-05-18T20:04:17.796601783Z #   ****  Generated on 2023-04-26 22:54:42 by CZMQ  ****
2023-05-18T20:04:17.796620939Z #   ZeroMQ CURVE **Secret** Certificate
2023-05-18T20:04:17.796627314Z #   DO NOT PROVIDE THIS FILE TO OTHER USERS nor change its permissions.
2023-05-18T20:04:17.796632477Z
2023-05-18T20:04:17.796637438Z metadata
2023-05-18T20:04:17.796643027Z     name = "flux-cert-generator"
2023-05-18T20:04:17.796649953Z     keygen.hostname = "flux-sample-0"
2023-05-18T20:04:17.796655802Z curve
2023-05-18T20:04:17.796727229Z     public-key = "*by^jOf(QW<StS}1Sdp2X]5tuHc*}TCH5:$!EO3&"
2023-05-18T20:04:17.796734126Z     secret-key = "Lza@$SuRkfco=Hd5&]=a{!@!1cVVrqC*8sE2:20&"
2023-05-18T20:04:17.798840977Z
2023-05-18T20:04:17.798864664Z 🌀  flux start --wrap=strace,-e,network,-tt -o --config /etc/flux/config -Scron.directory=/etc/flux/system/cron.d   -Stbon.fanout=256   -Srundir=/run/flux    -Sstatedir=/var/lib/flux   -Slocal-uri=local:///run/flux/local -Stbon.connect_timeout=3s  -Stbon.zmqdebug=1  -Slog-stderr-level=6    -Slog-stderr-mode=local
2023-05-18T20:04:17.834979579Z 20:04:17.834644 socket(AF_NETLINK, SOCK_RAW, NETLINK_ROUTE) = 8
2023-05-18T20:04:17.835013457Z 20:04:17.834809 bind(8, {sa_family=AF_NETLINK, nl_pid=0, nl_groups=00000000}, 12) = 0
2023-05-18T20:04:17.835163890Z 20:04:17.834896 getsockname(8, {sa_family=AF_NETLINK, nl_pid=70, nl_groups=00000000}, [12]) = 0
2023-05-18T20:04:17.835303647Z 20:04:17.834979 sendto(8, {{len=20, type=RTM_GETADDR, flags=NLM_F_REQUEST|NLM_F_DUMP, seq=1684440257, pid=0}, {ifa_family=AF_UNSPEC, ...}}, 20, 0, {sa_family=AF_NETLINK, nl_pid=0, nl_groups=00000000}, 12) = 20
2023-05-18T20:04:17.835679183Z 20:04:17.835263 recvmsg(8, {msg_name={sa_family=AF_NETLINK, nl_pid=0, nl_groups=00000000}, msg_namelen=12, msg_iov=[{iov_base=[{{len=76, type=RTM_NEWADDR, flags=NLM_F_MULTI, seq=1684440257, pid=70}, {ifa_family=AF_INET, ifa_prefixlen=8, ifa_flags=IFA_F_PERMANENT, ifa_scope=RT_SCOPE_HOST, ifa_index=if_nametoindex("lo")}, [{{nla_len=8, nla_type=IFA_ADDRESS}, 127.0.0.1}, {{nla_len=8, nla_type=IFA_LOCAL}, 127.0.0.1}, {{nla_len=7, nla_type=IFA_LABEL}, "lo"}, {{nla_len=8, nla_type=IFA_FLAGS}, IFA_F_PERMANENT}, {{nla_len=20, nla_type=IFA_CACHEINFO}, {ifa_prefered=4294967295, ifa_valid=4294967295, cstamp=2080145, tstamp=2080145}}]}, {{len=88, type=RTM_NEWADDR, flags=NLM_F_MULTI, seq=1684440257, pid=70}, {ifa_family=AF_INET, ifa_prefixlen=24, ifa_flags=IFA_F_PERMANENT, ifa_scope=RT_SCOPE_UNIVERSE, ifa_index=if_nametoindex("eth0")}, [{{nla_len=8, nla_type=IFA_ADDRESS}, 10.24.2.11}, {{nla_len=8, nla_type=IFA_LOCAL}, 10.24.2.11}, {{nla_len=8, nla_type=IFA_BROADCAST}, 10.24.2.255}, {{nla_len=9, nla_type=IFA_LABEL}, "eth0"}, {{nla_len=8, nla_type=IFA_FLAGS}, IFA_F_PERMANENT}, {{nla_len=20, nla_type=IFA_CACHEINFO}, {ifa_prefered=4294967295, ifa_valid=4294967295, cstamp=2080148, tstamp=2080148}}]}], iov_len=4096}], msg_iovlen=1, msg_controllen=0, msg_flags=0}, 0) = 164
2023-05-18T20:04:17.835841388Z 20:04:17.835588 recvmsg(8, {msg_name={sa_family=AF_NETLINK, nl_pid=0, nl_groups=00000000}, msg_namelen=12, msg_iov=[{iov_base={{len=20, type=NLMSG_DONE, flags=NLM_F_MULTI, seq=1684440257, pid=70}, 0}, iov_len=4096}], msg_iovlen=1, msg_controllen=0, msg_flags=0}, 0) = 20
2023-05-18T20:04:17.836417792Z 20:04:17.836258 socket(AF_UNIX, SOCK_STREAM|SOCK_CLOEXEC|SOCK_NONBLOCK, 0) = 8
2023-05-18T20:04:17.836588627Z 20:04:17.836378 connect(8, {sa_family=AF_UNIX, sun_path="/var/run/nscd/socket"}, 110) = -1 ENOENT (No such file or directory)
2023-05-18T20:04:17.836774421Z 20:04:17.836612 socket(AF_UNIX, SOCK_STREAM|SOCK_CLOEXEC|SOCK_NONBLOCK, 0) = 8
2023-05-18T20:04:17.836901883Z 20:04:17.836730 connect(8, {sa_family=AF_UNIX, sun_path="/var/run/nscd/socket"}, 110) = -1 ENOENT (No such file or directory)
2023-05-18T20:04:17.838961069Z 20:04:17.838720 socket(AF_INET, SOCK_DGRAM|SOCK_CLOEXEC|SOCK_NONBLOCK, IPPROTO_IP) = 8
2023-05-18T20:04:17.839295190Z 20:04:17.838981 connect(8, {sa_family=AF_INET, sin_port=htons(53), sin_addr=inet_addr("169.254.169.254")}, 16) = 0
2023-05-18T20:04:17.839725041Z 20:04:17.839346 sendto(8, "\262\26\1\0\0\1\0\0\0\0\0\0\rflux-sample-0\fflux-"..., 76, MSG_NOSIGNAL, NULL, 0) = 76
2023-05-18T20:04:17.843473981Z 20:04:17.843201 recvfrom(8, "\262\26\201\203\0\1\0\0\0\1\0\0\rflux-sample-0\fflux-"..., 1024, 0, {sa_family=AF_INET, sin_port=htons(53), sin_addr=inet_addr("169.254.169.254")}, [28->16]) = 172
2023-05-18T20:04:17.843780409Z 20:04:17.843545 socket(AF_INET, SOCK_DGRAM|SOCK_CLOEXEC|SOCK_NONBLOCK, IPPROTO_IP) = 8
2023-05-18T20:04:17.843964844Z 20:04:17.843743 connect(8, {sa_family=AF_INET, sin_port=htons(53), sin_addr=inet_addr("169.254.169.254")}, 16) = 0
2023-05-18T20:04:17.844245969Z 20:04:17.843958 sendto(8, "\206n\1\0\0\1\0\0\0\0\0\0\rflux-sample-0\fflux-"..., 108, MSG_NOSIGNAL, NULL, 0) = 108
2023-05-18T20:04:17.849248150Z 20:04:17.847283 recvfrom(8, "\206n\201\203\0\1\0\0\0\1\0\0\rflux-sample-0\fflux-"..., 1024, 0, {sa_family=AF_INET, sin_port=htons(53), sin_addr=inet_addr("169.254.169.254")}, [28->16]) = 204
2023-05-18T20:04:17.849279286Z 20:04:17.847573 socket(AF_INET, SOCK_DGRAM|SOCK_CLOEXEC|SOCK_NONBLOCK, IPPROTO_IP) = 8
2023-05-18T20:04:17.849285908Z 20:04:17.847660 connect(8, {sa_family=AF_INET, sin_port=htons(53), sin_addr=inet_addr("169.254.169.254")}, 16) = 0
2023-05-18T20:04:17.849291740Z 20:04:17.847830 sendto(8, "\2\371\1\0\0\1\0\0\0\0\0\0\rflux-sample-0\fflux-"..., 94, MSG_NOSIGNAL, NULL, 0) = 94
2023-05-18T20:04:17.857058022Z 20:04:17.854195 recvfrom(8, "\2\371\201\203\0\1\0\0\0\1\0\0\rflux-sample-0\fflux-"..., 1024, 0, {sa_family=AF_INET, sin_port=htons(53), sin_addr=inet_addr("169.254.169.254")}, [28->16]) = 190
2023-05-18T20:04:17.857084185Z 20:04:17.854390 socket(AF_INET, SOCK_DGRAM|SOCK_CLOEXEC|SOCK_NONBLOCK, IPPROTO_IP) = 8
2023-05-18T20:04:17.857089965Z 20:04:17.854465 connect(8, {sa_family=AF_INET, sin_port=htons(53), sin_addr=inet_addr("169.254.169.254")}, 16) = 0
2023-05-18T20:04:17.857114916Z 20:04:17.854574 sendto(8, "\2642\1\0\0\1\0\0\0\0\0\0\rflux-sample-0\fflux-"..., 90, MSG_NOSIGNAL, NULL, 0) = 90
2023-05-18T20:04:17.859624631Z 20:04:17.858499 recvfrom(8, "\2642\201\203\0\1\0\0\0\1\0\0\rflux-sample-0\fflux-"..., 1024, 0, {sa_family=AF_INET, sin_port=htons(53), sin_addr=inet_addr("169.254.169.254")}, [28->16]) = 186
2023-05-18T20:04:17.859646172Z 20:04:17.858715 socket(AF_INET, SOCK_DGRAM|SOCK_CLOEXEC|SOCK_NONBLOCK, IPPROTO_IP) = 8
2023-05-18T20:04:17.859652465Z 20:04:17.858809 connect(8, {sa_family=AF_INET, sin_port=htons(53), sin_addr=inet_addr("169.254.169.254")}, 16) = 0
2023-05-18T20:04:17.859659868Z 20:04:17.858983 sendto(8, "\242\312\1\0\0\1\0\0\0\0\0\0\rflux-sample-0\fflux-"..., 111, MSG_NOSIGNAL, NULL, 0) = 111
2023-05-18T20:04:17.865730492Z 20:04:17.864888 recvfrom(8, "\242\312\201\203\0\1\0\0\0\1\0\0\rflux-sample-0\fflux-"..., 1024, 0, {sa_family=AF_INET, sin_port=htons(53), sin_addr=inet_addr("169.254.169.254")}, [28->16]) = 205
2023-05-18T20:04:17.865775867Z 20:04:17.865147 socket(AF_INET, SOCK_DGRAM|SOCK_CLOEXEC|SOCK_NONBLOCK, IPPROTO_IP) = 8
2023-05-18T20:04:17.865800306Z 20:04:17.865230 connect(8, {sa_family=AF_INET, sin_port=htons(53), sin_addr=inet_addr("169.254.169.254")}, 16) = 0
2023-05-18T20:04:17.865817289Z 20:04:17.865379 sendto(8, "\237\203\1\0\0\1\0\0\0\0\0\0\rflux-sample-0\fflux-"..., 97, MSG_NOSIGNAL, NULL, 0) = 97
2023-05-18T20:04:17.872465691Z 20:04:17.872268 recvfrom(8, "\237\203\201\203\0\1\0\0\0\1\0\0\rflux-sample-0\fflux-"..., 1024, 0, {sa_family=AF_INET, sin_port=htons(53), sin_addr=inet_addr("169.254.169.254")}, [28->16]) = 186
2023-05-18T20:04:17.872684546Z 20:04:17.872455 socket(AF_INET, SOCK_DGRAM|SOCK_CLOEXEC|SOCK_NONBLOCK, IPPROTO_IP) = 8
2023-05-18T20:04:17.872892337Z 20:04:17.872531 connect(8, {sa_family=AF_INET, sin_port=htons(53), sin_addr=inet_addr("169.254.169.254")}, 16) = 0
2023-05-18T20:04:17.872941951Z 20:04:17.872663 sendto(8, "\332\23\1\0\0\1\0\0\0\0\0\0\rflux-sample-0\fflux-"..., 92, MSG_NOSIGNAL, NULL, 0) = 92
2023-05-18T20:04:17.877921914Z 20:04:17.877725 recvfrom(8, "\332\23\201\203\0\1\0\0\0\1\0\0\rflux-sample-0\fflux-"..., 1024, 0, {sa_family=AF_INET, sin_port=htons(53), sin_addr=inet_addr("169.254.169.254")}, [28->16]) = 181
2023-05-18T20:04:17.878554694Z broker.err[2]: Warning: unable to resolve upstream peer flux-sample-0.flux-service.flux-operator.svc.cluster.local: Name or service not known
2023-05-18T20:04:17.884403883Z broker.info[2]: start: none->join 2.37649ms
2023-05-18T20:04:19.218176814Z broker.info[2]: parent-ready: join->init 1.33379s
2023-05-18T20:04:19.219010229Z 20:04:19.218646 socketpair(AF_UNIX, SOCK_STREAM|SOCK_CLOEXEC, 0, [22, 23]) = 0
2023-05-18T20:04:19.219043412Z 20:04:19.218829 socketpair(AF_UNIX, SOCK_STREAM, 0, [24, 25]) = 0
2023-05-18T20:04:19.219479904Z 20:04:19.219220 socketpair(AF_UNIX, SOCK_STREAM, 0, [26, 27]) = 0
2023-05-18T20:04:19.219768229Z 20:04:19.219483 socketpair(AF_UNIX, SOCK_STREAM, 0, [28, 29]) = 0
2023-05-18T20:04:19.245880488Z broker.info[2]: configuration updated
2023-05-18T20:04:19.372359062Z broker.info[2]: rc1.0: running /etc/flux/rc1.d/01-sched-fluxion
2023-05-18T20:04:19.385784362Z broker.info[2]: rc1.0: running /etc/flux/rc1.d/02-cron
2023-05-18T20:04:19.418140415Z broker.info[2]: rc1.0: /etc/flux/rc1 Exited (rc=0) 0.2s
2023-05-18T20:04:19.418890758Z broker.info[2]: rc1-success: init->quorum 0.200077s
2023-05-18T20:04:19.780576158Z broker.info[2]: quorum-full: quorum->run 0.361419s
2023-05-18T20:04:31.223350002Z broker.info[2]: shutdown: run->cleanup 11.4424s
2023-05-18T20:04:31.224719845Z broker.info[2]: cleanup-none: cleanup->shutdown 0.996795ms
2023-05-18T20:04:31.225893707Z broker.info[2]: children-none: shutdown->finalize 1.00096ms
2023-05-18T20:04:31.226445865Z 20:04:31.225951 socketpair(AF_UNIX, SOCK_STREAM|SOCK_CLOEXEC, 0, [22, 23]) = 0
2023-05-18T20:04:31.226695719Z 20:04:31.226208 socketpair(AF_UNIX, SOCK_STREAM, 0, [24, 25]) = 0
2023-05-18T20:04:31.227006634Z 20:04:31.226471 socketpair(AF_UNIX, SOCK_STREAM, 0, [26, 28]) = 0
2023-05-18T20:04:31.227207977Z 20:04:31.226663 socketpair(AF_UNIX, SOCK_STREAM, 0, [58, 59]) = 0
2023-05-18T20:04:31.246674487Z broker.info[2]: rc3.0: running /etc/flux/rc3.d/01-sched-fluxion
2023-05-18T20:04:31.373379985Z broker.info[2]: rc3.0: /etc/flux/rc3 Exited (rc=0) 0.1s
2023-05-18T20:04:31.374611818Z broker.info[2]: rc3-success: finalize->goodbye 0.14848s
2023-05-18T20:04:31.376197590Z broker.info[2]: goodbye: goodbye->exit 1.02083ms
2023-05-18T20:04:31.384810979Z 20:04:31.384611 +++ exited with 0 +++
2023-05-18T20:04:31.386071260Z Return value for follower worker is 0
2023-05-18T20:04:31.386278677Z The follower worker exited cleanly. Goodbye!
