2023-05-18T18:46:20.769326287Z
2023-05-18T18:46:20.769368034Z Flux username: flux
2023-05-18T18:46:20.769374509Z
2023-05-18T18:46:20.769379239Z Flux install root: /usr
2023-05-18T18:46:20.818661375Z flux user is already added.
2023-05-18T18:46:20.822611550Z flux user identifiers:
2023-05-18T18:46:20.822652364Z uid=1234(flux) gid=1234(flux) groups=1234(flux)
2023-05-18T18:46:20.822658695Z
2023-05-18T18:46:20.822665236Z As Flux prefix for flux commands: sudo -u flux -E PYTHONPATH=/opt/conda/lib/python3.10/site-packages -E PATH=/opt/conda/bin:/usr/local/sbin:/usr/local/bin:/usr/sbin:/usr/bin:/sbin:/bin -E LD_LIBRARY_PATH=/opt/conda/lib -E HOME=/home/flux
2023-05-18T18:46:20.831565869Z
2023-05-18T18:46:20.831630242Z ðŸ‘‹ Hello, I'm flux-sample-3
2023-05-18T18:46:20.831648539Z The main host is flux-sample-0
2023-05-18T18:46:20.831658650Z The working directory is /home/flux/examples/reaxff/HNS, contents include:
2023-05-18T18:46:20.834411064Z /home/flux/examples/reaxff/HNS:
2023-05-18T18:46:20.834696552Z README.txt	ffield.reax.hns  log.8Mar18.reaxc.hns.g++.1
2023-05-18T18:46:20.834779785Z data.hns-equil	in.reaxc.hns	 log.8Mar18.reaxc.hns.g++.4
2023-05-18T18:46:20.835341033Z End of file listing, if you see nothing above there are no files.
2023-05-18T18:46:20.837802429Z flux R encode --hosts=flux-sample-[0-3]
2023-05-18T18:46:20.853517526Z
2023-05-18T18:46:20.853558577Z ðŸ“¦ Resources
2023-05-18T18:46:20.855340477Z {"version": 1, "execution": {"R_lite": [{"rank": "0-3", "children": {"core": "0"}}], "starttime": 0.0, "expiration": 0.0, "nodelist": ["flux-sample-[0-3]"]}}
2023-05-18T18:46:20.855564881Z
2023-05-18T18:46:20.855580953Z ðŸ¸ Diagnostics: false
2023-05-18T18:46:20.855776911Z ðŸš©ï¸ Flux Option Flags defined
2023-05-18T18:46:20.859904432Z
2023-05-18T18:46:20.859945287Z ðŸ¦Š Independent Minister of Privilege
2023-05-18T18:46:20.861254067Z [exec]
2023-05-18T18:46:20.861272509Z allowed-users = [ "flux", "root" ]
2023-05-18T18:46:20.861289166Z allowed-shells = [ "/usr/libexec/flux/flux-shell" ]
2023-05-18T18:46:20.861430984Z
2023-05-18T18:46:20.861443518Z ðŸ¸ Broker Configuration
2023-05-18T18:46:20.862683010Z # Flux needs to know the path to the IMP executable
2023-05-18T18:46:20.862701879Z [exec]
2023-05-18T18:46:20.862708527Z imp = "/usr/libexec/flux/flux-imp"
2023-05-18T18:46:20.862713817Z
2023-05-18T18:46:20.862730865Z [access]
2023-05-18T18:46:20.862736865Z allow-guest-user = true
2023-05-18T18:46:20.862741746Z allow-root-owner = true
2023-05-18T18:46:20.862746280Z
2023-05-18T18:46:20.862753428Z # Point to resource definition generated with flux-R(1).
2023-05-18T18:46:20.862759302Z [resource]
2023-05-18T18:46:20.862764878Z path = "/etc/flux/system/R"
2023-05-18T18:46:20.862769246Z
2023-05-18T18:46:20.862773792Z [bootstrap]
2023-05-18T18:46:20.862778943Z curve_cert = "/etc/curve/curve.cert"
2023-05-18T18:46:20.862783839Z default_port = 8050
2023-05-18T18:46:20.862788829Z default_bind = "tcp://eth0:%p"
2023-05-18T18:46:20.862796185Z default_connect = "tcp://%h.flux-service.flux-operator.svc.cluster.local:%p"
2023-05-18T18:46:20.862802397Z hosts = [
2023-05-18T18:46:20.862807674Z 	{ host="flux-sample-[0-3]"},
2023-05-18T18:46:20.862812475Z ]
2023-05-18T18:46:20.862816885Z
2023-05-18T18:46:20.862822232Z [archive]
2023-05-18T18:46:20.862827069Z dbpath = "/var/lib/flux/job-archive.sqlite"
2023-05-18T18:46:20.862831571Z period = "1m"
2023-05-18T18:46:20.954456733Z busytimeout = "50s"
2023-05-18T18:46:20.954491057Z ðŸ§Šï¸ State Directory:
2023-05-18T18:46:20.954498962Z total 0
2023-05-18T18:46:20.954504279Z
2023-05-18T18:46:20.957957375Z
2023-05-18T18:46:20.957994852Z ðŸ”’ï¸ Working directory permissions:
2023-05-18T18:46:20.958000960Z total 96
2023-05-18T18:46:20.958009626Z -rwxrwxrwx 1 flux root  2517 May 17 22:32 README.txt
2023-05-18T18:46:20.958016345Z -rwxrwxrwx 1 flux root 54692 May 17 22:32 data.hns-equil
2023-05-18T18:46:20.958022141Z -rwxrwxrwx 1 flux root 13576 May 17 22:32 ffield.reax.hns
2023-05-18T18:46:20.958027574Z -rwxrwxrwx 1 flux root   870 May 17 22:32 in.reaxc.hns
2023-05-18T18:46:20.958033416Z -rwxrwxrwx 1 flux root  4172 May 17 22:32 log.8Mar18.reaxc.hns.g++.1
2023-05-18T18:46:20.958038494Z -rwxrwxrwx 1 flux root  4168 May 17 22:32 log.8Mar18.reaxc.hns.g++.4
2023-05-18T18:46:20.958043406Z
2023-05-18T18:46:20.958047984Z
2023-05-18T18:46:20.958055262Z âœ¨ Curve certificate generated by helper pod
2023-05-18T18:46:20.959689480Z #   ****  Generated on 2023-04-26 22:54:42 by CZMQ  ****
2023-05-18T18:46:20.959713479Z #   ZeroMQ CURVE **Secret** Certificate
2023-05-18T18:46:20.959720560Z #   DO NOT PROVIDE THIS FILE TO OTHER USERS nor change its permissions.
2023-05-18T18:46:20.959726227Z
2023-05-18T18:46:20.959731306Z metadata
2023-05-18T18:46:20.959736811Z     name = "flux-cert-generator"
2023-05-18T18:46:20.959741738Z     keygen.hostname = "flux-sample-0"
2023-05-18T18:46:20.959749088Z curve
2023-05-18T18:46:20.959755756Z     public-key = "sVbn3+-rpe:%dAI5^D=C1XOEgng[)Fa}#N:q=Aq&"
2023-05-18T18:46:20.959760759Z     secret-key = "Zk]uDXfHz)mdK7zvByourpXvfqUbBk^PynSFSz@e"
2023-05-18T18:46:20.962756337Z
2023-05-18T18:46:20.962795984Z ðŸŒ€  flux start --wrap=strace,-e,network,-tt -o --config /etc/flux/config -Scron.directory=/etc/flux/system/cron.d   -Stbon.fanout=256   -Srundir=/run/flux    -Sstatedir=/var/lib/flux   -Slocal-uri=local:///run/flux/local -Stbon.connect_timeout=5s  -Stbon.zmqdebug=1  -Slog-stderr-level=6    -Slog-stderr-mode=local
2023-05-18T18:46:21.002373440Z 18:46:21.001908 socket(AF_NETLINK, SOCK_RAW, NETLINK_ROUTE) = 8
2023-05-18T18:46:21.002779900Z 18:46:21.002478 bind(8, {sa_family=AF_NETLINK, nl_pid=0, nl_groups=00000000}, 12) = 0
2023-05-18T18:46:21.003117360Z 18:46:21.002829 getsockname(8, {sa_family=AF_NETLINK, nl_pid=70, nl_groups=00000000}, [12]) = 0
2023-05-18T18:46:21.003819510Z 18:46:21.003184 sendto(8, {{len=20, type=RTM_GETADDR, flags=NLM_F_REQUEST|NLM_F_DUMP, seq=1684435581, pid=0}, {ifa_family=AF_UNSPEC, ...}}, 20, 0, {sa_family=AF_NETLINK, nl_pid=0, nl_groups=00000000}, 12) = 20
2023-05-18T18:46:21.004560687Z 18:46:21.003878 recvmsg(8, {msg_name={sa_family=AF_NETLINK, nl_pid=0, nl_groups=00000000}, msg_namelen=12, msg_iov=[{iov_base=[{{len=76, type=RTM_NEWADDR, flags=NLM_F_MULTI, seq=1684435581, pid=70}, {ifa_family=AF_INET, ifa_prefixlen=8, ifa_flags=IFA_F_PERMANENT, ifa_scope=RT_SCOPE_HOST, ifa_index=if_nametoindex("lo")}, [{{nla_len=8, nla_type=IFA_ADDRESS}, 127.0.0.1}, {{nla_len=8, nla_type=IFA_LOCAL}, 127.0.0.1}, {{nla_len=7, nla_type=IFA_LABEL}, "lo"}, {{nla_len=8, nla_type=IFA_FLAGS}, IFA_F_PERMANENT}, {{nla_len=20, nla_type=IFA_CACHEINFO}, {ifa_prefered=4294967295, ifa_valid=4294967295, cstamp=1612424, tstamp=1612424}}]}, {{len=88, type=RTM_NEWADDR, flags=NLM_F_MULTI, seq=1684435581, pid=70}, {ifa_family=AF_INET, ifa_prefixlen=24, ifa_flags=IFA_F_PERMANENT, ifa_scope=RT_SCOPE_UNIVERSE, ifa_index=if_nametoindex("eth0")}, [{{nla_len=8, nla_type=IFA_ADDRESS}, 10.24.3.115}, {{nla_len=8, nla_type=IFA_LOCAL}, 10.24.3.115}, {{nla_len=8, nla_type=IFA_BROADCAST}, 10.24.3.255}, {{nla_len=9, nla_type=IFA_LABEL}, "eth0"}, {{nla_len=8, nla_type=IFA_FLAGS}, IFA_F_PERMANENT}, {{nla_len=20, nla_type=IFA_CACHEINFO}, {ifa_prefered=4294967295, ifa_valid=4294967295, cstamp=1612427, tstamp=1612427}}]}], iov_len=4096}], msg_iovlen=1, msg_controllen=0, msg_flags=0}, 0) = 164
2023-05-18T18:46:21.004924063Z 18:46:21.004662 recvmsg(8, {msg_name={sa_family=AF_NETLINK, nl_pid=0, nl_groups=00000000}, msg_namelen=12, msg_iov=[{iov_base={{len=20, type=NLMSG_DONE, flags=NLM_F_MULTI, seq=1684435581, pid=70}, 0}, iov_len=4096}], msg_iovlen=1, msg_controllen=0, msg_flags=0}, 0) = 20
2023-05-18T18:46:21.006198717Z 18:46:21.005808 socket(AF_UNIX, SOCK_STREAM|SOCK_CLOEXEC|SOCK_NONBLOCK, 0) = 8
2023-05-18T18:46:21.006575540Z 18:46:21.006173 connect(8, {sa_family=AF_UNIX, sun_path="/var/run/nscd/socket"}, 110) = -1 ENOENT (No such file or directory)
2023-05-18T18:46:21.006593195Z 18:46:21.006343 socket(AF_UNIX, SOCK_STREAM|SOCK_CLOEXEC|SOCK_NONBLOCK, 0) = 8
2023-05-18T18:46:21.006599335Z 18:46:21.006413 connect(8, {sa_family=AF_UNIX, sun_path="/var/run/nscd/socket"}, 110) = -1 ENOENT (No such file or directory)
2023-05-18T18:46:21.008107990Z 18:46:21.007947 socket(AF_INET, SOCK_DGRAM|SOCK_CLOEXEC|SOCK_NONBLOCK, IPPROTO_IP) = 8
2023-05-18T18:46:21.008227199Z 18:46:21.008040 connect(8, {sa_family=AF_INET, sin_port=htons(53), sin_addr=inet_addr("169.254.169.254")}, 16) = 0
2023-05-18T18:46:21.008629454Z 18:46:21.008208 sendto(8, "\364T\1\0\0\1\0\0\0\0\0\0\rflux-sample-0\fflux-"..., 76, MSG_NOSIGNAL, NULL, 0) = 76
2023-05-18T18:46:21.011877176Z 18:46:21.011634 recvfrom(8, "\364T\201\200\0\1\0\1\0\0\0\0\rflux-sample-0\fflux-"..., 1024, 0, {sa_family=AF_INET, sin_port=htons(53), sin_addr=inet_addr("169.254.169.254")}, [28->16]) = 92
2023-05-18T18:46:21.017375979Z broker.info[3]: start: none->join 2.12951ms
2023-05-18T18:46:26.157100489Z broker.info[3]: parent-ready: join->init 5.13963s
2023-05-18T18:46:26.158042492Z 18:46:26.157649 socketpair(AF_UNIX, SOCK_STREAM|SOCK_CLOEXEC, 0, [22, 23]) = 0
2023-05-18T18:46:26.158084173Z 18:46:26.157844 socketpair(AF_UNIX, SOCK_STREAM, 0, [24, 25]) = 0
2023-05-18T18:46:26.158394126Z 18:46:26.158079 socketpair(AF_UNIX, SOCK_STREAM, 0, [26, 27]) = 0
2023-05-18T18:46:26.158532021Z 18:46:26.158368 socketpair(AF_UNIX, SOCK_STREAM, 0, [28, 29]) = 0
2023-05-18T18:46:26.189366608Z broker.info[3]: configuration updated
2023-05-18T18:46:26.357795023Z broker.info[3]: rc1.0: running /etc/flux/rc1.d/01-sched-fluxion
2023-05-18T18:46:26.373425979Z broker.info[3]: rc1.0: running /etc/flux/rc1.d/02-cron
2023-05-18T18:46:26.406787712Z broker.info[3]: rc1.0: /etc/flux/rc1 Exited (rc=0) 0.2s
2023-05-18T18:46:26.408200092Z broker.info[3]: rc1-success: init->quorum 0.250297s
2023-05-18T18:46:26.630855881Z broker.info[3]: quorum-full: quorum->run 0.221878s
2023-05-18T18:46:27.217702582Z 18:46:27.216992 socketpair(AF_UNIX, SOCK_STREAM|SOCK_CLOEXEC, 0, [22, 23]) = 0
2023-05-18T18:46:27.218280500Z 18:46:27.217365 socketpair(AF_UNIX, SOCK_STREAM, 0, [24, 25]) = 0
2023-05-18T18:46:27.218845471Z 18:46:27.218570 socketpair(AF_UNIX, SOCK_STREAM, 0, [26, 28]) = 0
2023-05-18T18:46:27.219080033Z 18:46:27.218864 socketpair(AF_UNIX, SOCK_STREAM, 0, [58, 59]) = 0
2023-05-18T18:46:38.893862928Z broker.info[3]: shutdown: run->cleanup 12.2624s
2023-05-18T18:46:38.898156610Z broker.info[3]: cleanup-none: cleanup->shutdown 2.45248ms
2023-05-18T18:46:38.900589309Z broker.info[3]: children-none: shutdown->finalize 1.06652ms
2023-05-18T18:46:38.902066262Z 18:46:38.901071 socketpair(AF_UNIX, SOCK_STREAM|SOCK_CLOEXEC, 0, [22, 23]) = 0
2023-05-18T18:46:38.903042642Z 18:46:38.902210 socketpair(AF_UNIX, SOCK_STREAM, 0, [24, 25]) = 0
2023-05-18T18:46:38.903683737Z 18:46:38.903327 socketpair(AF_UNIX, SOCK_STREAM, 0, [26, 28]) = 0
2023-05-18T18:46:38.904277706Z 18:46:38.903928 socketpair(AF_UNIX, SOCK_STREAM, 0, [58, 59]) = 0
2023-05-18T18:46:38.935241395Z broker.info[3]: rc3.0: running /etc/flux/rc3.d/01-sched-fluxion
2023-05-18T18:46:39.101495343Z broker.info[3]: rc3.0: /etc/flux/rc3 Exited (rc=0) 0.2s
2023-05-18T18:46:39.102543553Z broker.info[3]: rc3-success: finalize->goodbye 0.201281s
2023-05-18T18:46:39.103746913Z broker.info[3]: goodbye: goodbye->exit 0.979275ms
2023-05-18T18:46:39.121085549Z 18:46:39.120741 +++ exited with 0 +++
2023-05-18T18:46:39.123182222Z Return value for follower worker is 0
2023-05-18T18:46:39.123229221Z The follower worker exited cleanly. Goodbye!
