2023-05-18T20:21:21.730417430Z
2023-05-18T20:21:21.731296199Z Flux username: flux
2023-05-18T20:21:21.731309504Z
2023-05-18T20:21:21.731315327Z Flux install root: /usr
2023-05-18T20:21:21.780612455Z flux user is already added.
2023-05-18T20:21:21.784086430Z flux user identifiers:
2023-05-18T20:21:21.784134762Z uid=1234(flux) gid=1234(flux) groups=1234(flux)
2023-05-18T20:21:21.784140162Z
2023-05-18T20:21:21.784150651Z As Flux prefix for flux commands: sudo -u flux -E PYTHONPATH=/opt/conda/lib/python3.10/site-packages -E PATH=/opt/conda/bin:/usr/local/sbin:/usr/local/bin:/usr/sbin:/usr/bin:/sbin:/bin -E LD_LIBRARY_PATH=/opt/conda/lib -E HOME=/home/flux
2023-05-18T20:21:21.791720581Z
2023-05-18T20:21:21.791749701Z 👋 Hello, I'm flux-sample-2
2023-05-18T20:21:21.791897923Z The main host is flux-sample-0
2023-05-18T20:21:21.791907874Z The working directory is /home/flux/examples/reaxff/HNS, contents include:
2023-05-18T20:21:21.793598091Z /home/flux/examples/reaxff/HNS:
2023-05-18T20:21:21.793770817Z README.txt	ffield.reax.hns  log.8Mar18.reaxc.hns.g++.1
2023-05-18T20:21:21.793783762Z data.hns-equil	in.reaxc.hns	 log.8Mar18.reaxc.hns.g++.4
2023-05-18T20:21:21.793885123Z End of file listing, if you see nothing above there are no files.
2023-05-18T20:21:21.795730525Z flux R encode --hosts=flux-sample-[0-3]
2023-05-18T20:21:21.809652129Z
2023-05-18T20:21:21.809681808Z 📦 Resources
2023-05-18T20:21:21.811348835Z {"version": 1, "execution": {"R_lite": [{"rank": "0-3", "children": {"core": "0"}}], "starttime": 0.0, "expiration": 0.0, "nodelist": ["flux-sample-[0-3]"]}}
2023-05-18T20:21:21.811615757Z
2023-05-18T20:21:21.811633483Z 🐸 Diagnostics: false
2023-05-18T20:21:21.811837578Z 🚩️ Flux Option Flags defined
2023-05-18T20:21:21.816162005Z
2023-05-18T20:21:21.816184487Z 🦊 Independent Minister of Privilege
2023-05-18T20:21:21.817648491Z [exec]
2023-05-18T20:21:21.817666499Z allowed-users = [ "flux", "root" ]
2023-05-18T20:21:21.817672649Z allowed-shells = [ "/usr/libexec/flux/flux-shell" ]
2023-05-18T20:21:21.817867003Z
2023-05-18T20:21:21.817882143Z 🐸 Broker Configuration
2023-05-18T20:21:21.819202065Z # Flux needs to know the path to the IMP executable
2023-05-18T20:21:21.819218675Z [exec]
2023-05-18T20:21:21.819224929Z imp = "/usr/libexec/flux/flux-imp"
2023-05-18T20:21:21.819229605Z
2023-05-18T20:21:21.819234216Z [access]
2023-05-18T20:21:21.819240094Z allow-guest-user = true
2023-05-18T20:21:21.819257695Z allow-root-owner = true
2023-05-18T20:21:21.819264073Z
2023-05-18T20:21:21.819269142Z # Point to resource definition generated with flux-R(1).
2023-05-18T20:21:21.819274222Z [resource]
2023-05-18T20:21:21.819279492Z path = "/etc/flux/system/R"
2023-05-18T20:21:21.819284024Z
2023-05-18T20:21:21.819288672Z [bootstrap]
2023-05-18T20:21:21.819295657Z curve_cert = "/etc/curve/curve.cert"
2023-05-18T20:21:21.819301487Z default_port = 8050
2023-05-18T20:21:21.819306501Z default_bind = "tcp://eth0:%p"
2023-05-18T20:21:21.819312516Z default_connect = "tcp://%h.flux-service.flux-operator.svc.cluster.local:%p"
2023-05-18T20:21:21.819317311Z hosts = [
2023-05-18T20:21:21.819322028Z 	{ host="flux-sample-[0-3]"},
2023-05-18T20:21:21.819326784Z ]
2023-05-18T20:21:21.819331104Z
2023-05-18T20:21:21.819337965Z [archive]
2023-05-18T20:21:21.819344327Z dbpath = "/var/lib/flux/job-archive.sqlite"
2023-05-18T20:21:21.819350035Z period = "1m"
2023-05-18T20:21:21.901453281Z busytimeout = "50s"
2023-05-18T20:21:21.901478841Z 🧊️ State Directory:
2023-05-18T20:21:21.901485101Z total 0
2023-05-18T20:21:21.901489917Z
2023-05-18T20:21:21.904392444Z
2023-05-18T20:21:21.904418682Z 🔒️ Working directory permissions:
2023-05-18T20:21:21.904426129Z total 96
2023-05-18T20:21:21.904431802Z -rwxrwxrwx 1 flux root  2517 May 17 22:32 README.txt
2023-05-18T20:21:21.904436656Z -rwxrwxrwx 1 flux root 54692 May 17 22:32 data.hns-equil
2023-05-18T20:21:21.904462433Z -rwxrwxrwx 1 flux root 13576 May 17 22:32 ffield.reax.hns
2023-05-18T20:21:21.904468792Z -rwxrwxrwx 1 flux root   870 May 17 22:32 in.reaxc.hns
2023-05-18T20:21:21.904476566Z -rwxrwxrwx 1 flux root  4172 May 17 22:32 log.8Mar18.reaxc.hns.g++.1
2023-05-18T20:21:21.904496831Z -rwxrwxrwx 1 flux root  4168 May 17 22:32 log.8Mar18.reaxc.hns.g++.4
2023-05-18T20:21:21.904507376Z
2023-05-18T20:21:21.904696624Z
2023-05-18T20:21:21.904709962Z ✨ Curve certificate generated by helper pod
2023-05-18T20:21:21.906398388Z #   ****  Generated on 2023-04-26 22:54:42 by CZMQ  ****
2023-05-18T20:21:21.906415862Z #   ZeroMQ CURVE **Secret** Certificate
2023-05-18T20:21:21.906421386Z #   DO NOT PROVIDE THIS FILE TO OTHER USERS nor change its permissions.
2023-05-18T20:21:21.906426448Z
2023-05-18T20:21:21.906456010Z metadata
2023-05-18T20:21:21.906462516Z     name = "flux-cert-generator"
2023-05-18T20:21:21.906467727Z     keygen.hostname = "flux-sample-0"
2023-05-18T20:21:21.906473443Z curve
2023-05-18T20:21:21.906478422Z     public-key = "D%oqSOulV3wi!EXa.7<3xyI#BK?AG<8Q[lCon56J"
2023-05-18T20:21:21.906483293Z     secret-key = "wBc=6fB08p@/+1%UNpC3a4)y6SUtO-m6uMoatLJG"
2023-05-18T20:21:21.908963772Z
2023-05-18T20:21:21.908983854Z 🌀  flux start --wrap=strace,-e,network,-tt -o --config /etc/flux/config -Scron.directory=/etc/flux/system/cron.d   -Stbon.fanout=256   -Srundir=/run/flux    -Sstatedir=/var/lib/flux   -Slocal-uri=local:///run/flux/local -Stbon.connect_timeout=6s  -Stbon.zmqdebug=1  -Slog-stderr-level=6    -Slog-stderr-mode=local
2023-05-18T20:21:21.956497835Z 20:21:21.955954 socket(AF_NETLINK, SOCK_RAW, NETLINK_ROUTE) = 8
2023-05-18T20:21:21.956558656Z 20:21:21.956160 bind(8, {sa_family=AF_NETLINK, nl_pid=0, nl_groups=00000000}, 12) = 0
2023-05-18T20:21:21.956568054Z 20:21:21.956330 getsockname(8, {sa_family=AF_NETLINK, nl_pid=70, nl_groups=00000000}, [12]) = 0
2023-05-18T20:21:21.956905560Z 20:21:21.956448 sendto(8, {{len=20, type=RTM_GETADDR, flags=NLM_F_REQUEST|NLM_F_DUMP, seq=1684441281, pid=0}, {ifa_family=AF_UNSPEC, ...}}, 20, 0, {sa_family=AF_NETLINK, nl_pid=0, nl_groups=00000000}, 12) = 20
2023-05-18T20:21:21.957411075Z 20:21:21.956871 recvmsg(8, {msg_name={sa_family=AF_NETLINK, nl_pid=0, nl_groups=00000000}, msg_namelen=12, msg_iov=[{iov_base=[{{len=76, type=RTM_NEWADDR, flags=NLM_F_MULTI, seq=1684441281, pid=70}, {ifa_family=AF_INET, ifa_prefixlen=8, ifa_flags=IFA_F_PERMANENT, ifa_scope=RT_SCOPE_HOST, ifa_index=if_nametoindex("lo")}, [{{nla_len=8, nla_type=IFA_ADDRESS}, 127.0.0.1}, {{nla_len=8, nla_type=IFA_LOCAL}, 127.0.0.1}, {{nla_len=7, nla_type=IFA_LABEL}, "lo"}, {{nla_len=8, nla_type=IFA_FLAGS}, IFA_F_PERMANENT}, {{nla_len=20, nla_type=IFA_CACHEINFO}, {ifa_prefered=4294967295, ifa_valid=4294967295, cstamp=2182558, tstamp=2182558}}]}, {{len=88, type=RTM_NEWADDR, flags=NLM_F_MULTI, seq=1684441281, pid=70}, {ifa_family=AF_INET, ifa_prefixlen=24, ifa_flags=IFA_F_PERMANENT, ifa_scope=RT_SCOPE_UNIVERSE, ifa_index=if_nametoindex("eth0")}, [{{nla_len=8, nla_type=IFA_ADDRESS}, 10.24.2.62}, {{nla_len=8, nla_type=IFA_LOCAL}, 10.24.2.62}, {{nla_len=8, nla_type=IFA_BROADCAST}, 10.24.2.255}, {{nla_len=9, nla_type=IFA_LABEL}, "eth0"}, {{nla_len=8, nla_type=IFA_FLAGS}, IFA_F_PERMANENT}, {{nla_len=20, nla_type=IFA_CACHEINFO}, {ifa_prefered=4294967295, ifa_valid=4294967295, cstamp=2182561, tstamp=2182561}}]}], iov_len=4096}], msg_iovlen=1, msg_controllen=0, msg_flags=0}, 0) = 164
2023-05-18T20:21:21.957584515Z 20:21:21.957360 recvmsg(8, {msg_name={sa_family=AF_NETLINK, nl_pid=0, nl_groups=00000000}, msg_namelen=12, msg_iov=[{iov_base={{len=20, type=NLMSG_DONE, flags=NLM_F_MULTI, seq=1684441281, pid=70}, 0}, iov_len=4096}], msg_iovlen=1, msg_controllen=0, msg_flags=0}, 0) = 20
2023-05-18T20:21:21.958537271Z 20:21:21.958296 socket(AF_UNIX, SOCK_STREAM|SOCK_CLOEXEC|SOCK_NONBLOCK, 0) = 8
2023-05-18T20:21:21.958779362Z 20:21:21.958526 connect(8, {sa_family=AF_UNIX, sun_path="/var/run/nscd/socket"}, 110) = -1 ENOENT (No such file or directory)
2023-05-18T20:21:21.958990261Z 20:21:21.958796 socket(AF_UNIX, SOCK_STREAM|SOCK_CLOEXEC|SOCK_NONBLOCK, 0) = 8
2023-05-18T20:21:21.959207971Z 20:21:21.959032 connect(8, {sa_family=AF_UNIX, sun_path="/var/run/nscd/socket"}, 110) = -1 ENOENT (No such file or directory)
2023-05-18T20:21:21.961504757Z 20:21:21.961346 socket(AF_INET, SOCK_DGRAM|SOCK_CLOEXEC|SOCK_NONBLOCK, IPPROTO_IP) = 8
2023-05-18T20:21:21.961664777Z 20:21:21.961466 connect(8, {sa_family=AF_INET, sin_port=htons(53), sin_addr=inet_addr("169.254.169.254")}, 16) = 0
2023-05-18T20:21:21.962068729Z 20:21:21.961723 sendto(8, "\24\274\1\0\0\1\0\0\0\0\0\0\rflux-sample-0\fflux-"..., 76, MSG_NOSIGNAL, NULL, 0) = 76
2023-05-18T20:21:21.965705489Z 20:21:21.965499 recvfrom(8, "\24\274\201\200\0\1\0\1\0\0\0\0\rflux-sample-0\fflux-"..., 1024, 0, {sa_family=AF_INET, sin_port=htons(53), sin_addr=inet_addr("169.254.169.254")}, [28->16]) = 92
2023-05-18T20:21:21.971150097Z broker.info[2]: start: none->join 1.66083ms
2023-05-18T20:21:28.178827105Z broker.info[2]: parent-ready: join->init 6.20748s
2023-05-18T20:21:28.179709400Z 20:21:28.178878 socketpair(AF_UNIX, SOCK_STREAM|SOCK_CLOEXEC, 0, [22, 23]) = 0
2023-05-18T20:21:28.179771401Z 20:21:28.179021 socketpair(AF_UNIX, SOCK_STREAM, 0, [24, 25]) = 0
2023-05-18T20:21:28.179780497Z 20:21:28.179228 socketpair(AF_UNIX, SOCK_STREAM, 0, [26, 27]) = 0
2023-05-18T20:21:28.179786905Z 20:21:28.179420 socketpair(AF_UNIX, SOCK_STREAM, 0, [28, 29]) = 0
2023-05-18T20:21:28.208003326Z broker.info[2]: configuration updated
2023-05-18T20:21:28.335294622Z broker.info[2]: rc1.0: running /etc/flux/rc1.d/01-sched-fluxion
2023-05-18T20:21:28.348519943Z broker.info[2]: rc1.0: running /etc/flux/rc1.d/02-cron
2023-05-18T20:21:28.373444023Z broker.info[2]: rc1.0: /etc/flux/rc1 Exited (rc=0) 0.2s
2023-05-18T20:21:28.374231424Z broker.info[2]: rc1-success: init->quorum 0.195178s
2023-05-18T20:21:29.042457648Z broker.info[2]: quorum-full: quorum->run 0.66773s
2023-05-18T20:21:40.586278009Z broker.info[2]: shutdown: run->cleanup 11.543s
2023-05-18T20:21:40.587760249Z broker.info[2]: cleanup-none: cleanup->shutdown 1.57762ms
2023-05-18T20:21:40.588994658Z broker.info[2]: children-none: shutdown->finalize 0.987687ms
2023-05-18T20:21:40.589475935Z 20:21:40.589124 socketpair(AF_UNIX, SOCK_STREAM|SOCK_CLOEXEC, 0, [22, 23]) = 0
2023-05-18T20:21:40.589776609Z 20:21:40.589327 socketpair(AF_UNIX, SOCK_STREAM, 0, [24, 25]) = 0
2023-05-18T20:21:40.590048169Z 20:21:40.589582 socketpair(AF_UNIX, SOCK_STREAM, 0, [26, 28]) = 0
2023-05-18T20:21:40.590254211Z 20:21:40.589811 socketpair(AF_UNIX, SOCK_STREAM, 0, [58, 59]) = 0
2023-05-18T20:21:40.608009674Z broker.info[2]: rc3.0: running /etc/flux/rc3.d/01-sched-fluxion
2023-05-18T20:21:40.736563572Z broker.info[2]: rc3.0: /etc/flux/rc3 Exited (rc=0) 0.1s
2023-05-18T20:21:40.737832343Z broker.info[2]: rc3-success: finalize->goodbye 0.148551s
2023-05-18T20:21:40.739713916Z broker.info[2]: goodbye: goodbye->exit 1.15698ms
2023-05-18T20:21:40.747636824Z 20:21:40.747466 +++ exited with 0 +++
2023-05-18T20:21:40.749054092Z Return value for follower worker is 0
2023-05-18T20:21:40.749204183Z The follower worker exited cleanly. Goodbye!
