2023-05-18T18:36:46.611964445Z
2023-05-18T18:36:46.612072322Z Flux username: flux
2023-05-18T18:36:46.612079032Z
2023-05-18T18:36:46.612083933Z Flux install root: /usr
2023-05-18T18:36:46.704945357Z flux user is already added.
2023-05-18T18:36:46.708831379Z flux user identifiers:
2023-05-18T18:36:46.708919239Z uid=1234(flux) gid=1234(flux) groups=1234(flux)
2023-05-18T18:36:46.708927008Z
2023-05-18T18:36:46.708938288Z As Flux prefix for flux commands: sudo -u flux -E PYTHONPATH=/opt/conda/lib/python3.10/site-packages -E PATH=/opt/conda/bin:/usr/local/sbin:/usr/local/bin:/usr/sbin:/usr/bin:/sbin:/bin -E LD_LIBRARY_PATH=/opt/conda/lib -E HOME=/home/flux
2023-05-18T18:36:46.721107071Z
2023-05-18T18:36:46.721284644Z 👋 Hello, I'm flux-sample-3
2023-05-18T18:36:46.721294294Z The main host is flux-sample-0
2023-05-18T18:36:46.721329033Z The working directory is /home/flux/examples/reaxff/HNS, contents include:
2023-05-18T18:36:46.724180209Z /home/flux/examples/reaxff/HNS:
2023-05-18T18:36:46.724230403Z README.txt	ffield.reax.hns  log.8Mar18.reaxc.hns.g++.1
2023-05-18T18:36:46.724236096Z data.hns-equil	in.reaxc.hns	 log.8Mar18.reaxc.hns.g++.4
2023-05-18T18:36:46.724568607Z End of file listing, if you see nothing above there are no files.
2023-05-18T18:36:46.727578963Z flux R encode --hosts=flux-sample-[0-3]
2023-05-18T18:36:46.756680794Z
2023-05-18T18:36:46.756759477Z 📦 Resources
2023-05-18T18:36:46.759079499Z {"version": 1, "execution": {"R_lite": [{"rank": "0-3", "children": {"core": "0"}}], "starttime": 0.0, "expiration": 0.0, "nodelist": ["flux-sample-[0-3]"]}}
2023-05-18T18:36:46.759453712Z
2023-05-18T18:36:46.759503155Z 🐸 Diagnostics: false
2023-05-18T18:36:46.759615064Z 🚩️ Flux Option Flags defined
2023-05-18T18:36:46.765905986Z
2023-05-18T18:36:46.765974813Z 🦊 Independent Minister of Privilege
2023-05-18T18:36:46.767718314Z [exec]
2023-05-18T18:36:46.767742772Z allowed-users = [ "flux", "root" ]
2023-05-18T18:36:46.767767532Z allowed-shells = [ "/usr/libexec/flux/flux-shell" ]
2023-05-18T18:36:46.767942219Z
2023-05-18T18:36:46.767958271Z 🐸 Broker Configuration
2023-05-18T18:36:46.769802389Z # Flux needs to know the path to the IMP executable
2023-05-18T18:36:46.769827724Z [exec]
2023-05-18T18:36:46.769835414Z imp = "/usr/libexec/flux/flux-imp"
2023-05-18T18:36:46.769859778Z
2023-05-18T18:36:46.769867390Z [access]
2023-05-18T18:36:46.769874603Z allow-guest-user = true
2023-05-18T18:36:46.769879319Z allow-root-owner = true
2023-05-18T18:36:46.769884010Z
2023-05-18T18:36:46.769888691Z # Point to resource definition generated with flux-R(1).
2023-05-18T18:36:46.769893704Z [resource]
2023-05-18T18:36:46.769899629Z path = "/etc/flux/system/R"
2023-05-18T18:36:46.769906403Z
2023-05-18T18:36:46.769912763Z [bootstrap]
2023-05-18T18:36:46.769917759Z curve_cert = "/etc/curve/curve.cert"
2023-05-18T18:36:46.769923093Z default_port = 8050
2023-05-18T18:36:46.769943505Z default_bind = "tcp://eth0:%p"
2023-05-18T18:36:46.769949818Z default_connect = "tcp://%h.flux-service.flux-operator.svc.cluster.local:%p"
2023-05-18T18:36:46.769957123Z hosts = [
2023-05-18T18:36:46.769963641Z 	{ host="flux-sample-[0-3]"},
2023-05-18T18:36:46.769969593Z ]
2023-05-18T18:36:46.769974810Z
2023-05-18T18:36:46.769979360Z [archive]
2023-05-18T18:36:46.769984702Z dbpath = "/var/lib/flux/job-archive.sqlite"
2023-05-18T18:36:46.769989855Z period = "1m"
2023-05-18T18:36:46.892834325Z busytimeout = "50s"
2023-05-18T18:36:46.892900481Z 🧊️ State Directory:
2023-05-18T18:36:46.892906800Z total 0
2023-05-18T18:36:46.892911622Z
2023-05-18T18:36:46.897488781Z
2023-05-18T18:36:46.897563220Z 🔒️ Working directory permissions:
2023-05-18T18:36:46.897570979Z total 96
2023-05-18T18:36:46.897578807Z -rwxrwxrwx 1 flux root  2517 May 17 22:32 README.txt
2023-05-18T18:36:46.897612267Z -rwxrwxrwx 1 flux root 54692 May 17 22:32 data.hns-equil
2023-05-18T18:36:46.897618245Z -rwxrwxrwx 1 flux root 13576 May 17 22:32 ffield.reax.hns
2023-05-18T18:36:46.897626007Z -rwxrwxrwx 1 flux root   870 May 17 22:32 in.reaxc.hns
2023-05-18T18:36:46.897634949Z -rwxrwxrwx 1 flux root  4172 May 17 22:32 log.8Mar18.reaxc.hns.g++.1
2023-05-18T18:36:46.897640485Z -rwxrwxrwx 1 flux root  4168 May 17 22:32 log.8Mar18.reaxc.hns.g++.4
2023-05-18T18:36:46.897645721Z
2023-05-18T18:36:46.897650104Z
2023-05-18T18:36:46.897656269Z ✨ Curve certificate generated by helper pod
2023-05-18T18:36:46.900043409Z #   ****  Generated on 2023-04-26 22:54:42 by CZMQ  ****
2023-05-18T18:36:46.900079527Z #   ZeroMQ CURVE **Secret** Certificate
2023-05-18T18:36:46.900086971Z #   DO NOT PROVIDE THIS FILE TO OTHER USERS nor change its permissions.
2023-05-18T18:36:46.900094535Z
2023-05-18T18:36:46.900100608Z metadata
2023-05-18T18:36:46.900150165Z     name = "flux-cert-generator"
2023-05-18T18:36:46.900157633Z     keygen.hostname = "flux-sample-0"
2023-05-18T18:36:46.900163656Z curve
2023-05-18T18:36:46.900169055Z     public-key = "h.iyKzo:dg]QBEY:8W831HdS!<$(H!)Zj-CCgg1?"
2023-05-18T18:36:46.900174540Z     secret-key = "@^e?WACcKA=)gM-ur&Fl6t3&QBsEK.jZ:GfC-U.z"
2023-05-18T18:36:46.903439826Z
2023-05-18T18:36:46.903534700Z 🌀  flux start --wrap=strace,-e,network,-tt -o --config /etc/flux/config -Scron.directory=/etc/flux/system/cron.d   -Stbon.fanout=256   -Srundir=/run/flux    -Sstatedir=/var/lib/flux   -Slocal-uri=local:///run/flux/local -Stbon.connect_timeout=4s  -Stbon.zmqdebug=1  -Slog-stderr-level=6    -Slog-stderr-mode=local
2023-05-18T18:36:46.966383299Z 18:36:46.965630 socket(AF_NETLINK, SOCK_RAW, NETLINK_ROUTE) = 8
2023-05-18T18:36:46.966938940Z 18:36:46.966492 bind(8, {sa_family=AF_NETLINK, nl_pid=0, nl_groups=00000000}, 12) = 0
2023-05-18T18:36:46.966957740Z 18:36:46.966778 getsockname(8, {sa_family=AF_NETLINK, nl_pid=70, nl_groups=00000000}, [12]) = 0
2023-05-18T18:36:46.967383022Z 18:36:46.966864 sendto(8, {{len=20, type=RTM_GETADDR, flags=NLM_F_REQUEST|NLM_F_DUMP, seq=1684435006, pid=0}, {ifa_family=AF_UNSPEC, ...}}, 20, 0, {sa_family=AF_NETLINK, nl_pid=0, nl_groups=00000000}, 12) = 20
2023-05-18T18:36:46.967727581Z 18:36:46.967236 recvmsg(8, {msg_name={sa_family=AF_NETLINK, nl_pid=0, nl_groups=00000000}, msg_namelen=12, msg_iov=[{iov_base=[{{len=76, type=RTM_NEWADDR, flags=NLM_F_MULTI, seq=1684435006, pid=70}, {ifa_family=AF_INET, ifa_prefixlen=8, ifa_flags=IFA_F_PERMANENT, ifa_scope=RT_SCOPE_HOST, ifa_index=if_nametoindex("lo")}, [{{nla_len=8, nla_type=IFA_ADDRESS}, 127.0.0.1}, {{nla_len=8, nla_type=IFA_LOCAL}, 127.0.0.1}, {{nla_len=7, nla_type=IFA_LABEL}, "lo"}, {{nla_len=8, nla_type=IFA_FLAGS}, IFA_F_PERMANENT}, {{nla_len=20, nla_type=IFA_CACHEINFO}, {ifa_prefered=4294967295, ifa_valid=4294967295, cstamp=1554980, tstamp=1554980}}]}, {{len=88, type=RTM_NEWADDR, flags=NLM_F_MULTI, seq=1684435006, pid=70}, {ifa_family=AF_INET, ifa_prefixlen=24, ifa_flags=IFA_F_PERMANENT, ifa_scope=RT_SCOPE_UNIVERSE, ifa_index=if_nametoindex("eth0")}, [{{nla_len=8, nla_type=IFA_ADDRESS}, 10.24.3.91}, {{nla_len=8, nla_type=IFA_LOCAL}, 10.24.3.91}, {{nla_len=8, nla_type=IFA_BROADCAST}, 10.24.3.255}, {{nla_len=9, nla_type=IFA_LABEL}, "eth0"}, {{nla_len=8, nla_type=IFA_FLAGS}, IFA_F_PERMANENT}, {{nla_len=20, nla_type=IFA_CACHEINFO}, {ifa_prefered=4294967295, ifa_valid=4294967295, cstamp=1554984, tstamp=1554984}}]}], iov_len=4096}], msg_iovlen=1, msg_controllen=0, msg_flags=0}, 0) = 164
2023-05-18T18:36:46.967880330Z 18:36:46.967605 recvmsg(8, {msg_name={sa_family=AF_NETLINK, nl_pid=0, nl_groups=00000000}, msg_namelen=12, msg_iov=[{iov_base={{len=20, type=NLMSG_DONE, flags=NLM_F_MULTI, seq=1684435006, pid=70}, 0}, iov_len=4096}], msg_iovlen=1, msg_controllen=0, msg_flags=0}, 0) = 20
2023-05-18T18:36:46.968473171Z 18:36:46.968238 socket(AF_UNIX, SOCK_STREAM|SOCK_CLOEXEC|SOCK_NONBLOCK, 0) = 8
2023-05-18T18:36:46.968722105Z 18:36:46.968321 connect(8, {sa_family=AF_UNIX, sun_path="/var/run/nscd/socket"}, 110) = -1 ENOENT (No such file or directory)
2023-05-18T18:36:46.968739710Z 18:36:46.968449 socket(AF_UNIX, SOCK_STREAM|SOCK_CLOEXEC|SOCK_NONBLOCK, 0) = 8
2023-05-18T18:36:46.968745572Z 18:36:46.968507 connect(8, {sa_family=AF_UNIX, sun_path="/var/run/nscd/socket"}, 110) = -1 ENOENT (No such file or directory)
2023-05-18T18:36:46.977937426Z 18:36:46.976587 socket(AF_INET, SOCK_DGRAM|SOCK_CLOEXEC|SOCK_NONBLOCK, IPPROTO_IP) = 8
2023-05-18T18:36:46.978336933Z 18:36:46.976796 connect(8, {sa_family=AF_INET, sin_port=htons(53), sin_addr=inet_addr("169.254.169.254")}, 16) = 0
2023-05-18T18:36:46.978394422Z 18:36:46.976988 sendto(8, "}\272\1\0\0\1\0\0\0\0\0\0\rflux-sample-0\fflux-"..., 76, MSG_NOSIGNAL, NULL, 0) = 76
2023-05-18T18:36:46.981850432Z 18:36:46.981299 recvfrom(8, "}\272\201\200\0\1\0\1\0\0\0\0\rflux-sample-0\fflux-"..., 1024, 0, {sa_family=AF_INET, sin_port=htons(53), sin_addr=inet_addr("169.254.169.254")}, [28->16]) = 92
2023-05-18T18:36:46.993225517Z broker.info[3]: start: none->join 4.33617ms
2023-05-18T18:36:47.215678521Z broker.info[3]: parent-ready: join->init 0.221763s
2023-05-18T18:36:47.216435650Z 18:36:47.215981 socketpair(AF_UNIX, SOCK_STREAM|SOCK_CLOEXEC, 0, [22, 23]) = 0
2023-05-18T18:36:47.216462022Z 18:36:47.216231 socketpair(AF_UNIX, SOCK_STREAM, 0, [24, 25]) = 0
2023-05-18T18:36:47.216738450Z 18:36:47.216491 socketpair(AF_UNIX, SOCK_STREAM, 0, [26, 27]) = 0
2023-05-18T18:36:47.216975335Z 18:36:47.216705 socketpair(AF_UNIX, SOCK_STREAM, 0, [28, 29]) = 0
2023-05-18T18:36:47.256538578Z broker.info[3]: configuration updated
2023-05-18T18:36:47.450296003Z broker.info[3]: rc1.0: running /etc/flux/rc1.d/01-sched-fluxion
2023-05-18T18:36:47.469503320Z broker.info[3]: rc1.0: running /etc/flux/rc1.d/02-cron
2023-05-18T18:36:47.508369138Z broker.info[3]: rc1.0: /etc/flux/rc1 Exited (rc=0) 0.3s
2023-05-18T18:36:47.510194889Z broker.info[3]: rc1-success: init->quorum 0.293555s
2023-05-18T18:36:51.108670977Z broker.info[3]: quorum-full: quorum->run 3.59746s
2023-05-18T18:36:51.706814999Z 18:36:51.706024 socketpair(AF_UNIX, SOCK_STREAM|SOCK_CLOEXEC, 0, [22, 23]) = 0
2023-05-18T18:36:51.707661376Z 18:36:51.706593 socketpair(AF_UNIX, SOCK_STREAM, 0, [24, 25]) = 0
2023-05-18T18:36:51.707928874Z 18:36:51.706922 socketpair(AF_UNIX, SOCK_STREAM, 0, [26, 28]) = 0
2023-05-18T18:36:51.708177504Z 18:36:51.707243 socketpair(AF_UNIX, SOCK_STREAM, 0, [58, 59]) = 0
2023-05-18T18:37:05.179947543Z broker.info[3]: shutdown: run->cleanup 14.0709s
2023-05-18T18:37:05.182992229Z broker.info[3]: cleanup-none: cleanup->shutdown 2.35042ms
2023-05-18T18:37:05.185091748Z broker.info[3]: children-none: shutdown->finalize 1.22424ms
2023-05-18T18:37:05.186384353Z 18:37:05.185363 socketpair(AF_UNIX, SOCK_STREAM|SOCK_CLOEXEC, 0, [22, 23]) = 0
2023-05-18T18:37:05.187869005Z 18:37:05.185661 socketpair(AF_UNIX, SOCK_STREAM, 0, [24, 25]) = 0
2023-05-18T18:37:05.188547996Z 18:37:05.186042 socketpair(AF_UNIX, SOCK_STREAM, 0, [26, 28]) = 0
2023-05-18T18:37:05.188571707Z 18:37:05.186540 socketpair(AF_UNIX, SOCK_STREAM, 0, [58, 59]) = 0
2023-05-18T18:37:05.253621172Z broker.info[3]: rc3.0: running /etc/flux/rc3.d/01-sched-fluxion
2023-05-18T18:37:05.481943805Z broker.info[3]: rc3.0: /etc/flux/rc3 Exited (rc=0) 0.3s
2023-05-18T18:37:05.482900483Z broker.info[3]: rc3-success: finalize->goodbye 0.297256s
2023-05-18T18:37:05.484144275Z broker.info[3]: goodbye: goodbye->exit 0.994608ms
2023-05-18T18:37:05.493308699Z 18:37:05.492870 +++ exited with 0 +++
2023-05-18T18:37:05.496095834Z Return value for follower worker is 0
2023-05-18T18:37:05.496452477Z The follower worker exited cleanly. Goodbye!
