2023-05-18T20:18:19.475483826Z
2023-05-18T20:18:19.475524671Z Flux username: flux
2023-05-18T20:18:19.475531053Z
2023-05-18T20:18:19.475535913Z Flux install root: /usr
2023-05-18T20:18:19.521831109Z flux user is already added.
2023-05-18T20:18:19.524787777Z flux user identifiers:
2023-05-18T20:18:19.524815126Z uid=1234(flux) gid=1234(flux) groups=1234(flux)
2023-05-18T20:18:19.524820928Z
2023-05-18T20:18:19.524826882Z As Flux prefix for flux commands: sudo -u flux -E PYTHONPATH=/opt/conda/lib/python3.10/site-packages -E PATH=/opt/conda/bin:/usr/local/sbin:/usr/local/bin:/usr/sbin:/usr/bin:/sbin:/bin -E LD_LIBRARY_PATH=/opt/conda/lib -E HOME=/home/flux
2023-05-18T20:18:19.532182367Z
2023-05-18T20:18:19.532214937Z ðŸ‘‹ Hello, I'm flux-sample-1
2023-05-18T20:18:19.532405097Z The main host is flux-sample-0
2023-05-18T20:18:19.532418068Z The working directory is /home/flux/examples/reaxff/HNS, contents include:
2023-05-18T20:18:19.534363389Z /home/flux/examples/reaxff/HNS:
2023-05-18T20:18:19.534502047Z README.txt	ffield.reax.hns  log.8Mar18.reaxc.hns.g++.1
2023-05-18T20:18:19.534514096Z data.hns-equil	in.reaxc.hns	 log.8Mar18.reaxc.hns.g++.4
2023-05-18T20:18:19.534653905Z End of file listing, if you see nothing above there are no files.
2023-05-18T20:18:19.536845546Z flux R encode --hosts=flux-sample-[0-3]
2023-05-18T20:18:19.551680442Z
2023-05-18T20:18:19.551709840Z ðŸ“¦ Resources
2023-05-18T20:18:19.553173790Z {"version": 1, "execution": {"R_lite": [{"rank": "0-3", "children": {"core": "0"}}], "starttime": 0.0, "expiration": 0.0, "nodelist": ["flux-sample-[0-3]"]}}
2023-05-18T20:18:19.553453538Z
2023-05-18T20:18:19.553518755Z ðŸ¸ Diagnostics: false
2023-05-18T20:18:19.553810245Z ðŸš©ï¸ Flux Option Flags defined
2023-05-18T20:18:19.558431605Z
2023-05-18T20:18:19.558454859Z ðŸ¦Š Independent Minister of Privilege
2023-05-18T20:18:19.559759747Z [exec]
2023-05-18T20:18:19.559776637Z allowed-users = [ "flux", "root" ]
2023-05-18T20:18:19.559783336Z allowed-shells = [ "/usr/libexec/flux/flux-shell" ]
2023-05-18T20:18:19.559967088Z
2023-05-18T20:18:19.559980766Z ðŸ¸ Broker Configuration
2023-05-18T20:18:19.561315231Z # Flux needs to know the path to the IMP executable
2023-05-18T20:18:19.561332109Z [exec]
2023-05-18T20:18:19.561337964Z imp = "/usr/libexec/flux/flux-imp"
2023-05-18T20:18:19.561344840Z
2023-05-18T20:18:19.561351145Z [access]
2023-05-18T20:18:19.561356734Z allow-guest-user = true
2023-05-18T20:18:19.561361375Z allow-root-owner = true
2023-05-18T20:18:19.561365751Z
2023-05-18T20:18:19.561370467Z # Point to resource definition generated with flux-R(1).
2023-05-18T20:18:19.561375272Z [resource]
2023-05-18T20:18:19.561380864Z path = "/etc/flux/system/R"
2023-05-18T20:18:19.561387656Z
2023-05-18T20:18:19.561393667Z [bootstrap]
2023-05-18T20:18:19.561399007Z curve_cert = "/etc/curve/curve.cert"
2023-05-18T20:18:19.561404622Z default_port = 8050
2023-05-18T20:18:19.561409563Z default_bind = "tcp://eth0:%p"
2023-05-18T20:18:19.561415315Z default_connect = "tcp://%h.flux-service.flux-operator.svc.cluster.local:%p"
2023-05-18T20:18:19.561420207Z hosts = [
2023-05-18T20:18:19.561424877Z 	{ host="flux-sample-[0-3]"},
2023-05-18T20:18:19.561431751Z ]
2023-05-18T20:18:19.561437071Z
2023-05-18T20:18:19.561441798Z [archive]
2023-05-18T20:18:19.561446591Z dbpath = "/var/lib/flux/job-archive.sqlite"
2023-05-18T20:18:19.561451367Z period = "1m"
2023-05-18T20:18:19.645294669Z busytimeout = "50s"
2023-05-18T20:18:19.646246429Z ðŸ§Šï¸ State Directory:
2023-05-18T20:18:19.646266407Z total 0
2023-05-18T20:18:19.646271974Z
2023-05-18T20:18:19.650222040Z
2023-05-18T20:18:19.650249589Z ðŸ”’ï¸ Working directory permissions:
2023-05-18T20:18:19.650256195Z total 96
2023-05-18T20:18:19.650277212Z -rwxrwxrwx 1 flux root  2517 May 17 22:32 README.txt
2023-05-18T20:18:19.650283578Z -rwxrwxrwx 1 flux root 54692 May 17 22:32 data.hns-equil
2023-05-18T20:18:19.650288852Z -rwxrwxrwx 1 flux root 13576 May 17 22:32 ffield.reax.hns
2023-05-18T20:18:19.650293747Z -rwxrwxrwx 1 flux root   870 May 17 22:32 in.reaxc.hns
2023-05-18T20:18:19.650298993Z -rwxrwxrwx 1 flux root  4172 May 17 22:32 log.8Mar18.reaxc.hns.g++.1
2023-05-18T20:18:19.650448212Z -rwxrwxrwx 1 flux root  4168 May 17 22:32 log.8Mar18.reaxc.hns.g++.4
2023-05-18T20:18:19.650460094Z
2023-05-18T20:18:19.650545572Z
2023-05-18T20:18:19.650554136Z âœ¨ Curve certificate generated by helper pod
2023-05-18T20:18:19.652520334Z #   ****  Generated on 2023-04-26 22:54:42 by CZMQ  ****
2023-05-18T20:18:19.652541639Z #   ZeroMQ CURVE **Secret** Certificate
2023-05-18T20:18:19.652548532Z #   DO NOT PROVIDE THIS FILE TO OTHER USERS nor change its permissions.
2023-05-18T20:18:19.652554063Z
2023-05-18T20:18:19.652558864Z metadata
2023-05-18T20:18:19.652563691Z     name = "flux-cert-generator"
2023-05-18T20:18:19.652568591Z     keygen.hostname = "flux-sample-0"
2023-05-18T20:18:19.652575559Z curve
2023-05-18T20:18:19.652582021Z     public-key = "BHYyvYE$Q?YVIWrnypQ*>}}X%/sHn7hpXSzbtN2x"
2023-05-18T20:18:19.652587007Z     secret-key = "!/8cRl?Rz<P<&f:SdK]KIJfxW>dF@v}y=.UXX0T#"
2023-05-18T20:18:19.654904053Z
2023-05-18T20:18:19.654926821Z ðŸŒ€  flux start --wrap=strace,-e,network,-tt -o --config /etc/flux/config -Scron.directory=/etc/flux/system/cron.d   -Stbon.fanout=256   -Srundir=/run/flux    -Sstatedir=/var/lib/flux   -Slocal-uri=local:///run/flux/local -Stbon.connect_timeout=5s  -Stbon.zmqdebug=1  -Slog-stderr-level=6    -Slog-stderr-mode=local
2023-05-18T20:18:19.721715867Z 20:18:19.721392 socket(AF_NETLINK, SOCK_RAW, NETLINK_ROUTE) = 8
2023-05-18T20:18:19.722067967Z 20:18:19.721838 bind(8, {sa_family=AF_NETLINK, nl_pid=0, nl_groups=00000000}, 12) = 0
2023-05-18T20:18:19.722309648Z 20:18:19.722140 getsockname(8, {sa_family=AF_NETLINK, nl_pid=70, nl_groups=00000000}, [12]) = 0
2023-05-18T20:18:19.722597400Z 20:18:19.722230 sendto(8, {{len=20, type=RTM_GETADDR, flags=NLM_F_REQUEST|NLM_F_DUMP, seq=1684441099, pid=0}, {ifa_family=AF_UNSPEC, ...}}, 20, 0, {sa_family=AF_NETLINK, nl_pid=0, nl_groups=00000000}, 12) = 20
2023-05-18T20:18:19.722950599Z 20:18:19.722469 recvmsg(8, {msg_name={sa_family=AF_NETLINK, nl_pid=0, nl_groups=00000000}, msg_namelen=12, msg_iov=[{iov_base=[{{len=76, type=RTM_NEWADDR, flags=NLM_F_MULTI, seq=1684441099, pid=70}, {ifa_family=AF_INET, ifa_prefixlen=8, ifa_flags=IFA_F_PERMANENT, ifa_scope=RT_SCOPE_HOST, ifa_index=if_nametoindex("lo")}, [{{nla_len=8, nla_type=IFA_ADDRESS}, 127.0.0.1}, {{nla_len=8, nla_type=IFA_LOCAL}, 127.0.0.1}, {{nla_len=7, nla_type=IFA_LABEL}, "lo"}, {{nla_len=8, nla_type=IFA_FLAGS}, IFA_F_PERMANENT}, {{nla_len=20, nla_type=IFA_CACHEINFO}, {ifa_prefered=4294967295, ifa_valid=4294967295, cstamp=2164334, tstamp=2164334}}]}, {{len=88, type=RTM_NEWADDR, flags=NLM_F_MULTI, seq=1684441099, pid=70}, {ifa_family=AF_INET, ifa_prefixlen=24, ifa_flags=IFA_F_PERMANENT, ifa_scope=RT_SCOPE_UNIVERSE, ifa_index=if_nametoindex("eth0")}, [{{nla_len=8, nla_type=IFA_ADDRESS}, 10.24.2.53}, {{nla_len=8, nla_type=IFA_LOCAL}, 10.24.2.53}, {{nla_len=8, nla_type=IFA_BROADCAST}, 10.24.2.255}, {{nla_len=9, nla_type=IFA_LABEL}, "eth0"}, {{nla_len=8, nla_type=IFA_FLAGS}, IFA_F_PERMANENT}, {{nla_len=20, nla_type=IFA_CACHEINFO}, {ifa_prefered=4294967295, ifa_valid=4294967295, cstamp=2164336, tstamp=2164336}}]}], iov_len=4096}], msg_iovlen=1, msg_controllen=0, msg_flags=0}, 0) = 164
2023-05-18T20:18:19.722979890Z 20:18:19.722777 recvmsg(8, {msg_name={sa_family=AF_NETLINK, nl_pid=0, nl_groups=00000000}, msg_namelen=12, msg_iov=[{iov_base={{len=20, type=NLMSG_DONE, flags=NLM_F_MULTI, seq=1684441099, pid=70}, 0}, iov_len=4096}], msg_iovlen=1, msg_controllen=0, msg_flags=0}, 0) = 20
2023-05-18T20:18:19.723913711Z 20:18:19.723443 socket(AF_UNIX, SOCK_STREAM|SOCK_CLOEXEC|SOCK_NONBLOCK, 0) = 8
2023-05-18T20:18:19.723937607Z 20:18:19.723550 connect(8, {sa_family=AF_UNIX, sun_path="/var/run/nscd/socket"}, 110) = -1 ENOENT (No such file or directory)
2023-05-18T20:18:19.723973679Z 20:18:19.723693 socket(AF_UNIX, SOCK_STREAM|SOCK_CLOEXEC|SOCK_NONBLOCK, 0) = 8
2023-05-18T20:18:19.723979482Z 20:18:19.723761 connect(8, {sa_family=AF_UNIX, sun_path="/var/run/nscd/socket"}, 110) = -1 ENOENT (No such file or directory)
2023-05-18T20:18:19.725501825Z 20:18:19.725239 socket(AF_INET, SOCK_DGRAM|SOCK_CLOEXEC|SOCK_NONBLOCK, IPPROTO_IP) = 8
2023-05-18T20:18:19.725588906Z 20:18:19.725337 connect(8, {sa_family=AF_INET, sin_port=htons(53), sin_addr=inet_addr("169.254.169.254")}, 16) = 0
2023-05-18T20:18:19.726401197Z 20:18:19.725476 sendto(8, "\0\307\1\0\0\1\0\0\0\0\0\0\rflux-sample-0\fflux-"..., 76, MSG_NOSIGNAL, NULL, 0) = 76
2023-05-18T20:18:19.729865971Z 20:18:19.729648 recvfrom(8, "\0\307\201\203\0\1\0\0\0\1\0\0\rflux-sample-0\fflux-"..., 1024, 0, {sa_family=AF_INET, sin_port=htons(53), sin_addr=inet_addr("169.254.169.254")}, [28->16]) = 172
2023-05-18T20:18:19.729988014Z 20:18:19.729874 socket(AF_INET, SOCK_DGRAM|SOCK_CLOEXEC|SOCK_NONBLOCK, IPPROTO_IP) = 8
2023-05-18T20:18:19.730222614Z 20:18:19.729958 connect(8, {sa_family=AF_INET, sin_port=htons(53), sin_addr=inet_addr("169.254.169.254")}, 16) = 0
2023-05-18T20:18:19.730282251Z 20:18:19.730075 sendto(8, "\255\205\1\0\0\1\0\0\0\0\0\0\rflux-sample-0\fflux-"..., 108, MSG_NOSIGNAL, NULL, 0) = 108
2023-05-18T20:18:19.734491055Z 20:18:19.734053 recvfrom(8, "\255\205\201\203\0\1\0\0\0\1\0\0\rflux-sample-0\fflux-"..., 1024, 0, {sa_family=AF_INET, sin_port=htons(53), sin_addr=inet_addr("169.254.169.254")}, [28->16]) = 204
2023-05-18T20:18:19.734584159Z 20:18:19.734276 socket(AF_INET, SOCK_DGRAM|SOCK_CLOEXEC|SOCK_NONBLOCK, IPPROTO_IP) = 8
2023-05-18T20:18:19.734596957Z 20:18:19.734361 connect(8, {sa_family=AF_INET, sin_port=htons(53), sin_addr=inet_addr("169.254.169.254")}, 16) = 0
2023-05-18T20:18:19.734707623Z 20:18:19.734478 sendto(8, "\355\372\1\0\0\1\0\0\0\0\0\0\rflux-sample-0\fflux-"..., 94, MSG_NOSIGNAL, NULL, 0) = 94
2023-05-18T20:18:19.738396020Z 20:18:19.737880 recvfrom(8, "\355\372\201\203\0\1\0\0\0\1\0\0\rflux-sample-0\fflux-"..., 1024, 0, {sa_family=AF_INET, sin_port=htons(53), sin_addr=inet_addr("169.254.169.254")}, [28->16]) = 190
2023-05-18T20:18:19.738487652Z 20:18:19.738065 socket(AF_INET, SOCK_DGRAM|SOCK_CLOEXEC|SOCK_NONBLOCK, IPPROTO_IP) = 8
2023-05-18T20:18:19.738499019Z 20:18:19.738170 connect(8, {sa_family=AF_INET, sin_port=htons(53), sin_addr=inet_addr("169.254.169.254")}, 16) = 0
2023-05-18T20:18:19.738507309Z 20:18:19.738282 sendto(8, "0\374\1\0\0\1\0\0\0\0\0\0\rflux-sample-0\fflux-"..., 90, MSG_NOSIGNAL, NULL, 0) = 90
2023-05-18T20:18:19.741448825Z 20:18:19.741126 recvfrom(8, "0\374\201\203\0\1\0\0\0\1\0\0\rflux-sample-0\fflux-"..., 1024, 0, {sa_family=AF_INET, sin_port=htons(53), sin_addr=inet_addr("169.254.169.254")}, [28->16]) = 186
2023-05-18T20:18:19.741703588Z 20:18:19.741480 socket(AF_INET, SOCK_DGRAM|SOCK_CLOEXEC|SOCK_NONBLOCK, IPPROTO_IP) = 8
2023-05-18T20:18:19.741974535Z 20:18:19.741664 connect(8, {sa_family=AF_INET, sin_port=htons(53), sin_addr=inet_addr("169.254.169.254")}, 16) = 0
2023-05-18T20:18:19.742343392Z 20:18:19.741981 sendto(8, "\257\4\1\0\0\1\0\0\0\0\0\0\rflux-sample-0\fflux-"..., 111, MSG_NOSIGNAL, NULL, 0) = 111
2023-05-18T20:18:19.747568383Z 20:18:19.747278 recvfrom(8, "\257\4\201\203\0\1\0\0\0\1\0\0\rflux-sample-0\fflux-"..., 1024, 0, {sa_family=AF_INET, sin_port=htons(53), sin_addr=inet_addr("169.254.169.254")}, [28->16]) = 205
2023-05-18T20:18:19.747726016Z 20:18:19.747575 socket(AF_INET, SOCK_DGRAM|SOCK_CLOEXEC|SOCK_NONBLOCK, IPPROTO_IP) = 8
2023-05-18T20:18:19.747906446Z 20:18:19.747680 connect(8, {sa_family=AF_INET, sin_port=htons(53), sin_addr=inet_addr("169.254.169.254")}, 16) = 0
2023-05-18T20:18:19.748220012Z 20:18:19.747894 sendto(8, "zP\1\0\0\1\0\0\0\0\0\0\rflux-sample-0\fflux-"..., 97, MSG_NOSIGNAL, NULL, 0) = 97
2023-05-18T20:18:19.757223225Z 20:18:19.756694 recvfrom(8, "zP\201\203\0\1\0\0\0\1\0\0\rflux-sample-0\fflux-"..., 1024, 0, {sa_family=AF_INET, sin_port=htons(53), sin_addr=inet_addr("169.254.169.254")}, [28->16]) = 186
2023-05-18T20:18:19.757340845Z 20:18:19.757044 socket(AF_INET, SOCK_DGRAM|SOCK_CLOEXEC|SOCK_NONBLOCK, IPPROTO_IP) = 8
2023-05-18T20:18:19.757352297Z 20:18:19.757166 connect(8, {sa_family=AF_INET, sin_port=htons(53), sin_addr=inet_addr("169.254.169.254")}, 16) = 0
2023-05-18T20:18:19.757666662Z 20:18:19.757370 sendto(8, "q\223\1\0\0\1\0\0\0\0\0\0\rflux-sample-0\fflux-"..., 92, MSG_NOSIGNAL, NULL, 0) = 92
2023-05-18T20:18:19.763064944Z 20:18:19.762796 recvfrom(8, "q\223\201\203\0\1\0\0\0\1\0\0\rflux-sample-0\fflux-"..., 1024, 0, {sa_family=AF_INET, sin_port=htons(53), sin_addr=inet_addr("169.254.169.254")}, [28->16]) = 181
2023-05-18T20:18:19.763243519Z broker.err[1]: Warning: unable to resolve upstream peer flux-sample-0.flux-service.flux-operator.svc.cluster.local: Name or service not known
2023-05-18T20:18:19.769727764Z broker.info[1]: start: none->join 2.63141ms
2023-05-18T20:18:21.048260467Z broker.info[1]: parent-ready: join->init 1.27815s
2023-05-18T20:18:21.048491893Z 20:18:21.048196 socketpair(AF_UNIX, SOCK_STREAM|SOCK_CLOEXEC, 0, [22, 23]) = 0
2023-05-18T20:18:21.048667870Z 20:18:21.048394 socketpair(AF_UNIX, SOCK_STREAM, 0, [24, 25]) = 0
2023-05-18T20:18:21.048972797Z 20:18:21.048716 socketpair(AF_UNIX, SOCK_STREAM, 0, [26, 27]) = 0
2023-05-18T20:18:21.049244298Z 20:18:21.049002 socketpair(AF_UNIX, SOCK_STREAM, 0, [28, 29]) = 0
2023-05-18T20:18:21.076510429Z broker.info[1]: configuration updated
2023-05-18T20:18:21.197995250Z broker.info[1]: rc1.0: running /etc/flux/rc1.d/01-sched-fluxion
2023-05-18T20:18:21.219264279Z broker.info[1]: rc1.0: running /etc/flux/rc1.d/02-cron
2023-05-18T20:18:21.254729004Z broker.info[1]: rc1.0: /etc/flux/rc1 Exited (rc=0) 0.2s
2023-05-18T20:18:21.255678653Z broker.info[1]: rc1-success: init->quorum 0.207311s
2023-05-18T20:18:21.593619921Z broker.info[1]: quorum-full: quorum->run 0.337563s
2023-05-18T20:18:32.979686044Z broker.info[1]: shutdown: run->cleanup 11.3858s
2023-05-18T20:18:32.980970690Z broker.info[1]: cleanup-none: cleanup->shutdown 0.992258ms
2023-05-18T20:18:32.982519932Z broker.info[1]: children-none: shutdown->finalize 1.04719ms
2023-05-18T20:18:32.983062161Z 20:18:32.982710 socketpair(AF_UNIX, SOCK_STREAM|SOCK_CLOEXEC, 0, [22, 23]) = 0
2023-05-18T20:18:32.983723341Z 20:18:32.983155 socketpair(AF_UNIX, SOCK_STREAM, 0, [24, 25]) = 0
2023-05-18T20:18:32.984038866Z 20:18:32.983810 socketpair(AF_UNIX, SOCK_STREAM, 0, [26, 28]) = 0
2023-05-18T20:18:32.984405930Z 20:18:32.984174 socketpair(AF_UNIX, SOCK_STREAM, 0, [58, 59]) = 0
2023-05-18T20:18:33.003304229Z broker.info[1]: rc3.0: running /etc/flux/rc3.d/01-sched-fluxion
2023-05-18T20:18:33.151811637Z broker.info[1]: rc3.0: /etc/flux/rc3 Exited (rc=0) 0.2s
2023-05-18T20:18:33.153011779Z broker.info[1]: rc3-success: finalize->goodbye 0.170145s
2023-05-18T20:18:33.154558911Z broker.info[1]: goodbye: goodbye->exit 1.02069ms
2023-05-18T20:18:33.162439862Z 20:18:33.162223 +++ exited with 0 +++
2023-05-18T20:18:33.164457896Z Return value for follower worker is 0
2023-05-18T20:18:33.164487990Z The follower worker exited cleanly. Goodbye!
