2023-05-18T20:07:38.506245952Z
2023-05-18T20:07:38.506656174Z Flux username: flux
2023-05-18T20:07:38.506671239Z
2023-05-18T20:07:38.506676973Z Flux install root: /usr
2023-05-18T20:07:38.550968857Z flux user is already added.
2023-05-18T20:07:38.553756405Z flux user identifiers:
2023-05-18T20:07:38.553782802Z uid=1234(flux) gid=1234(flux) groups=1234(flux)
2023-05-18T20:07:38.553974540Z
2023-05-18T20:07:38.553993898Z As Flux prefix for flux commands: sudo -u flux -E PYTHONPATH=/opt/conda/lib/python3.10/site-packages -E PATH=/opt/conda/bin:/usr/local/sbin:/usr/local/bin:/usr/sbin:/usr/bin:/sbin:/bin -E LD_LIBRARY_PATH=/opt/conda/lib -E HOME=/home/flux
2023-05-18T20:07:38.562379094Z
2023-05-18T20:07:38.562408167Z ðŸ‘‹ Hello, I'm flux-sample-3
2023-05-18T20:07:38.562424066Z The main host is flux-sample-0
2023-05-18T20:07:38.562630881Z The working directory is /home/flux/examples/reaxff/HNS, contents include:
2023-05-18T20:07:38.564708727Z /home/flux/examples/reaxff/HNS:
2023-05-18T20:07:38.564845131Z README.txt	ffield.reax.hns  log.8Mar18.reaxc.hns.g++.1
2023-05-18T20:07:38.564857807Z data.hns-equil	in.reaxc.hns	 log.8Mar18.reaxc.hns.g++.4
2023-05-18T20:07:38.565126860Z End of file listing, if you see nothing above there are no files.
2023-05-18T20:07:38.567007121Z flux R encode --hosts=flux-sample-[0-3]
2023-05-18T20:07:38.580898122Z
2023-05-18T20:07:38.580924769Z ðŸ“¦ Resources
2023-05-18T20:07:38.582348437Z {"version": 1, "execution": {"R_lite": [{"rank": "0-3", "children": {"core": "0"}}], "starttime": 0.0, "expiration": 0.0, "nodelist": ["flux-sample-[0-3]"]}}
2023-05-18T20:07:38.582672334Z
2023-05-18T20:07:38.582690755Z ðŸ¸ Diagnostics: false
2023-05-18T20:07:38.583503620Z ðŸš©ï¸ Flux Option Flags defined
2023-05-18T20:07:38.588251434Z
2023-05-18T20:07:38.588351290Z ðŸ¦Š Independent Minister of Privilege
2023-05-18T20:07:38.589687595Z [exec]
2023-05-18T20:07:38.589705495Z allowed-users = [ "flux", "root" ]
2023-05-18T20:07:38.589711791Z allowed-shells = [ "/usr/libexec/flux/flux-shell" ]
2023-05-18T20:07:38.590044363Z
2023-05-18T20:07:38.590066122Z ðŸ¸ Broker Configuration
2023-05-18T20:07:38.591317180Z # Flux needs to know the path to the IMP executable
2023-05-18T20:07:38.591336055Z [exec]
2023-05-18T20:07:38.591343257Z imp = "/usr/libexec/flux/flux-imp"
2023-05-18T20:07:38.591347962Z
2023-05-18T20:07:38.591352642Z [access]
2023-05-18T20:07:38.591358243Z allow-guest-user = true
2023-05-18T20:07:38.591362773Z allow-root-owner = true
2023-05-18T20:07:38.591367108Z
2023-05-18T20:07:38.591371897Z # Point to resource definition generated with flux-R(1).
2023-05-18T20:07:38.591378896Z [resource]
2023-05-18T20:07:38.591385698Z path = "/etc/flux/system/R"
2023-05-18T20:07:38.591390914Z
2023-05-18T20:07:38.591395945Z [bootstrap]
2023-05-18T20:07:38.591401602Z curve_cert = "/etc/curve/curve.cert"
2023-05-18T20:07:38.591406396Z default_port = 8050
2023-05-18T20:07:38.591411104Z default_bind = "tcp://eth0:%p"
2023-05-18T20:07:38.591416446Z default_connect = "tcp://%h.flux-service.flux-operator.svc.cluster.local:%p"
2023-05-18T20:07:38.591423405Z hosts = [
2023-05-18T20:07:38.591429016Z 	{ host="flux-sample-[0-3]"},
2023-05-18T20:07:38.591433855Z ]
2023-05-18T20:07:38.591438416Z
2023-05-18T20:07:38.591460323Z [archive]
2023-05-18T20:07:38.591467332Z dbpath = "/var/lib/flux/job-archive.sqlite"
2023-05-18T20:07:38.591472116Z period = "1m"
2023-05-18T20:07:38.676643641Z busytimeout = "50s"
2023-05-18T20:07:38.676668862Z ðŸ§Šï¸ State Directory:
2023-05-18T20:07:38.676674304Z total 0
2023-05-18T20:07:38.676678953Z
2023-05-18T20:07:38.677109552Z
2023-05-18T20:07:38.677125641Z ðŸ”’ï¸ Working directory permissions:
2023-05-18T20:07:38.677132337Z total 96
2023-05-18T20:07:38.677138663Z -rwxrwxrwx 1 flux root  2517 May 17 22:32 README.txt
2023-05-18T20:07:38.677143498Z -rwxrwxrwx 1 flux root 54692 May 17 22:32 data.hns-equil
2023-05-18T20:07:38.677148165Z -rwxrwxrwx 1 flux root 13576 May 17 22:32 ffield.reax.hns
2023-05-18T20:07:38.677152992Z -rwxrwxrwx 1 flux root   870 May 17 22:32 in.reaxc.hns
2023-05-18T20:07:38.677158636Z -rwxrwxrwx 1 flux root  4172 May 17 22:32 log.8Mar18.reaxc.hns.g++.1
2023-05-18T20:07:38.677163437Z -rwxrwxrwx 1 flux root  4168 May 17 22:32 log.8Mar18.reaxc.hns.g++.4
2023-05-18T20:07:38.677170075Z
2023-05-18T20:07:38.677607386Z
2023-05-18T20:07:38.677629509Z âœ¨ Curve certificate generated by helper pod
2023-05-18T20:07:38.679101474Z #   ****  Generated on 2023-04-26 22:54:42 by CZMQ  ****
2023-05-18T20:07:38.679118395Z #   ZeroMQ CURVE **Secret** Certificate
2023-05-18T20:07:38.679124238Z #   DO NOT PROVIDE THIS FILE TO OTHER USERS nor change its permissions.
2023-05-18T20:07:38.679129108Z
2023-05-18T20:07:38.679133652Z metadata
2023-05-18T20:07:38.679139325Z     name = "flux-cert-generator"
2023-05-18T20:07:38.679144837Z     keygen.hostname = "flux-sample-0"
2023-05-18T20:07:38.679151447Z curve
2023-05-18T20:07:38.679158131Z     public-key = "R([V}Yu$)7fzs+1db%}Bt2mdLFd29eZA!D^7!Ehn"
2023-05-18T20:07:38.679163718Z     secret-key = "@)7Ms1aF(]LmP2N0pY{v2VB{YRlf)V=yqo}i{t1("
2023-05-18T20:07:38.681681105Z
2023-05-18T20:07:38.681706067Z ðŸŒ€  flux start --wrap=strace,-e,network,-tt -o --config /etc/flux/config -Scron.directory=/etc/flux/system/cron.d   -Stbon.fanout=256   -Srundir=/run/flux    -Sstatedir=/var/lib/flux   -Slocal-uri=local:///run/flux/local -Stbon.connect_timeout=4s  -Stbon.zmqdebug=1  -Slog-stderr-level=6    -Slog-stderr-mode=local
2023-05-18T20:07:38.728060613Z 20:07:38.727756 socket(AF_NETLINK, SOCK_RAW, NETLINK_ROUTE) = 8
2023-05-18T20:07:38.728195674Z 20:07:38.727960 bind(8, {sa_family=AF_NETLINK, nl_pid=0, nl_groups=00000000}, 12) = 0
2023-05-18T20:07:38.728319123Z 20:07:38.728135 getsockname(8, {sa_family=AF_NETLINK, nl_pid=70, nl_groups=00000000}, [12]) = 0
2023-05-18T20:07:38.728727176Z 20:07:38.728303 sendto(8, {{len=20, type=RTM_GETADDR, flags=NLM_F_REQUEST|NLM_F_DUMP, seq=1684440458, pid=0}, {ifa_family=AF_UNSPEC, ...}}, 20, 0, {sa_family=AF_NETLINK, nl_pid=0, nl_groups=00000000}, 12) = 20
2023-05-18T20:07:38.729206873Z 20:07:38.728682 recvmsg(8, {msg_name={sa_family=AF_NETLINK, nl_pid=0, nl_groups=00000000}, msg_namelen=12, msg_iov=[{iov_base=[{{len=76, type=RTM_NEWADDR, flags=NLM_F_MULTI, seq=1684440458, pid=70}, {ifa_family=AF_INET, ifa_prefixlen=8, ifa_flags=IFA_F_PERMANENT, ifa_scope=RT_SCOPE_HOST, ifa_index=if_nametoindex("lo")}, [{{nla_len=8, nla_type=IFA_ADDRESS}, 127.0.0.1}, {{nla_len=8, nla_type=IFA_LOCAL}, 127.0.0.1}, {{nla_len=7, nla_type=IFA_LABEL}, "lo"}, {{nla_len=8, nla_type=IFA_FLAGS}, IFA_F_PERMANENT}, {{nla_len=20, nla_type=IFA_CACHEINFO}, {ifa_prefered=4294967295, ifa_valid=4294967295, cstamp=2100392, tstamp=2100392}}]}, {{len=88, type=RTM_NEWADDR, flags=NLM_F_MULTI, seq=1684440458, pid=70}, {ifa_family=AF_INET, ifa_prefixlen=24, ifa_flags=IFA_F_PERMANENT, ifa_scope=RT_SCOPE_UNIVERSE, ifa_index=if_nametoindex("eth0")}, [{{nla_len=8, nla_type=IFA_ADDRESS}, 10.24.1.62}, {{nla_len=8, nla_type=IFA_LOCAL}, 10.24.1.62}, {{nla_len=8, nla_type=IFA_BROADCAST}, 10.24.1.255}, {{nla_len=9, nla_type=IFA_LABEL}, "eth0"}, {{nla_len=8, nla_type=IFA_FLAGS}, IFA_F_PERMANENT}, {{nla_len=20, nla_type=IFA_CACHEINFO}, {ifa_prefered=4294967295, ifa_valid=4294967295, cstamp=2100395, tstamp=2100395}}]}], iov_len=4096}], msg_iovlen=1, msg_controllen=0, msg_flags=0}, 0) = 164
2023-05-18T20:07:38.729418854Z 20:07:38.729183 recvmsg(8, {msg_name={sa_family=AF_NETLINK, nl_pid=0, nl_groups=00000000}, msg_namelen=12, msg_iov=[{iov_base={{len=20, type=NLMSG_DONE, flags=NLM_F_MULTI, seq=1684440458, pid=70}, 0}, iov_len=4096}], msg_iovlen=1, msg_controllen=0, msg_flags=0}, 0) = 20
2023-05-18T20:07:38.730213315Z 20:07:38.730046 socket(AF_UNIX, SOCK_STREAM|SOCK_CLOEXEC|SOCK_NONBLOCK, 0) = 8
2023-05-18T20:07:38.730432175Z 20:07:38.730181 connect(8, {sa_family=AF_UNIX, sun_path="/var/run/nscd/socket"}, 110) = -1 ENOENT (No such file or directory)
2023-05-18T20:07:38.730643709Z 20:07:38.730479 socket(AF_UNIX, SOCK_STREAM|SOCK_CLOEXEC|SOCK_NONBLOCK, 0) = 8
2023-05-18T20:07:38.730766920Z 20:07:38.730611 connect(8, {sa_family=AF_UNIX, sun_path="/var/run/nscd/socket"}, 110) = -1 ENOENT (No such file or directory)
2023-05-18T20:07:38.732477590Z 20:07:38.732299 socket(AF_INET, SOCK_DGRAM|SOCK_CLOEXEC|SOCK_NONBLOCK, IPPROTO_IP) = 8
2023-05-18T20:07:38.732650080Z 20:07:38.732409 connect(8, {sa_family=AF_INET, sin_port=htons(53), sin_addr=inet_addr("169.254.169.254")}, 16) = 0
2023-05-18T20:07:38.733123364Z 20:07:38.732696 sendto(8, "\r\326\1\0\0\1\0\0\0\0\0\0\rflux-sample-0\fflux-"..., 76, MSG_NOSIGNAL, NULL, 0) = 76
2023-05-18T20:07:38.736935666Z 20:07:38.736723 recvfrom(8, "\r\326\201\200\0\1\0\1\0\0\0\0\rflux-sample-0\fflux-"..., 1024, 0, {sa_family=AF_INET, sin_port=htons(53), sin_addr=inet_addr("169.254.169.254")}, [28->16]) = 92
2023-05-18T20:07:38.743322607Z broker.info[3]: start: none->join 3.06646ms
2023-05-18T20:07:39.105858455Z broker.info[3]: parent-ready: join->init 0.362233s
2023-05-18T20:07:39.106600396Z 20:07:39.105703 socketpair(AF_UNIX, SOCK_STREAM|SOCK_CLOEXEC, 0, [22, 23]) = 0
2023-05-18T20:07:39.106661389Z 20:07:39.105857 socketpair(AF_UNIX, SOCK_STREAM, 0, [24, 25]) = 0
2023-05-18T20:07:39.106669870Z 20:07:39.106073 socketpair(AF_UNIX, SOCK_STREAM, 0, [26, 27]) = 0
2023-05-18T20:07:39.106675964Z 20:07:39.106256 socketpair(AF_UNIX, SOCK_STREAM, 0, [28, 29]) = 0
2023-05-18T20:07:39.131224566Z broker.info[3]: configuration updated
2023-05-18T20:07:39.263253321Z broker.info[3]: rc1.0: running /etc/flux/rc1.d/01-sched-fluxion
2023-05-18T20:07:39.277726395Z broker.info[3]: rc1.0: running /etc/flux/rc1.d/02-cron
2023-05-18T20:07:39.309887208Z broker.info[3]: rc1.0: /etc/flux/rc1 Exited (rc=0) 0.2s
2023-05-18T20:07:39.311162191Z broker.info[3]: rc1-success: init->quorum 0.205259s
2023-05-18T20:07:39.526839387Z broker.info[3]: quorum-full: quorum->run 0.215197s
2023-05-18T20:07:40.136256727Z 20:07:40.135911 socketpair(AF_UNIX, SOCK_STREAM|SOCK_CLOEXEC, 0, [22, 23]) = 0
2023-05-18T20:07:40.136950189Z 20:07:40.136357 socketpair(AF_UNIX, SOCK_STREAM, 0, [24, 25]) = 0
2023-05-18T20:07:40.137038747Z 20:07:40.136582 socketpair(AF_UNIX, SOCK_STREAM, 0, [26, 28]) = 0
2023-05-18T20:07:40.137054669Z 20:07:40.136757 socketpair(AF_UNIX, SOCK_STREAM, 0, [58, 59]) = 0
2023-05-18T20:07:50.757886646Z broker.info[3]: shutdown: run->cleanup 11.2306s
2023-05-18T20:07:50.759689188Z broker.info[3]: cleanup-none: cleanup->shutdown 1.49457ms
2023-05-18T20:07:50.761426296Z broker.info[3]: children-none: shutdown->finalize 1.46326ms
2023-05-18T20:07:50.762637021Z 20:07:50.761485 socketpair(AF_UNIX, SOCK_STREAM|SOCK_CLOEXEC, 0, [22, 23]) = 0
2023-05-18T20:07:50.763228404Z 20:07:50.761654 socketpair(AF_UNIX, SOCK_STREAM, 0, [24, 25]) = 0
2023-05-18T20:07:50.763317465Z 20:07:50.761910 socketpair(AF_UNIX, SOCK_STREAM, 0, [26, 28]) = 0
2023-05-18T20:07:50.763326845Z 20:07:50.762172 socketpair(AF_UNIX, SOCK_STREAM, 0, [58, 59]) = 0
2023-05-18T20:07:50.784236664Z broker.info[3]: rc3.0: running /etc/flux/rc3.d/01-sched-fluxion
2023-05-18T20:07:50.916816763Z broker.info[3]: rc3.0: /etc/flux/rc3 Exited (rc=0) 0.2s
2023-05-18T20:07:50.917808367Z broker.info[3]: rc3-success: finalize->goodbye 0.156165s
2023-05-18T20:07:50.919885053Z broker.info[3]: goodbye: goodbye->exit 1.05401ms
2023-05-18T20:07:50.928950234Z 20:07:50.928777 +++ exited with 0 +++
2023-05-18T20:07:50.930588609Z Return value for follower worker is 0
2023-05-18T20:07:50.930791812Z The follower worker exited cleanly. Goodbye!
