2023-05-18T19:44:22.511605457Z
2023-05-18T19:44:22.511714466Z Flux username: flux
2023-05-18T19:44:22.511721230Z
2023-05-18T19:44:22.511727275Z Flux install root: /usr
2023-05-18T19:44:22.576937536Z flux user is already added.
2023-05-18T19:44:22.581928283Z flux user identifiers:
2023-05-18T19:44:22.581982511Z uid=1234(flux) gid=1234(flux) groups=1234(flux)
2023-05-18T19:44:22.582084523Z
2023-05-18T19:44:22.582093375Z As Flux prefix for flux commands: sudo -u flux -E PYTHONPATH=/opt/conda/lib/python3.10/site-packages -E PATH=/opt/conda/bin:/usr/local/sbin:/usr/local/bin:/usr/sbin:/usr/bin:/sbin:/bin -E LD_LIBRARY_PATH=/opt/conda/lib -E HOME=/home/flux
2023-05-18T19:44:22.592857019Z
2023-05-18T19:44:22.592945442Z ðŸ‘‹ Hello, I'm flux-sample-3
2023-05-18T19:44:22.593092472Z The main host is flux-sample-0
2023-05-18T19:44:22.593105071Z The working directory is /home/flux/examples/reaxff/HNS, contents include:
2023-05-18T19:44:22.595616183Z /home/flux/examples/reaxff/HNS:
2023-05-18T19:44:22.595662240Z README.txt	ffield.reax.hns  log.8Mar18.reaxc.hns.g++.1
2023-05-18T19:44:22.595668076Z data.hns-equil	in.reaxc.hns	 log.8Mar18.reaxc.hns.g++.4
2023-05-18T19:44:22.596239424Z End of file listing, if you see nothing above there are no files.
2023-05-18T19:44:22.599481400Z flux R encode --hosts=flux-sample-[0-3]
2023-05-18T19:44:22.620099720Z
2023-05-18T19:44:22.620180519Z ðŸ“¦ Resources
2023-05-18T19:44:22.622674722Z {"version": 1, "execution": {"R_lite": [{"rank": "0-3", "children": {"core": "0"}}], "starttime": 0.0, "expiration": 0.0, "nodelist": ["flux-sample-[0-3]"]}}
2023-05-18T19:44:22.622787049Z
2023-05-18T19:44:22.622801843Z ðŸ¸ Diagnostics: false
2023-05-18T19:44:22.623075532Z ðŸš©ï¸ Flux Option Flags defined
2023-05-18T19:44:22.629734564Z
2023-05-18T19:44:22.629789889Z ðŸ¦Š Independent Minister of Privilege
2023-05-18T19:44:22.631677073Z [exec]
2023-05-18T19:44:22.631707791Z allowed-users = [ "flux", "root" ]
2023-05-18T19:44:22.631714496Z allowed-shells = [ "/usr/libexec/flux/flux-shell" ]
2023-05-18T19:44:22.632062287Z
2023-05-18T19:44:22.632084923Z ðŸ¸ Broker Configuration
2023-05-18T19:44:22.633944699Z # Flux needs to know the path to the IMP executable
2023-05-18T19:44:22.633968509Z [exec]
2023-05-18T19:44:22.633974324Z imp = "/usr/libexec/flux/flux-imp"
2023-05-18T19:44:22.633978570Z
2023-05-18T19:44:22.633983342Z [access]
2023-05-18T19:44:22.633990869Z allow-guest-user = true
2023-05-18T19:44:22.633996872Z allow-root-owner = true
2023-05-18T19:44:22.634001883Z
2023-05-18T19:44:22.634006512Z # Point to resource definition generated with flux-R(1).
2023-05-18T19:44:22.634011796Z [resource]
2023-05-18T19:44:22.634018027Z path = "/etc/flux/system/R"
2023-05-18T19:44:22.634022488Z
2023-05-18T19:44:22.634027703Z [bootstrap]
2023-05-18T19:44:22.634034715Z curve_cert = "/etc/curve/curve.cert"
2023-05-18T19:44:22.634040866Z default_port = 8050
2023-05-18T19:44:22.634047163Z default_bind = "tcp://eth0:%p"
2023-05-18T19:44:22.634053369Z default_connect = "tcp://%h.flux-service.flux-operator.svc.cluster.local:%p"
2023-05-18T19:44:22.634058286Z hosts = [
2023-05-18T19:44:22.634063010Z 	{ host="flux-sample-[0-3]"},
2023-05-18T19:44:22.634067992Z ]
2023-05-18T19:44:22.634072434Z
2023-05-18T19:44:22.634079692Z [archive]
2023-05-18T19:44:22.634085618Z dbpath = "/var/lib/flux/job-archive.sqlite"
2023-05-18T19:44:22.634090600Z period = "1m"
2023-05-18T19:44:22.742221955Z busytimeout = "50s"
2023-05-18T19:44:22.742263464Z ðŸ§Šï¸ State Directory:
2023-05-18T19:44:22.742269690Z total 0
2023-05-18T19:44:22.742276934Z
2023-05-18T19:44:22.745993170Z
2023-05-18T19:44:22.746053336Z ðŸ”’ï¸ Working directory permissions:
2023-05-18T19:44:22.746060084Z total 96
2023-05-18T19:44:22.746068550Z -rwxrwxrwx 1 flux root  2517 May 17 22:32 README.txt
2023-05-18T19:44:22.746075265Z -rwxrwxrwx 1 flux root 54692 May 17 22:32 data.hns-equil
2023-05-18T19:44:22.746081778Z -rwxrwxrwx 1 flux root 13576 May 17 22:32 ffield.reax.hns
2023-05-18T19:44:22.746086715Z -rwxrwxrwx 1 flux root   870 May 17 22:32 in.reaxc.hns
2023-05-18T19:44:22.746093066Z -rwxrwxrwx 1 flux root  4172 May 17 22:32 log.8Mar18.reaxc.hns.g++.1
2023-05-18T19:44:22.746098234Z -rwxrwxrwx 1 flux root  4168 May 17 22:32 log.8Mar18.reaxc.hns.g++.4
2023-05-18T19:44:22.746103114Z
2023-05-18T19:44:22.746371491Z
2023-05-18T19:44:22.746410134Z âœ¨ Curve certificate generated by helper pod
2023-05-18T19:44:22.748960816Z #   ****  Generated on 2023-04-26 22:54:42 by CZMQ  ****
2023-05-18T19:44:22.748994428Z #   ZeroMQ CURVE **Secret** Certificate
2023-05-18T19:44:22.749001357Z #   DO NOT PROVIDE THIS FILE TO OTHER USERS nor change its permissions.
2023-05-18T19:44:22.749006598Z
2023-05-18T19:44:22.749013755Z metadata
2023-05-18T19:44:22.749022605Z     name = "flux-cert-generator"
2023-05-18T19:44:22.749028168Z     keygen.hostname = "flux-sample-0"
2023-05-18T19:44:22.749033902Z curve
2023-05-18T19:44:22.749038840Z     public-key = "egI5rV!1*7ySDV8cmw2RzV)@Z=5z.QGD>V)PFk.b"
2023-05-18T19:44:22.749044492Z     secret-key = "x+9kvbA[gC{7lU]2fFhQxiG)G8:BSfnV$I>r6&T/"
2023-05-18T19:44:22.752390033Z
2023-05-18T19:44:22.752429569Z ðŸŒ€  flux start --wrap=strace,-e,network,-tt -o --config /etc/flux/config -Scron.directory=/etc/flux/system/cron.d   -Stbon.fanout=256   -Srundir=/run/flux    -Sstatedir=/var/lib/flux   -Slocal-uri=local:///run/flux/local   -Stbon.zmqdebug=1  -Slog-stderr-level=6    -Slog-stderr-mode=local
2023-05-18T19:44:22.799279653Z 19:44:22.798749 socket(AF_NETLINK, SOCK_RAW, NETLINK_ROUTE) = 8
2023-05-18T19:44:22.799700642Z 19:44:22.799420 bind(8, {sa_family=AF_NETLINK, nl_pid=0, nl_groups=00000000}, 12) = 0
2023-05-18T19:44:22.800075941Z 19:44:22.799766 getsockname(8, {sa_family=AF_NETLINK, nl_pid=70, nl_groups=00000000}, [12]) = 0
2023-05-18T19:44:22.800639036Z 19:44:22.799992 sendto(8, {{len=20, type=RTM_GETADDR, flags=NLM_F_REQUEST|NLM_F_DUMP, seq=1684439062, pid=0}, {ifa_family=AF_UNSPEC, ...}}, 20, 0, {sa_family=AF_NETLINK, nl_pid=0, nl_groups=00000000}, 12) = 20
2023-05-18T19:44:22.801171566Z 19:44:22.800458 recvmsg(8, {msg_name={sa_family=AF_NETLINK, nl_pid=0, nl_groups=00000000}, msg_namelen=12, msg_iov=[{iov_base=[{{len=76, type=RTM_NEWADDR, flags=NLM_F_MULTI, seq=1684439062, pid=70}, {ifa_family=AF_INET, ifa_prefixlen=8, ifa_flags=IFA_F_PERMANENT, ifa_scope=RT_SCOPE_HOST, ifa_index=if_nametoindex("lo")}, [{{nla_len=8, nla_type=IFA_ADDRESS}, 127.0.0.1}, {{nla_len=8, nla_type=IFA_LOCAL}, 127.0.0.1}, {{nla_len=7, nla_type=IFA_LABEL}, "lo"}, {{nla_len=8, nla_type=IFA_FLAGS}, IFA_F_PERMANENT}, {{nla_len=20, nla_type=IFA_CACHEINFO}, {ifa_prefered=4294967295, ifa_valid=4294967295, cstamp=1960577, tstamp=1960577}}]}, {{len=88, type=RTM_NEWADDR, flags=NLM_F_MULTI, seq=1684439062, pid=70}, {ifa_family=AF_INET, ifa_prefixlen=24, ifa_flags=IFA_F_PERMANENT, ifa_scope=RT_SCOPE_UNIVERSE, ifa_index=if_nametoindex("eth0")}, [{{nla_len=8, nla_type=IFA_ADDRESS}, 10.24.3.230}, {{nla_len=8, nla_type=IFA_LOCAL}, 10.24.3.230}, {{nla_len=8, nla_type=IFA_BROADCAST}, 10.24.3.255}, {{nla_len=9, nla_type=IFA_LABEL}, "eth0"}, {{nla_len=8, nla_type=IFA_FLAGS}, IFA_F_PERMANENT}, {{nla_len=20, nla_type=IFA_CACHEINFO}, {ifa_prefered=4294967295, ifa_valid=4294967295, cstamp=1960581, tstamp=1960581}}]}], iov_len=4096}], msg_iovlen=1, msg_controllen=0, msg_flags=0}, 0) = 164
2023-05-18T19:44:22.801355832Z 19:44:22.800975 recvmsg(8, {msg_name={sa_family=AF_NETLINK, nl_pid=0, nl_groups=00000000}, msg_namelen=12, msg_iov=[{iov_base={{len=20, type=NLMSG_DONE, flags=NLM_F_MULTI, seq=1684439062, pid=70}, 0}, iov_len=4096}], msg_iovlen=1, msg_controllen=0, msg_flags=0}, 0) = 20
2023-05-18T19:44:22.802117227Z 19:44:22.801831 socket(AF_UNIX, SOCK_STREAM|SOCK_CLOEXEC|SOCK_NONBLOCK, 0) = 8
2023-05-18T19:44:22.802313055Z 19:44:22.801961 connect(8, {sa_family=AF_UNIX, sun_path="/var/run/nscd/socket"}, 110) = -1 ENOENT (No such file or directory)
2023-05-18T19:44:22.802458431Z 19:44:22.802259 socket(AF_UNIX, SOCK_STREAM|SOCK_CLOEXEC|SOCK_NONBLOCK, 0) = 8
2023-05-18T19:44:22.802586935Z 19:44:22.802378 connect(8, {sa_family=AF_UNIX, sun_path="/var/run/nscd/socket"}, 110) = -1 ENOENT (No such file or directory)
2023-05-18T19:44:22.804421432Z 19:44:22.804082 socket(AF_INET, SOCK_DGRAM|SOCK_CLOEXEC|SOCK_NONBLOCK, IPPROTO_IP) = 8
2023-05-18T19:44:22.804575517Z 19:44:22.804271 connect(8, {sa_family=AF_INET, sin_port=htons(53), sin_addr=inet_addr("169.254.169.254")}, 16) = 0
2023-05-18T19:44:22.805358419Z 19:44:22.804584 sendto(8, "}\212\1\0\0\1\0\0\0\0\0\0\rflux-sample-0\fflux-"..., 76, MSG_NOSIGNAL, NULL, 0) = 76
2023-05-18T19:44:22.809094680Z 19:44:22.808776 recvfrom(8, "}\212\201\200\0\1\0\1\0\0\0\0\rflux-sample-0\fflux-"..., 1024, 0, {sa_family=AF_INET, sin_port=htons(53), sin_addr=inet_addr("169.254.169.254")}, [28->16]) = 92
2023-05-18T19:44:22.815688949Z broker.info[3]: start: none->join 2.89049ms
2023-05-18T19:44:53.001939846Z broker.info[3]: parent-ready: join->init 30.186s
2023-05-18T19:44:53.003205021Z 19:44:53.002554 socketpair(AF_UNIX, SOCK_STREAM|SOCK_CLOEXEC, 0, [22, 23]) = 0
2023-05-18T19:44:53.003863456Z 19:44:53.002873 socketpair(AF_UNIX, SOCK_STREAM, 0, [24, 25]) = 0
2023-05-18T19:44:53.004397781Z 19:44:53.003336 socketpair(AF_UNIX, SOCK_STREAM, 0, [26, 27]) = 0
2023-05-18T19:44:53.004766585Z 19:44:53.003852 socketpair(AF_UNIX, SOCK_STREAM, 0, [28, 29]) = 0
2023-05-18T19:44:53.038565869Z broker.info[3]: configuration updated
2023-05-18T19:44:53.210398434Z broker.info[3]: rc1.0: running /etc/flux/rc1.d/01-sched-fluxion
2023-05-18T19:44:53.239780303Z broker.info[3]: rc1.0: running /etc/flux/rc1.d/02-cron
2023-05-18T19:44:53.278510811Z broker.info[3]: rc1.0: /etc/flux/rc1 Exited (rc=0) 0.3s
2023-05-18T19:44:53.279875634Z broker.info[3]: rc1-success: init->quorum 0.277057s
2023-05-18T19:44:53.497458858Z broker.info[3]: quorum-full: quorum->run 0.217083s
2023-05-18T19:44:54.053277865Z 19:44:54.052442 socketpair(AF_UNIX, SOCK_STREAM|SOCK_CLOEXEC, 0, [22, 23]) = 0
2023-05-18T19:44:54.053407955Z 19:44:54.053005 socketpair(AF_UNIX, SOCK_STREAM, 0, [24, 25]) = 0
2023-05-18T19:44:54.053639907Z 19:44:54.053386 socketpair(AF_UNIX, SOCK_STREAM, 0, [26, 28]) = 0
2023-05-18T19:44:54.053932240Z 19:44:54.053713 socketpair(AF_UNIX, SOCK_STREAM, 0, [58, 59]) = 0
2023-05-18T19:45:07.413764779Z broker.info[3]: shutdown: run->cleanup 13.9156s
2023-05-18T19:45:07.415858106Z broker.info[3]: cleanup-none: cleanup->shutdown 1.75965ms
2023-05-18T19:45:07.417743373Z broker.info[3]: children-none: shutdown->finalize 1.12245ms
2023-05-18T19:45:07.419180733Z 19:45:07.417339 socketpair(AF_UNIX, SOCK_STREAM|SOCK_CLOEXEC, 0, [22, 23]) = 0
2023-05-18T19:45:07.419263353Z 19:45:07.417579 socketpair(AF_UNIX, SOCK_STREAM, 0, [24, 25]) = 0
2023-05-18T19:45:07.419275376Z 19:45:07.417852 socketpair(AF_UNIX, SOCK_STREAM, 0, [26, 28]) = 0
2023-05-18T19:45:07.419284255Z 19:45:07.418169 socketpair(AF_UNIX, SOCK_STREAM, 0, [58, 59]) = 0
2023-05-18T19:45:07.446355450Z broker.info[3]: rc3.0: running /etc/flux/rc3.d/01-sched-fluxion
2023-05-18T19:45:07.642304552Z broker.info[3]: rc3.0: /etc/flux/rc3 Exited (rc=0) 0.2s
2023-05-18T19:45:07.643417009Z broker.info[3]: rc3-success: finalize->goodbye 0.225869s
2023-05-18T19:45:07.644790483Z broker.info[3]: goodbye: goodbye->exit 1.11705ms
2023-05-18T19:45:07.656279214Z 19:45:07.655879 +++ exited with 0 +++
2023-05-18T19:45:07.659023294Z Return value for follower worker is 0
2023-05-18T19:45:07.659088949Z The follower worker exited cleanly. Goodbye!
