2023-05-18T20:02:02.924283816Z
2023-05-18T20:02:02.926025582Z Flux username: flux
2023-05-18T20:02:02.926050570Z
2023-05-18T20:02:02.926064063Z Flux install root: /usr
2023-05-18T20:02:02.972932949Z flux user is already added.
2023-05-18T20:02:02.976081771Z flux user identifiers:
2023-05-18T20:02:02.976109555Z uid=1234(flux) gid=1234(flux) groups=1234(flux)
2023-05-18T20:02:02.976115184Z
2023-05-18T20:02:02.976245286Z As Flux prefix for flux commands: sudo -u flux -E PYTHONPATH=/opt/conda/lib/python3.10/site-packages -E PATH=/opt/conda/bin:/usr/local/sbin:/usr/local/bin:/usr/sbin:/usr/bin:/sbin:/bin -E LD_LIBRARY_PATH=/opt/conda/lib -E HOME=/home/flux
2023-05-18T20:02:02.984134839Z
2023-05-18T20:02:02.984167311Z ðŸ‘‹ Hello, I'm flux-sample-3
2023-05-18T20:02:02.984185281Z The main host is flux-sample-0
2023-05-18T20:02:02.984209979Z The working directory is /home/flux/examples/reaxff/HNS, contents include:
2023-05-18T20:02:02.986114765Z /home/flux/examples/reaxff/HNS:
2023-05-18T20:02:02.986277512Z README.txt	ffield.reax.hns  log.8Mar18.reaxc.hns.g++.1
2023-05-18T20:02:02.986291227Z data.hns-equil	in.reaxc.hns	 log.8Mar18.reaxc.hns.g++.4
2023-05-18T20:02:02.986707402Z End of file listing, if you see nothing above there are no files.
2023-05-18T20:02:02.988842510Z flux R encode --hosts=flux-sample-[0-3]
2023-05-18T20:02:03.003404218Z
2023-05-18T20:02:03.003430799Z ðŸ“¦ Resources
2023-05-18T20:02:03.007520113Z {"version": 1, "execution": {"R_lite": [{"rank": "0-3", "children": {"core": "0"}}], "starttime": 0.0, "expiration": 0.0, "nodelist": ["flux-sample-[0-3]"]}}
2023-05-18T20:02:03.007821585Z
2023-05-18T20:02:03.007989929Z ðŸ¸ Diagnostics: false
2023-05-18T20:02:03.008373926Z ðŸš©ï¸ Flux Option Flags defined
2023-05-18T20:02:03.014593739Z
2023-05-18T20:02:03.014727701Z ðŸ¦Š Independent Minister of Privilege
2023-05-18T20:02:03.016354013Z [exec]
2023-05-18T20:02:03.016369678Z allowed-users = [ "flux", "root" ]
2023-05-18T20:02:03.016376083Z allowed-shells = [ "/usr/libexec/flux/flux-shell" ]
2023-05-18T20:02:03.016773485Z
2023-05-18T20:02:03.016791843Z ðŸ¸ Broker Configuration
2023-05-18T20:02:03.018074261Z # Flux needs to know the path to the IMP executable
2023-05-18T20:02:03.018089797Z [exec]
2023-05-18T20:02:03.018095699Z imp = "/usr/libexec/flux/flux-imp"
2023-05-18T20:02:03.018100481Z
2023-05-18T20:02:03.018105094Z [access]
2023-05-18T20:02:03.018110012Z allow-guest-user = true
2023-05-18T20:02:03.018115068Z allow-root-owner = true
2023-05-18T20:02:03.018119893Z
2023-05-18T20:02:03.018127066Z # Point to resource definition generated with flux-R(1).
2023-05-18T20:02:03.018133935Z [resource]
2023-05-18T20:02:03.018139705Z path = "/etc/flux/system/R"
2023-05-18T20:02:03.018144239Z
2023-05-18T20:02:03.018149055Z [bootstrap]
2023-05-18T20:02:03.018153716Z curve_cert = "/etc/curve/curve.cert"
2023-05-18T20:02:03.018161993Z default_port = 8050
2023-05-18T20:02:03.018166712Z default_bind = "tcp://eth0:%p"
2023-05-18T20:02:03.018174479Z default_connect = "tcp://%h.flux-service.flux-operator.svc.cluster.local:%p"
2023-05-18T20:02:03.018180642Z hosts = [
2023-05-18T20:02:03.018185583Z 	{ host="flux-sample-[0-3]"},
2023-05-18T20:02:03.018190352Z ]
2023-05-18T20:02:03.018194902Z
2023-05-18T20:02:03.018199651Z [archive]
2023-05-18T20:02:03.018204584Z dbpath = "/var/lib/flux/job-archive.sqlite"
2023-05-18T20:02:03.018209442Z period = "1m"
2023-05-18T20:02:03.101125243Z busytimeout = "50s"
2023-05-18T20:02:03.101153335Z ðŸ§Šï¸ State Directory:
2023-05-18T20:02:03.101159984Z total 0
2023-05-18T20:02:03.101164957Z
2023-05-18T20:02:03.104132200Z
2023-05-18T20:02:03.104158866Z ðŸ”’ï¸ Working directory permissions:
2023-05-18T20:02:03.104165197Z total 96
2023-05-18T20:02:03.104170640Z -rwxrwxrwx 1 flux root  2517 May 17 22:32 README.txt
2023-05-18T20:02:03.104175571Z -rwxrwxrwx 1 flux root 54692 May 17 22:32 data.hns-equil
2023-05-18T20:02:03.104182672Z -rwxrwxrwx 1 flux root 13576 May 17 22:32 ffield.reax.hns
2023-05-18T20:02:03.104188161Z -rwxrwxrwx 1 flux root   870 May 17 22:32 in.reaxc.hns
2023-05-18T20:02:03.104193555Z -rwxrwxrwx 1 flux root  4172 May 17 22:32 log.8Mar18.reaxc.hns.g++.1
2023-05-18T20:02:03.104198473Z -rwxrwxrwx 1 flux root  4168 May 17 22:32 log.8Mar18.reaxc.hns.g++.4
2023-05-18T20:02:03.104202819Z
2023-05-18T20:02:03.104207101Z
2023-05-18T20:02:03.104326779Z âœ¨ Curve certificate generated by helper pod
2023-05-18T20:02:03.105935105Z #   ****  Generated on 2023-04-26 22:54:42 by CZMQ  ****
2023-05-18T20:02:03.105951986Z #   ZeroMQ CURVE **Secret** Certificate
2023-05-18T20:02:03.105957922Z #   DO NOT PROVIDE THIS FILE TO OTHER USERS nor change its permissions.
2023-05-18T20:02:03.105965120Z
2023-05-18T20:02:03.105971195Z metadata
2023-05-18T20:02:03.105976652Z     name = "flux-cert-generator"
2023-05-18T20:02:03.105981653Z     keygen.hostname = "flux-sample-0"
2023-05-18T20:02:03.105986373Z curve
2023-05-18T20:02:03.105991417Z     public-key = "uu&PiTPU&rnAs.EwqFw]h%^t{]6-{LR]wCe78fHG"
2023-05-18T20:02:03.105996765Z     secret-key = "ZIwTgFPVqjgY+ie9b2v)[aRMU4gOw+]sIJ4Aqd7@"
2023-05-18T20:02:03.108477959Z
2023-05-18T20:02:03.108499493Z ðŸŒ€  flux start --wrap=strace,-e,network,-tt -o --config /etc/flux/config -Scron.directory=/etc/flux/system/cron.d   -Stbon.fanout=256   -Srundir=/run/flux    -Sstatedir=/var/lib/flux   -Slocal-uri=local:///run/flux/local -Stbon.connect_timeout=3s  -Stbon.zmqdebug=1  -Slog-stderr-level=6    -Slog-stderr-mode=local
2023-05-18T20:02:03.145916517Z 20:02:03.145515 socket(AF_NETLINK, SOCK_RAW, NETLINK_ROUTE) = 8
2023-05-18T20:02:03.145955856Z 20:02:03.145640 bind(8, {sa_family=AF_NETLINK, nl_pid=0, nl_groups=00000000}, 12) = 0
2023-05-18T20:02:03.145963810Z 20:02:03.145715 getsockname(8, {sa_family=AF_NETLINK, nl_pid=70, nl_groups=00000000}, [12]) = 0
2023-05-18T20:02:03.146352927Z 20:02:03.145826 sendto(8, {{len=20, type=RTM_GETADDR, flags=NLM_F_REQUEST|NLM_F_DUMP, seq=1684440123, pid=0}, {ifa_family=AF_UNSPEC, ...}}, 20, 0, {sa_family=AF_NETLINK, nl_pid=0, nl_groups=00000000}, 12) = 20
2023-05-18T20:02:03.146828833Z 20:02:03.146195 recvmsg(8, {msg_name={sa_family=AF_NETLINK, nl_pid=0, nl_groups=00000000}, msg_namelen=12, msg_iov=[{iov_base=[{{len=76, type=RTM_NEWADDR, flags=NLM_F_MULTI, seq=1684440123, pid=70}, {ifa_family=AF_INET, ifa_prefixlen=8, ifa_flags=IFA_F_PERMANENT, ifa_scope=RT_SCOPE_HOST, ifa_index=if_nametoindex("lo")}, [{{nla_len=8, nla_type=IFA_ADDRESS}, 127.0.0.1}, {{nla_len=8, nla_type=IFA_LOCAL}, 127.0.0.1}, {{nla_len=7, nla_type=IFA_LABEL}, "lo"}, {{nla_len=8, nla_type=IFA_FLAGS}, IFA_F_PERMANENT}, {{nla_len=20, nla_type=IFA_CACHEINFO}, {ifa_prefered=4294967295, ifa_valid=4294967295, cstamp=2066830, tstamp=2066830}}]}, {{len=88, type=RTM_NEWADDR, flags=NLM_F_MULTI, seq=1684440123, pid=70}, {ifa_family=AF_INET, ifa_prefixlen=24, ifa_flags=IFA_F_PERMANENT, ifa_scope=RT_SCOPE_UNIVERSE, ifa_index=if_nametoindex("eth0")}, [{{nla_len=8, nla_type=IFA_ADDRESS}, 10.24.1.28}, {{nla_len=8, nla_type=IFA_LOCAL}, 10.24.1.28}, {{nla_len=8, nla_type=IFA_BROADCAST}, 10.24.1.255}, {{nla_len=9, nla_type=IFA_LABEL}, "eth0"}, {{nla_len=8, nla_type=IFA_FLAGS}, IFA_F_PERMANENT}, {{nla_len=20, nla_type=IFA_CACHEINFO}, {ifa_prefered=4294967295, ifa_valid=4294967295, cstamp=2066834, tstamp=2066834}}]}], iov_len=4096}], msg_iovlen=1, msg_controllen=0, msg_flags=0}, 0) = 164
2023-05-18T20:02:03.146853989Z 20:02:03.146641 recvmsg(8, {msg_name={sa_family=AF_NETLINK, nl_pid=0, nl_groups=00000000}, msg_namelen=12, msg_iov=[{iov_base={{len=20, type=NLMSG_DONE, flags=NLM_F_MULTI, seq=1684440123, pid=70}, 0}, iov_len=4096}], msg_iovlen=1, msg_controllen=0, msg_flags=0}, 0) = 20
2023-05-18T20:02:03.147481917Z 20:02:03.147263 socket(AF_UNIX, SOCK_STREAM|SOCK_CLOEXEC|SOCK_NONBLOCK, 0) = 8
2023-05-18T20:02:03.147623511Z 20:02:03.147341 connect(8, {sa_family=AF_UNIX, sun_path="/var/run/nscd/socket"}, 110) = -1 ENOENT (No such file or directory)
2023-05-18T20:02:03.147735105Z 20:02:03.147503 socket(AF_UNIX, SOCK_STREAM|SOCK_CLOEXEC|SOCK_NONBLOCK, 0) = 8
2023-05-18T20:02:03.147748557Z 20:02:03.147580 connect(8, {sa_family=AF_UNIX, sun_path="/var/run/nscd/socket"}, 110) = -1 ENOENT (No such file or directory)
2023-05-18T20:02:03.149321927Z 20:02:03.149112 socket(AF_INET, SOCK_DGRAM|SOCK_CLOEXEC|SOCK_NONBLOCK, IPPROTO_IP) = 8
2023-05-18T20:02:03.149353496Z 20:02:03.149193 connect(8, {sa_family=AF_INET, sin_port=htons(53), sin_addr=inet_addr("169.254.169.254")}, 16) = 0
2023-05-18T20:02:03.149729569Z 20:02:03.149318 sendto(8, "\306n\1\0\0\1\0\0\0\0\0\0\rflux-sample-0\fflux-"..., 76, MSG_NOSIGNAL, NULL, 0) = 76
2023-05-18T20:02:03.153158584Z 20:02:03.152971 recvfrom(8, "\306n\201\203\0\1\0\0\0\1\0\0\rflux-sample-0\fflux-"..., 1024, 0, {sa_family=AF_INET, sin_port=htons(53), sin_addr=inet_addr("169.254.169.254")}, [28->16]) = 172
2023-05-18T20:02:03.153375506Z 20:02:03.153155 socket(AF_INET, SOCK_DGRAM|SOCK_CLOEXEC|SOCK_NONBLOCK, IPPROTO_IP) = 8
2023-05-18T20:02:03.153412447Z 20:02:03.153244 connect(8, {sa_family=AF_INET, sin_port=htons(53), sin_addr=inet_addr("169.254.169.254")}, 16) = 0
2023-05-18T20:02:03.153569068Z 20:02:03.153353 sendto(8, "\237d\1\0\0\1\0\0\0\0\0\0\rflux-sample-0\fflux-"..., 108, MSG_NOSIGNAL, NULL, 0) = 108
2023-05-18T20:02:03.157271638Z 20:02:03.157070 recvfrom(8, "\237d\201\203\0\1\0\0\0\1\0\0\rflux-sample-0\fflux-"..., 1024, 0, {sa_family=AF_INET, sin_port=htons(53), sin_addr=inet_addr("169.254.169.254")}, [28->16]) = 204
2023-05-18T20:02:03.157372446Z 20:02:03.157271 socket(AF_INET, SOCK_DGRAM|SOCK_CLOEXEC|SOCK_NONBLOCK, IPPROTO_IP) = 8
2023-05-18T20:02:03.157485284Z 20:02:03.157348 connect(8, {sa_family=AF_INET, sin_port=htons(53), sin_addr=inet_addr("169.254.169.254")}, 16) = 0
2023-05-18T20:02:03.157671220Z 20:02:03.157475 sendto(8, "\253\324\1\0\0\1\0\0\0\0\0\0\rflux-sample-0\fflux-"..., 94, MSG_NOSIGNAL, NULL, 0) = 94
2023-05-18T20:02:03.160547799Z 20:02:03.160369 recvfrom(8, "\253\324\201\203\0\1\0\0\0\1\0\0\rflux-sample-0\fflux-"..., 1024, 0, {sa_family=AF_INET, sin_port=htons(53), sin_addr=inet_addr("169.254.169.254")}, [28->16]) = 190
2023-05-18T20:02:03.160688787Z 20:02:03.160570 socket(AF_INET, SOCK_DGRAM|SOCK_CLOEXEC|SOCK_NONBLOCK, IPPROTO_IP) = 8
2023-05-18T20:02:03.160814492Z 20:02:03.160668 connect(8, {sa_family=AF_INET, sin_port=htons(53), sin_addr=inet_addr("169.254.169.254")}, 16) = 0
2023-05-18T20:02:03.161055559Z 20:02:03.160833 sendto(8, "\36\222\1\0\0\1\0\0\0\0\0\0\rflux-sample-0\fflux-"..., 90, MSG_NOSIGNAL, NULL, 0) = 90
2023-05-18T20:02:03.164008384Z 20:02:03.163544 recvfrom(8, "\36\222\201\203\0\1\0\0\0\1\0\0\rflux-sample-0\fflux-"..., 1024, 0, {sa_family=AF_INET, sin_port=htons(53), sin_addr=inet_addr("169.254.169.254")}, [28->16]) = 186
2023-05-18T20:02:03.164108001Z 20:02:03.163766 socket(AF_INET, SOCK_DGRAM|SOCK_CLOEXEC|SOCK_NONBLOCK, IPPROTO_IP) = 8
2023-05-18T20:02:03.164185578Z 20:02:03.163868 connect(8, {sa_family=AF_INET, sin_port=htons(53), sin_addr=inet_addr("169.254.169.254")}, 16) = 0
2023-05-18T20:02:03.164208534Z 20:02:03.163983 sendto(8, "\0\300\1\0\0\1\0\0\0\0\0\0\rflux-sample-0\fflux-"..., 111, MSG_NOSIGNAL, NULL, 0) = 111
2023-05-18T20:02:03.169378467Z 20:02:03.169125 recvfrom(8, "\0\300\201\203\0\1\0\0\0\1\0\0\rflux-sample-0\fflux-"..., 1024, 0, {sa_family=AF_INET, sin_port=htons(53), sin_addr=inet_addr("169.254.169.254")}, [28->16]) = 205
2023-05-18T20:02:03.169548472Z 20:02:03.169315 socket(AF_INET, SOCK_DGRAM|SOCK_CLOEXEC|SOCK_NONBLOCK, IPPROTO_IP) = 8
2023-05-18T20:02:03.169562310Z 20:02:03.169378 connect(8, {sa_family=AF_INET, sin_port=htons(53), sin_addr=inet_addr("169.254.169.254")}, 16) = 0
2023-05-18T20:02:03.169772361Z 20:02:03.169504 sendto(8, "\361\202\1\0\0\1\0\0\0\0\0\0\rflux-sample-0\fflux-"..., 97, MSG_NOSIGNAL, NULL, 0) = 97
2023-05-18T20:02:03.174492503Z 20:02:03.174222 recvfrom(8, "\361\202\201\203\0\1\0\0\0\1\0\0\rflux-sample-0\fflux-"..., 1024, 0, {sa_family=AF_INET, sin_port=htons(53), sin_addr=inet_addr("169.254.169.254")}, [28->16]) = 186
2023-05-18T20:02:03.174705315Z 20:02:03.174523 socket(AF_INET, SOCK_DGRAM|SOCK_CLOEXEC|SOCK_NONBLOCK, IPPROTO_IP) = 8
2023-05-18T20:02:03.174965889Z 20:02:03.174742 connect(8, {sa_family=AF_INET, sin_port=htons(53), sin_addr=inet_addr("169.254.169.254")}, 16) = 0
2023-05-18T20:02:03.175167323Z 20:02:03.174957 sendto(8, "I.\1\0\0\1\0\0\0\0\0\0\rflux-sample-0\fflux-"..., 92, MSG_NOSIGNAL, NULL, 0) = 92
2023-05-18T20:02:03.183249606Z 20:02:03.182934 recvfrom(8, "I.\201\203\0\1\0\0\0\1\0\0\rflux-sample-0\fflux-"..., 1024, 0, {sa_family=AF_INET, sin_port=htons(53), sin_addr=inet_addr("169.254.169.254")}, [28->16]) = 181
2023-05-18T20:02:03.183602606Z broker.err[3]: Warning: unable to resolve upstream peer flux-sample-0.flux-service.flux-operator.svc.cluster.local: Name or service not known
2023-05-18T20:02:03.189862345Z broker.info[3]: start: none->join 2.69896ms
2023-05-18T20:02:03.743891097Z broker.info[3]: parent-ready: join->init 0.55292s
2023-05-18T20:02:03.743933916Z 20:02:03.743672 socketpair(AF_UNIX, SOCK_STREAM|SOCK_CLOEXEC, 0, [22, 23]) = 0
2023-05-18T20:02:03.744105975Z 20:02:03.743923 socketpair(AF_UNIX, SOCK_STREAM, 0, [24, 25]) = 0
2023-05-18T20:02:03.744414125Z 20:02:03.744229 socketpair(AF_UNIX, SOCK_STREAM, 0, [26, 27]) = 0
2023-05-18T20:02:03.744746079Z 20:02:03.744559 socketpair(AF_UNIX, SOCK_STREAM, 0, [28, 29]) = 0
2023-05-18T20:02:03.776092922Z broker.info[3]: configuration updated
2023-05-18T20:02:03.907460414Z broker.info[3]: rc1.0: running /etc/flux/rc1.d/01-sched-fluxion
2023-05-18T20:02:03.921340290Z broker.info[3]: rc1.0: running /etc/flux/rc1.d/02-cron
2023-05-18T20:02:03.946992508Z broker.info[3]: rc1.0: /etc/flux/rc1 Exited (rc=0) 0.2s
2023-05-18T20:02:03.947973377Z broker.info[3]: rc1-success: init->quorum 0.204132s
2023-05-18T20:02:04.294164117Z broker.info[3]: quorum-full: quorum->run 0.345734s
2023-05-18T20:02:04.930214520Z 20:02:04.929856 socketpair(AF_UNIX, SOCK_STREAM|SOCK_CLOEXEC, 0, [22, 23]) = 0
2023-05-18T20:02:04.931583208Z 20:02:04.930027 socketpair(AF_UNIX, SOCK_STREAM, 0, [24, 25]) = 0
2023-05-18T20:02:04.931746576Z 20:02:04.930223 socketpair(AF_UNIX, SOCK_STREAM, 0, [26, 28]) = 0
2023-05-18T20:02:04.931761523Z 20:02:04.930416 socketpair(AF_UNIX, SOCK_STREAM, 0, [58, 59]) = 0
2023-05-18T20:02:15.679724268Z broker.info[3]: shutdown: run->cleanup 11.3852s
2023-05-18T20:02:15.681553667Z broker.info[3]: cleanup-none: cleanup->shutdown 1.44808ms
2023-05-18T20:02:15.683148940Z broker.info[3]: children-none: shutdown->finalize 1.13961ms
2023-05-18T20:02:15.683728200Z 20:02:15.683436 socketpair(AF_UNIX, SOCK_STREAM|SOCK_CLOEXEC, 0, [22, 23]) = 0
2023-05-18T20:02:15.684068887Z 20:02:15.683827 socketpair(AF_UNIX, SOCK_STREAM, 0, [24, 25]) = 0
2023-05-18T20:02:15.684556314Z 20:02:15.684320 socketpair(AF_UNIX, SOCK_STREAM, 0, [26, 28]) = 0
2023-05-18T20:02:15.685089691Z 20:02:15.684776 socketpair(AF_UNIX, SOCK_STREAM, 0, [58, 59]) = 0
2023-05-18T20:02:15.713345228Z broker.info[3]: rc3.0: running /etc/flux/rc3.d/01-sched-fluxion
2023-05-18T20:02:15.876404364Z broker.info[3]: rc3.0: /etc/flux/rc3 Exited (rc=0) 0.2s
2023-05-18T20:02:15.877029527Z broker.info[3]: rc3-success: finalize->goodbye 0.193456s
2023-05-18T20:02:15.877922699Z broker.info[3]: goodbye: goodbye->exit 0.700012ms
2023-05-18T20:02:15.883643665Z 20:02:15.883500 +++ exited with 0 +++
2023-05-18T20:02:15.885185679Z Return value for follower worker is 0
2023-05-18T20:02:15.885320199Z The follower worker exited cleanly. Goodbye!
