2023-05-18T19:14:41.772897001Z
2023-05-18T19:14:41.772938523Z Flux username: flux
2023-05-18T19:14:41.772946355Z
2023-05-18T19:14:41.772952763Z Flux install root: /usr
2023-05-18T19:14:41.831382909Z flux user is already added.
2023-05-18T19:14:41.835292116Z flux user identifiers:
2023-05-18T19:14:41.835347515Z uid=1234(flux) gid=1234(flux) groups=1234(flux)
2023-05-18T19:14:41.835353724Z
2023-05-18T19:14:41.835360512Z As Flux prefix for flux commands: sudo -u flux -E PYTHONPATH=/opt/conda/lib/python3.10/site-packages -E PATH=/opt/conda/bin:/usr/local/sbin:/usr/local/bin:/usr/sbin:/usr/bin:/sbin:/bin -E LD_LIBRARY_PATH=/opt/conda/lib -E HOME=/home/flux
2023-05-18T19:14:41.845781084Z
2023-05-18T19:14:41.845850675Z 👋 Hello, I'm flux-sample-3
2023-05-18T19:14:41.846170378Z The main host is flux-sample-0
2023-05-18T19:14:41.846189237Z The working directory is /home/flux/examples/reaxff/HNS, contents include:
2023-05-18T19:14:41.848681579Z /home/flux/examples/reaxff/HNS:
2023-05-18T19:14:41.848929127Z README.txt	ffield.reax.hns  log.8Mar18.reaxc.hns.g++.1
2023-05-18T19:14:41.848945062Z data.hns-equil	in.reaxc.hns	 log.8Mar18.reaxc.hns.g++.4
2023-05-18T19:14:41.849072177Z End of file listing, if you see nothing above there are no files.
2023-05-18T19:14:41.851979145Z flux R encode --hosts=flux-sample-[0-3]
2023-05-18T19:14:41.871240679Z
2023-05-18T19:14:41.871291354Z 📦 Resources
2023-05-18T19:14:41.873545762Z {"version": 1, "execution": {"R_lite": [{"rank": "0-3", "children": {"core": "0"}}], "starttime": 0.0, "expiration": 0.0, "nodelist": ["flux-sample-[0-3]"]}}
2023-05-18T19:14:41.874084439Z
2023-05-18T19:14:41.874111178Z 🐸 Diagnostics: false
2023-05-18T19:14:41.874442187Z 🚩️ Flux Option Flags defined
2023-05-18T19:14:41.880302601Z
2023-05-18T19:14:41.880346736Z 🦊 Independent Minister of Privilege
2023-05-18T19:14:41.882903005Z [exec]
2023-05-18T19:14:41.882948111Z allowed-users = [ "flux", "root" ]
2023-05-18T19:14:41.882956584Z allowed-shells = [ "/usr/libexec/flux/flux-shell" ]
2023-05-18T19:14:41.883238043Z
2023-05-18T19:14:41.883279334Z 🐸 Broker Configuration
2023-05-18T19:14:41.885262363Z # Flux needs to know the path to the IMP executable
2023-05-18T19:14:41.885286296Z [exec]
2023-05-18T19:14:41.885293355Z imp = "/usr/libexec/flux/flux-imp"
2023-05-18T19:14:41.885654282Z
2023-05-18T19:14:41.885669159Z [access]
2023-05-18T19:14:41.885675799Z allow-guest-user = true
2023-05-18T19:14:41.885681156Z allow-root-owner = true
2023-05-18T19:14:41.885685749Z
2023-05-18T19:14:41.885691728Z # Point to resource definition generated with flux-R(1).
2023-05-18T19:14:41.885697325Z [resource]
2023-05-18T19:14:41.885703296Z path = "/etc/flux/system/R"
2023-05-18T19:14:41.885709965Z
2023-05-18T19:14:41.885716882Z [bootstrap]
2023-05-18T19:14:41.885722684Z curve_cert = "/etc/curve/curve.cert"
2023-05-18T19:14:41.885727599Z default_port = 8050
2023-05-18T19:14:41.885732682Z default_bind = "tcp://eth0:%p"
2023-05-18T19:14:41.885739440Z default_connect = "tcp://%h.flux-service.flux-operator.svc.cluster.local:%p"
2023-05-18T19:14:41.885744353Z hosts = [
2023-05-18T19:14:41.885749230Z 	{ host="flux-sample-[0-3]"},
2023-05-18T19:14:41.885756152Z ]
2023-05-18T19:14:41.885762160Z
2023-05-18T19:14:41.885767082Z [archive]
2023-05-18T19:14:41.885772880Z dbpath = "/var/lib/flux/job-archive.sqlite"
2023-05-18T19:14:41.885778408Z period = "1m"
2023-05-18T19:14:41.987810119Z busytimeout = "50s"
2023-05-18T19:14:41.987850567Z 🧊️ State Directory:
2023-05-18T19:14:41.987857380Z total 0
2023-05-18T19:14:41.987862360Z
2023-05-18T19:14:41.992568301Z
2023-05-18T19:14:41.992614061Z 🔒️ Working directory permissions:
2023-05-18T19:14:41.992620885Z total 96
2023-05-18T19:14:41.992627198Z -rwxrwxrwx 1 flux root  2517 May 17 22:32 README.txt
2023-05-18T19:14:41.992633085Z -rwxrwxrwx 1 flux root 54692 May 17 22:32 data.hns-equil
2023-05-18T19:14:41.992639408Z -rwxrwxrwx 1 flux root 13576 May 17 22:32 ffield.reax.hns
2023-05-18T19:14:41.992644931Z -rwxrwxrwx 1 flux root   870 May 17 22:32 in.reaxc.hns
2023-05-18T19:14:41.992653156Z -rwxrwxrwx 1 flux root  4172 May 17 22:32 log.8Mar18.reaxc.hns.g++.1
2023-05-18T19:14:41.992660386Z -rwxrwxrwx 1 flux root  4168 May 17 22:32 log.8Mar18.reaxc.hns.g++.4
2023-05-18T19:14:41.992665503Z
2023-05-18T19:14:41.992814227Z
2023-05-18T19:14:41.992830707Z ✨ Curve certificate generated by helper pod
2023-05-18T19:14:41.995075659Z #   ****  Generated on 2023-04-26 22:54:42 by CZMQ  ****
2023-05-18T19:14:41.995105185Z #   ZeroMQ CURVE **Secret** Certificate
2023-05-18T19:14:41.995155030Z #   DO NOT PROVIDE THIS FILE TO OTHER USERS nor change its permissions.
2023-05-18T19:14:41.995163530Z
2023-05-18T19:14:41.995168800Z metadata
2023-05-18T19:14:41.995177091Z     name = "flux-cert-generator"
2023-05-18T19:14:41.995183083Z     keygen.hostname = "flux-sample-0"
2023-05-18T19:14:41.995188016Z curve
2023-05-18T19:14:41.995193153Z     public-key = "LIzUFrP:DFe6ih+rH4fL<!Vp@zAH{rl..!YyjK&g"
2023-05-18T19:14:41.995197910Z     secret-key = "dP=lj6do#XY-#M@}#YdPkZW^}XFFo=@m6=ZA$=nb"
2023-05-18T19:14:41.998340735Z
2023-05-18T19:14:41.998503044Z 🌀  flux start --wrap=strace,-e,network,-tt -o --config /etc/flux/config -Scron.directory=/etc/flux/system/cron.d   -Stbon.fanout=256   -Srundir=/run/flux    -Sstatedir=/var/lib/flux   -Slocal-uri=local:///run/flux/local -Stbon.connect_timeout=9s  -Stbon.zmqdebug=1  -Slog-stderr-level=6    -Slog-stderr-mode=local
2023-05-18T19:14:42.048565880Z 19:14:42.047999 socket(AF_NETLINK, SOCK_RAW, NETLINK_ROUTE) = 8
2023-05-18T19:14:42.049064979Z 19:14:42.048737 bind(8, {sa_family=AF_NETLINK, nl_pid=0, nl_groups=00000000}, 12) = 0
2023-05-18T19:14:42.049271907Z 19:14:42.048994 getsockname(8, {sa_family=AF_NETLINK, nl_pid=70, nl_groups=00000000}, [12]) = 0
2023-05-18T19:14:42.049906069Z 19:14:42.049354 sendto(8, {{len=20, type=RTM_GETADDR, flags=NLM_F_REQUEST|NLM_F_DUMP, seq=1684437282, pid=0}, {ifa_family=AF_UNSPEC, ...}}, 20, 0, {sa_family=AF_NETLINK, nl_pid=0, nl_groups=00000000}, 12) = 20
2023-05-18T19:14:42.050506335Z 19:14:42.049885 recvmsg(8, {msg_name={sa_family=AF_NETLINK, nl_pid=0, nl_groups=00000000}, msg_namelen=12, msg_iov=[{iov_base=[{{len=76, type=RTM_NEWADDR, flags=NLM_F_MULTI, seq=1684437282, pid=70}, {ifa_family=AF_INET, ifa_prefixlen=8, ifa_flags=IFA_F_PERMANENT, ifa_scope=RT_SCOPE_HOST, ifa_index=if_nametoindex("lo")}, [{{nla_len=8, nla_type=IFA_ADDRESS}, 127.0.0.1}, {{nla_len=8, nla_type=IFA_LOCAL}, 127.0.0.1}, {{nla_len=7, nla_type=IFA_LABEL}, "lo"}, {{nla_len=8, nla_type=IFA_FLAGS}, IFA_F_PERMANENT}, {{nla_len=20, nla_type=IFA_CACHEINFO}, {ifa_prefered=4294967295, ifa_valid=4294967295, cstamp=1782505, tstamp=1782505}}]}, {{len=88, type=RTM_NEWADDR, flags=NLM_F_MULTI, seq=1684437282, pid=70}, {ifa_family=AF_INET, ifa_prefixlen=24, ifa_flags=IFA_F_PERMANENT, ifa_scope=RT_SCOPE_UNIVERSE, ifa_index=if_nametoindex("eth0")}, [{{nla_len=8, nla_type=IFA_ADDRESS}, 10.24.3.179}, {{nla_len=8, nla_type=IFA_LOCAL}, 10.24.3.179}, {{nla_len=8, nla_type=IFA_BROADCAST}, 10.24.3.255}, {{nla_len=9, nla_type=IFA_LABEL}, "eth0"}, {{nla_len=8, nla_type=IFA_FLAGS}, IFA_F_PERMANENT}, {{nla_len=20, nla_type=IFA_CACHEINFO}, {ifa_prefered=4294967295, ifa_valid=4294967295, cstamp=1782509, tstamp=1782509}}]}], iov_len=4096}], msg_iovlen=1, msg_controllen=0, msg_flags=0}, 0) = 164
2023-05-18T19:14:42.050666654Z 19:14:42.050419 recvmsg(8, {msg_name={sa_family=AF_NETLINK, nl_pid=0, nl_groups=00000000}, msg_namelen=12, msg_iov=[{iov_base={{len=20, type=NLMSG_DONE, flags=NLM_F_MULTI, seq=1684437282, pid=70}, 0}, iov_len=4096}], msg_iovlen=1, msg_controllen=0, msg_flags=0}, 0) = 20
2023-05-18T19:14:42.051562549Z 19:14:42.051372 socket(AF_UNIX, SOCK_STREAM|SOCK_CLOEXEC|SOCK_NONBLOCK, 0) = 8
2023-05-18T19:14:42.051786031Z 19:14:42.051533 connect(8, {sa_family=AF_UNIX, sun_path="/var/run/nscd/socket"}, 110) = -1 ENOENT (No such file or directory)
2023-05-18T19:14:42.052075075Z 19:14:42.051821 socket(AF_UNIX, SOCK_STREAM|SOCK_CLOEXEC|SOCK_NONBLOCK, 0) = 8
2023-05-18T19:14:42.052215594Z 19:14:42.051933 connect(8, {sa_family=AF_UNIX, sun_path="/var/run/nscd/socket"}, 110) = -1 ENOENT (No such file or directory)
2023-05-18T19:14:42.054442573Z 19:14:42.054060 socket(AF_INET, SOCK_DGRAM|SOCK_CLOEXEC|SOCK_NONBLOCK, IPPROTO_IP) = 8
2023-05-18T19:14:42.054472213Z 19:14:42.054257 connect(8, {sa_family=AF_INET, sin_port=htons(53), sin_addr=inet_addr("169.254.169.254")}, 16) = 0
2023-05-18T19:14:42.054955400Z 19:14:42.054465 sendto(8, ";5\1\0\0\1\0\0\0\0\0\0\rflux-sample-0\fflux-"..., 76, MSG_NOSIGNAL, NULL, 0) = 76
2023-05-18T19:14:42.059071669Z 19:14:42.058652 recvfrom(8, ";5\201\200\0\1\0\1\0\0\0\0\rflux-sample-0\fflux-"..., 1024, 0, {sa_family=AF_INET, sin_port=htons(53), sin_addr=inet_addr("169.254.169.254")}, [28->16]) = 92
2023-05-18T19:14:42.065987804Z broker.info[3]: start: none->join 2.52108ms
2023-05-18T19:14:51.210286454Z broker.info[3]: parent-ready: join->init 9.14354s
2023-05-18T19:14:51.210372885Z 19:14:51.209652 socketpair(AF_UNIX, SOCK_STREAM|SOCK_CLOEXEC, 0, [22, 23]) = 0
2023-05-18T19:14:51.210382571Z 19:14:51.209860 socketpair(AF_UNIX, SOCK_STREAM, 0, [24, 25]) = 0
2023-05-18T19:14:51.211202746Z 19:14:51.210412 socketpair(AF_UNIX, SOCK_STREAM, 0, [26, 27]) = 0
2023-05-18T19:14:51.212258667Z 19:14:51.211196 socketpair(AF_UNIX, SOCK_STREAM, 0, [28, 29]) = 0
2023-05-18T19:14:51.254948537Z broker.info[3]: configuration updated
2023-05-18T19:14:51.445324654Z broker.info[3]: rc1.0: running /etc/flux/rc1.d/01-sched-fluxion
2023-05-18T19:14:51.463086204Z broker.info[3]: rc1.0: running /etc/flux/rc1.d/02-cron
2023-05-18T19:14:51.498492926Z broker.info[3]: rc1.0: /etc/flux/rc1 Exited (rc=0) 0.3s
2023-05-18T19:14:51.500355846Z broker.info[3]: rc1-success: init->quorum 0.290285s
2023-05-18T19:14:51.716543408Z broker.info[3]: quorum-full: quorum->run 0.215945s
2023-05-18T19:14:52.337774771Z 19:14:52.337147 socketpair(AF_UNIX, SOCK_STREAM|SOCK_CLOEXEC, 0, [22, 23]) = 0
2023-05-18T19:14:52.338484091Z 19:14:52.337374 socketpair(AF_UNIX, SOCK_STREAM, 0, [24, 25]) = 0
2023-05-18T19:14:52.338731228Z 19:14:52.337570 socketpair(AF_UNIX, SOCK_STREAM, 0, [26, 28]) = 0
2023-05-18T19:14:52.338916009Z 19:14:52.337797 socketpair(AF_UNIX, SOCK_STREAM, 0, [58, 59]) = 0
2023-05-18T19:15:05.622537561Z broker.info[3]: shutdown: run->cleanup 13.9019s
2023-05-18T19:15:05.622651939Z broker.info[3]: cleanup-none: cleanup->shutdown 1.34447ms
2023-05-18T19:15:05.622662432Z broker.info[3]: children-none: shutdown->finalize 0.97329ms
2023-05-18T19:15:05.622671590Z 19:15:05.621853 socketpair(AF_UNIX, SOCK_STREAM|SOCK_CLOEXEC, 0, [22, 23]) = 0
2023-05-18T19:15:05.622679188Z 19:15:05.622096 socketpair(AF_UNIX, SOCK_STREAM, 0, [24, 25]) = 0
2023-05-18T19:15:05.623535523Z 19:15:05.622727 socketpair(AF_UNIX, SOCK_STREAM, 0, [26, 28]) = 0
2023-05-18T19:15:05.624181254Z 19:15:05.623548 socketpair(AF_UNIX, SOCK_STREAM, 0, [58, 59]) = 0
2023-05-18T19:15:05.649540930Z broker.info[3]: rc3.0: running /etc/flux/rc3.d/01-sched-fluxion
2023-05-18T19:15:05.843940853Z broker.info[3]: rc3.0: /etc/flux/rc3 Exited (rc=0) 0.2s
2023-05-18T19:15:05.845747597Z broker.info[3]: rc3-success: finalize->goodbye 0.22368s
2023-05-18T19:15:05.847527271Z broker.info[3]: goodbye: goodbye->exit 1.04051ms
2023-05-18T19:15:05.856967740Z 19:15:05.856688 +++ exited with 0 +++
2023-05-18T19:15:05.859270052Z Return value for follower worker is 0
2023-05-18T19:15:05.859484720Z The follower worker exited cleanly. Goodbye!
