2023-05-18T18:11:06.191159648Z
2023-05-18T18:11:06.194011072Z Flux username: flux
2023-05-18T18:11:06.194024200Z
2023-05-18T18:11:06.194031522Z Flux install root: /usr
2023-05-18T18:11:06.243250845Z flux user is already added.
2023-05-18T18:11:06.246257587Z flux user identifiers:
2023-05-18T18:11:06.246277251Z uid=1234(flux) gid=1234(flux) groups=1234(flux)
2023-05-18T18:11:06.246282505Z
2023-05-18T18:11:06.246413261Z As Flux prefix for flux commands: sudo -u flux -E PYTHONPATH=/opt/conda/lib/python3.10/site-packages -E PATH=/opt/conda/bin:/usr/local/sbin:/usr/local/bin:/usr/sbin:/usr/bin:/sbin:/bin -E LD_LIBRARY_PATH=/opt/conda/lib -E HOME=/home/flux
2023-05-18T18:11:06.253977003Z
2023-05-18T18:11:06.254000336Z 👋 Hello, I'm flux-sample-3
2023-05-18T18:11:06.254118199Z The main host is flux-sample-0
2023-05-18T18:11:06.254158359Z The working directory is /home/flux/examples/reaxff/HNS, contents include:
2023-05-18T18:11:06.256258496Z /home/flux/examples/reaxff/HNS:
2023-05-18T18:11:06.256530621Z README.txt	ffield.reax.hns  log.8Mar18.reaxc.hns.g++.1
2023-05-18T18:11:06.256545437Z data.hns-equil	in.reaxc.hns	 log.8Mar18.reaxc.hns.g++.4
2023-05-18T18:11:06.256882412Z End of file listing, if you see nothing above there are no files.
2023-05-18T18:11:06.259368001Z flux R encode --hosts=flux-sample-[0-3]
2023-05-18T18:11:06.273221285Z
2023-05-18T18:11:06.273249635Z 📦 Resources
2023-05-18T18:11:06.274558279Z {"version": 1, "execution": {"R_lite": [{"rank": "0-3", "children": {"core": "0"}}], "starttime": 0.0, "expiration": 0.0, "nodelist": ["flux-sample-[0-3]"]}}
2023-05-18T18:11:06.274759524Z
2023-05-18T18:11:06.274775598Z 🐸 Diagnostics: false
2023-05-18T18:11:06.274933263Z 🚩️ Flux Option Flags defined
2023-05-18T18:11:06.278433604Z
2023-05-18T18:11:06.278458121Z 🦊 Independent Minister of Privilege
2023-05-18T18:11:06.279683206Z [exec]
2023-05-18T18:11:06.279704313Z allowed-users = [ "flux", "root" ]
2023-05-18T18:11:06.279711829Z allowed-shells = [ "/usr/libexec/flux/flux-shell" ]
2023-05-18T18:11:06.279880393Z
2023-05-18T18:11:06.279895248Z 🐸 Broker Configuration
2023-05-18T18:11:06.281165139Z # Flux needs to know the path to the IMP executable
2023-05-18T18:11:06.281186636Z [exec]
2023-05-18T18:11:06.281193616Z imp = "/usr/libexec/flux/flux-imp"
2023-05-18T18:11:06.281198647Z
2023-05-18T18:11:06.281203684Z [access]
2023-05-18T18:11:06.281213015Z allow-guest-user = true
2023-05-18T18:11:06.281220604Z allow-root-owner = true
2023-05-18T18:11:06.281225869Z
2023-05-18T18:11:06.281231115Z # Point to resource definition generated with flux-R(1).
2023-05-18T18:11:06.281236721Z [resource]
2023-05-18T18:11:06.281242405Z path = "/etc/flux/system/R"
2023-05-18T18:11:06.281247356Z
2023-05-18T18:11:06.281252285Z [bootstrap]
2023-05-18T18:11:06.281260736Z curve_cert = "/etc/curve/curve.cert"
2023-05-18T18:11:06.281276594Z default_port = 8050
2023-05-18T18:11:06.281282118Z default_bind = "tcp://eth0:%p"
2023-05-18T18:11:06.281287853Z default_connect = "tcp://%h.flux-service.flux-operator.svc.cluster.local:%p"
2023-05-18T18:11:06.281293268Z hosts = [
2023-05-18T18:11:06.281298432Z 	{ host="flux-sample-[0-3]"},
2023-05-18T18:11:06.281303687Z ]
2023-05-18T18:11:06.281308400Z
2023-05-18T18:11:06.281316240Z [archive]
2023-05-18T18:11:06.281323234Z dbpath = "/var/lib/flux/job-archive.sqlite"
2023-05-18T18:11:06.281329224Z period = "1m"
2023-05-18T18:11:06.354076167Z busytimeout = "50s"
2023-05-18T18:11:06.354108418Z 🧊️ State Directory:
2023-05-18T18:11:06.354116620Z total 0
2023-05-18T18:11:06.354145660Z
2023-05-18T18:11:06.357167515Z
2023-05-18T18:11:06.357197375Z 🔒️ Working directory permissions:
2023-05-18T18:11:06.357205517Z total 96
2023-05-18T18:11:06.357234665Z -rwxrwxrwx 1 flux root  2517 May 17 22:32 README.txt
2023-05-18T18:11:06.357240588Z -rwxrwxrwx 1 flux root 54692 May 17 22:32 data.hns-equil
2023-05-18T18:11:06.357246048Z -rwxrwxrwx 1 flux root 13576 May 17 22:32 ffield.reax.hns
2023-05-18T18:11:06.357254173Z -rwxrwxrwx 1 flux root   870 May 17 22:32 in.reaxc.hns
2023-05-18T18:11:06.357353366Z -rwxrwxrwx 1 flux root  4172 May 17 22:32 log.8Mar18.reaxc.hns.g++.1
2023-05-18T18:11:06.357366845Z -rwxrwxrwx 1 flux root  4168 May 17 22:32 log.8Mar18.reaxc.hns.g++.4
2023-05-18T18:11:06.357374629Z
2023-05-18T18:11:06.357651595Z
2023-05-18T18:11:06.357667409Z ✨ Curve certificate generated by helper pod
2023-05-18T18:11:06.359430389Z #   ****  Generated on 2023-04-26 22:54:42 by CZMQ  ****
2023-05-18T18:11:06.359452196Z #   ZeroMQ CURVE **Secret** Certificate
2023-05-18T18:11:06.359459322Z #   DO NOT PROVIDE THIS FILE TO OTHER USERS nor change its permissions.
2023-05-18T18:11:06.359467163Z
2023-05-18T18:11:06.359473766Z metadata
2023-05-18T18:11:06.359479736Z     name = "flux-cert-generator"
2023-05-18T18:11:06.359489250Z     keygen.hostname = "flux-sample-0"
2023-05-18T18:11:06.359494898Z curve
2023-05-18T18:11:06.359500339Z     public-key = "3eI^oh6$<B>c0@>/r10(b-vMKebzk)2.:USOjJGx"
2023-05-18T18:11:06.359505895Z     secret-key = "*7(Kl2m$b:{oa!#8@FGFWJ.nX4ZayHF?TOM04gSj"
2023-05-18T18:11:06.361885788Z
2023-05-18T18:11:06.361913830Z 🌀  flux start --wrap=strace,-e,network,-tt -o --config /etc/flux/config -Scron.directory=/etc/flux/system/cron.d   -Stbon.fanout=256   -Srundir=/run/flux    -Sstatedir=/var/lib/flux   -Slocal-uri=local:///run/flux/local -Stbon.connect_timeout=1s  -Stbon.zmqdebug=1  -Slog-stderr-level=6    -Slog-stderr-mode=local
2023-05-18T18:11:06.403069738Z 18:11:06.402718 socket(AF_NETLINK, SOCK_RAW, NETLINK_ROUTE) = 8
2023-05-18T18:11:06.403100774Z 18:11:06.402851 bind(8, {sa_family=AF_NETLINK, nl_pid=0, nl_groups=00000000}, 12) = 0
2023-05-18T18:11:06.403107474Z 18:11:06.402928 getsockname(8, {sa_family=AF_NETLINK, nl_pid=70, nl_groups=00000000}, [12]) = 0
2023-05-18T18:11:06.403378098Z 18:11:06.403005 sendto(8, {{len=20, type=RTM_GETADDR, flags=NLM_F_REQUEST|NLM_F_DUMP, seq=1684433466, pid=0}, {ifa_family=AF_UNSPEC, ...}}, 20, 0, {sa_family=AF_NETLINK, nl_pid=0, nl_groups=00000000}, 12) = 20
2023-05-18T18:11:06.403747926Z 18:11:06.403321 recvmsg(8, {msg_name={sa_family=AF_NETLINK, nl_pid=0, nl_groups=00000000}, msg_namelen=12, msg_iov=[{iov_base=[{{len=76, type=RTM_NEWADDR, flags=NLM_F_MULTI, seq=1684433466, pid=70}, {ifa_family=AF_INET, ifa_prefixlen=8, ifa_flags=IFA_F_PERMANENT, ifa_scope=RT_SCOPE_HOST, ifa_index=if_nametoindex("lo")}, [{{nla_len=8, nla_type=IFA_ADDRESS}, 127.0.0.1}, {{nla_len=8, nla_type=IFA_LOCAL}, 127.0.0.1}, {{nla_len=7, nla_type=IFA_LABEL}, "lo"}, {{nla_len=8, nla_type=IFA_FLAGS}, IFA_F_PERMANENT}, {{nla_len=20, nla_type=IFA_CACHEINFO}, {ifa_prefered=4294967295, ifa_valid=4294967295, cstamp=1400972, tstamp=1400972}}]}, {{len=88, type=RTM_NEWADDR, flags=NLM_F_MULTI, seq=1684433466, pid=70}, {ifa_family=AF_INET, ifa_prefixlen=24, ifa_flags=IFA_F_PERMANENT, ifa_scope=RT_SCOPE_UNIVERSE, ifa_index=if_nametoindex("eth0")}, [{{nla_len=8, nla_type=IFA_ADDRESS}, 10.24.3.26}, {{nla_len=8, nla_type=IFA_LOCAL}, 10.24.3.26}, {{nla_len=8, nla_type=IFA_BROADCAST}, 10.24.3.255}, {{nla_len=9, nla_type=IFA_LABEL}, "eth0"}, {{nla_len=8, nla_type=IFA_FLAGS}, IFA_F_PERMANENT}, {{nla_len=20, nla_type=IFA_CACHEINFO}, {ifa_prefered=4294967295, ifa_valid=4294967295, cstamp=1400978, tstamp=1400978}}]}], iov_len=4096}], msg_iovlen=1, msg_controllen=0, msg_flags=0}, 0) = 164
2023-05-18T18:11:06.403877249Z 18:11:06.403708 recvmsg(8, {msg_name={sa_family=AF_NETLINK, nl_pid=0, nl_groups=00000000}, msg_namelen=12, msg_iov=[{iov_base={{len=20, type=NLMSG_DONE, flags=NLM_F_MULTI, seq=1684433466, pid=70}, 0}, iov_len=4096}], msg_iovlen=1, msg_controllen=0, msg_flags=0}, 0) = 20
2023-05-18T18:11:06.404485593Z 18:11:06.404349 socket(AF_UNIX, SOCK_STREAM|SOCK_CLOEXEC|SOCK_NONBLOCK, 0) = 8
2023-05-18T18:11:06.404572909Z 18:11:06.404434 connect(8, {sa_family=AF_UNIX, sun_path="/var/run/nscd/socket"}, 110) = -1 ENOENT (No such file or directory)
2023-05-18T18:11:06.404797336Z 18:11:06.404603 socket(AF_UNIX, SOCK_STREAM|SOCK_CLOEXEC|SOCK_NONBLOCK, 0) = 8
2023-05-18T18:11:06.404899494Z 18:11:06.404714 connect(8, {sa_family=AF_UNIX, sun_path="/var/run/nscd/socket"}, 110) = -1 ENOENT (No such file or directory)
2023-05-18T18:11:06.406189814Z 18:11:06.405946 socket(AF_INET, SOCK_DGRAM|SOCK_CLOEXEC|SOCK_NONBLOCK, IPPROTO_IP) = 8
2023-05-18T18:11:06.406211332Z 18:11:06.406028 connect(8, {sa_family=AF_INET, sin_port=htons(53), sin_addr=inet_addr("169.254.169.254")}, 16) = 0
2023-05-18T18:11:06.406593010Z 18:11:06.406196 sendto(8, "'R\1\0\0\1\0\0\0\0\0\0\rflux-sample-0\fflux-"..., 76, MSG_NOSIGNAL, NULL, 0) = 76
2023-05-18T18:11:06.411007452Z 18:11:06.410818 recvfrom(8, "'R\201\200\0\1\0\1\0\0\0\0\rflux-sample-0\fflux-"..., 1024, 0, {sa_family=AF_INET, sin_port=htons(53), sin_addr=inet_addr("169.254.169.254")}, [28->16]) = 92
2023-05-18T18:11:06.416556742Z broker.info[3]: start: none->join 1.59787ms
2023-05-18T18:11:07.546402334Z broker.info[3]: parent-ready: join->init 1.12947s
2023-05-18T18:11:07.546648646Z 18:11:07.546419 socketpair(AF_UNIX, SOCK_STREAM|SOCK_CLOEXEC, 0, [22, 23]) = 0
2023-05-18T18:11:07.546855008Z 18:11:07.546613 socketpair(AF_UNIX, SOCK_STREAM, 0, [24, 25]) = 0
2023-05-18T18:11:07.547145423Z 18:11:07.546876 socketpair(AF_UNIX, SOCK_STREAM, 0, [26, 27]) = 0
2023-05-18T18:11:07.547463901Z 18:11:07.547203 socketpair(AF_UNIX, SOCK_STREAM, 0, [28, 29]) = 0
2023-05-18T18:11:07.571739356Z broker.info[3]: configuration updated
2023-05-18T18:11:07.685461781Z broker.info[3]: rc1.0: running /etc/flux/rc1.d/01-sched-fluxion
2023-05-18T18:11:07.697355319Z broker.info[3]: rc1.0: running /etc/flux/rc1.d/02-cron
2023-05-18T18:11:07.727782830Z broker.info[3]: rc1.0: /etc/flux/rc1 Exited (rc=0) 0.2s
2023-05-18T18:11:07.728603624Z broker.info[3]: rc1-success: init->quorum 0.182006s
2023-05-18T18:11:08.794493996Z broker.info[3]: quorum-full: quorum->run 1.06558s
2023-05-18T18:11:09.402860008Z 18:11:09.402512 socketpair(AF_UNIX, SOCK_STREAM|SOCK_CLOEXEC, 0, [22, 23]) = 0
2023-05-18T18:11:09.403308780Z 18:11:09.402953 socketpair(AF_UNIX, SOCK_STREAM, 0, [24, 25]) = 0
2023-05-18T18:11:09.403873384Z 18:11:09.403551 socketpair(AF_UNIX, SOCK_STREAM, 0, [26, 28]) = 0
2023-05-18T18:11:09.404314335Z 18:11:09.404031 socketpair(AF_UNIX, SOCK_STREAM, 0, [58, 59]) = 0
2023-05-18T18:11:19.519284580Z broker.info[3]: shutdown: run->cleanup 10.724s
2023-05-18T18:11:19.520644853Z broker.info[3]: cleanup-none: cleanup->shutdown 1.16384ms
2023-05-18T18:11:19.521986432Z broker.info[3]: children-none: shutdown->finalize 0.995562ms
2023-05-18T18:11:19.522212830Z 18:11:19.521844 socketpair(AF_UNIX, SOCK_STREAM|SOCK_CLOEXEC, 0, [22, 23]) = 0
2023-05-18T18:11:19.523167324Z 18:11:19.521996 socketpair(AF_UNIX, SOCK_STREAM, 0, [24, 25]) = 0
2023-05-18T18:11:19.523207866Z 18:11:19.522284 socketpair(AF_UNIX, SOCK_STREAM, 0, [26, 28]) = 0
2023-05-18T18:11:19.523256650Z 18:11:19.522533 socketpair(AF_UNIX, SOCK_STREAM, 0, [58, 59]) = 0
2023-05-18T18:11:19.543502423Z broker.info[3]: rc3.0: running /etc/flux/rc3.d/01-sched-fluxion
2023-05-18T18:11:19.676623230Z broker.info[3]: rc3.0: /etc/flux/rc3 Exited (rc=0) 0.1s
2023-05-18T18:11:19.677794257Z broker.info[3]: rc3-success: finalize->goodbye 0.155782s
2023-05-18T18:11:19.679379736Z broker.info[3]: goodbye: goodbye->exit 0.973183ms
2023-05-18T18:11:19.687258918Z 18:11:19.687097 +++ exited with 0 +++
2023-05-18T18:11:19.688735419Z Return value for follower worker is 0
2023-05-18T18:11:19.688841954Z The follower worker exited cleanly. Goodbye!
