2023-05-18T20:12:24.265179394Z
2023-05-18T20:12:24.266167678Z Flux username: flux
2023-05-18T20:12:24.266184158Z
2023-05-18T20:12:24.266190030Z Flux install root: /usr
2023-05-18T20:12:24.312707534Z flux user is already added.
2023-05-18T20:12:24.315738641Z flux user identifiers:
2023-05-18T20:12:24.315760474Z uid=1234(flux) gid=1234(flux) groups=1234(flux)
2023-05-18T20:12:24.315883080Z
2023-05-18T20:12:24.315894788Z As Flux prefix for flux commands: sudo -u flux -E PYTHONPATH=/opt/conda/lib/python3.10/site-packages -E PATH=/opt/conda/bin:/usr/local/sbin:/usr/local/bin:/usr/sbin:/usr/bin:/sbin:/bin -E LD_LIBRARY_PATH=/opt/conda/lib -E HOME=/home/flux
2023-05-18T20:12:24.324877868Z
2023-05-18T20:12:24.324906781Z 👋 Hello, I'm flux-sample-2
2023-05-18T20:12:24.325019521Z The main host is flux-sample-0
2023-05-18T20:12:24.325029988Z The working directory is /home/flux/examples/reaxff/HNS, contents include:
2023-05-18T20:12:24.326717832Z /home/flux/examples/reaxff/HNS:
2023-05-18T20:12:24.326824791Z README.txt	ffield.reax.hns  log.8Mar18.reaxc.hns.g++.1
2023-05-18T20:12:24.326843179Z data.hns-equil	in.reaxc.hns	 log.8Mar18.reaxc.hns.g++.4
2023-05-18T20:12:24.327078510Z End of file listing, if you see nothing above there are no files.
2023-05-18T20:12:24.329342712Z flux R encode --hosts=flux-sample-[0-3]
2023-05-18T20:12:24.347448519Z
2023-05-18T20:12:24.347482822Z 📦 Resources
2023-05-18T20:12:24.349177145Z {"version": 1, "execution": {"R_lite": [{"rank": "0-3", "children": {"core": "0"}}], "starttime": 0.0, "expiration": 0.0, "nodelist": ["flux-sample-[0-3]"]}}
2023-05-18T20:12:24.349513698Z
2023-05-18T20:12:24.349532738Z 🐸 Diagnostics: false
2023-05-18T20:12:24.349790033Z 🚩️ Flux Option Flags defined
2023-05-18T20:12:24.354037504Z
2023-05-18T20:12:24.354060218Z 🦊 Independent Minister of Privilege
2023-05-18T20:12:24.355352214Z [exec]
2023-05-18T20:12:24.355370454Z allowed-users = [ "flux", "root" ]
2023-05-18T20:12:24.355376724Z allowed-shells = [ "/usr/libexec/flux/flux-shell" ]
2023-05-18T20:12:24.355569738Z
2023-05-18T20:12:24.355583146Z 🐸 Broker Configuration
2023-05-18T20:12:24.356897791Z # Flux needs to know the path to the IMP executable
2023-05-18T20:12:24.356915075Z [exec]
2023-05-18T20:12:24.356921169Z imp = "/usr/libexec/flux/flux-imp"
2023-05-18T20:12:24.356928006Z
2023-05-18T20:12:24.356934326Z [access]
2023-05-18T20:12:24.356939946Z allow-guest-user = true
2023-05-18T20:12:24.356944676Z allow-root-owner = true
2023-05-18T20:12:24.356949183Z
2023-05-18T20:12:24.356954271Z # Point to resource definition generated with flux-R(1).
2023-05-18T20:12:24.356959510Z [resource]
2023-05-18T20:12:24.356964899Z path = "/etc/flux/system/R"
2023-05-18T20:12:24.356971862Z
2023-05-18T20:12:24.356978496Z [bootstrap]
2023-05-18T20:12:24.356984149Z curve_cert = "/etc/curve/curve.cert"
2023-05-18T20:12:24.356988977Z default_port = 8050
2023-05-18T20:12:24.356993720Z default_bind = "tcp://eth0:%p"
2023-05-18T20:12:24.356999319Z default_connect = "tcp://%h.flux-service.flux-operator.svc.cluster.local:%p"
2023-05-18T20:12:24.357004044Z hosts = [
2023-05-18T20:12:24.357008666Z 	{ host="flux-sample-[0-3]"},
2023-05-18T20:12:24.357015553Z ]
2023-05-18T20:12:24.357020923Z
2023-05-18T20:12:24.357025765Z [archive]
2023-05-18T20:12:24.357030629Z dbpath = "/var/lib/flux/job-archive.sqlite"
2023-05-18T20:12:24.357035296Z period = "1m"
2023-05-18T20:12:24.463356412Z busytimeout = "50s"
2023-05-18T20:12:24.463384008Z 🧊️ State Directory:
2023-05-18T20:12:24.463390852Z total 0
2023-05-18T20:12:24.463395923Z
2023-05-18T20:12:24.466843451Z
2023-05-18T20:12:24.466880775Z 🔒️ Working directory permissions:
2023-05-18T20:12:24.466887316Z total 96
2023-05-18T20:12:24.466892935Z -rwxrwxrwx 1 flux root  2517 May 17 22:32 README.txt
2023-05-18T20:12:24.466899881Z -rwxrwxrwx 1 flux root 54692 May 17 22:32 data.hns-equil
2023-05-18T20:12:24.466905775Z -rwxrwxrwx 1 flux root 13576 May 17 22:32 ffield.reax.hns
2023-05-18T20:12:24.466911028Z -rwxrwxrwx 1 flux root   870 May 17 22:32 in.reaxc.hns
2023-05-18T20:12:24.466916522Z -rwxrwxrwx 1 flux root  4172 May 17 22:32 log.8Mar18.reaxc.hns.g++.1
2023-05-18T20:12:24.466921418Z -rwxrwxrwx 1 flux root  4168 May 17 22:32 log.8Mar18.reaxc.hns.g++.4
2023-05-18T20:12:24.466926024Z
2023-05-18T20:12:24.467055471Z
2023-05-18T20:12:24.467067811Z ✨ Curve certificate generated by helper pod
2023-05-18T20:12:24.468495496Z #   ****  Generated on 2023-04-26 22:54:42 by CZMQ  ****
2023-05-18T20:12:24.468515255Z #   ZeroMQ CURVE **Secret** Certificate
2023-05-18T20:12:24.468521810Z #   DO NOT PROVIDE THIS FILE TO OTHER USERS nor change its permissions.
2023-05-18T20:12:24.468527246Z
2023-05-18T20:12:24.468543149Z metadata
2023-05-18T20:12:24.468565620Z     name = "flux-cert-generator"
2023-05-18T20:12:24.468571615Z     keygen.hostname = "flux-sample-0"
2023-05-18T20:12:24.468576396Z curve
2023-05-18T20:12:24.468581413Z     public-key = "v(zF*I<-dWf%@HPvmGt}/H:HHNnj{KAE99O&3NOV"
2023-05-18T20:12:24.468586535Z     secret-key = "pyWcC.^dPKI[xMd2L?]/p]rgN7Af!/IQucg/ylng"
2023-05-18T20:12:24.471020188Z
2023-05-18T20:12:24.471185390Z 🌀  flux start --wrap=strace,-e,network,-tt -o --config /etc/flux/config -Scron.directory=/etc/flux/system/cron.d   -Stbon.fanout=256   -Srundir=/run/flux    -Sstatedir=/var/lib/flux   -Slocal-uri=local:///run/flux/local -Stbon.connect_timeout=4s  -Stbon.zmqdebug=1  -Slog-stderr-level=6    -Slog-stderr-mode=local
2023-05-18T20:12:24.513527790Z 20:12:24.513166 socket(AF_NETLINK, SOCK_RAW, NETLINK_ROUTE) = 8
2023-05-18T20:12:24.513560958Z 20:12:24.513286 bind(8, {sa_family=AF_NETLINK, nl_pid=0, nl_groups=00000000}, 12) = 0
2023-05-18T20:12:24.513569212Z 20:12:24.513352 getsockname(8, {sa_family=AF_NETLINK, nl_pid=71, nl_groups=00000000}, [12]) = 0
2023-05-18T20:12:24.513767438Z 20:12:24.513414 sendto(8, {{len=20, type=RTM_GETADDR, flags=NLM_F_REQUEST|NLM_F_DUMP, seq=1684440744, pid=0}, {ifa_family=AF_UNSPEC, ...}}, 20, 0, {sa_family=AF_NETLINK, nl_pid=0, nl_groups=00000000}, 12) = 20
2023-05-18T20:12:24.514088509Z 20:12:24.513657 recvmsg(8, {msg_name={sa_family=AF_NETLINK, nl_pid=0, nl_groups=00000000}, msg_namelen=12, msg_iov=[{iov_base=[{{len=76, type=RTM_NEWADDR, flags=NLM_F_MULTI, seq=1684440744, pid=71}, {ifa_family=AF_INET, ifa_prefixlen=8, ifa_flags=IFA_F_PERMANENT, ifa_scope=RT_SCOPE_HOST, ifa_index=if_nametoindex("lo")}, [{{nla_len=8, nla_type=IFA_ADDRESS}, 127.0.0.1}, {{nla_len=8, nla_type=IFA_LOCAL}, 127.0.0.1}, {{nla_len=7, nla_type=IFA_LABEL}, "lo"}, {{nla_len=8, nla_type=IFA_FLAGS}, IFA_F_PERMANENT}, {{nla_len=20, nla_type=IFA_CACHEINFO}, {ifa_prefered=4294967295, ifa_valid=4294967295, cstamp=2128811, tstamp=2128811}}]}, {{len=88, type=RTM_NEWADDR, flags=NLM_F_MULTI, seq=1684440744, pid=71}, {ifa_family=AF_INET, ifa_prefixlen=24, ifa_flags=IFA_F_PERMANENT, ifa_scope=RT_SCOPE_UNIVERSE, ifa_index=if_nametoindex("eth0")}, [{{nla_len=8, nla_type=IFA_ADDRESS}, 10.24.2.35}, {{nla_len=8, nla_type=IFA_LOCAL}, 10.24.2.35}, {{nla_len=8, nla_type=IFA_BROADCAST}, 10.24.2.255}, {{nla_len=9, nla_type=IFA_LABEL}, "eth0"}, {{nla_len=8, nla_type=IFA_FLAGS}, IFA_F_PERMANENT}, {{nla_len=20, nla_type=IFA_CACHEINFO}, {ifa_prefered=4294967295, ifa_valid=4294967295, cstamp=2128811, tstamp=2128811}}]}], iov_len=4096}], msg_iovlen=1, msg_controllen=0, msg_flags=0}, 0) = 164
2023-05-18T20:12:24.514129655Z 20:12:24.513959 recvmsg(8, {msg_name={sa_family=AF_NETLINK, nl_pid=0, nl_groups=00000000}, msg_namelen=12, msg_iov=[{iov_base={{len=20, type=NLMSG_DONE, flags=NLM_F_MULTI, seq=1684440744, pid=71}, 0}, iov_len=4096}], msg_iovlen=1, msg_controllen=0, msg_flags=0}, 0) = 20
2023-05-18T20:12:24.514747417Z 20:12:24.514496 socket(AF_UNIX, SOCK_STREAM|SOCK_CLOEXEC|SOCK_NONBLOCK, 0) = 8
2023-05-18T20:12:24.514762804Z 20:12:24.514561 connect(8, {sa_family=AF_UNIX, sun_path="/var/run/nscd/socket"}, 110) = -1 ENOENT (No such file or directory)
2023-05-18T20:12:24.514862767Z 20:12:24.514680 socket(AF_UNIX, SOCK_STREAM|SOCK_CLOEXEC|SOCK_NONBLOCK, 0) = 8
2023-05-18T20:12:24.514873541Z 20:12:24.514737 connect(8, {sa_family=AF_UNIX, sun_path="/var/run/nscd/socket"}, 110) = -1 ENOENT (No such file or directory)
2023-05-18T20:12:24.516306039Z 20:12:24.516045 socket(AF_INET, SOCK_DGRAM|SOCK_CLOEXEC|SOCK_NONBLOCK, IPPROTO_IP) = 8
2023-05-18T20:12:24.516323150Z 20:12:24.516146 connect(8, {sa_family=AF_INET, sin_port=htons(53), sin_addr=inet_addr("169.254.169.254")}, 16) = 0
2023-05-18T20:12:24.516550481Z 20:12:24.516260 sendto(8, "I\351\1\0\0\1\0\0\0\0\0\0\rflux-sample-0\fflux-"..., 76, MSG_NOSIGNAL, NULL, 0) = 76
2023-05-18T20:12:24.521573371Z 20:12:24.521167 recvfrom(8, "I\351\201\203\0\1\0\0\0\1\0\0\rflux-sample-0\fflux-"..., 1024, 0, {sa_family=AF_INET, sin_port=htons(53), sin_addr=inet_addr("169.254.169.254")}, [28->16]) = 172
2023-05-18T20:12:24.521719391Z 20:12:24.521489 socket(AF_INET, SOCK_DGRAM|SOCK_CLOEXEC|SOCK_NONBLOCK, IPPROTO_IP) = 8
2023-05-18T20:12:24.521730707Z 20:12:24.521557 connect(8, {sa_family=AF_INET, sin_port=htons(53), sin_addr=inet_addr("169.254.169.254")}, 16) = 0
2023-05-18T20:12:24.521917410Z 20:12:24.521666 sendto(8, "\31H\1\0\0\1\0\0\0\0\0\0\rflux-sample-0\fflux-"..., 108, MSG_NOSIGNAL, NULL, 0) = 108
2023-05-18T20:12:24.525956501Z 20:12:24.525651 recvfrom(8, "\31H\201\203\0\1\0\0\0\1\0\0\rflux-sample-0\fflux-"..., 1024, 0, {sa_family=AF_INET, sin_port=htons(53), sin_addr=inet_addr("169.254.169.254")}, [28->16]) = 204
2023-05-18T20:12:24.525985363Z 20:12:24.525845 socket(AF_INET, SOCK_DGRAM|SOCK_CLOEXEC|SOCK_NONBLOCK, IPPROTO_IP) = 8
2023-05-18T20:12:24.526141528Z 20:12:24.525999 connect(8, {sa_family=AF_INET, sin_port=htons(53), sin_addr=inet_addr("169.254.169.254")}, 16) = 0
2023-05-18T20:12:24.526351676Z 20:12:24.526138 sendto(8, "T\364\1\0\0\1\0\0\0\0\0\0\rflux-sample-0\fflux-"..., 94, MSG_NOSIGNAL, NULL, 0) = 94
2023-05-18T20:12:24.530163460Z 20:12:24.529865 recvfrom(8, "T\364\201\203\0\1\0\0\0\1\0\0\rflux-sample-0\fflux-"..., 1024, 0, {sa_family=AF_INET, sin_port=htons(53), sin_addr=inet_addr("169.254.169.254")}, [28->16]) = 190
2023-05-18T20:12:24.530352723Z 20:12:24.530224 socket(AF_INET, SOCK_DGRAM|SOCK_CLOEXEC|SOCK_NONBLOCK, IPPROTO_IP) = 8
2023-05-18T20:12:24.530444595Z 20:12:24.530312 connect(8, {sa_family=AF_INET, sin_port=htons(53), sin_addr=inet_addr("169.254.169.254")}, 16) = 0
2023-05-18T20:12:24.530639279Z 20:12:24.530427 sendto(8, "\264\215\1\0\0\1\0\0\0\0\0\0\rflux-sample-0\fflux-"..., 90, MSG_NOSIGNAL, NULL, 0) = 90
2023-05-18T20:12:24.535480865Z 20:12:24.535057 recvfrom(8, "\264\215\201\203\0\1\0\0\0\1\0\0\rflux-sample-0\fflux-"..., 1024, 0, {sa_family=AF_INET, sin_port=htons(53), sin_addr=inet_addr("169.254.169.254")}, [28->16]) = 186
2023-05-18T20:12:24.535880319Z 20:12:24.535640 socket(AF_INET, SOCK_DGRAM|SOCK_CLOEXEC|SOCK_NONBLOCK, IPPROTO_IP) = 8
2023-05-18T20:12:24.536230983Z 20:12:24.535945 connect(8, {sa_family=AF_INET, sin_port=htons(53), sin_addr=inet_addr("169.254.169.254")}, 16) = 0
2023-05-18T20:12:24.536724028Z 20:12:24.536334 sendto(8, "?\215\1\0\0\1\0\0\0\0\0\0\rflux-sample-0\fflux-"..., 111, MSG_NOSIGNAL, NULL, 0) = 111
2023-05-18T20:12:24.542464647Z 20:12:24.541944 recvfrom(8, "?\215\201\203\0\1\0\0\0\1\0\0\rflux-sample-0\fflux-"..., 1024, 0, {sa_family=AF_INET, sin_port=htons(53), sin_addr=inet_addr("169.254.169.254")}, [28->16]) = 205
2023-05-18T20:12:24.542905415Z 20:12:24.542653 socket(AF_INET, SOCK_DGRAM|SOCK_CLOEXEC|SOCK_NONBLOCK, IPPROTO_IP) = 8
2023-05-18T20:12:24.543309435Z 20:12:24.542977 connect(8, {sa_family=AF_INET, sin_port=htons(53), sin_addr=inet_addr("169.254.169.254")}, 16) = 0
2023-05-18T20:12:24.543797844Z 20:12:24.543439 sendto(8, "\304\303\1\0\0\1\0\0\0\0\0\0\rflux-sample-0\fflux-"..., 97, MSG_NOSIGNAL, NULL, 0) = 97
2023-05-18T20:12:24.549950324Z 20:12:24.549483 recvfrom(8, "\304\303\201\203\0\1\0\0\0\1\0\0\rflux-sample-0\fflux-"..., 1024, 0, {sa_family=AF_INET, sin_port=htons(53), sin_addr=inet_addr("169.254.169.254")}, [28->16]) = 186
2023-05-18T20:12:24.550455139Z 20:12:24.550142 socket(AF_INET, SOCK_DGRAM|SOCK_CLOEXEC|SOCK_NONBLOCK, IPPROTO_IP) = 8
2023-05-18T20:12:24.550792949Z 20:12:24.550525 connect(8, {sa_family=AF_INET, sin_port=htons(53), sin_addr=inet_addr("169.254.169.254")}, 16) = 0
2023-05-18T20:12:24.551286886Z 20:12:24.550886 sendto(8, "\177}\1\0\0\1\0\0\0\0\0\0\rflux-sample-0\fflux-"..., 92, MSG_NOSIGNAL, NULL, 0) = 92
2023-05-18T20:12:24.557269255Z 20:12:24.556789 recvfrom(8, "\177}\201\203\0\1\0\0\0\1\0\0\rflux-sample-0\fflux-"..., 1024, 0, {sa_family=AF_INET, sin_port=htons(53), sin_addr=inet_addr("169.254.169.254")}, [28->16]) = 181
2023-05-18T20:12:24.557647665Z broker.err[2]: Warning: unable to resolve upstream peer flux-sample-0.flux-service.flux-operator.svc.cluster.local: Name or service not known
2023-05-18T20:12:24.569276261Z broker.info[2]: start: none->join 2.02953ms
2023-05-18T20:12:25.262548203Z broker.info[2]: parent-ready: join->init 0.693165s
2023-05-18T20:12:25.262782654Z 20:12:25.262554 socketpair(AF_UNIX, SOCK_STREAM|SOCK_CLOEXEC, 0, [22, 23]) = 0
2023-05-18T20:12:25.262987906Z 20:12:25.262769 socketpair(AF_UNIX, SOCK_STREAM, 0, [24, 25]) = 0
2023-05-18T20:12:25.263762064Z 20:12:25.263545 socketpair(AF_UNIX, SOCK_STREAM, 0, [26, 27]) = 0
2023-05-18T20:12:25.264244168Z 20:12:25.263915 socketpair(AF_UNIX, SOCK_STREAM, 0, [28, 29]) = 0
2023-05-18T20:12:25.289596697Z broker.info[2]: configuration updated
2023-05-18T20:12:25.413988543Z broker.info[2]: rc1.0: running /etc/flux/rc1.d/01-sched-fluxion
2023-05-18T20:12:25.427002455Z broker.info[2]: rc1.0: running /etc/flux/rc1.d/02-cron
2023-05-18T20:12:25.451130114Z broker.info[2]: rc1.0: /etc/flux/rc1 Exited (rc=0) 0.2s
2023-05-18T20:12:25.452406070Z broker.info[2]: rc1-success: init->quorum 0.189658s
2023-05-18T20:12:26.055273879Z broker.info[2]: quorum-full: quorum->run 0.602558s
2023-05-18T20:12:37.463845240Z broker.info[2]: shutdown: run->cleanup 11.408s
2023-05-18T20:12:37.464847992Z broker.info[2]: cleanup-none: cleanup->shutdown 0.972649ms
2023-05-18T20:12:37.466182843Z broker.info[2]: children-none: shutdown->finalize 1.08096ms
2023-05-18T20:12:37.466282074Z 20:12:37.465902 socketpair(AF_UNIX, SOCK_STREAM|SOCK_CLOEXEC, 0, [22, 23]) = 0
2023-05-18T20:12:37.466302826Z 20:12:37.466063 socketpair(AF_UNIX, SOCK_STREAM, 0, [24, 25]) = 0
2023-05-18T20:12:37.466581687Z 20:12:37.466318 socketpair(AF_UNIX, SOCK_STREAM, 0, [26, 28]) = 0
2023-05-18T20:12:37.466910007Z 20:12:37.466579 socketpair(AF_UNIX, SOCK_STREAM, 0, [58, 59]) = 0
2023-05-18T20:12:37.489762002Z broker.info[2]: rc3.0: running /etc/flux/rc3.d/01-sched-fluxion
2023-05-18T20:12:37.621977663Z broker.info[2]: rc3.0: /etc/flux/rc3 Exited (rc=0) 0.2s
2023-05-18T20:12:37.622957807Z broker.info[2]: rc3-success: finalize->goodbye 0.156847s
2023-05-18T20:12:37.624001328Z broker.info[2]: goodbye: goodbye->exit 0.830773ms
2023-05-18T20:12:37.631988965Z 20:12:37.631793 +++ exited with 0 +++
2023-05-18T20:12:37.633148494Z Return value for follower worker is 0
2023-05-18T20:12:37.633175780Z The follower worker exited cleanly. Goodbye!
