2023-05-18T18:35:10.796396652Z
2023-05-18T18:35:10.796463802Z Flux username: flux
2023-05-18T18:35:10.796471264Z
2023-05-18T18:35:10.796477103Z Flux install root: /usr
2023-05-18T18:35:10.856281720Z flux user is already added.
2023-05-18T18:35:10.860184224Z flux user identifiers:
2023-05-18T18:35:10.860215918Z uid=1234(flux) gid=1234(flux) groups=1234(flux)
2023-05-18T18:35:10.860222153Z
2023-05-18T18:35:10.860229091Z As Flux prefix for flux commands: sudo -u flux -E PYTHONPATH=/opt/conda/lib/python3.10/site-packages -E PATH=/opt/conda/bin:/usr/local/sbin:/usr/local/bin:/usr/sbin:/usr/bin:/sbin:/bin -E LD_LIBRARY_PATH=/opt/conda/lib -E HOME=/home/flux
2023-05-18T18:35:10.867869093Z
2023-05-18T18:35:10.867947323Z ðŸ‘‹ Hello, I'm flux-sample-2
2023-05-18T18:35:10.867954389Z The main host is flux-sample-0
2023-05-18T18:35:10.867962279Z The working directory is /home/flux/examples/reaxff/HNS, contents include:
2023-05-18T18:35:10.869955308Z /home/flux/examples/reaxff/HNS:
2023-05-18T18:35:10.869976596Z README.txt	ffield.reax.hns  log.8Mar18.reaxc.hns.g++.1
2023-05-18T18:35:10.869982259Z data.hns-equil	in.reaxc.hns	 log.8Mar18.reaxc.hns.g++.4
2023-05-18T18:35:10.869991039Z End of file listing, if you see nothing above there are no files.
2023-05-18T18:35:10.871917952Z flux R encode --hosts=flux-sample-[0-3]
2023-05-18T18:35:10.886653895Z
2023-05-18T18:35:10.886688175Z ðŸ“¦ Resources
2023-05-18T18:35:10.888740193Z {"version": 1, "execution": {"R_lite": [{"rank": "0-3", "children": {"core": "0"}}], "starttime": 0.0, "expiration": 0.0, "nodelist": ["flux-sample-[0-3]"]}}
2023-05-18T18:35:10.889054613Z
2023-05-18T18:35:10.889234539Z ðŸ¸ Diagnostics: false
2023-05-18T18:35:10.889606810Z ðŸš©ï¸ Flux Option Flags defined
2023-05-18T18:35:10.894434164Z
2023-05-18T18:35:10.894623600Z ðŸ¦Š Independent Minister of Privilege
2023-05-18T18:35:10.896453253Z [exec]
2023-05-18T18:35:10.896471559Z allowed-users = [ "flux", "root" ]
2023-05-18T18:35:10.896480998Z allowed-shells = [ "/usr/libexec/flux/flux-shell" ]
2023-05-18T18:35:10.896983447Z
2023-05-18T18:35:10.897148134Z ðŸ¸ Broker Configuration
2023-05-18T18:35:10.898852710Z # Flux needs to know the path to the IMP executable
2023-05-18T18:35:10.898897545Z [exec]
2023-05-18T18:35:10.898904719Z imp = "/usr/libexec/flux/flux-imp"
2023-05-18T18:35:10.898909368Z
2023-05-18T18:35:10.898914178Z [access]
2023-05-18T18:35:10.898919470Z allow-guest-user = true
2023-05-18T18:35:10.898924311Z allow-root-owner = true
2023-05-18T18:35:10.898928725Z
2023-05-18T18:35:10.898935792Z # Point to resource definition generated with flux-R(1).
2023-05-18T18:35:10.898942886Z [resource]
2023-05-18T18:35:10.898959914Z path = "/etc/flux/system/R"
2023-05-18T18:35:10.898964707Z
2023-05-18T18:35:10.898969249Z [bootstrap]
2023-05-18T18:35:10.898974358Z curve_cert = "/etc/curve/curve.cert"
2023-05-18T18:35:10.898981574Z default_port = 8050
2023-05-18T18:35:10.898987378Z default_bind = "tcp://eth0:%p"
2023-05-18T18:35:10.898993563Z default_connect = "tcp://%h.flux-service.flux-operator.svc.cluster.local:%p"
2023-05-18T18:35:10.898998480Z hosts = [
2023-05-18T18:35:10.899003780Z 	{ host="flux-sample-[0-3]"},
2023-05-18T18:35:10.899008431Z ]
2023-05-18T18:35:10.899013078Z
2023-05-18T18:35:10.899017742Z [archive]
2023-05-18T18:35:10.899024518Z dbpath = "/var/lib/flux/job-archive.sqlite"
2023-05-18T18:35:10.899030345Z period = "1m"
2023-05-18T18:35:10.993894880Z busytimeout = "50s"
2023-05-18T18:35:10.993946645Z ðŸ§Šï¸ State Directory:
2023-05-18T18:35:10.993956203Z total 0
2023-05-18T18:35:10.993961563Z
2023-05-18T18:35:10.997178911Z
2023-05-18T18:35:10.997219247Z ðŸ”’ï¸ Working directory permissions:
2023-05-18T18:35:10.997239162Z total 96
2023-05-18T18:35:10.997246237Z -rwxrwxrwx 1 flux root  2517 May 17 22:32 README.txt
2023-05-18T18:35:10.997252040Z -rwxrwxrwx 1 flux root 54692 May 17 22:32 data.hns-equil
2023-05-18T18:35:10.997257773Z -rwxrwxrwx 1 flux root 13576 May 17 22:32 ffield.reax.hns
2023-05-18T18:35:10.997271261Z -rwxrwxrwx 1 flux root   870 May 17 22:32 in.reaxc.hns
2023-05-18T18:35:10.997278453Z -rwxrwxrwx 1 flux root  4172 May 17 22:32 log.8Mar18.reaxc.hns.g++.1
2023-05-18T18:35:10.997284653Z -rwxrwxrwx 1 flux root  4168 May 17 22:32 log.8Mar18.reaxc.hns.g++.4
2023-05-18T18:35:10.997299723Z
2023-05-18T18:35:10.997305471Z
2023-05-18T18:35:10.997311416Z âœ¨ Curve certificate generated by helper pod
2023-05-18T18:35:10.998997804Z #   ****  Generated on 2023-04-26 22:54:42 by CZMQ  ****
2023-05-18T18:35:10.999022046Z #   ZeroMQ CURVE **Secret** Certificate
2023-05-18T18:35:10.999029061Z #   DO NOT PROVIDE THIS FILE TO OTHER USERS nor change its permissions.
2023-05-18T18:35:10.999034406Z
2023-05-18T18:35:10.999040694Z metadata
2023-05-18T18:35:10.999068057Z     name = "flux-cert-generator"
2023-05-18T18:35:10.999077107Z     keygen.hostname = "flux-sample-0"
2023-05-18T18:35:10.999082417Z curve
2023-05-18T18:35:10.999088037Z     public-key = "Lrc5(MG%d8]Cv$x+N))CVng}^SveQ0aq-aR+]4Gn"
2023-05-18T18:35:10.999093128Z     secret-key = "RCgk7/3v{7kXT/Zv)m(jw):$cF:5)pv?l!)4KPR1"
2023-05-18T18:35:11.002122962Z
2023-05-18T18:35:11.002190922Z ðŸŒ€  flux start --wrap=strace,-e,network,-tt -o --config /etc/flux/config -Scron.directory=/etc/flux/system/cron.d   -Stbon.fanout=256   -Srundir=/run/flux    -Sstatedir=/var/lib/flux   -Slocal-uri=local:///run/flux/local -Stbon.connect_timeout=4s  -Stbon.zmqdebug=1  -Slog-stderr-level=6    -Slog-stderr-mode=local
2023-05-18T18:35:11.045781069Z 18:35:11.045389 socket(AF_NETLINK, SOCK_RAW, NETLINK_ROUTE) = 8
2023-05-18T18:35:11.045834302Z 18:35:11.045507 bind(8, {sa_family=AF_NETLINK, nl_pid=0, nl_groups=00000000}, 12) = 0
2023-05-18T18:35:11.045842984Z 18:35:11.045606 getsockname(8, {sa_family=AF_NETLINK, nl_pid=70, nl_groups=00000000}, [12]) = 0
2023-05-18T18:35:11.046696312Z 18:35:11.045681 sendto(8, {{len=20, type=RTM_GETADDR, flags=NLM_F_REQUEST|NLM_F_DUMP, seq=1684434911, pid=0}, {ifa_family=AF_UNSPEC, ...}}, 20, 0, {sa_family=AF_NETLINK, nl_pid=0, nl_groups=00000000}, 12) = 20
2023-05-18T18:35:11.047272670Z 18:35:11.046616 recvmsg(8, {msg_name={sa_family=AF_NETLINK, nl_pid=0, nl_groups=00000000}, msg_namelen=12, msg_iov=[{iov_base=[{{len=76, type=RTM_NEWADDR, flags=NLM_F_MULTI, seq=1684434911, pid=70}, {ifa_family=AF_INET, ifa_prefixlen=8, ifa_flags=IFA_F_PERMANENT, ifa_scope=RT_SCOPE_HOST, ifa_index=if_nametoindex("lo")}, [{{nla_len=8, nla_type=IFA_ADDRESS}, 127.0.0.1}, {{nla_len=8, nla_type=IFA_LOCAL}, 127.0.0.1}, {{nla_len=7, nla_type=IFA_LABEL}, "lo"}, {{nla_len=8, nla_type=IFA_FLAGS}, IFA_F_PERMANENT}, {{nla_len=20, nla_type=IFA_CACHEINFO}, {ifa_prefered=4294967295, ifa_valid=4294967295, cstamp=1545653, tstamp=1545653}}]}, {{len=88, type=RTM_NEWADDR, flags=NLM_F_MULTI, seq=1684434911, pid=70}, {ifa_family=AF_INET, ifa_prefixlen=24, ifa_flags=IFA_F_PERMANENT, ifa_scope=RT_SCOPE_UNIVERSE, ifa_index=if_nametoindex("eth0")}, [{{nla_len=8, nla_type=IFA_ADDRESS}, 10.24.0.81}, {{nla_len=8, nla_type=IFA_LOCAL}, 10.24.0.81}, {{nla_len=8, nla_type=IFA_BROADCAST}, 10.24.0.255}, {{nla_len=9, nla_type=IFA_LABEL}, "eth0"}, {{nla_len=8, nla_type=IFA_FLAGS}, IFA_F_PERMANENT}, {{nla_len=20, nla_type=IFA_CACHEINFO}, {ifa_prefered=4294967295, ifa_valid=4294967295, cstamp=1545656, tstamp=1545656}}]}], iov_len=4096}], msg_iovlen=1, msg_controllen=0, msg_flags=0}, 0) = 164
2023-05-18T18:35:11.047649051Z 18:35:11.047335 recvmsg(8, {msg_name={sa_family=AF_NETLINK, nl_pid=0, nl_groups=00000000}, msg_namelen=12, msg_iov=[{iov_base={{len=20, type=NLMSG_DONE, flags=NLM_F_MULTI, seq=1684434911, pid=70}, 0}, iov_len=4096}], msg_iovlen=1, msg_controllen=0, msg_flags=0}, 0) = 20
2023-05-18T18:35:11.048281719Z 18:35:11.048128 socket(AF_UNIX, SOCK_STREAM|SOCK_CLOEXEC|SOCK_NONBLOCK, 0) = 8
2023-05-18T18:35:11.048502740Z 18:35:11.048247 connect(8, {sa_family=AF_UNIX, sun_path="/var/run/nscd/socket"}, 110) = -1 ENOENT (No such file or directory)
2023-05-18T18:35:11.048840275Z 18:35:11.048628 socket(AF_UNIX, SOCK_STREAM|SOCK_CLOEXEC|SOCK_NONBLOCK, 0) = 8
2023-05-18T18:35:11.048985634Z 18:35:11.048723 connect(8, {sa_family=AF_UNIX, sun_path="/var/run/nscd/socket"}, 110) = -1 ENOENT (No such file or directory)
2023-05-18T18:35:11.050370446Z 18:35:11.050149 socket(AF_INET, SOCK_DGRAM|SOCK_CLOEXEC|SOCK_NONBLOCK, IPPROTO_IP) = 8
2023-05-18T18:35:11.050572083Z 18:35:11.050252 connect(8, {sa_family=AF_INET, sin_port=htons(53), sin_addr=inet_addr("169.254.169.254")}, 16) = 0
2023-05-18T18:35:11.050879091Z 18:35:11.050390 sendto(8, "\\I\1\0\0\1\0\0\0\0\0\0\rflux-sample-0\fflux-"..., 76, MSG_NOSIGNAL, NULL, 0) = 76
2023-05-18T18:35:11.055076362Z 18:35:11.054781 recvfrom(8, "\\I\201\200\0\1\0\1\0\0\0\0\rflux-sample-0\fflux-"..., 1024, 0, {sa_family=AF_INET, sin_port=htons(53), sin_addr=inet_addr("169.254.169.254")}, [28->16]) = 92
2023-05-18T18:35:11.061239703Z broker.info[2]: start: none->join 2.57785ms
2023-05-18T18:35:15.211758044Z broker.info[2]: parent-ready: join->init 4.15029s
2023-05-18T18:35:15.212501428Z 18:35:15.211804 socketpair(AF_UNIX, SOCK_STREAM|SOCK_CLOEXEC, 0, [22, 23]) = 0
2023-05-18T18:35:15.212554009Z 18:35:15.212154 socketpair(AF_UNIX, SOCK_STREAM, 0, [24, 25]) = 0
2023-05-18T18:35:15.212885293Z 18:35:15.212525 socketpair(AF_UNIX, SOCK_STREAM, 0, [26, 27]) = 0
2023-05-18T18:35:15.213188266Z 18:35:15.212912 socketpair(AF_UNIX, SOCK_STREAM, 0, [28, 29]) = 0
2023-05-18T18:35:15.241933934Z broker.info[2]: configuration updated
2023-05-18T18:35:15.368489228Z broker.info[2]: rc1.0: running /etc/flux/rc1.d/01-sched-fluxion
2023-05-18T18:35:15.388201948Z broker.info[2]: rc1.0: running /etc/flux/rc1.d/02-cron
2023-05-18T18:35:15.413374640Z broker.info[2]: rc1.0: /etc/flux/rc1 Exited (rc=0) 0.2s
2023-05-18T18:35:15.414136097Z broker.info[2]: rc1-success: init->quorum 0.202083s
2023-05-18T18:35:15.568925454Z broker.info[2]: quorum-full: quorum->run 0.154535s
2023-05-18T18:35:28.430663986Z broker.info[2]: shutdown: run->cleanup 12.8611s
2023-05-18T18:35:28.431595529Z broker.info[2]: cleanup-none: cleanup->shutdown 0.906554ms
2023-05-18T18:35:28.432981288Z broker.info[2]: children-none: shutdown->finalize 1.04183ms
2023-05-18T18:35:28.434051026Z 18:35:28.433041 socketpair(AF_UNIX, SOCK_STREAM|SOCK_CLOEXEC, 0, [22, 23]) = 0
2023-05-18T18:35:28.434075239Z 18:35:28.433283 socketpair(AF_UNIX, SOCK_STREAM, 0, [24, 25]) = 0
2023-05-18T18:35:28.434081629Z 18:35:28.433572 socketpair(AF_UNIX, SOCK_STREAM, 0, [26, 28]) = 0
2023-05-18T18:35:28.434087373Z 18:35:28.433818 socketpair(AF_UNIX, SOCK_STREAM, 0, [58, 59]) = 0
2023-05-18T18:35:28.455072098Z broker.info[2]: rc3.0: running /etc/flux/rc3.d/01-sched-fluxion
2023-05-18T18:35:28.595490868Z broker.info[2]: rc3.0: /etc/flux/rc3 Exited (rc=0) 0.2s
2023-05-18T18:35:28.596903396Z broker.info[2]: rc3-success: finalize->goodbye 0.163663s
2023-05-18T18:35:28.598686824Z broker.info[2]: goodbye: goodbye->exit 1.06462ms
2023-05-18T18:35:28.607080612Z 18:35:28.606752 +++ exited with 0 +++
2023-05-18T18:35:28.608427144Z Return value for follower worker is 0
2023-05-18T18:35:28.608454622Z The follower worker exited cleanly. Goodbye!
