2023-05-18T18:58:58.834540627Z
2023-05-18T18:58:58.834706511Z Flux username: flux
2023-05-18T18:58:58.834714971Z
2023-05-18T18:58:58.834720626Z Flux install root: /usr
2023-05-18T18:58:58.913552585Z flux user is already added.
2023-05-18T18:58:58.918814699Z flux user identifiers:
2023-05-18T18:58:58.918951075Z uid=1234(flux) gid=1234(flux) groups=1234(flux)
2023-05-18T18:58:58.918965204Z
2023-05-18T18:58:58.918999028Z As Flux prefix for flux commands: sudo -u flux -E PYTHONPATH=/opt/conda/lib/python3.10/site-packages -E PATH=/opt/conda/bin:/usr/local/sbin:/usr/local/bin:/usr/sbin:/usr/bin:/sbin:/bin -E LD_LIBRARY_PATH=/opt/conda/lib -E HOME=/home/flux
2023-05-18T18:58:58.931678017Z
2023-05-18T18:58:58.931745723Z ðŸ‘‹ Hello, I'm flux-sample-3
2023-05-18T18:58:58.931762706Z The main host is flux-sample-0
2023-05-18T18:58:58.931768906Z The working directory is /home/flux/examples/reaxff/HNS, contents include:
2023-05-18T18:58:58.936442451Z /home/flux/examples/reaxff/HNS:
2023-05-18T18:58:58.936797443Z README.txt	ffield.reax.hns  log.8Mar18.reaxc.hns.g++.1
2023-05-18T18:58:58.936820810Z data.hns-equil	in.reaxc.hns	 log.8Mar18.reaxc.hns.g++.4
2023-05-18T18:58:58.937357421Z End of file listing, if you see nothing above there are no files.
2023-05-18T18:58:58.940789339Z flux R encode --hosts=flux-sample-[0-3]
2023-05-18T18:58:58.963791618Z
2023-05-18T18:58:58.963958199Z ðŸ“¦ Resources
2023-05-18T18:58:58.967236701Z {"version": 1, "execution": {"R_lite": [{"rank": "0-3", "children": {"core": "0"}}], "starttime": 0.0, "expiration": 0.0, "nodelist": ["flux-sample-[0-3]"]}}
2023-05-18T18:58:58.968080101Z
2023-05-18T18:58:58.968218493Z ðŸ¸ Diagnostics: false
2023-05-18T18:58:58.968232495Z ðŸš©ï¸ Flux Option Flags defined
2023-05-18T18:58:58.975026251Z
2023-05-18T18:58:58.975078409Z ðŸ¦Š Independent Minister of Privilege
2023-05-18T18:58:58.976977376Z [exec]
2023-05-18T18:58:58.977007187Z allowed-users = [ "flux", "root" ]
2023-05-18T18:58:58.977027333Z allowed-shells = [ "/usr/libexec/flux/flux-shell" ]
2023-05-18T18:58:58.977110154Z
2023-05-18T18:58:58.977119307Z ðŸ¸ Broker Configuration
2023-05-18T18:58:58.980479837Z # Flux needs to know the path to the IMP executable
2023-05-18T18:58:58.980513347Z [exec]
2023-05-18T18:58:58.980528502Z imp = "/usr/libexec/flux/flux-imp"
2023-05-18T18:58:58.980533265Z
2023-05-18T18:58:58.980537764Z [access]
2023-05-18T18:58:58.980547740Z allow-guest-user = true
2023-05-18T18:58:58.980552968Z allow-root-owner = true
2023-05-18T18:58:58.980559709Z
2023-05-18T18:58:58.980565941Z # Point to resource definition generated with flux-R(1).
2023-05-18T18:58:58.980571098Z [resource]
2023-05-18T18:58:58.980577150Z path = "/etc/flux/system/R"
2023-05-18T18:58:58.980581527Z
2023-05-18T18:58:58.980586029Z [bootstrap]
2023-05-18T18:58:58.980591250Z curve_cert = "/etc/curve/curve.cert"
2023-05-18T18:58:58.980596379Z default_port = 8050
2023-05-18T18:58:58.980603535Z default_bind = "tcp://eth0:%p"
2023-05-18T18:58:58.980610779Z default_connect = "tcp://%h.flux-service.flux-operator.svc.cluster.local:%p"
2023-05-18T18:58:58.980615987Z hosts = [
2023-05-18T18:58:58.980620419Z 	{ host="flux-sample-[0-3]"},
2023-05-18T18:58:58.980625088Z ]
2023-05-18T18:58:58.980629471Z
2023-05-18T18:58:58.980634734Z [archive]
2023-05-18T18:58:58.980640069Z dbpath = "/var/lib/flux/job-archive.sqlite"
2023-05-18T18:58:58.980646974Z period = "1m"
2023-05-18T18:58:59.125916719Z busytimeout = "50s"
2023-05-18T18:58:59.125960754Z ðŸ§Šï¸ State Directory:
2023-05-18T18:58:59.125967316Z total 0
2023-05-18T18:58:59.125972018Z
2023-05-18T18:58:59.131018307Z
2023-05-18T18:58:59.131099304Z ðŸ”’ï¸ Working directory permissions:
2023-05-18T18:58:59.131106879Z total 96
2023-05-18T18:58:59.131115473Z -rwxrwxrwx 1 flux root  2517 May 17 22:32 README.txt
2023-05-18T18:58:59.131154206Z -rwxrwxrwx 1 flux root 54692 May 17 22:32 data.hns-equil
2023-05-18T18:58:59.131163490Z -rwxrwxrwx 1 flux root 13576 May 17 22:32 ffield.reax.hns
2023-05-18T18:58:59.131169343Z -rwxrwxrwx 1 flux root   870 May 17 22:32 in.reaxc.hns
2023-05-18T18:58:59.131178220Z -rwxrwxrwx 1 flux root  4172 May 17 22:32 log.8Mar18.reaxc.hns.g++.1
2023-05-18T18:58:59.131184740Z -rwxrwxrwx 1 flux root  4168 May 17 22:32 log.8Mar18.reaxc.hns.g++.4
2023-05-18T18:58:59.131189638Z
2023-05-18T18:58:59.131193595Z
2023-05-18T18:58:59.131201462Z âœ¨ Curve certificate generated by helper pod
2023-05-18T18:58:59.133877057Z #   ****  Generated on 2023-04-26 22:54:42 by CZMQ  ****
2023-05-18T18:58:59.133947947Z #   ZeroMQ CURVE **Secret** Certificate
2023-05-18T18:58:59.133958869Z #   DO NOT PROVIDE THIS FILE TO OTHER USERS nor change its permissions.
2023-05-18T18:58:59.133964392Z
2023-05-18T18:58:59.133969620Z metadata
2023-05-18T18:58:59.133976126Z     name = "flux-cert-generator"
2023-05-18T18:58:59.133981757Z     keygen.hostname = "flux-sample-0"
2023-05-18T18:58:59.133986440Z curve
2023-05-18T18:58:59.133991485Z     public-key = "h4u>9(}Mp%za^EX:(*gETs1sM--!HWm29K*l+EeE"
2023-05-18T18:58:59.133999559Z     secret-key = "4#vjVl3q5lqPk^aUEOv1Dji(eC]bu4CgA:*33nfD"
2023-05-18T18:58:59.137301884Z
2023-05-18T18:58:59.137372357Z ðŸŒ€  flux start --wrap=strace,-e,network,-tt -o --config /etc/flux/config -Scron.directory=/etc/flux/system/cron.d   -Stbon.fanout=256   -Srundir=/run/flux    -Sstatedir=/var/lib/flux   -Slocal-uri=local:///run/flux/local -Stbon.connect_timeout=7s  -Stbon.zmqdebug=1  -Slog-stderr-level=6    -Slog-stderr-mode=local
2023-05-18T18:58:59.205461483Z 18:58:59.203615 socket(AF_NETLINK, SOCK_RAW, NETLINK_ROUTE) = 8
2023-05-18T18:58:59.205542846Z 18:58:59.203825 bind(8, {sa_family=AF_NETLINK, nl_pid=0, nl_groups=00000000}, 12) = 0
2023-05-18T18:58:59.205551094Z 18:58:59.203957 getsockname(8, {sa_family=AF_NETLINK, nl_pid=71, nl_groups=00000000}, [12]) = 0
2023-05-18T18:58:59.205558194Z 18:58:59.204063 sendto(8, {{len=20, type=RTM_GETADDR, flags=NLM_F_REQUEST|NLM_F_DUMP, seq=1684436339, pid=0}, {ifa_family=AF_UNSPEC, ...}}, 20, 0, {sa_family=AF_NETLINK, nl_pid=0, nl_groups=00000000}, 12) = 20
2023-05-18T18:58:59.205570424Z 18:58:59.204535 recvmsg(8, {msg_name={sa_family=AF_NETLINK, nl_pid=0, nl_groups=00000000}, msg_namelen=12, msg_iov=[{iov_base=[{{len=76, type=RTM_NEWADDR, flags=NLM_F_MULTI, seq=1684436339, pid=71}, {ifa_family=AF_INET, ifa_prefixlen=8, ifa_flags=IFA_F_PERMANENT, ifa_scope=RT_SCOPE_HOST, ifa_index=if_nametoindex("lo")}, [{{nla_len=8, nla_type=IFA_ADDRESS}, 127.0.0.1}, {{nla_len=8, nla_type=IFA_LOCAL}, 127.0.0.1}, {{nla_len=7, nla_type=IFA_LABEL}, "lo"}, {{nla_len=8, nla_type=IFA_FLAGS}, IFA_F_PERMANENT}, {{nla_len=20, nla_type=IFA_CACHEINFO}, {ifa_prefered=4294967295, ifa_valid=4294967295, cstamp=1688187, tstamp=1688187}}]}, {{len=88, type=RTM_NEWADDR, flags=NLM_F_MULTI, seq=1684436339, pid=71}, {ifa_family=AF_INET, ifa_prefixlen=24, ifa_flags=IFA_F_PERMANENT, ifa_scope=RT_SCOPE_UNIVERSE, ifa_index=if_nametoindex("eth0")}, [{{nla_len=8, nla_type=IFA_ADDRESS}, 10.24.3.146}, {{nla_len=8, nla_type=IFA_LOCAL}, 10.24.3.146}, {{nla_len=8, nla_type=IFA_BROADCAST}, 10.24.3.255}, {{nla_len=9, nla_type=IFA_LABEL}, "eth0"}, {{nla_len=8, nla_type=IFA_FLAGS}, IFA_F_PERMANENT}, {{nla_len=20, nla_type=IFA_CACHEINFO}, {ifa_prefered=4294967295, ifa_valid=4294967295, cstamp=1688191, tstamp=1688191}}]}], iov_len=4096}], msg_iovlen=1, msg_controllen=0, msg_flags=0}, 0) = 164
2023-05-18T18:58:59.205582442Z 18:58:59.205069 recvmsg(8, {msg_name={sa_family=AF_NETLINK, nl_pid=0, nl_groups=00000000}, msg_namelen=12, msg_iov=[{iov_base={{len=20, type=NLMSG_DONE, flags=NLM_F_MULTI, seq=1684436339, pid=71}, 0}, iov_len=4096}], msg_iovlen=1, msg_controllen=0, msg_flags=0}, 0) = 20
2023-05-18T18:58:59.206321237Z 18:58:59.205949 socket(AF_UNIX, SOCK_STREAM|SOCK_CLOEXEC|SOCK_NONBLOCK, 0) = 8
2023-05-18T18:58:59.206665644Z 18:58:59.206077 connect(8, {sa_family=AF_UNIX, sun_path="/var/run/nscd/socket"}, 110) = -1 ENOENT (No such file or directory)
2023-05-18T18:58:59.206685525Z 18:58:59.206325 socket(AF_UNIX, SOCK_STREAM|SOCK_CLOEXEC|SOCK_NONBLOCK, 0) = 8
2023-05-18T18:58:59.206697512Z 18:58:59.206421 connect(8, {sa_family=AF_UNIX, sun_path="/var/run/nscd/socket"}, 110) = -1 ENOENT (No such file or directory)
2023-05-18T18:58:59.209297686Z 18:58:59.208980 socket(AF_INET, SOCK_DGRAM|SOCK_CLOEXEC|SOCK_NONBLOCK, IPPROTO_IP) = 8
2023-05-18T18:58:59.209403047Z 18:58:59.209180 connect(8, {sa_family=AF_INET, sin_port=htons(53), sin_addr=inet_addr("169.254.169.254")}, 16) = 0
2023-05-18T18:58:59.210345410Z 18:58:59.209438 sendto(8, "\1G\1\0\0\1\0\0\0\0\0\0\rflux-sample-0\fflux-"..., 76, MSG_NOSIGNAL, NULL, 0) = 76
2023-05-18T18:58:59.215037387Z 18:58:59.214317 recvfrom(8, "\1G\201\200\0\1\0\1\0\0\0\0\rflux-sample-0\fflux-"..., 1024, 0, {sa_family=AF_INET, sin_port=htons(53), sin_addr=inet_addr("169.254.169.254")}, [28->16]) = 92
2023-05-18T18:58:59.226983194Z broker.info[3]: start: none->join 5.27932ms
2023-05-18T18:59:06.371333286Z broker.info[3]: parent-ready: join->init 7.14534s
2023-05-18T18:59:06.372546370Z 18:59:06.371576 socketpair(AF_UNIX, SOCK_STREAM|SOCK_CLOEXEC, 0, [22, 23]) = 0
2023-05-18T18:59:06.372830361Z 18:59:06.372184 socketpair(AF_UNIX, SOCK_STREAM, 0, [24, 25]) = 0
2023-05-18T18:59:06.373038352Z 18:59:06.372744 socketpair(AF_UNIX, SOCK_STREAM, 0, [26, 27]) = 0
2023-05-18T18:59:06.373919334Z 18:59:06.373064 socketpair(AF_UNIX, SOCK_STREAM, 0, [28, 29]) = 0
2023-05-18T18:59:06.408939894Z broker.info[3]: configuration updated
2023-05-18T18:59:06.595524837Z broker.info[3]: rc1.0: running /etc/flux/rc1.d/01-sched-fluxion
2023-05-18T18:59:06.623088344Z broker.info[3]: rc1.0: running /etc/flux/rc1.d/02-cron
2023-05-18T18:59:06.660640761Z broker.info[3]: rc1.0: /etc/flux/rc1 Exited (rc=0) 0.3s
2023-05-18T18:59:06.662469668Z broker.info[3]: rc1-success: init->quorum 0.290556s
2023-05-18T18:59:06.879935893Z broker.info[3]: quorum-full: quorum->run 0.21687s
2023-05-18T18:59:07.498654625Z 18:59:07.497804 socketpair(AF_UNIX, SOCK_STREAM|SOCK_CLOEXEC, 0, [22, 23]) = 0
2023-05-18T18:59:07.499063745Z 18:59:07.498308 socketpair(AF_UNIX, SOCK_STREAM, 0, [24, 25]) = 0
2023-05-18T18:59:07.499159884Z 18:59:07.498656 socketpair(AF_UNIX, SOCK_STREAM, 0, [26, 28]) = 0
2023-05-18T18:59:07.499173481Z 18:59:07.498868 socketpair(AF_UNIX, SOCK_STREAM, 0, [58, 59]) = 0
2023-05-18T18:59:20.967088877Z broker.info[3]: shutdown: run->cleanup 14.086s
2023-05-18T18:59:20.979520133Z broker.info[3]: cleanup-none: cleanup->shutdown 1.85375ms
2023-05-18T18:59:20.979836145Z broker.info[3]: children-none: shutdown->finalize 0.823252ms
2023-05-18T18:59:20.979849001Z 18:59:20.970853 socketpair(AF_UNIX, SOCK_STREAM|SOCK_CLOEXEC, 0, [22, 23]) = 0
2023-05-18T18:59:20.979855201Z 18:59:20.971098 socketpair(AF_UNIX, SOCK_STREAM, 0, [24, 25]) = 0
2023-05-18T18:59:20.979861382Z 18:59:20.971328 socketpair(AF_UNIX, SOCK_STREAM, 0, [26, 28]) = 0
2023-05-18T18:59:20.979878284Z 18:59:20.971513 socketpair(AF_UNIX, SOCK_STREAM, 0, [58, 59]) = 0
2023-05-18T18:59:21.002559468Z broker.info[3]: rc3.0: running /etc/flux/rc3.d/01-sched-fluxion
2023-05-18T18:59:21.222105672Z broker.info[3]: rc3.0: /etc/flux/rc3 Exited (rc=0) 0.2s
2023-05-18T18:59:21.224300232Z broker.info[3]: rc3-success: finalize->goodbye 0.252784s
2023-05-18T18:59:21.226905621Z broker.info[3]: goodbye: goodbye->exit 1.59608ms
2023-05-18T18:59:21.240375324Z 18:59:21.239626 +++ exited with 0 +++
2023-05-18T18:59:21.244091712Z Return value for follower worker is 0
2023-05-18T18:59:21.244790714Z The follower worker exited cleanly. Goodbye!
