2023-05-18T19:02:48.824661465Z
2023-05-18T19:02:48.824758916Z Flux username: flux
2023-05-18T19:02:48.824782345Z
2023-05-18T19:02:48.824788801Z Flux install root: /usr
2023-05-18T19:02:48.871782308Z flux user is already added.
2023-05-18T19:02:48.874920757Z flux user identifiers:
2023-05-18T19:02:48.874954170Z uid=1234(flux) gid=1234(flux) groups=1234(flux)
2023-05-18T19:02:48.875142293Z
2023-05-18T19:02:48.875156172Z As Flux prefix for flux commands: sudo -u flux -E PYTHONPATH=/opt/conda/lib/python3.10/site-packages -E PATH=/opt/conda/bin:/usr/local/sbin:/usr/local/bin:/usr/sbin:/usr/bin:/sbin:/bin -E LD_LIBRARY_PATH=/opt/conda/lib -E HOME=/home/flux
2023-05-18T19:02:48.883851740Z
2023-05-18T19:02:48.883890034Z ðŸ‘‹ Hello, I'm flux-sample-2
2023-05-18T19:02:48.884044896Z The main host is flux-sample-0
2023-05-18T19:02:48.884057523Z The working directory is /home/flux/examples/reaxff/HNS, contents include:
2023-05-18T19:02:48.885781305Z /home/flux/examples/reaxff/HNS:
2023-05-18T19:02:48.885933612Z README.txt	ffield.reax.hns  log.8Mar18.reaxc.hns.g++.1
2023-05-18T19:02:48.885946563Z data.hns-equil	in.reaxc.hns	 log.8Mar18.reaxc.hns.g++.4
2023-05-18T19:02:48.886050677Z End of file listing, if you see nothing above there are no files.
2023-05-18T19:02:48.888265122Z flux R encode --hosts=flux-sample-[0-3]
2023-05-18T19:02:48.904294684Z
2023-05-18T19:02:48.904340014Z ðŸ“¦ Resources
2023-05-18T19:02:48.906370629Z {"version": 1, "execution": {"R_lite": [{"rank": "0-3", "children": {"core": "0"}}], "starttime": 0.0, "expiration": 0.0, "nodelist": ["flux-sample-[0-3]"]}}
2023-05-18T19:02:48.906800897Z
2023-05-18T19:02:48.906823269Z ðŸ¸ Diagnostics: false
2023-05-18T19:02:48.907076952Z ðŸš©ï¸ Flux Option Flags defined
2023-05-18T19:02:48.911680643Z
2023-05-18T19:02:48.911707754Z ðŸ¦Š Independent Minister of Privilege
2023-05-18T19:02:48.913078624Z [exec]
2023-05-18T19:02:48.913097754Z allowed-users = [ "flux", "root" ]
2023-05-18T19:02:48.913104233Z allowed-shells = [ "/usr/libexec/flux/flux-shell" ]
2023-05-18T19:02:48.913290282Z
2023-05-18T19:02:48.913305598Z ðŸ¸ Broker Configuration
2023-05-18T19:02:48.914599490Z # Flux needs to know the path to the IMP executable
2023-05-18T19:02:48.914616224Z [exec]
2023-05-18T19:02:48.914622824Z imp = "/usr/libexec/flux/flux-imp"
2023-05-18T19:02:48.914627518Z
2023-05-18T19:02:48.914631930Z [access]
2023-05-18T19:02:48.914637864Z allow-guest-user = true
2023-05-18T19:02:48.914642633Z allow-root-owner = true
2023-05-18T19:02:48.914649427Z
2023-05-18T19:02:48.914656113Z # Point to resource definition generated with flux-R(1).
2023-05-18T19:02:48.914661754Z [resource]
2023-05-18T19:02:48.914667360Z path = "/etc/flux/system/R"
2023-05-18T19:02:48.914672045Z
2023-05-18T19:02:48.914676901Z [bootstrap]
2023-05-18T19:02:48.914681933Z curve_cert = "/etc/curve/curve.cert"
2023-05-18T19:02:48.914686800Z default_port = 8050
2023-05-18T19:02:48.914693868Z default_bind = "tcp://eth0:%p"
2023-05-18T19:02:48.914700708Z default_connect = "tcp://%h.flux-service.flux-operator.svc.cluster.local:%p"
2023-05-18T19:02:48.914705763Z hosts = [
2023-05-18T19:02:48.914710622Z 	{ host="flux-sample-[0-3]"},
2023-05-18T19:02:48.914715668Z ]
2023-05-18T19:02:48.914719995Z
2023-05-18T19:02:48.914724677Z [archive]
2023-05-18T19:02:48.914730359Z dbpath = "/var/lib/flux/job-archive.sqlite"
2023-05-18T19:02:48.914737663Z period = "1m"
2023-05-18T19:02:49.013706799Z busytimeout = "50s"
2023-05-18T19:02:49.013751114Z ðŸ§Šï¸ State Directory:
2023-05-18T19:02:49.013759090Z total 0
2023-05-18T19:02:49.013765386Z
2023-05-18T19:02:49.017892330Z
2023-05-18T19:02:49.017972762Z ðŸ”’ï¸ Working directory permissions:
2023-05-18T19:02:49.018026135Z total 96
2023-05-18T19:02:49.018038161Z -rwxrwxrwx 1 flux root  2517 May 17 22:32 README.txt
2023-05-18T19:02:49.018045727Z -rwxrwxrwx 1 flux root 54692 May 17 22:32 data.hns-equil
2023-05-18T19:02:49.018051952Z -rwxrwxrwx 1 flux root 13576 May 17 22:32 ffield.reax.hns
2023-05-18T19:02:49.018058443Z -rwxrwxrwx 1 flux root   870 May 17 22:32 in.reaxc.hns
2023-05-18T19:02:49.018066390Z -rwxrwxrwx 1 flux root  4172 May 17 22:32 log.8Mar18.reaxc.hns.g++.1
2023-05-18T19:02:49.018075695Z -rwxrwxrwx 1 flux root  4168 May 17 22:32 log.8Mar18.reaxc.hns.g++.4
2023-05-18T19:02:49.018110062Z
2023-05-18T19:02:49.018117805Z
2023-05-18T19:02:49.018124277Z âœ¨ Curve certificate generated by helper pod
2023-05-18T19:02:49.019612064Z #   ****  Generated on 2023-04-26 22:54:42 by CZMQ  ****
2023-05-18T19:02:49.019641338Z #   ZeroMQ CURVE **Secret** Certificate
2023-05-18T19:02:49.019649259Z #   DO NOT PROVIDE THIS FILE TO OTHER USERS nor change its permissions.
2023-05-18T19:02:49.019662476Z
2023-05-18T19:02:49.019670635Z metadata
2023-05-18T19:02:49.019679904Z     name = "flux-cert-generator"
2023-05-18T19:02:49.019685704Z     keygen.hostname = "flux-sample-0"
2023-05-18T19:02:49.019693618Z curve
2023-05-18T19:02:49.019712011Z     public-key = "(F/u[VdrUjz4c>{X(JXiMXX$gvtw{Bq1W@A:GG}a"
2023-05-18T19:02:49.019717585Z     secret-key = "aQ4sd]<+J?%kEyrN?F1Bdln^K2?ACCIhX#fDGbHs"
2023-05-18T19:02:49.021930454Z
2023-05-18T19:02:49.021966920Z ðŸŒ€  flux start --wrap=strace,-e,network,-tt -o --config /etc/flux/config -Scron.directory=/etc/flux/system/cron.d   -Stbon.fanout=256   -Srundir=/run/flux    -Sstatedir=/var/lib/flux   -Slocal-uri=local:///run/flux/local -Stbon.connect_timeout=7s  -Stbon.zmqdebug=1  -Slog-stderr-level=6    -Slog-stderr-mode=local
2023-05-18T19:02:49.060872943Z 19:02:49.060405 socket(AF_NETLINK, SOCK_RAW, NETLINK_ROUTE) = 8
2023-05-18T19:02:49.060938928Z 19:02:49.060527 bind(8, {sa_family=AF_NETLINK, nl_pid=0, nl_groups=00000000}, 12) = 0
2023-05-18T19:02:49.060949981Z 19:02:49.060634 getsockname(8, {sa_family=AF_NETLINK, nl_pid=70, nl_groups=00000000}, [12]) = 0
2023-05-18T19:02:49.061395134Z 19:02:49.060708 sendto(8, {{len=20, type=RTM_GETADDR, flags=NLM_F_REQUEST|NLM_F_DUMP, seq=1684436569, pid=0}, {ifa_family=AF_UNSPEC, ...}}, 20, 0, {sa_family=AF_NETLINK, nl_pid=0, nl_groups=00000000}, 12) = 20
2023-05-18T19:02:49.062057623Z 19:02:49.061478 recvmsg(8, {msg_name={sa_family=AF_NETLINK, nl_pid=0, nl_groups=00000000}, msg_namelen=12, msg_iov=[{iov_base=[{{len=76, type=RTM_NEWADDR, flags=NLM_F_MULTI, seq=1684436569, pid=70}, {ifa_family=AF_INET, ifa_prefixlen=8, ifa_flags=IFA_F_PERMANENT, ifa_scope=RT_SCOPE_HOST, ifa_index=if_nametoindex("lo")}, [{{nla_len=8, nla_type=IFA_ADDRESS}, 127.0.0.1}, {{nla_len=8, nla_type=IFA_LOCAL}, 127.0.0.1}, {{nla_len=7, nla_type=IFA_LABEL}, "lo"}, {{nla_len=8, nla_type=IFA_FLAGS}, IFA_F_PERMANENT}, {{nla_len=20, nla_type=IFA_CACHEINFO}, {ifa_prefered=4294967295, ifa_valid=4294967295, cstamp=1711457, tstamp=1711457}}]}, {{len=88, type=RTM_NEWADDR, flags=NLM_F_MULTI, seq=1684436569, pid=70}, {ifa_family=AF_INET, ifa_prefixlen=24, ifa_flags=IFA_F_PERMANENT, ifa_scope=RT_SCOPE_UNIVERSE, ifa_index=if_nametoindex("eth0")}, [{{nla_len=8, nla_type=IFA_ADDRESS}, 10.24.0.148}, {{nla_len=8, nla_type=IFA_LOCAL}, 10.24.0.148}, {{nla_len=8, nla_type=IFA_BROADCAST}, 10.24.0.255}, {{nla_len=9, nla_type=IFA_LABEL}, "eth0"}, {{nla_len=8, nla_type=IFA_FLAGS}, IFA_F_PERMANENT}, {{nla_len=20, nla_type=IFA_CACHEINFO}, {ifa_prefered=4294967295, ifa_valid=4294967295, cstamp=1711460, tstamp=1711460}}]}], iov_len=4096}], msg_iovlen=1, msg_controllen=0, msg_flags=0}, 0) = 164
2023-05-18T19:02:49.062513740Z 19:02:49.062157 recvmsg(8, {msg_name={sa_family=AF_NETLINK, nl_pid=0, nl_groups=00000000}, msg_namelen=12, msg_iov=[{iov_base={{len=20, type=NLMSG_DONE, flags=NLM_F_MULTI, seq=1684436569, pid=70}, 0}, iov_len=4096}], msg_iovlen=1, msg_controllen=0, msg_flags=0}, 0) = 20
2023-05-18T19:02:49.063223926Z 19:02:49.063073 socket(AF_UNIX, SOCK_STREAM|SOCK_CLOEXEC|SOCK_NONBLOCK, 0) = 8
2023-05-18T19:02:49.063642795Z 19:02:49.063312 connect(8, {sa_family=AF_UNIX, sun_path="/var/run/nscd/socket"}, 110) = -1 ENOENT (No such file or directory)
2023-05-18T19:02:49.064045584Z 19:02:49.063768 socket(AF_UNIX, SOCK_STREAM|SOCK_CLOEXEC|SOCK_NONBLOCK, 0) = 8
2023-05-18T19:02:49.064557505Z 19:02:49.064260 connect(8, {sa_family=AF_UNIX, sun_path="/var/run/nscd/socket"}, 110) = -1 ENOENT (No such file or directory)
2023-05-18T19:02:49.065971407Z 19:02:49.065701 socket(AF_INET, SOCK_DGRAM|SOCK_CLOEXEC|SOCK_NONBLOCK, IPPROTO_IP) = 8
2023-05-18T19:02:49.066362326Z 19:02:49.066057 connect(8, {sa_family=AF_INET, sin_port=htons(53), sin_addr=inet_addr("169.254.169.254")}, 16) = 0
2023-05-18T19:02:49.067102604Z 19:02:49.066486 sendto(8, "r\267\1\0\0\1\0\0\0\0\0\0\rflux-sample-0\fflux-"..., 76, MSG_NOSIGNAL, NULL, 0) = 76
2023-05-18T19:02:49.070466734Z 19:02:49.070119 recvfrom(8, "r\267\201\203\0\1\0\0\0\1\0\0\rflux-sample-0\fflux-"..., 1024, 0, {sa_family=AF_INET, sin_port=htons(53), sin_addr=inet_addr("169.254.169.254")}, [28->16]) = 172
2023-05-18T19:02:49.070978368Z 19:02:49.070636 socket(AF_INET, SOCK_DGRAM|SOCK_CLOEXEC|SOCK_NONBLOCK, IPPROTO_IP) = 8
2023-05-18T19:02:49.071347718Z 19:02:49.071060 connect(8, {sa_family=AF_INET, sin_port=htons(53), sin_addr=inet_addr("169.254.169.254")}, 16) = 0
2023-05-18T19:02:49.071874121Z 19:02:49.071464 sendto(8, "\f\340\1\0\0\1\0\0\0\0\0\0\rflux-sample-0\fflux-"..., 108, MSG_NOSIGNAL, NULL, 0) = 108
2023-05-18T19:02:49.076132922Z 19:02:49.075782 recvfrom(8, "\f\340\201\203\0\1\0\0\0\1\0\0\rflux-sample-0\fflux-"..., 1024, 0, {sa_family=AF_INET, sin_port=htons(53), sin_addr=inet_addr("169.254.169.254")}, [28->16]) = 204
2023-05-18T19:02:49.076613508Z 19:02:49.076285 socket(AF_INET, SOCK_DGRAM|SOCK_CLOEXEC|SOCK_NONBLOCK, IPPROTO_IP) = 8
2023-05-18T19:02:49.077008934Z 19:02:49.076702 connect(8, {sa_family=AF_INET, sin_port=htons(53), sin_addr=inet_addr("169.254.169.254")}, 16) = 0
2023-05-18T19:02:49.077512115Z 19:02:49.077126 sendto(8, "<\30\1\0\0\1\0\0\0\0\0\0\rflux-sample-0\fflux-"..., 94, MSG_NOSIGNAL, NULL, 0) = 94
2023-05-18T19:02:49.080982696Z 19:02:49.080520 recvfrom(8, "<\30\201\203\0\1\0\0\0\1\0\0\rflux-sample-0\fflux-"..., 1024, 0, {sa_family=AF_INET, sin_port=htons(53), sin_addr=inet_addr("169.254.169.254")}, [28->16]) = 190
2023-05-18T19:02:49.081473098Z 19:02:49.081156 socket(AF_INET, SOCK_DGRAM|SOCK_CLOEXEC|SOCK_NONBLOCK, IPPROTO_IP) = 8
2023-05-18T19:02:49.081945570Z 19:02:49.081572 connect(8, {sa_family=AF_INET, sin_port=htons(53), sin_addr=inet_addr("169.254.169.254")}, 16) = 0
2023-05-18T19:02:49.082432808Z 19:02:49.082057 sendto(8, "\371\0\1\0\0\1\0\0\0\0\0\0\rflux-sample-0\fflux-"..., 90, MSG_NOSIGNAL, NULL, 0) = 90
2023-05-18T19:02:49.085674336Z 19:02:49.085145 recvfrom(8, "\371\0\201\203\0\1\0\0\0\1\0\0\rflux-sample-0\fflux-"..., 1024, 0, {sa_family=AF_INET, sin_port=htons(53), sin_addr=inet_addr("169.254.169.254")}, [28->16]) = 186
2023-05-18T19:02:49.086111788Z 19:02:49.085807 socket(AF_INET, SOCK_DGRAM|SOCK_CLOEXEC|SOCK_NONBLOCK, IPPROTO_IP) = 8
2023-05-18T19:02:49.086464359Z 19:02:49.086189 connect(8, {sa_family=AF_INET, sin_port=htons(53), sin_addr=inet_addr("169.254.169.254")}, 16) = 0
2023-05-18T19:02:49.086977474Z 19:02:49.086579 sendto(8, "\200F\1\0\0\1\0\0\0\0\0\0\rflux-sample-0\fflux-"..., 111, MSG_NOSIGNAL, NULL, 0) = 111
2023-05-18T19:02:49.092035117Z 19:02:49.091613 recvfrom(8, "\200F\201\203\0\1\0\0\0\1\0\0\rflux-sample-0\fflux-"..., 1024, 0, {sa_family=AF_INET, sin_port=htons(53), sin_addr=inet_addr("169.254.169.254")}, [28->16]) = 205
2023-05-18T19:02:49.092270482Z 19:02:49.092093 socket(AF_INET, SOCK_DGRAM|SOCK_CLOEXEC|SOCK_NONBLOCK, IPPROTO_IP) = 8
2023-05-18T19:02:49.092506362Z 19:02:49.092271 connect(8, {sa_family=AF_INET, sin_port=htons(53), sin_addr=inet_addr("169.254.169.254")}, 16) = 0
2023-05-18T19:02:49.092818025Z 19:02:49.092497 sendto(8, "\33\343\1\0\0\1\0\0\0\0\0\0\rflux-sample-0\fflux-"..., 97, MSG_NOSIGNAL, NULL, 0) = 97
2023-05-18T19:02:49.097433694Z 19:02:49.097202 recvfrom(8, "\33\343\201\203\0\1\0\0\0\1\0\0\rflux-sample-0\fflux-"..., 1024, 0, {sa_family=AF_INET, sin_port=htons(53), sin_addr=inet_addr("169.254.169.254")}, [28->16]) = 186
2023-05-18T19:02:49.098187065Z 19:02:49.097600 socket(AF_INET, SOCK_DGRAM|SOCK_CLOEXEC|SOCK_NONBLOCK, IPPROTO_IP) = 8
2023-05-18T19:02:49.098223758Z 19:02:49.097696 connect(8, {sa_family=AF_INET, sin_port=htons(53), sin_addr=inet_addr("169.254.169.254")}, 16) = 0
2023-05-18T19:02:49.098235988Z 19:02:49.097803 sendto(8, "\300\r\1\0\0\1\0\0\0\0\0\0\rflux-sample-0\fflux-"..., 92, MSG_NOSIGNAL, NULL, 0) = 92
2023-05-18T19:02:49.102807659Z 19:02:49.102594 recvfrom(8, "\300\r\201\203\0\1\0\0\0\1\0\0\rflux-sample-0\fflux-"..., 1024, 0, {sa_family=AF_INET, sin_port=htons(53), sin_addr=inet_addr("169.254.169.254")}, [28->16]) = 181
2023-05-18T19:02:49.103428379Z broker.err[2]: Warning: unable to resolve upstream peer flux-sample-0.flux-service.flux-operator.svc.cluster.local: Name or service not known
2023-05-18T19:02:49.110108356Z broker.info[2]: start: none->join 1.7782ms
2023-05-18T19:02:49.865763251Z broker.info[2]: parent-ready: join->init 0.754902s
2023-05-18T19:02:49.866443493Z 19:02:49.865375 socketpair(AF_UNIX, SOCK_STREAM|SOCK_CLOEXEC, 0, [22, 23]) = 0
2023-05-18T19:02:49.866741597Z 19:02:49.865600 socketpair(AF_UNIX, SOCK_STREAM, 0, [24, 25]) = 0
2023-05-18T19:02:49.866963947Z 19:02:49.865837 socketpair(AF_UNIX, SOCK_STREAM, 0, [26, 27]) = 0
2023-05-18T19:02:49.867153040Z 19:02:49.866052 socketpair(AF_UNIX, SOCK_STREAM, 0, [28, 29]) = 0
2023-05-18T19:02:49.895291082Z broker.info[2]: configuration updated
2023-05-18T19:02:50.043488623Z broker.info[2]: rc1.0: running /etc/flux/rc1.d/01-sched-fluxion
2023-05-18T19:02:50.056743332Z broker.info[2]: rc1.0: running /etc/flux/rc1.d/02-cron
2023-05-18T19:02:50.090709726Z broker.info[2]: rc1.0: /etc/flux/rc1 Exited (rc=0) 0.2s
2023-05-18T19:02:50.092129550Z broker.info[2]: rc1-success: init->quorum 0.226553s
2023-05-18T19:02:50.470329675Z broker.info[2]: quorum-full: quorum->run 0.377788s
2023-05-18T19:03:05.623780077Z broker.info[2]: shutdown: run->cleanup 15.1461s
2023-05-18T19:03:05.623863509Z broker.info[2]: cleanup-none: cleanup->shutdown 0.772005ms
2023-05-18T19:03:05.623873059Z broker.info[2]: children-none: shutdown->finalize 0.61324ms
2023-05-18T19:03:05.623880360Z 19:03:05.618557 socketpair(AF_UNIX, SOCK_STREAM|SOCK_CLOEXEC, 0, [22, 23]) = 0
2023-05-18T19:03:05.623886554Z 19:03:05.618731 socketpair(AF_UNIX, SOCK_STREAM, 0, [24, 25]) = 0
2023-05-18T19:03:05.623892484Z 19:03:05.618906 socketpair(AF_UNIX, SOCK_STREAM, 0, [26, 28]) = 0
2023-05-18T19:03:05.623898244Z 19:03:05.619063 socketpair(AF_UNIX, SOCK_STREAM, 0, [58, 59]) = 0
2023-05-18T19:03:05.646012897Z broker.info[2]: rc3.0: running /etc/flux/rc3.d/01-sched-fluxion
2023-05-18T19:03:05.819264687Z broker.info[2]: rc3.0: /etc/flux/rc3 Exited (rc=0) 0.2s
2023-05-18T19:03:05.820074569Z broker.info[2]: rc3-success: finalize->goodbye 0.201287s
2023-05-18T19:03:05.821088964Z broker.info[2]: goodbye: goodbye->exit 0.906525ms
2023-05-18T19:03:05.828184596Z 19:03:05.827986 +++ exited with 0 +++
2023-05-18T19:03:05.830108264Z Return value for follower worker is 0
2023-05-18T19:03:05.830216400Z The follower worker exited cleanly. Goodbye!
