2023-05-18T20:00:46.187065438Z
2023-05-18T20:00:46.187140127Z Flux username: flux
2023-05-18T20:00:46.187148489Z
2023-05-18T20:00:46.187153895Z Flux install root: /usr
2023-05-18T20:00:46.233630774Z flux user is already added.
2023-05-18T20:00:46.236941247Z flux user identifiers:
2023-05-18T20:00:46.236978705Z uid=1234(flux) gid=1234(flux) groups=1234(flux)
2023-05-18T20:00:46.236985364Z
2023-05-18T20:00:46.236991278Z As Flux prefix for flux commands: sudo -u flux -E PYTHONPATH=/opt/conda/lib/python3.10/site-packages -E PATH=/opt/conda/bin:/usr/local/sbin:/usr/local/bin:/usr/sbin:/usr/bin:/sbin:/bin -E LD_LIBRARY_PATH=/opt/conda/lib -E HOME=/home/flux
2023-05-18T20:00:46.245972001Z
2023-05-18T20:00:46.246006333Z ðŸ‘‹ Hello, I'm flux-sample-1
2023-05-18T20:00:46.246013906Z The main host is flux-sample-0
2023-05-18T20:00:46.246256478Z The working directory is /home/flux/examples/reaxff/HNS, contents include:
2023-05-18T20:00:46.248138741Z /home/flux/examples/reaxff/HNS:
2023-05-18T20:00:46.248160872Z README.txt	ffield.reax.hns  log.8Mar18.reaxc.hns.g++.1
2023-05-18T20:00:46.248167122Z data.hns-equil	in.reaxc.hns	 log.8Mar18.reaxc.hns.g++.4
2023-05-18T20:00:46.248663580Z End of file listing, if you see nothing above there are no files.
2023-05-18T20:00:46.251069149Z flux R encode --hosts=flux-sample-[0-3]
2023-05-18T20:00:46.266003524Z
2023-05-18T20:00:46.266034868Z ðŸ“¦ Resources
2023-05-18T20:00:46.267651215Z {"version": 1, "execution": {"R_lite": [{"rank": "0-3", "children": {"core": "0"}}], "starttime": 0.0, "expiration": 0.0, "nodelist": ["flux-sample-[0-3]"]}}
2023-05-18T20:00:46.267954659Z
2023-05-18T20:00:46.267972173Z ðŸ¸ Diagnostics: false
2023-05-18T20:00:46.268225715Z ðŸš©ï¸ Flux Option Flags defined
2023-05-18T20:00:46.272804709Z
2023-05-18T20:00:46.272827254Z ðŸ¦Š Independent Minister of Privilege
2023-05-18T20:00:46.274056882Z [exec]
2023-05-18T20:00:46.274073581Z allowed-users = [ "flux", "root" ]
2023-05-18T20:00:46.274080121Z allowed-shells = [ "/usr/libexec/flux/flux-shell" ]
2023-05-18T20:00:46.274434896Z
2023-05-18T20:00:46.274453110Z ðŸ¸ Broker Configuration
2023-05-18T20:00:46.275716429Z # Flux needs to know the path to the IMP executable
2023-05-18T20:00:46.275732562Z [exec]
2023-05-18T20:00:46.275740774Z imp = "/usr/libexec/flux/flux-imp"
2023-05-18T20:00:46.275746294Z
2023-05-18T20:00:46.275750945Z [access]
2023-05-18T20:00:46.275755957Z allow-guest-user = true
2023-05-18T20:00:46.275759365Z allow-root-owner = true
2023-05-18T20:00:46.275762346Z
2023-05-18T20:00:46.275765477Z # Point to resource definition generated with flux-R(1).
2023-05-18T20:00:46.275768766Z [resource]
2023-05-18T20:00:46.275774418Z path = "/etc/flux/system/R"
2023-05-18T20:00:46.275778964Z
2023-05-18T20:00:46.275782487Z [bootstrap]
2023-05-18T20:00:46.275785866Z curve_cert = "/etc/curve/curve.cert"
2023-05-18T20:00:46.275790153Z default_port = 8050
2023-05-18T20:00:46.275794819Z default_bind = "tcp://eth0:%p"
2023-05-18T20:00:46.275800152Z default_connect = "tcp://%h.flux-service.flux-operator.svc.cluster.local:%p"
2023-05-18T20:00:46.275805134Z hosts = [
2023-05-18T20:00:46.275813323Z 	{ host="flux-sample-[0-3]"},
2023-05-18T20:00:46.275819817Z ]
2023-05-18T20:00:46.275824380Z
2023-05-18T20:00:46.275829246Z [archive]
2023-05-18T20:00:46.275834006Z dbpath = "/var/lib/flux/job-archive.sqlite"
2023-05-18T20:00:46.275838663Z period = "1m"
2023-05-18T20:00:46.365805830Z busytimeout = "50s"
2023-05-18T20:00:46.365833183Z ðŸ§Šï¸ State Directory:
2023-05-18T20:00:46.365841613Z total 0
2023-05-18T20:00:46.365847650Z
2023-05-18T20:00:46.369054395Z
2023-05-18T20:00:46.369081755Z ðŸ”’ï¸ Working directory permissions:
2023-05-18T20:00:46.369090493Z total 96
2023-05-18T20:00:46.369120962Z -rwxrwxrwx 1 flux root  2517 May 17 22:32 README.txt
2023-05-18T20:00:46.369128223Z -rwxrwxrwx 1 flux root 54692 May 17 22:32 data.hns-equil
2023-05-18T20:00:46.369133075Z -rwxrwxrwx 1 flux root 13576 May 17 22:32 ffield.reax.hns
2023-05-18T20:00:46.369294707Z -rwxrwxrwx 1 flux root   870 May 17 22:32 in.reaxc.hns
2023-05-18T20:00:46.369307202Z -rwxrwxrwx 1 flux root  4172 May 17 22:32 log.8Mar18.reaxc.hns.g++.1
2023-05-18T20:00:46.369314507Z -rwxrwxrwx 1 flux root  4168 May 17 22:32 log.8Mar18.reaxc.hns.g++.4
2023-05-18T20:00:46.369319638Z
2023-05-18T20:00:46.369324166Z
2023-05-18T20:00:46.369329835Z âœ¨ Curve certificate generated by helper pod
2023-05-18T20:00:46.371304081Z #   ****  Generated on 2023-04-26 22:54:42 by CZMQ  ****
2023-05-18T20:00:46.371324720Z #   ZeroMQ CURVE **Secret** Certificate
2023-05-18T20:00:46.371341898Z #   DO NOT PROVIDE THIS FILE TO OTHER USERS nor change its permissions.
2023-05-18T20:00:46.371347286Z
2023-05-18T20:00:46.371352473Z metadata
2023-05-18T20:00:46.371357674Z     name = "flux-cert-generator"
2023-05-18T20:00:46.371364629Z     keygen.hostname = "flux-sample-0"
2023-05-18T20:00:46.371370581Z curve
2023-05-18T20:00:46.371375614Z     public-key = "A!3Y3A*(9bKTk4lR0IRx8mgCN^Q}-o7E(/(K/k(t"
2023-05-18T20:00:46.371380534Z     secret-key = "JQnQ[f[SO[}Oif)mL4kHbn1Jp@-:2sZ*ohPY}dQ4"
2023-05-18T20:00:46.373891852Z
2023-05-18T20:00:46.373916277Z ðŸŒ€  flux start --wrap=strace,-e,network,-tt -o --config /etc/flux/config -Scron.directory=/etc/flux/system/cron.d   -Stbon.fanout=256   -Srundir=/run/flux    -Sstatedir=/var/lib/flux   -Slocal-uri=local:///run/flux/local -Stbon.connect_timeout=2s  -Stbon.zmqdebug=1  -Slog-stderr-level=6    -Slog-stderr-mode=local
2023-05-18T20:00:46.419624346Z 20:00:46.419225 socket(AF_NETLINK, SOCK_RAW, NETLINK_ROUTE) = 8
2023-05-18T20:00:46.420016130Z 20:00:46.419730 bind(8, {sa_family=AF_NETLINK, nl_pid=0, nl_groups=00000000}, 12) = 0
2023-05-18T20:00:46.420414097Z 20:00:46.420083 getsockname(8, {sa_family=AF_NETLINK, nl_pid=71, nl_groups=00000000}, [12]) = 0
2023-05-18T20:00:46.420973553Z 20:00:46.420500 sendto(8, {{len=20, type=RTM_GETADDR, flags=NLM_F_REQUEST|NLM_F_DUMP, seq=1684440046, pid=0}, {ifa_family=AF_UNSPEC, ...}}, 20, 0, {sa_family=AF_NETLINK, nl_pid=0, nl_groups=00000000}, 12) = 20
2023-05-18T20:00:46.421376781Z 20:00:46.420868 recvmsg(8, {msg_name={sa_family=AF_NETLINK, nl_pid=0, nl_groups=00000000}, msg_namelen=12, msg_iov=[{iov_base=[{{len=76, type=RTM_NEWADDR, flags=NLM_F_MULTI, seq=1684440046, pid=71}, {ifa_family=AF_INET, ifa_prefixlen=8, ifa_flags=IFA_F_PERMANENT, ifa_scope=RT_SCOPE_HOST, ifa_index=if_nametoindex("lo")}, [{{nla_len=8, nla_type=IFA_ADDRESS}, 127.0.0.1}, {{nla_len=8, nla_type=IFA_LOCAL}, 127.0.0.1}, {{nla_len=7, nla_type=IFA_LABEL}, "lo"}, {{nla_len=8, nla_type=IFA_FLAGS}, IFA_F_PERMANENT}, {{nla_len=20, nla_type=IFA_CACHEINFO}, {ifa_prefered=4294967295, ifa_valid=4294967295, cstamp=2059005, tstamp=2059005}}]}, {{len=88, type=RTM_NEWADDR, flags=NLM_F_MULTI, seq=1684440046, pid=71}, {ifa_family=AF_INET, ifa_prefixlen=24, ifa_flags=IFA_F_PERMANENT, ifa_scope=RT_SCOPE_UNIVERSE, ifa_index=if_nametoindex("eth0")}, [{{nla_len=8, nla_type=IFA_ADDRESS}, 10.24.2.251}, {{nla_len=8, nla_type=IFA_LOCAL}, 10.24.2.251}, {{nla_len=8, nla_type=IFA_BROADCAST}, 10.24.2.255}, {{nla_len=9, nla_type=IFA_LABEL}, "eth0"}, {{nla_len=8, nla_type=IFA_FLAGS}, IFA_F_PERMANENT}, {{nla_len=20, nla_type=IFA_CACHEINFO}, {ifa_prefered=4294967295, ifa_valid=4294967295, cstamp=2059008, tstamp=2059008}}]}], iov_len=4096}], msg_iovlen=1, msg_controllen=0, msg_flags=0}, 0) = 164
2023-05-18T20:00:46.421402720Z 20:00:46.421218 recvmsg(8, {msg_name={sa_family=AF_NETLINK, nl_pid=0, nl_groups=00000000}, msg_namelen=12, msg_iov=[{iov_base={{len=20, type=NLMSG_DONE, flags=NLM_F_MULTI, seq=1684440046, pid=71}, 0}, iov_len=4096}], msg_iovlen=1, msg_controllen=0, msg_flags=0}, 0) = 20
2023-05-18T20:00:46.421957901Z 20:00:46.421755 socket(AF_UNIX, SOCK_STREAM|SOCK_CLOEXEC|SOCK_NONBLOCK, 0) = 8
2023-05-18T20:00:46.422168870Z 20:00:46.421828 connect(8, {sa_family=AF_UNIX, sun_path="/var/run/nscd/socket"}, 110) = -1 ENOENT (No such file or directory)
2023-05-18T20:00:46.422186116Z 20:00:46.421948 socket(AF_UNIX, SOCK_STREAM|SOCK_CLOEXEC|SOCK_NONBLOCK, 0) = 8
2023-05-18T20:00:46.422198581Z 20:00:46.422010 connect(8, {sa_family=AF_UNIX, sun_path="/var/run/nscd/socket"}, 110) = -1 ENOENT (No such file or directory)
2023-05-18T20:00:46.423952786Z 20:00:46.423687 socket(AF_INET, SOCK_DGRAM|SOCK_CLOEXEC|SOCK_NONBLOCK, IPPROTO_IP) = 8
2023-05-18T20:00:46.424043925Z 20:00:46.423778 connect(8, {sa_family=AF_INET, sin_port=htons(53), sin_addr=inet_addr("169.254.169.254")}, 16) = 0
2023-05-18T20:00:46.424309849Z 20:00:46.423927 sendto(8, "_\262\1\0\0\1\0\0\0\0\0\0\rflux-sample-0\fflux-"..., 76, MSG_NOSIGNAL, NULL, 0) = 76
2023-05-18T20:00:46.428650224Z 20:00:46.427864 recvfrom(8, "_\262\201\203\0\1\0\0\0\1\0\0\rflux-sample-0\fflux-"..., 1024, 0, {sa_family=AF_INET, sin_port=htons(53), sin_addr=inet_addr("169.254.169.254")}, [28->16]) = 172
2023-05-18T20:00:46.428674802Z 20:00:46.428068 socket(AF_INET, SOCK_DGRAM|SOCK_CLOEXEC|SOCK_NONBLOCK, IPPROTO_IP) = 8
2023-05-18T20:00:46.428681873Z 20:00:46.428155 connect(8, {sa_family=AF_INET, sin_port=htons(53), sin_addr=inet_addr("169.254.169.254")}, 16) = 0
2023-05-18T20:00:46.428687376Z 20:00:46.428287 sendto(8, "\336\246\1\0\0\1\0\0\0\0\0\0\rflux-sample-0\fflux-"..., 108, MSG_NOSIGNAL, NULL, 0) = 108
2023-05-18T20:00:46.432317338Z 20:00:46.431826 recvfrom(8, "\336\246\201\203\0\1\0\0\0\1\0\0\rflux-sample-0\fflux-"..., 1024, 0, {sa_family=AF_INET, sin_port=htons(53), sin_addr=inet_addr("169.254.169.254")}, [28->16]) = 204
2023-05-18T20:00:46.432416643Z 20:00:46.432002 socket(AF_INET, SOCK_DGRAM|SOCK_CLOEXEC|SOCK_NONBLOCK, IPPROTO_IP) = 8
2023-05-18T20:00:46.432427505Z 20:00:46.432078 connect(8, {sa_family=AF_INET, sin_port=htons(53), sin_addr=inet_addr("169.254.169.254")}, 16) = 0
2023-05-18T20:00:46.432549453Z 20:00:46.432290 sendto(8, "\210\257\1\0\0\1\0\0\0\0\0\0\rflux-sample-0\fflux-"..., 94, MSG_NOSIGNAL, NULL, 0) = 94
2023-05-18T20:00:46.436188741Z 20:00:46.436008 recvfrom(8, "\210\257\201\203\0\1\0\0\0\1\0\0\rflux-sample-0\fflux-"..., 1024, 0, {sa_family=AF_INET, sin_port=htons(53), sin_addr=inet_addr("169.254.169.254")}, [28->16]) = 190
2023-05-18T20:00:46.436334985Z 20:00:46.436186 socket(AF_INET, SOCK_DGRAM|SOCK_CLOEXEC|SOCK_NONBLOCK, IPPROTO_IP) = 8
2023-05-18T20:00:46.436427897Z 20:00:46.436268 connect(8, {sa_family=AF_INET, sin_port=htons(53), sin_addr=inet_addr("169.254.169.254")}, 16) = 0
2023-05-18T20:00:46.436594125Z 20:00:46.436377 sendto(8, "`\215\1\0\0\1\0\0\0\0\0\0\rflux-sample-0\fflux-"..., 90, MSG_NOSIGNAL, NULL, 0) = 90
2023-05-18T20:00:46.440050391Z 20:00:46.439871 recvfrom(8, "`\215\201\203\0\1\0\0\0\1\0\0\rflux-sample-0\fflux-"..., 1024, 0, {sa_family=AF_INET, sin_port=htons(53), sin_addr=inet_addr("169.254.169.254")}, [28->16]) = 186
2023-05-18T20:00:46.440182167Z 20:00:46.440040 socket(AF_INET, SOCK_DGRAM|SOCK_CLOEXEC|SOCK_NONBLOCK, IPPROTO_IP) = 8
2023-05-18T20:00:46.440321275Z 20:00:46.440133 connect(8, {sa_family=AF_INET, sin_port=htons(53), sin_addr=inet_addr("169.254.169.254")}, 16) = 0
2023-05-18T20:00:46.440408097Z 20:00:46.440237 sendto(8, "\263\300\1\0\0\1\0\0\0\0\0\0\rflux-sample-0\fflux-"..., 111, MSG_NOSIGNAL, NULL, 0) = 111
2023-05-18T20:00:46.446502943Z 20:00:46.446166 recvfrom(8, "\263\300\201\203\0\1\0\0\0\1\0\0\rflux-sample-0\fflux-"..., 1024, 0, {sa_family=AF_INET, sin_port=htons(53), sin_addr=inet_addr("169.254.169.254")}, [28->16]) = 205
2023-05-18T20:00:46.446641370Z 20:00:46.446497 socket(AF_INET, SOCK_DGRAM|SOCK_CLOEXEC|SOCK_NONBLOCK, IPPROTO_IP) = 8
2023-05-18T20:00:46.446775867Z 20:00:46.446616 connect(8, {sa_family=AF_INET, sin_port=htons(53), sin_addr=inet_addr("169.254.169.254")}, 16) = 0
2023-05-18T20:00:46.446973862Z 20:00:46.446756 sendto(8, "\214J\1\0\0\1\0\0\0\0\0\0\rflux-sample-0\fflux-"..., 97, MSG_NOSIGNAL, NULL, 0) = 97
2023-05-18T20:00:46.451742160Z 20:00:46.451412 recvfrom(8, "\214J\201\203\0\1\0\0\0\1\0\0\rflux-sample-0\fflux-"..., 1024, 0, {sa_family=AF_INET, sin_port=htons(53), sin_addr=inet_addr("169.254.169.254")}, [28->16]) = 186
2023-05-18T20:00:46.451763726Z 20:00:46.451607 socket(AF_INET, SOCK_DGRAM|SOCK_CLOEXEC|SOCK_NONBLOCK, IPPROTO_IP) = 8
2023-05-18T20:00:46.451977398Z 20:00:46.451817 connect(8, {sa_family=AF_INET, sin_port=htons(53), sin_addr=inet_addr("169.254.169.254")}, 16) = 0
2023-05-18T20:00:46.452355567Z 20:00:46.452084 sendto(8, "\253\201\1\0\0\1\0\0\0\0\0\0\rflux-sample-0\fflux-"..., 92, MSG_NOSIGNAL, NULL, 0) = 92
2023-05-18T20:00:46.457800942Z 20:00:46.457591 recvfrom(8, "\253\201\201\203\0\1\0\0\0\1\0\0\rflux-sample-0\fflux-"..., 1024, 0, {sa_family=AF_INET, sin_port=htons(53), sin_addr=inet_addr("169.254.169.254")}, [28->16]) = 181
2023-05-18T20:00:46.458146127Z broker.err[1]: Warning: unable to resolve upstream peer flux-sample-0.flux-service.flux-operator.svc.cluster.local: Name or service not known
2023-05-18T20:00:46.463591152Z broker.info[1]: start: none->join 1.68704ms
2023-05-18T20:00:47.520696575Z broker.info[1]: parent-ready: join->init 1.05694s
2023-05-18T20:00:47.521006715Z 20:00:47.520690 socketpair(AF_UNIX, SOCK_STREAM|SOCK_CLOEXEC, 0, [22, 23]) = 0
2023-05-18T20:00:47.521173905Z 20:00:47.520944 socketpair(AF_UNIX, SOCK_STREAM, 0, [24, 25]) = 0
2023-05-18T20:00:47.521479707Z 20:00:47.521234 socketpair(AF_UNIX, SOCK_STREAM, 0, [26, 27]) = 0
2023-05-18T20:00:47.521725061Z 20:00:47.521507 socketpair(AF_UNIX, SOCK_STREAM, 0, [28, 29]) = 0
2023-05-18T20:00:47.547695952Z broker.info[1]: configuration updated
2023-05-18T20:00:47.672893211Z broker.info[1]: rc1.0: running /etc/flux/rc1.d/01-sched-fluxion
2023-05-18T20:00:47.685020670Z broker.info[1]: rc1.0: running /etc/flux/rc1.d/02-cron
2023-05-18T20:00:47.716699510Z broker.info[1]: rc1.0: /etc/flux/rc1 Exited (rc=0) 0.2s
2023-05-18T20:00:47.717421334Z broker.info[1]: rc1-success: init->quorum 0.196515s
2023-05-18T20:00:48.091178671Z broker.info[1]: quorum-full: quorum->run 0.373487s
2023-05-18T20:00:59.399742894Z broker.info[1]: shutdown: run->cleanup 11.3077s
2023-05-18T20:00:59.400855086Z broker.info[1]: cleanup-none: cleanup->shutdown 0.991234ms
2023-05-18T20:00:59.402063206Z broker.info[1]: children-none: shutdown->finalize 0.893427ms
2023-05-18T20:00:59.402504074Z 20:00:59.402089 socketpair(AF_UNIX, SOCK_STREAM|SOCK_CLOEXEC, 0, [22, 23]) = 0
2023-05-18T20:00:59.402766920Z 20:00:59.402479 socketpair(AF_UNIX, SOCK_STREAM, 0, [24, 25]) = 0
2023-05-18T20:00:59.403246700Z 20:00:59.402942 socketpair(AF_UNIX, SOCK_STREAM, 0, [26, 28]) = 0
2023-05-18T20:00:59.403574289Z 20:00:59.403332 socketpair(AF_UNIX, SOCK_STREAM, 0, [58, 59]) = 0
2023-05-18T20:00:59.422773211Z broker.info[1]: rc3.0: running /etc/flux/rc3.d/01-sched-fluxion
2023-05-18T20:00:59.560210939Z broker.info[1]: rc3.0: /etc/flux/rc3 Exited (rc=0) 0.2s
2023-05-18T20:00:59.561535698Z broker.info[1]: rc3-success: finalize->goodbye 0.159277s
2023-05-18T20:00:59.563037249Z broker.info[1]: goodbye: goodbye->exit 1.12585ms
2023-05-18T20:00:59.570539931Z 20:00:59.570335 +++ exited with 0 +++
2023-05-18T20:00:59.571757931Z Return value for follower worker is 0
2023-05-18T20:00:59.571785262Z The follower worker exited cleanly. Goodbye!
