2023-05-18T19:16:02.433019579Z
2023-05-18T19:16:02.433109390Z Flux username: flux
2023-05-18T19:16:02.433116418Z
2023-05-18T19:16:02.433164450Z Flux install root: /usr
2023-05-18T19:16:02.495355478Z flux user is already added.
2023-05-18T19:16:02.500184189Z flux user identifiers:
2023-05-18T19:16:02.500240963Z uid=1234(flux) gid=1234(flux) groups=1234(flux)
2023-05-18T19:16:02.500428232Z
2023-05-18T19:16:02.500445228Z As Flux prefix for flux commands: sudo -u flux -E PYTHONPATH=/opt/conda/lib/python3.10/site-packages -E PATH=/opt/conda/bin:/usr/local/sbin:/usr/local/bin:/usr/sbin:/usr/bin:/sbin:/bin -E LD_LIBRARY_PATH=/opt/conda/lib -E HOME=/home/flux
2023-05-18T19:16:02.510691175Z
2023-05-18T19:16:02.510769013Z 👋 Hello, I'm flux-sample-3
2023-05-18T19:16:02.510776969Z The main host is flux-sample-0
2023-05-18T19:16:02.510786437Z The working directory is /home/flux/examples/reaxff/HNS, contents include:
2023-05-18T19:16:02.513445485Z /home/flux/examples/reaxff/HNS:
2023-05-18T19:16:02.513512048Z README.txt	ffield.reax.hns  log.8Mar18.reaxc.hns.g++.1
2023-05-18T19:16:02.513533598Z data.hns-equil	in.reaxc.hns	 log.8Mar18.reaxc.hns.g++.4
2023-05-18T19:16:02.513974524Z End of file listing, if you see nothing above there are no files.
2023-05-18T19:16:02.517153607Z flux R encode --hosts=flux-sample-[0-3]
2023-05-18T19:16:02.541870380Z
2023-05-18T19:16:02.541926054Z 📦 Resources
2023-05-18T19:16:02.543671173Z {"version": 1, "execution": {"R_lite": [{"rank": "0-3", "children": {"core": "0"}}], "starttime": 0.0, "expiration": 0.0, "nodelist": ["flux-sample-[0-3]"]}}
2023-05-18T19:16:02.544289723Z
2023-05-18T19:16:02.544316701Z 🐸 Diagnostics: false
2023-05-18T19:16:02.544648160Z 🚩️ Flux Option Flags defined
2023-05-18T19:16:02.552491456Z
2023-05-18T19:16:02.552629881Z 🦊 Independent Minister of Privilege
2023-05-18T19:16:02.555810155Z [exec]
2023-05-18T19:16:02.555843338Z allowed-users = [ "flux", "root" ]
2023-05-18T19:16:02.555851240Z allowed-shells = [ "/usr/libexec/flux/flux-shell" ]
2023-05-18T19:16:02.557224288Z
2023-05-18T19:16:02.557245812Z 🐸 Broker Configuration
2023-05-18T19:16:02.560185363Z # Flux needs to know the path to the IMP executable
2023-05-18T19:16:02.560207105Z [exec]
2023-05-18T19:16:02.560213687Z imp = "/usr/libexec/flux/flux-imp"
2023-05-18T19:16:02.560219122Z
2023-05-18T19:16:02.560223817Z [access]
2023-05-18T19:16:02.560229737Z allow-guest-user = true
2023-05-18T19:16:02.560236399Z allow-root-owner = true
2023-05-18T19:16:02.560241299Z
2023-05-18T19:16:02.560248426Z # Point to resource definition generated with flux-R(1).
2023-05-18T19:16:02.560254934Z [resource]
2023-05-18T19:16:02.560260523Z path = "/etc/flux/system/R"
2023-05-18T19:16:02.560265293Z
2023-05-18T19:16:02.560269787Z [bootstrap]
2023-05-18T19:16:02.560274440Z curve_cert = "/etc/curve/curve.cert"
2023-05-18T19:16:02.560279835Z default_port = 8050
2023-05-18T19:16:02.560284468Z default_bind = "tcp://eth0:%p"
2023-05-18T19:16:02.560292133Z default_connect = "tcp://%h.flux-service.flux-operator.svc.cluster.local:%p"
2023-05-18T19:16:02.560299119Z hosts = [
2023-05-18T19:16:02.560304485Z 	{ host="flux-sample-[0-3]"},
2023-05-18T19:16:02.560310114Z ]
2023-05-18T19:16:02.560314886Z
2023-05-18T19:16:02.560320297Z [archive]
2023-05-18T19:16:02.560325864Z dbpath = "/var/lib/flux/job-archive.sqlite"
2023-05-18T19:16:02.560331133Z period = "1m"
2023-05-18T19:16:02.658549648Z busytimeout = "50s"
2023-05-18T19:16:02.658598808Z 🧊️ State Directory:
2023-05-18T19:16:02.658605432Z total 0
2023-05-18T19:16:02.658612559Z
2023-05-18T19:16:02.663536732Z
2023-05-18T19:16:02.663594995Z 🔒️ Working directory permissions:
2023-05-18T19:16:02.663601480Z total 96
2023-05-18T19:16:02.663607855Z -rwxrwxrwx 1 flux root  2517 May 17 22:32 README.txt
2023-05-18T19:16:02.663615258Z -rwxrwxrwx 1 flux root 54692 May 17 22:32 data.hns-equil
2023-05-18T19:16:02.663621756Z -rwxrwxrwx 1 flux root 13576 May 17 22:32 ffield.reax.hns
2023-05-18T19:16:02.663627543Z -rwxrwxrwx 1 flux root   870 May 17 22:32 in.reaxc.hns
2023-05-18T19:16:02.663633818Z -rwxrwxrwx 1 flux root  4172 May 17 22:32 log.8Mar18.reaxc.hns.g++.1
2023-05-18T19:16:02.663739359Z -rwxrwxrwx 1 flux root  4168 May 17 22:32 log.8Mar18.reaxc.hns.g++.4
2023-05-18T19:16:02.663798740Z
2023-05-18T19:16:02.663951936Z
2023-05-18T19:16:02.663967830Z ✨ Curve certificate generated by helper pod
2023-05-18T19:16:02.665899187Z #   ****  Generated on 2023-04-26 22:54:42 by CZMQ  ****
2023-05-18T19:16:02.665926023Z #   ZeroMQ CURVE **Secret** Certificate
2023-05-18T19:16:02.665932744Z #   DO NOT PROVIDE THIS FILE TO OTHER USERS nor change its permissions.
2023-05-18T19:16:02.665938244Z
2023-05-18T19:16:02.665943485Z metadata
2023-05-18T19:16:02.665952006Z     name = "flux-cert-generator"
2023-05-18T19:16:02.665957871Z     keygen.hostname = "flux-sample-0"
2023-05-18T19:16:02.665962749Z curve
2023-05-18T19:16:02.665968221Z     public-key = "o!AYi<<4*l>C5!E(YI7PMg0P>mc0=C-[sG0vAcYo"
2023-05-18T19:16:02.665973148Z     secret-key = "g#dhujEf18*>K{18jVow=1391G[ji@lW(Nnc/9t?"
2023-05-18T19:16:02.668569777Z
2023-05-18T19:16:02.668613290Z 🌀  flux start --wrap=strace,-e,network,-tt -o --config /etc/flux/config -Scron.directory=/etc/flux/system/cron.d   -Stbon.fanout=256   -Srundir=/run/flux    -Sstatedir=/var/lib/flux   -Slocal-uri=local:///run/flux/local -Stbon.connect_timeout=9s  -Stbon.zmqdebug=1  -Slog-stderr-level=6    -Slog-stderr-mode=local
2023-05-18T19:16:02.720520014Z 19:16:02.719764 socket(AF_NETLINK, SOCK_RAW, NETLINK_ROUTE) = 8
2023-05-18T19:16:02.720596491Z 19:16:02.720080 bind(8, {sa_family=AF_NETLINK, nl_pid=0, nl_groups=00000000}, 12) = 0
2023-05-18T19:16:02.720604407Z 19:16:02.720213 getsockname(8, {sa_family=AF_NETLINK, nl_pid=71, nl_groups=00000000}, [12]) = 0
2023-05-18T19:16:02.720764536Z 19:16:02.720313 sendto(8, {{len=20, type=RTM_GETADDR, flags=NLM_F_REQUEST|NLM_F_DUMP, seq=1684437362, pid=0}, {ifa_family=AF_UNSPEC, ...}}, 20, 0, {sa_family=AF_NETLINK, nl_pid=0, nl_groups=00000000}, 12) = 20
2023-05-18T19:16:02.721196539Z 19:16:02.720686 recvmsg(8, {msg_name={sa_family=AF_NETLINK, nl_pid=0, nl_groups=00000000}, msg_namelen=12, msg_iov=[{iov_base=[{{len=76, type=RTM_NEWADDR, flags=NLM_F_MULTI, seq=1684437362, pid=71}, {ifa_family=AF_INET, ifa_prefixlen=8, ifa_flags=IFA_F_PERMANENT, ifa_scope=RT_SCOPE_HOST, ifa_index=if_nametoindex("lo")}, [{{nla_len=8, nla_type=IFA_ADDRESS}, 127.0.0.1}, {{nla_len=8, nla_type=IFA_LOCAL}, 127.0.0.1}, {{nla_len=7, nla_type=IFA_LABEL}, "lo"}, {{nla_len=8, nla_type=IFA_FLAGS}, IFA_F_PERMANENT}, {{nla_len=20, nla_type=IFA_CACHEINFO}, {ifa_prefered=4294967295, ifa_valid=4294967295, cstamp=1790554, tstamp=1790554}}]}, {{len=88, type=RTM_NEWADDR, flags=NLM_F_MULTI, seq=1684437362, pid=71}, {ifa_family=AF_INET, ifa_prefixlen=24, ifa_flags=IFA_F_PERMANENT, ifa_scope=RT_SCOPE_UNIVERSE, ifa_index=if_nametoindex("eth0")}, [{{nla_len=8, nla_type=IFA_ADDRESS}, 10.24.3.182}, {{nla_len=8, nla_type=IFA_LOCAL}, 10.24.3.182}, {{nla_len=8, nla_type=IFA_BROADCAST}, 10.24.3.255}, {{nla_len=9, nla_type=IFA_LABEL}, "eth0"}, {{nla_len=8, nla_type=IFA_FLAGS}, IFA_F_PERMANENT}, {{nla_len=20, nla_type=IFA_CACHEINFO}, {ifa_prefered=4294967295, ifa_valid=4294967295, cstamp=1790559, tstamp=1790559}}]}], iov_len=4096}], msg_iovlen=1, msg_controllen=0, msg_flags=0}, 0) = 164
2023-05-18T19:16:02.721353628Z 19:16:02.721108 recvmsg(8, {msg_name={sa_family=AF_NETLINK, nl_pid=0, nl_groups=00000000}, msg_namelen=12, msg_iov=[{iov_base={{len=20, type=NLMSG_DONE, flags=NLM_F_MULTI, seq=1684437362, pid=71}, 0}, iov_len=4096}], msg_iovlen=1, msg_controllen=0, msg_flags=0}, 0) = 20
2023-05-18T19:16:02.721954754Z 19:16:02.721745 socket(AF_UNIX, SOCK_STREAM|SOCK_CLOEXEC|SOCK_NONBLOCK, 0) = 8
2023-05-18T19:16:02.722124974Z 19:16:02.721848 connect(8, {sa_family=AF_UNIX, sun_path="/var/run/nscd/socket"}, 110) = -1 ENOENT (No such file or directory)
2023-05-18T19:16:02.722158893Z 19:16:02.721992 socket(AF_UNIX, SOCK_STREAM|SOCK_CLOEXEC|SOCK_NONBLOCK, 0) = 8
2023-05-18T19:16:02.722249117Z 19:16:02.722055 connect(8, {sa_family=AF_UNIX, sun_path="/var/run/nscd/socket"}, 110) = -1 ENOENT (No such file or directory)
2023-05-18T19:16:02.724087866Z 19:16:02.723772 socket(AF_INET, SOCK_DGRAM|SOCK_CLOEXEC|SOCK_NONBLOCK, IPPROTO_IP) = 8
2023-05-18T19:16:02.724114940Z 19:16:02.723898 connect(8, {sa_family=AF_INET, sin_port=htons(53), sin_addr=inet_addr("169.254.169.254")}, 16) = 0
2023-05-18T19:16:02.724759447Z 19:16:02.724070 sendto(8, "\263\2\1\0\0\1\0\0\0\0\0\0\rflux-sample-0\fflux-"..., 76, MSG_NOSIGNAL, NULL, 0) = 76
2023-05-18T19:16:02.730166004Z 19:16:02.729256 recvfrom(8, "\263\2\201\200\0\1\0\1\0\0\0\0\rflux-sample-0\fflux-"..., 1024, 0, {sa_family=AF_INET, sin_port=htons(53), sin_addr=inet_addr("169.254.169.254")}, [28->16]) = 92
2023-05-18T19:16:02.736813769Z broker.info[3]: start: none->join 2.49219ms
2023-05-18T19:16:02.748491477Z broker.info[3]: parent-ready: join->init 11.4353ms
2023-05-18T19:16:02.748811002Z 19:16:02.748366 socketpair(AF_UNIX, SOCK_STREAM|SOCK_CLOEXEC, 0, [22, 23]) = 0
2023-05-18T19:16:02.749225175Z 19:16:02.748658 socketpair(AF_UNIX, SOCK_STREAM, 0, [24, 25]) = 0
2023-05-18T19:16:02.749386047Z 19:16:02.749024 socketpair(AF_UNIX, SOCK_STREAM, 0, [26, 27]) = 0
2023-05-18T19:16:02.749570053Z 19:16:02.749311 socketpair(AF_UNIX, SOCK_STREAM, 0, [28, 29]) = 0
2023-05-18T19:16:02.784085099Z broker.info[3]: configuration updated
2023-05-18T19:16:02.949622845Z broker.info[3]: rc1.0: running /etc/flux/rc1.d/01-sched-fluxion
2023-05-18T19:16:02.965369024Z broker.info[3]: rc1.0: running /etc/flux/rc1.d/02-cron
2023-05-18T19:16:03.000402408Z broker.info[3]: rc1.0: /etc/flux/rc1 Exited (rc=0) 0.2s
2023-05-18T19:16:03.001282444Z broker.info[3]: rc1-success: init->quorum 0.252584s
2023-05-18T19:16:11.128205181Z broker.info[3]: quorum-full: quorum->run 8.12643s
2023-05-18T19:16:11.721779718Z 19:16:11.720557 socketpair(AF_UNIX, SOCK_STREAM|SOCK_CLOEXEC, 0, [22, 23]) = 0
2023-05-18T19:16:11.722574820Z 19:16:11.720854 socketpair(AF_UNIX, SOCK_STREAM, 0, [24, 25]) = 0
2023-05-18T19:16:11.722645854Z 19:16:11.721204 socketpair(AF_UNIX, SOCK_STREAM, 0, [26, 28]) = 0
2023-05-18T19:16:11.722655421Z 19:16:11.721542 socketpair(AF_UNIX, SOCK_STREAM, 0, [58, 59]) = 0
2023-05-18T19:16:24.776782243Z broker.info[3]: shutdown: run->cleanup 13.6473s
2023-05-18T19:16:24.779495886Z broker.info[3]: cleanup-none: cleanup->shutdown 1.18734ms
2023-05-18T19:16:24.781665396Z broker.info[3]: children-none: shutdown->finalize 1.05988ms
2023-05-18T19:16:24.782879886Z 19:16:24.782334 socketpair(AF_UNIX, SOCK_STREAM|SOCK_CLOEXEC, 0, [22, 23]) = 0
2023-05-18T19:16:24.783542982Z 19:16:24.783234 socketpair(AF_UNIX, SOCK_STREAM, 0, [24, 25]) = 0
2023-05-18T19:16:24.784278072Z 19:16:24.783958 socketpair(AF_UNIX, SOCK_STREAM, 0, [26, 28]) = 0
2023-05-18T19:16:24.784805248Z 19:16:24.784451 socketpair(AF_UNIX, SOCK_STREAM, 0, [58, 59]) = 0
2023-05-18T19:16:24.809510017Z broker.info[3]: rc3.0: running /etc/flux/rc3.d/01-sched-fluxion
2023-05-18T19:16:25.035028264Z broker.info[3]: rc3.0: /etc/flux/rc3 Exited (rc=0) 0.2s
2023-05-18T19:16:25.035986940Z broker.info[3]: rc3-success: finalize->goodbye 0.253368s
2023-05-18T19:16:25.037807040Z broker.info[3]: goodbye: goodbye->exit 0.85779ms
2023-05-18T19:16:25.049068149Z 19:16:25.048671 +++ exited with 0 +++
2023-05-18T19:16:25.053574473Z Return value for follower worker is 0
2023-05-18T19:16:25.053966203Z The follower worker exited cleanly. Goodbye!
