2023-05-18T18:47:29.763187653Z
2023-05-18T18:47:29.763225263Z Flux username: flux
2023-05-18T18:47:29.763302568Z
2023-05-18T18:47:29.763312252Z Flux install root: /usr
2023-05-18T18:47:29.810028666Z flux user is already added.
2023-05-18T18:47:29.813012232Z flux user identifiers:
2023-05-18T18:47:29.813038227Z uid=1234(flux) gid=1234(flux) groups=1234(flux)
2023-05-18T18:47:29.813245780Z
2023-05-18T18:47:29.813273337Z As Flux prefix for flux commands: sudo -u flux -E PYTHONPATH=/opt/conda/lib/python3.10/site-packages -E PATH=/opt/conda/bin:/usr/local/sbin:/usr/local/bin:/usr/sbin:/usr/bin:/sbin:/bin -E LD_LIBRARY_PATH=/opt/conda/lib -E HOME=/home/flux
2023-05-18T18:47:29.822053657Z
2023-05-18T18:47:29.822084013Z ðŸ‘‹ Hello, I'm flux-sample-1
2023-05-18T18:47:29.822231983Z The main host is flux-sample-0
2023-05-18T18:47:29.822244581Z The working directory is /home/flux/examples/reaxff/HNS, contents include:
2023-05-18T18:47:29.824026432Z /home/flux/examples/reaxff/HNS:
2023-05-18T18:47:29.824198978Z README.txt	ffield.reax.hns  log.8Mar18.reaxc.hns.g++.1
2023-05-18T18:47:29.824213622Z data.hns-equil	in.reaxc.hns	 log.8Mar18.reaxc.hns.g++.4
2023-05-18T18:47:29.824367308Z End of file listing, if you see nothing above there are no files.
2023-05-18T18:47:29.826540208Z flux R encode --hosts=flux-sample-[0-3]
2023-05-18T18:47:29.841687091Z
2023-05-18T18:47:29.841722890Z ðŸ“¦ Resources
2023-05-18T18:47:29.843443404Z {"version": 1, "execution": {"R_lite": [{"rank": "0-3", "children": {"core": "0"}}], "starttime": 0.0, "expiration": 0.0, "nodelist": ["flux-sample-[0-3]"]}}
2023-05-18T18:47:29.843749874Z
2023-05-18T18:47:29.843767343Z ðŸ¸ Diagnostics: false
2023-05-18T18:47:29.844042157Z ðŸš©ï¸ Flux Option Flags defined
2023-05-18T18:47:29.848745197Z
2023-05-18T18:47:29.848769689Z ðŸ¦Š Independent Minister of Privilege
2023-05-18T18:47:29.850013587Z [exec]
2023-05-18T18:47:29.850030883Z allowed-users = [ "flux", "root" ]
2023-05-18T18:47:29.850036796Z allowed-shells = [ "/usr/libexec/flux/flux-shell" ]
2023-05-18T18:47:29.850295277Z
2023-05-18T18:47:29.850312603Z ðŸ¸ Broker Configuration
2023-05-18T18:47:29.851550931Z # Flux needs to know the path to the IMP executable
2023-05-18T18:47:29.851567363Z [exec]
2023-05-18T18:47:29.851575657Z imp = "/usr/libexec/flux/flux-imp"
2023-05-18T18:47:29.851581309Z
2023-05-18T18:47:29.851586478Z [access]
2023-05-18T18:47:29.851592103Z allow-guest-user = true
2023-05-18T18:47:29.851596805Z allow-root-owner = true
2023-05-18T18:47:29.851601227Z
2023-05-18T18:47:29.851605902Z # Point to resource definition generated with flux-R(1).
2023-05-18T18:47:29.851610809Z [resource]
2023-05-18T18:47:29.851618784Z path = "/etc/flux/system/R"
2023-05-18T18:47:29.851625397Z
2023-05-18T18:47:29.851635127Z [bootstrap]
2023-05-18T18:47:29.851640338Z curve_cert = "/etc/curve/curve.cert"
2023-05-18T18:47:29.851645260Z default_port = 8050
2023-05-18T18:47:29.851650144Z default_bind = "tcp://eth0:%p"
2023-05-18T18:47:29.851655868Z default_connect = "tcp://%h.flux-service.flux-operator.svc.cluster.local:%p"
2023-05-18T18:47:29.851660550Z hosts = [
2023-05-18T18:47:29.851667642Z 	{ host="flux-sample-[0-3]"},
2023-05-18T18:47:29.851673253Z ]
2023-05-18T18:47:29.851677840Z
2023-05-18T18:47:29.851682561Z [archive]
2023-05-18T18:47:29.851687325Z dbpath = "/var/lib/flux/job-archive.sqlite"
2023-05-18T18:47:29.851692006Z period = "1m"
2023-05-18T18:47:29.934635307Z busytimeout = "50s"
2023-05-18T18:47:29.934671368Z ðŸ§Šï¸ State Directory:
2023-05-18T18:47:29.934679314Z total 0
2023-05-18T18:47:29.934684694Z
2023-05-18T18:47:29.937727367Z
2023-05-18T18:47:29.937765586Z ðŸ”’ï¸ Working directory permissions:
2023-05-18T18:47:29.937772946Z total 96
2023-05-18T18:47:29.937781701Z -rwxrwxrwx 1 flux root  2517 May 17 22:32 README.txt
2023-05-18T18:47:29.937789049Z -rwxrwxrwx 1 flux root 54692 May 17 22:32 data.hns-equil
2023-05-18T18:47:29.937794388Z -rwxrwxrwx 1 flux root 13576 May 17 22:32 ffield.reax.hns
2023-05-18T18:47:29.937800175Z -rwxrwxrwx 1 flux root   870 May 17 22:32 in.reaxc.hns
2023-05-18T18:47:29.937811656Z -rwxrwxrwx 1 flux root  4172 May 17 22:32 log.8Mar18.reaxc.hns.g++.1
2023-05-18T18:47:29.937817290Z -rwxrwxrwx 1 flux root  4168 May 17 22:32 log.8Mar18.reaxc.hns.g++.4
2023-05-18T18:47:29.937822335Z
2023-05-18T18:47:29.937827140Z
2023-05-18T18:47:29.937927786Z âœ¨ Curve certificate generated by helper pod
2023-05-18T18:47:29.939693834Z #   ****  Generated on 2023-04-26 22:54:42 by CZMQ  ****
2023-05-18T18:47:29.939722107Z #   ZeroMQ CURVE **Secret** Certificate
2023-05-18T18:47:29.939731159Z #   DO NOT PROVIDE THIS FILE TO OTHER USERS nor change its permissions.
2023-05-18T18:47:29.939738642Z
2023-05-18T18:47:29.939744945Z metadata
2023-05-18T18:47:29.939751236Z     name = "flux-cert-generator"
2023-05-18T18:47:29.939756286Z     keygen.hostname = "flux-sample-0"
2023-05-18T18:47:29.939761382Z curve
2023-05-18T18:47:29.939766393Z     public-key = "IV^0-0jTm5G?z%)q1t>S.LV[rXyPd/E&2SW<IS(x"
2023-05-18T18:47:29.939771682Z     secret-key = "@L{sOF[t:7e^JJut3R]9^(W?2v7JoL*x!/@uw/ce"
2023-05-18T18:47:29.942413998Z
2023-05-18T18:47:29.942445128Z ðŸŒ€  flux start --wrap=strace,-e,network,-tt -o --config /etc/flux/config -Scron.directory=/etc/flux/system/cron.d   -Stbon.fanout=256   -Srundir=/run/flux    -Sstatedir=/var/lib/flux   -Slocal-uri=local:///run/flux/local -Stbon.connect_timeout=6s  -Stbon.zmqdebug=1  -Slog-stderr-level=6    -Slog-stderr-mode=local
2023-05-18T18:47:29.981193674Z 18:47:29.980795 socket(AF_NETLINK, SOCK_RAW, NETLINK_ROUTE) = 8
2023-05-18T18:47:29.981431406Z 18:47:29.981150 bind(8, {sa_family=AF_NETLINK, nl_pid=0, nl_groups=00000000}, 12) = 0
2023-05-18T18:47:29.981633342Z 18:47:29.981405 getsockname(8, {sa_family=AF_NETLINK, nl_pid=70, nl_groups=00000000}, [12]) = 0
2023-05-18T18:47:29.981957555Z 18:47:29.981586 sendto(8, {{len=20, type=RTM_GETADDR, flags=NLM_F_REQUEST|NLM_F_DUMP, seq=1684435649, pid=0}, {ifa_family=AF_UNSPEC, ...}}, 20, 0, {sa_family=AF_NETLINK, nl_pid=0, nl_groups=00000000}, 12) = 20
2023-05-18T18:47:29.982488860Z 18:47:29.982010 recvmsg(8, {msg_name={sa_family=AF_NETLINK, nl_pid=0, nl_groups=00000000}, msg_namelen=12, msg_iov=[{iov_base=[{{len=76, type=RTM_NEWADDR, flags=NLM_F_MULTI, seq=1684435649, pid=70}, {ifa_family=AF_INET, ifa_prefixlen=8, ifa_flags=IFA_F_PERMANENT, ifa_scope=RT_SCOPE_HOST, ifa_index=if_nametoindex("lo")}, [{{nla_len=8, nla_type=IFA_ADDRESS}, 127.0.0.1}, {{nla_len=8, nla_type=IFA_LOCAL}, 127.0.0.1}, {{nla_len=7, nla_type=IFA_LABEL}, "lo"}, {{nla_len=8, nla_type=IFA_FLAGS}, IFA_F_PERMANENT}, {{nla_len=20, nla_type=IFA_CACHEINFO}, {ifa_prefered=4294967295, ifa_valid=4294967295, cstamp=1619363, tstamp=1619363}}]}, {{len=88, type=RTM_NEWADDR, flags=NLM_F_MULTI, seq=1684435649, pid=70}, {ifa_family=AF_INET, ifa_prefixlen=24, ifa_flags=IFA_F_PERMANENT, ifa_scope=RT_SCOPE_UNIVERSE, ifa_index=if_nametoindex("eth0")}, [{{nla_len=8, nla_type=IFA_ADDRESS}, 10.24.2.112}, {{nla_len=8, nla_type=IFA_LOCAL}, 10.24.2.112}, {{nla_len=8, nla_type=IFA_BROADCAST}, 10.24.2.255}, {{nla_len=9, nla_type=IFA_LABEL}, "eth0"}, {{nla_len=8, nla_type=IFA_FLAGS}, IFA_F_PERMANENT}, {{nla_len=20, nla_type=IFA_CACHEINFO}, {ifa_prefered=4294967295, ifa_valid=4294967295, cstamp=1619365, tstamp=1619365}}]}], iov_len=4096}], msg_iovlen=1, msg_controllen=0, msg_flags=0}, 0) = 164
2023-05-18T18:47:29.982726326Z 18:47:29.982402 recvmsg(8, {msg_name={sa_family=AF_NETLINK, nl_pid=0, nl_groups=00000000}, msg_namelen=12, msg_iov=[{iov_base={{len=20, type=NLMSG_DONE, flags=NLM_F_MULTI, seq=1684435649, pid=70}, 0}, iov_len=4096}], msg_iovlen=1, msg_controllen=0, msg_flags=0}, 0) = 20
2023-05-18T18:47:29.983362072Z 18:47:29.983223 socket(AF_UNIX, SOCK_STREAM|SOCK_CLOEXEC|SOCK_NONBLOCK, 0) = 8
2023-05-18T18:47:29.983574252Z 18:47:29.983394 connect(8, {sa_family=AF_UNIX, sun_path="/var/run/nscd/socket"}, 110) = -1 ENOENT (No such file or directory)
2023-05-18T18:47:29.983740196Z 18:47:29.983627 socket(AF_UNIX, SOCK_STREAM|SOCK_CLOEXEC|SOCK_NONBLOCK, 0) = 8
2023-05-18T18:47:29.983887076Z 18:47:29.983775 connect(8, {sa_family=AF_UNIX, sun_path="/var/run/nscd/socket"}, 110) = -1 ENOENT (No such file or directory)
2023-05-18T18:47:29.985378341Z 18:47:29.985240 socket(AF_INET, SOCK_DGRAM|SOCK_CLOEXEC|SOCK_NONBLOCK, IPPROTO_IP) = 8
2023-05-18T18:47:29.985608130Z 18:47:29.985421 connect(8, {sa_family=AF_INET, sin_port=htons(53), sin_addr=inet_addr("169.254.169.254")}, 16) = 0
2023-05-18T18:47:29.985940353Z 18:47:29.985556 sendto(8, "\25 \1\0\0\1\0\0\0\0\0\0\rflux-sample-0\fflux-"..., 76, MSG_NOSIGNAL, NULL, 0) = 76
2023-05-18T18:47:29.989602588Z 18:47:29.989243 recvfrom(8, "\25 \201\200\0\1\0\1\0\0\0\0\rflux-sample-0\fflux-"..., 1024, 0, {sa_family=AF_INET, sin_port=htons(53), sin_addr=inet_addr("169.254.169.254")}, [28->16]) = 92
2023-05-18T18:47:29.997172142Z broker.info[1]: start: none->join 2.45405ms
2023-05-18T18:47:36.182343628Z broker.info[1]: parent-ready: join->init 6.18477s
2023-05-18T18:47:36.182805609Z 18:47:36.182479 socketpair(AF_UNIX, SOCK_STREAM|SOCK_CLOEXEC, 0, [22, 23]) = 0
2023-05-18T18:47:36.183244398Z 18:47:36.182939 socketpair(AF_UNIX, SOCK_STREAM, 0, [24, 25]) = 0
2023-05-18T18:47:36.183760481Z 18:47:36.183463 socketpair(AF_UNIX, SOCK_STREAM, 0, [26, 27]) = 0
2023-05-18T18:47:36.184162397Z 18:47:36.183957 socketpair(AF_UNIX, SOCK_STREAM, 0, [28, 29]) = 0
2023-05-18T18:47:36.210845594Z broker.info[1]: configuration updated
2023-05-18T18:47:36.347705712Z broker.info[1]: rc1.0: running /etc/flux/rc1.d/01-sched-fluxion
2023-05-18T18:47:36.361570698Z broker.info[1]: rc1.0: running /etc/flux/rc1.d/02-cron
2023-05-18T18:47:36.386979801Z broker.info[1]: rc1.0: /etc/flux/rc1 Exited (rc=0) 0.2s
2023-05-18T18:47:36.387809930Z broker.info[1]: rc1-success: init->quorum 0.205087s
2023-05-18T18:47:36.917153549Z broker.info[1]: quorum-full: quorum->run 0.529252s
2023-05-18T18:47:49.372732468Z broker.info[1]: shutdown: run->cleanup 12.4553s
2023-05-18T18:47:49.373893111Z broker.info[1]: cleanup-none: cleanup->shutdown 0.941516ms
2023-05-18T18:47:49.374846354Z broker.info[1]: children-none: shutdown->finalize 0.662675ms
2023-05-18T18:47:49.375021976Z 18:47:49.374648 socketpair(AF_UNIX, SOCK_STREAM|SOCK_CLOEXEC, 0, [22, 23]) = 0
2023-05-18T18:47:49.375041684Z 18:47:49.374837 socketpair(AF_UNIX, SOCK_STREAM, 0, [24, 25]) = 0
2023-05-18T18:47:49.375312269Z 18:47:49.375066 socketpair(AF_UNIX, SOCK_STREAM, 0, [26, 28]) = 0
2023-05-18T18:47:49.375533905Z 18:47:49.375305 socketpair(AF_UNIX, SOCK_STREAM, 0, [58, 59]) = 0
2023-05-18T18:47:49.393507337Z broker.info[1]: rc3.0: running /etc/flux/rc3.d/01-sched-fluxion
2023-05-18T18:47:49.524247728Z broker.info[1]: rc3.0: /etc/flux/rc3 Exited (rc=0) 0.1s
2023-05-18T18:47:49.524905790Z broker.info[1]: rc3-success: finalize->goodbye 0.150007s
2023-05-18T18:47:49.526048967Z broker.info[1]: goodbye: goodbye->exit 1.126ms
2023-05-18T18:47:49.533255505Z 18:47:49.533046 +++ exited with 0 +++
2023-05-18T18:47:49.534729221Z Return value for follower worker is 0
2023-05-18T18:47:49.534758754Z The follower worker exited cleanly. Goodbye!
