2023-05-18T20:09:01.606979461Z
2023-05-18T20:09:01.607033110Z Flux username: flux
2023-05-18T20:09:01.607040437Z
2023-05-18T20:09:01.607046010Z Flux install root: /usr
2023-05-18T20:09:01.654595900Z flux user is already added.
2023-05-18T20:09:01.657712046Z flux user identifiers:
2023-05-18T20:09:01.657744405Z uid=1234(flux) gid=1234(flux) groups=1234(flux)
2023-05-18T20:09:01.657869853Z
2023-05-18T20:09:01.657883200Z As Flux prefix for flux commands: sudo -u flux -E PYTHONPATH=/opt/conda/lib/python3.10/site-packages -E PATH=/opt/conda/bin:/usr/local/sbin:/usr/local/bin:/usr/sbin:/usr/bin:/sbin:/bin -E LD_LIBRARY_PATH=/opt/conda/lib -E HOME=/home/flux
2023-05-18T20:09:01.667046941Z
2023-05-18T20:09:01.667083803Z ðŸ‘‹ Hello, I'm flux-sample-2
2023-05-18T20:09:01.667090062Z The main host is flux-sample-0
2023-05-18T20:09:01.667144298Z The working directory is /home/flux/examples/reaxff/HNS, contents include:
2023-05-18T20:09:01.669395919Z /home/flux/examples/reaxff/HNS:
2023-05-18T20:09:01.669424528Z README.txt	ffield.reax.hns  log.8Mar18.reaxc.hns.g++.1
2023-05-18T20:09:01.669431072Z data.hns-equil	in.reaxc.hns	 log.8Mar18.reaxc.hns.g++.4
2023-05-18T20:09:01.669563465Z End of file listing, if you see nothing above there are no files.
2023-05-18T20:09:01.671871302Z flux R encode --hosts=flux-sample-[0-3]
2023-05-18T20:09:01.686794865Z
2023-05-18T20:09:01.686825824Z ðŸ“¦ Resources
2023-05-18T20:09:01.688642488Z {"version": 1, "execution": {"R_lite": [{"rank": "0-3", "children": {"core": "0"}}], "starttime": 0.0, "expiration": 0.0, "nodelist": ["flux-sample-[0-3]"]}}
2023-05-18T20:09:01.688947285Z
2023-05-18T20:09:01.688965438Z ðŸ¸ Diagnostics: false
2023-05-18T20:09:01.689220136Z ðŸš©ï¸ Flux Option Flags defined
2023-05-18T20:09:01.693865448Z
2023-05-18T20:09:01.693890499Z ðŸ¦Š Independent Minister of Privilege
2023-05-18T20:09:01.695182167Z [exec]
2023-05-18T20:09:01.695201565Z allowed-users = [ "flux", "root" ]
2023-05-18T20:09:01.695208418Z allowed-shells = [ "/usr/libexec/flux/flux-shell" ]
2023-05-18T20:09:01.695445883Z
2023-05-18T20:09:01.695461993Z ðŸ¸ Broker Configuration
2023-05-18T20:09:01.696749487Z # Flux needs to know the path to the IMP executable
2023-05-18T20:09:01.696767148Z [exec]
2023-05-18T20:09:01.696773241Z imp = "/usr/libexec/flux/flux-imp"
2023-05-18T20:09:01.696779916Z
2023-05-18T20:09:01.696786716Z [access]
2023-05-18T20:09:01.696792900Z allow-guest-user = true
2023-05-18T20:09:01.696797874Z allow-root-owner = true
2023-05-18T20:09:01.696802354Z
2023-05-18T20:09:01.696807068Z # Point to resource definition generated with flux-R(1).
2023-05-18T20:09:01.696812153Z [resource]
2023-05-18T20:09:01.696817959Z path = "/etc/flux/system/R"
2023-05-18T20:09:01.696824940Z
2023-05-18T20:09:01.696831223Z [bootstrap]
2023-05-18T20:09:01.696836491Z curve_cert = "/etc/curve/curve.cert"
2023-05-18T20:09:01.696841675Z default_port = 8050
2023-05-18T20:09:01.696846458Z default_bind = "tcp://eth0:%p"
2023-05-18T20:09:01.696851980Z default_connect = "tcp://%h.flux-service.flux-operator.svc.cluster.local:%p"
2023-05-18T20:09:01.696856793Z hosts = [
2023-05-18T20:09:01.696861369Z 	{ host="flux-sample-[0-3]"},
2023-05-18T20:09:01.696868258Z ]
2023-05-18T20:09:01.696873447Z
2023-05-18T20:09:01.696878466Z [archive]
2023-05-18T20:09:01.696883264Z dbpath = "/var/lib/flux/job-archive.sqlite"
2023-05-18T20:09:01.696888042Z period = "1m"
2023-05-18T20:09:01.804531456Z busytimeout = "50s"
2023-05-18T20:09:01.804561918Z ðŸ§Šï¸ State Directory:
2023-05-18T20:09:01.804568309Z total 0
2023-05-18T20:09:01.804571920Z
2023-05-18T20:09:01.807567124Z
2023-05-18T20:09:01.807604129Z ðŸ”’ï¸ Working directory permissions:
2023-05-18T20:09:01.807611174Z total 96
2023-05-18T20:09:01.807617560Z -rwxrwxrwx 1 flux root  2517 May 17 22:32 README.txt
2023-05-18T20:09:01.807622697Z -rwxrwxrwx 1 flux root 54692 May 17 22:32 data.hns-equil
2023-05-18T20:09:01.807627518Z -rwxrwxrwx 1 flux root 13576 May 17 22:32 ffield.reax.hns
2023-05-18T20:09:01.807634651Z -rwxrwxrwx 1 flux root   870 May 17 22:32 in.reaxc.hns
2023-05-18T20:09:01.807643540Z -rwxrwxrwx 1 flux root  4172 May 17 22:32 log.8Mar18.reaxc.hns.g++.1
2023-05-18T20:09:01.807649028Z -rwxrwxrwx 1 flux root  4168 May 17 22:32 log.8Mar18.reaxc.hns.g++.4
2023-05-18T20:09:01.807653878Z
2023-05-18T20:09:01.807658388Z
2023-05-18T20:09:01.807787508Z âœ¨ Curve certificate generated by helper pod
2023-05-18T20:09:01.809766976Z #   ****  Generated on 2023-04-26 22:54:42 by CZMQ  ****
2023-05-18T20:09:01.809792553Z #   ZeroMQ CURVE **Secret** Certificate
2023-05-18T20:09:01.809800820Z #   DO NOT PROVIDE THIS FILE TO OTHER USERS nor change its permissions.
2023-05-18T20:09:01.809822826Z
2023-05-18T20:09:01.809828866Z metadata
2023-05-18T20:09:01.809835362Z     name = "flux-cert-generator"
2023-05-18T20:09:01.809840743Z     keygen.hostname = "flux-sample-0"
2023-05-18T20:09:01.809845434Z curve
2023-05-18T20:09:01.809850411Z     public-key = "q[rAqGyC9j6Og=NGZa0/:4MF}W%*STE3FtI&4u8S"
2023-05-18T20:09:01.809855620Z     secret-key = "1JnyQ{Mkyw*#X}#H&XhUxL0$&)a6zvcZ1b&CPQG."
2023-05-18T20:09:01.812696186Z
2023-05-18T20:09:01.812724441Z ðŸŒ€  flux start --wrap=strace,-e,network,-tt -o --config /etc/flux/config -Scron.directory=/etc/flux/system/cron.d   -Stbon.fanout=256   -Srundir=/run/flux    -Sstatedir=/var/lib/flux   -Slocal-uri=local:///run/flux/local -Stbon.connect_timeout=4s  -Stbon.zmqdebug=1  -Slog-stderr-level=6    -Slog-stderr-mode=local
2023-05-18T20:09:01.856432606Z 20:09:01.856138 socket(AF_NETLINK, SOCK_RAW, NETLINK_ROUTE) = 8
2023-05-18T20:09:01.856761322Z 20:09:01.856506 bind(8, {sa_family=AF_NETLINK, nl_pid=0, nl_groups=00000000}, 12) = 0
2023-05-18T20:09:01.856937360Z 20:09:01.856718 getsockname(8, {sa_family=AF_NETLINK, nl_pid=70, nl_groups=00000000}, [12]) = 0
2023-05-18T20:09:01.857449690Z 20:09:01.856887 sendto(8, {{len=20, type=RTM_GETADDR, flags=NLM_F_REQUEST|NLM_F_DUMP, seq=1684440541, pid=0}, {ifa_family=AF_UNSPEC, ...}}, 20, 0, {sa_family=AF_NETLINK, nl_pid=0, nl_groups=00000000}, 12) = 20
2023-05-18T20:09:01.857902781Z 20:09:01.857313 recvmsg(8, {msg_name={sa_family=AF_NETLINK, nl_pid=0, nl_groups=00000000}, msg_namelen=12, msg_iov=[{iov_base=[{{len=76, type=RTM_NEWADDR, flags=NLM_F_MULTI, seq=1684440541, pid=70}, {ifa_family=AF_INET, ifa_prefixlen=8, ifa_flags=IFA_F_PERMANENT, ifa_scope=RT_SCOPE_HOST, ifa_index=if_nametoindex("lo")}, [{{nla_len=8, nla_type=IFA_ADDRESS}, 127.0.0.1}, {{nla_len=8, nla_type=IFA_LOCAL}, 127.0.0.1}, {{nla_len=7, nla_type=IFA_LABEL}, "lo"}, {{nla_len=8, nla_type=IFA_FLAGS}, IFA_F_PERMANENT}, {{nla_len=20, nla_type=IFA_CACHEINFO}, {ifa_prefered=4294967295, ifa_valid=4294967295, cstamp=2108549, tstamp=2108549}}]}, {{len=88, type=RTM_NEWADDR, flags=NLM_F_MULTI, seq=1684440541, pid=70}, {ifa_family=AF_INET, ifa_prefixlen=24, ifa_flags=IFA_F_PERMANENT, ifa_scope=RT_SCOPE_UNIVERSE, ifa_index=if_nametoindex("eth0")}, [{{nla_len=8, nla_type=IFA_ADDRESS}, 10.24.2.25}, {{nla_len=8, nla_type=IFA_LOCAL}, 10.24.2.25}, {{nla_len=8, nla_type=IFA_BROADCAST}, 10.24.2.255}, {{nla_len=9, nla_type=IFA_LABEL}, "eth0"}, {{nla_len=8, nla_type=IFA_FLAGS}, IFA_F_PERMANENT}, {{nla_len=20, nla_type=IFA_CACHEINFO}, {ifa_prefered=4294967295, ifa_valid=4294967295, cstamp=2108552, tstamp=2108552}}]}], iov_len=4096}], msg_iovlen=1, msg_controllen=0, msg_flags=0}, 0) = 164
2023-05-18T20:09:01.858067019Z 20:09:01.857795 recvmsg(8, {msg_name={sa_family=AF_NETLINK, nl_pid=0, nl_groups=00000000}, msg_namelen=12, msg_iov=[{iov_base={{len=20, type=NLMSG_DONE, flags=NLM_F_MULTI, seq=1684440541, pid=70}, 0}, iov_len=4096}], msg_iovlen=1, msg_controllen=0, msg_flags=0}, 0) = 20
2023-05-18T20:09:01.858739282Z 20:09:01.858546 socket(AF_UNIX, SOCK_STREAM|SOCK_CLOEXEC|SOCK_NONBLOCK, 0) = 8
2023-05-18T20:09:01.858826956Z 20:09:01.858647 connect(8, {sa_family=AF_UNIX, sun_path="/var/run/nscd/socket"}, 110) = -1 ENOENT (No such file or directory)
2023-05-18T20:09:01.859075896Z 20:09:01.858906 socket(AF_UNIX, SOCK_STREAM|SOCK_CLOEXEC|SOCK_NONBLOCK, 0) = 8
2023-05-18T20:09:01.859198809Z 20:09:01.858997 connect(8, {sa_family=AF_UNIX, sun_path="/var/run/nscd/socket"}, 110) = -1 ENOENT (No such file or directory)
2023-05-18T20:09:01.860726090Z 20:09:01.860456 socket(AF_INET, SOCK_DGRAM|SOCK_CLOEXEC|SOCK_NONBLOCK, IPPROTO_IP) = 8
2023-05-18T20:09:01.860754048Z 20:09:01.860565 connect(8, {sa_family=AF_INET, sin_port=htons(53), sin_addr=inet_addr("169.254.169.254")}, 16) = 0
2023-05-18T20:09:01.861219649Z 20:09:01.860736 sendto(8, "\n\255\1\0\0\1\0\0\0\0\0\0\rflux-sample-0\fflux-"..., 76, MSG_NOSIGNAL, NULL, 0) = 76
2023-05-18T20:09:01.864603913Z 20:09:01.864372 recvfrom(8, "\n\255\201\200\0\1\0\1\0\0\0\0\rflux-sample-0\fflux-"..., 1024, 0, {sa_family=AF_INET, sin_port=htons(53), sin_addr=inet_addr("169.254.169.254")}, [28->16]) = 92
2023-05-18T20:09:01.869178112Z broker.info[2]: start: none->join 1.68345ms
2023-05-18T20:09:01.880536084Z broker.info[2]: parent-ready: join->init 11.2473ms
2023-05-18T20:09:01.880848575Z 20:09:01.880510 socketpair(AF_UNIX, SOCK_STREAM|SOCK_CLOEXEC, 0, [22, 23]) = 0
2023-05-18T20:09:01.880861317Z 20:09:01.880666 socketpair(AF_UNIX, SOCK_STREAM, 0, [24, 25]) = 0
2023-05-18T20:09:01.881020558Z 20:09:01.880867 socketpair(AF_UNIX, SOCK_STREAM, 0, [26, 27]) = 0
2023-05-18T20:09:01.881231540Z 20:09:01.881064 socketpair(AF_UNIX, SOCK_STREAM, 0, [28, 29]) = 0
2023-05-18T20:09:01.905616185Z broker.info[2]: configuration updated
2023-05-18T20:09:02.036220228Z broker.info[2]: rc1.0: running /etc/flux/rc1.d/01-sched-fluxion
2023-05-18T20:09:02.049210545Z broker.info[2]: rc1.0: running /etc/flux/rc1.d/02-cron
2023-05-18T20:09:02.075578969Z broker.info[2]: rc1.0: /etc/flux/rc1 Exited (rc=0) 0.2s
2023-05-18T20:09:02.076543424Z broker.info[2]: rc1-success: init->quorum 0.195862s
2023-05-18T20:09:05.466320768Z broker.info[2]: quorum-full: quorum->run 3.38909s
2023-05-18T20:09:16.829560878Z broker.info[2]: shutdown: run->cleanup 11.3629s
2023-05-18T20:09:16.831608401Z broker.info[2]: cleanup-none: cleanup->shutdown 1.15445ms
2023-05-18T20:09:16.833486698Z broker.info[2]: children-none: shutdown->finalize 1.32671ms
2023-05-18T20:09:16.834259451Z 20:09:16.833948 socketpair(AF_UNIX, SOCK_STREAM|SOCK_CLOEXEC, 0, [22, 23]) = 0
2023-05-18T20:09:16.834504947Z 20:09:16.834269 socketpair(AF_UNIX, SOCK_STREAM, 0, [24, 25]) = 0
2023-05-18T20:09:16.835232844Z 20:09:16.834893 socketpair(AF_UNIX, SOCK_STREAM, 0, [26, 28]) = 0
2023-05-18T20:09:16.835431698Z 20:09:16.835220 socketpair(AF_UNIX, SOCK_STREAM, 0, [58, 59]) = 0
2023-05-18T20:09:16.855084421Z broker.info[2]: rc3.0: running /etc/flux/rc3.d/01-sched-fluxion
2023-05-18T20:09:16.985252409Z broker.info[2]: rc3.0: /etc/flux/rc3 Exited (rc=0) 0.1s
2023-05-18T20:09:16.985914150Z broker.info[2]: rc3-success: finalize->goodbye 0.151757s
2023-05-18T20:09:16.987197927Z broker.info[2]: goodbye: goodbye->exit 0.930138ms
2023-05-18T20:09:16.994668075Z 20:09:16.994454 +++ exited with 0 +++
2023-05-18T20:09:16.996219316Z Return value for follower worker is 0
2023-05-18T20:09:16.996249456Z The follower worker exited cleanly. Goodbye!
