2023-05-18T20:26:13.157370798Z
2023-05-18T20:26:13.157436590Z Flux username: flux
2023-05-18T20:26:13.157443463Z
2023-05-18T20:26:13.157451010Z Flux install root: /usr
2023-05-18T20:26:13.218684348Z flux user is already added.
2023-05-18T20:26:13.222925031Z flux user identifiers:
2023-05-18T20:26:13.222975948Z uid=1234(flux) gid=1234(flux) groups=1234(flux)
2023-05-18T20:26:13.222982422Z
2023-05-18T20:26:13.222991948Z As Flux prefix for flux commands: sudo -u flux -E PYTHONPATH=/opt/conda/lib/python3.10/site-packages -E PATH=/opt/conda/bin:/usr/local/sbin:/usr/local/bin:/usr/sbin:/usr/bin:/sbin:/bin -E LD_LIBRARY_PATH=/opt/conda/lib -E HOME=/home/flux
2023-05-18T20:26:13.235929853Z
2023-05-18T20:26:13.235992159Z 👋 Hello, I'm flux-sample-1
2023-05-18T20:26:13.236000289Z The main host is flux-sample-0
2023-05-18T20:26:13.236006413Z The working directory is /home/flux/examples/reaxff/HNS, contents include:
2023-05-18T20:26:13.238082582Z /home/flux/examples/reaxff/HNS:
2023-05-18T20:26:13.240333234Z README.txt	ffield.reax.hns  log.8Mar18.reaxc.hns.g++.1
2023-05-18T20:26:13.240358547Z data.hns-equil	in.reaxc.hns	 log.8Mar18.reaxc.hns.g++.4
2023-05-18T20:26:13.240366041Z End of file listing, if you see nothing above there are no files.
2023-05-18T20:26:13.240914014Z flux R encode --hosts=flux-sample-[0-3]
2023-05-18T20:26:13.264200533Z
2023-05-18T20:26:13.264249442Z 📦 Resources
2023-05-18T20:26:13.266226080Z {"version": 1, "execution": {"R_lite": [{"rank": "0-3", "children": {"core": "0"}}], "starttime": 0.0, "expiration": 0.0, "nodelist": ["flux-sample-[0-3]"]}}
2023-05-18T20:26:13.266678159Z
2023-05-18T20:26:13.266700626Z 🐸 Diagnostics: false
2023-05-18T20:26:13.266941850Z 🚩️ Flux Option Flags defined
2023-05-18T20:26:13.274658002Z
2023-05-18T20:26:13.274694225Z 🦊 Independent Minister of Privilege
2023-05-18T20:26:13.276929141Z [exec]
2023-05-18T20:26:13.276955750Z allowed-users = [ "flux", "root" ]
2023-05-18T20:26:13.276963034Z allowed-shells = [ "/usr/libexec/flux/flux-shell" ]
2023-05-18T20:26:13.277462189Z
2023-05-18T20:26:13.277493456Z 🐸 Broker Configuration
2023-05-18T20:26:13.279314547Z # Flux needs to know the path to the IMP executable
2023-05-18T20:26:13.279340136Z [exec]
2023-05-18T20:26:13.279364604Z imp = "/usr/libexec/flux/flux-imp"
2023-05-18T20:26:13.279371215Z
2023-05-18T20:26:13.279379015Z [access]
2023-05-18T20:26:13.279387435Z allow-guest-user = true
2023-05-18T20:26:13.279394581Z allow-root-owner = true
2023-05-18T20:26:13.279401741Z
2023-05-18T20:26:13.279408624Z # Point to resource definition generated with flux-R(1).
2023-05-18T20:26:13.279415670Z [resource]
2023-05-18T20:26:13.279423245Z path = "/etc/flux/system/R"
2023-05-18T20:26:13.279429538Z
2023-05-18T20:26:13.279437748Z [bootstrap]
2023-05-18T20:26:13.279445106Z curve_cert = "/etc/curve/curve.cert"
2023-05-18T20:26:13.279451895Z default_port = 8050
2023-05-18T20:26:13.279459012Z default_bind = "tcp://eth0:%p"
2023-05-18T20:26:13.279466442Z default_connect = "tcp://%h.flux-service.flux-operator.svc.cluster.local:%p"
2023-05-18T20:26:13.279473288Z hosts = [
2023-05-18T20:26:13.279479988Z 	{ host="flux-sample-[0-3]"},
2023-05-18T20:26:13.279486579Z ]
2023-05-18T20:26:13.279493974Z
2023-05-18T20:26:13.279502494Z [archive]
2023-05-18T20:26:13.279510134Z dbpath = "/var/lib/flux/job-archive.sqlite"
2023-05-18T20:26:13.279517217Z period = "1m"
2023-05-18T20:26:13.406394354Z busytimeout = "50s"
2023-05-18T20:26:13.406484489Z 🧊️ State Directory:
2023-05-18T20:26:13.406493796Z total 0
2023-05-18T20:26:13.406501537Z
2023-05-18T20:26:13.406556236Z
2023-05-18T20:26:13.406564848Z 🔒️ Working directory permissions:
2023-05-18T20:26:13.406570592Z total 96
2023-05-18T20:26:13.406576798Z -rwxrwxrwx 1 flux root  2517 May 17 22:32 README.txt
2023-05-18T20:26:13.406585192Z -rwxrwxrwx 1 flux root 54692 May 17 22:32 data.hns-equil
2023-05-18T20:26:13.406592926Z -rwxrwxrwx 1 flux root 13576 May 17 22:32 ffield.reax.hns
2023-05-18T20:26:13.406598720Z -rwxrwxrwx 1 flux root   870 May 17 22:32 in.reaxc.hns
2023-05-18T20:26:13.406604956Z -rwxrwxrwx 1 flux root  4172 May 17 22:32 log.8Mar18.reaxc.hns.g++.1
2023-05-18T20:26:13.406610534Z -rwxrwxrwx 1 flux root  4168 May 17 22:32 log.8Mar18.reaxc.hns.g++.4
2023-05-18T20:26:13.406642705Z
2023-05-18T20:26:13.406651214Z
2023-05-18T20:26:13.406658005Z ✨ Curve certificate generated by helper pod
2023-05-18T20:26:13.409626946Z #   ****  Generated on 2023-04-26 22:54:42 by CZMQ  ****
2023-05-18T20:26:13.409689342Z #   ZeroMQ CURVE **Secret** Certificate
2023-05-18T20:26:13.409697930Z #   DO NOT PROVIDE THIS FILE TO OTHER USERS nor change its permissions.
2023-05-18T20:26:13.409703903Z
2023-05-18T20:26:13.409712026Z metadata
2023-05-18T20:26:13.409719382Z     name = "flux-cert-generator"
2023-05-18T20:26:13.409748186Z     keygen.hostname = "flux-sample-0"
2023-05-18T20:26:13.409754173Z curve
2023-05-18T20:26:13.409760020Z     public-key = "@dCSUZlwEQqD2afRCKRmC8g<XbkG%r4zSbFlexH<"
2023-05-18T20:26:13.409768910Z     secret-key = "5Wkfy.82Z4!E[?WUY&=*m0m6}A?Qx>/dP@M])t$T"
2023-05-18T20:26:13.412232759Z
2023-05-18T20:26:13.412285924Z 🌀  flux start --wrap=strace,-e,network,-tt -o --config /etc/flux/config -Scron.directory=/etc/flux/system/cron.d   -Stbon.fanout=256   -Srundir=/run/flux    -Sstatedir=/var/lib/flux   -Slocal-uri=local:///run/flux/local -Stbon.connect_timeout=6s  -Stbon.zmqdebug=1  -Slog-stderr-level=6    -Slog-stderr-mode=local
2023-05-18T20:26:13.467243901Z 20:26:13.466708 socket(AF_NETLINK, SOCK_RAW, NETLINK_ROUTE) = 8
2023-05-18T20:26:13.467515118Z 20:26:13.466989 bind(8, {sa_family=AF_NETLINK, nl_pid=0, nl_groups=00000000}, 12) = 0
2023-05-18T20:26:13.467528354Z 20:26:13.467299 getsockname(8, {sa_family=AF_NETLINK, nl_pid=70, nl_groups=00000000}, [12]) = 0
2023-05-18T20:26:13.468225719Z 20:26:13.467496 sendto(8, {{len=20, type=RTM_GETADDR, flags=NLM_F_REQUEST|NLM_F_DUMP, seq=1684441573, pid=0}, {ifa_family=AF_UNSPEC, ...}}, 20, 0, {sa_family=AF_NETLINK, nl_pid=0, nl_groups=00000000}, 12) = 20
2023-05-18T20:26:13.469080087Z 20:26:13.468296 recvmsg(8, {msg_name={sa_family=AF_NETLINK, nl_pid=0, nl_groups=00000000}, msg_namelen=12, msg_iov=[{iov_base=[{{len=76, type=RTM_NEWADDR, flags=NLM_F_MULTI, seq=1684441573, pid=70}, {ifa_family=AF_INET, ifa_prefixlen=8, ifa_flags=IFA_F_PERMANENT, ifa_scope=RT_SCOPE_HOST, ifa_index=if_nametoindex("lo")}, [{{nla_len=8, nla_type=IFA_ADDRESS}, 127.0.0.1}, {{nla_len=8, nla_type=IFA_LOCAL}, 127.0.0.1}, {{nla_len=7, nla_type=IFA_LABEL}, "lo"}, {{nla_len=8, nla_type=IFA_FLAGS}, IFA_F_PERMANENT}, {{nla_len=20, nla_type=IFA_CACHEINFO}, {ifa_prefered=4294967295, ifa_valid=4294967295, cstamp=2211648, tstamp=2211648}}]}, {{len=88, type=RTM_NEWADDR, flags=NLM_F_MULTI, seq=1684441573, pid=70}, {ifa_family=AF_INET, ifa_prefixlen=24, ifa_flags=IFA_F_PERMANENT, ifa_scope=RT_SCOPE_UNIVERSE, ifa_index=if_nametoindex("eth0")}, [{{nla_len=8, nla_type=IFA_ADDRESS}, 10.24.3.87}, {{nla_len=8, nla_type=IFA_LOCAL}, 10.24.3.87}, {{nla_len=8, nla_type=IFA_BROADCAST}, 10.24.3.255}, {{nla_len=9, nla_type=IFA_LABEL}, "eth0"}, {{nla_len=8, nla_type=IFA_FLAGS}, IFA_F_PERMANENT}, {{nla_len=20, nla_type=IFA_CACHEINFO}, {ifa_prefered=4294967295, ifa_valid=4294967295, cstamp=2211651, tstamp=2211651}}]}], iov_len=4096}], msg_iovlen=1, msg_controllen=0, msg_flags=0}, 0) = 164
2023-05-18T20:26:13.469321780Z 20:26:13.469012 recvmsg(8, {msg_name={sa_family=AF_NETLINK, nl_pid=0, nl_groups=00000000}, msg_namelen=12, msg_iov=[{iov_base={{len=20, type=NLMSG_DONE, flags=NLM_F_MULTI, seq=1684441573, pid=70}, 0}, iov_len=4096}], msg_iovlen=1, msg_controllen=0, msg_flags=0}, 0) = 20
2023-05-18T20:26:13.470455929Z 20:26:13.470232 socket(AF_UNIX, SOCK_STREAM|SOCK_CLOEXEC|SOCK_NONBLOCK, 0) = 8
2023-05-18T20:26:13.470868680Z 20:26:13.470561 connect(8, {sa_family=AF_UNIX, sun_path="/var/run/nscd/socket"}, 110) = -1 ENOENT (No such file or directory)
2023-05-18T20:26:13.471064400Z 20:26:13.470896 socket(AF_UNIX, SOCK_STREAM|SOCK_CLOEXEC|SOCK_NONBLOCK, 0) = 8
2023-05-18T20:26:13.471295527Z 20:26:13.471048 connect(8, {sa_family=AF_UNIX, sun_path="/var/run/nscd/socket"}, 110) = -1 ENOENT (No such file or directory)
2023-05-18T20:26:13.472978728Z 20:26:13.472744 socket(AF_INET, SOCK_DGRAM|SOCK_CLOEXEC|SOCK_NONBLOCK, IPPROTO_IP) = 8
2023-05-18T20:26:13.473076987Z 20:26:13.472849 connect(8, {sa_family=AF_INET, sin_port=htons(53), sin_addr=inet_addr("169.254.169.254")}, 16) = 0
2023-05-18T20:26:13.473558081Z 20:26:13.473028 sendto(8, "?\230\1\0\0\1\0\0\0\0\0\0\rflux-sample-0\fflux-"..., 76, MSG_NOSIGNAL, NULL, 0) = 76
2023-05-18T20:26:13.477942257Z 20:26:13.477606 recvfrom(8, "?\230\201\203\0\1\0\0\0\1\0\0\rflux-sample-0\fflux-"..., 1024, 0, {sa_family=AF_INET, sin_port=htons(53), sin_addr=inet_addr("169.254.169.254")}, [28->16]) = 172
2023-05-18T20:26:13.478248059Z 20:26:13.478027 socket(AF_INET, SOCK_DGRAM|SOCK_CLOEXEC|SOCK_NONBLOCK, IPPROTO_IP) = 8
2023-05-18T20:26:13.478339764Z 20:26:13.478194 connect(8, {sa_family=AF_INET, sin_port=htons(53), sin_addr=inet_addr("169.254.169.254")}, 16) = 0
2023-05-18T20:26:13.478735122Z 20:26:13.478377 sendto(8, "-\345\1\0\0\1\0\0\0\0\0\0\rflux-sample-0\fflux-"..., 108, MSG_NOSIGNAL, NULL, 0) = 108
2023-05-18T20:26:13.482771438Z 20:26:13.482055 recvfrom(8, "-\345\201\203\0\1\0\0\0\1\0\0\rflux-sample-0\fflux-"..., 1024, 0, {sa_family=AF_INET, sin_port=htons(53), sin_addr=inet_addr("169.254.169.254")}, [28->16]) = 204
2023-05-18T20:26:13.482845679Z 20:26:13.482367 socket(AF_INET, SOCK_DGRAM|SOCK_CLOEXEC|SOCK_NONBLOCK, IPPROTO_IP) = 8
2023-05-18T20:26:13.482858308Z 20:26:13.482448 connect(8, {sa_family=AF_INET, sin_port=htons(53), sin_addr=inet_addr("169.254.169.254")}, 16) = 0
2023-05-18T20:26:13.482967323Z 20:26:13.482570 sendto(8, ".T\1\0\0\1\0\0\0\0\0\0\rflux-sample-0\fflux-"..., 94, MSG_NOSIGNAL, NULL, 0) = 94
2023-05-18T20:26:13.486226384Z 20:26:13.485869 recvfrom(8, ".T\201\203\0\1\0\0\0\1\0\0\rflux-sample-0\fflux-"..., 1024, 0, {sa_family=AF_INET, sin_port=htons(53), sin_addr=inet_addr("169.254.169.254")}, [28->16]) = 190
2023-05-18T20:26:13.486373330Z 20:26:13.486224 socket(AF_INET, SOCK_DGRAM|SOCK_CLOEXEC|SOCK_NONBLOCK, IPPROTO_IP) = 8
2023-05-18T20:26:13.486527863Z 20:26:13.486369 connect(8, {sa_family=AF_INET, sin_port=htons(53), sin_addr=inet_addr("169.254.169.254")}, 16) = 0
2023-05-18T20:26:13.486845608Z 20:26:13.486546 sendto(8, "\27n\1\0\0\1\0\0\0\0\0\0\rflux-sample-0\fflux-"..., 90, MSG_NOSIGNAL, NULL, 0) = 90
2023-05-18T20:26:13.490458998Z 20:26:13.490063 recvfrom(8, "\27n\201\203\0\1\0\0\0\1\0\0\rflux-sample-0\fflux-"..., 1024, 0, {sa_family=AF_INET, sin_port=htons(53), sin_addr=inet_addr("169.254.169.254")}, [28->16]) = 186
2023-05-18T20:26:13.490620107Z 20:26:13.490378 socket(AF_INET, SOCK_DGRAM|SOCK_CLOEXEC|SOCK_NONBLOCK, IPPROTO_IP) = 8
2023-05-18T20:26:13.490692447Z 20:26:13.490530 connect(8, {sa_family=AF_INET, sin_port=htons(53), sin_addr=inet_addr("169.254.169.254")}, 16) = 0
2023-05-18T20:26:13.491007366Z 20:26:13.490710 sendto(8, "Dd\1\0\0\1\0\0\0\0\0\0\rflux-sample-0\fflux-"..., 111, MSG_NOSIGNAL, NULL, 0) = 111
2023-05-18T20:26:13.496181919Z 20:26:13.495675 recvfrom(8, "Dd\201\203\0\1\0\0\0\1\0\0\rflux-sample-0\fflux-"..., 1024, 0, {sa_family=AF_INET, sin_port=htons(53), sin_addr=inet_addr("169.254.169.254")}, [28->16]) = 205
2023-05-18T20:26:13.496346051Z 20:26:13.496176 socket(AF_INET, SOCK_DGRAM|SOCK_CLOEXEC|SOCK_NONBLOCK, IPPROTO_IP) = 8
2023-05-18T20:26:13.496588176Z 20:26:13.496302 connect(8, {sa_family=AF_INET, sin_port=htons(53), sin_addr=inet_addr("169.254.169.254")}, 16) = 0
2023-05-18T20:26:13.496968912Z 20:26:13.496587 sendto(8, "\22\376\1\0\0\1\0\0\0\0\0\0\rflux-sample-0\fflux-"..., 97, MSG_NOSIGNAL, NULL, 0) = 97
2023-05-18T20:26:13.502454312Z 20:26:13.501760 recvfrom(8, "\22\376\201\203\0\1\0\0\0\1\0\0\rflux-sample-0\fflux-"..., 1024, 0, {sa_family=AF_INET, sin_port=htons(53), sin_addr=inet_addr("169.254.169.254")}, [28->16]) = 186
2023-05-18T20:26:13.502549523Z 20:26:13.502207 socket(AF_INET, SOCK_DGRAM|SOCK_CLOEXEC|SOCK_NONBLOCK, IPPROTO_IP) = 8
2023-05-18T20:26:13.502684348Z 20:26:13.502337 connect(8, {sa_family=AF_INET, sin_port=htons(53), sin_addr=inet_addr("169.254.169.254")}, 16) = 0
2023-05-18T20:26:13.502930022Z 20:26:13.502534 sendto(8, "\311d\1\0\0\1\0\0\0\0\0\0\rflux-sample-0\fflux-"..., 92, MSG_NOSIGNAL, NULL, 0) = 92
2023-05-18T20:26:13.508741181Z 20:26:13.508363 recvfrom(8, "\311d\201\203\0\1\0\0\0\1\0\0\rflux-sample-0\fflux-"..., 1024, 0, {sa_family=AF_INET, sin_port=htons(53), sin_addr=inet_addr("169.254.169.254")}, [28->16]) = 181
2023-05-18T20:26:13.508938755Z broker.err[1]: Warning: unable to resolve upstream peer flux-sample-0.flux-service.flux-operator.svc.cluster.local: Name or service not known
2023-05-18T20:26:13.515592589Z broker.info[1]: start: none->join 2.0468ms
2023-05-18T20:26:14.711982828Z broker.info[1]: parent-ready: join->init 1.19583s
2023-05-18T20:26:14.712622454Z 20:26:14.712070 socketpair(AF_UNIX, SOCK_STREAM|SOCK_CLOEXEC, 0, [22, 23]) = 0
2023-05-18T20:26:14.712821260Z 20:26:14.712548 socketpair(AF_UNIX, SOCK_STREAM, 0, [24, 25]) = 0
2023-05-18T20:26:14.713193847Z 20:26:14.712930 socketpair(AF_UNIX, SOCK_STREAM, 0, [26, 27]) = 0
2023-05-18T20:26:14.713596224Z 20:26:14.713338 socketpair(AF_UNIX, SOCK_STREAM, 0, [28, 29]) = 0
2023-05-18T20:26:14.746280042Z broker.info[1]: configuration updated
2023-05-18T20:26:14.924768104Z broker.info[1]: rc1.0: running /etc/flux/rc1.d/01-sched-fluxion
2023-05-18T20:26:14.947429342Z broker.info[1]: rc1.0: running /etc/flux/rc1.d/02-cron
2023-05-18T20:26:14.999333128Z broker.info[1]: rc1.0: /etc/flux/rc1 Exited (rc=0) 0.3s
2023-05-18T20:26:14.999434569Z broker.info[1]: rc1-success: init->quorum 0.285066s
2023-05-18T20:26:15.213880638Z broker.info[1]: quorum-full: quorum->run 0.216109s
2023-05-18T20:26:26.416924453Z broker.info[1]: shutdown: run->cleanup 11.2018s
2023-05-18T20:26:26.417793154Z broker.info[1]: cleanup-none: cleanup->shutdown 0.976877ms
2023-05-18T20:26:26.419650147Z broker.info[1]: children-none: shutdown->finalize 1.13964ms
2023-05-18T20:26:26.420394083Z 20:26:26.419697 socketpair(AF_UNIX, SOCK_STREAM|SOCK_CLOEXEC, 0, [22, 23]) = 0
2023-05-18T20:26:26.420658292Z 20:26:26.420005 socketpair(AF_UNIX, SOCK_STREAM, 0, [24, 25]) = 0
2023-05-18T20:26:26.420842857Z 20:26:26.420404 socketpair(AF_UNIX, SOCK_STREAM, 0, [26, 28]) = 0
2023-05-18T20:26:26.421081559Z 20:26:26.420790 socketpair(AF_UNIX, SOCK_STREAM, 0, [58, 59]) = 0
2023-05-18T20:26:26.445069591Z broker.info[1]: rc3.0: running /etc/flux/rc3.d/01-sched-fluxion
2023-05-18T20:26:26.630318553Z broker.info[1]: rc3.0: /etc/flux/rc3 Exited (rc=0) 0.2s
2023-05-18T20:26:26.632931528Z broker.info[1]: rc3-success: finalize->goodbye 0.212865s
2023-05-18T20:26:26.635279463Z broker.info[1]: goodbye: goodbye->exit 1.12273ms
2023-05-18T20:26:26.644983481Z 20:26:26.644653 +++ exited with 0 +++
2023-05-18T20:26:26.646796408Z Return value for follower worker is 0
2023-05-18T20:26:26.646841471Z The follower worker exited cleanly. Goodbye!
