2023-05-18T19:19:58.520561676Z
2023-05-18T19:19:58.520616742Z Flux username: flux
2023-05-18T19:19:58.520624892Z
2023-05-18T19:19:58.520631572Z Flux install root: /usr
2023-05-18T19:19:58.568224990Z flux user is already added.
2023-05-18T19:19:58.571523056Z flux user identifiers:
2023-05-18T19:19:58.571578987Z uid=1234(flux) gid=1234(flux) groups=1234(flux)
2023-05-18T19:19:58.571585539Z
2023-05-18T19:19:58.571701265Z As Flux prefix for flux commands: sudo -u flux -E PYTHONPATH=/opt/conda/lib/python3.10/site-packages -E PATH=/opt/conda/bin:/usr/local/sbin:/usr/local/bin:/usr/sbin:/usr/bin:/sbin:/bin -E LD_LIBRARY_PATH=/opt/conda/lib -E HOME=/home/flux
2023-05-18T19:19:58.580585405Z
2023-05-18T19:19:58.580621910Z 👋 Hello, I'm flux-sample-2
2023-05-18T19:19:58.580772926Z The main host is flux-sample-0
2023-05-18T19:19:58.580787156Z The working directory is /home/flux/examples/reaxff/HNS, contents include:
2023-05-18T19:19:58.583836953Z /home/flux/examples/reaxff/HNS:
2023-05-18T19:19:58.583978451Z README.txt	ffield.reax.hns  log.8Mar18.reaxc.hns.g++.1
2023-05-18T19:19:58.583991938Z data.hns-equil	in.reaxc.hns	 log.8Mar18.reaxc.hns.g++.4
2023-05-18T19:19:58.584074372Z End of file listing, if you see nothing above there are no files.
2023-05-18T19:19:58.585986603Z flux R encode --hosts=flux-sample-[0-3]
2023-05-18T19:19:58.601275361Z
2023-05-18T19:19:58.601313765Z 📦 Resources
2023-05-18T19:19:58.602916922Z {"version": 1, "execution": {"R_lite": [{"rank": "0-3", "children": {"core": "0"}}], "starttime": 0.0, "expiration": 0.0, "nodelist": ["flux-sample-[0-3]"]}}
2023-05-18T19:19:58.603129293Z
2023-05-18T19:19:58.603148013Z 🐸 Diagnostics: false
2023-05-18T19:19:58.603304654Z 🚩️ Flux Option Flags defined
2023-05-18T19:19:58.607474685Z
2023-05-18T19:19:58.607501393Z 🦊 Independent Minister of Privilege
2023-05-18T19:19:58.608774609Z [exec]
2023-05-18T19:19:58.608793194Z allowed-users = [ "flux", "root" ]
2023-05-18T19:19:58.608800234Z allowed-shells = [ "/usr/libexec/flux/flux-shell" ]
2023-05-18T19:19:58.608986414Z
2023-05-18T19:19:58.608999622Z 🐸 Broker Configuration
2023-05-18T19:19:58.610216260Z # Flux needs to know the path to the IMP executable
2023-05-18T19:19:58.610232871Z [exec]
2023-05-18T19:19:58.610240150Z imp = "/usr/libexec/flux/flux-imp"
2023-05-18T19:19:58.610244993Z
2023-05-18T19:19:58.610249503Z [access]
2023-05-18T19:19:58.610255403Z allow-guest-user = true
2023-05-18T19:19:58.610260455Z allow-root-owner = true
2023-05-18T19:19:58.610265358Z
2023-05-18T19:19:58.610270963Z # Point to resource definition generated with flux-R(1).
2023-05-18T19:19:58.610278013Z [resource]
2023-05-18T19:19:58.610285458Z path = "/etc/flux/system/R"
2023-05-18T19:19:58.610290317Z
2023-05-18T19:19:58.610295963Z [bootstrap]
2023-05-18T19:19:58.610301102Z curve_cert = "/etc/curve/curve.cert"
2023-05-18T19:19:58.610305722Z default_port = 8050
2023-05-18T19:19:58.610310405Z default_bind = "tcp://eth0:%p"
2023-05-18T19:19:58.610315999Z default_connect = "tcp://%h.flux-service.flux-operator.svc.cluster.local:%p"
2023-05-18T19:19:58.610322781Z hosts = [
2023-05-18T19:19:58.610328999Z 	{ host="flux-sample-[0-3]"},
2023-05-18T19:19:58.610333969Z ]
2023-05-18T19:19:58.610338264Z
2023-05-18T19:19:58.610342841Z [archive]
2023-05-18T19:19:58.610347678Z dbpath = "/var/lib/flux/job-archive.sqlite"
2023-05-18T19:19:58.610352489Z period = "1m"
2023-05-18T19:19:58.691863462Z busytimeout = "50s"
2023-05-18T19:19:58.691897670Z 🧊️ State Directory:
2023-05-18T19:19:58.691904808Z total 0
2023-05-18T19:19:58.691909626Z
2023-05-18T19:19:58.696939137Z
2023-05-18T19:19:58.696977641Z 🔒️ Working directory permissions:
2023-05-18T19:19:58.696988062Z total 96
2023-05-18T19:19:58.696995925Z -rwxrwxrwx 1 flux root  2517 May 17 22:32 README.txt
2023-05-18T19:19:58.697002845Z -rwxrwxrwx 1 flux root 54692 May 17 22:32 data.hns-equil
2023-05-18T19:19:58.697009837Z -rwxrwxrwx 1 flux root 13576 May 17 22:32 ffield.reax.hns
2023-05-18T19:19:58.697016440Z -rwxrwxrwx 1 flux root   870 May 17 22:32 in.reaxc.hns
2023-05-18T19:19:58.697117020Z -rwxrwxrwx 1 flux root  4172 May 17 22:32 log.8Mar18.reaxc.hns.g++.1
2023-05-18T19:19:58.697130555Z -rwxrwxrwx 1 flux root  4168 May 17 22:32 log.8Mar18.reaxc.hns.g++.4
2023-05-18T19:19:58.697137732Z
2023-05-18T19:19:58.697144394Z
2023-05-18T19:19:58.697152117Z ✨ Curve certificate generated by helper pod
2023-05-18T19:19:58.698686142Z #   ****  Generated on 2023-04-26 22:54:42 by CZMQ  ****
2023-05-18T19:19:58.698710195Z #   ZeroMQ CURVE **Secret** Certificate
2023-05-18T19:19:58.698719334Z #   DO NOT PROVIDE THIS FILE TO OTHER USERS nor change its permissions.
2023-05-18T19:19:58.698727086Z
2023-05-18T19:19:58.698734120Z metadata
2023-05-18T19:19:58.698741801Z     name = "flux-cert-generator"
2023-05-18T19:19:58.698748544Z     keygen.hostname = "flux-sample-0"
2023-05-18T19:19:58.698756504Z curve
2023-05-18T19:19:58.698763540Z     public-key = "kpx)16u27hS3W{}K*g{{Uux#RD8oNXB-fI&LLfYK"
2023-05-18T19:19:58.698770752Z     secret-key = "^LqVmINz![lcU<dNK.Mt8(F3Fy=VU:Jk(rOtVPBR"
2023-05-18T19:19:58.700915023Z
2023-05-18T19:19:58.700944685Z 🌀  flux start --wrap=strace,-e,network,-tt -o --config /etc/flux/config -Scron.directory=/etc/flux/system/cron.d   -Stbon.fanout=256   -Srundir=/run/flux    -Sstatedir=/var/lib/flux   -Slocal-uri=local:///run/flux/local -Stbon.connect_timeout=9s  -Stbon.zmqdebug=1  -Slog-stderr-level=6    -Slog-stderr-mode=local
2023-05-18T19:19:58.748997676Z 19:19:58.748491 socket(AF_NETLINK, SOCK_RAW, NETLINK_ROUTE) = 8
2023-05-18T19:19:58.749033347Z 19:19:58.748800 bind(8, {sa_family=AF_NETLINK, nl_pid=0, nl_groups=00000000}, 12) = 0
2023-05-18T19:19:58.749199900Z 19:19:58.748916 getsockname(8, {sa_family=AF_NETLINK, nl_pid=71, nl_groups=00000000}, [12]) = 0
2023-05-18T19:19:58.749449306Z 19:19:58.748996 sendto(8, {{len=20, type=RTM_GETADDR, flags=NLM_F_REQUEST|NLM_F_DUMP, seq=1684437598, pid=0}, {ifa_family=AF_UNSPEC, ...}}, 20, 0, {sa_family=AF_NETLINK, nl_pid=0, nl_groups=00000000}, 12) = 20
2023-05-18T19:19:58.749942838Z 19:19:58.749384 recvmsg(8, {msg_name={sa_family=AF_NETLINK, nl_pid=0, nl_groups=00000000}, msg_namelen=12, msg_iov=[{iov_base=[{{len=76, type=RTM_NEWADDR, flags=NLM_F_MULTI, seq=1684437598, pid=71}, {ifa_family=AF_INET, ifa_prefixlen=8, ifa_flags=IFA_F_PERMANENT, ifa_scope=RT_SCOPE_HOST, ifa_index=if_nametoindex("lo")}, [{{nla_len=8, nla_type=IFA_ADDRESS}, 127.0.0.1}, {{nla_len=8, nla_type=IFA_LOCAL}, 127.0.0.1}, {{nla_len=7, nla_type=IFA_LABEL}, "lo"}, {{nla_len=8, nla_type=IFA_FLAGS}, IFA_F_PERMANENT}, {{nla_len=20, nla_type=IFA_CACHEINFO}, {ifa_prefered=4294967295, ifa_valid=4294967295, cstamp=1814406, tstamp=1814406}}]}, {{len=88, type=RTM_NEWADDR, flags=NLM_F_MULTI, seq=1684437598, pid=71}, {ifa_family=AF_INET, ifa_prefixlen=24, ifa_flags=IFA_F_PERMANENT, ifa_scope=RT_SCOPE_UNIVERSE, ifa_index=if_nametoindex("eth0")}, [{{nla_len=8, nla_type=IFA_ADDRESS}, 10.24.0.184}, {{nla_len=8, nla_type=IFA_LOCAL}, 10.24.0.184}, {{nla_len=8, nla_type=IFA_BROADCAST}, 10.24.0.255}, {{nla_len=9, nla_type=IFA_LABEL}, "eth0"}, {{nla_len=8, nla_type=IFA_FLAGS}, IFA_F_PERMANENT}, {{nla_len=20, nla_type=IFA_CACHEINFO}, {ifa_prefered=4294967295, ifa_valid=4294967295, cstamp=1814411, tstamp=1814411}}]}], iov_len=4096}], msg_iovlen=1, msg_controllen=0, msg_flags=0}, 0) = 164
2023-05-18T19:19:58.750106749Z 19:19:58.749793 recvmsg(8, {msg_name={sa_family=AF_NETLINK, nl_pid=0, nl_groups=00000000}, msg_namelen=12, msg_iov=[{iov_base={{len=20, type=NLMSG_DONE, flags=NLM_F_MULTI, seq=1684437598, pid=71}, 0}, iov_len=4096}], msg_iovlen=1, msg_controllen=0, msg_flags=0}, 0) = 20
2023-05-18T19:19:58.750901298Z 19:19:58.750630 socket(AF_UNIX, SOCK_STREAM|SOCK_CLOEXEC|SOCK_NONBLOCK, 0) = 8
2023-05-18T19:19:58.751024549Z 19:19:58.750798 connect(8, {sa_family=AF_UNIX, sun_path="/var/run/nscd/socket"}, 110) = -1 ENOENT (No such file or directory)
2023-05-18T19:19:58.751130748Z 19:19:58.750992 socket(AF_UNIX, SOCK_STREAM|SOCK_CLOEXEC|SOCK_NONBLOCK, 0) = 8
2023-05-18T19:19:58.751241271Z 19:19:58.751088 connect(8, {sa_family=AF_UNIX, sun_path="/var/run/nscd/socket"}, 110) = -1 ENOENT (No such file or directory)
2023-05-18T19:19:58.753265636Z 19:19:58.753091 socket(AF_INET, SOCK_DGRAM|SOCK_CLOEXEC|SOCK_NONBLOCK, IPPROTO_IP) = 8
2023-05-18T19:19:58.753437438Z 19:19:58.753209 connect(8, {sa_family=AF_INET, sin_port=htons(53), sin_addr=inet_addr("169.254.169.254")}, 16) = 0
2023-05-18T19:19:58.754027704Z 19:19:58.753518 sendto(8, "\4d\1\0\0\1\0\0\0\0\0\0\rflux-sample-0\fflux-"..., 76, MSG_NOSIGNAL, NULL, 0) = 76
2023-05-18T19:19:58.757526576Z 19:19:58.757152 recvfrom(8, "\4d\201\200\0\1\0\1\0\0\0\0\rflux-sample-0\fflux-"..., 1024, 0, {sa_family=AF_INET, sin_port=htons(53), sin_addr=inet_addr("169.254.169.254")}, [28->16]) = 92
2023-05-18T19:19:58.765389779Z broker.info[2]: start: none->join 2.68386ms
2023-05-18T19:20:07.976184813Z broker.info[2]: parent-ready: join->init 9.21002s
2023-05-18T19:20:07.976668951Z 19:20:07.976178 socketpair(AF_UNIX, SOCK_STREAM|SOCK_CLOEXEC, 0, [22, 23]) = 0
2023-05-18T19:20:07.976728861Z 19:20:07.976449 socketpair(AF_UNIX, SOCK_STREAM, 0, [24, 25]) = 0
2023-05-18T19:20:07.977056954Z 19:20:07.976791 socketpair(AF_UNIX, SOCK_STREAM, 0, [26, 27]) = 0
2023-05-18T19:20:07.977397366Z 19:20:07.977187 socketpair(AF_UNIX, SOCK_STREAM, 0, [28, 29]) = 0
2023-05-18T19:20:08.028196555Z broker.info[2]: configuration updated
2023-05-18T19:20:08.154421691Z broker.info[2]: rc1.0: running /etc/flux/rc1.d/01-sched-fluxion
2023-05-18T19:20:08.177054058Z broker.info[2]: rc1.0: running /etc/flux/rc1.d/02-cron
2023-05-18T19:20:08.204771451Z broker.info[2]: rc1.0: /etc/flux/rc1 Exited (rc=0) 0.2s
2023-05-18T19:20:08.205835916Z broker.info[2]: rc1-success: init->quorum 0.229473s
2023-05-18T19:20:09.037176739Z broker.info[2]: quorum-full: quorum->run 0.830647s
2023-05-18T19:20:22.974858960Z broker.info[2]: shutdown: run->cleanup 13.9371s
2023-05-18T19:20:22.976160122Z broker.info[2]: cleanup-none: cleanup->shutdown 1.04168ms
2023-05-18T19:20:22.976622913Z broker.info[2]: children-none: shutdown->finalize 0.710178ms
2023-05-18T19:20:22.977447858Z 19:20:22.976595 socketpair(AF_UNIX, SOCK_STREAM|SOCK_CLOEXEC, 0, [22, 23]) = 0
2023-05-18T19:20:22.977772248Z 19:20:22.976941 socketpair(AF_UNIX, SOCK_STREAM, 0, [24, 25]) = 0
2023-05-18T19:20:22.977817871Z 19:20:22.977200 socketpair(AF_UNIX, SOCK_STREAM, 0, [26, 28]) = 0
2023-05-18T19:20:22.977867556Z 19:20:22.977450 socketpair(AF_UNIX, SOCK_STREAM, 0, [58, 59]) = 0
2023-05-18T19:20:23.000219287Z broker.info[2]: rc3.0: running /etc/flux/rc3.d/01-sched-fluxion
2023-05-18T19:20:23.155953432Z broker.info[2]: rc3.0: /etc/flux/rc3 Exited (rc=0) 0.2s
2023-05-18T19:20:23.157375612Z broker.info[2]: rc3-success: finalize->goodbye 0.180576s
2023-05-18T19:20:23.159157081Z broker.info[2]: goodbye: goodbye->exit 1.07029ms
2023-05-18T19:20:23.167790188Z 19:20:23.167562 +++ exited with 0 +++
2023-05-18T19:20:23.176152092Z Return value for follower worker is 0
2023-05-18T19:20:23.176220685Z The follower worker exited cleanly. Goodbye!
