2023-05-18T20:59:12.598917490Z
2023-05-18T20:59:12.598991998Z Flux username: flux
2023-05-18T20:59:12.599002029Z
2023-05-18T20:59:12.599008636Z Flux install root: /usr
2023-05-18T20:59:12.660723590Z flux user is already added.
2023-05-18T20:59:12.664414864Z flux user identifiers:
2023-05-18T20:59:12.664455654Z uid=1234(flux) gid=1234(flux) groups=1234(flux)
2023-05-18T20:59:12.664614824Z
2023-05-18T20:59:12.664631984Z As Flux prefix for flux commands: sudo -u flux -E PYTHONPATH=/opt/conda/lib/python3.10/site-packages -E PATH=/opt/conda/bin:/usr/local/sbin:/usr/local/bin:/usr/sbin:/usr/bin:/sbin:/bin -E LD_LIBRARY_PATH=/opt/conda/lib -E HOME=/home/flux
2023-05-18T20:59:12.683624953Z
2023-05-18T20:59:12.683709297Z ðŸ‘‹ Hello, I'm flux-sample-1
2023-05-18T20:59:12.683732631Z The main host is flux-sample-0
2023-05-18T20:59:12.683898402Z The working directory is /home/flux/examples/reaxff/HNS, contents include:
2023-05-18T20:59:12.686799207Z /home/flux/examples/reaxff/HNS:
2023-05-18T20:59:12.687062413Z README.txt	ffield.reax.hns  log.8Mar18.reaxc.hns.g++.1
2023-05-18T20:59:12.687080091Z data.hns-equil	in.reaxc.hns	 log.8Mar18.reaxc.hns.g++.4
2023-05-18T20:59:12.687262023Z End of file listing, if you see nothing above there are no files.
2023-05-18T20:59:12.689824097Z flux R encode --hosts=flux-sample-[0-3]
2023-05-18T20:59:12.708493234Z
2023-05-18T20:59:12.708539538Z ðŸ“¦ Resources
2023-05-18T20:59:12.710294552Z {"version": 1, "execution": {"R_lite": [{"rank": "0-3", "children": {"core": "0"}}], "starttime": 0.0, "expiration": 0.0, "nodelist": ["flux-sample-[0-3]"]}}
2023-05-18T20:59:12.710779880Z
2023-05-18T20:59:12.710817427Z ðŸ¸ Diagnostics: false
2023-05-18T20:59:12.711171274Z ðŸš©ï¸ Flux Option Flags defined
2023-05-18T20:59:12.716519247Z
2023-05-18T20:59:12.716563747Z ðŸ¦Š Independent Minister of Privilege
2023-05-18T20:59:12.718372043Z [exec]
2023-05-18T20:59:12.718398621Z allowed-users = [ "flux", "root" ]
2023-05-18T20:59:12.718405493Z allowed-shells = [ "/usr/libexec/flux/flux-shell" ]
2023-05-18T20:59:12.718739495Z
2023-05-18T20:59:12.718761524Z ðŸ¸ Broker Configuration
2023-05-18T20:59:12.720600536Z # Flux needs to know the path to the IMP executable
2023-05-18T20:59:12.720624965Z [exec]
2023-05-18T20:59:12.720631395Z imp = "/usr/libexec/flux/flux-imp"
2023-05-18T20:59:12.720636691Z
2023-05-18T20:59:12.720641443Z [access]
2023-05-18T20:59:12.720645469Z allow-guest-user = true
2023-05-18T20:59:12.720648811Z allow-root-owner = true
2023-05-18T20:59:12.720651968Z
2023-05-18T20:59:12.720655622Z # Point to resource definition generated with flux-R(1).
2023-05-18T20:59:12.720660823Z [resource]
2023-05-18T20:59:12.720667478Z path = "/etc/flux/system/R"
2023-05-18T20:59:12.720674621Z
2023-05-18T20:59:12.720681503Z [bootstrap]
2023-05-18T20:59:12.720686760Z curve_cert = "/etc/curve/curve.cert"
2023-05-18T20:59:12.720691478Z default_port = 8050
2023-05-18T20:59:12.720696692Z default_bind = "tcp://eth0:%p"
2023-05-18T20:59:12.720703035Z default_connect = "tcp://%h.flux-service.flux-operator.svc.cluster.local:%p"
2023-05-18T20:59:12.720707863Z hosts = [
2023-05-18T20:59:12.720712832Z 	{ host="flux-sample-[0-3]"},
2023-05-18T20:59:12.720719968Z ]
2023-05-18T20:59:12.720725458Z
2023-05-18T20:59:12.720729241Z [archive]
2023-05-18T20:59:12.720732740Z dbpath = "/var/lib/flux/job-archive.sqlite"
2023-05-18T20:59:12.720736113Z period = "1m"
2023-05-18T20:59:12.824717394Z busytimeout = "50s"
2023-05-18T20:59:12.824812114Z ðŸ§Šï¸ State Directory:
2023-05-18T20:59:12.824821042Z total 0
2023-05-18T20:59:12.824827250Z
2023-05-18T20:59:12.830384091Z
2023-05-18T20:59:12.830436212Z ðŸ”’ï¸ Working directory permissions:
2023-05-18T20:59:12.830442440Z total 96
2023-05-18T20:59:12.830449304Z -rwxrwxrwx 1 flux root  2517 May 17 22:32 README.txt
2023-05-18T20:59:12.830455061Z -rwxrwxrwx 1 flux root 54692 May 17 22:32 data.hns-equil
2023-05-18T20:59:12.830459761Z -rwxrwxrwx 1 flux root 13576 May 17 22:32 ffield.reax.hns
2023-05-18T20:59:12.830467448Z -rwxrwxrwx 1 flux root   870 May 17 22:32 in.reaxc.hns
2023-05-18T20:59:12.830475704Z -rwxrwxrwx 1 flux root  4172 May 17 22:32 log.8Mar18.reaxc.hns.g++.1
2023-05-18T20:59:12.830481268Z -rwxrwxrwx 1 flux root  4168 May 17 22:32 log.8Mar18.reaxc.hns.g++.4
2023-05-18T20:59:12.830486370Z
2023-05-18T20:59:12.830693500Z
2023-05-18T20:59:12.830713679Z âœ¨ Curve certificate generated by helper pod
2023-05-18T20:59:12.832592717Z #   ****  Generated on 2023-04-26 22:54:42 by CZMQ  ****
2023-05-18T20:59:12.832621145Z #   ZeroMQ CURVE **Secret** Certificate
2023-05-18T20:59:12.832627567Z #   DO NOT PROVIDE THIS FILE TO OTHER USERS nor change its permissions.
2023-05-18T20:59:12.832631261Z
2023-05-18T20:59:12.832636790Z metadata
2023-05-18T20:59:12.832644767Z     name = "flux-cert-generator"
2023-05-18T20:59:12.832650492Z     keygen.hostname = "flux-sample-0"
2023-05-18T20:59:12.832656248Z curve
2023-05-18T20:59:12.832661482Z     public-key = "JPgd[B:IVtf#u4x)M/kYrYA^rx/gk#-)@[>sIIPT"
2023-05-18T20:59:12.832667141Z     secret-key = "1K:k03sE[mmj/H5o+l}X:tzIFnUoDpaf*AyO27LH"
2023-05-18T20:59:12.835398421Z
2023-05-18T20:59:12.835465256Z ðŸŒ€  flux start --wrap=strace,-e,network,-tt -o --config /etc/flux/config -Scron.directory=/etc/flux/system/cron.d   -Stbon.fanout=256   -Srundir=/run/flux    -Sstatedir=/var/lib/flux   -Slocal-uri=local:///run/flux/local   -Stbon.zmqdebug=1  -Slog-stderr-level=6    -Slog-stderr-mode=local
2023-05-18T20:59:12.885188320Z 20:59:12.884811 socket(AF_NETLINK, SOCK_RAW, NETLINK_ROUTE) = 8
2023-05-18T20:59:12.885531714Z 20:59:12.885104 bind(8, {sa_family=AF_NETLINK, nl_pid=0, nl_groups=00000000}, 12) = 0
2023-05-18T20:59:12.885800964Z 20:59:12.885544 getsockname(8, {sa_family=AF_NETLINK, nl_pid=70, nl_groups=00000000}, [12]) = 0
2023-05-18T20:59:12.886451333Z 20:59:12.885786 sendto(8, {{len=20, type=RTM_GETADDR, flags=NLM_F_REQUEST|NLM_F_DUMP, seq=1684443552, pid=0}, {ifa_family=AF_UNSPEC, ...}}, 20, 0, {sa_family=AF_NETLINK, nl_pid=0, nl_groups=00000000}, 12) = 20
2023-05-18T20:59:12.886782003Z 20:59:12.886256 recvmsg(8, {msg_name={sa_family=AF_NETLINK, nl_pid=0, nl_groups=00000000}, msg_namelen=12, msg_iov=[{iov_base=[{{len=76, type=RTM_NEWADDR, flags=NLM_F_MULTI, seq=1684443552, pid=70}, {ifa_family=AF_INET, ifa_prefixlen=8, ifa_flags=IFA_F_PERMANENT, ifa_scope=RT_SCOPE_HOST, ifa_index=if_nametoindex("lo")}, [{{nla_len=8, nla_type=IFA_ADDRESS}, 127.0.0.1}, {{nla_len=8, nla_type=IFA_LOCAL}, 127.0.0.1}, {{nla_len=7, nla_type=IFA_LABEL}, "lo"}, {{nla_len=8, nla_type=IFA_FLAGS}, IFA_F_PERMANENT}, {{nla_len=20, nla_type=IFA_CACHEINFO}, {ifa_prefered=4294967295, ifa_valid=4294967295, cstamp=2409587, tstamp=2409587}}]}, {{len=88, type=RTM_NEWADDR, flags=NLM_F_MULTI, seq=1684443552, pid=70}, {ifa_family=AF_INET, ifa_prefixlen=24, ifa_flags=IFA_F_PERMANENT, ifa_scope=RT_SCOPE_UNIVERSE, ifa_index=if_nametoindex("eth0")}, [{{nla_len=8, nla_type=IFA_ADDRESS}, 10.24.3.181}, {{nla_len=8, nla_type=IFA_LOCAL}, 10.24.3.181}, {{nla_len=8, nla_type=IFA_BROADCAST}, 10.24.3.255}, {{nla_len=9, nla_type=IFA_LABEL}, "eth0"}, {{nla_len=8, nla_type=IFA_FLAGS}, IFA_F_PERMANENT}, {{nla_len=20, nla_type=IFA_CACHEINFO}, {ifa_prefered=4294967295, ifa_valid=4294967295, cstamp=2409592, tstamp=2409592}}]}], iov_len=4096}], msg_iovlen=1, msg_controllen=0, msg_flags=0}, 0) = 164
2023-05-18T20:59:12.886806063Z 20:59:12.886611 recvmsg(8, {msg_name={sa_family=AF_NETLINK, nl_pid=0, nl_groups=00000000}, msg_namelen=12, msg_iov=[{iov_base={{len=20, type=NLMSG_DONE, flags=NLM_F_MULTI, seq=1684443552, pid=70}, 0}, iov_len=4096}], msg_iovlen=1, msg_controllen=0, msg_flags=0}, 0) = 20
2023-05-18T20:59:12.887616402Z 20:59:12.887440 socket(AF_UNIX, SOCK_STREAM|SOCK_CLOEXEC|SOCK_NONBLOCK, 0) = 8
2023-05-18T20:59:12.887798346Z 20:59:12.887556 connect(8, {sa_family=AF_UNIX, sun_path="/var/run/nscd/socket"}, 110) = -1 ENOENT (No such file or directory)
2023-05-18T20:59:12.888002720Z 20:59:12.887850 socket(AF_UNIX, SOCK_STREAM|SOCK_CLOEXEC|SOCK_NONBLOCK, 0) = 8
2023-05-18T20:59:12.888200673Z 20:59:12.887945 connect(8, {sa_family=AF_UNIX, sun_path="/var/run/nscd/socket"}, 110) = -1 ENOENT (No such file or directory)
2023-05-18T20:59:12.890711686Z 20:59:12.890403 socket(AF_INET, SOCK_DGRAM|SOCK_CLOEXEC|SOCK_NONBLOCK, IPPROTO_IP) = 8
2023-05-18T20:59:12.890808062Z 20:59:12.890540 connect(8, {sa_family=AF_INET, sin_port=htons(53), sin_addr=inet_addr("169.254.169.254")}, 16) = 0
2023-05-18T20:59:12.891516244Z 20:59:12.890836 sendto(8, "\344E\1\0\0\1\0\0\0\0\0\0\rflux-sample-0\fflux-"..., 76, MSG_NOSIGNAL, NULL, 0) = 76
2023-05-18T20:59:12.896908070Z 20:59:12.896525 recvfrom(8, "\344E\201\203\0\1\0\0\0\1\0\0\rflux-sample-0\fflux-"..., 1024, 0, {sa_family=AF_INET, sin_port=htons(53), sin_addr=inet_addr("169.254.169.254")}, [28->16]) = 172
2023-05-18T20:59:12.897106710Z 20:59:12.896925 socket(AF_INET, SOCK_DGRAM|SOCK_CLOEXEC|SOCK_NONBLOCK, IPPROTO_IP) = 8
2023-05-18T20:59:12.897252540Z 20:59:12.897076 connect(8, {sa_family=AF_INET, sin_port=htons(53), sin_addr=inet_addr("169.254.169.254")}, 16) = 0
2023-05-18T20:59:12.897595503Z 20:59:12.897271 sendto(8, "\3617\1\0\0\1\0\0\0\0\0\0\rflux-sample-0\fflux-"..., 108, MSG_NOSIGNAL, NULL, 0) = 108
2023-05-18T20:59:12.901813504Z 20:59:12.901437 recvfrom(8, "\3617\201\203\0\1\0\0\0\1\0\0\rflux-sample-0\fflux-"..., 1024, 0, {sa_family=AF_INET, sin_port=htons(53), sin_addr=inet_addr("169.254.169.254")}, [28->16]) = 204
2023-05-18T20:59:12.902245749Z 20:59:12.902013 socket(AF_INET, SOCK_DGRAM|SOCK_CLOEXEC|SOCK_NONBLOCK, IPPROTO_IP) = 8
2023-05-18T20:59:12.902341789Z 20:59:12.902183 connect(8, {sa_family=AF_INET, sin_port=htons(53), sin_addr=inet_addr("169.254.169.254")}, 16) = 0
2023-05-18T20:59:12.902773144Z 20:59:12.902391 sendto(8, "6\240\1\0\0\1\0\0\0\0\0\0\rflux-sample-0\fflux-"..., 94, MSG_NOSIGNAL, NULL, 0) = 94
2023-05-18T20:59:12.905713755Z 20:59:12.905463 recvfrom(8, "6\240\201\203\0\1\0\0\0\1\0\0\rflux-sample-0\fflux-"..., 1024, 0, {sa_family=AF_INET, sin_port=htons(53), sin_addr=inet_addr("169.254.169.254")}, [28->16]) = 190
2023-05-18T20:59:12.905853554Z 20:59:12.905677 socket(AF_INET, SOCK_DGRAM|SOCK_CLOEXEC|SOCK_NONBLOCK, IPPROTO_IP) = 8
2023-05-18T20:59:12.905984325Z 20:59:12.905817 connect(8, {sa_family=AF_INET, sin_port=htons(53), sin_addr=inet_addr("169.254.169.254")}, 16) = 0
2023-05-18T20:59:12.906350644Z 20:59:12.905989 sendto(8, "z~\1\0\0\1\0\0\0\0\0\0\rflux-sample-0\fflux-"..., 90, MSG_NOSIGNAL, NULL, 0) = 90
2023-05-18T20:59:12.909039956Z 20:59:12.908749 recvfrom(8, "z~\201\203\0\1\0\0\0\1\0\0\rflux-sample-0\fflux-"..., 1024, 0, {sa_family=AF_INET, sin_port=htons(53), sin_addr=inet_addr("169.254.169.254")}, [28->16]) = 186
2023-05-18T20:59:12.909237514Z 20:59:12.909035 socket(AF_INET, SOCK_DGRAM|SOCK_CLOEXEC|SOCK_NONBLOCK, IPPROTO_IP) = 8
2023-05-18T20:59:12.909377357Z 20:59:12.909220 connect(8, {sa_family=AF_INET, sin_port=htons(53), sin_addr=inet_addr("169.254.169.254")}, 16) = 0
2023-05-18T20:59:12.909691177Z 20:59:12.909402 sendto(8, "\21a\1\0\0\1\0\0\0\0\0\0\rflux-sample-0\fflux-"..., 111, MSG_NOSIGNAL, NULL, 0) = 111
2023-05-18T20:59:12.916000600Z 20:59:12.915392 recvfrom(8, "\21a\201\203\0\1\0\0\0\1\0\0\rflux-sample-0\fflux-"..., 1024, 0, {sa_family=AF_INET, sin_port=htons(53), sin_addr=inet_addr("169.254.169.254")}, [28->16]) = 205
2023-05-18T20:59:12.916200522Z 20:59:12.915672 socket(AF_INET, SOCK_DGRAM|SOCK_CLOEXEC|SOCK_NONBLOCK, IPPROTO_IP) = 8
2023-05-18T20:59:12.916212600Z 20:59:12.915757 connect(8, {sa_family=AF_INET, sin_port=htons(53), sin_addr=inet_addr("169.254.169.254")}, 16) = 0
2023-05-18T20:59:12.916229961Z 20:59:12.915877 sendto(8, "J \1\0\0\1\0\0\0\0\0\0\rflux-sample-0\fflux-"..., 97, MSG_NOSIGNAL, NULL, 0) = 97
2023-05-18T20:59:12.921522726Z 20:59:12.920864 recvfrom(8, "J \201\203\0\1\0\0\0\1\0\0\rflux-sample-0\fflux-"..., 1024, 0, {sa_family=AF_INET, sin_port=htons(53), sin_addr=inet_addr("169.254.169.254")}, [28->16]) = 186
2023-05-18T20:59:12.921627810Z 20:59:12.921229 socket(AF_INET, SOCK_DGRAM|SOCK_CLOEXEC|SOCK_NONBLOCK, IPPROTO_IP) = 8
2023-05-18T20:59:12.921711612Z 20:59:12.921374 connect(8, {sa_family=AF_INET, sin_port=htons(53), sin_addr=inet_addr("169.254.169.254")}, 16) = 0
2023-05-18T20:59:12.921976934Z 20:59:12.921583 sendto(8, "\366-\1\0\0\1\0\0\0\0\0\0\rflux-sample-0\fflux-"..., 92, MSG_NOSIGNAL, NULL, 0) = 92
2023-05-18T20:59:12.927805656Z 20:59:12.927219 recvfrom(8, "\366-\201\203\0\1\0\0\0\1\0\0\rflux-sample-0\fflux-"..., 1024, 0, {sa_family=AF_INET, sin_port=htons(53), sin_addr=inet_addr("169.254.169.254")}, [28->16]) = 181
2023-05-18T20:59:12.928264194Z broker.err[1]: Warning: unable to resolve upstream peer flux-sample-0.flux-service.flux-operator.svc.cluster.local: Name or service not known
2023-05-18T20:59:12.935816473Z broker.info[1]: start: none->join 2.14377ms
2023-05-18T20:59:15.997932949Z broker.info[1]: parent-ready: join->init 3.06195s
2023-05-18T20:59:15.998700434Z 20:59:15.998066 socketpair(AF_UNIX, SOCK_STREAM|SOCK_CLOEXEC, 0, [22, 23]) = 0
2023-05-18T20:59:15.998915751Z 20:59:15.998658 socketpair(AF_UNIX, SOCK_STREAM, 0, [24, 25]) = 0
2023-05-18T20:59:15.999324982Z 20:59:15.999080 socketpair(AF_UNIX, SOCK_STREAM, 0, [26, 27]) = 0
2023-05-18T20:59:15.999685540Z 20:59:15.999466 socketpair(AF_UNIX, SOCK_STREAM, 0, [28, 29]) = 0
2023-05-18T20:59:16.032854891Z broker.info[1]: configuration updated
2023-05-18T20:59:16.199334857Z broker.info[1]: rc1.0: running /etc/flux/rc1.d/01-sched-fluxion
2023-05-18T20:59:16.222549039Z broker.info[1]: rc1.0: running /etc/flux/rc1.d/02-cron
2023-05-18T20:59:16.264220355Z broker.info[1]: rc1.0: /etc/flux/rc1 Exited (rc=0) 0.3s
2023-05-18T20:59:16.265834618Z broker.info[1]: rc1-success: init->quorum 0.267394s
2023-05-18T20:59:16.479561106Z broker.info[1]: quorum-full: quorum->run 0.213185s
2023-05-18T20:59:27.670801795Z broker.info[1]: shutdown: run->cleanup 11.1903s
2023-05-18T20:59:27.672643924Z broker.info[1]: cleanup-none: cleanup->shutdown 1.67629ms
2023-05-18T20:59:27.675311531Z broker.info[1]: children-none: shutdown->finalize 1.42366ms
2023-05-18T20:59:27.675739061Z 20:59:27.674681 socketpair(AF_UNIX, SOCK_STREAM|SOCK_CLOEXEC, 0, [22, 23]) = 0
2023-05-18T20:59:27.675788745Z 20:59:27.674967 socketpair(AF_UNIX, SOCK_STREAM, 0, [24, 25]) = 0
2023-05-18T20:59:27.675883674Z 20:59:27.675404 socketpair(AF_UNIX, SOCK_STREAM, 0, [26, 28]) = 0
2023-05-18T20:59:27.676065630Z 20:59:27.675775 socketpair(AF_UNIX, SOCK_STREAM, 0, [58, 59]) = 0
2023-05-18T20:59:27.700897667Z broker.info[1]: rc3.0: running /etc/flux/rc3.d/01-sched-fluxion
2023-05-18T20:59:27.870061446Z broker.info[1]: rc3.0: /etc/flux/rc3 Exited (rc=0) 0.2s
2023-05-18T20:59:27.871089314Z broker.info[1]: rc3-success: finalize->goodbye 0.196195s
2023-05-18T20:59:27.872625685Z broker.info[1]: goodbye: goodbye->exit 1.51096ms
2023-05-18T20:59:27.881745720Z 20:59:27.881362 +++ exited with 0 +++
2023-05-18T20:59:27.884873154Z Return value for follower worker is 0
2023-05-18T20:59:27.884953880Z The follower worker exited cleanly. Goodbye!
