2023-05-17T05:41:59.352670849Z
2023-05-17T05:41:59.352869971Z Flux username: flux
2023-05-17T05:41:59.352881107Z
2023-05-17T05:41:59.352886459Z Flux install root: /usr
2023-05-17T05:41:59.399071840Z flux user is already added.
2023-05-17T05:41:59.401649435Z flux user identifiers:
2023-05-17T05:41:59.401671083Z uid=1234(flux) gid=1234(flux) groups=1234(flux)
2023-05-17T05:41:59.401772638Z
2023-05-17T05:41:59.401796618Z As Flux prefix for flux commands: sudo -u flux -E PYTHONPATH= -E PATH=/usr/local/sbin:/usr/local/bin:/usr/sbin:/usr/bin:/sbin:/bin -E LD_LIBRARY_PATH= -E HOME=/home/flux
2023-05-17T05:41:59.410287780Z
2023-05-17T05:41:59.410312377Z ðŸ‘‹ Hello, I'm flux-sample-1
2023-05-17T05:41:59.410318538Z The main host is flux-sample-0
2023-05-17T05:41:59.410451786Z The working directory is /opt, contents include:
2023-05-17T05:41:59.411962028Z /opt:
2023-05-17T05:41:59.412248745Z End of file listing, if you see nothing above there are no files.
2023-05-17T05:41:59.413986846Z flux R encode --hosts=flux-sample-[0-3]
2023-05-17T05:41:59.438359246Z
2023-05-17T05:41:59.438387068Z ðŸ“¦ Resources
2023-05-17T05:41:59.440076397Z {"version": 1, "execution": {"R_lite": [{"rank": "0-3", "children": {"core": "0"}}], "starttime": 0.0, "expiration": 0.0, "nodelist": ["flux-sample-[0-3]"]}}
2023-05-17T05:41:59.440387301Z
2023-05-17T05:41:59.440419991Z ðŸ¸ Diagnostics: false
2023-05-17T05:41:59.444829114Z
2023-05-17T05:41:59.444852141Z ðŸ¦Š Independent Minister of Privilege
2023-05-17T05:41:59.446085212Z [exec]
2023-05-17T05:41:59.446103226Z allowed-users = [ "flux", "root" ]
2023-05-17T05:41:59.446109337Z allowed-shells = [ "/usr/libexec/flux/flux-shell" ]
2023-05-17T05:41:59.446324683Z
2023-05-17T05:41:59.446355511Z ðŸ¸ Broker Configuration
2023-05-17T05:41:59.447585943Z # Flux needs to know the path to the IMP executable
2023-05-17T05:41:59.447602150Z [exec]
2023-05-17T05:41:59.447608150Z imp = "/usr/libexec/flux/flux-imp"
2023-05-17T05:41:59.447612762Z
2023-05-17T05:41:59.447617437Z [access]
2023-05-17T05:41:59.447625081Z allow-guest-user = true
2023-05-17T05:41:59.447631005Z allow-root-owner = true
2023-05-17T05:41:59.447635822Z
2023-05-17T05:41:59.447641565Z # Point to resource definition generated with flux-R(1).
2023-05-17T05:41:59.447646467Z [resource]
2023-05-17T05:41:59.447651900Z path = "/etc/flux/system/R"
2023-05-17T05:41:59.447656413Z
2023-05-17T05:41:59.447661186Z [bootstrap]
2023-05-17T05:41:59.447668701Z curve_cert = "/etc/curve/curve.cert"
2023-05-17T05:41:59.447675269Z default_port = 8050
2023-05-17T05:41:59.447680551Z default_bind = "tcp://eth0:%p"
2023-05-17T05:41:59.447686185Z default_connect = "tcp://%h.flux-service.flux-operator.svc.cluster.local:%p"
2023-05-17T05:41:59.447690911Z hosts = [
2023-05-17T05:41:59.447695629Z 	{ host="flux-sample-[0-3]"},
2023-05-17T05:41:59.447700275Z ]
2023-05-17T05:41:59.447704632Z
2023-05-17T05:41:59.447711574Z [archive]
2023-05-17T05:41:59.447717260Z dbpath = "/var/lib/flux/job-archive.sqlite"
2023-05-17T05:41:59.447722155Z period = "1m"
2023-05-17T05:41:59.516346432Z busytimeout = "50s"
2023-05-17T05:41:59.516379132Z ðŸ§Šï¸ State Directory:
2023-05-17T05:41:59.516401156Z total 0
2023-05-17T05:41:59.516407698Z
2023-05-17T05:41:59.518470928Z
2023-05-17T05:41:59.518494362Z ðŸ”’ï¸ Working directory permissions:
2023-05-17T05:41:59.518500516Z total 0
2023-05-17T05:41:59.518505750Z
2023-05-17T05:41:59.518510249Z
2023-05-17T05:41:59.518515483Z âœ¨ Curve certificate generated by helper pod
2023-05-17T05:41:59.519752631Z #   ****  Generated on 2023-04-26 22:54:42 by CZMQ  ****
2023-05-17T05:41:59.519817326Z #   ZeroMQ CURVE **Secret** Certificate
2023-05-17T05:41:59.519824423Z #   DO NOT PROVIDE THIS FILE TO OTHER USERS nor change its permissions.
2023-05-17T05:41:59.519829522Z
2023-05-17T05:41:59.519836644Z metadata
2023-05-17T05:41:59.519842687Z     name = "flux-cert-generator"
2023-05-17T05:41:59.519847392Z     keygen.hostname = "flux-sample-0"
2023-05-17T05:41:59.519852160Z curve
2023-05-17T05:41:59.519867544Z     public-key = "NLP@&Vmg?PQ!XNJgEch5EJ5f{Bx5VhJuA2rK90k>"
2023-05-17T05:41:59.519873084Z     secret-key = "F?W:votQ0g!QT6{.I:3c0FpKc]CG%B+:^m][i=ZH"
2023-05-17T05:41:59.522398341Z
2023-05-17T05:41:59.522422942Z ðŸŒ€  flux start --wrap=strace,-e,network,-tt -o --config /etc/flux/config -Scron.directory=/etc/flux/system/cron.d   -Stbon.fanout=256   -Srundir=/run/flux    -Sstatedir=/var/lib/flux   -Slocal-uri=local:///run/flux/local -Stbon.connect_timeout=5s  -Stbon.zmqdebug=1  -Slog-stderr-level=6    -Slog-stderr-mode=local
2023-05-17T05:41:59.566296726Z 05:41:59.565997 socket(AF_NETLINK, SOCK_RAW|SOCK_CLOEXEC, NETLINK_ROUTE) = 8
2023-05-17T05:41:59.566627437Z 05:41:59.566183 bind(8, {sa_family=AF_NETLINK, nl_pid=0, nl_groups=00000000}, 12) = 0
2023-05-17T05:41:59.566644828Z 05:41:59.566452 getsockname(8, {sa_family=AF_NETLINK, nl_pid=72, nl_groups=00000000}, [12]) = 0
2023-05-17T05:41:59.566925390Z 05:41:59.566540 sendto(8, {{len=20, type=RTM_GETADDR, flags=NLM_F_REQUEST|NLM_F_DUMP, seq=1684302119, pid=0}, {ifa_family=AF_UNSPEC, ...}}, 20, 0, {sa_family=AF_NETLINK, nl_pid=0, nl_groups=00000000}, 12) = 20
2023-05-17T05:41:59.567542894Z 05:41:59.566859 recvmsg(8, {msg_name={sa_family=AF_NETLINK, nl_pid=0, nl_groups=00000000}, msg_namelen=12, msg_iov=[{iov_base=[{{len=76, type=RTM_NEWADDR, flags=NLM_F_MULTI, seq=1684302119, pid=72}, {ifa_family=AF_INET, ifa_prefixlen=8, ifa_flags=IFA_F_PERMANENT, ifa_scope=RT_SCOPE_HOST, ifa_index=if_nametoindex("lo")}, [{{nla_len=8, nla_type=IFA_ADDRESS}, inet_addr("127.0.0.1")}, {{nla_len=8, nla_type=IFA_LOCAL}, inet_addr("127.0.0.1")}, {{nla_len=7, nla_type=IFA_LABEL}, "lo"}, {{nla_len=8, nla_type=IFA_FLAGS}, IFA_F_PERMANENT}, {{nla_len=20, nla_type=IFA_CACHEINFO}, {ifa_prefered=4294967295, ifa_valid=4294967295, cstamp=612900, tstamp=612900}}]}, {{len=88, type=RTM_NEWADDR, flags=NLM_F_MULTI, seq=1684302119, pid=72}, {ifa_family=AF_INET, ifa_prefixlen=24, ifa_flags=IFA_F_PERMANENT, ifa_scope=RT_SCOPE_UNIVERSE, ifa_index=if_nametoindex("eth0")}, [{{nla_len=8, nla_type=IFA_ADDRESS}, inet_addr("10.24.3.47")}, {{nla_len=8, nla_type=IFA_LOCAL}, inet_addr("10.24.3.47")}, {{nla_len=8, nla_type=IFA_BROADCAST}, inet_addr("10.24.3.255")}, {{nla_len=9, nla_type=IFA_LABEL}, "eth0"}, {{nla_len=8, nla_type=IFA_FLAGS}, IFA_F_PERMANENT}, {{nla_len=20, nla_type=IFA_CACHEINFO}, {ifa_prefered=4294967295, ifa_valid=4294967295, cstamp=612903, tstamp=612903}}]}], iov_len=4096}], msg_iovlen=1, msg_controllen=0, msg_flags=0}, 0) = 164
2023-05-17T05:41:59.567562929Z 05:41:59.567215 recvmsg(8, {msg_name={sa_family=AF_NETLINK, nl_pid=0, nl_groups=00000000}, msg_namelen=12, msg_iov=[{iov_base={{len=20, type=NLMSG_DONE, flags=NLM_F_MULTI, seq=1684302119, pid=72}, 0}, iov_len=4096}], msg_iovlen=1, msg_controllen=0, msg_flags=0}, 0) = 20
2023-05-17T05:41:59.567920631Z 05:41:59.567794 socket(AF_UNIX, SOCK_STREAM|SOCK_CLOEXEC|SOCK_NONBLOCK, 0) = 8
2023-05-17T05:41:59.568087860Z 05:41:59.567885 connect(8, {sa_family=AF_UNIX, sun_path="/var/run/nscd/socket"}, 110) = -1 ENOENT (No such file or directory)
2023-05-17T05:41:59.568174442Z 05:41:59.568053 socket(AF_UNIX, SOCK_STREAM|SOCK_CLOEXEC|SOCK_NONBLOCK, 0) = 8
2023-05-17T05:41:59.568260145Z 05:41:59.568120 connect(8, {sa_family=AF_UNIX, sun_path="/var/run/nscd/socket"}, 110) = -1 ENOENT (No such file or directory)
2023-05-17T05:41:59.569019117Z 05:41:59.568867 socket(AF_INET, SOCK_DGRAM|SOCK_CLOEXEC|SOCK_NONBLOCK, IPPROTO_IP) = 8
2023-05-17T05:41:59.569135838Z 05:41:59.568960 setsockopt(8, SOL_IP, IP_RECVERR, [1], 4) = 0
2023-05-17T05:41:59.569157679Z 05:41:59.569034 connect(8, {sa_family=AF_INET, sin_port=htons(53), sin_addr=inet_addr("10.28.0.10")}, 16) = 0
2023-05-17T05:41:59.569557817Z 05:41:59.569149 sendto(8, "\305v\1\0\0\1\0\0\0\0\0\0\rflux-sample-0\fflux-"..., 76, MSG_NOSIGNAL, NULL, 0) = 76
2023-05-17T05:41:59.570002481Z 05:41:59.569803 recvfrom(8, "\305v\201\200\0\1\0\1\0\0\0\0\rflux-sample-0\fflux-"..., 1024, 0, {sa_family=AF_INET, sin_port=htons(53), sin_addr=inet_addr("10.28.0.10")}, [28->16]) = 92
2023-05-17T05:41:59.574249834Z broker.info[1]: start: none->join 2.1102ms
2023-05-17T05:41:59.587532742Z broker.info[1]: parent-ready: join->init 13.1483ms
2023-05-17T05:41:59.587735087Z 05:41:59.587466 socketpair(AF_UNIX, SOCK_STREAM|SOCK_CLOEXEC, 0, [22, 23]) = 0
2023-05-17T05:41:59.587747075Z 05:41:59.587601 socketpair(AF_UNIX, SOCK_STREAM, 0, [24, 25]) = 0
2023-05-17T05:41:59.587954818Z 05:41:59.587802 socketpair(AF_UNIX, SOCK_STREAM, 0, [26, 27]) = 0
2023-05-17T05:41:59.588168561Z 05:41:59.588012 socketpair(AF_UNIX, SOCK_STREAM, 0, [28, 29]) = 0
2023-05-17T05:41:59.606792931Z broker.info[1]: configuration updated
2023-05-17T05:41:59.708671814Z broker.info[1]: rc1.0: running /etc/flux/rc1.d/01-sched-fluxion
2023-05-17T05:41:59.718902971Z broker.info[1]: rc1.0: running /etc/flux/rc1.d/02-cron
2023-05-17T05:41:59.739043038Z broker.info[1]: rc1.0: /etc/flux/rc1 Exited (rc=0) 0.1s
2023-05-17T05:41:59.740184419Z broker.info[1]: rc1-success: init->quorum 0.15252s
2023-05-17T05:42:19.501036647Z broker.info[1]: quorum-full: quorum->run 19.7606s
2023-05-17T05:42:25.843993258Z broker.info[1]: shutdown: run->cleanup 6.34268s
2023-05-17T05:42:25.845935864Z broker.info[1]: cleanup-none: cleanup->shutdown 1.12763ms
2023-05-17T05:42:25.847104473Z broker.info[1]: children-none: shutdown->finalize 0.795258ms
2023-05-17T05:42:25.847469136Z 05:42:25.847149 socketpair(AF_UNIX, SOCK_STREAM|SOCK_CLOEXEC, 0, [22, 23]) = 0
2023-05-17T05:42:25.847713856Z 05:42:25.847399 socketpair(AF_UNIX, SOCK_STREAM, 0, [24, 25]) = 0
2023-05-17T05:42:25.848000127Z 05:42:25.847764 socketpair(AF_UNIX, SOCK_STREAM, 0, [26, 28]) = 0
2023-05-17T05:42:25.848228406Z 05:42:25.848027 socketpair(AF_UNIX, SOCK_STREAM, 0, [58, 59]) = 0
2023-05-17T05:42:25.864602358Z broker.info[1]: rc3.0: running /etc/flux/rc3.d/01-sched-fluxion
2023-05-17T05:42:25.962156088Z broker.info[1]: rc3.0: /etc/flux/rc3 Exited (rc=0) 0.1s
2023-05-17T05:42:25.963753584Z broker.info[1]: rc3-success: finalize->goodbye 0.116415s
2023-05-17T05:42:25.965575428Z broker.info[1]: goodbye: goodbye->exit 1.10718ms
2023-05-17T05:42:25.984163592Z 05:42:25.983920 +++ exited with 0 +++
2023-05-17T05:42:25.985810419Z Return value for follower worker is 0
2023-05-17T05:42:25.985929421Z The follower worker exited cleanly. Goodbye!
