2023-05-17T05:42:31.846058983Z
2023-05-17T05:42:31.846108946Z Flux username: flux
2023-05-17T05:42:31.846115717Z
2023-05-17T05:42:31.846121212Z Flux install root: /usr
2023-05-17T05:42:31.905137865Z flux user is already added.
2023-05-17T05:42:31.908264071Z flux user identifiers:
2023-05-17T05:42:31.908287164Z uid=1234(flux) gid=1234(flux) groups=1234(flux)
2023-05-17T05:42:31.908292712Z
2023-05-17T05:42:31.908299393Z As Flux prefix for flux commands: sudo -u flux -E PYTHONPATH= -E PATH=/usr/local/sbin:/usr/local/bin:/usr/sbin:/usr/bin:/sbin:/bin -E LD_LIBRARY_PATH= -E HOME=/home/flux
2023-05-17T05:42:31.915316162Z
2023-05-17T05:42:31.915352086Z 👋 Hello, I'm flux-sample-1
2023-05-17T05:42:31.915361332Z The main host is flux-sample-0
2023-05-17T05:42:31.915368000Z The working directory is /opt, contents include:
2023-05-17T05:42:31.916656683Z /opt:
2023-05-17T05:42:31.917170610Z End of file listing, if you see nothing above there are no files.
2023-05-17T05:42:31.919006198Z flux R encode --hosts=flux-sample-[0-3]
2023-05-17T05:42:31.944905635Z
2023-05-17T05:42:31.944935491Z 📦 Resources
2023-05-17T05:42:31.946344456Z {"version": 1, "execution": {"R_lite": [{"rank": "0-3", "children": {"core": "0"}}], "starttime": 0.0, "expiration": 0.0, "nodelist": ["flux-sample-[0-3]"]}}
2023-05-17T05:42:31.946672652Z
2023-05-17T05:42:31.946689678Z 🐸 Diagnostics: false
2023-05-17T05:42:31.951457290Z
2023-05-17T05:42:31.951475534Z 🦊 Independent Minister of Privilege
2023-05-17T05:42:31.954837966Z [exec]
2023-05-17T05:42:31.954854673Z allowed-users = [ "flux", "root" ]
2023-05-17T05:42:31.954861126Z allowed-shells = [ "/usr/libexec/flux/flux-shell" ]
2023-05-17T05:42:31.955068782Z
2023-05-17T05:42:31.955082160Z 🐸 Broker Configuration
2023-05-17T05:42:31.956275699Z # Flux needs to know the path to the IMP executable
2023-05-17T05:42:31.956291301Z [exec]
2023-05-17T05:42:31.956299862Z imp = "/usr/libexec/flux/flux-imp"
2023-05-17T05:42:31.956306019Z
2023-05-17T05:42:31.956311736Z [access]
2023-05-17T05:42:31.956317731Z allow-guest-user = true
2023-05-17T05:42:31.956322613Z allow-root-owner = true
2023-05-17T05:42:31.956327418Z
2023-05-17T05:42:31.956348770Z # Point to resource definition generated with flux-R(1).
2023-05-17T05:42:31.956354240Z [resource]
2023-05-17T05:42:31.956359773Z path = "/etc/flux/system/R"
2023-05-17T05:42:31.956364468Z
2023-05-17T05:42:31.956369117Z [bootstrap]
2023-05-17T05:42:31.956376446Z curve_cert = "/etc/curve/curve.cert"
2023-05-17T05:42:31.956381685Z default_port = 8050
2023-05-17T05:42:31.956386362Z default_bind = "tcp://eth0:%p"
2023-05-17T05:42:31.956393946Z default_connect = "tcp://%h.flux-service.flux-operator.svc.cluster.local:%p"
2023-05-17T05:42:31.956400543Z hosts = [
2023-05-17T05:42:31.956405902Z 	{ host="flux-sample-[0-3]"},
2023-05-17T05:42:31.956410993Z ]
2023-05-17T05:42:31.956415481Z
2023-05-17T05:42:31.956420126Z [archive]
2023-05-17T05:42:31.956425114Z dbpath = "/var/lib/flux/job-archive.sqlite"
2023-05-17T05:42:31.956430004Z period = "1m"
2023-05-17T05:42:32.022384735Z busytimeout = "50s"
2023-05-17T05:42:32.022412552Z 🧊️ State Directory:
2023-05-17T05:42:32.022419243Z total 0
2023-05-17T05:42:32.022423796Z
2023-05-17T05:42:32.025115896Z
2023-05-17T05:42:32.025138296Z 🔒️ Working directory permissions:
2023-05-17T05:42:32.025144062Z total 0
2023-05-17T05:42:32.025150572Z
2023-05-17T05:42:32.025266232Z
2023-05-17T05:42:32.025276733Z ✨ Curve certificate generated by helper pod
2023-05-17T05:42:32.026718197Z #   ****  Generated on 2023-04-26 22:54:42 by CZMQ  ****
2023-05-17T05:42:32.026747477Z #   ZeroMQ CURVE **Secret** Certificate
2023-05-17T05:42:32.026753769Z #   DO NOT PROVIDE THIS FILE TO OTHER USERS nor change its permissions.
2023-05-17T05:42:32.026758707Z
2023-05-17T05:42:32.026763441Z metadata
2023-05-17T05:42:32.026768605Z     name = "flux-cert-generator"
2023-05-17T05:42:32.026773164Z     keygen.hostname = "flux-sample-0"
2023-05-17T05:42:32.026778136Z curve
2023-05-17T05:42:32.026785859Z     public-key = "D.q+^76<>!z*Mm=lld3Es/39aGswu9Bl{t*6PZ%L"
2023-05-17T05:42:32.026792680Z     secret-key = "V:0qp]=vvxUkLP/47<(FD=d3t(P@]/e2k%:]bz?O"
2023-05-17T05:42:32.028722912Z
2023-05-17T05:42:32.028744793Z 🌀  flux start --wrap=strace,-e,network,-tt -o --config /etc/flux/config -Scron.directory=/etc/flux/system/cron.d   -Stbon.fanout=256   -Srundir=/run/flux    -Sstatedir=/var/lib/flux   -Slocal-uri=local:///run/flux/local -Stbon.connect_timeout=5s  -Stbon.zmqdebug=1  -Slog-stderr-level=6    -Slog-stderr-mode=local
2023-05-17T05:42:32.073350796Z 05:42:32.072886 socket(AF_NETLINK, SOCK_RAW|SOCK_CLOEXEC, NETLINK_ROUTE) = 8
2023-05-17T05:42:32.073763532Z 05:42:32.073456 bind(8, {sa_family=AF_NETLINK, nl_pid=0, nl_groups=00000000}, 12) = 0
2023-05-17T05:42:32.074438341Z 05:42:32.073844 getsockname(8, {sa_family=AF_NETLINK, nl_pid=71, nl_groups=00000000}, [12]) = 0
2023-05-17T05:42:32.075096867Z 05:42:32.074528 sendto(8, {{len=20, type=RTM_GETADDR, flags=NLM_F_REQUEST|NLM_F_DUMP, seq=1684302152, pid=0}, {ifa_family=AF_UNSPEC, ...}}, 20, 0, {sa_family=AF_NETLINK, nl_pid=0, nl_groups=00000000}, 12) = 20
2023-05-17T05:42:32.075948158Z 05:42:32.075186 recvmsg(8, {msg_name={sa_family=AF_NETLINK, nl_pid=0, nl_groups=00000000}, msg_namelen=12, msg_iov=[{iov_base=[{{len=76, type=RTM_NEWADDR, flags=NLM_F_MULTI, seq=1684302152, pid=71}, {ifa_family=AF_INET, ifa_prefixlen=8, ifa_flags=IFA_F_PERMANENT, ifa_scope=RT_SCOPE_HOST, ifa_index=if_nametoindex("lo")}, [{{nla_len=8, nla_type=IFA_ADDRESS}, inet_addr("127.0.0.1")}, {{nla_len=8, nla_type=IFA_LOCAL}, inet_addr("127.0.0.1")}, {{nla_len=7, nla_type=IFA_LABEL}, "lo"}, {{nla_len=8, nla_type=IFA_FLAGS}, IFA_F_PERMANENT}, {{nla_len=20, nla_type=IFA_CACHEINFO}, {ifa_prefered=4294967295, ifa_valid=4294967295, cstamp=616148, tstamp=616148}}]}, {{len=88, type=RTM_NEWADDR, flags=NLM_F_MULTI, seq=1684302152, pid=71}, {ifa_family=AF_INET, ifa_prefixlen=24, ifa_flags=IFA_F_PERMANENT, ifa_scope=RT_SCOPE_UNIVERSE, ifa_index=if_nametoindex("eth0")}, [{{nla_len=8, nla_type=IFA_ADDRESS}, inet_addr("10.24.3.48")}, {{nla_len=8, nla_type=IFA_LOCAL}, inet_addr("10.24.3.48")}, {{nla_len=8, nla_type=IFA_BROADCAST}, inet_addr("10.24.3.255")}, {{nla_len=9, nla_type=IFA_LABEL}, "eth0"}, {{nla_len=8, nla_type=IFA_FLAGS}, IFA_F_PERMANENT}, {{nla_len=20, nla_type=IFA_CACHEINFO}, {ifa_prefered=4294967295, ifa_valid=4294967295, cstamp=616151, tstamp=616151}}]}], iov_len=4096}], msg_iovlen=1, msg_controllen=0, msg_flags=0}, 0) = 164
2023-05-17T05:42:32.076396021Z 05:42:32.076029 recvmsg(8, {msg_name={sa_family=AF_NETLINK, nl_pid=0, nl_groups=00000000}, msg_namelen=12, msg_iov=[{iov_base={{len=20, type=NLMSG_DONE, flags=NLM_F_MULTI, seq=1684302152, pid=71}, 0}, iov_len=4096}], msg_iovlen=1, msg_controllen=0, msg_flags=0}, 0) = 20
2023-05-17T05:42:32.077414426Z 05:42:32.077067 socket(AF_UNIX, SOCK_STREAM|SOCK_CLOEXEC|SOCK_NONBLOCK, 0) = 8
2023-05-17T05:42:32.077805227Z 05:42:32.077472 connect(8, {sa_family=AF_UNIX, sun_path="/var/run/nscd/socket"}, 110) = -1 ENOENT (No such file or directory)
2023-05-17T05:42:32.078159669Z 05:42:32.077908 socket(AF_UNIX, SOCK_STREAM|SOCK_CLOEXEC|SOCK_NONBLOCK, 0) = 8
2023-05-17T05:42:32.078489773Z 05:42:32.078208 connect(8, {sa_family=AF_UNIX, sun_path="/var/run/nscd/socket"}, 110) = -1 ENOENT (No such file or directory)
2023-05-17T05:42:32.079563948Z 05:42:32.079308 socket(AF_INET, SOCK_DGRAM|SOCK_CLOEXEC|SOCK_NONBLOCK, IPPROTO_IP) = 8
2023-05-17T05:42:32.079720560Z 05:42:32.079437 setsockopt(8, SOL_IP, IP_RECVERR, [1], 4) = 0
2023-05-17T05:42:32.079737361Z 05:42:32.079533 connect(8, {sa_family=AF_INET, sin_port=htons(53), sin_addr=inet_addr("10.28.0.10")}, 16) = 0
2023-05-17T05:42:32.080058746Z 05:42:32.079703 sendto(8, "\217q\1\0\0\1\0\0\0\0\0\0\rflux-sample-0\fflux-"..., 76, MSG_NOSIGNAL, NULL, 0) = 76
2023-05-17T05:42:32.082855594Z 05:42:32.082630 recvfrom(8, "\217q\201\200\0\1\0\1\0\0\0\0\rflux-sample-0\fflux-"..., 1024, 0, {sa_family=AF_INET, sin_port=htons(53), sin_addr=inet_addr("10.28.0.10")}, [28->16]) = 92
2023-05-17T05:42:32.086904133Z broker.info[1]: start: none->join 1.90129ms
2023-05-17T05:42:32.559238639Z broker.info[1]: parent-ready: join->init 0.472142s
2023-05-17T05:42:32.559771628Z 05:42:32.559427 socketpair(AF_UNIX, SOCK_STREAM|SOCK_CLOEXEC, 0, [22, 23]) = 0
2023-05-17T05:42:32.560023461Z 05:42:32.559812 socketpair(AF_UNIX, SOCK_STREAM, 0, [24, 25]) = 0
2023-05-17T05:42:32.560445840Z 05:42:32.560139 socketpair(AF_UNIX, SOCK_STREAM, 0, [26, 27]) = 0
2023-05-17T05:42:32.560684599Z 05:42:32.560508 socketpair(AF_UNIX, SOCK_STREAM, 0, [28, 29]) = 0
2023-05-17T05:42:32.583560679Z broker.info[1]: configuration updated
2023-05-17T05:42:32.712514510Z broker.info[1]: rc1.0: running /etc/flux/rc1.d/01-sched-fluxion
2023-05-17T05:42:32.724472955Z broker.info[1]: rc1.0: running /etc/flux/rc1.d/02-cron
2023-05-17T05:42:32.744991265Z broker.info[1]: rc1.0: /etc/flux/rc1 Exited (rc=0) 0.2s
2023-05-17T05:42:32.745931686Z broker.info[1]: rc1-success: init->quorum 0.186292s
2023-05-17T05:42:37.683579709Z broker.info[1]: quorum-full: quorum->run 4.93721s
2023-05-17T05:42:44.046469883Z broker.info[1]: shutdown: run->cleanup 6.3626s
2023-05-17T05:42:44.048358682Z broker.info[1]: cleanup-none: cleanup->shutdown 1.02563ms
2023-05-17T05:42:44.049676868Z broker.info[1]: children-none: shutdown->finalize 1.18819ms
2023-05-17T05:42:44.050415810Z 05:42:44.049935 socketpair(AF_UNIX, SOCK_STREAM|SOCK_CLOEXEC, 0, [22, 23]) = 0
2023-05-17T05:42:44.051419497Z 05:42:44.050125 socketpair(AF_UNIX, SOCK_STREAM, 0, [24, 25]) = 0
2023-05-17T05:42:44.052107630Z 05:42:44.050409 socketpair(AF_UNIX, SOCK_STREAM, 0, [26, 28]) = 0
2023-05-17T05:42:44.052497500Z 05:42:44.050647 socketpair(AF_UNIX, SOCK_STREAM, 0, [58, 59]) = 0
2023-05-17T05:42:44.067844927Z broker.info[1]: rc3.0: running /etc/flux/rc3.d/01-sched-fluxion
2023-05-17T05:42:44.163106105Z broker.info[1]: rc3.0: /etc/flux/rc3 Exited (rc=0) 0.1s
2023-05-17T05:42:44.163714520Z broker.info[1]: rc3-success: finalize->goodbye 0.113607s
2023-05-17T05:42:44.164780416Z broker.info[1]: goodbye: goodbye->exit 0.863453ms
2023-05-17T05:42:44.184186014Z 05:42:44.183936 +++ exited with 0 +++
2023-05-17T05:42:44.185956120Z Return value for follower worker is 0
2023-05-17T05:42:44.186071196Z The follower worker exited cleanly. Goodbye!
