2023-05-17T05:41:05.561726129Z
2023-05-17T05:41:05.561776267Z Flux username: flux
2023-05-17T05:41:05.561894804Z
2023-05-17T05:41:05.561906528Z Flux install root: /usr
2023-05-17T05:41:05.609745741Z flux user is already added.
2023-05-17T05:41:05.613104341Z flux user identifiers:
2023-05-17T05:41:05.613129576Z uid=1234(flux) gid=1234(flux) groups=1234(flux)
2023-05-17T05:41:05.613136158Z
2023-05-17T05:41:05.613141832Z As Flux prefix for flux commands: sudo -u flux -E PYTHONPATH= -E PATH=/usr/local/sbin:/usr/local/bin:/usr/sbin:/usr/bin:/sbin:/bin -E LD_LIBRARY_PATH= -E HOME=/home/flux
2023-05-17T05:41:05.620079989Z
2023-05-17T05:41:05.620105207Z ðŸ‘‹ Hello, I'm flux-sample-1
2023-05-17T05:41:05.620232286Z The main host is flux-sample-0
2023-05-17T05:41:05.620244681Z The working directory is /opt, contents include:
2023-05-17T05:41:05.622247203Z /opt:
2023-05-17T05:41:05.622609063Z End of file listing, if you see nothing above there are no files.
2023-05-17T05:41:05.624670351Z flux R encode --hosts=flux-sample-[0-3]
2023-05-17T05:41:05.650102168Z
2023-05-17T05:41:05.650129136Z ðŸ“¦ Resources
2023-05-17T05:41:05.651403986Z {"version": 1, "execution": {"R_lite": [{"rank": "0-3", "children": {"core": "0"}}], "starttime": 0.0, "expiration": 0.0, "nodelist": ["flux-sample-[0-3]"]}}
2023-05-17T05:41:05.651645511Z
2023-05-17T05:41:05.651661121Z ðŸ¸ Diagnostics: false
2023-05-17T05:41:05.655096663Z
2023-05-17T05:41:05.655117372Z ðŸ¦Š Independent Minister of Privilege
2023-05-17T05:41:05.656283547Z [exec]
2023-05-17T05:41:05.656300601Z allowed-users = [ "flux", "root" ]
2023-05-17T05:41:05.656307236Z allowed-shells = [ "/usr/libexec/flux/flux-shell" ]
2023-05-17T05:41:05.656492301Z
2023-05-17T05:41:05.656507544Z ðŸ¸ Broker Configuration
2023-05-17T05:41:05.657625369Z # Flux needs to know the path to the IMP executable
2023-05-17T05:41:05.657641397Z [exec]
2023-05-17T05:41:05.657647630Z imp = "/usr/libexec/flux/flux-imp"
2023-05-17T05:41:05.657652192Z
2023-05-17T05:41:05.657657173Z [access]
2023-05-17T05:41:05.657662169Z allow-guest-user = true
2023-05-17T05:41:05.657669628Z allow-root-owner = true
2023-05-17T05:41:05.657675397Z
2023-05-17T05:41:05.657681102Z # Point to resource definition generated with flux-R(1).
2023-05-17T05:41:05.657686107Z [resource]
2023-05-17T05:41:05.657691580Z path = "/etc/flux/system/R"
2023-05-17T05:41:05.657696105Z
2023-05-17T05:41:05.657700716Z [bootstrap]
2023-05-17T05:41:05.657705451Z curve_cert = "/etc/curve/curve.cert"
2023-05-17T05:41:05.657712269Z default_port = 8050
2023-05-17T05:41:05.657718164Z default_bind = "tcp://eth0:%p"
2023-05-17T05:41:05.657723909Z default_connect = "tcp://%h.flux-service.flux-operator.svc.cluster.local:%p"
2023-05-17T05:41:05.657728917Z hosts = [
2023-05-17T05:41:05.657733481Z 	{ host="flux-sample-[0-3]"},
2023-05-17T05:41:05.657738479Z ]
2023-05-17T05:41:05.657743020Z
2023-05-17T05:41:05.657748252Z [archive]
2023-05-17T05:41:05.657755156Z dbpath = "/var/lib/flux/job-archive.sqlite"
2023-05-17T05:41:05.657761163Z period = "1m"
2023-05-17T05:41:05.730034928Z busytimeout = "50s"
2023-05-17T05:41:05.730068222Z ðŸ§Šï¸ State Directory:
2023-05-17T05:41:05.730074802Z total 0
2023-05-17T05:41:05.730079368Z
2023-05-17T05:41:05.732436396Z
2023-05-17T05:41:05.732459571Z ðŸ”’ï¸ Working directory permissions:
2023-05-17T05:41:05.732466632Z total 0
2023-05-17T05:41:05.732480842Z
2023-05-17T05:41:05.732657714Z
2023-05-17T05:41:05.732669474Z âœ¨ Curve certificate generated by helper pod
2023-05-17T05:41:05.733762653Z #   ****  Generated on 2023-04-26 22:54:42 by CZMQ  ****
2023-05-17T05:41:05.733794132Z #   ZeroMQ CURVE **Secret** Certificate
2023-05-17T05:41:05.733809784Z #   DO NOT PROVIDE THIS FILE TO OTHER USERS nor change its permissions.
2023-05-17T05:41:05.733817412Z
2023-05-17T05:41:05.733823177Z metadata
2023-05-17T05:41:05.733828552Z     name = "flux-cert-generator"
2023-05-17T05:41:05.733833239Z     keygen.hostname = "flux-sample-0"
2023-05-17T05:41:05.733837973Z curve
2023-05-17T05:41:05.733843021Z     public-key = "Z2btrXUeO74idD=K9(^BOt>d<UfKT@G+OoFXM43L"
2023-05-17T05:41:05.733848104Z     secret-key = "?RRj*AQs[/e?EJekSo&>46+5Gnmx.HWamLY}f9Kb"
2023-05-17T05:41:05.735964571Z
2023-05-17T05:41:05.736081531Z ðŸŒ€  flux start --wrap=strace,-e,network,-tt -o --config /etc/flux/config -Scron.directory=/etc/flux/system/cron.d   -Stbon.fanout=256   -Srundir=/run/flux    -Sstatedir=/var/lib/flux   -Slocal-uri=local:///run/flux/local -Stbon.connect_timeout=5s  -Stbon.zmqdebug=1  -Slog-stderr-level=6    -Slog-stderr-mode=local
2023-05-17T05:41:05.776829685Z 05:41:05.776417 socket(AF_NETLINK, SOCK_RAW|SOCK_CLOEXEC, NETLINK_ROUTE) = 8
2023-05-17T05:41:05.777201576Z 05:41:05.776917 bind(8, {sa_family=AF_NETLINK, nl_pid=0, nl_groups=00000000}, 12) = 0
2023-05-17T05:41:05.777518094Z 05:41:05.777270 getsockname(8, {sa_family=AF_NETLINK, nl_pid=72, nl_groups=00000000}, [12]) = 0
2023-05-17T05:41:05.777958421Z 05:41:05.777572 sendto(8, {{len=20, type=RTM_GETADDR, flags=NLM_F_REQUEST|NLM_F_DUMP, seq=1684302065, pid=0}, {ifa_family=AF_UNSPEC, ...}}, 20, 0, {sa_family=AF_NETLINK, nl_pid=0, nl_groups=00000000}, 12) = 20
2023-05-17T05:41:05.778448488Z 05:41:05.778019 recvmsg(8, {msg_name={sa_family=AF_NETLINK, nl_pid=0, nl_groups=00000000}, msg_namelen=12, msg_iov=[{iov_base=[{{len=76, type=RTM_NEWADDR, flags=NLM_F_MULTI, seq=1684302065, pid=72}, {ifa_family=AF_INET, ifa_prefixlen=8, ifa_flags=IFA_F_PERMANENT, ifa_scope=RT_SCOPE_HOST, ifa_index=if_nametoindex("lo")}, [{{nla_len=8, nla_type=IFA_ADDRESS}, inet_addr("127.0.0.1")}, {{nla_len=8, nla_type=IFA_LOCAL}, inet_addr("127.0.0.1")}, {{nla_len=7, nla_type=IFA_LABEL}, "lo"}, {{nla_len=8, nla_type=IFA_FLAGS}, IFA_F_PERMANENT}, {{nla_len=20, nla_type=IFA_CACHEINFO}, {ifa_prefered=4294967295, ifa_valid=4294967295, cstamp=607520, tstamp=607520}}]}, {{len=88, type=RTM_NEWADDR, flags=NLM_F_MULTI, seq=1684302065, pid=72}, {ifa_family=AF_INET, ifa_prefixlen=24, ifa_flags=IFA_F_PERMANENT, ifa_scope=RT_SCOPE_UNIVERSE, ifa_index=if_nametoindex("eth0")}, [{{nla_len=8, nla_type=IFA_ADDRESS}, inet_addr("10.24.3.45")}, {{nla_len=8, nla_type=IFA_LOCAL}, inet_addr("10.24.3.45")}, {{nla_len=8, nla_type=IFA_BROADCAST}, inet_addr("10.24.3.255")}, {{nla_len=9, nla_type=IFA_LABEL}, "eth0"}, {{nla_len=8, nla_type=IFA_FLAGS}, IFA_F_PERMANENT}, {{nla_len=20, nla_type=IFA_CACHEINFO}, {ifa_prefered=4294967295, ifa_valid=4294967295, cstamp=607524, tstamp=607524}}]}], iov_len=4096}], msg_iovlen=1, msg_controllen=0, msg_flags=0}, 0) = 164
2023-05-17T05:41:05.778850240Z 05:41:05.778548 recvmsg(8, {msg_name={sa_family=AF_NETLINK, nl_pid=0, nl_groups=00000000}, msg_namelen=12, msg_iov=[{iov_base={{len=20, type=NLMSG_DONE, flags=NLM_F_MULTI, seq=1684302065, pid=72}, 0}, iov_len=4096}], msg_iovlen=1, msg_controllen=0, msg_flags=0}, 0) = 20
2023-05-17T05:41:05.779857505Z 05:41:05.779588 socket(AF_UNIX, SOCK_STREAM|SOCK_CLOEXEC|SOCK_NONBLOCK, 0) = 8
2023-05-17T05:41:05.781313704Z 05:41:05.780958 connect(8, {sa_family=AF_UNIX, sun_path="/var/run/nscd/socket"}, 110) = -1 ENOENT (No such file or directory)
2023-05-17T05:41:05.781674528Z 05:41:05.781455 socket(AF_UNIX, SOCK_STREAM|SOCK_CLOEXEC|SOCK_NONBLOCK, 0) = 8
2023-05-17T05:41:05.781956552Z 05:41:05.781735 connect(8, {sa_family=AF_UNIX, sun_path="/var/run/nscd/socket"}, 110) = -1 ENOENT (No such file or directory)
2023-05-17T05:41:05.782963284Z 05:41:05.782756 socket(AF_INET, SOCK_DGRAM|SOCK_CLOEXEC|SOCK_NONBLOCK, IPPROTO_IP) = 8
2023-05-17T05:41:05.783238905Z 05:41:05.783039 setsockopt(8, SOL_IP, IP_RECVERR, [1], 4) = 0
2023-05-17T05:41:05.783543698Z 05:41:05.783298 connect(8, {sa_family=AF_INET, sin_port=htons(53), sin_addr=inet_addr("10.28.0.10")}, 16) = 0
2023-05-17T05:41:05.783989441Z 05:41:05.783631 sendto(8, "#\5\1\0\0\1\0\0\0\0\0\0\rflux-sample-0\fflux-"..., 76, MSG_NOSIGNAL, NULL, 0) = 76
2023-05-17T05:41:05.785603826Z 05:41:05.785298 recvfrom(8, "#\5\201\200\0\1\0\1\0\0\0\0\rflux-sample-0\fflux-"..., 1024, 0, {sa_family=AF_INET, sin_port=htons(53), sin_addr=inet_addr("10.28.0.10")}, [28->16]) = 92
2023-05-17T05:41:05.792210991Z broker.info[1]: start: none->join 3.26873ms
2023-05-17T05:41:26.453256123Z broker.info[1]: parent-ready: join->init 20.6607s
2023-05-17T05:41:26.453858063Z 05:41:26.453483 socketpair(AF_UNIX, SOCK_STREAM|SOCK_CLOEXEC, 0, [22, 23]) = 0
2023-05-17T05:41:26.454241179Z 05:41:26.453967 socketpair(AF_UNIX, SOCK_STREAM, 0, [24, 25]) = 0
2023-05-17T05:41:26.454626843Z 05:41:26.454471 socketpair(AF_UNIX, SOCK_STREAM, 0, [26, 27]) = 0
2023-05-17T05:41:26.454913085Z 05:41:26.454804 socketpair(AF_UNIX, SOCK_STREAM, 0, [28, 29]) = 0
2023-05-17T05:41:26.477986296Z broker.info[1]: configuration updated
2023-05-17T05:41:26.595783022Z broker.info[1]: rc1.0: running /etc/flux/rc1.d/01-sched-fluxion
2023-05-17T05:41:26.607308044Z broker.info[1]: rc1.0: running /etc/flux/rc1.d/02-cron
2023-05-17T05:41:26.628088901Z broker.info[1]: rc1.0: /etc/flux/rc1 Exited (rc=0) 0.2s
2023-05-17T05:41:26.628956977Z broker.info[1]: rc1-success: init->quorum 0.175301s
2023-05-17T05:41:27.171401244Z broker.info[1]: quorum-full: quorum->run 0.542105s
2023-05-17T05:41:33.573862422Z broker.info[1]: shutdown: run->cleanup 6.40155s
2023-05-17T05:41:33.575682774Z broker.info[1]: cleanup-none: cleanup->shutdown 1.23552ms
2023-05-17T05:41:33.576802397Z broker.info[1]: children-none: shutdown->finalize 1.27944ms
2023-05-17T05:41:33.577775189Z 05:41:33.576844 socketpair(AF_UNIX, SOCK_STREAM|SOCK_CLOEXEC, 0, [22, 23]) = 0
2023-05-17T05:41:33.577860029Z 05:41:33.577037 socketpair(AF_UNIX, SOCK_STREAM, 0, [24, 25]) = 0
2023-05-17T05:41:33.577871079Z 05:41:33.577275 socketpair(AF_UNIX, SOCK_STREAM, 0, [26, 28]) = 0
2023-05-17T05:41:33.577886497Z 05:41:33.577633 socketpair(AF_UNIX, SOCK_STREAM, 0, [58, 59]) = 0
2023-05-17T05:41:33.595906951Z broker.info[1]: rc3.0: running /etc/flux/rc3.d/01-sched-fluxion
2023-05-17T05:41:33.711374143Z broker.info[1]: rc3.0: /etc/flux/rc3 Exited (rc=0) 0.1s
2023-05-17T05:41:33.712657135Z broker.info[1]: rc3-success: finalize->goodbye 0.135659s
2023-05-17T05:41:33.714277284Z broker.info[1]: goodbye: goodbye->exit 1.03448ms
2023-05-17T05:41:33.721972316Z 05:41:33.721777 +++ exited with 0 +++
2023-05-17T05:41:33.723260553Z Return value for follower worker is 0
2023-05-17T05:41:33.723288293Z The follower worker exited cleanly. Goodbye!
