2023-05-17T05:47:35.302940689Z
2023-05-17T05:47:35.303005133Z Flux username: flux
2023-05-17T05:47:35.303011898Z
2023-05-17T05:47:35.303016782Z Flux install root: /usr
2023-05-17T05:47:35.354039367Z flux user is already added.
2023-05-17T05:47:35.356372598Z flux user identifiers:
2023-05-17T05:47:35.356396700Z uid=1234(flux) gid=1234(flux) groups=1234(flux)
2023-05-17T05:47:35.356489164Z
2023-05-17T05:47:35.356499695Z As Flux prefix for flux commands: sudo -u flux -E PYTHONPATH= -E PATH=/usr/local/sbin:/usr/local/bin:/usr/sbin:/usr/bin:/sbin:/bin -E LD_LIBRARY_PATH= -E HOME=/home/flux
2023-05-17T05:47:35.365037418Z
2023-05-17T05:47:35.365066473Z 👋 Hello, I'm flux-sample-2
2023-05-17T05:47:35.365144793Z The main host is flux-sample-0
2023-05-17T05:47:35.365154129Z The working directory is /opt, contents include:
2023-05-17T05:47:35.366824069Z /opt:
2023-05-17T05:47:35.367363671Z End of file listing, if you see nothing above there are no files.
2023-05-17T05:47:35.369177666Z flux R encode --hosts=flux-sample-[0-3]
2023-05-17T05:47:35.395737748Z
2023-05-17T05:47:35.395776263Z 📦 Resources
2023-05-17T05:47:35.397268849Z {"version": 1, "execution": {"R_lite": [{"rank": "0-3", "children": {"core": "0"}}], "starttime": 0.0, "expiration": 0.0, "nodelist": ["flux-sample-[0-3]"]}}
2023-05-17T05:47:35.397784778Z
2023-05-17T05:47:35.397809196Z 🐸 Diagnostics: false
2023-05-17T05:47:35.402329741Z
2023-05-17T05:47:35.402352756Z 🦊 Independent Minister of Privilege
2023-05-17T05:47:35.403598192Z [exec]
2023-05-17T05:47:35.403670304Z allowed-users = [ "flux", "root" ]
2023-05-17T05:47:35.403679831Z allowed-shells = [ "/usr/libexec/flux/flux-shell" ]
2023-05-17T05:47:35.403863539Z
2023-05-17T05:47:35.403877269Z 🐸 Broker Configuration
2023-05-17T05:47:35.405053627Z # Flux needs to know the path to the IMP executable
2023-05-17T05:47:35.405068938Z [exec]
2023-05-17T05:47:35.405074978Z imp = "/usr/libexec/flux/flux-imp"
2023-05-17T05:47:35.405081966Z
2023-05-17T05:47:35.405087884Z [access]
2023-05-17T05:47:35.405094173Z allow-guest-user = true
2023-05-17T05:47:35.405099002Z allow-root-owner = true
2023-05-17T05:47:35.405103848Z
2023-05-17T05:47:35.405108541Z # Point to resource definition generated with flux-R(1).
2023-05-17T05:47:35.405113611Z [resource]
2023-05-17T05:47:35.405126262Z path = "/etc/flux/system/R"
2023-05-17T05:47:35.405133055Z
2023-05-17T05:47:35.405139572Z [bootstrap]
2023-05-17T05:47:35.405144703Z curve_cert = "/etc/curve/curve.cert"
2023-05-17T05:47:35.405149551Z default_port = 8050
2023-05-17T05:47:35.405154330Z default_bind = "tcp://eth0:%p"
2023-05-17T05:47:35.405160206Z default_connect = "tcp://%h.flux-service.flux-operator.svc.cluster.local:%p"
2023-05-17T05:47:35.405164987Z hosts = [
2023-05-17T05:47:35.405169854Z 	{ host="flux-sample-[0-3]"},
2023-05-17T05:47:35.405176742Z ]
2023-05-17T05:47:35.405182696Z
2023-05-17T05:47:35.405187936Z [archive]
2023-05-17T05:47:35.405193054Z dbpath = "/var/lib/flux/job-archive.sqlite"
2023-05-17T05:47:35.405197969Z period = "1m"
2023-05-17T05:47:35.479064025Z busytimeout = "50s"
2023-05-17T05:47:35.479094816Z 🧊️ State Directory:
2023-05-17T05:47:35.479100585Z total 0
2023-05-17T05:47:35.479105279Z
2023-05-17T05:47:35.481966913Z
2023-05-17T05:47:35.481994488Z 🔒️ Working directory permissions:
2023-05-17T05:47:35.482000576Z total 0
2023-05-17T05:47:35.482005426Z
2023-05-17T05:47:35.482195618Z
2023-05-17T05:47:35.482209544Z ✨ Curve certificate generated by helper pod
2023-05-17T05:47:35.483650028Z #   ****  Generated on 2023-04-26 22:54:42 by CZMQ  ****
2023-05-17T05:47:35.483685059Z #   ZeroMQ CURVE **Secret** Certificate
2023-05-17T05:47:35.483691564Z #   DO NOT PROVIDE THIS FILE TO OTHER USERS nor change its permissions.
2023-05-17T05:47:35.483696973Z
2023-05-17T05:47:35.483704500Z metadata
2023-05-17T05:47:35.483729211Z     name = "flux-cert-generator"
2023-05-17T05:47:35.483735204Z     keygen.hostname = "flux-sample-0"
2023-05-17T05:47:35.483740060Z curve
2023-05-17T05:47:35.483745385Z     public-key = "@g+&UuVeXol5*0Z+9NE]VOA27w75xX}-<0Mk*=Ml"
2023-05-17T05:47:35.483752586Z     secret-key = "HFy^:-J0vxtT2d=qMmLcPLDw20x3w.uo1i4?9Sve"
2023-05-17T05:47:35.485672138Z
2023-05-17T05:47:35.485695351Z 🌀  flux start --wrap=strace,-e,network,-tt -o --config /etc/flux/config -Scron.directory=/etc/flux/system/cron.d   -Stbon.fanout=256   -Srundir=/run/flux    -Sstatedir=/var/lib/flux   -Slocal-uri=local:///run/flux/local -Stbon.connect_timeout=5s  -Stbon.zmqdebug=1  -Slog-stderr-level=6    -Slog-stderr-mode=local
2023-05-17T05:47:35.524080292Z 05:47:35.523629 socket(AF_NETLINK, SOCK_RAW|SOCK_CLOEXEC, NETLINK_ROUTE) = 8
2023-05-17T05:47:35.524123103Z 05:47:35.523792 bind(8, {sa_family=AF_NETLINK, nl_pid=0, nl_groups=00000000}, 12) = 0
2023-05-17T05:47:35.524131140Z 05:47:35.523896 getsockname(8, {sa_family=AF_NETLINK, nl_pid=71, nl_groups=00000000}, [12]) = 0
2023-05-17T05:47:35.524328186Z 05:47:35.523979 sendto(8, {{len=20, type=RTM_GETADDR, flags=NLM_F_REQUEST|NLM_F_DUMP, seq=1684302455, pid=0}, {ifa_family=AF_UNSPEC, ...}}, 20, 0, {sa_family=AF_NETLINK, nl_pid=0, nl_groups=00000000}, 12) = 20
2023-05-17T05:47:35.524600427Z 05:47:35.524233 recvmsg(8, {msg_name={sa_family=AF_NETLINK, nl_pid=0, nl_groups=00000000}, msg_namelen=12, msg_iov=[{iov_base=[{{len=76, type=RTM_NEWADDR, flags=NLM_F_MULTI, seq=1684302455, pid=71}, {ifa_family=AF_INET, ifa_prefixlen=8, ifa_flags=IFA_F_PERMANENT, ifa_scope=RT_SCOPE_HOST, ifa_index=if_nametoindex("lo")}, [{{nla_len=8, nla_type=IFA_ADDRESS}, inet_addr("127.0.0.1")}, {{nla_len=8, nla_type=IFA_LOCAL}, inet_addr("127.0.0.1")}, {{nla_len=7, nla_type=IFA_LABEL}, "lo"}, {{nla_len=8, nla_type=IFA_FLAGS}, IFA_F_PERMANENT}, {{nla_len=20, nla_type=IFA_CACHEINFO}, {ifa_prefered=4294967295, ifa_valid=4294967295, cstamp=646611, tstamp=646611}}]}, {{len=88, type=RTM_NEWADDR, flags=NLM_F_MULTI, seq=1684302455, pid=71}, {ifa_family=AF_INET, ifa_prefixlen=24, ifa_flags=IFA_F_PERMANENT, ifa_scope=RT_SCOPE_UNIVERSE, ifa_index=if_nametoindex("eth0")}, [{{nla_len=8, nla_type=IFA_ADDRESS}, inet_addr("10.24.0.61")}, {{nla_len=8, nla_type=IFA_LOCAL}, inet_addr("10.24.0.61")}, {{nla_len=8, nla_type=IFA_BROADCAST}, inet_addr("10.24.0.255")}, {{nla_len=9, nla_type=IFA_LABEL}, "eth0"}, {{nla_len=8, nla_type=IFA_FLAGS}, IFA_F_PERMANENT}, {{nla_len=20, nla_type=IFA_CACHEINFO}, {ifa_prefered=4294967295, ifa_valid=4294967295, cstamp=646614, tstamp=646614}}]}], iov_len=4096}], msg_iovlen=1, msg_controllen=0, msg_flags=0}, 0) = 164
2023-05-17T05:47:35.524714053Z 05:47:35.524490 recvmsg(8, {msg_name={sa_family=AF_NETLINK, nl_pid=0, nl_groups=00000000}, msg_namelen=12, msg_iov=[{iov_base={{len=20, type=NLMSG_DONE, flags=NLM_F_MULTI, seq=1684302455, pid=71}, 0}, iov_len=4096}], msg_iovlen=1, msg_controllen=0, msg_flags=0}, 0) = 20
2023-05-17T05:47:35.525159853Z 05:47:35.524982 socket(AF_UNIX, SOCK_STREAM|SOCK_CLOEXEC|SOCK_NONBLOCK, 0) = 8
2023-05-17T05:47:35.525242237Z 05:47:35.525063 connect(8, {sa_family=AF_UNIX, sun_path="/var/run/nscd/socket"}, 110) = -1 ENOENT (No such file or directory)
2023-05-17T05:47:35.525428917Z 05:47:35.525229 socket(AF_UNIX, SOCK_STREAM|SOCK_CLOEXEC|SOCK_NONBLOCK, 0) = 8
2023-05-17T05:47:35.525439970Z 05:47:35.525297 connect(8, {sa_family=AF_UNIX, sun_path="/var/run/nscd/socket"}, 110) = -1 ENOENT (No such file or directory)
2023-05-17T05:47:35.526252845Z 05:47:35.526049 socket(AF_INET, SOCK_DGRAM|SOCK_CLOEXEC|SOCK_NONBLOCK, IPPROTO_IP) = 8
2023-05-17T05:47:35.526292088Z 05:47:35.526131 setsockopt(8, SOL_IP, IP_RECVERR, [1], 4) = 0
2023-05-17T05:47:35.526371243Z 05:47:35.526204 connect(8, {sa_family=AF_INET, sin_port=htons(53), sin_addr=inet_addr("10.28.0.10")}, 16) = 0
2023-05-17T05:47:35.526687237Z 05:47:35.526322 sendto(8, "@\203\1\0\0\1\0\0\0\0\0\0\rflux-sample-0\fflux-"..., 76, MSG_NOSIGNAL, NULL, 0) = 76
2023-05-17T05:47:35.528304306Z 05:47:35.528123 recvfrom(8, "@\203\201\200\0\1\0\1\0\0\0\0\rflux-sample-0\fflux-"..., 1024, 0, {sa_family=AF_INET, sin_port=htons(53), sin_addr=inet_addr("10.28.0.10")}, [28->16]) = 92
2023-05-17T05:47:35.532662699Z broker.info[2]: start: none->join 1.92991ms
2023-05-17T05:47:45.799861662Z broker.info[2]: parent-ready: join->init 10.267s
2023-05-17T05:47:45.800047944Z 05:47:45.799734 socketpair(AF_UNIX, SOCK_STREAM|SOCK_CLOEXEC, 0, [22, 23]) = 0
2023-05-17T05:47:45.800168567Z 05:47:45.799949 socketpair(AF_UNIX, SOCK_STREAM, 0, [24, 25]) = 0
2023-05-17T05:47:45.800314034Z 05:47:45.800164 socketpair(AF_UNIX, SOCK_STREAM, 0, [26, 27]) = 0
2023-05-17T05:47:45.800582112Z 05:47:45.800369 socketpair(AF_UNIX, SOCK_STREAM, 0, [28, 29]) = 0
2023-05-17T05:47:45.824717580Z broker.info[2]: configuration updated
2023-05-17T05:47:45.937353405Z broker.info[2]: rc1.0: running /etc/flux/rc1.d/01-sched-fluxion
2023-05-17T05:47:45.947742448Z broker.info[2]: rc1.0: running /etc/flux/rc1.d/02-cron
2023-05-17T05:47:45.969426147Z broker.info[2]: rc1.0: /etc/flux/rc1 Exited (rc=0) 0.2s
2023-05-17T05:47:45.969959035Z broker.info[2]: rc1-success: init->quorum 0.170052s
2023-05-17T05:47:46.187408460Z broker.info[2]: quorum-full: quorum->run 0.216629s
2023-05-17T05:47:52.585361864Z broker.info[2]: shutdown: run->cleanup 6.39715s
2023-05-17T05:47:52.586917920Z broker.info[2]: cleanup-none: cleanup->shutdown 1.68762ms
2023-05-17T05:47:52.588145460Z broker.info[2]: children-none: shutdown->finalize 1.11552ms
2023-05-17T05:47:52.588961111Z 05:47:52.588200 socketpair(AF_UNIX, SOCK_STREAM|SOCK_CLOEXEC, 0, [22, 23]) = 0
2023-05-17T05:47:52.590072641Z 05:47:52.588413 socketpair(AF_UNIX, SOCK_STREAM, 0, [24, 25]) = 0
2023-05-17T05:47:52.590531491Z 05:47:52.588701 socketpair(AF_UNIX, SOCK_STREAM, 0, [26, 28]) = 0
2023-05-17T05:47:52.591040477Z 05:47:52.588938 socketpair(AF_UNIX, SOCK_STREAM, 0, [58, 59]) = 0
2023-05-17T05:47:52.607578147Z broker.info[2]: rc3.0: running /etc/flux/rc3.d/01-sched-fluxion
2023-05-17T05:47:52.719578763Z broker.info[2]: rc3.0: /etc/flux/rc3 Exited (rc=0) 0.1s
2023-05-17T05:47:52.720023568Z broker.info[2]: rc3-success: finalize->goodbye 0.131657s
2023-05-17T05:47:52.721313610Z broker.info[2]: goodbye: goodbye->exit 1.18218ms
2023-05-17T05:47:52.728425166Z 05:47:52.728190 +++ exited with 0 +++
2023-05-17T05:47:52.729859994Z Return value for follower worker is 0
2023-05-17T05:47:52.729969525Z The follower worker exited cleanly. Goodbye!
