2023-05-17T05:40:17.390777317Z
2023-05-17T05:40:17.390829733Z Flux username: flux
2023-05-17T05:40:17.390836384Z
2023-05-17T05:40:17.390841683Z Flux install root: /usr
2023-05-17T05:40:17.438287327Z flux user is already added.
2023-05-17T05:40:17.442126553Z flux user identifiers:
2023-05-17T05:40:17.442162522Z uid=1234(flux) gid=1234(flux) groups=1234(flux)
2023-05-17T05:40:17.442170692Z
2023-05-17T05:40:17.442178989Z As Flux prefix for flux commands: sudo -u flux -E PYTHONPATH= -E PATH=/usr/local/sbin:/usr/local/bin:/usr/sbin:/usr/bin:/sbin:/bin -E LD_LIBRARY_PATH= -E HOME=/home/flux
2023-05-17T05:40:17.450732482Z
2023-05-17T05:40:17.450769390Z 👋 Hello, I'm flux-sample-0
2023-05-17T05:40:17.450881877Z The main host is flux-sample-0
2023-05-17T05:40:17.450910807Z The working directory is /opt, contents include:
2023-05-17T05:40:17.453869289Z /opt:
2023-05-17T05:40:17.454204782Z End of file listing, if you see nothing above there are no files.
2023-05-17T05:40:17.456440908Z flux R encode --hosts=flux-sample-[0-3]
2023-05-17T05:40:17.481587063Z
2023-05-17T05:40:17.481618329Z 📦 Resources
2023-05-17T05:40:17.483739852Z {"version": 1, "execution": {"R_lite": [{"rank": "0-3", "children": {"core": "0"}}], "starttime": 0.0, "expiration": 0.0, "nodelist": ["flux-sample-[0-3]"]}}
2023-05-17T05:40:17.484004184Z
2023-05-17T05:40:17.484023325Z 🐸 Diagnostics: false
2023-05-17T05:40:17.487607252Z
2023-05-17T05:40:17.487631621Z 🦊 Independent Minister of Privilege
2023-05-17T05:40:17.488810620Z [exec]
2023-05-17T05:40:17.488827150Z allowed-users = [ "flux", "root" ]
2023-05-17T05:40:17.488835207Z allowed-shells = [ "/usr/libexec/flux/flux-shell" ]
2023-05-17T05:40:17.489048003Z
2023-05-17T05:40:17.489063880Z 🐸 Broker Configuration
2023-05-17T05:40:17.490219424Z # Flux needs to know the path to the IMP executable
2023-05-17T05:40:17.490236817Z [exec]
2023-05-17T05:40:17.490245296Z imp = "/usr/libexec/flux/flux-imp"
2023-05-17T05:40:17.490251300Z
2023-05-17T05:40:17.490257125Z [access]
2023-05-17T05:40:17.490262234Z allow-guest-user = true
2023-05-17T05:40:17.490267083Z allow-root-owner = true
2023-05-17T05:40:17.490271444Z
2023-05-17T05:40:17.490276191Z # Point to resource definition generated with flux-R(1).
2023-05-17T05:40:17.490280823Z [resource]
2023-05-17T05:40:17.490288487Z path = "/etc/flux/system/R"
2023-05-17T05:40:17.490294016Z
2023-05-17T05:40:17.490298814Z [bootstrap]
2023-05-17T05:40:17.490303667Z curve_cert = "/etc/curve/curve.cert"
2023-05-17T05:40:17.490308623Z default_port = 8050
2023-05-17T05:40:17.490313312Z default_bind = "tcp://eth0:%p"
2023-05-17T05:40:17.490318350Z default_connect = "tcp://%h.flux-service.flux-operator.svc.cluster.local:%p"
2023-05-17T05:40:17.490322992Z hosts = [
2023-05-17T05:40:17.490330005Z 	{ host="flux-sample-[0-3]"},
2023-05-17T05:40:17.490335883Z ]
2023-05-17T05:40:17.490340896Z
2023-05-17T05:40:17.490345537Z [archive]
2023-05-17T05:40:17.490350001Z dbpath = "/var/lib/flux/job-archive.sqlite"
2023-05-17T05:40:17.490354321Z period = "1m"
2023-05-17T05:40:17.557562548Z busytimeout = "50s"
2023-05-17T05:40:17.557595166Z 🧊️ State Directory:
2023-05-17T05:40:17.557600950Z total 0
2023-05-17T05:40:17.557605224Z
2023-05-17T05:40:17.561156377Z
2023-05-17T05:40:17.561181469Z 🔒️ Working directory permissions:
2023-05-17T05:40:17.561248740Z total 0
2023-05-17T05:40:17.561256802Z
2023-05-17T05:40:17.561261871Z
2023-05-17T05:40:17.561307634Z ✨ Curve certificate generated by helper pod
2023-05-17T05:40:17.564515662Z #   ****  Generated on 2023-04-26 22:54:42 by CZMQ  ****
2023-05-17T05:40:17.564576274Z #   ZeroMQ CURVE **Secret** Certificate
2023-05-17T05:40:17.564585412Z #   DO NOT PROVIDE THIS FILE TO OTHER USERS nor change its permissions.
2023-05-17T05:40:17.564591423Z
2023-05-17T05:40:17.564596329Z metadata
2023-05-17T05:40:17.564601599Z     name = "flux-cert-generator"
2023-05-17T05:40:17.564606300Z     keygen.hostname = "flux-sample-0"
2023-05-17T05:40:17.564611227Z curve
2023-05-17T05:40:17.564616200Z     public-key = "iAY]vpwDx^!y&<}kK/Zm*$HWPgqqFI(p[.>hGB*O"
2023-05-17T05:40:17.564621061Z     secret-key = "iPyY)iHptbzXB82XD4(^5<J.1EkJ<]5/s@(1jq1+"
2023-05-17T05:40:17.565525453Z Extra command arguments are: sleep 5
2023-05-17T05:40:17.565639136Z
2023-05-17T05:40:17.565678960Z 🌀 Submit Mode: flux start --wrap=strace,-e,network,-tt -o --config /etc/flux/config -Scron.directory=/etc/flux/system/cron.d   -Stbon.fanout=256   -Srundir=/run/flux    -Sstatedir=/var/lib/flux   -Slocal-uri=local:///run/flux/local -Stbon.connect_timeout=5s  -Stbon.zmqdebug=1  -Slog-stderr-level=6    -Slog-stderr-mode=local  flux submit  -n 1 --quiet  --watch sleep 5
2023-05-17T05:40:17.611802163Z 05:40:17.610005 socket(AF_NETLINK, SOCK_RAW|SOCK_CLOEXEC, NETLINK_ROUTE) = 16
2023-05-17T05:40:17.611879441Z 05:40:17.610340 bind(16, {sa_family=AF_NETLINK, nl_pid=0, nl_groups=00000000}, 12) = 0
2023-05-17T05:40:17.611885828Z 05:40:17.610899 getsockname(16, {sa_family=AF_NETLINK, nl_pid=72, nl_groups=00000000}, [12]) = 0
2023-05-17T05:40:17.611891192Z 05:40:17.611116 sendto(16, {{len=20, type=RTM_GETLINK, flags=NLM_F_REQUEST|NLM_F_DUMP, seq=1684302017, pid=0}, {ifi_family=AF_UNSPEC, ...}}, 20, 0, {sa_family=AF_NETLINK, nl_pid=0, nl_groups=00000000}, 12) = 20
2023-05-17T05:40:17.616255895Z 05:40:17.611475 recvmsg(16, {msg_name={sa_family=AF_NETLINK, nl_pid=0, nl_groups=00000000}, msg_namelen=12, msg_iov=[{iov_base=[{{len=1336, type=RTM_NEWLINK, flags=NLM_F_MULTI, seq=1684302017, pid=72}, {ifi_family=AF_UNSPEC, ifi_type=ARPHRD_LOOPBACK, ifi_index=if_nametoindex("lo"), ifi_flags=IFF_UP|IFF_LOOPBACK|IFF_RUNNING|IFF_LOWER_UP, ifi_change=0}, [{{nla_len=7, nla_type=IFLA_IFNAME}, "lo"}, {{nla_len=8, nla_type=IFLA_TXQLEN}, 1000}, {{nla_len=5, nla_type=IFLA_OPERSTATE}, 0}, {{nla_len=5, nla_type=IFLA_LINKMODE}, 0}, {{nla_len=8, nla_type=IFLA_MTU}, 65536}, {{nla_len=8, nla_type=IFLA_MIN_MTU}, 0}, {{nla_len=8, nla_type=IFLA_MAX_MTU}, 0}, {{nla_len=8, nla_type=IFLA_GROUP}, 0}, {{nla_len=8, nla_type=IFLA_PROMISCUITY}, 0}, {{nla_len=8, nla_type=IFLA_NUM_TX_QUEUES}, 1}, {{nla_len=8, nla_type=IFLA_GSO_MAX_SEGS}, 65535}, {{nla_len=8, nla_type=IFLA_GSO_MAX_SIZE}, 65536}, {{nla_len=8, nla_type=IFLA_NUM_RX_QUEUES}, 1}, {{nla_len=5, nla_type=IFLA_CARRIER}, 1}, {{nla_len=12, nla_type=IFLA_QDISC}, "noqueue"}, {{nla_len=8, nla_type=IFLA_CARRIER_CHANGES}, 0}, {{nla_len=8, nla_type=IFLA_CARRIER_UP_COUNT}, 0}, {{nla_len=8, nla_type=IFLA_CARRIER_DOWN_COUNT}, 0}, {{nla_len=5, nla_type=IFLA_PROTO_DOWN}, 0}, {{nla_len=36, nla_type=IFLA_MAP}, {mem_start=0, mem_end=0, base_addr=0, irq=0, dma=0, port=0}}, {{nla_len=10, nla_type=IFLA_ADDRESS}, "\x00\x00\x00\x00\x00\x00"}, {{nla_len=10, nla_type=IFLA_BROADCAST}, "\x00\x00\x00\x00\x00\x00"}, {{nla_len=196, nla_type=IFLA_STATS64}, {rx_packets=0, tx_packets=0, rx_bytes=0, tx_bytes=0, rx_errors=0, tx_errors=0, rx_dropped=0, tx_dropped=0, multicast=0, collisions=0, rx_length_errors=0, rx_over_errors=0, rx_crc_errors=0, rx_frame_errors=0, rx_fifo_errors=0, rx_missed_errors=0, tx_aborted_errors=0, tx_carrier_errors=0, tx_fifo_errors=0, tx_heartbeat_errors=0, tx_window_errors=0, rx_compressed=0, tx_compressed=0, rx_nohandler=0}}, {{nla_len=100, nla_type=IFLA_STATS}, {rx_packets=0, tx_packets=0, rx_bytes=0, tx_bytes=0, rx_errors=0, tx_errors=0, rx_dropped=0, tx_dropped=0, multicast=0, collisions=0, rx_length_errors=0, rx_over_errors=0, rx_crc_errors=0, rx_frame_errors=0, rx_fifo_errors=0, rx_missed_errors=0, tx_aborted_errors=0, tx_carrier_errors=0, tx_fifo_errors=0, tx_heartbeat_errors=0, tx_window_errors=0, rx_compressed=0, tx_compressed=0, rx_nohandler=0}}, {{nla_len=12, nla_type=IFLA_XDP}, {{nla_len=5, nla_type=IFLA_XDP_ATTACHED}, XDP_ATTACHED_NONE}}, {{nla_len=780, nla_type=IFLA_AF_SPEC}, [{{nla_len=136, nla_type=AF_INET}, {{nla_len=132, nla_type=IFLA_INET_CONF}, [[IPV4_DEVCONF_FORWARDING-1] = 1, [IPV4_DEVCONF_MC_FORWARDING-1] = 0, [IPV4_DEVCONF_PROXY_ARP-1] = 0, [IPV4_DEVCONF_ACCEPT_REDIRECTS-1] = 0, [IPV4_DEVCONF_SECURE_REDIRECTS-1] = 1, [IPV4_DEVCONF_SEND_REDIRECTS-1] = 0, [IPV4_DEVCONF_SHARED_MEDIA-1] = 1, [IPV4_DEVCONF_RP_FILTER-1] = 1, [IPV4_DEVCONF_ACCEPT_SOURCE_ROUTE-1] = 0, [IPV4_DEVCONF_BOOTP_RELAY-1] = 0, [IPV4_DEVCONF_LOG_MARTIANS-1] = 1, [IPV4_DEVCONF_TAG-1] = 0, [IPV4_DEVCONF_ARPFILTER-1] = 0, [IPV4_DEVCONF_MEDIUM_ID-1] = 0, [IPV4_DEVCONF_NOXFRM-1] = 1, [IPV4_DEVCONF_NOPOLICY-1] = 1, [IPV4_DEVCONF_FORCE_IGMP_VERSION-1] = 0, [IPV4_DEVCONF_ARP_ANNOUNCE-1] = 0, [IPV4_DEVCONF_ARP_IGNORE-1] = 0, [IPV4_DEVCONF_PROMOTE_SECONDARIES-1] = 0, [IPV4_DEVCONF_ARP_ACCEPT-1] = 0, [IPV4_DEVCONF_ARP_NOTIFY-1] = 0, [IPV4_DEVCONF_ACCEPT_LOCAL-1] = 0, [IPV4_DEVCONF_SRC_VMARK-1] = 0, [IPV4_DEVCONF_PROXY_ARP_PVLAN-1] = 0, [IPV4_DEVCONF_ROUTE_LOCALNET-1] = 0, [IPV4_DEVCONF_IGMPV2_UNSOLICITED_REPORT_INTERVAL-1] = 10000, [IPV4_DEVCONF_IGMPV3_UNSOLICITED_REPORT_INTERVAL-1] = 1000, [IPV4_DEVCONF_IGNORE_ROUTES_WITH_LINKDOWN-1] = 0, [IPV4_DEVCONF_DROP_UNICAST_IN_L2_MULTICAST-1] = 0, [IPV4_DEVCONF_DROP_GRATUITOUS_ARP-1] = 0, [IPV4_DEVCONF_BC_FORWARDING-1] = 0]}}, {{nla_len=640, nla_type=AF_INET6}, [{{nla_len=8, nla_type=IFLA_INET6_FLAGS}, 0}, {{nla_len=20, nla_type=IFLA_INET6_CACHEINFO}, {max_reasm_len=65535, tstamp=602879, reachable_time=33719, retrans_time=1000}}, {{nla_len=228, nla_type=IFLA_INET6_CONF}, [[DEVCONF_FORWARDING] = 0, [DEVCONF_HOPLIMIT] = 64, [DEVCONF_MTU6] = 65536, [DEVCONF_ACCEPT_RA] = 1, [DEVCONF_ACCEPT_REDIRECTS] = 1, [DEVCONF_AUTOCONF] = 1, [DEVCONF_DAD_TRANSMITS] = 1, [DEVCONF_RTR_SOLICITS] = -1, [DEVCONF_RTR_SOLICIT_INTERVAL] = 4000, [DEVCONF_RTR_SOLICIT_DELAY] = 1000, [DEVCONF_USE_TEMPADDR] = -1, [DEVCONF_TEMP_VALID_LFT] = 604800, [DEVCONF_TEMP_PREFERED_LFT] = 86400, [DEVCONF_REGEN_MAX_RETRY] = 3, [DEVCONF_MAX_DESYNC_FACTOR] = 600, [DEVCONF_MAX_ADDRESSES] = 16, [DEVCONF_FORCE_MLD_VERSION] = 0, [DEVCONF_ACCEPT_RA_DEFRTR] = 1, [DEVCONF_ACCEPT_RA_PINFO] = 1, [DEVCONF_ACCEPT_RA_RTR_PREF] = 0, [DEVCONF_RTR_PROBE_INTERVAL] = 0, [DEVCONF_ACCEPT_RA_RT_INFO_MAX_PLEN] = 0, [DEVCONF_PROXY_NDP] = 0, [DEVCONF_OPTIMISTIC_DAD] = 0, [DEVCONF_ACCEPT_SOURCE_ROUTE] = 0, [DEVCONF_MC_FORWARDING] = 0, [DEVCONF_DISABLE_IPV6] = 1, [DEVCONF_ACCEPT_DAD] = -1, [DEVCONF_FORCE_TLLAO] = 0, [DEVCONF_NDISC_NOTIFY] = 0, [DEVCONF_MLDV1_UNSOLICITED_REPORT_INTERVAL] = 10000, [DEVCONF_MLDV2_UNSOLICITED_REPORT_INTERVAL] = 1000, ...]}, {{nla_len=300, nla_type=IFLA_INET6_STATS}, [[IPSTATS_MIB_NUM] = 37, [IPSTATS_MIB_INPKTS] = 0, [IPSTATS_MIB_INOCTETS] = 0, [IPSTATS_MIB_INDELIVERS] = 0, [IPSTATS_MIB_OUTFORWDATAGRAMS] = 0, [IPSTATS_MIB_OUTPKTS] = 0, [IPSTATS_MIB_OUTOCTETS] = 0, [IPSTATS_MIB_INHDRERRORS] = 0, [IPSTATS_MIB_INTOOBIGERRORS] = 0, [IPSTATS_MIB_INNOROUTES] = 0, [IPSTATS_MIB_INADDRERRORS] = 0, [IPSTATS_MIB_INUNKNOWNPROTOS] = 0, [IPSTATS_MIB_INTRUNCATEDPKTS] = 0, [IPSTATS_MIB_INDISCARDS] = 0, [IPSTATS_MIB_OUTDISCARDS] = 0, [IPSTATS_MIB_OUTNOROUTES] = 0, [IPSTATS_MIB_REASMTIMEOUT] = 0, [IPSTATS_MIB_REASMREQDS] = 0, [IPSTATS_MIB_REASMOKS] = 0, [IPSTATS_MIB_REASMFAILS] = 0, [IPSTATS_MIB_FRAGOKS] = 0, [IPSTATS_MIB_FRAGFAILS] = 0, [IPSTATS_MIB_FRAGCREATES] = 0, [IPSTATS_MIB_INMCASTPKTS] = 0, [IPSTATS_MIB_OUTMCASTPKTS] = 0, [IPSTATS_MIB_INBCASTPKTS] = 0, [IPSTATS_MIB_OUTBCASTPKTS] = 0, [IPSTATS_MIB_INMCASTOCTETS] = 0, [IPSTATS_MIB_OUTMCASTOCTETS] = 0, [IPSTATS_MIB_INBCASTOCTETS] = 0, [IPSTATS_MIB_OUTBCASTOCTETS] = 0, [IPSTATS_MIB_CSUMERRORS] = 0, ...]}, {{nla_len=52, nla_type=IFLA_INET6_ICMP6STATS}, [[ICMP6_MIB_NUM] = 6, [ICMP6_MIB_INMSGS] = 0, [ICMP6_MIB_INERRORS] = 0, [ICMP6_MIB_OUTMSGS] = 0, [ICMP6_MIB_OUTERRORS] = 0, [ICMP6_MIB_CSUMERRORS] = 0]}, {{nla_len=20, nla_type=IFLA_INET6_TOKEN}, inet_pton(AF_INET6, "::")}, {{nla_len=5, nla_type=IFLA_INET6_ADDR_GEN_MODE}, IN6_ADDR_GEN_MODE_EUI64}]}]}]}, {{len=1372, type=RTM_NEWLINK, flags=NLM_F_MULTI, seq=1684302017, pid=72}, {ifi_family=AF_UNSPEC, ifi_type=ARPHRD_ETHER, ifi_index=if_nametoindex("eth0"), ifi_flags=IFF_UP|IFF_BROADCAST|IFF_RUNNING|IFF_MULTICAST|IFF_LOWER_UP, ifi_change=0}, [{{nla_len=9, nla_type=IFLA_IFNAME}, "eth0"}, {{nla_len=8, nla_type=IFLA_TXQLEN}, 0}, {{nla_len=5, nla_type=IFLA_OPERSTATE}, 6}, {{nla_len=5, nla_type=IFLA_LINKMODE}, 0}, {{nla_len=8, nla_type=IFLA_MTU}, 1460}, {{nla_len=8, nla_type=IFLA_MIN_MTU}, 68}, {{nla_len=8, nla_type=IFLA_MAX_MTU}, 65535}, {{nla_len=8, nla_type=IFLA_GROUP}, 0}, {{nla_len=8, nla_type=IFLA_PROMISCUITY}, 0}, {{nla_len=8, nla_type=IFLA_NUM_TX_QUEUES}, 2}, {{nla_len=8, nla_type=IFLA_GSO_MAX_SEGS}, 65535}, {{nla_len=8, nla_type=IFLA_GSO_MAX_SIZE}, 65536}, {{nla_len=8, nla_type=IFLA_NUM_RX_QUEUES}, 2}, {{nla_len=5, nla_type=IFLA_CARRIER}, 1}, {{nla_len=12, nla_type=IFLA_QDISC}, "noqueue"}, {{nla_len=8, nla_type=IFLA_CARRIER_CHANGES}, 2}, {{nla_len=8, nla_type=IFLA_CARRIER_UP_COUNT}, 1}, {{nla_len=8, nla_type=IFLA_CARRIER_DOWN_COUNT}, 1}, {{nla_len=5, nla_type=IFLA_PROTO_DOWN}, 0}, {{nla_len=36, nla_type=IFLA_MAP}, {mem_start=0, mem_end=0, base_addr=0, irq=0, dma=0, port=0}}, {{nla_len=10, nla_type=IFLA_ADDRESS}, "\x7e\xc1\x9e\x2b\x81\x14"}, {{nla_len=10, nla_type=IFLA_BROADCAST}, "\xff\xff\xff\xff\xff\xff"}, {{nla_len=196, nla_type=IFLA_STATS64}, {rx_packets=3, tx_packets=3, rx_bytes=266, tx_bytes=218, rx_errors=0, tx_errors=0, rx_dropped=0, tx_dropped=0, multicast=0, collisions=0, rx_length_errors=0, rx_over_errors=0, rx_crc_errors=0, rx_frame_errors=0, rx_fifo_errors=0, rx_missed_errors=0, tx_aborted_errors=0, tx_carrier_errors=0, tx_fifo_errors=0, tx_heartbeat_errors=0, tx_window_errors=0, rx_compressed=0, tx_compressed=0, rx_nohandler=0}}, {{nla_len=100, nla_type=IFLA_STATS}, {rx_packets=3, tx_packets=3, rx_bytes=266, tx_bytes=218, rx_errors=0, tx_errors=0, rx_dropped=0, tx_dropped=0, multicast=0, collisions=0, rx_length_errors=0, rx_over_errors=0, rx_crc_errors=0, rx_frame_errors=0, rx_fifo_errors=0, rx_missed_errors=0, tx_aborted_errors=0, tx_carrier_errors=0, tx_fifo_errors=0, tx_heartbeat_errors=0, tx_window_errors=0, rx_compressed=0, tx_compressed=0, rx_nohandler=0}}, {{nla_len=12, nla_type=IFLA_XDP}, {{nla_len=5, nla_type=IFLA_XDP_ATTACHED}, XDP_ATTACHED_NONE}}, {{nla_len=16, nla_type=IFLA_LINKINFO}, {{nla_len=9, nla_type=IFLA_INFO_KIND}, "veth"}}, {{nla_len=8, nla_type=IFLA_LINK_NETNSID}, 0}, {{nla_len=8, nla_type=IFLA_LINK}, 55}, {{nla_len=780, nla_type=IFLA_AF_SPEC}, [{{nla_len=136, nla_type=AF_INET}, {{nla_len=132, nla_type=IFLA_INET_CONF}, [[IPV4_DEVCONF_FORWARDING-1] = 1, [IPV4_DEVCONF_MC_FORWARDING-1] = 0, [IPV4_DEVCONF_PROXY_ARP-1] = 0, [IPV4_DEVCONF_ACCEPT_REDIRECTS-1] = 0, [IPV4_DEVCONF_SECURE_REDIRECTS-1] = 1, [IPV4_DEVCONF_SEND_REDIRECTS-1] = 0, [IPV4_DEVCONF_SHARED_MEDIA-1] = 1, [IPV4_DEVCONF_RP_FILTER-1] = 1, [IPV4_DEVCONF_ACCEPT_SOURCE_ROUTE-1] = 0, [IPV4_DEVCONF_BOOTP_RELAY-1] = 0, [IPV4_DEVCONF_LOG_MARTIANS-1] = 1, [IPV4_DEVCONF_TAG-1] = 0, [IPV4_DEVCONF_ARPFILTER-1] = 0, [IPV4_DEVCONF_MEDIUM_ID-1] = 0, [IPV4_DEVCONF_NOXFRM-1] = 0, [IPV4_DEVCONF_NOPOLICY-1] = 0, [IPV4_DEVCONF_FORCE_IGMP_VERSION-1] = 0, [IPV4_DEVCONF_ARP_ANNOUNCE-1] = 0, [IPV4_DEVCONF_ARP_IGNORE-1] = 0, [IPV4_DEVCONF_PROMOTE_SECONDARIES-1] = 0, [IPV4_DEVCONF_ARP_ACCEPT-1] = 0, [IPV4_DEVCONF_ARP_NOTIFY-1] = 0, [IPV4_DEVCONF_ACCEPT_LOCAL-1] = 0, [IPV4_DEVCONF_SRC_VMARK-1] = 0, [IPV4_DEVCONF_PROXY_ARP_PVLAN-1] = 0, [IPV4_DEVCONF_ROUTE_LOCALNET-1] = 0, [IPV4_DEVCONF_IGMPV2_UNSOLICITED_REPORT_INTERVAL-1] = 10000, [IPV4_DEVCONF_IGMPV3_UNSOLICITED_REPORT_INTERVAL-1] = 1000, [IPV4_DEVCONF_IGNORE_ROUTES_WITH_LINKDOWN-1] = 0, [IPV4_DEVCONF_DROP_UNICAST_IN_L2_MULTICAST-1] = 0, [IPV4_DEVCONF_DROP_GRATUITOUS_ARP-1] = 0, [IPV4_DEVCONF_BC_FORWARDING-1] = 0]}}, {{nla_len=640, nla_type=AF_INET6}, [{{nla_len=8, nla_type=IFLA_INET6_FLAGS}, 0}, {{nla_len=20, nla_type=IFLA_INET6_CACHEINFO}, {max_reasm_len=65535, tstamp=602879, reachable_time=19926, retrans_time=1000}}, {{nla_len=228, nla_type=IFLA_INET6_CONF}, [[DEVCONF_FORWARDING] = 0, [DEVCONF_HOPLIMIT] = 64, [DEVCONF_MTU6] = 1460, [DEVCONF_ACCEPT_RA] = 1, [DEVCONF_ACCEPT_REDIRECTS] = 1, [DEVCONF_AUTOCONF] = 1, [DEVCONF_DAD_TRANSMITS] = 1, [DEVCONF_RTR_SOLICITS] = -1, [DEVCONF_RTR_SOLICIT_INTERVAL] = 4000, [DEVCONF_RTR_SOLICIT_DELAY] = 1000, [DEVCONF_USE_TEMPADDR] = 0, [DEVCONF_TEMP_VALID_LFT] = 604800, [DEVCONF_TEMP_PREFERED_LFT] = 86400, [DEVCONF_REGEN_MAX_RETRY] = 3, [DEVCONF_MAX_DESYNC_FACTOR] = 600, [DEVCONF_MAX_ADDRESSES] = 16, [DEVCONF_FORCE_MLD_VERSION] = 0, [DEVCONF_ACCEPT_RA_DEFRTR] = 1, [DEVCONF_ACCEPT_RA_PINFO] = 1, [DEVCONF_ACCEPT_RA_RTR_PREF] = 0, [DEVCONF_RTR_PROBE_INTERVAL] = 0, [DEVCONF_ACCEPT_RA_RT_INFO_MAX_PLEN] = 0, [DEVCONF_PROXY_NDP] = 0, [DEVCONF_OPTIMISTIC_DAD] = 0, [DEVCONF_ACCEPT_SOURCE_ROUTE] = 0, [DEVCONF_MC_FORWARDING] = 0, [DEVCONF_DISABLE_IPV6] = 1, [DEVCONF_ACCEPT_DAD] = 1, [DEVCONF_FORCE_TLLAO] = 0, [DEVCONF_NDISC_NOTIFY] = 0, [DEVCONF_MLDV1_UNSOLICITED_REPORT_INTERVAL] = 10000, [DEVCONF_MLDV2_UNSOLICITED_REPORT_INTERVAL] = 1000, ...]}, {{nla_len=300, nla_type=IFLA_INET6_STATS}, [[IPSTATS_MIB_NUM] = 37, [IPSTATS_MIB_INPKTS] = 3, [IPSTATS_MIB_INOCTETS] = 224, [IPSTATS_MIB_INDELIVERS] = 0, [IPSTATS_MIB_OUTFORWDATAGRAMS] = 0, [IPSTATS_MIB_OUTPKTS] = 2, [IPSTATS_MIB_OUTOCTETS] = 148, [IPSTATS_MIB_INHDRERRORS] = 0, [IPSTATS_MIB_INTOOBIGERRORS] = 0, [IPSTATS_MIB_INNOROUTES] = 0, [IPSTATS_MIB_INADDRERRORS] = 0, [IPSTATS_MIB_INUNKNOWNPROTOS] = 0, [IPSTATS_MIB_INTRUNCATEDPKTS] = 0, [IPSTATS_MIB_INDISCARDS] = 1, [IPSTATS_MIB_OUTDISCARDS] = 0, [IPSTATS_MIB_OUTNOROUTES] = 0, [IPSTATS_MIB_REASMTIMEOUT] = 0, [IPSTATS_MIB_REASMREQDS] = 0, [IPSTATS_MIB_REASMOKS] = 0, [IPSTATS_MIB_REASMFAILS] = 0, [IPSTATS_MIB_FRAGOKS] = 0, [IPSTATS_MIB_FRAGFAILS] = 0, [IPSTATS_MIB_FRAGCREATES] = 0, [IPSTATS_MIB_INMCASTPKTS] = 2, [IPSTATS_MIB_OUTMCASTPKTS] = 2, [IPSTATS_MIB_INBCASTPKTS] = 0, [IPSTATS_MIB_OUTBCASTPKTS] = 0, [IPSTATS_MIB_INMCASTOCTETS] = 152, [IPSTATS_MIB_OUTMCASTOCTETS] = 148, [IPSTATS_MIB_INBCASTOCTETS] = 0, [IPSTATS_MIB_OUTBCASTOCTETS] = 0, [IPSTATS_MIB_CSUMERRORS] = 0, ...]}, {{nla_len=52, nla_type=IFLA_INET6_ICMP6STATS}, [[ICMP6_MIB_NUM] = 6, [ICMP6_MIB_INMSGS] = 0, [ICMP6_MIB_INERRORS] = 0, [ICMP6_MIB_OUTMSGS] = 2, [ICMP6_MIB_OUTERRORS] = 0, [ICMP6_MIB_CSUMERRORS] = 0]}, {{nla_len=20, nla_type=IFLA_INET6_TOKEN}, inet_pton(AF_INET6, "::")}, {{nla_len=5, nla_type=IFLA_INET6_ADDR_GEN_MODE}, IN6_ADDR_GEN_MODE_EUI64}]}]}]}], iov_len=4096}], msg_iovlen=1, msg_controllen=0, msg_flags=0}, 0) = 2708
2023-05-17T05:40:17.616327507Z 05:40:17.613222 recvmsg(16, {msg_name={sa_family=AF_NETLINK, nl_pid=0, nl_groups=00000000}, msg_namelen=12, msg_iov=[{iov_base={{len=20, type=NLMSG_DONE, flags=NLM_F_MULTI, seq=1684302017, pid=72}, 0}, iov_len=4096}], msg_iovlen=1, msg_controllen=0, msg_flags=0}, 0) = 20
2023-05-17T05:40:17.616337258Z 05:40:17.613443 sendto(16, {{len=20, type=RTM_GETADDR, flags=NLM_F_REQUEST|NLM_F_DUMP, seq=1684302018, pid=0}, {ifa_family=AF_UNSPEC, ...}}, 20, 0, {sa_family=AF_NETLINK, nl_pid=0, nl_groups=00000000}, 12) = 20
2023-05-17T05:40:17.616345411Z 05:40:17.613656 recvmsg(16, {msg_name={sa_family=AF_NETLINK, nl_pid=0, nl_groups=00000000}, msg_namelen=12, msg_iov=[{iov_base=[{{len=76, type=RTM_NEWADDR, flags=NLM_F_MULTI, seq=1684302018, pid=72}, {ifa_family=AF_INET, ifa_prefixlen=8, ifa_flags=IFA_F_PERMANENT, ifa_scope=RT_SCOPE_HOST, ifa_index=if_nametoindex("lo")}, [{{nla_len=8, nla_type=IFA_ADDRESS}, inet_addr("127.0.0.1")}, {{nla_len=8, nla_type=IFA_LOCAL}, inet_addr("127.0.0.1")}, {{nla_len=7, nla_type=IFA_LABEL}, "lo"}, {{nla_len=8, nla_type=IFA_FLAGS}, IFA_F_PERMANENT}, {{nla_len=20, nla_type=IFA_CACHEINFO}, {ifa_prefered=4294967295, ifa_valid=4294967295, cstamp=602810, tstamp=602810}}]}, {{len=88, type=RTM_NEWADDR, flags=NLM_F_MULTI, seq=1684302018, pid=72}, {ifa_family=AF_INET, ifa_prefixlen=24, ifa_flags=IFA_F_PERMANENT, ifa_scope=RT_SCOPE_UNIVERSE, ifa_index=if_nametoindex("eth0")}, [{{nla_len=8, nla_type=IFA_ADDRESS}, inet_addr("10.24.2.51")}, {{nla_len=8, nla_type=IFA_LOCAL}, inet_addr("10.24.2.51")}, {{nla_len=8, nla_type=IFA_BROADCAST}, inet_addr("10.24.2.255")}, {{nla_len=9, nla_type=IFA_LABEL}, "eth0"}, {{nla_len=8, nla_type=IFA_FLAGS}, IFA_F_PERMANENT}, {{nla_len=20, nla_type=IFA_CACHEINFO}, {ifa_prefered=4294967295, ifa_valid=4294967295, cstamp=602813, tstamp=602813}}]}], iov_len=4096}], msg_iovlen=1, msg_controllen=0, msg_flags=0}, 0) = 164
2023-05-17T05:40:17.616359273Z 05:40:17.613989 recvmsg(16, {msg_name={sa_family=AF_NETLINK, nl_pid=0, nl_groups=00000000}, msg_namelen=12, msg_iov=[{iov_base={{len=20, type=NLMSG_DONE, flags=NLM_F_MULTI, seq=1684302018, pid=72}, 0}, iov_len=4096}], msg_iovlen=1, msg_controllen=0, msg_flags=0}, 0) = 20
2023-05-17T05:40:17.616365627Z 05:40:17.614247 socket(AF_INET, SOCK_STREAM|SOCK_CLOEXEC, IPPROTO_TCP) = 16
2023-05-17T05:40:17.616371395Z 05:40:17.614421 setsockopt(16, SOL_SOCKET, SO_REUSEADDR, [1], 4) = 0
2023-05-17T05:40:17.616376887Z 05:40:17.614601 bind(16, {sa_family=AF_INET, sin_port=htons(8050), sin_addr=inet_addr("10.24.2.51")}, 16) = 0
2023-05-17T05:40:17.616381899Z 05:40:17.614790 listen(16, 100)         = 0
2023-05-17T05:40:17.616386871Z 05:40:17.614943 getsockname(16, {sa_family=AF_INET, sin_port=htons(8050), sin_addr=inet_addr("10.24.2.51")}, [128->16]) = 0
2023-05-17T05:40:17.616392081Z 05:40:17.615247 getsockname(16, {sa_family=AF_INET, sin_port=htons(8050), sin_addr=inet_addr("10.24.2.51")}, [128->16]) = 0
2023-05-17T05:40:17.619988788Z broker.info[0]: start: none->join 2.06454ms
2023-05-17T05:40:17.620020607Z broker.info[0]: parent-none: join->init 0.372706ms
2023-05-17T05:40:17.620026881Z 05:40:17.618643 socketpair(AF_UNIX, SOCK_STREAM|SOCK_CLOEXEC, 0, [18, 19]) = 0
2023-05-17T05:40:17.620031855Z 05:40:17.619712 socketpair(AF_UNIX, SOCK_STREAM, 0, [20, 21]) = 0
2023-05-17T05:40:17.629201397Z 05:40:17.620051 socketpair(AF_UNIX, SOCK_STREAM, 0, [22, 23]) = 0
2023-05-17T05:40:17.629262756Z 05:40:17.621695 socketpair(AF_UNIX, SOCK_STREAM, 0, [24, 25]) = 0
2023-05-17T05:40:17.812052454Z cron.info[0]: synchronizing cron tasks to event heartbeat.pulse
2023-05-17T05:40:17.830549036Z job-manager.info[0]: restart: 0 jobs
2023-05-17T05:40:17.831605396Z job-manager.info[0]: restart: 0 running jobs
2023-05-17T05:40:17.833500656Z job-manager.info[0]: restart: checkpoint.job-manager not found
2023-05-17T05:40:17.951172926Z broker.info[0]: rc1.0: running /etc/flux/rc1.d/01-sched-fluxion
2023-05-17T05:40:17.976100742Z sched-fluxion-resource.info[0]: version 0.27.0-17-g97e99929
2023-05-17T05:40:17.981500682Z sched-fluxion-resource.warning[0]: create_reader: allowlist unsupported
2023-05-17T05:40:17.983631454Z sched-fluxion-resource.info[0]: populate_resource_db: loaded resources from core's resource.acquire
2023-05-17T05:40:18.016084040Z sched-fluxion-qmanager.info[0]: version 0.27.0-17-g97e99929
2023-05-17T05:40:18.024356552Z broker.info[0]: rc1.0: running /etc/flux/rc1.d/02-cron
2023-05-17T05:40:18.218713867Z broker.info[0]: rc1.0: /etc/flux/rc1 Exited (rc=0) 0.6s
2023-05-17T05:40:18.219635183Z broker.info[0]: rc1-success: init->quorum 0.600828s
2023-05-17T05:40:18.264041643Z broker.info[0]: online: flux-sample-0 (ranks 0)
2023-05-17T05:40:18.790178975Z broker.info[0]: online: flux-sample-[0-3] (ranks 0-3)
2023-05-17T05:40:18.790924140Z broker.info[0]: quorum-full: quorum->run 0.57111s
2023-05-17T05:40:18.791161326Z 05:40:18.790849 socketpair(AF_UNIX, SOCK_STREAM|SOCK_CLOEXEC, 0, [20, 22]) = 0
2023-05-17T05:40:18.963069807Z 05:40:18.962680 socketpair(AF_UNIX, SOCK_STREAM|SOCK_CLOEXEC, 0, [113, 114]) = 0
2023-05-17T05:40:18.963120777Z 05:40:18.962820 socketpair(AF_UNIX, SOCK_STREAM, 0, [115, 116]) = 0
2023-05-17T05:40:18.963229436Z 05:40:18.962997 socketpair(AF_UNIX, SOCK_STREAM, 0, [117, 118]) = 0
2023-05-17T05:40:18.963388278Z 05:40:18.963170 socketpair(AF_UNIX, SOCK_STREAM, 0, [119, 120]) = 0
2023-05-17T05:40:24.760545768Z broker.info[0]: rc2.0: flux submit -n 1 --quiet --watch sleep 5 Exited (rc=0) 6.0s
2023-05-17T05:40:24.763481673Z broker.info[0]: rc2-success: run->cleanup 5.97242s
2023-05-17T05:40:24.764883752Z 05:40:24.763569 socketpair(AF_UNIX, SOCK_STREAM|SOCK_CLOEXEC, 0, [20, 22]) = 0
2023-05-17T05:40:24.766424081Z 05:40:24.765026 socketpair(AF_UNIX, SOCK_STREAM, 0, [24, 111]) = 0
2023-05-17T05:40:24.768005828Z 05:40:24.767552 socketpair(AF_UNIX, SOCK_STREAM, 0, [112, 113]) = 0
2023-05-17T05:40:24.769412965Z 05:40:24.769150 socketpair(AF_UNIX, SOCK_STREAM, 0, [114, 115]) = 0
2023-05-17T05:40:24.977231409Z broker.info[0]: cleanup.0: flux queue stop --quiet --all --nocheckpoint Exited (rc=0) 0.2s
2023-05-17T05:40:24.979522511Z 05:40:24.978710 socketpair(AF_UNIX, SOCK_STREAM|SOCK_CLOEXEC, 0, [111, 113]) = 0
2023-05-17T05:40:24.981715219Z 05:40:24.981328 socketpair(AF_UNIX, SOCK_STREAM, 0, [115, 116]) = 0
2023-05-17T05:40:24.983348252Z 05:40:24.983043 socketpair(AF_UNIX, SOCK_STREAM, 0, [117, 118]) = 0
2023-05-17T05:40:24.984594106Z 05:40:24.983505 socketpair(AF_UNIX, SOCK_STREAM, 0, [119, 120]) = 0
2023-05-17T05:40:25.194312115Z broker.info[0]: cleanup.1: flux cancel --user=all --quiet --states RUN Exited (rc=0) 0.2s
2023-05-17T05:40:25.196346956Z 05:40:25.195861 socketpair(AF_UNIX, SOCK_STREAM|SOCK_CLOEXEC, 0, [20, 22]) = 0
2023-05-17T05:40:25.198095331Z 05:40:25.197740 socketpair(AF_UNIX, SOCK_STREAM, 0, [24, 112]) = 0
2023-05-17T05:40:25.200021671Z 05:40:25.199322 socketpair(AF_UNIX, SOCK_STREAM, 0, [114, 116]) = 0
2023-05-17T05:40:25.201710112Z 05:40:25.201039 socketpair(AF_UNIX, SOCK_STREAM, 0, [118, 120]) = 0
2023-05-17T05:40:25.408473576Z broker.info[0]: cleanup.2: flux queue idle --quiet Exited (rc=0) 0.2s
2023-05-17T05:40:25.411872603Z broker.info[0]: cleanup-success: cleanup->shutdown 0.648194s
2023-05-17T05:40:25.572097642Z broker.info[0]: online: flux-sample-[0-1,3] (ranks 0-1,3)
2023-05-17T05:40:25.590613445Z broker.info[0]: children-complete: shutdown->finalize 0.178664s
2023-05-17T05:40:25.592705382Z 05:40:25.592347 socketpair(AF_UNIX, SOCK_STREAM|SOCK_CLOEXEC, 0, [16, 18]) = 0
2023-05-17T05:40:25.593873392Z 05:40:25.592692 socketpair(AF_UNIX, SOCK_STREAM, 0, [19, 20]) = 0
2023-05-17T05:40:25.595266276Z 05:40:25.594889 socketpair(AF_UNIX, SOCK_STREAM, 0, [22, 24]) = 0
2023-05-17T05:40:25.596549293Z 05:40:25.596275 socketpair(AF_UNIX, SOCK_STREAM, 0, [28, 111]) = 0
2023-05-17T05:40:25.630363871Z broker.info[0]: rc3.0: running /etc/flux/rc3.d/01-sched-fluxion
2023-05-17T05:40:26.037297522Z broker.info[0]: rc3.0: /etc/flux/rc3 Exited (rc=0) 0.4s
2023-05-17T05:40:26.039204450Z broker.info[0]: rc3-success: finalize->goodbye 0.446963s
2023-05-17T05:40:26.040079817Z broker.info[0]: goodbye: goodbye->exit 2.08681ms
2023-05-17T05:40:26.048976990Z 05:40:26.048718 +++ exited with 0 +++
