2023-05-17T05:46:12.074635317Z
2023-05-17T05:46:12.074677861Z Flux username: flux
2023-05-17T05:46:12.074684026Z
2023-05-17T05:46:12.074691293Z Flux install root: /usr
2023-05-17T05:46:12.122038783Z flux user is already added.
2023-05-17T05:46:12.125247467Z flux user identifiers:
2023-05-17T05:46:12.125291979Z uid=1234(flux) gid=1234(flux) groups=1234(flux)
2023-05-17T05:46:12.125477031Z
2023-05-17T05:46:12.125513123Z As Flux prefix for flux commands: sudo -u flux -E PYTHONPATH= -E PATH=/usr/local/sbin:/usr/local/bin:/usr/sbin:/usr/bin:/sbin:/bin -E LD_LIBRARY_PATH= -E HOME=/home/flux
2023-05-17T05:46:12.133362475Z
2023-05-17T05:46:12.133390495Z 👋 Hello, I'm flux-sample-1
2023-05-17T05:46:12.133549235Z The main host is flux-sample-0
2023-05-17T05:46:12.133717933Z The working directory is /opt, contents include:
2023-05-17T05:46:12.135452074Z /opt:
2023-05-17T05:46:12.135826974Z End of file listing, if you see nothing above there are no files.
2023-05-17T05:46:12.137584067Z flux R encode --hosts=flux-sample-[0-3]
2023-05-17T05:46:12.162030807Z
2023-05-17T05:46:12.162058415Z 📦 Resources
2023-05-17T05:46:12.163592630Z {"version": 1, "execution": {"R_lite": [{"rank": "0-3", "children": {"core": "0"}}], "starttime": 0.0, "expiration": 0.0, "nodelist": ["flux-sample-[0-3]"]}}
2023-05-17T05:46:12.163953503Z
2023-05-17T05:46:12.163971677Z 🐸 Diagnostics: false
2023-05-17T05:46:12.168785111Z
2023-05-17T05:46:12.168971581Z 🦊 Independent Minister of Privilege
2023-05-17T05:46:12.170098985Z [exec]
2023-05-17T05:46:12.170115441Z allowed-users = [ "flux", "root" ]
2023-05-17T05:46:12.170124158Z allowed-shells = [ "/usr/libexec/flux/flux-shell" ]
2023-05-17T05:46:12.170310909Z
2023-05-17T05:46:12.170324321Z 🐸 Broker Configuration
2023-05-17T05:46:12.171486890Z # Flux needs to know the path to the IMP executable
2023-05-17T05:46:12.171502370Z [exec]
2023-05-17T05:46:12.171510201Z imp = "/usr/libexec/flux/flux-imp"
2023-05-17T05:46:12.171516037Z
2023-05-17T05:46:12.171520823Z [access]
2023-05-17T05:46:12.171525713Z allow-guest-user = true
2023-05-17T05:46:12.171530346Z allow-root-owner = true
2023-05-17T05:46:12.171534871Z
2023-05-17T05:46:12.171539600Z # Point to resource definition generated with flux-R(1).
2023-05-17T05:46:12.171544729Z [resource]
2023-05-17T05:46:12.171552363Z path = "/etc/flux/system/R"
2023-05-17T05:46:12.171558335Z
2023-05-17T05:46:12.171563880Z [bootstrap]
2023-05-17T05:46:12.171569012Z curve_cert = "/etc/curve/curve.cert"
2023-05-17T05:46:12.171574139Z default_port = 8050
2023-05-17T05:46:12.171578891Z default_bind = "tcp://eth0:%p"
2023-05-17T05:46:12.171590044Z default_connect = "tcp://%h.flux-service.flux-operator.svc.cluster.local:%p"
2023-05-17T05:46:12.171596940Z hosts = [
2023-05-17T05:46:12.171606830Z 	{ host="flux-sample-[0-3]"},
2023-05-17T05:46:12.171611984Z ]
2023-05-17T05:46:12.171616999Z
2023-05-17T05:46:12.171621533Z [archive]
2023-05-17T05:46:12.171626468Z dbpath = "/var/lib/flux/job-archive.sqlite"
2023-05-17T05:46:12.171631348Z period = "1m"
2023-05-17T05:46:12.243108323Z busytimeout = "50s"
2023-05-17T05:46:12.243141029Z 🧊️ State Directory:
2023-05-17T05:46:12.243153117Z total 0
2023-05-17T05:46:12.243158624Z
2023-05-17T05:46:12.245896039Z
2023-05-17T05:46:12.245938477Z 🔒️ Working directory permissions:
2023-05-17T05:46:12.245947208Z total 0
2023-05-17T05:46:12.245952983Z
2023-05-17T05:46:12.246087460Z
2023-05-17T05:46:12.246100183Z ✨ Curve certificate generated by helper pod
2023-05-17T05:46:12.247572943Z #   ****  Generated on 2023-04-26 22:54:42 by CZMQ  ****
2023-05-17T05:46:12.247612704Z #   ZeroMQ CURVE **Secret** Certificate
2023-05-17T05:46:12.247620559Z #   DO NOT PROVIDE THIS FILE TO OTHER USERS nor change its permissions.
2023-05-17T05:46:12.247636760Z
2023-05-17T05:46:12.247642627Z metadata
2023-05-17T05:46:12.247651146Z     name = "flux-cert-generator"
2023-05-17T05:46:12.247657373Z     keygen.hostname = "flux-sample-0"
2023-05-17T05:46:12.247662906Z curve
2023-05-17T05:46:12.247668186Z     public-key = "=)s<Q33rEWb4}k9A^v0COtUzW^p9#n6K59TX]qml"
2023-05-17T05:46:12.247673499Z     secret-key = "DUv8np?DnXQ+$<ZcA9E-*7K@s/4T#i6RR}Ef0=&5"
2023-05-17T05:46:12.249606038Z
2023-05-17T05:46:12.249635292Z 🌀  flux start --wrap=strace,-e,network,-tt -o --config /etc/flux/config -Scron.directory=/etc/flux/system/cron.d   -Stbon.fanout=256   -Srundir=/run/flux    -Sstatedir=/var/lib/flux   -Slocal-uri=local:///run/flux/local -Stbon.connect_timeout=5s  -Stbon.zmqdebug=1  -Slog-stderr-level=6    -Slog-stderr-mode=local
2023-05-17T05:46:12.293885954Z 05:46:12.293568 socket(AF_NETLINK, SOCK_RAW|SOCK_CLOEXEC, NETLINK_ROUTE) = 8
2023-05-17T05:46:12.294033144Z 05:46:12.293835 bind(8, {sa_family=AF_NETLINK, nl_pid=0, nl_groups=00000000}, 12) = 0
2023-05-17T05:46:12.294150218Z 05:46:12.293948 getsockname(8, {sa_family=AF_NETLINK, nl_pid=71, nl_groups=00000000}, [12]) = 0
2023-05-17T05:46:12.294550229Z 05:46:12.294156 sendto(8, {{len=20, type=RTM_GETADDR, flags=NLM_F_REQUEST|NLM_F_DUMP, seq=1684302372, pid=0}, {ifa_family=AF_UNSPEC, ...}}, 20, 0, {sa_family=AF_NETLINK, nl_pid=0, nl_groups=00000000}, 12) = 20
2023-05-17T05:46:12.295391261Z 05:46:12.294972 recvmsg(8, {msg_name={sa_family=AF_NETLINK, nl_pid=0, nl_groups=00000000}, msg_namelen=12, msg_iov=[{iov_base=[{{len=76, type=RTM_NEWADDR, flags=NLM_F_MULTI, seq=1684302372, pid=71}, {ifa_family=AF_INET, ifa_prefixlen=8, ifa_flags=IFA_F_PERMANENT, ifa_scope=RT_SCOPE_HOST, ifa_index=if_nametoindex("lo")}, [{{nla_len=8, nla_type=IFA_ADDRESS}, inet_addr("127.0.0.1")}, {{nla_len=8, nla_type=IFA_LOCAL}, inet_addr("127.0.0.1")}, {{nla_len=7, nla_type=IFA_LABEL}, "lo"}, {{nla_len=8, nla_type=IFA_FLAGS}, IFA_F_PERMANENT}, {{nla_len=20, nla_type=IFA_CACHEINFO}, {ifa_prefered=4294967295, ifa_valid=4294967295, cstamp=638173, tstamp=638173}}]}, {{len=88, type=RTM_NEWADDR, flags=NLM_F_MULTI, seq=1684302372, pid=71}, {ifa_family=AF_INET, ifa_prefixlen=24, ifa_flags=IFA_F_PERMANENT, ifa_scope=RT_SCOPE_UNIVERSE, ifa_index=if_nametoindex("eth0")}, [{{nla_len=8, nla_type=IFA_ADDRESS}, inet_addr("10.24.3.58")}, {{nla_len=8, nla_type=IFA_LOCAL}, inet_addr("10.24.3.58")}, {{nla_len=8, nla_type=IFA_BROADCAST}, inet_addr("10.24.3.255")}, {{nla_len=9, nla_type=IFA_LABEL}, "eth0"}, {{nla_len=8, nla_type=IFA_FLAGS}, IFA_F_PERMANENT}, {{nla_len=20, nla_type=IFA_CACHEINFO}, {ifa_prefered=4294967295, ifa_valid=4294967295, cstamp=638175, tstamp=638175}}]}], iov_len=4096}], msg_iovlen=1, msg_controllen=0, msg_flags=0}, 0) = 164
2023-05-17T05:46:12.295629713Z 05:46:12.295405 recvmsg(8, {msg_name={sa_family=AF_NETLINK, nl_pid=0, nl_groups=00000000}, msg_namelen=12, msg_iov=[{iov_base={{len=20, type=NLMSG_DONE, flags=NLM_F_MULTI, seq=1684302372, pid=71}, 0}, iov_len=4096}], msg_iovlen=1, msg_controllen=0, msg_flags=0}, 0) = 20
2023-05-17T05:46:12.296715540Z 05:46:12.296535 socket(AF_UNIX, SOCK_STREAM|SOCK_CLOEXEC|SOCK_NONBLOCK, 0) = 8
2023-05-17T05:46:12.297225458Z 05:46:12.296719 connect(8, {sa_family=AF_UNIX, sun_path="/var/run/nscd/socket"}, 110) = -1 ENOENT (No such file or directory)
2023-05-17T05:46:12.297468800Z 05:46:12.297261 socket(AF_UNIX, SOCK_STREAM|SOCK_CLOEXEC|SOCK_NONBLOCK, 0) = 8
2023-05-17T05:46:12.297554088Z 05:46:12.297415 connect(8, {sa_family=AF_UNIX, sun_path="/var/run/nscd/socket"}, 110) = -1 ENOENT (No such file or directory)
2023-05-17T05:46:12.298475413Z 05:46:12.298304 socket(AF_INET, SOCK_DGRAM|SOCK_CLOEXEC|SOCK_NONBLOCK, IPPROTO_IP) = 8
2023-05-17T05:46:12.298641995Z 05:46:12.298431 setsockopt(8, SOL_IP, IP_RECVERR, [1], 4) = 0
2023-05-17T05:46:12.298655283Z 05:46:12.298507 connect(8, {sa_family=AF_INET, sin_port=htons(53), sin_addr=inet_addr("10.28.0.10")}, 16) = 0
2023-05-17T05:46:12.298980986Z 05:46:12.298625 sendto(8, "\37\336\1\0\0\1\0\0\0\0\0\0\rflux-sample-0\fflux-"..., 76, MSG_NOSIGNAL, NULL, 0) = 76
2023-05-17T05:46:12.300771347Z 05:46:12.300609 recvfrom(8, "\37\336\201\200\0\1\0\1\0\0\0\0\rflux-sample-0\fflux-"..., 1024, 0, {sa_family=AF_INET, sin_port=htons(53), sin_addr=inet_addr("10.28.0.10")}, [28->16]) = 92
2023-05-17T05:46:12.305429777Z broker.info[1]: start: none->join 2.33125ms
2023-05-17T05:46:28.098426306Z broker.info[1]: parent-ready: join->init 15.7928s
2023-05-17T05:46:28.098672543Z 05:46:28.098353 socketpair(AF_UNIX, SOCK_STREAM|SOCK_CLOEXEC, 0, [22, 23]) = 0
2023-05-17T05:46:28.098848415Z 05:46:28.098631 socketpair(AF_UNIX, SOCK_STREAM, 0, [24, 25]) = 0
2023-05-17T05:46:28.099273058Z 05:46:28.099017 socketpair(AF_UNIX, SOCK_STREAM, 0, [26, 27]) = 0
2023-05-17T05:46:28.099547827Z 05:46:28.099263 socketpair(AF_UNIX, SOCK_STREAM, 0, [28, 29]) = 0
2023-05-17T05:46:28.121071904Z broker.info[1]: configuration updated
2023-05-17T05:46:28.228052712Z broker.info[1]: rc1.0: running /etc/flux/rc1.d/01-sched-fluxion
2023-05-17T05:46:28.239270947Z broker.info[1]: rc1.0: running /etc/flux/rc1.d/02-cron
2023-05-17T05:46:28.261042672Z broker.info[1]: rc1.0: /etc/flux/rc1 Exited (rc=0) 0.2s
2023-05-17T05:46:28.261667238Z broker.info[1]: rc1-success: init->quorum 0.163112s
2023-05-17T05:46:28.474900413Z broker.info[1]: quorum-full: quorum->run 0.212988s
2023-05-17T05:46:34.885508305Z broker.info[1]: shutdown: run->cleanup 6.40969s
2023-05-17T05:46:34.886537880Z broker.info[1]: cleanup-none: cleanup->shutdown 0.715223ms
2023-05-17T05:46:34.887732562Z broker.info[1]: children-none: shutdown->finalize 1.31903ms
2023-05-17T05:46:34.888410105Z 05:46:34.888150 socketpair(AF_UNIX, SOCK_STREAM|SOCK_CLOEXEC, 0, [22, 23]) = 0
2023-05-17T05:46:34.888991543Z 05:46:34.888506 socketpair(AF_UNIX, SOCK_STREAM, 0, [24, 25]) = 0
2023-05-17T05:46:34.889022102Z 05:46:34.888790 socketpair(AF_UNIX, SOCK_STREAM, 0, [26, 28]) = 0
2023-05-17T05:46:34.889381736Z 05:46:34.889094 socketpair(AF_UNIX, SOCK_STREAM, 0, [58, 59]) = 0
2023-05-17T05:46:34.906392890Z broker.info[1]: rc3.0: running /etc/flux/rc3.d/01-sched-fluxion
2023-05-17T05:46:35.014738954Z broker.info[1]: rc3.0: /etc/flux/rc3 Exited (rc=0) 0.1s
2023-05-17T05:46:35.015091799Z broker.info[1]: rc3-success: finalize->goodbye 0.126813s
2023-05-17T05:46:35.015903931Z broker.info[1]: goodbye: goodbye->exit 0.697692ms
2023-05-17T05:46:35.024269506Z 05:46:35.024112 +++ exited with 0 +++
2023-05-17T05:46:35.025752217Z Return value for follower worker is 0
2023-05-17T05:46:35.025902257Z The follower worker exited cleanly. Goodbye!
