2023-05-17T05:46:58.555343687Z
2023-05-17T05:46:58.555381043Z Flux username: flux
2023-05-17T05:46:58.555386905Z
2023-05-17T05:46:58.555391895Z Flux install root: /usr
2023-05-17T05:46:58.603656265Z flux user is already added.
2023-05-17T05:46:58.606341360Z flux user identifiers:
2023-05-17T05:46:58.606368940Z uid=1234(flux) gid=1234(flux) groups=1234(flux)
2023-05-17T05:46:58.606486433Z
2023-05-17T05:46:58.606498888Z As Flux prefix for flux commands: sudo -u flux -E PYTHONPATH= -E PATH=/usr/local/sbin:/usr/local/bin:/usr/sbin:/usr/bin:/sbin:/bin -E LD_LIBRARY_PATH= -E HOME=/home/flux
2023-05-17T05:46:58.614526692Z
2023-05-17T05:46:58.614563332Z 👋 Hello, I'm flux-sample-0
2023-05-17T05:46:58.614666892Z The main host is flux-sample-0
2023-05-17T05:46:58.614687480Z The working directory is /opt, contents include:
2023-05-17T05:46:58.616334619Z /opt:
2023-05-17T05:46:58.616856812Z End of file listing, if you see nothing above there are no files.
2023-05-17T05:46:58.618764915Z flux R encode --hosts=flux-sample-[0-3]
2023-05-17T05:46:58.644318711Z
2023-05-17T05:46:58.644353002Z 📦 Resources
2023-05-17T05:46:58.645688570Z {"version": 1, "execution": {"R_lite": [{"rank": "0-3", "children": {"core": "0"}}], "starttime": 0.0, "expiration": 0.0, "nodelist": ["flux-sample-[0-3]"]}}
2023-05-17T05:46:58.646038266Z
2023-05-17T05:46:58.646056851Z 🐸 Diagnostics: false
2023-05-17T05:46:58.650660294Z
2023-05-17T05:46:58.650691870Z 🦊 Independent Minister of Privilege
2023-05-17T05:46:58.652018771Z [exec]
2023-05-17T05:46:58.652036855Z allowed-users = [ "flux", "root" ]
2023-05-17T05:46:58.652043330Z allowed-shells = [ "/usr/libexec/flux/flux-shell" ]
2023-05-17T05:46:58.652288150Z
2023-05-17T05:46:58.652306416Z 🐸 Broker Configuration
2023-05-17T05:46:58.653768030Z # Flux needs to know the path to the IMP executable
2023-05-17T05:46:58.653787558Z [exec]
2023-05-17T05:46:58.653793917Z imp = "/usr/libexec/flux/flux-imp"
2023-05-17T05:46:58.653798535Z
2023-05-17T05:46:58.653803189Z [access]
2023-05-17T05:46:58.653811002Z allow-guest-user = true
2023-05-17T05:46:58.653816966Z allow-root-owner = true
2023-05-17T05:46:58.653821523Z
2023-05-17T05:46:58.653826790Z # Point to resource definition generated with flux-R(1).
2023-05-17T05:46:58.653836948Z [resource]
2023-05-17T05:46:58.653842413Z path = "/etc/flux/system/R"
2023-05-17T05:46:58.653847019Z
2023-05-17T05:46:58.653851942Z [bootstrap]
2023-05-17T05:46:58.653859828Z curve_cert = "/etc/curve/curve.cert"
2023-05-17T05:46:58.653865692Z default_port = 8050
2023-05-17T05:46:58.653871070Z default_bind = "tcp://eth0:%p"
2023-05-17T05:46:58.653876598Z default_connect = "tcp://%h.flux-service.flux-operator.svc.cluster.local:%p"
2023-05-17T05:46:58.653881370Z hosts = [
2023-05-17T05:46:58.653886079Z 	{ host="flux-sample-[0-3]"},
2023-05-17T05:46:58.653891456Z ]
2023-05-17T05:46:58.653895864Z
2023-05-17T05:46:58.653902726Z [archive]
2023-05-17T05:46:58.653908383Z dbpath = "/var/lib/flux/job-archive.sqlite"
2023-05-17T05:46:58.653913180Z period = "1m"
2023-05-17T05:46:58.725286859Z busytimeout = "50s"
2023-05-17T05:46:58.725313140Z 🧊️ State Directory:
2023-05-17T05:46:58.725319582Z total 0
2023-05-17T05:46:58.725326395Z
2023-05-17T05:46:58.728069345Z
2023-05-17T05:46:58.728097206Z 🔒️ Working directory permissions:
2023-05-17T05:46:58.728104508Z total 0
2023-05-17T05:46:58.728386958Z
2023-05-17T05:46:58.728612107Z
2023-05-17T05:46:58.728719348Z ✨ Curve certificate generated by helper pod
2023-05-17T05:46:58.732415742Z #   ****  Generated on 2023-04-26 22:54:42 by CZMQ  ****
2023-05-17T05:46:58.732450099Z #   ZeroMQ CURVE **Secret** Certificate
2023-05-17T05:46:58.732456810Z #   DO NOT PROVIDE THIS FILE TO OTHER USERS nor change its permissions.
2023-05-17T05:46:58.732461925Z
2023-05-17T05:46:58.732466698Z metadata
2023-05-17T05:46:58.732471767Z     name = "flux-cert-generator"
2023-05-17T05:46:58.732476619Z     keygen.hostname = "flux-sample-0"
2023-05-17T05:46:58.732481040Z curve
2023-05-17T05:46:58.732485919Z     public-key = "/H4oMM2uoYoQ$m1X=K&8n5BnX&!yAi.y<a>3D.<8"
2023-05-17T05:46:58.732493220Z     secret-key = "9wQ+/!?>9Krtfi[0T^>{pmG88chyi[00DQq7]?)P"
2023-05-17T05:46:58.734780588Z Extra command arguments are: sleep 5
2023-05-17T05:46:58.734940720Z
2023-05-17T05:46:58.734982235Z 🌀 Submit Mode: flux start --wrap=strace,-e,network,-tt -o --config /etc/flux/config -Scron.directory=/etc/flux/system/cron.d   -Stbon.fanout=256   -Srundir=/run/flux    -Sstatedir=/var/lib/flux   -Slocal-uri=local:///run/flux/local -Stbon.connect_timeout=5s  -Stbon.zmqdebug=1  -Slog-stderr-level=6    -Slog-stderr-mode=local  flux submit  -n 1 --quiet  --watch sleep 5
2023-05-17T05:46:58.780234710Z 05:46:58.779909 socket(AF_NETLINK, SOCK_RAW|SOCK_CLOEXEC, NETLINK_ROUTE) = 16
2023-05-17T05:46:58.780357141Z 05:46:58.780149 bind(16, {sa_family=AF_NETLINK, nl_pid=0, nl_groups=00000000}, 12) = 0
2023-05-17T05:46:58.780429790Z 05:46:58.780275 getsockname(16, {sa_family=AF_NETLINK, nl_pid=71, nl_groups=00000000}, [12]) = 0
2023-05-17T05:46:58.780697124Z 05:46:58.780378 sendto(16, {{len=20, type=RTM_GETLINK, flags=NLM_F_REQUEST|NLM_F_DUMP, seq=1684302418, pid=0}, {ifi_family=AF_UNSPEC, ...}}, 20, 0, {sa_family=AF_NETLINK, nl_pid=0, nl_groups=00000000}, 12) = 20
2023-05-17T05:46:58.781459083Z 05:46:58.780651 recvmsg(16, {msg_name={sa_family=AF_NETLINK, nl_pid=0, nl_groups=00000000}, msg_namelen=12, msg_iov=[{iov_base=[{{len=1336, type=RTM_NEWLINK, flags=NLM_F_MULTI, seq=1684302418, pid=71}, {ifi_family=AF_UNSPEC, ifi_type=ARPHRD_LOOPBACK, ifi_index=if_nametoindex("lo"), ifi_flags=IFF_UP|IFF_LOOPBACK|IFF_RUNNING|IFF_LOWER_UP, ifi_change=0}, [{{nla_len=7, nla_type=IFLA_IFNAME}, "lo"}, {{nla_len=8, nla_type=IFLA_TXQLEN}, 1000}, {{nla_len=5, nla_type=IFLA_OPERSTATE}, 0}, {{nla_len=5, nla_type=IFLA_LINKMODE}, 0}, {{nla_len=8, nla_type=IFLA_MTU}, 65536}, {{nla_len=8, nla_type=IFLA_MIN_MTU}, 0}, {{nla_len=8, nla_type=IFLA_MAX_MTU}, 0}, {{nla_len=8, nla_type=IFLA_GROUP}, 0}, {{nla_len=8, nla_type=IFLA_PROMISCUITY}, 0}, {{nla_len=8, nla_type=IFLA_NUM_TX_QUEUES}, 1}, {{nla_len=8, nla_type=IFLA_GSO_MAX_SEGS}, 65535}, {{nla_len=8, nla_type=IFLA_GSO_MAX_SIZE}, 65536}, {{nla_len=8, nla_type=IFLA_NUM_RX_QUEUES}, 1}, {{nla_len=5, nla_type=IFLA_CARRIER}, 1}, {{nla_len=12, nla_type=IFLA_QDISC}, "noqueue"}, {{nla_len=8, nla_type=IFLA_CARRIER_CHANGES}, 0}, {{nla_len=8, nla_type=IFLA_CARRIER_UP_COUNT}, 0}, {{nla_len=8, nla_type=IFLA_CARRIER_DOWN_COUNT}, 0}, {{nla_len=5, nla_type=IFLA_PROTO_DOWN}, 0}, {{nla_len=36, nla_type=IFLA_MAP}, {mem_start=0, mem_end=0, base_addr=0, irq=0, dma=0, port=0}}, {{nla_len=10, nla_type=IFLA_ADDRESS}, "\x00\x00\x00\x00\x00\x00"}, {{nla_len=10, nla_type=IFLA_BROADCAST}, "\x00\x00\x00\x00\x00\x00"}, {{nla_len=196, nla_type=IFLA_STATS64}, {rx_packets=0, tx_packets=0, rx_bytes=0, tx_bytes=0, rx_errors=0, tx_errors=0, rx_dropped=0, tx_dropped=0, multicast=0, collisions=0, rx_length_errors=0, rx_over_errors=0, rx_crc_errors=0, rx_frame_errors=0, rx_fifo_errors=0, rx_missed_errors=0, tx_aborted_errors=0, tx_carrier_errors=0, tx_fifo_errors=0, tx_heartbeat_errors=0, tx_window_errors=0, rx_compressed=0, tx_compressed=0, rx_nohandler=0}}, {{nla_len=100, nla_type=IFLA_STATS}, {rx_packets=0, tx_packets=0, rx_bytes=0, tx_bytes=0, rx_errors=0, tx_errors=0, rx_dropped=0, tx_dropped=0, multicast=0, collisions=0, rx_length_errors=0, rx_over_errors=0, rx_crc_errors=0, rx_frame_errors=0, rx_fifo_errors=0, rx_missed_errors=0, tx_aborted_errors=0, tx_carrier_errors=0, tx_fifo_errors=0, tx_heartbeat_errors=0, tx_window_errors=0, rx_compressed=0, tx_compressed=0, rx_nohandler=0}}, {{nla_len=12, nla_type=IFLA_XDP}, {{nla_len=5, nla_type=IFLA_XDP_ATTACHED}, XDP_ATTACHED_NONE}}, {{nla_len=780, nla_type=IFLA_AF_SPEC}, [{{nla_len=136, nla_type=AF_INET}, {{nla_len=132, nla_type=IFLA_INET_CONF}, [[IPV4_DEVCONF_FORWARDING-1] = 1, [IPV4_DEVCONF_MC_FORWARDING-1] = 0, [IPV4_DEVCONF_PROXY_ARP-1] = 0, [IPV4_DEVCONF_ACCEPT_REDIRECTS-1] = 0, [IPV4_DEVCONF_SECURE_REDIRECTS-1] = 1, [IPV4_DEVCONF_SEND_REDIRECTS-1] = 0, [IPV4_DEVCONF_SHARED_MEDIA-1] = 1, [IPV4_DEVCONF_RP_FILTER-1] = 1, [IPV4_DEVCONF_ACCEPT_SOURCE_ROUTE-1] = 0, [IPV4_DEVCONF_BOOTP_RELAY-1] = 0, [IPV4_DEVCONF_LOG_MARTIANS-1] = 1, [IPV4_DEVCONF_TAG-1] = 0, [IPV4_DEVCONF_ARPFILTER-1] = 0, [IPV4_DEVCONF_MEDIUM_ID-1] = 0, [IPV4_DEVCONF_NOXFRM-1] = 1, [IPV4_DEVCONF_NOPOLICY-1] = 1, [IPV4_DEVCONF_FORCE_IGMP_VERSION-1] = 0, [IPV4_DEVCONF_ARP_ANNOUNCE-1] = 0, [IPV4_DEVCONF_ARP_IGNORE-1] = 0, [IPV4_DEVCONF_PROMOTE_SECONDARIES-1] = 0, [IPV4_DEVCONF_ARP_ACCEPT-1] = 0, [IPV4_DEVCONF_ARP_NOTIFY-1] = 0, [IPV4_DEVCONF_ACCEPT_LOCAL-1] = 0, [IPV4_DEVCONF_SRC_VMARK-1] = 0, [IPV4_DEVCONF_PROXY_ARP_PVLAN-1] = 0, [IPV4_DEVCONF_ROUTE_LOCALNET-1] = 0, [IPV4_DEVCONF_IGMPV2_UNSOLICITED_REPORT_INTERVAL-1] = 10000, [IPV4_DEVCONF_IGMPV3_UNSOLICITED_REPORT_INTERVAL-1] = 1000, [IPV4_DEVCONF_IGNORE_ROUTES_WITH_LINKDOWN-1] = 0, [IPV4_DEVCONF_DROP_UNICAST_IN_L2_MULTICAST-1] = 0, [IPV4_DEVCONF_DROP_GRATUITOUS_ARP-1] = 0, [IPV4_DEVCONF_BC_FORWARDING-1] = 0]}}, {{nla_len=640, nla_type=AF_INET6}, [{{nla_len=8, nla_type=IFLA_INET6_FLAGS}, 0}, {{nla_len=20, nla_type=IFLA_INET6_CACHEINFO}, {max_reasm_len=65535, tstamp=643000, reachable_time=25236, retrans_time=1000}}, {{nla_len=228, nla_type=IFLA_INET6_CONF}, [[DEVCONF_FORWARDING] = 0, [DEVCONF_HOPLIMIT] = 64, [DEVCONF_MTU6] = 65536, [DEVCONF_ACCEPT_RA] = 1, [DEVCONF_ACCEPT_REDIRECTS] = 1, [DEVCONF_AUTOCONF] = 1, [DEVCONF_DAD_TRANSMITS] = 1, [DEVCONF_RTR_SOLICITS] = -1, [DEVCONF_RTR_SOLICIT_INTERVAL] = 4000, [DEVCONF_RTR_SOLICIT_DELAY] = 1000, [DEVCONF_USE_TEMPADDR] = -1, [DEVCONF_TEMP_VALID_LFT] = 604800, [DEVCONF_TEMP_PREFERED_LFT] = 86400, [DEVCONF_REGEN_MAX_RETRY] = 3, [DEVCONF_MAX_DESYNC_FACTOR] = 600, [DEVCONF_MAX_ADDRESSES] = 16, [DEVCONF_FORCE_MLD_VERSION] = 0, [DEVCONF_ACCEPT_RA_DEFRTR] = 1, [DEVCONF_ACCEPT_RA_PINFO] = 1, [DEVCONF_ACCEPT_RA_RTR_PREF] = 0, [DEVCONF_RTR_PROBE_INTERVAL] = 0, [DEVCONF_ACCEPT_RA_RT_INFO_MAX_PLEN] = 0, [DEVCONF_PROXY_NDP] = 0, [DEVCONF_OPTIMISTIC_DAD] = 0, [DEVCONF_ACCEPT_SOURCE_ROUTE] = 0, [DEVCONF_MC_FORWARDING] = 0, [DEVCONF_DISABLE_IPV6] = 1, [DEVCONF_ACCEPT_DAD] = -1, [DEVCONF_FORCE_TLLAO] = 0, [DEVCONF_NDISC_NOTIFY] = 0, [DEVCONF_MLDV1_UNSOLICITED_REPORT_INTERVAL] = 10000, [DEVCONF_MLDV2_UNSOLICITED_REPORT_INTERVAL] = 1000, ...]}, {{nla_len=300, nla_type=IFLA_INET6_STATS}, [[IPSTATS_MIB_NUM] = 37, [IPSTATS_MIB_INPKTS] = 0, [IPSTATS_MIB_INOCTETS] = 0, [IPSTATS_MIB_INDELIVERS] = 0, [IPSTATS_MIB_OUTFORWDATAGRAMS] = 0, [IPSTATS_MIB_OUTPKTS] = 0, [IPSTATS_MIB_OUTOCTETS] = 0, [IPSTATS_MIB_INHDRERRORS] = 0, [IPSTATS_MIB_INTOOBIGERRORS] = 0, [IPSTATS_MIB_INNOROUTES] = 0, [IPSTATS_MIB_INADDRERRORS] = 0, [IPSTATS_MIB_INUNKNOWNPROTOS] = 0, [IPSTATS_MIB_INTRUNCATEDPKTS] = 0, [IPSTATS_MIB_INDISCARDS] = 0, [IPSTATS_MIB_OUTDISCARDS] = 0, [IPSTATS_MIB_OUTNOROUTES] = 0, [IPSTATS_MIB_REASMTIMEOUT] = 0, [IPSTATS_MIB_REASMREQDS] = 0, [IPSTATS_MIB_REASMOKS] = 0, [IPSTATS_MIB_REASMFAILS] = 0, [IPSTATS_MIB_FRAGOKS] = 0, [IPSTATS_MIB_FRAGFAILS] = 0, [IPSTATS_MIB_FRAGCREATES] = 0, [IPSTATS_MIB_INMCASTPKTS] = 0, [IPSTATS_MIB_OUTMCASTPKTS] = 0, [IPSTATS_MIB_INBCASTPKTS] = 0, [IPSTATS_MIB_OUTBCASTPKTS] = 0, [IPSTATS_MIB_INMCASTOCTETS] = 0, [IPSTATS_MIB_OUTMCASTOCTETS] = 0, [IPSTATS_MIB_INBCASTOCTETS] = 0, [IPSTATS_MIB_OUTBCASTOCTETS] = 0, [IPSTATS_MIB_CSUMERRORS] = 0, ...]}, {{nla_len=52, nla_type=IFLA_INET6_ICMP6STATS}, [[ICMP6_MIB_NUM] = 6, [ICMP6_MIB_INMSGS] = 0, [ICMP6_MIB_INERRORS] = 0, [ICMP6_MIB_OUTMSGS] = 0, [ICMP6_MIB_OUTERRORS] = 0, [ICMP6_MIB_CSUMERRORS] = 0]}, {{nla_len=20, nla_type=IFLA_INET6_TOKEN}, inet_pton(AF_INET6, "::")}, {{nla_len=5, nla_type=IFLA_INET6_ADDR_GEN_MODE}, IN6_ADDR_GEN_MODE_EUI64}]}]}]}, {{len=1372, type=RTM_NEWLINK, flags=NLM_F_MULTI, seq=1684302418, pid=71}, {ifi_family=AF_UNSPEC, ifi_type=ARPHRD_ETHER, ifi_index=if_nametoindex("eth0"), ifi_flags=IFF_UP|IFF_BROADCAST|IFF_RUNNING|IFF_MULTICAST|IFF_LOWER_UP, ifi_change=0}, [{{nla_len=9, nla_type=IFLA_IFNAME}, "eth0"}, {{nla_len=8, nla_type=IFLA_TXQLEN}, 0}, {{nla_len=5, nla_type=IFLA_OPERSTATE}, 6}, {{nla_len=5, nla_type=IFLA_LINKMODE}, 0}, {{nla_len=8, nla_type=IFLA_MTU}, 1460}, {{nla_len=8, nla_type=IFLA_MIN_MTU}, 68}, {{nla_len=8, nla_type=IFLA_MAX_MTU}, 65535}, {{nla_len=8, nla_type=IFLA_GROUP}, 0}, {{nla_len=8, nla_type=IFLA_PROMISCUITY}, 0}, {{nla_len=8, nla_type=IFLA_NUM_TX_QUEUES}, 2}, {{nla_len=8, nla_type=IFLA_GSO_MAX_SEGS}, 65535}, {{nla_len=8, nla_type=IFLA_GSO_MAX_SIZE}, 65536}, {{nla_len=8, nla_type=IFLA_NUM_RX_QUEUES}, 2}, {{nla_len=5, nla_type=IFLA_CARRIER}, 1}, {{nla_len=12, nla_type=IFLA_QDISC}, "noqueue"}, {{nla_len=8, nla_type=IFLA_CARRIER_CHANGES}, 2}, {{nla_len=8, nla_type=IFLA_CARRIER_UP_COUNT}, 1}, {{nla_len=8, nla_type=IFLA_CARRIER_DOWN_COUNT}, 1}, {{nla_len=5, nla_type=IFLA_PROTO_DOWN}, 0}, {{nla_len=36, nla_type=IFLA_MAP}, {mem_start=0, mem_end=0, base_addr=0, irq=0, dma=0, port=0}}, {{nla_len=10, nla_type=IFLA_ADDRESS}, "\xda\xd8\x85\x09\x22\x17"}, {{nla_len=10, nla_type=IFLA_BROADCAST}, "\xff\xff\xff\xff\xff\xff"}, {{nla_len=196, nla_type=IFLA_STATS64}, {rx_packets=3, tx_packets=4, rx_bytes=266, tx_bytes=308, rx_errors=0, tx_errors=0, rx_dropped=0, tx_dropped=0, multicast=0, collisions=0, rx_length_errors=0, rx_over_errors=0, rx_crc_errors=0, rx_frame_errors=0, rx_fifo_errors=0, rx_missed_errors=0, tx_aborted_errors=0, tx_carrier_errors=0, tx_fifo_errors=0, tx_heartbeat_errors=0, tx_window_errors=0, rx_compressed=0, tx_compressed=0, rx_nohandler=0}}, {{nla_len=100, nla_type=IFLA_STATS}, {rx_packets=3, tx_packets=4, rx_bytes=266, tx_bytes=308, rx_errors=0, tx_errors=0, rx_dropped=0, tx_dropped=0, multicast=0, collisions=0, rx_length_errors=0, rx_over_errors=0, rx_crc_errors=0, rx_frame_errors=0, rx_fifo_errors=0, rx_missed_errors=0, tx_aborted_errors=0, tx_carrier_errors=0, tx_fifo_errors=0, tx_heartbeat_errors=0, tx_window_errors=0, rx_compressed=0, tx_compressed=0, rx_nohandler=0}}, {{nla_len=12, nla_type=IFLA_XDP}, {{nla_len=5, nla_type=IFLA_XDP_ATTACHED}, XDP_ATTACHED_NONE}}, {{nla_len=16, nla_type=IFLA_LINKINFO}, {{nla_len=9, nla_type=IFLA_INFO_KIND}, "veth"}}, {{nla_len=8, nla_type=IFLA_LINK_NETNSID}, 0}, {{nla_len=8, nla_type=IFLA_LINK}, 72}, {{nla_len=780, nla_type=IFLA_AF_SPEC}, [{{nla_len=136, nla_type=AF_INET}, {{nla_len=132, nla_type=IFLA_INET_CONF}, [[IPV4_DEVCONF_FORWARDING-1] = 1, [IPV4_DEVCONF_MC_FORWARDING-1] = 0, [IPV4_DEVCONF_PROXY_ARP-1] = 0, [IPV4_DEVCONF_ACCEPT_REDIRECTS-1] = 0, [IPV4_DEVCONF_SECURE_REDIRECTS-1] = 1, [IPV4_DEVCONF_SEND_REDIRECTS-1] = 0, [IPV4_DEVCONF_SHARED_MEDIA-1] = 1, [IPV4_DEVCONF_RP_FILTER-1] = 1, [IPV4_DEVCONF_ACCEPT_SOURCE_ROUTE-1] = 0, [IPV4_DEVCONF_BOOTP_RELAY-1] = 0, [IPV4_DEVCONF_LOG_MARTIANS-1] = 1, [IPV4_DEVCONF_TAG-1] = 0, [IPV4_DEVCONF_ARPFILTER-1] = 0, [IPV4_DEVCONF_MEDIUM_ID-1] = 0, [IPV4_DEVCONF_NOXFRM-1] = 0, [IPV4_DEVCONF_NOPOLICY-1] = 0, [IPV4_DEVCONF_FORCE_IGMP_VERSION-1] = 0, [IPV4_DEVCONF_ARP_ANNOUNCE-1] = 0, [IPV4_DEVCONF_ARP_IGNORE-1] = 0, [IPV4_DEVCONF_PROMOTE_SECONDARIES-1] = 0, [IPV4_DEVCONF_ARP_ACCEPT-1] = 0, [IPV4_DEVCONF_ARP_NOTIFY-1] = 0, [IPV4_DEVCONF_ACCEPT_LOCAL-1] = 0, [IPV4_DEVCONF_SRC_VMARK-1] = 0, [IPV4_DEVCONF_PROXY_ARP_PVLAN-1] = 0, [IPV4_DEVCONF_ROUTE_LOCALNET-1] = 0, [IPV4_DEVCONF_IGMPV2_UNSOLICITED_REPORT_INTERVAL-1] = 10000, [IPV4_DEVCONF_IGMPV3_UNSOLICITED_REPORT_INTERVAL-1] = 1000, [IPV4_DEVCONF_IGNORE_ROUTES_WITH_LINKDOWN-1] = 0, [IPV4_DEVCONF_DROP_UNICAST_IN_L2_MULTICAST-1] = 0, [IPV4_DEVCONF_DROP_GRATUITOUS_ARP-1] = 0, [IPV4_DEVCONF_BC_FORWARDING-1] = 0]}}, {{nla_len=640, nla_type=AF_INET6}, [{{nla_len=8, nla_type=IFLA_INET6_FLAGS}, 0}, {{nla_len=20, nla_type=IFLA_INET6_CACHEINFO}, {max_reasm_len=65535, tstamp=643000, reachable_time=23689, retrans_time=1000}}, {{nla_len=228, nla_type=IFLA_INET6_CONF}, [[DEVCONF_FORWARDING] = 0, [DEVCONF_HOPLIMIT] = 64, [DEVCONF_MTU6] = 1460, [DEVCONF_ACCEPT_RA] = 1, [DEVCONF_ACCEPT_REDIRECTS] = 1, [DEVCONF_AUTOCONF] = 1, [DEVCONF_DAD_TRANSMITS] = 1, [DEVCONF_RTR_SOLICITS] = -1, [DEVCONF_RTR_SOLICIT_INTERVAL] = 4000, [DEVCONF_RTR_SOLICIT_DELAY] = 1000, [DEVCONF_USE_TEMPADDR] = 0, [DEVCONF_TEMP_VALID_LFT] = 604800, [DEVCONF_TEMP_PREFERED_LFT] = 86400, [DEVCONF_REGEN_MAX_RETRY] = 3, [DEVCONF_MAX_DESYNC_FACTOR] = 600, [DEVCONF_MAX_ADDRESSES] = 16, [DEVCONF_FORCE_MLD_VERSION] = 0, [DEVCONF_ACCEPT_RA_DEFRTR] = 1, [DEVCONF_ACCEPT_RA_PINFO] = 1, [DEVCONF_ACCEPT_RA_RTR_PREF] = 0, [DEVCONF_RTR_PROBE_INTERVAL] = 0, [DEVCONF_ACCEPT_RA_RT_INFO_MAX_PLEN] = 0, [DEVCONF_PROXY_NDP] = 0, [DEVCONF_OPTIMISTIC_DAD] = 0, [DEVCONF_ACCEPT_SOURCE_ROUTE] = 0, [DEVCONF_MC_FORWARDING] = 0, [DEVCONF_DISABLE_IPV6] = 1, [DEVCONF_ACCEPT_DAD] = 1, [DEVCONF_FORCE_TLLAO] = 0, [DEVCONF_NDISC_NOTIFY] = 0, [DEVCONF_MLDV1_UNSOLICITED_REPORT_INTERVAL] = 10000, [DEVCONF_MLDV2_UNSOLICITED_REPORT_INTERVAL] = 1000, ...]}, {{nla_len=300, nla_type=IFLA_INET6_STATS}, [[IPSTATS_MIB_NUM] = 37, [IPSTATS_MIB_INPKTS] = 3, [IPSTATS_MIB_INOCTETS] = 224, [IPSTATS_MIB_INDELIVERS] = 0, [IPSTATS_MIB_OUTFORWDATAGRAMS] = 0, [IPSTATS_MIB_OUTPKTS] = 3, [IPSTATS_MIB_OUTOCTETS] = 224, [IPSTATS_MIB_INHDRERRORS] = 0, [IPSTATS_MIB_INTOOBIGERRORS] = 0, [IPSTATS_MIB_INNOROUTES] = 0, [IPSTATS_MIB_INADDRERRORS] = 0, [IPSTATS_MIB_INUNKNOWNPROTOS] = 0, [IPSTATS_MIB_INTRUNCATEDPKTS] = 0, [IPSTATS_MIB_INDISCARDS] = 1, [IPSTATS_MIB_OUTDISCARDS] = 0, [IPSTATS_MIB_OUTNOROUTES] = 0, [IPSTATS_MIB_REASMTIMEOUT] = 0, [IPSTATS_MIB_REASMREQDS] = 0, [IPSTATS_MIB_REASMOKS] = 0, [IPSTATS_MIB_REASMFAILS] = 0, [IPSTATS_MIB_FRAGOKS] = 0, [IPSTATS_MIB_FRAGFAILS] = 0, [IPSTATS_MIB_FRAGCREATES] = 0, [IPSTATS_MIB_INMCASTPKTS] = 2, [IPSTATS_MIB_OUTMCASTPKTS] = 3, [IPSTATS_MIB_INBCASTPKTS] = 0, [IPSTATS_MIB_OUTBCASTPKTS] = 0, [IPSTATS_MIB_INMCASTOCTETS] = 152, [IPSTATS_MIB_OUTMCASTOCTETS] = 224, [IPSTATS_MIB_INBCASTOCTETS] = 0, [IPSTATS_MIB_OUTBCASTOCTETS] = 0, [IPSTATS_MIB_CSUMERRORS] = 0, ...]}, {{nla_len=52, nla_type=IFLA_INET6_ICMP6STATS}, [[ICMP6_MIB_NUM] = 6, [ICMP6_MIB_INMSGS] = 0, [ICMP6_MIB_INERRORS] = 0, [ICMP6_MIB_OUTMSGS] = 3, [ICMP6_MIB_OUTERRORS] = 0, [ICMP6_MIB_CSUMERRORS] = 0]}, {{nla_len=20, nla_type=IFLA_INET6_TOKEN}, inet_pton(AF_INET6, "::")}, {{nla_len=5, nla_type=IFLA_INET6_ADDR_GEN_MODE}, IN6_ADDR_GEN_MODE_EUI64}]}]}]}], iov_len=4096}], msg_iovlen=1, msg_controllen=0, msg_flags=0}, 0) = 2708
2023-05-17T05:46:58.781603518Z 05:46:58.781438 recvmsg(16, {msg_name={sa_family=AF_NETLINK, nl_pid=0, nl_groups=00000000}, msg_namelen=12, msg_iov=[{iov_base={{len=20, type=NLMSG_DONE, flags=NLM_F_MULTI, seq=1684302418, pid=71}, 0}, iov_len=4096}], msg_iovlen=1, msg_controllen=0, msg_flags=0}, 0) = 20
2023-05-17T05:46:58.781773780Z 05:46:58.781583 sendto(16, {{len=20, type=RTM_GETADDR, flags=NLM_F_REQUEST|NLM_F_DUMP, seq=1684302419, pid=0}, {ifa_family=AF_UNSPEC, ...}}, 20, 0, {sa_family=AF_NETLINK, nl_pid=0, nl_groups=00000000}, 12) = 20
2023-05-17T05:46:58.782002941Z 05:46:58.781732 recvmsg(16, {msg_name={sa_family=AF_NETLINK, nl_pid=0, nl_groups=00000000}, msg_namelen=12, msg_iov=[{iov_base=[{{len=76, type=RTM_NEWADDR, flags=NLM_F_MULTI, seq=1684302419, pid=71}, {ifa_family=AF_INET, ifa_prefixlen=8, ifa_flags=IFA_F_PERMANENT, ifa_scope=RT_SCOPE_HOST, ifa_index=if_nametoindex("lo")}, [{{nla_len=8, nla_type=IFA_ADDRESS}, inet_addr("127.0.0.1")}, {{nla_len=8, nla_type=IFA_LOCAL}, inet_addr("127.0.0.1")}, {{nla_len=7, nla_type=IFA_LABEL}, "lo"}, {{nla_len=8, nla_type=IFA_FLAGS}, IFA_F_PERMANENT}, {{nla_len=20, nla_type=IFA_CACHEINFO}, {ifa_prefered=4294967295, ifa_valid=4294967295, cstamp=642946, tstamp=642946}}]}, {{len=88, type=RTM_NEWADDR, flags=NLM_F_MULTI, seq=1684302419, pid=71}, {ifa_family=AF_INET, ifa_prefixlen=24, ifa_flags=IFA_F_PERMANENT, ifa_scope=RT_SCOPE_UNIVERSE, ifa_index=if_nametoindex("eth0")}, [{{nla_len=8, nla_type=IFA_ADDRESS}, inet_addr("10.24.2.68")}, {{nla_len=8, nla_type=IFA_LOCAL}, inet_addr("10.24.2.68")}, {{nla_len=8, nla_type=IFA_BROADCAST}, inet_addr("10.24.2.255")}, {{nla_len=9, nla_type=IFA_LABEL}, "eth0"}, {{nla_len=8, nla_type=IFA_FLAGS}, IFA_F_PERMANENT}, {{nla_len=20, nla_type=IFA_CACHEINFO}, {ifa_prefered=4294967295, ifa_valid=4294967295, cstamp=642949, tstamp=642949}}]}], iov_len=4096}], msg_iovlen=1, msg_controllen=0, msg_flags=0}, 0) = 164
2023-05-17T05:46:58.782131433Z 05:46:58.781966 recvmsg(16, {msg_name={sa_family=AF_NETLINK, nl_pid=0, nl_groups=00000000}, msg_namelen=12, msg_iov=[{iov_base={{len=20, type=NLMSG_DONE, flags=NLM_F_MULTI, seq=1684302419, pid=71}, 0}, iov_len=4096}], msg_iovlen=1, msg_controllen=0, msg_flags=0}, 0) = 20
2023-05-17T05:46:58.782294422Z 05:46:58.782177 socket(AF_INET, SOCK_STREAM|SOCK_CLOEXEC, IPPROTO_TCP) = 16
2023-05-17T05:46:58.782611824Z 05:46:58.782258 setsockopt(16, SOL_SOCKET, SO_REUSEADDR, [1], 4) = 0
2023-05-17T05:46:58.782629781Z 05:46:58.782328 bind(16, {sa_family=AF_INET, sin_port=htons(8050), sin_addr=inet_addr("10.24.2.68")}, 16) = 0
2023-05-17T05:46:58.782637371Z 05:46:58.782410 listen(16, 100)         = 0
2023-05-17T05:46:58.782647101Z 05:46:58.782472 getsockname(16, {sa_family=AF_INET, sin_port=htons(8050), sin_addr=inet_addr("10.24.2.68")}, [128->16]) = 0
2023-05-17T05:46:58.782806995Z 05:46:58.782646 getsockname(16, {sa_family=AF_INET, sin_port=htons(8050), sin_addr=inet_addr("10.24.2.68")}, [128->16]) = 0
2023-05-17T05:46:58.785447345Z broker.info[0]: start: none->join 1.95011ms
2023-05-17T05:46:58.785916901Z broker.info[0]: parent-none: join->init 0.441986ms
2023-05-17T05:46:58.786042525Z 05:46:58.785862 socketpair(AF_UNIX, SOCK_STREAM|SOCK_CLOEXEC, 0, [22, 23]) = 0
2023-05-17T05:46:58.786156853Z 05:46:58.786005 socketpair(AF_UNIX, SOCK_STREAM, 0, [24, 25]) = 0
2023-05-17T05:46:58.786341417Z 05:46:58.786195 socketpair(AF_UNIX, SOCK_STREAM, 0, [26, 27]) = 0
2023-05-17T05:46:58.786558030Z 05:46:58.786415 socketpair(AF_UNIX, SOCK_STREAM, 0, [29, 30]) = 0
2023-05-17T05:46:58.977669852Z cron.info[0]: synchronizing cron tasks to event heartbeat.pulse
2023-05-17T05:46:58.998982569Z job-manager.info[0]: restart: 0 jobs
2023-05-17T05:46:58.999693307Z job-manager.info[0]: restart: 0 running jobs
2023-05-17T05:46:59.001041487Z job-manager.info[0]: restart: checkpoint.job-manager not found
2023-05-17T05:46:59.128278037Z broker.info[0]: rc1.0: running /etc/flux/rc1.d/01-sched-fluxion
2023-05-17T05:46:59.154704082Z sched-fluxion-resource.info[0]: version 0.27.0-17-g97e99929
2023-05-17T05:46:59.159354027Z sched-fluxion-resource.warning[0]: create_reader: allowlist unsupported
2023-05-17T05:46:59.161867996Z sched-fluxion-resource.info[0]: populate_resource_db: loaded resources from core's resource.acquire
2023-05-17T05:46:59.174292262Z sched-fluxion-qmanager.info[0]: version 0.27.0-17-g97e99929
2023-05-17T05:46:59.186354571Z broker.info[0]: rc1.0: running /etc/flux/rc1.d/02-cron
2023-05-17T05:46:59.389936096Z broker.info[0]: rc1.0: /etc/flux/rc1 Exited (rc=0) 0.6s
2023-05-17T05:46:59.391170990Z broker.info[0]: rc1-success: init->quorum 0.605128s
2023-05-17T05:46:59.495245340Z broker.info[0]: online: flux-sample-0 (ranks 0)
2023-05-17T05:47:19.863773718Z broker.info[0]: online: flux-sample-[0,2] (ranks 0,2)
2023-05-17T05:47:21.448152768Z broker.info[0]: online: flux-sample-[0-3] (ranks 0-3)
2023-05-17T05:47:21.448823494Z broker.info[0]: quorum-full: quorum->run 22.0571s
2023-05-17T05:47:21.450563208Z 05:47:21.448616 socketpair(AF_UNIX, SOCK_STREAM|SOCK_CLOEXEC, 0, [26, 27]) = 0
2023-05-17T05:47:21.604521983Z 05:47:21.604208 socketpair(AF_UNIX, SOCK_STREAM|SOCK_CLOEXEC, 0, [113, 114]) = 0
2023-05-17T05:47:21.604711238Z 05:47:21.604508 socketpair(AF_UNIX, SOCK_STREAM, 0, [115, 116]) = 0
2023-05-17T05:47:21.606097347Z 05:47:21.605556 socketpair(AF_UNIX, SOCK_STREAM, 0, [117, 118]) = 0
2023-05-17T05:47:21.606181200Z 05:47:21.605880 socketpair(AF_UNIX, SOCK_STREAM, 0, [119, 120]) = 0
2023-05-17T05:47:27.319045352Z broker.info[0]: rc2.0: flux submit -n 1 --quiet --watch sleep 5 Exited (rc=0) 5.9s
2023-05-17T05:47:27.322352474Z broker.info[0]: rc2-success: run->cleanup 5.87341s
2023-05-17T05:47:27.324178500Z 05:47:27.323847 socketpair(AF_UNIX, SOCK_STREAM|SOCK_CLOEXEC, 0, [26, 27]) = 0
2023-05-17T05:47:27.325352935Z 05:47:27.325047 socketpair(AF_UNIX, SOCK_STREAM, 0, [29, 111]) = 0
2023-05-17T05:47:27.326861615Z 05:47:27.326620 socketpair(AF_UNIX, SOCK_STREAM, 0, [112, 113]) = 0
2023-05-17T05:47:27.328257073Z 05:47:27.327985 socketpair(AF_UNIX, SOCK_STREAM, 0, [114, 115]) = 0
2023-05-17T05:47:27.483427830Z broker.info[0]: cleanup.0: flux queue stop --quiet --all --nocheckpoint Exited (rc=0) 0.1s
2023-05-17T05:47:27.485095133Z 05:47:27.483570 socketpair(AF_UNIX, SOCK_STREAM|SOCK_CLOEXEC, 0, [111, 113]) = 0
2023-05-17T05:47:27.486329388Z 05:47:27.485476 socketpair(AF_UNIX, SOCK_STREAM, 0, [115, 116]) = 0
2023-05-17T05:47:27.487749068Z 05:47:27.486378 socketpair(AF_UNIX, SOCK_STREAM, 0, [117, 118]) = 0
2023-05-17T05:47:27.487987813Z 05:47:27.486707 socketpair(AF_UNIX, SOCK_STREAM, 0, [119, 120]) = 0
2023-05-17T05:47:27.648453243Z broker.info[0]: cleanup.1: flux cancel --user=all --quiet --states RUN Exited (rc=0) 0.2s
2023-05-17T05:47:27.650379292Z 05:47:27.649072 socketpair(AF_UNIX, SOCK_STREAM|SOCK_CLOEXEC, 0, [26, 27]) = 0
2023-05-17T05:47:27.651675091Z 05:47:27.650576 socketpair(AF_UNIX, SOCK_STREAM, 0, [29, 112]) = 0
2023-05-17T05:47:27.653060867Z 05:47:27.652816 socketpair(AF_UNIX, SOCK_STREAM, 0, [114, 116]) = 0
2023-05-17T05:47:27.654508887Z 05:47:27.654274 socketpair(AF_UNIX, SOCK_STREAM, 0, [118, 120]) = 0
2023-05-17T05:47:27.819986653Z broker.info[0]: cleanup.2: flux queue idle --quiet Exited (rc=0) 0.2s
2023-05-17T05:47:27.823402069Z broker.info[0]: cleanup-success: cleanup->shutdown 0.499338s
2023-05-17T05:47:27.976420942Z broker.info[0]: online: flux-sample-[0-1,3] (ranks 0-1,3)
2023-05-17T05:47:27.993630465Z broker.info[0]: children-complete: shutdown->finalize 0.16979s
2023-05-17T05:47:27.995935072Z 05:47:27.995493 socketpair(AF_UNIX, SOCK_STREAM|SOCK_CLOEXEC, 0, [16, 22]) = 0
2023-05-17T05:47:27.997659903Z 05:47:27.997374 socketpair(AF_UNIX, SOCK_STREAM, 0, [23, 24]) = 0
2023-05-17T05:47:27.998231212Z 05:47:27.998000 socketpair(AF_UNIX, SOCK_STREAM, 0, [26, 27]) = 0
2023-05-17T05:47:27.998914641Z 05:47:27.998330 socketpair(AF_UNIX, SOCK_STREAM, 0, [29, 111]) = 0
2023-05-17T05:47:28.025910006Z broker.info[0]: rc3.0: running /etc/flux/rc3.d/01-sched-fluxion
2023-05-17T05:47:28.414414879Z broker.info[0]: rc3.0: /etc/flux/rc3 Exited (rc=0) 0.4s
2023-05-17T05:47:28.415657239Z broker.info[0]: rc3-success: finalize->goodbye 0.421633s
2023-05-17T05:47:28.417307955Z broker.info[0]: goodbye: goodbye->exit 1.87215ms
2023-05-17T05:47:28.426038750Z 05:47:28.425750 +++ exited with 0 +++
