2023-05-17T05:44:02.172210898Z
2023-05-17T05:44:02.172279367Z Flux username: flux
2023-05-17T05:44:02.172286052Z
2023-05-17T05:44:02.172291084Z Flux install root: /usr
2023-05-17T05:44:02.228713897Z flux user is already added.
2023-05-17T05:44:02.232090853Z flux user identifiers:
2023-05-17T05:44:02.232133245Z uid=1234(flux) gid=1234(flux) groups=1234(flux)
2023-05-17T05:44:02.232139165Z
2023-05-17T05:44:02.232145486Z As Flux prefix for flux commands: sudo -u flux -E PYTHONPATH= -E PATH=/usr/local/sbin:/usr/local/bin:/usr/sbin:/usr/bin:/sbin:/bin -E LD_LIBRARY_PATH= -E HOME=/home/flux
2023-05-17T05:44:02.240589128Z
2023-05-17T05:44:02.240630240Z ðŸ‘‹ Hello, I'm flux-sample-0
2023-05-17T05:44:02.240636691Z The main host is flux-sample-0
2023-05-17T05:44:02.240670626Z The working directory is /opt, contents include:
2023-05-17T05:44:02.242540453Z /opt:
2023-05-17T05:44:02.242662172Z End of file listing, if you see nothing above there are no files.
2023-05-17T05:44:02.244998140Z flux R encode --hosts=flux-sample-[0-3]
2023-05-17T05:44:02.273102568Z
2023-05-17T05:44:02.273136675Z ðŸ“¦ Resources
2023-05-17T05:44:02.275140633Z {"version": 1, "execution": {"R_lite": [{"rank": "0-3", "children": {"core": "0"}}], "starttime": 0.0, "expiration": 0.0, "nodelist": ["flux-sample-[0-3]"]}}
2023-05-17T05:44:02.275470239Z
2023-05-17T05:44:02.275488118Z ðŸ¸ Diagnostics: false
2023-05-17T05:44:02.280152778Z
2023-05-17T05:44:02.280180892Z ðŸ¦Š Independent Minister of Privilege
2023-05-17T05:44:02.281563032Z [exec]
2023-05-17T05:44:02.281580140Z allowed-users = [ "flux", "root" ]
2023-05-17T05:44:02.281588211Z allowed-shells = [ "/usr/libexec/flux/flux-shell" ]
2023-05-17T05:44:02.281946834Z
2023-05-17T05:44:02.281991436Z ðŸ¸ Broker Configuration
2023-05-17T05:44:02.283267048Z # Flux needs to know the path to the IMP executable
2023-05-17T05:44:02.283286080Z [exec]
2023-05-17T05:44:02.283292828Z imp = "/usr/libexec/flux/flux-imp"
2023-05-17T05:44:02.283297355Z
2023-05-17T05:44:02.283302351Z [access]
2023-05-17T05:44:02.283336576Z allow-guest-user = true
2023-05-17T05:44:02.283341792Z allow-root-owner = true
2023-05-17T05:44:02.283346095Z
2023-05-17T05:44:02.283350950Z # Point to resource definition generated with flux-R(1).
2023-05-17T05:44:02.283358229Z [resource]
2023-05-17T05:44:02.283364451Z path = "/etc/flux/system/R"
2023-05-17T05:44:02.283369343Z
2023-05-17T05:44:02.283373837Z [bootstrap]
2023-05-17T05:44:02.283378446Z curve_cert = "/etc/curve/curve.cert"
2023-05-17T05:44:02.283383516Z default_port = 8050
2023-05-17T05:44:02.283388330Z default_bind = "tcp://eth0:%p"
2023-05-17T05:44:02.283409113Z default_connect = "tcp://%h.flux-service.flux-operator.svc.cluster.local:%p"
2023-05-17T05:44:02.283414340Z hosts = [
2023-05-17T05:44:02.283418969Z 	{ host="flux-sample-[0-3]"},
2023-05-17T05:44:02.283424372Z ]
2023-05-17T05:44:02.283429508Z
2023-05-17T05:44:02.283434362Z [archive]
2023-05-17T05:44:02.283439915Z dbpath = "/var/lib/flux/job-archive.sqlite"
2023-05-17T05:44:02.283447071Z period = "1m"
2023-05-17T05:44:02.362050764Z busytimeout = "50s"
2023-05-17T05:44:02.362103256Z ðŸ§Šï¸ State Directory:
2023-05-17T05:44:02.362112878Z total 0
2023-05-17T05:44:02.362120230Z
2023-05-17T05:44:02.364947596Z
2023-05-17T05:44:02.365031599Z ðŸ”’ï¸ Working directory permissions:
2023-05-17T05:44:02.365040220Z total 0
2023-05-17T05:44:02.365046960Z
2023-05-17T05:44:02.365079957Z
2023-05-17T05:44:02.365088213Z âœ¨ Curve certificate generated by helper pod
2023-05-17T05:44:02.366609485Z #   ****  Generated on 2023-04-26 22:54:42 by CZMQ  ****
2023-05-17T05:44:02.366650453Z #   ZeroMQ CURVE **Secret** Certificate
2023-05-17T05:44:02.366658465Z #   DO NOT PROVIDE THIS FILE TO OTHER USERS nor change its permissions.
2023-05-17T05:44:02.366664995Z
2023-05-17T05:44:02.366672889Z metadata
2023-05-17T05:44:02.366681225Z     name = "flux-cert-generator"
2023-05-17T05:44:02.366688144Z     keygen.hostname = "flux-sample-0"
2023-05-17T05:44:02.366694846Z curve
2023-05-17T05:44:02.366701245Z     public-key = "/qlv.>Q])nSszn[!NzkjJpIF7E5a+>F/S=[TWIUF"
2023-05-17T05:44:02.366708301Z     secret-key = "X<L0I:wFMUtKoWC6gG<av@zfres:MlcbPAi<PAJ>"
2023-05-17T05:44:02.369359232Z Extra command arguments are: sleep 5
2023-05-17T05:44:02.369527641Z
2023-05-17T05:44:02.369551087Z ðŸŒ€ Submit Mode: flux start --wrap=strace,-e,network,-tt -o --config /etc/flux/config -Scron.directory=/etc/flux/system/cron.d   -Stbon.fanout=256   -Srundir=/run/flux    -Sstatedir=/var/lib/flux   -Slocal-uri=local:///run/flux/local -Stbon.connect_timeout=5s  -Stbon.zmqdebug=1  -Slog-stderr-level=6    -Slog-stderr-mode=local  flux submit  -n 1 --quiet  --watch sleep 5
2023-05-17T05:44:02.409015315Z 05:44:02.408684 socket(AF_NETLINK, SOCK_RAW|SOCK_CLOEXEC, NETLINK_ROUTE) = 16
2023-05-17T05:44:02.409155562Z 05:44:02.408875 bind(16, {sa_family=AF_NETLINK, nl_pid=0, nl_groups=00000000}, 12) = 0
2023-05-17T05:44:02.409233768Z 05:44:02.409063 getsockname(16, {sa_family=AF_NETLINK, nl_pid=71, nl_groups=00000000}, [12]) = 0
2023-05-17T05:44:02.409593820Z 05:44:02.409203 sendto(16, {{len=20, type=RTM_GETLINK, flags=NLM_F_REQUEST|NLM_F_DUMP, seq=1684302242, pid=0}, {ifi_family=AF_UNSPEC, ...}}, 20, 0, {sa_family=AF_NETLINK, nl_pid=0, nl_groups=00000000}, 12) = 20
2023-05-17T05:44:02.410767334Z 05:44:02.410027 recvmsg(16, {msg_name={sa_family=AF_NETLINK, nl_pid=0, nl_groups=00000000}, msg_namelen=12, msg_iov=[{iov_base=[{{len=1336, type=RTM_NEWLINK, flags=NLM_F_MULTI, seq=1684302242, pid=71}, {ifi_family=AF_UNSPEC, ifi_type=ARPHRD_LOOPBACK, ifi_index=if_nametoindex("lo"), ifi_flags=IFF_UP|IFF_LOOPBACK|IFF_RUNNING|IFF_LOWER_UP, ifi_change=0}, [{{nla_len=7, nla_type=IFLA_IFNAME}, "lo"}, {{nla_len=8, nla_type=IFLA_TXQLEN}, 1000}, {{nla_len=5, nla_type=IFLA_OPERSTATE}, 0}, {{nla_len=5, nla_type=IFLA_LINKMODE}, 0}, {{nla_len=8, nla_type=IFLA_MTU}, 65536}, {{nla_len=8, nla_type=IFLA_MIN_MTU}, 0}, {{nla_len=8, nla_type=IFLA_MAX_MTU}, 0}, {{nla_len=8, nla_type=IFLA_GROUP}, 0}, {{nla_len=8, nla_type=IFLA_PROMISCUITY}, 0}, {{nla_len=8, nla_type=IFLA_NUM_TX_QUEUES}, 1}, {{nla_len=8, nla_type=IFLA_GSO_MAX_SEGS}, 65535}, {{nla_len=8, nla_type=IFLA_GSO_MAX_SIZE}, 65536}, {{nla_len=8, nla_type=IFLA_NUM_RX_QUEUES}, 1}, {{nla_len=5, nla_type=IFLA_CARRIER}, 1}, {{nla_len=12, nla_type=IFLA_QDISC}, "noqueue"}, {{nla_len=8, nla_type=IFLA_CARRIER_CHANGES}, 0}, {{nla_len=8, nla_type=IFLA_CARRIER_UP_COUNT}, 0}, {{nla_len=8, nla_type=IFLA_CARRIER_DOWN_COUNT}, 0}, {{nla_len=5, nla_type=IFLA_PROTO_DOWN}, 0}, {{nla_len=36, nla_type=IFLA_MAP}, {mem_start=0, mem_end=0, base_addr=0, irq=0, dma=0, port=0}}, {{nla_len=10, nla_type=IFLA_ADDRESS}, "\x00\x00\x00\x00\x00\x00"}, {{nla_len=10, nla_type=IFLA_BROADCAST}, "\x00\x00\x00\x00\x00\x00"}, {{nla_len=196, nla_type=IFLA_STATS64}, {rx_packets=0, tx_packets=0, rx_bytes=0, tx_bytes=0, rx_errors=0, tx_errors=0, rx_dropped=0, tx_dropped=0, multicast=0, collisions=0, rx_length_errors=0, rx_over_errors=0, rx_crc_errors=0, rx_frame_errors=0, rx_fifo_errors=0, rx_missed_errors=0, tx_aborted_errors=0, tx_carrier_errors=0, tx_fifo_errors=0, tx_heartbeat_errors=0, tx_window_errors=0, rx_compressed=0, tx_compressed=0, rx_nohandler=0}}, {{nla_len=100, nla_type=IFLA_STATS}, {rx_packets=0, tx_packets=0, rx_bytes=0, tx_bytes=0, rx_errors=0, tx_errors=0, rx_dropped=0, tx_dropped=0, multicast=0, collisions=0, rx_length_errors=0, rx_over_errors=0, rx_crc_errors=0, rx_frame_errors=0, rx_fifo_errors=0, rx_missed_errors=0, tx_aborted_errors=0, tx_carrier_errors=0, tx_fifo_errors=0, tx_heartbeat_errors=0, tx_window_errors=0, rx_compressed=0, tx_compressed=0, rx_nohandler=0}}, {{nla_len=12, nla_type=IFLA_XDP}, {{nla_len=5, nla_type=IFLA_XDP_ATTACHED}, XDP_ATTACHED_NONE}}, {{nla_len=780, nla_type=IFLA_AF_SPEC}, [{{nla_len=136, nla_type=AF_INET}, {{nla_len=132, nla_type=IFLA_INET_CONF}, [[IPV4_DEVCONF_FORWARDING-1] = 1, [IPV4_DEVCONF_MC_FORWARDING-1] = 0, [IPV4_DEVCONF_PROXY_ARP-1] = 0, [IPV4_DEVCONF_ACCEPT_REDIRECTS-1] = 0, [IPV4_DEVCONF_SECURE_REDIRECTS-1] = 1, [IPV4_DEVCONF_SEND_REDIRECTS-1] = 0, [IPV4_DEVCONF_SHARED_MEDIA-1] = 1, [IPV4_DEVCONF_RP_FILTER-1] = 1, [IPV4_DEVCONF_ACCEPT_SOURCE_ROUTE-1] = 0, [IPV4_DEVCONF_BOOTP_RELAY-1] = 0, [IPV4_DEVCONF_LOG_MARTIANS-1] = 1, [IPV4_DEVCONF_TAG-1] = 0, [IPV4_DEVCONF_ARPFILTER-1] = 0, [IPV4_DEVCONF_MEDIUM_ID-1] = 0, [IPV4_DEVCONF_NOXFRM-1] = 1, [IPV4_DEVCONF_NOPOLICY-1] = 1, [IPV4_DEVCONF_FORCE_IGMP_VERSION-1] = 0, [IPV4_DEVCONF_ARP_ANNOUNCE-1] = 0, [IPV4_DEVCONF_ARP_IGNORE-1] = 0, [IPV4_DEVCONF_PROMOTE_SECONDARIES-1] = 0, [IPV4_DEVCONF_ARP_ACCEPT-1] = 0, [IPV4_DEVCONF_ARP_NOTIFY-1] = 0, [IPV4_DEVCONF_ACCEPT_LOCAL-1] = 0, [IPV4_DEVCONF_SRC_VMARK-1] = 0, [IPV4_DEVCONF_PROXY_ARP_PVLAN-1] = 0, [IPV4_DEVCONF_ROUTE_LOCALNET-1] = 0, [IPV4_DEVCONF_IGMPV2_UNSOLICITED_REPORT_INTERVAL-1] = 10000, [IPV4_DEVCONF_IGMPV3_UNSOLICITED_REPORT_INTERVAL-1] = 1000, [IPV4_DEVCONF_IGNORE_ROUTES_WITH_LINKDOWN-1] = 0, [IPV4_DEVCONF_DROP_UNICAST_IN_L2_MULTICAST-1] = 0, [IPV4_DEVCONF_DROP_GRATUITOUS_ARP-1] = 0, [IPV4_DEVCONF_BC_FORWARDING-1] = 0]}}, {{nla_len=640, nla_type=AF_INET6}, [{{nla_len=8, nla_type=IFLA_INET6_FLAGS}, 0}, {{nla_len=20, nla_type=IFLA_INET6_CACHEINFO}, {max_reasm_len=65535, tstamp=625359, reachable_time=42496, retrans_time=1000}}, {{nla_len=228, nla_type=IFLA_INET6_CONF}, [[DEVCONF_FORWARDING] = 0, [DEVCONF_HOPLIMIT] = 64, [DEVCONF_MTU6] = 65536, [DEVCONF_ACCEPT_RA] = 1, [DEVCONF_ACCEPT_REDIRECTS] = 1, [DEVCONF_AUTOCONF] = 1, [DEVCONF_DAD_TRANSMITS] = 1, [DEVCONF_RTR_SOLICITS] = -1, [DEVCONF_RTR_SOLICIT_INTERVAL] = 4000, [DEVCONF_RTR_SOLICIT_DELAY] = 1000, [DEVCONF_USE_TEMPADDR] = -1, [DEVCONF_TEMP_VALID_LFT] = 604800, [DEVCONF_TEMP_PREFERED_LFT] = 86400, [DEVCONF_REGEN_MAX_RETRY] = 3, [DEVCONF_MAX_DESYNC_FACTOR] = 600, [DEVCONF_MAX_ADDRESSES] = 16, [DEVCONF_FORCE_MLD_VERSION] = 0, [DEVCONF_ACCEPT_RA_DEFRTR] = 1, [DEVCONF_ACCEPT_RA_PINFO] = 1, [DEVCONF_ACCEPT_RA_RTR_PREF] = 0, [DEVCONF_RTR_PROBE_INTERVAL] = 0, [DEVCONF_ACCEPT_RA_RT_INFO_MAX_PLEN] = 0, [DEVCONF_PROXY_NDP] = 0, [DEVCONF_OPTIMISTIC_DAD] = 0, [DEVCONF_ACCEPT_SOURCE_ROUTE] = 0, [DEVCONF_MC_FORWARDING] = 0, [DEVCONF_DISABLE_IPV6] = 1, [DEVCONF_ACCEPT_DAD] = -1, [DEVCONF_FORCE_TLLAO] = 0, [DEVCONF_NDISC_NOTIFY] = 0, [DEVCONF_MLDV1_UNSOLICITED_REPORT_INTERVAL] = 10000, [DEVCONF_MLDV2_UNSOLICITED_REPORT_INTERVAL] = 1000, ...]}, {{nla_len=300, nla_type=IFLA_INET6_STATS}, [[IPSTATS_MIB_NUM] = 37, [IPSTATS_MIB_INPKTS] = 0, [IPSTATS_MIB_INOCTETS] = 0, [IPSTATS_MIB_INDELIVERS] = 0, [IPSTATS_MIB_OUTFORWDATAGRAMS] = 0, [IPSTATS_MIB_OUTPKTS] = 0, [IPSTATS_MIB_OUTOCTETS] = 0, [IPSTATS_MIB_INHDRERRORS] = 0, [IPSTATS_MIB_INTOOBIGERRORS] = 0, [IPSTATS_MIB_INNOROUTES] = 0, [IPSTATS_MIB_INADDRERRORS] = 0, [IPSTATS_MIB_INUNKNOWNPROTOS] = 0, [IPSTATS_MIB_INTRUNCATEDPKTS] = 0, [IPSTATS_MIB_INDISCARDS] = 0, [IPSTATS_MIB_OUTDISCARDS] = 0, [IPSTATS_MIB_OUTNOROUTES] = 0, [IPSTATS_MIB_REASMTIMEOUT] = 0, [IPSTATS_MIB_REASMREQDS] = 0, [IPSTATS_MIB_REASMOKS] = 0, [IPSTATS_MIB_REASMFAILS] = 0, [IPSTATS_MIB_FRAGOKS] = 0, [IPSTATS_MIB_FRAGFAILS] = 0, [IPSTATS_MIB_FRAGCREATES] = 0, [IPSTATS_MIB_INMCASTPKTS] = 0, [IPSTATS_MIB_OUTMCASTPKTS] = 0, [IPSTATS_MIB_INBCASTPKTS] = 0, [IPSTATS_MIB_OUTBCASTPKTS] = 0, [IPSTATS_MIB_INMCASTOCTETS] = 0, [IPSTATS_MIB_OUTMCASTOCTETS] = 0, [IPSTATS_MIB_INBCASTOCTETS] = 0, [IPSTATS_MIB_OUTBCASTOCTETS] = 0, [IPSTATS_MIB_CSUMERRORS] = 0, ...]}, {{nla_len=52, nla_type=IFLA_INET6_ICMP6STATS}, [[ICMP6_MIB_NUM] = 6, [ICMP6_MIB_INMSGS] = 0, [ICMP6_MIB_INERRORS] = 0, [ICMP6_MIB_OUTMSGS] = 0, [ICMP6_MIB_OUTERRORS] = 0, [ICMP6_MIB_CSUMERRORS] = 0]}, {{nla_len=20, nla_type=IFLA_INET6_TOKEN}, inet_pton(AF_INET6, "::")}, {{nla_len=5, nla_type=IFLA_INET6_ADDR_GEN_MODE}, IN6_ADDR_GEN_MODE_EUI64}]}]}]}, {{len=1372, type=RTM_NEWLINK, flags=NLM_F_MULTI, seq=1684302242, pid=71}, {ifi_family=AF_UNSPEC, ifi_type=ARPHRD_ETHER, ifi_index=if_nametoindex("eth0"), ifi_flags=IFF_UP|IFF_BROADCAST|IFF_RUNNING|IFF_MULTICAST|IFF_LOWER_UP, ifi_change=0}, [{{nla_len=9, nla_type=IFLA_IFNAME}, "eth0"}, {{nla_len=8, nla_type=IFLA_TXQLEN}, 0}, {{nla_len=5, nla_type=IFLA_OPERSTATE}, 6}, {{nla_len=5, nla_type=IFLA_LINKMODE}, 0}, {{nla_len=8, nla_type=IFLA_MTU}, 1460}, {{nla_len=8, nla_type=IFLA_MIN_MTU}, 68}, {{nla_len=8, nla_type=IFLA_MAX_MTU}, 65535}, {{nla_len=8, nla_type=IFLA_GROUP}, 0}, {{nla_len=8, nla_type=IFLA_PROMISCUITY}, 0}, {{nla_len=8, nla_type=IFLA_NUM_TX_QUEUES}, 2}, {{nla_len=8, nla_type=IFLA_GSO_MAX_SEGS}, 65535}, {{nla_len=8, nla_type=IFLA_GSO_MAX_SIZE}, 65536}, {{nla_len=8, nla_type=IFLA_NUM_RX_QUEUES}, 2}, {{nla_len=5, nla_type=IFLA_CARRIER}, 1}, {{nla_len=12, nla_type=IFLA_QDISC}, "noqueue"}, {{nla_len=8, nla_type=IFLA_CARRIER_CHANGES}, 2}, {{nla_len=8, nla_type=IFLA_CARRIER_UP_COUNT}, 1}, {{nla_len=8, nla_type=IFLA_CARRIER_DOWN_COUNT}, 1}, {{nla_len=5, nla_type=IFLA_PROTO_DOWN}, 0}, {{nla_len=36, nla_type=IFLA_MAP}, {mem_start=0, mem_end=0, base_addr=0, irq=0, dma=0, port=0}}, {{nla_len=10, nla_type=IFLA_ADDRESS}, "\x36\x53\xd9\xda\xd2\x8c"}, {{nla_len=10, nla_type=IFLA_BROADCAST}, "\xff\xff\xff\xff\xff\xff"}, {{nla_len=196, nla_type=IFLA_STATS64}, {rx_packets=3, tx_packets=3, rx_bytes=266, tx_bytes=218, rx_errors=0, tx_errors=0, rx_dropped=0, tx_dropped=0, multicast=0, collisions=0, rx_length_errors=0, rx_over_errors=0, rx_crc_errors=0, rx_frame_errors=0, rx_fifo_errors=0, rx_missed_errors=0, tx_aborted_errors=0, tx_carrier_errors=0, tx_fifo_errors=0, tx_heartbeat_errors=0, tx_window_errors=0, rx_compressed=0, tx_compressed=0, rx_nohandler=0}}, {{nla_len=100, nla_type=IFLA_STATS}, {rx_packets=3, tx_packets=3, rx_bytes=266, tx_bytes=218, rx_errors=0, tx_errors=0, rx_dropped=0, tx_dropped=0, multicast=0, collisions=0, rx_length_errors=0, rx_over_errors=0, rx_crc_errors=0, rx_frame_errors=0, rx_fifo_errors=0, rx_missed_errors=0, tx_aborted_errors=0, tx_carrier_errors=0, tx_fifo_errors=0, tx_heartbeat_errors=0, tx_window_errors=0, rx_compressed=0, tx_compressed=0, rx_nohandler=0}}, {{nla_len=12, nla_type=IFLA_XDP}, {{nla_len=5, nla_type=IFLA_XDP_ATTACHED}, XDP_ATTACHED_NONE}}, {{nla_len=16, nla_type=IFLA_LINKINFO}, {{nla_len=9, nla_type=IFLA_INFO_KIND}, "veth"}}, {{nla_len=8, nla_type=IFLA_LINK_NETNSID}, 0}, {{nla_len=8, nla_type=IFLA_LINK}, 64}, {{nla_len=780, nla_type=IFLA_AF_SPEC}, [{{nla_len=136, nla_type=AF_INET}, {{nla_len=132, nla_type=IFLA_INET_CONF}, [[IPV4_DEVCONF_FORWARDING-1] = 1, [IPV4_DEVCONF_MC_FORWARDING-1] = 0, [IPV4_DEVCONF_PROXY_ARP-1] = 0, [IPV4_DEVCONF_ACCEPT_REDIRECTS-1] = 0, [IPV4_DEVCONF_SECURE_REDIRECTS-1] = 1, [IPV4_DEVCONF_SEND_REDIRECTS-1] = 0, [IPV4_DEVCONF_SHARED_MEDIA-1] = 1, [IPV4_DEVCONF_RP_FILTER-1] = 1, [IPV4_DEVCONF_ACCEPT_SOURCE_ROUTE-1] = 0, [IPV4_DEVCONF_BOOTP_RELAY-1] = 0, [IPV4_DEVCONF_LOG_MARTIANS-1] = 1, [IPV4_DEVCONF_TAG-1] = 0, [IPV4_DEVCONF_ARPFILTER-1] = 0, [IPV4_DEVCONF_MEDIUM_ID-1] = 0, [IPV4_DEVCONF_NOXFRM-1] = 0, [IPV4_DEVCONF_NOPOLICY-1] = 0, [IPV4_DEVCONF_FORCE_IGMP_VERSION-1] = 0, [IPV4_DEVCONF_ARP_ANNOUNCE-1] = 0, [IPV4_DEVCONF_ARP_IGNORE-1] = 0, [IPV4_DEVCONF_PROMOTE_SECONDARIES-1] = 0, [IPV4_DEVCONF_ARP_ACCEPT-1] = 0, [IPV4_DEVCONF_ARP_NOTIFY-1] = 0, [IPV4_DEVCONF_ACCEPT_LOCAL-1] = 0, [IPV4_DEVCONF_SRC_VMARK-1] = 0, [IPV4_DEVCONF_PROXY_ARP_PVLAN-1] = 0, [IPV4_DEVCONF_ROUTE_LOCALNET-1] = 0, [IPV4_DEVCONF_IGMPV2_UNSOLICITED_REPORT_INTERVAL-1] = 10000, [IPV4_DEVCONF_IGMPV3_UNSOLICITED_REPORT_INTERVAL-1] = 1000, [IPV4_DEVCONF_IGNORE_ROUTES_WITH_LINKDOWN-1] = 0, [IPV4_DEVCONF_DROP_UNICAST_IN_L2_MULTICAST-1] = 0, [IPV4_DEVCONF_DROP_GRATUITOUS_ARP-1] = 0, [IPV4_DEVCONF_BC_FORWARDING-1] = 0]}}, {{nla_len=640, nla_type=AF_INET6}, [{{nla_len=8, nla_type=IFLA_INET6_FLAGS}, 0}, {{nla_len=20, nla_type=IFLA_INET6_CACHEINFO}, {max_reasm_len=65535, tstamp=625359, reachable_time=33968, retrans_time=1000}}, {{nla_len=228, nla_type=IFLA_INET6_CONF}, [[DEVCONF_FORWARDING] = 0, [DEVCONF_HOPLIMIT] = 64, [DEVCONF_MTU6] = 1460, [DEVCONF_ACCEPT_RA] = 1, [DEVCONF_ACCEPT_REDIRECTS] = 1, [DEVCONF_AUTOCONF] = 1, [DEVCONF_DAD_TRANSMITS] = 1, [DEVCONF_RTR_SOLICITS] = -1, [DEVCONF_RTR_SOLICIT_INTERVAL] = 4000, [DEVCONF_RTR_SOLICIT_DELAY] = 1000, [DEVCONF_USE_TEMPADDR] = 0, [DEVCONF_TEMP_VALID_LFT] = 604800, [DEVCONF_TEMP_PREFERED_LFT] = 86400, [DEVCONF_REGEN_MAX_RETRY] = 3, [DEVCONF_MAX_DESYNC_FACTOR] = 600, [DEVCONF_MAX_ADDRESSES] = 16, [DEVCONF_FORCE_MLD_VERSION] = 0, [DEVCONF_ACCEPT_RA_DEFRTR] = 1, [DEVCONF_ACCEPT_RA_PINFO] = 1, [DEVCONF_ACCEPT_RA_RTR_PREF] = 0, [DEVCONF_RTR_PROBE_INTERVAL] = 0, [DEVCONF_ACCEPT_RA_RT_INFO_MAX_PLEN] = 0, [DEVCONF_PROXY_NDP] = 0, [DEVCONF_OPTIMISTIC_DAD] = 0, [DEVCONF_ACCEPT_SOURCE_ROUTE] = 0, [DEVCONF_MC_FORWARDING] = 0, [DEVCONF_DISABLE_IPV6] = 1, [DEVCONF_ACCEPT_DAD] = 1, [DEVCONF_FORCE_TLLAO] = 0, [DEVCONF_NDISC_NOTIFY] = 0, [DEVCONF_MLDV1_UNSOLICITED_REPORT_INTERVAL] = 10000, [DEVCONF_MLDV2_UNSOLICITED_REPORT_INTERVAL] = 1000, ...]}, {{nla_len=300, nla_type=IFLA_INET6_STATS}, [[IPSTATS_MIB_NUM] = 37, [IPSTATS_MIB_INPKTS] = 3, [IPSTATS_MIB_INOCTETS] = 224, [IPSTATS_MIB_INDELIVERS] = 0, [IPSTATS_MIB_OUTFORWDATAGRAMS] = 0, [IPSTATS_MIB_OUTPKTS] = 2, [IPSTATS_MIB_OUTOCTETS] = 148, [IPSTATS_MIB_INHDRERRORS] = 0, [IPSTATS_MIB_INTOOBIGERRORS] = 0, [IPSTATS_MIB_INNOROUTES] = 0, [IPSTATS_MIB_INADDRERRORS] = 0, [IPSTATS_MIB_INUNKNOWNPROTOS] = 0, [IPSTATS_MIB_INTRUNCATEDPKTS] = 0, [IPSTATS_MIB_INDISCARDS] = 1, [IPSTATS_MIB_OUTDISCARDS] = 0, [IPSTATS_MIB_OUTNOROUTES] = 0, [IPSTATS_MIB_REASMTIMEOUT] = 0, [IPSTATS_MIB_REASMREQDS] = 0, [IPSTATS_MIB_REASMOKS] = 0, [IPSTATS_MIB_REASMFAILS] = 0, [IPSTATS_MIB_FRAGOKS] = 0, [IPSTATS_MIB_FRAGFAILS] = 0, [IPSTATS_MIB_FRAGCREATES] = 0, [IPSTATS_MIB_INMCASTPKTS] = 2, [IPSTATS_MIB_OUTMCASTPKTS] = 2, [IPSTATS_MIB_INBCASTPKTS] = 0, [IPSTATS_MIB_OUTBCASTPKTS] = 0, [IPSTATS_MIB_INMCASTOCTETS] = 152, [IPSTATS_MIB_OUTMCASTOCTETS] = 148, [IPSTATS_MIB_INBCASTOCTETS] = 0, [IPSTATS_MIB_OUTBCASTOCTETS] = 0, [IPSTATS_MIB_CSUMERRORS] = 0, ...]}, {{nla_len=52, nla_type=IFLA_INET6_ICMP6STATS}, [[ICMP6_MIB_NUM] = 6, [ICMP6_MIB_INMSGS] = 0, [ICMP6_MIB_INERRORS] = 0, [ICMP6_MIB_OUTMSGS] = 2, [ICMP6_MIB_OUTERRORS] = 0, [ICMP6_MIB_CSUMERRORS] = 0]}, {{nla_len=20, nla_type=IFLA_INET6_TOKEN}, inet_pton(AF_INET6, "::")}, {{nla_len=5, nla_type=IFLA_INET6_ADDR_GEN_MODE}, IN6_ADDR_GEN_MODE_EUI64}]}]}]}], iov_len=4096}], msg_iovlen=1, msg_controllen=0, msg_flags=0}, 0) = 2708
2023-05-17T05:44:02.411040250Z 05:44:02.410659 recvmsg(16, {msg_name={sa_family=AF_NETLINK, nl_pid=0, nl_groups=00000000}, msg_namelen=12, msg_iov=[{iov_base={{len=20, type=NLMSG_DONE, flags=NLM_F_MULTI, seq=1684302242, pid=71}, 0}, iov_len=4096}], msg_iovlen=1, msg_controllen=0, msg_flags=0}, 0) = 20
2023-05-17T05:44:02.411055406Z 05:44:02.410768 sendto(16, {{len=20, type=RTM_GETADDR, flags=NLM_F_REQUEST|NLM_F_DUMP, seq=1684302243, pid=0}, {ifa_family=AF_UNSPEC, ...}}, 20, 0, {sa_family=AF_NETLINK, nl_pid=0, nl_groups=00000000}, 12) = 20
2023-05-17T05:44:02.411181158Z 05:44:02.410859 recvmsg(16, {msg_name={sa_family=AF_NETLINK, nl_pid=0, nl_groups=00000000}, msg_namelen=12, msg_iov=[{iov_base=[{{len=76, type=RTM_NEWADDR, flags=NLM_F_MULTI, seq=1684302243, pid=71}, {ifa_family=AF_INET, ifa_prefixlen=8, ifa_flags=IFA_F_PERMANENT, ifa_scope=RT_SCOPE_HOST, ifa_index=if_nametoindex("lo")}, [{{nla_len=8, nla_type=IFA_ADDRESS}, inet_addr("127.0.0.1")}, {{nla_len=8, nla_type=IFA_LOCAL}, inet_addr("127.0.0.1")}, {{nla_len=7, nla_type=IFA_LABEL}, "lo"}, {{nla_len=8, nla_type=IFA_FLAGS}, IFA_F_PERMANENT}, {{nla_len=20, nla_type=IFA_CACHEINFO}, {ifa_prefered=4294967295, ifa_valid=4294967295, cstamp=625301, tstamp=625301}}]}, {{len=88, type=RTM_NEWADDR, flags=NLM_F_MULTI, seq=1684302243, pid=71}, {ifa_family=AF_INET, ifa_prefixlen=24, ifa_flags=IFA_F_PERMANENT, ifa_scope=RT_SCOPE_UNIVERSE, ifa_index=if_nametoindex("eth0")}, [{{nla_len=8, nla_type=IFA_ADDRESS}, inet_addr("10.24.2.60")}, {{nla_len=8, nla_type=IFA_LOCAL}, inet_addr("10.24.2.60")}, {{nla_len=8, nla_type=IFA_BROADCAST}, inet_addr("10.24.2.255")}, {{nla_len=9, nla_type=IFA_LABEL}, "eth0"}, {{nla_len=8, nla_type=IFA_FLAGS}, IFA_F_PERMANENT}, {{nla_len=20, nla_type=IFA_CACHEINFO}, {ifa_prefered=4294967295, ifa_valid=4294967295, cstamp=625305, tstamp=625305}}]}], iov_len=4096}], msg_iovlen=1, msg_controllen=0, msg_flags=0}, 0) = 164
2023-05-17T05:44:02.411300956Z 05:44:02.411034 recvmsg(16, {msg_name={sa_family=AF_NETLINK, nl_pid=0, nl_groups=00000000}, msg_namelen=12, msg_iov=[{iov_base={{len=20, type=NLMSG_DONE, flags=NLM_F_MULTI, seq=1684302243, pid=71}, 0}, iov_len=4096}], msg_iovlen=1, msg_controllen=0, msg_flags=0}, 0) = 20
2023-05-17T05:44:02.411311083Z 05:44:02.411181 socket(AF_INET, SOCK_STREAM|SOCK_CLOEXEC, IPPROTO_TCP) = 16
2023-05-17T05:44:02.411398061Z 05:44:02.411249 setsockopt(16, SOL_SOCKET, SO_REUSEADDR, [1], 4) = 0
2023-05-17T05:44:02.411516599Z 05:44:02.411313 bind(16, {sa_family=AF_INET, sin_port=htons(8050), sin_addr=inet_addr("10.24.2.60")}, 16) = 0
2023-05-17T05:44:02.411526088Z 05:44:02.411386 listen(16, 100)         = 0
2023-05-17T05:44:02.411598127Z 05:44:02.411442 getsockname(16, {sa_family=AF_INET, sin_port=htons(8050), sin_addr=inet_addr("10.24.2.60")}, [128->16]) = 0
2023-05-17T05:44:02.411830395Z 05:44:02.411648 getsockname(16, {sa_family=AF_INET, sin_port=htons(8050), sin_addr=inet_addr("10.24.2.60")}, [128->16]) = 0
2023-05-17T05:44:02.415362580Z broker.info[0]: start: none->join 2.75374ms
2023-05-17T05:44:02.415867351Z broker.info[0]: parent-none: join->init 0.473925ms
2023-05-17T05:44:02.416019347Z 05:44:02.415781 socketpair(AF_UNIX, SOCK_STREAM|SOCK_CLOEXEC, 0, [22, 23]) = 0
2023-05-17T05:44:02.416155881Z 05:44:02.415906 socketpair(AF_UNIX, SOCK_STREAM, 0, [24, 25]) = 0
2023-05-17T05:44:02.416270607Z 05:44:02.416118 socketpair(AF_UNIX, SOCK_STREAM, 0, [26, 27]) = 0
2023-05-17T05:44:02.416538597Z 05:44:02.416331 socketpair(AF_UNIX, SOCK_STREAM, 0, [29, 30]) = 0
2023-05-17T05:44:02.636177563Z cron.info[0]: synchronizing cron tasks to event heartbeat.pulse
2023-05-17T05:44:02.656817596Z job-manager.info[0]: restart: 0 jobs
2023-05-17T05:44:02.657735421Z job-manager.info[0]: restart: 0 running jobs
2023-05-17T05:44:02.659143150Z job-manager.info[0]: restart: checkpoint.job-manager not found
2023-05-17T05:44:02.819166423Z broker.info[0]: rc1.0: running /etc/flux/rc1.d/01-sched-fluxion
2023-05-17T05:44:02.845287675Z sched-fluxion-resource.info[0]: version 0.27.0-17-g97e99929
2023-05-17T05:44:02.852405703Z sched-fluxion-resource.warning[0]: create_reader: allowlist unsupported
2023-05-17T05:44:02.855139207Z sched-fluxion-resource.info[0]: populate_resource_db: loaded resources from core's resource.acquire
2023-05-17T05:44:02.866088938Z sched-fluxion-qmanager.info[0]: version 0.27.0-17-g97e99929
2023-05-17T05:44:02.876387994Z broker.info[0]: rc1.0: running /etc/flux/rc1.d/02-cron
2023-05-17T05:44:03.091865256Z broker.info[0]: rc1.0: /etc/flux/rc1 Exited (rc=0) 0.7s
2023-05-17T05:44:03.092612178Z broker.info[0]: rc1-success: init->quorum 0.676637s
2023-05-17T05:44:03.198003456Z broker.info[0]: online: flux-sample-0 (ranks 0)
2023-05-17T05:44:08.855430742Z broker.info[0]: online: flux-sample-[0-3] (ranks 0-3)
2023-05-17T05:44:08.856905624Z broker.info[0]: quorum-full: quorum->run 5.7632s
2023-05-17T05:44:08.856940920Z 05:44:08.855914 socketpair(AF_UNIX, SOCK_STREAM|SOCK_CLOEXEC, 0, [23, 24]) = 0
2023-05-17T05:44:09.011125285Z 05:44:09.010807 socketpair(AF_UNIX, SOCK_STREAM|SOCK_CLOEXEC, 0, [113, 114]) = 0
2023-05-17T05:44:09.012766428Z 05:44:09.012248 socketpair(AF_UNIX, SOCK_STREAM, 0, [115, 116]) = 0
2023-05-17T05:44:09.014354860Z 05:44:09.014019 socketpair(AF_UNIX, SOCK_STREAM, 0, [117, 118]) = 0
2023-05-17T05:44:09.015417469Z 05:44:09.014450 socketpair(AF_UNIX, SOCK_STREAM, 0, [119, 120]) = 0
2023-05-17T05:44:14.789420311Z broker.info[0]: rc2.0: flux submit -n 1 --quiet --watch sleep 5 Exited (rc=0) 5.9s
2023-05-17T05:44:14.792303975Z broker.info[0]: rc2-success: run->cleanup 5.93614s
2023-05-17T05:44:14.794012439Z 05:44:14.792249 socketpair(AF_UNIX, SOCK_STREAM|SOCK_CLOEXEC, 0, [23, 24]) = 0
2023-05-17T05:44:14.795407612Z 05:44:14.795005 socketpair(AF_UNIX, SOCK_STREAM, 0, [26, 27]) = 0
2023-05-17T05:44:14.796944144Z 05:44:14.796702 socketpair(AF_UNIX, SOCK_STREAM, 0, [29, 113]) = 0
2023-05-17T05:44:14.798313360Z 05:44:14.798006 socketpair(AF_UNIX, SOCK_STREAM, 0, [114, 115]) = 0
2023-05-17T05:44:15.027436300Z broker.info[0]: cleanup.0: flux queue stop --quiet --all --nocheckpoint Exited (rc=0) 0.2s
2023-05-17T05:44:15.028893119Z 05:44:15.027385 socketpair(AF_UNIX, SOCK_STREAM|SOCK_CLOEXEC, 0, [27, 113]) = 0
2023-05-17T05:44:15.030166284Z 05:44:15.028865 socketpair(AF_UNIX, SOCK_STREAM, 0, [115, 116]) = 0
2023-05-17T05:44:15.031735675Z 05:44:15.031480 socketpair(AF_UNIX, SOCK_STREAM, 0, [117, 118]) = 0
2023-05-17T05:44:15.033249247Z 05:44:15.032998 socketpair(AF_UNIX, SOCK_STREAM, 0, [119, 120]) = 0
2023-05-17T05:44:15.268237422Z broker.info[0]: cleanup.1: flux cancel --user=all --quiet --states RUN Exited (rc=0) 0.2s
2023-05-17T05:44:15.270372269Z 05:44:15.269901 socketpair(AF_UNIX, SOCK_STREAM|SOCK_CLOEXEC, 0, [23, 24]) = 0
2023-05-17T05:44:15.271737374Z 05:44:15.271147 socketpair(AF_UNIX, SOCK_STREAM, 0, [26, 29]) = 0
2023-05-17T05:44:15.273348381Z 05:44:15.272988 socketpair(AF_UNIX, SOCK_STREAM, 0, [114, 116]) = 0
2023-05-17T05:44:15.274812181Z 05:44:15.274438 socketpair(AF_UNIX, SOCK_STREAM, 0, [118, 120]) = 0
2023-05-17T05:44:15.488150811Z broker.info[0]: cleanup.2: flux queue idle --quiet Exited (rc=0) 0.2s
2023-05-17T05:44:15.491675147Z broker.info[0]: cleanup-success: cleanup->shutdown 0.699274s
2023-05-17T05:44:15.638830850Z broker.info[0]: online: flux-sample-[0-1,3] (ranks 0-1,3)
2023-05-17T05:44:15.654354292Z broker.info[0]: children-complete: shutdown->finalize 0.161959s
2023-05-17T05:44:15.654412150Z 05:44:15.653766 socketpair(AF_UNIX, SOCK_STREAM|SOCK_CLOEXEC, 0, [22, 23]) = 0
2023-05-17T05:44:15.654424027Z 05:44:15.653916 socketpair(AF_UNIX, SOCK_STREAM, 0, [24, 26]) = 0
2023-05-17T05:44:15.654440977Z 05:44:15.654090 socketpair(AF_UNIX, SOCK_STREAM, 0, [16, 27]) = 0
2023-05-17T05:44:15.655400759Z 05:44:15.654514 socketpair(AF_UNIX, SOCK_STREAM, 0, [29, 56]) = 0
2023-05-17T05:44:15.696726819Z broker.info[0]: rc3.0: running /etc/flux/rc3.d/01-sched-fluxion
2023-05-17T05:44:16.088659711Z broker.info[0]: rc3.0: /etc/flux/rc3 Exited (rc=0) 0.4s
2023-05-17T05:44:16.090274447Z broker.info[0]: rc3-success: finalize->goodbye 0.435233s
2023-05-17T05:44:16.091663952Z broker.info[0]: goodbye: goodbye->exit 2.35728ms
2023-05-17T05:44:16.100930520Z 05:44:16.100696 +++ exited with 0 +++
