2023-05-17T05:47:33.968842539Z
2023-05-17T05:47:33.968913337Z Flux username: flux
2023-05-17T05:47:33.968999457Z
2023-05-17T05:47:33.969008836Z Flux install root: /usr
2023-05-17T05:47:34.016724419Z flux user is already added.
2023-05-17T05:47:34.019691212Z flux user identifiers:
2023-05-17T05:47:34.019718153Z uid=1234(flux) gid=1234(flux) groups=1234(flux)
2023-05-17T05:47:34.019724219Z
2023-05-17T05:47:34.019732128Z As Flux prefix for flux commands: sudo -u flux -E PYTHONPATH= -E PATH=/usr/local/sbin:/usr/local/bin:/usr/sbin:/usr/bin:/sbin:/bin -E LD_LIBRARY_PATH= -E HOME=/home/flux
2023-05-17T05:47:34.027675478Z
2023-05-17T05:47:34.027703334Z 👋 Hello, I'm flux-sample-3
2023-05-17T05:47:34.027828646Z The main host is flux-sample-0
2023-05-17T05:47:34.028016581Z The working directory is /opt, contents include:
2023-05-17T05:47:34.029641841Z /opt:
2023-05-17T05:47:34.030050204Z End of file listing, if you see nothing above there are no files.
2023-05-17T05:47:34.032273495Z flux R encode --hosts=flux-sample-[0-3]
2023-05-17T05:47:34.064245352Z
2023-05-17T05:47:34.064277067Z 📦 Resources
2023-05-17T05:47:34.064283760Z {"version": 1, "execution": {"R_lite": [{"rank": "0-3", "children": {"core": "0"}}], "starttime": 0.0, "expiration": 0.0, "nodelist": ["flux-sample-[0-3]"]}}
2023-05-17T05:47:34.069762944Z
2023-05-17T05:47:34.069788791Z 🐸 Diagnostics: false
2023-05-17T05:47:34.074082672Z
2023-05-17T05:47:34.074124529Z 🦊 Independent Minister of Privilege
2023-05-17T05:47:34.074130632Z [exec]
2023-05-17T05:47:34.074135816Z allowed-users = [ "flux", "root" ]
2023-05-17T05:47:34.074141940Z allowed-shells = [ "/usr/libexec/flux/flux-shell" ]
2023-05-17T05:47:34.076075789Z
2023-05-17T05:47:34.076096843Z 🐸 Broker Configuration
2023-05-17T05:47:34.076103950Z # Flux needs to know the path to the IMP executable
2023-05-17T05:47:34.076111704Z [exec]
2023-05-17T05:47:34.076118487Z imp = "/usr/libexec/flux/flux-imp"
2023-05-17T05:47:34.076123307Z
2023-05-17T05:47:34.076128276Z [access]
2023-05-17T05:47:34.076133782Z allow-guest-user = true
2023-05-17T05:47:34.076138572Z allow-root-owner = true
2023-05-17T05:47:34.076143031Z
2023-05-17T05:47:34.076147975Z # Point to resource definition generated with flux-R(1).
2023-05-17T05:47:34.076154831Z [resource]
2023-05-17T05:47:34.076161578Z path = "/etc/flux/system/R"
2023-05-17T05:47:34.076166460Z
2023-05-17T05:47:34.076171387Z [bootstrap]
2023-05-17T05:47:34.076176350Z curve_cert = "/etc/curve/curve.cert"
2023-05-17T05:47:34.076181389Z default_port = 8050
2023-05-17T05:47:34.076186366Z default_bind = "tcp://eth0:%p"
2023-05-17T05:47:34.076191537Z default_connect = "tcp://%h.flux-service.flux-operator.svc.cluster.local:%p"
2023-05-17T05:47:34.076198182Z hosts = [
2023-05-17T05:47:34.076204697Z 	{ host="flux-sample-[0-3]"},
2023-05-17T05:47:34.076210001Z ]
2023-05-17T05:47:34.076214650Z
2023-05-17T05:47:34.076219929Z [archive]
2023-05-17T05:47:34.076224810Z dbpath = "/var/lib/flux/job-archive.sqlite"
2023-05-17T05:47:34.076230019Z period = "1m"
2023-05-17T05:47:34.143847567Z busytimeout = "50s"
2023-05-17T05:47:34.144016020Z 🧊️ State Directory:
2023-05-17T05:47:34.144027685Z total 0
2023-05-17T05:47:34.144033091Z
2023-05-17T05:47:34.147105623Z
2023-05-17T05:47:34.147258333Z 🔒️ Working directory permissions:
2023-05-17T05:47:34.147777567Z total 0
2023-05-17T05:47:34.147952455Z
2023-05-17T05:47:34.148173362Z
2023-05-17T05:47:34.148289778Z ✨ Curve certificate generated by helper pod
2023-05-17T05:47:34.150255573Z #   ****  Generated on 2023-04-26 22:54:42 by CZMQ  ****
2023-05-17T05:47:34.150288649Z #   ZeroMQ CURVE **Secret** Certificate
2023-05-17T05:47:34.150299743Z #   DO NOT PROVIDE THIS FILE TO OTHER USERS nor change its permissions.
2023-05-17T05:47:34.150339321Z
2023-05-17T05:47:34.150347133Z metadata
2023-05-17T05:47:34.150355210Z     name = "flux-cert-generator"
2023-05-17T05:47:34.150360974Z     keygen.hostname = "flux-sample-0"
2023-05-17T05:47:34.150365662Z curve
2023-05-17T05:47:34.150370733Z     public-key = "@g+&UuVeXol5*0Z+9NE]VOA27w75xX}-<0Mk*=Ml"
2023-05-17T05:47:34.150375647Z     secret-key = "HFy^:-J0vxtT2d=qMmLcPLDw20x3w.uo1i4?9Sve"
2023-05-17T05:47:34.153129132Z
2023-05-17T05:47:34.153153533Z 🌀  flux start --wrap=strace,-e,network,-tt -o --config /etc/flux/config -Scron.directory=/etc/flux/system/cron.d   -Stbon.fanout=256   -Srundir=/run/flux    -Sstatedir=/var/lib/flux   -Slocal-uri=local:///run/flux/local -Stbon.connect_timeout=5s  -Stbon.zmqdebug=1  -Slog-stderr-level=6    -Slog-stderr-mode=local
2023-05-17T05:47:34.187947257Z 05:47:34.187471 socket(AF_NETLINK, SOCK_RAW|SOCK_CLOEXEC, NETLINK_ROUTE) = 8
2023-05-17T05:47:34.187973825Z 05:47:34.187619 bind(8, {sa_family=AF_NETLINK, nl_pid=0, nl_groups=00000000}, 12) = 0
2023-05-17T05:47:34.187980470Z 05:47:34.187757 getsockname(8, {sa_family=AF_NETLINK, nl_pid=72, nl_groups=00000000}, [12]) = 0
2023-05-17T05:47:34.188310937Z 05:47:34.187835 sendto(8, {{len=20, type=RTM_GETADDR, flags=NLM_F_REQUEST|NLM_F_DUMP, seq=1684302454, pid=0}, {ifa_family=AF_UNSPEC, ...}}, 20, 0, {sa_family=AF_NETLINK, nl_pid=0, nl_groups=00000000}, 12) = 20
2023-05-17T05:47:34.188624205Z 05:47:34.188190 recvmsg(8, {msg_name={sa_family=AF_NETLINK, nl_pid=0, nl_groups=00000000}, msg_namelen=12, msg_iov=[{iov_base=[{{len=76, type=RTM_NEWADDR, flags=NLM_F_MULTI, seq=1684302454, pid=72}, {ifa_family=AF_INET, ifa_prefixlen=8, ifa_flags=IFA_F_PERMANENT, ifa_scope=RT_SCOPE_HOST, ifa_index=if_nametoindex("lo")}, [{{nla_len=8, nla_type=IFA_ADDRESS}, inet_addr("127.0.0.1")}, {{nla_len=8, nla_type=IFA_LOCAL}, inet_addr("127.0.0.1")}, {{nla_len=7, nla_type=IFA_LABEL}, "lo"}, {{nla_len=8, nla_type=IFA_FLAGS}, IFA_F_PERMANENT}, {{nla_len=20, nla_type=IFA_CACHEINFO}, {ifa_prefered=4294967295, ifa_valid=4294967295, cstamp=646517, tstamp=646517}}]}, {{len=88, type=RTM_NEWADDR, flags=NLM_F_MULTI, seq=1684302454, pid=72}, {ifa_family=AF_INET, ifa_prefixlen=24, ifa_flags=IFA_F_PERMANENT, ifa_scope=RT_SCOPE_UNIVERSE, ifa_index=if_nametoindex("eth0")}, [{{nla_len=8, nla_type=IFA_ADDRESS}, inet_addr("10.24.1.67")}, {{nla_len=8, nla_type=IFA_LOCAL}, inet_addr("10.24.1.67")}, {{nla_len=8, nla_type=IFA_BROADCAST}, inet_addr("10.24.1.255")}, {{nla_len=9, nla_type=IFA_LABEL}, "eth0"}, {{nla_len=8, nla_type=IFA_FLAGS}, IFA_F_PERMANENT}, {{nla_len=20, nla_type=IFA_CACHEINFO}, {ifa_prefered=4294967295, ifa_valid=4294967295, cstamp=646521, tstamp=646521}}]}], iov_len=4096}], msg_iovlen=1, msg_controllen=0, msg_flags=0}, 0) = 164
2023-05-17T05:47:34.188800962Z 05:47:34.188492 recvmsg(8, {msg_name={sa_family=AF_NETLINK, nl_pid=0, nl_groups=00000000}, msg_namelen=12, msg_iov=[{iov_base={{len=20, type=NLMSG_DONE, flags=NLM_F_MULTI, seq=1684302454, pid=72}, 0}, iov_len=4096}], msg_iovlen=1, msg_controllen=0, msg_flags=0}, 0) = 20
2023-05-17T05:47:34.189444750Z 05:47:34.189252 socket(AF_UNIX, SOCK_STREAM|SOCK_CLOEXEC|SOCK_NONBLOCK, 0) = 8
2023-05-17T05:47:34.189552074Z 05:47:34.189335 connect(8, {sa_family=AF_UNIX, sun_path="/var/run/nscd/socket"}, 110) = -1 ENOENT (No such file or directory)
2023-05-17T05:47:34.189690409Z 05:47:34.189543 socket(AF_UNIX, SOCK_STREAM|SOCK_CLOEXEC|SOCK_NONBLOCK, 0) = 8
2023-05-17T05:47:34.189833990Z 05:47:34.189640 connect(8, {sa_family=AF_UNIX, sun_path="/var/run/nscd/socket"}, 110) = -1 ENOENT (No such file or directory)
2023-05-17T05:47:34.190842522Z 05:47:34.190527 socket(AF_INET, SOCK_DGRAM|SOCK_CLOEXEC|SOCK_NONBLOCK, IPPROTO_IP) = 8
2023-05-17T05:47:34.190925374Z 05:47:34.190605 setsockopt(8, SOL_IP, IP_RECVERR, [1], 4) = 0
2023-05-17T05:47:34.190945548Z 05:47:34.190678 connect(8, {sa_family=AF_INET, sin_port=htons(53), sin_addr=inet_addr("10.28.0.10")}, 16) = 0
2023-05-17T05:47:34.191360171Z 05:47:34.190838 sendto(8, "\n\0\1\0\0\1\0\0\0\0\0\0\rflux-sample-0\fflux-"..., 76, MSG_NOSIGNAL, NULL, 0) = 76
2023-05-17T05:47:34.192014673Z 05:47:34.191808 recvfrom(8, "\n\0\201\200\0\1\0\1\0\0\0\0\rflux-sample-0\fflux-"..., 1024, 0, {sa_family=AF_INET, sin_port=htons(53), sin_addr=inet_addr("10.28.0.10")}, [28->16]) = 92
2023-05-17T05:47:34.196215875Z broker.info[3]: start: none->join 1.85637ms
2023-05-17T05:47:44.568535973Z broker.info[3]: parent-ready: join->init 10.3719s
2023-05-17T05:47:44.568933665Z 05:47:44.568661 socketpair(AF_UNIX, SOCK_STREAM|SOCK_CLOEXEC, 0, [22, 23]) = 0
2023-05-17T05:47:44.569352100Z 05:47:44.569020 socketpair(AF_UNIX, SOCK_STREAM, 0, [24, 25]) = 0
2023-05-17T05:47:44.569925633Z 05:47:44.569557 socketpair(AF_UNIX, SOCK_STREAM, 0, [26, 27]) = 0
2023-05-17T05:47:44.570405855Z 05:47:44.570104 socketpair(AF_UNIX, SOCK_STREAM, 0, [28, 29]) = 0
2023-05-17T05:47:44.596466108Z broker.info[3]: configuration updated
2023-05-17T05:47:44.708966569Z broker.info[3]: rc1.0: running /etc/flux/rc1.d/01-sched-fluxion
2023-05-17T05:47:44.719066084Z broker.info[3]: rc1.0: running /etc/flux/rc1.d/02-cron
2023-05-17T05:47:44.739110836Z broker.info[3]: rc1.0: /etc/flux/rc1 Exited (rc=0) 0.2s
2023-05-17T05:47:44.739958693Z broker.info[3]: rc1-success: init->quorum 0.171082s
2023-05-17T05:47:46.190977118Z broker.info[3]: quorum-full: quorum->run 1.44696s
2023-05-17T05:47:46.770925437Z 05:47:46.770361 socketpair(AF_UNIX, SOCK_STREAM|SOCK_CLOEXEC, 0, [22, 23]) = 0
2023-05-17T05:47:46.770989960Z 05:47:46.770551 socketpair(AF_UNIX, SOCK_STREAM, 0, [24, 25]) = 0
2023-05-17T05:47:46.771012700Z 05:47:46.770758 socketpair(AF_UNIX, SOCK_STREAM, 0, [26, 28]) = 0
2023-05-17T05:47:46.771118298Z 05:47:46.770952 socketpair(AF_UNIX, SOCK_STREAM, 0, [58, 59]) = 0
2023-05-17T05:47:52.585044350Z broker.info[3]: shutdown: run->cleanup 6.39753s
2023-05-17T05:47:52.586791504Z broker.info[3]: cleanup-none: cleanup->shutdown 1.35931ms
2023-05-17T05:47:52.588313718Z broker.info[3]: children-none: shutdown->finalize 1.20406ms
2023-05-17T05:47:52.588834736Z 05:47:52.588562 socketpair(AF_UNIX, SOCK_STREAM|SOCK_CLOEXEC, 0, [22, 23]) = 0
2023-05-17T05:47:52.589213777Z 05:47:52.588889 socketpair(AF_UNIX, SOCK_STREAM, 0, [24, 25]) = 0
2023-05-17T05:47:52.589757323Z 05:47:52.589354 socketpair(AF_UNIX, SOCK_STREAM, 0, [26, 28]) = 0
2023-05-17T05:47:52.590118440Z 05:47:52.589795 socketpair(AF_UNIX, SOCK_STREAM, 0, [58, 59]) = 0
2023-05-17T05:47:52.613356668Z broker.info[3]: rc3.0: running /etc/flux/rc3.d/01-sched-fluxion
2023-05-17T05:47:52.731147759Z broker.info[3]: rc3.0: /etc/flux/rc3 Exited (rc=0) 0.1s
2023-05-17T05:47:52.732302254Z broker.info[3]: rc3-success: finalize->goodbye 0.143559s
2023-05-17T05:47:52.733891564Z broker.info[3]: goodbye: goodbye->exit 1.00486ms
2023-05-17T05:47:52.742025506Z 05:47:52.741842 +++ exited with 0 +++
2023-05-17T05:47:52.743441207Z Return value for follower worker is 0
2023-05-17T05:47:52.743585328Z The follower worker exited cleanly. Goodbye!
